2021-01-02 18:54:13,398 -  	 	 ==============<<< encoder load from >>>============== 	 	 

2021-01-02 18:54:13,399 -  	/data/users/wergillius/UTR_VAE/pth/RL_regressor_MTL/test_run/RL_test-model_best.pth

2021-01-02 18:54:13,449 -  	 	 ==============<<< encoder load from >>>============== 	 	 

2021-01-02 18:54:13,449 -  	/data/users/wergillius/UTR_VAE/pth/Reconstruction_MTL/test_run/kld1e_5-model_best.pth

2021-01-02 18:54:13,476 -  	 	 ==============<<< encoder load from >>>============== 	 	 

2021-01-02 18:54:13,476 -  	/data/users/wergillius/UTR_VAE/pth/Motif_detection_MTL/test_run/eight_motif_test-model_best.pth

2021-01-02 18:54:13,480 - 
===============================|    epoch 0   |===============================

2021-01-02 18:54:15,626 -     0 /  7000 (0.0%): 	 Avg_ACC: 0.2187500 	 lr: 0.000100000	 RL_loss:0.537083030	 Recons_loss:0.199077621	 Motif_loss:0.416794389	 Total:0.334790170	 RL_Acc:0.218750000	 Recons_Acc:99.062500000	 Motif_Acc:0.980468750
2021-01-02 18:58:22,611 -  1400 /  7000 (20.0%): 	 Avg_ACC: 0.5000000 	 lr: 0.000100000	 RL_loss:0.355724245	 Recons_loss:0.149674863	 Motif_loss:0.031629059	 Total:0.108438171	 RL_Acc:0.500000000	 Recons_Acc:99.000000000	 Motif_Acc:1.000000000
2021-01-02 19:02:36,235 -  2800 /  7000 (40.0%): 	 Avg_ACC: 0.3437500 	 lr: 0.000100000	 RL_loss:0.670984864	 Recons_loss:0.126088426	 Motif_loss:0.082826547	 Total:0.138006732	 RL_Acc:0.343750000	 Recons_Acc:95.156250000	 Motif_Acc:0.996093750
2021-01-02 19:07:08,271 -  4200 /  7000 (60.0%): 	 Avg_ACC: 0.4062500 	 lr: 0.000100000	 RL_loss:0.396493852	 Recons_loss:0.131569564	 Motif_loss:0.145506546	 Total:0.158362746	 RL_Acc:0.406250000	 Recons_Acc:89.062500000	 Motif_Acc:0.996093750
2021-01-02 19:11:24,999 -  5600 /  7000 (80.0%): 	 Avg_ACC: 0.3750000 	 lr: 0.000100000	 RL_loss:0.721863985	 Recons_loss:0.129369289	 Motif_loss:0.066818565	 Total:0.134187132	 RL_Acc:0.375000000	 Recons_Acc:88.250000000	 Motif_Acc:1.000000000
2021-01-02 19:21:15,042 - 
===============================| start validation |===============================

2021-01-02 19:21:15,043 - 	 Avg_ACC: 0.3770357 	  RL_loss:0.5157858 	  Recons_loss:0.1282962 	  Motif_loss:0.1526833 	  Total:0.1662791 	  RL_Acc:0.3772513 	  Recons_Acc:88.9817932 	  Motif_Acc:0.9954505
2021-01-02 19:21:15,044 -    ini file updated    
2021-01-02 19:21:15,055 - Snapshot saved to /data/users/wergillius/UTR_VAE/pth/CrossStitch_Model_MTL/RL_Reconst_8Motif/kld_w1e_5_lr-model_best.pth

2021-01-02 19:21:15,056 -    ini file updated    
2021-01-02 19:21:15,057 - 
===============================|    epoch 1   |===============================

2021-01-02 19:21:17,209 -     0 /  7000 (0.0%): 	 Avg_ACC: 0.4375000 	 lr: 0.000100000	 RL_loss:0.370976388	 Recons_loss:0.128861666	 Motif_loss:0.073894091	 Total:0.119926699	 RL_Acc:0.437500000	 Recons_Acc:89.093750000	 Motif_Acc:0.992187500
2021-01-02 19:25:43,962 -  1400 /  7000 (20.0%): 	 Avg_ACC: 0.3437500 	 lr: 0.000100000	 RL_loss:0.499968141	 Recons_loss:0.127072245	 Motif_loss:0.063235536	 Total:0.120152295	 RL_Acc:0.343750000	 Recons_Acc:88.937500000	 Motif_Acc:1.000000000
2021-01-02 19:30:15,099 -  2800 /  7000 (40.0%): 	 Avg_ACC: 0.3750000 	 lr: 0.000100000	 RL_loss:0.528454721	 Recons_loss:0.124066487	 Motif_loss:0.158395156	 Total:0.167653561	 RL_Acc:0.375000000	 Recons_Acc:89.781250000	 Motif_Acc:0.992187500
2021-01-02 19:34:39,259 -  4200 /  7000 (60.0%): 	 Avg_ACC: 0.2812500 	 lr: 0.000100000	 RL_loss:0.403547943	 Recons_loss:0.124771580	 Motif_loss:0.048166249	 Total:0.106646314	 RL_Acc:0.281250000	 Recons_Acc:89.125000000	 Motif_Acc:1.000000000
2021-01-02 19:38:59,096 -  5600 /  7000 (80.0%): 	 Avg_ACC: 0.4687500 	 lr: 0.000100000	 RL_loss:0.378616542	 Recons_loss:0.128312632	 Motif_loss:0.051908165	 Total:0.109041229	 RL_Acc:0.468750000	 Recons_Acc:88.562500000	 Motif_Acc:1.000000000
2021-01-02 19:43:07,230 - 
===============================|    epoch 2   |===============================

2021-01-02 19:43:09,352 -     0 /  7000 (0.0%): 	 Avg_ACC: 0.4062500 	 lr: 0.000100000	 RL_loss:0.710203230	 Recons_loss:0.122726120	 Motif_loss:0.204617932	 Total:0.199182183	 RL_Acc:0.406250000	 Recons_Acc:89.187500000	 Motif_Acc:0.996093750
2021-01-02 19:47:25,597 -  1400 /  7000 (20.0%): 	 Avg_ACC: 0.2812500 	 lr: 0.000100000	 RL_loss:0.325211346	 Recons_loss:0.128271461	 Motif_loss:0.165354982	 Total:0.163073793	 RL_Acc:0.281250000	 Recons_Acc:88.250000000	 Motif_Acc:0.988281250
2021-01-02 19:51:30,351 -  2800 /  7000 (40.0%): 	 Avg_ACC: 0.3750000 	 lr: 0.000100000	 RL_loss:0.387512058	 Recons_loss:0.127668008	 Motif_loss:0.111760885	 Total:0.139090061	 RL_Acc:0.375000000	 Recons_Acc:89.437500000	 Motif_Acc:1.000000000
2021-01-02 19:55:44,021 -  4200 /  7000 (60.0%): 	 Avg_ACC: 0.2187500 	 lr: 0.000100000	 RL_loss:1.359376669	 Recons_loss:0.128755361	 Motif_loss:0.081054486	 Total:0.172873765	 RL_Acc:0.218750000	 Recons_Acc:87.843750000	 Motif_Acc:1.000000000
2021-01-02 19:59:46,914 -  5600 /  7000 (80.0%): 	 Avg_ACC: 0.4062500 	 lr: 0.000100000	 RL_loss:0.406714112	 Recons_loss:0.127189428	 Motif_loss:0.090887949	 Total:0.129374385	 RL_Acc:0.406250000	 Recons_Acc:89.375000000	 Motif_Acc:1.000000000
2021-01-02 20:03:29,616 - 
===============================|    epoch 3   |===============================

2021-01-02 20:03:31,858 -     0 /  7000 (0.0%): 	 Avg_ACC: 0.4062500 	 lr: 0.000100000	 RL_loss:0.465907037	 Recons_loss:0.131311595	 Motif_loss:0.044272758	 Total:0.111087531	 RL_Acc:0.406250000	 Recons_Acc:88.031250000	 Motif_Acc:1.000000000
2021-01-02 20:07:31,949 -  1400 /  7000 (20.0%): 	 Avg_ACC: 0.2500000 	 lr: 0.000100000	 RL_loss:1.038435459	 Recons_loss:0.126104236	 Motif_loss:0.456306219	 Total:0.343127012	 RL_Acc:0.250000000	 Recons_Acc:88.656250000	 Motif_Acc:0.988281250
2021-01-02 20:11:54,044 -  2800 /  7000 (40.0%): 	 Avg_ACC: 0.3125000 	 lr: 0.000100000	 RL_loss:0.452892840	 Recons_loss:0.127076268	 Motif_loss:0.185409546	 Total:0.178887546	 RL_Acc:0.312500000	 Recons_Acc:89.187500000	 Motif_Acc:0.996093750
2021-01-02 20:16:26,713 -  4200 /  7000 (60.0%): 	 Avg_ACC: 0.4375000 	 lr: 0.000100000	 RL_loss:0.257816821	 Recons_loss:0.126435116	 Motif_loss:0.088935986	 Total:0.120576397	 RL_Acc:0.437500000	 Recons_Acc:88.562500000	 Motif_Acc:0.996093750
2021-01-02 20:20:50,704 -  5600 /  7000 (80.0%): 	 Avg_ACC: 0.3750000 	 lr: 0.000100000	 RL_loss:0.533816457	 Recons_loss:0.126785368	 Motif_loss:0.084123507	 Total:0.132145256	 RL_Acc:0.375000000	 Recons_Acc:89.718750000	 Motif_Acc:0.996093750
2021-01-02 20:25:10,086 - 
===============================|    epoch 4   |===============================

2021-01-02 20:25:12,616 -     0 /  7000 (0.0%): 	 Avg_ACC: 0.3750000 	 lr: 0.000100000	 RL_loss:0.818395972	 Recons_loss:0.127016157	 Motif_loss:0.025559792	 Total:0.117207773	 RL_Acc:0.375000000	 Recons_Acc:89.625000000	 Motif_Acc:1.000000000
2021-01-02 20:29:31,450 -  1400 /  7000 (20.0%): 	 Avg_ACC: 0.3125000 	 lr: 0.000100000	 RL_loss:0.421663016	 Recons_loss:0.127321780	 Motif_loss:0.168903887	 Total:0.169195980	 RL_Acc:0.312500000	 Recons_Acc:88.593750000	 Motif_Acc:0.992187500
2021-01-02 20:33:43,520 -  2800 /  7000 (40.0%): 	 Avg_ACC: 0.4375000 	 lr: 0.000100000	 RL_loss:0.325211167	 Recons_loss:0.125320584	 Motif_loss:0.072470568	 Total:0.115156136	 RL_Acc:0.437500000	 Recons_Acc:88.906250000	 Motif_Acc:1.000000000
2021-01-02 20:38:00,379 -  4200 /  7000 (60.0%): 	 Avg_ACC: 0.2500000 	 lr: 0.000100000	 RL_loss:1.207991362	 Recons_loss:0.126020417	 Motif_loss:0.088683121	 Total:0.167751342	 RL_Acc:0.250000000	 Recons_Acc:88.656250000	 Motif_Acc:1.000000000
2021-01-02 20:42:18,787 -  5600 /  7000 (80.0%): 	 Avg_ACC: 0.3125000 	 lr: 0.000100000	 RL_loss:0.432546258	 Recons_loss:0.125149950	 Motif_loss:0.218715653	 Total:0.193560123	 RL_Acc:0.312500000	 Recons_Acc:88.906250000	 Motif_Acc:0.992187500
2021-01-02 20:46:40,458 - 
===============================|    epoch 5   |===============================

2021-01-02 20:46:42,985 -     0 /  7000 (0.0%): 	 Avg_ACC: 0.3750000 	 lr: 0.000100000	 RL_loss:0.375262976	 Recons_loss:0.123900548	 Motif_loss:0.192144260	 Total:0.176785558	 RL_Acc:0.375000000	 Recons_Acc:89.156250000	 Motif_Acc:0.988281250
2021-01-02 20:50:54,811 -  1400 /  7000 (20.0%): 	 Avg_ACC: 0.3125000 	 lr: 0.000100000	 RL_loss:1.454010963	 Recons_loss:0.130014777	 Motif_loss:0.177164569	 Total:0.226290226	 RL_Acc:0.312500000	 Recons_Acc:88.062500000	 Motif_Acc:0.996093750
2021-01-02 20:55:14,250 -  2800 /  7000 (40.0%): 	 Avg_ACC: 0.2500000 	 lr: 0.000100000	 RL_loss:0.285405666	 Recons_loss:0.131061062	 Motif_loss:0.182314351	 Total:0.170957983	 RL_Acc:0.250000000	 Recons_Acc:88.656250000	 Motif_Acc:0.992187500
2021-01-02 20:59:34,561 -  4200 /  7000 (60.0%): 	 Avg_ACC: 0.3750000 	 lr: 0.000100000	 RL_loss:0.508385658	 Recons_loss:0.127812192	 Motif_loss:0.038933177	 Total:0.108791970	 RL_Acc:0.375000000	 Recons_Acc:89.250000000	 Motif_Acc:1.000000000
2021-01-02 21:03:54,259 -  5600 /  7000 (80.0%): 	 Avg_ACC: 0.4062500 	 lr: 0.000100000	 RL_loss:0.482250571	 Recons_loss:0.128386438	 Motif_loss:0.244664758	 Total:0.210638121	 RL_Acc:0.406250000	 Recons_Acc:87.656250000	 Motif_Acc:0.984375000
2021-01-02 21:08:10,973 - 
===============================|    epoch 6   |===============================

2021-01-02 21:08:13,994 -     0 /  7000 (0.0%): 	 Avg_ACC: 0.3750000 	 lr: 0.000100000	 RL_loss:0.295957237	 Recons_loss:0.130153209	 Motif_loss:0.201266870	 Total:0.180507898	 RL_Acc:0.375000000	 Recons_Acc:88.375000000	 Motif_Acc:0.996093750
2021-01-02 21:12:26,124 -  1400 /  7000 (20.0%): 	 Avg_ACC: 0.4375000 	 lr: 0.000100000	 RL_loss:0.340417802	 Recons_loss:0.130092859	 Motif_loss:0.220622689	 Total:0.192378670	 RL_Acc:0.437500000	 Recons_Acc:89.218750000	 Motif_Acc:0.988281250
2021-01-02 21:16:36,400 -  2800 /  7000 (40.0%): 	 Avg_ACC: 0.1875000 	 lr: 0.000100000	 RL_loss:0.998745441	 Recons_loss:0.127740756	 Motif_loss:0.124885432	 Total:0.176250368	 RL_Acc:0.187500000	 Recons_Acc:89.093750000	 Motif_Acc:0.996093750
2021-01-02 21:20:52,466 -  4200 /  7000 (60.0%): 	 Avg_ACC: 0.4375000 	 lr: 0.000100000	 RL_loss:0.369504869	 Recons_loss:0.126930848	 Motif_loss:0.073306456	 Total:0.118593894	 RL_Acc:0.437500000	 Recons_Acc:89.750000000	 Motif_Acc:1.000000000
2021-01-02 21:25:21,470 -  5600 /  7000 (80.0%): 	 Avg_ACC: 0.3750000 	 lr: 0.000100000	 RL_loss:0.263926983	 Recons_loss:0.127187550	 Motif_loss:0.400422812	 Total:0.277001530	 RL_Acc:0.375000000	 Recons_Acc:89.562500000	 Motif_Acc:0.988281250
2021-01-02 21:29:44,184 - 
===============================|    epoch 7   |===============================

2021-01-02 21:29:47,125 -     0 /  7000 (0.0%): 	 Avg_ACC: 0.3437500 	 lr: 0.000100000	 RL_loss:0.589290261	 Recons_loss:0.126793817	 Motif_loss:0.160202995	 Total:0.172962919	 RL_Acc:0.343750000	 Recons_Acc:89.000000000	 Motif_Acc:0.996093750
2021-01-02 21:34:03,965 -  1400 /  7000 (20.0%): 	 Avg_ACC: 0.2187500 	 lr: 0.000100000	 RL_loss:0.568646252	 Recons_loss:0.128680989	 Motif_loss:0.029898530	 Total:0.107722074	 RL_Acc:0.218750000	 Recons_Acc:88.656250000	 Motif_Acc:1.000000000
2021-01-02 21:38:17,053 -  2800 /  7000 (40.0%): 	 Avg_ACC: 0.4062500 	 lr: 0.000100000	 RL_loss:0.430552781	 Recons_loss:0.127814323	 Motif_loss:0.317380160	 Total:0.244124874	 RL_Acc:0.406250000	 Recons_Acc:89.375000000	 Motif_Acc:0.992187500
2021-01-02 21:42:29,034 -  4200 /  7000 (60.0%): 	 Avg_ACC: 0.4062500 	 lr: 0.000100000	 RL_loss:0.486085057	 Recons_loss:0.125453457	 Motif_loss:0.084814250	 Total:0.129438102	 RL_Acc:0.406250000	 Recons_Acc:88.781250000	 Motif_Acc:1.000000000
2021-01-02 21:46:45,973 -  5600 /  7000 (80.0%): 	 Avg_ACC: 0.2500000 	 lr: 0.000100000	 RL_loss:0.669572473	 Recons_loss:0.127955914	 Motif_loss:0.042229116	 Total:0.118571140	 RL_Acc:0.250000000	 Recons_Acc:88.593750000	 Motif_Acc:1.000000000
2021-01-02 21:50:56,205 - 
===============================|    epoch 8   |===============================

2021-01-02 21:50:59,029 -     0 /  7000 (0.0%): 	 Avg_ACC: 0.3437500 	 lr: 0.000100000	 RL_loss:0.973477960	 Recons_loss:0.128360167	 Motif_loss:0.041735664	 Total:0.133721814	 RL_Acc:0.343750000	 Recons_Acc:89.000000000	 Motif_Acc:1.000000000
2021-01-02 21:55:08,852 -  1400 /  7000 (20.0%): 	 Avg_ACC: 0.3437500 	 lr: 0.000100000	 RL_loss:0.425074875	 Recons_loss:0.128242597	 Motif_loss:0.119494557	 Total:0.145122319	 RL_Acc:0.343750000	 Recons_Acc:88.468750000	 Motif_Acc:0.992187500
2021-01-02 21:59:20,568 -  2800 /  7000 (40.0%): 	 Avg_ACC: 0.3750000 	 lr: 0.000100000	 RL_loss:0.427206874	 Recons_loss:0.127069667	 Motif_loss:0.221043766	 Total:0.195417047	 RL_Acc:0.375000000	 Recons_Acc:88.875000000	 Motif_Acc:0.992187500
2021-01-02 22:03:33,019 -  4200 /  7000 (60.0%): 	 Avg_ACC: 0.3437500 	 lr: 0.000100000	 RL_loss:0.323361218	 Recons_loss:0.130446076	 Motif_loss:0.242465541	 Total:0.202623874	 RL_Acc:0.343750000	 Recons_Acc:87.781250000	 Motif_Acc:0.988281250
2021-01-02 22:07:51,045 -  5600 /  7000 (80.0%): 	 Avg_ACC: 0.3437500 	 lr: 0.000100000	 RL_loss:0.706382811	 Recons_loss:0.126852721	 Motif_loss:0.237486571	 Total:0.217488781	 RL_Acc:0.343750000	 Recons_Acc:89.343750000	 Motif_Acc:0.988281250
2021-01-02 22:12:10,633 - 
===============================|    epoch 9   |===============================

2021-01-02 22:12:13,412 -     0 /  7000 (0.0%): 	 Avg_ACC: 0.4687500 	 lr: 0.000100000	 RL_loss:0.376827151	 Recons_loss:0.125343621	 Motif_loss:0.208336815	 Total:0.185681581	 RL_Acc:0.468750000	 Recons_Acc:90.343750000	 Motif_Acc:0.992187500
2021-01-02 22:16:30,714 -  1400 /  7000 (20.0%): 	 Avg_ACC: 0.3125000 	 lr: 0.000100000	 RL_loss:0.327091843	 Recons_loss:0.127650067	 Motif_loss:0.065067247	 Total:0.112713248	 RL_Acc:0.312500000	 Recons_Acc:88.562500000	 Motif_Acc:0.996093750
2021-01-02 22:20:48,163 -  2800 /  7000 (40.0%): 	 Avg_ACC: 0.4062500 	 lr: 0.000100000	 RL_loss:0.451845169	 Recons_loss:0.127843037	 Motif_loss:0.081451871	 Total:0.127239704	 RL_Acc:0.406250000	 Recons_Acc:88.781250000	 Motif_Acc:1.000000000
2021-01-02 22:25:04,634 -  4200 /  7000 (60.0%): 	 Avg_ACC: 0.3437500 	 lr: 0.000100000	 RL_loss:0.391239583	 Recons_loss:0.129403204	 Motif_loss:0.133576691	 Total:0.151051924	 RL_Acc:0.343750000	 Recons_Acc:88.656250000	 Motif_Acc:0.996093750
2021-01-02 22:29:18,180 -  5600 /  7000 (80.0%): 	 Avg_ACC: 0.5000000 	 lr: 0.000100000	 RL_loss:0.347859263	 Recons_loss:0.123677358	 Motif_loss:0.190555066	 Total:0.174509168	 RL_Acc:0.500000000	 Recons_Acc:90.468750000	 Motif_Acc:0.988281250
2021-01-02 22:33:34,604 - 
===============================|    epoch 10   |===============================

2021-01-02 22:33:38,109 -     0 /  7000 (0.0%): 	 Avg_ACC: 0.2187500 	 lr: 0.000100000	 RL_loss:0.742009044	 Recons_loss:0.126383454	 Motif_loss:0.138499543	 Total:0.169541955	 RL_Acc:0.218750000	 Recons_Acc:88.375000000	 Motif_Acc:0.996093750
2021-01-02 22:38:04,944 -  1400 /  7000 (20.0%): 	 Avg_ACC: 0.3125000 	 lr: 0.000100000	 RL_loss:0.558399558	 Recons_loss:0.125774875	 Motif_loss:0.101027049	 Total:0.141320944	 RL_Acc:0.312500000	 Recons_Acc:88.937500000	 Motif_Acc:1.000000000
2021-01-02 22:42:37,270 -  2800 /  7000 (40.0%): 	 Avg_ACC: 0.5000000 	 lr: 0.000100000	 RL_loss:0.285344809	 Recons_loss:0.123528659	 Motif_loss:0.077409059	 Total:0.114736095	 RL_Acc:0.500000000	 Recons_Acc:90.187500000	 Motif_Acc:1.000000000
2021-01-02 22:47:05,114 -  4200 /  7000 (60.0%): 	 Avg_ACC: 0.2187500 	 lr: 0.000100000	 RL_loss:0.737380624	 Recons_loss:0.130084217	 Motif_loss:0.287093520	 Total:0.245457903	 RL_Acc:0.218750000	 Recons_Acc:87.906250000	 Motif_Acc:0.992187500
2021-01-02 22:51:35,868 -  5600 /  7000 (80.0%): 	 Avg_ACC: 0.4375000 	 lr: 0.000100000	 RL_loss:0.367175162	 Recons_loss:0.126489252	 Motif_loss:0.062600568	 Total:0.112903669	 RL_Acc:0.437500000	 Recons_Acc:89.593750000	 Motif_Acc:1.000000000
2021-01-02 23:09:12,889 - 
===============================| start validation |===============================

2021-01-02 23:09:12,889 - 	 Avg_ACC: 0.3790000 	  RL_loss:0.5180197 	  Recons_loss:0.1277035 	  Motif_loss:0.1446942 	  Total:0.1620999 	  RL_Acc:0.3792167 	  Recons_Acc:89.0004646 	  Motif_Acc:0.9957699
2021-01-02 23:09:12,891 -    ini file updated    
2021-01-02 23:09:12,913 - Snapshot saved to /data/users/wergillius/UTR_VAE/pth/CrossStitch_Model_MTL/RL_Reconst_8Motif/kld_w1e_5_lr-model_best.pth

2021-01-02 23:09:12,919 -    ini file updated    
2021-01-02 23:09:12,921 - 
===============================|    epoch 11   |===============================

2021-01-02 23:09:19,532 -     0 /  7000 (0.0%): 	 Avg_ACC: 0.4687500 	 lr: 0.000100000	 RL_loss:0.560135305	 Recons_loss:0.134646162	 Motif_loss:0.236648366	 Total:0.213654041	 RL_Acc:0.468750000	 Recons_Acc:86.781250000	 Motif_Acc:0.988281250
2021-01-02 23:17:28,905 -  1400 /  7000 (20.0%): 	 Avg_ACC: 0.4375000 	 lr: 0.000100000	 RL_loss:0.254085720	 Recons_loss:0.126564279	 Motif_loss:0.078865789	 Total:0.115419321	 RL_Acc:0.437500000	 Recons_Acc:88.312500000	 Motif_Acc:1.000000000
2021-01-02 23:25:48,626 -  2800 /  7000 (40.0%): 	 Avg_ACC: 0.4687500 	 lr: 0.000100000	 RL_loss:0.218325809	 Recons_loss:0.125822470	 Motif_loss:0.076668881	 Total:0.112161964	 RL_Acc:0.468750000	 Recons_Acc:89.625000000	 Motif_Acc:1.000000000
2021-01-02 23:34:04,054 -  4200 /  7000 (60.0%): 	 Avg_ACC: 0.2812500 	 lr: 0.000100000	 RL_loss:0.963282824	 Recons_loss:0.129662618	 Motif_loss:0.094152011	 Total:0.160071462	 RL_Acc:0.281250000	 Recons_Acc:88.625000000	 Motif_Acc:1.000000000
2021-01-02 23:42:11,912 -  5600 /  7000 (80.0%): 	 Avg_ACC: 0.3437500 	 lr: 0.000100000	 RL_loss:0.736010730	 Recons_loss:0.131374717	 Motif_loss:0.150277525	 Total:0.177626655	 RL_Acc:0.343750000	 Recons_Acc:88.343750000	 Motif_Acc:0.996093750
2021-01-02 23:50:21,464 - 
===============================|    epoch 12   |===============================

2021-01-02 23:50:27,689 -     0 /  7000 (0.0%): 	 Avg_ACC: 0.3125000 	 lr: 0.000100000	 RL_loss:0.445465088	 Recons_loss:0.126895651	 Motif_loss:0.184229165	 Total:0.177835673	 RL_Acc:0.312500000	 Recons_Acc:89.250000000	 Motif_Acc:0.992187500
2021-01-02 23:58:48,773 -  1400 /  7000 (20.0%): 	 Avg_ACC: 0.5000000 	 lr: 0.000100000	 RL_loss:0.261409581	 Recons_loss:0.128314957	 Motif_loss:0.146444455	 Total:0.150450185	 RL_Acc:0.500000000	 Recons_Acc:88.968750000	 Motif_Acc:0.992187500
2021-01-03 00:07:25,195 -  2800 /  7000 (40.0%): 	 Avg_ACC: 0.5312500 	 lr: 0.000100000	 RL_loss:0.882170200	 Recons_loss:0.125779971	 Motif_loss:0.115544960	 Total:0.164770976	 RL_Acc:0.531250000	 Recons_Acc:88.625000000	 Motif_Acc:0.992187500
2021-01-03 00:16:17,324 -  4200 /  7000 (60.0%): 	 Avg_ACC: 0.3125000 	 lr: 0.000100000	 RL_loss:0.560288548	 Recons_loss:0.129891247	 Motif_loss:0.202408388	 Total:0.194164246	 RL_Acc:0.312500000	 Recons_Acc:89.031250000	 Motif_Acc:0.996093750
2021-01-03 00:25:29,381 -  5600 /  7000 (80.0%): 	 Avg_ACC: 0.5625000 	 lr: 0.000100000	 RL_loss:0.403169513	 Recons_loss:0.122626044	 Motif_loss:0.109368302	 Total:0.136155650	 RL_Acc:0.562500000	 Recons_Acc:90.375000000	 Motif_Acc:1.000000000
2021-01-03 00:34:47,276 - 
===============================|    epoch 13   |===============================

2021-01-03 00:34:53,747 -     0 /  7000 (0.0%): 	 Avg_ACC: 0.5000000 	 lr: 0.000100000	 RL_loss:0.298831940	 Recons_loss:0.126520455	 Motif_loss:0.145209372	 Total:0.150806516	 RL_Acc:0.500000000	 Recons_Acc:89.468750000	 Motif_Acc:0.996093750
2021-01-03 00:44:18,895 -  1400 /  7000 (20.0%): 	 Avg_ACC: 0.4375000 	 lr: 0.000100000	 RL_loss:0.354759544	 Recons_loss:0.126425534	 Motif_loss:0.077319421	 Total:0.119610459	 RL_Acc:0.437500000	 Recons_Acc:89.468750000	 Motif_Acc:1.000000000
2021-01-03 00:53:41,283 -  2800 /  7000 (40.0%): 	 Avg_ACC: 0.3125000 	 lr: 0.000100000	 RL_loss:0.663624763	 Recons_loss:0.127588645	 Motif_loss:0.146911711	 Total:0.170431405	 RL_Acc:0.312500000	 Recons_Acc:88.937500000	 Motif_Acc:0.988281250
2021-01-03 01:03:00,106 -  4200 /  7000 (60.0%): 	 Avg_ACC: 0.2500000 	 lr: 0.000100000	 RL_loss:0.637379408	 Recons_loss:0.127833068	 Motif_loss:0.091296718	 Total:0.141433865	 RL_Acc:0.250000000	 Recons_Acc:89.593750000	 Motif_Acc:0.996093750
2021-01-03 01:12:16,560 -  5600 /  7000 (80.0%): 	 Avg_ACC: 0.5625000 	 lr: 0.000100000	 RL_loss:0.179975554	 Recons_loss:0.125777811	 Motif_loss:0.091902383	 Total:0.117838874	 RL_Acc:0.562500000	 Recons_Acc:89.843750000	 Motif_Acc:0.992187500
2021-01-03 01:21:07,969 - 
===============================|    epoch 14   |===============================

2021-01-03 01:21:14,066 -     0 /  7000 (0.0%): 	 Avg_ACC: 0.5000000 	 lr: 0.000100000	 RL_loss:0.278691292	 Recons_loss:0.128092170	 Motif_loss:0.101464890	 Total:0.128713101	 RL_Acc:0.500000000	 Recons_Acc:88.812500000	 Motif_Acc:1.000000000
2021-01-03 01:28:54,416 -  1400 /  7000 (20.0%): 	 Avg_ACC: 0.2500000 	 lr: 0.000100000	 RL_loss:0.549793363	 Recons_loss:0.128286496	 Motif_loss:0.111742564	 Total:0.147504196	 RL_Acc:0.250000000	 Recons_Acc:89.000000000	 Motif_Acc:0.996093750
2021-01-03 01:34:26,655 -  2800 /  7000 (40.0%): 	 Avg_ACC: 0.3125000 	 lr: 0.000100000	 RL_loss:0.518573821	 Recons_loss:0.128953069	 Motif_loss:0.122802220	 Total:0.151806340	 RL_Acc:0.312500000	 Recons_Acc:88.218750000	 Motif_Acc:0.992187500
2021-01-03 01:39:10,241 -  4200 /  7000 (60.0%): 	 Avg_ACC: 0.2812500 	 lr: 0.000100000	 RL_loss:0.680611968	 Recons_loss:0.128224969	 Motif_loss:0.148784131	 Total:0.172535151	 RL_Acc:0.281250000	 Recons_Acc:88.937500000	 Motif_Acc:0.996093750
2021-01-03 01:43:19,622 -  5600 /  7000 (80.0%): 	 Avg_ACC: 0.2812500 	 lr: 0.000100000	 RL_loss:1.071062326	 Recons_loss:0.125759304	 Motif_loss:0.057614498	 Total:0.145240009	 RL_Acc:0.281250000	 Recons_Acc:89.281250000	 Motif_Acc:1.000000000
2021-01-03 01:47:36,886 - 
===============================|    epoch 15   |===============================

2021-01-03 01:47:39,611 -     0 /  7000 (0.0%): 	 Avg_ACC: 0.3125000 	 lr: 0.000100000	 RL_loss:0.591809273	 Recons_loss:0.127935499	 Motif_loss:0.090706848	 Total:0.138911635	 RL_Acc:0.312500000	 Recons_Acc:88.343750000	 Motif_Acc:0.996093750
2021-01-03 01:51:58,855 -  1400 /  7000 (20.0%): 	 Avg_ACC: 0.3750000 	 lr: 0.000100000	 RL_loss:0.432564944	 Recons_loss:0.129044846	 Motif_loss:0.191467509	 Total:0.181884423	 RL_Acc:0.375000000	 Recons_Acc:88.875000000	 Motif_Acc:0.988281250
2021-01-03 01:56:18,433 -  2800 /  7000 (40.0%): 	 Avg_ACC: 0.3125000 	 lr: 0.000100000	 RL_loss:0.856745720	 Recons_loss:0.129373625	 Motif_loss:0.035021011	 Total:0.125034600	 RL_Acc:0.312500000	 Recons_Acc:88.375000000	 Motif_Acc:1.000000000
2021-01-03 02:00:38,118 -  4200 /  7000 (60.0%): 	 Avg_ACC: 0.4687500 	 lr: 0.000100000	 RL_loss:0.345581949	 Recons_loss:0.130739272	 Motif_loss:0.145502642	 Total:0.155400053	 RL_Acc:0.468750000	 Recons_Acc:87.656250000	 Motif_Acc:0.992187500
2021-01-03 02:04:56,351 -  5600 /  7000 (80.0%): 	 Avg_ACC: 0.3750000 	 lr: 0.000100000	 RL_loss:0.375651658	 Recons_loss:0.129831314	 Motif_loss:0.132790625	 Total:0.150093555	 RL_Acc:0.375000000	 Recons_Acc:88.156250000	 Motif_Acc:0.996093750
2021-01-03 02:09:09,481 - 
===============================|    epoch 16   |===============================

2021-01-03 02:09:12,307 -     0 /  7000 (0.0%): 	 Avg_ACC: 0.4375000 	 lr: 0.000100000	 RL_loss:0.357841671	 Recons_loss:0.127553701	 Motif_loss:0.067643076	 Total:0.115490474	 RL_Acc:0.437500000	 Recons_Acc:89.031250000	 Motif_Acc:1.000000000
2021-01-03 02:13:26,733 -  1400 /  7000 (20.0%): 	 Avg_ACC: 0.4375000 	 lr: 0.000100000	 RL_loss:0.614352942	 Recons_loss:0.127299175	 Motif_loss:0.079766661	 Total:0.134250566	 RL_Acc:0.437500000	 Recons_Acc:88.625000000	 Motif_Acc:0.996093750
2021-01-03 02:17:49,848 -  2800 /  7000 (40.0%): 	 Avg_ACC: 0.3750000 	 lr: 0.000100000	 RL_loss:0.542347610	 Recons_loss:0.127388507	 Motif_loss:0.059691302	 Total:0.120657288	 RL_Acc:0.375000000	 Recons_Acc:89.218750000	 Motif_Acc:1.000000000
2021-01-03 02:22:12,397 -  4200 /  7000 (60.0%): 	 Avg_ACC: 0.4687500 	 lr: 0.000100000	 RL_loss:0.284789741	 Recons_loss:0.126168862	 Motif_loss:0.185475335	 Total:0.170061588	 RL_Acc:0.468750000	 Recons_Acc:89.812500000	 Motif_Acc:0.996093750
2021-01-03 02:26:26,093 -  5600 /  7000 (80.0%): 	 Avg_ACC: 0.4687500 	 lr: 0.000100000	 RL_loss:0.346978128	 Recons_loss:0.130757809	 Motif_loss:0.139136627	 Total:0.152296126	 RL_Acc:0.468750000	 Recons_Acc:87.562500000	 Motif_Acc:0.996093750
2021-01-03 02:30:47,010 - 
===============================|    epoch 17   |===============================

2021-01-03 02:30:49,668 -     0 /  7000 (0.0%): 	 Avg_ACC: 0.2500000 	 lr: 0.000100000	 RL_loss:0.340033352	 Recons_loss:0.125607371	 Motif_loss:0.074698538	 Total:0.117154621	 RL_Acc:0.250000000	 Recons_Acc:89.968750000	 Motif_Acc:1.000000000
2021-01-03 02:35:05,779 -  1400 /  7000 (20.0%): 	 Avg_ACC: 0.2500000 	 lr: 0.000100000	 RL_loss:0.490527034	 Recons_loss:0.125334889	 Motif_loss:0.263724267	 Total:0.219055936	 RL_Acc:0.250000000	 Recons_Acc:87.781250000	 Motif_Acc:0.992187500
2021-01-03 02:39:17,141 -  2800 /  7000 (40.0%): 	 Avg_ACC: 0.2187500 	 lr: 0.000100000	 RL_loss:0.468498856	 Recons_loss:0.123042434	 Motif_loss:0.272244632	 Total:0.221068472	 RL_Acc:0.218750000	 Recons_Acc:90.437500000	 Motif_Acc:0.992187500
2021-01-03 02:43:31,050 -  4200 /  7000 (60.0%): 	 Avg_ACC: 0.4687500 	 lr: 0.000100000	 RL_loss:0.301167548	 Recons_loss:0.128327981	 Motif_loss:0.126957491	 Total:0.142701119	 RL_Acc:0.468750000	 Recons_Acc:89.312500000	 Motif_Acc:0.996093750
2021-01-03 02:47:49,688 -  5600 /  7000 (80.0%): 	 Avg_ACC: 0.3125000 	 lr: 0.000100000	 RL_loss:0.552293301	 Recons_loss:0.126821369	 Motif_loss:0.284785181	 Total:0.233417943	 RL_Acc:0.312500000	 Recons_Acc:88.781250000	 Motif_Acc:0.992187500
2021-01-03 02:52:10,638 - 
===============================|    epoch 18   |===============================

2021-01-03 02:52:13,084 -     0 /  7000 (0.0%): 	 Avg_ACC: 0.3125000 	 lr: 0.000100000	 RL_loss:0.366817832	 Recons_loss:0.130288929	 Motif_loss:0.205131114	 Total:0.186050922	 RL_Acc:0.312500000	 Recons_Acc:88.593750000	 Motif_Acc:0.992187500
2021-01-03 02:56:28,208 -  1400 /  7000 (20.0%): 	 Avg_ACC: 0.3437500 	 lr: 0.000100000	 RL_loss:0.540141046	 Recons_loss:0.129816785	 Motif_loss:0.169842198	 Total:0.176836550	 RL_Acc:0.343750000	 Recons_Acc:88.937500000	 Motif_Acc:0.996093750
2021-01-03 03:00:51,258 -  2800 /  7000 (40.0%): 	 Avg_ACC: 0.3437500 	 lr: 0.000100000	 RL_loss:0.368918478	 Recons_loss:0.125288934	 Motif_loss:0.117170885	 Total:0.139675826	 RL_Acc:0.343750000	 Recons_Acc:90.031250000	 Motif_Acc:0.992187500
2021-01-03 03:05:05,905 -  4200 /  7000 (60.0%): 	 Avg_ACC: 0.5000000 	 lr: 0.000100000	 RL_loss:0.285518765	 Recons_loss:0.126018003	 Motif_loss:0.125490576	 Total:0.140030235	 RL_Acc:0.500000000	 Recons_Acc:89.843750000	 Motif_Acc:0.996093750
2021-01-03 03:09:24,226 -  5600 /  7000 (80.0%): 	 Avg_ACC: 0.2812500 	 lr: 0.000100000	 RL_loss:0.900276184	 Recons_loss:0.127765194	 Motif_loss:0.100759998	 Total:0.159276396	 RL_Acc:0.281250000	 Recons_Acc:89.437500000	 Motif_Acc:1.000000000
2021-01-03 03:13:41,916 - 
===============================|    epoch 19   |===============================

2021-01-03 03:13:44,554 -     0 /  7000 (0.0%): 	 Avg_ACC: 0.2500000 	 lr: 0.000100000	 RL_loss:0.613754213	 Recons_loss:0.123777285	 Motif_loss:0.239640266	 Total:0.212396473	 RL_Acc:0.250000000	 Recons_Acc:89.750000000	 Motif_Acc:0.992187500
2021-01-03 03:18:06,979 -  1400 /  7000 (20.0%): 	 Avg_ACC: 0.3750000 	 lr: 0.000100000	 RL_loss:0.730517149	 Recons_loss:0.125454500	 Motif_loss:0.118534014	 Total:0.158520103	 RL_Acc:0.375000000	 Recons_Acc:90.500000000	 Motif_Acc:0.996093750
2021-01-03 03:22:29,075 -  2800 /  7000 (40.0%): 	 Avg_ACC: 0.1875000 	 lr: 0.000100000	 RL_loss:0.461692214	 Recons_loss:0.126416951	 Motif_loss:0.202686414	 Total:0.187636286	 RL_Acc:0.187500000	 Recons_Acc:88.656250000	 Motif_Acc:0.984375000
2021-01-03 03:26:52,038 -  4200 /  7000 (60.0%): 	 Avg_ACC: 0.2812500 	 lr: 0.000100000	 RL_loss:0.525733769	 Recons_loss:0.129273340	 Motif_loss:0.125620633	 Total:0.153733671	 RL_Acc:0.281250000	 Recons_Acc:88.468750000	 Motif_Acc:0.992187500
2021-01-03 03:31:05,864 -  5600 /  7000 (80.0%): 	 Avg_ACC: 0.4687500 	 lr: 0.000100000	 RL_loss:1.017122269	 Recons_loss:0.128281236	 Motif_loss:0.073388390	 Total:0.151690930	 RL_Acc:0.468750000	 Recons_Acc:88.750000000	 Motif_Acc:1.000000000
2021-01-03 03:35:19,820 - 
===============================|    epoch 20   |===============================

2021-01-03 03:35:22,261 -     0 /  7000 (0.0%): 	 Avg_ACC: 0.1562500 	 lr: 0.000100000	 RL_loss:0.942552388	 Recons_loss:0.126616657	 Motif_loss:0.115633428	 Total:0.168252662	 RL_Acc:0.156250000	 Recons_Acc:90.000000000	 Motif_Acc:0.996093750
2021-01-03 03:39:37,297 -  1400 /  7000 (20.0%): 	 Avg_ACC: 0.5312500 	 lr: 0.000100000	 RL_loss:0.311700016	 Recons_loss:0.131334871	 Motif_loss:0.076336294	 Total:0.119420588	 RL_Acc:0.531250000	 Recons_Acc:88.187500000	 Motif_Acc:0.996093750
2021-01-03 03:43:54,756 -  2800 /  7000 (40.0%): 	 Avg_ACC: 0.4687500 	 lr: 0.000100000	 RL_loss:0.372690141	 Recons_loss:0.125071600	 Motif_loss:0.028818198	 Total:0.095579408	 RL_Acc:0.468750000	 Recons_Acc:89.375000000	 Motif_Acc:1.000000000
2021-01-03 03:48:11,563 -  4200 /  7000 (60.0%): 	 Avg_ACC: 0.3750000 	 lr: 0.000100000	 RL_loss:0.454683602	 Recons_loss:0.127786458	 Motif_loss:0.200595707	 Total:0.186925262	 RL_Acc:0.375000000	 Recons_Acc:88.968750000	 Motif_Acc:0.992187500
2021-01-03 03:52:24,997 -  5600 /  7000 (80.0%): 	 Avg_ACC: 0.5937500 	 lr: 0.000100000	 RL_loss:0.276104212	 Recons_loss:0.128141880	 Motif_loss:0.460206896	 Total:0.307979584	 RL_Acc:0.593750000	 Recons_Acc:88.781250000	 Motif_Acc:0.984375000
2021-01-03 04:02:00,531 - 
===============================| start validation |===============================

2021-01-03 04:02:00,532 - 	 Avg_ACC: 0.3776250 	  RL_loss:0.5160344 	  Recons_loss:0.1276712 	  Motif_loss:0.1411965 	  Total:0.1602355 	  RL_Acc:0.3778409 	  Recons_Acc:88.9826865 	  Motif_Acc:0.9960938
2021-01-03 04:02:00,534 -    ini file updated    
2021-01-03 04:02:00,535 - 
===============================|    epoch 21   |===============================

2021-01-03 04:02:03,180 -     0 /  7000 (0.0%): 	 Avg_ACC: 0.3125000 	 lr: 0.000100000	 RL_loss:0.439703912	 Recons_loss:0.125109866	 Motif_loss:0.076585941	 Total:0.122833103	 RL_Acc:0.312500000	 Recons_Acc:89.125000000	 Motif_Acc:1.000000000
2021-01-03 04:06:17,594 -  1400 /  7000 (20.0%): 	 Avg_ACC: 0.3125000 	 lr: 0.000100000	 RL_loss:0.515030444	 Recons_loss:0.124258175	 Motif_loss:0.197916865	 Total:0.186839044	 RL_Acc:0.312500000	 Recons_Acc:89.750000000	 Motif_Acc:0.988281250
2021-01-03 04:10:38,144 -  2800 /  7000 (40.0%): 	 Avg_ACC: 0.3437500 	 lr: 0.000100000	 RL_loss:0.293577075	 Recons_loss:0.127223223	 Motif_loss:0.047354925	 Total:0.101967931	 RL_Acc:0.343750000	 Recons_Acc:89.531250000	 Motif_Acc:1.000000000
2021-01-03 04:14:48,203 -  4200 /  7000 (60.0%): 	 Avg_ACC: 0.3437500 	 lr: 0.000100000	 RL_loss:0.479745448	 Recons_loss:0.127921730	 Motif_loss:0.130386323	 Total:0.153141290	 RL_Acc:0.343750000	 Recons_Acc:88.781250000	 Motif_Acc:0.996093750
2021-01-03 04:18:58,381 -  5600 /  7000 (80.0%): 	 Avg_ACC: 0.4375000 	 lr: 0.000100000	 RL_loss:0.507385492	 Recons_loss:0.124434181	 Motif_loss:0.173663467	 Total:0.174418092	 RL_Acc:0.437500000	 Recons_Acc:90.250000000	 Motif_Acc:0.996093750
2021-01-03 04:23:09,352 - 
===============================|    epoch 22   |===============================

2021-01-03 04:23:11,885 -     0 /  7000 (0.0%): 	 Avg_ACC: 0.3750000 	 lr: 0.000100000	 RL_loss:0.289466441	 Recons_loss:0.131722346	 Motif_loss:0.191707924	 Total:0.176188454	 RL_Acc:0.375000000	 Recons_Acc:88.406250000	 Motif_Acc:0.996093750
2021-01-03 04:27:22,759 -  1400 /  7000 (20.0%): 	 Avg_ACC: 0.3437500 	 lr: 0.000100000	 RL_loss:0.361090422	 Recons_loss:0.126083165	 Motif_loss:0.032020513	 Total:0.097106360	 RL_Acc:0.343750000	 Recons_Acc:88.156250000	 Motif_Acc:1.000000000
2021-01-03 04:31:34,161 -  2800 /  7000 (40.0%): 	 Avg_ACC: 0.4062500 	 lr: 0.000100000	 RL_loss:0.649399519	 Recons_loss:0.127314806	 Motif_loss:0.153182939	 Total:0.172718853	 RL_Acc:0.406250000	 Recons_Acc:89.187500000	 Motif_Acc:0.996093750
2021-01-03 04:36:06,584 -  4200 /  7000 (60.0%): 	 Avg_ACC: 0.3125000 	 lr: 0.000100000	 RL_loss:0.992698789	 Recons_loss:0.126947075	 Motif_loss:0.353095353	 Total:0.289656162	 RL_Acc:0.312500000	 Recons_Acc:89.750000000	 Motif_Acc:0.980468750
2021-01-03 04:40:29,542 -  5600 /  7000 (80.0%): 	 Avg_ACC: 0.1875000 	 lr: 0.000100000	 RL_loss:0.408564508	 Recons_loss:0.125535920	 Motif_loss:0.043122929	 Total:0.104757652	 RL_Acc:0.187500000	 Recons_Acc:90.062500000	 Motif_Acc:1.000000000
2021-01-03 04:44:50,128 - 
===============================|    epoch 23   |===============================

2021-01-03 04:44:52,415 -     0 /  7000 (0.0%): 	 Avg_ACC: 0.4687500 	 lr: 0.000100000	 RL_loss:0.305052102	 Recons_loss:0.128921479	 Motif_loss:0.064117551	 Total:0.111772120	 RL_Acc:0.468750000	 Recons_Acc:88.125000000	 Motif_Acc:1.000000000
2021-01-03 04:49:05,680 -  1400 /  7000 (20.0%): 	 Avg_ACC: 0.3750000 	 lr: 0.000100000	 RL_loss:0.470956534	 Recons_loss:0.126991540	 Motif_loss:0.070991397	 Total:0.122539297	 RL_Acc:0.375000000	 Recons_Acc:89.593750000	 Motif_Acc:1.000000000
2021-01-03 04:53:05,558 -  2800 /  7000 (40.0%): 	 Avg_ACC: 0.2500000 	 lr: 0.000100000	 RL_loss:0.762437105	 Recons_loss:0.127544805	 Motif_loss:0.065327480	 Total:0.134557992	 RL_Acc:0.250000000	 Recons_Acc:88.500000000	 Motif_Acc:1.000000000
2021-01-03 04:57:08,450 -  4200 /  7000 (60.0%): 	 Avg_ACC: 0.3437500 	 lr: 0.000100000	 RL_loss:0.707685828	 Recons_loss:0.125575572	 Motif_loss:0.132030040	 Total:0.164187104	 RL_Acc:0.343750000	 Recons_Acc:89.250000000	 Motif_Acc:0.996093750
2021-01-03 05:01:03,221 -  5600 /  7000 (80.0%): 	 Avg_ACC: 0.4062500 	 lr: 0.000100000	 RL_loss:0.643823504	 Recons_loss:0.127961040	 Motif_loss:0.074567914	 Total:0.133455649	 RL_Acc:0.406250000	 Recons_Acc:89.406250000	 Motif_Acc:0.996093750
2021-01-03 05:04:52,059 - 
===============================|    epoch 24   |===============================

2021-01-03 05:04:54,345 -     0 /  7000 (0.0%): 	 Avg_ACC: 0.4375000 	 lr: 0.000100000	 RL_loss:0.715152502	 Recons_loss:0.127019733	 Motif_loss:0.153193101	 Total:0.175864041	 RL_Acc:0.437500000	 Recons_Acc:89.250000000	 Motif_Acc:0.996093750
2021-01-03 05:08:49,379 -  1400 /  7000 (20.0%): 	 Avg_ACC: 0.2812500 	 lr: 0.000100000	 RL_loss:0.461097479	 Recons_loss:0.128068298	 Motif_loss:0.047213912	 Total:0.110695980	 RL_Acc:0.281250000	 Recons_Acc:89.531250000	 Motif_Acc:1.000000000
2021-01-03 05:12:51,664 -  2800 /  7000 (40.0%): 	 Avg_ACC: 0.3437500 	 lr: 0.000100000	 RL_loss:0.248525590	 Recons_loss:0.126745269	 Motif_loss:0.382669777	 Total:0.267133802	 RL_Acc:0.343750000	 Recons_Acc:89.312500000	 Motif_Acc:0.984375000
2021-01-03 05:16:58,423 -  4200 /  7000 (60.0%): 	 Avg_ACC: 0.2812500 	 lr: 0.000100000	 RL_loss:0.771371126	 Recons_loss:0.127175659	 Motif_loss:0.236882448	 Total:0.220597610	 RL_Acc:0.281250000	 Recons_Acc:87.968750000	 Motif_Acc:0.992187500
2021-01-03 05:21:03,889 -  5600 /  7000 (80.0%): 	 Avg_ACC: 0.5000000 	 lr: 0.000100000	 RL_loss:0.480470687	 Recons_loss:0.125700921	 Motif_loss:0.097182259	 Total:0.135465115	 RL_Acc:0.500000000	 Recons_Acc:89.687500000	 Motif_Acc:1.000000000
2021-01-03 05:25:19,150 - 
===============================|    epoch 25   |===============================

2021-01-03 05:25:21,836 -     0 /  7000 (0.0%): 	 Avg_ACC: 0.2500000 	 lr: 0.000100000	 RL_loss:0.561738431	 Recons_loss:0.129036307	 Motif_loss:0.367152393	 Total:0.276181281	 RL_Acc:0.250000000	 Recons_Acc:88.250000000	 Motif_Acc:0.988281250
2021-01-03 05:29:24,704 -  1400 /  7000 (20.0%): 	 Avg_ACC: 0.3437500 	 lr: 0.000100000	 RL_loss:0.426378667	 Recons_loss:0.125976965	 Motif_loss:0.280499607	 Total:0.224557221	 RL_Acc:0.343750000	 Recons_Acc:89.687500000	 Motif_Acc:0.988281250
2021-01-03 05:33:41,877 -  2800 /  7000 (40.0%): 	 Avg_ACC: 0.2500000 	 lr: 0.000100000	 RL_loss:0.800699055	 Recons_loss:0.129631788	 Motif_loss:0.444934845	 Total:0.327318251	 RL_Acc:0.250000000	 Recons_Acc:87.812500000	 Motif_Acc:0.980468750
2021-01-03 05:37:41,635 -  4200 /  7000 (60.0%): 	 Avg_ACC: 0.4687500 	 lr: 0.000100000	 RL_loss:0.470680505	 Recons_loss:0.129112720	 Motif_loss:0.044726808	 Total:0.110453792	 RL_Acc:0.468750000	 Recons_Acc:89.125000000	 Motif_Acc:1.000000000
2021-01-03 05:41:55,930 -  5600 /  7000 (80.0%): 	 Avg_ACC: 0.4062500 	 lr: 0.000100000	 RL_loss:0.351052999	 Recons_loss:0.125841364	 Motif_loss:0.127184525	 Total:0.144065589	 RL_Acc:0.406250000	 Recons_Acc:89.375000000	 Motif_Acc:0.996093750
2021-01-03 05:46:03,104 - 
===============================|    epoch 26   |===============================

2021-01-03 05:46:05,198 -     0 /  7000 (0.0%): 	 Avg_ACC: 0.4687500 	 lr: 0.000100000	 RL_loss:0.414830804	 Recons_loss:0.129882023	 Motif_loss:0.064216629	 Total:0.117790863	 RL_Acc:0.468750000	 Recons_Acc:88.343750000	 Motif_Acc:1.000000000
2021-01-03 05:50:04,228 -  1400 /  7000 (20.0%): 	 Avg_ACC: 0.4062500 	 lr: 0.000100000	 RL_loss:0.298720777	 Recons_loss:0.128406182	 Motif_loss:0.125977516	 Total:0.142127886	 RL_Acc:0.406250000	 Recons_Acc:89.093750000	 Motif_Acc:0.996093750
2021-01-03 05:53:51,466 -  2800 /  7000 (40.0%): 	 Avg_ACC: 0.5000000 	 lr: 0.000100000	 RL_loss:0.604102254	 Recons_loss:0.127220705	 Motif_loss:0.302999347	 Total:0.245315135	 RL_Acc:0.500000000	 Recons_Acc:89.312500000	 Motif_Acc:0.984375000
2021-01-03 05:57:49,319 -  4200 /  7000 (60.0%): 	 Avg_ACC: 0.2500000 	 lr: 0.000100000	 RL_loss:0.489231318	 Recons_loss:0.127404660	 Motif_loss:0.075838812	 Total:0.126083300	 RL_Acc:0.250000000	 Recons_Acc:88.843750000	 Motif_Acc:1.000000000
2021-01-03 06:01:41,508 -  5600 /  7000 (80.0%): 	 Avg_ACC: 0.3437500 	 lr: 0.000100000	 RL_loss:0.657123685	 Recons_loss:0.127575830	 Motif_loss:0.055803768	 Total:0.124545984	 RL_Acc:0.343750000	 Recons_Acc:88.906250000	 Motif_Acc:1.000000000
2021-01-03 06:05:48,478 - 
===============================|    epoch 27   |===============================

2021-01-03 06:05:50,727 -     0 /  7000 (0.0%): 	 Avg_ACC: 0.3750000 	 lr: 0.000100000	 RL_loss:0.881859362	 Recons_loss:0.120865650	 Motif_loss:0.154852897	 Total:0.181952238	 RL_Acc:0.375000000	 Recons_Acc:90.593750000	 Motif_Acc:0.992187500
2021-01-03 06:10:01,865 -  1400 /  7000 (20.0%): 	 Avg_ACC: 0.3125000 	 lr: 0.000100000	 RL_loss:0.507963061	 Recons_loss:0.125540495	 Motif_loss:0.114528984	 Total:0.145432889	 RL_Acc:0.312500000	 Recons_Acc:89.812500000	 Motif_Acc:1.000000000
2021-01-03 06:13:56,476 -  2800 /  7000 (40.0%): 	 Avg_ACC: 0.3125000 	 lr: 0.000100000	 RL_loss:0.405097008	 Recons_loss:0.123455778	 Motif_loss:0.147241965	 Total:0.155603722	 RL_Acc:0.312500000	 Recons_Acc:89.468750000	 Motif_Acc:0.992187500
2021-01-03 06:17:49,783 -  4200 /  7000 (60.0%): 	 Avg_ACC: 0.2187500 	 lr: 0.000100000	 RL_loss:0.642261565	 Recons_loss:0.127293110	 Motif_loss:0.187548891	 Total:0.189534083	 RL_Acc:0.218750000	 Recons_Acc:89.000000000	 Motif_Acc:0.988281250
2021-01-03 06:21:54,030 -  5600 /  7000 (80.0%): 	 Avg_ACC: 0.5000000 	 lr: 0.000100000	 RL_loss:0.720549524	 Recons_loss:0.127492890	 Motif_loss:0.122192636	 Total:0.160870239	 RL_Acc:0.500000000	 Recons_Acc:88.562500000	 Motif_Acc:0.996093750
2021-01-03 06:26:02,081 - 
===============================|    epoch 28   |===============================

2021-01-03 06:26:04,474 -     0 /  7000 (0.0%): 	 Avg_ACC: 0.3437500 	 lr: 0.000100000	 RL_loss:0.341048419	 Recons_loss:0.124397814	 Motif_loss:0.198033124	 Total:0.178267896	 RL_Acc:0.343750000	 Recons_Acc:89.156250000	 Motif_Acc:0.996093750
2021-01-03 06:30:28,991 -  1400 /  7000 (20.0%): 	 Avg_ACC: 0.3437500 	 lr: 0.000100000	 RL_loss:0.615136981	 Recons_loss:0.128131300	 Motif_loss:0.046425521	 Total:0.118035257	 RL_Acc:0.343750000	 Recons_Acc:89.093750000	 Motif_Acc:1.000000000
2021-01-03 06:34:44,531 -  2800 /  7000 (40.0%): 	 Avg_ACC: 0.2187500 	 lr: 0.000100000	 RL_loss:0.496208638	 Recons_loss:0.127073765	 Motif_loss:0.048236459	 Total:0.112465546	 RL_Acc:0.218750000	 Recons_Acc:89.593750000	 Motif_Acc:1.000000000
2021-01-03 06:38:56,964 -  4200 /  7000 (60.0%): 	 Avg_ACC: 0.4062500 	 lr: 0.000100000	 RL_loss:0.504210472	 Recons_loss:0.128675312	 Motif_loss:0.030213580	 Total:0.104654968	 RL_Acc:0.406250000	 Recons_Acc:87.937500000	 Motif_Acc:1.000000000
2021-01-03 06:43:07,780 -  5600 /  7000 (80.0%): 	 Avg_ACC: 0.3750000 	 lr: 0.000100000	 RL_loss:0.612267375	 Recons_loss:0.129375115	 Motif_loss:0.069386646	 Total:0.129994243	 RL_Acc:0.375000000	 Recons_Acc:88.687500000	 Motif_Acc:1.000000000
2021-01-03 06:47:23,598 - 
===============================|    epoch 29   |===============================

2021-01-03 06:47:26,334 -     0 /  7000 (0.0%): 	 Avg_ACC: 0.3125000 	 lr: 0.000100000	 RL_loss:0.435601532	 Recons_loss:0.130823031	 Motif_loss:0.346041590	 Total:0.260212392	 RL_Acc:0.312500000	 Recons_Acc:88.187500000	 Motif_Acc:0.984375000
2021-01-03 06:51:45,994 -  1400 /  7000 (20.0%): 	 Avg_ACC: 0.5625000 	 lr: 0.000100000	 RL_loss:0.203905761	 Recons_loss:0.129958078	 Motif_loss:0.293381274	 Total:0.221864969	 RL_Acc:0.562500000	 Recons_Acc:87.687500000	 Motif_Acc:0.984375000
2021-01-03 06:56:05,666 -  2800 /  7000 (40.0%): 	 Avg_ACC: 0.1250000 	 lr: 0.000100000	 RL_loss:1.498421788	 Recons_loss:0.123577833	 Motif_loss:0.126503453	 Total:0.199961737	 RL_Acc:0.125000000	 Recons_Acc:89.656250000	 Motif_Acc:0.996093750
2021-01-03 07:00:18,443 -  4200 /  7000 (60.0%): 	 Avg_ACC: 0.3437500 	 lr: 0.000100000	 RL_loss:0.353366911	 Recons_loss:0.125362545	 Motif_loss:0.249535069	 Total:0.205117151	 RL_Acc:0.343750000	 Recons_Acc:89.187500000	 Motif_Acc:0.992187500
2021-01-03 07:04:38,211 -  5600 /  7000 (80.0%): 	 Avg_ACC: 0.3437500 	 lr: 0.000100000	 RL_loss:0.404899240	 Recons_loss:0.126246676	 Motif_loss:0.203962266	 Total:0.185349435	 RL_Acc:0.343750000	 Recons_Acc:89.031250000	 Motif_Acc:0.988281250
2021-01-03 07:08:50,931 - 
===============================|    epoch 30   |===============================

2021-01-03 07:08:53,468 -     0 /  7000 (0.0%): 	 Avg_ACC: 0.3437500 	 lr: 0.000100000	 RL_loss:0.441745847	 Recons_loss:0.127526999	 Motif_loss:0.087219700	 Total:0.129460633	 RL_Acc:0.343750000	 Recons_Acc:89.250000000	 Motif_Acc:0.992187500
2021-01-03 07:13:16,445 -  1400 /  7000 (20.0%): 	 Avg_ACC: 0.2500000 	 lr: 0.000100000	 RL_loss:0.500316978	 Recons_loss:0.123876452	 Motif_loss:0.112977542	 Total:0.143442839	 RL_Acc:0.250000000	 Recons_Acc:90.343750000	 Motif_Acc:0.996093750
2021-01-03 07:17:39,086 -  2800 /  7000 (40.0%): 	 Avg_ACC: 0.5000000 	 lr: 0.000100000	 RL_loss:1.056288958	 Recons_loss:0.127565920	 Motif_loss:0.201402441	 Total:0.217298627	 RL_Acc:0.500000000	 Recons_Acc:88.312500000	 Motif_Acc:0.992187500
2021-01-03 07:21:56,817 -  4200 /  7000 (60.0%): 	 Avg_ACC: 0.1875000 	 lr: 0.000100000	 RL_loss:0.376271099	 Recons_loss:0.123407640	 Motif_loss:0.134717852	 Total:0.147876307	 RL_Acc:0.187500000	 Recons_Acc:89.437500000	 Motif_Acc:1.000000000
2021-01-03 07:26:19,322 -  5600 /  7000 (80.0%): 	 Avg_ACC: 0.3125000 	 lr: 0.000100000	 RL_loss:0.347911954	 Recons_loss:0.126637414	 Motif_loss:0.078110799	 Total:0.119769707	 RL_Acc:0.312500000	 Recons_Acc:89.531250000	 Motif_Acc:0.996093750
2021-01-03 07:36:06,904 - 
===============================| start validation |===============================

2021-01-03 07:36:06,905 - 	 Avg_ACC: 0.3766250 	  RL_loss:0.5241691 	  Recons_loss:0.1277025 	  Motif_loss:0.1413268 	  Total:0.1607231 	  RL_Acc:0.3768403 	  Recons_Acc:89.0075936 	  Motif_Acc:0.9960312
2021-01-03 07:36:06,907 -    ini file updated    
2021-01-03 07:36:06,907 - 
===============================|    epoch 31   |===============================

2021-01-03 07:36:09,620 -     0 /  7000 (0.0%): 	 Avg_ACC: 0.4687500 	 lr: 0.000100000	 RL_loss:0.297506034	 Recons_loss:0.125156447	 Motif_loss:0.302114010	 Total:0.228510529	 RL_Acc:0.468750000	 Recons_Acc:89.500000000	 Motif_Acc:0.988281250
2021-01-03 07:40:31,140 -  1400 /  7000 (20.0%): 	 Avg_ACC: 0.2500000 	 lr: 0.000100000	 RL_loss:0.488213569	 Recons_loss:0.126843303	 Motif_loss:0.051839627	 Total:0.113752142	 RL_Acc:0.250000000	 Recons_Acc:88.718750000	 Motif_Acc:1.000000000
2021-01-03 07:44:53,543 -  2800 /  7000 (40.0%): 	 Avg_ACC: 0.4375000 	 lr: 0.000100000	 RL_loss:0.687963009	 Recons_loss:0.128779024	 Motif_loss:0.081812605	 Total:0.139693961	 RL_Acc:0.437500000	 Recons_Acc:89.281250000	 Motif_Acc:0.996093750
2021-01-03 07:49:06,349 -  4200 /  7000 (60.0%): 	 Avg_ACC: 0.5937500 	 lr: 0.000100000	 RL_loss:0.185630083	 Recons_loss:0.126484096	 Motif_loss:0.115494937	 Total:0.130271018	 RL_Acc:0.593750000	 Recons_Acc:88.906250000	 Motif_Acc:0.992187500
2021-01-03 07:53:18,709 -  5600 /  7000 (80.0%): 	 Avg_ACC: 0.4062500 	 lr: 0.000100000	 RL_loss:0.350933105	 Recons_loss:0.127490997	 Motif_loss:0.117574051	 Total:0.140079170	 RL_Acc:0.406250000	 Recons_Acc:88.937500000	 Motif_Acc:1.000000000
2021-01-03 07:57:32,995 - 
===============================|    epoch 32   |===============================

2021-01-03 07:57:35,459 -     0 /  7000 (0.0%): 	 Avg_ACC: 0.4687500 	 lr: 0.000100000	 RL_loss:0.414228380	 Recons_loss:0.129120156	 Motif_loss:0.090977997	 Total:0.130760491	 RL_Acc:0.468750000	 Recons_Acc:89.000000000	 Motif_Acc:0.996093750
2021-01-03 08:01:49,161 -  1400 /  7000 (20.0%): 	 Avg_ACC: 0.4687500 	 lr: 0.000100000	 RL_loss:0.332477391	 Recons_loss:0.124890715	 Motif_loss:0.035055850	 Total:0.096597150	 RL_Acc:0.468750000	 Recons_Acc:88.750000000	 Motif_Acc:1.000000000
2021-01-03 08:05:59,646 -  2800 /  7000 (40.0%): 	 Avg_ACC: 0.2812500 	 lr: 0.000100000	 RL_loss:0.527110696	 Recons_loss:0.126549289	 Motif_loss:0.056917414	 Total:0.118088886	 RL_Acc:0.281250000	 Recons_Acc:88.875000000	 Motif_Acc:1.000000000
2021-01-03 08:10:08,381 -  4200 /  7000 (60.0%): 	 Avg_ACC: 0.4375000 	 lr: 0.000100000	 RL_loss:0.731433690	 Recons_loss:0.130879492	 Motif_loss:0.045928869	 Total:0.124975868	 RL_Acc:0.437500000	 Recons_Acc:88.031250000	 Motif_Acc:1.000000000
2021-01-03 08:14:18,032 -  5600 /  7000 (80.0%): 	 Avg_ACC: 0.3437500 	 lr: 0.000100000	 RL_loss:0.748132765	 Recons_loss:0.127136439	 Motif_loss:0.152235314	 Total:0.177092522	 RL_Acc:0.343750000	 Recons_Acc:89.500000000	 Motif_Acc:0.988281250
2021-01-03 08:18:30,017 - 
===============================|    epoch 33   |===============================

2021-01-03 08:18:32,604 -     0 /  7000 (0.0%): 	 Avg_ACC: 0.3437500 	 lr: 0.000100000	 RL_loss:0.471111506	 Recons_loss:0.130686224	 Motif_loss:0.101305716	 Total:0.139551550	 RL_Acc:0.343750000	 Recons_Acc:87.281250000	 Motif_Acc:0.992187500
2021-01-03 08:22:51,905 -  1400 /  7000 (20.0%): 	 Avg_ACC: 0.4375000 	 lr: 0.000100000	 RL_loss:0.378187954	 Recons_loss:0.130014837	 Motif_loss:0.241786316	 Total:0.204809979	 RL_Acc:0.437500000	 Recons_Acc:88.750000000	 Motif_Acc:0.988281250
2021-01-03 08:27:06,834 -  2800 /  7000 (40.0%): 	 Avg_ACC: 0.5000000 	 lr: 0.000100000	 RL_loss:0.311832100	 Recons_loss:0.121276051	 Motif_loss:0.113463283	 Total:0.132961273	 RL_Acc:0.500000000	 Recons_Acc:90.093750000	 Motif_Acc:0.992187500
2021-01-03 08:31:20,575 -  4200 /  7000 (60.0%): 	 Avg_ACC: 0.2812500 	 lr: 0.000100000	 RL_loss:0.487953722	 Recons_loss:0.128714323	 Motif_loss:0.039119598	 Total:0.108314648	 RL_Acc:0.281250000	 Recons_Acc:88.656250000	 Motif_Acc:1.000000000
2021-01-03 08:35:32,854 -  5600 /  7000 (80.0%): 	 Avg_ACC: 0.4062500 	 lr: 0.000100000	 RL_loss:0.411773026	 Recons_loss:0.126645356	 Motif_loss:0.046128072	 Total:0.106975362	 RL_Acc:0.406250000	 Recons_Acc:88.031250000	 Motif_Acc:1.000000000
2021-01-03 08:39:48,172 - 
===============================|    epoch 34   |===============================

2021-01-03 08:39:50,617 -     0 /  7000 (0.0%): 	 Avg_ACC: 0.3437500 	 lr: 0.000100000	 RL_loss:0.462500989	 Recons_loss:0.127733648	 Motif_loss:0.058387451	 Total:0.116185598	 RL_Acc:0.343750000	 Recons_Acc:88.656250000	 Motif_Acc:1.000000000
2021-01-03 08:44:05,199 -  1400 /  7000 (20.0%): 	 Avg_ACC: 0.3437500 	 lr: 0.000100000	 RL_loss:0.389857113	 Recons_loss:0.130708396	 Motif_loss:0.145243138	 Total:0.157468617	 RL_Acc:0.343750000	 Recons_Acc:88.312500000	 Motif_Acc:0.996093750
2021-01-03 08:48:18,643 -  2800 /  7000 (40.0%): 	 Avg_ACC: 0.4687500 	 lr: 0.000100000	 RL_loss:0.557312667	 Recons_loss:0.127691984	 Motif_loss:0.105078809	 Total:0.144251034	 RL_Acc:0.468750000	 Recons_Acc:88.625000000	 Motif_Acc:0.996093750
2021-01-03 08:52:31,840 -  4200 /  7000 (60.0%): 	 Avg_ACC: 0.4375000 	 lr: 0.000100000	 RL_loss:0.941201866	 Recons_loss:0.129163936	 Motif_loss:0.150452152	 Total:0.186868131	 RL_Acc:0.437500000	 Recons_Acc:88.281250000	 Motif_Acc:0.992187500
2021-01-03 08:56:41,844 -  5600 /  7000 (80.0%): 	 Avg_ACC: 0.4062500 	 lr: 0.000100000	 RL_loss:0.374820620	 Recons_loss:0.124431126	 Motif_loss:0.073894829	 Total:0.117904007	 RL_Acc:0.406250000	 Recons_Acc:89.937500000	 Motif_Acc:1.000000000
2021-01-03 09:00:58,882 - 
===============================|    epoch 35   |===============================

2021-01-03 09:01:01,377 -     0 /  7000 (0.0%): 	 Avg_ACC: 0.3750000 	 lr: 0.000100000	 RL_loss:0.490974069	 Recons_loss:0.125320256	 Motif_loss:0.366837829	 Total:0.270627737	 RL_Acc:0.375000000	 Recons_Acc:89.562500000	 Motif_Acc:0.988281250
2021-01-03 09:05:16,219 -  1400 /  7000 (20.0%): 	 Avg_ACC: 0.2812500 	 lr: 0.000100000	 RL_loss:0.537528753	 Recons_loss:0.126871437	 Motif_loss:0.133748204	 Total:0.157186255	 RL_Acc:0.281250000	 Recons_Acc:88.781250000	 Motif_Acc:0.996093750
2021-01-03 09:09:27,526 -  2800 /  7000 (40.0%): 	 Avg_ACC: 0.3437500 	 lr: 0.000100000	 RL_loss:0.613189995	 Recons_loss:0.132585600	 Motif_loss:0.191764489	 Total:0.192834556	 RL_Acc:0.343750000	 Recons_Acc:88.593750000	 Motif_Acc:0.992187500
2021-01-03 09:13:37,624 -  4200 /  7000 (60.0%): 	 Avg_ACC: 0.4062500 	 lr: 0.000100000	 RL_loss:0.367396593	 Recons_loss:0.129558384	 Motif_loss:0.036677845	 Total:0.101487942	 RL_Acc:0.406250000	 Recons_Acc:88.937500000	 Motif_Acc:1.000000000
2021-01-03 09:17:47,451 -  5600 /  7000 (80.0%): 	 Avg_ACC: 0.5312500 	 lr: 0.000100000	 RL_loss:0.579619884	 Recons_loss:0.127446622	 Motif_loss:0.037316348	 Total:0.111362480	 RL_Acc:0.531250000	 Recons_Acc:88.781250000	 Motif_Acc:1.000000000
2021-01-03 09:21:58,814 - 
===============================|    epoch 36   |===============================

2021-01-03 09:22:01,372 -     0 /  7000 (0.0%): 	 Avg_ACC: 0.4062500 	 lr: 0.000100000	 RL_loss:0.863490224	 Recons_loss:0.131100193	 Motif_loss:0.223430336	 Total:0.220439762	 RL_Acc:0.406250000	 Recons_Acc:89.125000000	 Motif_Acc:0.980468750
2021-01-03 09:26:22,698 -  1400 /  7000 (20.0%): 	 Avg_ACC: 0.3437500 	 lr: 0.000100000	 RL_loss:0.640508056	 Recons_loss:0.125296324	 Motif_loss:0.091586746	 Total:0.140466943	 RL_Acc:0.343750000	 Recons_Acc:89.562500000	 Motif_Acc:0.996093750
2021-01-03 09:30:40,171 -  2800 /  7000 (40.0%): 	 Avg_ACC: 0.3750000 	 lr: 0.000100000	 RL_loss:0.880587280	 Recons_loss:0.124641910	 Motif_loss:0.065534487	 Total:0.139117569	 RL_Acc:0.375000000	 Recons_Acc:89.781250000	 Motif_Acc:1.000000000
2021-01-03 09:34:49,039 -  4200 /  7000 (60.0%): 	 Avg_ACC: 0.3437500 	 lr: 0.000100000	 RL_loss:0.590380788	 Recons_loss:0.128052637	 Motif_loss:0.078451820	 Total:0.132771268	 RL_Acc:0.343750000	 Recons_Acc:88.843750000	 Motif_Acc:0.996093750
2021-01-03 09:38:58,955 -  5600 /  7000 (80.0%): 	 Avg_ACC: 0.2812500 	 lr: 0.000100000	 RL_loss:0.321820170	 Recons_loss:0.127283260	 Motif_loss:0.083958805	 Total:0.121712044	 RL_Acc:0.281250000	 Recons_Acc:88.750000000	 Motif_Acc:0.996093750
2021-01-03 09:43:07,303 - 
===============================|    epoch 37   |===============================

2021-01-03 09:43:09,984 -     0 /  7000 (0.0%): 	 Avg_ACC: 0.3750000 	 lr: 0.000100000	 RL_loss:0.436569184	 Recons_loss:0.129850343	 Motif_loss:0.282732010	 Total:0.228119642	 RL_Acc:0.375000000	 Recons_Acc:87.812500000	 Motif_Acc:0.996093750
2021-01-03 09:47:23,574 -  1400 /  7000 (20.0%): 	 Avg_ACC: 0.2500000 	 lr: 0.000100000	 RL_loss:0.452792466	 Recons_loss:0.130457878	 Motif_loss:0.062103234	 Total:0.118920177	 RL_Acc:0.250000000	 Recons_Acc:87.812500000	 Motif_Acc:1.000000000
2021-01-03 09:51:51,767 -  2800 /  7000 (40.0%): 	 Avg_ACC: 0.4375000 	 lr: 0.000100000	 RL_loss:0.218482286	 Recons_loss:0.127412751	 Motif_loss:0.182690993	 Total:0.165975988	 RL_Acc:0.437500000	 Recons_Acc:88.250000000	 Motif_Acc:0.992187500
2021-01-03 09:56:18,333 -  4200 /  7000 (60.0%): 	 Avg_ACC: 0.3125000 	 lr: 0.000100000	 RL_loss:0.584545851	 Recons_loss:0.127078801	 Motif_loss:0.125506938	 Total:0.155520171	 RL_Acc:0.312500000	 Recons_Acc:89.062500000	 Motif_Acc:0.992187500
2021-01-03 10:00:38,191 -  5600 /  7000 (80.0%): 	 Avg_ACC: 0.4062500 	 lr: 0.000100000	 RL_loss:0.371158183	 Recons_loss:0.124060795	 Motif_loss:0.138403058	 Total:0.149789840	 RL_Acc:0.406250000	 Recons_Acc:89.218750000	 Motif_Acc:0.996093750
2021-01-03 10:05:03,460 - 
===============================|    epoch 38   |===============================

2021-01-03 10:05:05,899 -     0 /  7000 (0.0%): 	 Avg_ACC: 0.2500000 	 lr: 0.000100000	 RL_loss:0.453559667	 Recons_loss:0.131959260	 Motif_loss:0.050311446	 Total:0.113813341	 RL_Acc:0.250000000	 Recons_Acc:88.312500000	 Motif_Acc:1.000000000
2021-01-03 10:09:19,785 -  1400 /  7000 (20.0%): 	 Avg_ACC: 0.4687500 	 lr: 0.000100000	 RL_loss:0.309176683	 Recons_loss:0.131296486	 Motif_loss:0.110771611	 Total:0.136492878	 RL_Acc:0.468750000	 Recons_Acc:88.875000000	 Motif_Acc:0.992187500
2021-01-03 10:13:20,329 -  2800 /  7000 (40.0%): 	 Avg_ACC: 0.4062500 	 lr: 0.000100000	 RL_loss:0.300076544	 Recons_loss:0.124679834	 Motif_loss:0.201921210	 Total:0.178304344	 RL_Acc:0.406250000	 Recons_Acc:90.125000000	 Motif_Acc:0.992187500
2021-01-03 10:17:52,555 -  4200 /  7000 (60.0%): 	 Avg_ACC: 0.3125000 	 lr: 0.000100000	 RL_loss:0.348979056	 Recons_loss:0.125559404	 Motif_loss:0.143987685	 Total:0.152222499	 RL_Acc:0.312500000	 Recons_Acc:89.468750000	 Motif_Acc:0.992187500
2021-01-03 10:22:17,187 -  5600 /  7000 (80.0%): 	 Avg_ACC: 0.5000000 	 lr: 0.000100000	 RL_loss:0.298162699	 Recons_loss:0.127836078	 Motif_loss:0.078042738	 Total:0.117847547	 RL_Acc:0.500000000	 Recons_Acc:88.718750000	 Motif_Acc:1.000000000
2021-01-03 10:26:34,647 - 
===============================|    epoch 39   |===============================

2021-01-03 10:26:37,315 -     0 /  7000 (0.0%): 	 Avg_ACC: 0.4375000 	 lr: 0.000100000	 RL_loss:0.522071779	 Recons_loss:0.127129346	 Motif_loss:0.055469535	 Total:0.117403030	 RL_Acc:0.437500000	 Recons_Acc:89.218750000	 Motif_Acc:1.000000000
2021-01-03 10:30:58,605 -  1400 /  7000 (20.0%): 	 Avg_ACC: 0.3750000 	 lr: 0.000100000	 RL_loss:0.293537021	 Recons_loss:0.130068600	 Motif_loss:0.206564188	 Total:0.182993248	 RL_Acc:0.375000000	 Recons_Acc:88.218750000	 Motif_Acc:0.992187500
2021-01-03 10:35:24,552 -  2800 /  7000 (40.0%): 	 Avg_ACC: 0.5000000 	 lr: 0.000100000	 RL_loss:0.279042453	 Recons_loss:0.129935816	 Motif_loss:0.281035841	 Total:0.219437957	 RL_Acc:0.500000000	 Recons_Acc:88.562500000	 Motif_Acc:0.988281250
2021-01-03 10:39:47,096 -  4200 /  7000 (60.0%): 	 Avg_ACC: 0.4062500 	 lr: 0.000100000	 RL_loss:0.416987717	 Recons_loss:0.126714766	 Motif_loss:0.123409323	 Total:0.145911425	 RL_Acc:0.406250000	 Recons_Acc:89.593750000	 Motif_Acc:0.996093750
2021-01-03 10:44:02,935 -  5600 /  7000 (80.0%): 	 Avg_ACC: 0.4687500 	 lr: 0.000100000	 RL_loss:0.275909245	 Recons_loss:0.127617657	 Motif_loss:0.182845056	 Total:0.169026822	 RL_Acc:0.468750000	 Recons_Acc:88.937500000	 Motif_Acc:0.988281250
2021-01-03 10:48:11,802 - 
===============================|    epoch 40   |===============================

2021-01-03 10:48:14,521 -     0 /  7000 (0.0%): 	 Avg_ACC: 0.5312500 	 lr: 0.000100000	 RL_loss:0.228029251	 Recons_loss:0.127492562	 Motif_loss:0.055504531	 Total:0.102900013	 RL_Acc:0.531250000	 Recons_Acc:88.687500000	 Motif_Acc:1.000000000
2021-01-03 10:52:35,283 -  1400 /  7000 (20.0%): 	 Avg_ACC: 0.2812500 	 lr: 0.000100000	 RL_loss:0.415122360	 Recons_loss:0.131606638	 Motif_loss:0.057474632	 Total:0.115296751	 RL_Acc:0.281250000	 Recons_Acc:88.250000000	 Motif_Acc:1.000000000
2021-01-03 10:56:51,841 -  2800 /  7000 (40.0%): 	 Avg_ACC: 0.1562500 	 lr: 0.000100000	 RL_loss:1.221038103	 Recons_loss:0.127697274	 Motif_loss:0.249483109	 Total:0.249642104	 RL_Acc:0.156250000	 Recons_Acc:89.062500000	 Motif_Acc:0.988281250
2021-01-03 11:01:04,696 -  4200 /  7000 (60.0%): 	 Avg_ACC: 0.4062500 	 lr: 0.000100000	 RL_loss:0.267993897	 Recons_loss:0.125516534	 Motif_loss:0.079653755	 Total:0.115984842	 RL_Acc:0.406250000	 Recons_Acc:89.781250000	 Motif_Acc:0.996093750
2021-01-03 11:04:57,278 -  5600 /  7000 (80.0%): 	 Avg_ACC: 0.5937500 	 lr: 0.000100000	 RL_loss:0.819720924	 Recons_loss:0.127271190	 Motif_loss:0.121126994	 Total:0.165185139	 RL_Acc:0.593750000	 Recons_Acc:88.625000000	 Motif_Acc:0.996093750
2021-01-03 11:14:17,355 - 
===============================| start validation |===============================

2021-01-03 11:14:17,355 - 	 Avg_ACC: 0.3748929 	  RL_loss:0.5226948 	  Recons_loss:0.1277376 	  Motif_loss:0.1472929 	  Total:0.1636500 	  RL_Acc:0.3751072 	  Recons_Acc:88.9485956 	  Motif_Acc:0.9958101
2021-01-03 11:14:17,358 -    ini file updated    
2021-01-03 11:14:17,359 - 
===============================|    epoch 41   |===============================

2021-01-03 11:14:19,591 -     0 /  7000 (0.0%): 	 Avg_ACC: 0.5625000 	 lr: 0.000100000	 RL_loss:0.308170378	 Recons_loss:0.122019961	 Motif_loss:0.036662877	 Total:0.094749942	 RL_Acc:0.562500000	 Recons_Acc:90.218750000	 Motif_Acc:1.000000000
2021-01-03 11:18:19,885 -  1400 /  7000 (20.0%): 	 Avg_ACC: 0.2812500 	 lr: 0.000100000	 RL_loss:0.477913141	 Recons_loss:0.127871171	 Motif_loss:0.157627240	 Total:0.166644871	 RL_Acc:0.281250000	 Recons_Acc:89.093750000	 Motif_Acc:0.992187500
2021-01-03 11:22:15,144 -  2800 /  7000 (40.0%): 	 Avg_ACC: 0.4375000 	 lr: 0.000100000	 RL_loss:0.707907081	 Recons_loss:0.125144973	 Motif_loss:0.030870954	 Total:0.113403320	 RL_Acc:0.437500000	 Recons_Acc:89.500000000	 Motif_Acc:1.000000000
2021-01-03 11:26:11,053 -  4200 /  7000 (60.0%): 	 Avg_ACC: 0.4687500 	 lr: 0.000100000	 RL_loss:0.282307982	 Recons_loss:0.130831167	 Motif_loss:0.132745415	 Total:0.145903692	 RL_Acc:0.468750000	 Recons_Acc:87.562500000	 Motif_Acc:0.996093750
2021-01-03 11:30:04,376 -  5600 /  7000 (80.0%): 	 Avg_ACC: 0.4687500 	 lr: 0.000100000	 RL_loss:0.452797353	 Recons_loss:0.125492558	 Motif_loss:0.183913574	 Total:0.177342936	 RL_Acc:0.468750000	 Recons_Acc:89.156250000	 Motif_Acc:0.996093750
2021-01-03 11:33:54,795 - 
===============================|    epoch 42   |===============================

2021-01-03 11:33:56,918 -     0 /  7000 (0.0%): 	 Avg_ACC: 0.5000000 	 lr: 0.000100000	 RL_loss:0.362039447	 Recons_loss:0.136559919	 Motif_loss:0.062569313	 Total:0.117666587	 RL_Acc:0.500000000	 Recons_Acc:86.375000000	 Motif_Acc:1.000000000
2021-01-03 11:38:01,002 -  1400 /  7000 (20.0%): 	 Avg_ACC: 0.5312500 	 lr: 0.000100000	 RL_loss:0.249922350	 Recons_loss:0.131833136	 Motif_loss:0.071777664	 Total:0.114301518	 RL_Acc:0.531250000	 Recons_Acc:87.906250000	 Motif_Acc:0.996093750
2021-01-03 11:41:48,835 -  2800 /  7000 (40.0%): 	 Avg_ACC: 0.1875000 	 lr: 0.000100000	 RL_loss:0.691096365	 Recons_loss:0.127897769	 Motif_loss:0.034646597	 Total:0.115827002	 RL_Acc:0.187500000	 Recons_Acc:89.093750000	 Motif_Acc:1.000000000
2021-01-03 11:45:54,428 -  4200 /  7000 (60.0%): 	 Avg_ACC: 0.2187500 	 lr: 0.000100000	 RL_loss:0.544283450	 Recons_loss:0.126929775	 Motif_loss:0.075354755	 Total:0.128356427	 RL_Acc:0.218750000	 Recons_Acc:89.281250000	 Motif_Acc:1.000000000
2021-01-03 11:49:47,171 -  5600 /  7000 (80.0%): 	 Avg_ACC: 0.4375000 	 lr: 0.000100000	 RL_loss:0.437426060	 Recons_loss:0.131256729	 Motif_loss:0.080672801	 Total:0.127836078	 RL_Acc:0.437500000	 Recons_Acc:88.281250000	 Motif_Acc:0.996093750
2021-01-03 11:53:52,622 - 
===============================|    epoch 43   |===============================

2021-01-03 11:53:54,640 -     0 /  7000 (0.0%): 	 Avg_ACC: 0.4062500 	 lr: 0.000100000	 RL_loss:0.511563301	 Recons_loss:0.127836794	 Motif_loss:0.089049421	 Total:0.134021282	 RL_Acc:0.406250000	 Recons_Acc:88.875000000	 Motif_Acc:0.996093750
2021-01-03 11:58:09,484 -  1400 /  7000 (20.0%): 	 Avg_ACC: 0.4062500 	 lr: 0.000100000	 RL_loss:0.611666679	 Recons_loss:0.127574548	 Motif_loss:0.269761920	 Total:0.229251564	 RL_Acc:0.406250000	 Recons_Acc:89.281250000	 Motif_Acc:0.992187500
2021-01-03 12:02:23,314 -  2800 /  7000 (40.0%): 	 Avg_ACC: 0.4375000 	 lr: 0.000100000	 RL_loss:0.318057746	 Recons_loss:0.126592398	 Motif_loss:0.059355844	 Total:0.108877011	 RL_Acc:0.437500000	 Recons_Acc:89.156250000	 Motif_Acc:1.000000000
2021-01-03 12:06:35,695 -  4200 /  7000 (60.0%): 	 Avg_ACC: 0.4375000 	 lr: 0.000100000	 RL_loss:0.384217262	 Recons_loss:0.128795564	 Motif_loss:0.371701837	 Total:0.269459546	 RL_Acc:0.437500000	 Recons_Acc:88.750000000	 Motif_Acc:0.988281250
2021-01-03 12:10:53,451 -  5600 /  7000 (80.0%): 	 Avg_ACC: 0.2500000 	 lr: 0.000100000	 RL_loss:0.694973469	 Recons_loss:0.127252027	 Motif_loss:0.092763163	 Total:0.144756258	 RL_Acc:0.250000000	 Recons_Acc:88.906250000	 Motif_Acc:0.996093750
2021-01-03 12:15:11,217 - 
===============================|    epoch 44   |===============================

2021-01-03 12:15:13,620 -     0 /  7000 (0.0%): 	 Avg_ACC: 0.4375000 	 lr: 0.000100000	 RL_loss:0.662496924	 Recons_loss:0.129463822	 Motif_loss:0.058738910	 Total:0.127226204	 RL_Acc:0.437500000	 Recons_Acc:88.625000000	 Motif_Acc:1.000000000
2021-01-03 12:19:31,157 -  1400 /  7000 (20.0%): 	 Avg_ACC: 0.3750000 	 lr: 0.000100000	 RL_loss:0.387682617	 Recons_loss:0.127255693	 Motif_loss:0.239824831	 Total:0.202924401	 RL_Acc:0.375000000	 Recons_Acc:89.187500000	 Motif_Acc:0.992187500
2021-01-03 12:23:42,812 -  2800 /  7000 (40.0%): 	 Avg_ACC: 0.4687500 	 lr: 0.000100000	 RL_loss:0.383402348	 Recons_loss:0.128135279	 Motif_loss:0.206942782	 Total:0.186709151	 RL_Acc:0.468750000	 Recons_Acc:88.531250000	 Motif_Acc:0.992187500
2021-01-03 12:27:50,212 -  4200 /  7000 (60.0%): 	 Avg_ACC: 0.3437500 	 lr: 0.000100000	 RL_loss:0.325482905	 Recons_loss:0.127783477	 Motif_loss:0.042290337	 Total:0.101311050	 RL_Acc:0.343750000	 Recons_Acc:88.593750000	 Motif_Acc:1.000000000
2021-01-03 12:32:01,061 -  5600 /  7000 (80.0%): 	 Avg_ACC: 0.3750000 	 lr: 0.000100000	 RL_loss:0.380691886	 Recons_loss:0.127631843	 Motif_loss:0.228196353	 Total:0.196948692	 RL_Acc:0.375000000	 Recons_Acc:88.812500000	 Motif_Acc:0.988281250
2021-01-03 12:36:11,648 - 
===============================|    epoch 45   |===============================

2021-01-03 12:36:14,436 -     0 /  7000 (0.0%): 	 Avg_ACC: 0.3437500 	 lr: 0.000100000	 RL_loss:0.276210099	 Recons_loss:0.127445549	 Motif_loss:0.119722009	 Total:0.137394279	 RL_Acc:0.343750000	 Recons_Acc:88.718750000	 Motif_Acc:0.992187500
2021-01-03 12:40:28,040 -  1400 /  7000 (20.0%): 	 Avg_ACC: 0.3437500 	 lr: 0.000100000	 RL_loss:0.303123802	 Recons_loss:0.129715413	 Motif_loss:0.077432342	 Total:0.118730068	 RL_Acc:0.343750000	 Recons_Acc:87.718750000	 Motif_Acc:0.996093750
2021-01-03 12:44:39,323 -  2800 /  7000 (40.0%): 	 Avg_ACC: 0.2500000 	 lr: 0.000100000	 RL_loss:0.345113516	 Recons_loss:0.125634223	 Motif_loss:0.122212097	 Total:0.141178846	 RL_Acc:0.250000000	 Recons_Acc:89.875000000	 Motif_Acc:1.000000000
2021-01-03 12:48:51,765 -  4200 /  7000 (60.0%): 	 Avg_ACC: 0.3125000 	 lr: 0.000100000	 RL_loss:0.460745573	 Recons_loss:0.127055705	 Motif_loss:0.026989117	 Total:0.100059688	 RL_Acc:0.312500000	 Recons_Acc:89.468750000	 Motif_Acc:1.000000000
2021-01-03 12:53:12,942 -  5600 /  7000 (80.0%): 	 Avg_ACC: 0.4375000 	 lr: 0.000100000	 RL_loss:0.465800345	 Recons_loss:0.131569877	 Motif_loss:0.092830591	 Total:0.135490254	 RL_Acc:0.437500000	 Recons_Acc:87.718750000	 Motif_Acc:1.000000000
2021-01-03 12:57:33,638 - 
===============================|    epoch 46   |===============================

2021-01-03 12:57:36,345 -     0 /  7000 (0.0%): 	 Avg_ACC: 0.2500000 	 lr: 0.000100000	 RL_loss:0.441272914	 Recons_loss:0.124450453	 Motif_loss:0.049101248	 Total:0.108839497	 RL_Acc:0.250000000	 Recons_Acc:90.281250000	 Motif_Acc:1.000000000
2021-01-03 13:01:51,146 -  1400 /  7000 (20.0%): 	 Avg_ACC: 0.3437500 	 lr: 0.000100000	 RL_loss:0.436068386	 Recons_loss:0.128621414	 Motif_loss:0.267895132	 Total:0.220061690	 RL_Acc:0.343750000	 Recons_Acc:89.187500000	 Motif_Acc:0.984375000
2021-01-03 13:05:59,472 -  2800 /  7000 (40.0%): 	 Avg_ACC: 0.4062500 	 lr: 0.000100000	 RL_loss:0.763447702	 Recons_loss:0.128374115	 Motif_loss:0.177690327	 Total:0.191204607	 RL_Acc:0.406250000	 Recons_Acc:88.656250000	 Motif_Acc:0.996093750
2021-01-03 13:10:23,750 -  4200 /  7000 (60.0%): 	 Avg_ACC: 0.3125000 	 lr: 0.000100000	 RL_loss:0.847130895	 Recons_loss:0.124898180	 Motif_loss:0.243394554	 Total:0.226502925	 RL_Acc:0.312500000	 Recons_Acc:89.531250000	 Motif_Acc:0.996093750
2021-01-03 13:14:46,389 -  5600 /  7000 (80.0%): 	 Avg_ACC: 0.5000000 	 lr: 0.000100000	 RL_loss:0.277822763	 Recons_loss:0.126330957	 Motif_loss:0.037378807	 Total:0.095746018	 RL_Acc:0.500000000	 Recons_Acc:88.906250000	 Motif_Acc:1.000000000
2021-01-03 13:19:04,292 - 
===============================|    epoch 47   |===============================

2021-01-03 13:19:06,895 -     0 /  7000 (0.0%): 	 Avg_ACC: 0.4687500 	 lr: 0.000100000	 RL_loss:0.612136900	 Recons_loss:0.129315615	 Motif_loss:0.070364341	 Total:0.130446821	 RL_Acc:0.468750000	 Recons_Acc:88.906250000	 Motif_Acc:1.000000000
2021-01-03 13:23:17,667 -  1400 /  7000 (20.0%): 	 Avg_ACC: 0.2812500 	 lr: 0.000100000	 RL_loss:0.691152155	 Recons_loss:0.129016414	 Motif_loss:0.075659908	 Total:0.136895776	 RL_Acc:0.281250000	 Recons_Acc:88.250000000	 Motif_Acc:1.000000000
2021-01-03 13:27:36,122 -  2800 /  7000 (40.0%): 	 Avg_ACC: 0.4375000 	 lr: 0.000100000	 RL_loss:0.370810717	 Recons_loss:0.127038226	 Motif_loss:0.146751761	 Total:0.155435532	 RL_Acc:0.437500000	 Recons_Acc:88.812500000	 Motif_Acc:0.996093750
2021-01-03 13:31:47,334 -  4200 /  7000 (60.0%): 	 Avg_ACC: 0.5000000 	 lr: 0.000100000	 RL_loss:0.289098531	 Recons_loss:0.127588853	 Motif_loss:0.026156290	 Total:0.091327496	 RL_Acc:0.500000000	 Recons_Acc:88.687500000	 Motif_Acc:1.000000000
2021-01-03 13:35:58,430 -  5600 /  7000 (80.0%): 	 Avg_ACC: 0.3437500 	 lr: 0.000100000	 RL_loss:0.604045749	 Recons_loss:0.129750103	 Motif_loss:0.065320343	 Total:0.127737507	 RL_Acc:0.343750000	 Recons_Acc:88.281250000	 Motif_Acc:1.000000000
2021-01-03 13:40:07,505 - 
===============================|    epoch 48   |===============================

2021-01-03 13:40:09,945 -     0 /  7000 (0.0%): 	 Avg_ACC: 0.3437500 	 lr: 0.000100000	 RL_loss:0.458351552	 Recons_loss:0.129188627	 Motif_loss:0.400579661	 Total:0.287801743	 RL_Acc:0.343750000	 Recons_Acc:88.406250000	 Motif_Acc:0.988281250
2021-01-03 13:44:22,315 -  1400 /  7000 (20.0%): 	 Avg_ACC: 0.4687500 	 lr: 0.000100000	 RL_loss:0.316193074	 Recons_loss:0.128433496	 Motif_loss:0.099752709	 Total:0.129902750	 RL_Acc:0.468750000	 Recons_Acc:88.875000000	 Motif_Acc:1.000000000
2021-01-03 13:48:37,052 -  2800 /  7000 (40.0%): 	 Avg_ACC: 0.4375000 	 lr: 0.000100000	 RL_loss:0.339525223	 Recons_loss:0.122577943	 Motif_loss:0.100988954	 Total:0.128759712	 RL_Acc:0.437500000	 Recons_Acc:89.312500000	 Motif_Acc:0.996093750
2021-01-03 13:52:56,427 -  4200 /  7000 (60.0%): 	 Avg_ACC: 0.3750000 	 lr: 0.000100000	 RL_loss:0.500077784	 Recons_loss:0.127429336	 Motif_loss:0.202265918	 Total:0.189851522	 RL_Acc:0.375000000	 Recons_Acc:89.218750000	 Motif_Acc:0.988281250
2021-01-03 13:57:07,132 -  5600 /  7000 (80.0%): 	 Avg_ACC: 0.3750000 	 lr: 0.000100000	 RL_loss:0.459576011	 Recons_loss:0.125345126	 Motif_loss:0.148451343	 Total:0.159877032	 RL_Acc:0.375000000	 Recons_Acc:89.093750000	 Motif_Acc:0.996093750
2021-01-03 14:01:16,770 - 
===============================|    epoch 49   |===============================

2021-01-03 14:01:19,374 -     0 /  7000 (0.0%): 	 Avg_ACC: 0.3437500 	 lr: 0.000100000	 RL_loss:0.397027522	 Recons_loss:0.130676538	 Motif_loss:0.249294519	 Total:0.209836900	 RL_Acc:0.343750000	 Recons_Acc:88.343750000	 Motif_Acc:0.988281250
2021-01-03 14:05:34,874 -  1400 /  7000 (20.0%): 	 Avg_ACC: 0.4687500 	 lr: 0.000100000	 RL_loss:0.257603109	 Recons_loss:0.126221851	 Motif_loss:0.315745771	 Total:0.233863980	 RL_Acc:0.468750000	 Recons_Acc:88.625000000	 Motif_Acc:0.992187500
2021-01-03 14:09:58,785 -  2800 /  7000 (40.0%): 	 Avg_ACC: 0.5625000 	 lr: 0.000100000	 RL_loss:0.329764009	 Recons_loss:0.129373848	 Motif_loss:0.067651272	 Total:0.115000762	 RL_Acc:0.562500000	 Recons_Acc:88.437500000	 Motif_Acc:1.000000000
2021-01-03 14:14:16,130 -  4200 /  7000 (60.0%): 	 Avg_ACC: 0.4062500 	 lr: 0.000100000	 RL_loss:0.317220002	 Recons_loss:0.128838152	 Motif_loss:0.032036722	 Total:0.096298441	 RL_Acc:0.406250000	 Recons_Acc:88.656250000	 Motif_Acc:1.000000000
2021-01-03 14:18:43,803 -  5600 /  7000 (80.0%): 	 Avg_ACC: 0.3125000 	 lr: 0.000100000	 RL_loss:0.295921028	 Recons_loss:0.126621440	 Motif_loss:0.198992997	 Total:0.177603275	 RL_Acc:0.312500000	 Recons_Acc:88.406250000	 Motif_Acc:0.992187500
2021-01-03 14:22:59,232 - 
===============================|    epoch 50   |===============================

2021-01-03 14:23:01,883 -     0 /  7000 (0.0%): 	 Avg_ACC: 0.2500000 	 lr: 0.000100000	 RL_loss:0.427560031	 Recons_loss:0.126404047	 Motif_loss:0.042456605	 Total:0.105808325	 RL_Acc:0.250000000	 Recons_Acc:89.000000000	 Motif_Acc:1.000000000
2021-01-03 14:27:16,483 -  1400 /  7000 (20.0%): 	 Avg_ACC: 0.4375000 	 lr: 0.000100000	 RL_loss:0.353368819	 Recons_loss:0.128520474	 Motif_loss:0.091822334	 Total:0.127839833	 RL_Acc:0.437500000	 Recons_Acc:88.500000000	 Motif_Acc:0.992187500
2021-01-03 14:31:34,502 -  2800 /  7000 (40.0%): 	 Avg_ACC: 0.4687500 	 lr: 0.000100000	 RL_loss:0.377814353	 Recons_loss:0.125320524	 Motif_loss:0.058928713	 Total:0.111015335	 RL_Acc:0.468750000	 Recons_Acc:89.187500000	 Motif_Acc:1.000000000
2021-01-03 14:35:45,716 -  4200 /  7000 (60.0%): 	 Avg_ACC: 0.4062500 	 lr: 0.000100000	 RL_loss:0.495739281	 Recons_loss:0.127824798	 Motif_loss:0.372815967	 Total:0.275107354	 RL_Acc:0.406250000	 Recons_Acc:88.937500000	 Motif_Acc:0.992187500
2021-01-03 14:39:57,106 -  5600 /  7000 (80.0%): 	 Avg_ACC: 0.4375000 	 lr: 0.000100000	 RL_loss:0.523658812	 Recons_loss:0.126640022	 Motif_loss:0.104958735	 Total:0.141982317	 RL_Acc:0.437500000	 Recons_Acc:89.468750000	 Motif_Acc:0.996093750
2021-01-03 14:49:19,270 - 
===============================| start validation |===============================

2021-01-03 14:49:19,271 - 	 Avg_ACC: 0.3738571 	  RL_loss:0.5191489 	  Recons_loss:0.1278741 	  Motif_loss:0.1506243 	  Total:0.1652066 	  RL_Acc:0.3740709 	  Recons_Acc:88.9515616 	  Motif_Acc:0.9955644
2021-01-03 14:49:19,273 -    ini file updated    
2021-01-03 14:49:19,273 - 
===============================|    epoch 51   |===============================

2021-01-03 14:49:21,612 -     0 /  7000 (0.0%): 	 Avg_ACC: 0.4062500 	 lr: 0.000100000	 RL_loss:0.495800734	 Recons_loss:0.127521917	 Motif_loss:0.066122651	 Total:0.121612325	 RL_Acc:0.406250000	 Recons_Acc:89.062500000	 Motif_Acc:1.000000000
2021-01-03 14:53:32,981 -  1400 /  7000 (20.0%): 	 Avg_ACC: 0.3750000 	 lr: 0.000100000	 RL_loss:0.443492234	 Recons_loss:0.127967536	 Motif_loss:0.250827372	 Total:0.211572066	 RL_Acc:0.375000000	 Recons_Acc:88.968750000	 Motif_Acc:0.992187500
2021-01-03 14:57:52,249 -  2800 /  7000 (40.0%): 	 Avg_ACC: 0.2812500 	 lr: 0.000100000	 RL_loss:0.357134163	 Recons_loss:0.131876886	 Motif_loss:0.231820345	 Total:0.199705318	 RL_Acc:0.281250000	 Recons_Acc:87.250000000	 Motif_Acc:0.992187500
2021-01-03 15:02:23,078 -  4200 /  7000 (60.0%): 	 Avg_ACC: 0.4687500 	 lr: 0.000100000	 RL_loss:1.106433988	 Recons_loss:0.129406676	 Motif_loss:0.061537288	 Total:0.150793672	 RL_Acc:0.468750000	 Recons_Acc:87.843750000	 Motif_Acc:1.000000000
2021-01-03 15:06:51,439 -  5600 /  7000 (80.0%): 	 Avg_ACC: 0.4375000 	 lr: 0.000100000	 RL_loss:0.421961188	 Recons_loss:0.126801550	 Motif_loss:0.206907064	 Total:0.187952369	 RL_Acc:0.437500000	 Recons_Acc:89.562500000	 Motif_Acc:0.992187500
2021-01-03 15:11:10,218 - 
===============================|    epoch 52   |===============================

2021-01-03 15:11:12,569 -     0 /  7000 (0.0%): 	 Avg_ACC: 0.3437500 	 lr: 0.000100000	 RL_loss:0.367877126	 Recons_loss:0.127696678	 Motif_loss:0.144147724	 Total:0.154316068	 RL_Acc:0.343750000	 Recons_Acc:89.500000000	 Motif_Acc:0.996093750
2021-01-03 15:15:30,591 -  1400 /  7000 (20.0%): 	 Avg_ACC: 0.5625000 	 lr: 0.000100000	 RL_loss:0.314225554	 Recons_loss:0.129721463	 Motif_loss:0.066108026	 Total:0.113626018	 RL_Acc:0.562500000	 Recons_Acc:89.093750000	 Motif_Acc:1.000000000
2021-01-03 15:19:45,571 -  2800 /  7000 (40.0%): 	 Avg_ACC: 0.3750000 	 lr: 0.000100000	 RL_loss:0.573652029	 Recons_loss:0.126130208	 Motif_loss:0.188638896	 Total:0.186067164	 RL_Acc:0.375000000	 Recons_Acc:89.312500000	 Motif_Acc:0.988281250
2021-01-03 15:23:47,998 -  4200 /  7000 (60.0%): 	 Avg_ACC: 0.4375000 	 lr: 0.000100000	 RL_loss:0.700921178	 Recons_loss:0.127787799	 Motif_loss:0.283601433	 Total:0.240740672	 RL_Acc:0.437500000	 Recons_Acc:89.375000000	 Motif_Acc:0.988281250
2021-01-03 15:27:37,555 -  5600 /  7000 (80.0%): 	 Avg_ACC: 0.4375000 	 lr: 0.000100000	 RL_loss:0.455565184	 Recons_loss:0.127943128	 Motif_loss:0.127938136	 Total:0.150718898	 RL_Acc:0.437500000	 Recons_Acc:87.625000000	 Motif_Acc:0.992187500
2021-01-03 15:31:29,083 - 
===============================|    epoch 53   |===============================

2021-01-03 15:31:31,713 -     0 /  7000 (0.0%): 	 Avg_ACC: 0.4687500 	 lr: 0.000100000	 RL_loss:0.204002291	 Recons_loss:0.129891038	 Motif_loss:0.151044622	 Total:0.150667936	 RL_Acc:0.468750000	 Recons_Acc:88.093750000	 Motif_Acc:0.996093750
2021-01-03 15:35:43,132 -  1400 /  7000 (20.0%): 	 Avg_ACC: 0.3750000 	 lr: 0.000100000	 RL_loss:0.260740757	 Recons_loss:0.127849281	 Motif_loss:0.077387437	 Total:0.115655392	 RL_Acc:0.375000000	 Recons_Acc:88.468750000	 Motif_Acc:0.996093750
2021-01-03 15:39:48,008 -  2800 /  7000 (40.0%): 	 Avg_ACC: 0.5000000 	 lr: 0.000100000	 RL_loss:0.361316144	 Recons_loss:0.127453268	 Motif_loss:0.171010956	 Total:0.167297930	 RL_Acc:0.500000000	 Recons_Acc:88.843750000	 Motif_Acc:0.996093750
2021-01-03 15:43:45,177 -  4200 /  7000 (60.0%): 	 Avg_ACC: 0.3125000 	 lr: 0.000100000	 RL_loss:0.437711418	 Recons_loss:0.126525372	 Motif_loss:0.512206793	 Total:0.341251671	 RL_Acc:0.312500000	 Recons_Acc:89.406250000	 Motif_Acc:0.984375000
2021-01-03 15:47:41,126 -  5600 /  7000 (80.0%): 	 Avg_ACC: 0.2812500 	 lr: 0.000100000	 RL_loss:0.269409120	 Recons_loss:0.129396513	 Motif_loss:0.105311275	 Total:0.130824357	 RL_Acc:0.281250000	 Recons_Acc:88.968750000	 Motif_Acc:0.996093750
2021-01-03 15:51:43,832 - 
===============================|    epoch 54   |===============================

2021-01-03 15:51:46,481 -     0 /  7000 (0.0%): 	 Avg_ACC: 0.3437500 	 lr: 0.000100000	 RL_loss:0.488528311	 Recons_loss:0.125245452	 Motif_loss:0.045787819	 Total:0.109943047	 RL_Acc:0.343750000	 Recons_Acc:89.531250000	 Motif_Acc:1.000000000
2021-01-03 15:55:54,145 -  1400 /  7000 (20.0%): 	 Avg_ACC: 0.5000000 	 lr: 0.000100000	 RL_loss:0.196225405	 Recons_loss:0.131541014	 Motif_loss:0.232345551	 Total:0.191754550	 RL_Acc:0.500000000	 Recons_Acc:88.000000000	 Motif_Acc:0.992187500
2021-01-03 16:00:06,194 -  2800 /  7000 (40.0%): 	 Avg_ACC: 0.3125000 	 lr: 0.000100000	 RL_loss:0.345927209	 Recons_loss:0.126440063	 Motif_loss:0.049664091	 Total:0.105348438	 RL_Acc:0.312500000	 Recons_Acc:89.468750000	 Motif_Acc:1.000000000
2021-01-03 16:04:47,035 -  4200 /  7000 (60.0%): 	 Avg_ACC: 0.3437500 	 lr: 0.000100000	 RL_loss:1.059238434	 Recons_loss:0.122786328	 Motif_loss:0.373567820	 Total:0.301138997	 RL_Acc:0.343750000	 Recons_Acc:89.093750000	 Motif_Acc:0.984375000
2021-01-03 16:09:09,937 -  5600 /  7000 (80.0%): 	 Avg_ACC: 0.5312500 	 lr: 0.000100000	 RL_loss:0.262957513	 Recons_loss:0.125169605	 Motif_loss:0.094118863	 Total:0.122792110	 RL_Acc:0.531250000	 Recons_Acc:88.687500000	 Motif_Acc:0.996093750
2021-01-03 16:13:39,738 - 
===============================|    epoch 55   |===============================

2021-01-03 16:13:42,560 -     0 /  7000 (0.0%): 	 Avg_ACC: 0.5000000 	 lr: 0.000100000	 RL_loss:0.635062218	 Recons_loss:0.129453689	 Motif_loss:0.063150145	 Total:0.128055036	 RL_Acc:0.500000000	 Recons_Acc:88.593750000	 Motif_Acc:1.000000000
2021-01-03 16:17:59,733 -  1400 /  7000 (20.0%): 	 Avg_ACC: 0.5937500 	 lr: 0.000100000	 RL_loss:0.279300302	 Recons_loss:0.127648115	 Motif_loss:0.177225634	 Total:0.166401893	 RL_Acc:0.593750000	 Recons_Acc:88.531250000	 Motif_Acc:0.988281250
2021-01-03 16:22:20,164 -  2800 /  7000 (40.0%): 	 Avg_ACC: 0.1875000 	 lr: 0.000100000	 RL_loss:1.020880222	 Recons_loss:0.130844325	 Motif_loss:0.114771724	 Total:0.173852041	 RL_Acc:0.187500000	 Recons_Acc:88.906250000	 Motif_Acc:0.996093750
2021-01-03 16:26:43,793 -  4200 /  7000 (60.0%): 	 Avg_ACC: 0.1562500 	 lr: 0.000100000	 RL_loss:0.622254491	 Recons_loss:0.124937780	 Motif_loss:0.141656533	 Total:0.164409876	 RL_Acc:0.156250000	 Recons_Acc:89.593750000	 Motif_Acc:0.992187500
2021-01-03 16:31:04,871 -  5600 /  7000 (80.0%): 	 Avg_ACC: 0.5625000 	 lr: 0.000100000	 RL_loss:0.236930847	 Recons_loss:0.127265990	 Motif_loss:0.077554330	 Total:0.114256702	 RL_Acc:0.562500000	 Recons_Acc:89.218750000	 Motif_Acc:1.000000000
2021-01-03 16:35:19,754 - 
===============================|    epoch 56   |===============================

2021-01-03 16:35:22,618 -     0 /  7000 (0.0%): 	 Avg_ACC: 0.3750000 	 lr: 0.000100000	 RL_loss:0.401591539	 Recons_loss:0.126587182	 Motif_loss:0.118172780	 Total:0.142459556	 RL_Acc:0.375000000	 Recons_Acc:89.625000000	 Motif_Acc:0.996093750
2021-01-03 16:39:32,767 -  1400 /  7000 (20.0%): 	 Avg_ACC: 0.5312500 	 lr: 0.000100000	 RL_loss:0.478027582	 Recons_loss:0.131064311	 Motif_loss:0.071346723	 Total:0.125106901	 RL_Acc:0.531250000	 Recons_Acc:88.968750000	 Motif_Acc:1.000000000
2021-01-03 16:43:50,299 -  2800 /  7000 (40.0%): 	 Avg_ACC: 0.2812500 	 lr: 0.000100000	 RL_loss:0.463413149	 Recons_loss:0.125696018	 Motif_loss:0.156514555	 Total:0.164275944	 RL_Acc:0.281250000	 Recons_Acc:90.343750000	 Motif_Acc:0.996093750
2021-01-03 16:48:03,449 -  4200 /  7000 (60.0%): 	 Avg_ACC: 0.3437500 	 lr: 0.000100000	 RL_loss:0.332915574	 Recons_loss:0.131838143	 Motif_loss:0.263056189	 Total:0.214092940	 RL_Acc:0.343750000	 Recons_Acc:87.750000000	 Motif_Acc:0.992187500
2021-01-03 16:52:27,886 -  5600 /  7000 (80.0%): 	 Avg_ACC: 0.4062500 	 lr: 0.000100000	 RL_loss:0.376833349	 Recons_loss:0.126450747	 Motif_loss:0.102317333	 Total:0.133225709	 RL_Acc:0.406250000	 Recons_Acc:89.593750000	 Motif_Acc:0.996093750
2021-01-03 16:56:45,969 - 
===============================|    epoch 57   |===============================

2021-01-03 16:56:48,564 -     0 /  7000 (0.0%): 	 Avg_ACC: 0.3750000 	 lr: 0.000100000	 RL_loss:0.511800826	 Recons_loss:0.127799988	 Motif_loss:0.107117020	 Total:0.143048555	 RL_Acc:0.375000000	 Recons_Acc:88.312500000	 Motif_Acc:1.000000000
2021-01-03 17:01:05,176 -  1400 /  7000 (20.0%): 	 Avg_ACC: 0.4375000 	 lr: 0.000100000	 RL_loss:0.204434052	 Recons_loss:0.128182054	 Motif_loss:0.057912596	 Total:0.103269026	 RL_Acc:0.437500000	 Recons_Acc:89.468750000	 Motif_Acc:0.996093750
2021-01-03 17:04:41,741 -  2800 /  7000 (40.0%): 	 Avg_ACC: 0.5000000 	 lr: 0.000100000	 RL_loss:0.399989396	 Recons_loss:0.129345253	 Motif_loss:0.310050607	 Total:0.239697397	 RL_Acc:0.500000000	 Recons_Acc:88.750000000	 Motif_Acc:0.988281250
2021-01-03 17:07:31,322 -  4200 /  7000 (60.0%): 	 Avg_ACC: 0.3125000 	 lr: 0.000100000	 RL_loss:0.840769649	 Recons_loss:0.124974772	 Motif_loss:0.167421341	 Total:0.188236535	 RL_Acc:0.312500000	 Recons_Acc:89.468750000	 Motif_Acc:0.992187500
2021-01-03 17:10:22,724 -  5600 /  7000 (80.0%): 	 Avg_ACC: 0.3125000 	 lr: 0.000100000	 RL_loss:0.559131026	 Recons_loss:0.127798229	 Motif_loss:0.066727437	 Total:0.125219375	 RL_Acc:0.312500000	 Recons_Acc:89.343750000	 Motif_Acc:1.000000000
2021-01-03 17:13:12,548 - 
===============================|    epoch 58   |===============================

2021-01-03 17:13:14,407 -     0 /  7000 (0.0%): 	 Avg_ACC: 0.4375000 	 lr: 0.000100000	 RL_loss:0.338642687	 Recons_loss:0.124836348	 Motif_loss:0.247195318	 Total:0.202947974	 RL_Acc:0.437500000	 Recons_Acc:89.062500000	 Motif_Acc:0.996093750
2021-01-03 17:16:04,890 -  1400 /  7000 (20.0%): 	 Avg_ACC: 0.4062500 	 lr: 0.000100000	 RL_loss:0.334260553	 Recons_loss:0.122569785	 Motif_loss:0.039321102	 Total:0.097658470	 RL_Acc:0.406250000	 Recons_Acc:90.843750000	 Motif_Acc:1.000000000
2021-01-03 17:18:54,543 -  2800 /  7000 (40.0%): 	 Avg_ACC: 0.5000000 	 lr: 0.000100000	 RL_loss:0.993677497	 Recons_loss:0.128617778	 Motif_loss:0.066216245	 Total:0.147100896	 RL_Acc:0.500000000	 Recons_Acc:89.437500000	 Motif_Acc:1.000000000
2021-01-03 17:21:44,362 -  4200 /  7000 (60.0%): 	 Avg_ACC: 0.4062500 	 lr: 0.000100000	 RL_loss:0.982563376	 Recons_loss:0.127697319	 Motif_loss:0.247157902	 Total:0.236555785	 RL_Acc:0.406250000	 Recons_Acc:89.562500000	 Motif_Acc:0.992187500
2021-01-03 17:24:35,037 -  5600 /  7000 (80.0%): 	 Avg_ACC: 0.4375000 	 lr: 0.000100000	 RL_loss:0.846246839	 Recons_loss:0.127469882	 Motif_loss:0.086647235	 Total:0.149370909	 RL_Acc:0.437500000	 Recons_Acc:88.406250000	 Motif_Acc:0.996093750
2021-01-03 17:27:24,462 - 
===============================|    epoch 59   |===============================

2021-01-03 17:27:26,497 -     0 /  7000 (0.0%): 	 Avg_ACC: 0.5000000 	 lr: 0.000100000	 RL_loss:0.283914030	 Recons_loss:0.127944931	 Motif_loss:0.132642657	 Total:0.144489497	 RL_Acc:0.500000000	 Recons_Acc:88.375000000	 Motif_Acc:0.996093750
2021-01-03 17:30:16,957 -  1400 /  7000 (20.0%): 	 Avg_ACC: 0.2812500 	 lr: 0.000100000	 RL_loss:0.440841556	 Recons_loss:0.127206087	 Motif_loss:0.036037005	 Total:0.103663623	 RL_Acc:0.281250000	 Recons_Acc:89.812500000	 Motif_Acc:1.000000000
2021-01-03 17:33:06,450 -  2800 /  7000 (40.0%): 	 Avg_ACC: 0.3437500 	 lr: 0.000100000	 RL_loss:0.649573386	 Recons_loss:0.129584491	 Motif_loss:0.107670441	 Total:0.151106134	 RL_Acc:0.343750000	 Recons_Acc:87.875000000	 Motif_Acc:0.996093750
2021-01-03 17:35:55,900 -  4200 /  7000 (60.0%): 	 Avg_ACC: 0.3437500 	 lr: 0.000100000	 RL_loss:0.554283142	 Recons_loss:0.127284855	 Motif_loss:0.133533165	 Total:0.158123165	 RL_Acc:0.343750000	 Recons_Acc:89.062500000	 Motif_Acc:0.996093750
2021-01-03 17:38:46,324 -  5600 /  7000 (80.0%): 	 Avg_ACC: 0.3125000 	 lr: 0.000100000	 RL_loss:0.724042654	 Recons_loss:0.131100848	 Motif_loss:0.190271229	 Total:0.196888179	 RL_Acc:0.312500000	 Recons_Acc:88.750000000	 Motif_Acc:0.996093750
2021-01-03 17:41:31,763 - 
===============================|    epoch 60   |===============================

2021-01-03 17:41:33,384 -     0 /  7000 (0.0%): 	 Avg_ACC: 0.2187500 	 lr: 0.000100000	 RL_loss:0.473660707	 Recons_loss:0.130521894	 Motif_loss:0.115794919	 Total:0.146841437	 RL_Acc:0.218750000	 Recons_Acc:86.875000000	 Motif_Acc:1.000000000
2021-01-03 17:43:48,677 -  1400 /  7000 (20.0%): 	 Avg_ACC: 0.3125000 	 lr: 0.000100000	 RL_loss:0.550221562	 Recons_loss:0.128139094	 Motif_loss:0.076182485	 Total:0.129671872	 RL_Acc:0.312500000	 Recons_Acc:87.406250000	 Motif_Acc:1.000000000
2021-01-03 17:46:04,077 -  2800 /  7000 (40.0%): 	 Avg_ACC: 0.4687500 	 lr: 0.000100000	 RL_loss:0.477081060	 Recons_loss:0.128816262	 Motif_loss:0.134756729	 Total:0.155640543	 RL_Acc:0.468750000	 Recons_Acc:88.062500000	 Motif_Acc:0.996093750
2021-01-03 17:48:17,899 -  4200 /  7000 (60.0%): 	 Avg_ACC: 0.3437500 	 lr: 0.000100000	 RL_loss:0.232535213	 Recons_loss:0.126207352	 Motif_loss:0.074753389	 Total:0.112107128	 RL_Acc:0.343750000	 Recons_Acc:88.437500000	 Motif_Acc:1.000000000
2021-01-03 17:50:31,302 -  5600 /  7000 (80.0%): 	 Avg_ACC: 0.3437500 	 lr: 0.000100000	 RL_loss:0.425293356	 Recons_loss:0.125905424	 Motif_loss:0.084440432	 Total:0.126437604	 RL_Acc:0.343750000	 Recons_Acc:89.687500000	 Motif_Acc:1.000000000
2021-01-03 17:55:37,605 - 
===============================| start validation |===============================

2021-01-03 17:55:37,606 - 	 Avg_ACC: 0.3771250 	  RL_loss:0.5099508 	  Recons_loss:0.1278048 	  Motif_loss:0.1411028 	  Total:0.1599513 	  RL_Acc:0.3773406 	  Recons_Acc:89.0519940 	  Motif_Acc:0.9960022
2021-01-03 17:55:37,608 -    ini file updated    
2021-01-05 17:38:25,209 -  	 	 ==============<<<  Experiment detected  >>>============== 	 	 

2021-01-05 17:38:28,813 -  	 	 ==============<<< encoder load from >>>============== 	 	 

2021-01-05 17:38:28,816 -  	/data/users/wergillius/UTR_VAE/pth/RL_regressor_MTL/test_run/RL_test-model_best.pth

2021-01-05 17:38:28,860 -  	 	 ==============<<< encoder load from >>>============== 	 	 

2021-01-05 17:38:28,863 -  	/data/users/wergillius/UTR_VAE/pth/Reconstruction_MTL/test_run/kld1e_5-model_best.pth

2021-01-05 17:38:28,888 -  	 	 ==============<<< encoder load from >>>============== 	 	 

2021-01-05 17:38:28,891 -  	/data/users/wergillius/UTR_VAE/pth/Motif_detection_MTL/test_run/eight_motif_test-model_best.pth

2021-01-06 09:53:02,404 -  	 	 ==============<<<  Experiment detected  >>>============== 	 	 

2021-01-06 09:53:08,880 -  	 	 ==============<<< encoder load from >>>============== 	 	 

2021-01-06 09:53:08,885 -  	/data/users/wergillius/UTR_VAE/pth/RL_regressor_MTL/test_run/RL_test-model_best.pth

2021-01-06 09:53:08,943 -  	 	 ==============<<< encoder load from >>>============== 	 	 

2021-01-06 09:53:08,946 -  	/data/users/wergillius/UTR_VAE/pth/Reconstruction_MTL/test_run/kld1e_5-model_best.pth

2021-01-06 09:53:08,997 -  	 	 ==============<<< encoder load from >>>============== 	 	 

2021-01-06 09:53:09,000 -  	/data/users/wergillius/UTR_VAE/pth/Motif_detection_MTL/test_run/eight_motif_test-model_best.pth

2021-01-06 09:53:09,107 -  	 	 ========================================================= 	 	 
2021-01-06 09:53:09,110 -  	 	 ==============<<< Resume from checkpoint>>>============== 	 	 

2021-01-06 09:53:09,112 -  	/data/users/wergillius/UTR_VAE/pth/CrossStitch_Model_MTL/DTP/gamma_t2_blr-model_best.pth

2021-01-06 09:53:09,114 -  	 	 ========================================================= 	 	 

2021-01-06 10:09:21,654 -  	 	 ==============<<<  Experiment detected  >>>============== 	 	 

2021-01-06 10:09:35,432 -  	 	 ==============<<<  Experiment detected  >>>============== 	 	 

2021-01-06 10:46:15,393 -  	 	 ==============<<<  Experiment detected  >>>============== 	 	 

2021-01-06 10:46:19,928 -  	 	 ==============<<< encoder load from >>>============== 	 	 

2021-01-06 10:46:19,934 -  	/data/users/wergillius/UTR_VAE/pth/RL_regressor_MTL/test_run/RL_test-model_best.pth

2021-01-06 10:46:20,005 -  	 	 ==============<<< encoder load from >>>============== 	 	 

2021-01-06 10:46:20,013 -  	/data/users/wergillius/UTR_VAE/pth/Reconstruction_MTL/test_run/kld1e_5-model_best.pth

2021-01-06 10:46:20,070 -  	 	 ==============<<< encoder load from >>>============== 	 	 

2021-01-06 10:46:20,074 -  	/data/users/wergillius/UTR_VAE/pth/Motif_detection_MTL/test_run/eight_motif_test-model_best.pth

2021-01-06 10:46:20,254 -  	 	 ========================================================= 	 	 
2021-01-06 10:46:20,260 -  	 	 ==============<<< Resume from checkpoint>>>============== 	 	 

2021-01-06 10:46:20,267 -  	/data/users/wergillius/UTR_VAE/pth/CrossStitch_Model_MTL/DTP/gamma_t2_blr-model_best.pth

2021-01-06 10:46:20,273 -  	 	 ========================================================= 	 	 

2021-01-06 12:12:58,008 -  	 	 ==============<<<  Experiment detected  >>>============== 	 	 

2021-01-06 12:13:06,054 -  	 	 ========================================================= 	 	 
2021-01-06 12:13:06,065 -  	 	 ==============<<< Resume from checkpoint>>>============== 	 	 

2021-01-06 12:13:06,070 -  	/data/users/wergillius/UTR_VAE/pth/Baseline_MTL/unmod_df/rl_mse-model_best.pth

2021-01-06 12:13:06,077 -  	 	 ========================================================= 	 	 

2021-01-06 13:12:01,250 -  	 	 ==============<<<  Experiment detected  >>>============== 	 	 

2021-01-06 13:12:08,535 -  	 	 ========================================================= 	 	 
2021-01-06 13:12:08,551 -  	 	 ==============<<< Resume from checkpoint>>>============== 	 	 

2021-01-06 13:12:08,558 -  	/data/users/wergillius/UTR_VAE/pth/Baseline_MTL/unmod_df/rl_mse-model_best.pth

2021-01-06 13:12:08,573 -  	 	 ========================================================= 	 	 

2021-01-06 13:59:10,300 -  	 	 ==============<<<  Experiment detected  >>>============== 	 	 

2021-01-06 13:59:17,418 -  	 	 ==============<<< encoder load from >>>============== 	 	 

2021-01-06 13:59:17,429 -  	/data/users/wergillius/UTR_VAE/pth/RL_regressor_MTL/test_run/RL_test-model_best.pth

2021-01-06 13:59:17,495 -  	 	 ==============<<< encoder load from >>>============== 	 	 

2021-01-06 13:59:17,506 -  	/data/users/wergillius/UTR_VAE/pth/Reconstruction_MTL/test_run/kld1e_5-model_best.pth

2021-01-06 13:59:17,570 -  	 	 ==============<<< encoder load from >>>============== 	 	 

2021-01-06 13:59:17,577 -  	/data/users/wergillius/UTR_VAE/pth/Motif_detection_MTL/test_run/eight_motif_test-model_best.pth

2021-01-06 13:59:25,835 -  	 	 ========================================================= 	 	 
2021-01-06 13:59:25,850 -  	 	 ==============<<< Resume from checkpoint>>>============== 	 	 

2021-01-06 13:59:25,862 -  	/data/users/wergillius/UTR_VAE/pth/CrossStitch_Model_MTL/a5b5/a5b5_g2_11_sslr-model_best.pth

2021-01-06 13:59:25,874 -  	 	 ========================================================= 	 	 

2021-01-06 14:32:27,009 -  	 	 ==============<<<  Experiment detected  >>>============== 	 	 

2021-01-06 14:32:33,156 -  	 	 ==============<<< encoder load from >>>============== 	 	 

2021-01-06 14:32:33,170 -  	/data/users/wergillius/UTR_VAE/pth/RL_regressor_MTL/test_run/RL_test-model_best.pth

2021-01-06 14:32:33,270 -  	 	 ==============<<< encoder load from >>>============== 	 	 

2021-01-06 14:32:33,280 -  	/data/users/wergillius/UTR_VAE/pth/Reconstruction_MTL/test_run/kld1e_5-model_best.pth

2021-01-06 14:32:33,340 -  	 	 ==============<<< encoder load from >>>============== 	 	 

2021-01-06 14:32:33,348 -  	/data/users/wergillius/UTR_VAE/pth/Motif_detection_MTL/test_run/eight_motif_test-model_best.pth

2021-01-06 14:32:33,779 -  	 	 ========================================================= 	 	 
2021-01-06 14:32:33,793 -  	 	 ==============<<< Resume from checkpoint>>>============== 	 	 

2021-01-06 14:32:33,805 -  	/data/users/wergillius/UTR_VAE/pth/CrossStitch_Model_MTL/a5b5/a5b5_g2_11-model_best.pth

2021-01-06 14:32:33,819 -  	 	 ========================================================= 	 	 

