2021-11-30 15:18:59,111 -     ===========================| device cuda1 |===========================    
2021-11-30 15:19:11,752 - ===============================|    epoch 0   |===============================
2021-11-30 15:20:52,060 -     ===========================| device cuda1 |===========================    
2021-11-30 15:20:58,292 - ===============================|    epoch 0   |===============================
2021-11-30 15:21:00,422 -     0 /  6441 (000%):	 Total:4.3757577	 Andrev2015_Acc:0.0000000	 lr:0.0009882	 Mean_Total:4.3757577
2021-11-30 15:21:27,184 -  1288 /  6441 (019%):	 Total:19.0884743	 pc3_Acc:0.0000000	 lr:0.0024619	 Mean_Total:8.6622175
2021-11-30 15:21:53,910 -  2576 /  6441 (039%):	 Total:10.9117203	 muscle_Acc:0.0000000	 lr:0.0017412	 Mean_Total:8.3241102
2021-11-30 15:22:21,567 -  3864 /  6441 (059%):	 Total:5.8923078	 Andrev2015_Acc:0.0000000	 lr:0.0014217	 Mean_Total:7.7501672
2021-11-30 15:22:48,690 -  5152 /  6441 (079%):	 Total:3.5880575	 pc3_Acc:0.0000000	 lr:0.0012313	 Mean_Total:7.2458020
2021-11-30 15:23:15,965 -  6440 /  6441 (099%):	 Total:1.2318169	 muscle_Acc:0.2500000	 lr:0.0011013	 Mean_Total:6.8635519
2021-11-30 15:23:16,452 - ===============================| start validation |===============================
2021-11-30 15:23:23,270 - 	 Total:4.4500961	 Andrev2015_loss:5.2215407	 Andrev2015_Acc:0.0759409	 pc3_loss:8.8168823	 pc3_Acc:0.1033951	 muscle_loss:7.2742042	 muscle_Acc:0.1363636	 human_loss:3.4306406	 human_Acc:0.0000000	 vleng_loss:2.9489867	 vleng_Acc:0.0000000
2021-11-30 15:23:23,274 -    ini file updated    
2021-11-30 15:23:23,339 - Snapshot saved to /data/users/wergillius/UTR_VAE/pth/RL_6_data_MTL/task_lambda/2M2cell-model_best_cv3.pth

2021-11-30 15:23:23,339 -    ini file updated    
2021-11-30 15:23:23,340 - ===============================|    epoch 1   |===============================
2021-11-30 15:23:24,944 -     0 /  6441 (000%):	 Total:3.3608599	 Andrev2015_Acc:0.0833333	 lr:0.0011012	 Mean_Total:3.3608599
2021-11-30 15:23:51,236 -  1288 /  6441 (019%):	 Total:6.7761416	 pc3_Acc:0.0000000	 lr:0.0010053	 Mean_Total:5.2178737
2021-11-30 15:24:17,472 -  2576 /  6441 (039%):	 Total:0.3636065	 muscle_Acc:0.0833333	 lr:0.0009308	 Mean_Total:5.0322256
2021-11-30 15:24:44,750 -  3864 /  6441 (059%):	 Total:22.2331028	 Andrev2015_Acc:0.0000000	 lr:0.0008707	 Mean_Total:4.9575303
2021-11-30 15:25:11,662 -  5152 /  6441 (079%):	 Total:10.1613121	 pc3_Acc:0.0833333	 lr:0.0008209	 Mean_Total:4.8922749
2021-11-30 15:25:38,679 -  6440 /  6441 (099%):	 Total:1.1189559	 muscle_Acc:0.2500000	 lr:0.0007788	 Mean_Total:4.8233172
2021-11-30 15:25:39,223 - ===============================| start validation |===============================
2021-11-30 15:25:45,882 - 	 Total:4.3465551	 Andrev2015_loss:4.9840179	 Andrev2015_Acc:0.0849014	 pc3_loss:8.3593539	 pc3_Acc:0.1021605	 muscle_loss:7.6030802	 muscle_Acc:0.1515152	 human_loss:3.4554641	 human_Acc:0.0000000	 vleng_loss:2.9288017	 vleng_Acc:0.0000000
2021-11-30 15:25:45,886 -    ini file updated    
2021-11-30 15:25:45,941 - Snapshot saved to /data/users/wergillius/UTR_VAE/pth/RL_6_data_MTL/task_lambda/2M2cell-model_best_cv3.pth

2021-11-30 15:25:45,942 -    ini file updated    
2021-11-30 15:25:45,942 - ===============================|    epoch 2   |===============================
2021-11-30 15:25:47,620 -     0 /  6441 (000%):	 Total:7.4049659	 Andrev2015_Acc:0.0000000	 lr:0.0007787	 Mean_Total:7.4049659
2021-11-30 15:26:14,395 -  1288 /  6441 (019%):	 Total:8.9088049	 pc3_Acc:0.0000000	 lr:0.0007425	 Mean_Total:4.4273142
2021-11-30 15:26:41,282 -  2576 /  6441 (039%):	 Total:0.4302204	 muscle_Acc:0.1666667	 lr:0.0007109	 Mean_Total:4.3617671
2021-11-30 15:27:09,161 -  3864 /  6441 (059%):	 Total:10.9636898	 Andrev2015_Acc:0.0000000	 lr:0.0006830	 Mean_Total:4.2679847
2021-11-30 15:27:36,642 -  5152 /  6441 (079%):	 Total:2.5727460	 pc3_Acc:0.2500000	 lr:0.0006582	 Mean_Total:4.2091459
2021-11-30 15:28:03,924 -  6440 /  6441 (099%):	 Total:0.3516389	 muscle_Acc:0.4166667	 lr:0.0006359	 Mean_Total:4.0939237
2021-11-30 15:28:04,434 - ===============================| start validation |===============================
2021-11-30 15:28:10,964 - 	 Total:4.4411361	 Andrev2015_loss:4.8736093	 Andrev2015_Acc:0.0969982	 pc3_loss:8.6281643	 pc3_Acc:0.1044753	 muscle_loss:11.0953315	 muscle_Acc:0.1666667	 human_loss:3.4867524	 human_Acc:0.0000000	 vleng_loss:2.9568612	 vleng_Acc:0.0000000
2021-11-30 15:28:10,968 -    ini file updated    
2021-11-30 15:28:10,968 - ===============================|    epoch 3   |===============================
2021-11-30 15:28:12,610 -     0 /  6441 (000%):	 Total:2.1527925	 Andrev2015_Acc:0.0000000	 lr:0.0006358	 Mean_Total:2.1527925
2021-11-30 15:28:39,671 -  1288 /  6441 (019%):	 Total:4.0513201	 pc3_Acc:0.2500000	 lr:0.0006157	 Mean_Total:3.5895832
2021-11-30 15:29:07,112 -  2576 /  6441 (039%):	 Total:0.4195069	 muscle_Acc:0.2500000	 lr:0.0005973	 Mean_Total:3.5965126
2021-11-30 15:29:35,346 -  3864 /  6441 (059%):	 Total:1.2734194	 Andrev2015_Acc:0.0000000	 lr:0.0005804	 Mean_Total:3.5276781
2021-11-30 15:30:02,342 -  5152 /  6441 (079%):	 Total:5.5198531	 pc3_Acc:0.0833333	 lr:0.0005650	 Mean_Total:3.4661225
2021-11-30 15:30:29,494 -  6440 /  6441 (099%):	 Total:0.5919074	 muscle_Acc:0.1666667	 lr:0.0005507	 Mean_Total:3.3808947
2021-11-30 15:30:29,994 - ===============================| start validation |===============================
2021-11-30 15:30:36,637 - 	 Total:4.2224517	 Andrev2015_loss:4.6008440	 Andrev2015_Acc:0.0947581	 pc3_loss:7.9108447	 pc3_Acc:0.1188272	 muscle_loss:6.6128034	 muscle_Acc:0.1287879	 human_loss:3.4640649	 human_Acc:0.0000000	 vleng_loss:2.9950876	 vleng_Acc:0.0000000
2021-11-30 15:30:36,641 -    ini file updated    
2021-11-30 15:30:36,721 - Snapshot saved to /data/users/wergillius/UTR_VAE/pth/RL_6_data_MTL/task_lambda/2M2cell-model_best_cv3.pth

2021-11-30 15:30:36,722 -    ini file updated    
2021-11-30 15:30:36,722 - ===============================|    epoch 4   |===============================
2021-11-30 15:30:38,380 -     0 /  6441 (000%):	 Total:7.3166699	 Andrev2015_Acc:0.0833333	 lr:0.0005507	 Mean_Total:7.3166699
2021-11-30 15:31:06,298 -  1288 /  6441 (019%):	 Total:3.1924913	 pc3_Acc:0.3333333	 lr:0.0005374	 Mean_Total:2.9596876
2021-11-30 15:31:33,105 -  2576 /  6441 (039%):	 Total:0.4920378	 muscle_Acc:0.3333333	 lr:0.0005250	 Mean_Total:2.9724276
2021-11-30 15:32:00,768 -  3864 /  6441 (059%):	 Total:2.5026708	 Andrev2015_Acc:0.3333333	 lr:0.0005135	 Mean_Total:2.8813162
2021-11-30 15:32:27,560 -  5152 /  6441 (079%):	 Total:1.6984754	 pc3_Acc:0.0000000	 lr:0.0005027	 Mean_Total:2.8454887
2021-11-30 15:32:54,206 -  6440 /  6441 (099%):	 Total:0.4792978	 muscle_Acc:0.1666667	 lr:0.0004925	 Mean_Total:2.8002111
2021-11-30 15:32:54,722 - ===============================| start validation |===============================
2021-11-30 15:33:01,445 - 	 Total:4.0931778	 Andrev2015_loss:4.3913605	 Andrev2015_Acc:0.1155914	 pc3_loss:7.2239195	 pc3_Acc:0.1384259	 muscle_loss:7.2105597	 muscle_Acc:0.1136364	 human_loss:3.4760546	 human_Acc:0.0000000	 vleng_loss:2.9870606	 vleng_Acc:0.0000000
2021-11-30 15:33:01,448 -    ini file updated    
2021-11-30 15:33:01,508 - Snapshot saved to /data/users/wergillius/UTR_VAE/pth/RL_6_data_MTL/task_lambda/2M2cell-model_best_cv3.pth

2021-11-30 15:33:01,509 -    ini file updated    
2021-11-30 15:33:01,509 - ===============================|    epoch 5   |===============================
2021-11-30 15:33:03,117 -     0 /  6441 (000%):	 Total:5.2551155	 Andrev2015_Acc:0.1666667	 lr:0.0004925	 Mean_Total:5.2551155
2021-11-30 15:33:29,789 -  1288 /  6441 (019%):	 Total:5.2264237	 pc3_Acc:0.0833333	 lr:0.0004830	 Mean_Total:2.4587558
2021-11-30 15:33:56,735 -  2576 /  6441 (039%):	 Total:0.5159731	 muscle_Acc:0.3333333	 lr:0.0004739	 Mean_Total:2.5055375
2021-11-30 15:34:24,704 -  3864 /  6441 (059%):	 Total:1.1748153	 Andrev2015_Acc:0.0833333	 lr:0.0004654	 Mean_Total:2.4481232
2021-11-30 15:34:52,329 -  5152 /  6441 (079%):	 Total:4.0080810	 pc3_Acc:0.0833333	 lr:0.0004573	 Mean_Total:2.4334151
2021-11-30 15:35:19,092 -  6440 /  6441 (099%):	 Total:0.3395414	 muscle_Acc:0.2500000	 lr:0.0004496	 Mean_Total:2.3694405
2021-11-30 15:35:19,575 - ===============================| start validation |===============================
2021-11-30 15:35:26,375 - 	 Total:4.0663918	 Andrev2015_loss:4.2158268	 Andrev2015_Acc:0.1337366	 pc3_loss:7.1193838	 pc3_Acc:0.1487654	 muscle_loss:8.7438545	 muscle_Acc:0.1287879	 human_loss:3.4766566	 human_Acc:0.0000000	 vleng_loss:2.9738503	 vleng_Acc:0.0000000
2021-11-30 15:35:26,378 -    ini file updated    
2021-11-30 15:35:26,434 - Snapshot saved to /data/users/wergillius/UTR_VAE/pth/RL_6_data_MTL/task_lambda/2M2cell-model_best_cv3.pth

2021-11-30 15:35:26,435 -    ini file updated    
2021-11-30 15:35:26,435 - ===============================|    epoch 6   |===============================
2021-11-30 15:35:27,998 -     0 /  6441 (000%):	 Total:1.0845425	 Andrev2015_Acc:0.1666667	 lr:0.0004496	 Mean_Total:1.0845425
2021-11-30 15:35:54,405 -  1288 /  6441 (019%):	 Total:1.7222242	 pc3_Acc:0.0833333	 lr:0.0004423	 Mean_Total:2.0380283
2021-11-30 15:36:21,367 -  2576 /  6441 (039%):	 Total:0.3376341	 muscle_Acc:0.1666667	 lr:0.0004353	 Mean_Total:2.1356958
2021-11-30 15:36:49,596 -  3864 /  6441 (059%):	 Total:1.5806490	 Andrev2015_Acc:0.1666667	 lr:0.0004287	 Mean_Total:2.1087396
2021-11-30 15:37:16,905 -  5152 /  6441 (079%):	 Total:1.7275189	 pc3_Acc:0.0000000	 lr:0.0004223	 Mean_Total:2.0921029
2021-11-30 15:37:43,228 -  6440 /  6441 (099%):	 Total:0.5806977	 muscle_Acc:0.2500000	 lr:0.0004163	 Mean_Total:2.0537439
2021-11-30 15:37:43,711 - ===============================| start validation |===============================
2021-11-30 15:37:50,176 - 	 Total:4.0194569	 Andrev2015_loss:4.1482855	 Andrev2015_Acc:0.1229839	 pc3_loss:7.0606639	 pc3_Acc:0.1569444	 muscle_loss:6.5050200	 muscle_Acc:0.1363636	 human_loss:3.5030780	 human_Acc:0.0000000	 vleng_loss:2.9716859	 vleng_Acc:0.0000000
2021-11-30 15:37:50,179 -    ini file updated    
2021-11-30 15:37:50,235 - Snapshot saved to /data/users/wergillius/UTR_VAE/pth/RL_6_data_MTL/task_lambda/2M2cell-model_best_cv3.pth

2021-11-30 15:37:50,236 -    ini file updated    
2021-11-30 15:37:50,236 - ===============================|    epoch 7   |===============================
2021-11-30 15:37:51,775 -     0 /  6441 (000%):	 Total:1.8055682	 Andrev2015_Acc:0.3333333	 lr:0.0004163	 Mean_Total:1.8055682
2021-11-30 15:38:18,500 -  1288 /  6441 (019%):	 Total:1.2212496	 pc3_Acc:0.3333333	 lr:0.0004104	 Mean_Total:1.8626923
2021-11-30 15:38:44,907 -  2576 /  6441 (039%):	 Total:0.1730128	 muscle_Acc:0.4166667	 lr:0.0004049	 Mean_Total:1.8887013
2021-11-30 15:39:12,330 -  3864 /  6441 (059%):	 Total:1.2143121	 Andrev2015_Acc:0.1666667	 lr:0.0003995	 Mean_Total:1.8639997
2021-11-30 15:39:39,806 -  5152 /  6441 (079%):	 Total:1.8977998	 pc3_Acc:0.1666667	 lr:0.0003943	 Mean_Total:1.8500334
2021-11-30 15:40:06,392 -  6440 /  6441 (099%):	 Total:0.1370903	 muscle_Acc:0.6666667	 lr:0.0003894	 Mean_Total:1.8322862
2021-11-30 15:40:06,858 - ===============================| start validation |===============================
2021-11-30 15:40:13,622 - 	 Total:4.0232027	 Andrev2015_loss:4.2722301	 Andrev2015_Acc:0.1120072	 pc3_loss:6.8189298	 pc3_Acc:0.1327160	 muscle_loss:7.1445973	 muscle_Acc:0.1212121	 human_loss:3.5132727	 human_Acc:0.0000000	 vleng_loss:2.9883922	 vleng_Acc:0.0000000
2021-11-30 15:40:13,627 -    ini file updated    
2021-11-30 15:40:13,627 - ===============================|    epoch 8   |===============================
2021-11-30 15:40:15,299 -     0 /  6441 (000%):	 Total:1.7412508	 Andrev2015_Acc:0.2500000	 lr:0.0003894	 Mean_Total:1.7412508
2021-11-30 15:40:41,640 -  1288 /  6441 (019%):	 Total:1.7205141	 pc3_Acc:0.3333333	 lr:0.0003846	 Mean_Total:1.6777560
2021-11-30 15:41:08,698 -  2576 /  6441 (039%):	 Total:0.1714845	 muscle_Acc:0.5000000	 lr:0.0003800	 Mean_Total:1.7076927
2021-11-30 15:41:40,954 -  3864 /  6441 (059%):	 Total:3.2411184	 Andrev2015_Acc:0.0833333	 lr:0.0003755	 Mean_Total:1.6862772
2021-11-30 15:42:09,029 -  5152 /  6441 (079%):	 Total:2.0823727	 pc3_Acc:0.1666667	 lr:0.0003713	 Mean_Total:1.6804978
2021-11-30 15:42:36,654 -  6440 /  6441 (099%):	 Total:0.1252257	 muscle_Acc:0.5000000	 lr:0.0003671	 Mean_Total:1.6613069
2021-11-30 15:42:37,158 - ===============================| start validation |===============================
2021-11-30 15:42:43,988 - 	 Total:3.9903799	 Andrev2015_loss:4.1099935	 Andrev2015_Acc:0.1379928	 pc3_loss:6.8538771	 pc3_Acc:0.1427469	 muscle_loss:6.6059312	 muscle_Acc:0.1287879	 human_loss:3.4980164	 human_Acc:0.0000000	 vleng_loss:2.9980979	 vleng_Acc:0.0000000
2021-11-30 15:42:43,992 -    ini file updated    
2021-11-30 15:42:44,082 - Snapshot saved to /data/users/wergillius/UTR_VAE/pth/RL_6_data_MTL/task_lambda/2M2cell-model_best_cv3.pth

2021-11-30 15:42:44,082 -    ini file updated    
2021-11-30 15:42:44,083 - ===============================|    epoch 9   |===============================
2021-11-30 15:42:45,702 -     0 /  6441 (000%):	 Total:1.0956364	 Andrev2015_Acc:0.1666667	 lr:0.0003671	 Mean_Total:1.0956364
2021-11-30 15:43:13,960 -  1288 /  6441 (019%):	 Total:2.4136176	 pc3_Acc:0.0833333	 lr:0.0003631	 Mean_Total:1.5704140
2021-11-30 15:43:44,375 -  2576 /  6441 (039%):	 Total:0.4570042	 muscle_Acc:0.2500000	 lr:0.0003592	 Mean_Total:1.5895153
2021-11-30 15:44:14,011 -  3864 /  6441 (059%):	 Total:0.7629535	 Andrev2015_Acc:0.1666667	 lr:0.0003555	 Mean_Total:1.5655895
2021-11-30 15:44:41,443 -  5152 /  6441 (079%):	 Total:2.0102863	 pc3_Acc:0.2500000	 lr:0.0003518	 Mean_Total:1.5563623
2021-11-30 15:45:08,374 -  6440 /  6441 (099%):	 Total:0.1717777	 muscle_Acc:0.5833333	 lr:0.0003483	 Mean_Total:1.5343056
2021-11-30 15:45:08,851 - ===============================| start validation |===============================
2021-11-30 15:45:15,723 - 	 Total:3.9554301	 Andrev2015_loss:4.0110381	 Andrev2015_Acc:0.1393369	 pc3_loss:6.7497717	 pc3_Acc:0.1700617	 muscle_loss:6.4196074	 muscle_Acc:0.1590909	 human_loss:3.5054492	 human_Acc:0.0000000	 vleng_loss:2.9928999	 vleng_Acc:0.0000000
2021-11-30 15:45:15,727 -    ini file updated    
2021-11-30 15:45:15,798 - Snapshot saved to /data/users/wergillius/UTR_VAE/pth/RL_6_data_MTL/task_lambda/2M2cell-model_best_cv3.pth

2021-11-30 15:45:15,799 -    ini file updated    
2021-11-30 15:45:15,799 - ===============================|    epoch 10   |===============================
2021-11-30 15:45:17,503 -     0 /  6441 (000%):	 Total:1.0006189	 Andrev2015_Acc:0.2500000	 lr:0.0003483	 Mean_Total:1.0006189
2021-11-30 15:45:44,728 -  1288 /  6441 (019%):	 Total:2.2647259	 pc3_Acc:0.2500000	 lr:0.0003448	 Mean_Total:1.4348856
2021-11-30 15:46:12,789 -  2576 /  6441 (039%):	 Total:0.2943406	 muscle_Acc:0.4166667	 lr:0.0003415	 Mean_Total:1.4316119
2021-11-30 15:46:42,106 -  3864 /  6441 (059%):	 Total:1.3903627	 Andrev2015_Acc:0.0000000	 lr:0.0003383	 Mean_Total:1.4157928
2021-11-30 15:47:09,704 -  5152 /  6441 (079%):	 Total:2.4801455	 pc3_Acc:0.1666667	 lr:0.0003351	 Mean_Total:1.4250944
2021-11-30 15:47:37,466 -  6440 /  6441 (099%):	 Total:0.2284698	 muscle_Acc:0.3333333	 lr:0.0003321	 Mean_Total:1.4098462
2021-11-30 15:47:37,979 - ===============================| start validation |===============================
2021-11-30 15:47:45,044 - 	 Total:3.9396845	 Andrev2015_loss:4.0128259	 Andrev2015_Acc:0.1404570	 pc3_loss:6.6227273	 pc3_Acc:0.1492284	 muscle_loss:6.3999471	 muscle_Acc:0.1590909	 human_loss:3.5091680	 human_Acc:0.0000000	 vleng_loss:2.9993929	 vleng_Acc:0.0000000
2021-11-30 15:47:45,047 -    ini file updated    
2021-11-30 15:47:45,221 - Snapshot saved to /data/users/wergillius/UTR_VAE/pth/RL_6_data_MTL/task_lambda/2M2cell-model_best_cv3.pth

2021-11-30 15:47:45,222 -    ini file updated    
2021-11-30 15:47:45,222 - ===============================|    epoch 11   |===============================
2021-11-30 15:47:46,877 -     0 /  6441 (000%):	 Total:0.9160696	 Andrev2015_Acc:0.1666667	 lr:0.0003321	 Mean_Total:0.9160696
2021-11-30 15:48:13,685 -  1288 /  6441 (019%):	 Total:3.0537856	 pc3_Acc:0.0833333	 lr:0.0003291	 Mean_Total:1.3182472
2021-11-30 15:48:44,269 -  2576 /  6441 (039%):	 Total:0.3269393	 muscle_Acc:0.2500000	 lr:0.0003262	 Mean_Total:1.3257995
2021-11-30 15:49:13,130 -  3864 /  6441 (059%):	 Total:1.1029035	 Andrev2015_Acc:0.0000000	 lr:0.0003234	 Mean_Total:1.3193370
