2021-09-09 09:52:14,141 -     ===========================| device cuda0 |===========================    
2021-09-09 09:52:21,365 - ===============================|    pretrain  |===============================
2021-09-09 09:52:21,366 -                           POPEN.pretrain_pth
2021-09-09 09:52:27,068 - ===============================|    epoch 0   |===============================
2021-09-09 09:52:28,613 -     0 / 21939 (000%):	 Total:44.0068283	 unmod1_Acc:0.0000000	 Mean_Total:44.0068283
2021-09-09 09:54:38,028 -  4387 / 21939 (019%):	 Total:0.4866343	 human_Acc:0.1562500	 Mean_Total:4.8261957
2021-09-09 09:56:49,487 -  8774 / 21939 (039%):	 Total:0.1855862	 vleng_Acc:0.1562500	 Mean_Total:2.5938407
2021-09-09 09:59:08,990 - 13161 / 21939 (059%):	 Total:0.1893626	 unmod1_Acc:0.1875000	 Mean_Total:1.8222029
2021-09-09 10:01:29,446 - 17548 / 21939 (079%):	 Total:0.2091887	 human_Acc:0.3125000	 Mean_Total:1.4304549
2021-09-09 10:03:48,948 - 21935 / 21939 (099%):	 Total:0.1434947	 vleng_Acc:0.3125000	 Mean_Total:1.1930924
2021-09-09 10:03:49,465 - ===============================| start validation |===============================
2021-09-09 10:04:08,241 - 	 Total:0.3075769	 unmod1_loss:0.2816633	 unmod1_Acc:0.2046049	 human_loss:0.3501404	 human_Acc:0.1751520	 vleng_loss:0.3538752	 vleng_Acc:0.1512814
2021-09-09 10:04:08,245 -    ini file updated    
2021-09-09 10:04:08,279 - Snapshot saved to /data/users/wergillius/UTR_VAE/pth/RL_3_data_MTL/iter_by_iter/schedule_relay_lr-model_best.pth

2021-09-09 10:04:08,280 -    ini file updated    
2021-09-09 10:04:08,280 - ===============================|    epoch 1   |===============================
2021-09-09 10:04:09,695 -     0 / 21939 (000%):	 Total:0.2851084	 unmod1_Acc:0.0937500	 Mean_Total:0.2851084
2021-09-09 10:06:26,705 -  4387 / 21939 (019%):	 Total:0.2878003	 human_Acc:0.0937500	 Mean_Total:0.2348834
2021-09-09 10:08:45,580 -  8774 / 21939 (039%):	 Total:0.1770149	 vleng_Acc:0.0937500	 Mean_Total:0.2329799
2021-09-09 10:11:04,136 - 13161 / 21939 (059%):	 Total:0.1611704	 unmod1_Acc:0.1562500	 Mean_Total:0.2312017
2021-09-09 10:13:23,492 - 17548 / 21939 (079%):	 Total:0.1482111	 human_Acc:0.2187500	 Mean_Total:0.2289779
2021-09-09 10:15:43,544 - 21935 / 21939 (099%):	 Total:0.2083499	 vleng_Acc:0.3125000	 Mean_Total:0.2275938
2021-09-09 10:15:44,159 - ===============================| start validation |===============================
2021-09-09 10:16:03,171 - 	 Total:0.2907081	 unmod1_loss:0.2710764	 unmod1_Acc:0.2060271	 human_loss:0.3334432	 human_Acc:0.1860562	 vleng_loss:0.3154690	 vleng_Acc:0.1854079
2021-09-09 10:16:03,174 -    ini file updated    
2021-09-09 10:16:03,207 - Snapshot saved to /data/users/wergillius/UTR_VAE/pth/RL_3_data_MTL/iter_by_iter/schedule_relay_lr-model_best.pth

2021-09-09 10:16:03,208 -    ini file updated    
2021-09-09 10:16:03,208 - ===============================|    epoch 2   |===============================
2021-09-09 10:16:04,732 -     0 / 21939 (000%):	 Total:0.1869010	 unmod1_Acc:0.1250000	 Mean_Total:0.1869010
2021-09-09 10:18:22,854 -  4387 / 21939 (019%):	 Total:0.1579686	 human_Acc:0.1562500	 Mean_Total:0.2198328
2021-09-09 10:20:42,352 -  8774 / 21939 (039%):	 Total:0.1610389	 vleng_Acc:0.1562500	 Mean_Total:0.2184629
2021-09-09 10:23:04,115 - 13161 / 21939 (059%):	 Total:0.2321798	 unmod1_Acc:0.2187500	 Mean_Total:0.2179263
2021-09-09 10:25:27,338 - 17548 / 21939 (079%):	 Total:0.4423565	 human_Acc:0.1250000	 Mean_Total:0.2170950
2021-09-09 10:27:51,889 - 21935 / 21939 (099%):	 Total:0.2114323	 vleng_Acc:0.1562500	 Mean_Total:0.2166938
2021-09-09 10:27:52,400 - ===============================| start validation |===============================
2021-09-09 10:28:11,630 - 	 Total:0.2835718	 unmod1_loss:0.2629068	 unmod1_Acc:0.2102168	 human_loss:0.3285506	 human_Acc:0.1792743	 vleng_loss:0.3096413	 vleng_Acc:0.1924686
2021-09-09 10:28:11,636 -    ini file updated    
2021-09-09 10:28:11,675 - Snapshot saved to /data/users/wergillius/UTR_VAE/pth/RL_3_data_MTL/iter_by_iter/schedule_relay_lr-model_best.pth

2021-09-09 10:28:11,676 -    ini file updated    
2021-09-09 10:28:11,676 - ===============================|    epoch 3   |===============================
2021-09-09 10:28:13,199 -     0 / 21939 (000%):	 Total:0.2358157	 unmod1_Acc:0.2187500	 Mean_Total:0.2358157
2021-09-09 10:30:36,176 -  4387 / 21939 (019%):	 Total:0.2138936	 human_Acc:0.2187500	 Mean_Total:0.2153633
2021-09-09 10:33:00,933 -  8774 / 21939 (039%):	 Total:0.1003952	 vleng_Acc:0.1875000	 Mean_Total:0.2128285
2021-09-09 10:35:24,619 - 13161 / 21939 (059%):	 Total:0.2381534	 unmod1_Acc:0.3125000	 Mean_Total:0.2124682
2021-09-09 10:37:46,750 - 17548 / 21939 (079%):	 Total:0.1138778	 human_Acc:0.2187500	 Mean_Total:0.2125787
2021-09-09 10:40:11,639 - 21935 / 21939 (099%):	 Total:0.1173513	 vleng_Acc:0.1250000	 Mean_Total:0.2122422
2021-09-09 10:40:12,209 - ===============================| start validation |===============================
2021-09-09 10:40:31,688 - 	 Total:0.2835411	 unmod1_loss:0.2629699	 unmod1_Acc:0.2072571	 human_loss:0.3253399	 human_Acc:0.1817819	 vleng_loss:0.3124182	 vleng_Acc:0.1922071
2021-09-09 10:40:31,691 -    ini file updated    
2021-09-09 10:40:31,730 - Snapshot saved to /data/users/wergillius/UTR_VAE/pth/RL_3_data_MTL/iter_by_iter/schedule_relay_lr-model_best.pth

2021-09-09 10:40:31,730 -    ini file updated    
2021-09-09 10:40:31,731 - ===============================|    epoch 4   |===============================
2021-09-09 10:40:33,383 -     0 / 21939 (000%):	 Total:0.1582102	 unmod1_Acc:0.1562500	 Mean_Total:0.1582102
2021-09-09 10:42:56,293 -  4387 / 21939 (019%):	 Total:0.6520225	 human_Acc:0.2187500	 Mean_Total:0.2118270
2021-09-09 10:45:19,896 -  8774 / 21939 (039%):	 Total:0.1455987	 vleng_Acc:0.2187500	 Mean_Total:0.2125094
2021-09-09 10:47:44,808 - 13161 / 21939 (059%):	 Total:0.2669134	 unmod1_Acc:0.1875000	 Mean_Total:0.2109722
2021-09-09 10:50:06,110 - 17548 / 21939 (079%):	 Total:0.2164744	 human_Acc:0.2187500	 Mean_Total:0.2110713
2021-09-09 10:52:30,918 - 21935 / 21939 (099%):	 Total:0.0694891	 vleng_Acc:0.2500000	 Mean_Total:0.2101917
2021-09-09 10:52:31,487 - ===============================| start validation |===============================
2021-09-09 10:52:50,816 - 	 Total:0.2822381	 unmod1_loss:0.2614982	 unmod1_Acc:0.2135224	 human_loss:0.3244117	 human_Acc:0.1848214	 vleng_loss:0.3113203	 vleng_Acc:0.1893305
2021-09-09 10:52:50,822 -    ini file updated    
2021-09-09 10:52:50,864 - Snapshot saved to /data/users/wergillius/UTR_VAE/pth/RL_3_data_MTL/iter_by_iter/schedule_relay_lr-model_best.pth

2021-09-09 10:52:50,865 -    ini file updated    
2021-09-09 10:52:50,866 - ===============================|    epoch 5   |===============================
2021-09-09 10:52:52,330 -     0 / 21939 (000%):	 Total:0.2084269	 unmod1_Acc:0.2812500	 Mean_Total:0.2084269
2021-09-09 10:55:13,976 -  4387 / 21939 (019%):	 Total:0.1079151	 human_Acc:0.3437500	 Mean_Total:0.2095782
2021-09-09 10:57:38,597 -  8774 / 21939 (039%):	 Total:0.2379852	 vleng_Acc:0.2500000	 Mean_Total:0.2086422
2021-09-09 10:59:59,812 - 13161 / 21939 (059%):	 Total:0.1616684	 unmod1_Acc:0.2187500	 Mean_Total:0.2072303
2021-09-09 11:02:18,710 - 17548 / 21939 (079%):	 Total:0.2234237	 human_Acc:0.1562500	 Mean_Total:0.2082419
2021-09-09 11:04:43,423 - 21935 / 21939 (099%):	 Total:0.1592310	 vleng_Acc:0.2812500	 Mean_Total:0.2084527
2021-09-09 11:04:43,954 - ===============================| start validation |===============================
2021-09-09 11:05:03,350 - 	 Total:0.2840742	 unmod1_loss:0.2625966	 unmod1_Acc:0.2093327	 human_loss:0.3291890	 human_Acc:0.1836816	 vleng_loss:0.3127743	 vleng_Acc:0.1970450
2021-09-09 11:05:03,355 -    ini file updated    
2021-09-09 11:05:03,356 - ===============================|    epoch 6   |===============================
2021-09-09 11:05:04,922 -     0 / 21939 (000%):	 Total:0.1668661	 unmod1_Acc:0.2187500	 Mean_Total:0.1668661
2021-09-09 11:07:27,878 -  4387 / 21939 (019%):	 Total:0.3711324	 human_Acc:0.2187500	 Mean_Total:0.2081718
2021-09-09 11:09:50,615 -  8774 / 21939 (039%):	 Total:0.1117309	 vleng_Acc:0.2812500	 Mean_Total:0.2078954
2021-09-09 11:12:15,601 - 13161 / 21939 (059%):	 Total:0.2774930	 unmod1_Acc:0.1875000	 Mean_Total:0.2070009
2021-09-09 11:14:36,891 - 17548 / 21939 (079%):	 Total:0.2502559	 human_Acc:0.0937500	 Mean_Total:0.2073624
2021-09-09 11:16:58,112 - 21935 / 21939 (099%):	 Total:0.1062583	 vleng_Acc:0.1562500	 Mean_Total:0.2074825
2021-09-09 11:16:58,600 - ===============================| start validation |===============================
2021-09-09 11:17:17,310 - 	 Total:0.2827591	 unmod1_loss:0.2613764	 unmod1_Acc:0.2084486	 human_loss:0.3264874	 human_Acc:0.1836246	 vleng_loss:0.3124993	 vleng_Acc:0.1999215
2021-09-09 11:17:17,315 -    ini file updated    
2021-09-09 11:17:17,315 - ===============================|    epoch 7   |===============================
2021-09-09 11:17:18,919 -     0 / 21939 (000%):	 Total:0.2105376	 unmod1_Acc:0.1875000	 Mean_Total:0.2105376
2021-09-09 11:19:37,226 -  4387 / 21939 (019%):	 Total:0.1163800	 human_Acc:0.1562500	 Mean_Total:0.2039734
2021-09-09 11:21:55,156 -  8774 / 21939 (039%):	 Total:0.1773395	 vleng_Acc:0.3437500	 Mean_Total:0.2051444
2021-09-09 11:24:14,257 - 13161 / 21939 (059%):	 Total:0.2675129	 unmod1_Acc:0.3750000	 Mean_Total:0.2045823
2021-09-09 11:26:31,305 - 17548 / 21939 (079%):	 Total:0.2334989	 human_Acc:0.2812500	 Mean_Total:0.2058889
2021-09-09 11:28:54,431 - 21935 / 21939 (099%):	 Total:0.1859215	 vleng_Acc:0.1875000	 Mean_Total:0.2064530
2021-09-09 11:28:55,040 - ===============================| start validation |===============================
2021-09-09 11:29:14,275 - 	 Total:0.2818197	 unmod1_loss:0.2604708	 unmod1_Acc:0.2106396	 human_loss:0.3280589	 human_Acc:0.1876140	 vleng_loss:0.3089763	 vleng_Acc:0.1948222
2021-09-09 11:29:14,280 -    ini file updated    
2021-09-09 11:29:14,317 - Snapshot saved to /data/users/wergillius/UTR_VAE/pth/RL_3_data_MTL/iter_by_iter/schedule_relay_lr-model_best.pth

2021-09-09 11:29:14,318 -    ini file updated    
2021-09-09 11:29:14,318 - ===============================|    epoch 8   |===============================
2021-09-09 11:29:15,798 -     0 / 21939 (000%):	 Total:0.2402533	 unmod1_Acc:0.0937500	 Mean_Total:0.2402533
2021-09-09 11:31:38,753 -  4387 / 21939 (019%):	 Total:0.4154328	 human_Acc:0.1875000	 Mean_Total:0.2063895
2021-09-09 11:34:02,687 -  8774 / 21939 (039%):	 Total:0.1272374	 vleng_Acc:0.1875000	 Mean_Total:0.2044731
2021-09-09 11:36:29,117 - 13161 / 21939 (059%):	 Total:0.0725247	 unmod1_Acc:0.2500000	 Mean_Total:0.2052734
2021-09-09 11:38:52,645 - 17548 / 21939 (079%):	 Total:0.1377001	 human_Acc:0.1875000	 Mean_Total:0.2050219
2021-09-09 11:41:24,163 - 21935 / 21939 (099%):	 Total:0.1771390	 vleng_Acc:0.1562500	 Mean_Total:0.2055176
2021-09-09 11:41:24,741 - ===============================| start validation |===============================
2021-09-09 11:41:44,882 - 	 Total:0.2813946	 unmod1_loss:0.2590219	 unmod1_Acc:0.2118312	 human_loss:0.3307608	 human_Acc:0.1843465	 vleng_loss:0.3089591	 vleng_Acc:0.1971757
2021-09-09 11:41:44,885 -    ini file updated    
2021-09-09 11:41:44,928 - Snapshot saved to /data/users/wergillius/UTR_VAE/pth/RL_3_data_MTL/iter_by_iter/schedule_relay_lr-model_best.pth

2021-09-09 11:41:44,929 -    ini file updated    
2021-09-09 11:41:44,929 - ===============================|    epoch 9   |===============================
2021-09-09 11:41:46,374 -     0 / 21939 (000%):	 Total:0.1598053	 unmod1_Acc:0.1250000	 Mean_Total:0.1598053
2021-09-09 11:44:18,367 -  4387 / 21939 (019%):	 Total:0.1735700	 human_Acc:0.1875000	 Mean_Total:0.2044136
2021-09-09 11:46:49,272 -  8774 / 21939 (039%):	 Total:0.1389289	 vleng_Acc:0.2812500	 Mean_Total:0.2047400
2021-09-09 11:49:19,601 - 13161 / 21939 (059%):	 Total:0.1961426	 unmod1_Acc:0.2812500	 Mean_Total:0.2060486
2021-09-09 11:51:55,557 - 17548 / 21939 (079%):	 Total:0.2372260	 human_Acc:0.1875000	 Mean_Total:0.2051025
2021-09-09 11:54:34,903 - 21935 / 21939 (099%):	 Total:0.1707533	 vleng_Acc:0.1250000	 Mean_Total:0.2051193
2021-09-09 11:54:35,526 - ===============================| start validation |===============================
2021-09-09 11:54:57,026 - 	 Total:0.2797152	 unmod1_loss:0.2583425	 unmod1_Acc:0.2149062	 human_loss:0.3225190	 human_Acc:0.1898366	 vleng_loss:0.3103308	 vleng_Acc:0.1984833
2021-09-09 11:54:57,030 -    ini file updated    
2021-09-09 11:54:57,061 - Snapshot saved to /data/users/wergillius/UTR_VAE/pth/RL_3_data_MTL/iter_by_iter/schedule_relay_lr-model_best.pth

2021-09-09 11:54:57,062 -    ini file updated    
2021-09-09 11:54:57,062 - ===============================|    epoch 10   |===============================
2021-09-09 11:54:58,718 -     0 / 21939 (000%):	 Total:0.1356720	 unmod1_Acc:0.1562500	 Mean_Total:0.1356720
2021-09-09 11:57:37,721 -  4387 / 21939 (019%):	 Total:0.1965610	 human_Acc:0.2187500	 Mean_Total:0.2033260
2021-09-09 12:00:15,456 -  8774 / 21939 (039%):	 Total:0.0706726	 vleng_Acc:0.3437500	 Mean_Total:0.2044666
2021-09-09 12:02:56,538 - 13161 / 21939 (059%):	 Total:0.0635000	 unmod1_Acc:0.3437500	 Mean_Total:0.2046391
2021-09-09 12:05:36,506 - 17548 / 21939 (079%):	 Total:0.2306472	 human_Acc:0.2812500	 Mean_Total:0.2045048
2021-09-09 12:08:14,243 - 21935 / 21939 (099%):	 Total:0.1311821	 vleng_Acc:0.3437500	 Mean_Total:0.2046616
2021-09-09 12:08:14,892 - ===============================| start validation |===============================
2021-09-09 12:08:36,621 - 	 Total:0.2798774	 unmod1_loss:0.2575760	 unmod1_Acc:0.2139068	 human_loss:0.3272402	 human_Acc:0.1869871	 vleng_loss:0.3091693	 vleng_Acc:0.1905073
2021-09-09 12:08:36,628 -    ini file updated    
2021-09-09 12:08:36,628 - ===============================|    epoch 11   |===============================
2021-09-09 12:08:38,325 -     0 / 21939 (000%):	 Total:0.3078960	 unmod1_Acc:0.2187500	 Mean_Total:0.3078960
2021-09-09 12:11:16,966 -  4387 / 21939 (019%):	 Total:0.1332996	 human_Acc:0.1250000	 Mean_Total:0.2010146
2021-09-09 12:13:57,837 -  8774 / 21939 (039%):	 Total:0.1900207	 vleng_Acc:0.1250000	 Mean_Total:0.2028934
2021-09-09 12:16:37,352 - 13161 / 21939 (059%):	 Total:0.9389768	 unmod1_Acc:0.0312500	 Mean_Total:0.2042710
2021-09-09 12:19:15,545 - 17548 / 21939 (079%):	 Total:0.1759131	 human_Acc:0.2187500	 Mean_Total:0.2043670
2021-09-09 12:21:54,470 - 21935 / 21939 (099%):	 Total:0.1128336	 vleng_Acc:0.0937500	 Mean_Total:0.2042078
2021-09-09 12:21:55,121 - ===============================| start validation |===============================
2021-09-09 12:22:16,567 - 	 Total:0.2799413	 unmod1_loss:0.2582410	 unmod1_Acc:0.2141375	 human_loss:0.3226355	 human_Acc:0.1916033	 vleng_loss:0.3117792	 vleng_Acc:0.1949529
2021-09-09 12:22:16,572 -    ini file updated    
2021-09-09 12:22:16,572 - ===============================|    epoch 12   |===============================
2021-09-09 12:22:18,207 -     0 / 21939 (000%):	 Total:0.1933221	 unmod1_Acc:0.3437500	 Mean_Total:0.1933221
2021-09-09 12:24:56,595 -  4387 / 21939 (019%):	 Total:0.1332591	 human_Acc:0.2187500	 Mean_Total:0.2047959
2021-09-09 12:27:36,808 -  8774 / 21939 (039%):	 Total:0.1431839	 vleng_Acc:0.2187500	 Mean_Total:0.2037476
2021-09-09 12:30:17,253 - 13161 / 21939 (059%):	 Total:0.2265488	 unmod1_Acc:0.1875000	 Mean_Total:0.2045650
2021-09-09 12:32:56,526 - 17548 / 21939 (079%):	 Total:0.1069742	 human_Acc:0.3750000	 Mean_Total:0.2042887
2021-09-09 12:35:34,847 - 21935 / 21939 (099%):	 Total:0.1172478	 vleng_Acc:0.3125000	 Mean_Total:0.2041802
2021-09-09 12:35:35,407 - ===============================| start validation |===============================
2021-09-09 12:35:56,710 - 	 Total:0.2780808	 unmod1_loss:0.2563039	 unmod1_Acc:0.2155212	 human_loss:0.3217235	 human_Acc:0.1912044	 vleng_loss:0.3092464	 vleng_Acc:0.1912918
2021-09-09 12:35:56,717 -    ini file updated    
2021-09-09 12:35:56,758 - Snapshot saved to /data/users/wergillius/UTR_VAE/pth/RL_3_data_MTL/iter_by_iter/schedule_relay_lr-model_best.pth

2021-09-09 12:35:56,760 -    ini file updated    
2021-09-09 12:35:56,760 - ===============================|    epoch 13   |===============================
2021-09-09 12:35:58,369 -     0 / 21939 (000%):	 Total:0.1072963	 unmod1_Acc:0.2500000	 Mean_Total:0.1072963
2021-09-09 12:38:36,118 -  4387 / 21939 (019%):	 Total:0.1337516	 human_Acc:0.1875000	 Mean_Total:0.2024457
2021-09-09 12:41:14,826 -  8774 / 21939 (039%):	 Total:0.0873353	 vleng_Acc:0.3437500	 Mean_Total:0.2019066
2021-09-09 12:43:54,208 - 13161 / 21939 (059%):	 Total:0.2879409	 unmod1_Acc:0.0625000	 Mean_Total:0.2019466
2021-09-09 12:46:31,648 - 17548 / 21939 (079%):	 Total:0.2196230	 human_Acc:0.3125000	 Mean_Total:0.2026713
2021-09-09 12:49:06,631 - 21935 / 21939 (099%):	 Total:0.1399864	 vleng_Acc:0.1875000	 Mean_Total:0.2035114
2021-09-09 12:49:07,177 - ===============================| start validation |===============================
2021-09-09 12:49:28,125 - 	 Total:0.2823366	 unmod1_loss:0.2609392	 unmod1_Acc:0.2102552	 human_loss:0.3287645	 human_Acc:0.1895707	 vleng_loss:0.3094728	 vleng_Acc:0.1967835
2021-09-09 12:49:28,130 -    ini file updated    
2021-09-09 12:49:28,130 - ===============================|    epoch 14   |===============================
2021-09-09 12:49:29,784 -     0 / 21939 (000%):	 Total:0.2173416	 unmod1_Acc:0.1562500	 Mean_Total:0.2173416
2021-09-09 12:52:01,950 -  4387 / 21939 (019%):	 Total:0.2300486	 human_Acc:0.1250000	 Mean_Total:0.2015255
2021-09-09 12:54:35,643 -  8774 / 21939 (039%):	 Total:0.1120204	 vleng_Acc:0.1875000	 Mean_Total:0.2026184
2021-09-09 12:57:09,580 - 13161 / 21939 (059%):	 Total:0.1374482	 unmod1_Acc:0.2812500	 Mean_Total:0.2032784
2021-09-09 12:59:42,987 - 17548 / 21939 (079%):	 Total:0.1823461	 human_Acc:0.1562500	 Mean_Total:0.2026877
2021-09-09 13:02:15,771 - 21935 / 21939 (099%):	 Total:0.1473223	 vleng_Acc:0.1875000	 Mean_Total:0.2026505
2021-09-09 13:02:16,307 - ===============================| start validation |===============================
2021-09-09 13:02:37,061 - 	 Total:0.2833859	 unmod1_loss:0.2593602	 unmod1_Acc:0.2139453	 human_loss:0.3322499	 human_Acc:0.1834536	 vleng_loss:0.3170672	 vleng_Acc:0.1965220
2021-09-09 13:02:37,065 -    ini file updated    
2021-09-09 13:02:37,065 - ===============================|    epoch 15   |===============================
2021-09-09 13:02:38,639 -     0 / 21939 (000%):	 Total:0.1554185	 unmod1_Acc:0.2500000	 Mean_Total:0.1554185
2021-09-09 13:05:11,171 -  4387 / 21939 (019%):	 Total:0.2017148	 human_Acc:0.1875000	 Mean_Total:0.2052209
2021-09-09 13:07:42,432 -  8774 / 21939 (039%):	 Total:0.1356727	 vleng_Acc:0.3125000	 Mean_Total:0.2026337
2021-09-09 13:10:12,877 - 13161 / 21939 (059%):	 Total:0.1360771	 unmod1_Acc:0.1562500	 Mean_Total:0.2027786
2021-09-09 13:12:45,172 - 17548 / 21939 (079%):	 Total:0.1617097	 human_Acc:0.3125000	 Mean_Total:0.2027277
2021-09-09 13:15:17,372 - 21935 / 21939 (099%):	 Total:0.2126686	 vleng_Acc:0.1250000	 Mean_Total:0.2022302
2021-09-09 13:15:17,881 - ===============================| start validation |===============================
2021-09-09 13:15:38,103 - 	 Total:0.2791949	 unmod1_loss:0.2568081	 unmod1_Acc:0.2119081	 human_loss:0.3259410	 human_Acc:0.1898366	 vleng_loss:0.3093837	 vleng_Acc:0.1914226
2021-09-09 13:15:38,107 -    ini file updated    
2021-09-09 13:15:38,107 - ===============================|    epoch 16   |===============================
2021-09-09 13:15:39,659 -     0 / 21939 (000%):	 Total:0.1751989	 unmod1_Acc:0.2187500	 Mean_Total:0.1751989
2021-09-09 13:18:12,976 -  4387 / 21939 (019%):	 Total:0.2653842	 human_Acc:0.0937500	 Mean_Total:0.2020702
2021-09-09 13:20:45,835 -  8774 / 21939 (039%):	 Total:0.2227301	 vleng_Acc:0.1875000	 Mean_Total:0.2028712
2021-09-09 13:23:18,962 - 13161 / 21939 (059%):	 Total:0.2075503	 unmod1_Acc:0.1250000	 Mean_Total:0.2022203
2021-09-09 13:25:50,948 - 17548 / 21939 (079%):	 Total:0.1164939	 human_Acc:0.2187500	 Mean_Total:0.2024212
2021-09-09 13:28:24,621 - 21935 / 21939 (099%):	 Total:0.1170117	 vleng_Acc:0.3125000	 Mean_Total:0.2021170
2021-09-09 13:28:25,177 - ===============================| start validation |===============================
2021-09-09 13:28:45,565 - 	 Total:0.2797209	 unmod1_loss:0.2583235	 unmod1_Acc:0.2061808	 human_loss:0.3232397	 human_Acc:0.1878799	 vleng_loss:0.3097173	 vleng_Acc:0.1941684
2021-09-09 13:28:45,568 -    ini file updated    
2021-09-09 13:28:45,568 - ===============================|    epoch 17   |===============================
2021-09-09 13:28:47,227 -     0 / 21939 (000%):	 Total:0.1764363	 unmod1_Acc:0.2812500	 Mean_Total:0.1764363
2021-09-09 13:31:19,489 -  4387 / 21939 (019%):	 Total:0.1222410	 human_Acc:0.2187500	 Mean_Total:0.2008302
2021-09-09 13:33:52,408 -  8774 / 21939 (039%):	 Total:0.1136551	 vleng_Acc:0.0937500	 Mean_Total:0.2009874
2021-09-09 13:36:24,602 - 13161 / 21939 (059%):	 Total:0.1330644	 unmod1_Acc:0.2500000	 Mean_Total:0.2013143
2021-09-09 13:38:54,283 - 17548 / 21939 (079%):	 Total:0.1551018	 human_Acc:0.0625000	 Mean_Total:0.2016686
2021-09-09 13:41:21,292 - 21935 / 21939 (099%):	 Total:0.1824944	 vleng_Acc:0.0937500	 Mean_Total:0.2018922
2021-09-09 13:41:21,831 - ===============================| start validation |===============================
2021-09-09 13:41:41,500 - 	 Total:0.2787754	 unmod1_loss:0.2563360	 unmod1_Acc:0.2184809	 human_loss:0.3232167	 human_Acc:0.1908435	 vleng_loss:0.3114091	 vleng_Acc:0.1957374
2021-09-09 13:41:41,503 -    ini file updated    
2021-09-09 13:41:41,504 - ===============================|    epoch 18   |===============================
2021-09-09 13:41:43,365 -     0 / 21939 (000%):	 Total:0.2311608	 unmod1_Acc:0.2187500	 Mean_Total:0.2311608
2021-09-09 13:44:09,322 -  4387 / 21939 (019%):	 Total:0.2446434	 human_Acc:0.2187500	 Mean_Total:0.2018959
2021-09-09 13:46:36,518 -  8774 / 21939 (039%):	 Total:0.2169651	 vleng_Acc:0.2500000	 Mean_Total:0.2018639
2021-09-09 13:48:59,744 - 13161 / 21939 (059%):	 Total:0.1177058	 unmod1_Acc:0.2187500	 Mean_Total:0.2019402
2021-09-09 13:51:18,940 - 17548 / 21939 (079%):	 Total:0.2526453	 human_Acc:0.1875000	 Mean_Total:0.2015669
2021-09-09 13:53:40,571 - 21935 / 21939 (099%):	 Total:0.1390076	 vleng_Acc:0.1562500	 Mean_Total:0.2014575
2021-09-09 13:53:41,099 - ===============================| start validation |===============================
2021-09-09 13:53:59,524 - 	 Total:0.2821148	 unmod1_loss:0.2600756	 unmod1_Acc:0.2104859	 human_loss:0.3261766	 human_Acc:0.1846125	 vleng_loss:0.3137607	 vleng_Acc:0.2010983
2021-09-09 13:53:59,528 -    ini file updated    
2021-09-09 13:53:59,528 - ===============================|    epoch 19   |===============================
2021-09-09 13:54:01,224 -     0 / 21939 (000%):	 Total:0.7004225	 unmod1_Acc:0.1562500	 Mean_Total:0.7004225
2021-09-09 13:56:20,507 -  4387 / 21939 (019%):	 Total:0.2346843	 human_Acc:0.0625000	 Mean_Total:0.2009230
2021-09-09 13:58:42,298 -  8774 / 21939 (039%):	 Total:0.0984920	 vleng_Acc:0.1875000	 Mean_Total:0.2007370
2021-09-09 14:01:02,863 - 13161 / 21939 (059%):	 Total:0.1547954	 unmod1_Acc:0.2500000	 Mean_Total:0.2015677
2021-09-09 14:03:20,463 - 17548 / 21939 (079%):	 Total:0.1542107	 human_Acc:0.1562500	 Mean_Total:0.2008741
2021-09-09 14:05:41,060 - 21935 / 21939 (099%):	 Total:0.2257305	 vleng_Acc:0.2187500	 Mean_Total:0.2010467
2021-09-09 14:05:41,551 - ===============================| start validation |===============================
2021-09-09 14:05:59,755 - 	 Total:0.2786256	 unmod1_loss:0.2557623	 unmod1_Acc:0.2140990	 human_loss:0.3250521	 human_Acc:0.1882409	 vleng_loss:0.3107495	 vleng_Acc:0.1952144
2021-09-09 14:05:59,758 -    ini file updated    
2021-09-09 14:05:59,758 - ===============================|    epoch 20   |===============================
2021-09-09 14:06:01,407 -     0 / 21939 (000%):	 Total:0.2057594	 unmod1_Acc:0.2500000	 Mean_Total:0.2057594
2021-09-09 14:08:22,862 -  4387 / 21939 (019%):	 Total:0.1524521	 human_Acc:0.2812500	 Mean_Total:0.1998205
2021-09-09 14:10:49,825 -  8774 / 21939 (039%):	 Total:0.0898373	 vleng_Acc:0.1875000	 Mean_Total:0.2002057
2021-09-09 14:13:11,837 - 13161 / 21939 (059%):	 Total:0.6450038	 unmod1_Acc:0.1875000	 Mean_Total:0.1996919
2021-09-09 14:15:30,130 - 17548 / 21939 (079%):	 Total:0.1594027	 human_Acc:0.1562500	 Mean_Total:0.2009575
2021-09-09 14:18:03,282 - 21935 / 21939 (099%):	 Total:0.1169199	 vleng_Acc:0.2187500	 Mean_Total:0.2007195
2021-09-09 14:18:03,798 - ===============================| start validation |===============================
2021-09-09 14:18:24,577 - 	 Total:0.2811305	 unmod1_loss:0.2567819	 unmod1_Acc:0.2081796	 human_loss:0.3319967	 human_Acc:0.1844795	 vleng_loss:0.3139416	 vleng_Acc:0.1954759
2021-09-09 14:18:24,581 -    ini file updated    
2021-09-09 14:18:24,581 - ===============================|    epoch 21   |===============================
2021-09-09 14:18:26,440 -     0 / 21939 (000%):	 Total:0.0818055	 unmod1_Acc:0.2812500	 Mean_Total:0.0818055
2021-09-09 14:20:58,992 -  4387 / 21939 (019%):	 Total:0.0932637	 human_Acc:0.1562500	 Mean_Total:0.1992818
2021-09-09 14:23:33,074 -  8774 / 21939 (039%):	 Total:0.1401355	 vleng_Acc:0.2812500	 Mean_Total:0.1997786
2021-09-09 14:26:02,032 - 13161 / 21939 (059%):	 Total:0.2059592	 unmod1_Acc:0.1562500	 Mean_Total:0.2002833
2021-09-09 14:28:32,808 - 17548 / 21939 (079%):	 Total:0.1845117	 human_Acc:0.2187500	 Mean_Total:0.2006324
2021-09-09 14:31:42,390 - 21935 / 21939 (099%):	 Total:0.1814933	 vleng_Acc:0.1562500	 Mean_Total:0.2001683
2021-09-09 14:31:43,013 - ===============================| start validation |===============================
2021-09-09 14:32:12,086 - 	 Total:0.2793401	 unmod1_loss:0.2563478	 unmod1_Acc:0.2143681	 human_loss:0.3261315	 human_Acc:0.1860752	 vleng_loss:0.3115437	 vleng_Acc:0.1944299
2021-09-09 14:32:12,089 -    ini file updated    
2021-09-09 14:32:12,089 - ===============================|    epoch 22   |===============================
2021-09-09 14:32:14,120 -     0 / 21939 (000%):	 Total:0.1986466	 unmod1_Acc:0.1250000	 Mean_Total:0.1986466
2021-09-09 14:35:49,976 -  4387 / 21939 (019%):	 Total:0.1992881	 human_Acc:0.1562500	 Mean_Total:0.1997898
2021-09-09 14:39:21,471 -  8774 / 21939 (039%):	 Total:0.1977672	 vleng_Acc:0.1875000	 Mean_Total:0.1998152
2021-09-09 14:42:35,033 - 13161 / 21939 (059%):	 Total:0.5806680	 unmod1_Acc:0.2500000	 Mean_Total:0.2005685
2021-09-09 14:46:23,859 - 17548 / 21939 (079%):	 Total:0.2328891	 human_Acc:0.1875000	 Mean_Total:0.2001657
2021-09-09 14:50:07,439 - 21935 / 21939 (099%):	 Total:0.2702402	 vleng_Acc:0.1250000	 Mean_Total:0.2003539
2021-09-09 14:50:08,066 - ===============================| start validation |===============================
2021-09-09 14:50:37,500 - 	 Total:0.2786580	 unmod1_loss:0.2562178	 unmod1_Acc:0.2185962	 human_loss:0.3245597	 human_Acc:0.1914324	 vleng_loss:0.3098586	 vleng_Acc:0.1973065
2021-09-09 14:50:37,507 -    ini file updated    
2021-09-09 14:50:37,507 - ===============================|    epoch 23   |===============================
2021-09-09 14:50:39,593 -     0 / 21939 (000%):	 Total:0.2015102	 unmod1_Acc:0.2812500	 Mean_Total:0.2015102
2021-09-09 14:54:22,947 -  4387 / 21939 (019%):	 Total:0.1370685	 human_Acc:0.2187500	 Mean_Total:0.2003916
2021-09-09 14:59:10,990 -  8774 / 21939 (039%):	 Total:0.1524924	 vleng_Acc:0.1875000	 Mean_Total:0.2016819
2021-09-09 15:04:30,914 - 13161 / 21939 (059%):	 Total:0.2570114	 unmod1_Acc:0.2187500	 Mean_Total:0.2003322
2021-09-09 15:08:44,450 - 17548 / 21939 (079%):	 Total:0.1726933	 human_Acc:0.1562500	 Mean_Total:0.2007393
2021-09-09 15:12:58,714 - 21935 / 21939 (099%):	 Total:0.1393977	 vleng_Acc:0.1875000	 Mean_Total:0.2001819
2021-09-09 15:12:59,403 - ===============================| start validation |===============================
2021-09-09 15:13:34,741 - 	 Total:0.2805388	 unmod1_loss:0.2561486	 unmod1_Acc:0.2124462	 human_loss:0.3323275	 human_Acc:0.1895517	 vleng_loss:0.3125842	 vleng_Acc:0.1946914
2021-09-09 15:13:34,745 -    ini file updated    
2021-09-09 15:13:34,745 - ===============================|    epoch 24   |===============================
2021-09-09 15:13:36,409 -     0 / 21939 (000%):	 Total:0.1392466	 unmod1_Acc:0.2187500	 Mean_Total:0.1392466
2021-09-09 15:17:47,159 -  4387 / 21939 (019%):	 Total:0.1382272	 human_Acc:0.2187500	 Mean_Total:0.2017564
2021-09-09 15:22:01,048 -  8774 / 21939 (039%):	 Total:0.1430118	 vleng_Acc:0.1875000	 Mean_Total:0.2007220
2021-09-09 15:26:16,038 - 13161 / 21939 (059%):	 Total:0.6037158	 unmod1_Acc:0.1875000	 Mean_Total:0.2002259
2021-09-09 15:30:26,594 - 17548 / 21939 (079%):	 Total:0.1480063	 human_Acc:0.3125000	 Mean_Total:0.2002089
2021-09-09 15:34:37,087 - 21935 / 21939 (099%):	 Total:0.1005761	 vleng_Acc:0.2812500	 Mean_Total:0.1999924
2021-09-09 15:34:37,699 - ===============================| start validation |===============================
2021-09-09 15:35:12,798 - 	 Total:0.2770586	 unmod1_loss:0.2549952	 unmod1_Acc:0.2153675	 human_loss:0.3213237	 human_Acc:0.1953837	 vleng_loss:0.3085865	 vleng_Acc:0.1990063
2021-09-09 15:35:12,803 -    ini file updated    
2021-09-09 15:35:12,839 - Snapshot saved to /data/users/wergillius/UTR_VAE/pth/RL_3_data_MTL/iter_by_iter/schedule_relay_lr-model_best.pth

2021-09-09 15:35:12,840 -    ini file updated    
2021-09-09 15:35:12,840 - ===============================|    epoch 25   |===============================
2021-09-09 15:35:14,488 -     0 / 21939 (000%):	 Total:0.0595210	 unmod1_Acc:0.4062500	 Mean_Total:0.0595210
2021-09-09 15:39:26,395 -  4387 / 21939 (019%):	 Total:0.1624902	 human_Acc:0.3125000	 Mean_Total:0.1959401
2021-09-09 15:43:39,531 -  8774 / 21939 (039%):	 Total:0.0720676	 vleng_Acc:0.2500000	 Mean_Total:0.1984579
2021-09-09 15:47:38,985 - 13161 / 21939 (059%):	 Total:0.1689055	 unmod1_Acc:0.1875000	 Mean_Total:0.1995190
2021-09-09 15:50:33,876 - 17548 / 21939 (079%):	 Total:0.1276876	 human_Acc:0.2187500	 Mean_Total:0.1988954
2021-09-09 15:53:36,457 - 21935 / 21939 (099%):	 Total:0.1361719	 vleng_Acc:0.2812500	 Mean_Total:0.1993381
2021-09-09 15:53:36,994 - ===============================| start validation |===============================
2021-09-09 15:54:09,332 - 	 Total:0.2793109	 unmod1_loss:0.2577965	 unmod1_Acc:0.2140990	 human_loss:0.3221946	 human_Acc:0.1935600	 vleng_loss:0.3103296	 vleng_Acc:0.1974372
2021-09-09 15:54:09,338 -    ini file updated    
2021-09-09 15:54:09,338 - ===============================|    epoch 26   |===============================
2021-09-09 15:54:11,119 -     0 / 21939 (000%):	 Total:0.1712068	 unmod1_Acc:0.3750000	 Mean_Total:0.1712068
