2021-09-09 00:26:27,431 - ===============================| start validation |===============================
2021-09-09 00:26:47,021 -     ===========================| device cuda0 |===========================    
2021-09-09 00:27:00,577 - ===============================|    epoch 0   |===============================
2021-09-09 00:27:01,971 -     0 / 21939 (000%):	 Total:0.0496771	 unmod1_Acc:0.3437500	 Mean_Total:0.0496771
2021-09-09 00:29:16,518 -  4387 / 21939 (019%):	 Total:0.1388977	 human_Acc:0.1875000	 Mean_Total:0.1040459
2021-09-09 00:31:45,026 -  8774 / 21939 (039%):	 Total:0.0888064	 vleng_Acc:0.2812500	 Mean_Total:0.1042417
2021-09-09 00:33:32,283 - 13161 / 21939 (059%):	 Total:0.0616501	 unmod1_Acc:0.2187500	 Mean_Total:0.1036559
2021-09-09 00:35:24,979 - 17548 / 21939 (079%):	 Total:0.0813571	 human_Acc:0.1875000	 Mean_Total:0.1032065
2021-09-09 00:37:21,878 - 21935 / 21939 (099%):	 Total:0.1061080	 vleng_Acc:0.2812500	 Mean_Total:0.1028675
2021-09-09 00:37:22,373 - ===============================| start validation |===============================
2021-09-09 00:37:39,304 - 	 Total:0.1083039	 unmod1_loss:0.0862726	 unmod1_Acc:0.3626614	 human_loss:0.1400430	 human_Acc:0.2805851	 vleng_loss:0.1520397	 vleng_Acc:0.2693515
2021-09-09 00:37:39,310 -    ini file updated    
2021-09-09 00:37:39,353 - Snapshot saved to /data/users/wergillius/UTR_VAE/pth/RL_3_data_MTL/iter_by_iter/schedule_relay-model_best.pth

2021-09-09 00:37:39,354 -    ini file updated    
2021-09-09 00:37:39,354 - ===============================|    epoch 1   |===============================
2021-09-09 00:37:40,731 -     0 / 21939 (000%):	 Total:0.0728921	 unmod1_Acc:0.3125000	 Mean_Total:0.0728921
2021-09-09 00:39:39,292 -  4387 / 21939 (019%):	 Total:0.0987503	 human_Acc:0.1562500	 Mean_Total:0.1006421
2021-09-09 00:41:39,333 -  8774 / 21939 (039%):	 Total:0.2119327	 vleng_Acc:0.2187500	 Mean_Total:0.1009703
2021-09-09 00:43:39,052 - 13161 / 21939 (059%):	 Total:0.0478905	 unmod1_Acc:0.3437500	 Mean_Total:0.1008574
2021-09-09 00:45:38,452 - 17548 / 21939 (079%):	 Total:0.0997627	 human_Acc:0.2812500	 Mean_Total:0.1006972
2021-09-09 00:47:40,473 - 21935 / 21939 (099%):	 Total:0.0726898	 vleng_Acc:0.3437500	 Mean_Total:0.1006068
2021-09-09 00:47:40,995 - ===============================| start validation |===============================
2021-09-09 00:47:57,912 - 	 Total:0.1079105	 unmod1_loss:0.0858909	 unmod1_Acc:0.3614314	 human_loss:0.1385322	 human_Acc:0.2841945	 vleng_loss:0.1527051	 vleng_Acc:0.2671287
2021-09-09 00:47:57,917 -    ini file updated    
2021-09-09 00:47:57,959 - Snapshot saved to /data/users/wergillius/UTR_VAE/pth/RL_3_data_MTL/iter_by_iter/schedule_relay-model_best.pth

2021-09-09 00:47:57,960 -    ini file updated    
2021-09-09 00:47:57,960 - ===============================|    epoch 2   |===============================
2021-09-09 00:47:59,265 -     0 / 21939 (000%):	 Total:0.0575845	 unmod1_Acc:0.2500000	 Mean_Total:0.0575845
2021-09-09 00:49:58,145 -  4387 / 21939 (019%):	 Total:0.0914868	 human_Acc:0.2187500	 Mean_Total:0.0994737
2021-09-09 00:51:58,233 -  8774 / 21939 (039%):	 Total:0.0931614	 vleng_Acc:0.3750000	 Mean_Total:0.0995312
2021-09-09 00:53:55,222 - 13161 / 21939 (059%):	 Total:0.0761244	 unmod1_Acc:0.3437500	 Mean_Total:0.0995817
2021-09-09 00:55:51,590 - 17548 / 21939 (079%):	 Total:0.1691487	 human_Acc:0.2187500	 Mean_Total:0.0994470
2021-09-09 00:57:49,595 - 21935 / 21939 (099%):	 Total:0.0898264	 vleng_Acc:0.1562500	 Mean_Total:0.0995213
2021-09-09 00:57:50,068 - ===============================| start validation |===============================
2021-09-09 00:58:06,671 - 	 Total:0.1076352	 unmod1_loss:0.0854903	 unmod1_Acc:0.3631996	 human_loss:0.1384223	 human_Acc:0.2789704	 vleng_loss:0.1526931	 vleng_Acc:0.2686977
2021-09-09 00:58:06,675 -    ini file updated    
2021-09-09 00:58:06,706 - Snapshot saved to /data/users/wergillius/UTR_VAE/pth/RL_3_data_MTL/iter_by_iter/schedule_relay-model_best.pth

2021-09-09 00:58:06,707 -    ini file updated    
2021-09-09 00:58:06,707 - ===============================|    epoch 3   |===============================
2021-09-09 00:58:08,064 -     0 / 21939 (000%):	 Total:0.0545722	 unmod1_Acc:0.5312500	 Mean_Total:0.0545722
2021-09-09 01:00:01,070 -  4387 / 21939 (019%):	 Total:0.0892287	 human_Acc:0.2500000	 Mean_Total:0.0990684
2021-09-09 01:01:56,869 -  8774 / 21939 (039%):	 Total:0.1059363	 vleng_Acc:0.1875000	 Mean_Total:0.0987413
2021-09-09 01:03:52,410 - 13161 / 21939 (059%):	 Total:0.0605107	 unmod1_Acc:0.3437500	 Mean_Total:0.0986563
2021-09-09 01:05:48,744 - 17548 / 21939 (079%):	 Total:0.0702051	 human_Acc:0.3125000	 Mean_Total:0.0986844
2021-09-09 01:07:48,328 - 21935 / 21939 (099%):	 Total:0.0776660	 vleng_Acc:0.4062500	 Mean_Total:0.0985739
2021-09-09 01:07:48,882 - ===============================| start validation |===============================
2021-09-09 01:08:05,218 - 	 Total:0.1075449	 unmod1_loss:0.0853233	 unmod1_Acc:0.3609702	 human_loss:0.1372689	 human_Acc:0.2805281	 vleng_loss:0.1539089	 vleng_Acc:0.2671287
2021-09-09 01:08:05,221 -    ini file updated    
2021-09-09 01:08:05,256 - Snapshot saved to /data/users/wergillius/UTR_VAE/pth/RL_3_data_MTL/iter_by_iter/schedule_relay-model_best.pth

2021-09-09 01:08:05,257 -    ini file updated    
2021-09-09 01:08:05,257 - ===============================|    epoch 4   |===============================
2021-09-09 01:08:06,808 -     0 / 21939 (000%):	 Total:0.0469041	 unmod1_Acc:0.4687500	 Mean_Total:0.0469041
2021-09-09 01:10:03,353 -  4387 / 21939 (019%):	 Total:0.2264641	 human_Acc:0.3125000	 Mean_Total:0.0987490
2021-09-09 01:12:02,608 -  8774 / 21939 (039%):	 Total:0.1042536	 vleng_Acc:0.2187500	 Mean_Total:0.0989575
2021-09-09 01:14:00,617 - 13161 / 21939 (059%):	 Total:0.0783664	 unmod1_Acc:0.3437500	 Mean_Total:0.0981815
2021-09-09 01:15:52,839 - 17548 / 21939 (079%):	 Total:0.1283235	 human_Acc:0.2500000	 Mean_Total:0.0981918
2021-09-09 01:17:49,322 - 21935 / 21939 (099%):	 Total:0.0467484	 vleng_Acc:0.2812500	 Mean_Total:0.0977352
2021-09-09 01:17:49,878 - ===============================| start validation |===============================
2021-09-09 01:18:06,833 - 	 Total:0.1075910	 unmod1_loss:0.0853794	 unmod1_Acc:0.3617005	 human_loss:0.1382015	 human_Acc:0.2820669	 vleng_loss:0.1530492	 vleng_Acc:0.2664749
2021-09-09 01:18:06,836 -    ini file updated    
2021-09-09 01:18:06,836 - ===============================|    epoch 5   |===============================
2021-09-09 01:18:08,201 -     0 / 21939 (000%):	 Total:0.0772357	 unmod1_Acc:0.4687500	 Mean_Total:0.0772357
2021-09-09 01:20:04,470 -  4387 / 21939 (019%):	 Total:0.0688990	 human_Acc:0.3125000	 Mean_Total:0.0978676
2021-09-09 01:22:00,366 -  8774 / 21939 (039%):	 Total:0.1087684	 vleng_Acc:0.3750000	 Mean_Total:0.0973229
2021-09-09 01:23:57,103 - 13161 / 21939 (059%):	 Total:0.0543241	 unmod1_Acc:0.2500000	 Mean_Total:0.0967150
2021-09-09 01:25:53,212 - 17548 / 21939 (079%):	 Total:0.1367365	 human_Acc:0.1562500	 Mean_Total:0.0970929
2021-09-09 01:27:53,212 - 21935 / 21939 (099%):	 Total:0.0505141	 vleng_Acc:0.3125000	 Mean_Total:0.0972091
2021-09-09 01:27:53,717 - ===============================| start validation |===============================
2021-09-09 01:28:10,430 - 	 Total:0.1080690	 unmod1_loss:0.0855778	 unmod1_Acc:0.3638915	 human_loss:0.1390034	 human_Acc:0.2759878	 vleng_loss:0.1541599	 vleng_Acc:0.2717050
2021-09-09 01:28:10,435 -    ini file updated    
2021-09-09 01:28:10,435 - ===============================|    epoch 6   |===============================
2021-09-09 01:28:11,996 -     0 / 21939 (000%):	 Total:0.0609179	 unmod1_Acc:0.3437500	 Mean_Total:0.0609179
2021-09-09 01:30:09,074 -  4387 / 21939 (019%):	 Total:0.1115211	 human_Acc:0.1875000	 Mean_Total:0.0969799
2021-09-09 01:32:03,633 -  8774 / 21939 (039%):	 Total:0.0527526	 vleng_Acc:0.5312500	 Mean_Total:0.0969961
2021-09-09 01:33:58,193 - 13161 / 21939 (059%):	 Total:0.0884197	 unmod1_Acc:0.3125000	 Mean_Total:0.0966285
2021-09-09 01:35:53,690 - 17548 / 21939 (079%):	 Total:0.1686313	 human_Acc:0.2500000	 Mean_Total:0.0966297
2021-09-09 01:37:47,630 - 21935 / 21939 (099%):	 Total:0.0765369	 vleng_Acc:0.3437500	 Mean_Total:0.0965414
2021-09-09 01:37:48,130 - ===============================| start validation |===============================
2021-09-09 01:38:04,286 - 	 Total:0.1073847	 unmod1_loss:0.0849972	 unmod1_Acc:0.3580489	 human_loss:0.1376223	 human_Acc:0.2801292	 vleng_loss:0.1538085	 vleng_Acc:0.2685669
2021-09-09 01:38:04,289 -    ini file updated    
2021-09-09 01:38:04,326 - Snapshot saved to /data/users/wergillius/UTR_VAE/pth/RL_3_data_MTL/iter_by_iter/schedule_relay-model_best.pth

2021-09-09 01:38:04,327 -    ini file updated    
2021-09-09 01:38:04,327 - ===============================|    epoch 7   |===============================
2021-09-09 01:38:05,656 -     0 / 21939 (000%):	 Total:0.0745924	 unmod1_Acc:0.2812500	 Mean_Total:0.0745924
2021-09-09 01:40:01,323 -  4387 / 21939 (019%):	 Total:0.0811974	 human_Acc:0.3750000	 Mean_Total:0.0950526
2021-09-09 01:41:57,367 -  8774 / 21939 (039%):	 Total:0.1261562	 vleng_Acc:0.3437500	 Mean_Total:0.0958105
2021-09-09 01:43:52,212 - 13161 / 21939 (059%):	 Total:0.1046126	 unmod1_Acc:0.2812500	 Mean_Total:0.0952909
2021-09-09 01:45:49,619 - 17548 / 21939 (079%):	 Total:0.0882078	 human_Acc:0.2500000	 Mean_Total:0.0957428
2021-09-09 01:47:45,344 - 21935 / 21939 (099%):	 Total:0.0983576	 vleng_Acc:0.2812500	 Mean_Total:0.0960871
2021-09-09 01:47:45,805 - ===============================| start validation |===============================
2021-09-09 01:48:02,272 - 	 Total:0.1075145	 unmod1_loss:0.0852376	 unmod1_Acc:0.3624692	 human_loss:0.1380003	 human_Acc:0.2814020	 vleng_loss:0.1533177	 vleng_Acc:0.2658211
2021-09-09 01:48:02,275 -    ini file updated    
2021-09-09 01:48:02,276 - ===============================|    epoch 8   |===============================
2021-09-09 01:48:03,581 -     0 / 21939 (000%):	 Total:0.0887924	 unmod1_Acc:0.3125000	 Mean_Total:0.0887924
2021-09-09 01:49:59,708 -  4387 / 21939 (019%):	 Total:0.0679312	 human_Acc:0.3125000	 Mean_Total:0.0957588
2021-09-09 01:51:57,521 -  8774 / 21939 (039%):	 Total:0.0745544	 vleng_Acc:0.1875000	 Mean_Total:0.0949992
2021-09-09 01:53:51,478 - 13161 / 21939 (059%):	 Total:0.0373947	 unmod1_Acc:0.4062500	 Mean_Total:0.0953586
2021-09-09 01:55:45,077 - 17548 / 21939 (079%):	 Total:0.0740700	 human_Acc:0.3750000	 Mean_Total:0.0950983
2021-09-09 01:57:38,825 - 21935 / 21939 (099%):	 Total:0.0790270	 vleng_Acc:0.4375000	 Mean_Total:0.0953888
2021-09-09 01:57:39,286 - ===============================| start validation |===============================
2021-09-09 01:57:55,855 - 	 Total:0.1072533	 unmod1_loss:0.0844898	 unmod1_Acc:0.3628921	 human_loss:0.1388018	 human_Acc:0.2770707	 vleng_loss:0.1536669	 vleng_Acc:0.2713128
2021-09-09 01:57:55,860 -    ini file updated    
2021-09-09 01:57:55,896 - Snapshot saved to /data/users/wergillius/UTR_VAE/pth/RL_3_data_MTL/iter_by_iter/schedule_relay-model_best.pth

2021-09-09 01:57:55,897 -    ini file updated    
2021-09-09 01:57:55,897 - ===============================|    epoch 9   |===============================
2021-09-09 01:57:57,308 -     0 / 21939 (000%):	 Total:0.0458550	 unmod1_Acc:0.4687500	 Mean_Total:0.0458550
2021-09-09 01:59:56,276 -  4387 / 21939 (019%):	 Total:0.0841643	 human_Acc:0.2812500	 Mean_Total:0.0954293
2021-09-09 02:01:55,184 -  8774 / 21939 (039%):	 Total:0.0808943	 vleng_Acc:0.2812500	 Mean_Total:0.0949323
2021-09-09 02:03:51,388 - 13161 / 21939 (059%):	 Total:0.0536871	 unmod1_Acc:0.3125000	 Mean_Total:0.0954831
2021-09-09 02:05:45,883 - 17548 / 21939 (079%):	 Total:0.1445456	 human_Acc:0.2812500	 Mean_Total:0.0950713
2021-09-09 02:07:39,397 - 21935 / 21939 (099%):	 Total:0.1258603	 vleng_Acc:0.3125000	 Mean_Total:0.0948644
2021-09-09 02:07:39,881 - ===============================| start validation |===============================
2021-09-09 02:07:56,264 - 	 Total:0.1074185	 unmod1_loss:0.0848475	 unmod1_Acc:0.3640836	 human_loss:0.1372502	 human_Acc:0.2811740	 vleng_loss:0.1548651	 vleng_Acc:0.2654289
2021-09-09 02:07:56,267 -    ini file updated    
2021-09-09 02:07:56,268 - ===============================|    epoch 10   |===============================
2021-09-09 02:07:57,611 -     0 / 21939 (000%):	 Total:0.0508241	 unmod1_Acc:0.2812500	 Mean_Total:0.0508241
2021-09-09 02:09:51,590 -  4387 / 21939 (019%):	 Total:0.0727517	 human_Acc:0.2500000	 Mean_Total:0.0942149
2021-09-09 02:11:47,606 -  8774 / 21939 (039%):	 Total:0.0704300	 vleng_Acc:0.3125000	 Mean_Total:0.0944094
2021-09-09 02:13:45,155 - 13161 / 21939 (059%):	 Total:0.0383988	 unmod1_Acc:0.3750000	 Mean_Total:0.0944565
2021-09-09 02:15:38,675 - 17548 / 21939 (079%):	 Total:0.1116730	 human_Acc:0.2500000	 Mean_Total:0.0944572
2021-09-09 02:17:33,214 - 21935 / 21939 (099%):	 Total:0.0597121	 vleng_Acc:0.3437500	 Mean_Total:0.0944396
2021-09-09 02:17:33,610 - ===============================| start validation |===============================
2021-09-09 02:17:49,738 - 	 Total:0.1072158	 unmod1_loss:0.0847761	 unmod1_Acc:0.3653137	 human_loss:0.1371413	 human_Acc:0.2838716	 vleng_loss:0.1541234	 vleng_Acc:0.2684362
2021-09-09 02:17:49,742 -    ini file updated    
2021-09-09 02:17:49,778 - Snapshot saved to /data/users/wergillius/UTR_VAE/pth/RL_3_data_MTL/iter_by_iter/schedule_relay-model_best.pth

2021-09-09 02:17:49,779 -    ini file updated    
2021-09-09 02:17:49,779 - ===============================|    epoch 11   |===============================
2021-09-09 02:17:51,078 -     0 / 21939 (000%):	 Total:0.0824090	 unmod1_Acc:0.2187500	 Mean_Total:0.0824090
2021-09-09 02:19:44,846 -  4387 / 21939 (019%):	 Total:0.0692928	 human_Acc:0.3125000	 Mean_Total:0.0934109
2021-09-09 02:21:37,519 -  8774 / 21939 (039%):	 Total:0.1002739	 vleng_Acc:0.3125000	 Mean_Total:0.0934251
2021-09-09 02:23:33,076 - 13161 / 21939 (059%):	 Total:0.3031573	 unmod1_Acc:0.3125000	 Mean_Total:0.0938661
2021-09-09 02:25:24,565 - 17548 / 21939 (079%):	 Total:0.0653817	 human_Acc:0.2500000	 Mean_Total:0.0940137
2021-09-09 02:27:16,920 - 21935 / 21939 (099%):	 Total:0.0591645	 vleng_Acc:0.2812500	 Mean_Total:0.0939599
2021-09-09 02:27:17,419 - ===============================| start validation |===============================
2021-09-09 02:27:34,069 - 	 Total:0.1073301	 unmod1_loss:0.0846837	 unmod1_Acc:0.3639299	 human_loss:0.1375676	 human_Acc:0.2825418	 vleng_loss:0.1546342	 vleng_Acc:0.2673902
2021-09-09 02:27:34,073 -    ini file updated    
2021-09-09 02:27:34,073 - ===============================|    epoch 12   |===============================
2021-09-09 02:27:35,442 -     0 / 21939 (000%):	 Total:0.0670440	 unmod1_Acc:0.4375000	 Mean_Total:0.0670440
2021-09-09 02:29:29,814 -  4387 / 21939 (019%):	 Total:0.0674495	 human_Acc:0.2812500	 Mean_Total:0.0937763
2021-09-09 02:31:22,235 -  8774 / 21939 (039%):	 Total:0.1119529	 vleng_Acc:0.2187500	 Mean_Total:0.0934811
2021-09-09 02:33:13,866 - 13161 / 21939 (059%):	 Total:0.0850952	 unmod1_Acc:0.2812500	 Mean_Total:0.0935354
2021-09-09 02:35:04,465 - 17548 / 21939 (079%):	 Total:0.0666806	 human_Acc:0.2187500	 Mean_Total:0.0935446
2021-09-09 02:36:54,767 - 21935 / 21939 (099%):	 Total:0.1286013	 vleng_Acc:0.1875000	 Mean_Total:0.0934079
2021-09-09 02:36:55,184 - ===============================| start validation |===============================
2021-09-09 02:37:11,152 - 	 Total:0.1071192	 unmod1_loss:0.0843365	 unmod1_Acc:0.3673124	 human_loss:0.1373908	 human_Acc:0.2811550	 vleng_loss:0.1548535	 vleng_Acc:0.2659519
2021-09-09 02:37:11,156 -    ini file updated    
2021-09-09 02:37:11,186 - Snapshot saved to /data/users/wergillius/UTR_VAE/pth/RL_3_data_MTL/iter_by_iter/schedule_relay-model_best.pth

2021-09-09 02:37:11,187 -    ini file updated    
2021-09-09 02:37:11,187 - ===============================|    epoch 13   |===============================
2021-09-09 02:37:12,440 -     0 / 21939 (000%):	 Total:0.0423612	 unmod1_Acc:0.4687500	 Mean_Total:0.0423612
2021-09-09 02:39:06,344 -  4387 / 21939 (019%):	 Total:0.1286643	 human_Acc:0.2187500	 Mean_Total:0.0923569
2021-09-09 02:40:59,435 -  8774 / 21939 (039%):	 Total:0.0702527	 vleng_Acc:0.3125000	 Mean_Total:0.0922354
2021-09-09 02:42:52,992 - 13161 / 21939 (059%):	 Total:0.0623284	 unmod1_Acc:0.2500000	 Mean_Total:0.0923581
2021-09-09 02:44:48,728 - 17548 / 21939 (079%):	 Total:0.0661533	 human_Acc:0.3125000	 Mean_Total:0.0925286
2021-09-09 02:46:44,481 - 21935 / 21939 (099%):	 Total:0.0776886	 vleng_Acc:0.3125000	 Mean_Total:0.0927219
2021-09-09 02:46:44,914 - ===============================| start validation |===============================
2021-09-09 02:47:00,722 - 	 Total:0.1076987	 unmod1_loss:0.0848852	 unmod1_Acc:0.3620849	 human_loss:0.1394916	 human_Acc:0.2773746	 vleng_loss:0.1540421	 vleng_Acc:0.2676517
2021-09-09 02:47:00,725 -    ini file updated    
2021-09-09 02:47:00,725 - ===============================|    epoch 14   |===============================
2021-09-09 02:47:02,064 -     0 / 21939 (000%):	 Total:0.0732422	 unmod1_Acc:0.2500000	 Mean_Total:0.0732422
2021-09-09 02:48:53,340 -  4387 / 21939 (019%):	 Total:0.0829833	 human_Acc:0.3437500	 Mean_Total:0.0922946
2021-09-09 02:50:48,449 -  8774 / 21939 (039%):	 Total:0.0927181	 vleng_Acc:0.2500000	 Mean_Total:0.0924431
2021-09-09 02:52:45,755 - 13161 / 21939 (059%):	 Total:0.0412303	 unmod1_Acc:0.4062500	 Mean_Total:0.0927908
2021-09-09 02:54:36,976 - 17548 / 21939 (079%):	 Total:0.1102338	 human_Acc:0.1562500	 Mean_Total:0.0924604
2021-09-09 02:56:35,034 - 21935 / 21939 (099%):	 Total:0.0546315	 vleng_Acc:0.2187500	 Mean_Total:0.0925396
2021-09-09 02:56:35,471 - ===============================| start validation |===============================
2021-09-09 02:56:52,034 - 	 Total:0.1080871	 unmod1_loss:0.0850754	 unmod1_Acc:0.3616236	 human_loss:0.1399923	 human_Acc:0.2806801	 vleng_loss:0.1549941	 vleng_Acc:0.2713128
2021-09-09 02:56:52,039 -    ini file updated    
2021-09-09 02:56:52,039 - ===============================|    epoch 15   |===============================
2021-09-09 02:56:53,443 -     0 / 21939 (000%):	 Total:0.0611344	 unmod1_Acc:0.3437500	 Mean_Total:0.0611344
2021-09-09 02:58:50,705 -  4387 / 21939 (019%):	 Total:0.0910147	 human_Acc:0.3125000	 Mean_Total:0.0924913
2021-09-09 03:00:49,724 -  8774 / 21939 (039%):	 Total:0.1303169	 vleng_Acc:0.2812500	 Mean_Total:0.0920170
2021-09-09 03:02:48,447 - 13161 / 21939 (059%):	 Total:0.0589222	 unmod1_Acc:0.3750000	 Mean_Total:0.0920319
2021-09-09 03:04:40,715 - 17548 / 21939 (079%):	 Total:0.0674202	 human_Acc:0.3125000	 Mean_Total:0.0920288
2021-09-09 03:06:36,916 - 21935 / 21939 (099%):	 Total:0.1097406	 vleng_Acc:0.3125000	 Mean_Total:0.0918579
2021-09-09 03:06:37,368 - ===============================| start validation |===============================
2021-09-09 03:06:54,128 - 	 Total:0.1075841	 unmod1_loss:0.0847166	 unmod1_Acc:0.3665821	 human_loss:0.1390126	 human_Acc:0.2860562	 vleng_loss:0.1544696	 vleng_Acc:0.2649059
2021-09-09 03:06:54,131 -    ini file updated    
2021-09-09 03:06:54,132 - ===============================|    epoch 16   |===============================
2021-09-09 03:06:55,490 -     0 / 21939 (000%):	 Total:0.0480181	 unmod1_Acc:0.3125000	 Mean_Total:0.0480181
2021-09-09 03:08:53,069 -  4387 / 21939 (019%):	 Total:0.1280003	 human_Acc:0.3750000	 Mean_Total:0.0918235
2021-09-09 03:10:45,093 -  8774 / 21939 (039%):	 Total:0.0847732	 vleng_Acc:0.3750000	 Mean_Total:0.0918229
2021-09-09 03:12:38,325 - 13161 / 21939 (059%):	 Total:0.0842593	 unmod1_Acc:0.3750000	 Mean_Total:0.0918112
2021-09-09 03:14:31,136 - 17548 / 21939 (079%):	 Total:0.0978788	 human_Acc:0.3125000	 Mean_Total:0.0916322
2021-09-09 03:16:23,223 - 21935 / 21939 (099%):	 Total:0.0649217	 vleng_Acc:0.3125000	 Mean_Total:0.0914501
2021-09-09 03:16:23,686 - ===============================| start validation |===============================
2021-09-09 03:16:39,874 - 	 Total:0.1067665	 unmod1_loss:0.0841133	 unmod1_Acc:0.3615467	 human_loss:0.1362172	 human_Acc:0.2852584	 vleng_loss:0.1548678	 vleng_Acc:0.2634676
2021-09-09 03:16:39,879 -    ini file updated    
2021-09-09 03:16:39,914 - Snapshot saved to /data/users/wergillius/UTR_VAE/pth/RL_3_data_MTL/iter_by_iter/schedule_relay-model_best.pth

2021-09-09 03:16:39,914 -    ini file updated    
2021-09-09 03:16:39,915 - ===============================|    epoch 17   |===============================
2021-09-09 03:16:41,222 -     0 / 21939 (000%):	 Total:0.0796217	 unmod1_Acc:0.3437500	 Mean_Total:0.0796217
2021-09-09 03:18:35,387 -  4387 / 21939 (019%):	 Total:0.0485968	 human_Acc:0.3437500	 Mean_Total:0.0914182
2021-09-09 03:20:30,990 -  8774 / 21939 (039%):	 Total:0.0749464	 vleng_Acc:0.2812500	 Mean_Total:0.0913450
2021-09-09 03:22:28,363 - 13161 / 21939 (059%):	 Total:0.0672438	 unmod1_Acc:0.2500000	 Mean_Total:0.0913514
2021-09-09 03:24:25,909 - 17548 / 21939 (079%):	 Total:0.0775513	 human_Acc:0.2812500	 Mean_Total:0.0913915
2021-09-09 03:26:20,917 - 21935 / 21939 (099%):	 Total:0.0602899	 vleng_Acc:0.3437500	 Mean_Total:0.0914593
2021-09-09 03:26:21,369 - ===============================| start validation |===============================
2021-09-09 03:26:37,859 - 	 Total:0.1070849	 unmod1_loss:0.0845073	 unmod1_Acc:0.3687346	 human_loss:0.1363950	 human_Acc:0.2880319	 vleng_loss:0.1550671	 vleng_Acc:0.2652981
2021-09-09 03:26:37,863 -    ini file updated    
2021-09-09 03:26:37,863 - ===============================|    epoch 18   |===============================
2021-09-09 03:26:39,374 -     0 / 21939 (000%):	 Total:0.0810050	 unmod1_Acc:0.5000000	 Mean_Total:0.0810050
2021-09-09 03:28:39,049 -  4387 / 21939 (019%):	 Total:0.1184458	 human_Acc:0.3750000	 Mean_Total:0.0913768
2021-09-09 03:30:39,805 -  8774 / 21939 (039%):	 Total:0.0742809	 vleng_Acc:0.2812500	 Mean_Total:0.0913154
2021-09-09 03:32:33,534 - 13161 / 21939 (059%):	 Total:0.0501217	 unmod1_Acc:0.4687500	 Mean_Total:0.0912037
2021-09-09 03:34:28,359 - 17548 / 21939 (079%):	 Total:0.1620823	 human_Acc:0.3125000	 Mean_Total:0.0911540
2021-09-09 03:36:25,922 - 21935 / 21939 (099%):	 Total:0.0759975	 vleng_Acc:0.2500000	 Mean_Total:0.0910563
2021-09-09 03:36:26,392 - ===============================| start validation |===============================
2021-09-09 03:36:43,404 - 	 Total:0.1074808	 unmod1_loss:0.0849581	 unmod1_Acc:0.3660440	 human_loss:0.1363891	 human_Acc:0.2871581	 vleng_loss:0.1556711	 vleng_Acc:0.2672594
2021-09-09 03:36:43,407 -    ini file updated    
2021-09-09 03:36:43,408 - ===============================|    epoch 19   |===============================
2021-09-09 03:36:44,866 -     0 / 21939 (000%):	 Total:0.2393534	 unmod1_Acc:0.2187500	 Mean_Total:0.2393534
2021-09-09 03:38:43,768 -  4387 / 21939 (019%):	 Total:0.1642050	 human_Acc:0.2187500	 Mean_Total:0.0908569
2021-09-09 03:40:44,585 -  8774 / 21939 (039%):	 Total:0.0704489	 vleng_Acc:0.3750000	 Mean_Total:0.0906679
2021-09-09 03:42:44,892 - 13161 / 21939 (059%):	 Total:0.0725655	 unmod1_Acc:0.3125000	 Mean_Total:0.0908823
2021-09-09 03:44:43,175 - 17548 / 21939 (079%):	 Total:0.1141787	 human_Acc:0.2187500	 Mean_Total:0.0906007
2021-09-09 03:46:41,795 - 21935 / 21939 (099%):	 Total:0.1254346	 vleng_Acc:0.4687500	 Mean_Total:0.0906279
2021-09-09 03:46:42,247 - ===============================| start validation |===============================
2021-09-09 03:46:58,220 - 	 Total:0.1075902	 unmod1_loss:0.0841998	 unmod1_Acc:0.3663899	 human_loss:0.1376825	 human_Acc:0.2888868	 vleng_loss:0.1575679	 vleng_Acc:0.2637291
2021-09-09 03:46:58,224 -    ini file updated    
2021-09-09 03:46:58,224 - ===============================|    epoch 20   |===============================
2021-09-09 03:46:59,589 -     0 / 21939 (000%):	 Total:0.0574446	 unmod1_Acc:0.2812500	 Mean_Total:0.0574446
2021-09-09 03:48:57,730 -  4387 / 21939 (019%):	 Total:0.0630293	 human_Acc:0.4062500	 Mean_Total:0.0904903
2021-09-09 03:50:54,286 -  8774 / 21939 (039%):	 Total:0.0680024	 vleng_Acc:0.1875000	 Mean_Total:0.0904985
2021-09-09 03:52:47,671 - 13161 / 21939 (059%):	 Total:0.1984603	 unmod1_Acc:0.2812500	 Mean_Total:0.0902776
2021-09-09 03:54:40,024 - 17548 / 21939 (079%):	 Total:0.0859461	 human_Acc:0.3125000	 Mean_Total:0.0905942
2021-09-09 03:56:34,206 - 21935 / 21939 (099%):	 Total:0.0840789	 vleng_Acc:0.2187500	 Mean_Total:0.0906174
2021-09-09 03:56:34,669 - ===============================| start validation |===============================
2021-09-09 03:56:51,095 - 	 Total:0.1075147	 unmod1_loss:0.0838675	 unmod1_Acc:0.3636993	 human_loss:0.1392566	 human_Acc:0.2793313	 vleng_loss:0.1567439	 vleng_Acc:0.2662134
2021-09-09 03:56:51,104 -    ini file updated    
2021-09-09 03:56:51,104 - ===============================|    epoch 21   |===============================
2021-09-09 03:56:52,408 -     0 / 21939 (000%):	 Total:0.0371256	 unmod1_Acc:0.3750000	 Mean_Total:0.0371256
2021-09-09 03:58:47,447 -  4387 / 21939 (019%):	 Total:0.0682707	 human_Acc:0.4062500	 Mean_Total:0.0895714
2021-09-09 04:00:45,459 -  8774 / 21939 (039%):	 Total:0.1664173	 vleng_Acc:0.3437500	 Mean_Total:0.0901900
2021-09-09 04:02:46,048 - 13161 / 21939 (059%):	 Total:0.0431116	 unmod1_Acc:0.3437500	 Mean_Total:0.0902033
2021-09-09 04:04:37,077 - 17548 / 21939 (079%):	 Total:0.0958782	 human_Acc:0.5937500	 Mean_Total:0.0902048
2021-09-09 04:06:34,795 - 21935 / 21939 (099%):	 Total:0.0714706	 vleng_Acc:0.3750000	 Mean_Total:0.0899792
2021-09-09 04:06:35,298 - ===============================| start validation |===============================
2021-09-09 04:06:52,307 - 	 Total:0.1077452	 unmod1_loss:0.0841534	 unmod1_Acc:0.3680812	 human_loss:0.1389955	 human_Acc:0.2794833	 vleng_loss:0.1572697	 vleng_Acc:0.2666056
2021-09-09 04:06:52,311 -    ini file updated    
2021-09-09 04:06:52,311 - ===============================|    epoch 22   |===============================
2021-09-09 04:06:53,625 -     0 / 21939 (000%):	 Total:0.0744274	 unmod1_Acc:0.3437500	 Mean_Total:0.0744274
2021-09-09 04:08:51,321 -  4387 / 21939 (019%):	 Total:0.1078819	 human_Acc:0.2812500	 Mean_Total:0.0887209
2021-09-09 04:10:47,361 -  8774 / 21939 (039%):	 Total:0.0830850	 vleng_Acc:0.2500000	 Mean_Total:0.0893671
2021-09-09 04:12:43,434 - 13161 / 21939 (059%):	 Total:0.1920973	 unmod1_Acc:0.3750000	 Mean_Total:0.0897006
2021-09-09 04:14:33,667 - 17548 / 21939 (079%):	 Total:0.0936657	 human_Acc:0.3437500	 Mean_Total:0.0896472
2021-09-09 04:16:28,507 - 21935 / 21939 (099%):	 Total:0.0948808	 vleng_Acc:0.4062500	 Mean_Total:0.0896137
2021-09-09 04:16:28,972 - ===============================| start validation |===============================
2021-09-09 04:16:45,242 - 	 Total:0.1073378	 unmod1_loss:0.0843308	 unmod1_Acc:0.3686962	 human_loss:0.1375734	 human_Acc:0.2848214	 vleng_loss:0.1558705	 vleng_Acc:0.2671287
2021-09-09 04:16:45,248 -    ini file updated    
2021-09-09 04:16:45,248 - ===============================|    epoch 23   |===============================
2021-09-09 04:16:46,528 -     0 / 21939 (000%):	 Total:0.0691779	 unmod1_Acc:0.4375000	 Mean_Total:0.0691779
2021-09-09 04:18:43,795 -  4387 / 21939 (019%):	 Total:0.0449361	 human_Acc:0.5312500	 Mean_Total:0.0894494
2021-09-09 04:20:38,138 -  8774 / 21939 (039%):	 Total:0.1004174	 vleng_Acc:0.2812500	 Mean_Total:0.0897529
2021-09-09 04:22:39,455 - 13161 / 21939 (059%):	 Total:0.0865955	 unmod1_Acc:0.3125000	 Mean_Total:0.0893345
2021-09-09 04:24:37,249 - 17548 / 21939 (079%):	 Total:0.0656977	 human_Acc:0.3437500	 Mean_Total:0.0894834
2021-09-09 04:26:35,562 - 21935 / 21939 (099%):	 Total:0.0440116	 vleng_Acc:0.3750000	 Mean_Total:0.0892446
2021-09-09 04:26:36,009 - ===============================| start validation |===============================
2021-09-09 04:26:52,230 - 	 Total:0.1074998	 unmod1_loss:0.0839969	 unmod1_Acc:0.3678890	 human_loss:0.1385622	 human_Acc:0.2842705	 vleng_loss:0.1569061	 vleng_Acc:0.2711820
2021-09-09 04:26:52,233 -    ini file updated    
2021-09-09 04:26:52,234 - ===============================|    epoch 24   |===============================
2021-09-09 04:26:53,520 -     0 / 21939 (000%):	 Total:0.0396559	 unmod1_Acc:0.5625000	 Mean_Total:0.0396559
2021-09-09 04:28:48,716 -  4387 / 21939 (019%):	 Total:0.0821284	 human_Acc:0.3125000	 Mean_Total:0.0896868
2021-09-09 04:30:44,574 -  8774 / 21939 (039%):	 Total:0.0633126	 vleng_Acc:0.3437500	 Mean_Total:0.0892347
2021-09-09 04:32:42,152 - 13161 / 21939 (059%):	 Total:0.2095286	 unmod1_Acc:0.3125000	 Mean_Total:0.0891319
2021-09-09 04:34:39,099 - 17548 / 21939 (079%):	 Total:0.0750791	 human_Acc:0.2500000	 Mean_Total:0.0891482
2021-09-09 04:36:35,165 - 21935 / 21939 (099%):	 Total:0.0784307	 vleng_Acc:0.2187500	 Mean_Total:0.0890281
2021-09-09 04:36:35,687 - ===============================| start validation |===============================
2021-09-09 04:36:52,791 - 	 Total:0.1070740	 unmod1_loss:0.0839810	 unmod1_Acc:0.3685040	 human_loss:0.1374993	 human_Acc:0.2882409	 vleng_loss:0.1557131	 vleng_Acc:0.2703975
2021-09-09 04:36:52,795 -    ini file updated    
2021-09-09 04:36:52,795 - ===============================|    epoch 25   |===============================
2021-09-09 04:36:54,176 -     0 / 21939 (000%):	 Total:0.0272411	 unmod1_Acc:0.5625000	 Mean_Total:0.0272411
2021-09-09 04:38:51,193 -  4387 / 21939 (019%):	 Total:0.0797144	 human_Acc:0.4062500	 Mean_Total:0.0875237
2021-09-09 04:40:45,446 -  8774 / 21939 (039%):	 Total:0.0700244	 vleng_Acc:0.3750000	 Mean_Total:0.0884389
2021-09-09 04:42:41,002 - 13161 / 21939 (059%):	 Total:0.0693436	 unmod1_Acc:0.2812500	 Mean_Total:0.0889197
2021-09-09 04:44:35,720 - 17548 / 21939 (079%):	 Total:0.1004532	 human_Acc:0.3437500	 Mean_Total:0.0886581
2021-09-09 04:46:31,976 - 21935 / 21939 (099%):	 Total:0.0902966	 vleng_Acc:0.3437500	 Mean_Total:0.0887980
2021-09-09 04:46:32,410 - ===============================| start validation |===============================
2021-09-09 04:46:48,697 - 	 Total:0.1075890	 unmod1_loss:0.0842426	 unmod1_Acc:0.3671202	 human_loss:0.1376455	 human_Acc:0.2843275	 vleng_loss:0.1574523	 vleng_Acc:0.2669979
2021-09-09 04:46:48,701 -    ini file updated    
2021-09-09 04:46:48,701 - ===============================|    epoch 26   |===============================
2021-09-09 04:46:50,011 -     0 / 21939 (000%):	 Total:0.0399306	 unmod1_Acc:0.4375000	 Mean_Total:0.0399306
2021-09-09 04:48:48,697 -  4387 / 21939 (019%):	 Total:0.0734492	 human_Acc:0.3125000	 Mean_Total:0.0889202
2021-09-09 04:50:49,792 -  8774 / 21939 (039%):	 Total:0.0423846	 vleng_Acc:0.3125000	 Mean_Total:0.0887163
2021-09-09 04:52:45,324 - 13161 / 21939 (059%):	 Total:0.0729876	 unmod1_Acc:0.3750000	 Mean_Total:0.0885167
2021-09-09 04:54:39,191 - 17548 / 21939 (079%):	 Total:0.0586887	 human_Acc:0.2500000	 Mean_Total:0.0883652
2021-09-09 04:56:35,126 - 21935 / 21939 (099%):	 Total:0.2168421	 vleng_Acc:0.2500000	 Mean_Total:0.0882396
2021-09-09 04:56:35,601 - ===============================| start validation |===============================
2021-09-09 04:56:51,790 - 	 Total:0.1078600	 unmod1_loss:0.0840075	 unmod1_Acc:0.3682734	 human_loss:0.1410555	 human_Acc:0.2777356	 vleng_loss:0.1563588	 vleng_Acc:0.2707897
2021-09-09 04:56:51,794 -    ini file updated    
2021-09-09 04:56:51,794 - ===============================|    epoch 27   |===============================
2021-09-09 04:56:53,136 -     0 / 21939 (000%):	 Total:0.3005434	 unmod1_Acc:0.2812500	 Mean_Total:0.3005434
2021-09-09 04:58:46,536 -  4387 / 21939 (019%):	 Total:0.0624709	 human_Acc:0.2500000	 Mean_Total:0.0870011
2021-09-09 05:00:44,197 -  8774 / 21939 (039%):	 Total:0.0617826	 vleng_Acc:0.3750000	 Mean_Total:0.0881849
2021-09-09 05:02:38,160 - 13161 / 21939 (059%):	 Total:0.0444503	 unmod1_Acc:0.2500000	 Mean_Total:0.0877831
2021-09-09 05:04:28,958 - 17548 / 21939 (079%):	 Total:0.0816415	 human_Acc:0.3750000	 Mean_Total:0.0883925
2021-09-09 05:06:22,501 - 21935 / 21939 (099%):	 Total:0.0904091	 vleng_Acc:0.3125000	 Mean_Total:0.0879969
2021-09-09 05:06:22,930 - ===============================| start validation |===============================
2021-09-09 05:06:39,373 - 	 Total:0.1073108	 unmod1_loss:0.0837544	 unmod1_Acc:0.3618927	 human_loss:0.1381112	 human_Acc:0.2843275	 vleng_loss:0.1571569	 vleng_Acc:0.2685669
2021-09-09 05:06:39,377 -    ini file updated    
2021-09-09 05:06:39,377 - ===============================|    epoch 28   |===============================
2021-09-09 05:06:40,782 -     0 / 21939 (000%):	 Total:0.2618868	 unmod1_Acc:0.3125000	 Mean_Total:0.2618868
2021-09-09 05:08:35,157 -  4387 / 21939 (019%):	 Total:0.0821877	 human_Acc:0.2187500	 Mean_Total:0.0883836
2021-09-09 05:10:32,336 -  8774 / 21939 (039%):	 Total:0.0486718	 vleng_Acc:0.2500000	 Mean_Total:0.0880887
2021-09-09 05:12:28,287 - 13161 / 21939 (059%):	 Total:0.0654793	 unmod1_Acc:0.3125000	 Mean_Total:0.0880704
2021-09-09 05:14:18,981 - 17548 / 21939 (079%):	 Total:0.1074902	 human_Acc:0.3750000	 Mean_Total:0.0877439
2021-09-09 05:16:13,170 - 21935 / 21939 (099%):	 Total:0.0799181	 vleng_Acc:0.2812500	 Mean_Total:0.0876320
2021-09-09 05:16:13,653 - ===============================| start validation |===============================
2021-09-09 05:16:30,247 - 	 Total:0.1079479	 unmod1_loss:0.0847471	 unmod1_Acc:0.3537054	 human_loss:0.1378545	 human_Acc:0.2853913	 vleng_loss:0.1574636	 vleng_Acc:0.2662134
2021-09-09 05:16:30,251 -    ini file updated    
2021-09-09 05:16:30,251 - ===============================|    epoch 29   |===============================
2021-09-09 05:16:31,596 -     0 / 21939 (000%):	 Total:0.0741023	 unmod1_Acc:0.1875000	 Mean_Total:0.0741023
2021-09-09 05:18:26,436 -  4387 / 21939 (019%):	 Total:0.1555317	 human_Acc:0.1875000	 Mean_Total:0.0877072
2021-09-09 05:20:21,804 -  8774 / 21939 (039%):	 Total:0.0540378	 vleng_Acc:0.5312500	 Mean_Total:0.0874123
2021-09-09 05:22:20,964 - 13161 / 21939 (059%):	 Total:0.2041022	 unmod1_Acc:0.5000000	 Mean_Total:0.0871231
2021-09-09 05:24:16,986 - 17548 / 21939 (079%):	 Total:0.0753717	 human_Acc:0.3125000	 Mean_Total:0.0873694
2021-09-09 05:26:14,223 - 21935 / 21939 (099%):	 Total:0.0537351	 vleng_Acc:0.3125000	 Mean_Total:0.0875945
2021-09-09 05:26:14,720 - ===============================| start validation |===============================
2021-09-09 05:26:32,005 - 	 Total:0.1077195	 unmod1_loss:0.0842189	 unmod1_Acc:0.3574339	 human_loss:0.1376503	 human_Acc:0.2825228	 vleng_loss:0.1582311	 vleng_Acc:0.2683054
2021-09-09 05:26:32,009 -    ini file updated    
2021-09-09 05:26:32,010 - ===============================|    epoch 30   |===============================
2021-09-09 05:26:33,401 -     0 / 21939 (000%):	 Total:0.0547318	 unmod1_Acc:0.3437500	 Mean_Total:0.0547318
2021-09-09 05:28:32,530 -  4387 / 21939 (019%):	 Total:0.0885387	 human_Acc:0.2812500	 Mean_Total:0.0868503
2021-09-09 05:30:27,034 -  8774 / 21939 (039%):	 Total:0.0454169	 vleng_Acc:0.4375000	 Mean_Total:0.0873117
2021-09-09 05:32:21,398 - 13161 / 21939 (059%):	 Total:0.0383609	 unmod1_Acc:0.3437500	 Mean_Total:0.0868485
2021-09-09 05:34:15,503 - 17548 / 21939 (079%):	 Total:0.0998161	 human_Acc:0.2500000	 Mean_Total:0.0869663
2021-09-09 05:36:08,438 - 21935 / 21939 (099%):	 Total:0.1340327	 vleng_Acc:0.1562500	 Mean_Total:0.0870715
2021-09-09 05:36:08,865 - ===============================| start validation |===============================
2021-09-09 05:36:25,194 - 	 Total:0.1074966	 unmod1_loss:0.0838706	 unmod1_Acc:0.3640068	 human_loss:0.1381795	 human_Acc:0.2843275	 vleng_loss:0.1576952	 vleng_Acc:0.2711820
2021-09-09 05:36:25,197 -    ini file updated    
2021-09-09 05:36:25,197 - ===============================|    epoch 31   |===============================
2021-09-09 05:36:26,527 -     0 / 21939 (000%):	 Total:0.0993497	 unmod1_Acc:0.3437500	 Mean_Total:0.0993497
2021-09-09 05:38:18,980 -  4387 / 21939 (019%):	 Total:0.1050423	 human_Acc:0.4687500	 Mean_Total:0.0864630
2021-09-09 05:40:14,269 -  8774 / 21939 (039%):	 Total:0.0605047	 vleng_Acc:0.4687500	 Mean_Total:0.0861791
2021-09-09 05:42:10,893 - 13161 / 21939 (059%):	 Total:0.1879861	 unmod1_Acc:0.3750000	 Mean_Total:0.0864514
2021-09-09 05:44:05,642 - 17548 / 21939 (079%):	 Total:0.2067972	 human_Acc:0.3437500	 Mean_Total:0.0867672
2021-09-09 05:46:02,037 - 21935 / 21939 (099%):	 Total:0.0571873	 vleng_Acc:0.3125000	 Mean_Total:0.0868963
2021-09-09 05:46:02,552 - ===============================| start validation |===============================
2021-09-09 05:46:19,432 - 	 Total:0.1078657	 unmod1_loss:0.0837579	 unmod1_Acc:0.3649293	 human_loss:0.1402766	 human_Acc:0.2800342	 vleng_loss:0.1580044	 vleng_Acc:0.2655596
2021-09-09 05:46:19,435 -    ini file updated    
2021-09-09 05:46:19,436 - ===============================|    epoch 32   |===============================
2021-09-09 05:46:20,841 -     0 / 21939 (000%):	 Total:0.0490786	 unmod1_Acc:0.3125000	 Mean_Total:0.0490786
2021-09-09 05:48:18,848 -  4387 / 21939 (019%):	 Total:0.1220095	 human_Acc:0.2500000	 Mean_Total:0.0867061
2021-09-09 05:50:17,396 -  8774 / 21939 (039%):	 Total:0.1470361	 vleng_Acc:0.3125000	 Mean_Total:0.0874656
2021-09-09 05:52:14,030 - 13161 / 21939 (059%):	 Total:0.0768884	 unmod1_Acc:0.4062500	 Mean_Total:0.0870798
2021-09-09 05:54:08,230 - 17548 / 21939 (079%):	 Total:0.1152902	 human_Acc:0.2500000	 Mean_Total:0.0868101
2021-09-09 05:56:02,282 - 21935 / 21939 (099%):	 Total:0.1174612	 vleng_Acc:0.2500000	 Mean_Total:0.0868275
2021-09-09 05:56:02,710 - ===============================| start validation |===============================
2021-09-09 05:56:18,876 - 	 Total:0.1075459	 unmod1_loss:0.0835861	 unmod1_Acc:0.3658133	 human_loss:0.1388401	 human_Acc:0.2802052	 vleng_loss:0.1582789	 vleng_Acc:0.2675209
2021-09-09 05:56:18,881 -    ini file updated    
2021-09-09 05:56:18,881 - ===============================|    epoch 33   |===============================
2021-09-09 05:56:20,346 -     0 / 21939 (000%):	 Total:0.0523872	 unmod1_Acc:0.5000000	 Mean_Total:0.0523872
2021-09-09 05:58:13,317 -  4387 / 21939 (019%):	 Total:0.0897204	 human_Acc:0.2812500	 Mean_Total:0.0862925
2021-09-09 06:00:11,609 -  8774 / 21939 (039%):	 Total:0.0545928	 vleng_Acc:0.3125000	 Mean_Total:0.0867655
2021-09-09 06:02:05,805 - 13161 / 21939 (059%):	 Total:0.0658576	 unmod1_Acc:0.5000000	 Mean_Total:0.0867574
2021-09-09 06:03:58,675 - 17548 / 21939 (079%):	 Total:0.0404940	 human_Acc:0.3125000	 Mean_Total:0.0866947
2021-09-09 06:05:50,845 - 21935 / 21939 (099%):	 Total:0.0550287	 vleng_Acc:0.2187500	 Mean_Total:0.0863727
2021-09-09 06:05:51,276 - ===============================| start validation |===============================
2021-09-09 06:06:07,839 - 	 Total:0.1074789	 unmod1_loss:0.0835216	 unmod1_Acc:0.3635455	 human_loss:0.1395445	 human_Acc:0.2804331	 vleng_loss:0.1574451	 vleng_Acc:0.2679132
2021-09-09 06:06:07,842 -    ini file updated    
2021-09-09 06:06:07,843 - ===============================|    epoch 34   |===============================
2021-09-09 06:06:09,327 -     0 / 21939 (000%):	 Total:0.0689495	 unmod1_Acc:0.1875000	 Mean_Total:0.0689495
2021-09-09 06:08:03,589 -  4387 / 21939 (019%):	 Total:0.0661229	 human_Acc:0.1875000	 Mean_Total:0.0856644
2021-09-09 06:09:56,820 -  8774 / 21939 (039%):	 Total:0.0629182	 vleng_Acc:0.5312500	 Mean_Total:0.0863092
2021-09-09 06:11:48,260 - 13161 / 21939 (059%):	 Total:0.0569976	 unmod1_Acc:0.3750000	 Mean_Total:0.0864507
2021-09-09 06:13:38,989 - 17548 / 21939 (079%):	 Total:0.0846401	 human_Acc:0.2187500	 Mean_Total:0.0865589
2021-09-09 06:15:33,210 - 21935 / 21939 (099%):	 Total:0.1507619	 vleng_Acc:0.2187500	 Mean_Total:0.0862539
2021-09-09 06:15:33,580 - ===============================| start validation |===============================
2021-09-09 06:15:50,351 - 	 Total:0.1075764	 unmod1_loss:0.0834048	 unmod1_Acc:0.3673509	 human_loss:0.1391829	 human_Acc:0.2826938	 vleng_loss:0.1587226	 vleng_Acc:0.2689592
2021-09-09 06:15:50,355 -    ini file updated    
2021-09-09 06:15:50,355 - ===============================|    epoch 35   |===============================
2021-09-09 06:15:51,709 -     0 / 21939 (000%):	 Total:0.0596243	 unmod1_Acc:0.3437500	 Mean_Total:0.0596243
2021-09-09 06:17:45,733 -  4387 / 21939 (019%):	 Total:0.1079658	 human_Acc:0.2812500	 Mean_Total:0.0858527
2021-09-09 06:19:40,313 -  8774 / 21939 (039%):	 Total:0.0880920	 vleng_Acc:0.3125000	 Mean_Total:0.0859791
2021-09-09 06:21:36,329 - 13161 / 21939 (059%):	 Total:0.0681792	 unmod1_Acc:0.3750000	 Mean_Total:0.0858333
2021-09-09 06:23:34,309 - 17548 / 21939 (079%):	 Total:0.0315439	 human_Acc:0.5000000	 Mean_Total:0.0858322
2021-09-09 06:25:30,113 - 21935 / 21939 (099%):	 Total:0.0539096	 vleng_Acc:0.4375000	 Mean_Total:0.0858094
2021-09-09 06:25:30,605 - ===============================| start validation |===============================
2021-09-09 06:25:46,985 - 	 Total:0.1072771	 unmod1_loss:0.0836142	 unmod1_Acc:0.3680427	 human_loss:0.1379666	 human_Acc:0.2859612	 vleng_loss:0.1575948	 vleng_Acc:0.2696130
2021-09-09 06:25:46,988 -    ini file updated    
2021-09-09 06:25:46,988 - ===============================|    epoch 36   |===============================
2021-09-09 06:25:48,336 -     0 / 21939 (000%):	 Total:0.0666425	 unmod1_Acc:0.2812500	 Mean_Total:0.0666425
2021-09-09 06:27:46,411 -  4387 / 21939 (019%):	 Total:0.0707206	 human_Acc:0.3437500	 Mean_Total:0.0854982
2021-09-09 06:29:44,494 -  8774 / 21939 (039%):	 Total:0.0820194	 vleng_Acc:0.4375000	 Mean_Total:0.0858490
2021-09-09 06:31:38,308 - 13161 / 21939 (059%):	 Total:0.2177541	 unmod1_Acc:0.4062500	 Mean_Total:0.0859176
2021-09-09 06:33:31,689 - 17548 / 21939 (079%):	 Total:0.1199190	 human_Acc:0.3125000	 Mean_Total:0.0856649
2021-09-09 06:35:26,252 - 21935 / 21939 (099%):	 Total:0.0685701	 vleng_Acc:0.3437500	 Mean_Total:0.0857344
2021-09-09 06:35:26,598 - ===============================| start validation |===============================
2021-09-09 06:35:42,540 - 	 Total:0.1075312	 unmod1_loss:0.0836744	 unmod1_Acc:0.3694265	 human_loss:0.1380441	 human_Acc:0.2832257	 vleng_loss:0.1586820	 vleng_Acc:0.2643828
2021-09-09 06:35:42,544 -    ini file updated    
2021-09-09 06:35:42,544 - ===============================|    epoch 37   |===============================
2021-09-09 06:35:43,826 -     0 / 21939 (000%):	 Total:0.1422524	 unmod1_Acc:0.2500000	 Mean_Total:0.1422524
2021-09-09 06:37:41,174 -  4387 / 21939 (019%):	 Total:0.1208898	 human_Acc:0.2500000	 Mean_Total:0.0849663
2021-09-09 06:39:40,954 -  8774 / 21939 (039%):	 Total:0.0631720	 vleng_Acc:0.2187500	 Mean_Total:0.0850418
2021-09-09 06:41:36,476 - 13161 / 21939 (059%):	 Total:0.0720832	 unmod1_Acc:0.4062500	 Mean_Total:0.0852552
2021-09-09 06:43:32,985 - 17548 / 21939 (079%):	 Total:0.0956537	 human_Acc:0.2187500	 Mean_Total:0.0855588
2021-09-09 06:45:32,723 - 21935 / 21939 (099%):	 Total:0.0723938	 vleng_Acc:0.3750000	 Mean_Total:0.0855036
2021-09-09 06:45:33,232 - ===============================| start validation |===============================
2021-09-09 06:45:50,014 - 	 Total:0.1074630	 unmod1_loss:0.0840472	 unmod1_Acc:0.3702721	 human_loss:0.1376639	 human_Acc:0.2860182	 vleng_loss:0.1574204	 vleng_Acc:0.2685669
2021-09-09 06:45:50,020 -    ini file updated    
2021-09-09 06:45:50,020 - ===============================|    epoch 38   |===============================
2021-09-09 06:45:51,403 -     0 / 21939 (000%):	 Total:0.0349648	 unmod1_Acc:0.5312500	 Mean_Total:0.0349648
2021-09-09 06:47:46,550 -  4387 / 21939 (019%):	 Total:0.0418758	 human_Acc:0.3750000	 Mean_Total:0.0842061
2021-09-09 06:49:44,373 -  8774 / 21939 (039%):	 Total:0.0878101	 vleng_Acc:0.2187500	 Mean_Total:0.0845652
2021-09-09 06:51:40,062 - 13161 / 21939 (059%):	 Total:0.0421053	 unmod1_Acc:0.4062500	 Mean_Total:0.0852242
2021-09-09 06:53:32,693 - 17548 / 21939 (079%):	 Total:0.0649234	 human_Acc:0.3125000	 Mean_Total:0.0854843
2021-09-09 06:55:30,696 - 21935 / 21939 (099%):	 Total:0.0514966	 vleng_Acc:0.3437500	 Mean_Total:0.0853559
2021-09-09 06:55:31,170 - ===============================| start validation |===============================
2021-09-09 06:55:48,434 - 	 Total:0.1075022	 unmod1_loss:0.0837354	 unmod1_Acc:0.3606242	 human_loss:0.1380310	 human_Acc:0.2920783	 vleng_loss:0.1583310	 vleng_Acc:0.2675209
2021-09-09 06:55:48,437 -    ini file updated    
2021-09-09 06:55:48,437 - ===============================|    epoch 39   |===============================
2021-09-09 06:55:49,975 -     0 / 21939 (000%):	 Total:0.0647192	 unmod1_Acc:0.2500000	 Mean_Total:0.0647192
2021-09-09 06:57:47,596 -  4387 / 21939 (019%):	 Total:0.1311440	 human_Acc:0.2187500	 Mean_Total:0.0839675
2021-09-09 06:59:46,604 -  8774 / 21939 (039%):	 Total:0.0683791	 vleng_Acc:0.2500000	 Mean_Total:0.0846835
2021-09-09 07:01:45,684 - 13161 / 21939 (059%):	 Total:0.1208367	 unmod1_Acc:0.2500000	 Mean_Total:0.0849874
2021-09-09 07:03:41,787 - 17548 / 21939 (079%):	 Total:0.0830974	 human_Acc:0.3750000	 Mean_Total:0.0850472
2021-09-09 07:05:39,062 - 21935 / 21939 (099%):	 Total:0.0635259	 vleng_Acc:0.1875000	 Mean_Total:0.0851293
2021-09-09 07:05:39,570 - ===============================| start validation |===============================
2021-09-09 07:05:55,809 - 	 Total:0.1073073	 unmod1_loss:0.0832752	 unmod1_Acc:0.3653521	 human_loss:0.1378391	 human_Acc:0.2835676	 vleng_loss:0.1590359	 vleng_Acc:0.2702667
2021-09-09 07:05:55,813 -    ini file updated    
2021-09-09 07:05:55,813 - ===============================|    epoch 40   |===============================
2021-09-09 07:05:57,097 -     0 / 21939 (000%):	 Total:0.1227555	 unmod1_Acc:0.3437500	 Mean_Total:0.1227555
2021-09-09 07:07:53,386 -  4387 / 21939 (019%):	 Total:0.1344618	 human_Acc:0.2812500	 Mean_Total:0.0853423
2021-09-09 07:09:51,536 -  8774 / 21939 (039%):	 Total:0.0855017	 vleng_Acc:0.3437500	 Mean_Total:0.0849344
2021-09-09 07:11:51,026 - 13161 / 21939 (059%):	 Total:0.1621327	 unmod1_Acc:0.1875000	 Mean_Total:0.0850415
2021-09-09 07:13:45,224 - 17548 / 21939 (079%):	 Total:0.0733516	 human_Acc:0.2500000	 Mean_Total:0.0848236
2021-09-09 07:15:42,856 - 21935 / 21939 (099%):	 Total:0.0850179	 vleng_Acc:0.3125000	 Mean_Total:0.0847832
2021-09-09 07:15:43,325 - ===============================| start validation |===============================
2021-09-09 07:16:00,032 - 	 Total:0.1073844	 unmod1_loss:0.0837128	 unmod1_Acc:0.3600477	 human_loss:0.1381022	 human_Acc:0.2852964	 vleng_loss:0.1577039	 vleng_Acc:0.2654289
2021-09-09 07:16:00,036 -    ini file updated    
2021-09-09 07:16:00,037 - ===============================|    epoch 41   |===============================
2021-09-09 07:16:01,423 -     0 / 21939 (000%):	 Total:0.0753799	 unmod1_Acc:0.3437500	 Mean_Total:0.0753799
2021-09-09 07:17:58,435 -  4387 / 21939 (019%):	 Total:0.0586853	 human_Acc:0.4687500	 Mean_Total:0.0834126
2021-09-09 07:19:59,010 -  8774 / 21939 (039%):	 Total:0.0963900	 vleng_Acc:0.3437500	 Mean_Total:0.0846111
2021-09-09 07:21:58,149 - 13161 / 21939 (059%):	 Total:0.0860430	 unmod1_Acc:0.3125000	 Mean_Total:0.0846667
2021-09-09 07:23:53,176 - 17548 / 21939 (079%):	 Total:0.0670454	 human_Acc:0.3750000	 Mean_Total:0.0846104
2021-09-09 07:25:48,396 - 21935 / 21939 (099%):	 Total:0.1271629	 vleng_Acc:0.3125000	 Mean_Total:0.0846090
2021-09-09 07:25:48,886 - ===============================| start validation |===============================
2021-09-09 07:26:05,381 - 	 Total:0.1077870	 unmod1_loss:0.0834196	 unmod1_Acc:0.3614314	 human_loss:0.1408704	 human_Acc:0.2811930	 vleng_loss:0.1581473	 vleng_Acc:0.2656904
2021-09-09 07:26:05,385 -    ini file updated    
2021-09-09 07:26:05,385 - ===============================|    epoch 42   |===============================
2021-09-09 07:26:06,710 -     0 / 21939 (000%):	 Total:0.0432601	 unmod1_Acc:0.4375000	 Mean_Total:0.0432601
2021-09-09 07:28:03,700 -  4387 / 21939 (019%):	 Total:0.0652996	 human_Acc:0.2812500	 Mean_Total:0.0852249
2021-09-09 07:30:03,098 -  8774 / 21939 (039%):	 Total:0.0488700	 vleng_Acc:0.4062500	 Mean_Total:0.0846371
2021-09-09 07:32:01,590 - 13161 / 21939 (059%):	 Total:0.0629376	 unmod1_Acc:0.3750000	 Mean_Total:0.0844061
2021-09-09 07:33:57,270 - 17548 / 21939 (079%):	 Total:0.1651548	 human_Acc:0.2812500	 Mean_Total:0.0842596
2021-09-09 07:35:54,015 - 21935 / 21939 (099%):	 Total:0.0523442	 vleng_Acc:0.4062500	 Mean_Total:0.0843114
2021-09-09 07:35:54,500 - ===============================| start validation |===============================
2021-09-09 07:36:11,616 - 	 Total:0.1080501	 unmod1_loss:0.0835495	 unmod1_Acc:0.3627383	 human_loss:0.1415120	 human_Acc:0.2747150	 vleng_loss:0.1584916	 vleng_Acc:0.2655596
2021-09-09 07:36:11,620 -    ini file updated    
2021-09-09 07:36:11,620 - ===============================|    epoch 43   |===============================
2021-09-09 07:36:12,852 -     0 / 21939 (000%):	 Total:0.1773426	 unmod1_Acc:0.3437500	 Mean_Total:0.1773426
2021-09-09 07:38:07,468 -  4387 / 21939 (019%):	 Total:0.0987001	 human_Acc:0.1875000	 Mean_Total:0.0841986
2021-09-09 07:40:02,759 -  8774 / 21939 (039%):	 Total:0.0810184	 vleng_Acc:0.2500000	 Mean_Total:0.0841749
2021-09-09 07:41:58,743 - 13161 / 21939 (059%):	 Total:0.0439929	 unmod1_Acc:0.3750000	 Mean_Total:0.0846729
2021-09-09 07:43:54,029 - 17548 / 21939 (079%):	 Total:0.0950157	 human_Acc:0.1875000	 Mean_Total:0.0843342
2021-09-09 07:45:47,906 - 21935 / 21939 (099%):	 Total:0.0810200	 vleng_Acc:0.2812500	 Mean_Total:0.0843997
2021-09-09 07:45:48,420 - ===============================| start validation |===============================
2021-09-09 07:46:05,002 - 	 Total:0.1075184	 unmod1_loss:0.0834218	 unmod1_Acc:0.3683502	 human_loss:0.1380280	 human_Acc:0.2878229	 vleng_loss:0.1594878	 vleng_Acc:0.2709205
2021-09-09 07:46:05,006 -    ini file updated    
2021-09-09 07:46:05,006 - ===============================|    epoch 44   |===============================
2021-09-09 07:46:06,408 -     0 / 21939 (000%):	 Total:0.0583745	 unmod1_Acc:0.3750000	 Mean_Total:0.0583745
2021-09-09 07:48:05,142 -  4387 / 21939 (019%):	 Total:0.0414899	 human_Acc:0.2500000	 Mean_Total:0.0832502
2021-09-09 07:50:03,324 -  8774 / 21939 (039%):	 Total:0.0333223	 vleng_Acc:0.3750000	 Mean_Total:0.0841316
2021-09-09 07:52:00,529 - 13161 / 21939 (059%):	 Total:0.0600520	 unmod1_Acc:0.4062500	 Mean_Total:0.0836898
2021-09-09 07:53:56,084 - 17548 / 21939 (079%):	 Total:0.0580323	 human_Acc:0.3750000	 Mean_Total:0.0840030
2021-09-09 07:55:52,531 - 21935 / 21939 (099%):	 Total:0.0612433	 vleng_Acc:0.3125000	 Mean_Total:0.0838222
2021-09-09 07:55:52,948 - ===============================| start validation |===============================
2021-09-09 07:56:08,931 - 	 Total:0.1073262	 unmod1_loss:0.0832902	 unmod1_Acc:0.3716559	 human_loss:0.1379503	 human_Acc:0.2864932	 vleng_loss:0.1589771	 vleng_Acc:0.2680439
2021-09-09 07:56:08,935 -    ini file updated    
2021-09-09 07:56:08,935 - ===============================|    epoch 45   |===============================
2021-09-09 07:56:10,265 -     0 / 21939 (000%):	 Total:0.0552136	 unmod1_Acc:0.3750000	 Mean_Total:0.0552136
2021-09-09 07:58:03,064 -  4387 / 21939 (019%):	 Total:0.0675023	 human_Acc:0.2812500	 Mean_Total:0.0833235
2021-09-09 08:00:00,321 -  8774 / 21939 (039%):	 Total:0.0774683	 vleng_Acc:0.2812500	 Mean_Total:0.0840362
2021-09-09 08:01:58,415 - 13161 / 21939 (059%):	 Total:0.0799046	 unmod1_Acc:0.3750000	 Mean_Total:0.0839139
2021-09-09 08:03:55,970 - 17548 / 21939 (079%):	 Total:0.0524291	 human_Acc:0.5000000	 Mean_Total:0.0840820
2021-09-09 08:05:56,859 - 21935 / 21939 (099%):	 Total:0.0506852	 vleng_Acc:0.4062500	 Mean_Total:0.0839007
2021-09-09 08:05:57,366 - ===============================| start validation |===============================
2021-09-09 08:06:13,361 - 	 Total:0.1079287	 unmod1_loss:0.0834889	 unmod1_Acc:0.3612008	 human_loss:0.1404405	 human_Acc:0.2837006	 vleng_loss:0.1590974	 vleng_Acc:0.2668672
2021-09-09 08:06:13,368 -    ini file updated    
2021-09-09 08:06:13,368 - ===============================|    epoch 46   |===============================
2021-09-09 08:06:14,652 -     0 / 21939 (000%):	 Total:0.0635955	 unmod1_Acc:0.5000000	 Mean_Total:0.0635955
2021-09-09 08:08:06,319 -  4387 / 21939 (019%):	 Total:0.0535233	 human_Acc:0.2812500	 Mean_Total:0.0842986
2021-09-09 08:10:00,678 -  8774 / 21939 (039%):	 Total:0.0742520	 vleng_Acc:0.2812500	 Mean_Total:0.0838018
2021-09-09 08:11:58,122 - 13161 / 21939 (059%):	 Total:0.1450072	 unmod1_Acc:0.2500000	 Mean_Total:0.0837948
2021-09-09 08:13:50,552 - 17548 / 21939 (079%):	 Total:0.0829138	 human_Acc:0.2812500	 Mean_Total:0.0838143
2021-09-09 08:15:45,019 - 21935 / 21939 (099%):	 Total:0.0961660	 vleng_Acc:0.2187500	 Mean_Total:0.0835972
2021-09-09 08:15:45,507 - ===============================| start validation |===============================
2021-09-09 08:16:02,217 - 	 Total:0.1074176	 unmod1_loss:0.0834147	 unmod1_Acc:0.3593173	 human_loss:0.1395276	 human_Acc:0.2837006	 vleng_loss:0.1574950	 vleng_Acc:0.2668672
2021-09-09 08:16:02,221 -    ini file updated    
2021-09-09 08:16:02,221 - ===============================|    epoch 47   |===============================
2021-09-09 08:16:03,637 -     0 / 21939 (000%):	 Total:0.0833310	 unmod1_Acc:0.4062500	 Mean_Total:0.0833310
2021-09-09 08:17:55,182 -  4387 / 21939 (019%):	 Total:0.0866288	 human_Acc:0.2500000	 Mean_Total:0.0832188
2021-09-09 08:19:48,318 -  8774 / 21939 (039%):	 Total:0.1211258	 vleng_Acc:0.3437500	 Mean_Total:0.0828484
2021-09-09 08:21:43,568 - 13161 / 21939 (059%):	 Total:0.0547717	 unmod1_Acc:0.4375000	 Mean_Total:0.0829558
2021-09-09 08:23:34,621 - 17548 / 21939 (079%):	 Total:0.0830338	 human_Acc:0.2812500	 Mean_Total:0.0829714
2021-09-09 08:25:30,759 - 21935 / 21939 (099%):	 Total:0.0568981	 vleng_Acc:0.3125000	 Mean_Total:0.0831083
2021-09-09 08:25:31,260 - ===============================| start validation |===============================
2021-09-09 08:25:47,856 - 	 Total:0.1078809	 unmod1_loss:0.0837618	 unmod1_Acc:0.3595480	 human_loss:0.1397634	 human_Acc:0.2765767	 vleng_loss:0.1585775	 vleng_Acc:0.2663441
2021-09-09 08:25:47,860 -    ini file updated    
2021-09-09 08:25:47,860 - ===============================|    epoch 48   |===============================
2021-09-09 08:25:49,181 -     0 / 21939 (000%):	 Total:0.0601086	 unmod1_Acc:0.3125000	 Mean_Total:0.0601086
2021-09-09 08:27:48,931 -  4387 / 21939 (019%):	 Total:0.1431771	 human_Acc:0.1250000	 Mean_Total:0.0826565
2021-09-09 08:29:46,082 -  8774 / 21939 (039%):	 Total:0.1170930	 vleng_Acc:0.2812500	 Mean_Total:0.0825920
2021-09-09 08:31:46,930 - 13161 / 21939 (059%):	 Total:0.0812261	 unmod1_Acc:0.3125000	 Mean_Total:0.0829799
2021-09-09 08:33:47,587 - 17548 / 21939 (079%):	 Total:0.0752568	 human_Acc:0.4062500	 Mean_Total:0.0828855
2021-09-09 08:35:46,181 - 21935 / 21939 (099%):	 Total:0.0793102	 vleng_Acc:0.3750000	 Mean_Total:0.0832029
2021-09-09 08:35:46,698 - ===============================| start validation |===============================
2021-09-09 08:36:03,462 - 	 Total:0.1081519	 unmod1_loss:0.0833886	 unmod1_Acc:0.3604320	 human_loss:0.1406648	 human_Acc:0.2791603	 vleng_loss:0.1604202	 vleng_Acc:0.2689592
2021-09-09 08:36:03,467 -    ini file updated    
2021-09-09 08:36:03,467 - ===============================|    epoch 49   |===============================
2021-09-09 08:36:04,933 -     0 / 21939 (000%):	 Total:0.4055244	 unmod1_Acc:0.3437500	 Mean_Total:0.4055244
2021-09-09 08:38:03,209 -  4387 / 21939 (019%):	 Total:0.1181239	 human_Acc:0.3750000	 Mean_Total:0.0831721
2021-09-09 08:39:57,179 -  8774 / 21939 (039%):	 Total:0.0728849	 vleng_Acc:0.2500000	 Mean_Total:0.0830084
2021-09-09 08:41:54,224 - 13161 / 21939 (059%):	 Total:0.0606471	 unmod1_Acc:0.3437500	 Mean_Total:0.0829707
2021-09-09 08:43:49,653 - 17548 / 21939 (079%):	 Total:0.0772023	 human_Acc:0.3750000	 Mean_Total:0.0827825
2021-09-09 08:45:45,124 - 21935 / 21939 (099%):	 Total:0.1164659	 vleng_Acc:0.3125000	 Mean_Total:0.0829682
2021-09-09 08:45:45,554 - ===============================| start validation |===============================
2021-09-09 08:46:02,124 - 	 Total:0.1077923	 unmod1_loss:0.0832053	 unmod1_Acc:0.3678121	 human_loss:0.1393678	 human_Acc:0.2822378	 vleng_loss:0.1603824	 vleng_Acc:0.2697437
2021-09-09 08:46:02,129 -    ini file updated    
2021-09-09 08:46:02,129 - ===============================|    epoch 50   |===============================
2021-09-09 08:46:03,512 -     0 / 21939 (000%):	 Total:0.0407167	 unmod1_Acc:0.3437500	 Mean_Total:0.0407167
2021-09-09 08:48:01,923 -  4387 / 21939 (019%):	 Total:0.2259463	 human_Acc:0.2500000	 Mean_Total:0.0821564
2021-09-09 08:49:59,366 -  8774 / 21939 (039%):	 Total:0.0814557	 vleng_Acc:0.2812500	 Mean_Total:0.0831786
2021-09-09 08:51:56,508 - 13161 / 21939 (059%):	 Total:0.1317622	 unmod1_Acc:0.3437500	 Mean_Total:0.0833009
2021-09-09 08:53:52,301 - 17548 / 21939 (079%):	 Total:0.0615180	 human_Acc:0.2500000	 Mean_Total:0.0830037
2021-09-09 08:55:46,723 - 21935 / 21939 (099%):	 Total:0.0819872	 vleng_Acc:0.2500000	 Mean_Total:0.0831190
2021-09-09 08:55:47,151 - ===============================| start validation |===============================
2021-09-09 08:56:02,726 - 	 Total:0.1079808	 unmod1_loss:0.0836107	 unmod1_Acc:0.3705796	 human_loss:0.1412524	 human_Acc:0.2771087	 vleng_loss:0.1581650	 vleng_Acc:0.2689592
2021-09-09 08:56:02,729 -    ini file updated    
2021-09-09 08:56:02,729 - ===============================|    epoch 51   |===============================
2021-09-09 08:56:04,046 -     0 / 21939 (000%):	 Total:0.0545291	 unmod1_Acc:0.3125000	 Mean_Total:0.0545291
2021-09-09 08:57:59,222 -  4387 / 21939 (019%):	 Total:0.1213374	 human_Acc:0.2812500	 Mean_Total:0.0829607
2021-09-09 08:59:52,367 -  8774 / 21939 (039%):	 Total:0.0443027	 vleng_Acc:0.6250000	 Mean_Total:0.0827660
2021-09-09 09:01:43,791 - 13161 / 21939 (059%):	 Total:0.0529441	 unmod1_Acc:0.4687500	 Mean_Total:0.0824044
2021-09-09 09:03:34,508 - 17548 / 21939 (079%):	 Total:0.0711523	 human_Acc:0.2812500	 Mean_Total:0.0823904
2021-09-09 09:05:30,985 - 21935 / 21939 (099%):	 Total:0.0568448	 vleng_Acc:0.3750000	 Mean_Total:0.0826514
2021-09-09 09:05:31,425 - ===============================| start validation |===============================
2021-09-09 09:05:48,032 - 	 Total:0.1081661	 unmod1_loss:0.0835308	 unmod1_Acc:0.3624308	 human_loss:0.1413803	 human_Acc:0.2830357	 vleng_loss:0.1593090	 vleng_Acc:0.2689592
2021-09-09 09:05:48,035 -    ini file updated    
2021-09-09 09:05:48,035 - ===============================|    epoch 52   |===============================
2021-09-09 09:05:49,316 -     0 / 21939 (000%):	 Total:0.2586989	 unmod1_Acc:0.2187500	 Mean_Total:0.2586989
2021-09-09 09:07:43,957 -  4387 / 21939 (019%):	 Total:0.0810473	 human_Acc:0.2500000	 Mean_Total:0.0824426
2021-09-09 09:09:39,882 -  8774 / 21939 (039%):	 Total:0.0964160	 vleng_Acc:0.2187500	 Mean_Total:0.0824649
2021-09-09 09:11:37,389 - 13161 / 21939 (059%):	 Total:0.2068832	 unmod1_Acc:0.4062500	 Mean_Total:0.0826006
2021-09-09 09:13:29,727 - 17548 / 21939 (079%):	 Total:0.1121771	 human_Acc:0.2812500	 Mean_Total:0.0823642
2021-09-09 09:15:26,894 - 21935 / 21939 (099%):	 Total:0.0809192	 vleng_Acc:0.2500000	 Mean_Total:0.0824978
2021-09-09 09:15:27,412 - ===============================| start validation |===============================
2021-09-09 09:15:44,732 - 	 Total:0.1077232	 unmod1_loss:0.0832582	 unmod1_Acc:0.3720018	 human_loss:0.1397058	 human_Acc:0.2864932	 vleng_loss:0.1594976	 vleng_Acc:0.2659519
2021-09-09 09:15:44,736 -    ini file updated    
2021-09-09 09:15:44,736 - ===============================|    epoch 53   |===============================
2021-09-09 09:15:46,131 -     0 / 21939 (000%):	 Total:0.0771407	 unmod1_Acc:0.2812500	 Mean_Total:0.0771407
2021-09-09 09:17:43,402 -  4387 / 21939 (019%):	 Total:0.0955160	 human_Acc:0.2500000	 Mean_Total:0.0810472
2021-09-09 09:19:44,770 -  8774 / 21939 (039%):	 Total:0.0709085	 vleng_Acc:0.4375000	 Mean_Total:0.0818007
2021-09-09 09:21:43,180 - 13161 / 21939 (059%):	 Total:0.1788031	 unmod1_Acc:0.4062500	 Mean_Total:0.0823818
2021-09-09 09:23:38,897 - 17548 / 21939 (079%):	 Total:0.1227798	 human_Acc:0.2187500	 Mean_Total:0.0823399
2021-09-09 09:25:36,113 - 21935 / 21939 (099%):	 Total:0.0841665	 vleng_Acc:0.2812500	 Mean_Total:0.0823517
2021-09-09 09:25:36,589 - ===============================| start validation |===============================
2021-09-09 09:25:53,387 - 	 Total:0.1079638	 unmod1_loss:0.0832253	 unmod1_Acc:0.3637377	 human_loss:0.1405843	 human_Acc:0.2819149	 vleng_loss:0.1600412	 vleng_Acc:0.2686977
2021-09-09 09:25:53,393 -    ini file updated    
2021-09-09 09:25:53,393 - ===============================|    epoch 54   |===============================
2021-09-09 09:25:54,758 -     0 / 21939 (000%):	 Total:0.0462301	 unmod1_Acc:0.4375000	 Mean_Total:0.0462301
2021-09-09 09:27:51,715 -  4387 / 21939 (019%):	 Total:0.0991084	 human_Acc:0.2500000	 Mean_Total:0.0820289
2021-09-09 09:29:48,027 -  8774 / 21939 (039%):	 Total:0.0852329	 vleng_Acc:0.3125000	 Mean_Total:0.0820575
2021-09-09 09:31:40,839 - 13161 / 21939 (059%):	 Total:0.0845179	 unmod1_Acc:0.3750000	 Mean_Total:0.0822259
2021-09-09 09:33:36,487 - 17548 / 21939 (079%):	 Total:0.0661608	 human_Acc:0.4687500	 Mean_Total:0.0821521
2021-09-09 09:35:49,242 - 21935 / 21939 (099%):	 Total:0.0755772	 vleng_Acc:0.3750000	 Mean_Total:0.0821960
2021-09-09 09:35:49,720 - ===============================| start validation |===============================
2021-09-09 09:36:05,965 - 	 Total:0.1081369	 unmod1_loss:0.0833168	 unmod1_Acc:0.3652368	 human_loss:0.1420023	 human_Acc:0.2799012	 vleng_loss:0.1592678	 vleng_Acc:0.2656904
2021-09-09 09:36:05,971 -    ini file updated    
2021-09-09 09:36:05,971 - ===============================|    epoch 55   |===============================
2021-09-09 09:36:07,348 -     0 / 21939 (000%):	 Total:0.0362294	 unmod1_Acc:0.4062500	 Mean_Total:0.0362294
2021-09-09 09:38:02,418 -  4387 / 21939 (019%):	 Total:0.0851348	 human_Acc:0.2500000	 Mean_Total:0.0814777
2021-09-09 09:39:57,991 -  8774 / 21939 (039%):	 Total:0.0635166	 vleng_Acc:0.3125000	 Mean_Total:0.0818949
2021-09-09 09:42:23,058 - 13161 / 21939 (059%):	 Total:0.0530855	 unmod1_Acc:0.4062500	 Mean_Total:0.0818106
2021-09-09 09:44:41,236 - 17548 / 21939 (079%):	 Total:0.0743322	 human_Acc:0.3125000	 Mean_Total:0.0819420
2021-09-09 09:46:33,665 - 21935 / 21939 (099%):	 Total:0.0981201	 vleng_Acc:0.3437500	 Mean_Total:0.0820497
2021-09-09 09:46:34,158 - ===============================| start validation |===============================
2021-09-09 09:46:50,428 - 	 Total:0.1075816	 unmod1_loss:0.0834090	 unmod1_Acc:0.3626230	 human_loss:0.1391515	 human_Acc:0.2892857	 vleng_loss:0.1587672	 vleng_Acc:0.2698745
2021-09-09 09:46:50,432 -    ini file updated    
2021-09-09 09:46:50,432 - ===============================|    epoch 56   |===============================
2021-09-09 09:46:51,818 -     0 / 21939 (000%):	 Total:0.3875103	 unmod1_Acc:0.2187500	 Mean_Total:0.3875103
2021-09-09 09:48:47,182 -  4387 / 21939 (019%):	 Total:0.2653234	 human_Acc:0.2812500	 Mean_Total:0.0807958
2021-09-09 09:50:45,049 -  8774 / 21939 (039%):	 Total:0.0841388	 vleng_Acc:0.3125000	 Mean_Total:0.0806904
2021-09-09 09:52:44,572 - 13161 / 21939 (059%):	 Total:0.0563675	 unmod1_Acc:0.3125000	 Mean_Total:0.0815397
2021-09-09 09:54:52,722 - 17548 / 21939 (079%):	 Total:0.0912087	 human_Acc:0.3750000	 Mean_Total:0.0815466
2021-09-09 09:57:04,873 - 21935 / 21939 (099%):	 Total:0.0570355	 vleng_Acc:0.4375000	 Mean_Total:0.0817316
2021-09-09 09:57:05,425 - ===============================| start validation |===============================
2021-09-09 09:57:24,002 - 	 Total:0.1078879	 unmod1_loss:0.0831965	 unmod1_Acc:0.3622386	 human_loss:0.1402841	 human_Acc:0.2814400	 vleng_loss:0.1600262	 vleng_Acc:0.2666056
2021-09-09 09:57:24,006 -    ini file updated    
2021-09-09 09:57:24,006 - ===============================|    epoch 57   |===============================
2021-09-09 09:57:25,363 -     0 / 21939 (000%):	 Total:0.1318595	 unmod1_Acc:0.2812500	 Mean_Total:0.1318595
2021-09-09 09:59:43,314 -  4387 / 21939 (019%):	 Total:0.1520508	 human_Acc:0.2812500	 Mean_Total:0.0814824
2021-09-09 10:02:01,364 -  8774 / 21939 (039%):	 Total:0.0417110	 vleng_Acc:0.4375000	 Mean_Total:0.0812156
2021-09-09 10:04:19,661 - 13161 / 21939 (059%):	 Total:0.0629252	 unmod1_Acc:0.4062500	 Mean_Total:0.0814957
2021-09-09 10:06:34,967 - 17548 / 21939 (079%):	 Total:0.0712674	 human_Acc:0.3125000	 Mean_Total:0.0817186
2021-09-09 10:08:52,449 - 21935 / 21939 (099%):	 Total:0.0971540	 vleng_Acc:0.2812500	 Mean_Total:0.0817825
2021-09-09 10:08:52,971 - ===============================| start validation |===============================
2021-09-09 10:09:10,862 - 	 Total:0.1079240	 unmod1_loss:0.0829939	 unmod1_Acc:0.3664284	 human_loss:0.1412304	 human_Acc:0.2809840	 vleng_loss:0.1599789	 vleng_Acc:0.2618985
2021-09-09 10:09:10,866 -    ini file updated    
2021-09-09 10:09:10,866 - ===============================|    epoch 58   |===============================
2021-09-09 10:09:12,320 -     0 / 21939 (000%):	 Total:0.0527168	 unmod1_Acc:0.4687500	 Mean_Total:0.0527168
2021-09-09 10:11:28,853 -  4387 / 21939 (019%):	 Total:0.0749744	 human_Acc:0.1875000	 Mean_Total:0.0814922
2021-09-09 10:13:45,299 -  8774 / 21939 (039%):	 Total:0.0692721	 vleng_Acc:0.3125000	 Mean_Total:0.0810437
2021-09-09 10:16:03,191 - 13161 / 21939 (059%):	 Total:0.0444636	 unmod1_Acc:0.4375000	 Mean_Total:0.0814606
2021-09-09 10:18:20,150 - 17548 / 21939 (079%):	 Total:0.0694748	 human_Acc:0.5312500	 Mean_Total:0.0813092
2021-09-09 10:20:38,335 - 21935 / 21939 (099%):	 Total:0.0462183	 vleng_Acc:0.2812500	 Mean_Total:0.0815374
2021-09-09 10:20:38,864 - ===============================| start validation |===============================
2021-09-09 10:20:57,696 - 	 Total:0.1080505	 unmod1_loss:0.0832301	 unmod1_Acc:0.3663130	 human_loss:0.1404305	 human_Acc:0.2869491	 vleng_loss:0.1606431	 vleng_Acc:0.2671287
2021-09-09 10:20:57,700 -    ini file updated    
2021-09-09 10:20:57,700 - ===============================|    epoch 59   |===============================
2021-09-09 10:20:59,446 -     0 / 21939 (000%):	 Total:0.4582902	 unmod1_Acc:0.3125000	 Mean_Total:0.4582902
2021-09-09 10:23:19,136 -  4387 / 21939 (019%):	 Total:0.0806265	 human_Acc:0.3750000	 Mean_Total:0.0798585
2021-09-09 10:25:41,732 -  8774 / 21939 (039%):	 Total:0.0638163	 vleng_Acc:0.3125000	 Mean_Total:0.0812364
2021-09-09 10:28:03,101 - 13161 / 21939 (059%):	 Total:0.0579822	 unmod1_Acc:0.4062500	 Mean_Total:0.0811168
2021-09-09 10:30:23,564 - 17548 / 21939 (079%):	 Total:0.0693735	 human_Acc:0.3125000	 Mean_Total:0.0811950
2021-09-09 10:32:46,292 - 21935 / 21939 (099%):	 Total:0.1115822	 vleng_Acc:0.2812500	 Mean_Total:0.0812676
2021-09-09 10:32:46,825 - ===============================| start validation |===============================
2021-09-09 10:33:06,090 - 	 Total:0.1084981	 unmod1_loss:0.0834323	 unmod1_Acc:0.3726937	 human_loss:0.1432416	 human_Acc:0.2828647	 vleng_loss:0.1596016	 vleng_Acc:0.2646444
2021-09-09 10:33:06,095 -    ini file updated    
2021-09-09 10:33:06,095 - ===============================|    epoch 60   |===============================
2021-09-09 10:33:07,485 -     0 / 21939 (000%):	 Total:0.2310481	 unmod1_Acc:0.3750000	 Mean_Total:0.2310481
2021-09-09 10:35:28,480 -  4387 / 21939 (019%):	 Total:0.0657347	 human_Acc:0.3750000	 Mean_Total:0.0802119
2021-09-09 10:37:50,160 -  8774 / 21939 (039%):	 Total:0.0855470	 vleng_Acc:0.3125000	 Mean_Total:0.0806573
2021-09-09 10:40:11,291 - 13161 / 21939 (059%):	 Total:0.1577854	 unmod1_Acc:0.3125000	 Mean_Total:0.0807205
2021-09-09 10:42:31,371 - 17548 / 21939 (079%):	 Total:0.0768591	 human_Acc:0.2500000	 Mean_Total:0.0808380
2021-09-09 10:44:53,751 - 21935 / 21939 (099%):	 Total:0.0506274	 vleng_Acc:0.4687500	 Mean_Total:0.0809564
2021-09-09 10:44:54,314 - ===============================| start validation |===============================
2021-09-09 10:45:13,153 - 	 Total:0.1076988	 unmod1_loss:0.0830634	 unmod1_Acc:0.3684656	 human_loss:0.1401853	 human_Acc:0.2788754	 vleng_loss:0.1595580	 vleng_Acc:0.2662134
2021-09-09 10:45:13,157 -    ini file updated    
2021-09-09 10:45:13,157 - ===============================|    epoch 61   |===============================
2021-09-09 10:45:14,855 -     0 / 21939 (000%):	 Total:0.1748044	 unmod1_Acc:0.4687500	 Mean_Total:0.1748044
2021-09-09 10:47:36,108 -  4387 / 21939 (019%):	 Total:0.0690597	 human_Acc:0.2500000	 Mean_Total:0.0809333
2021-09-09 10:49:57,441 -  8774 / 21939 (039%):	 Total:0.0553463	 vleng_Acc:0.2812500	 Mean_Total:0.0809053
2021-09-09 10:52:18,551 - 13161 / 21939 (059%):	 Total:0.0385195	 unmod1_Acc:0.3750000	 Mean_Total:0.0809174
2021-09-09 10:54:38,569 - 17548 / 21939 (079%):	 Total:0.0675150	 human_Acc:0.3437500	 Mean_Total:0.0810381
2021-09-09 10:57:00,273 - 21935 / 21939 (099%):	 Total:0.1004975	 vleng_Acc:0.2500000	 Mean_Total:0.0809554
2021-09-09 10:57:00,750 - ===============================| start validation |===============================
2021-09-09 10:57:19,734 - 	 Total:0.1082926	 unmod1_loss:0.0830560	 unmod1_Acc:0.3713100	 human_loss:0.1432374	 human_Acc:0.2770517	 vleng_loss:0.1597792	 vleng_Acc:0.2718358
2021-09-09 10:57:19,738 -    ini file updated    
2021-09-09 10:57:19,738 - ===============================|    epoch 62   |===============================
2021-09-09 10:57:21,177 -     0 / 21939 (000%):	 Total:0.1771149	 unmod1_Acc:0.2812500	 Mean_Total:0.1771149
2021-09-09 10:59:40,341 -  4387 / 21939 (019%):	 Total:0.0727985	 human_Acc:0.2812500	 Mean_Total:0.0811929
2021-09-09 11:01:58,141 -  8774 / 21939 (039%):	 Total:0.0411596	 vleng_Acc:0.4062500	 Mean_Total:0.0813095
2021-09-09 11:04:21,924 - 13161 / 21939 (059%):	 Total:0.0479273	 unmod1_Acc:0.3750000	 Mean_Total:0.0809891
2021-09-09 11:06:42,615 - 17548 / 21939 (079%):	 Total:0.1340559	 human_Acc:0.2187500	 Mean_Total:0.0808120
2021-09-09 11:09:03,519 - 21935 / 21939 (099%):	 Total:0.0558266	 vleng_Acc:0.5000000	 Mean_Total:0.0807406
2021-09-09 11:09:04,012 - ===============================| start validation |===============================
2021-09-09 11:09:22,768 - 	 Total:0.1082126	 unmod1_loss:0.0831624	 unmod1_Acc:0.3650446	 human_loss:0.1415020	 human_Acc:0.2805661	 vleng_loss:0.1606931	 vleng_Acc:0.2638598
2021-09-09 11:09:22,773 -    ini file updated    
2021-09-09 11:09:22,773 - ===============================|    epoch 63   |===============================
2021-09-09 11:09:24,213 -     0 / 21939 (000%):	 Total:0.0541934	 unmod1_Acc:0.3750000	 Mean_Total:0.0541934
2021-09-09 11:11:43,779 -  4387 / 21939 (019%):	 Total:0.0618282	 human_Acc:0.4062500	 Mean_Total:0.0807734
2021-09-09 11:14:05,563 -  8774 / 21939 (039%):	 Total:0.0730058	 vleng_Acc:0.3437500	 Mean_Total:0.0812687
2021-09-09 11:16:22,964 - 13161 / 21939 (059%):	 Total:0.1910294	 unmod1_Acc:0.3437500	 Mean_Total:0.0808207
2021-09-09 11:18:39,340 - 17548 / 21939 (079%):	 Total:0.0629738	 human_Acc:0.2812500	 Mean_Total:0.0809568
2021-09-09 11:20:56,551 - 21935 / 21939 (099%):	 Total:0.0821944	 vleng_Acc:0.4062500	 Mean_Total:0.0808384
2021-09-09 11:20:57,071 - ===============================| start validation |===============================
2021-09-09 11:21:15,284 - 	 Total:0.1081487	 unmod1_loss:0.0832807	 unmod1_Acc:0.3681196	 human_loss:0.1420126	 human_Acc:0.2849544	 vleng_loss:0.1594441	 vleng_Acc:0.2722280
2021-09-09 11:21:15,290 -    ini file updated    
2021-09-09 11:21:15,290 - ===============================|    epoch 64   |===============================
2021-09-09 11:21:16,683 -     0 / 21939 (000%):	 Total:0.0429403	 unmod1_Acc:0.3125000	 Mean_Total:0.0429403
2021-09-09 11:23:32,297 -  4387 / 21939 (019%):	 Total:0.0574573	 human_Acc:0.3750000	 Mean_Total:0.0808060
2021-09-09 11:25:48,730 -  8774 / 21939 (039%):	 Total:0.0794287	 vleng_Acc:0.4062500	 Mean_Total:0.0802630
2021-09-09 11:28:07,838 - 13161 / 21939 (059%):	 Total:0.0778509	 unmod1_Acc:0.3125000	 Mean_Total:0.0805227
2021-09-09 11:30:27,989 - 17548 / 21939 (079%):	 Total:0.0852469	 human_Acc:0.3125000	 Mean_Total:0.0806009
2021-09-09 11:32:50,110 - 21935 / 21939 (099%):	 Total:0.0538545	 vleng_Acc:0.4687500	 Mean_Total:0.0806473
2021-09-09 11:32:50,653 - ===============================| start validation |===============================
2021-09-09 11:33:09,345 - 	 Total:0.1076297	 unmod1_loss:0.0831156	 unmod1_Acc:0.3693881	 human_loss:0.1393688	 human_Acc:0.2845365	 vleng_loss:0.1598109	 vleng_Acc:0.2751046
2021-09-09 11:33:09,349 -    ini file updated    
2021-09-09 11:33:09,349 - ===============================|    epoch 65   |===============================
2021-09-09 11:33:10,883 -     0 / 21939 (000%):	 Total:0.0488123	 unmod1_Acc:0.4062500	 Mean_Total:0.0488123
2021-09-09 11:35:34,331 -  4387 / 21939 (019%):	 Total:0.0662385	 human_Acc:0.3125000	 Mean_Total:0.0794841
2021-09-09 11:37:58,750 -  8774 / 21939 (039%):	 Total:0.0663313	 vleng_Acc:0.3437500	 Mean_Total:0.0803885
2021-09-09 11:40:24,703 - 13161 / 21939 (059%):	 Total:0.0448778	 unmod1_Acc:0.3750000	 Mean_Total:0.0803442
2021-09-09 11:42:55,805 - 17548 / 21939 (079%):	 Total:0.0922652	 human_Acc:0.3750000	 Mean_Total:0.0803211
2021-09-09 11:45:27,040 - 21935 / 21939 (099%):	 Total:0.0376281	 vleng_Acc:0.2812500	 Mean_Total:0.0805509
2021-09-09 11:45:27,555 - ===============================| start validation |===============================
2021-09-09 11:45:47,215 - 	 Total:0.1081490	 unmod1_loss:0.0833075	 unmod1_Acc:0.3653905	 human_loss:0.1424240	 human_Acc:0.2786474	 vleng_loss:0.1589500	 vleng_Acc:0.2688285
2021-09-09 11:45:47,221 -    ini file updated    
2021-09-09 11:45:47,221 - ===============================|    epoch 66   |===============================
2021-09-09 11:45:48,718 -     0 / 21939 (000%):	 Total:0.2506179	 unmod1_Acc:0.3750000	 Mean_Total:0.2506179
2021-09-09 11:48:14,878 -  4387 / 21939 (019%):	 Total:0.0846185	 human_Acc:0.3750000	 Mean_Total:0.0799144
2021-09-09 11:50:45,902 -  8774 / 21939 (039%):	 Total:0.0741340	 vleng_Acc:0.1250000	 Mean_Total:0.0798641
2021-09-09 11:53:22,306 - 13161 / 21939 (059%):	 Total:0.0475714	 unmod1_Acc:0.2500000	 Mean_Total:0.0798752
2021-09-09 11:55:59,064 - 17548 / 21939 (079%):	 Total:0.0488739	 human_Acc:0.3437500	 Mean_Total:0.0801562
2021-09-09 11:58:37,722 - 21935 / 21939 (099%):	 Total:0.1089352	 vleng_Acc:0.2812500	 Mean_Total:0.0802637
2021-09-09 11:58:38,277 - ===============================| start validation |===============================
2021-09-09 11:58:58,757 - 	 Total:0.1081807	 unmod1_loss:0.0829868	 unmod1_Acc:0.3667743	 human_loss:0.1426235	 human_Acc:0.2784195	 vleng_loss:0.1600159	 vleng_Acc:0.2700052
2021-09-09 11:58:58,760 -    ini file updated    
2021-09-09 11:58:58,761 - ===============================|    epoch 67   |===============================
2021-09-09 11:59:00,352 -     0 / 21939 (000%):	 Total:0.0799329	 unmod1_Acc:0.3125000	 Mean_Total:0.0799329
2021-09-09 12:01:36,886 -  4387 / 21939 (019%):	 Total:0.0548954	 human_Acc:0.2500000	 Mean_Total:0.0787589
2021-09-09 12:04:15,464 -  8774 / 21939 (039%):	 Total:0.0634439	 vleng_Acc:0.2500000	 Mean_Total:0.0796557
2021-09-09 12:06:53,809 - 13161 / 21939 (059%):	 Total:0.0344509	 unmod1_Acc:0.4375000	 Mean_Total:0.0798561
2021-09-09 12:09:29,595 - 17548 / 21939 (079%):	 Total:0.0397143	 human_Acc:0.3437500	 Mean_Total:0.0799339
2021-09-09 12:12:09,180 - 21935 / 21939 (099%):	 Total:0.0860844	 vleng_Acc:0.2500000	 Mean_Total:0.0798830
2021-09-09 12:12:09,835 - ===============================| start validation |===============================
2021-09-09 12:12:31,212 - 	 Total:0.1080831	 unmod1_loss:0.0839264	 unmod1_Acc:0.3526292	 human_loss:0.1395818	 human_Acc:0.2831117	 vleng_loss:0.1592848	 vleng_Acc:0.2685669
2021-09-09 12:12:31,215 -    ini file updated    
2021-09-09 12:12:31,216 - ===============================|    epoch 68   |===============================
2021-09-09 12:12:32,643 -     0 / 21939 (000%):	 Total:0.0372858	 unmod1_Acc:0.4687500	 Mean_Total:0.0372858
2021-09-09 12:15:09,275 -  4387 / 21939 (019%):	 Total:0.1740161	 human_Acc:0.3437500	 Mean_Total:0.0792033
2021-09-09 12:17:47,817 -  8774 / 21939 (039%):	 Total:0.0593574	 vleng_Acc:0.3125000	 Mean_Total:0.0794122
2021-09-09 12:20:26,406 - 13161 / 21939 (059%):	 Total:0.0538850	 unmod1_Acc:0.5312500	 Mean_Total:0.0799395
2021-09-09 12:23:01,800 - 17548 / 21939 (079%):	 Total:0.0924858	 human_Acc:0.2500000	 Mean_Total:0.0802673
2021-09-09 12:25:40,745 - 21935 / 21939 (099%):	 Total:0.0901804	 vleng_Acc:0.1562500	 Mean_Total:0.0801245
2021-09-09 12:25:41,376 - ===============================| start validation |===============================
2021-09-09 12:26:02,554 - 	 Total:0.1076111	 unmod1_loss:0.0827759	 unmod1_Acc:0.3690421	 human_loss:0.1409305	 human_Acc:0.2797682	 vleng_loss:0.1593308	 vleng_Acc:0.2709205
2021-09-09 12:26:02,559 -    ini file updated    
2021-09-09 12:26:02,559 - ===============================|    epoch 69   |===============================
2021-09-09 12:26:04,244 -     0 / 21939 (000%):	 Total:0.0992161	 unmod1_Acc:0.4375000	 Mean_Total:0.0992161
2021-09-09 12:28:40,938 -  4387 / 21939 (019%):	 Total:0.0653737	 human_Acc:0.3437500	 Mean_Total:0.0800308
2021-09-09 12:31:20,192 -  8774 / 21939 (039%):	 Total:0.0521756	 vleng_Acc:0.2812500	 Mean_Total:0.0796645
2021-09-09 12:33:58,377 - 13161 / 21939 (059%):	 Total:0.0362728	 unmod1_Acc:0.3125000	 Mean_Total:0.0799741
2021-09-09 12:36:32,859 - 17548 / 21939 (079%):	 Total:0.0842672	 human_Acc:0.3125000	 Mean_Total:0.0799142
2021-09-09 12:39:10,609 - 21935 / 21939 (099%):	 Total:0.0544485	 vleng_Acc:0.4375000	 Mean_Total:0.0799052
2021-09-09 12:39:11,285 - ===============================| start validation |===============================
2021-09-09 12:39:32,667 - 	 Total:0.1077779	 unmod1_loss:0.0829946	 unmod1_Acc:0.3678121	 human_loss:0.1406235	 human_Acc:0.2797112	 vleng_loss:0.1597870	 vleng_Acc:0.2689592
2021-09-09 12:39:32,671 -    ini file updated    
2021-09-09 12:39:32,672 - ===============================|    epoch 70   |===============================
2021-09-09 12:39:34,345 -     0 / 21939 (000%):	 Total:0.1553927	 unmod1_Acc:0.2187500	 Mean_Total:0.1553927
2021-09-09 12:42:09,396 -  4387 / 21939 (019%):	 Total:0.0700880	 human_Acc:0.2812500	 Mean_Total:0.0798548
2021-09-09 12:44:46,566 -  8774 / 21939 (039%):	 Total:0.0556390	 vleng_Acc:0.4062500	 Mean_Total:0.0798039
2021-09-09 12:47:21,560 - 13161 / 21939 (059%):	 Total:0.0805756	 unmod1_Acc:0.1875000	 Mean_Total:0.0796199
2021-09-09 12:49:52,436 - 17548 / 21939 (079%):	 Total:0.0632742	 human_Acc:0.2812500	 Mean_Total:0.0795371
2021-09-09 12:52:23,343 - 21935 / 21939 (099%):	 Total:0.0903955	 vleng_Acc:0.2500000	 Mean_Total:0.0796095
2021-09-09 12:52:23,946 - ===============================| start validation |===============================
2021-09-09 12:52:44,783 - 	 Total:0.1079868	 unmod1_loss:0.0828349	 unmod1_Acc:0.3668512	 human_loss:0.1411634	 human_Acc:0.2844605	 vleng_loss:0.1609238	 vleng_Acc:0.2705282
2021-09-09 12:52:44,787 -    ini file updated    
2021-09-09 12:52:44,787 - ===============================|    epoch 71   |===============================
2021-09-09 12:52:46,393 -     0 / 21939 (000%):	 Total:0.0605524	 unmod1_Acc:0.4687500	 Mean_Total:0.0605524
2021-09-09 12:55:17,482 -  4387 / 21939 (019%):	 Total:0.0436171	 human_Acc:0.3125000	 Mean_Total:0.0795374
2021-09-09 12:57:50,622 -  8774 / 21939 (039%):	 Total:0.0619988	 vleng_Acc:0.2812500	 Mean_Total:0.0796079
2021-09-09 13:00:23,086 - 13161 / 21939 (059%):	 Total:0.0644761	 unmod1_Acc:0.3437500	 Mean_Total:0.0795892
2021-09-09 13:02:52,841 - 17548 / 21939 (079%):	 Total:0.0454196	 human_Acc:0.4375000	 Mean_Total:0.0795003
2021-09-09 13:05:24,287 - 21935 / 21939 (099%):	 Total:0.0487289	 vleng_Acc:0.4375000	 Mean_Total:0.0796184
2021-09-09 13:05:24,804 - ===============================| start validation |===============================
2021-09-09 13:05:44,941 - 	 Total:0.1079473	 unmod1_loss:0.0829539	 unmod1_Acc:0.3680812	 human_loss:0.1411740	 human_Acc:0.2817249	 vleng_loss:0.1602962	 vleng_Acc:0.2677824
2021-09-09 13:05:44,945 -    ini file updated    
2021-09-09 13:05:44,945 - ===============================|    epoch 72   |===============================
2021-09-09 13:05:46,509 -     0 / 21939 (000%):	 Total:0.0375232	 unmod1_Acc:0.3750000	 Mean_Total:0.0375232
2021-09-09 13:08:13,810 -  4387 / 21939 (019%):	 Total:0.0775103	 human_Acc:0.3125000	 Mean_Total:0.0797755
2021-09-09 13:10:42,509 -  8774 / 21939 (039%):	 Total:0.0798379	 vleng_Acc:0.3437500	 Mean_Total:0.0791529
2021-09-09 13:13:14,124 - 13161 / 21939 (059%):	 Total:0.0431885	 unmod1_Acc:0.4687500	 Mean_Total:0.0792464
2021-09-09 13:15:41,502 - 17548 / 21939 (079%):	 Total:0.0790430	 human_Acc:0.2812500	 Mean_Total:0.0793087
2021-09-09 13:18:14,329 - 21935 / 21939 (099%):	 Total:0.0638661	 vleng_Acc:0.1875000	 Mean_Total:0.0793713
2021-09-09 13:18:14,905 - ===============================| start validation |===============================
2021-09-09 13:18:35,210 - 	 Total:0.1082279	 unmod1_loss:0.0829029	 unmod1_Acc:0.3651215	 human_loss:0.1429618	 human_Acc:0.2789134	 vleng_loss:0.1602226	 vleng_Acc:0.2698745
2021-09-09 13:18:35,213 -    ini file updated    
2021-09-09 13:18:35,213 - ===============================|    epoch 73   |===============================
2021-09-09 13:18:36,880 -     0 / 21939 (000%):	 Total:0.0357724	 unmod1_Acc:0.5000000	 Mean_Total:0.0357724
2021-09-09 13:21:05,439 -  4387 / 21939 (019%):	 Total:0.0347366	 human_Acc:0.4062500	 Mean_Total:0.0786933
2021-09-09 13:23:37,405 -  8774 / 21939 (039%):	 Total:0.0373029	 vleng_Acc:0.3750000	 Mean_Total:0.0789173
2021-09-09 13:26:10,515 - 13161 / 21939 (059%):	 Total:0.0498916	 unmod1_Acc:0.4375000	 Mean_Total:0.0792263
2021-09-09 13:28:41,516 - 17548 / 21939 (079%):	 Total:0.0599348	 human_Acc:0.3437500	 Mean_Total:0.0792401
2021-09-09 13:31:13,369 - 21935 / 21939 (099%):	 Total:0.0400455	 vleng_Acc:0.3125000	 Mean_Total:0.0793680
2021-09-09 13:31:13,899 - ===============================| start validation |===============================
2021-09-09 13:31:34,412 - 	 Total:0.1081494	 unmod1_loss:0.0830214	 unmod1_Acc:0.3726553	 human_loss:0.1411614	 human_Acc:0.2813640	 vleng_loss:0.1611669	 vleng_Acc:0.2723588
2021-09-09 13:31:34,415 -    ini file updated    
2021-09-09 13:31:34,416 - ===============================|    epoch 74   |===============================
2021-09-09 13:31:35,941 -     0 / 21939 (000%):	 Total:0.0475705	 unmod1_Acc:0.3437500	 Mean_Total:0.0475705
2021-09-09 13:34:05,226 -  4387 / 21939 (019%):	 Total:0.0798236	 human_Acc:0.2812500	 Mean_Total:0.0789088
2021-09-09 13:36:34,550 -  8774 / 21939 (039%):	 Total:0.0796861	 vleng_Acc:0.1875000	 Mean_Total:0.0791250
2021-09-09 13:39:06,214 - 13161 / 21939 (059%):	 Total:0.0495938	 unmod1_Acc:0.4375000	 Mean_Total:0.0792706
2021-09-09 13:41:36,115 - 17548 / 21939 (079%):	 Total:0.0243815	 human_Acc:0.5625000	 Mean_Total:0.0792818
2021-09-09 13:44:08,896 - 21935 / 21939 (099%):	 Total:0.0465831	 vleng_Acc:0.3437500	 Mean_Total:0.0792188
2021-09-09 13:44:09,516 - ===============================| start validation |===============================
2021-09-09 13:44:29,945 - 	 Total:0.1087439	 unmod1_loss:0.0835840	 unmod1_Acc:0.3638146	 human_loss:0.1434511	 human_Acc:0.2794263	 vleng_loss:0.1602032	 vleng_Acc:0.2666056
2021-09-09 13:44:29,950 -    ini file updated    
2021-09-09 13:44:29,950 - ===============================|    epoch 75   |===============================
2021-09-09 13:44:31,525 -     0 / 21939 (000%):	 Total:0.0639496	 unmod1_Acc:0.3437500	 Mean_Total:0.0639496
2021-09-09 13:47:01,012 -  4387 / 21939 (019%):	 Total:0.0739690	 human_Acc:0.2500000	 Mean_Total:0.0797555
2021-09-09 13:49:26,170 -  8774 / 21939 (039%):	 Total:0.0653164	 vleng_Acc:0.3125000	 Mean_Total:0.0790436
2021-09-09 13:51:52,729 - 13161 / 21939 (059%):	 Total:0.5007936	 unmod1_Acc:0.3750000	 Mean_Total:0.0791775
2021-09-09 13:54:17,970 - 17548 / 21939 (079%):	 Total:0.0718774	 human_Acc:0.4062500	 Mean_Total:0.0791530
2021-09-09 13:56:44,473 - 21935 / 21939 (099%):	 Total:0.0798486	 vleng_Acc:0.2812500	 Mean_Total:0.0790830
2021-09-09 13:56:44,994 - ===============================| start validation |===============================
2021-09-09 13:57:04,008 - 	 Total:0.1084463	 unmod1_loss:0.0831539	 unmod1_Acc:0.3670434	 human_loss:0.1429983	 human_Acc:0.2805281	 vleng_loss:0.1605089	 vleng_Acc:0.2700052
2021-09-09 13:57:04,012 -    ini file updated    
2021-09-09 13:57:04,013 - ===============================|    epoch 76   |===============================
2021-09-09 13:57:05,668 -     0 / 21939 (000%):	 Total:0.1348882	 unmod1_Acc:0.3750000	 Mean_Total:0.1348882
2021-09-09 13:59:27,800 -  4387 / 21939 (019%):	 Total:0.0712945	 human_Acc:0.3125000	 Mean_Total:0.0783695
2021-09-09 14:01:51,984 -  8774 / 21939 (039%):	 Total:0.0718561	 vleng_Acc:0.3437500	 Mean_Total:0.0787913
2021-09-09 14:04:16,482 - 13161 / 21939 (059%):	 Total:0.0409394	 unmod1_Acc:0.4062500	 Mean_Total:0.0788311
2021-09-09 14:06:38,202 - 17548 / 21939 (079%):	 Total:0.0937601	 human_Acc:0.2187500	 Mean_Total:0.0789439
2021-09-09 14:09:04,239 - 21935 / 21939 (099%):	 Total:0.0501089	 vleng_Acc:0.3750000	 Mean_Total:0.0788541
2021-09-09 14:09:04,791 - ===============================| start validation |===============================
2021-09-09 14:09:24,538 - 	 Total:0.1091973	 unmod1_loss:0.0835069	 unmod1_Acc:0.3582411	 human_loss:0.1443613	 human_Acc:0.2809650	 vleng_loss:0.1620121	 vleng_Acc:0.2622908
2021-09-09 14:09:24,542 -    ini file updated    
2021-09-09 14:09:24,542 - ===============================|    epoch 77   |===============================
2021-09-09 14:09:26,245 -     0 / 21939 (000%):	 Total:0.0595875	 unmod1_Acc:0.3437500	 Mean_Total:0.0595875
2021-09-09 14:11:48,328 -  4387 / 21939 (019%):	 Total:0.0557393	 human_Acc:0.3437500	 Mean_Total:0.0782552
2021-09-09 14:14:13,450 -  8774 / 21939 (039%):	 Total:0.0653231	 vleng_Acc:0.3437500	 Mean_Total:0.0791056
2021-09-09 14:16:44,211 - 13161 / 21939 (059%):	 Total:0.0506212	 unmod1_Acc:0.2812500	 Mean_Total:0.0790711
2021-09-09 14:19:18,575 - 17548 / 21939 (079%):	 Total:0.0814708	 human_Acc:0.4375000	 Mean_Total:0.0788301
2021-09-09 14:21:54,275 - 21935 / 21939 (099%):	 Total:0.0589578	 vleng_Acc:0.4687500	 Mean_Total:0.0786740
2021-09-09 14:21:54,821 - ===============================| start validation |===============================
2021-09-09 14:22:15,386 - 	 Total:0.1081910	 unmod1_loss:0.0827762	 unmod1_Acc:0.3642758	 human_loss:0.1413502	 human_Acc:0.2849354	 vleng_loss:0.1620398	 vleng_Acc:0.2692207
2021-09-09 14:22:15,391 -    ini file updated    
2021-09-09 14:22:15,391 - ===============================|    epoch 78   |===============================
2021-09-09 14:22:16,909 -     0 / 21939 (000%):	 Total:0.2010025	 unmod1_Acc:0.3437500	 Mean_Total:0.2010025
2021-09-09 14:24:49,332 -  4387 / 21939 (019%):	 Total:0.1000668	 human_Acc:0.4375000	 Mean_Total:0.0787312
2021-09-09 14:27:22,984 -  8774 / 21939 (039%):	 Total:0.0588998	 vleng_Acc:0.3750000	 Mean_Total:0.0783227
2021-09-09 14:30:01,616 - 13161 / 21939 (059%):	 Total:0.0593522	 unmod1_Acc:0.2500000	 Mean_Total:0.0787047
2021-09-09 14:33:27,749 - 17548 / 21939 (079%):	 Total:0.0827949	 human_Acc:0.3750000	 Mean_Total:0.0786246
2021-09-09 14:36:59,033 - 21935 / 21939 (099%):	 Total:0.0630694	 vleng_Acc:0.3125000	 Mean_Total:0.0787695
2021-09-09 14:36:59,741 - ===============================| start validation |===============================
2021-09-09 14:37:27,443 - 	 Total:0.1080541	 unmod1_loss:0.0829480	 unmod1_Acc:0.3670818	 human_loss:0.1419897	 human_Acc:0.2809271	 vleng_loss:0.1600895	 vleng_Acc:0.2718358
2021-09-09 14:37:27,447 -    ini file updated    
2021-09-09 14:37:27,447 - ===============================|    epoch 79   |===============================
2021-09-09 14:37:29,047 -     0 / 21939 (000%):	 Total:0.0361236	 unmod1_Acc:0.3437500	 Mean_Total:0.0361236
2021-09-09 14:40:33,730 -  4387 / 21939 (019%):	 Total:0.0602333	 human_Acc:0.3750000	 Mean_Total:0.0775214
2021-09-09 14:44:05,792 -  8774 / 21939 (039%):	 Total:0.1333515	 vleng_Acc:0.3125000	 Mean_Total:0.0784050
2021-09-09 14:47:42,103 - 13161 / 21939 (059%):	 Total:0.0762705	 unmod1_Acc:0.2500000	 Mean_Total:0.0784208
2021-09-09 14:51:09,649 - 17548 / 21939 (079%):	 Total:0.0990400	 human_Acc:0.4375000	 Mean_Total:0.0786188
2021-09-09 14:54:53,752 - 21935 / 21939 (099%):	 Total:0.0590762	 vleng_Acc:0.2187500	 Mean_Total:0.0785406
2021-09-09 14:54:54,466 - ===============================| start validation |===============================
2021-09-09 14:55:32,574 - 	 Total:0.1085953	 unmod1_loss:0.0828348	 unmod1_Acc:0.3665052	 human_loss:0.1440630	 human_Acc:0.2832637	 vleng_loss:0.1613501	 vleng_Acc:0.2684362
2021-09-09 14:55:32,578 -    ini file updated    
2021-09-09 14:55:32,579 - ===============================|    epoch 80   |===============================
2021-09-09 14:55:34,227 -     0 / 21939 (000%):	 Total:0.0340017	 unmod1_Acc:0.3125000	 Mean_Total:0.0340017
2021-09-09 15:00:39,639 -  4387 / 21939 (019%):	 Total:0.0991838	 human_Acc:0.1875000	 Mean_Total:0.0779148
2021-09-09 15:05:24,180 -  8774 / 21939 (039%):	 Total:0.0569741	 vleng_Acc:0.2812500	 Mean_Total:0.0778598
2021-09-09 15:09:36,675 - 13161 / 21939 (059%):	 Total:0.0913186	 unmod1_Acc:0.2812500	 Mean_Total:0.0783585
2021-09-09 15:13:44,950 - 17548 / 21939 (079%):	 Total:0.0986146	 human_Acc:0.2812500	 Mean_Total:0.0782611
2021-09-09 15:17:57,401 - 21935 / 21939 (099%):	 Total:0.1519278	 vleng_Acc:0.3125000	 Mean_Total:0.0782562
2021-09-09 15:17:58,183 - ===============================| start validation |===============================
2021-09-09 15:18:34,776 - 	 Total:0.1083990	 unmod1_loss:0.0828206	 unmod1_Acc:0.3693112	 human_loss:0.1435387	 human_Acc:0.2812690	 vleng_loss:0.1608569	 vleng_Acc:0.2707897
2021-09-09 15:18:34,780 -    ini file updated    
2021-09-09 15:18:34,781 - ===============================|    epoch 81   |===============================
2021-09-09 15:18:36,457 -     0 / 21939 (000%):	 Total:0.0769485	 unmod1_Acc:0.4375000	 Mean_Total:0.0769485
2021-09-09 15:22:47,471 -  4387 / 21939 (019%):	 Total:0.0690928	 human_Acc:0.2500000	 Mean_Total:0.0776254
2021-09-09 15:27:00,211 -  8774 / 21939 (039%):	 Total:0.0512211	 vleng_Acc:0.4062500	 Mean_Total:0.0781023
2021-09-09 15:31:11,815 - 13161 / 21939 (059%):	 Total:0.1309734	 unmod1_Acc:0.2187500	 Mean_Total:0.0782003
2021-09-09 15:35:20,510 - 17548 / 21939 (079%):	 Total:0.0612947	 human_Acc:0.3750000	 Mean_Total:0.0782124
2021-09-09 15:39:32,480 - 21935 / 21939 (099%):	 Total:0.0873303	 vleng_Acc:0.2187500	 Mean_Total:0.0781227
2021-09-09 15:39:33,175 - ===============================| start validation |===============================
2021-09-09 15:40:09,031 - 	 Total:0.1085452	 unmod1_loss:0.0828544	 unmod1_Acc:0.3697724	 human_loss:0.1429230	 human_Acc:0.2827888	 vleng_loss:0.1621342	 vleng_Acc:0.2710513
2021-09-09 15:40:09,035 -    ini file updated    
2021-09-09 15:40:09,035 - ===============================|    epoch 82   |===============================
2021-09-09 15:40:10,695 -     0 / 21939 (000%):	 Total:0.0771830	 unmod1_Acc:0.4687500	 Mean_Total:0.0771830
2021-09-09 15:44:18,699 -  4387 / 21939 (019%):	 Total:0.0987291	 human_Acc:0.1875000	 Mean_Total:0.0782513
2021-09-09 15:48:05,149 -  8774 / 21939 (039%):	 Total:0.0626803	 vleng_Acc:0.4062500	 Mean_Total:0.0779665
2021-09-09 15:51:02,039 - 13161 / 21939 (059%):	 Total:0.0342673	 unmod1_Acc:0.3750000	 Mean_Total:0.0779267
2021-09-09 15:54:08,451 - 17548 / 21939 (079%):	 Total:0.0317636	 human_Acc:0.5000000	 Mean_Total:0.0779899
