2021-07-16 16:10:18,056 - 
===============================|    epoch 0   |===============================

2021-07-16 16:10:23,848 -     0 /  6101 (0.0%):	 Total:0.8993767	 Acc:0.1562500	 Mean_Total:0.8993767
2021-07-16 16:10:49,668 -  1220 /  6101 (20.0%):	 Total:0.4544828	 Acc:0.1875000	 Mean_Total:0.7565197
2021-07-16 16:11:16,082 -  2440 /  6101 (40.0%):	 Total:0.4868294	 Acc:0.1562500	 Mean_Total:0.6256718
2021-07-16 16:11:41,982 -  3660 /  6101 (60.0%):	 Total:0.5196383	 Acc:0.2187500	 Mean_Total:0.5524339
2021-07-16 16:12:08,118 -  4880 /  6101 (80.0%):	 Total:0.2012802	 Acc:0.2187500	 Mean_Total:0.5011465
2021-07-16 16:12:34,276 -  6100 /  6101 (100.0%):	 Total:0.3444424	 Acc:0.1875000	 Mean_Total:0.4678042
2021-07-16 16:12:41,666 - 
===============================| start validation |===============================

2021-07-16 16:12:41,667 - 	 Total:0.2953196	 Acc:0.1654364
2021-07-16 16:12:41,671 -    ini file updated    
2021-07-16 16:12:41,690 - Snapshot saved to /data/users/wergillius/UTR_VAE/pth/RL_gru_MTL/ds4rl_unmod1/unmo1_d0_5-model_best.pth

2021-07-16 16:12:41,691 -    ini file updated    
2021-07-16 16:12:41,691 - 
===============================|    epoch 1   |===============================

2021-07-16 16:12:42,365 -     0 /  6101 (0.0%):	 Total:0.2183319	 Acc:0.2500000	 Mean_Total:0.2183319
2021-07-16 16:13:07,899 -  1220 /  6101 (20.0%):	 Total:0.2973627	 Acc:0.2500000	 Mean_Total:0.2710903
2021-07-16 16:13:33,531 -  2440 /  6101 (40.0%):	 Total:0.2634660	 Acc:0.3125000	 Mean_Total:0.2557572
2021-07-16 16:13:59,495 -  3660 /  6101 (60.0%):	 Total:0.1533090	 Acc:0.2500000	 Mean_Total:0.2488364
2021-07-16 16:14:24,970 -  4880 /  6101 (80.0%):	 Total:0.2175441	 Acc:0.1562500	 Mean_Total:0.2430424
2021-07-16 16:14:51,230 -  6100 /  6101 (100.0%):	 Total:0.2939010	 Acc:0.1875000	 Mean_Total:0.2470293
2021-07-16 16:14:51,370 - 
===============================|    epoch 2   |===============================

2021-07-16 16:14:51,895 -     0 /  6101 (0.0%):	 Total:0.2331343	 Acc:0.1875000	 Mean_Total:0.2331343
2021-07-16 16:15:16,961 -  1220 /  6101 (20.0%):	 Total:0.1487423	 Acc:0.2187500	 Mean_Total:0.1910601
2021-07-16 16:15:41,207 -  2440 /  6101 (40.0%):	 Total:0.2410091	 Acc:0.1562500	 Mean_Total:0.1812916
2021-07-16 16:16:05,936 -  3660 /  6101 (60.0%):	 Total:0.1431146	 Acc:0.2187500	 Mean_Total:0.1781374
2021-07-16 16:16:31,092 -  4880 /  6101 (80.0%):	 Total:0.2100728	 Acc:0.2500000	 Mean_Total:0.1769642
2021-07-16 16:16:56,753 -  6100 /  6101 (100.0%):	 Total:0.1963121	 Acc:0.2812500	 Mean_Total:0.1845280
2021-07-16 16:17:03,992 - 
===============================| start validation |===============================

2021-07-16 16:17:03,993 - 	 Total:0.1255821	 Acc:0.2147310
2021-07-16 16:17:03,995 -    ini file updated    
2021-07-16 16:17:04,014 - Snapshot saved to /data/users/wergillius/UTR_VAE/pth/RL_gru_MTL/ds4rl_unmod1/unmo1_d0_5-model_best.pth

2021-07-16 16:17:04,015 -    ini file updated    
2021-07-16 16:17:04,015 - 
===============================|    epoch 3   |===============================

2021-07-16 16:17:04,558 -     0 /  6101 (0.0%):	 Total:0.1365747	 Acc:0.1562500	 Mean_Total:0.1365747
2021-07-16 16:17:30,182 -  1220 /  6101 (20.0%):	 Total:0.0753841	 Acc:0.1562500	 Mean_Total:0.1447833
2021-07-16 16:17:55,133 -  2440 /  6101 (40.0%):	 Total:0.1679644	 Acc:0.2812500	 Mean_Total:0.1403404
2021-07-16 16:18:20,138 -  3660 /  6101 (60.0%):	 Total:0.0896611	 Acc:0.3750000	 Mean_Total:0.1414350
2021-07-16 16:18:44,979 -  4880 /  6101 (80.0%):	 Total:0.2629488	 Acc:0.2500000	 Mean_Total:0.1434693
2021-07-16 16:19:09,466 -  6100 /  6101 (100.0%):	 Total:0.3048555	 Acc:0.1250000	 Mean_Total:0.1538945
2021-07-16 16:19:09,594 - 
===============================|    epoch 4   |===============================

2021-07-16 16:19:10,182 -     0 /  6101 (0.0%):	 Total:0.1491147	 Acc:0.1250000	 Mean_Total:0.1491147
2021-07-16 16:19:37,093 -  1220 /  6101 (20.0%):	 Total:0.2205147	 Acc:0.2812500	 Mean_Total:0.1279543
2021-07-16 16:20:04,253 -  2440 /  6101 (40.0%):	 Total:0.0725467	 Acc:0.4062500	 Mean_Total:0.1247385
2021-07-16 16:20:29,842 -  3660 /  6101 (60.0%):	 Total:0.3111587	 Acc:0.2187500	 Mean_Total:0.1264702
2021-07-16 16:20:56,304 -  4880 /  6101 (80.0%):	 Total:0.1350640	 Acc:0.2812500	 Mean_Total:0.1302416
2021-07-16 16:21:22,146 -  6100 /  6101 (100.0%):	 Total:0.2026372	 Acc:0.0625000	 Mean_Total:0.1412686
2021-07-16 16:21:29,217 - 
===============================| start validation |===============================

2021-07-16 16:21:29,218 - 	 Total:0.1021076	 Acc:0.2445046
2021-07-16 16:21:29,220 -    ini file updated    
2021-07-16 16:21:29,240 - Snapshot saved to /data/users/wergillius/UTR_VAE/pth/RL_gru_MTL/ds4rl_unmod1/unmo1_d0_5-model_best.pth

2021-07-16 16:21:29,241 -    ini file updated    
2021-07-16 16:21:29,241 - 
===============================|    epoch 5   |===============================

2021-07-16 16:21:29,756 -     0 /  6101 (0.0%):	 Total:0.1177067	 Acc:0.2812500	 Mean_Total:0.1177067
2021-07-16 16:21:56,913 -  1220 /  6101 (20.0%):	 Total:0.1573264	 Acc:0.4375000	 Mean_Total:0.1185091
2021-07-16 16:22:22,187 -  2440 /  6101 (40.0%):	 Total:0.1427289	 Acc:0.1562500	 Mean_Total:0.1159526
2021-07-16 16:22:45,966 -  3660 /  6101 (60.0%):	 Total:0.1196676	 Acc:0.3125000	 Mean_Total:0.1183164
2021-07-16 16:23:09,764 -  4880 /  6101 (80.0%):	 Total:0.1324010	 Acc:0.2187500	 Mean_Total:0.1223493
2021-07-16 16:23:33,273 -  6100 /  6101 (100.0%):	 Total:0.2313538	 Acc:0.0312500	 Mean_Total:0.1338327
2021-07-16 16:23:33,398 - 
===============================|    epoch 6   |===============================

2021-07-16 16:23:33,867 -     0 /  6101 (0.0%):	 Total:0.1419042	 Acc:0.2187500	 Mean_Total:0.1419042
2021-07-16 16:23:56,722 -  1220 /  6101 (20.0%):	 Total:0.0882749	 Acc:0.3125000	 Mean_Total:0.1108621
2021-07-16 16:24:20,312 -  2440 /  6101 (40.0%):	 Total:0.1563747	 Acc:0.2812500	 Mean_Total:0.1106875
2021-07-16 16:24:44,211 -  3660 /  6101 (60.0%):	 Total:0.0753166	 Acc:0.3437500	 Mean_Total:0.1129540
2021-07-16 16:25:07,515 -  4880 /  6101 (80.0%):	 Total:0.0847188	 Acc:0.2812500	 Mean_Total:0.1167901
2021-07-16 16:25:31,060 -  6100 /  6101 (100.0%):	 Total:0.2194977	 Acc:0.2812500	 Mean_Total:0.1283940
2021-07-16 16:25:38,208 - 
===============================| start validation |===============================

2021-07-16 16:25:38,209 - 	 Total:0.1101051	 Acc:0.2269931
2021-07-16 16:25:38,212 -    ini file updated    
2021-07-16 16:25:38,212 - 
===============================|    epoch 7   |===============================

2021-07-16 16:25:38,704 -     0 /  6101 (0.0%):	 Total:0.0820608	 Acc:0.2187500	 Mean_Total:0.0820608
2021-07-16 16:26:01,926 -  1220 /  6101 (20.0%):	 Total:0.0598312	 Acc:0.3437500	 Mean_Total:0.1086638
2021-07-16 16:26:24,527 -  2440 /  6101 (40.0%):	 Total:0.0993587	 Acc:0.2812500	 Mean_Total:0.1074434
2021-07-16 16:26:48,475 -  3660 /  6101 (60.0%):	 Total:0.1068662	 Acc:0.2812500	 Mean_Total:0.1096678
2021-07-16 16:27:10,385 -  4880 /  6101 (80.0%):	 Total:0.1413439	 Acc:0.0937500	 Mean_Total:0.1139792
2021-07-16 16:27:32,247 -  6100 /  6101 (100.0%):	 Total:0.2043114	 Acc:0.0625000	 Mean_Total:0.1254182
2021-07-16 16:27:32,355 - 
===============================|    epoch 8   |===============================

2021-07-16 16:27:32,900 -     0 /  6101 (0.0%):	 Total:0.0705810	 Acc:0.4062500	 Mean_Total:0.0705810
2021-07-16 16:27:55,261 -  1220 /  6101 (20.0%):	 Total:0.0708460	 Acc:0.2500000	 Mean_Total:0.1050043
2021-07-16 16:28:17,379 -  2440 /  6101 (40.0%):	 Total:0.0684960	 Acc:0.3125000	 Mean_Total:0.1039728
2021-07-16 16:28:39,505 -  3660 /  6101 (60.0%):	 Total:0.1646899	 Acc:0.1875000	 Mean_Total:0.1065918
2021-07-16 16:29:02,846 -  4880 /  6101 (80.0%):	 Total:0.1495176	 Acc:0.1875000	 Mean_Total:0.1108055
2021-07-16 16:29:26,911 -  6100 /  6101 (100.0%):	 Total:0.2391819	 Acc:0.1250000	 Mean_Total:0.1228055
2021-07-16 16:29:33,986 - 
===============================| start validation |===============================

2021-07-16 16:29:33,987 - 	 Total:0.0992123	 Acc:0.2481955
2021-07-16 16:29:33,989 -    ini file updated    
2021-07-16 16:29:34,011 - Snapshot saved to /data/users/wergillius/UTR_VAE/pth/RL_gru_MTL/ds4rl_unmod1/unmo1_d0_5-model_best.pth

2021-07-16 16:29:34,012 -    ini file updated    
2021-07-16 16:29:34,012 - 
===============================|    epoch 9   |===============================

2021-07-16 16:29:34,573 -     0 /  6101 (0.0%):	 Total:0.1128927	 Acc:0.1250000	 Mean_Total:0.1128927
2021-07-16 16:29:58,173 -  1220 /  6101 (20.0%):	 Total:0.0420456	 Acc:0.3437500	 Mean_Total:0.1004839
2021-07-16 16:30:21,760 -  2440 /  6101 (40.0%):	 Total:0.1085500	 Acc:0.2812500	 Mean_Total:0.1008853
2021-07-16 16:30:44,850 -  3660 /  6101 (60.0%):	 Total:0.1223446	 Acc:0.3750000	 Mean_Total:0.1037199
2021-07-16 16:31:08,515 -  4880 /  6101 (80.0%):	 Total:0.1366917	 Acc:0.2812500	 Mean_Total:0.1079175
2021-07-16 16:31:31,762 -  6100 /  6101 (100.0%):	 Total:0.2180726	 Acc:0.0937500	 Mean_Total:0.1199892
2021-07-16 16:31:31,897 - 
===============================|    epoch 10   |===============================

2021-07-16 16:31:32,423 -     0 /  6101 (0.0%):	 Total:0.0666841	 Acc:0.3437500	 Mean_Total:0.0666841
2021-07-16 16:31:55,270 -  1220 /  6101 (20.0%):	 Total:0.0742536	 Acc:0.5000000	 Mean_Total:0.0990395
2021-07-16 16:32:19,198 -  2440 /  6101 (40.0%):	 Total:0.1376864	 Acc:0.2187500	 Mean_Total:0.0991020
2021-07-16 16:32:42,963 -  3660 /  6101 (60.0%):	 Total:0.1334922	 Acc:0.2500000	 Mean_Total:0.1020998
2021-07-16 16:33:06,252 -  4880 /  6101 (80.0%):	 Total:0.2933352	 Acc:0.2500000	 Mean_Total:0.1065286
2021-07-16 16:33:28,912 -  6100 /  6101 (100.0%):	 Total:0.2107504	 Acc:0.1562500	 Mean_Total:0.1183452
2021-07-16 16:33:35,555 - 
===============================| start validation |===============================

2021-07-16 16:33:35,556 - 	 Total:0.0956475	 Acc:0.2564386
2021-07-16 16:33:35,559 -    ini file updated    
2021-07-16 16:33:35,579 - Snapshot saved to /data/users/wergillius/UTR_VAE/pth/RL_gru_MTL/ds4rl_unmod1/unmo1_d0_5-model_best.pth

2021-07-16 16:33:35,580 -    ini file updated    
2021-07-16 16:33:35,580 - 
===============================|    epoch 11   |===============================

2021-07-16 16:33:36,143 -     0 /  6101 (0.0%):	 Total:0.1422397	 Acc:0.2500000	 Mean_Total:0.1422397
2021-07-16 16:33:59,055 -  1220 /  6101 (20.0%):	 Total:0.0556917	 Acc:0.2812500	 Mean_Total:0.0979902
2021-07-16 16:34:22,507 -  2440 /  6101 (40.0%):	 Total:0.0572979	 Acc:0.5312500	 Mean_Total:0.0981933
2021-07-16 16:34:45,414 -  3660 /  6101 (60.0%):	 Total:0.0485487	 Acc:0.5312500	 Mean_Total:0.1010863
2021-07-16 16:35:08,014 -  4880 /  6101 (80.0%):	 Total:0.1032500	 Acc:0.3750000	 Mean_Total:0.1053347
2021-07-16 16:35:31,001 -  6100 /  6101 (100.0%):	 Total:0.2389529	 Acc:0.2500000	 Mean_Total:0.1170911
2021-07-16 16:35:31,140 - 
===============================|    epoch 12   |===============================

2021-07-16 16:35:31,676 -     0 /  6101 (0.0%):	 Total:0.1181079	 Acc:0.1250000	 Mean_Total:0.1181079
2021-07-16 16:35:55,903 -  1220 /  6101 (20.0%):	 Total:0.0941305	 Acc:0.1875000	 Mean_Total:0.0957973
2021-07-16 16:36:20,031 -  2440 /  6101 (40.0%):	 Total:0.0992511	 Acc:0.2812500	 Mean_Total:0.0956183
2021-07-16 16:36:44,299 -  3660 /  6101 (60.0%):	 Total:0.1113829	 Acc:0.3125000	 Mean_Total:0.0982236
2021-07-16 16:37:08,591 -  4880 /  6101 (80.0%):	 Total:0.0670080	 Acc:0.2500000	 Mean_Total:0.1025552
2021-07-16 16:37:31,803 -  6100 /  6101 (100.0%):	 Total:0.1528906	 Acc:0.0937500	 Mean_Total:0.1142682
2021-07-16 16:37:38,210 - 
===============================| start validation |===============================

2021-07-16 16:37:38,211 - 	 Total:0.1010234	 Acc:0.2362205
2021-07-16 16:37:38,215 -    ini file updated    
2021-07-16 16:37:38,215 - 
===============================|    epoch 13   |===============================

2021-07-16 16:37:38,768 -     0 /  6101 (0.0%):	 Total:0.1522487	 Acc:0.1562500	 Mean_Total:0.1522487
2021-07-16 16:38:03,220 -  1220 /  6101 (20.0%):	 Total:0.0921509	 Acc:0.3437500	 Mean_Total:0.0951092
2021-07-16 16:38:27,647 -  2440 /  6101 (40.0%):	 Total:0.0723365	 Acc:0.2812500	 Mean_Total:0.0949462
2021-07-16 16:38:51,280 -  3660 /  6101 (60.0%):	 Total:0.0865755	 Acc:0.3750000	 Mean_Total:0.0979331
2021-07-16 16:39:14,966 -  4880 /  6101 (80.0%):	 Total:0.3836622	 Acc:0.2500000	 Mean_Total:0.1020004
2021-07-16 16:39:38,558 -  6100 /  6101 (100.0%):	 Total:0.1520241	 Acc:0.1562500	 Mean_Total:0.1137427
2021-07-16 16:39:38,703 - 
===============================|    epoch 14   |===============================

2021-07-16 16:39:39,243 -     0 /  6101 (0.0%):	 Total:0.0648339	 Acc:0.1562500	 Mean_Total:0.0648339
2021-07-16 16:40:02,342 -  1220 /  6101 (20.0%):	 Total:0.0450364	 Acc:0.3125000	 Mean_Total:0.0932261
2021-07-16 16:40:25,820 -  2440 /  6101 (40.0%):	 Total:0.2149961	 Acc:0.3125000	 Mean_Total:0.0937121
2021-07-16 16:40:49,012 -  3660 /  6101 (60.0%):	 Total:0.0843765	 Acc:0.2187500	 Mean_Total:0.0968251
2021-07-16 16:41:12,237 -  4880 /  6101 (80.0%):	 Total:0.2421631	 Acc:0.2500000	 Mean_Total:0.1011477
2021-07-16 16:41:34,855 -  6100 /  6101 (100.0%):	 Total:0.2199163	 Acc:0.1562500	 Mean_Total:0.1130511
2021-07-16 16:41:41,482 - 
===============================| start validation |===============================

2021-07-16 16:41:41,486 - 	 Total:0.0920542	 Acc:0.2518865
2021-07-16 16:41:41,489 -    ini file updated    
2021-07-16 16:41:41,507 - Snapshot saved to /data/users/wergillius/UTR_VAE/pth/RL_gru_MTL/ds4rl_unmod1/unmo1_d0_5-model_best.pth

2021-07-16 16:41:41,508 -    ini file updated    
2021-07-16 16:41:41,508 - 
===============================|    epoch 15   |===============================

2021-07-16 16:41:41,989 -     0 /  6101 (0.0%):	 Total:0.2268987	 Acc:0.1250000	 Mean_Total:0.2268987
2021-07-16 16:42:05,092 -  1220 /  6101 (20.0%):	 Total:0.0852887	 Acc:0.3437500	 Mean_Total:0.0929444
2021-07-16 16:42:27,929 -  2440 /  6101 (40.0%):	 Total:0.0510059	 Acc:0.4062500	 Mean_Total:0.0924005
2021-07-16 16:42:50,857 -  3660 /  6101 (60.0%):	 Total:0.0730853	 Acc:0.2500000	 Mean_Total:0.0950210
2021-07-16 16:43:14,100 -  4880 /  6101 (80.0%):	 Total:0.0649654	 Acc:0.4062500	 Mean_Total:0.0995416
2021-07-16 16:43:37,651 -  6100 /  6101 (100.0%):	 Total:0.1967053	 Acc:0.1562500	 Mean_Total:0.1116132
2021-07-16 16:43:37,771 - 
===============================|    epoch 16   |===============================

2021-07-16 16:43:38,307 -     0 /  6101 (0.0%):	 Total:0.1055001	 Acc:0.3125000	 Mean_Total:0.1055001
2021-07-16 16:44:01,504 -  1220 /  6101 (20.0%):	 Total:0.0921335	 Acc:0.2187500	 Mean_Total:0.0922382
2021-07-16 16:44:25,378 -  2440 /  6101 (40.0%):	 Total:0.0621854	 Acc:0.4687500	 Mean_Total:0.0913681
2021-07-16 16:44:48,962 -  3660 /  6101 (60.0%):	 Total:0.2559566	 Acc:0.3125000	 Mean_Total:0.0942994
2021-07-16 16:45:13,320 -  4880 /  6101 (80.0%):	 Total:0.0690309	 Acc:0.4062500	 Mean_Total:0.0985231
2021-07-16 16:45:38,201 -  6100 /  6101 (100.0%):	 Total:0.2579798	 Acc:0.1562500	 Mean_Total:0.1105236
2021-07-16 16:45:45,431 - 
===============================| start validation |===============================

2021-07-16 16:45:45,432 - 	 Total:0.0942947	 Acc:0.2392142
2021-07-16 16:45:45,435 -    ini file updated    
2021-07-16 16:45:45,435 - 
===============================|    epoch 17   |===============================

2021-07-16 16:45:45,957 -     0 /  6101 (0.0%):	 Total:0.2100707	 Acc:0.1562500	 Mean_Total:0.2100707
2021-07-16 16:46:10,131 -  1220 /  6101 (20.0%):	 Total:0.0903396	 Acc:0.3750000	 Mean_Total:0.0915179
2021-07-16 16:46:33,241 -  2440 /  6101 (40.0%):	 Total:0.0843905	 Acc:0.2500000	 Mean_Total:0.0914804
2021-07-16 16:46:56,379 -  3660 /  6101 (60.0%):	 Total:0.1028051	 Acc:0.2187500	 Mean_Total:0.0946052
2021-07-16 16:47:19,388 -  4880 /  6101 (80.0%):	 Total:0.1049559	 Acc:0.2500000	 Mean_Total:0.0987371
2021-07-16 16:47:42,997 -  6100 /  6101 (100.0%):	 Total:0.2587337	 Acc:0.1875000	 Mean_Total:0.1106786
2021-07-16 16:47:43,121 - 
===============================|    epoch 18   |===============================

2021-07-16 16:47:43,614 -     0 /  6101 (0.0%):	 Total:0.0669223	 Acc:0.3125000	 Mean_Total:0.0669223
2021-07-16 16:48:06,316 -  1220 /  6101 (20.0%):	 Total:0.0741506	 Acc:0.3437500	 Mean_Total:0.0899720
2021-07-16 16:48:29,479 -  2440 /  6101 (40.0%):	 Total:0.0702851	 Acc:0.2500000	 Mean_Total:0.0895407
2021-07-16 16:48:52,888 -  3660 /  6101 (60.0%):	 Total:0.2761205	 Acc:0.3437500	 Mean_Total:0.0923668
2021-07-16 16:49:16,478 -  4880 /  6101 (80.0%):	 Total:0.0891446	 Acc:0.2812500	 Mean_Total:0.0969305
2021-07-16 16:49:39,745 -  6100 /  6101 (100.0%):	 Total:0.2446086	 Acc:0.1875000	 Mean_Total:0.1092030
2021-07-16 16:49:46,465 - 
===============================| start validation |===============================

2021-07-16 16:49:46,466 - 	 Total:0.0975888	 Acc:0.2347851
2021-07-16 16:49:46,469 -    ini file updated    
2021-07-16 16:49:46,470 - 
===============================|    epoch 19   |===============================

2021-07-16 16:49:47,050 -     0 /  6101 (0.0%):	 Total:0.1264750	 Acc:0.1250000	 Mean_Total:0.1264750
2021-07-16 16:50:10,490 -  1220 /  6101 (20.0%):	 Total:0.0671018	 Acc:0.3437500	 Mean_Total:0.0900657
2021-07-16 16:50:32,271 -  2440 /  6101 (40.0%):	 Total:0.0735787	 Acc:0.2812500	 Mean_Total:0.0896516
2021-07-16 16:50:54,308 -  3660 /  6101 (60.0%):	 Total:0.0519334	 Acc:0.4062500	 Mean_Total:0.0926878
2021-07-16 16:51:16,198 -  4880 /  6101 (80.0%):	 Total:0.0799301	 Acc:0.3437500	 Mean_Total:0.0971894
2021-07-16 16:51:39,075 -  6100 /  6101 (100.0%):	 Total:0.1536365	 Acc:0.2812500	 Mean_Total:0.1089103
2021-07-16 16:51:39,205 - 
===============================|    epoch 20   |===============================

2021-07-16 16:51:39,764 -     0 /  6101 (0.0%):	 Total:0.0849798	 Acc:0.1875000	 Mean_Total:0.0849798
2021-07-16 16:52:02,807 -  1220 /  6101 (20.0%):	 Total:0.0732066	 Acc:0.3437500	 Mean_Total:0.0896902
2021-07-16 16:52:25,202 -  2440 /  6101 (40.0%):	 Total:0.0374681	 Acc:0.2812500	 Mean_Total:0.0896126
2021-07-16 16:52:48,104 -  3660 /  6101 (60.0%):	 Total:0.3046708	 Acc:0.2812500	 Mean_Total:0.0927363
2021-07-16 16:53:10,281 -  4880 /  6101 (80.0%):	 Total:0.1658850	 Acc:0.4062500	 Mean_Total:0.0970124
2021-07-16 16:53:32,772 -  6100 /  6101 (100.0%):	 Total:0.2187898	 Acc:0.1562500	 Mean_Total:0.1085612
2021-07-16 16:53:39,448 - 
===============================| start validation |===============================

2021-07-16 16:53:39,449 - 	 Total:0.1024808	 Acc:0.2220308
2021-07-16 16:53:39,452 -    ini file updated    
2021-07-16 16:53:39,452 - 
===============================|    epoch 21   |===============================

2021-07-16 16:53:39,910 -     0 /  6101 (0.0%):	 Total:0.0815622	 Acc:0.2500000	 Mean_Total:0.0815622
2021-07-16 16:54:02,757 -  1220 /  6101 (20.0%):	 Total:0.0917021	 Acc:0.3125000	 Mean_Total:0.0892887
2021-07-16 16:54:25,505 -  2440 /  6101 (40.0%):	 Total:0.1445412	 Acc:0.1875000	 Mean_Total:0.0882499
2021-07-16 16:54:47,969 -  3660 /  6101 (60.0%):	 Total:0.0671113	 Acc:0.2812500	 Mean_Total:0.0913954
2021-07-16 16:55:10,300 -  4880 /  6101 (80.0%):	 Total:0.0598566	 Acc:0.3125000	 Mean_Total:0.0955570
2021-07-16 16:55:31,982 -  6100 /  6101 (100.0%):	 Total:0.1783599	 Acc:0.1875000	 Mean_Total:0.1076372
2021-07-16 16:55:32,100 - 
===============================|    epoch 22   |===============================

2021-07-16 16:55:32,607 -     0 /  6101 (0.0%):	 Total:0.1586527	 Acc:0.2812500	 Mean_Total:0.1586527
2021-07-16 16:55:53,591 -  1220 /  6101 (20.0%):	 Total:0.0491943	 Acc:0.4375000	 Mean_Total:0.0873407
2021-07-16 16:56:15,050 -  2440 /  6101 (40.0%):	 Total:0.1058109	 Acc:0.1562500	 Mean_Total:0.0873076
2021-07-16 16:56:37,145 -  3660 /  6101 (60.0%):	 Total:0.0934850	 Acc:0.3125000	 Mean_Total:0.0906576
2021-07-16 16:56:59,026 -  4880 /  6101 (80.0%):	 Total:0.1423527	 Acc:0.2500000	 Mean_Total:0.0951690
2021-07-16 16:57:20,478 -  6100 /  6101 (100.0%):	 Total:0.1877096	 Acc:0.1250000	 Mean_Total:0.1069875
2021-07-16 16:57:27,151 - 
===============================| start validation |===============================

2021-07-16 16:57:27,152 - 	 Total:0.0829554	 Acc:0.2803478
2021-07-16 16:57:27,154 -    ini file updated    
2021-07-16 16:57:27,173 - Snapshot saved to /data/users/wergillius/UTR_VAE/pth/RL_gru_MTL/ds4rl_unmod1/unmo1_d0_5-model_best.pth

2021-07-16 16:57:27,173 -    ini file updated    
2021-07-16 16:57:27,173 - 
===============================|    epoch 23   |===============================

2021-07-16 16:57:27,760 -     0 /  6101 (0.0%):	 Total:0.1038161	 Acc:0.2187500	 Mean_Total:0.1038161
2021-07-16 16:57:50,432 -  1220 /  6101 (20.0%):	 Total:0.0851370	 Acc:0.2500000	 Mean_Total:0.0874322
2021-07-16 16:58:11,859 -  2440 /  6101 (40.0%):	 Total:0.0987424	 Acc:0.2187500	 Mean_Total:0.0871084
2021-07-16 16:58:34,980 -  3660 /  6101 (60.0%):	 Total:0.0786412	 Acc:0.2500000	 Mean_Total:0.0902262
2021-07-16 16:58:57,429 -  4880 /  6101 (80.0%):	 Total:0.0938202	 Acc:0.2812500	 Mean_Total:0.0948184
2021-07-16 16:59:19,480 -  6100 /  6101 (100.0%):	 Total:0.2387903	 Acc:0.1562500	 Mean_Total:0.1064394
2021-07-16 16:59:19,621 - 
===============================|    epoch 24   |===============================

2021-07-16 16:59:20,137 -     0 /  6101 (0.0%):	 Total:0.0894596	 Acc:0.0625000	 Mean_Total:0.0894596
2021-07-16 16:59:42,765 -  1220 /  6101 (20.0%):	 Total:0.0979417	 Acc:0.3750000	 Mean_Total:0.0867992
2021-07-16 17:00:05,976 -  2440 /  6101 (40.0%):	 Total:0.0447976	 Acc:0.3125000	 Mean_Total:0.0869243
2021-07-16 17:00:30,726 -  3660 /  6101 (60.0%):	 Total:0.0508773	 Acc:0.4062500	 Mean_Total:0.0898273
2021-07-16 17:00:53,884 -  4880 /  6101 (80.0%):	 Total:0.0554643	 Acc:0.4375000	 Mean_Total:0.0944191
2021-07-16 17:01:18,139 -  6100 /  6101 (100.0%):	 Total:0.2211584	 Acc:0.0937500	 Mean_Total:0.1062398
2021-07-16 17:01:25,222 - 
===============================| start validation |===============================

2021-07-16 17:01:25,223 - 	 Total:0.0988397	 Acc:0.2234662
2021-07-16 17:01:25,225 -    ini file updated    
2021-07-16 17:01:25,226 - 
===============================|    epoch 25   |===============================

2021-07-16 17:01:25,740 -     0 /  6101 (0.0%):	 Total:0.0841075	 Acc:0.2812500	 Mean_Total:0.0841075
2021-07-16 17:01:49,790 -  1220 /  6101 (20.0%):	 Total:0.0647652	 Acc:0.2812500	 Mean_Total:0.0866228
2021-07-16 17:02:13,680 -  2440 /  6101 (40.0%):	 Total:0.0581645	 Acc:0.2812500	 Mean_Total:0.0866170
2021-07-16 17:02:41,493 -  3660 /  6101 (60.0%):	 Total:0.0520841	 Acc:0.2500000	 Mean_Total:0.0898381
2021-07-16 17:03:05,414 -  4880 /  6101 (80.0%):	 Total:0.2190091	 Acc:0.3437500	 Mean_Total:0.0941151
2021-07-16 17:03:28,934 -  6100 /  6101 (100.0%):	 Total:0.2238570	 Acc:0.1562500	 Mean_Total:0.1060891
2021-07-16 17:03:29,043 - 
===============================|    epoch 26   |===============================

2021-07-16 17:03:29,546 -     0 /  6101 (0.0%):	 Total:0.0712728	 Acc:0.1875000	 Mean_Total:0.0712728
2021-07-16 17:03:52,934 -  1220 /  6101 (20.0%):	 Total:0.0569808	 Acc:0.2812500	 Mean_Total:0.0864571
2021-07-16 17:04:16,067 -  2440 /  6101 (40.0%):	 Total:0.0633789	 Acc:0.4375000	 Mean_Total:0.0861485
2021-07-16 17:04:39,663 -  3660 /  6101 (60.0%):	 Total:0.0740542	 Acc:0.2812500	 Mean_Total:0.0893165
2021-07-16 17:05:07,113 -  4880 /  6101 (80.0%):	 Total:0.1973588	 Acc:0.3125000	 Mean_Total:0.0934444
2021-07-16 17:05:38,643 -  6100 /  6101 (100.0%):	 Total:0.2040398	 Acc:0.1562500	 Mean_Total:0.1049656
2021-07-16 17:05:48,010 - 
===============================| start validation |===============================

2021-07-16 17:05:48,011 - 	 Total:0.0946904	 Acc:0.2489337
2021-07-16 17:05:48,013 -    ini file updated    
2021-07-16 17:05:48,013 - 
===============================|    epoch 27   |===============================

2021-07-16 17:05:48,838 -     0 /  6101 (0.0%):	 Total:0.0829518	 Acc:0.2500000	 Mean_Total:0.0829518
2021-07-16 17:06:17,870 -  1220 /  6101 (20.0%):	 Total:0.0435405	 Acc:0.3437500	 Mean_Total:0.0855327
2021-07-16 17:06:46,815 -  2440 /  6101 (40.0%):	 Total:0.0764104	 Acc:0.2187500	 Mean_Total:0.0858619
2021-07-16 17:07:09,331 -  3660 /  6101 (60.0%):	 Total:0.0690133	 Acc:0.4687500	 Mean_Total:0.0889513
2021-07-16 17:07:32,622 -  4880 /  6101 (80.0%):	 Total:0.1152597	 Acc:0.2187500	 Mean_Total:0.0935415
2021-07-16 17:07:57,400 -  6100 /  6101 (100.0%):	 Total:0.1828907	 Acc:0.2187500	 Mean_Total:0.1053660
2021-07-16 17:07:57,546 - 
===============================|    epoch 28   |===============================

2021-07-16 17:07:58,050 -     0 /  6101 (0.0%):	 Total:0.1107327	 Acc:0.1562500	 Mean_Total:0.1107327
2021-07-16 17:08:23,153 -  1220 /  6101 (20.0%):	 Total:0.1069688	 Acc:0.3125000	 Mean_Total:0.0846221
2021-07-16 17:08:47,537 -  2440 /  6101 (40.0%):	 Total:0.1503561	 Acc:0.3125000	 Mean_Total:0.0847628
2021-07-16 17:09:12,398 -  3660 /  6101 (60.0%):	 Total:0.0463194	 Acc:0.3750000	 Mean_Total:0.0877592
2021-07-16 17:09:37,589 -  4880 /  6101 (80.0%):	 Total:0.0424619	 Acc:0.4062500	 Mean_Total:0.0921403
2021-07-16 17:10:02,075 -  6100 /  6101 (100.0%):	 Total:0.2163522	 Acc:0.1250000	 Mean_Total:0.1041955
2021-07-16 17:10:09,022 - 
===============================| start validation |===============================

2021-07-16 17:10:09,023 - 	 Total:0.0934180	 Acc:0.2468832
2021-07-16 17:10:09,026 -    ini file updated    
2021-07-16 17:10:09,026 - 
===============================|    epoch 29   |===============================

2021-07-16 17:10:09,567 -     0 /  6101 (0.0%):	 Total:0.0650038	 Acc:0.3437500	 Mean_Total:0.0650038
2021-07-16 17:10:32,642 -  1220 /  6101 (20.0%):	 Total:0.2035564	 Acc:0.2500000	 Mean_Total:0.0851061
2021-07-16 17:10:56,318 -  2440 /  6101 (40.0%):	 Total:0.1040926	 Acc:0.5000000	 Mean_Total:0.0847738
2021-07-16 17:11:20,419 -  3660 /  6101 (60.0%):	 Total:0.0741485	 Acc:0.2500000	 Mean_Total:0.0879834
2021-07-16 17:11:44,849 -  4880 /  6101 (80.0%):	 Total:0.0980384	 Acc:0.2500000	 Mean_Total:0.0920907
2021-07-16 17:12:08,135 -  6100 /  6101 (100.0%):	 Total:0.1969099	 Acc:0.1250000	 Mean_Total:0.1040348
2021-07-16 17:12:08,273 - 
===============================|    epoch 30   |===============================

2021-07-16 17:12:08,823 -     0 /  6101 (0.0%):	 Total:0.1056893	 Acc:0.1562500	 Mean_Total:0.1056893
2021-07-16 17:12:32,875 -  1220 /  6101 (20.0%):	 Total:0.0419582	 Acc:0.3125000	 Mean_Total:0.0846201
2021-07-16 17:12:57,234 -  2440 /  6101 (40.0%):	 Total:0.1914709	 Acc:0.2500000	 Mean_Total:0.0850014
2021-07-16 17:13:21,987 -  3660 /  6101 (60.0%):	 Total:0.0663618	 Acc:0.3125000	 Mean_Total:0.0874834
2021-07-16 17:13:45,045 -  4880 /  6101 (80.0%):	 Total:0.0643993	 Acc:0.3750000	 Mean_Total:0.0919043
2021-07-16 17:14:08,284 -  6100 /  6101 (100.0%):	 Total:0.2080139	 Acc:0.2187500	 Mean_Total:0.1040194
2021-07-16 17:14:15,636 - 
===============================| start validation |===============================

2021-07-16 17:14:15,637 - 	 Total:0.0875202	 Acc:0.2531578
2021-07-16 17:14:15,640 -    ini file updated    
2021-07-16 17:14:15,640 - 
===============================|    epoch 31   |===============================

2021-07-16 17:14:16,159 -     0 /  6101 (0.0%):	 Total:0.0765646	 Acc:0.3125000	 Mean_Total:0.0765646
2021-07-16 17:14:39,074 -  1220 /  6101 (20.0%):	 Total:0.0444940	 Acc:0.3750000	 Mean_Total:0.0848491
2021-07-16 17:15:02,232 -  2440 /  6101 (40.0%):	 Total:0.0464483	 Acc:0.3437500	 Mean_Total:0.0844143
2021-07-16 17:15:26,004 -  3660 /  6101 (60.0%):	 Total:0.0532433	 Acc:0.3125000	 Mean_Total:0.0871476
2021-07-16 17:15:49,558 -  4880 /  6101 (80.0%):	 Total:0.0947724	 Acc:0.3750000	 Mean_Total:0.0915333
2021-07-16 17:16:13,785 -  6100 /  6101 (100.0%):	 Total:0.1996341	 Acc:0.2187500	 Mean_Total:0.1030364
2021-07-16 17:16:13,898 - 
===============================|    epoch 32   |===============================

2021-07-16 17:16:14,404 -     0 /  6101 (0.0%):	 Total:0.1119021	 Acc:0.2812500	 Mean_Total:0.1119021
2021-07-16 17:16:39,315 -  1220 /  6101 (20.0%):	 Total:0.0513764	 Acc:0.3437500	 Mean_Total:0.0831909
2021-07-16 17:17:03,365 -  2440 /  6101 (40.0%):	 Total:0.1208043	 Acc:0.3750000	 Mean_Total:0.0832665
2021-07-16 17:17:27,333 -  3660 /  6101 (60.0%):	 Total:0.0781830	 Acc:0.3437500	 Mean_Total:0.0865586
2021-07-16 17:17:50,534 -  4880 /  6101 (80.0%):	 Total:0.1991689	 Acc:0.2812500	 Mean_Total:0.0914568
2021-07-16 17:18:13,298 -  6100 /  6101 (100.0%):	 Total:0.2063226	 Acc:0.1875000	 Mean_Total:0.1033633
2021-07-16 17:18:19,693 - 
===============================| start validation |===============================

2021-07-16 17:18:19,694 - 	 Total:0.0927014	 Acc:0.2393783
2021-07-16 17:18:19,696 -    ini file updated    
2021-07-16 17:18:19,697 - 
===============================|    epoch 33   |===============================

2021-07-16 17:18:20,192 -     0 /  6101 (0.0%):	 Total:0.0861718	 Acc:0.4062500	 Mean_Total:0.0861718
2021-07-16 17:18:43,303 -  1220 /  6101 (20.0%):	 Total:0.0382890	 Acc:0.5000000	 Mean_Total:0.0842211
2021-07-16 17:19:06,219 -  2440 /  6101 (40.0%):	 Total:0.0923815	 Acc:0.2187500	 Mean_Total:0.0843505
2021-07-16 17:19:28,542 -  3660 /  6101 (60.0%):	 Total:0.0946960	 Acc:0.2500000	 Mean_Total:0.0875953
2021-07-16 17:19:51,692 -  4880 /  6101 (80.0%):	 Total:0.1186120	 Acc:0.1562500	 Mean_Total:0.0917675
2021-07-16 17:20:14,918 -  6100 /  6101 (100.0%):	 Total:0.2350820	 Acc:0.2187500	 Mean_Total:0.1032650
2021-07-16 17:20:15,041 - 
===============================|    epoch 34   |===============================

2021-07-16 17:20:15,522 -     0 /  6101 (0.0%):	 Total:0.0888153	 Acc:0.2812500	 Mean_Total:0.0888153
2021-07-16 17:20:38,237 -  1220 /  6101 (20.0%):	 Total:0.0518834	 Acc:0.2500000	 Mean_Total:0.0840715
2021-07-16 17:21:01,425 -  2440 /  6101 (40.0%):	 Total:0.0595987	 Acc:0.2500000	 Mean_Total:0.0837989
2021-07-16 17:21:24,256 -  3660 /  6101 (60.0%):	 Total:0.1129636	 Acc:0.1875000	 Mean_Total:0.0871808
2021-07-16 17:21:45,880 -  4880 /  6101 (80.0%):	 Total:0.0845495	 Acc:0.3437500	 Mean_Total:0.0914775
2021-07-16 17:22:07,699 -  6100 /  6101 (100.0%):	 Total:0.1657438	 Acc:0.1250000	 Mean_Total:0.1032712
2021-07-16 17:22:14,101 - 
===============================| start validation |===============================

2021-07-16 17:22:14,104 - 	 Total:0.0900819	 Acc:0.2458169
2021-07-16 17:22:14,108 -    ini file updated    
2021-07-16 17:22:14,108 - 
===============================|    epoch 35   |===============================

2021-07-16 17:22:14,585 -     0 /  6101 (0.0%):	 Total:0.0619275	 Acc:0.1875000	 Mean_Total:0.0619275
2021-07-16 17:22:36,777 -  1220 /  6101 (20.0%):	 Total:0.0597470	 Acc:0.5000000	 Mean_Total:0.0831088
2021-07-16 17:22:59,252 -  2440 /  6101 (40.0%):	 Total:0.0835424	 Acc:0.3437500	 Mean_Total:0.0833194
2021-07-16 17:23:21,221 -  3660 /  6101 (60.0%):	 Total:0.1035437	 Acc:0.3750000	 Mean_Total:0.0861800
2021-07-16 17:23:43,743 -  4880 /  6101 (80.0%):	 Total:0.0497282	 Acc:0.2187500	 Mean_Total:0.0907966
2021-07-16 17:24:06,382 -  6100 /  6101 (100.0%):	 Total:0.2106950	 Acc:0.1562500	 Mean_Total:0.1025281
2021-07-16 17:24:06,487 - 
===============================|    epoch 36   |===============================

2021-07-16 17:24:06,992 -     0 /  6101 (0.0%):	 Total:0.0683297	 Acc:0.2187500	 Mean_Total:0.0683297
2021-07-16 17:24:31,004 -  1220 /  6101 (20.0%):	 Total:0.0608185	 Acc:0.3437500	 Mean_Total:0.0832825
2021-07-16 17:24:54,927 -  2440 /  6101 (40.0%):	 Total:0.1665136	 Acc:0.3437500	 Mean_Total:0.0833966
2021-07-16 17:25:18,903 -  3660 /  6101 (60.0%):	 Total:0.0607218	 Acc:0.4062500	 Mean_Total:0.0861476
2021-07-16 17:25:40,792 -  4880 /  6101 (80.0%):	 Total:0.0650396	 Acc:0.3125000	 Mean_Total:0.0905529
2021-07-16 17:26:03,383 -  6100 /  6101 (100.0%):	 Total:0.2188924	 Acc:0.2187500	 Mean_Total:0.1023135
2021-07-16 17:26:10,327 - 
===============================| start validation |===============================

2021-07-16 17:26:10,329 - 	 Total:0.0961541	 Acc:0.2336368
2021-07-16 17:26:10,332 -    ini file updated    
2021-07-16 17:26:10,332 - 
===============================|    epoch 37   |===============================

2021-07-16 17:26:10,853 -     0 /  6101 (0.0%):	 Total:0.0808502	 Acc:0.2187500	 Mean_Total:0.0808502
2021-07-16 17:26:33,415 -  1220 /  6101 (20.0%):	 Total:0.0751280	 Acc:0.3437500	 Mean_Total:0.0836285
2021-07-16 17:26:56,255 -  2440 /  6101 (40.0%):	 Total:0.1786325	 Acc:0.3437500	 Mean_Total:0.0832358
2021-07-16 17:27:18,670 -  3660 /  6101 (60.0%):	 Total:0.0472824	 Acc:0.2812500	 Mean_Total:0.0858708
2021-07-16 17:27:41,801 -  4880 /  6101 (80.0%):	 Total:0.1984126	 Acc:0.1562500	 Mean_Total:0.0900424
2021-07-16 17:28:04,803 -  6100 /  6101 (100.0%):	 Total:0.1686702	 Acc:0.2500000	 Mean_Total:0.1013878
2021-07-16 17:28:04,941 - 
===============================|    epoch 38   |===============================

2021-07-16 17:28:05,611 -     0 /  6101 (0.0%):	 Total:0.0802918	 Acc:0.1875000	 Mean_Total:0.0802918
2021-07-16 17:28:28,980 -  1220 /  6101 (20.0%):	 Total:0.0389811	 Acc:0.4062500	 Mean_Total:0.0829733
2021-07-16 17:28:53,519 -  2440 /  6101 (40.0%):	 Total:0.0569793	 Acc:0.4062500	 Mean_Total:0.0822118
2021-07-16 17:29:18,080 -  3660 /  6101 (60.0%):	 Total:0.0538657	 Acc:0.3437500	 Mean_Total:0.0851224
2021-07-16 17:29:42,127 -  4880 /  6101 (80.0%):	 Total:0.0874556	 Acc:0.3437500	 Mean_Total:0.0896763
2021-07-16 17:30:06,930 -  6100 /  6101 (100.0%):	 Total:0.1888345	 Acc:0.1875000	 Mean_Total:0.1013668
2021-07-16 17:30:14,326 - 
===============================| start validation |===============================

2021-07-16 17:30:14,328 - 	 Total:0.0926909	 Acc:0.2454068
2021-07-16 17:30:14,331 -    ini file updated    
2021-07-16 17:30:14,331 - 
===============================|    epoch 39   |===============================

2021-07-16 17:30:14,900 -     0 /  6101 (0.0%):	 Total:0.2578570	 Acc:0.2812500	 Mean_Total:0.2578570
2021-07-16 17:30:40,038 -  1220 /  6101 (20.0%):	 Total:0.0453370	 Acc:0.2812500	 Mean_Total:0.0831658
2021-07-16 17:31:05,681 -  2440 /  6101 (40.0%):	 Total:0.0911868	 Acc:0.3437500	 Mean_Total:0.0828628
2021-07-16 17:31:30,504 -  3660 /  6101 (60.0%):	 Total:0.0623494	 Acc:0.3750000	 Mean_Total:0.0860240
2021-07-16 17:31:54,479 -  4880 /  6101 (80.0%):	 Total:0.2612574	 Acc:0.2187500	 Mean_Total:0.0903719
2021-07-16 17:32:17,599 -  6100 /  6101 (100.0%):	 Total:0.1852955	 Acc:0.1562500	 Mean_Total:0.1017610
2021-07-16 17:32:17,732 - 
===============================|    epoch 40   |===============================

2021-07-16 17:32:18,250 -     0 /  6101 (0.0%):	 Total:0.0798944	 Acc:0.3437500	 Mean_Total:0.0798944
2021-07-16 17:32:40,723 -  1220 /  6101 (20.0%):	 Total:0.0546197	 Acc:0.4062500	 Mean_Total:0.0829530
2021-07-16 17:33:02,392 -  2440 /  6101 (40.0%):	 Total:0.0548212	 Acc:0.2812500	 Mean_Total:0.0827522
2021-07-16 17:33:26,341 -  3660 /  6101 (60.0%):	 Total:0.1203921	 Acc:0.2500000	 Mean_Total:0.0855951
2021-07-16 17:33:50,032 -  4880 /  6101 (80.0%):	 Total:0.2202126	 Acc:0.2812500	 Mean_Total:0.0898263
2021-07-16 17:34:12,937 -  6100 /  6101 (100.0%):	 Total:0.1808174	 Acc:0.1250000	 Mean_Total:0.1012340
2021-07-16 17:34:20,261 - 
===============================| start validation |===============================

2021-07-16 17:34:20,263 - 	 Total:0.0911024	 Acc:0.2421260
2021-07-16 17:34:20,266 -    ini file updated    
2021-07-16 17:34:20,266 - 
===============================|    epoch 41   |===============================

2021-07-16 17:34:20,816 -     0 /  6101 (0.0%):	 Total:0.0493448	 Acc:0.3125000	 Mean_Total:0.0493448
2021-07-16 17:34:45,343 -  1220 /  6101 (20.0%):	 Total:0.1054606	 Acc:0.3125000	 Mean_Total:0.0811702
2021-07-16 17:35:07,788 -  2440 /  6101 (40.0%):	 Total:0.0400884	 Acc:0.3437500	 Mean_Total:0.0813257
2021-07-16 17:35:29,714 -  3660 /  6101 (60.0%):	 Total:0.2570059	 Acc:0.3125000	 Mean_Total:0.0844199
2021-07-16 17:35:53,390 -  4880 /  6101 (80.0%):	 Total:0.1562091	 Acc:0.3125000	 Mean_Total:0.0890089
2021-07-16 17:36:18,065 -  6100 /  6101 (100.0%):	 Total:0.1790785	 Acc:0.1875000	 Mean_Total:0.1006217
2021-07-16 17:36:18,172 - 
===============================|    epoch 42   |===============================

2021-07-16 17:36:18,684 -     0 /  6101 (0.0%):	 Total:0.1188921	 Acc:0.1562500	 Mean_Total:0.1188921
2021-07-16 17:36:42,400 -  1220 /  6101 (20.0%):	 Total:0.2102437	 Acc:0.2500000	 Mean_Total:0.0817248
2021-07-16 17:37:06,744 -  2440 /  6101 (40.0%):	 Total:0.0805399	 Acc:0.2500000	 Mean_Total:0.0817052
2021-07-16 17:37:30,778 -  3660 /  6101 (60.0%):	 Total:0.1221964	 Acc:0.1562500	 Mean_Total:0.0849565
2021-07-16 17:37:54,569 -  4880 /  6101 (80.0%):	 Total:0.0757326	 Acc:0.1875000	 Mean_Total:0.0892413
2021-07-16 17:38:17,631 -  6100 /  6101 (100.0%):	 Total:0.1539178	 Acc:0.2187500	 Mean_Total:0.1007828
2021-07-16 17:38:24,557 - 
===============================| start validation |===============================

2021-07-16 17:38:24,558 - 	 Total:0.0895862	 Acc:0.2480315
2021-07-16 17:38:24,562 -    ini file updated    
2021-07-16 17:38:24,562 - 
===============================|    epoch 43   |===============================

2021-07-16 17:38:25,091 -     0 /  6101 (0.0%):	 Total:0.0625554	 Acc:0.3125000	 Mean_Total:0.0625554
2021-07-16 17:38:47,748 -  1220 /  6101 (20.0%):	 Total:0.0439533	 Acc:0.3750000	 Mean_Total:0.0816433
2021-07-16 17:39:10,369 -  2440 /  6101 (40.0%):	 Total:0.0654005	 Acc:0.3437500	 Mean_Total:0.0810236
2021-07-16 17:39:33,184 -  3660 /  6101 (60.0%):	 Total:0.0514176	 Acc:0.2812500	 Mean_Total:0.0843278
2021-07-16 17:39:55,739 -  4880 /  6101 (80.0%):	 Total:0.0779922	 Acc:0.3125000	 Mean_Total:0.0887112
2021-07-16 17:40:18,728 -  6100 /  6101 (100.0%):	 Total:0.1671899	 Acc:0.1875000	 Mean_Total:0.1003668
2021-07-16 17:40:18,836 - 
===============================|    epoch 44   |===============================

2021-07-16 17:40:19,335 -     0 /  6101 (0.0%):	 Total:0.2148302	 Acc:0.2187500	 Mean_Total:0.2148302
2021-07-16 17:40:43,012 -  1220 /  6101 (20.0%):	 Total:0.0625552	 Acc:0.3437500	 Mean_Total:0.0806895
2021-07-16 17:41:07,832 -  2440 /  6101 (40.0%):	 Total:0.0570249	 Acc:0.4687500	 Mean_Total:0.0810395
2021-07-16 17:41:33,007 -  3660 /  6101 (60.0%):	 Total:0.1688588	 Acc:0.2812500	 Mean_Total:0.0839445
2021-07-16 17:41:57,466 -  4880 /  6101 (80.0%):	 Total:0.0830115	 Acc:0.3750000	 Mean_Total:0.0882955
2021-07-16 17:42:22,042 -  6100 /  6101 (100.0%):	 Total:0.1857052	 Acc:0.2500000	 Mean_Total:0.0997912
2021-07-16 17:42:28,996 - 
===============================| start validation |===============================

2021-07-16 17:42:28,997 - 	 Total:0.0905915	 Acc:0.2486877
2021-07-16 17:42:28,999 -    ini file updated    
2021-07-16 17:42:28,999 - 
===============================|    epoch 45   |===============================

2021-07-16 17:42:29,490 -     0 /  6101 (0.0%):	 Total:0.1789285	 Acc:0.1250000	 Mean_Total:0.1789285
2021-07-16 17:42:53,256 -  1220 /  6101 (20.0%):	 Total:0.2274059	 Acc:0.4062500	 Mean_Total:0.0808668
2021-07-16 17:43:16,411 -  2440 /  6101 (40.0%):	 Total:0.1042432	 Acc:0.2500000	 Mean_Total:0.0810565
2021-07-16 17:43:40,117 -  3660 /  6101 (60.0%):	 Total:0.0510676	 Acc:0.3750000	 Mean_Total:0.0838089
2021-07-16 17:44:03,430 -  4880 /  6101 (80.0%):	 Total:0.1000063	 Acc:0.2812500	 Mean_Total:0.0884076
2021-07-16 17:44:26,917 -  6100 /  6101 (100.0%):	 Total:0.1693300	 Acc:0.1250000	 Mean_Total:0.1000641
2021-07-16 17:44:27,045 - 
===============================|    epoch 46   |===============================

2021-07-16 17:44:27,565 -     0 /  6101 (0.0%):	 Total:0.0775170	 Acc:0.0937500	 Mean_Total:0.0775170
2021-07-16 17:44:50,720 -  1220 /  6101 (20.0%):	 Total:0.0502415	 Acc:0.4375000	 Mean_Total:0.0817392
2021-07-16 17:45:14,574 -  2440 /  6101 (40.0%):	 Total:0.0497463	 Acc:0.3750000	 Mean_Total:0.0810687
2021-07-16 17:45:39,549 -  3660 /  6101 (60.0%):	 Total:0.0673299	 Acc:0.3437500	 Mean_Total:0.0835631
2021-07-16 17:46:03,905 -  4880 /  6101 (80.0%):	 Total:0.0738562	 Acc:0.2500000	 Mean_Total:0.0882796
2021-07-16 17:46:26,499 -  6100 /  6101 (100.0%):	 Total:0.1960406	 Acc:0.2187500	 Mean_Total:0.0997934
2021-07-16 17:46:33,871 - 
===============================| start validation |===============================

2021-07-16 17:46:33,872 - 	 Total:0.0914184	 Acc:0.2398294
2021-07-16 17:46:33,875 -    ini file updated    
2021-07-16 17:46:33,875 - 
===============================|    epoch 47   |===============================

2021-07-16 17:46:34,352 -     0 /  6101 (0.0%):	 Total:0.1293596	 Acc:0.1875000	 Mean_Total:0.1293596
2021-07-16 17:46:58,609 -  1220 /  6101 (20.0%):	 Total:0.0547315	 Acc:0.3125000	 Mean_Total:0.0814021
2021-07-16 17:47:22,259 -  2440 /  6101 (40.0%):	 Total:0.0434058	 Acc:0.2500000	 Mean_Total:0.0812368
2021-07-16 17:47:44,891 -  3660 /  6101 (60.0%):	 Total:0.0881700	 Acc:0.2500000	 Mean_Total:0.0841148
2021-07-16 17:48:07,389 -  4880 /  6101 (80.0%):	 Total:0.1026881	 Acc:0.2812500	 Mean_Total:0.0884164
2021-07-16 17:48:29,872 -  6100 /  6101 (100.0%):	 Total:0.1872221	 Acc:0.1250000	 Mean_Total:0.0999951
2021-07-16 17:48:29,998 - 
===============================|    epoch 48   |===============================

2021-07-16 17:48:30,533 -     0 /  6101 (0.0%):	 Total:0.1303723	 Acc:0.1250000	 Mean_Total:0.1303723
2021-07-16 17:48:54,929 -  1220 /  6101 (20.0%):	 Total:0.1002391	 Acc:0.2812500	 Mean_Total:0.0806124
2021-07-16 17:49:19,018 -  2440 /  6101 (40.0%):	 Total:0.1297556	 Acc:0.4375000	 Mean_Total:0.0806172
2021-07-16 17:49:41,362 -  3660 /  6101 (60.0%):	 Total:0.0673358	 Acc:0.4062500	 Mean_Total:0.0830254
2021-07-16 17:50:03,737 -  4880 /  6101 (80.0%):	 Total:0.0423000	 Acc:0.3437500	 Mean_Total:0.0876376
2021-07-16 17:50:26,739 -  6100 /  6101 (100.0%):	 Total:0.2119189	 Acc:0.1875000	 Mean_Total:0.0992145
2021-07-16 17:50:33,408 - 
===============================| start validation |===============================

2021-07-16 17:50:33,409 - 	 Total:0.0978627	 Acc:0.2325295
2021-07-16 17:50:33,411 -    ini file updated    
2021-07-16 17:50:33,412 - 
===============================|    epoch 49   |===============================

2021-07-16 17:50:33,899 -     0 /  6101 (0.0%):	 Total:0.0896931	 Acc:0.2500000	 Mean_Total:0.0896931
2021-07-16 17:50:56,028 -  1220 /  6101 (20.0%):	 Total:0.0600306	 Acc:0.2812500	 Mean_Total:0.0807144
2021-07-16 17:51:19,266 -  2440 /  6101 (40.0%):	 Total:0.1397371	 Acc:0.4687500	 Mean_Total:0.0804539
2021-07-16 17:51:42,989 -  3660 /  6101 (60.0%):	 Total:0.0879401	 Acc:0.1875000	 Mean_Total:0.0833095
2021-07-16 17:52:06,810 -  4880 /  6101 (80.0%):	 Total:0.0870023	 Acc:0.3437500	 Mean_Total:0.0877372
2021-07-16 17:52:31,773 -  6100 /  6101 (100.0%):	 Total:0.2359291	 Acc:0.2187500	 Mean_Total:0.0992763
2021-07-16 17:52:31,932 - 
===============================|    epoch 50   |===============================

2021-07-16 17:52:32,577 -     0 /  6101 (0.0%):	 Total:0.2343144	 Acc:0.2187500	 Mean_Total:0.2343144
2021-07-16 17:52:56,694 -  1220 /  6101 (20.0%):	 Total:0.0477123	 Acc:0.4687500	 Mean_Total:0.0802475
2021-07-16 17:53:19,288 -  2440 /  6101 (40.0%):	 Total:0.0697753	 Acc:0.3437500	 Mean_Total:0.0802602
2021-07-16 17:53:41,618 -  3660 /  6101 (60.0%):	 Total:0.0531417	 Acc:0.3125000	 Mean_Total:0.0831173
2021-07-16 17:54:04,428 -  4880 /  6101 (80.0%):	 Total:0.0730028	 Acc:0.1562500	 Mean_Total:0.0874410
2021-07-16 17:54:27,375 -  6100 /  6101 (100.0%):	 Total:0.1772011	 Acc:0.1562500	 Mean_Total:0.0987053
2021-07-16 17:54:34,588 - 
===============================| start validation |===============================

2021-07-16 17:54:34,589 - 	 Total:0.0871515	 Acc:0.2560285
2021-07-16 17:54:34,592 -    ini file updated    
2021-07-16 17:54:34,592 - 
===============================|    epoch 51   |===============================

2021-07-16 17:54:35,072 -     0 /  6101 (0.0%):	 Total:0.0836506	 Acc:0.2500000	 Mean_Total:0.0836506
2021-07-16 17:54:57,202 -  1220 /  6101 (20.0%):	 Total:0.0263704	 Acc:0.5000000	 Mean_Total:0.0794940
2021-07-16 17:55:19,409 -  2440 /  6101 (40.0%):	 Total:0.1233498	 Acc:0.4687500	 Mean_Total:0.0801929
2021-07-16 17:55:42,013 -  3660 /  6101 (60.0%):	 Total:0.0489450	 Acc:0.2500000	 Mean_Total:0.0832585
2021-07-16 17:56:04,185 -  4880 /  6101 (80.0%):	 Total:0.0509829	 Acc:0.3125000	 Mean_Total:0.0874484
2021-07-16 17:56:26,568 -  6100 /  6101 (100.0%):	 Total:0.1911146	 Acc:0.0937500	 Mean_Total:0.0988860
2021-07-16 17:56:26,683 - 
===============================|    epoch 52   |===============================

2021-07-16 17:56:27,221 -     0 /  6101 (0.0%):	 Total:0.0900530	 Acc:0.2187500	 Mean_Total:0.0900530
2021-07-16 17:56:50,653 -  1220 /  6101 (20.0%):	 Total:0.0598285	 Acc:0.3437500	 Mean_Total:0.0800471
2021-07-16 17:57:14,210 -  2440 /  6101 (40.0%):	 Total:0.0342112	 Acc:0.5000000	 Mean_Total:0.0801312
2021-07-16 17:57:37,693 -  3660 /  6101 (60.0%):	 Total:0.0821133	 Acc:0.3125000	 Mean_Total:0.0828201
2021-07-16 17:58:00,651 -  4880 /  6101 (80.0%):	 Total:0.1171446	 Acc:0.2500000	 Mean_Total:0.0871922
2021-07-16 17:58:23,379 -  6100 /  6101 (100.0%):	 Total:0.2195903	 Acc:0.1875000	 Mean_Total:0.0986597
2021-07-16 17:58:30,127 - 
===============================| start validation |===============================

2021-07-16 17:58:30,128 - 	 Total:0.1059260	 Acc:0.2159613
2021-07-16 17:58:30,130 -    ini file updated    
2021-07-16 17:58:30,130 - 
===============================|    epoch 53   |===============================

2021-07-16 17:58:30,662 -     0 /  6101 (0.0%):	 Total:0.0984424	 Acc:0.0625000	 Mean_Total:0.0984424
2021-07-16 17:58:54,383 -  1220 /  6101 (20.0%):	 Total:0.0400147	 Acc:0.3750000	 Mean_Total:0.0799711
2021-07-16 17:59:17,547 -  2440 /  6101 (40.0%):	 Total:0.0599653	 Acc:0.3125000	 Mean_Total:0.0802560
2021-07-16 17:59:40,392 -  3660 /  6101 (60.0%):	 Total:0.1374138	 Acc:0.1875000	 Mean_Total:0.0830109
2021-07-16 18:00:02,877 -  4880 /  6101 (80.0%):	 Total:0.1312182	 Acc:0.2187500	 Mean_Total:0.0871507
2021-07-16 18:00:25,250 -  6100 /  6101 (100.0%):	 Total:0.1525314	 Acc:0.1875000	 Mean_Total:0.0986703
2021-07-16 18:00:25,367 - 
===============================|    epoch 54   |===============================

2021-07-16 18:00:25,888 -     0 /  6101 (0.0%):	 Total:0.2328720	 Acc:0.1562500	 Mean_Total:0.2328720
2021-07-16 18:00:47,578 -  1220 /  6101 (20.0%):	 Total:0.0481965	 Acc:0.4062500	 Mean_Total:0.0794424
2021-07-16 18:01:08,665 -  2440 /  6101 (40.0%):	 Total:0.0679896	 Acc:0.4062500	 Mean_Total:0.0793093
2021-07-16 18:01:30,714 -  3660 /  6101 (60.0%):	 Total:0.1077001	 Acc:0.2187500	 Mean_Total:0.0822058
2021-07-16 18:01:53,707 -  4880 /  6101 (80.0%):	 Total:0.0634869	 Acc:0.1562500	 Mean_Total:0.0866594
2021-07-16 18:02:16,325 -  6100 /  6101 (100.0%):	 Total:0.1741998	 Acc:0.2187500	 Mean_Total:0.0984575
2021-07-16 18:02:23,380 - 
===============================| start validation |===============================

2021-07-16 18:02:23,381 - 	 Total:0.0998253	 Acc:0.2235892
2021-07-16 18:02:23,383 -    ini file updated    
2021-07-16 18:02:23,384 - 
===============================|    epoch 55   |===============================

2021-07-16 18:02:23,850 -     0 /  6101 (0.0%):	 Total:0.1106542	 Acc:0.3125000	 Mean_Total:0.1106542
2021-07-16 18:02:46,756 -  1220 /  6101 (20.0%):	 Total:0.0284426	 Acc:0.5625000	 Mean_Total:0.0808205
2021-07-16 18:03:09,974 -  2440 /  6101 (40.0%):	 Total:0.0586692	 Acc:0.1875000	 Mean_Total:0.0810252
2021-07-16 18:03:32,884 -  3660 /  6101 (60.0%):	 Total:0.0553071	 Acc:0.3437500	 Mean_Total:0.0835608
2021-07-16 18:03:56,048 -  4880 /  6101 (80.0%):	 Total:0.0896435	 Acc:0.2500000	 Mean_Total:0.0878489
2021-07-16 18:04:20,031 -  6100 /  6101 (100.0%):	 Total:0.1654147	 Acc:0.1562500	 Mean_Total:0.0989256
2021-07-16 18:04:20,167 - 
===============================|    epoch 56   |===============================

2021-07-16 18:04:20,744 -     0 /  6101 (0.0%):	 Total:0.0737823	 Acc:0.2812500	 Mean_Total:0.0737823
2021-07-16 18:04:45,397 -  1220 /  6101 (20.0%):	 Total:0.0733741	 Acc:0.2500000	 Mean_Total:0.0812044
2021-07-16 18:05:10,551 -  2440 /  6101 (40.0%):	 Total:0.0449153	 Acc:0.4062500	 Mean_Total:0.0801887
2021-07-16 18:05:34,905 -  3660 /  6101 (60.0%):	 Total:0.1034641	 Acc:0.3750000	 Mean_Total:0.0832339
2021-07-16 18:05:58,003 -  4880 /  6101 (80.0%):	 Total:0.0519321	 Acc:0.4062500	 Mean_Total:0.0873182
2021-07-16 18:06:21,850 -  6100 /  6101 (100.0%):	 Total:0.1890392	 Acc:0.2187500	 Mean_Total:0.0984986
2021-07-16 18:06:28,836 - 
===============================| start validation |===============================

2021-07-16 18:06:28,837 - 	 Total:0.0983668	 Acc:0.2349491
2021-07-16 18:06:28,840 -    ini file updated    
2021-07-16 18:06:28,840 - 
===============================|    epoch 57   |===============================

2021-07-16 18:06:29,447 -     0 /  6101 (0.0%):	 Total:0.0934793	 Acc:0.3437500	 Mean_Total:0.0934793
2021-07-16 18:06:52,037 -  1220 /  6101 (20.0%):	 Total:0.0408953	 Acc:0.3437500	 Mean_Total:0.0800652
2021-07-16 18:07:14,075 -  2440 /  6101 (40.0%):	 Total:0.0509805	 Acc:0.3750000	 Mean_Total:0.0794963
2021-07-16 18:07:36,435 -  3660 /  6101 (60.0%):	 Total:0.2667502	 Acc:0.3125000	 Mean_Total:0.0826250
2021-07-16 18:07:58,901 -  4880 /  6101 (80.0%):	 Total:0.1163184	 Acc:0.3437500	 Mean_Total:0.0870777
2021-07-16 18:08:20,247 -  6100 /  6101 (100.0%):	 Total:0.1817991	 Acc:0.2500000	 Mean_Total:0.0984085
2021-07-16 18:08:20,385 - 
===============================|    epoch 58   |===============================

2021-07-16 18:08:20,999 -     0 /  6101 (0.0%):	 Total:0.0785848	 Acc:0.2812500	 Mean_Total:0.0785848
2021-07-16 18:08:42,442 -  1220 /  6101 (20.0%):	 Total:0.0419690	 Acc:0.2500000	 Mean_Total:0.0794036
2021-07-16 18:09:03,554 -  2440 /  6101 (40.0%):	 Total:0.0595793	 Acc:0.2500000	 Mean_Total:0.0795390
2021-07-16 18:09:24,292 -  3660 /  6101 (60.0%):	 Total:0.0824568	 Acc:0.1875000	 Mean_Total:0.0822244
2021-07-16 18:09:45,463 -  4880 /  6101 (80.0%):	 Total:0.0373106	 Acc:0.4062500	 Mean_Total:0.0865856
2021-07-16 18:10:06,493 -  6100 /  6101 (100.0%):	 Total:0.1596005	 Acc:0.1562500	 Mean_Total:0.0978726
2021-07-16 18:10:13,166 - 
===============================| start validation |===============================

2021-07-16 18:10:13,167 - 	 Total:0.0951813	 Acc:0.2333087
2021-07-16 18:10:13,171 -    ini file updated    
2021-07-16 18:10:13,171 - 
===============================|    epoch 59   |===============================

2021-07-16 18:10:13,751 -     0 /  6101 (0.0%):	 Total:0.0908002	 Acc:0.2500000	 Mean_Total:0.0908002
2021-07-16 18:10:35,078 -  1220 /  6101 (20.0%):	 Total:0.0388420	 Acc:0.3437500	 Mean_Total:0.0790924
2021-07-16 18:10:56,706 -  2440 /  6101 (40.0%):	 Total:0.1973973	 Acc:0.2812500	 Mean_Total:0.0793622
2021-07-16 18:11:18,825 -  3660 /  6101 (60.0%):	 Total:0.0391877	 Acc:0.2812500	 Mean_Total:0.0819686
2021-07-16 18:11:40,146 -  4880 /  6101 (80.0%):	 Total:0.0675601	 Acc:0.4062500	 Mean_Total:0.0866378
2021-07-16 18:12:01,381 -  6100 /  6101 (100.0%):	 Total:0.1749849	 Acc:0.1250000	 Mean_Total:0.0980410
2021-07-16 18:12:01,527 - 
===============================|    epoch 60   |===============================

2021-07-16 18:12:02,110 -     0 /  6101 (0.0%):	 Total:0.1144211	 Acc:0.1562500	 Mean_Total:0.1144211
2021-07-16 18:12:24,166 -  1220 /  6101 (20.0%):	 Total:0.0761270	 Acc:0.2187500	 Mean_Total:0.0792258
2021-07-16 18:12:46,399 -  2440 /  6101 (40.0%):	 Total:0.0344685	 Acc:0.4375000	 Mean_Total:0.0789784
2021-07-16 18:13:08,010 -  3660 /  6101 (60.0%):	 Total:0.0417111	 Acc:0.3750000	 Mean_Total:0.0820885
2021-07-16 18:13:30,281 -  4880 /  6101 (80.0%):	 Total:0.0433244	 Acc:0.4375000	 Mean_Total:0.0865626
2021-07-16 18:13:52,909 -  6100 /  6101 (100.0%):	 Total:0.1651823	 Acc:0.3125000	 Mean_Total:0.0978082
2021-07-16 18:13:59,639 - 
===============================| start validation |===============================

2021-07-16 18:13:59,640 - 	 Total:0.0929886	 Acc:0.2416749
2021-07-16 18:13:59,643 -    ini file updated    
2021-07-19 16:36:53,192 -  	 	 ==============<<<  Experiment detected  >>>============== 	 	 

2021-07-19 16:37:00,468 -  	 	 ========================================================= 	 	 
2021-07-19 16:37:00,468 -  	 	 ==============<<< Resume from checkpoint>>>============== 	 	 

2021-07-19 16:37:00,468 -  	/data/users/wergillius/UTR_VAE/pth/RL_gru_MTL/ds4rl_unmod1/unmo1_d0_5-model_best.pth

2021-07-19 16:37:00,468 -  	 	 ========================================================= 	 	 

2021-07-19 16:37:00,469 - 
===============================|    epoch 23   |===============================

2021-07-19 16:37:06,135 -     0 /  6101 (0.0%):	 Total:0.0705881	 Acc:0.2500000	 Mean_Total:0.0705881
2021-07-19 16:37:33,681 -  1220 /  6101 (20.0%):	 Total:0.0418210	 Acc:0.4687500	 Mean_Total:0.0873622
2021-07-19 16:37:59,711 -  2440 /  6101 (40.0%):	 Total:0.0439568	 Acc:0.4375000	 Mean_Total:0.0873119
2021-07-19 16:38:26,084 -  3660 /  6101 (60.0%):	 Total:0.1833629	 Acc:0.3750000	 Mean_Total:0.0905092
2021-07-19 16:38:52,953 -  4880 /  6101 (80.0%):	 Total:0.1505376	 Acc:0.3125000	 Mean_Total:0.0950365
2021-07-19 16:39:19,836 -  6100 /  6101 (100.0%):	 Total:0.2588916	 Acc:0.1875000	 Mean_Total:0.1067282
2021-07-19 16:39:19,944 - 
===============================|    epoch 24   |===============================

2021-07-19 16:39:20,421 -     0 /  6101 (0.0%):	 Total:0.0945054	 Acc:0.3437500	 Mean_Total:0.0945054
2021-07-19 16:39:45,852 -  1220 /  6101 (20.0%):	 Total:0.0755954	 Acc:0.2187500	 Mean_Total:0.0876886
