2021-09-10 14:45:15,944 -   	 	 ==============<<< device used: cuda:1  >>>============== 	 	 
2021-09-10 14:45:28,798 - ===============================|    epoch 0   |===============================
2021-09-10 14:45:30,032 -     0 / 11569 (000%):	 Total:36.3613129	 Acc:0.0000000	 lr:0.0009882	 Mean_Total:36.3613129
2021-09-10 14:47:40,314 -  2313 / 11569 (019%):	 Total:0.5766768	 Acc:0.0625000	 lr:0.0018374	 Mean_Total:1.8432059
2021-09-10 14:49:47,740 -  4626 / 11569 (039%):	 Total:0.7289492	 Acc:0.0312500	 lr:0.0012994	 Mean_Total:1.5774665
2021-09-10 14:51:56,417 -  6939 / 11569 (059%):	 Total:0.7993473	 Acc:0.0625000	 lr:0.0010610	 Mean_Total:1.4534997
2021-09-10 14:54:06,532 -  9252 / 11569 (079%):	 Total:0.8602223	 Acc:0.0625000	 lr:0.0009189	 Mean_Total:1.3740555
2021-09-10 14:56:32,759 - 11565 / 11569 (099%):	 Total:1.1565191	 Acc:0.1250000	 lr:0.0008219	 Mean_Total:1.3140481
2021-09-10 14:56:33,145 - ===============================| start validation |===============================
2021-09-10 14:57:07,778 - 	 Total:0.9979580	 Acc:0.0974044
2021-09-10 14:57:07,784 -    ini file updated    
2021-09-10 14:57:07,802 - Snapshot saved to /data/users/wergillius/UTR_VAE/pth/RL_gru_MTL/mixing_task_kfold/schedual_lr-model_best_cv6.pth

2021-09-10 14:57:07,803 -    ini file updated    
2021-09-10 14:57:07,804 - ===============================|    epoch 1   |===============================
2021-09-10 14:57:08,803 -     0 / 11569 (000%):	 Total:1.0482688	 Acc:0.0312500	 lr:0.0008217	 Mean_Total:1.0482688
2021-09-10 14:59:29,840 -  2313 / 11569 (019%):	 Total:0.9836144	 Acc:0.0937500	 lr:0.0007502	 Mean_Total:1.0172456
2021-09-10 15:01:48,888 -  4626 / 11569 (039%):	 Total:0.3304453	 Acc:0.0625000	 lr:0.0006945	 Mean_Total:0.9561785
2021-09-10 15:04:09,189 -  6939 / 11569 (059%):	 Total:0.4892434	 Acc:0.1250000	 lr:0.0006497	 Mean_Total:0.9003754
2021-09-10 15:06:27,368 -  9252 / 11569 (079%):	 Total:0.7300335	 Acc:0.1562500	 lr:0.0006125	 Mean_Total:0.8609540
2021-09-10 15:08:52,123 - 11565 / 11569 (099%):	 Total:0.6120793	 Acc:0.0937500	 lr:0.0005811	 Mean_Total:0.8281926
2021-09-10 15:08:52,465 - ===============================| start validation |===============================
2021-09-10 15:09:24,902 - 	 Total:0.6039757	 Acc:0.1354341
2021-09-10 15:09:24,907 -    ini file updated    
2021-09-10 15:09:24,925 - Snapshot saved to /data/users/wergillius/UTR_VAE/pth/RL_gru_MTL/mixing_task_kfold/schedual_lr-model_best_cv6.pth

2021-09-10 15:09:24,926 -    ini file updated    
2021-09-10 15:09:24,926 - ===============================|    epoch 2   |===============================
2021-09-10 15:09:25,801 -     0 / 11569 (000%):	 Total:0.7019933	 Acc:0.0625000	 lr:0.0005811	 Mean_Total:0.7019933
2021-09-10 15:11:54,105 -  2313 / 11569 (019%):	 Total:0.5302672	 Acc:0.0625000	 lr:0.0005540	 Mean_Total:0.6529212
2021-09-10 15:14:16,578 -  4626 / 11569 (039%):	 Total:0.5310727	 Acc:0.1250000	 lr:0.0005305	 Mean_Total:0.6388866
2021-09-10 15:16:39,104 -  6939 / 11569 (059%):	 Total:1.0327698	 Acc:0.0937500	 lr:0.0005096	 Mean_Total:0.6267916
2021-09-10 15:19:01,304 -  9252 / 11569 (079%):	 Total:0.3289725	 Acc:0.0625000	 lr:0.0004911	 Mean_Total:0.6135600
2021-09-10 15:21:27,111 - 11565 / 11569 (099%):	 Total:0.2818995	 Acc:0.0937500	 lr:0.0004745	 Mean_Total:0.6023892
2021-09-10 15:21:27,474 - ===============================| start validation |===============================
2021-09-10 15:22:01,980 - 	 Total:0.4983802	 Acc:0.1273066
2021-09-10 15:22:01,986 -    ini file updated    
2021-09-10 15:22:02,013 - Snapshot saved to /data/users/wergillius/UTR_VAE/pth/RL_gru_MTL/mixing_task_kfold/schedual_lr-model_best_cv6.pth

2021-09-10 15:22:02,014 -    ini file updated    
2021-09-10 15:22:02,014 - ===============================|    epoch 3   |===============================
2021-09-10 15:22:02,945 -     0 / 11569 (000%):	 Total:0.4479166	 Acc:0.1562500	 lr:0.0004744	 Mean_Total:0.4479166
2021-09-10 15:24:30,795 -  2313 / 11569 (019%):	 Total:0.2191894	 Acc:0.2187500	 lr:0.0004594	 Mean_Total:0.5460434
2021-09-10 15:26:59,661 -  4626 / 11569 (039%):	 Total:0.7594990	 Acc:0.0937500	 lr:0.0004457	 Mean_Total:0.5420075
2021-09-10 15:29:27,838 -  6939 / 11569 (059%):	 Total:0.5128649	 Acc:0.1250000	 lr:0.0004331	 Mean_Total:0.5364945
2021-09-10 15:32:02,700 -  9252 / 11569 (079%):	 Total:0.9927657	 Acc:0.0625000	 lr:0.0004216	 Mean_Total:0.5314765
2021-09-10 15:34:45,484 - 11565 / 11569 (099%):	 Total:0.4946615	 Acc:0.2500000	 lr:0.0004109	 Mean_Total:0.5291443
2021-09-10 15:34:45,830 - ===============================| start validation |===============================
2021-09-10 15:35:22,237 - 	 Total:0.4631881	 Acc:0.1468197
2021-09-10 15:35:22,240 -    ini file updated    
2021-09-10 15:35:22,276 - Snapshot saved to /data/users/wergillius/UTR_VAE/pth/RL_gru_MTL/mixing_task_kfold/schedual_lr-model_best_cv6.pth

2021-09-10 15:35:22,278 -    ini file updated    
2021-09-10 15:35:22,278 - ===============================|    epoch 4   |===============================
2021-09-10 15:35:23,119 -     0 / 11569 (000%):	 Total:0.4411919	 Acc:0.1875000	 lr:0.0004109	 Mean_Total:0.4411919
2021-09-10 15:37:54,288 -  2313 / 11569 (019%):	 Total:0.4400086	 Acc:0.1250000	 lr:0.0004010	 Mean_Total:0.5142382
2021-09-10 15:40:25,579 -  4626 / 11569 (039%):	 Total:0.3334932	 Acc:0.1875000	 lr:0.0003918	 Mean_Total:0.5108347
2021-09-10 15:42:57,061 -  6939 / 11569 (059%):	 Total:0.3353628	 Acc:0.0625000	 lr:0.0003832	 Mean_Total:0.5091431
2021-09-10 15:45:26,929 -  9252 / 11569 (079%):	 Total:0.4421453	 Acc:0.1250000	 lr:0.0003751	 Mean_Total:0.5058064
2021-09-10 15:47:56,303 - 11565 / 11569 (099%):	 Total:0.3120956	 Acc:0.1250000	 lr:0.0003675	 Mean_Total:0.5018851
2021-09-10 15:47:56,701 - ===============================| start validation |===============================
2021-09-10 15:48:33,630 - 	 Total:0.4447369	 Acc:0.1508404
2021-09-10 15:48:33,635 -    ini file updated    
2021-09-10 15:48:33,655 - Snapshot saved to /data/users/wergillius/UTR_VAE/pth/RL_gru_MTL/mixing_task_kfold/schedual_lr-model_best_cv6.pth

2021-09-10 15:48:33,655 -    ini file updated    
2021-09-10 15:48:33,656 - ===============================|    epoch 5   |===============================
2021-09-10 15:48:34,718 -     0 / 11569 (000%):	 Total:0.2715432	 Acc:0.3750000	 lr:0.0003675	 Mean_Total:0.2715432
2021-09-10 15:51:02,573 -  2313 / 11569 (019%):	 Total:0.4544499	 Acc:0.1562500	 lr:0.0003604	 Mean_Total:0.4797324
2021-09-10 15:53:28,466 -  4626 / 11569 (039%):	 Total:0.3173630	 Acc:0.1875000	 lr:0.0003536	 Mean_Total:0.4850858
2021-09-10 15:55:54,531 -  6939 / 11569 (059%):	 Total:1.2282137	 Acc:0.1875000	 lr:0.0003473	 Mean_Total:0.4861184
2021-09-10 15:58:20,431 -  9252 / 11569 (079%):	 Total:0.3334174	 Acc:0.1250000	 lr:0.0003412	 Mean_Total:0.4852611
2021-09-10 16:00:43,455 - 11565 / 11569 (099%):	 Total:0.8838377	 Acc:0.0937500	 lr:0.0003355	 Mean_Total:0.4836586
2021-09-10 16:00:43,866 - ===============================| start validation |===============================
2021-09-10 16:01:18,600 - 	 Total:0.4328613	 Acc:0.1496852
2021-09-10 16:01:18,604 -    ini file updated    
2021-09-10 16:01:18,620 - Snapshot saved to /data/users/wergillius/UTR_VAE/pth/RL_gru_MTL/mixing_task_kfold/schedual_lr-model_best_cv6.pth

2021-09-10 16:01:18,621 -    ini file updated    
2021-09-10 16:01:18,621 - ===============================|    epoch 6   |===============================
2021-09-10 16:01:19,470 -     0 / 11569 (000%):	 Total:0.7022717	 Acc:0.1562500	 lr:0.0003355	 Mean_Total:0.7022717
2021-09-10 16:03:45,287 -  2313 / 11569 (019%):	 Total:0.1440918	 Acc:0.2187500	 lr:0.0003300	 Mean_Total:0.4700597
2021-09-10 16:06:08,860 -  4626 / 11569 (039%):	 Total:0.7487924	 Acc:0.1875000	 lr:0.0003248	 Mean_Total:0.4691527
2021-09-10 16:08:32,423 -  6939 / 11569 (059%):	 Total:0.4082557	 Acc:0.1875000	 lr:0.0003199	 Mean_Total:0.4701335
2021-09-10 16:10:55,819 -  9252 / 11569 (079%):	 Total:0.4066619	 Acc:0.0625000	 lr:0.0003151	 Mean_Total:0.4707638
2021-09-10 16:13:18,211 - 11565 / 11569 (099%):	 Total:0.3507530	 Acc:0.2187500	 lr:0.0003106	 Mean_Total:0.4706273
2021-09-10 16:13:18,595 - ===============================| start validation |===============================
2021-09-10 16:13:52,796 - 	 Total:0.4236999	 Acc:0.1461262
2021-09-10 16:13:52,799 -    ini file updated    
2021-09-10 16:13:52,823 - Snapshot saved to /data/users/wergillius/UTR_VAE/pth/RL_gru_MTL/mixing_task_kfold/schedual_lr-model_best_cv6.pth

2021-09-10 16:13:52,824 -    ini file updated    
2021-09-10 16:13:52,824 - ===============================|    epoch 7   |===============================
2021-09-10 16:13:53,748 -     0 / 11569 (000%):	 Total:0.2212359	 Acc:0.1250000	 lr:0.0003106	 Mean_Total:0.2212359
2021-09-10 16:16:15,955 -  2313 / 11569 (019%):	 Total:0.9353747	 Acc:0.0937500	 lr:0.0003063	 Mean_Total:0.4555811
2021-09-10 16:18:50,013 -  4626 / 11569 (039%):	 Total:0.8421611	 Acc:0.1562500	 lr:0.0003021	 Mean_Total:0.4616174
2021-09-10 16:21:13,469 -  6939 / 11569 (059%):	 Total:0.2651204	 Acc:0.0937500	 lr:0.0002981	 Mean_Total:0.4597181
2021-09-10 16:23:36,813 -  9252 / 11569 (079%):	 Total:0.3078134	 Acc:0.1562500	 lr:0.0002942	 Mean_Total:0.4600707
2021-09-10 16:25:55,963 - 11565 / 11569 (099%):	 Total:0.4378719	 Acc:0.0625000	 lr:0.0002905	 Mean_Total:0.4593481
2021-09-10 16:25:56,313 - ===============================| start validation |===============================
2021-09-10 16:26:30,720 - 	 Total:0.4202967	 Acc:0.1538686
2021-09-10 16:26:30,724 -    ini file updated    
2021-09-10 16:26:30,742 - Snapshot saved to /data/users/wergillius/UTR_VAE/pth/RL_gru_MTL/mixing_task_kfold/schedual_lr-model_best_cv6.pth

2021-09-10 16:26:30,743 -    ini file updated    
2021-09-10 16:26:30,743 - ===============================|    epoch 8   |===============================
2021-09-10 16:26:31,659 -     0 / 11569 (000%):	 Total:0.5717053	 Acc:0.2187500	 lr:0.0002905	 Mean_Total:0.5717053
2021-09-10 16:28:53,423 -  2313 / 11569 (019%):	 Total:0.2354133	 Acc:0.1875000	 lr:0.0002870	 Mean_Total:0.4471559
2021-09-10 16:31:28,699 -  4626 / 11569 (039%):	 Total:0.7424793	 Acc:0.2812500	 lr:0.0002835	 Mean_Total:0.4502668
2021-09-10 16:34:06,947 -  6939 / 11569 (059%):	 Total:0.9866880	 Acc:0.0937500	 lr:0.0002802	 Mean_Total:0.4495459
2021-09-10 16:36:41,003 -  9252 / 11569 (079%):	 Total:0.4865890	 Acc:0.1250000	 lr:0.0002770	 Mean_Total:0.4511918
2021-09-10 16:39:04,623 - 11565 / 11569 (099%):	 Total:0.4145330	 Acc:0.2187500	 lr:0.0002739	 Mean_Total:0.4505486
2021-09-10 16:39:04,989 - ===============================| start validation |===============================
2021-09-10 16:39:40,595 - 	 Total:0.4168957	 Acc:0.1646429
2021-09-10 16:39:40,599 -    ini file updated    
2021-09-10 16:39:40,619 - Snapshot saved to /data/users/wergillius/UTR_VAE/pth/RL_gru_MTL/mixing_task_kfold/schedual_lr-model_best_cv6.pth

2021-09-10 16:39:40,620 -    ini file updated    
2021-09-10 16:39:40,621 - ===============================|    epoch 9   |===============================
2021-09-10 16:39:41,818 -     0 / 11569 (000%):	 Total:0.7207808	 Acc:0.1562500	 lr:0.0002739	 Mean_Total:0.7207808
2021-09-10 16:42:23,160 -  2313 / 11569 (019%):	 Total:0.3165000	 Acc:0.1250000	 lr:0.0002709	 Mean_Total:0.4395185
2021-09-10 16:45:07,852 -  4626 / 11569 (039%):	 Total:0.3290385	 Acc:0.2812500	 lr:0.0002680	 Mean_Total:0.4412086
2021-09-10 16:47:38,941 -  6939 / 11569 (059%):	 Total:0.4874540	 Acc:0.1875000	 lr:0.0002652	 Mean_Total:0.4453886
2021-09-10 16:50:06,573 -  9252 / 11569 (079%):	 Total:0.2063288	 Acc:0.0625000	 lr:0.0002625	 Mean_Total:0.4457016
2021-09-10 16:52:33,176 - 11565 / 11569 (099%):	 Total:0.6454813	 Acc:0.2187500	 lr:0.0002599	 Mean_Total:0.4445712
2021-09-10 16:52:33,540 - ===============================| start validation |===============================
2021-09-10 16:53:10,969 - 	 Total:0.4115761	 Acc:0.1548387
2021-09-10 16:53:10,973 -    ini file updated    
2021-09-10 16:53:11,003 - Snapshot saved to /data/users/wergillius/UTR_VAE/pth/RL_gru_MTL/mixing_task_kfold/schedual_lr-model_best_cv6.pth

2021-09-10 16:53:11,004 -    ini file updated    
2021-09-10 16:53:11,005 - ===============================|    epoch 10   |===============================
2021-09-10 16:53:11,967 -     0 / 11569 (000%):	 Total:0.6147041	 Acc:0.0625000	 lr:0.0002599	 Mean_Total:0.6147041
2021-09-10 16:55:39,981 -  2313 / 11569 (019%):	 Total:0.1855948	 Acc:0.2187500	 lr:0.0002573	 Mean_Total:0.4343867
2021-09-10 16:58:08,801 -  4626 / 11569 (039%):	 Total:0.8258436	 Acc:0.1250000	 lr:0.0002548	 Mean_Total:0.4354843
2021-09-10 17:00:42,062 -  6939 / 11569 (059%):	 Total:0.4509919	 Acc:0.0937500	 lr:0.0002524	 Mean_Total:0.4361715
2021-09-10 17:03:11,601 -  9252 / 11569 (079%):	 Total:0.4966738	 Acc:0.1562500	 lr:0.0002501	 Mean_Total:0.4367088
2021-09-10 17:05:31,166 - 11565 / 11569 (099%):	 Total:0.4326530	 Acc:0.1875000	 lr:0.0002478	 Mean_Total:0.4383138
2021-09-10 17:05:31,504 - ===============================| start validation |===============================
2021-09-10 17:06:07,343 - 	 Total:0.4019653	 Acc:0.1583118
2021-09-10 17:06:07,346 -    ini file updated    
2021-09-10 17:06:07,360 - Snapshot saved to /data/users/wergillius/UTR_VAE/pth/RL_gru_MTL/mixing_task_kfold/schedual_lr-model_best_cv6.pth

2021-09-10 17:06:07,360 -    ini file updated    
2021-09-10 17:06:07,361 - ===============================|    epoch 11   |===============================
2021-09-10 17:06:08,214 -     0 / 11569 (000%):	 Total:0.3630661	 Acc:0.1562500	 lr:0.0002478	 Mean_Total:0.3630661
2021-09-10 17:08:39,231 -  2313 / 11569 (019%):	 Total:0.3241727	 Acc:0.2187500	 lr:0.0002455	 Mean_Total:0.4338983
2021-09-10 17:11:09,569 -  4626 / 11569 (039%):	 Total:0.2772746	 Acc:0.1250000	 lr:0.0002434	 Mean_Total:0.4378790
2021-09-10 17:13:37,564 -  6939 / 11569 (059%):	 Total:0.4162042	 Acc:0.2187500	 lr:0.0002413	 Mean_Total:0.4374896
2021-09-10 17:16:03,327 -  9252 / 11569 (079%):	 Total:0.4335079	 Acc:0.1875000	 lr:0.0002392	 Mean_Total:0.4363678
2021-09-10 17:18:33,867 - 11565 / 11569 (099%):	 Total:0.2729588	 Acc:0.1562500	 lr:0.0002372	 Mean_Total:0.4341402
2021-09-10 17:18:34,303 - ===============================| start validation |===============================
2021-09-10 17:19:13,606 - 	 Total:0.4001797	 Acc:0.1612278
2021-09-10 17:19:13,611 -    ini file updated    
2021-09-10 17:19:13,632 - Snapshot saved to /data/users/wergillius/UTR_VAE/pth/RL_gru_MTL/mixing_task_kfold/schedual_lr-model_best_cv6.pth

2021-09-10 17:19:13,633 -    ini file updated    
2021-09-10 17:19:13,634 - ===============================|    epoch 12   |===============================
2021-09-10 17:19:14,621 -     0 / 11569 (000%):	 Total:0.7787018	 Acc:0.1250000	 lr:0.0002372	 Mean_Total:0.7787018
2021-09-10 17:21:40,466 -  2313 / 11569 (019%):	 Total:0.3757632	 Acc:0.2187500	 lr:0.0002353	 Mean_Total:0.4385034
2021-09-10 17:24:06,453 -  4626 / 11569 (039%):	 Total:0.4795267	 Acc:0.0937500	 lr:0.0002334	 Mean_Total:0.4330809
2021-09-10 17:26:31,260 -  6939 / 11569 (059%):	 Total:0.3786848	 Acc:0.1562500	 lr:0.0002315	 Mean_Total:0.4323246
2021-09-10 17:28:52,184 -  9252 / 11569 (079%):	 Total:0.3765194	 Acc:0.0625000	 lr:0.0002297	 Mean_Total:0.4298724
2021-09-10 17:31:11,567 - 11565 / 11569 (099%):	 Total:0.1746585	 Acc:0.2500000	 lr:0.0002279	 Mean_Total:0.4290819
2021-09-10 17:31:11,968 - ===============================| start validation |===============================
2021-09-10 17:31:47,502 - 	 Total:0.3985961	 Acc:0.1624092
2021-09-10 17:31:47,506 -    ini file updated    
2021-09-10 17:31:47,528 - Snapshot saved to /data/users/wergillius/UTR_VAE/pth/RL_gru_MTL/mixing_task_kfold/schedual_lr-model_best_cv6.pth

2021-09-10 17:31:47,529 -    ini file updated    
2021-09-10 17:31:47,529 - ===============================|    epoch 13   |===============================
2021-09-10 17:31:48,536 -     0 / 11569 (000%):	 Total:0.2819750	 Acc:0.0625000	 lr:0.0002279	 Mean_Total:0.2819750
2021-09-10 17:34:07,125 -  2313 / 11569 (019%):	 Total:0.5955086	 Acc:0.1562500	 lr:0.0002262	 Mean_Total:0.4217232
2021-09-10 17:36:42,268 -  4626 / 11569 (039%):	 Total:0.2370267	 Acc:0.0937500	 lr:0.0002245	 Mean_Total:0.4254153
2021-09-10 17:39:09,677 -  6939 / 11569 (059%):	 Total:0.7774725	 Acc:0.0625000	 lr:0.0002228	 Mean_Total:0.4259984
2021-09-10 17:41:36,605 -  9252 / 11569 (079%):	 Total:0.3583922	 Acc:0.0937500	 lr:0.0002212	 Mean_Total:0.4256724
2021-09-10 17:44:03,408 - 11565 / 11569 (099%):	 Total:0.3137677	 Acc:0.1875000	 lr:0.0002196	 Mean_Total:0.4249045
2021-09-10 17:44:03,814 - ===============================| start validation |===============================
2021-09-10 17:44:41,790 - 	 Total:0.3912119	 Acc:0.1623344
2021-09-10 17:44:41,796 -    ini file updated    
2021-09-10 17:44:41,825 - Snapshot saved to /data/users/wergillius/UTR_VAE/pth/RL_gru_MTL/mixing_task_kfold/schedual_lr-model_best_cv6.pth

2021-09-10 17:44:41,826 -    ini file updated    
2021-09-10 17:44:41,827 - ===============================|    epoch 14   |===============================
2021-09-10 17:44:42,829 -     0 / 11569 (000%):	 Total:0.3096060	 Acc:0.1250000	 lr:0.0002196	 Mean_Total:0.3096060
2021-09-10 17:47:09,755 -  2313 / 11569 (019%):	 Total:0.6652324	 Acc:0.1875000	 lr:0.0002181	 Mean_Total:0.4250019
2021-09-10 17:49:38,767 -  4626 / 11569 (039%):	 Total:0.1899057	 Acc:0.1562500	 lr:0.0002166	 Mean_Total:0.4229980
2021-09-10 17:52:07,503 -  6939 / 11569 (059%):	 Total:0.4248601	 Acc:0.1250000	 lr:0.0002151	 Mean_Total:0.4218424
2021-09-10 17:54:32,759 -  9252 / 11569 (079%):	 Total:0.6793982	 Acc:0.0937500	 lr:0.0002136	 Mean_Total:0.4202741
2021-09-10 17:57:15,848 - 11565 / 11569 (099%):	 Total:0.2659273	 Acc:0.2500000	 lr:0.0002122	 Mean_Total:0.4211352
2021-09-10 17:57:16,214 - ===============================| start validation |===============================
2021-09-10 17:57:55,254 - 	 Total:0.3923802	 Acc:0.1646279
2021-09-10 17:57:55,258 -    ini file updated    
2021-09-10 17:57:55,258 - ===============================|    epoch 15   |===============================
2021-09-10 17:57:56,360 -     0 / 11569 (000%):	 Total:0.3821786	 Acc:0.1875000	 lr:0.0002122	 Mean_Total:0.3821786
2021-09-10 18:00:31,631 -  2313 / 11569 (019%):	 Total:0.4683035	 Acc:0.0937500	 lr:0.0002108	 Mean_Total:0.4216553
2021-09-10 18:03:05,951 -  4626 / 11569 (039%):	 Total:0.6057914	 Acc:0.0937500	 lr:0.0002094	 Mean_Total:0.4184946
2021-09-10 18:05:36,671 -  6939 / 11569 (059%):	 Total:0.2850802	 Acc:0.0937500	 lr:0.0002081	 Mean_Total:0.4176951
2021-09-10 18:08:07,194 -  9252 / 11569 (079%):	 Total:0.2867659	 Acc:0.1875000	 lr:0.0002067	 Mean_Total:0.4179667
2021-09-10 18:10:40,463 - 11565 / 11569 (099%):	 Total:0.4157176	 Acc:0.1250000	 lr:0.0002054	 Mean_Total:0.4180541
2021-09-10 18:10:40,886 - ===============================| start validation |===============================
2021-09-10 18:11:18,576 - 	 Total:0.3972553	 Acc:0.1566724
2021-09-10 18:11:18,579 -    ini file updated    
2021-09-10 18:11:18,580 - ===============================|    epoch 16   |===============================
2021-09-10 18:11:19,582 -     0 / 11569 (000%):	 Total:0.3351763	 Acc:0.0625000	 lr:0.0002054	 Mean_Total:0.3351763
2021-09-10 18:13:51,789 -  2313 / 11569 (019%):	 Total:0.6807379	 Acc:0.1562500	 lr:0.0002042	 Mean_Total:0.4157386
2021-09-10 18:16:15,082 -  4626 / 11569 (039%):	 Total:0.2371421	 Acc:0.2812500	 lr:0.0002029	 Mean_Total:0.4097636
2021-09-10 18:18:40,595 -  6939 / 11569 (059%):	 Total:0.2983916	 Acc:0.0937500	 lr:0.0002017	 Mean_Total:0.4115229
2021-09-10 18:21:07,065 -  9252 / 11569 (079%):	 Total:0.3593358	 Acc:0.2187500	 lr:0.0002005	 Mean_Total:0.4127490
2021-09-10 18:23:30,283 - 11565 / 11569 (099%):	 Total:0.5425918	 Acc:0.2500000	 lr:0.0001993	 Mean_Total:0.4140906
2021-09-10 18:23:30,659 - ===============================| start validation |===============================
2021-09-10 18:24:07,462 - 	 Total:0.3886762	 Acc:0.1614371
2021-09-10 18:24:07,468 -    ini file updated    
2021-09-10 18:24:07,506 - Snapshot saved to /data/users/wergillius/UTR_VAE/pth/RL_gru_MTL/mixing_task_kfold/schedual_lr-model_best_cv6.pth

2021-09-10 18:24:07,507 -    ini file updated    
2021-09-10 18:24:07,507 - ===============================|    epoch 17   |===============================
2021-09-10 18:24:08,619 -     0 / 11569 (000%):	 Total:0.3576486	 Acc:0.0625000	 lr:0.0001993	 Mean_Total:0.3576486
2021-09-10 18:26:42,673 -  2313 / 11569 (019%):	 Total:0.3315457	 Acc:0.1562500	 lr:0.0001981	 Mean_Total:0.4121822
2021-09-10 18:30:52,798 -  4626 / 11569 (039%):	 Total:0.3714531	 Acc:0.2500000	 lr:0.0001970	 Mean_Total:0.4119206
2021-09-10 18:36:54,095 -  6939 / 11569 (059%):	 Total:0.2791303	 Acc:0.2187500	 lr:0.0001959	 Mean_Total:0.4099575
2021-09-10 18:39:25,728 -  9252 / 11569 (079%):	 Total:0.3092242	 Acc:0.1562500	 lr:0.0001948	 Mean_Total:0.4100570
2021-09-10 18:45:45,285 - 11565 / 11569 (099%):	 Total:0.7040097	 Acc:0.1875000	 lr:0.0001937	 Mean_Total:0.4108186
2021-09-10 18:45:45,731 - ===============================| start validation |===============================
2021-09-10 18:46:23,858 - 	 Total:0.3845957	 Acc:0.1666374
2021-09-10 18:46:23,863 -    ini file updated    
2021-09-10 18:46:23,899 - Snapshot saved to /data/users/wergillius/UTR_VAE/pth/RL_gru_MTL/mixing_task_kfold/schedual_lr-model_best_cv6.pth

2021-09-10 18:46:23,901 -    ini file updated    
2021-09-10 18:46:23,901 - ===============================|    epoch 18   |===============================
2021-09-10 18:46:25,005 -     0 / 11569 (000%):	 Total:0.2164155	 Acc:0.0937500	 lr:0.0001937	 Mean_Total:0.2164155
2021-09-10 18:48:52,206 -  2313 / 11569 (019%):	 Total:0.3675622	 Acc:0.0937500	 lr:0.0001926	 Mean_Total:0.4091025
2021-09-10 18:51:15,608 -  4626 / 11569 (039%):	 Total:0.3889494	 Acc:0.2187500	 lr:0.0001916	 Mean_Total:0.4094246
2021-09-10 18:53:43,168 -  6939 / 11569 (059%):	 Total:0.2290988	 Acc:0.1875000	 lr:0.0001905	 Mean_Total:0.4101745
2021-09-10 18:56:03,827 -  9252 / 11569 (079%):	 Total:0.3240275	 Acc:0.0312500	 lr:0.0001895	 Mean_Total:0.4089055
2021-09-10 18:58:28,148 - 11565 / 11569 (099%):	 Total:2.1636357	 Acc:0.1562500	 lr:0.0001885	 Mean_Total:0.4085321
2021-09-10 18:58:28,553 - ===============================| start validation |===============================
2021-09-10 18:59:05,688 - 	 Total:0.3813159	 Acc:0.1664280
2021-09-10 18:59:05,693 -    ini file updated    
2021-09-10 18:59:05,716 - Snapshot saved to /data/users/wergillius/UTR_VAE/pth/RL_gru_MTL/mixing_task_kfold/schedual_lr-model_best_cv6.pth

2021-09-10 18:59:05,717 -    ini file updated    
2021-09-10 18:59:05,717 - ===============================|    epoch 19   |===============================
2021-09-10 18:59:06,750 -     0 / 11569 (000%):	 Total:0.6981877	 Acc:0.1250000	 lr:0.0001885	 Mean_Total:0.6981877
2021-09-10 19:01:27,593 -  2313 / 11569 (019%):	 Total:0.3949714	 Acc:0.1250000	 lr:0.0001875	 Mean_Total:0.4134262
2021-09-10 19:03:51,512 -  4626 / 11569 (039%):	 Total:0.2742899	 Acc:0.2187500	 lr:0.0001866	 Mean_Total:0.4093147
2021-09-10 19:10:08,374 -  6939 / 11569 (059%):	 Total:0.3426757	 Acc:0.1875000	 lr:0.0001856	 Mean_Total:0.4059325
2021-09-10 19:12:28,974 -  9252 / 11569 (079%):	 Total:0.2107610	 Acc:0.2187500	 lr:0.0001847	 Mean_Total:0.4070342
2021-09-10 19:14:55,703 - 11565 / 11569 (099%):	 Total:0.3142130	 Acc:0.0625000	 lr:0.0001838	 Mean_Total:0.4059756
2021-09-10 19:14:56,059 - ===============================| start validation |===============================
2021-09-10 19:15:31,001 - 	 Total:0.3828082	 Acc:0.1716787
2021-09-10 19:15:31,006 -    ini file updated    
2021-09-10 19:15:31,029 - Snapshot saved to /data/users/wergillius/UTR_VAE/pth/RL_gru_MTL/mixing_task_kfold/schedual_lr-model_best_cv6.pth

2021-09-10 19:15:31,030 -    ini file updated    
2021-09-10 19:15:31,030 - ===============================|    epoch 20   |===============================
2021-09-10 19:15:32,185 -     0 / 11569 (000%):	 Total:0.3110011	 Acc:0.2500000	 lr:0.0001838	 Mean_Total:0.3110011
2021-09-10 19:17:53,151 -  2313 / 11569 (019%):	 Total:0.3095209	 Acc:0.2187500	 lr:0.0001828	 Mean_Total:0.4032651
2021-09-10 19:20:17,765 -  4626 / 11569 (039%):	 Total:0.3686489	 Acc:0.1250000	 lr:0.0001819	 Mean_Total:0.4020166
2021-09-10 19:22:48,508 -  6939 / 11569 (059%):	 Total:0.3020180	 Acc:0.0625000	 lr:0.0001811	 Mean_Total:0.4012187
2021-09-10 19:25:14,182 -  9252 / 11569 (079%):	 Total:0.2951281	 Acc:0.1250000	 lr:0.0001802	 Mean_Total:0.4023101
2021-09-10 19:27:44,678 - 11565 / 11569 (099%):	 Total:0.8855838	 Acc:0.1250000	 lr:0.0001793	 Mean_Total:0.4038914
2021-09-10 19:27:45,753 - ===============================| start validation |===============================
2021-09-10 19:28:24,006 - 	 Total:0.3848970	 Acc:0.1556518
2021-09-10 19:28:24,011 -    ini file updated    
2021-09-10 19:28:24,011 - ===============================|    epoch 21   |===============================
2021-09-10 19:28:24,941 -     0 / 11569 (000%):	 Total:0.5372185	 Acc:0.1875000	 lr:0.0001793	 Mean_Total:0.5372185
2021-09-10 19:30:53,108 -  2313 / 11569 (019%):	 Total:0.3782665	 Acc:0.2500000	 lr:0.0001785	 Mean_Total:0.4108624
2021-09-10 19:33:20,448 -  4626 / 11569 (039%):	 Total:0.4349794	 Acc:0.2812500	 lr:0.0001776	 Mean_Total:0.4096388
2021-09-10 19:35:43,256 -  6939 / 11569 (059%):	 Total:0.1864122	 Acc:0.0625000	 lr:0.0001768	 Mean_Total:0.4057697
2021-09-10 19:38:07,587 -  9252 / 11569 (079%):	 Total:0.4825541	 Acc:0.1250000	 lr:0.0001760	 Mean_Total:0.4039464
2021-09-10 19:40:26,502 - 11565 / 11569 (099%):	 Total:0.7859645	 Acc:0.1250000	 lr:0.0001752	 Mean_Total:0.4021317
2021-09-10 19:40:26,884 - ===============================| start validation |===============================
2021-09-10 19:41:01,908 - 	 Total:0.3781830	 Acc:0.1620054
2021-09-10 19:41:01,912 -    ini file updated    
2021-09-10 19:41:01,946 - Snapshot saved to /data/users/wergillius/UTR_VAE/pth/RL_gru_MTL/mixing_task_kfold/schedual_lr-model_best_cv6.pth

2021-09-10 19:41:01,947 -    ini file updated    
2021-09-10 19:41:01,947 - ===============================|    epoch 22   |===============================
2021-09-10 19:41:02,929 -     0 / 11569 (000%):	 Total:0.2986964	 Acc:0.1250000	 lr:0.0001752	 Mean_Total:0.2986964
2021-09-10 19:43:18,218 -  2313 / 11569 (019%):	 Total:0.4909221	 Acc:0.3750000	 lr:0.0001744	 Mean_Total:0.3977038
2021-09-10 19:45:37,308 -  4626 / 11569 (039%):	 Total:0.3045907	 Acc:0.1250000	 lr:0.0001736	 Mean_Total:0.3954933
2021-09-10 19:47:55,913 -  6939 / 11569 (059%):	 Total:0.5225219	 Acc:0.0937500	 lr:0.0001729	 Mean_Total:0.3970156
2021-09-10 19:50:14,461 -  9252 / 11569 (079%):	 Total:0.3092365	 Acc:0.2812500	 lr:0.0001721	 Mean_Total:0.4001879
2021-09-10 19:52:35,632 - 11565 / 11569 (099%):	 Total:0.2598694	 Acc:0.2187500	 lr:0.0001714	 Mean_Total:0.3989284
2021-09-10 19:52:35,994 - ===============================| start validation |===============================
2021-09-10 19:53:11,171 - 	 Total:0.3756267	 Acc:0.1635027
2021-09-10 19:53:11,175 -    ini file updated    
2021-09-10 19:53:11,195 - Snapshot saved to /data/users/wergillius/UTR_VAE/pth/RL_gru_MTL/mixing_task_kfold/schedual_lr-model_best_cv6.pth

2021-09-10 19:53:11,195 -    ini file updated    
2021-09-10 19:53:11,196 - ===============================|    epoch 23   |===============================
2021-09-10 19:53:12,141 -     0 / 11569 (000%):	 Total:0.3178848	 Acc:0.1875000	 lr:0.0001713	 Mean_Total:0.3178848
2021-09-10 19:55:30,427 -  2313 / 11569 (019%):	 Total:0.6503851	 Acc:0.0625000	 lr:0.0001706	 Mean_Total:0.3938414
2021-09-10 19:57:53,153 -  4626 / 11569 (039%):	 Total:0.8866444	 Acc:0.0937500	 lr:0.0001699	 Mean_Total:0.3963828
2021-09-10 20:00:13,362 -  6939 / 11569 (059%):	 Total:0.1390665	 Acc:0.1562500	 lr:0.0001692	 Mean_Total:0.3964946
2021-09-10 20:02:30,669 -  9252 / 11569 (079%):	 Total:0.6573713	 Acc:0.1250000	 lr:0.0001684	 Mean_Total:0.3981620
2021-09-10 20:04:48,675 - 11565 / 11569 (099%):	 Total:0.2185737	 Acc:0.1250000	 lr:0.0001677	 Mean_Total:0.3977351
2021-09-10 20:04:49,016 - ===============================| start validation |===============================
2021-09-10 20:05:23,696 - 	 Total:0.3763584	 Acc:0.1729666
2021-09-10 20:05:23,700 -    ini file updated    
2021-09-10 20:05:23,720 - Snapshot saved to /data/users/wergillius/UTR_VAE/pth/RL_gru_MTL/mixing_task_kfold/schedual_lr-model_best_cv6.pth

2021-09-10 20:05:23,720 -    ini file updated    
2021-09-10 20:05:23,721 - ===============================|    epoch 24   |===============================
2021-09-10 20:05:24,612 -     0 / 11569 (000%):	 Total:0.2771260	 Acc:0.1875000	 lr:0.0001677	 Mean_Total:0.2771260
2021-09-10 20:07:44,519 -  2313 / 11569 (019%):	 Total:0.9838517	 Acc:0.0937500	 lr:0.0001670	 Mean_Total:0.3962340
2021-09-10 20:10:08,246 -  4626 / 11569 (039%):	 Total:0.1543849	 Acc:0.1875000	 lr:0.0001664	 Mean_Total:0.3934440
2021-09-10 20:12:34,929 -  6939 / 11569 (059%):	 Total:0.2961430	 Acc:0.2187500	 lr:0.0001657	 Mean_Total:0.3961826
2021-09-10 20:15:03,457 -  9252 / 11569 (079%):	 Total:0.4364636	 Acc:0.2500000	 lr:0.0001650	 Mean_Total:0.3962660
2021-09-10 20:17:32,897 - 11565 / 11569 (099%):	 Total:0.3207204	 Acc:0.1562500	 lr:0.0001644	 Mean_Total:0.3951759
2021-09-10 20:17:33,263 - ===============================| start validation |===============================
2021-09-10 20:18:10,672 - 	 Total:0.3914111	 Acc:0.1525190
2021-09-10 20:18:10,676 -    ini file updated    
2021-09-10 20:18:10,676 - ===============================|    epoch 25   |===============================
2021-09-10 20:18:11,707 -     0 / 11569 (000%):	 Total:0.2036320	 Acc:0.2187500	 lr:0.0001644	 Mean_Total:0.2036320
2021-09-10 20:20:38,343 -  2313 / 11569 (019%):	 Total:0.2735972	 Acc:0.3125000	 lr:0.0001637	 Mean_Total:0.3934289
2021-09-10 20:23:07,521 -  4626 / 11569 (039%):	 Total:0.2598852	 Acc:0.1250000	 lr:0.0001631	 Mean_Total:0.3930588
2021-09-10 20:25:34,094 -  6939 / 11569 (059%):	 Total:0.6641866	 Acc:0.0000000	 lr:0.0001624	 Mean_Total:0.3950062
2021-09-10 20:28:01,792 -  9252 / 11569 (079%):	 Total:0.2370292	 Acc:0.2500000	 lr:0.0001618	 Mean_Total:0.3943647
2021-09-10 20:30:29,013 - 11565 / 11569 (099%):	 Total:0.3242821	 Acc:0.1875000	 lr:0.0001612	 Mean_Total:0.3935465
2021-09-10 20:30:29,412 - ===============================| start validation |===============================
2021-09-10 20:31:03,930 - 	 Total:0.3778348	 Acc:0.1627008
2021-09-10 20:31:03,935 -    ini file updated    
2021-09-10 20:31:03,935 - ===============================|    epoch 26   |===============================
2021-09-10 20:31:04,807 -     0 / 11569 (000%):	 Total:0.2819414	 Acc:0.1250000	 lr:0.0001612	 Mean_Total:0.2819414
2021-09-10 20:33:21,408 -  2313 / 11569 (019%):	 Total:0.6867090	 Acc:0.2187500	 lr:0.0001605	 Mean_Total:0.3902238
2021-09-10 20:35:51,791 -  4626 / 11569 (039%):	 Total:0.2383215	 Acc:0.1562500	 lr:0.0001599	 Mean_Total:0.3890896
2021-09-10 20:38:16,694 -  6939 / 11569 (059%):	 Total:0.3040949	 Acc:0.1250000	 lr:0.0001593	 Mean_Total:0.3896351
2021-09-10 20:40:43,086 -  9252 / 11569 (079%):	 Total:0.5506772	 Acc:0.2812500	 lr:0.0001587	 Mean_Total:0.3915564
2021-09-10 20:43:08,794 - 11565 / 11569 (099%):	 Total:0.3089451	 Acc:0.1875000	 lr:0.0001581	 Mean_Total:0.3920109
2021-09-10 20:43:09,254 - ===============================| start validation |===============================
2021-09-10 20:43:45,922 - 	 Total:0.3728637	 Acc:0.1749593
2021-09-10 20:43:45,927 -    ini file updated    
2021-09-10 20:43:45,949 - Snapshot saved to /data/users/wergillius/UTR_VAE/pth/RL_gru_MTL/mixing_task_kfold/schedual_lr-model_best_cv6.pth

2021-09-10 20:43:45,950 -    ini file updated    
2021-09-10 20:43:45,950 - ===============================|    epoch 27   |===============================
2021-09-10 20:43:46,938 -     0 / 11569 (000%):	 Total:0.2373643	 Acc:0.0312500	 lr:0.0001581	 Mean_Total:0.2373643
2021-09-10 20:46:09,800 -  2313 / 11569 (019%):	 Total:0.4883202	 Acc:0.1562500	 lr:0.0001576	 Mean_Total:0.3906824
2021-09-10 20:48:35,513 -  4626 / 11569 (039%):	 Total:0.2808025	 Acc:0.0937500	 lr:0.0001570	 Mean_Total:0.3909772
2021-09-10 20:51:00,842 -  6939 / 11569 (059%):	 Total:0.2183843	 Acc:0.1875000	 lr:0.0001564	 Mean_Total:0.3900942
2021-09-10 20:53:23,513 -  9252 / 11569 (079%):	 Total:0.2858156	 Acc:0.1250000	 lr:0.0001559	 Mean_Total:0.3902224
2021-09-10 20:55:41,735 - 11565 / 11569 (099%):	 Total:0.7439920	 Acc:0.1562500	 lr:0.0001553	 Mean_Total:0.3900186
2021-09-10 20:55:42,155 - ===============================| start validation |===============================
2021-09-10 20:56:16,957 - 	 Total:0.3784526	 Acc:0.1588987
2021-09-10 20:56:16,961 -    ini file updated    
2021-09-10 20:56:16,961 - ===============================|    epoch 28   |===============================
2021-09-10 20:56:17,915 -     0 / 11569 (000%):	 Total:0.2603397	 Acc:0.0937500	 lr:0.0001553	 Mean_Total:0.2603397
2021-09-10 20:58:35,022 -  2313 / 11569 (019%):	 Total:0.8162802	 Acc:0.1562500	 lr:0.0001547	 Mean_Total:0.3952362
2021-09-10 21:00:54,093 -  4626 / 11569 (039%):	 Total:0.3918772	 Acc:0.1875000	 lr:0.0001542	 Mean_Total:0.3915038
2021-09-10 21:03:11,248 -  6939 / 11569 (059%):	 Total:0.2944480	 Acc:0.1250000	 lr:0.0001537	 Mean_Total:0.3892996
2021-09-10 21:05:33,696 -  9252 / 11569 (079%):	 Total:0.4388729	 Acc:0.1562500	 lr:0.0001531	 Mean_Total:0.3884124
2021-09-10 21:08:02,103 - 11565 / 11569 (099%):	 Total:0.4148550	 Acc:0.1562500	 lr:0.0001526	 Mean_Total:0.3891727
2021-09-10 21:08:02,469 - ===============================| start validation |===============================
2021-09-10 21:08:41,740 - 	 Total:0.3818811	 Acc:0.1684954
2021-09-10 21:08:41,745 -    ini file updated    
2021-09-10 21:08:41,745 - ===============================|    epoch 29   |===============================
2021-09-10 21:08:42,561 -     0 / 11569 (000%):	 Total:0.4135951	 Acc:0.2187500	 lr:0.0001526	 Mean_Total:0.4135951
2021-09-10 21:11:10,957 -  2313 / 11569 (019%):	 Total:0.2117266	 Acc:0.1562500	 lr:0.0001521	 Mean_Total:0.3903735
2021-09-10 21:13:42,727 -  4626 / 11569 (039%):	 Total:0.6095924	 Acc:0.1875000	 lr:0.0001516	 Mean_Total:0.3880242
2021-09-10 21:16:09,250 -  6939 / 11569 (059%):	 Total:0.3826328	 Acc:0.2500000	 lr:0.0001510	 Mean_Total:0.3871502
2021-09-10 21:18:39,712 -  9252 / 11569 (079%):	 Total:0.4833697	 Acc:0.0312500	 lr:0.0001505	 Mean_Total:0.3873108
2021-09-10 21:21:08,006 - 11565 / 11569 (099%):	 Total:0.2932498	 Acc:0.0937500	 lr:0.0001500	 Mean_Total:0.3871939
2021-09-10 21:21:08,404 - ===============================| start validation |===============================
2021-09-10 21:21:47,004 - 	 Total:0.3853342	 Acc:0.1541228
2021-09-10 21:21:47,008 -    ini file updated    
2021-09-10 21:21:47,008 - ===============================|    epoch 30   |===============================
2021-09-10 21:21:47,917 -     0 / 11569 (000%):	 Total:0.3373972	 Acc:0.1562500	 lr:0.0001500	 Mean_Total:0.3373972
2021-09-10 21:24:13,498 -  2313 / 11569 (019%):	 Total:0.1976870	 Acc:0.1562500	 lr:0.0001495	 Mean_Total:0.3773819
2021-09-10 21:26:44,520 -  4626 / 11569 (039%):	 Total:0.2493773	 Acc:0.2187500	 lr:0.0001490	 Mean_Total:0.3863431
2021-09-10 21:29:04,288 -  6939 / 11569 (059%):	 Total:0.2965634	 Acc:0.2187500	 lr:0.0001486	 Mean_Total:0.3876482
2021-09-10 21:31:27,501 -  9252 / 11569 (079%):	 Total:0.3237354	 Acc:0.2187500	 lr:0.0001481	 Mean_Total:0.3859301
2021-09-10 21:33:48,074 - 11565 / 11569 (099%):	 Total:0.4304100	 Acc:0.1250000	 lr:0.0001476	 Mean_Total:0.3853124
2021-09-10 21:33:48,425 - ===============================| start validation |===============================
2021-09-10 21:34:23,858 - 	 Total:0.3730273	 Acc:0.1648485
2021-09-10 21:34:23,863 -    ini file updated    
2021-09-10 21:34:23,863 - ===============================|    epoch 31   |===============================
2021-09-10 21:34:24,793 -     0 / 11569 (000%):	 Total:0.2196378	 Acc:0.1250000	 lr:0.0001476	 Mean_Total:0.2196378
2021-09-10 21:36:44,968 -  2313 / 11569 (019%):	 Total:0.2039236	 Acc:0.2187500	 lr:0.0001471	 Mean_Total:0.3861516
2021-09-10 21:39:06,873 -  4626 / 11569 (039%):	 Total:0.3079036	 Acc:0.1562500	 lr:0.0001467	 Mean_Total:0.3850152
2021-09-10 21:41:24,759 -  6939 / 11569 (059%):	 Total:0.7544261	 Acc:0.2500000	 lr:0.0001462	 Mean_Total:0.3847334
2021-09-10 21:43:45,192 -  9252 / 11569 (079%):	 Total:0.3896778	 Acc:0.2500000	 lr:0.0001457	 Mean_Total:0.3834955
2021-09-10 21:46:08,066 - 11565 / 11569 (099%):	 Total:0.2844037	 Acc:0.2187500	 lr:0.0001453	 Mean_Total:0.3842721
2021-09-10 21:46:08,438 - ===============================| start validation |===============================
2021-09-10 21:46:44,452 - 	 Total:0.3694398	 Acc:0.1639232
2021-09-10 21:46:44,457 -    ini file updated    
2021-09-10 21:46:44,479 - Snapshot saved to /data/users/wergillius/UTR_VAE/pth/RL_gru_MTL/mixing_task_kfold/schedual_lr-model_best_cv6.pth

2021-09-10 21:46:44,480 -    ini file updated    
2021-09-10 21:46:44,480 - ===============================|    epoch 32   |===============================
2021-09-10 21:46:45,508 -     0 / 11569 (000%):	 Total:0.3015925	 Acc:0.1250000	 lr:0.0001453	 Mean_Total:0.3015925
2021-09-10 21:49:04,246 -  2313 / 11569 (019%):	 Total:0.2520636	 Acc:0.1250000	 lr:0.0001448	 Mean_Total:0.3839278
2021-09-10 21:51:30,610 -  4626 / 11569 (039%):	 Total:0.3691178	 Acc:0.1562500	 lr:0.0001444	 Mean_Total:0.3829365
2021-09-10 21:53:57,424 -  6939 / 11569 (059%):	 Total:0.3852856	 Acc:0.1562500	 lr:0.0001439	 Mean_Total:0.3831298
2021-09-10 21:56:33,731 -  9252 / 11569 (079%):	 Total:0.4826880	 Acc:0.2500000	 lr:0.0001435	 Mean_Total:0.3819616
2021-09-10 21:59:06,418 - 11565 / 11569 (099%):	 Total:0.8292576	 Acc:0.1250000	 lr:0.0001431	 Mean_Total:0.3824899
2021-09-10 21:59:06,786 - ===============================| start validation |===============================
2021-09-10 21:59:44,405 - 	 Total:0.3763639	 Acc:0.1566986
2021-09-10 21:59:44,409 -    ini file updated    
2021-09-10 21:59:44,409 - ===============================|    epoch 33   |===============================
2021-09-10 21:59:45,427 -     0 / 11569 (000%):	 Total:0.3118939	 Acc:0.1875000	 lr:0.0001431	 Mean_Total:0.3118939
2021-09-10 22:02:14,908 -  2313 / 11569 (019%):	 Total:0.4479214	 Acc:0.2187500	 lr:0.0001426	 Mean_Total:0.3814813
2021-09-10 22:04:47,964 -  4626 / 11569 (039%):	 Total:0.2546383	 Acc:0.1875000	 lr:0.0001422	 Mean_Total:0.3806168
2021-09-10 22:07:15,784 -  6939 / 11569 (059%):	 Total:0.3655101	 Acc:0.0937500	 lr:0.0001418	 Mean_Total:0.3814928
2021-09-10 22:09:45,560 -  9252 / 11569 (079%):	 Total:0.2633155	 Acc:0.1250000	 lr:0.0001413	 Mean_Total:0.3817842
2021-09-10 22:12:14,404 - 11565 / 11569 (099%):	 Total:0.5869542	 Acc:0.2187500	 lr:0.0001409	 Mean_Total:0.3816465
2021-09-10 22:12:14,784 - ===============================| start validation |===============================
2021-09-10 22:12:51,005 - 	 Total:0.3670647	 Acc:0.1699048
2021-09-10 22:12:51,010 -    ini file updated    
2021-09-10 22:12:51,032 - Snapshot saved to /data/users/wergillius/UTR_VAE/pth/RL_gru_MTL/mixing_task_kfold/schedual_lr-model_best_cv6.pth

2021-09-10 22:12:51,033 -    ini file updated    
2021-09-10 22:12:51,033 - ===============================|    epoch 34   |===============================
2021-09-10 22:12:52,127 -     0 / 11569 (000%):	 Total:0.2107794	 Acc:0.2500000	 lr:0.0001409	 Mean_Total:0.2107794
2021-09-10 22:15:12,117 -  2313 / 11569 (019%):	 Total:0.1833639	 Acc:0.1875000	 lr:0.0001405	 Mean_Total:0.3780931
2021-09-10 22:17:34,603 -  4626 / 11569 (039%):	 Total:0.3669830	 Acc:0.0625000	 lr:0.0001401	 Mean_Total:0.3766887
2021-09-10 22:19:54,826 -  6939 / 11569 (059%):	 Total:0.8942680	 Acc:0.1250000	 lr:0.0001397	 Mean_Total:0.3777167
2021-09-10 22:22:16,778 -  9252 / 11569 (079%):	 Total:0.2430577	 Acc:0.0937500	 lr:0.0001393	 Mean_Total:0.3790241
2021-09-10 22:24:40,336 - 11565 / 11569 (099%):	 Total:1.6328623	 Acc:0.1875000	 lr:0.0001389	 Mean_Total:0.3801993
2021-09-10 22:24:40,729 - ===============================| start validation |===============================
2021-09-10 22:25:17,058 - 	 Total:0.3721801	 Acc:0.1566743
2021-09-10 22:25:17,063 -    ini file updated    
2021-09-10 22:25:17,063 - ===============================|    epoch 35   |===============================
2021-09-10 22:25:18,048 -     0 / 11569 (000%):	 Total:0.3412089	 Acc:0.0937500	 lr:0.0001389	 Mean_Total:0.3412089
2021-09-10 22:27:36,659 -  2313 / 11569 (019%):	 Total:0.2121330	 Acc:0.1250000	 lr:0.0001385	 Mean_Total:0.3763823
2021-09-10 22:29:59,418 -  4626 / 11569 (039%):	 Total:0.3112988	 Acc:0.0937500	 lr:0.0001381	 Mean_Total:0.3765064
2021-09-10 22:32:16,084 -  6939 / 11569 (059%):	 Total:0.1697494	 Acc:0.2187500	 lr:0.0001377	 Mean_Total:0.3778898
2021-09-10 22:34:35,547 -  9252 / 11569 (079%):	 Total:0.1740501	 Acc:0.2500000	 lr:0.0001373	 Mean_Total:0.3797272
2021-09-10 22:36:54,658 - 11565 / 11569 (099%):	 Total:0.2961845	 Acc:0.1875000	 lr:0.0001370	 Mean_Total:0.3792839
2021-09-10 22:36:55,060 - ===============================| start validation |===============================
2021-09-10 22:37:30,968 - 	 Total:0.3667994	 Acc:0.1714955
2021-09-10 22:37:30,973 -    ini file updated    
2021-09-10 22:37:30,997 - Snapshot saved to /data/users/wergillius/UTR_VAE/pth/RL_gru_MTL/mixing_task_kfold/schedual_lr-model_best_cv6.pth

2021-09-10 22:37:30,998 -    ini file updated    
2021-09-10 22:37:30,998 - ===============================|    epoch 36   |===============================
2021-09-10 22:37:31,875 -     0 / 11569 (000%):	 Total:0.2193209	 Acc:0.1250000	 lr:0.0001370	 Mean_Total:0.2193209
2021-09-10 22:39:49,151 -  2313 / 11569 (019%):	 Total:0.6578553	 Acc:0.1562500	 lr:0.0001366	 Mean_Total:0.3749814
2021-09-10 22:42:12,322 -  4626 / 11569 (039%):	 Total:0.3214792	 Acc:0.1250000	 lr:0.0001362	 Mean_Total:0.3739701
2021-09-10 22:44:29,775 -  6939 / 11569 (059%):	 Total:0.2901930	 Acc:0.2187500	 lr:0.0001358	 Mean_Total:0.3746776
2021-09-10 22:46:49,072 -  9252 / 11569 (079%):	 Total:0.3536671	 Acc:0.2812500	 lr:0.0001355	 Mean_Total:0.3766672
2021-09-10 22:49:08,702 - 11565 / 11569 (099%):	 Total:0.1701486	 Acc:0.1875000	 lr:0.0001351	 Mean_Total:0.3774423
2021-09-10 22:49:09,147 - ===============================| start validation |===============================
2021-09-10 22:49:45,407 - 	 Total:0.3665889	 Acc:0.1646672
2021-09-10 22:49:45,413 -    ini file updated    
2021-09-10 22:49:45,435 - Snapshot saved to /data/users/wergillius/UTR_VAE/pth/RL_gru_MTL/mixing_task_kfold/schedual_lr-model_best_cv6.pth

2021-09-10 22:49:45,436 -    ini file updated    
2021-09-10 22:49:45,436 - ===============================|    epoch 37   |===============================
2021-09-10 22:49:46,414 -     0 / 11569 (000%):	 Total:0.1882965	 Acc:0.1562500	 lr:0.0001351	 Mean_Total:0.1882965
2021-09-10 22:52:07,745 -  2313 / 11569 (019%):	 Total:0.2061127	 Acc:0.2187500	 lr:0.0001347	 Mean_Total:0.3787747
2021-09-10 22:54:30,502 -  4626 / 11569 (039%):	 Total:0.2973480	 Acc:0.2187500	 lr:0.0001344	 Mean_Total:0.3794675
2021-09-10 22:56:49,176 -  6939 / 11569 (059%):	 Total:0.3021994	 Acc:0.1562500	 lr:0.0001340	 Mean_Total:0.3775842
2021-09-10 22:59:10,892 -  9252 / 11569 (079%):	 Total:0.3293124	 Acc:0.1250000	 lr:0.0001337	 Mean_Total:0.3762712
2021-09-10 23:01:32,488 - 11565 / 11569 (099%):	 Total:1.0292578	 Acc:0.1250000	 lr:0.0001333	 Mean_Total:0.3757944
2021-09-10 23:01:32,858 - ===============================| start validation |===============================
2021-09-10 23:02:09,095 - 	 Total:0.3787935	 Acc:0.1558687
2021-09-10 23:02:09,100 -    ini file updated    
2021-09-10 23:02:09,100 - ===============================|    epoch 38   |===============================
2021-09-10 23:02:10,055 -     0 / 11569 (000%):	 Total:0.2898904	 Acc:0.2500000	 lr:0.0001333	 Mean_Total:0.2898904
2021-09-10 23:04:29,759 -  2313 / 11569 (019%):	 Total:0.2396483	 Acc:0.1562500	 lr:0.0001330	 Mean_Total:0.3682988
2021-09-10 23:06:49,776 -  4626 / 11569 (039%):	 Total:0.4294770	 Acc:0.2812500	 lr:0.0001326	 Mean_Total:0.3686037
2021-09-10 23:09:09,341 -  6939 / 11569 (059%):	 Total:0.2889995	 Acc:0.1562500	 lr:0.0001323	 Mean_Total:0.3726032
2021-09-10 23:11:31,872 -  9252 / 11569 (079%):	 Total:0.1987158	 Acc:0.2812500	 lr:0.0001319	 Mean_Total:0.3735865
2021-09-10 23:13:54,138 - 11565 / 11569 (099%):	 Total:0.3293763	 Acc:0.1875000	 lr:0.0001316	 Mean_Total:0.3746837
2021-09-10 23:13:54,523 - ===============================| start validation |===============================
2021-09-10 23:14:31,484 - 	 Total:0.3626343	 Acc:0.1720694
2021-09-10 23:14:31,492 -    ini file updated    
2021-09-10 23:14:31,517 - Snapshot saved to /data/users/wergillius/UTR_VAE/pth/RL_gru_MTL/mixing_task_kfold/schedual_lr-model_best_cv6.pth

2021-09-10 23:14:31,518 -    ini file updated    
2021-09-10 23:14:31,518 - ===============================|    epoch 39   |===============================
2021-09-10 23:14:32,580 -     0 / 11569 (000%):	 Total:0.1455313	 Acc:0.1562500	 lr:0.0001316	 Mean_Total:0.1455313
2021-09-10 23:16:57,742 -  2313 / 11569 (019%):	 Total:0.1799986	 Acc:0.3750000	 lr:0.0001313	 Mean_Total:0.3699073
2021-09-10 23:19:21,011 -  4626 / 11569 (039%):	 Total:0.6883730	 Acc:0.1875000	 lr:0.0001309	 Mean_Total:0.3708373
2021-09-10 23:21:44,175 -  6939 / 11569 (059%):	 Total:0.2987565	 Acc:0.1250000	 lr:0.0001306	 Mean_Total:0.3704965
2021-09-10 23:24:08,978 -  9252 / 11569 (079%):	 Total:0.3145192	 Acc:0.1250000	 lr:0.0001303	 Mean_Total:0.3709454
2021-09-10 23:26:33,960 - 11565 / 11569 (099%):	 Total:0.3040477	 Acc:0.1875000	 lr:0.0001299	 Mean_Total:0.3735121
2021-09-10 23:26:34,333 - ===============================| start validation |===============================
2021-09-10 23:27:09,579 - 	 Total:0.3662088	 Acc:0.1754322
2021-09-10 23:27:09,583 -    ini file updated    
2021-09-10 23:27:09,598 - Snapshot saved to /data/users/wergillius/UTR_VAE/pth/RL_gru_MTL/mixing_task_kfold/schedual_lr-model_best_cv6.pth

2021-09-10 23:27:09,598 -    ini file updated    
2021-09-10 23:27:09,599 - ===============================|    epoch 40   |===============================
2021-09-10 23:27:10,518 -     0 / 11569 (000%):	 Total:0.2247534	 Acc:0.2500000	 lr:0.0001299	 Mean_Total:0.2247534
2021-09-10 23:29:32,125 -  2313 / 11569 (019%):	 Total:0.2206035	 Acc:0.1250000	 lr:0.0001296	 Mean_Total:0.3722418
2021-09-10 23:31:51,526 -  4626 / 11569 (039%):	 Total:0.4423009	 Acc:0.1562500	 lr:0.0001293	 Mean_Total:0.3716161
2021-09-10 23:34:12,421 -  6939 / 11569 (059%):	 Total:0.1574786	 Acc:0.1875000	 lr:0.0001290	 Mean_Total:0.3710811
2021-09-10 23:36:33,409 -  9252 / 11569 (079%):	 Total:0.9805544	 Acc:0.2812500	 lr:0.0001287	 Mean_Total:0.3719330
2021-09-10 23:38:55,821 - 11565 / 11569 (099%):	 Total:0.1924215	 Acc:0.3125000	 lr:0.0001283	 Mean_Total:0.3722954
2021-09-10 23:38:56,243 - ===============================| start validation |===============================
2021-09-10 23:39:32,718 - 	 Total:0.3658270	 Acc:0.1770995
2021-09-10 23:39:32,722 -    ini file updated    
2021-09-10 23:39:32,745 - Snapshot saved to /data/users/wergillius/UTR_VAE/pth/RL_gru_MTL/mixing_task_kfold/schedual_lr-model_best_cv6.pth

2021-09-10 23:39:32,747 -    ini file updated    
2021-09-10 23:39:32,747 - ===============================|    epoch 41   |===============================
2021-09-10 23:39:33,736 -     0 / 11569 (000%):	 Total:0.1328554	 Acc:0.1875000	 lr:0.0001283	 Mean_Total:0.1328554
2021-09-10 23:41:55,355 -  2313 / 11569 (019%):	 Total:0.2950892	 Acc:0.1250000	 lr:0.0001280	 Mean_Total:0.3765680
2021-09-10 23:44:15,979 -  4626 / 11569 (039%):	 Total:0.2466229	 Acc:0.1250000	 lr:0.0001277	 Mean_Total:0.3772452
2021-09-10 23:46:39,259 -  6939 / 11569 (059%):	 Total:0.3344370	 Acc:0.0937500	 lr:0.0001274	 Mean_Total:0.3734379
2021-09-10 23:49:01,593 -  9252 / 11569 (079%):	 Total:0.4000076	 Acc:0.0625000	 lr:0.0001271	 Mean_Total:0.3727054
2021-09-10 23:51:24,161 - 11565 / 11569 (099%):	 Total:0.2468876	 Acc:0.2500000	 lr:0.0001268	 Mean_Total:0.3715588
2021-09-10 23:51:24,511 - ===============================| start validation |===============================
2021-09-10 23:51:59,987 - 	 Total:0.3680447	 Acc:0.1665140
2021-09-10 23:51:59,993 -    ini file updated    
2021-09-10 23:51:59,993 - ===============================|    epoch 42   |===============================
2021-09-10 23:52:00,861 -     0 / 11569 (000%):	 Total:0.3451698	 Acc:0.1562500	 lr:0.0001268	 Mean_Total:0.3451698
2021-09-10 23:54:19,217 -  2313 / 11569 (019%):	 Total:0.2912278	 Acc:0.2812500	 lr:0.0001265	 Mean_Total:0.3693659
2021-09-10 23:56:39,136 -  4626 / 11569 (039%):	 Total:0.4066060	 Acc:0.2500000	 lr:0.0001262	 Mean_Total:0.3705921
2021-09-10 23:59:01,507 -  6939 / 11569 (059%):	 Total:0.7100025	 Acc:0.0937500	 lr:0.0001259	 Mean_Total:0.3714150
2021-09-11 00:01:23,954 -  9252 / 11569 (079%):	 Total:0.3732433	 Acc:0.0937500	 lr:0.0001256	 Mean_Total:0.3713510
2021-09-11 00:03:47,535 - 11565 / 11569 (099%):	 Total:0.1755789	 Acc:0.1875000	 lr:0.0001253	 Mean_Total:0.3707315
2021-09-11 00:03:47,964 - ===============================| start validation |===============================
2021-09-11 00:04:24,331 - 	 Total:0.3615917	 Acc:0.1745237
2021-09-11 00:04:24,338 -    ini file updated    
2021-09-11 00:04:24,363 - Snapshot saved to /data/users/wergillius/UTR_VAE/pth/RL_gru_MTL/mixing_task_kfold/schedual_lr-model_best_cv6.pth

2021-09-11 00:04:24,364 -    ini file updated    
2021-09-11 00:04:24,365 - ===============================|    epoch 43   |===============================
2021-09-11 00:04:25,318 -     0 / 11569 (000%):	 Total:0.2654368	 Acc:0.1562500	 lr:0.0001253	 Mean_Total:0.2654368
2021-09-11 00:06:48,687 -  2313 / 11569 (019%):	 Total:0.3447162	 Acc:0.1562500	 lr:0.0001250	 Mean_Total:0.3696378
2021-09-11 00:09:09,472 -  4626 / 11569 (039%):	 Total:0.2452097	 Acc:0.0937500	 lr:0.0001247	 Mean_Total:0.3688644
2021-09-11 00:11:30,590 -  6939 / 11569 (059%):	 Total:1.0114434	 Acc:0.1562500	 lr:0.0001245	 Mean_Total:0.3691025
2021-09-11 00:13:52,496 -  9252 / 11569 (079%):	 Total:0.3514602	 Acc:0.1562500	 lr:0.0001242	 Mean_Total:0.3672213
2021-09-11 00:16:13,203 - 11565 / 11569 (099%):	 Total:0.4295113	 Acc:0.1250000	 lr:0.0001239	 Mean_Total:0.3691593
2021-09-11 00:16:13,575 - ===============================| start validation |===============================
2021-09-11 00:16:49,342 - 	 Total:0.3664229	 Acc:0.1796473
2021-09-11 00:16:49,346 -    ini file updated    
2021-09-11 00:16:49,368 - Snapshot saved to /data/users/wergillius/UTR_VAE/pth/RL_gru_MTL/mixing_task_kfold/schedual_lr-model_best_cv6.pth

2021-09-11 00:16:49,368 -    ini file updated    
2021-09-11 00:16:49,369 - ===============================|    epoch 44   |===============================
2021-09-11 00:16:50,416 -     0 / 11569 (000%):	 Total:0.5681287	 Acc:0.1562500	 lr:0.0001239	 Mean_Total:0.5681287
2021-09-11 00:19:13,232 -  2313 / 11569 (019%):	 Total:0.2573362	 Acc:0.1875000	 lr:0.0001236	 Mean_Total:0.3606965
2021-09-11 00:21:33,606 -  4626 / 11569 (039%):	 Total:0.3070566	 Acc:0.1875000	 lr:0.0001233	 Mean_Total:0.3640549
2021-09-11 00:23:57,409 -  6939 / 11569 (059%):	 Total:0.4303635	 Acc:0.1250000	 lr:0.0001230	 Mean_Total:0.3657431
2021-09-11 00:26:21,122 -  9252 / 11569 (079%):	 Total:0.5013703	 Acc:0.1875000	 lr:0.0001228	 Mean_Total:0.3663579
2021-09-11 00:28:45,008 - 11565 / 11569 (099%):	 Total:0.2812313	 Acc:0.1875000	 lr:0.0001225	 Mean_Total:0.3683280
2021-09-11 00:28:45,359 - ===============================| start validation |===============================
2021-09-11 00:29:21,344 - 	 Total:0.3626311	 Acc:0.1722974
2021-09-11 00:29:21,348 -    ini file updated    
2021-09-11 00:29:21,348 - ===============================|    epoch 45   |===============================
2021-09-11 00:29:22,325 -     0 / 11569 (000%):	 Total:0.2914730	 Acc:0.1250000	 lr:0.0001225	 Mean_Total:0.2914730
2021-09-11 00:31:42,594 -  2313 / 11569 (019%):	 Total:0.2994497	 Acc:0.0937500	 lr:0.0001222	 Mean_Total:0.3688094
2021-09-11 00:34:03,205 -  4626 / 11569 (039%):	 Total:0.3903290	 Acc:0.1562500	 lr:0.0001220	 Mean_Total:0.3676416
2021-09-11 00:36:24,583 -  6939 / 11569 (059%):	 Total:0.6947464	 Acc:0.1875000	 lr:0.0001217	 Mean_Total:0.3663586
2021-09-11 00:38:45,337 -  9252 / 11569 (079%):	 Total:0.2215952	 Acc:0.2500000	 lr:0.0001214	 Mean_Total:0.3663603
2021-09-11 00:41:06,583 - 11565 / 11569 (099%):	 Total:0.9198623	 Acc:0.2187500	 lr:0.0001212	 Mean_Total:0.3668965
2021-09-11 00:41:06,929 - ===============================| start validation |===============================
2021-09-11 00:41:42,360 - 	 Total:0.3662330	 Acc:0.1739985
2021-09-11 00:41:42,363 -    ini file updated    
2021-09-11 00:41:42,364 - ===============================|    epoch 46   |===============================
2021-09-11 00:41:43,340 -     0 / 11569 (000%):	 Total:0.3772264	 Acc:0.1250000	 lr:0.0001212	 Mean_Total:0.3772264
2021-09-11 00:44:02,640 -  2313 / 11569 (019%):	 Total:0.2561485	 Acc:0.2187500	 lr:0.0001209	 Mean_Total:0.3686404
2021-09-11 00:46:19,627 -  4626 / 11569 (039%):	 Total:0.6899883	 Acc:0.1250000	 lr:0.0001206	 Mean_Total:0.3672536
2021-09-11 00:48:36,539 -  6939 / 11569 (059%):	 Total:0.3300712	 Acc:0.0000000	 lr:0.0001204	 Mean_Total:0.3689502
2021-09-11 00:50:54,611 -  9252 / 11569 (079%):	 Total:0.4724658	 Acc:0.2187500	 lr:0.0001201	 Mean_Total:0.3680262
2021-09-11 00:53:12,406 - 11565 / 11569 (099%):	 Total:0.3141339	 Acc:0.1250000	 lr:0.0001199	 Mean_Total:0.3663525
2021-09-11 00:53:12,856 - ===============================| start validation |===============================
2021-09-11 00:53:47,735 - 	 Total:0.3651036	 Acc:0.1774248
2021-09-11 00:53:47,739 -    ini file updated    
2021-09-11 00:53:47,739 - ===============================|    epoch 47   |===============================
2021-09-11 00:53:48,851 -     0 / 11569 (000%):	 Total:0.2595781	 Acc:0.1875000	 lr:0.0001199	 Mean_Total:0.2595781
2021-09-11 00:56:08,831 -  2313 / 11569 (019%):	 Total:0.4260245	 Acc:0.2187500	 lr:0.0001196	 Mean_Total:0.3619811
2021-09-11 00:58:29,143 -  4626 / 11569 (039%):	 Total:0.2139565	 Acc:0.0937500	 lr:0.0001194	 Mean_Total:0.3644425
2021-09-11 01:00:51,131 -  6939 / 11569 (059%):	 Total:0.5343899	 Acc:0.1875000	 lr:0.0001191	 Mean_Total:0.3644228
2021-09-11 01:03:12,428 -  9252 / 11569 (079%):	 Total:0.9229522	 Acc:0.2500000	 lr:0.0001189	 Mean_Total:0.3647416
2021-09-11 01:05:33,198 - 11565 / 11569 (099%):	 Total:0.3162561	 Acc:0.0937500	 lr:0.0001186	 Mean_Total:0.3656375
2021-09-11 01:05:33,645 - ===============================| start validation |===============================
2021-09-11 01:06:09,491 - 	 Total:0.3712308	 Acc:0.1669645
2021-09-11 01:06:09,495 -    ini file updated    
2021-09-11 01:06:09,495 - ===============================|    epoch 48   |===============================
2021-09-11 01:06:10,435 -     0 / 11569 (000%):	 Total:0.3224705	 Acc:0.2187500	 lr:0.0001186	 Mean_Total:0.3224705
2021-09-11 01:08:30,243 -  2313 / 11569 (019%):	 Total:0.2555753	 Acc:0.1250000	 lr:0.0001184	 Mean_Total:0.3666930
2021-09-11 01:10:49,927 -  4626 / 11569 (039%):	 Total:0.2866148	 Acc:0.0937500	 lr:0.0001181	 Mean_Total:0.3636286
2021-09-11 01:13:10,794 -  6939 / 11569 (059%):	 Total:0.4156476	 Acc:0.0625000	 lr:0.0001179	 Mean_Total:0.3627614
2021-09-11 01:15:34,639 -  9252 / 11569 (079%):	 Total:0.3889613	 Acc:0.2187500	 lr:0.0001176	 Mean_Total:0.3630488
2021-09-11 01:17:58,428 - 11565 / 11569 (099%):	 Total:0.2137568	 Acc:0.1562500	 lr:0.0001174	 Mean_Total:0.3643068
2021-09-11 01:17:58,770 - ===============================| start validation |===============================
2021-09-11 01:18:34,757 - 	 Total:0.3612389	 Acc:0.1704899
2021-09-11 01:18:34,762 -    ini file updated    
2021-09-11 01:18:34,784 - Snapshot saved to /data/users/wergillius/UTR_VAE/pth/RL_gru_MTL/mixing_task_kfold/schedual_lr-model_best_cv6.pth

2021-09-11 01:18:34,786 -    ini file updated    
2021-09-11 01:18:34,786 - ===============================|    epoch 49   |===============================
2021-09-11 01:18:35,798 -     0 / 11569 (000%):	 Total:0.3950272	 Acc:0.1875000	 lr:0.0001174	 Mean_Total:0.3950272
2021-09-11 01:20:54,299 -  2313 / 11569 (019%):	 Total:0.6215411	 Acc:0.0937500	 lr:0.0001172	 Mean_Total:0.3626268
2021-09-11 01:23:14,524 -  4626 / 11569 (039%):	 Total:0.3712094	 Acc:0.1875000	 lr:0.0001169	 Mean_Total:0.3578583
2021-09-11 01:25:34,042 -  6939 / 11569 (059%):	 Total:0.3609904	 Acc:0.2187500	 lr:0.0001167	 Mean_Total:0.3596781
2021-09-11 01:27:53,303 -  9252 / 11569 (079%):	 Total:0.2675009	 Acc:0.1250000	 lr:0.0001164	 Mean_Total:0.3612609
2021-09-11 01:30:12,500 - 11565 / 11569 (099%):	 Total:0.2849457	 Acc:0.1562500	 lr:0.0001162	 Mean_Total:0.3623377
2021-09-11 01:30:12,851 - ===============================| start validation |===============================
2021-09-11 01:30:48,711 - 	 Total:0.3594764	 Acc:0.1753836
2021-09-11 01:30:48,718 -    ini file updated    
2021-09-11 01:30:48,738 - Snapshot saved to /data/users/wergillius/UTR_VAE/pth/RL_gru_MTL/mixing_task_kfold/schedual_lr-model_best_cv6.pth

2021-09-11 01:30:48,740 -    ini file updated    
2021-09-11 01:30:48,740 - ===============================|    epoch 50   |===============================
2021-09-11 01:30:49,785 -     0 / 11569 (000%):	 Total:0.5045308	 Acc:0.1562500	 lr:0.0001162	 Mean_Total:0.5045308
2021-09-11 01:33:08,069 -  2313 / 11569 (019%):	 Total:0.2492865	 Acc:0.2187500	 lr:0.0001160	 Mean_Total:0.3666997
2021-09-11 01:35:28,165 -  4626 / 11569 (039%):	 Total:0.4127188	 Acc:0.2500000	 lr:0.0001158	 Mean_Total:0.3632365
2021-09-11 01:37:48,176 -  6939 / 11569 (059%):	 Total:0.3411765	 Acc:0.0937500	 lr:0.0001155	 Mean_Total:0.3623986
2021-09-11 01:40:07,953 -  9252 / 11569 (079%):	 Total:0.2107349	 Acc:0.3437500	 lr:0.0001153	 Mean_Total:0.3633201
2021-09-11 01:42:27,745 - 11565 / 11569 (099%):	 Total:0.5039385	 Acc:0.1562500	 lr:0.0001151	 Mean_Total:0.3617945
2021-09-11 01:42:28,158 - ===============================| start validation |===============================
2021-09-11 01:43:03,958 - 	 Total:0.3697194	 Acc:0.1620802
2021-09-11 01:43:03,962 -    ini file updated    
2021-09-11 01:43:03,962 - ===============================|    epoch 51   |===============================
2021-09-11 01:43:04,997 -     0 / 11569 (000%):	 Total:0.7528754	 Acc:0.0625000	 lr:0.0001151	 Mean_Total:0.7528754
2021-09-11 01:45:20,559 -  2313 / 11569 (019%):	 Total:0.2722722	 Acc:0.3437500	 lr:0.0001148	 Mean_Total:0.3583444
2021-09-11 01:47:39,438 -  4626 / 11569 (039%):	 Total:0.1973327	 Acc:0.1250000	 lr:0.0001146	 Mean_Total:0.3587744
2021-09-11 01:49:58,684 -  6939 / 11569 (059%):	 Total:0.3608519	 Acc:0.2187500	 lr:0.0001144	 Mean_Total:0.3587970
2021-09-11 01:52:16,188 -  9252 / 11569 (079%):	 Total:0.3499508	 Acc:0.2187500	 lr:0.0001142	 Mean_Total:0.3601133
2021-09-11 01:54:34,883 - 11565 / 11569 (099%):	 Total:0.5595015	 Acc:0.1562500	 lr:0.0001140	 Mean_Total:0.3607106
2021-09-11 01:54:35,216 - ===============================| start validation |===============================
2021-09-11 01:55:10,889 - 	 Total:0.3594698	 Acc:0.1687403
2021-09-11 01:55:10,894 -    ini file updated    
2021-09-11 01:55:10,920 - Snapshot saved to /data/users/wergillius/UTR_VAE/pth/RL_gru_MTL/mixing_task_kfold/schedual_lr-model_best_cv6.pth

2021-09-11 01:55:10,922 -    ini file updated    
2021-09-11 01:55:10,922 - ===============================|    epoch 52   |===============================
2021-09-11 01:55:11,775 -     0 / 11569 (000%):	 Total:0.2438602	 Acc:0.1250000	 lr:0.0001140	 Mean_Total:0.2438602
2021-09-11 01:57:28,156 -  2313 / 11569 (019%):	 Total:0.2856990	 Acc:0.1562500	 lr:0.0001137	 Mean_Total:0.3644572
2021-09-11 01:59:47,203 -  4626 / 11569 (039%):	 Total:0.8747382	 Acc:0.0937500	 lr:0.0001135	 Mean_Total:0.3619588
2021-09-11 02:02:06,478 -  6939 / 11569 (059%):	 Total:0.2486680	 Acc:0.1562500	 lr:0.0001133	 Mean_Total:0.3609456
2021-09-11 02:04:26,943 -  9252 / 11569 (079%):	 Total:0.3421191	 Acc:0.1250000	 lr:0.0001131	 Mean_Total:0.3601552
2021-09-11 02:06:47,224 - 11565 / 11569 (099%):	 Total:0.6547431	 Acc:0.2500000	 lr:0.0001129	 Mean_Total:0.3596516
2021-09-11 02:06:47,568 - ===============================| start validation |===============================
2021-09-11 02:07:23,486 - 	 Total:0.3583480	 Acc:0.1783239
2021-09-11 02:07:23,490 -    ini file updated    
2021-09-11 02:07:23,505 - Snapshot saved to /data/users/wergillius/UTR_VAE/pth/RL_gru_MTL/mixing_task_kfold/schedual_lr-model_best_cv6.pth

2021-09-11 02:07:23,506 -    ini file updated    
2021-09-11 02:07:23,506 - ===============================|    epoch 53   |===============================
2021-09-11 02:07:24,424 -     0 / 11569 (000%):	 Total:0.3055561	 Acc:0.1250000	 lr:0.0001129	 Mean_Total:0.3055561
2021-09-11 02:09:41,372 -  2313 / 11569 (019%):	 Total:0.3512255	 Acc:0.1875000	 lr:0.0001127	 Mean_Total:0.3566053
2021-09-11 02:11:58,248 -  4626 / 11569 (039%):	 Total:0.2666515	 Acc:0.2500000	 lr:0.0001125	 Mean_Total:0.3591428
2021-09-11 02:14:15,105 -  6939 / 11569 (059%):	 Total:0.2829211	 Acc:0.2187500	 lr:0.0001122	 Mean_Total:0.3588743
2021-09-11 02:16:31,824 -  9252 / 11569 (079%):	 Total:0.6178880	 Acc:0.2500000	 lr:0.0001120	 Mean_Total:0.3595906
2021-09-11 02:18:49,529 - 11565 / 11569 (099%):	 Total:0.2828308	 Acc:0.1562500	 lr:0.0001118	 Mean_Total:0.3594307
2021-09-11 02:18:49,915 - ===============================| start validation |===============================
2021-09-11 02:19:25,994 - 	 Total:0.3598685	 Acc:0.1789650
2021-09-11 02:19:25,998 -    ini file updated    
2021-09-11 02:19:25,999 - ===============================|    epoch 54   |===============================
2021-09-11 02:19:27,144 -     0 / 11569 (000%):	 Total:0.6440762	 Acc:0.0937500	 lr:0.0001118	 Mean_Total:0.6440762
2021-09-11 02:21:44,300 -  2313 / 11569 (019%):	 Total:0.2999816	 Acc:0.1250000	 lr:0.0001116	 Mean_Total:0.3559851
2021-09-11 02:24:03,626 -  4626 / 11569 (039%):	 Total:0.2841399	 Acc:0.2500000	 lr:0.0001114	 Mean_Total:0.3558770
2021-09-11 02:26:23,485 -  6939 / 11569 (059%):	 Total:0.5222190	 Acc:0.2500000	 lr:0.0001112	 Mean_Total:0.3575176
2021-09-11 02:28:43,101 -  9252 / 11569 (079%):	 Total:0.3927803	 Acc:0.1875000	 lr:0.0001110	 Mean_Total:0.3578239
2021-09-11 02:31:02,909 - 11565 / 11569 (099%):	 Total:1.1282775	 Acc:0.1250000	 lr:0.0001108	 Mean_Total:0.3587271
2021-09-11 02:31:03,295 - ===============================| start validation |===============================
2021-09-11 02:31:40,237 - 	 Total:0.3654053	 Acc:0.1655420
2021-09-11 02:31:40,242 -    ini file updated    
2021-09-11 02:31:40,242 - ===============================|    epoch 55   |===============================
2021-09-11 02:31:41,271 -     0 / 11569 (000%):	 Total:0.2768205	 Acc:0.2187500	 lr:0.0001108	 Mean_Total:0.2768205
2021-09-11 02:33:58,390 -  2313 / 11569 (019%):	 Total:0.2004104	 Acc:0.1875000	 lr:0.0001106	 Mean_Total:0.3621973
2021-09-11 02:36:16,548 -  4626 / 11569 (039%):	 Total:0.2994569	 Acc:0.1562500	 lr:0.0001104	 Mean_Total:0.3576721
2021-09-11 02:38:34,785 -  6939 / 11569 (059%):	 Total:0.5505118	 Acc:0.1562500	 lr:0.0001102	 Mean_Total:0.3577363
2021-09-11 02:40:52,873 -  9252 / 11569 (079%):	 Total:1.0561233	 Acc:0.0937500	 lr:0.0001100	 Mean_Total:0.3565420
2021-09-11 02:43:11,546 - 11565 / 11569 (099%):	 Total:0.3143178	 Acc:0.0937500	 lr:0.0001098	 Mean_Total:0.3578086
2021-09-11 02:43:11,898 - ===============================| start validation |===============================
2021-09-11 02:43:48,303 - 	 Total:0.3568864	 Acc:0.1711441
2021-09-11 02:43:48,308 -    ini file updated    
2021-09-11 02:43:48,327 - Snapshot saved to /data/users/wergillius/UTR_VAE/pth/RL_gru_MTL/mixing_task_kfold/schedual_lr-model_best_cv6.pth

2021-09-11 02:43:48,328 -    ini file updated    
2021-09-11 02:43:48,328 - ===============================|    epoch 56   |===============================
2021-09-11 02:43:49,232 -     0 / 11569 (000%):	 Total:0.4240458	 Acc:0.1562500	 lr:0.0001098	 Mean_Total:0.4240458
2021-09-11 02:46:04,475 -  2313 / 11569 (019%):	 Total:0.6729809	 Acc:0.0625000	 lr:0.0001096	 Mean_Total:0.3553729
2021-09-11 02:48:18,645 -  4626 / 11569 (039%):	 Total:0.5730408	 Acc:0.1562500	 lr:0.0001094	 Mean_Total:0.3506516
2021-09-11 02:50:34,431 -  6939 / 11569 (059%):	 Total:0.2162715	 Acc:0.2500000	 lr:0.0001092	 Mean_Total:0.3541779
2021-09-11 02:52:50,507 -  9252 / 11569 (079%):	 Total:0.4096653	 Acc:0.3125000	 lr:0.0001090	 Mean_Total:0.3553762
2021-09-11 02:55:04,546 - 11565 / 11569 (099%):	 Total:0.2915496	 Acc:0.0937500	 lr:0.0001088	 Mean_Total:0.3566322
2021-09-11 02:55:04,874 - ===============================| start validation |===============================
2021-09-11 02:55:40,219 - 	 Total:0.3568670	 Acc:0.1761593
2021-09-11 02:55:40,225 -    ini file updated    
2021-09-11 02:55:40,251 - Snapshot saved to /data/users/wergillius/UTR_VAE/pth/RL_gru_MTL/mixing_task_kfold/schedual_lr-model_best_cv6.pth

2021-09-11 02:55:40,252 -    ini file updated    
2021-09-11 02:55:40,252 - ===============================|    epoch 57   |===============================
2021-09-11 02:55:41,203 -     0 / 11569 (000%):	 Total:0.3274148	 Acc:0.2500000	 lr:0.0001088	 Mean_Total:0.3274148
2021-09-11 02:57:57,783 -  2313 / 11569 (019%):	 Total:0.1441784	 Acc:0.2812500	 lr:0.0001087	 Mean_Total:0.3483535
2021-09-11 03:00:15,428 -  4626 / 11569 (039%):	 Total:0.2732317	 Acc:0.1875000	 lr:0.0001085	 Mean_Total:0.3499532
2021-09-11 03:02:32,375 -  6939 / 11569 (059%):	 Total:0.2203808	 Acc:0.1875000	 lr:0.0001083	 Mean_Total:0.3527007
2021-09-11 03:04:49,070 -  9252 / 11569 (079%):	 Total:0.3043536	 Acc:0.1562500	 lr:0.0001081	 Mean_Total:0.3540049
2021-09-11 03:07:05,098 - 11565 / 11569 (099%):	 Total:0.3141176	 Acc:0.0312500	 lr:0.0001079	 Mean_Total:0.3554585
2021-09-11 03:07:05,429 - ===============================| start validation |===============================
2021-09-11 03:07:41,260 - 	 Total:0.3556704	 Acc:0.1731255
2021-09-11 03:07:41,266 -    ini file updated    
2021-09-11 03:07:41,285 - Snapshot saved to /data/users/wergillius/UTR_VAE/pth/RL_gru_MTL/mixing_task_kfold/schedual_lr-model_best_cv6.pth

2021-09-11 03:07:41,286 -    ini file updated    
2021-09-11 03:07:41,286 - ===============================|    epoch 58   |===============================
2021-09-11 03:07:42,188 -     0 / 11569 (000%):	 Total:0.3233901	 Acc:0.1250000	 lr:0.0001079	 Mean_Total:0.3233901
2021-09-11 03:09:58,735 -  2313 / 11569 (019%):	 Total:0.2526068	 Acc:0.2187500	 lr:0.0001077	 Mean_Total:0.3519699
2021-09-11 03:12:15,794 -  4626 / 11569 (039%):	 Total:0.2260924	 Acc:0.2187500	 lr:0.0001075	 Mean_Total:0.3546141
2021-09-11 03:14:33,398 -  6939 / 11569 (059%):	 Total:0.2565314	 Acc:0.0625000	 lr:0.0001073	 Mean_Total:0.3542051
2021-09-11 03:16:52,559 -  9252 / 11569 (079%):	 Total:0.3900113	 Acc:0.0625000	 lr:0.0001072	 Mean_Total:0.3547397
2021-09-11 03:19:07,963 - 11565 / 11569 (099%):	 Total:0.2316199	 Acc:0.2812500	 lr:0.0001070	 Mean_Total:0.3546927
2021-09-11 03:19:08,334 - ===============================| start validation |===============================
2021-09-11 03:19:44,473 - 	 Total:0.3568468	 Acc:0.1744359
2021-09-11 03:19:44,478 -    ini file updated    
2021-09-11 03:19:44,478 - ===============================|    epoch 59   |===============================
2021-09-11 03:19:45,486 -     0 / 11569 (000%):	 Total:0.3338224	 Acc:0.1562500	 lr:0.0001070	 Mean_Total:0.3338224
2021-09-11 03:22:03,836 -  2313 / 11569 (019%):	 Total:0.9359667	 Acc:0.2187500	 lr:0.0001068	 Mean_Total:0.3491943
2021-09-11 03:24:25,140 -  4626 / 11569 (039%):	 Total:0.2615622	 Acc:0.1875000	 lr:0.0001066	 Mean_Total:0.3527554
2021-09-11 03:26:46,436 -  6939 / 11569 (059%):	 Total:0.2258851	 Acc:0.1875000	 lr:0.0001064	 Mean_Total:0.3511428
2021-09-11 03:29:07,121 -  9252 / 11569 (079%):	 Total:0.1811368	 Acc:0.1562500	 lr:0.0001063	 Mean_Total:0.3518251
2021-09-11 03:31:27,264 - 11565 / 11569 (099%):	 Total:0.1760359	 Acc:0.2187500	 lr:0.0001061	 Mean_Total:0.3538520
2021-09-11 03:31:27,637 - ===============================| start validation |===============================
2021-09-11 03:32:04,866 - 	 Total:0.3614913	 Acc:0.1745461
2021-09-11 03:32:04,869 -    ini file updated    
2021-09-11 03:32:04,869 - ===============================|    epoch 60   |===============================
2021-09-11 03:32:05,859 -     0 / 11569 (000%):	 Total:0.3112711	 Acc:0.0937500	 lr:0.0001061	 Mean_Total:0.3112711
2021-09-11 03:34:15,891 -  2313 / 11569 (019%):	 Total:0.2211868	 Acc:0.1562500	 lr:0.0001059	 Mean_Total:0.3516877
2021-09-11 03:36:18,581 -  4626 / 11569 (039%):	 Total:0.1385519	 Acc:0.2187500	 lr:0.0001057	 Mean_Total:0.3526678
2021-09-11 03:38:22,379 -  6939 / 11569 (059%):	 Total:0.6103117	 Acc:0.1562500	 lr:0.0001056	 Mean_Total:0.3541384
2021-09-11 03:40:26,350 -  9252 / 11569 (079%):	 Total:0.2572978	 Acc:0.2187500	 lr:0.0001054	 Mean_Total:0.3530570
2021-09-11 03:42:28,243 - 11565 / 11569 (099%):	 Total:0.3833788	 Acc:0.1875000	 lr:0.0001052	 Mean_Total:0.3531465
2021-09-11 03:42:28,614 - ===============================| start validation |===============================
2021-09-11 03:42:57,864 - 	 Total:0.3556616	 Acc:0.1766715
2021-09-11 03:42:57,869 -    ini file updated    
2021-09-11 03:42:57,890 - Snapshot saved to /data/users/wergillius/UTR_VAE/pth/RL_gru_MTL/mixing_task_kfold/schedual_lr-model_best_cv6.pth

2021-09-11 03:42:57,891 -    ini file updated    
