2021-07-18 18:24:52,008 - 
===============================|    epoch 0   |===============================

2021-07-18 18:24:52,511 -     0 /  2200 (0.0%):	 Total:0.8216546	 Acc:0.2187500	 Mean_Total:0.8216546
2021-07-18 18:25:01,898 -   440 /  2200 (20.0%):	 Total:0.4481489	 Acc:0.1562500	 Mean_Total:0.5502527
2021-07-18 18:25:11,347 -   880 /  2200 (40.0%):	 Total:0.2710713	 Acc:0.2500000	 Mean_Total:0.4698390
2021-07-18 18:25:21,804 -  1320 /  2200 (60.0%):	 Total:0.2501808	 Acc:0.5000000	 Mean_Total:0.4203271
2021-07-18 18:25:32,664 -  1760 /  2200 (80.0%):	 Total:0.5626489	 Acc:0.3125000	 Mean_Total:0.3957441
2021-07-18 18:25:47,681 - 
===============================| start validation |===============================

2021-07-18 18:25:47,682 - 	 Total:0.2910320	 Acc:0.3573864
2021-07-18 18:25:47,686 -    ini file updated    
2021-07-18 18:25:47,725 - Snapshot saved to /data/users/wergillius/UTR_VAE/pth/RL_gru_MTL/ds4rl_human/big_RL_lr1e3-model_best.pth

2021-07-18 18:25:47,726 -    ini file updated    
2021-07-18 18:25:47,727 - 
===============================|    epoch 1   |===============================

2021-07-18 18:25:48,153 -     0 /  2200 (0.0%):	 Total:0.3885352	 Acc:0.3125000	 Mean_Total:0.3885352
2021-07-18 18:26:00,054 -   440 /  2200 (20.0%):	 Total:0.1931320	 Acc:0.3750000	 Mean_Total:0.2495677
2021-07-18 18:26:11,537 -   880 /  2200 (40.0%):	 Total:0.3554035	 Acc:0.4062500	 Mean_Total:0.2442743
2021-07-18 18:26:23,199 -  1320 /  2200 (60.0%):	 Total:0.1810707	 Acc:0.2500000	 Mean_Total:0.2430594
2021-07-18 18:26:34,785 -  1760 /  2200 (80.0%):	 Total:0.3400536	 Acc:0.4062500	 Mean_Total:0.2444739
2021-07-18 18:26:46,790 - 
===============================|    epoch 2   |===============================

2021-07-18 18:26:47,248 -     0 /  2200 (0.0%):	 Total:0.1732262	 Acc:0.4062500	 Mean_Total:0.1732262
2021-07-18 18:26:58,658 -   440 /  2200 (20.0%):	 Total:0.1138885	 Acc:0.5000000	 Mean_Total:0.1916863
2021-07-18 18:27:09,843 -   880 /  2200 (40.0%):	 Total:0.2494204	 Acc:0.4375000	 Mean_Total:0.1931709
2021-07-18 18:27:21,157 -  1320 /  2200 (60.0%):	 Total:0.1671309	 Acc:0.4375000	 Mean_Total:0.1949674
2021-07-18 18:27:32,406 -  1760 /  2200 (80.0%):	 Total:0.1188551	 Acc:0.4375000	 Mean_Total:0.1994487
2021-07-18 18:27:47,348 - 
===============================| start validation |===============================

2021-07-18 18:27:47,350 - 	 Total:0.1489762	 Acc:0.4795455
2021-07-18 18:27:47,353 -    ini file updated    
2021-07-18 18:27:47,377 - Snapshot saved to /data/users/wergillius/UTR_VAE/pth/RL_gru_MTL/ds4rl_human/big_RL_lr1e3-model_best.pth

2021-07-18 18:27:47,377 -    ini file updated    
2021-07-18 18:27:47,378 - 
===============================|    epoch 3   |===============================

2021-07-18 18:27:47,830 -     0 /  2200 (0.0%):	 Total:0.1164107	 Acc:0.3125000	 Mean_Total:0.1164107
2021-07-18 18:27:59,194 -   440 /  2200 (20.0%):	 Total:0.1251099	 Acc:0.4375000	 Mean_Total:0.1639528
2021-07-18 18:28:10,320 -   880 /  2200 (40.0%):	 Total:0.2145308	 Acc:0.3125000	 Mean_Total:0.1674922
2021-07-18 18:28:21,410 -  1320 /  2200 (60.0%):	 Total:0.1494693	 Acc:0.4687500	 Mean_Total:0.1715490
2021-07-18 18:28:32,690 -  1760 /  2200 (80.0%):	 Total:0.1672090	 Acc:0.4375000	 Mean_Total:0.1775244
2021-07-18 18:28:44,220 - 
===============================|    epoch 4   |===============================

2021-07-18 18:28:44,700 -     0 /  2200 (0.0%):	 Total:0.0851794	 Acc:0.5937500	 Mean_Total:0.0851794
2021-07-18 18:28:56,824 -   440 /  2200 (20.0%):	 Total:0.1637332	 Acc:0.4687500	 Mean_Total:0.1534704
2021-07-18 18:29:08,864 -   880 /  2200 (40.0%):	 Total:0.0772293	 Acc:0.5625000	 Mean_Total:0.1548039
2021-07-18 18:29:20,882 -  1320 /  2200 (60.0%):	 Total:0.1617761	 Acc:0.3750000	 Mean_Total:0.1575839
2021-07-18 18:29:32,907 -  1760 /  2200 (80.0%):	 Total:0.1589988	 Acc:0.5000000	 Mean_Total:0.1637622
2021-07-18 18:29:48,946 - 
===============================| start validation |===============================

2021-07-18 18:29:48,947 - 	 Total:0.1368655	 Acc:0.5001136
2021-07-18 18:29:48,950 -    ini file updated    
2021-07-18 18:29:48,973 - Snapshot saved to /data/users/wergillius/UTR_VAE/pth/RL_gru_MTL/ds4rl_human/big_RL_lr1e3-model_best.pth

2021-07-18 18:29:48,974 -    ini file updated    
2021-07-18 18:29:48,974 - 
===============================|    epoch 5   |===============================

2021-07-18 18:29:49,398 -     0 /  2200 (0.0%):	 Total:0.0832927	 Acc:0.4687500	 Mean_Total:0.0832927
2021-07-18 18:30:02,046 -   440 /  2200 (20.0%):	 Total:0.4649548	 Acc:0.4062500	 Mean_Total:0.1381451
2021-07-18 18:30:14,746 -   880 /  2200 (40.0%):	 Total:0.1285754	 Acc:0.5625000	 Mean_Total:0.1429680
2021-07-18 18:30:27,315 -  1320 /  2200 (60.0%):	 Total:0.1009268	 Acc:0.4375000	 Mean_Total:0.1468440
2021-07-18 18:30:39,575 -  1760 /  2200 (80.0%):	 Total:0.2652156	 Acc:0.5312500	 Mean_Total:0.1529715
2021-07-18 18:30:51,950 - 
===============================|    epoch 6   |===============================

2021-07-18 18:30:52,374 -     0 /  2200 (0.0%):	 Total:0.1400357	 Acc:0.2500000	 Mean_Total:0.1400357
2021-07-18 18:31:03,937 -   440 /  2200 (20.0%):	 Total:0.0578031	 Acc:0.5937500	 Mean_Total:0.1332684
2021-07-18 18:31:15,397 -   880 /  2200 (40.0%):	 Total:0.1930107	 Acc:0.5000000	 Mean_Total:0.1381412
2021-07-18 18:31:27,043 -  1320 /  2200 (60.0%):	 Total:0.1659620	 Acc:0.4062500	 Mean_Total:0.1416608
2021-07-18 18:31:38,442 -  1760 /  2200 (80.0%):	 Total:0.0972748	 Acc:0.3750000	 Mean_Total:0.1473708
2021-07-18 18:31:53,496 - 
===============================| start validation |===============================

2021-07-18 18:31:53,498 - 	 Total:0.1281175	 Acc:0.5182955
2021-07-18 18:31:53,502 -    ini file updated    
2021-07-18 18:31:53,526 - Snapshot saved to /data/users/wergillius/UTR_VAE/pth/RL_gru_MTL/ds4rl_human/big_RL_lr1e3-model_best.pth

2021-07-18 18:31:53,526 -    ini file updated    
2021-07-18 18:31:53,526 - 
===============================|    epoch 7   |===============================

2021-07-18 18:31:53,919 -     0 /  2200 (0.0%):	 Total:0.1089690	 Acc:0.3437500	 Mean_Total:0.1089690
2021-07-18 18:32:05,782 -   440 /  2200 (20.0%):	 Total:0.1705573	 Acc:0.5937500	 Mean_Total:0.1272705
2021-07-18 18:32:17,373 -   880 /  2200 (40.0%):	 Total:0.0801764	 Acc:0.5312500	 Mean_Total:0.1312311
2021-07-18 18:32:28,874 -  1320 /  2200 (60.0%):	 Total:0.0731181	 Acc:0.5937500	 Mean_Total:0.1337171
2021-07-18 18:32:40,527 -  1760 /  2200 (80.0%):	 Total:0.1026612	 Acc:0.4687500	 Mean_Total:0.1398378
2021-07-18 18:32:52,304 - 
===============================|    epoch 8   |===============================

2021-07-18 18:32:52,761 -     0 /  2200 (0.0%):	 Total:0.0568505	 Acc:0.5312500	 Mean_Total:0.0568505
2021-07-18 18:33:05,199 -   440 /  2200 (20.0%):	 Total:0.1329040	 Acc:0.5312500	 Mean_Total:0.1220337
2021-07-18 18:33:17,230 -   880 /  2200 (40.0%):	 Total:0.1295224	 Acc:0.4062500	 Mean_Total:0.1257676
2021-07-18 18:33:29,286 -  1320 /  2200 (60.0%):	 Total:0.0922533	 Acc:0.6875000	 Mean_Total:0.1280717
2021-07-18 18:33:41,526 -  1760 /  2200 (80.0%):	 Total:0.1274201	 Acc:0.4687500	 Mean_Total:0.1337748
2021-07-18 18:33:57,497 - 
===============================| start validation |===============================

2021-07-18 18:33:57,498 - 	 Total:0.1258973	 Acc:0.4896591
2021-07-18 18:33:57,500 -    ini file updated    
2021-07-18 18:33:57,523 - Snapshot saved to /data/users/wergillius/UTR_VAE/pth/RL_gru_MTL/ds4rl_human/big_RL_lr1e3-model_best.pth

2021-07-18 18:33:57,523 -    ini file updated    
2021-07-18 18:33:57,523 - 
===============================|    epoch 9   |===============================

2021-07-18 18:33:57,918 -     0 /  2200 (0.0%):	 Total:0.0912316	 Acc:0.5937500	 Mean_Total:0.0912316
2021-07-18 18:34:10,038 -   440 /  2200 (20.0%):	 Total:0.0727092	 Acc:0.6875000	 Mean_Total:0.1177658
2021-07-18 18:34:22,117 -   880 /  2200 (40.0%):	 Total:0.0914993	 Acc:0.5312500	 Mean_Total:0.1209701
2021-07-18 18:34:34,319 -  1320 /  2200 (60.0%):	 Total:0.1128510	 Acc:0.4062500	 Mean_Total:0.1237805
2021-07-18 18:34:46,618 -  1760 /  2200 (80.0%):	 Total:0.0592172	 Acc:0.6250000	 Mean_Total:0.1288687
2021-07-18 18:34:58,611 - 
===============================|    epoch 10   |===============================

2021-07-18 18:34:59,058 -     0 /  2200 (0.0%):	 Total:0.2570189	 Acc:0.4375000	 Mean_Total:0.2570189
2021-07-18 18:35:10,372 -   440 /  2200 (20.0%):	 Total:0.1156669	 Acc:0.5625000	 Mean_Total:0.1123264
2021-07-18 18:35:21,416 -   880 /  2200 (40.0%):	 Total:0.0381581	 Acc:0.6562500	 Mean_Total:0.1167568
2021-07-18 18:35:32,935 -  1320 /  2200 (60.0%):	 Total:0.1010152	 Acc:0.5312500	 Mean_Total:0.1199841
2021-07-18 18:35:44,552 -  1760 /  2200 (80.0%):	 Total:0.1180381	 Acc:0.3750000	 Mean_Total:0.1250927
2021-07-18 18:35:59,839 - 
===============================| start validation |===============================

2021-07-18 18:35:59,841 - 	 Total:0.1201875	 Acc:0.5067045
2021-07-18 18:35:59,844 -    ini file updated    
2021-07-18 18:35:59,870 - Snapshot saved to /data/users/wergillius/UTR_VAE/pth/RL_gru_MTL/ds4rl_human/big_RL_lr1e3-model_best.pth

2021-07-18 18:35:59,871 -    ini file updated    
2021-07-18 18:35:59,871 - 
===============================|    epoch 11   |===============================

2021-07-18 18:36:00,356 -     0 /  2200 (0.0%):	 Total:0.1908157	 Acc:0.2812500	 Mean_Total:0.1908157
2021-07-18 18:36:12,105 -   440 /  2200 (20.0%):	 Total:0.0881912	 Acc:0.4062500	 Mean_Total:0.1091714
2021-07-18 18:36:23,865 -   880 /  2200 (40.0%):	 Total:0.0986239	 Acc:0.4687500	 Mean_Total:0.1131123
2021-07-18 18:36:35,620 -  1320 /  2200 (60.0%):	 Total:0.1097116	 Acc:0.4062500	 Mean_Total:0.1151136
2021-07-18 18:36:47,104 -  1760 /  2200 (80.0%):	 Total:0.1628548	 Acc:0.5312500	 Mean_Total:0.1204583
2021-07-18 18:36:58,562 - 
===============================|    epoch 12   |===============================

2021-07-18 18:36:58,993 -     0 /  2200 (0.0%):	 Total:0.1464646	 Acc:0.4375000	 Mean_Total:0.1464646
2021-07-18 18:37:11,435 -   440 /  2200 (20.0%):	 Total:0.0961313	 Acc:0.5312500	 Mean_Total:0.1044662
2021-07-18 18:37:23,719 -   880 /  2200 (40.0%):	 Total:0.0687128	 Acc:0.5937500	 Mean_Total:0.1106310
2021-07-18 18:37:36,154 -  1320 /  2200 (60.0%):	 Total:0.1076346	 Acc:0.5625000	 Mean_Total:0.1131942
2021-07-18 18:37:48,324 -  1760 /  2200 (80.0%):	 Total:0.0735692	 Acc:0.5625000	 Mean_Total:0.1179132
2021-07-18 18:38:04,596 - 
===============================| start validation |===============================

2021-07-18 18:38:04,597 - 	 Total:0.1175306	 Acc:0.5292045
2021-07-18 18:38:04,600 -    ini file updated    
2021-07-18 18:38:04,627 - Snapshot saved to /data/users/wergillius/UTR_VAE/pth/RL_gru_MTL/ds4rl_human/big_RL_lr1e3-model_best.pth

2021-07-18 18:38:04,628 -    ini file updated    
2021-07-18 18:38:04,628 - 
===============================|    epoch 13   |===============================

2021-07-18 18:38:05,064 -     0 /  2200 (0.0%):	 Total:0.0880547	 Acc:0.4687500	 Mean_Total:0.0880547
2021-07-18 18:38:17,608 -   440 /  2200 (20.0%):	 Total:0.1050372	 Acc:0.5312500	 Mean_Total:0.1032959
2021-07-18 18:38:29,918 -   880 /  2200 (40.0%):	 Total:0.0930771	 Acc:0.6250000	 Mean_Total:0.1068727
2021-07-18 18:38:41,838 -  1320 /  2200 (60.0%):	 Total:0.1005877	 Acc:0.5937500	 Mean_Total:0.1100118
2021-07-18 18:38:54,284 -  1760 /  2200 (80.0%):	 Total:0.1076141	 Acc:0.4687500	 Mean_Total:0.1152198
2021-07-18 18:39:06,720 - 
===============================|    epoch 14   |===============================

2021-07-18 18:39:07,158 -     0 /  2200 (0.0%):	 Total:0.0521782	 Acc:0.6875000	 Mean_Total:0.0521782
2021-07-18 18:39:18,990 -   440 /  2200 (20.0%):	 Total:0.0688830	 Acc:0.5625000	 Mean_Total:0.0998719
2021-07-18 18:39:30,479 -   880 /  2200 (40.0%):	 Total:0.1272770	 Acc:0.5625000	 Mean_Total:0.1037818
2021-07-18 18:39:42,070 -  1320 /  2200 (60.0%):	 Total:0.0799018	 Acc:0.4375000	 Mean_Total:0.1073392
2021-07-18 18:39:53,680 -  1760 /  2200 (80.0%):	 Total:0.1075414	 Acc:0.3750000	 Mean_Total:0.1121868
2021-07-18 18:40:08,723 - 
===============================| start validation |===============================

2021-07-18 18:40:08,725 - 	 Total:0.1251762	 Acc:0.5043182
2021-07-18 18:40:08,728 -    ini file updated    
2021-07-18 18:40:08,728 - 
===============================|    epoch 15   |===============================

2021-07-18 18:40:09,200 -     0 /  2200 (0.0%):	 Total:0.1155014	 Acc:0.4062500	 Mean_Total:0.1155014
2021-07-18 18:40:20,949 -   440 /  2200 (20.0%):	 Total:0.1056937	 Acc:0.3750000	 Mean_Total:0.0989994
2021-07-18 18:40:32,439 -   880 /  2200 (40.0%):	 Total:0.0918080	 Acc:0.5000000	 Mean_Total:0.1018819
2021-07-18 18:40:43,777 -  1320 /  2200 (60.0%):	 Total:0.0655667	 Acc:0.7187500	 Mean_Total:0.1042396
2021-07-18 18:40:55,143 -  1760 /  2200 (80.0%):	 Total:0.1084242	 Acc:0.4062500	 Mean_Total:0.1094362
2021-07-18 18:41:06,808 - 
===============================|    epoch 16   |===============================

2021-07-18 18:41:07,270 -     0 /  2200 (0.0%):	 Total:0.1343411	 Acc:0.5625000	 Mean_Total:0.1343411
2021-07-18 18:41:19,406 -   440 /  2200 (20.0%):	 Total:0.1094309	 Acc:0.5000000	 Mean_Total:0.0945444
2021-07-18 18:41:31,369 -   880 /  2200 (40.0%):	 Total:0.0937055	 Acc:0.4062500	 Mean_Total:0.0994195
2021-07-18 18:41:43,387 -  1320 /  2200 (60.0%):	 Total:0.0536960	 Acc:0.6875000	 Mean_Total:0.1014200
2021-07-18 18:41:55,410 -  1760 /  2200 (80.0%):	 Total:0.1285333	 Acc:0.5625000	 Mean_Total:0.1071456
2021-07-18 18:42:11,014 - 
===============================| start validation |===============================

2021-07-18 18:42:11,015 - 	 Total:0.1205100	 Acc:0.5254545
2021-07-18 18:42:11,019 -    ini file updated    
2021-07-18 18:42:11,019 - 
===============================|    epoch 17   |===============================

2021-07-18 18:42:11,494 -     0 /  2200 (0.0%):	 Total:0.1522153	 Acc:0.4062500	 Mean_Total:0.1522153
2021-07-18 18:42:24,187 -   440 /  2200 (20.0%):	 Total:0.0751584	 Acc:0.5937500	 Mean_Total:0.0935366
2021-07-18 18:42:36,597 -   880 /  2200 (40.0%):	 Total:0.0641838	 Acc:0.6250000	 Mean_Total:0.0973272
2021-07-18 18:42:49,132 -  1320 /  2200 (60.0%):	 Total:0.1126277	 Acc:0.4375000	 Mean_Total:0.0997521
2021-07-18 18:43:01,400 -  1760 /  2200 (80.0%):	 Total:0.1221749	 Acc:0.4375000	 Mean_Total:0.1044534
2021-07-18 18:43:14,050 - 
===============================|    epoch 18   |===============================

2021-07-18 18:43:14,532 -     0 /  2200 (0.0%):	 Total:0.1059911	 Acc:0.3750000	 Mean_Total:0.1059911
2021-07-18 18:43:26,204 -   440 /  2200 (20.0%):	 Total:0.0586844	 Acc:0.6250000	 Mean_Total:0.0923286
2021-07-18 18:43:38,013 -   880 /  2200 (40.0%):	 Total:0.0907558	 Acc:0.5312500	 Mean_Total:0.0955974
2021-07-18 18:43:49,528 -  1320 /  2200 (60.0%):	 Total:0.1516838	 Acc:0.5312500	 Mean_Total:0.0977741
2021-07-18 18:44:01,053 -  1760 /  2200 (80.0%):	 Total:0.1142279	 Acc:0.4375000	 Mean_Total:0.1021619
2021-07-18 18:44:16,523 - 
===============================| start validation |===============================

2021-07-18 18:44:16,524 - 	 Total:0.1150091	 Acc:0.5439773
2021-07-18 18:44:16,532 -    ini file updated    
2021-07-18 18:44:16,560 - Snapshot saved to /data/users/wergillius/UTR_VAE/pth/RL_gru_MTL/ds4rl_human/big_RL_lr1e3-model_best.pth

2021-07-18 18:44:16,561 -    ini file updated    
2021-07-18 18:44:16,561 - 
===============================|    epoch 19   |===============================

2021-07-18 18:44:17,023 -     0 /  2200 (0.0%):	 Total:0.0945871	 Acc:0.3750000	 Mean_Total:0.0945871
2021-07-18 18:44:29,285 -   440 /  2200 (20.0%):	 Total:0.0767422	 Acc:0.5312500	 Mean_Total:0.0890019
2021-07-18 18:44:41,220 -   880 /  2200 (40.0%):	 Total:0.1324915	 Acc:0.6250000	 Mean_Total:0.0941640
2021-07-18 18:44:52,586 -  1320 /  2200 (60.0%):	 Total:0.0658536	 Acc:0.6250000	 Mean_Total:0.0958074
2021-07-18 18:45:04,014 -  1760 /  2200 (80.0%):	 Total:0.1141636	 Acc:0.4687500	 Mean_Total:0.1007063
2021-07-18 18:45:15,745 - 
===============================|    epoch 20   |===============================

2021-07-18 18:45:16,184 -     0 /  2200 (0.0%):	 Total:0.0933719	 Acc:0.5000000	 Mean_Total:0.0933719
2021-07-18 18:45:28,639 -   440 /  2200 (20.0%):	 Total:0.0941919	 Acc:0.4375000	 Mean_Total:0.0883020
2021-07-18 18:45:41,165 -   880 /  2200 (40.0%):	 Total:0.5433314	 Acc:0.5000000	 Mean_Total:0.0919617
2021-07-18 18:45:53,479 -  1320 /  2200 (60.0%):	 Total:0.0729781	 Acc:0.5000000	 Mean_Total:0.0949622
2021-07-18 18:46:05,528 -  1760 /  2200 (80.0%):	 Total:0.3859451	 Acc:0.3750000	 Mean_Total:0.0997607
2021-07-18 18:46:20,833 - 
===============================| start validation |===============================

2021-07-18 18:46:20,834 - 	 Total:0.1090898	 Acc:0.5442045
2021-07-18 18:46:20,837 -    ini file updated    
2021-07-18 18:46:20,859 - Snapshot saved to /data/users/wergillius/UTR_VAE/pth/RL_gru_MTL/ds4rl_human/big_RL_lr1e3-model_best.pth

2021-07-18 18:46:20,859 -    ini file updated    
2021-07-18 18:46:20,860 - 
===============================|    epoch 21   |===============================

2021-07-18 18:46:21,332 -     0 /  2200 (0.0%):	 Total:0.0760233	 Acc:0.5312500	 Mean_Total:0.0760233
2021-07-18 18:46:33,371 -   440 /  2200 (20.0%):	 Total:0.0812164	 Acc:0.5000000	 Mean_Total:0.0848533
2021-07-18 18:46:45,406 -   880 /  2200 (40.0%):	 Total:0.0564009	 Acc:0.6250000	 Mean_Total:0.0899050
2021-07-18 18:46:57,206 -  1320 /  2200 (60.0%):	 Total:0.0946900	 Acc:0.5312500	 Mean_Total:0.0923537
2021-07-18 18:47:09,070 -  1760 /  2200 (80.0%):	 Total:0.0854274	 Acc:0.5625000	 Mean_Total:0.0967739
2021-07-18 18:47:21,301 - 
===============================|    epoch 22   |===============================

2021-07-18 18:47:21,753 -     0 /  2200 (0.0%):	 Total:0.1203232	 Acc:0.4687500	 Mean_Total:0.1203232
2021-07-18 18:47:32,836 -   440 /  2200 (20.0%):	 Total:0.0484907	 Acc:0.6875000	 Mean_Total:0.0878802
2021-07-18 18:47:44,344 -   880 /  2200 (40.0%):	 Total:0.0823592	 Acc:0.4062500	 Mean_Total:0.0909084
2021-07-18 18:47:55,619 -  1320 /  2200 (60.0%):	 Total:0.0664595	 Acc:0.4687500	 Mean_Total:0.0922254
2021-07-18 18:48:06,662 -  1760 /  2200 (80.0%):	 Total:0.1492416	 Acc:0.4687500	 Mean_Total:0.0965903
2021-07-18 18:48:21,513 - 
===============================| start validation |===============================

2021-07-18 18:48:21,514 - 	 Total:0.1155999	 Acc:0.5251136
2021-07-18 18:48:21,516 -    ini file updated    
2021-07-18 18:48:21,517 - 
===============================|    epoch 23   |===============================

2021-07-18 18:48:21,978 -     0 /  2200 (0.0%):	 Total:0.0634092	 Acc:0.5937500	 Mean_Total:0.0634092
2021-07-18 18:48:34,097 -   440 /  2200 (20.0%):	 Total:0.0587473	 Acc:0.5937500	 Mean_Total:0.0857250
2021-07-18 18:48:46,130 -   880 /  2200 (40.0%):	 Total:0.0598101	 Acc:0.5937500	 Mean_Total:0.0881819
2021-07-18 18:48:58,152 -  1320 /  2200 (60.0%):	 Total:0.2787502	 Acc:0.5000000	 Mean_Total:0.0909702
2021-07-18 18:49:09,998 -  1760 /  2200 (80.0%):	 Total:0.1198265	 Acc:0.4375000	 Mean_Total:0.0951804
2021-07-18 18:49:21,783 - 
===============================|    epoch 24   |===============================

2021-07-18 18:49:22,238 -     0 /  2200 (0.0%):	 Total:0.1010911	 Acc:0.4062500	 Mean_Total:0.1010911
2021-07-18 18:49:34,524 -   440 /  2200 (20.0%):	 Total:0.0534105	 Acc:0.7187500	 Mean_Total:0.0845268
2021-07-18 18:49:47,118 -   880 /  2200 (40.0%):	 Total:0.1557809	 Acc:0.5312500	 Mean_Total:0.0872619
2021-07-18 18:49:59,358 -  1320 /  2200 (60.0%):	 Total:0.1264788	 Acc:0.5312500	 Mean_Total:0.0894796
2021-07-18 18:50:11,463 -  1760 /  2200 (80.0%):	 Total:0.0987511	 Acc:0.5312500	 Mean_Total:0.0932187
2021-07-18 18:50:26,930 - 
===============================| start validation |===============================

2021-07-18 18:50:26,932 - 	 Total:0.1157911	 Acc:0.5248864
2021-07-18 18:50:26,936 -    ini file updated    
2021-07-18 18:50:26,936 - 
===============================|    epoch 25   |===============================

2021-07-18 18:50:27,460 -     0 /  2200 (0.0%):	 Total:0.0616494	 Acc:0.5937500	 Mean_Total:0.0616494
2021-07-18 18:50:40,034 -   440 /  2200 (20.0%):	 Total:0.0593109	 Acc:0.6562500	 Mean_Total:0.0833811
2021-07-18 18:50:52,500 -   880 /  2200 (40.0%):	 Total:0.0591170	 Acc:0.6875000	 Mean_Total:0.0855890
2021-07-18 18:51:04,506 -  1320 /  2200 (60.0%):	 Total:0.0860768	 Acc:0.5937500	 Mean_Total:0.0875722
2021-07-18 18:51:16,205 -  1760 /  2200 (80.0%):	 Total:0.0657953	 Acc:0.5000000	 Mean_Total:0.0917014
2021-07-18 18:51:28,066 - 
===============================|    epoch 26   |===============================

2021-07-18 18:51:28,549 -     0 /  2200 (0.0%):	 Total:0.0741944	 Acc:0.5312500	 Mean_Total:0.0741944
2021-07-18 18:51:40,179 -   440 /  2200 (20.0%):	 Total:0.0696792	 Acc:0.5000000	 Mean_Total:0.0810278
2021-07-18 18:51:51,823 -   880 /  2200 (40.0%):	 Total:0.0518210	 Acc:0.7187500	 Mean_Total:0.0856769
2021-07-18 18:52:03,519 -  1320 /  2200 (60.0%):	 Total:0.0773985	 Acc:0.4062500	 Mean_Total:0.0876615
2021-07-18 18:52:15,201 -  1760 /  2200 (80.0%):	 Total:0.1683593	 Acc:0.5312500	 Mean_Total:0.0917308
2021-07-18 18:52:30,076 - 
===============================| start validation |===============================

2021-07-18 18:52:30,077 - 	 Total:0.1186464	 Acc:0.5297727
2021-07-18 18:52:30,079 -    ini file updated    
2021-07-18 18:52:30,079 - 
===============================|    epoch 27   |===============================

2021-07-18 18:52:30,527 -     0 /  2200 (0.0%):	 Total:0.0935607	 Acc:0.4687500	 Mean_Total:0.0935607
2021-07-18 18:52:42,703 -   440 /  2200 (20.0%):	 Total:0.0460805	 Acc:0.6250000	 Mean_Total:0.0829231
2021-07-18 18:52:54,648 -   880 /  2200 (40.0%):	 Total:0.0831436	 Acc:0.5625000	 Mean_Total:0.0845848
2021-07-18 18:53:06,571 -  1320 /  2200 (60.0%):	 Total:0.0619327	 Acc:0.5312500	 Mean_Total:0.0864351
2021-07-18 18:53:18,132 -  1760 /  2200 (80.0%):	 Total:0.1146012	 Acc:0.3750000	 Mean_Total:0.0908615
2021-07-18 18:53:29,676 - 
===============================|    epoch 28   |===============================

2021-07-18 18:53:30,131 -     0 /  2200 (0.0%):	 Total:0.0902965	 Acc:0.5625000	 Mean_Total:0.0902965
2021-07-18 18:53:42,546 -   440 /  2200 (20.0%):	 Total:0.3152380	 Acc:0.5000000	 Mean_Total:0.0799497
2021-07-18 18:53:55,180 -   880 /  2200 (40.0%):	 Total:0.0824338	 Acc:0.4687500	 Mean_Total:0.0832530
2021-07-18 18:54:07,732 -  1320 /  2200 (60.0%):	 Total:0.0827626	 Acc:0.6250000	 Mean_Total:0.0852481
2021-07-18 18:54:20,045 -  1760 /  2200 (80.0%):	 Total:0.0729014	 Acc:0.5625000	 Mean_Total:0.0886742
2021-07-18 18:54:35,805 - 
===============================| start validation |===============================

2021-07-18 18:54:35,806 - 	 Total:0.1160369	 Acc:0.5348864
2021-07-18 18:54:35,809 -    ini file updated    
2021-07-18 18:54:35,809 - 
===============================|    epoch 29   |===============================

2021-07-18 18:54:36,227 -     0 /  2200 (0.0%):	 Total:0.0910023	 Acc:0.5625000	 Mean_Total:0.0910023
2021-07-18 18:54:48,264 -   440 /  2200 (20.0%):	 Total:0.0295946	 Acc:0.7500000	 Mean_Total:0.0778622
2021-07-18 18:55:00,775 -   880 /  2200 (40.0%):	 Total:0.0836907	 Acc:0.5625000	 Mean_Total:0.0814876
2021-07-18 18:55:13,521 -  1320 /  2200 (60.0%):	 Total:0.0888692	 Acc:0.5625000	 Mean_Total:0.0831097
2021-07-18 18:55:26,082 -  1760 /  2200 (80.0%):	 Total:0.1321541	 Acc:0.4375000	 Mean_Total:0.0877484
2021-07-18 18:55:38,653 - 
===============================|    epoch 30   |===============================

2021-07-18 18:55:39,078 -     0 /  2200 (0.0%):	 Total:0.0918596	 Acc:0.5625000	 Mean_Total:0.0918596
2021-07-18 18:55:51,140 -   440 /  2200 (20.0%):	 Total:0.0488819	 Acc:0.5937500	 Mean_Total:0.0770948
2021-07-18 18:56:02,985 -   880 /  2200 (40.0%):	 Total:0.0361449	 Acc:0.8125000	 Mean_Total:0.0801174
2021-07-18 18:56:14,647 -  1320 /  2200 (60.0%):	 Total:0.0684958	 Acc:0.5312500	 Mean_Total:0.0826057
2021-07-18 18:56:26,106 -  1760 /  2200 (80.0%):	 Total:0.0956347	 Acc:0.4687500	 Mean_Total:0.0864436
2021-07-18 18:56:41,283 - 
===============================| start validation |===============================

2021-07-18 18:56:41,284 - 	 Total:0.1123515	 Acc:0.5334091
2021-07-18 18:56:41,287 -    ini file updated    
2021-07-18 18:56:41,287 - 
===============================|    epoch 31   |===============================

2021-07-18 18:56:41,731 -     0 /  2200 (0.0%):	 Total:0.0682594	 Acc:0.5312500	 Mean_Total:0.0682594
2021-07-18 18:56:53,810 -   440 /  2200 (20.0%):	 Total:0.0929694	 Acc:0.5312500	 Mean_Total:0.0779887
2021-07-18 18:57:05,592 -   880 /  2200 (40.0%):	 Total:0.0682698	 Acc:0.5625000	 Mean_Total:0.0809354
2021-07-18 18:57:17,278 -  1320 /  2200 (60.0%):	 Total:0.0917681	 Acc:0.5000000	 Mean_Total:0.0820448
2021-07-18 18:57:28,683 -  1760 /  2200 (80.0%):	 Total:0.0569500	 Acc:0.5312500	 Mean_Total:0.0863169
2021-07-18 18:57:40,231 - 
===============================|    epoch 32   |===============================

2021-07-18 18:57:40,650 -     0 /  2200 (0.0%):	 Total:0.1206399	 Acc:0.5937500	 Mean_Total:0.1206399
2021-07-18 18:57:52,684 -   440 /  2200 (20.0%):	 Total:0.2085100	 Acc:0.5312500	 Mean_Total:0.0775670
2021-07-18 18:58:05,095 -   880 /  2200 (40.0%):	 Total:0.0756679	 Acc:0.3750000	 Mean_Total:0.0791654
2021-07-18 18:58:17,540 -  1320 /  2200 (60.0%):	 Total:0.0543045	 Acc:0.6250000	 Mean_Total:0.0815023
2021-07-18 18:58:29,843 -  1760 /  2200 (80.0%):	 Total:0.2642499	 Acc:0.4062500	 Mean_Total:0.0852316
2021-07-18 18:58:45,477 - 
===============================| start validation |===============================

2021-07-18 18:58:45,478 - 	 Total:0.1216660	 Acc:0.5068182
2021-07-18 18:58:45,481 -    ini file updated    
2021-07-18 18:58:45,481 - 
===============================|    epoch 33   |===============================

2021-07-18 18:58:45,939 -     0 /  2200 (0.0%):	 Total:0.0609923	 Acc:0.6875000	 Mean_Total:0.0609923
2021-07-18 18:58:58,099 -   440 /  2200 (20.0%):	 Total:0.0965947	 Acc:0.5000000	 Mean_Total:0.0762774
2021-07-18 18:59:10,319 -   880 /  2200 (40.0%):	 Total:0.0631925	 Acc:0.6250000	 Mean_Total:0.0791142
2021-07-18 18:59:22,659 -  1320 /  2200 (60.0%):	 Total:0.0754011	 Acc:0.5000000	 Mean_Total:0.0805793
2021-07-18 18:59:34,805 -  1760 /  2200 (80.0%):	 Total:0.0885203	 Acc:0.5312500	 Mean_Total:0.0839792
2021-07-18 18:59:46,878 - 
===============================|    epoch 34   |===============================

2021-07-18 18:59:47,328 -     0 /  2200 (0.0%):	 Total:0.0895799	 Acc:0.4375000	 Mean_Total:0.0895799
2021-07-18 18:59:59,372 -   440 /  2200 (20.0%):	 Total:0.0519736	 Acc:0.6562500	 Mean_Total:0.0749932
2021-07-18 19:00:11,392 -   880 /  2200 (40.0%):	 Total:0.1052607	 Acc:0.5000000	 Mean_Total:0.0782447
2021-07-18 19:00:23,143 -  1320 /  2200 (60.0%):	 Total:0.0946210	 Acc:0.5625000	 Mean_Total:0.0805533
2021-07-18 19:00:34,887 -  1760 /  2200 (80.0%):	 Total:0.0827759	 Acc:0.5937500	 Mean_Total:0.0837068
2021-07-18 19:00:50,120 - 
===============================| start validation |===============================

2021-07-18 19:00:50,121 - 	 Total:0.1160275	 Acc:0.5344318
2021-07-18 19:00:50,124 -    ini file updated    
2021-07-18 19:00:50,124 - 
===============================|    epoch 35   |===============================

2021-07-18 19:00:50,505 -     0 /  2200 (0.0%):	 Total:0.0787041	 Acc:0.5625000	 Mean_Total:0.0787041
2021-07-18 19:01:02,100 -   440 /  2200 (20.0%):	 Total:0.2736590	 Acc:0.8125000	 Mean_Total:0.0732155
2021-07-18 19:01:14,027 -   880 /  2200 (40.0%):	 Total:0.0544859	 Acc:0.4687500	 Mean_Total:0.0757701
2021-07-18 19:01:26,010 -  1320 /  2200 (60.0%):	 Total:0.0776960	 Acc:0.5000000	 Mean_Total:0.0779784
2021-07-18 19:01:37,752 -  1760 /  2200 (80.0%):	 Total:0.0956207	 Acc:0.4687500	 Mean_Total:0.0826267
2021-07-18 19:01:49,358 - 
===============================|    epoch 36   |===============================

2021-07-18 19:01:49,825 -     0 /  2200 (0.0%):	 Total:0.0756719	 Acc:0.5312500	 Mean_Total:0.0756719
2021-07-18 19:02:02,479 -   440 /  2200 (20.0%):	 Total:0.0725340	 Acc:0.6875000	 Mean_Total:0.0740116
2021-07-18 19:02:15,034 -   880 /  2200 (40.0%):	 Total:0.0438879	 Acc:0.6562500	 Mean_Total:0.0763439
2021-07-18 19:02:27,407 -  1320 /  2200 (60.0%):	 Total:0.0558910	 Acc:0.6250000	 Mean_Total:0.0782359
2021-07-18 19:02:39,604 -  1760 /  2200 (80.0%):	 Total:0.0690353	 Acc:0.5312500	 Mean_Total:0.0818444
2021-07-18 19:02:55,230 - 
===============================| start validation |===============================

2021-07-18 19:02:55,231 - 	 Total:0.1152353	 Acc:0.5457955
2021-07-18 19:02:55,234 -    ini file updated    
2021-07-18 19:02:55,258 - Snapshot saved to /data/users/wergillius/UTR_VAE/pth/RL_gru_MTL/ds4rl_human/big_RL_lr1e3-model_best.pth

2021-07-18 19:02:55,258 -    ini file updated    
2021-07-18 19:02:55,258 - 
===============================|    epoch 37   |===============================

2021-07-18 19:02:55,714 -     0 /  2200 (0.0%):	 Total:0.0963425	 Acc:0.5937500	 Mean_Total:0.0963425
2021-07-18 19:03:07,870 -   440 /  2200 (20.0%):	 Total:0.0411609	 Acc:0.7187500	 Mean_Total:0.0741206
2021-07-18 19:03:20,567 -   880 /  2200 (40.0%):	 Total:0.0562759	 Acc:0.5937500	 Mean_Total:0.0761238
2021-07-18 19:03:33,037 -  1320 /  2200 (60.0%):	 Total:0.0921382	 Acc:0.4375000	 Mean_Total:0.0774175
2021-07-18 19:03:45,107 -  1760 /  2200 (80.0%):	 Total:0.1051161	 Acc:0.5000000	 Mean_Total:0.0807431
2021-07-18 19:03:57,124 - 
===============================|    epoch 38   |===============================

2021-07-18 19:03:57,539 -     0 /  2200 (0.0%):	 Total:0.0869895	 Acc:0.6250000	 Mean_Total:0.0869895
2021-07-18 19:04:08,818 -   440 /  2200 (20.0%):	 Total:0.0975845	 Acc:0.5937500	 Mean_Total:0.0696051
2021-07-18 19:04:20,631 -   880 /  2200 (40.0%):	 Total:0.0681151	 Acc:0.6875000	 Mean_Total:0.0739836
2021-07-18 19:04:32,524 -  1320 /  2200 (60.0%):	 Total:0.1250388	 Acc:0.5312500	 Mean_Total:0.0764666
2021-07-18 19:04:44,546 -  1760 /  2200 (80.0%):	 Total:0.0836862	 Acc:0.3437500	 Mean_Total:0.0799722
2021-07-18 19:04:59,836 - 
===============================| start validation |===============================

2021-07-18 19:04:59,837 - 	 Total:0.1120111	 Acc:0.5502273
2021-07-18 19:04:59,840 -    ini file updated    
2021-07-18 19:04:59,863 - Snapshot saved to /data/users/wergillius/UTR_VAE/pth/RL_gru_MTL/ds4rl_human/big_RL_lr1e3-model_best.pth

2021-07-18 19:04:59,864 -    ini file updated    
2021-07-18 19:04:59,864 - 
===============================|    epoch 39   |===============================

2021-07-18 19:05:00,307 -     0 /  2200 (0.0%):	 Total:0.1036029	 Acc:0.4375000	 Mean_Total:0.1036029
2021-07-18 19:05:12,441 -   440 /  2200 (20.0%):	 Total:0.0448699	 Acc:0.6875000	 Mean_Total:0.0731982
2021-07-18 19:05:24,629 -   880 /  2200 (40.0%):	 Total:0.0676538	 Acc:0.5937500	 Mean_Total:0.0751465
2021-07-18 19:05:36,748 -  1320 /  2200 (60.0%):	 Total:0.0809084	 Acc:0.5625000	 Mean_Total:0.0765254
2021-07-18 19:05:48,551 -  1760 /  2200 (80.0%):	 Total:0.0728857	 Acc:0.5312500	 Mean_Total:0.0801389
2021-07-18 19:06:00,269 - 
===============================|    epoch 40   |===============================

2021-07-18 19:06:00,700 -     0 /  2200 (0.0%):	 Total:0.0610806	 Acc:0.5312500	 Mean_Total:0.0610806
2021-07-18 19:06:12,852 -   440 /  2200 (20.0%):	 Total:0.2815624	 Acc:0.6562500	 Mean_Total:0.0724971
2021-07-18 19:06:25,432 -   880 /  2200 (40.0%):	 Total:0.1454667	 Acc:0.6875000	 Mean_Total:0.0749766
2021-07-18 19:06:37,901 -  1320 /  2200 (60.0%):	 Total:0.0470010	 Acc:0.6250000	 Mean_Total:0.0760946
2021-07-18 19:06:50,297 -  1760 /  2200 (80.0%):	 Total:0.0650217	 Acc:0.5625000	 Mean_Total:0.0801085
2021-07-18 19:07:05,938 - 
===============================| start validation |===============================

2021-07-18 19:07:05,939 - 	 Total:0.1118142	 Acc:0.5407955
2021-07-18 19:07:05,941 -    ini file updated    
2021-07-18 19:07:05,942 - 
===============================|    epoch 41   |===============================

2021-07-18 19:07:06,417 -     0 /  2200 (0.0%):	 Total:0.0416194	 Acc:0.7812500	 Mean_Total:0.0416194
2021-07-18 19:07:18,321 -   440 /  2200 (20.0%):	 Total:0.0796315	 Acc:0.5000000	 Mean_Total:0.0716974
2021-07-18 19:07:30,510 -   880 /  2200 (40.0%):	 Total:0.0637822	 Acc:0.6250000	 Mean_Total:0.0735748
2021-07-18 19:07:42,671 -  1320 /  2200 (60.0%):	 Total:0.0432685	 Acc:0.7187500	 Mean_Total:0.0753812
2021-07-18 19:07:55,174 -  1760 /  2200 (80.0%):	 Total:0.1385890	 Acc:0.5937500	 Mean_Total:0.0792140
2021-07-18 19:08:07,873 - 
===============================|    epoch 42   |===============================

2021-07-18 19:08:08,356 -     0 /  2200 (0.0%):	 Total:0.0580389	 Acc:0.5625000	 Mean_Total:0.0580389
2021-07-18 19:08:20,395 -   440 /  2200 (20.0%):	 Total:0.0758058	 Acc:0.6250000	 Mean_Total:0.0716701
2021-07-18 19:08:32,364 -   880 /  2200 (40.0%):	 Total:0.0760361	 Acc:0.5625000	 Mean_Total:0.0734480
2021-07-18 19:08:44,287 -  1320 /  2200 (60.0%):	 Total:0.1385976	 Acc:0.4375000	 Mean_Total:0.0748106
2021-07-18 19:08:56,168 -  1760 /  2200 (80.0%):	 Total:0.0961137	 Acc:0.5312500	 Mean_Total:0.0782549
2021-07-18 19:09:11,194 - 
===============================| start validation |===============================

2021-07-18 19:09:11,195 - 	 Total:0.1139217	 Acc:0.5496591
2021-07-18 19:09:11,198 -    ini file updated    
2021-07-18 19:09:11,198 - 
===============================|    epoch 43   |===============================

2021-07-18 19:09:11,628 -     0 /  2200 (0.0%):	 Total:0.0281736	 Acc:0.7812500	 Mean_Total:0.0281736
2021-07-18 19:09:23,377 -   440 /  2200 (20.0%):	 Total:0.0499748	 Acc:0.6875000	 Mean_Total:0.0706084
2021-07-18 19:09:35,247 -   880 /  2200 (40.0%):	 Total:0.0485568	 Acc:0.6250000	 Mean_Total:0.0725979
2021-07-18 19:09:47,163 -  1320 /  2200 (60.0%):	 Total:0.0436691	 Acc:0.6875000	 Mean_Total:0.0739928
2021-07-18 19:09:59,073 -  1760 /  2200 (80.0%):	 Total:0.0667825	 Acc:0.5312500	 Mean_Total:0.0772545
2021-07-18 19:10:11,096 - 
===============================|    epoch 44   |===============================

2021-07-18 19:10:11,512 -     0 /  2200 (0.0%):	 Total:0.0562639	 Acc:0.5937500	 Mean_Total:0.0562639
2021-07-18 19:10:23,661 -   440 /  2200 (20.0%):	 Total:0.0582619	 Acc:0.5625000	 Mean_Total:0.0692839
2021-07-18 19:10:35,656 -   880 /  2200 (40.0%):	 Total:0.0533585	 Acc:0.6875000	 Mean_Total:0.0726193
2021-07-18 19:10:47,849 -  1320 /  2200 (60.0%):	 Total:0.1186965	 Acc:0.5000000	 Mean_Total:0.0743315
2021-07-18 19:11:00,539 -  1760 /  2200 (80.0%):	 Total:0.0748183	 Acc:0.5312500	 Mean_Total:0.0771125
2021-07-18 19:11:16,944 - 
===============================| start validation |===============================

2021-07-18 19:11:16,945 - 	 Total:0.1166897	 Acc:0.5355682
2021-07-18 19:11:16,948 -    ini file updated    
2021-07-18 19:11:16,948 - 
===============================|    epoch 45   |===============================

2021-07-18 19:11:17,401 -     0 /  2200 (0.0%):	 Total:0.0860152	 Acc:0.5625000	 Mean_Total:0.0860152
2021-07-18 19:11:30,132 -   440 /  2200 (20.0%):	 Total:0.2137551	 Acc:0.5312500	 Mean_Total:0.0706555
2021-07-18 19:11:42,668 -   880 /  2200 (40.0%):	 Total:0.0504595	 Acc:0.7500000	 Mean_Total:0.0728109
2021-07-18 19:11:55,216 -  1320 /  2200 (60.0%):	 Total:0.0690075	 Acc:0.5625000	 Mean_Total:0.0739290
2021-07-18 19:12:07,796 -  1760 /  2200 (80.0%):	 Total:0.0884430	 Acc:0.6562500	 Mean_Total:0.0767020
2021-07-18 19:12:20,485 - 
===============================|    epoch 46   |===============================

2021-07-18 19:12:20,901 -     0 /  2200 (0.0%):	 Total:0.0549967	 Acc:0.5312500	 Mean_Total:0.0549967
2021-07-18 19:12:32,973 -   440 /  2200 (20.0%):	 Total:0.0629396	 Acc:0.6875000	 Mean_Total:0.0687894
2021-07-18 19:12:44,916 -   880 /  2200 (40.0%):	 Total:0.0510886	 Acc:0.5937500	 Mean_Total:0.0714582
2021-07-18 19:12:57,057 -  1320 /  2200 (60.0%):	 Total:0.0407307	 Acc:0.6562500	 Mean_Total:0.0726322
2021-07-18 19:13:09,115 -  1760 /  2200 (80.0%):	 Total:0.0491281	 Acc:0.6562500	 Mean_Total:0.0762892
2021-07-18 19:13:24,255 - 
===============================| start validation |===============================

2021-07-18 19:13:24,256 - 	 Total:0.1150696	 Acc:0.5411364
2021-07-18 19:13:24,258 -    ini file updated    
2021-07-18 19:13:24,259 - 
===============================|    epoch 47   |===============================

2021-07-18 19:13:24,702 -     0 /  2200 (0.0%):	 Total:0.1043461	 Acc:0.5312500	 Mean_Total:0.1043461
2021-07-18 19:13:36,272 -   440 /  2200 (20.0%):	 Total:0.0706907	 Acc:0.5625000	 Mean_Total:0.0697778
2021-07-18 19:13:47,980 -   880 /  2200 (40.0%):	 Total:0.2237870	 Acc:0.4375000	 Mean_Total:0.0720206
2021-07-18 19:13:59,600 -  1320 /  2200 (60.0%):	 Total:0.0602472	 Acc:0.6562500	 Mean_Total:0.0726006
2021-07-18 19:14:11,264 -  1760 /  2200 (80.0%):	 Total:0.0606579	 Acc:0.5000000	 Mean_Total:0.0759146
2021-07-18 19:14:23,000 - 
===============================|    epoch 48   |===============================

2021-07-18 19:14:23,439 -     0 /  2200 (0.0%):	 Total:0.0578954	 Acc:0.5625000	 Mean_Total:0.0578954
2021-07-18 19:14:35,959 -   440 /  2200 (20.0%):	 Total:0.2313372	 Acc:0.6250000	 Mean_Total:0.0686344
2021-07-18 19:14:48,193 -   880 /  2200 (40.0%):	 Total:0.0566638	 Acc:0.6250000	 Mean_Total:0.0715769
2021-07-18 19:15:00,668 -  1320 /  2200 (60.0%):	 Total:0.2551837	 Acc:0.7187500	 Mean_Total:0.0731426
2021-07-18 19:15:12,716 -  1760 /  2200 (80.0%):	 Total:0.0606978	 Acc:0.5000000	 Mean_Total:0.0759514
2021-07-18 19:15:27,919 - 
===============================| start validation |===============================

2021-07-18 19:15:27,920 - 	 Total:0.1144731	 Acc:0.5494318
2021-07-18 19:15:27,923 -    ini file updated    
2021-07-18 19:15:27,923 - 
===============================|    epoch 49   |===============================

2021-07-18 19:15:28,396 -     0 /  2200 (0.0%):	 Total:0.0665923	 Acc:0.5937500	 Mean_Total:0.0665923
2021-07-18 19:15:40,414 -   440 /  2200 (20.0%):	 Total:0.1045853	 Acc:0.5312500	 Mean_Total:0.0690589
2021-07-18 19:15:52,555 -   880 /  2200 (40.0%):	 Total:0.1383154	 Acc:0.5000000	 Mean_Total:0.0701967
2021-07-18 19:16:04,973 -  1320 /  2200 (60.0%):	 Total:0.1833380	 Acc:0.5625000	 Mean_Total:0.0718311
2021-07-18 19:16:16,884 -  1760 /  2200 (80.0%):	 Total:0.1090983	 Acc:0.3750000	 Mean_Total:0.0744455
2021-07-18 19:16:28,929 - 
===============================|    epoch 50   |===============================

2021-07-18 19:16:29,410 -     0 /  2200 (0.0%):	 Total:0.0713047	 Acc:0.6250000	 Mean_Total:0.0713047
2021-07-18 19:16:41,082 -   440 /  2200 (20.0%):	 Total:0.0736782	 Acc:0.6562500	 Mean_Total:0.0677760
2021-07-18 19:16:52,631 -   880 /  2200 (40.0%):	 Total:0.0491180	 Acc:0.7187500	 Mean_Total:0.0697387
2021-07-18 19:17:04,380 -  1320 /  2200 (60.0%):	 Total:0.0766038	 Acc:0.5312500	 Mean_Total:0.0713121
2021-07-18 19:17:16,171 -  1760 /  2200 (80.0%):	 Total:0.0861317	 Acc:0.7500000	 Mean_Total:0.0743894
2021-07-18 19:17:31,306 - 
===============================| start validation |===============================

2021-07-18 19:17:31,307 - 	 Total:0.1208776	 Acc:0.5248864
2021-07-18 19:17:31,309 -    ini file updated    
2021-07-18 19:17:31,309 - 
===============================|    epoch 51   |===============================

2021-07-18 19:17:31,790 -     0 /  2200 (0.0%):	 Total:0.0920170	 Acc:0.5000000	 Mean_Total:0.0920170
2021-07-18 19:17:43,524 -   440 /  2200 (20.0%):	 Total:0.0606448	 Acc:0.5937500	 Mean_Total:0.0665762
2021-07-18 19:17:55,243 -   880 /  2200 (40.0%):	 Total:0.0436703	 Acc:0.7500000	 Mean_Total:0.0694849
2021-07-18 19:18:07,208 -  1320 /  2200 (60.0%):	 Total:0.0870182	 Acc:0.5000000	 Mean_Total:0.0704493
2021-07-18 19:18:18,994 -  1760 /  2200 (80.0%):	 Total:0.0480933	 Acc:0.7187500	 Mean_Total:0.0740177
2021-07-18 19:18:30,433 - 
===============================|    epoch 52   |===============================

2021-07-18 19:18:30,972 -     0 /  2200 (0.0%):	 Total:0.0656747	 Acc:0.6250000	 Mean_Total:0.0656747
2021-07-18 19:18:43,402 -   440 /  2200 (20.0%):	 Total:0.0526869	 Acc:0.6562500	 Mean_Total:0.0670951
2021-07-18 19:18:55,626 -   880 /  2200 (40.0%):	 Total:0.0485875	 Acc:0.7187500	 Mean_Total:0.0693592
2021-07-18 19:19:08,204 -  1320 /  2200 (60.0%):	 Total:0.2006687	 Acc:0.5312500	 Mean_Total:0.0708012
2021-07-18 19:19:20,687 -  1760 /  2200 (80.0%):	 Total:0.0722261	 Acc:0.5312500	 Mean_Total:0.0734619
2021-07-18 19:19:36,565 - 
===============================| start validation |===============================

2021-07-18 19:19:36,566 - 	 Total:0.1238629	 Acc:0.5205682
2021-07-18 19:19:36,569 -    ini file updated    
2021-07-18 19:19:36,570 - 
===============================|    epoch 53   |===============================

2021-07-18 19:19:37,045 -     0 /  2200 (0.0%):	 Total:0.0528130	 Acc:0.6875000	 Mean_Total:0.0528130
2021-07-18 19:19:49,322 -   440 /  2200 (20.0%):	 Total:0.0940081	 Acc:0.5937500	 Mean_Total:0.0673493
2021-07-18 19:20:01,280 -   880 /  2200 (40.0%):	 Total:0.0426616	 Acc:0.7187500	 Mean_Total:0.0690192
2021-07-18 19:20:13,585 -  1320 /  2200 (60.0%):	 Total:0.0444574	 Acc:0.6250000	 Mean_Total:0.0702711
2021-07-18 19:20:25,924 -  1760 /  2200 (80.0%):	 Total:0.0850851	 Acc:0.5937500	 Mean_Total:0.0733172
2021-07-18 19:20:38,376 - 
===============================|    epoch 54   |===============================

2021-07-18 19:20:38,869 -     0 /  2200 (0.0%):	 Total:0.1396581	 Acc:0.5000000	 Mean_Total:0.1396581
2021-07-18 19:20:50,551 -   440 /  2200 (20.0%):	 Total:0.0624364	 Acc:0.5937500	 Mean_Total:0.0672145
2021-07-18 19:21:02,182 -   880 /  2200 (40.0%):	 Total:0.0623979	 Acc:0.5937500	 Mean_Total:0.0685138
2021-07-18 19:21:14,017 -  1320 /  2200 (60.0%):	 Total:0.0465433	 Acc:0.6250000	 Mean_Total:0.0701650
2021-07-18 19:21:25,842 -  1760 /  2200 (80.0%):	 Total:0.1971715	 Acc:0.5000000	 Mean_Total:0.0730889
2021-07-18 19:21:40,645 - 
===============================| start validation |===============================

2021-07-18 19:21:40,646 - 	 Total:0.1131804	 Acc:0.5538636
2021-07-18 19:21:40,649 -    ini file updated    
2021-07-18 19:21:40,675 - Snapshot saved to /data/users/wergillius/UTR_VAE/pth/RL_gru_MTL/ds4rl_human/big_RL_lr1e3-model_best.pth

2021-07-18 19:21:40,676 -    ini file updated    
2021-07-18 19:21:40,676 - 
===============================|    epoch 55   |===============================

2021-07-18 19:21:41,087 -     0 /  2200 (0.0%):	 Total:0.0568279	 Acc:0.5625000	 Mean_Total:0.0568279
2021-07-18 19:21:52,714 -   440 /  2200 (20.0%):	 Total:0.0749106	 Acc:0.5937500	 Mean_Total:0.0652498
2021-07-18 19:22:04,373 -   880 /  2200 (40.0%):	 Total:0.0593518	 Acc:0.6250000	 Mean_Total:0.0678652
2021-07-18 19:22:15,807 -  1320 /  2200 (60.0%):	 Total:0.0756625	 Acc:0.4375000	 Mean_Total:0.0695005
2021-07-18 19:22:27,364 -  1760 /  2200 (80.0%):	 Total:0.0699700	 Acc:0.5625000	 Mean_Total:0.0731437
2021-07-18 19:22:38,676 - 
===============================|    epoch 56   |===============================

2021-07-18 19:22:39,148 -     0 /  2200 (0.0%):	 Total:0.0595893	 Acc:0.6250000	 Mean_Total:0.0595893
2021-07-18 19:22:51,061 -   440 /  2200 (20.0%):	 Total:0.0562130	 Acc:0.7812500	 Mean_Total:0.0653914
2021-07-18 19:23:03,045 -   880 /  2200 (40.0%):	 Total:0.0610082	 Acc:0.5937500	 Mean_Total:0.0686314
2021-07-18 19:23:15,053 -  1320 /  2200 (60.0%):	 Total:0.0458343	 Acc:0.6875000	 Mean_Total:0.0697238
2021-07-18 19:23:27,140 -  1760 /  2200 (80.0%):	 Total:0.0832394	 Acc:0.5625000	 Mean_Total:0.0723165
2021-07-18 19:23:42,748 - 
===============================| start validation |===============================

2021-07-18 19:23:42,749 - 	 Total:0.1189210	 Acc:0.5321591
2021-07-18 19:23:42,751 -    ini file updated    
2021-07-18 19:23:42,751 - 
===============================|    epoch 57   |===============================

2021-07-18 19:23:43,160 -     0 /  2200 (0.0%):	 Total:0.0685185	 Acc:0.5937500	 Mean_Total:0.0685185
2021-07-18 19:23:55,299 -   440 /  2200 (20.0%):	 Total:0.0730791	 Acc:0.5000000	 Mean_Total:0.0653352
2021-07-18 19:24:07,979 -   880 /  2200 (40.0%):	 Total:0.0424801	 Acc:0.7812500	 Mean_Total:0.0670890
2021-07-18 19:24:20,714 -  1320 /  2200 (60.0%):	 Total:0.0650541	 Acc:0.5312500	 Mean_Total:0.0686940
2021-07-18 19:24:33,040 -  1760 /  2200 (80.0%):	 Total:0.0639083	 Acc:0.5312500	 Mean_Total:0.0716663
2021-07-18 19:24:45,676 - 
===============================|    epoch 58   |===============================

2021-07-18 19:24:46,157 -     0 /  2200 (0.0%):	 Total:0.0773182	 Acc:0.4062500	 Mean_Total:0.0773182
2021-07-18 19:24:57,949 -   440 /  2200 (20.0%):	 Total:0.0686542	 Acc:0.5000000	 Mean_Total:0.0653001
2021-07-18 19:25:09,722 -   880 /  2200 (40.0%):	 Total:0.0670216	 Acc:0.6250000	 Mean_Total:0.0665089
2021-07-18 19:25:21,268 -  1320 /  2200 (60.0%):	 Total:0.0609074	 Acc:0.5312500	 Mean_Total:0.0679080
2021-07-18 19:25:32,823 -  1760 /  2200 (80.0%):	 Total:0.0888892	 Acc:0.5937500	 Mean_Total:0.0705803
2021-07-18 19:25:47,912 - 
===============================| start validation |===============================

2021-07-18 19:25:47,913 - 	 Total:0.1179341	 Acc:0.5268182
2021-07-18 19:25:47,916 -    ini file updated    
2021-07-18 19:25:47,916 - 
===============================|    epoch 59   |===============================

2021-07-18 19:25:48,380 -     0 /  2200 (0.0%):	 Total:0.0780690	 Acc:0.4687500	 Mean_Total:0.0780690
2021-07-18 19:26:00,062 -   440 /  2200 (20.0%):	 Total:0.0701038	 Acc:0.5000000	 Mean_Total:0.0643048
2021-07-18 19:26:11,542 -   880 /  2200 (40.0%):	 Total:0.0460778	 Acc:0.6875000	 Mean_Total:0.0666554
2021-07-18 19:26:22,087 -  1320 /  2200 (60.0%):	 Total:0.0528994	 Acc:0.5312500	 Mean_Total:0.0680893
2021-07-18 19:26:32,028 -  1760 /  2200 (80.0%):	 Total:0.0669529	 Acc:0.6250000	 Mean_Total:0.0716171
2021-07-18 19:26:42,128 - 
===============================|    epoch 60   |===============================

2021-07-18 19:26:42,581 -     0 /  2200 (0.0%):	 Total:0.0498624	 Acc:0.5625000	 Mean_Total:0.0498624
2021-07-18 19:26:53,001 -   440 /  2200 (20.0%):	 Total:0.2003782	 Acc:0.4062500	 Mean_Total:0.0644741
2021-07-18 19:27:03,606 -   880 /  2200 (40.0%):	 Total:0.0748461	 Acc:0.6250000	 Mean_Total:0.0664287
2021-07-18 19:27:14,308 -  1320 /  2200 (60.0%):	 Total:0.0957956	 Acc:0.6250000	 Mean_Total:0.0676920
2021-07-18 19:27:24,656 -  1760 /  2200 (80.0%):	 Total:0.0827658	 Acc:0.5000000	 Mean_Total:0.0711534
2021-07-18 19:27:38,313 - 
===============================| start validation |===============================

2021-07-18 19:27:38,314 - 	 Total:0.1192427	 Acc:0.5400000
2021-07-18 19:27:38,317 -    ini file updated    
