2021-09-16 10:08:31,359 -   	 	 ==============<<< device used: cuda:3  >>>============== 	 	 
2021-09-16 10:08:36,900 - ===============================|    epoch 0   |===============================
2021-09-16 10:08:37,422 -     0 /   859 (000%):	 Total:3.4258430	 Acc:0.1666667	 lr:0.0009882	 Mean_Total:3.4258430
2021-09-16 10:08:40,439 -   171 /   859 (019%):	 Total:1.4212568	 Acc:0.2500000	 lr:0.0067395	 Mean_Total:1.1344902
2021-09-16 10:08:43,200 -   342 /   859 (039%):	 Total:0.2638587	 Acc:0.3333333	 lr:0.0047725	 Mean_Total:1.0559702
2021-09-16 10:08:47,425 -   513 /   859 (059%):	 Total:0.9873756	 Acc:0.3333333	 lr:0.0038986	 Mean_Total:1.0134169
2021-09-16 10:08:51,240 -   684 /   859 (079%):	 Total:1.6799816	 Acc:0.1666667	 lr:0.0033771	 Mean_Total:0.9865564
2021-09-16 10:08:54,668 -   855 /   859 (099%):	 Total:1.1001153	 Acc:0.0833333	 lr:0.0030211	 Mean_Total:0.9624567
2021-09-16 10:08:54,847 - ===============================| start validation |===============================
2021-09-16 10:08:56,053 - 	 Total:0.9187220	 Acc:0.1838006
2021-09-16 10:08:56,057 -    ini file updated    
2021-09-16 10:08:56,092 - Snapshot saved to /data/users/wergillius/UTR_VAE/pth/RL_gru_MTL/pc3_single_task/log_te_cv-model_best_cv8.pth

2021-09-16 10:08:56,093 -    ini file updated    
2021-09-16 10:08:56,094 - ===============================|    epoch 1   |===============================
2021-09-16 10:08:56,511 -     0 /   859 (000%):	 Total:1.2519673	 Acc:0.0000000	 lr:0.0030140	 Mean_Total:1.2519673
2021-09-16 10:08:59,766 -   171 /   859 (019%):	 Total:0.9507164	 Acc:0.0833333	 lr:0.0027527	 Mean_Total:0.9352569
2021-09-16 10:09:02,865 -   342 /   859 (039%):	 Total:1.4476416	 Acc:0.2500000	 lr:0.0025494	 Mean_Total:0.9313305
2021-09-16 10:09:06,099 -   513 /   859 (059%):	 Total:0.5101497	 Acc:0.0000000	 lr:0.0023854	 Mean_Total:0.9193952
2021-09-16 10:09:09,406 -   684 /   859 (079%):	 Total:0.3650210	 Acc:0.0833333	 lr:0.0022494	 Mean_Total:0.9054663
2021-09-16 10:09:12,730 -   855 /   859 (099%):	 Total:0.7232539	 Acc:0.1666667	 lr:0.0021343	 Mean_Total:0.8889152
2021-09-16 10:09:12,957 - ===============================| start validation |===============================
2021-09-16 10:09:14,295 - 	 Total:0.9593054	 Acc:0.1604361
2021-09-16 10:09:14,298 -    ini file updated    
2021-09-16 10:09:14,299 - ===============================|    epoch 2   |===============================
2021-09-16 10:09:14,702 -     0 /   859 (000%):	 Total:0.6165213	 Acc:0.3333333	 lr:0.0021319	 Mean_Total:0.6165213
2021-09-16 10:09:17,794 -   171 /   859 (019%):	 Total:0.4168876	 Acc:0.3333333	 lr:0.0020331	 Mean_Total:0.9085033
2021-09-16 10:09:20,942 -   342 /   859 (039%):	 Total:1.4583251	 Acc:0.1666667	 lr:0.0019470	 Mean_Total:0.9085802
2021-09-16 10:09:24,106 -   513 /   859 (059%):	 Total:0.7420081	 Acc:0.3333333	 lr:0.0018709	 Mean_Total:0.8940152
2021-09-16 10:09:27,271 -   684 /   859 (079%):	 Total:0.4209596	 Acc:0.1666667	 lr:0.0018031	 Mean_Total:0.8771031
2021-09-16 10:09:30,436 -   855 /   859 (099%):	 Total:1.6072445	 Acc:0.1666667	 lr:0.0017422	 Mean_Total:0.8702691
2021-09-16 10:09:30,606 - ===============================| start validation |===============================
2021-09-16 10:09:31,988 - 	 Total:0.8875595	 Acc:0.1806854
2021-09-16 10:09:31,990 -    ini file updated    
2021-09-16 10:09:32,022 - Snapshot saved to /data/users/wergillius/UTR_VAE/pth/RL_gru_MTL/pc3_single_task/log_te_cv-model_best_cv8.pth

2021-09-16 10:09:32,023 -    ini file updated    
2021-09-16 10:09:32,023 - ===============================|    epoch 3   |===============================
2021-09-16 10:09:32,489 -     0 /   859 (000%):	 Total:1.0123382	 Acc:0.1666667	 lr:0.0017408	 Mean_Total:1.0123382
2021-09-16 10:09:35,593 -   171 /   859 (019%):	 Total:1.6825519	 Acc:0.1666667	 lr:0.0016858	 Mean_Total:0.8905219
2021-09-16 10:09:38,714 -   342 /   859 (039%):	 Total:0.8404586	 Acc:0.0833333	 lr:0.0016357	 Mean_Total:0.8868562
2021-09-16 10:09:41,877 -   513 /   859 (059%):	 Total:0.4086039	 Acc:0.2500000	 lr:0.0015898	 Mean_Total:0.8718774
2021-09-16 10:09:44,962 -   684 /   859 (079%):	 Total:0.4795243	 Acc:0.0833333	 lr:0.0015476	 Mean_Total:0.8580840
2021-09-16 10:09:48,073 -   855 /   859 (099%):	 Total:1.0989990	 Acc:0.1666667	 lr:0.0015085	 Mean_Total:0.8480194
2021-09-16 10:09:48,282 - ===============================| start validation |===============================
2021-09-16 10:09:49,584 - 	 Total:0.9219134	 Acc:0.1760125
2021-09-16 10:09:49,587 -    ini file updated    
2021-09-16 10:09:49,587 - ===============================|    epoch 4   |===============================
2021-09-16 10:09:50,000 -     0 /   859 (000%):	 Total:0.3244240	 Acc:0.5000000	 lr:0.0015077	 Mean_Total:0.3244240
2021-09-16 10:09:53,300 -   171 /   859 (019%):	 Total:1.2723849	 Acc:0.0833333	 lr:0.0014715	 Mean_Total:0.8442405
2021-09-16 10:09:56,378 -   342 /   859 (039%):	 Total:0.9812441	 Acc:0.1666667	 lr:0.0014378	 Mean_Total:0.8472632
2021-09-16 10:09:59,590 -   513 /   859 (059%):	 Total:0.4083234	 Acc:0.0833333	 lr:0.0014064	 Mean_Total:0.8507750
2021-09-16 10:10:02,921 -   684 /   859 (079%):	 Total:0.2658693	 Acc:0.2500000	 lr:0.0013769	 Mean_Total:0.8341013
2021-09-16 10:10:05,996 -   855 /   859 (099%):	 Total:0.2854801	 Acc:0.3333333	 lr:0.0013492	 Mean_Total:0.8264681
2021-09-16 10:10:06,168 - ===============================| start validation |===============================
2021-09-16 10:10:07,407 - 	 Total:0.9284273	 Acc:0.1658879
2021-09-16 10:10:07,410 -    ini file updated    
2021-09-16 10:10:07,410 - ===============================|    epoch 5   |===============================
2021-09-16 10:10:07,820 -     0 /   859 (000%):	 Total:0.7854704	 Acc:0.2500000	 lr:0.0013485	 Mean_Total:0.7854704
2021-09-16 10:10:11,088 -   171 /   859 (019%):	 Total:0.8430337	 Acc:0.1666667	 lr:0.0013225	 Mean_Total:0.8418870
2021-09-16 10:10:14,138 -   342 /   859 (039%):	 Total:0.3422098	 Acc:0.3333333	 lr:0.0012979	 Mean_Total:0.8369649
2021-09-16 10:10:17,173 -   513 /   859 (059%):	 Total:1.1337285	 Acc:0.0833333	 lr:0.0012746	 Mean_Total:0.8337017
2021-09-16 10:10:20,373 -   684 /   859 (079%):	 Total:0.7307475	 Acc:0.0833333	 lr:0.0012525	 Mean_Total:0.8174274
2021-09-16 10:10:23,679 -   855 /   859 (099%):	 Total:1.2059945	 Acc:0.2500000	 lr:0.0012315	 Mean_Total:0.8114813
2021-09-16 10:10:23,861 - ===============================| start validation |===============================
2021-09-16 10:10:25,138 - 	 Total:0.9013748	 Acc:0.1775701
2021-09-16 10:10:25,142 -    ini file updated    
2021-09-16 10:10:25,142 - ===============================|    epoch 6   |===============================
2021-09-16 10:10:25,595 -     0 /   859 (000%):	 Total:1.2945447	 Acc:0.0000000	 lr:0.0012311	 Mean_Total:1.2945447
2021-09-16 10:10:28,797 -   171 /   859 (019%):	 Total:2.2791698	 Acc:0.0833333	 lr:0.0012111	 Mean_Total:0.8320730
2021-09-16 10:10:31,877 -   342 /   859 (039%):	 Total:1.2619541	 Acc:0.1666667	 lr:0.0011922	 Mean_Total:0.8161744
2021-09-16 10:10:34,895 -   513 /   859 (059%):	 Total:0.6071385	 Acc:0.2500000	 lr:0.0011740	 Mean_Total:0.8105499
2021-09-16 10:10:38,091 -   684 /   859 (079%):	 Total:0.2155339	 Acc:0.1666667	 lr:0.0011567	 Mean_Total:0.8034116
2021-09-16 10:10:41,258 -   855 /   859 (099%):	 Total:0.3703593	 Acc:0.3333333	 lr:0.0011401	 Mean_Total:0.7907782
2021-09-16 10:10:41,429 - ===============================| start validation |===============================
2021-09-16 10:10:42,701 - 	 Total:0.8628001	 Acc:0.1923676
2021-09-16 10:10:42,705 -    ini file updated    
2021-09-16 10:10:42,740 - Snapshot saved to /data/users/wergillius/UTR_VAE/pth/RL_gru_MTL/pc3_single_task/log_te_cv-model_best_cv8.pth

2021-09-16 10:10:42,741 -    ini file updated    
2021-09-16 10:10:42,741 - ===============================|    epoch 7   |===============================
2021-09-16 10:10:43,184 -     0 /   859 (000%):	 Total:0.7959754	 Acc:0.5000000	 lr:0.0011398	 Mean_Total:0.7959754
2021-09-16 10:10:46,393 -   171 /   859 (019%):	 Total:1.0563662	 Acc:0.0833333	 lr:0.0011239	 Mean_Total:0.7753405
2021-09-16 10:10:49,628 -   342 /   859 (039%):	 Total:0.6261059	 Acc:0.1666667	 lr:0.0011087	 Mean_Total:0.8016652
2021-09-16 10:10:52,731 -   513 /   859 (059%):	 Total:1.3726357	 Acc:0.1666667	 lr:0.0010941	 Mean_Total:0.7900720
2021-09-16 10:10:55,927 -   684 /   859 (079%):	 Total:0.8383154	 Acc:0.0833333	 lr:0.0010800	 Mean_Total:0.7814305
2021-09-16 10:10:59,108 -   855 /   859 (099%):	 Total:0.5686776	 Acc:0.1666667	 lr:0.0010665	 Mean_Total:0.7662781
2021-09-16 10:10:59,308 - ===============================| start validation |===============================
2021-09-16 10:11:00,584 - 	 Total:0.8599914	 Acc:0.1915888
2021-09-16 10:11:00,587 -    ini file updated    
2021-09-16 10:11:00,624 - Snapshot saved to /data/users/wergillius/UTR_VAE/pth/RL_gru_MTL/pc3_single_task/log_te_cv-model_best_cv8.pth

2021-09-16 10:11:00,625 -    ini file updated    
2021-09-16 10:11:00,626 - ===============================|    epoch 8   |===============================
2021-09-16 10:11:01,088 -     0 /   859 (000%):	 Total:0.3298656	 Acc:0.0833333	 lr:0.0010662	 Mean_Total:0.3298656
2021-09-16 10:11:04,317 -   171 /   859 (019%):	 Total:0.9977676	 Acc:0.2500000	 lr:0.0010531	 Mean_Total:0.7586229
2021-09-16 10:11:07,647 -   342 /   859 (039%):	 Total:0.5007554	 Acc:0.2500000	 lr:0.0010406	 Mean_Total:0.7690162
2021-09-16 10:11:10,836 -   513 /   859 (059%):	 Total:0.1780726	 Acc:0.1666667	 lr:0.0010285	 Mean_Total:0.7746756
2021-09-16 10:11:14,098 -   684 /   859 (079%):	 Total:0.3918096	 Acc:0.0833333	 lr:0.0010168	 Mean_Total:0.7584812
2021-09-16 10:11:17,287 -   855 /   859 (099%):	 Total:0.8637509	 Acc:0.1666667	 lr:0.0010055	 Mean_Total:0.7505962
2021-09-16 10:11:17,468 - ===============================| start validation |===============================
2021-09-16 10:11:18,830 - 	 Total:0.8699936	 Acc:0.1814642
2021-09-16 10:11:18,835 -    ini file updated    
2021-09-16 10:11:18,835 - ===============================|    epoch 9   |===============================
2021-09-16 10:11:19,297 -     0 /   859 (000%):	 Total:0.6325064	 Acc:0.2500000	 lr:0.0010052	 Mean_Total:0.6325064
2021-09-16 10:11:22,515 -   171 /   859 (019%):	 Total:1.1811745	 Acc:0.0833333	 lr:0.0009943	 Mean_Total:0.6913261
2021-09-16 10:11:25,792 -   342 /   859 (039%):	 Total:0.6142546	 Acc:0.2500000	 lr:0.0009837	 Mean_Total:0.7300531
2021-09-16 10:11:29,162 -   513 /   859 (059%):	 Total:0.9740194	 Acc:0.2500000	 lr:0.0009734	 Mean_Total:0.7247410
2021-09-16 10:11:32,348 -   684 /   859 (079%):	 Total:0.8081891	 Acc:0.1666667	 lr:0.0009635	 Mean_Total:0.7185221
2021-09-16 10:11:35,884 -   855 /   859 (099%):	 Total:0.7520163	 Acc:0.2500000	 lr:0.0009538	 Mean_Total:0.7199953
2021-09-16 10:11:36,067 - ===============================| start validation |===============================
2021-09-16 10:11:37,470 - 	 Total:0.9153278	 Acc:0.1736760
2021-09-16 10:11:37,474 -    ini file updated    
2021-09-16 10:11:37,475 - ===============================|    epoch 10   |===============================
2021-09-16 10:11:37,955 -     0 /   859 (000%):	 Total:0.7058766	 Acc:0.1666667	 lr:0.0009536	 Mean_Total:0.7058766
2021-09-16 10:11:41,805 -   171 /   859 (019%):	 Total:0.2398827	 Acc:0.3333333	 lr:0.0009443	 Mean_Total:0.7082799
2021-09-16 10:11:45,396 -   342 /   859 (039%):	 Total:0.6955580	 Acc:0.2500000	 lr:0.0009352	 Mean_Total:0.7116071
2021-09-16 10:11:48,734 -   513 /   859 (059%):	 Total:0.5140557	 Acc:0.2500000	 lr:0.0009264	 Mean_Total:0.7104064
2021-09-16 10:11:52,072 -   684 /   859 (079%):	 Total:0.5461034	 Acc:0.0833333	 lr:0.0009178	 Mean_Total:0.6993995
2021-09-16 10:11:55,237 -   855 /   859 (099%):	 Total:0.4177971	 Acc:0.0000000	 lr:0.0009094	 Mean_Total:0.6950419
2021-09-16 10:11:55,408 - ===============================| start validation |===============================
2021-09-16 10:11:56,604 - 	 Total:0.8205203	 Acc:0.2017134
2021-09-16 10:11:56,606 -    ini file updated    
2021-09-16 10:11:56,634 - Snapshot saved to /data/users/wergillius/UTR_VAE/pth/RL_gru_MTL/pc3_single_task/log_te_cv-model_best_cv8.pth

2021-09-16 10:11:56,635 -    ini file updated    
2021-09-16 10:11:56,635 - ===============================|    epoch 11   |===============================
2021-09-16 10:11:57,059 -     0 /   859 (000%):	 Total:1.4600539	 Acc:0.1666667	 lr:0.0009092	 Mean_Total:1.4600539
2021-09-16 10:12:00,323 -   171 /   859 (019%):	 Total:0.6117272	 Acc:0.0000000	 lr:0.0009011	 Mean_Total:0.7233592
2021-09-16 10:12:03,485 -   342 /   859 (039%):	 Total:0.4468197	 Acc:0.0833333	 lr:0.0008932	 Mean_Total:0.7027678
2021-09-16 10:12:06,733 -   513 /   859 (059%):	 Total:0.6556355	 Acc:0.0833333	 lr:0.0008855	 Mean_Total:0.6942608
2021-09-16 10:12:10,022 -   684 /   859 (079%):	 Total:0.4686403	 Acc:0.1666667	 lr:0.0008780	 Mean_Total:0.6862273
2021-09-16 10:12:13,338 -   855 /   859 (099%):	 Total:1.0358994	 Acc:0.4166667	 lr:0.0008707	 Mean_Total:0.6784896
2021-09-16 10:12:13,513 - ===============================| start validation |===============================
2021-09-16 10:12:14,700 - 	 Total:0.8244153	 Acc:0.1876947
2021-09-16 10:12:14,704 -    ini file updated    
2021-09-16 10:12:14,705 - ===============================|    epoch 12   |===============================
2021-09-16 10:12:15,144 -     0 /   859 (000%):	 Total:0.5789292	 Acc:0.3333333	 lr:0.0008705	 Mean_Total:0.5789292
2021-09-16 10:12:18,356 -   171 /   859 (019%):	 Total:0.5854548	 Acc:0.1666667	 lr:0.0008634	 Mean_Total:0.6891383
2021-09-16 10:12:21,556 -   342 /   859 (039%):	 Total:0.8078918	 Acc:0.1666667	 lr:0.0008564	 Mean_Total:0.6795473
2021-09-16 10:12:24,784 -   513 /   859 (059%):	 Total:0.2571983	 Acc:0.5833333	 lr:0.0008497	 Mean_Total:0.6707704
2021-09-16 10:12:28,028 -   684 /   859 (079%):	 Total:0.5898447	 Acc:0.1666667	 lr:0.0008430	 Mean_Total:0.6671652
2021-09-16 10:12:31,373 -   855 /   859 (099%):	 Total:0.3507806	 Acc:0.2500000	 lr:0.0008365	 Mean_Total:0.6539027
2021-09-16 10:12:31,557 - ===============================| start validation |===============================
2021-09-16 10:12:32,750 - 	 Total:0.8256094	 Acc:0.1939252
2021-09-16 10:12:32,754 -    ini file updated    
2021-09-16 10:12:32,754 - ===============================|    epoch 13   |===============================
2021-09-16 10:12:33,183 -     0 /   859 (000%):	 Total:0.4715466	 Acc:0.2500000	 lr:0.0008364	 Mean_Total:0.4715466
2021-09-16 10:12:36,314 -   171 /   859 (019%):	 Total:0.4582370	 Acc:0.1666667	 lr:0.0008301	 Mean_Total:0.6600875
2021-09-16 10:12:39,534 -   342 /   859 (039%):	 Total:0.6859165	 Acc:0.0000000	 lr:0.0008239	 Mean_Total:0.6487993
2021-09-16 10:12:42,810 -   513 /   859 (059%):	 Total:0.4465836	 Acc:0.3333333	 lr:0.0008178	 Mean_Total:0.6372353
2021-09-16 10:12:46,133 -   684 /   859 (079%):	 Total:0.6169858	 Acc:0.0833333	 lr:0.0008119	 Mean_Total:0.6383996
2021-09-16 10:12:49,357 -   855 /   859 (099%):	 Total:0.8140656	 Acc:0.4166667	 lr:0.0008061	 Mean_Total:0.6318753
2021-09-16 10:12:49,526 - ===============================| start validation |===============================
2021-09-16 10:12:50,708 - 	 Total:0.8159988	 Acc:0.2414330
2021-09-16 10:12:50,712 -    ini file updated    
2021-09-16 10:12:50,743 - Snapshot saved to /data/users/wergillius/UTR_VAE/pth/RL_gru_MTL/pc3_single_task/log_te_cv-model_best_cv8.pth

2021-09-16 10:12:50,744 -    ini file updated    
2021-09-16 10:12:50,744 - ===============================|    epoch 14   |===============================
2021-09-16 10:12:51,219 -     0 /   859 (000%):	 Total:0.5363278	 Acc:0.2500000	 lr:0.0008060	 Mean_Total:0.5363278
2021-09-16 10:12:54,444 -   171 /   859 (019%):	 Total:0.8112666	 Acc:0.3333333	 lr:0.0008003	 Mean_Total:0.6315736
2021-09-16 10:12:57,568 -   342 /   859 (039%):	 Total:1.3506413	 Acc:0.3333333	 lr:0.0007947	 Mean_Total:0.6151653
2021-09-16 10:13:00,676 -   513 /   859 (059%):	 Total:0.8713946	 Acc:0.4166667	 lr:0.0007893	 Mean_Total:0.6103253
2021-09-16 10:13:03,843 -   684 /   859 (079%):	 Total:0.3796282	 Acc:0.0833333	 lr:0.0007840	 Mean_Total:0.6088900
2021-09-16 10:13:06,928 -   855 /   859 (099%):	 Total:0.6475118	 Acc:0.1666667	 lr:0.0007788	 Mean_Total:0.6046980
2021-09-16 10:13:07,113 - ===============================| start validation |===============================
2021-09-16 10:13:08,236 - 	 Total:0.7975610	 Acc:0.2344237
2021-09-16 10:13:08,238 -    ini file updated    
2021-09-16 10:13:08,263 - Snapshot saved to /data/users/wergillius/UTR_VAE/pth/RL_gru_MTL/pc3_single_task/log_te_cv-model_best_cv8.pth

2021-09-16 10:13:08,263 -    ini file updated    
2021-09-16 10:13:08,264 - ===============================|    epoch 15   |===============================
2021-09-16 10:13:08,723 -     0 /   859 (000%):	 Total:0.3085383	 Acc:0.2500000	 lr:0.0007786	 Mean_Total:0.3085383
2021-09-16 10:13:11,697 -   171 /   859 (019%):	 Total:1.2877364	 Acc:0.1666667	 lr:0.0007735	 Mean_Total:0.6087685
2021-09-16 10:13:15,039 -   342 /   859 (039%):	 Total:0.6651387	 Acc:0.2500000	 lr:0.0007685	 Mean_Total:0.5957079
2021-09-16 10:13:18,316 -   513 /   859 (059%):	 Total:0.8543023	 Acc:0.1666667	 lr:0.0007636	 Mean_Total:0.5905531
2021-09-16 10:13:21,546 -   684 /   859 (079%):	 Total:0.3176841	 Acc:0.4166667	 lr:0.0007588	 Mean_Total:0.5850511
2021-09-16 10:13:24,742 -   855 /   859 (099%):	 Total:0.8049678	 Acc:0.2500000	 lr:0.0007540	 Mean_Total:0.5795141
2021-09-16 10:13:24,924 - ===============================| start validation |===============================
2021-09-16 10:13:26,183 - 	 Total:0.8048825	 Acc:0.2336449
2021-09-16 10:13:26,185 -    ini file updated    
2021-09-16 10:13:26,185 - ===============================|    epoch 16   |===============================
2021-09-16 10:13:26,633 -     0 /   859 (000%):	 Total:0.5459372	 Acc:0.2500000	 lr:0.0007539	 Mean_Total:0.5459372
2021-09-16 10:13:30,090 -   171 /   859 (019%):	 Total:0.2580298	 Acc:0.3333333	 lr:0.0007493	 Mean_Total:0.5563227
2021-09-16 10:13:33,321 -   342 /   859 (039%):	 Total:0.2847613	 Acc:0.1666667	 lr:0.0007447	 Mean_Total:0.5621348
2021-09-16 10:13:36,716 -   513 /   859 (059%):	 Total:0.5597987	 Acc:0.3333333	 lr:0.0007402	 Mean_Total:0.5542557
2021-09-16 10:13:39,725 -   684 /   859 (079%):	 Total:0.5236107	 Acc:0.1666667	 lr:0.0007358	 Mean_Total:0.5509080
2021-09-16 10:13:42,859 -   855 /   859 (099%):	 Total:0.5119793	 Acc:0.1666667	 lr:0.0007315	 Mean_Total:0.5520626
2021-09-16 10:13:43,000 - ===============================| start validation |===============================
2021-09-16 10:13:44,332 - 	 Total:0.8211720	 Acc:0.2211838
2021-09-16 10:13:44,335 -    ini file updated    
2021-09-16 10:13:44,336 - ===============================|    epoch 17   |===============================
2021-09-16 10:13:44,925 -     0 /   859 (000%):	 Total:0.2579399	 Acc:0.2500000	 lr:0.0007314	 Mean_Total:0.2579399
2021-09-16 10:13:48,139 -   171 /   859 (019%):	 Total:0.5925920	 Acc:0.2500000	 lr:0.0007272	 Mean_Total:0.5263517
2021-09-16 10:13:51,042 -   342 /   859 (039%):	 Total:0.9011959	 Acc:0.5833333	 lr:0.0007230	 Mean_Total:0.5392441
2021-09-16 10:13:54,119 -   513 /   859 (059%):	 Total:0.5518966	 Acc:0.3333333	 lr:0.0007189	 Mean_Total:0.5403888
2021-09-16 10:13:57,378 -   684 /   859 (079%):	 Total:0.4472959	 Acc:0.5000000	 lr:0.0007149	 Mean_Total:0.5343761
2021-09-16 10:14:00,505 -   855 /   859 (099%):	 Total:0.5872247	 Acc:0.0833333	 lr:0.0007109	 Mean_Total:0.5257168
2021-09-16 10:14:00,673 - ===============================| start validation |===============================
2021-09-16 10:14:01,843 - 	 Total:0.7828123	 Acc:0.2289720
2021-09-16 10:14:01,847 -    ini file updated    
2021-09-16 10:14:01,881 - Snapshot saved to /data/users/wergillius/UTR_VAE/pth/RL_gru_MTL/pc3_single_task/log_te_cv-model_best_cv8.pth

2021-09-16 10:14:01,881 -    ini file updated    
2021-09-16 10:14:01,882 - ===============================|    epoch 18   |===============================
2021-09-16 10:14:02,299 -     0 /   859 (000%):	 Total:0.3744690	 Acc:0.4166667	 lr:0.0007108	 Mean_Total:0.3744690
2021-09-16 10:14:05,652 -   171 /   859 (019%):	 Total:0.3558891	 Acc:0.1666667	 lr:0.0007069	 Mean_Total:0.5265006
2021-09-16 10:14:08,954 -   342 /   859 (039%):	 Total:0.4300587	 Acc:0.2500000	 lr:0.0007031	 Mean_Total:0.5223569
2021-09-16 10:14:12,343 -   513 /   859 (059%):	 Total:0.4981169	 Acc:0.3333333	 lr:0.0006993	 Mean_Total:0.5163160
2021-09-16 10:14:16,473 -   684 /   859 (079%):	 Total:0.5519059	 Acc:0.4166667	 lr:0.0006956	 Mean_Total:0.5086373
2021-09-16 10:14:20,735 -   855 /   859 (099%):	 Total:0.1690660	 Acc:0.1666667	 lr:0.0006919	 Mean_Total:0.5031803
2021-09-16 10:14:20,895 - ===============================| start validation |===============================
2021-09-16 10:14:22,218 - 	 Total:0.8262293	 Acc:0.2344237
2021-09-16 10:14:22,222 -    ini file updated    
2021-09-16 10:14:22,222 - ===============================|    epoch 19   |===============================
2021-09-16 10:14:22,848 -     0 /   859 (000%):	 Total:0.4963573	 Acc:0.3333333	 lr:0.0006918	 Mean_Total:0.4963573
2021-09-16 10:14:26,842 -   171 /   859 (019%):	 Total:0.4393926	 Acc:0.2500000	 lr:0.0006882	 Mean_Total:0.4864108
2021-09-16 10:14:30,531 -   342 /   859 (039%):	 Total:0.3337001	 Acc:0.2500000	 lr:0.0006847	 Mean_Total:0.4945188
2021-09-16 10:14:33,869 -   513 /   859 (059%):	 Total:0.4353882	 Acc:0.0833333	 lr:0.0006812	 Mean_Total:0.4955733
2021-09-16 10:14:37,170 -   684 /   859 (079%):	 Total:0.2205755	 Acc:0.2500000	 lr:0.0006778	 Mean_Total:0.4867914
2021-09-16 10:14:40,315 -   855 /   859 (099%):	 Total:0.2390147	 Acc:0.2500000	 lr:0.0006744	 Mean_Total:0.4792776
2021-09-16 10:14:40,498 - ===============================| start validation |===============================
2021-09-16 10:14:41,659 - 	 Total:0.7833245	 Acc:0.2414330
2021-09-16 10:14:41,662 -    ini file updated    
2021-09-16 10:14:41,693 - Snapshot saved to /data/users/wergillius/UTR_VAE/pth/RL_gru_MTL/pc3_single_task/log_te_cv-model_best_cv8.pth

2021-09-16 10:14:41,693 -    ini file updated    
2021-09-16 10:14:41,694 - ===============================|    epoch 20   |===============================
2021-09-16 10:14:42,137 -     0 /   859 (000%):	 Total:0.7224113	 Acc:0.4166667	 lr:0.0006743	 Mean_Total:0.7224113
2021-09-16 10:14:45,433 -   171 /   859 (019%):	 Total:0.5052211	 Acc:0.2500000	 lr:0.0006710	 Mean_Total:0.4715700
2021-09-16 10:14:49,102 -   342 /   859 (039%):	 Total:0.4929054	 Acc:0.1666667	 lr:0.0006677	 Mean_Total:0.4767813
2021-09-16 10:14:53,806 -   513 /   859 (059%):	 Total:0.6805050	 Acc:0.0000000	 lr:0.0006645	 Mean_Total:0.4673479
2021-09-16 10:14:57,460 -   684 /   859 (079%):	 Total:0.4147360	 Acc:0.2500000	 lr:0.0006613	 Mean_Total:0.4582863
2021-09-16 10:15:00,621 -   855 /   859 (099%):	 Total:0.2690654	 Acc:0.5000000	 lr:0.0006582	 Mean_Total:0.4574281
2021-09-16 10:15:00,818 - ===============================| start validation |===============================
2021-09-16 10:15:01,985 - 	 Total:0.8225906	 Acc:0.2289720
2021-09-16 10:15:01,987 -    ini file updated    
2021-09-16 10:15:01,987 - ===============================|    epoch 21   |===============================
2021-09-16 10:15:02,467 -     0 /   859 (000%):	 Total:0.5921053	 Acc:0.1666667	 lr:0.0006581	 Mean_Total:0.5921053
2021-09-16 10:15:06,086 -   171 /   859 (019%):	 Total:0.2721959	 Acc:0.2500000	 lr:0.0006550	 Mean_Total:0.4394001
2021-09-16 10:15:10,010 -   342 /   859 (039%):	 Total:0.3725514	 Acc:0.0833333	 lr:0.0006519	 Mean_Total:0.4449762
2021-09-16 10:15:13,816 -   513 /   859 (059%):	 Total:0.6553080	 Acc:0.2500000	 lr:0.0006489	 Mean_Total:0.4417417
2021-09-16 10:15:17,016 -   684 /   859 (079%):	 Total:0.6149824	 Acc:0.5000000	 lr:0.0006459	 Mean_Total:0.4399892
2021-09-16 10:15:20,123 -   855 /   859 (099%):	 Total:0.2745922	 Acc:0.2500000	 lr:0.0006430	 Mean_Total:0.4316569
2021-09-16 10:15:20,293 - ===============================| start validation |===============================
2021-09-16 10:15:21,672 - 	 Total:0.7716688	 Acc:0.2523364
2021-09-16 10:15:21,676 -    ini file updated    
2021-09-16 10:15:21,720 - Snapshot saved to /data/users/wergillius/UTR_VAE/pth/RL_gru_MTL/pc3_single_task/log_te_cv-model_best_cv8.pth

2021-09-16 10:15:21,721 -    ini file updated    
2021-09-16 10:15:21,721 - ===============================|    epoch 22   |===============================
2021-09-16 10:15:22,176 -     0 /   859 (000%):	 Total:0.7005422	 Acc:0.3333333	 lr:0.0006429	 Mean_Total:0.7005422
2021-09-16 10:15:25,329 -   171 /   859 (019%):	 Total:0.3662390	 Acc:0.2500000	 lr:0.0006401	 Mean_Total:0.4219528
2021-09-16 10:15:28,363 -   342 /   859 (039%):	 Total:0.3262438	 Acc:0.3333333	 lr:0.0006372	 Mean_Total:0.4302993
2021-09-16 10:15:31,653 -   513 /   859 (059%):	 Total:0.1745535	 Acc:0.3333333	 lr:0.0006344	 Mean_Total:0.4247682
2021-09-16 10:15:34,679 -   684 /   859 (079%):	 Total:0.1914053	 Acc:0.4166667	 lr:0.0006316	 Mean_Total:0.4173529
2021-09-16 10:15:37,757 -   855 /   859 (099%):	 Total:0.3146572	 Acc:0.0833333	 lr:0.0006289	 Mean_Total:0.4164991
2021-09-16 10:15:37,909 - ===============================| start validation |===============================
2021-09-16 10:15:39,167 - 	 Total:0.7802142	 Acc:0.2694704
2021-09-16 10:15:39,169 -    ini file updated    
2021-09-16 10:15:39,193 - Snapshot saved to /data/users/wergillius/UTR_VAE/pth/RL_gru_MTL/pc3_single_task/log_te_cv-model_best_cv8.pth

2021-09-16 10:15:39,193 -    ini file updated    
2021-09-16 10:15:39,194 - ===============================|    epoch 23   |===============================
2021-09-16 10:15:39,646 -     0 /   859 (000%):	 Total:0.3161662	 Acc:0.2500000	 lr:0.0006288	 Mean_Total:0.3161662
2021-09-16 10:15:42,766 -   171 /   859 (019%):	 Total:0.3626377	 Acc:0.2500000	 lr:0.0006261	 Mean_Total:0.4100468
2021-09-16 10:15:46,079 -   342 /   859 (039%):	 Total:0.3579088	 Acc:0.3333333	 lr:0.0006234	 Mean_Total:0.4069082
2021-09-16 10:15:49,346 -   513 /   859 (059%):	 Total:0.4562812	 Acc:0.2500000	 lr:0.0006208	 Mean_Total:0.4024279
