
===============================|    epoch 0   |===============================

/home/wergillius/Project/UTR_VAE
  0 / 2779 (0.0%): 	 LOSS:159.268371582 	 lr: 0.000115802 	 teaching_rate: 1.001000500 
555 / 2779 (20.0%): 	 LOSS:129.071731567 	 lr: 0.000115802 	 teaching_rate: 1.001000500 
1110 / 2779 (39.9%): 	 LOSS:82.831565857 	 lr: 0.000115802 	 teaching_rate: 1.001000500 
1665 / 2779 (59.9%): 	 LOSS:35.212493896 	 lr: 0.000115802 	 teaching_rate: 1.001000500 
2220 / 2779 (79.9%): 	 LOSS:8.500014305 	 lr: 0.000115802 	 teaching_rate: 1.001000500 
2775 / 2779 (99.9%): 	 LOSS:2.495378017 	 lr: 0.000115802 	 teaching_rate: 1.001000500 

===============================| start validation |===============================

	 LOSS:432.6888428  Avg_ACC: 29.937786102294922
   ini file updated    
Snapshot saved to /data/users/wergillius/UTR_VAE/pth/LSTM_AE_mask/setting10/mask_st10_LonTeach-model_best.pth

   ini file updated    

===============================|    epoch 1   |===============================

  0 / 2779 (0.0%): 	 LOSS:2.671519279 	 lr: 0.000231605 	 teaching_rate: 0.994017964 
555 / 2779 (20.0%): 	 LOSS:7.049901962 	 lr: 0.000231605 	 teaching_rate: 0.994017964 
1110 / 2779 (39.9%): 	 LOSS:1.862186432 	 lr: 0.000231605 	 teaching_rate: 0.994017964 
1665 / 2779 (59.9%): 	 LOSS:10.779208183 	 lr: 0.000231605 	 teaching_rate: 0.994017964 
2220 / 2779 (79.9%): 	 LOSS:1.786623955 	 lr: 0.000231605 	 teaching_rate: 0.994017964 
2775 / 2779 (99.9%): 	 LOSS:4.067444324 	 lr: 0.000231605 	 teaching_rate: 0.994017964 

===============================|    epoch 2   |===============================

  0 / 2779 (0.0%): 	 LOSS:5.653599262 	 lr: 0.000347407 	 teaching_rate: 0.987084135 
555 / 2779 (20.0%): 	 LOSS:2.192487240 	 lr: 0.000347407 	 teaching_rate: 0.987084135 
1110 / 2779 (39.9%): 	 LOSS:8.043010712 	 lr: 0.000347407 	 teaching_rate: 0.987084135 
1665 / 2779 (59.9%): 	 LOSS:5.880178452 	 lr: 0.000347407 	 teaching_rate: 0.987084135 
2220 / 2779 (79.9%): 	 LOSS:2.061941862 	 lr: 0.000347407 	 teaching_rate: 0.987084135 
2775 / 2779 (99.9%): 	 LOSS:5.543421745 	 lr: 0.000347407 	 teaching_rate: 0.987084135 

===============================|    epoch 3   |===============================

  0 / 2779 (0.0%): 	 LOSS:11.261724472 	 lr: 0.000463209 	 teaching_rate: 0.980198673 
555 / 2779 (20.0%): 	 LOSS:6.496917248 	 lr: 0.000463209 	 teaching_rate: 0.980198673 
1110 / 2779 (39.9%): 	 LOSS:8.051895142 	 lr: 0.000463209 	 teaching_rate: 0.980198673 
1665 / 2779 (59.9%): 	 LOSS:7.381069660 	 lr: 0.000463209 	 teaching_rate: 0.980198673 
2220 / 2779 (79.9%): 	 LOSS:10.118269920 	 lr: 0.000463209 	 teaching_rate: 0.980198673 
2775 / 2779 (99.9%): 	 LOSS:6.726764202 	 lr: 0.000463209 	 teaching_rate: 0.980198673 

===============================|    epoch 4   |===============================

  0 / 2779 (0.0%): 	 LOSS:7.071829796 	 lr: 0.000579011 	 teaching_rate: 0.973361242 
555 / 2779 (20.0%): 	 LOSS:17.671575546 	 lr: 0.000579011 	 teaching_rate: 0.973361242 
1110 / 2779 (39.9%): 	 LOSS:11.709108353 	 lr: 0.000579011 	 teaching_rate: 0.973361242 
1665 / 2779 (59.9%): 	 LOSS:9.429780960 	 lr: 0.000579011 	 teaching_rate: 0.973361242 
2220 / 2779 (79.9%): 	 LOSS:4.235905647 	 lr: 0.000579011 	 teaching_rate: 0.973361242 
2775 / 2779 (99.9%): 	 LOSS:4.646243095 	 lr: 0.000579011 	 teaching_rate: 0.973361242 

===============================|    epoch 5   |===============================

  0 / 2779 (0.0%): 	 LOSS:15.438715935 	 lr: 0.000694814 	 teaching_rate: 0.966571505 
555 / 2779 (20.0%): 	 LOSS:20.945501328 	 lr: 0.000694814 	 teaching_rate: 0.966571505 
1110 / 2779 (39.9%): 	 LOSS:14.710553169 	 lr: 0.000694814 	 teaching_rate: 0.966571505 
1665 / 2779 (59.9%): 	 LOSS:9.216219902 	 lr: 0.000694814 	 teaching_rate: 0.966571505 
2220 / 2779 (79.9%): 	 LOSS:15.904047012 	 lr: 0.000694814 	 teaching_rate: 0.966571505 
2775 / 2779 (99.9%): 	 LOSS:17.486663818 	 lr: 0.000694814 	 teaching_rate: 0.966571505 

===============================|    epoch 6   |===============================

  0 / 2779 (0.0%): 	 LOSS:22.910278320 	 lr: 0.000810616 	 teaching_rate: 0.959829130 
555 / 2779 (20.0%): 	 LOSS:10.721866608 	 lr: 0.000810616 	 teaching_rate: 0.959829130 
1110 / 2779 (39.9%): 	 LOSS:8.235405922 	 lr: 0.000810616 	 teaching_rate: 0.959829130 
1665 / 2779 (59.9%): 	 LOSS:14.896940231 	 lr: 0.000810616 	 teaching_rate: 0.959829130 
2220 / 2779 (79.9%): 	 LOSS:8.978940964 	 lr: 0.000810616 	 teaching_rate: 0.959829130 
2775 / 2779 (99.9%): 	 LOSS:15.926722527 	 lr: 0.000810616 	 teaching_rate: 0.959829130 

===============================|    epoch 7   |===============================

  0 / 2779 (0.0%): 	 LOSS:11.600254059 	 lr: 0.000926418 	 teaching_rate: 0.953133787 
555 / 2779 (20.0%): 	 LOSS:12.802796364 	 lr: 0.000926418 	 teaching_rate: 0.953133787 
1110 / 2779 (39.9%): 	 LOSS:17.507404327 	 lr: 0.000926418 	 teaching_rate: 0.953133787 
1665 / 2779 (59.9%): 	 LOSS:11.489698410 	 lr: 0.000926418 	 teaching_rate: 0.953133787 
2220 / 2779 (79.9%): 	 LOSS:7.729074955 	 lr: 0.000926418 	 teaching_rate: 0.953133787 
2775 / 2779 (99.9%): 	 LOSS:5.915212154 	 lr: 0.000926418 	 teaching_rate: 0.953133787 

===============================|    epoch 8   |===============================

  0 / 2779 (0.0%): 	 LOSS:19.264255524 	 lr: 0.001042220 	 teaching_rate: 0.946485148 
555 / 2779 (20.0%): 	 LOSS:13.484552383 	 lr: 0.001042220 	 teaching_rate: 0.946485148 
1110 / 2779 (39.9%): 	 LOSS:11.918682098 	 lr: 0.001042220 	 teaching_rate: 0.946485148 
1665 / 2779 (59.9%): 	 LOSS:10.991304398 	 lr: 0.001042220 	 teaching_rate: 0.946485148 
2220 / 2779 (79.9%): 	 LOSS:12.503022194 	 lr: 0.001042220 	 teaching_rate: 0.946485148 
2775 / 2779 (99.9%): 	 LOSS:10.365197182 	 lr: 0.001042220 	 teaching_rate: 0.946485148 

===============================|    epoch 9   |===============================

  0 / 2779 (0.0%): 	 LOSS:14.937167168 	 lr: 0.001158023 	 teaching_rate: 0.939882887 
555 / 2779 (20.0%): 	 LOSS:17.838922501 	 lr: 0.001158023 	 teaching_rate: 0.939882887 
1110 / 2779 (39.9%): 	 LOSS:21.770252228 	 lr: 0.001158023 	 teaching_rate: 0.939882887 
1665 / 2779 (59.9%): 	 LOSS:14.006575584 	 lr: 0.001158023 	 teaching_rate: 0.939882887 
2220 / 2779 (79.9%): 	 LOSS:8.993359566 	 lr: 0.001158023 	 teaching_rate: 0.939882887 
2775 / 2779 (99.9%): 	 LOSS:13.571751595 	 lr: 0.001158023 	 teaching_rate: 0.939882887 

===============================|    epoch 10   |===============================

  0 / 2779 (0.0%): 	 LOSS:10.397597313 	 lr: 0.001273825 	 teaching_rate: 0.933326680 
555 / 2779 (20.0%): 	 LOSS:24.823875427 	 lr: 0.001273825 	 teaching_rate: 0.933326680 
1110 / 2779 (39.9%): 	 LOSS:23.200963974 	 lr: 0.001273825 	 teaching_rate: 0.933326680 
1665 / 2779 (59.9%): 	 LOSS:13.676850319 	 lr: 0.001273825 	 teaching_rate: 0.933326680 
2220 / 2779 (79.9%): 	 LOSS:24.825492859 	 lr: 0.001273825 	 teaching_rate: 0.933326680 
2775 / 2779 (99.9%): 	 LOSS:14.619393349 	 lr: 0.001273825 	 teaching_rate: 0.933326680 

===============================| start validation |===============================

	 LOSS:279.0827332  Avg_ACC: 27.729835510253906
   ini file updated    
Snapshot saved to /data/users/wergillius/UTR_VAE/pth/LSTM_AE_mask/setting10/mask_st10_LonTeach-model_best.pth

   ini file updated    

===============================|    epoch 11   |===============================

  0 / 2779 (0.0%): 	 LOSS:15.952500343 	 lr: 0.001389627 	 teaching_rate: 0.926816207 
555 / 2779 (20.0%): 	 LOSS:24.817806244 	 lr: 0.001389627 	 teaching_rate: 0.926816207 
1110 / 2779 (39.9%): 	 LOSS:29.607364655 	 lr: 0.001389627 	 teaching_rate: 0.926816207 
1665 / 2779 (59.9%): 	 LOSS:27.232717514 	 lr: 0.001389627 	 teaching_rate: 0.926816207 
2220 / 2779 (79.9%): 	 LOSS:14.827364922 	 lr: 0.001389627 	 teaching_rate: 0.926816207 
2775 / 2779 (99.9%): 	 LOSS:21.903642654 	 lr: 0.001389627 	 teaching_rate: 0.926816207 

===============================|    epoch 12   |===============================

  0 / 2779 (0.0%): 	 LOSS:15.928102493 	 lr: 0.001505429 	 teaching_rate: 0.920351147 
555 / 2779 (20.0%): 	 LOSS:26.868717194 	 lr: 0.001505429 	 teaching_rate: 0.920351147 
1110 / 2779 (39.9%): 	 LOSS:9.886192322 	 lr: 0.001505429 	 teaching_rate: 0.920351147 
1665 / 2779 (59.9%): 	 LOSS:19.836961746 	 lr: 0.001505429 	 teaching_rate: 0.920351147 
2220 / 2779 (79.9%): 	 LOSS:26.421312332 	 lr: 0.001505429 	 teaching_rate: 0.920351147 
2775 / 2779 (99.9%): 	 LOSS:22.799190521 	 lr: 0.001505429 	 teaching_rate: 0.920351147 

===============================|    epoch 13   |===============================

  0 / 2779 (0.0%): 	 LOSS:19.753280640 	 lr: 0.001621232 	 teaching_rate: 0.913931185 
555 / 2779 (20.0%): 	 LOSS:27.191015244 	 lr: 0.001621232 	 teaching_rate: 0.913931185 
1110 / 2779 (39.9%): 	 LOSS:34.714221954 	 lr: 0.001621232 	 teaching_rate: 0.913931185 
1665 / 2779 (59.9%): 	 LOSS:15.688660622 	 lr: 0.001621232 	 teaching_rate: 0.913931185 
2220 / 2779 (79.9%): 	 LOSS:25.946084976 	 lr: 0.001621232 	 teaching_rate: 0.913931185 
2775 / 2779 (99.9%): 	 LOSS:17.108980179 	 lr: 0.001621232 	 teaching_rate: 0.913931185 

===============================|    epoch 14   |===============================

  0 / 2779 (0.0%): 	 LOSS:37.405712128 	 lr: 0.001737034 	 teaching_rate: 0.907556006 
555 / 2779 (20.0%): 	 LOSS:22.330970764 	 lr: 0.001737034 	 teaching_rate: 0.907556006 
1110 / 2779 (39.9%): 	 LOSS:21.433895111 	 lr: 0.001737034 	 teaching_rate: 0.907556006 
1665 / 2779 (59.9%): 	 LOSS:34.320369720 	 lr: 0.001737034 	 teaching_rate: 0.907556006 
2220 / 2779 (79.9%): 	 LOSS:21.382722855 	 lr: 0.001737034 	 teaching_rate: 0.907556006 
2775 / 2779 (99.9%): 	 LOSS:21.701271057 	 lr: 0.001737034 	 teaching_rate: 0.907556006 

===============================|    epoch 15   |===============================

  0 / 2779 (0.0%): 	 LOSS:25.230165482 	 lr: 0.001852836 	 teaching_rate: 0.901225297 
555 / 2779 (20.0%): 	 LOSS:18.002819061 	 lr: 0.001852836 	 teaching_rate: 0.901225297 
1110 / 2779 (39.9%): 	 LOSS:16.293195724 	 lr: 0.001852836 	 teaching_rate: 0.901225297 
1665 / 2779 (59.9%): 	 LOSS:29.273170471 	 lr: 0.001852836 	 teaching_rate: 0.901225297 
2220 / 2779 (79.9%): 	 LOSS:22.994411469 	 lr: 0.001852836 	 teaching_rate: 0.901225297 
2775 / 2779 (99.9%): 	 LOSS:26.168119431 	 lr: 0.001852836 	 teaching_rate: 0.901225297 

===============================|    epoch 16   |===============================

  0 / 2779 (0.0%): 	 LOSS:23.974624634 	 lr: 0.001968638 	 teaching_rate: 0.894938749 
555 / 2779 (20.0%): 	 LOSS:19.125785828 	 lr: 0.001968638 	 teaching_rate: 0.894938749 
1110 / 2779 (39.9%): 	 LOSS:26.368921280 	 lr: 0.001968638 	 teaching_rate: 0.894938749 
1665 / 2779 (59.9%): 	 LOSS:13.074665070 	 lr: 0.001968638 	 teaching_rate: 0.894938749 
2220 / 2779 (79.9%): 	 LOSS:22.549537659 	 lr: 0.001968638 	 teaching_rate: 0.894938749 
2775 / 2779 (99.9%): 	 LOSS:33.460742950 	 lr: 0.001968638 	 teaching_rate: 0.894938749 

===============================|    epoch 17   |===============================

  0 / 2779 (0.0%): 	 LOSS:22.469223022 	 lr: 0.002084441 	 teaching_rate: 0.888696053 
555 / 2779 (20.0%): 	 LOSS:25.153448105 	 lr: 0.002084441 	 teaching_rate: 0.888696053 
1110 / 2779 (39.9%): 	 LOSS:24.139068604 	 lr: 0.002084441 	 teaching_rate: 0.888696053 
1665 / 2779 (59.9%): 	 LOSS:19.874319077 	 lr: 0.002084441 	 teaching_rate: 0.888696053 
2220 / 2779 (79.9%): 	 LOSS:27.546449661 	 lr: 0.002084441 	 teaching_rate: 0.888696053 
2775 / 2779 (99.9%): 	 LOSS:27.178359985 	 lr: 0.002084441 	 teaching_rate: 0.888696053 

===============================|    epoch 18   |===============================

  0 / 2779 (0.0%): 	 LOSS:17.799446106 	 lr: 0.002200243 	 teaching_rate: 0.882496903 
555 / 2779 (20.0%): 	 LOSS:20.619255066 	 lr: 0.002200243 	 teaching_rate: 0.882496903 
1110 / 2779 (39.9%): 	 LOSS:22.338001251 	 lr: 0.002200243 	 teaching_rate: 0.882496903 
1665 / 2779 (59.9%): 	 LOSS:32.085880280 	 lr: 0.002200243 	 teaching_rate: 0.882496903 
2220 / 2779 (79.9%): 	 LOSS:25.587919235 	 lr: 0.002200243 	 teaching_rate: 0.882496903 
2775 / 2779 (99.9%): 	 LOSS:27.853542328 	 lr: 0.002200243 	 teaching_rate: 0.882496903 

===============================|    epoch 19   |===============================

  0 / 2779 (0.0%): 	 LOSS:27.638874054 	 lr: 0.002316045 	 teaching_rate: 0.876340995 
555 / 2779 (20.0%): 	 LOSS:31.233804703 	 lr: 0.002316045 	 teaching_rate: 0.876340995 
1110 / 2779 (39.9%): 	 LOSS:28.954355240 	 lr: 0.002316045 	 teaching_rate: 0.876340995 
1665 / 2779 (59.9%): 	 LOSS:26.138742447 	 lr: 0.002316045 	 teaching_rate: 0.876340995 
2220 / 2779 (79.9%): 	 LOSS:33.013416290 	 lr: 0.002316045 	 teaching_rate: 0.876340995 
2775 / 2779 (99.9%): 	 LOSS:35.966243744 	 lr: 0.002316045 	 teaching_rate: 0.876340995 

===============================|    epoch 20   |===============================

  0 / 2779 (0.0%): 	 LOSS:54.052974701 	 lr: 0.002431847 	 teaching_rate: 0.870228028 
555 / 2779 (20.0%): 	 LOSS:42.491897583 	 lr: 0.002431847 	 teaching_rate: 0.870228028 
1110 / 2779 (39.9%): 	 LOSS:30.373823166 	 lr: 0.002431847 	 teaching_rate: 0.870228028 
1665 / 2779 (59.9%): 	 LOSS:23.475048065 	 lr: 0.002431847 	 teaching_rate: 0.870228028 
2220 / 2779 (79.9%): 	 LOSS:27.080915451 	 lr: 0.002431847 	 teaching_rate: 0.870228028 
2775 / 2779 (99.9%): 	 LOSS:29.242191315 	 lr: 0.002431847 	 teaching_rate: 0.870228028 

===============================| start validation |===============================

	 LOSS:199.4237061  Avg_ACC: 29.645111083984375
   ini file updated    
Snapshot saved to /data/users/wergillius/UTR_VAE/pth/LSTM_AE_mask/setting10/mask_st10_LonTeach-model_best.pth

   ini file updated    

===============================|    epoch 21   |===============================

  0 / 2779 (0.0%): 	 LOSS:39.978214264 	 lr: 0.002547650 	 teaching_rate: 0.864157703 
555 / 2779 (20.0%): 	 LOSS:33.451721191 	 lr: 0.002547650 	 teaching_rate: 0.864157703 
1110 / 2779 (39.9%): 	 LOSS:23.554309845 	 lr: 0.002547650 	 teaching_rate: 0.864157703 
1665 / 2779 (59.9%): 	 LOSS:34.570159912 	 lr: 0.002547650 	 teaching_rate: 0.864157703 
2220 / 2779 (79.9%): 	 LOSS:29.931949615 	 lr: 0.002547650 	 teaching_rate: 0.864157703 
2775 / 2779 (99.9%): 	 LOSS:34.921932220 	 lr: 0.002547650 	 teaching_rate: 0.864157703 

===============================|    epoch 22   |===============================

  0 / 2779 (0.0%): 	 LOSS:28.352968216 	 lr: 0.002663452 	 teaching_rate: 0.858129722 
555 / 2779 (20.0%): 	 LOSS:31.075813293 	 lr: 0.002663452 	 teaching_rate: 0.858129722 
1110 / 2779 (39.9%): 	 LOSS:29.111667633 	 lr: 0.002663452 	 teaching_rate: 0.858129722 
1665 / 2779 (59.9%): 	 LOSS:19.880285263 	 lr: 0.002663452 	 teaching_rate: 0.858129722 
2220 / 2779 (79.9%): 	 LOSS:28.337074280 	 lr: 0.002663452 	 teaching_rate: 0.858129722 
2775 / 2779 (99.9%): 	 LOSS:31.036539078 	 lr: 0.002663452 	 teaching_rate: 0.858129722 

===============================|    epoch 23   |===============================

  0 / 2779 (0.0%): 	 LOSS:30.343368530 	 lr: 0.002779254 	 teaching_rate: 0.852143789 
555 / 2779 (20.0%): 	 LOSS:27.990907669 	 lr: 0.002779254 	 teaching_rate: 0.852143789 
1110 / 2779 (39.9%): 	 LOSS:35.521560669 	 lr: 0.002779254 	 teaching_rate: 0.852143789 
1665 / 2779 (59.9%): 	 LOSS:39.594753265 	 lr: 0.002779254 	 teaching_rate: 0.852143789 
2220 / 2779 (79.9%): 	 LOSS:36.358425140 	 lr: 0.002779254 	 teaching_rate: 0.852143789 
2775 / 2779 (99.9%): 	 LOSS:38.188285828 	 lr: 0.002779254 	 teaching_rate: 0.852143789 

===============================|    epoch 24   |===============================

  0 / 2779 (0.0%): 	 LOSS:36.944862366 	 lr: 0.002895056 	 teaching_rate: 0.846199611 
555 / 2779 (20.0%): 	 LOSS:32.644100189 	 lr: 0.002895056 	 teaching_rate: 0.846199611 
1110 / 2779 (39.9%): 	 LOSS:29.888767242 	 lr: 0.002895056 	 teaching_rate: 0.846199611 
1665 / 2779 (59.9%): 	 LOSS:35.038196564 	 lr: 0.002895056 	 teaching_rate: 0.846199611 
2220 / 2779 (79.9%): 	 LOSS:23.216522217 	 lr: 0.002895056 	 teaching_rate: 0.846199611 
2775 / 2779 (99.9%): 	 LOSS:37.970981598 	 lr: 0.002895056 	 teaching_rate: 0.846199611 

===============================|    epoch 25   |===============================

  0 / 2779 (0.0%): 	 LOSS:40.940254211 	 lr: 0.003010859 	 teaching_rate: 0.840296898 
555 / 2779 (20.0%): 	 LOSS:28.615087509 	 lr: 0.003010859 	 teaching_rate: 0.840296898 
1110 / 2779 (39.9%): 	 LOSS:35.247314453 	 lr: 0.003010859 	 teaching_rate: 0.840296898 
1665 / 2779 (59.9%): 	 LOSS:31.129058838 	 lr: 0.003010859 	 teaching_rate: 0.840296898 
2220 / 2779 (79.9%): 	 LOSS:31.267995834 	 lr: 0.003010859 	 teaching_rate: 0.840296898 
2775 / 2779 (99.9%): 	 LOSS:40.094608307 	 lr: 0.003010859 	 teaching_rate: 0.840296898 

===============================|    epoch 26   |===============================

  0 / 2779 (0.0%): 	 LOSS:36.684955597 	 lr: 0.003126661 	 teaching_rate: 0.834435359 
555 / 2779 (20.0%): 	 LOSS:42.437427521 	 lr: 0.003126661 	 teaching_rate: 0.834435359 
1110 / 2779 (39.9%): 	 LOSS:30.250877380 	 lr: 0.003126661 	 teaching_rate: 0.834435359 
1665 / 2779 (59.9%): 	 LOSS:28.311000824 	 lr: 0.003126661 	 teaching_rate: 0.834435359 
2220 / 2779 (79.9%): 	 LOSS:28.756372452 	 lr: 0.003126661 	 teaching_rate: 0.834435359 
2775 / 2779 (99.9%): 	 LOSS:37.875324249 	 lr: 0.003126661 	 teaching_rate: 0.834435359 

===============================|    epoch 27   |===============================

  0 / 2779 (0.0%): 	 LOSS:41.244594574 	 lr: 0.003242463 	 teaching_rate: 0.828614707 
555 / 2779 (20.0%): 	 LOSS:26.413066864 	 lr: 0.003242463 	 teaching_rate: 0.828614707 
1110 / 2779 (39.9%): 	 LOSS:29.234004974 	 lr: 0.003242463 	 teaching_rate: 0.828614707 
1665 / 2779 (59.9%): 	 LOSS:31.575128555 	 lr: 0.003242463 	 teaching_rate: 0.828614707 
2220 / 2779 (79.9%): 	 LOSS:27.591238022 	 lr: 0.003242463 	 teaching_rate: 0.828614707 
2775 / 2779 (99.9%): 	 LOSS:32.847473145 	 lr: 0.003242463 	 teaching_rate: 0.828614707 

===============================|    epoch 28   |===============================

  0 / 2779 (0.0%): 	 LOSS:41.343906403 	 lr: 0.003358265 	 teaching_rate: 0.822834658 
555 / 2779 (20.0%): 	 LOSS:16.057819366 	 lr: 0.003358265 	 teaching_rate: 0.822834658 
1110 / 2779 (39.9%): 	 LOSS:32.161434174 	 lr: 0.003358265 	 teaching_rate: 0.822834658 
1665 / 2779 (59.9%): 	 LOSS:35.132629395 	 lr: 0.003358265 	 teaching_rate: 0.822834658 
2220 / 2779 (79.9%): 	 LOSS:33.167804718 	 lr: 0.003358265 	 teaching_rate: 0.822834658 
2775 / 2779 (99.9%): 	 LOSS:41.742607117 	 lr: 0.003358265 	 teaching_rate: 0.822834658 

===============================|    epoch 29   |===============================

  0 / 2779 (0.0%): 	 LOSS:29.527437210 	 lr: 0.003474068 	 teaching_rate: 0.817094928 
555 / 2779 (20.0%): 	 LOSS:42.981231689 	 lr: 0.003474068 	 teaching_rate: 0.817094928 
1110 / 2779 (39.9%): 	 LOSS:32.875682831 	 lr: 0.003474068 	 teaching_rate: 0.817094928 
1665 / 2779 (59.9%): 	 LOSS:38.799842834 	 lr: 0.003474068 	 teaching_rate: 0.817094928 
2220 / 2779 (79.9%): 	 LOSS:42.639739990 	 lr: 0.003474068 	 teaching_rate: 0.817094928 
2775 / 2779 (99.9%): 	 LOSS:26.641267776 	 lr: 0.003474068 	 teaching_rate: 0.817094928 

===============================|    epoch 30   |===============================

  0 / 2779 (0.0%): 	 LOSS:30.060106277 	 lr: 0.003589870 	 teaching_rate: 0.811395236 
555 / 2779 (20.0%): 	 LOSS:32.957187653 	 lr: 0.003589870 	 teaching_rate: 0.811395236 
1110 / 2779 (39.9%): 	 LOSS:39.338935852 	 lr: 0.003589870 	 teaching_rate: 0.811395236 
1665 / 2779 (59.9%): 	 LOSS:36.210800171 	 lr: 0.003589870 	 teaching_rate: 0.811395236 
2220 / 2779 (79.9%): 	 LOSS:28.869970322 	 lr: 0.003589870 	 teaching_rate: 0.811395236 
2775 / 2779 (99.9%): 	 LOSS:37.532794952 	 lr: 0.003589870 	 teaching_rate: 0.811395236 

===============================| start validation |===============================

	 LOSS:197.2031708  Avg_ACC: 35.662567138671875
   ini file updated    
Snapshot saved to /data/users/wergillius/UTR_VAE/pth/LSTM_AE_mask/setting10/mask_st10_LonTeach-model_best.pth

   ini file updated    

===============================|    epoch 31   |===============================

  0 / 2779 (0.0%): 	 LOSS:25.627946854 	 lr: 0.003705672 	 teaching_rate: 0.805735302 
555 / 2779 (20.0%): 	 LOSS:40.255954742 	 lr: 0.003705672 	 teaching_rate: 0.805735302 
1110 / 2779 (39.9%): 	 LOSS:38.070743561 	 lr: 0.003705672 	 teaching_rate: 0.805735302 
1665 / 2779 (59.9%): 	 LOSS:28.432420731 	 lr: 0.003705672 	 teaching_rate: 0.805735302 
2220 / 2779 (79.9%): 	 LOSS:34.490131378 	 lr: 0.003705672 	 teaching_rate: 0.805735302 
2775 / 2779 (99.9%): 	 LOSS:37.366470337 	 lr: 0.003705672 	 teaching_rate: 0.805735302 

===============================|    epoch 32   |===============================

  0 / 2779 (0.0%): 	 LOSS:26.247951508 	 lr: 0.003821475 	 teaching_rate: 0.800114849 
555 / 2779 (20.0%): 	 LOSS:33.271381378 	 lr: 0.003821475 	 teaching_rate: 0.800114849 
1110 / 2779 (39.9%): 	 LOSS:35.598636627 	 lr: 0.003821475 	 teaching_rate: 0.800114849 
1665 / 2779 (59.9%): 	 LOSS:30.806154251 	 lr: 0.003821475 	 teaching_rate: 0.800114849 
2220 / 2779 (79.9%): 	 LOSS:40.462352753 	 lr: 0.003821475 	 teaching_rate: 0.800114849 
2775 / 2779 (99.9%): 	 LOSS:37.589302063 	 lr: 0.003821475 	 teaching_rate: 0.800114849 

===============================|    epoch 33   |===============================

  0 / 2779 (0.0%): 	 LOSS:31.813022614 	 lr: 0.003937277 	 teaching_rate: 0.794533603 
555 / 2779 (20.0%): 	 LOSS:27.196262360 	 lr: 0.003937277 	 teaching_rate: 0.794533603 
1110 / 2779 (39.9%): 	 LOSS:38.921070099 	 lr: 0.003937277 	 teaching_rate: 0.794533603 
1665 / 2779 (59.9%): 	 LOSS:32.992809296 	 lr: 0.003937277 	 teaching_rate: 0.794533603 
2220 / 2779 (79.9%): 	 LOSS:41.945526123 	 lr: 0.003937277 	 teaching_rate: 0.794533603 
2775 / 2779 (99.9%): 	 LOSS:32.735755920 	 lr: 0.003937277 	 teaching_rate: 0.794533603 

===============================|    epoch 34   |===============================

  0 / 2779 (0.0%): 	 LOSS:37.003280640 	 lr: 0.004053079 	 teaching_rate: 0.788991288 
555 / 2779 (20.0%): 	 LOSS:40.443252563 	 lr: 0.004053079 	 teaching_rate: 0.788991288 
1110 / 2779 (39.9%): 	 LOSS:33.249279022 	 lr: 0.004053079 	 teaching_rate: 0.788991288 
1665 / 2779 (59.9%): 	 LOSS:27.153097153 	 lr: 0.004053079 	 teaching_rate: 0.788991288 
2220 / 2779 (79.9%): 	 LOSS:41.000938416 	 lr: 0.004053079 	 teaching_rate: 0.788991288 
2775 / 2779 (99.9%): 	 LOSS:44.622680664 	 lr: 0.004053079 	 teaching_rate: 0.788991288 

===============================|    epoch 35   |===============================

  0 / 2779 (0.0%): 	 LOSS:38.747997284 	 lr: 0.004168881 	 teaching_rate: 0.783487634 
555 / 2779 (20.0%): 	 LOSS:30.699571609 	 lr: 0.004168881 	 teaching_rate: 0.783487634 
1110 / 2779 (39.9%): 	 LOSS:27.042413712 	 lr: 0.004168881 	 teaching_rate: 0.783487634 
1665 / 2779 (59.9%): 	 LOSS:39.113342285 	 lr: 0.004168881 	 teaching_rate: 0.783487634 
2220 / 2779 (79.9%): 	 LOSS:38.232547760 	 lr: 0.004168881 	 teaching_rate: 0.783487634 
2775 / 2779 (99.9%): 	 LOSS:30.053375244 	 lr: 0.004168881 	 teaching_rate: 0.783487634 

===============================|    epoch 36   |===============================

  0 / 2779 (0.0%): 	 LOSS:36.169631958 	 lr: 0.004284684 	 teaching_rate: 0.778022372 
555 / 2779 (20.0%): 	 LOSS:38.415828705 	 lr: 0.004284684 	 teaching_rate: 0.778022372 
1110 / 2779 (39.9%): 	 LOSS:44.089668274 	 lr: 0.004284684 	 teaching_rate: 0.778022372 
1665 / 2779 (59.9%): 	 LOSS:44.155250549 	 lr: 0.004284684 	 teaching_rate: 0.778022372 
2220 / 2779 (79.9%): 	 LOSS:42.966754913 	 lr: 0.004284684 	 teaching_rate: 0.778022372 
2775 / 2779 (99.9%): 	 LOSS:47.831340790 	 lr: 0.004284684 	 teaching_rate: 0.778022372 

===============================|    epoch 37   |===============================

  0 / 2779 (0.0%): 	 LOSS:44.279361725 	 lr: 0.004400486 	 teaching_rate: 0.772595232 
555 / 2779 (20.0%): 	 LOSS:33.657943726 	 lr: 0.004400486 	 teaching_rate: 0.772595232 
1110 / 2779 (39.9%): 	 LOSS:46.713592529 	 lr: 0.004400486 	 teaching_rate: 0.772595232 
1665 / 2779 (59.9%): 	 LOSS:39.842082977 	 lr: 0.004400486 	 teaching_rate: 0.772595232 
2220 / 2779 (79.9%): 	 LOSS:43.987281799 	 lr: 0.004400486 	 teaching_rate: 0.772595232 
2775 / 2779 (99.9%): 	 LOSS:39.844753265 	 lr: 0.004400486 	 teaching_rate: 0.772595232 

===============================|    epoch 38   |===============================

  0 / 2779 (0.0%): 	 LOSS:38.365886688 	 lr: 0.004516288 	 teaching_rate: 0.767205950 
555 / 2779 (20.0%): 	 LOSS:45.665710449 	 lr: 0.004516288 	 teaching_rate: 0.767205950 
1110 / 2779 (39.9%): 	 LOSS:40.734882355 	 lr: 0.004516288 	 teaching_rate: 0.767205950 
1665 / 2779 (59.9%): 	 LOSS:43.491340637 	 lr: 0.004516288 	 teaching_rate: 0.767205950 
2220 / 2779 (79.9%): 	 LOSS:40.325183868 	 lr: 0.004516288 	 teaching_rate: 0.767205950 
2775 / 2779 (99.9%): 	 LOSS:41.028919220 	 lr: 0.004516288 	 teaching_rate: 0.767205950 

===============================|    epoch 39   |===============================

  0 / 2779 (0.0%): 	 LOSS:38.272674561 	 lr: 0.004632090 	 teaching_rate: 0.761854261 
555 / 2779 (20.0%): 	 LOSS:44.069934845 	 lr: 0.004632090 	 teaching_rate: 0.761854261 
1110 / 2779 (39.9%): 	 LOSS:48.629402161 	 lr: 0.004632090 	 teaching_rate: 0.761854261 
1665 / 2779 (59.9%): 	 LOSS:35.992095947 	 lr: 0.004632090 	 teaching_rate: 0.761854261 
2220 / 2779 (79.9%): 	 LOSS:43.346820831 	 lr: 0.004632090 	 teaching_rate: 0.761854261 
2775 / 2779 (99.9%): 	 LOSS:31.089494705 	 lr: 0.004632090 	 teaching_rate: 0.761854261 

===============================|    epoch 40   |===============================

  0 / 2779 (0.0%): 	 LOSS:36.952304840 	 lr: 0.004747893 	 teaching_rate: 0.756539903 
555 / 2779 (20.0%): 	 LOSS:40.071052551 	 lr: 0.004747893 	 teaching_rate: 0.756539903 
1110 / 2779 (39.9%): 	 LOSS:34.267307281 	 lr: 0.004747893 	 teaching_rate: 0.756539903 
1665 / 2779 (59.9%): 	 LOSS:31.594711304 	 lr: 0.004747893 	 teaching_rate: 0.756539903 
2220 / 2779 (79.9%): 	 LOSS:42.878971100 	 lr: 0.004747893 	 teaching_rate: 0.756539903 
2775 / 2779 (99.9%): 	 LOSS:42.885295868 	 lr: 0.004747893 	 teaching_rate: 0.756539903 

===============================| start validation |===============================

	 LOSS:178.0095825  Avg_ACC: 38.58109664916992
   ini file updated    
Snapshot saved to /data/users/wergillius/UTR_VAE/pth/LSTM_AE_mask/setting10/mask_st10_LonTeach-model_best.pth

   ini file updated    

===============================|    epoch 41   |===============================

  0 / 2779 (0.0%): 	 LOSS:46.959407806 	 lr: 0.004863695 	 teaching_rate: 0.751262616 
555 / 2779 (20.0%): 	 LOSS:37.071422577 	 lr: 0.004863695 	 teaching_rate: 0.751262616 
1110 / 2779 (39.9%): 	 LOSS:51.653430939 	 lr: 0.004863695 	 teaching_rate: 0.751262616 
1665 / 2779 (59.9%): 	 LOSS:44.054592133 	 lr: 0.004863695 	 teaching_rate: 0.751262616 
2220 / 2779 (79.9%): 	 LOSS:34.795417786 	 lr: 0.004863695 	 teaching_rate: 0.751262616 
2775 / 2779 (99.9%): 	 LOSS:36.684066772 	 lr: 0.004863695 	 teaching_rate: 0.751262616 

===============================|    epoch 42   |===============================

  0 / 2779 (0.0%): 	 LOSS:41.309028625 	 lr: 0.004979497 	 teaching_rate: 0.746022141 
555 / 2779 (20.0%): 	 LOSS:30.177974701 	 lr: 0.004979497 	 teaching_rate: 0.746022141 
1110 / 2779 (39.9%): 	 LOSS:38.536941528 	 lr: 0.004979497 	 teaching_rate: 0.746022141 
1665 / 2779 (59.9%): 	 LOSS:41.920623779 	 lr: 0.004979497 	 teaching_rate: 0.746022141 
2220 / 2779 (79.9%): 	 LOSS:41.383457184 	 lr: 0.004979497 	 teaching_rate: 0.746022141 
2775 / 2779 (99.9%): 	 LOSS:56.254219055 	 lr: 0.004979497 	 teaching_rate: 0.746022141 

===============================|    epoch 43   |===============================

  0 / 2779 (0.0%): 	 LOSS:37.121223450 	 lr: 0.005095299 	 teaching_rate: 0.740818221 
555 / 2779 (20.0%): 	 LOSS:37.245952606 	 lr: 0.005095299 	 teaching_rate: 0.740818221 
1110 / 2779 (39.9%): 	 LOSS:36.521976471 	 lr: 0.005095299 	 teaching_rate: 0.740818221 
1665 / 2779 (59.9%): 	 LOSS:34.629226685 	 lr: 0.005095299 	 teaching_rate: 0.740818221 
2220 / 2779 (79.9%): 	 LOSS:44.983581543 	 lr: 0.005095299 	 teaching_rate: 0.740818221 
2775 / 2779 (99.9%): 	 LOSS:40.857440948 	 lr: 0.005095299 	 teaching_rate: 0.740818221 

===============================|    epoch 44   |===============================

  0 / 2779 (0.0%): 	 LOSS:35.859848022 	 lr: 0.005211102 	 teaching_rate: 0.735650601 
555 / 2779 (20.0%): 	 LOSS:43.698657990 	 lr: 0.005211102 	 teaching_rate: 0.735650601 
1110 / 2779 (39.9%): 	 LOSS:39.641048431 	 lr: 0.005211102 	 teaching_rate: 0.735650601 
1665 / 2779 (59.9%): 	 LOSS:39.070518494 	 lr: 0.005211102 	 teaching_rate: 0.735650601 
2220 / 2779 (79.9%): 	 LOSS:32.089843750 	 lr: 0.005211102 	 teaching_rate: 0.735650601 
2775 / 2779 (99.9%): 	 LOSS:37.517368317 	 lr: 0.005211102 	 teaching_rate: 0.735650601 

===============================|    epoch 45   |===============================

  0 / 2779 (0.0%): 	 LOSS:37.703426361 	 lr: 0.005326904 	 teaching_rate: 0.730519028 
555 / 2779 (20.0%): 	 LOSS:46.583103180 	 lr: 0.005326904 	 teaching_rate: 0.730519028 
1110 / 2779 (39.9%): 	 LOSS:49.956966400 	 lr: 0.005326904 	 teaching_rate: 0.730519028 
1665 / 2779 (59.9%): 	 LOSS:54.352043152 	 lr: 0.005326904 	 teaching_rate: 0.730519028 
2220 / 2779 (79.9%): 	 LOSS:36.042488098 	 lr: 0.005326904 	 teaching_rate: 0.730519028 
2775 / 2779 (99.9%): 	 LOSS:38.039943695 	 lr: 0.005326904 	 teaching_rate: 0.730519028 

===============================|    epoch 46   |===============================

  0 / 2779 (0.0%): 	 LOSS:42.595977783 	 lr: 0.005442706 	 teaching_rate: 0.725423251 
555 / 2779 (20.0%): 	 LOSS:38.673698425 	 lr: 0.005442706 	 teaching_rate: 0.725423251 
1110 / 2779 (39.9%): 	 LOSS:48.243591309 	 lr: 0.005442706 	 teaching_rate: 0.725423251 
1665 / 2779 (59.9%): 	 LOSS:43.452396393 	 lr: 0.005442706 	 teaching_rate: 0.725423251 
2220 / 2779 (79.9%): 	 LOSS:49.520118713 	 lr: 0.005442706 	 teaching_rate: 0.725423251 
2775 / 2779 (99.9%): 	 LOSS:38.883388519 	 lr: 0.005442706 	 teaching_rate: 0.725423251 

===============================|    epoch 47   |===============================

  0 / 2779 (0.0%): 	 LOSS:49.853511810 	 lr: 0.005558508 	 teaching_rate: 0.720363020 
555 / 2779 (20.0%): 	 LOSS:44.672275543 	 lr: 0.005558508 	 teaching_rate: 0.720363020 
1110 / 2779 (39.9%): 	 LOSS:45.441921234 	 lr: 0.005558508 	 teaching_rate: 0.720363020 
1665 / 2779 (59.9%): 	 LOSS:47.076431274 	 lr: 0.005558508 	 teaching_rate: 0.720363020 
2220 / 2779 (79.9%): 	 LOSS:49.506431580 	 lr: 0.005558508 	 teaching_rate: 0.720363020 
2775 / 2779 (99.9%): 	 LOSS:38.538120270 	 lr: 0.005558508 	 teaching_rate: 0.720363020 

===============================|    epoch 48   |===============================

  0 / 2779 (0.0%): 	 LOSS:42.634483337 	 lr: 0.005674311 	 teaching_rate: 0.715338086 
555 / 2779 (20.0%): 	 LOSS:55.197727203 	 lr: 0.005674311 	 teaching_rate: 0.715338086 
1110 / 2779 (39.9%): 	 LOSS:44.711635590 	 lr: 0.005674311 	 teaching_rate: 0.715338086 
1665 / 2779 (59.9%): 	 LOSS:49.755805969 	 lr: 0.005674311 	 teaching_rate: 0.715338086 
2220 / 2779 (79.9%): 	 LOSS:45.876514435 	 lr: 0.005674311 	 teaching_rate: 0.715338086 
2775 / 2779 (99.9%): 	 LOSS:47.536758423 	 lr: 0.005674311 	 teaching_rate: 0.715338086 

===============================|    epoch 49   |===============================

  0 / 2779 (0.0%): 	 LOSS:41.470035553 	 lr: 0.005790113 	 teaching_rate: 0.710348205 
555 / 2779 (20.0%): 	 LOSS:47.104389191 	 lr: 0.005790113 	 teaching_rate: 0.710348205 
1110 / 2779 (39.9%): 	 LOSS:46.422111511 	 lr: 0.005790113 	 teaching_rate: 0.710348205 
1665 / 2779 (59.9%): 	 LOSS:48.047744751 	 lr: 0.005790113 	 teaching_rate: 0.710348205 
2220 / 2779 (79.9%): 	 LOSS:43.332546234 	 lr: 0.005790113 	 teaching_rate: 0.710348205 
2775 / 2779 (99.9%): 	 LOSS:51.815303802 	 lr: 0.005790113 	 teaching_rate: 0.710348205 

===============================|    epoch 50   |===============================

  0 / 2779 (0.0%): 	 LOSS:41.828830719 	 lr: 0.005905915 	 teaching_rate: 0.705393130 
555 / 2779 (20.0%): 	 LOSS:40.540779114 	 lr: 0.005905915 	 teaching_rate: 0.705393130 
1110 / 2779 (39.9%): 	 LOSS:45.833526611 	 lr: 0.005905915 	 teaching_rate: 0.705393130 
1665 / 2779 (59.9%): 	 LOSS:52.173751831 	 lr: 0.005905915 	 teaching_rate: 0.705393130 
2220 / 2779 (79.9%): 	 LOSS:43.338283539 	 lr: 0.005905915 	 teaching_rate: 0.705393130 
2775 / 2779 (99.9%): 	 LOSS:48.529506683 	 lr: 0.005905915 	 teaching_rate: 0.705393130 

===============================| start validation |===============================

	 LOSS:172.4379425  Avg_ACC: 39.46108627319336
   ini file updated    
Snapshot saved to /data/users/wergillius/UTR_VAE/pth/LSTM_AE_mask/setting10/mask_st10_LonTeach-model_best.pth

   ini file updated    

===============================|    epoch 51   |===============================

  0 / 2779 (0.0%): 	 LOSS:38.796279907 	 lr: 0.006021717 	 teaching_rate: 0.700472620 
555 / 2779 (20.0%): 	 LOSS:51.333099365 	 lr: 0.006021717 	 teaching_rate: 0.700472620 
1110 / 2779 (39.9%): 	 LOSS:48.698215485 	 lr: 0.006021717 	 teaching_rate: 0.700472620 
1665 / 2779 (59.9%): 	 LOSS:41.385692596 	 lr: 0.006021717 	 teaching_rate: 0.700472620 
2220 / 2779 (79.9%): 	 LOSS:41.067287445 	 lr: 0.006021717 	 teaching_rate: 0.700472620 
2775 / 2779 (99.9%): 	 LOSS:54.176944733 	 lr: 0.006021717 	 teaching_rate: 0.700472620 

===============================|    epoch 52   |===============================

  0 / 2779 (0.0%): 	 LOSS:45.652530670 	 lr: 0.006137520 	 teaching_rate: 0.695586433 
555 / 2779 (20.0%): 	 LOSS:43.827602386 	 lr: 0.006137520 	 teaching_rate: 0.695586433 
1110 / 2779 (39.9%): 	 LOSS:40.693973541 	 lr: 0.006137520 	 teaching_rate: 0.695586433 
1665 / 2779 (59.9%): 	 LOSS:43.208534241 	 lr: 0.006137520 	 teaching_rate: 0.695586433 
2220 / 2779 (79.9%): 	 LOSS:50.530483246 	 lr: 0.006137520 	 teaching_rate: 0.695586433 
2775 / 2779 (99.9%): 	 LOSS:54.702114105 	 lr: 0.006137520 	 teaching_rate: 0.695586433 

===============================|    epoch 53   |===============================

  0 / 2779 (0.0%): 	 LOSS:46.980056763 	 lr: 0.006253322 	 teaching_rate: 0.690734331 
555 / 2779 (20.0%): 	 LOSS:53.256393433 	 lr: 0.006253322 	 teaching_rate: 0.690734331 
1110 / 2779 (39.9%): 	 LOSS:44.570358276 	 lr: 0.006253322 	 teaching_rate: 0.690734331 
1665 / 2779 (59.9%): 	 LOSS:44.540519714 	 lr: 0.006253322 	 teaching_rate: 0.690734331 
2220 / 2779 (79.9%): 	 LOSS:52.518348694 	 lr: 0.006253322 	 teaching_rate: 0.690734331 
2775 / 2779 (99.9%): 	 LOSS:46.427371979 	 lr: 0.006253322 	 teaching_rate: 0.690734331 

===============================|    epoch 54   |===============================

  0 / 2779 (0.0%): 	 LOSS:45.502731323 	 lr: 0.006369124 	 teaching_rate: 0.685916074 
555 / 2779 (20.0%): 	 LOSS:43.149028778 	 lr: 0.006369124 	 teaching_rate: 0.685916074 
1110 / 2779 (39.9%): 	 LOSS:45.449131012 	 lr: 0.006369124 	 teaching_rate: 0.685916074 
1665 / 2779 (59.9%): 	 LOSS:44.394989014 	 lr: 0.006369124 	 teaching_rate: 0.685916074 
2220 / 2779 (79.9%): 	 LOSS:56.826049805 	 lr: 0.006369124 	 teaching_rate: 0.685916074 
2775 / 2779 (99.9%): 	 LOSS:45.444316864 	 lr: 0.006369124 	 teaching_rate: 0.685916074 

===============================|    epoch 55   |===============================

  0 / 2779 (0.0%): 	 LOSS:54.075984955 	 lr: 0.006484926 	 teaching_rate: 0.681131427 
555 / 2779 (20.0%): 	 LOSS:45.674549103 	 lr: 0.006484926 	 teaching_rate: 0.681131427 
1110 / 2779 (39.9%): 	 LOSS:46.547767639 	 lr: 0.006484926 	 teaching_rate: 0.681131427 
1665 / 2779 (59.9%): 	 LOSS:61.414146423 	 lr: 0.006484926 	 teaching_rate: 0.681131427 
2220 / 2779 (79.9%): 	 LOSS:47.893367767 	 lr: 0.006484926 	 teaching_rate: 0.681131427 
2775 / 2779 (99.9%): 	 LOSS:46.919677734 	 lr: 0.006484926 	 teaching_rate: 0.681131427 

===============================|    epoch 56   |===============================

  0 / 2779 (0.0%): 	 LOSS:58.953876495 	 lr: 0.006600729 	 teaching_rate: 0.676380156 
555 / 2779 (20.0%): 	 LOSS:54.404872894 	 lr: 0.006600729 	 teaching_rate: 0.676380156 
1110 / 2779 (39.9%): 	 LOSS:54.123901367 	 lr: 0.006600729 	 teaching_rate: 0.676380156 
1665 / 2779 (59.9%): 	 LOSS:46.209541321 	 lr: 0.006600729 	 teaching_rate: 0.676380156 
2220 / 2779 (79.9%): 	 LOSS:51.987003326 	 lr: 0.006600729 	 teaching_rate: 0.676380156 
2775 / 2779 (99.9%): 	 LOSS:57.220237732 	 lr: 0.006600729 	 teaching_rate: 0.676380156 

===============================|    epoch 57   |===============================

  0 / 2779 (0.0%): 	 LOSS:55.618663788 	 lr: 0.006716531 	 teaching_rate: 0.671662028 
555 / 2779 (20.0%): 	 LOSS:44.714988708 	 lr: 0.006716531 	 teaching_rate: 0.671662028 
1110 / 2779 (39.9%): 	 LOSS:43.986682892 	 lr: 0.006716531 	 teaching_rate: 0.671662028 
1665 / 2779 (59.9%): 	 LOSS:50.796520233 	 lr: 0.006716531 	 teaching_rate: 0.671662028 
2220 / 2779 (79.9%): 	 LOSS:51.365627289 	 lr: 0.006716531 	 teaching_rate: 0.671662028 
2775 / 2779 (99.9%): 	 LOSS:49.524829865 	 lr: 0.006716531 	 teaching_rate: 0.671662028 

===============================|    epoch 58   |===============================

  0 / 2779 (0.0%): 	 LOSS:40.671703339 	 lr: 0.006832333 	 teaching_rate: 0.666976811 
555 / 2779 (20.0%): 	 LOSS:54.989433289 	 lr: 0.006832333 	 teaching_rate: 0.666976811 
1110 / 2779 (39.9%): 	 LOSS:39.300613403 	 lr: 0.006832333 	 teaching_rate: 0.666976811 
1665 / 2779 (59.9%): 	 LOSS:50.650573730 	 lr: 0.006832333 	 teaching_rate: 0.666976811 
2220 / 2779 (79.9%): 	 LOSS:53.866603851 	 lr: 0.006832333 	 teaching_rate: 0.666976811 
2775 / 2779 (99.9%): 	 LOSS:48.506683350 	 lr: 0.006832333 	 teaching_rate: 0.666976811 

===============================|    epoch 59   |===============================

  0 / 2779 (0.0%): 	 LOSS:48.393424988 	 lr: 0.006948135 	 teaching_rate: 0.662324276 
555 / 2779 (20.0%): 	 LOSS:51.887790680 	 lr: 0.006948135 	 teaching_rate: 0.662324276 
1110 / 2779 (39.9%): 	 LOSS:46.795951843 	 lr: 0.006948135 	 teaching_rate: 0.662324276 
1665 / 2779 (59.9%): 	 LOSS:51.562263489 	 lr: 0.006948135 	 teaching_rate: 0.662324276 
2220 / 2779 (79.9%): 	 LOSS:42.066730499 	 lr: 0.006948135 	 teaching_rate: 0.662324276 
2775 / 2779 (99.9%): 	 LOSS:61.904167175 	 lr: 0.006948135 	 teaching_rate: 0.662324276 

===============================|    epoch 60   |===============================

  0 / 2779 (0.0%): 	 LOSS:55.623718262 	 lr: 0.007063938 	 teaching_rate: 0.657704195 
555 / 2779 (20.0%): 	 LOSS:50.615280151 	 lr: 0.007063938 	 teaching_rate: 0.657704195 
1110 / 2779 (39.9%): 	 LOSS:43.642864227 	 lr: 0.007063938 	 teaching_rate: 0.657704195 
1665 / 2779 (59.9%): 	 LOSS:41.399982452 	 lr: 0.007063938 	 teaching_rate: 0.657704195 
2220 / 2779 (79.9%): 	 LOSS:49.717887878 	 lr: 0.007063938 	 teaching_rate: 0.657704195 
2775 / 2779 (99.9%): 	 LOSS:55.181339264 	 lr: 0.007063938 	 teaching_rate: 0.657704195 

===============================| start validation |===============================

	 LOSS:160.2826385  Avg_ACC: 43.558807373046875
   ini file updated    
Snapshot saved to /data/users/wergillius/UTR_VAE/pth/LSTM_AE_mask/setting10/mask_st10_LonTeach-model_best.pth

   ini file updated    

===============================|    epoch 61   |===============================

  0 / 2779 (0.0%): 	 LOSS:50.673755646 	 lr: 0.007179740 	 teaching_rate: 0.653116342 
555 / 2779 (20.0%): 	 LOSS:55.083377838 	 lr: 0.007179740 	 teaching_rate: 0.653116342 
1110 / 2779 (39.9%): 	 LOSS:45.785259247 	 lr: 0.007179740 	 teaching_rate: 0.653116342 
1665 / 2779 (59.9%): 	 LOSS:46.723331451 	 lr: 0.007179740 	 teaching_rate: 0.653116342 
2220 / 2779 (79.9%): 	 LOSS:45.589267731 	 lr: 0.007179740 	 teaching_rate: 0.653116342 
2775 / 2779 (99.9%): 	 LOSS:51.713817596 	 lr: 0.007179740 	 teaching_rate: 0.653116342 

===============================|    epoch 62   |===============================

  0 / 2779 (0.0%): 	 LOSS:56.402091980 	 lr: 0.007295542 	 teaching_rate: 0.648560492 
555 / 2779 (20.0%): 	 LOSS:43.946399689 	 lr: 0.007295542 	 teaching_rate: 0.648560492 
1110 / 2779 (39.9%): 	 LOSS:49.829513550 	 lr: 0.007295542 	 teaching_rate: 0.648560492 
1665 / 2779 (59.9%): 	 LOSS:50.988430023 	 lr: 0.007295542 	 teaching_rate: 0.648560492 
2220 / 2779 (79.9%): 	 LOSS:40.791496277 	 lr: 0.007295542 	 teaching_rate: 0.648560492 
2775 / 2779 (99.9%): 	 LOSS:47.820075989 	 lr: 0.007295542 	 teaching_rate: 0.648560492 

===============================|    epoch 63   |===============================

  0 / 2779 (0.0%): 	 LOSS:44.119728088 	 lr: 0.007411344 	 teaching_rate: 0.644036421 
555 / 2779 (20.0%): 	 LOSS:50.601085663 	 lr: 0.007411344 	 teaching_rate: 0.644036421 
1110 / 2779 (39.9%): 	 LOSS:44.853443146 	 lr: 0.007411344 	 teaching_rate: 0.644036421 
1665 / 2779 (59.9%): 	 LOSS:53.658916473 	 lr: 0.007411344 	 teaching_rate: 0.644036421 
2220 / 2779 (79.9%): 	 LOSS:66.041946411 	 lr: 0.007411344 	 teaching_rate: 0.644036421 
2775 / 2779 (99.9%): 	 LOSS:60.063056946 	 lr: 0.007411344 	 teaching_rate: 0.644036421 

===============================|    epoch 64   |===============================

  0 / 2779 (0.0%): 	 LOSS:48.054565430 	 lr: 0.007527147 	 teaching_rate: 0.639543908 
555 / 2779 (20.0%): 	 LOSS:47.260341644 	 lr: 0.007527147 	 teaching_rate: 0.639543908 
1110 / 2779 (39.9%): 	 LOSS:46.691432953 	 lr: 0.007527147 	 teaching_rate: 0.639543908 
1665 / 2779 (59.9%): 	 LOSS:39.734275818 	 lr: 0.007527147 	 teaching_rate: 0.639543908 
2220 / 2779 (79.9%): 	 LOSS:51.668922424 	 lr: 0.007527147 	 teaching_rate: 0.639543908 
2775 / 2779 (99.9%): 	 LOSS:48.420581818 	 lr: 0.007527147 	 teaching_rate: 0.639543908 

===============================|    epoch 65   |===============================

  0 / 2779 (0.0%): 	 LOSS:54.188701630 	 lr: 0.007642949 	 teaching_rate: 0.635082733 
555 / 2779 (20.0%): 	 LOSS:43.821510315 	 lr: 0.007642949 	 teaching_rate: 0.635082733 
1110 / 2779 (39.9%): 	 LOSS:47.635810852 	 lr: 0.007642949 	 teaching_rate: 0.635082733 
1665 / 2779 (59.9%): 	 LOSS:119.338539124 	 lr: 0.007642949 	 teaching_rate: 0.635082733 
2220 / 2779 (79.9%): 	 LOSS:57.874614716 	 lr: 0.007642949 	 teaching_rate: 0.635082733 
2775 / 2779 (99.9%): 	 LOSS:51.272014618 	 lr: 0.007642949 	 teaching_rate: 0.635082733 

===============================|    epoch 66   |===============================

  0 / 2779 (0.0%): 	 LOSS:53.319225311 	 lr: 0.007635590 	 teaching_rate: 0.630652677 
555 / 2779 (20.0%): 	 LOSS:50.316207886 	 lr: 0.007635590 	 teaching_rate: 0.630652677 
1110 / 2779 (39.9%): 	 LOSS:53.163913727 	 lr: 0.007635590 	 teaching_rate: 0.630652677 
1665 / 2779 (59.9%): 	 LOSS:56.130558014 	 lr: 0.007635590 	 teaching_rate: 0.630652677 
2220 / 2779 (79.9%): 	 LOSS:43.187526703 	 lr: 0.007635590 	 teaching_rate: 0.630652677 
2775 / 2779 (99.9%): 	 LOSS:50.665695190 	 lr: 0.007635590 	 teaching_rate: 0.630652677 

===============================|    epoch 67   |===============================

  0 / 2779 (0.0%): 	 LOSS:38.512187958 	 lr: 0.007579238 	 teaching_rate: 0.626253524 
555 / 2779 (20.0%): 	 LOSS:47.933017731 	 lr: 0.007579238 	 teaching_rate: 0.626253524 
1110 / 2779 (39.9%): 	 LOSS:61.970676422 	 lr: 0.007579238 	 teaching_rate: 0.626253524 
1665 / 2779 (59.9%): 	 LOSS:52.830486298 	 lr: 0.007579238 	 teaching_rate: 0.626253524 
2220 / 2779 (79.9%): 	 LOSS:48.626285553 	 lr: 0.007579238 	 teaching_rate: 0.626253524 
2775 / 2779 (99.9%): 	 LOSS:41.300682068 	 lr: 0.007579238 	 teaching_rate: 0.626253524 

===============================|    epoch 68   |===============================

  0 / 2779 (0.0%): 	 LOSS:51.475502014 	 lr: 0.007524116 	 teaching_rate: 0.621885056 
555 / 2779 (20.0%): 	 LOSS:49.276710510 	 lr: 0.007524116 	 teaching_rate: 0.621885056 
1110 / 2779 (39.9%): 	 LOSS:42.251129150 	 lr: 0.007524116 	 teaching_rate: 0.621885056 
1665 / 2779 (59.9%): 	 LOSS:47.213897705 	 lr: 0.007524116 	 teaching_rate: 0.621885056 
2220 / 2779 (79.9%): 	 LOSS:49.985977173 	 lr: 0.007524116 	 teaching_rate: 0.621885056 
2775 / 2779 (99.9%): 	 LOSS:43.488368988 	 lr: 0.007524116 	 teaching_rate: 0.621885056 

===============================|    epoch 69   |===============================

  0 / 2779 (0.0%): 	 LOSS:54.742885590 	 lr: 0.007470179 	 teaching_rate: 0.617547062 
555 / 2779 (20.0%): 	 LOSS:47.560810089 	 lr: 0.007470179 	 teaching_rate: 0.617547062 
1110 / 2779 (39.9%): 	 LOSS:50.575534821 	 lr: 0.007470179 	 teaching_rate: 0.617547062 
1665 / 2779 (59.9%): 	 LOSS:39.971012115 	 lr: 0.007470179 	 teaching_rate: 0.617547062 
2220 / 2779 (79.9%): 	 LOSS:59.970077515 	 lr: 0.007470179 	 teaching_rate: 0.617547062 
2775 / 2779 (99.9%): 	 LOSS:50.789806366 	 lr: 0.007470179 	 teaching_rate: 0.617547062 

===============================|    epoch 70   |===============================

  0 / 2779 (0.0%): 	 LOSS:39.518135071 	 lr: 0.007417385 	 teaching_rate: 0.613239327 
555 / 2779 (20.0%): 	 LOSS:53.523380280 	 lr: 0.007417385 	 teaching_rate: 0.613239327 
1110 / 2779 (39.9%): 	 LOSS:51.039546967 	 lr: 0.007417385 	 teaching_rate: 0.613239327 
1665 / 2779 (59.9%): 	 LOSS:52.875354767 	 lr: 0.007417385 	 teaching_rate: 0.613239327 
2220 / 2779 (79.9%): 	 LOSS:52.629135132 	 lr: 0.007417385 	 teaching_rate: 0.613239327 
2775 / 2779 (99.9%): 	 LOSS:40.769657135 	 lr: 0.007417385 	 teaching_rate: 0.613239327 

===============================| start validation |===============================

	 LOSS:164.6307373  Avg_ACC: 46.8211555480957
   ini file updated    
Snapshot saved to /data/users/wergillius/UTR_VAE/pth/LSTM_AE_mask/setting10/mask_st10_LonTeach-model_best.pth

   ini file updated    

===============================|    epoch 71   |===============================

  0 / 2779 (0.0%): 	 LOSS:51.041133881 	 lr: 0.007365696 	 teaching_rate: 0.608961641 
555 / 2779 (20.0%): 	 LOSS:44.524440765 	 lr: 0.007365696 	 teaching_rate: 0.608961641 
1110 / 2779 (39.9%): 	 LOSS:48.757575989 	 lr: 0.007365696 	 teaching_rate: 0.608961641 
1665 / 2779 (59.9%): 	 LOSS:56.625888824 	 lr: 0.007365696 	 teaching_rate: 0.608961641 
2220 / 2779 (79.9%): 	 LOSS:55.835636139 	 lr: 0.007365696 	 teaching_rate: 0.608961641 
2775 / 2779 (99.9%): 	 LOSS:45.880405426 	 lr: 0.007365696 	 teaching_rate: 0.608961641 

===============================|    epoch 72   |===============================

  0 / 2779 (0.0%): 	 LOSS:51.902915955 	 lr: 0.007315072 	 teaching_rate: 0.604713794 
555 / 2779 (20.0%): 	 LOSS:51.468215942 	 lr: 0.007315072 	 teaching_rate: 0.604713794 
1110 / 2779 (39.9%): 	 LOSS:48.202117920 	 lr: 0.007315072 	 teaching_rate: 0.604713794 
1665 / 2779 (59.9%): 	 LOSS:56.668586731 	 lr: 0.007315072 	 teaching_rate: 0.604713794 
2220 / 2779 (79.9%): 	 LOSS:63.129341125 	 lr: 0.007315072 	 teaching_rate: 0.604713794 
2775 / 2779 (99.9%): 	 LOSS:55.065837860 	 lr: 0.007315072 	 teaching_rate: 0.604713794 

===============================|    epoch 73   |===============================

  0 / 2779 (0.0%): 	 LOSS:33.329841614 	 lr: 0.007265477 	 teaching_rate: 0.600495579 
555 / 2779 (20.0%): 	 LOSS:67.453804016 	 lr: 0.007265477 	 teaching_rate: 0.600495579 
1110 / 2779 (39.9%): 	 LOSS:52.765068054 	 lr: 0.007265477 	 teaching_rate: 0.600495579 
1665 / 2779 (59.9%): 	 LOSS:53.120891571 	 lr: 0.007265477 	 teaching_rate: 0.600495579 
2220 / 2779 (79.9%): 	 LOSS:48.980152130 	 lr: 0.007265477 	 teaching_rate: 0.600495579 
2775 / 2779 (99.9%): 	 LOSS:66.264205933 	 lr: 0.007265477 	 teaching_rate: 0.600495579 

===============================|    epoch 74   |===============================

  0 / 2779 (0.0%): 	 LOSS:54.541477203 	 lr: 0.007216878 	 teaching_rate: 0.596306788 
555 / 2779 (20.0%): 	 LOSS:51.616622925 	 lr: 0.007216878 	 teaching_rate: 0.596306788 
1110 / 2779 (39.9%): 	 LOSS:58.063812256 	 lr: 0.007216878 	 teaching_rate: 0.596306788 
1665 / 2779 (59.9%): 	 LOSS:39.190784454 	 lr: 0.007216878 	 teaching_rate: 0.596306788 
2220 / 2779 (79.9%): 	 LOSS:44.581256866 	 lr: 0.007216878 	 teaching_rate: 0.596306788 
2775 / 2779 (99.9%): 	 LOSS:48.671562195 	 lr: 0.007216878 	 teaching_rate: 0.596306788 

===============================|    epoch 75   |===============================

  0 / 2779 (0.0%): 	 LOSS:62.100509644 	 lr: 0.007169242 	 teaching_rate: 0.592147216 
555 / 2779 (20.0%): 	 LOSS:54.390335083 	 lr: 0.007169242 	 teaching_rate: 0.592147216 
1110 / 2779 (39.9%): 	 LOSS:53.907615662 	 lr: 0.007169242 	 teaching_rate: 0.592147216 
1665 / 2779 (59.9%): 	 LOSS:52.916240692 	 lr: 0.007169242 	 teaching_rate: 0.592147216 
2220 / 2779 (79.9%): 	 LOSS:52.371002197 	 lr: 0.007169242 	 teaching_rate: 0.592147216 
2775 / 2779 (99.9%): 	 LOSS:54.399063110 	 lr: 0.007169242 	 teaching_rate: 0.592147216 

===============================|    epoch 76   |===============================

  0 / 2779 (0.0%): 	 LOSS:49.743572235 	 lr: 0.007122536 	 teaching_rate: 0.588016659 
555 / 2779 (20.0%): 	 LOSS:43.830520630 	 lr: 0.007122536 	 teaching_rate: 0.588016659 
1110 / 2779 (39.9%): 	 LOSS:54.990104675 	 lr: 0.007122536 	 teaching_rate: 0.588016659 
1665 / 2779 (59.9%): 	 LOSS:51.591629028 	 lr: 0.007122536 	 teaching_rate: 0.588016659 
2220 / 2779 (79.9%): 	 LOSS:59.003467560 	 lr: 0.007122536 	 teaching_rate: 0.588016659 
2775 / 2779 (99.9%): 	 LOSS:54.385787964 	 lr: 0.007122536 	 teaching_rate: 0.588016659 

===============================|    epoch 77   |===============================

  0 / 2779 (0.0%): 	 LOSS:50.617664337 	 lr: 0.007076731 	 teaching_rate: 0.583914915 
555 / 2779 (20.0%): 	 LOSS:53.284740448 	 lr: 0.007076731 	 teaching_rate: 0.583914915 
1110 / 2779 (39.9%): 	 LOSS:53.516990662 	 lr: 0.007076731 	 teaching_rate: 0.583914915 
1665 / 2779 (59.9%): 	 LOSS:51.600357056 	 lr: 0.007076731 	 teaching_rate: 0.583914915 
2220 / 2779 (79.9%): 	 LOSS:47.394927979 	 lr: 0.007076731 	 teaching_rate: 0.583914915 
2775 / 2779 (99.9%): 	 LOSS:50.080383301 	 lr: 0.007076731 	 teaching_rate: 0.583914915 

===============================|    epoch 78   |===============================

  0 / 2779 (0.0%): 	 LOSS:48.312435150 	 lr: 0.007031799 	 teaching_rate: 0.579841783 
555 / 2779 (20.0%): 	 LOSS:48.947483063 	 lr: 0.007031799 	 teaching_rate: 0.579841783 
1110 / 2779 (39.9%): 	 LOSS:48.325515747 	 lr: 0.007031799 	 teaching_rate: 0.579841783 
1665 / 2779 (59.9%): 	 LOSS:63.017707825 	 lr: 0.007031799 	 teaching_rate: 0.579841783 
2220 / 2779 (79.9%): 	 LOSS:40.727252960 	 lr: 0.007031799 	 teaching_rate: 0.579841783 
2775 / 2779 (99.9%): 	 LOSS:54.898937225 	 lr: 0.007031799 	 teaching_rate: 0.579841783 

===============================|    epoch 79   |===============================

  0 / 2779 (0.0%): 	 LOSS:58.458843231 	 lr: 0.006987712 	 teaching_rate: 0.575797064 
555 / 2779 (20.0%): 	 LOSS:56.174346924 	 lr: 0.006987712 	 teaching_rate: 0.575797064 
1110 / 2779 (39.9%): 	 LOSS:55.990322113 	 lr: 0.006987712 	 teaching_rate: 0.575797064 
1665 / 2779 (59.9%): 	 LOSS:60.752376556 	 lr: 0.006987712 	 teaching_rate: 0.575797064 
2220 / 2779 (79.9%): 	 LOSS:58.431842804 	 lr: 0.006987712 	 teaching_rate: 0.575797064 
2775 / 2779 (99.9%): 	 LOSS:50.851821899 	 lr: 0.006987712 	 teaching_rate: 0.575797064 

===============================|    epoch 80   |===============================

  0 / 2779 (0.0%): 	 LOSS:53.359264374 	 lr: 0.006944444 	 teaching_rate: 0.571780559 
555 / 2779 (20.0%): 	 LOSS:51.915260315 	 lr: 0.006944444 	 teaching_rate: 0.571780559 
1110 / 2779 (39.9%): 	 LOSS:51.823780060 	 lr: 0.006944444 	 teaching_rate: 0.571780559 
1665 / 2779 (59.9%): 	 LOSS:51.527603149 	 lr: 0.006944444 	 teaching_rate: 0.571780559 
2220 / 2779 (79.9%): 	 LOSS:57.115608215 	 lr: 0.006944444 	 teaching_rate: 0.571780559 
2775 / 2779 (99.9%): 	 LOSS:54.214801788 	 lr: 0.006944444 	 teaching_rate: 0.571780559 

===============================| start validation |===============================

	 LOSS:158.8879395  Avg_ACC: 47.674705505371094
   ini file updated    
Snapshot saved to /data/users/wergillius/UTR_VAE/pth/LSTM_AE_mask/setting10/mask_st10_LonTeach-model_best.pth

   ini file updated    

===============================|    epoch 81   |===============================

  0 / 2779 (0.0%): 	 LOSS:58.722702026 	 lr: 0.006901970 	 teaching_rate: 0.567792071 
555 / 2779 (20.0%): 	 LOSS:49.315078735 	 lr: 0.006901970 	 teaching_rate: 0.567792071 
1110 / 2779 (39.9%): 	 LOSS:54.587219238 	 lr: 0.006901970 	 teaching_rate: 0.567792071 
1665 / 2779 (59.9%): 	 LOSS:52.846118927 	 lr: 0.006901970 	 teaching_rate: 0.567792071 
2220 / 2779 (79.9%): 	 LOSS:53.479007721 	 lr: 0.006901970 	 teaching_rate: 0.567792071 
2775 / 2779 (99.9%): 	 LOSS:49.924545288 	 lr: 0.006901970 	 teaching_rate: 0.567792071 

===============================|    epoch 82   |===============================

  0 / 2779 (0.0%): 	 LOSS:52.465393066 	 lr: 0.006860266 	 teaching_rate: 0.563831405 
555 / 2779 (20.0%): 	 LOSS:44.607627869 	 lr: 0.006860266 	 teaching_rate: 0.563831405 
1110 / 2779 (39.9%): 	 LOSS:54.913360596 	 lr: 0.006860266 	 teaching_rate: 0.563831405 
1665 / 2779 (59.9%): 	 LOSS:58.945240021 	 lr: 0.006860266 	 teaching_rate: 0.563831405 
2220 / 2779 (79.9%): 	 LOSS:58.348365784 	 lr: 0.006860266 	 teaching_rate: 0.563831405 
2775 / 2779 (99.9%): 	 LOSS:54.328002930 	 lr: 0.006860266 	 teaching_rate: 0.563831405 

===============================|    epoch 83   |===============================

  0 / 2779 (0.0%): 	 LOSS:61.522674561 	 lr: 0.006819309 	 teaching_rate: 0.559898367 
555 / 2779 (20.0%): 	 LOSS:59.108001709 	 lr: 0.006819309 	 teaching_rate: 0.559898367 
1110 / 2779 (39.9%): 	 LOSS:62.614170074 	 lr: 0.006819309 	 teaching_rate: 0.559898367 
1665 / 2779 (59.9%): 	 LOSS:59.797542572 	 lr: 0.006819309 	 teaching_rate: 0.559898367 
2220 / 2779 (79.9%): 	 LOSS:50.878211975 	 lr: 0.006819309 	 teaching_rate: 0.559898367 
2775 / 2779 (99.9%): 	 LOSS:57.743869781 	 lr: 0.006819309 	 teaching_rate: 0.559898367 

===============================|    epoch 84   |===============================

  0 / 2779 (0.0%): 	 LOSS:66.135635376 	 lr: 0.006779077 	 teaching_rate: 0.555992764 
555 / 2779 (20.0%): 	 LOSS:55.023185730 	 lr: 0.006779077 	 teaching_rate: 0.555992764 
1110 / 2779 (39.9%): 	 LOSS:54.290988922 	 lr: 0.006779077 	 teaching_rate: 0.555992764 
1665 / 2779 (59.9%): 	 LOSS:48.305759430 	 lr: 0.006779077 	 teaching_rate: 0.555992764 
2220 / 2779 (79.9%): 	 LOSS:38.014446259 	 lr: 0.006779077 	 teaching_rate: 0.555992764 
2775 / 2779 (99.9%): 	 LOSS:62.552944183 	 lr: 0.006779077 	 teaching_rate: 0.555992764 

===============================|    epoch 85   |===============================

  0 / 2779 (0.0%): 	 LOSS:52.573749542 	 lr: 0.006739548 	 teaching_rate: 0.552114404 
555 / 2779 (20.0%): 	 LOSS:59.560832977 	 lr: 0.006739548 	 teaching_rate: 0.552114404 
1110 / 2779 (39.9%): 	 LOSS:56.679935455 	 lr: 0.006739548 	 teaching_rate: 0.552114404 
1665 / 2779 (59.9%): 	 LOSS:52.775787354 	 lr: 0.006739548 	 teaching_rate: 0.552114404 
2220 / 2779 (79.9%): 	 LOSS:60.734977722 	 lr: 0.006739548 	 teaching_rate: 0.552114404 
2775 / 2779 (99.9%): 	 LOSS:58.026863098 	 lr: 0.006739548 	 teaching_rate: 0.552114404 

===============================|    epoch 86   |===============================

  0 / 2779 (0.0%): 	 LOSS:50.373012543 	 lr: 0.006700703 	 teaching_rate: 0.548263099 
555 / 2779 (20.0%): 	 LOSS:60.677326202 	 lr: 0.006700703 	 teaching_rate: 0.548263099 
1110 / 2779 (39.9%): 	 LOSS:61.054515839 	 lr: 0.006700703 	 teaching_rate: 0.548263099 
1665 / 2779 (59.9%): 	 LOSS:58.307075500 	 lr: 0.006700703 	 teaching_rate: 0.548263099 
2220 / 2779 (79.9%): 	 LOSS:53.444095612 	 lr: 0.006700703 	 teaching_rate: 0.548263099 
2775 / 2779 (99.9%): 	 LOSS:60.288505554 	 lr: 0.006700703 	 teaching_rate: 0.548263099 

===============================|    epoch 87   |===============================

  0 / 2779 (0.0%): 	 LOSS:50.105781555 	 lr: 0.006662522 	 teaching_rate: 0.544438658 
555 / 2779 (20.0%): 	 LOSS:48.679653168 	 lr: 0.006662522 	 teaching_rate: 0.544438658 
1110 / 2779 (39.9%): 	 LOSS:58.176628113 	 lr: 0.006662522 	 teaching_rate: 0.544438658 
1665 / 2779 (59.9%): 	 LOSS:54.974224091 	 lr: 0.006662522 	 teaching_rate: 0.544438658 
2220 / 2779 (79.9%): 	 LOSS:53.948699951 	 lr: 0.006662522 	 teaching_rate: 0.544438658 
2775 / 2779 (99.9%): 	 LOSS:60.131317139 	 lr: 0.006662522 	 teaching_rate: 0.544438658 

===============================|    epoch 88   |===============================

  0 / 2779 (0.0%): 	 LOSS:50.444671631 	 lr: 0.006624987 	 teaching_rate: 0.540640895 
555 / 2779 (20.0%): 	 LOSS:54.681900024 	 lr: 0.006624987 	 teaching_rate: 0.540640895 
1110 / 2779 (39.9%): 	 LOSS:63.379528046 	 lr: 0.006624987 	 teaching_rate: 0.540640895 
1665 / 2779 (59.9%): 	 LOSS:54.409618378 	 lr: 0.006624987 	 teaching_rate: 0.540640895 
2220 / 2779 (79.9%): 	 LOSS:55.929897308 	 lr: 0.006624987 	 teaching_rate: 0.540640895 
2775 / 2779 (99.9%): 	 LOSS:56.786079407 	 lr: 0.006624987 	 teaching_rate: 0.540640895 

===============================|    epoch 89   |===============================

  0 / 2779 (0.0%): 	 LOSS:57.161392212 	 lr: 0.006588078 	 teaching_rate: 0.536869624 
555 / 2779 (20.0%): 	 LOSS:56.290470123 	 lr: 0.006588078 	 teaching_rate: 0.536869624 
1110 / 2779 (39.9%): 	 LOSS:56.854496002 	 lr: 0.006588078 	 teaching_rate: 0.536869624 
1665 / 2779 (59.9%): 	 LOSS:51.306766510 	 lr: 0.006588078 	 teaching_rate: 0.536869624 
2220 / 2779 (79.9%): 	 LOSS:65.744659424 	 lr: 0.006588078 	 teaching_rate: 0.536869624 
2775 / 2779 (99.9%): 	 LOSS:39.606269836 	 lr: 0.006588078 	 teaching_rate: 0.536869624 

===============================|    epoch 90   |===============================

  0 / 2779 (0.0%): 	 LOSS:51.395362854 	 lr: 0.006551780 	 teaching_rate: 0.533124659 
555 / 2779 (20.0%): 	 LOSS:46.277793884 	 lr: 0.006551780 	 teaching_rate: 0.533124659 
1110 / 2779 (39.9%): 	 LOSS:54.942329407 	 lr: 0.006551780 	 teaching_rate: 0.533124659 
1665 / 2779 (59.9%): 	 LOSS:54.424118042 	 lr: 0.006551780 	 teaching_rate: 0.533124659 
2220 / 2779 (79.9%): 	 LOSS:51.332290649 	 lr: 0.006551780 	 teaching_rate: 0.533124659 
2775 / 2779 (99.9%): 	 LOSS:60.487937927 	 lr: 0.006551780 	 teaching_rate: 0.533124659 

===============================| start validation |===============================

	 LOSS:153.5414581  Avg_ACC: 48.994197845458984
   ini file updated    
Snapshot saved to /data/users/wergillius/UTR_VAE/pth/LSTM_AE_mask/setting10/mask_st10_LonTeach-model_best.pth

   ini file updated    

===============================|    epoch 91   |===============================

  0 / 2779 (0.0%): 	 LOSS:64.470336914 	 lr: 0.006516075 	 teaching_rate: 0.529405818 
555 / 2779 (20.0%): 	 LOSS:55.810886383 	 lr: 0.006516075 	 teaching_rate: 0.529405818 
1110 / 2779 (39.9%): 	 LOSS:56.943740845 	 lr: 0.006516075 	 teaching_rate: 0.529405818 
1665 / 2779 (59.9%): 	 LOSS:59.237247467 	 lr: 0.006516075 	 teaching_rate: 0.529405818 
2220 / 2779 (79.9%): 	 LOSS:56.026546478 	 lr: 0.006516075 	 teaching_rate: 0.529405818 
2775 / 2779 (99.9%): 	 LOSS:63.258243561 	 lr: 0.006516075 	 teaching_rate: 0.529405818 

===============================|    epoch 92   |===============================

  0 / 2779 (0.0%): 	 LOSS:61.696166992 	 lr: 0.006480948 	 teaching_rate: 0.525712917 
555 / 2779 (20.0%): 	 LOSS:56.728748322 	 lr: 0.006480948 	 teaching_rate: 0.525712917 
1110 / 2779 (39.9%): 	 LOSS:68.380020142 	 lr: 0.006480948 	 teaching_rate: 0.525712917 
1665 / 2779 (59.9%): 	 LOSS:51.134353638 	 lr: 0.006480948 	 teaching_rate: 0.525712917 
2220 / 2779 (79.9%): 	 LOSS:56.146076202 	 lr: 0.006480948 	 teaching_rate: 0.525712917 
2775 / 2779 (99.9%): 	 LOSS:56.963764191 	 lr: 0.006480948 	 teaching_rate: 0.525712917 

===============================|    epoch 93   |===============================

  0 / 2779 (0.0%): 	 LOSS:57.804409027 	 lr: 0.006446383 	 teaching_rate: 0.522045777 
555 / 2779 (20.0%): 	 LOSS:53.329551697 	 lr: 0.006446383 	 teaching_rate: 0.522045777 
1110 / 2779 (39.9%): 	 LOSS:68.084175110 	 lr: 0.006446383 	 teaching_rate: 0.522045777 
1665 / 2779 (59.9%): 	 LOSS:55.038055420 	 lr: 0.006446383 	 teaching_rate: 0.522045777 
2220 / 2779 (79.9%): 	 LOSS:61.416706085 	 lr: 0.006446383 	 teaching_rate: 0.522045777 
2775 / 2779 (99.9%): 	 LOSS:61.732753754 	 lr: 0.006446383 	 teaching_rate: 0.522045777 

===============================|    epoch 94   |===============================

  0 / 2779 (0.0%): 	 LOSS:54.811859131 	 lr: 0.006412365 	 teaching_rate: 0.518404217 
555 / 2779 (20.0%): 	 LOSS:67.861297607 	 lr: 0.006412365 	 teaching_rate: 0.518404217 
1110 / 2779 (39.9%): 	 LOSS:50.645500183 	 lr: 0.006412365 	 teaching_rate: 0.518404217 
1665 / 2779 (59.9%): 	 LOSS:58.449974060 	 lr: 0.006412365 	 teaching_rate: 0.518404217 
2220 / 2779 (79.9%): 	 LOSS:63.333713531 	 lr: 0.006412365 	 teaching_rate: 0.518404217 
2775 / 2779 (99.9%): 	 LOSS:52.251346588 	 lr: 0.006412365 	 teaching_rate: 0.518404217 

===============================|    epoch 95   |===============================

  0 / 2779 (0.0%): 	 LOSS:56.701473236 	 lr: 0.006378880 	 teaching_rate: 0.514788058 
555 / 2779 (20.0%): 	 LOSS:51.906219482 	 lr: 0.006378880 	 teaching_rate: 0.514788058 
1110 / 2779 (39.9%): 	 LOSS:62.091732025 	 lr: 0.006378880 	 teaching_rate: 0.514788058 
1665 / 2779 (59.9%): 	 LOSS:67.661796570 	 lr: 0.006378880 	 teaching_rate: 0.514788058 
2220 / 2779 (79.9%): 	 LOSS:62.208065033 	 lr: 0.006378880 	 teaching_rate: 0.514788058 
2775 / 2779 (99.9%): 	 LOSS:59.932773590 	 lr: 0.006378880 	 teaching_rate: 0.514788058 

===============================|    epoch 96   |===============================

  0 / 2779 (0.0%): 	 LOSS:68.078620911 	 lr: 0.006345914 	 teaching_rate: 0.511197125 
555 / 2779 (20.0%): 	 LOSS:69.053596497 	 lr: 0.006345914 	 teaching_rate: 0.511197125 
1110 / 2779 (39.9%): 	 LOSS:61.380062103 	 lr: 0.006345914 	 teaching_rate: 0.511197125 
1665 / 2779 (59.9%): 	 LOSS:56.129085541 	 lr: 0.006345914 	 teaching_rate: 0.511197125 
2220 / 2779 (79.9%): 	 LOSS:56.179019928 	 lr: 0.006345914 	 teaching_rate: 0.511197125 
2775 / 2779 (99.9%): 	 LOSS:55.100914001 	 lr: 0.006345914 	 teaching_rate: 0.511197125 

===============================|    epoch 97   |===============================

  0 / 2779 (0.0%): 	 LOSS:59.849357605 	 lr: 0.006313453 	 teaching_rate: 0.507631240 
555 / 2779 (20.0%): 	 LOSS:59.342700958 	 lr: 0.006313453 	 teaching_rate: 0.507631240 
1110 / 2779 (39.9%): 	 LOSS:56.360794067 	 lr: 0.006313453 	 teaching_rate: 0.507631240 
1665 / 2779 (59.9%): 	 LOSS:59.013389587 	 lr: 0.006313453 	 teaching_rate: 0.507631240 
2220 / 2779 (79.9%): 	 LOSS:59.141944885 	 lr: 0.006313453 	 teaching_rate: 0.507631240 
2775 / 2779 (99.9%): 	 LOSS:56.734996796 	 lr: 0.006313453 	 teaching_rate: 0.507631240 

===============================|    epoch 98   |===============================

  0 / 2779 (0.0%): 	 LOSS:53.276222229 	 lr: 0.006281486 	 teaching_rate: 0.504090230 
555 / 2779 (20.0%): 	 LOSS:54.521404266 	 lr: 0.006281486 	 teaching_rate: 0.504090230 
1110 / 2779 (39.9%): 	 LOSS:55.001037598 	 lr: 0.006281486 	 teaching_rate: 0.504090230 
1665 / 2779 (59.9%): 	 LOSS:59.272392273 	 lr: 0.006281486 	 teaching_rate: 0.504090230 
2220 / 2779 (79.9%): 	 LOSS:55.987449646 	 lr: 0.006281486 	 teaching_rate: 0.504090230 
2775 / 2779 (99.9%): 	 LOSS:65.001945496 	 lr: 0.006281486 	 teaching_rate: 0.504090230 

===============================|    epoch 99   |===============================

  0 / 2779 (0.0%): 	 LOSS:57.179515839 	 lr: 0.006250000 	 teaching_rate: 0.500573919 
555 / 2779 (20.0%): 	 LOSS:56.193084717 	 lr: 0.006250000 	 teaching_rate: 0.500573919 
1110 / 2779 (39.9%): 	 LOSS:61.327583313 	 lr: 0.006250000 	 teaching_rate: 0.500573919 
1665 / 2779 (59.9%): 	 LOSS:62.949146271 	 lr: 0.006250000 	 teaching_rate: 0.500573919 
2220 / 2779 (79.9%): 	 LOSS:62.023601532 	 lr: 0.006250000 	 teaching_rate: 0.500573919 
2775 / 2779 (99.9%): 	 LOSS:62.297229767 	 lr: 0.006250000 	 teaching_rate: 0.500573919 

===============================|    epoch 100   |===============================

  0 / 2779 (0.0%): 	 LOSS:57.821323395 	 lr: 0.006218982 	 teaching_rate: 0.497082137 
555 / 2779 (20.0%): 	 LOSS:61.601673126 	 lr: 0.006218982 	 teaching_rate: 0.497082137 
1110 / 2779 (39.9%): 	 LOSS:67.344421387 	 lr: 0.006218982 	 teaching_rate: 0.497082137 
1665 / 2779 (59.9%): 	 LOSS:59.981246948 	 lr: 0.006218982 	 teaching_rate: 0.497082137 
2220 / 2779 (79.9%): 	 LOSS:54.001937866 	 lr: 0.006218982 	 teaching_rate: 0.497082137 
2775 / 2779 (99.9%): 	 LOSS:63.657543182 	 lr: 0.006218982 	 teaching_rate: 0.497082137 

===============================| start validation |===============================

	 LOSS:148.2978363  Avg_ACC: 50.749977111816406
   ini file updated    
Snapshot saved to /data/users/wergillius/UTR_VAE/pth/LSTM_AE_mask/setting10/mask_st10_LonTeach-model_best.pth

   ini file updated    

===============================|    epoch 101   |===============================

  0 / 2779 (0.0%): 	 LOSS:62.571868896 	 lr: 0.006188422 	 teaching_rate: 0.493614713 
555 / 2779 (20.0%): 	 LOSS:64.804817200 	 lr: 0.006188422 	 teaching_rate: 0.493614713 
1110 / 2779 (39.9%): 	 LOSS:54.537948608 	 lr: 0.006188422 	 teaching_rate: 0.493614713 
1665 / 2779 (59.9%): 	 LOSS:51.215213776 	 lr: 0.006188422 	 teaching_rate: 0.493614713 
2220 / 2779 (79.9%): 	 LOSS:58.900939941 	 lr: 0.006188422 	 teaching_rate: 0.493614713 
2775 / 2779 (99.9%): 	 LOSS:56.684261322 	 lr: 0.006188422 	 teaching_rate: 0.493614713 

===============================|    epoch 102   |===============================

  0 / 2779 (0.0%): 	 LOSS:56.022483826 	 lr: 0.006158308 	 teaching_rate: 0.490171475 
555 / 2779 (20.0%): 	 LOSS:59.090866089 	 lr: 0.006158308 	 teaching_rate: 0.490171475 
1110 / 2779 (39.9%): 	 LOSS:58.564041138 	 lr: 0.006158308 	 teaching_rate: 0.490171475 
1665 / 2779 (59.9%): 	 LOSS:57.294235229 	 lr: 0.006158308 	 teaching_rate: 0.490171475 
2220 / 2779 (79.9%): 	 LOSS:59.455566406 	 lr: 0.006158308 	 teaching_rate: 0.490171475 
2775 / 2779 (99.9%): 	 LOSS:60.145030975 	 lr: 0.006158308 	 teaching_rate: 0.490171475 

===============================|    epoch 103   |===============================

  0 / 2779 (0.0%): 	 LOSS:52.456481934 	 lr: 0.006128629 	 teaching_rate: 0.486752256 
555 / 2779 (20.0%): 	 LOSS:67.456718445 	 lr: 0.006128629 	 teaching_rate: 0.486752256 
1110 / 2779 (39.9%): 	 LOSS:54.139095306 	 lr: 0.006128629 	 teaching_rate: 0.486752256 
1665 / 2779 (59.9%): 	 LOSS:45.836967468 	 lr: 0.006128629 	 teaching_rate: 0.486752256 
2220 / 2779 (79.9%): 	 LOSS:58.492679596 	 lr: 0.006128629 	 teaching_rate: 0.486752256 
2775 / 2779 (99.9%): 	 LOSS:64.515502930 	 lr: 0.006128629 	 teaching_rate: 0.486752256 

===============================|    epoch 104   |===============================

  0 / 2779 (0.0%): 	 LOSS:49.754127502 	 lr: 0.006099375 	 teaching_rate: 0.483356888 
555 / 2779 (20.0%): 	 LOSS:50.893451691 	 lr: 0.006099375 	 teaching_rate: 0.483356888 
1110 / 2779 (39.9%): 	 LOSS:62.723636627 	 lr: 0.006099375 	 teaching_rate: 0.483356888 
1665 / 2779 (59.9%): 	 LOSS:59.384784698 	 lr: 0.006099375 	 teaching_rate: 0.483356888 
2220 / 2779 (79.9%): 	 LOSS:63.398780823 	 lr: 0.006099375 	 teaching_rate: 0.483356888 
2775 / 2779 (99.9%): 	 LOSS:55.649295807 	 lr: 0.006099375 	 teaching_rate: 0.483356888 

===============================|    epoch 105   |===============================

  0 / 2779 (0.0%): 	 LOSS:64.264770508 	 lr: 0.006070537 	 teaching_rate: 0.479985204 
555 / 2779 (20.0%): 	 LOSS:61.390510559 	 lr: 0.006070537 	 teaching_rate: 0.479985204 
1110 / 2779 (39.9%): 	 LOSS:67.605720520 	 lr: 0.006070537 	 teaching_rate: 0.479985204 
1665 / 2779 (59.9%): 	 LOSS:71.668251038 	 lr: 0.006070537 	 teaching_rate: 0.479985204 
2220 / 2779 (79.9%): 	 LOSS:55.556129456 	 lr: 0.006070537 	 teaching_rate: 0.479985204 
2775 / 2779 (99.9%): 	 LOSS:58.791549683 	 lr: 0.006070537 	 teaching_rate: 0.479985204 

===============================|    epoch 106   |===============================

  0 / 2779 (0.0%): 	 LOSS:53.978019714 	 lr: 0.006042103 	 teaching_rate: 0.476637040 
555 / 2779 (20.0%): 	 LOSS:63.837776184 	 lr: 0.006042103 	 teaching_rate: 0.476637040 
1110 / 2779 (39.9%): 	 LOSS:63.753711700 	 lr: 0.006042103 	 teaching_rate: 0.476637040 
1665 / 2779 (59.9%): 	 LOSS:61.982921600 	 lr: 0.006042103 	 teaching_rate: 0.476637040 
2220 / 2779 (79.9%): 	 LOSS:49.301990509 	 lr: 0.006042103 	 teaching_rate: 0.476637040 
2775 / 2779 (99.9%): 	 LOSS:59.791934967 	 lr: 0.006042103 	 teaching_rate: 0.476637040 

===============================|    epoch 107   |===============================

  0 / 2779 (0.0%): 	 LOSS:61.916339874 	 lr: 0.006014065 	 teaching_rate: 0.473312231 
555 / 2779 (20.0%): 	 LOSS:58.607276917 	 lr: 0.006014065 	 teaching_rate: 0.473312231 
1110 / 2779 (39.9%): 	 LOSS:58.331062317 	 lr: 0.006014065 	 teaching_rate: 0.473312231 
1665 / 2779 (59.9%): 	 LOSS:62.074092865 	 lr: 0.006014065 	 teaching_rate: 0.473312231 
2220 / 2779 (79.9%): 	 LOSS:72.712768555 	 lr: 0.006014065 	 teaching_rate: 0.473312231 
2775 / 2779 (99.9%): 	 LOSS:61.133472443 	 lr: 0.006014065 	 teaching_rate: 0.473312231 

===============================|    epoch 108   |===============================

  0 / 2779 (0.0%): 	 LOSS:59.659660339 	 lr: 0.005986414 	 teaching_rate: 0.470010615 
555 / 2779 (20.0%): 	 LOSS:61.167190552 	 lr: 0.005986414 	 teaching_rate: 0.470010615 
1110 / 2779 (39.9%): 	 LOSS:62.203105927 	 lr: 0.005986414 	 teaching_rate: 0.470010615 
1665 / 2779 (59.9%): 	 LOSS:54.139652252 	 lr: 0.005986414 	 teaching_rate: 0.470010615 
2220 / 2779 (79.9%): 	 LOSS:68.289001465 	 lr: 0.005986414 	 teaching_rate: 0.470010615 
2775 / 2779 (99.9%): 	 LOSS:56.945709229 	 lr: 0.005986414 	 teaching_rate: 0.470010615 

===============================|    epoch 109   |===============================

  0 / 2779 (0.0%): 	 LOSS:65.519500732 	 lr: 0.005959141 	 teaching_rate: 0.466732029 
555 / 2779 (20.0%): 	 LOSS:59.115142822 	 lr: 0.005959141 	 teaching_rate: 0.466732029 
1110 / 2779 (39.9%): 	 LOSS:57.280654907 	 lr: 0.005959141 	 teaching_rate: 0.466732029 
1665 / 2779 (59.9%): 	 LOSS:60.664047241 	 lr: 0.005959141 	 teaching_rate: 0.466732029 
2220 / 2779 (79.9%): 	 LOSS:100.017356873 	 lr: 0.005959141 	 teaching_rate: 0.466732029 
2775 / 2779 (99.9%): 	 LOSS:76.018394470 	 lr: 0.005959141 	 teaching_rate: 0.466732029 

===============================|    epoch 110   |===============================

  0 / 2779 (0.0%): 	 LOSS:72.785980225 	 lr: 0.005932237 	 teaching_rate: 0.463476313 
555 / 2779 (20.0%): 	 LOSS:68.941810608 	 lr: 0.005932237 	 teaching_rate: 0.463476313 
1110 / 2779 (39.9%): 	 LOSS:72.094100952 	 lr: 0.005932237 	 teaching_rate: 0.463476313 
1665 / 2779 (59.9%): 	 LOSS:64.974914551 	 lr: 0.005932237 	 teaching_rate: 0.463476313 
2220 / 2779 (79.9%): 	 LOSS:71.027069092 	 lr: 0.005932237 	 teaching_rate: 0.463476313 
2775 / 2779 (99.9%): 	 LOSS:57.196830750 	 lr: 0.005932237 	 teaching_rate: 0.463476313 

===============================| start validation |===============================

	 LOSS:143.6463470  Avg_ACC: 49.544837951660156
   ini file updated    

===============================|    epoch 111   |===============================

  0 / 2779 (0.0%): 	 LOSS:73.565795898 	 lr: 0.005905695 	 teaching_rate: 0.460243307 
555 / 2779 (20.0%): 	 LOSS:67.475372314 	 lr: 0.005905695 	 teaching_rate: 0.460243307 
1110 / 2779 (39.9%): 	 LOSS:59.565082550 	 lr: 0.005905695 	 teaching_rate: 0.460243307 
1665 / 2779 (59.9%): 	 LOSS:63.425876617 	 lr: 0.005905695 	 teaching_rate: 0.460243307 
2220 / 2779 (79.9%): 	 LOSS:71.874626160 	 lr: 0.005905695 	 teaching_rate: 0.460243307 
2775 / 2779 (99.9%): 	 LOSS:67.423103333 	 lr: 0.005905695 	 teaching_rate: 0.460243307 

===============================|    epoch 112   |===============================

  0 / 2779 (0.0%): 	 LOSS:71.505561829 	 lr: 0.005879505 	 teaching_rate: 0.457032854 
555 / 2779 (20.0%): 	 LOSS:73.320503235 	 lr: 0.005879505 	 teaching_rate: 0.457032854 
1110 / 2779 (39.9%): 	 LOSS:69.776817322 	 lr: 0.005879505 	 teaching_rate: 0.457032854 
1665 / 2779 (59.9%): 	 LOSS:66.319152832 	 lr: 0.005879505 	 teaching_rate: 0.457032854 
2220 / 2779 (79.9%): 	 LOSS:61.321449280 	 lr: 0.005879505 	 teaching_rate: 0.457032854 
2775 / 2779 (99.9%): 	 LOSS:65.300643921 	 lr: 0.005879505 	 teaching_rate: 0.457032854 

===============================|    epoch 113   |===============================

  0 / 2779 (0.0%): 	 LOSS:68.694381714 	 lr: 0.005853661 	 teaching_rate: 0.453844795 
555 / 2779 (20.0%): 	 LOSS:65.538581848 	 lr: 0.005853661 	 teaching_rate: 0.453844795 
1110 / 2779 (39.9%): 	 LOSS:60.583854675 	 lr: 0.005853661 	 teaching_rate: 0.453844795 
1665 / 2779 (59.9%): 	 LOSS:68.040306091 	 lr: 0.005853661 	 teaching_rate: 0.453844795 
2220 / 2779 (79.9%): 	 LOSS:65.127693176 	 lr: 0.005853661 	 teaching_rate: 0.453844795 
2775 / 2779 (99.9%): 	 LOSS:73.812950134 	 lr: 0.005853661 	 teaching_rate: 0.453844795 

===============================|    epoch 114   |===============================

  0 / 2779 (0.0%): 	 LOSS:68.896247864 	 lr: 0.005828155 	 teaching_rate: 0.450678975 
555 / 2779 (20.0%): 	 LOSS:69.382583618 	 lr: 0.005828155 	 teaching_rate: 0.450678975 
1110 / 2779 (39.9%): 	 LOSS:70.824043274 	 lr: 0.005828155 	 teaching_rate: 0.450678975 
1665 / 2779 (59.9%): 	 LOSS:64.803573608 	 lr: 0.005828155 	 teaching_rate: 0.450678975 
2220 / 2779 (79.9%): 	 LOSS:59.740161896 	 lr: 0.005828155 	 teaching_rate: 0.450678975 
2775 / 2779 (99.9%): 	 LOSS:61.293731689 	 lr: 0.005828155 	 teaching_rate: 0.450678975 

===============================|    epoch 115   |===============================

  0 / 2779 (0.0%): 	 LOSS:65.745147705 	 lr: 0.005802979 	 teaching_rate: 0.447535238 
555 / 2779 (20.0%): 	 LOSS:66.926116943 	 lr: 0.005802979 	 teaching_rate: 0.447535238 
1110 / 2779 (39.9%): 	 LOSS:72.160453796 	 lr: 0.005802979 	 teaching_rate: 0.447535238 
1665 / 2779 (59.9%): 	 LOSS:71.725669861 	 lr: 0.005802979 	 teaching_rate: 0.447535238 
2220 / 2779 (79.9%): 	 LOSS:68.612411499 	 lr: 0.005802979 	 teaching_rate: 0.447535238 
2775 / 2779 (99.9%): 	 LOSS:54.837497711 	 lr: 0.005802979 	 teaching_rate: 0.447535238 

===============================|    epoch 116   |===============================

  0 / 2779 (0.0%): 	 LOSS:63.983497620 	 lr: 0.005778127 	 teaching_rate: 0.444413431 
555 / 2779 (20.0%): 	 LOSS:65.731712341 	 lr: 0.005778127 	 teaching_rate: 0.444413431 
1110 / 2779 (39.9%): 	 LOSS:62.867103577 	 lr: 0.005778127 	 teaching_rate: 0.444413431 
1665 / 2779 (59.9%): 	 LOSS:71.860771179 	 lr: 0.005778127 	 teaching_rate: 0.444413431 
2220 / 2779 (79.9%): 	 LOSS:68.482192993 	 lr: 0.005778127 	 teaching_rate: 0.444413431 
2775 / 2779 (99.9%): 	 LOSS:62.600406647 	 lr: 0.005778127 	 teaching_rate: 0.444413431 

===============================|    epoch 117   |===============================

  0 / 2779 (0.0%): 	 LOSS:68.170234680 	 lr: 0.005753591 	 teaching_rate: 0.441313399 
555 / 2779 (20.0%): 	 LOSS:63.843410492 	 lr: 0.005753591 	 teaching_rate: 0.441313399 
1110 / 2779 (39.9%): 	 LOSS:69.856185913 	 lr: 0.005753591 	 teaching_rate: 0.441313399 
1665 / 2779 (59.9%): 	 LOSS:64.394714355 	 lr: 0.005753591 	 teaching_rate: 0.441313399 
2220 / 2779 (79.9%): 	 LOSS:68.258094788 	 lr: 0.005753591 	 teaching_rate: 0.441313399 
2775 / 2779 (99.9%): 	 LOSS:59.281818390 	 lr: 0.005753591 	 teaching_rate: 0.441313399 

===============================|    epoch 118   |===============================

  0 / 2779 (0.0%): 	 LOSS:71.642684937 	 lr: 0.005729366 	 teaching_rate: 0.438234992 
555 / 2779 (20.0%): 	 LOSS:69.638305664 	 lr: 0.005729366 	 teaching_rate: 0.438234992 
1110 / 2779 (39.9%): 	 LOSS:64.805480957 	 lr: 0.005729366 	 teaching_rate: 0.438234992 
1665 / 2779 (59.9%): 	 LOSS:73.538833618 	 lr: 0.005729366 	 teaching_rate: 0.438234992 
2220 / 2779 (79.9%): 	 LOSS:67.419372559 	 lr: 0.005729366 	 teaching_rate: 0.438234992 
2775 / 2779 (99.9%): 	 LOSS:77.081794739 	 lr: 0.005729366 	 teaching_rate: 0.438234992 

===============================|    epoch 119   |===============================

  0 / 2779 (0.0%): 	 LOSS:69.296485901 	 lr: 0.005705443 	 teaching_rate: 0.435178059 
555 / 2779 (20.0%): 	 LOSS:71.296653748 	 lr: 0.005705443 	 teaching_rate: 0.435178059 
1110 / 2779 (39.9%): 	 LOSS:67.509132385 	 lr: 0.005705443 	 teaching_rate: 0.435178059 
1665 / 2779 (59.9%): 	 LOSS:74.483848572 	 lr: 0.005705443 	 teaching_rate: 0.435178059 
2220 / 2779 (79.9%): 	 LOSS:67.411552429 	 lr: 0.005705443 	 teaching_rate: 0.435178059 
2775 / 2779 (99.9%): 	 LOSS:65.560592651 	 lr: 0.005705443 	 teaching_rate: 0.435178059 

===============================|    epoch 120   |===============================

  0 / 2779 (0.0%): 	 LOSS:62.449577332 	 lr: 0.005681818 	 teaching_rate: 0.432142450 
555 / 2779 (20.0%): 	 LOSS:70.132202148 	 lr: 0.005681818 	 teaching_rate: 0.432142450 
1110 / 2779 (39.9%): 	 LOSS:63.064388275 	 lr: 0.005681818 	 teaching_rate: 0.432142450 
1665 / 2779 (59.9%): 	 LOSS:65.845191956 	 lr: 0.005681818 	 teaching_rate: 0.432142450 
2220 / 2779 (79.9%): 	 LOSS:73.634826660 	 lr: 0.005681818 	 teaching_rate: 0.432142450 
2775 / 2779 (99.9%): 	 LOSS:69.722808838 	 lr: 0.005681818 	 teaching_rate: 0.432142450 

===============================| start validation |===============================

	 LOSS:148.6824646  Avg_ACC: 50.54761505126953
   ini file updated    
 delta increast to 1.000000

===============================|    epoch 121   |===============================

  0 / 2779 (0.0%): 	 LOSS:68.324211121 	 lr: 0.005635435 	 teaching_rate: 0.429128016 
555 / 2779 (20.0%): 	 LOSS:66.426803589 	 lr: 0.005635435 	 teaching_rate: 0.429128016 
1110 / 2779 (39.9%): 	 LOSS:65.864936829 	 lr: 0.005635435 	 teaching_rate: 0.429128016 
1665 / 2779 (59.9%): 	 LOSS:72.609680176 	 lr: 0.005635435 	 teaching_rate: 0.429128016 
2220 / 2779 (79.9%): 	 LOSS:66.435661316 	 lr: 0.005635435 	 teaching_rate: 0.429128016 
2775 / 2779 (99.9%): 	 LOSS:58.756828308 	 lr: 0.005635435 	 teaching_rate: 0.429128016 

===============================|    epoch 122   |===============================

  0 / 2779 (0.0%): 	 LOSS:67.997825623 	 lr: 0.005590170 	 teaching_rate: 0.426134609 
555 / 2779 (20.0%): 	 LOSS:52.806358337 	 lr: 0.005590170 	 teaching_rate: 0.426134609 
1110 / 2779 (39.9%): 	 LOSS:56.431304932 	 lr: 0.005590170 	 teaching_rate: 0.426134609 
1665 / 2779 (59.9%): 	 LOSS:71.630805969 	 lr: 0.005590170 	 teaching_rate: 0.426134609 
2220 / 2779 (79.9%): 	 LOSS:66.918327332 	 lr: 0.005590170 	 teaching_rate: 0.426134609 
2775 / 2779 (99.9%): 	 LOSS:69.982208252 	 lr: 0.005590170 	 teaching_rate: 0.426134609 

===============================|    epoch 123   |===============================

  0 / 2779 (0.0%): 	 LOSS:78.177604675 	 lr: 0.005545978 	 teaching_rate: 0.423162082 
555 / 2779 (20.0%): 	 LOSS:68.246055603 	 lr: 0.005545978 	 teaching_rate: 0.423162082 
1110 / 2779 (39.9%): 	 LOSS:66.143325806 	 lr: 0.005545978 	 teaching_rate: 0.423162082 
1665 / 2779 (59.9%): 	 LOSS:60.226463318 	 lr: 0.005545978 	 teaching_rate: 0.423162082 
2220 / 2779 (79.9%): 	 LOSS:66.610946655 	 lr: 0.005545978 	 teaching_rate: 0.423162082 
2775 / 2779 (99.9%): 	 LOSS:68.721923828 	 lr: 0.005545978 	 teaching_rate: 0.423162082 

===============================|    epoch 124   |===============================

  0 / 2779 (0.0%): 	 LOSS:62.450080872 	 lr: 0.005502818 	 teaching_rate: 0.420210291 
555 / 2779 (20.0%): 	 LOSS:67.357795715 	 lr: 0.005502818 	 teaching_rate: 0.420210291 
1110 / 2779 (39.9%): 	 LOSS:70.473434448 	 lr: 0.005502818 	 teaching_rate: 0.420210291 
1665 / 2779 (59.9%): 	 LOSS:70.500839233 	 lr: 0.005502818 	 teaching_rate: 0.420210291 
2220 / 2779 (79.9%): 	 LOSS:62.444766998 	 lr: 0.005502818 	 teaching_rate: 0.420210291 
2775 / 2779 (99.9%): 	 LOSS:72.806404114 	 lr: 0.005502818 	 teaching_rate: 0.420210291 

===============================|    epoch 125   |===============================

  0 / 2779 (0.0%): 	 LOSS:75.727485657 	 lr: 0.005460650 	 teaching_rate: 0.417279090 
555 / 2779 (20.0%): 	 LOSS:63.871501923 	 lr: 0.005460650 	 teaching_rate: 0.417279090 
1110 / 2779 (39.9%): 	 LOSS:71.804191589 	 lr: 0.005460650 	 teaching_rate: 0.417279090 
1665 / 2779 (59.9%): 	 LOSS:58.772026062 	 lr: 0.005460650 	 teaching_rate: 0.417279090 
2220 / 2779 (79.9%): 	 LOSS:71.809608459 	 lr: 0.005460650 	 teaching_rate: 0.417279090 
2775 / 2779 (99.9%): 	 LOSS:68.482841492 	 lr: 0.005460650 	 teaching_rate: 0.417279090 

===============================|    epoch 126   |===============================

  0 / 2779 (0.0%): 	 LOSS:63.746978760 	 lr: 0.005419437 	 teaching_rate: 0.414368336 
555 / 2779 (20.0%): 	 LOSS:64.399574280 	 lr: 0.005419437 	 teaching_rate: 0.414368336 
1110 / 2779 (39.9%): 	 LOSS:66.188438416 	 lr: 0.005419437 	 teaching_rate: 0.414368336 
1665 / 2779 (59.9%): 	 LOSS:71.960700989 	 lr: 0.005419437 	 teaching_rate: 0.414368336 
2220 / 2779 (79.9%): 	 LOSS:71.210815430 	 lr: 0.005419437 	 teaching_rate: 0.414368336 
2775 / 2779 (99.9%): 	 LOSS:71.149116516 	 lr: 0.005419437 	 teaching_rate: 0.414368336 

===============================|    epoch 127   |===============================

  0 / 2779 (0.0%): 	 LOSS:72.584083557 	 lr: 0.005379144 	 teaching_rate: 0.411477886 
555 / 2779 (20.0%): 	 LOSS:72.259933472 	 lr: 0.005379144 	 teaching_rate: 0.411477886 
1110 / 2779 (39.9%): 	 LOSS:76.355438232 	 lr: 0.005379144 	 teaching_rate: 0.411477886 
1665 / 2779 (59.9%): 	 LOSS:65.343704224 	 lr: 0.005379144 	 teaching_rate: 0.411477886 
2220 / 2779 (79.9%): 	 LOSS:71.423980713 	 lr: 0.005379144 	 teaching_rate: 0.411477886 
2775 / 2779 (99.9%): 	 LOSS:73.099739075 	 lr: 0.005379144 	 teaching_rate: 0.411477886 

===============================|    epoch 128   |===============================

  0 / 2779 (0.0%): 	 LOSS:74.340339661 	 lr: 0.005339735 	 teaching_rate: 0.408607599 
555 / 2779 (20.0%): 	 LOSS:72.655616760 	 lr: 0.005339735 	 teaching_rate: 0.408607599 
1110 / 2779 (39.9%): 	 LOSS:72.282424927 	 lr: 0.005339735 	 teaching_rate: 0.408607599 
1665 / 2779 (59.9%): 	 LOSS:60.439155579 	 lr: 0.005339735 	 teaching_rate: 0.408607599 
2220 / 2779 (79.9%): 	 LOSS:70.744232178 	 lr: 0.005339735 	 teaching_rate: 0.408607599 
2775 / 2779 (99.9%): 	 LOSS:65.919860840 	 lr: 0.005339735 	 teaching_rate: 0.408607599 

===============================|    epoch 129   |===============================

  0 / 2779 (0.0%): 	 LOSS:66.190307617 	 lr: 0.005301181 	 teaching_rate: 0.405757333 
555 / 2779 (20.0%): 	 LOSS:67.712181091 	 lr: 0.005301181 	 teaching_rate: 0.405757333 
1110 / 2779 (39.9%): 	 LOSS:71.601631165 	 lr: 0.005301181 	 teaching_rate: 0.405757333 
1665 / 2779 (59.9%): 	 LOSS:68.143241882 	 lr: 0.005301181 	 teaching_rate: 0.405757333 
2220 / 2779 (79.9%): 	 LOSS:71.486465454 	 lr: 0.005301181 	 teaching_rate: 0.405757333 
2775 / 2779 (99.9%): 	 LOSS:69.168350220 	 lr: 0.005301181 	 teaching_rate: 0.405757333 

===============================|    epoch 130   |===============================

  0 / 2779 (0.0%): 	 LOSS:69.148376465 	 lr: 0.005263450 	 teaching_rate: 0.402926950 
555 / 2779 (20.0%): 	 LOSS:79.692817688 	 lr: 0.005263450 	 teaching_rate: 0.402926950 
1110 / 2779 (39.9%): 	 LOSS:72.970634460 	 lr: 0.005263450 	 teaching_rate: 0.402926950 
1665 / 2779 (59.9%): 	 LOSS:69.180473328 	 lr: 0.005263450 	 teaching_rate: 0.402926950 
2220 / 2779 (79.9%): 	 LOSS:64.932312012 	 lr: 0.005263450 	 teaching_rate: 0.402926950 
2775 / 2779 (99.9%): 	 LOSS:67.998054504 	 lr: 0.005263450 	 teaching_rate: 0.402926950 

===============================| start validation |===============================

	 LOSS:146.8736725  Avg_ACC: 51.353397369384766
   ini file updated    
Snapshot saved to /data/users/wergillius/UTR_VAE/pth/LSTM_AE_mask/setting10/mask_st10_LonTeach-model_best.pth

   ini file updated    

===============================|    epoch 131   |===============================

  0 / 2779 (0.0%): 	 LOSS:65.131019592 	 lr: 0.005226513 	 teaching_rate: 0.400116310 
555 / 2779 (20.0%): 	 LOSS:66.581169128 	 lr: 0.005226513 	 teaching_rate: 0.400116310 
1110 / 2779 (39.9%): 	 LOSS:72.835136414 	 lr: 0.005226513 	 teaching_rate: 0.400116310 
1665 / 2779 (59.9%): 	 LOSS:79.371070862 	 lr: 0.005226513 	 teaching_rate: 0.400116310 
2220 / 2779 (79.9%): 	 LOSS:69.062553406 	 lr: 0.005226513 	 teaching_rate: 0.400116310 
2775 / 2779 (99.9%): 	 LOSS:73.339584351 	 lr: 0.005226513 	 teaching_rate: 0.400116310 

===============================|    epoch 132   |===============================

  0 / 2779 (0.0%): 	 LOSS:60.718566895 	 lr: 0.005190342 	 teaching_rate: 0.397325276 
555 / 2779 (20.0%): 	 LOSS:64.311187744 	 lr: 0.005190342 	 teaching_rate: 0.397325276 
1110 / 2779 (39.9%): 	 LOSS:64.744476318 	 lr: 0.005190342 	 teaching_rate: 0.397325276 
1665 / 2779 (59.9%): 	 LOSS:74.960487366 	 lr: 0.005190342 	 teaching_rate: 0.397325276 
2220 / 2779 (79.9%): 	 LOSS:64.943817139 	 lr: 0.005190342 	 teaching_rate: 0.397325276 
2775 / 2779 (99.9%): 	 LOSS:71.033271790 	 lr: 0.005190342 	 teaching_rate: 0.397325276 

===============================|    epoch 133   |===============================

  0 / 2779 (0.0%): 	 LOSS:72.837760925 	 lr: 0.005154913 	 teaching_rate: 0.394553710 
555 / 2779 (20.0%): 	 LOSS:76.674018860 	 lr: 0.005154913 	 teaching_rate: 0.394553710 
1110 / 2779 (39.9%): 	 LOSS:64.663482666 	 lr: 0.005154913 	 teaching_rate: 0.394553710 
1665 / 2779 (59.9%): 	 LOSS:65.272560120 	 lr: 0.005154913 	 teaching_rate: 0.394553710 
2220 / 2779 (79.9%): 	 LOSS:61.463840485 	 lr: 0.005154913 	 teaching_rate: 0.394553710 
2775 / 2779 (99.9%): 	 LOSS:70.602676392 	 lr: 0.005154913 	 teaching_rate: 0.394553710 

===============================|    epoch 134   |===============================

  0 / 2779 (0.0%): 	 LOSS:62.263774872 	 lr: 0.005120200 	 teaching_rate: 0.391801478 
555 / 2779 (20.0%): 	 LOSS:64.060729980 	 lr: 0.005120200 	 teaching_rate: 0.391801478 
1110 / 2779 (39.9%): 	 LOSS:68.612586975 	 lr: 0.005120200 	 teaching_rate: 0.391801478 
1665 / 2779 (59.9%): 	 LOSS:77.453498840 	 lr: 0.005120200 	 teaching_rate: 0.391801478 
2220 / 2779 (79.9%): 	 LOSS:67.391876221 	 lr: 0.005120200 	 teaching_rate: 0.391801478 
2775 / 2779 (99.9%): 	 LOSS:66.879470825 	 lr: 0.005120200 	 teaching_rate: 0.391801478 

===============================|    epoch 135   |===============================

  0 / 2779 (0.0%): 	 LOSS:65.494873047 	 lr: 0.005086178 	 teaching_rate: 0.389068445 
555 / 2779 (20.0%): 	 LOSS:66.755615234 	 lr: 0.005086178 	 teaching_rate: 0.389068445 
1110 / 2779 (39.9%): 	 LOSS:64.904434204 	 lr: 0.005086178 	 teaching_rate: 0.389068445 
1665 / 2779 (59.9%): 	 LOSS:67.685600281 	 lr: 0.005086178 	 teaching_rate: 0.389068445 
2220 / 2779 (79.9%): 	 LOSS:67.806724548 	 lr: 0.005086178 	 teaching_rate: 0.389068445 
2775 / 2779 (99.9%): 	 LOSS:61.272792816 	 lr: 0.005086178 	 teaching_rate: 0.389068445 

===============================|    epoch 136   |===============================

  0 / 2779 (0.0%): 	 LOSS:60.978954315 	 lr: 0.005052826 	 teaching_rate: 0.386354476 
555 / 2779 (20.0%): 	 LOSS:66.645538330 	 lr: 0.005052826 	 teaching_rate: 0.386354476 
1110 / 2779 (39.9%): 	 LOSS:72.881690979 	 lr: 0.005052826 	 teaching_rate: 0.386354476 
1665 / 2779 (59.9%): 	 LOSS:72.410964966 	 lr: 0.005052826 	 teaching_rate: 0.386354476 
2220 / 2779 (79.9%): 	 LOSS:67.406669617 	 lr: 0.005052826 	 teaching_rate: 0.386354476 
2775 / 2779 (99.9%): 	 LOSS:74.870292664 	 lr: 0.005052826 	 teaching_rate: 0.386354476 

===============================|    epoch 137   |===============================

  0 / 2779 (0.0%): 	 LOSS:63.992027283 	 lr: 0.005020121 	 teaching_rate: 0.383659438 
555 / 2779 (20.0%): 	 LOSS:67.391586304 	 lr: 0.005020121 	 teaching_rate: 0.383659438 
1110 / 2779 (39.9%): 	 LOSS:76.611099243 	 lr: 0.005020121 	 teaching_rate: 0.383659438 
1665 / 2779 (59.9%): 	 LOSS:80.400283813 	 lr: 0.005020121 	 teaching_rate: 0.383659438 
2220 / 2779 (79.9%): 	 LOSS:73.679214478 	 lr: 0.005020121 	 teaching_rate: 0.383659438 
2775 / 2779 (99.9%): 	 LOSS:69.200202942 	 lr: 0.005020121 	 teaching_rate: 0.383659438 

===============================|    epoch 138   |===============================

  0 / 2779 (0.0%): 	 LOSS:78.230644226 	 lr: 0.004988043 	 teaching_rate: 0.380983200 
555 / 2779 (20.0%): 	 LOSS:65.412666321 	 lr: 0.004988043 	 teaching_rate: 0.380983200 
1110 / 2779 (39.9%): 	 LOSS:75.191871643 	 lr: 0.004988043 	 teaching_rate: 0.380983200 
1665 / 2779 (59.9%): 	 LOSS:68.613952637 	 lr: 0.004988043 	 teaching_rate: 0.380983200 
2220 / 2779 (79.9%): 	 LOSS:72.663955688 	 lr: 0.004988043 	 teaching_rate: 0.380983200 
2775 / 2779 (99.9%): 	 LOSS:72.282196045 	 lr: 0.004988043 	 teaching_rate: 0.380983200 

===============================|    epoch 139   |===============================

  0 / 2779 (0.0%): 	 LOSS:71.381553650 	 lr: 0.004956572 	 teaching_rate: 0.378325630 
555 / 2779 (20.0%): 	 LOSS:67.839408875 	 lr: 0.004956572 	 teaching_rate: 0.378325630 
1110 / 2779 (39.9%): 	 LOSS:60.941734314 	 lr: 0.004956572 	 teaching_rate: 0.378325630 
1665 / 2779 (59.9%): 	 LOSS:65.504661560 	 lr: 0.004956572 	 teaching_rate: 0.378325630 
