2021-08-21 11:25:45,896 - 
===============================|    epoch 0   |===============================

2021-08-21 11:25:46,322 -     0 /   301 (0.0%):	 Total:0.7587030	 m_precision:0.0000000	 m_recall:0.0000000	 m_f1-score:0.0000000	 m_support:12.0000000	 Mean_Total:0.7587030
2021-08-21 11:25:47,439 -    60 /   301 (19.9%):	 Total:0.9220786	 m_precision:0.3750000	 m_recall:0.5000000	 m_f1-score:0.4285714	 m_support:12.0000000	 Mean_Total:0.7150613
2021-08-21 11:25:48,530 -   120 /   301 (39.9%):	 Total:0.8428428	 m_precision:0.3750000	 m_recall:0.5000000	 m_f1-score:0.4285714	 m_support:12.0000000	 Mean_Total:0.7056278
2021-08-21 11:25:49,674 -   180 /   301 (59.8%):	 Total:0.3261949	 m_precision:1.0000000	 m_recall:1.0000000	 m_f1-score:1.0000000	 m_support:12.0000000	 Mean_Total:0.6986422
2021-08-21 11:25:50,889 -   240 /   301 (79.7%):	 Total:0.4730436	 m_precision:0.4583333	 m_recall:0.5000000	 m_f1-score:0.4782609	 m_support:12.0000000	 Mean_Total:0.6961795
2021-08-21 11:25:51,995 -   300 /   301 (99.7%):	 Total:1.1511573	 m_precision:0.3125000	 m_recall:0.5000000	 m_f1-score:0.3846154	 m_support:8.0000000	 Mean_Total:0.6907079
2021-08-21 11:25:53,303 - 
===============================| start validation |===============================

2021-08-21 11:25:53,304 - 	 Total:0.6466637	 m_precision:0.5095137	 m_recall:0.5813953	 m_f1-score:0.5406469	 m_support:11.9767442
2021-08-21 11:25:53,310 -    ini file updated    
2021-08-21 11:25:53,374 - Snapshot saved to /data/users/wergillius/UTR_VAE/pth/MLP_down_MTL/tune_hidden_size/h50-model_best.pth

2021-08-21 11:25:53,375 -    ini file updated    
2021-08-21 11:25:53,375 - 
===============================|    epoch 1   |===============================

2021-08-21 11:25:53,852 -     0 /   301 (0.0%):	 Total:0.6793753	 m_precision:0.4166667	 m_recall:0.5000000	 m_f1-score:0.4545455	 m_support:12.0000000	 Mean_Total:0.6793753
2021-08-21 11:25:55,054 -    60 /   301 (19.9%):	 Total:0.6506371	 m_precision:0.4166667	 m_recall:0.5000000	 m_f1-score:0.4545455	 m_support:12.0000000	 Mean_Total:0.6615931
2021-08-21 11:25:56,140 -   120 /   301 (39.9%):	 Total:0.8016734	 m_precision:0.4166667	 m_recall:0.5000000	 m_f1-score:0.4545455	 m_support:12.0000000	 Mean_Total:0.6957331
2021-08-21 11:25:57,358 -   180 /   301 (59.8%):	 Total:0.8824112	 m_precision:0.3750000	 m_recall:0.5000000	 m_f1-score:0.4285714	 m_support:12.0000000	 Mean_Total:0.6863681
2021-08-21 11:25:58,654 -   240 /   301 (79.7%):	 Total:0.6125750	 m_precision:0.4166667	 m_recall:0.5000000	 m_f1-score:0.4545455	 m_support:12.0000000	 Mean_Total:0.6820047
2021-08-21 11:25:59,793 -   300 /   301 (99.7%):	 Total:0.2639478	 m_precision:1.0000000	 m_recall:1.0000000	 m_f1-score:1.0000000	 m_support:8.0000000	 Mean_Total:0.6629060
2021-08-21 11:26:01,282 - 
===============================| start validation |===============================

2021-08-21 11:26:01,285 - 	 Total:0.6439784	 m_precision:0.4861698	 m_recall:0.5581395	 m_f1-score:0.5183129	 m_support:11.9767442
2021-08-21 11:26:01,290 -    ini file updated    
2021-08-21 11:26:01,347 - Snapshot saved to /data/users/wergillius/UTR_VAE/pth/MLP_down_MTL/tune_hidden_size/h50-model_best.pth

2021-08-21 11:26:01,348 -    ini file updated    
2021-08-21 11:26:01,348 - 
===============================|    epoch 2   |===============================

2021-08-21 11:26:01,836 -     0 /   301 (0.0%):	 Total:0.7023011	 m_precision:0.4166667	 m_recall:0.5000000	 m_f1-score:0.4545455	 m_support:12.0000000	 Mean_Total:0.7023011
2021-08-21 11:26:03,119 -    60 /   301 (19.9%):	 Total:0.7546722	 m_precision:0.4166667	 m_recall:0.5000000	 m_f1-score:0.4545455	 m_support:12.0000000	 Mean_Total:0.6450452
2021-08-21 11:26:04,512 -   120 /   301 (39.9%):	 Total:0.5913206	 m_precision:0.4583333	 m_recall:0.5000000	 m_f1-score:0.4782609	 m_support:12.0000000	 Mean_Total:0.6424908
2021-08-21 11:26:05,861 -   180 /   301 (59.8%):	 Total:0.6109403	 m_precision:0.4166667	 m_recall:0.5000000	 m_f1-score:0.4545455	 m_support:12.0000000	 Mean_Total:0.6520032
2021-08-21 11:26:07,007 -   240 /   301 (79.7%):	 Total:0.7692254	 m_precision:0.3750000	 m_recall:0.5000000	 m_f1-score:0.4285714	 m_support:12.0000000	 Mean_Total:0.6477171
2021-08-21 11:26:08,373 -   300 /   301 (99.7%):	 Total:0.9878329	 m_precision:0.3125000	 m_recall:0.5000000	 m_f1-score:0.3846154	 m_support:8.0000000	 Mean_Total:0.6538278
2021-08-21 11:26:09,918 - 
===============================| start validation |===============================

2021-08-21 11:26:09,919 - 	 Total:0.6484348	 m_precision:0.5095137	 m_recall:0.5813953	 m_f1-score:0.5409544	 m_support:11.9767442
2021-08-21 11:26:09,922 -    ini file updated    
2021-08-21 11:26:09,963 - Snapshot saved to /data/users/wergillius/UTR_VAE/pth/MLP_down_MTL/tune_hidden_size/h50-model_best.pth

2021-08-21 11:26:09,963 -    ini file updated    
2021-08-21 11:26:09,963 - 
===============================|    epoch 3   |===============================

2021-08-21 11:26:10,465 -     0 /   301 (0.0%):	 Total:0.7311696	 m_precision:0.3750000	 m_recall:0.5000000	 m_f1-score:0.4285714	 m_support:12.0000000	 Mean_Total:0.7311696
2021-08-21 11:26:11,714 -    60 /   301 (19.9%):	 Total:0.9677304	 m_precision:0.3333333	 m_recall:0.5000000	 m_f1-score:0.4000000	 m_support:12.0000000	 Mean_Total:0.6577840
2021-08-21 11:26:13,047 -   120 /   301 (39.9%):	 Total:0.9419584	 m_precision:0.3333333	 m_recall:0.5000000	 m_f1-score:0.4000000	 m_support:12.0000000	 Mean_Total:0.6435244
2021-08-21 11:26:14,386 -   180 /   301 (59.8%):	 Total:0.3362464	 m_precision:1.0000000	 m_recall:1.0000000	 m_f1-score:1.0000000	 m_support:12.0000000	 Mean_Total:0.6503620
2021-08-21 11:26:15,687 -   240 /   301 (79.7%):	 Total:0.8896683	 m_precision:0.3750000	 m_recall:0.5000000	 m_f1-score:0.4285714	 m_support:12.0000000	 Mean_Total:0.6414654
2021-08-21 11:26:16,912 -   300 /   301 (99.7%):	 Total:0.5806988	 m_precision:0.4375000	 m_recall:0.5000000	 m_f1-score:0.4666667	 m_support:8.0000000	 Mean_Total:0.6430031
2021-08-21 11:26:18,332 - 
===============================| start validation |===============================

2021-08-21 11:26:18,333 - 	 Total:0.6476414	 m_precision:0.4979739	 m_recall:0.5697674	 m_f1-score:0.5293598	 m_support:11.9767442
2021-08-21 11:26:18,336 -    ini file updated    
2021-08-21 11:26:18,337 - 
===============================|    epoch 4   |===============================

2021-08-21 11:26:18,859 -     0 /   301 (0.0%):	 Total:0.9271115	 m_precision:0.3333333	 m_recall:0.5000000	 m_f1-score:0.4000000	 m_support:12.0000000	 Mean_Total:0.9271115
2021-08-21 11:26:20,113 -    60 /   301 (19.9%):	 Total:0.3214509	 m_precision:1.0000000	 m_recall:1.0000000	 m_f1-score:1.0000000	 m_support:12.0000000	 Mean_Total:0.6342480
2021-08-21 11:26:21,333 -   120 /   301 (39.9%):	 Total:0.6002349	 m_precision:0.4166667	 m_recall:0.5000000	 m_f1-score:0.4545455	 m_support:12.0000000	 Mean_Total:0.6367160
2021-08-21 11:26:22,678 -   180 /   301 (59.8%):	 Total:0.4762535	 m_precision:0.4583333	 m_recall:0.5000000	 m_f1-score:0.4782609	 m_support:12.0000000	 Mean_Total:0.6446574
2021-08-21 11:26:23,916 -   240 /   301 (79.7%):	 Total:0.2893884	 m_precision:1.0000000	 m_recall:1.0000000	 m_f1-score:1.0000000	 m_support:12.0000000	 Mean_Total:0.6371704
2021-08-21 11:26:25,106 -   300 /   301 (99.7%):	 Total:0.7764955	 m_precision:0.3750000	 m_recall:0.5000000	 m_f1-score:0.4285714	 m_support:8.0000000	 Mean_Total:0.6350888
2021-08-21 11:26:26,714 - 
===============================| start validation |===============================

2021-08-21 11:26:26,716 - 	 Total:0.6442956	 m_precision:0.5327696	 m_recall:0.6046512	 m_f1-score:0.5644394	 m_support:11.9767442
2021-08-21 11:26:26,720 -    ini file updated    
2021-08-21 11:26:26,765 - Snapshot saved to /data/users/wergillius/UTR_VAE/pth/MLP_down_MTL/tune_hidden_size/h50-model_best.pth

2021-08-21 11:26:26,766 -    ini file updated    
2021-08-21 11:26:26,766 - 
===============================|    epoch 5   |===============================

2021-08-21 11:26:27,343 -     0 /   301 (0.0%):	 Total:0.5258356	 m_precision:0.4583333	 m_recall:0.5000000	 m_f1-score:0.4782609	 m_support:12.0000000	 Mean_Total:0.5258356
2021-08-21 11:26:28,632 -    60 /   301 (19.9%):	 Total:0.5188745	 m_precision:0.4583333	 m_recall:0.5000000	 m_f1-score:0.4782609	 m_support:12.0000000	 Mean_Total:0.6326612
2021-08-21 11:26:29,885 -   120 /   301 (39.9%):	 Total:0.4150673	 m_precision:0.4583333	 m_recall:0.5000000	 m_f1-score:0.4782609	 m_support:12.0000000	 Mean_Total:0.6225446
2021-08-21 11:26:31,059 -   180 /   301 (59.8%):	 Total:0.6634238	 m_precision:0.4166667	 m_recall:0.5000000	 m_f1-score:0.4545455	 m_support:12.0000000	 Mean_Total:0.6201470
2021-08-21 11:26:32,311 -   240 /   301 (79.7%):	 Total:0.8776774	 m_precision:0.3750000	 m_recall:0.5000000	 m_f1-score:0.4285714	 m_support:12.0000000	 Mean_Total:0.6274959
2021-08-21 11:26:33,583 -   300 /   301 (99.7%):	 Total:0.7841383	 m_precision:0.3750000	 m_recall:0.5000000	 m_f1-score:0.4285714	 m_support:8.0000000	 Mean_Total:0.6309675
2021-08-21 11:26:35,118 - 
===============================| start validation |===============================

2021-08-21 11:26:35,119 - 	 Total:0.6429597	 m_precision:0.4862579	 m_recall:0.5581395	 m_f1-score:0.5183821	 m_support:11.9767442
2021-08-21 11:26:35,122 -    ini file updated    
2021-08-21 11:26:35,163 - Snapshot saved to /data/users/wergillius/UTR_VAE/pth/MLP_down_MTL/tune_hidden_size/h50-model_best.pth

2021-08-21 11:26:35,164 -    ini file updated    
2021-08-21 11:26:35,164 - 
===============================|    epoch 6   |===============================

2021-08-21 11:26:35,596 -     0 /   301 (0.0%):	 Total:0.8303288	 m_precision:0.3750000	 m_recall:0.5000000	 m_f1-score:0.4285714	 m_support:12.0000000	 Mean_Total:0.8303288
2021-08-21 11:26:36,804 -    60 /   301 (19.9%):	 Total:0.4969282	 m_precision:0.4545455	 m_recall:0.4545455	 m_f1-score:0.4545455	 m_support:12.0000000	 Mean_Total:0.6129570
2021-08-21 11:26:38,193 -   120 /   301 (39.9%):	 Total:0.6488860	 m_precision:0.4166667	 m_recall:0.5000000	 m_f1-score:0.4545455	 m_support:12.0000000	 Mean_Total:0.6186901
2021-08-21 11:26:39,504 -   180 /   301 (59.8%):	 Total:0.7408795	 m_precision:0.3750000	 m_recall:0.5000000	 m_f1-score:0.4285714	 m_support:12.0000000	 Mean_Total:0.6258661
2021-08-21 11:26:40,833 -   240 /   301 (79.7%):	 Total:0.6680651	 m_precision:0.4166667	 m_recall:0.5000000	 m_f1-score:0.4545455	 m_support:12.0000000	 Mean_Total:0.6195533
2021-08-21 11:26:42,014 -   300 /   301 (99.7%):	 Total:0.3344167	 m_precision:1.0000000	 m_recall:1.0000000	 m_f1-score:1.0000000	 m_support:8.0000000	 Mean_Total:0.6205102
2021-08-21 11:26:43,455 - 
===============================| start validation |===============================

2021-08-21 11:26:43,456 - 	 Total:0.6408057	 m_precision:0.5179352	 m_recall:0.5647874	 m_f1-score:0.5356764	 m_support:11.9767442
2021-08-21 11:26:43,461 -    ini file updated    
2021-08-21 11:26:43,517 - Snapshot saved to /data/users/wergillius/UTR_VAE/pth/MLP_down_MTL/tune_hidden_size/h50-model_best.pth

2021-08-21 11:26:43,518 -    ini file updated    
2021-08-21 11:26:43,518 - 
===============================|    epoch 7   |===============================

2021-08-21 11:26:43,951 -     0 /   301 (0.0%):	 Total:0.7225780	 m_precision:0.3750000	 m_recall:0.5000000	 m_f1-score:0.4285714	 m_support:12.0000000	 Mean_Total:0.7225780
2021-08-21 11:26:45,147 -    60 /   301 (19.9%):	 Total:0.7915632	 m_precision:0.3750000	 m_recall:0.5000000	 m_f1-score:0.4285714	 m_support:12.0000000	 Mean_Total:0.6131686
2021-08-21 11:26:46,444 -   120 /   301 (39.9%):	 Total:0.8535997	 m_precision:0.3333333	 m_recall:0.5000000	 m_f1-score:0.4000000	 m_support:12.0000000	 Mean_Total:0.6265527
2021-08-21 11:26:47,792 -   180 /   301 (59.8%):	 Total:1.0574144	 m_precision:0.3333333	 m_recall:0.5000000	 m_f1-score:0.4000000	 m_support:12.0000000	 Mean_Total:0.6179527
2021-08-21 11:26:49,003 -   240 /   301 (79.7%):	 Total:0.3371109	 m_precision:1.0000000	 m_recall:1.0000000	 m_f1-score:1.0000000	 m_support:12.0000000	 Mean_Total:0.6225079
2021-08-21 11:26:50,160 -   300 /   301 (99.7%):	 Total:0.2501052	 m_precision:1.0000000	 m_recall:1.0000000	 m_f1-score:1.0000000	 m_support:8.0000000	 Mean_Total:0.6125311
2021-08-21 11:26:51,463 - 
===============================| start validation |===============================

2021-08-21 11:26:51,464 - 	 Total:0.6433704	 m_precision:0.5334743	 m_recall:0.6021964	 m_f1-score:0.5636547	 m_support:11.9767442
2021-08-21 11:26:51,467 -    ini file updated    
2021-08-21 11:26:51,467 - 
===============================|    epoch 8   |===============================

2021-08-21 11:26:51,837 -     0 /   301 (0.0%):	 Total:0.2622856	 m_precision:1.0000000	 m_recall:1.0000000	 m_f1-score:1.0000000	 m_support:12.0000000	 Mean_Total:0.2622856
2021-08-21 11:26:52,935 -    60 /   301 (19.9%):	 Total:0.4824830	 m_precision:0.9545455	 m_recall:0.7500000	 m_f1-score:0.8095238	 m_support:12.0000000	 Mean_Total:0.5985848
2021-08-21 11:26:54,163 -   120 /   301 (39.9%):	 Total:0.6504211	 m_precision:0.4166667	 m_recall:0.5000000	 m_f1-score:0.4545455	 m_support:12.0000000	 Mean_Total:0.5909541
2021-08-21 11:26:55,386 -   180 /   301 (59.8%):	 Total:0.6727239	 m_precision:0.9090909	 m_recall:0.6666667	 m_f1-score:0.7000000	 m_support:12.0000000	 Mean_Total:0.6023973
2021-08-21 11:26:56,621 -   240 /   301 (79.7%):	 Total:0.3169837	 m_precision:1.0000000	 m_recall:1.0000000	 m_f1-score:1.0000000	 m_support:12.0000000	 Mean_Total:0.6052125
2021-08-21 11:26:57,735 -   300 /   301 (99.7%):	 Total:0.8857428	 m_precision:0.3750000	 m_recall:0.5000000	 m_f1-score:0.4285714	 m_support:8.0000000	 Mean_Total:0.6087406
2021-08-21 11:26:59,147 - 
===============================| start validation |===============================

2021-08-21 11:26:59,149 - 	 Total:0.6430355	 m_precision:0.4936927	 m_recall:0.5364693	 m_f1-score:0.5093347	 m_support:11.9767442
2021-08-21 11:26:59,154 -    ini file updated    
2021-08-21 11:26:59,155 - 
===============================|    epoch 9   |===============================

2021-08-21 11:26:59,553 -     0 /   301 (0.0%):	 Total:0.5190769	 m_precision:0.9545455	 m_recall:0.7500000	 m_f1-score:0.8095238	 m_support:12.0000000	 Mean_Total:0.5190769
2021-08-21 11:27:00,705 -    60 /   301 (19.9%):	 Total:0.7199076	 m_precision:0.4166667	 m_recall:0.5000000	 m_f1-score:0.4545455	 m_support:12.0000000	 Mean_Total:0.6349640
2021-08-21 11:27:01,891 -   120 /   301 (39.9%):	 Total:0.3708192	 m_precision:1.0000000	 m_recall:1.0000000	 m_f1-score:1.0000000	 m_support:12.0000000	 Mean_Total:0.6341755
2021-08-21 11:27:03,083 -   180 /   301 (59.8%):	 Total:0.4082596	 m_precision:0.4583333	 m_recall:0.5000000	 m_f1-score:0.4782609	 m_support:12.0000000	 Mean_Total:0.6228267
2021-08-21 11:27:04,226 -   240 /   301 (79.7%):	 Total:0.5193059	 m_precision:0.4583333	 m_recall:0.5000000	 m_f1-score:0.4782609	 m_support:12.0000000	 Mean_Total:0.6014353
2021-08-21 11:27:05,325 -   300 /   301 (99.7%):	 Total:1.1914017	 m_precision:0.3125000	 m_recall:0.5000000	 m_f1-score:0.3846154	 m_support:8.0000000	 Mean_Total:0.5982306
2021-08-21 11:27:06,689 - 
===============================| start validation |===============================

2021-08-21 11:27:06,690 - 	 Total:0.6486311	 m_precision:0.5047040	 m_recall:0.5557942	 m_f1-score:0.5253238	 m_support:11.9767442
2021-08-21 11:27:06,693 -    ini file updated    
2021-08-21 11:27:06,693 - 
===============================|    epoch 10   |===============================

2021-08-21 11:27:07,074 -     0 /   301 (0.0%):	 Total:1.1926392	 m_precision:0.3333333	 m_recall:0.5000000	 m_f1-score:0.4000000	 m_support:12.0000000	 Mean_Total:1.1926392
2021-08-21 11:27:08,300 -    60 /   301 (19.9%):	 Total:0.9924569	 m_precision:0.3750000	 m_recall:0.5000000	 m_f1-score:0.4285714	 m_support:12.0000000	 Mean_Total:0.6172475
2021-08-21 11:27:09,472 -   120 /   301 (39.9%):	 Total:0.7970263	 m_precision:0.6500000	 m_recall:0.6111111	 m_f1-score:0.6210526	 m_support:12.0000000	 Mean_Total:0.6272089
2021-08-21 11:27:10,618 -   180 /   301 (59.8%):	 Total:0.7689676	 m_precision:0.3636364	 m_recall:0.4444444	 m_f1-score:0.4000000	 m_support:12.0000000	 Mean_Total:0.6151191
2021-08-21 11:27:11,728 -   240 /   301 (79.7%):	 Total:0.7844306	 m_precision:0.3750000	 m_recall:0.5000000	 m_f1-score:0.4285714	 m_support:12.0000000	 Mean_Total:0.6039770
2021-08-21 11:27:12,853 -   300 /   301 (99.7%):	 Total:0.4877397	 m_precision:0.4375000	 m_recall:0.5000000	 m_f1-score:0.4666667	 m_support:8.0000000	 Mean_Total:0.5917163
2021-08-21 11:27:14,230 - 
===============================| start validation |===============================

2021-08-21 11:27:14,231 - 	 Total:0.6496332	 m_precision:0.5461064	 m_recall:0.5837746	 m_f1-score:0.5550443	 m_support:11.9767442
2021-08-21 11:27:14,234 -    ini file updated    
2021-08-21 11:27:14,234 - 
===============================|    epoch 11   |===============================

2021-08-21 11:27:14,613 -     0 /   301 (0.0%):	 Total:0.9557645	 m_precision:0.3333333	 m_recall:0.5000000	 m_f1-score:0.4000000	 m_support:12.0000000	 Mean_Total:0.9557645
2021-08-21 11:27:15,834 -    60 /   301 (19.9%):	 Total:0.2597092	 m_precision:1.0000000	 m_recall:1.0000000	 m_f1-score:1.0000000	 m_support:12.0000000	 Mean_Total:0.5728624
2021-08-21 11:27:16,999 -   120 /   301 (39.9%):	 Total:0.8208992	 m_precision:0.8636364	 m_recall:0.6250000	 m_f1-score:0.6210526	 m_support:12.0000000	 Mean_Total:0.5811139
2021-08-21 11:27:18,178 -   180 /   301 (59.8%):	 Total:0.3671559	 m_precision:0.4583333	 m_recall:0.5000000	 m_f1-score:0.4782609	 m_support:12.0000000	 Mean_Total:0.5795648
2021-08-21 11:27:19,369 -   240 /   301 (79.7%):	 Total:0.5328066	 m_precision:0.4545455	 m_recall:0.4545455	 m_f1-score:0.4545455	 m_support:12.0000000	 Mean_Total:0.5912176
2021-08-21 11:27:20,522 -   300 /   301 (99.7%):	 Total:0.3239447	 m_precision:0.5000000	 m_recall:0.4375000	 m_f1-score:0.4666667	 m_support:8.0000000	 Mean_Total:0.5897222
2021-08-21 11:27:21,866 - 
===============================| start validation |===============================

2021-08-21 11:27:21,867 - 	 Total:0.6568748	 m_precision:0.5628377	 m_recall:0.5832176	 m_f1-score:0.5640226	 m_support:11.9767442
2021-08-21 11:27:21,871 -    ini file updated    
2021-08-21 11:27:21,912 - Snapshot saved to /data/users/wergillius/UTR_VAE/pth/MLP_down_MTL/tune_hidden_size/h50-model_best.pth

2021-08-21 11:27:21,912 -    ini file updated    
2021-08-21 11:27:21,912 - 
===============================|    epoch 12   |===============================

2021-08-21 11:27:22,307 -     0 /   301 (0.0%):	 Total:0.2166307	 m_precision:1.0000000	 m_recall:1.0000000	 m_f1-score:1.0000000	 m_support:12.0000000	 Mean_Total:0.2166307
2021-08-21 11:27:23,501 -    60 /   301 (19.9%):	 Total:0.5497457	 m_precision:0.4166667	 m_recall:0.5000000	 m_f1-score:0.4545455	 m_support:12.0000000	 Mean_Total:0.5417675
2021-08-21 11:27:24,726 -   120 /   301 (39.9%):	 Total:0.4635224	 m_precision:0.9545455	 m_recall:0.7500000	 m_f1-score:0.8095238	 m_support:12.0000000	 Mean_Total:0.5791950
2021-08-21 11:27:26,023 -   180 /   301 (59.8%):	 Total:0.5205170	 m_precision:0.4545455	 m_recall:0.4545455	 m_f1-score:0.4545455	 m_support:12.0000000	 Mean_Total:0.5976029
2021-08-21 11:27:27,260 -   240 /   301 (79.7%):	 Total:0.4483933	 m_precision:0.7000000	 m_recall:0.7000000	 m_f1-score:0.7000000	 m_support:12.0000000	 Mean_Total:0.5838655
2021-08-21 11:27:28,433 -   300 /   301 (99.7%):	 Total:0.9251608	 m_precision:0.4375000	 m_recall:0.5000000	 m_f1-score:0.4666667	 m_support:8.0000000	 Mean_Total:0.5821762
2021-08-21 11:27:29,806 - 
===============================| start validation |===============================

2021-08-21 11:27:29,807 - 	 Total:0.6559902	 m_precision:0.6128847	 m_recall:0.6260218	 m_f1-score:0.6086130	 m_support:11.9767442
2021-08-21 11:27:29,810 -    ini file updated    
2021-08-21 11:27:29,857 - Snapshot saved to /data/users/wergillius/UTR_VAE/pth/MLP_down_MTL/tune_hidden_size/h50-model_best.pth

2021-08-21 11:27:29,857 -    ini file updated    
2021-08-21 11:27:29,857 - 
===============================|    epoch 13   |===============================

2021-08-21 11:27:30,279 -     0 /   301 (0.0%):	 Total:1.0046930	 m_precision:0.6666667	 m_recall:0.6285714	 m_f1-score:0.6250000	 m_support:12.0000000	 Mean_Total:1.0046930
2021-08-21 11:27:31,532 -    60 /   301 (19.9%):	 Total:0.3674112	 m_precision:0.7500000	 m_recall:0.9545455	 m_f1-score:0.8095238	 m_support:12.0000000	 Mean_Total:0.5834674
2021-08-21 11:27:32,756 -   120 /   301 (39.9%):	 Total:0.8195090	 m_precision:0.6000000	 m_recall:0.5625000	 m_f1-score:0.5555556	 m_support:12.0000000	 Mean_Total:0.5701025
2021-08-21 11:27:33,896 -   180 /   301 (59.8%):	 Total:0.5174970	 m_precision:0.9545455	 m_recall:0.7500000	 m_f1-score:0.8095238	 m_support:12.0000000	 Mean_Total:0.5755466
2021-08-21 11:27:35,115 -   240 /   301 (79.7%):	 Total:1.2601794	 m_precision:0.2916667	 m_recall:0.5000000	 m_f1-score:0.3684211	 m_support:12.0000000	 Mean_Total:0.5777475
2021-08-21 11:27:36,291 -   300 /   301 (99.7%):	 Total:0.3341826	 m_precision:0.5000000	 m_recall:0.4375000	 m_f1-score:0.4666667	 m_support:8.0000000	 Mean_Total:0.5805997
2021-08-21 11:27:37,722 - 
===============================| start validation |===============================

2021-08-21 11:27:37,723 - 	 Total:0.6524968	 m_precision:0.6163672	 m_recall:0.5967855	 m_f1-score:0.5898028	 m_support:11.9767442
2021-08-21 11:27:37,726 -    ini file updated    
2021-08-21 11:27:37,726 - 
===============================|    epoch 14   |===============================

2021-08-21 11:27:38,139 -     0 /   301 (0.0%):	 Total:0.5230139	 m_precision:0.9000000	 m_recall:0.9375000	 m_f1-score:0.9111111	 m_support:12.0000000	 Mean_Total:0.5230139
2021-08-21 11:27:39,413 -    60 /   301 (19.9%):	 Total:0.8083286	 m_precision:0.3636364	 m_recall:0.4444444	 m_f1-score:0.4000000	 m_support:12.0000000	 Mean_Total:0.5591820
2021-08-21 11:27:40,558 -   120 /   301 (39.9%):	 Total:0.6451216	 m_precision:0.6500000	 m_recall:0.6111111	 m_f1-score:0.6210526	 m_support:12.0000000	 Mean_Total:0.5569083
2021-08-21 11:27:41,696 -   180 /   301 (59.8%):	 Total:0.5076104	 m_precision:0.4090909	 m_recall:0.4500000	 m_f1-score:0.4285714	 m_support:12.0000000	 Mean_Total:0.5504816
2021-08-21 11:27:42,873 -   240 /   301 (79.7%):	 Total:0.6158073	 m_precision:0.7777778	 m_recall:0.7777778	 m_f1-score:0.7777778	 m_support:12.0000000	 Mean_Total:0.5670675
2021-08-21 11:27:44,027 -   300 /   301 (99.7%):	 Total:0.2397181	 m_precision:1.0000000	 m_recall:1.0000000	 m_f1-score:1.0000000	 m_support:8.0000000	 Mean_Total:0.5671535
2021-08-21 11:27:45,459 - 
===============================| start validation |===============================

2021-08-21 11:27:45,460 - 	 Total:0.6628038	 m_precision:0.5843493	 m_recall:0.5808844	 m_f1-score:0.5735834	 m_support:11.9767442
2021-08-21 11:27:45,463 -    ini file updated    
2021-08-21 11:27:45,463 - 
===============================|    epoch 15   |===============================

2021-08-21 11:27:45,865 -     0 /   301 (0.0%):	 Total:0.5856057	 m_precision:0.9545455	 m_recall:0.7500000	 m_f1-score:0.8095238	 m_support:12.0000000	 Mean_Total:0.5856057
2021-08-21 11:27:47,116 -    60 /   301 (19.9%):	 Total:0.6147574	 m_precision:0.9090909	 m_recall:0.6666667	 m_f1-score:0.7000000	 m_support:12.0000000	 Mean_Total:0.5752431
2021-08-21 11:27:48,288 -   120 /   301 (39.9%):	 Total:1.0320342	 m_precision:0.4500000	 m_recall:0.4090909	 m_f1-score:0.4285714	 m_support:12.0000000	 Mean_Total:0.5570396
2021-08-21 11:27:49,421 -   180 /   301 (59.8%):	 Total:0.9395573	 m_precision:0.3636364	 m_recall:0.4444444	 m_f1-score:0.4000000	 m_support:12.0000000	 Mean_Total:0.5560613
2021-08-21 11:27:50,537 -   240 /   301 (79.7%):	 Total:0.2272707	 m_precision:1.0000000	 m_recall:1.0000000	 m_f1-score:1.0000000	 m_support:12.0000000	 Mean_Total:0.5609304
2021-08-21 11:27:51,727 -   300 /   301 (99.7%):	 Total:0.9195283	 m_precision:0.8333333	 m_recall:0.7500000	 m_f1-score:0.7333333	 m_support:8.0000000	 Mean_Total:0.5663612
2021-08-21 11:27:53,137 - 
===============================| start validation |===============================

2021-08-21 11:27:53,138 - 	 Total:0.6700648	 m_precision:0.5605150	 m_recall:0.5713266	 m_f1-score:0.5560109	 m_support:11.9767442
2021-08-21 11:27:53,141 -    ini file updated    
2021-08-21 11:27:53,141 - 
===============================|    epoch 16   |===============================

2021-08-21 11:27:53,532 -     0 /   301 (0.0%):	 Total:0.6523558	 m_precision:0.4545455	 m_recall:0.4545455	 m_f1-score:0.4545455	 m_support:12.0000000	 Mean_Total:0.6523558
2021-08-21 11:27:54,792 -    60 /   301 (19.9%):	 Total:0.3989301	 m_precision:1.0000000	 m_recall:1.0000000	 m_f1-score:1.0000000	 m_support:12.0000000	 Mean_Total:0.5510635
2021-08-21 11:27:55,935 -   120 /   301 (39.9%):	 Total:0.5855297	 m_precision:0.9090909	 m_recall:0.6666667	 m_f1-score:0.7000000	 m_support:12.0000000	 Mean_Total:0.5628162
2021-08-21 11:27:57,119 -   180 /   301 (59.8%):	 Total:0.6057632	 m_precision:0.4090909	 m_recall:0.4500000	 m_f1-score:0.4285714	 m_support:12.0000000	 Mean_Total:0.5635650
2021-08-21 11:27:58,307 -   240 /   301 (79.7%):	 Total:0.6510525	 m_precision:0.4090909	 m_recall:0.4500000	 m_f1-score:0.4285714	 m_support:12.0000000	 Mean_Total:0.5612057
2021-08-21 11:27:59,427 -   300 /   301 (99.7%):	 Total:0.4743984	 m_precision:0.9285714	 m_recall:0.7500000	 m_f1-score:0.7948718	 m_support:8.0000000	 Mean_Total:0.5653625
2021-08-21 11:28:00,837 - 
===============================| start validation |===============================

2021-08-21 11:28:00,839 - 	 Total:0.6607160	 m_precision:0.5774254	 m_recall:0.5713480	 m_f1-score:0.5621779	 m_support:11.9767442
2021-08-21 11:28:00,842 -    ini file updated    
2021-08-21 11:28:00,842 - 
===============================|    epoch 17   |===============================

2021-08-21 11:28:01,304 -     0 /   301 (0.0%):	 Total:0.3640681	 m_precision:0.5000000	 m_recall:0.3750000	 m_f1-score:0.4285714	 m_support:12.0000000	 Mean_Total:0.3640681
2021-08-21 11:28:02,464 -    60 /   301 (19.9%):	 Total:0.3713071	 m_precision:0.4545455	 m_recall:0.4545455	 m_f1-score:0.4545455	 m_support:12.0000000	 Mean_Total:0.5435929
2021-08-21 11:28:03,685 -   120 /   301 (39.9%):	 Total:0.3152427	 m_precision:0.5000000	 m_recall:0.4166667	 m_f1-score:0.4545455	 m_support:12.0000000	 Mean_Total:0.5592494
2021-08-21 11:28:04,949 -   180 /   301 (59.8%):	 Total:0.2298537	 m_precision:1.0000000	 m_recall:1.0000000	 m_f1-score:1.0000000	 m_support:12.0000000	 Mean_Total:0.5432274
2021-08-21 11:28:06,149 -   240 /   301 (79.7%):	 Total:0.4777915	 m_precision:0.9545455	 m_recall:0.7500000	 m_f1-score:0.8095238	 m_support:12.0000000	 Mean_Total:0.5537811
2021-08-21 11:28:07,341 -   300 /   301 (99.7%):	 Total:0.5522808	 m_precision:0.6666667	 m_recall:0.6666667	 m_f1-score:0.6666667	 m_support:8.0000000	 Mean_Total:0.5652776
2021-08-21 11:28:08,826 - 
===============================| start validation |===============================

2021-08-21 11:28:08,828 - 	 Total:0.6620810	 m_precision:0.5436986	 m_recall:0.5539922	 m_f1-score:0.5379111	 m_support:11.9767442
2021-08-21 11:28:08,834 -    ini file updated    
2021-08-21 11:28:08,834 - 
===============================|    epoch 18   |===============================

2021-08-21 11:28:09,272 -     0 /   301 (0.0%):	 Total:0.4021390	 m_precision:0.4583333	 m_recall:0.5000000	 m_f1-score:0.4782609	 m_support:12.0000000	 Mean_Total:0.4021390
2021-08-21 11:28:10,534 -    60 /   301 (19.9%):	 Total:0.6843857	 m_precision:0.3636364	 m_recall:0.4444444	 m_f1-score:0.4000000	 m_support:12.0000000	 Mean_Total:0.5263869
2021-08-21 11:28:11,693 -   120 /   301 (39.9%):	 Total:0.4305315	 m_precision:0.7000000	 m_recall:0.7000000	 m_f1-score:0.7000000	 m_support:12.0000000	 Mean_Total:0.5362562
2021-08-21 11:28:12,889 -   180 /   301 (59.8%):	 Total:0.4601695	 m_precision:0.4545455	 m_recall:0.4545455	 m_f1-score:0.4545455	 m_support:12.0000000	 Mean_Total:0.5465454
2021-08-21 11:28:14,031 -   240 /   301 (79.7%):	 Total:0.4802945	 m_precision:1.0000000	 m_recall:1.0000000	 m_f1-score:1.0000000	 m_support:12.0000000	 Mean_Total:0.5564203
2021-08-21 11:28:15,265 -   300 /   301 (99.7%):	 Total:0.2267057	 m_precision:1.0000000	 m_recall:1.0000000	 m_f1-score:1.0000000	 m_support:8.0000000	 Mean_Total:0.5551150
2021-08-21 11:28:16,729 - 
===============================| start validation |===============================

2021-08-21 11:28:16,730 - 	 Total:0.6651310	 m_precision:0.5591555	 m_recall:0.5789053	 m_f1-score:0.5619645	 m_support:11.9767442
2021-08-21 11:28:16,734 -    ini file updated    
2021-08-21 11:28:16,734 - 
===============================|    epoch 19   |===============================

2021-08-21 11:28:17,160 -     0 /   301 (0.0%):	 Total:0.8132091	 m_precision:0.6000000	 m_recall:0.5625000	 m_f1-score:0.5555556	 m_support:12.0000000	 Mean_Total:0.8132091
2021-08-21 11:28:18,368 -    60 /   301 (19.9%):	 Total:0.4766285	 m_precision:0.4545455	 m_recall:0.4545455	 m_f1-score:0.4545455	 m_support:12.0000000	 Mean_Total:0.5540596
2021-08-21 11:28:19,533 -   120 /   301 (39.9%):	 Total:0.7401769	 m_precision:0.3750000	 m_recall:0.5000000	 m_f1-score:0.4285714	 m_support:12.0000000	 Mean_Total:0.5526514
2021-08-21 11:28:20,712 -   180 /   301 (59.8%):	 Total:0.3267640	 m_precision:1.0000000	 m_recall:1.0000000	 m_f1-score:1.0000000	 m_support:12.0000000	 Mean_Total:0.5602030
2021-08-21 11:28:21,839 -   240 /   301 (79.7%):	 Total:0.5987315	 m_precision:0.4545455	 m_recall:0.4545455	 m_f1-score:0.4545455	 m_support:12.0000000	 Mean_Total:0.5545296
2021-08-21 11:28:23,040 -   300 /   301 (99.7%):	 Total:0.5826701	 m_precision:0.9285714	 m_recall:0.7500000	 m_f1-score:0.7948718	 m_support:8.0000000	 Mean_Total:0.5515150
2021-08-21 11:28:24,404 - 
===============================| start validation |===============================

2021-08-21 11:28:24,405 - 	 Total:0.6737828	 m_precision:0.5555996	 m_recall:0.5719059	 m_f1-score:0.5568456	 m_support:11.9767442
2021-08-21 11:28:24,408 -    ini file updated    
2021-08-21 11:28:24,408 - 
===============================|    epoch 20   |===============================

2021-08-21 11:28:24,805 -     0 /   301 (0.0%):	 Total:0.3753241	 m_precision:0.4583333	 m_recall:0.5000000	 m_f1-score:0.4782609	 m_support:12.0000000	 Mean_Total:0.3753241
2021-08-21 11:28:26,049 -    60 /   301 (19.9%):	 Total:0.5006143	 m_precision:0.9500000	 m_recall:0.8333333	 m_f1-score:0.8736842	 m_support:12.0000000	 Mean_Total:0.5052139
2021-08-21 11:28:27,235 -   120 /   301 (39.9%):	 Total:0.3869422	 m_precision:0.7500000	 m_recall:0.9545455	 m_f1-score:0.8095238	 m_support:12.0000000	 Mean_Total:0.5401580
2021-08-21 11:28:28,364 -   180 /   301 (59.8%):	 Total:0.6502407	 m_precision:0.4090909	 m_recall:0.4500000	 m_f1-score:0.4285714	 m_support:12.0000000	 Mean_Total:0.5463300
2021-08-21 11:28:29,497 -   240 /   301 (79.7%):	 Total:0.5760736	 m_precision:0.4545455	 m_recall:0.4545455	 m_f1-score:0.4545455	 m_support:12.0000000	 Mean_Total:0.5469246
2021-08-21 11:28:30,713 -   300 /   301 (99.7%):	 Total:0.2005537	 m_precision:1.0000000	 m_recall:1.0000000	 m_f1-score:1.0000000	 m_support:8.0000000	 Mean_Total:0.5565096
2021-08-21 11:28:32,130 - 
===============================| start validation |===============================

2021-08-21 11:28:32,131 - 	 Total:0.6744360	 m_precision:0.5835624	 m_recall:0.5721840	 m_f1-score:0.5600271	 m_support:11.9767442
2021-08-21 11:28:32,134 -    ini file updated    
2021-08-21 11:28:32,134 - 
===============================|    epoch 21   |===============================

2021-08-21 11:28:32,522 -     0 /   301 (0.0%):	 Total:0.2515164	 m_precision:1.0000000	 m_recall:1.0000000	 m_f1-score:1.0000000	 m_support:12.0000000	 Mean_Total:0.2515164
2021-08-21 11:28:33,655 -    60 /   301 (19.9%):	 Total:0.5955349	 m_precision:0.6875000	 m_recall:0.7222222	 m_f1-score:0.6974790	 m_support:12.0000000	 Mean_Total:0.5317107
2021-08-21 11:28:34,843 -   120 /   301 (39.9%):	 Total:0.3490958	 m_precision:0.7500000	 m_recall:0.9545455	 m_f1-score:0.8095238	 m_support:12.0000000	 Mean_Total:0.5565539
2021-08-21 11:28:36,028 -   180 /   301 (59.8%):	 Total:0.5844792	 m_precision:0.9545455	 m_recall:0.7500000	 m_f1-score:0.8095238	 m_support:12.0000000	 Mean_Total:0.5613702
2021-08-21 11:28:37,223 -   240 /   301 (79.7%):	 Total:0.2488072	 m_precision:1.0000000	 m_recall:1.0000000	 m_f1-score:1.0000000	 m_support:12.0000000	 Mean_Total:0.5527631
2021-08-21 11:28:38,353 -   300 /   301 (99.7%):	 Total:0.6947422	 m_precision:0.4285714	 m_recall:0.4285714	 m_f1-score:0.4285714	 m_support:8.0000000	 Mean_Total:0.5441511
2021-08-21 11:28:39,704 - 
===============================| start validation |===============================

2021-08-21 11:28:39,705 - 	 Total:0.6785527	 m_precision:0.5797334	 m_recall:0.5658445	 m_f1-score:0.5597210	 m_support:11.9767442
2021-08-21 11:28:39,707 -    ini file updated    
2021-08-21 11:28:39,708 - 
===============================|    epoch 22   |===============================

2021-08-21 11:28:40,118 -     0 /   301 (0.0%):	 Total:0.7794502	 m_precision:0.3636364	 m_recall:0.4444444	 m_f1-score:0.4000000	 m_support:12.0000000	 Mean_Total:0.7794502
2021-08-21 11:28:41,373 -    60 /   301 (19.9%):	 Total:0.9289845	 m_precision:0.9090909	 m_recall:0.6666667	 m_f1-score:0.7000000	 m_support:12.0000000	 Mean_Total:0.5672476
2021-08-21 11:28:42,518 -   120 /   301 (39.9%):	 Total:1.1899208	 m_precision:0.3000000	 m_recall:0.3750000	 m_f1-score:0.3333333	 m_support:12.0000000	 Mean_Total:0.5504560
2021-08-21 11:28:43,663 -   180 /   301 (59.8%):	 Total:0.7404692	 m_precision:0.4500000	 m_recall:0.4090909	 m_f1-score:0.4285714	 m_support:12.0000000	 Mean_Total:0.5594756
2021-08-21 11:28:44,875 -   240 /   301 (79.7%):	 Total:0.6070631	 m_precision:0.4090909	 m_recall:0.4500000	 m_f1-score:0.4285714	 m_support:12.0000000	 Mean_Total:0.5479895
2021-08-21 11:28:46,109 -   300 /   301 (99.7%):	 Total:0.2686468	 m_precision:1.0000000	 m_recall:1.0000000	 m_f1-score:1.0000000	 m_support:8.0000000	 Mean_Total:0.5516526
2021-08-21 11:28:47,519 - 
===============================| start validation |===============================

2021-08-21 11:28:47,520 - 	 Total:0.6683906	 m_precision:0.6195502	 m_recall:0.6189276	 m_f1-score:0.6031425	 m_support:11.9767442
2021-08-21 11:28:47,524 -    ini file updated    
2021-08-21 11:28:47,524 - 
===============================|    epoch 23   |===============================

2021-08-21 11:28:47,901 -     0 /   301 (0.0%):	 Total:0.5545747	 m_precision:0.7000000	 m_recall:0.7000000	 m_f1-score:0.7000000	 m_support:12.0000000	 Mean_Total:0.5545747
2021-08-21 11:28:49,056 -    60 /   301 (19.9%):	 Total:0.6491331	 m_precision:0.4166667	 m_recall:0.5000000	 m_f1-score:0.4545455	 m_support:12.0000000	 Mean_Total:0.5378798
2021-08-21 11:28:50,301 -   120 /   301 (39.9%):	 Total:0.6022834	 m_precision:0.4166667	 m_recall:0.5000000	 m_f1-score:0.4545455	 m_support:12.0000000	 Mean_Total:0.5450883
2021-08-21 11:28:51,522 -   180 /   301 (59.8%):	 Total:0.4533579	 m_precision:0.7000000	 m_recall:0.7000000	 m_f1-score:0.7000000	 m_support:12.0000000	 Mean_Total:0.5396264
2021-08-21 11:28:52,692 -   240 /   301 (79.7%):	 Total:0.4297600	 m_precision:0.9500000	 m_recall:0.8333333	 m_f1-score:0.8736842	 m_support:12.0000000	 Mean_Total:0.5400270
2021-08-21 11:28:53,806 -   300 /   301 (99.7%):	 Total:0.8364840	 m_precision:0.2857143	 m_recall:0.4000000	 m_f1-score:0.3333333	 m_support:8.0000000	 Mean_Total:0.5431710
2021-08-21 11:28:55,100 - 
===============================| start validation |===============================

2021-08-21 11:28:55,101 - 	 Total:0.6905068	 m_precision:0.5645995	 m_recall:0.5580074	 m_f1-score:0.5501189	 m_support:11.9767442
2021-08-21 11:28:55,105 -    ini file updated    
2021-08-21 11:28:55,105 - 
===============================|    epoch 24   |===============================

2021-08-21 11:28:55,515 -     0 /   301 (0.0%):	 Total:0.8601925	 m_precision:0.3500000	 m_recall:0.3888889	 m_f1-score:0.3684211	 m_support:12.0000000	 Mean_Total:0.8601925
2021-08-21 11:28:56,694 -    60 /   301 (19.9%):	 Total:0.2632948	 m_precision:1.0000000	 m_recall:1.0000000	 m_f1-score:1.0000000	 m_support:12.0000000	 Mean_Total:0.5443222
2021-08-21 11:28:57,829 -   120 /   301 (39.9%):	 Total:0.2484932	 m_precision:1.0000000	 m_recall:1.0000000	 m_f1-score:1.0000000	 m_support:12.0000000	 Mean_Total:0.5544509
2021-08-21 11:28:59,064 -   180 /   301 (59.8%):	 Total:0.3078174	 m_precision:1.0000000	 m_recall:1.0000000	 m_f1-score:1.0000000	 m_support:12.0000000	 Mean_Total:0.5371520
2021-08-21 11:29:00,326 -   240 /   301 (79.7%):	 Total:0.5294589	 m_precision:0.8125000	 m_recall:0.8125000	 m_f1-score:0.8125000	 m_support:12.0000000	 Mean_Total:0.5399149
2021-08-21 11:29:01,498 -   300 /   301 (99.7%):	 Total:0.9859779	 m_precision:0.3571429	 m_recall:0.4166667	 m_f1-score:0.3846154	 m_support:8.0000000	 Mean_Total:0.5418618
2021-08-21 11:29:02,910 - 
===============================| start validation |===============================

2021-08-21 11:29:02,912 - 	 Total:0.6929843	 m_precision:0.5694973	 m_recall:0.5930094	 m_f1-score:0.5716155	 m_support:11.9767442
2021-08-21 11:29:02,917 -    ini file updated    
2021-08-21 11:29:02,917 - 
===============================|    epoch 25   |===============================

2021-08-21 11:29:03,367 -     0 /   301 (0.0%):	 Total:0.1974637	 m_precision:1.0000000	 m_recall:1.0000000	 m_f1-score:1.0000000	 m_support:12.0000000	 Mean_Total:0.1974637
2021-08-21 11:29:04,563 -    60 /   301 (19.9%):	 Total:0.2910901	 m_precision:1.0000000	 m_recall:1.0000000	 m_f1-score:1.0000000	 m_support:12.0000000	 Mean_Total:0.5360131
2021-08-21 11:29:05,787 -   120 /   301 (39.9%):	 Total:1.0488117	 m_precision:0.3750000	 m_recall:0.5000000	 m_f1-score:0.4285714	 m_support:12.0000000	 Mean_Total:0.5341513
2021-08-21 11:29:06,919 -   180 /   301 (59.8%):	 Total:0.4666920	 m_precision:0.4545455	 m_recall:0.4545455	 m_f1-score:0.4545455	 m_support:12.0000000	 Mean_Total:0.5318739
2021-08-21 11:29:08,073 -   240 /   301 (79.7%):	 Total:0.3274710	 m_precision:0.5000000	 m_recall:0.3750000	 m_f1-score:0.4285714	 m_support:12.0000000	 Mean_Total:0.5338257
2021-08-21 11:29:09,258 -   300 /   301 (99.7%):	 Total:0.4373516	 m_precision:0.4375000	 m_recall:0.5000000	 m_f1-score:0.4666667	 m_support:8.0000000	 Mean_Total:0.5340008
2021-08-21 11:29:10,688 - 
===============================| start validation |===============================

2021-08-21 11:29:10,689 - 	 Total:0.6880621	 m_precision:0.5515005	 m_recall:0.5651456	 m_f1-score:0.5515870	 m_support:11.9767442
2021-08-21 11:29:10,693 -    ini file updated    
2021-08-21 11:29:10,693 - 
===============================|    epoch 26   |===============================

2021-08-21 11:29:11,106 -     0 /   301 (0.0%):	 Total:0.4415004	 m_precision:0.4545455	 m_recall:0.4545455	 m_f1-score:0.4545455	 m_support:12.0000000	 Mean_Total:0.4415004
2021-08-21 11:29:12,330 -    60 /   301 (19.9%):	 Total:0.2028207	 m_precision:0.5000000	 m_recall:0.4583333	 m_f1-score:0.4782609	 m_support:12.0000000	 Mean_Total:0.4989348
2021-08-21 11:29:13,609 -   120 /   301 (39.9%):	 Total:0.7850895	 m_precision:0.9090909	 m_recall:0.6666667	 m_f1-score:0.7000000	 m_support:12.0000000	 Mean_Total:0.5256367
2021-08-21 11:29:14,773 -   180 /   301 (59.8%):	 Total:0.2294614	 m_precision:1.0000000	 m_recall:1.0000000	 m_f1-score:1.0000000	 m_support:12.0000000	 Mean_Total:0.5359976
2021-08-21 11:29:15,942 -   240 /   301 (79.7%):	 Total:0.2873132	 m_precision:0.7500000	 m_recall:0.9545455	 m_f1-score:0.8095238	 m_support:12.0000000	 Mean_Total:0.5271152
2021-08-21 11:29:17,176 -   300 /   301 (99.7%):	 Total:0.3773592	 m_precision:0.7500000	 m_recall:0.9285714	 m_f1-score:0.7948718	 m_support:8.0000000	 Mean_Total:0.5318234
2021-08-21 11:29:18,631 - 
===============================| start validation |===============================

2021-08-21 11:29:18,632 - 	 Total:0.6891280	 m_precision:0.5433236	 m_recall:0.5529334	 m_f1-score:0.5391397	 m_support:11.9767442
2021-08-21 11:29:18,635 -    ini file updated    
2021-08-21 11:29:18,635 - 
===============================|    epoch 27   |===============================

2021-08-21 11:29:19,037 -     0 /   301 (0.0%):	 Total:0.3934321	 m_precision:0.4583333	 m_recall:0.5000000	 m_f1-score:0.4782609	 m_support:12.0000000	 Mean_Total:0.3934321
2021-08-21 11:29:20,199 -    60 /   301 (19.9%):	 Total:0.4639492	 m_precision:0.5000000	 m_recall:0.3333333	 m_f1-score:0.4000000	 m_support:12.0000000	 Mean_Total:0.5216444
2021-08-21 11:29:21,433 -   120 /   301 (39.9%):	 Total:0.2471531	 m_precision:1.0000000	 m_recall:1.0000000	 m_f1-score:1.0000000	 m_support:12.0000000	 Mean_Total:0.5323957
2021-08-21 11:29:22,595 -   180 /   301 (59.8%):	 Total:0.2489494	 m_precision:0.5000000	 m_recall:0.4583333	 m_f1-score:0.4782609	 m_support:12.0000000	 Mean_Total:0.5304318
2021-08-21 11:29:23,804 -   240 /   301 (79.7%):	 Total:0.8279395	 m_precision:0.6285714	 m_recall:0.6666667	 m_f1-score:0.6250000	 m_support:12.0000000	 Mean_Total:0.5236694
2021-08-21 11:29:25,005 -   300 /   301 (99.7%):	 Total:1.4819002	 m_precision:0.3571429	 m_recall:0.4166667	 m_f1-score:0.3846154	 m_support:8.0000000	 Mean_Total:0.5345272
2021-08-21 11:29:26,399 - 
===============================| start validation |===============================

2021-08-21 11:29:26,400 - 	 Total:0.7035306	 m_precision:0.5475490	 m_recall:0.5673978	 m_f1-score:0.5472245	 m_support:11.9767442
2021-08-21 11:29:26,403 -    ini file updated    
2021-08-21 11:29:26,403 - 
===============================|    epoch 28   |===============================

2021-08-21 11:29:26,845 -     0 /   301 (0.0%):	 Total:0.4627784	 m_precision:0.9545455	 m_recall:0.7500000	 m_f1-score:0.8095238	 m_support:12.0000000	 Mean_Total:0.4627784
2021-08-21 11:29:28,035 -    60 /   301 (19.9%):	 Total:0.3485992	 m_precision:0.4545455	 m_recall:0.4545455	 m_f1-score:0.4545455	 m_support:12.0000000	 Mean_Total:0.5279081
2021-08-21 11:29:29,217 -   120 /   301 (39.9%):	 Total:0.4329564	 m_precision:0.4500000	 m_recall:0.4090909	 m_f1-score:0.4285714	 m_support:12.0000000	 Mean_Total:0.5436897
2021-08-21 11:29:30,353 -   180 /   301 (59.8%):	 Total:0.5490470	 m_precision:0.7777778	 m_recall:0.7777778	 m_f1-score:0.7777778	 m_support:12.0000000	 Mean_Total:0.5353028
2021-08-21 11:29:31,448 -   240 /   301 (79.7%):	 Total:0.3230419	 m_precision:1.0000000	 m_recall:1.0000000	 m_f1-score:1.0000000	 m_support:12.0000000	 Mean_Total:0.5276191
2021-08-21 11:29:32,582 -   300 /   301 (99.7%):	 Total:0.5197546	 m_precision:0.4285714	 m_recall:0.4285714	 m_f1-score:0.4285714	 m_support:8.0000000	 Mean_Total:0.5300487
2021-08-21 11:29:33,975 - 
===============================| start validation |===============================

2021-08-21 11:29:33,977 - 	 Total:0.6952256	 m_precision:0.5795102	 m_recall:0.5794779	 m_f1-score:0.5653783	 m_support:11.9767442
2021-08-21 11:29:33,980 -    ini file updated    
2021-08-21 11:29:33,980 - 
===============================|    epoch 29   |===============================

2021-08-21 11:29:34,375 -     0 /   301 (0.0%):	 Total:0.3833545	 m_precision:0.9545455	 m_recall:0.7500000	 m_f1-score:0.8095238	 m_support:12.0000000	 Mean_Total:0.3833545
2021-08-21 11:29:35,511 -    60 /   301 (19.9%):	 Total:0.6228969	 m_precision:0.5555556	 m_recall:0.5555556	 m_f1-score:0.5555556	 m_support:12.0000000	 Mean_Total:0.5079645
2021-08-21 11:29:36,762 -   120 /   301 (39.9%):	 Total:1.0644511	 m_precision:0.5555556	 m_recall:0.5555556	 m_f1-score:0.5555556	 m_support:12.0000000	 Mean_Total:0.5414577
2021-08-21 11:29:38,050 -   180 /   301 (59.8%):	 Total:0.5510187	 m_precision:0.9500000	 m_recall:0.8333333	 m_f1-score:0.8736842	 m_support:12.0000000	 Mean_Total:0.5450663
2021-08-21 11:29:39,185 -   240 /   301 (79.7%):	 Total:0.4092637	 m_precision:0.9545455	 m_recall:0.7500000	 m_f1-score:0.8095238	 m_support:12.0000000	 Mean_Total:0.5393193
2021-08-21 11:29:40,336 -   300 /   301 (99.7%):	 Total:0.4038073	 m_precision:0.5000000	 m_recall:0.3750000	 m_f1-score:0.4285714	 m_support:8.0000000	 Mean_Total:0.5320212
2021-08-21 11:29:41,692 - 
===============================| start validation |===============================

2021-08-21 11:29:41,694 - 	 Total:0.6868353	 m_precision:0.5454545	 m_recall:0.5229181	 m_f1-score:0.5244287	 m_support:11.9767442
2021-08-21 11:29:41,698 -    ini file updated    
2021-08-21 11:29:41,698 - 
===============================|    epoch 30   |===============================

2021-08-21 11:29:42,101 -     0 /   301 (0.0%):	 Total:0.4346585	 m_precision:0.6250000	 m_recall:0.8636364	 m_f1-score:0.6210526	 m_support:12.0000000	 Mean_Total:0.4346585
2021-08-21 11:29:43,267 -    60 /   301 (19.9%):	 Total:1.1536009	 m_precision:0.6000000	 m_recall:0.5625000	 m_f1-score:0.5555556	 m_support:12.0000000	 Mean_Total:0.5209053
2021-08-21 11:29:44,454 -   120 /   301 (39.9%):	 Total:0.6481519	 m_precision:0.4166667	 m_recall:0.5000000	 m_f1-score:0.4545455	 m_support:12.0000000	 Mean_Total:0.5119122
2021-08-21 11:29:45,620 -   180 /   301 (59.8%):	 Total:0.5089983	 m_precision:0.9090909	 m_recall:0.6666667	 m_f1-score:0.7000000	 m_support:12.0000000	 Mean_Total:0.5249388
2021-08-21 11:29:46,837 -   240 /   301 (79.7%):	 Total:0.7795516	 m_precision:0.6500000	 m_recall:0.6111111	 m_f1-score:0.6210526	 m_support:12.0000000	 Mean_Total:0.5361840
2021-08-21 11:29:47,980 -   300 /   301 (99.7%):	 Total:0.6992748	 m_precision:0.3750000	 m_recall:0.5000000	 m_f1-score:0.4285714	 m_support:8.0000000	 Mean_Total:0.5305294
2021-08-21 11:29:49,384 - 
===============================| start validation |===============================

2021-08-21 11:29:49,385 - 	 Total:0.7000502	 m_precision:0.5328547	 m_recall:0.5347075	 m_f1-score:0.5271462	 m_support:11.9767442
2021-08-21 11:29:49,388 -    ini file updated    
2021-08-21 11:29:49,388 - 
===============================|    epoch 31   |===============================

2021-08-21 11:29:49,827 -     0 /   301 (0.0%):	 Total:0.5559732	 m_precision:0.4166667	 m_recall:0.5000000	 m_f1-score:0.4545455	 m_support:12.0000000	 Mean_Total:0.5559732
2021-08-21 11:29:51,002 -    60 /   301 (19.9%):	 Total:0.3372895	 m_precision:0.9545455	 m_recall:0.7500000	 m_f1-score:0.8095238	 m_support:12.0000000	 Mean_Total:0.5207632
2021-08-21 11:29:52,199 -   120 /   301 (39.9%):	 Total:0.3483503	 m_precision:0.6666667	 m_recall:0.9090909	 m_f1-score:0.7000000	 m_support:12.0000000	 Mean_Total:0.5262566
2021-08-21 11:29:53,407 -   180 /   301 (59.8%):	 Total:0.3604662	 m_precision:0.5000000	 m_recall:0.4166667	 m_f1-score:0.4545455	 m_support:12.0000000	 Mean_Total:0.5347084
2021-08-21 11:29:54,587 -   240 /   301 (79.7%):	 Total:0.6472961	 m_precision:0.4000000	 m_recall:0.4000000	 m_f1-score:0.4000000	 m_support:12.0000000	 Mean_Total:0.5369428
2021-08-21 11:29:55,734 -   300 /   301 (99.7%):	 Total:0.2653508	 m_precision:1.0000000	 m_recall:1.0000000	 m_f1-score:1.0000000	 m_support:8.0000000	 Mean_Total:0.5309078
2021-08-21 11:29:57,223 - 
===============================| start validation |===============================

2021-08-21 11:29:57,224 - 	 Total:0.7009844	 m_precision:0.5705376	 m_recall:0.5556348	 m_f1-score:0.5476419	 m_support:11.9767442
2021-08-21 11:29:57,228 -    ini file updated    
2021-08-21 11:29:57,228 - 
===============================|    epoch 32   |===============================

2021-08-21 11:29:57,695 -     0 /   301 (0.0%):	 Total:0.3924741	 m_precision:0.7500000	 m_recall:0.9000000	 m_f1-score:0.7777778	 m_support:12.0000000	 Mean_Total:0.3924741
2021-08-21 11:29:58,947 -    60 /   301 (19.9%):	 Total:0.2624055	 m_precision:1.0000000	 m_recall:1.0000000	 m_f1-score:1.0000000	 m_support:12.0000000	 Mean_Total:0.5336324
2021-08-21 11:30:00,098 -   120 /   301 (39.9%):	 Total:0.9065461	 m_precision:0.6000000	 m_recall:0.5625000	 m_f1-score:0.5555556	 m_support:12.0000000	 Mean_Total:0.5260734
2021-08-21 11:30:01,359 -   180 /   301 (59.8%):	 Total:0.2479849	 m_precision:1.0000000	 m_recall:1.0000000	 m_f1-score:1.0000000	 m_support:12.0000000	 Mean_Total:0.5185125
2021-08-21 11:30:02,606 -   240 /   301 (79.7%):	 Total:0.2687166	 m_precision:0.5000000	 m_recall:0.4583333	 m_f1-score:0.4782609	 m_support:12.0000000	 Mean_Total:0.5244114
2021-08-21 11:30:03,768 -   300 /   301 (99.7%):	 Total:0.1229455	 m_precision:1.0000000	 m_recall:1.0000000	 m_f1-score:1.0000000	 m_support:8.0000000	 Mean_Total:0.5333592
2021-08-21 11:30:05,167 - 
===============================| start validation |===============================

2021-08-21 11:30:05,169 - 	 Total:0.6993883	 m_precision:0.5631842	 m_recall:0.5599030	 m_f1-score:0.5450365	 m_support:11.9767442
2021-08-21 11:30:05,174 -    ini file updated    
2021-08-21 11:30:05,175 - 
===============================|    epoch 33   |===============================

2021-08-21 11:30:05,603 -     0 /   301 (0.0%):	 Total:0.3043905	 m_precision:0.5000000	 m_recall:0.4583333	 m_f1-score:0.4782609	 m_support:12.0000000	 Mean_Total:0.3043905
2021-08-21 11:30:06,759 -    60 /   301 (19.9%):	 Total:0.5494965	 m_precision:0.6111111	 m_recall:0.6500000	 m_f1-score:0.6210526	 m_support:12.0000000	 Mean_Total:0.5403195
2021-08-21 11:30:07,881 -   120 /   301 (39.9%):	 Total:0.3998224	 m_precision:0.9500000	 m_recall:0.8333333	 m_f1-score:0.8736842	 m_support:12.0000000	 Mean_Total:0.5306522
2021-08-21 11:30:09,054 -   180 /   301 (59.8%):	 Total:0.3552141	 m_precision:0.4545455	 m_recall:0.4545455	 m_f1-score:0.4545455	 m_support:12.0000000	 Mean_Total:0.5250754
2021-08-21 11:30:10,239 -   240 /   301 (79.7%):	 Total:0.6591574	 m_precision:0.4000000	 m_recall:0.4000000	 m_f1-score:0.4000000	 m_support:12.0000000	 Mean_Total:0.5238850
2021-08-21 11:30:11,353 -   300 /   301 (99.7%):	 Total:0.5474485	 m_precision:0.4285714	 m_recall:0.4285714	 m_f1-score:0.4285714	 m_support:8.0000000	 Mean_Total:0.5293542
2021-08-21 11:30:12,842 - 
===============================| start validation |===============================

2021-08-21 11:30:12,844 - 	 Total:0.7012129	 m_precision:0.5768646	 m_recall:0.5687993	 m_f1-score:0.5596522	 m_support:11.9767442
2021-08-21 11:30:12,847 -    ini file updated    
2021-08-21 11:30:12,847 - 
===============================|    epoch 34   |===============================

2021-08-21 11:30:13,244 -     0 /   301 (0.0%):	 Total:0.8332250	 m_precision:0.9000000	 m_recall:0.7500000	 m_f1-score:0.7777778	 m_support:12.0000000	 Mean_Total:0.8332250
2021-08-21 11:30:14,467 -    60 /   301 (19.9%):	 Total:0.8138925	 m_precision:0.5000000	 m_recall:0.5000000	 m_f1-score:0.4957983	 m_support:12.0000000	 Mean_Total:0.5250910
2021-08-21 11:30:15,644 -   120 /   301 (39.9%):	 Total:0.3841610	 m_precision:0.5000000	 m_recall:0.4166667	 m_f1-score:0.4545455	 m_support:12.0000000	 Mean_Total:0.5126463
2021-08-21 11:30:16,817 -   180 /   301 (59.8%):	 Total:0.4347199	 m_precision:0.9545455	 m_recall:0.7500000	 m_f1-score:0.8095238	 m_support:12.0000000	 Mean_Total:0.5093460
2021-08-21 11:30:17,952 -   240 /   301 (79.7%):	 Total:0.4881042	 m_precision:0.6250000	 m_recall:0.8636364	 m_f1-score:0.6210526	 m_support:12.0000000	 Mean_Total:0.5119639
2021-08-21 11:30:19,187 -   300 /   301 (99.7%):	 Total:0.8676327	 m_precision:0.3571429	 m_recall:0.4166667	 m_f1-score:0.3846154	 m_support:8.0000000	 Mean_Total:0.5213940
2021-08-21 11:30:20,669 - 
===============================| start validation |===============================

2021-08-21 11:30:20,670 - 	 Total:0.7311767	 m_precision:0.5527795	 m_recall:0.5843199	 m_f1-score:0.5569721	 m_support:11.9767442
2021-08-21 11:30:20,674 -    ini file updated    
2021-08-21 11:30:20,674 - 
===============================|    epoch 35   |===============================

2021-08-21 11:30:21,092 -     0 /   301 (0.0%):	 Total:0.6913241	 m_precision:0.4545455	 m_recall:0.4545455	 m_f1-score:0.4545455	 m_support:12.0000000	 Mean_Total:0.6913241
2021-08-21 11:30:22,264 -    60 /   301 (19.9%):	 Total:0.4060953	 m_precision:0.6875000	 m_recall:0.7222222	 m_f1-score:0.6974790	 m_support:12.0000000	 Mean_Total:0.4876753
2021-08-21 11:30:23,425 -   120 /   301 (39.9%):	 Total:0.5267039	 m_precision:0.9090909	 m_recall:0.6666667	 m_f1-score:0.7000000	 m_support:12.0000000	 Mean_Total:0.5090525
2021-08-21 11:30:24,656 -   180 /   301 (59.8%):	 Total:0.8647474	 m_precision:0.9090909	 m_recall:0.6666667	 m_f1-score:0.7000000	 m_support:12.0000000	 Mean_Total:0.4898575
2021-08-21 11:30:25,831 -   240 /   301 (79.7%):	 Total:0.3685889	 m_precision:1.0000000	 m_recall:1.0000000	 m_f1-score:1.0000000	 m_support:12.0000000	 Mean_Total:0.5211423
2021-08-21 11:30:27,037 -   300 /   301 (99.7%):	 Total:0.6406334	 m_precision:0.9285714	 m_recall:0.7500000	 m_f1-score:0.7948718	 m_support:8.0000000	 Mean_Total:0.5280171
2021-08-21 11:30:28,382 - 
===============================| start validation |===============================

2021-08-21 11:30:28,383 - 	 Total:0.7012197	 m_precision:0.5738116	 m_recall:0.5770202	 m_f1-score:0.5576022	 m_support:11.9767442
2021-08-21 11:30:28,385 -    ini file updated    
2021-08-21 11:30:28,385 - 
===============================|    epoch 36   |===============================

2021-08-21 11:30:28,769 -     0 /   301 (0.0%):	 Total:0.3132522	 m_precision:0.5000000	 m_recall:0.4166667	 m_f1-score:0.4545455	 m_support:12.0000000	 Mean_Total:0.3132522
2021-08-21 11:30:29,925 -    60 /   301 (19.9%):	 Total:1.0091662	 m_precision:0.6000000	 m_recall:0.5625000	 m_f1-score:0.5555556	 m_support:12.0000000	 Mean_Total:0.5370914
2021-08-21 11:30:31,064 -   120 /   301 (39.9%):	 Total:0.3773589	 m_precision:0.9545455	 m_recall:0.7500000	 m_f1-score:0.8095238	 m_support:12.0000000	 Mean_Total:0.5100583
2021-08-21 11:30:32,204 -   180 /   301 (59.8%):	 Total:0.9722573	 m_precision:0.8500000	 m_recall:0.7000000	 m_f1-score:0.6974790	 m_support:12.0000000	 Mean_Total:0.5259667
2021-08-21 11:30:33,304 -   240 /   301 (79.7%):	 Total:0.3391695	 m_precision:1.0000000	 m_recall:1.0000000	 m_f1-score:1.0000000	 m_support:12.0000000	 Mean_Total:0.5197746
2021-08-21 11:30:34,467 -   300 /   301 (99.7%):	 Total:0.4151546	 m_precision:1.0000000	 m_recall:1.0000000	 m_f1-score:1.0000000	 m_support:8.0000000	 Mean_Total:0.5266293
2021-08-21 11:30:35,815 - 
===============================| start validation |===============================

2021-08-21 11:30:35,816 - 	 Total:0.7062241	 m_precision:0.5426650	 m_recall:0.5262421	 m_f1-score:0.5247360	 m_support:11.9767442
2021-08-21 11:30:35,820 -    ini file updated    
2021-08-21 11:30:35,820 - 
===============================|    epoch 37   |===============================

2021-08-21 11:30:36,248 -     0 /   301 (0.0%):	 Total:0.5732117	 m_precision:0.4166667	 m_recall:0.5000000	 m_f1-score:0.4545455	 m_support:12.0000000	 Mean_Total:0.5732117
2021-08-21 11:30:37,383 -    60 /   301 (19.9%):	 Total:0.3487399	 m_precision:0.8333333	 m_recall:0.9500000	 m_f1-score:0.8736842	 m_support:12.0000000	 Mean_Total:0.5103553
2021-08-21 11:30:38,600 -   120 /   301 (39.9%):	 Total:0.2676715	 m_precision:0.7500000	 m_recall:0.9545455	 m_f1-score:0.8095238	 m_support:12.0000000	 Mean_Total:0.5276790
2021-08-21 11:30:39,796 -   180 /   301 (59.8%):	 Total:0.3395855	 m_precision:0.7000000	 m_recall:0.7000000	 m_f1-score:0.7000000	 m_support:12.0000000	 Mean_Total:0.5301909
2021-08-21 11:30:41,076 -   240 /   301 (79.7%):	 Total:0.3879044	 m_precision:0.4583333	 m_recall:0.5000000	 m_f1-score:0.4782609	 m_support:12.0000000	 Mean_Total:0.5311648
2021-08-21 11:30:42,236 -   300 /   301 (99.7%):	 Total:1.1618150	 m_precision:0.4375000	 m_recall:0.5000000	 m_f1-score:0.4666667	 m_support:8.0000000	 Mean_Total:0.5336544
2021-08-21 11:30:43,647 - 
===============================| start validation |===============================

2021-08-21 11:30:43,648 - 	 Total:0.7124686	 m_precision:0.5385483	 m_recall:0.5480855	 m_f1-score:0.5355619	 m_support:11.9767442
2021-08-21 11:30:43,651 -    ini file updated    
2021-08-21 11:30:43,651 - 
===============================|    epoch 38   |===============================

2021-08-21 11:30:44,076 -     0 /   301 (0.0%):	 Total:0.3516034	 m_precision:0.5000000	 m_recall:0.4583333	 m_f1-score:0.4782609	 m_support:12.0000000	 Mean_Total:0.3516034
2021-08-21 11:30:45,251 -    60 /   301 (19.9%):	 Total:0.2301815	 m_precision:0.5000000	 m_recall:0.4583333	 m_f1-score:0.4782609	 m_support:12.0000000	 Mean_Total:0.5020648
2021-08-21 11:30:46,421 -   120 /   301 (39.9%):	 Total:0.7667090	 m_precision:0.3888889	 m_recall:0.3500000	 m_f1-score:0.3684211	 m_support:12.0000000	 Mean_Total:0.5081362
2021-08-21 11:30:47,580 -   180 /   301 (59.8%):	 Total:0.1912699	 m_precision:1.0000000	 m_recall:1.0000000	 m_f1-score:1.0000000	 m_support:12.0000000	 Mean_Total:0.5129142
2021-08-21 11:30:48,692 -   240 /   301 (79.7%):	 Total:0.3644183	 m_precision:0.5000000	 m_recall:0.4166667	 m_f1-score:0.4545455	 m_support:12.0000000	 Mean_Total:0.5121777
2021-08-21 11:30:49,887 -   300 /   301 (99.7%):	 Total:0.4279538	 m_precision:0.7500000	 m_recall:0.9285714	 m_f1-score:0.7948718	 m_support:8.0000000	 Mean_Total:0.5239567
2021-08-21 11:30:51,213 - 
===============================| start validation |===============================

2021-08-21 11:30:51,214 - 	 Total:0.7061585	 m_precision:0.5840028	 m_recall:0.5939285	 m_f1-score:0.5801768	 m_support:11.9767442
2021-08-21 11:30:51,216 -    ini file updated    
2021-08-21 11:30:51,217 - 
===============================|    epoch 39   |===============================

2021-08-21 11:30:51,638 -     0 /   301 (0.0%):	 Total:0.6462650	 m_precision:0.3636364	 m_recall:0.4444444	 m_f1-score:0.4000000	 m_support:12.0000000	 Mean_Total:0.6462650
2021-08-21 11:30:52,901 -    60 /   301 (19.9%):	 Total:0.6551316	 m_precision:0.4500000	 m_recall:0.4090909	 m_f1-score:0.4285714	 m_support:12.0000000	 Mean_Total:0.5354070
2021-08-21 11:30:54,080 -   120 /   301 (39.9%):	 Total:0.3092171	 m_precision:0.5000000	 m_recall:0.4583333	 m_f1-score:0.4782609	 m_support:12.0000000	 Mean_Total:0.5477747
2021-08-21 11:30:55,275 -   180 /   301 (59.8%):	 Total:0.5715908	 m_precision:0.3750000	 m_recall:0.5000000	 m_f1-score:0.4285714	 m_support:12.0000000	 Mean_Total:0.5195711
2021-08-21 11:30:56,511 -   240 /   301 (79.7%):	 Total:0.5467694	 m_precision:1.0000000	 m_recall:1.0000000	 m_f1-score:1.0000000	 m_support:12.0000000	 Mean_Total:0.5215141
2021-08-21 11:30:57,728 -   300 /   301 (99.7%):	 Total:0.5196807	 m_precision:0.9285714	 m_recall:0.7500000	 m_f1-score:0.7948718	 m_support:8.0000000	 Mean_Total:0.5258361
2021-08-21 11:30:59,075 - 
===============================| start validation |===============================

2021-08-21 11:30:59,076 - 	 Total:0.7152412	 m_precision:0.5624576	 m_recall:0.5663584	 m_f1-score:0.5523065	 m_support:11.9767442
2021-08-21 11:30:59,079 -    ini file updated    
2021-08-21 11:30:59,079 - 
===============================|    epoch 40   |===============================

2021-08-21 11:30:59,469 -     0 /   301 (0.0%):	 Total:0.3573095	 m_precision:0.9545455	 m_recall:0.7500000	 m_f1-score:0.8095238	 m_support:12.0000000	 Mean_Total:0.3573095
2021-08-21 11:31:00,621 -    60 /   301 (19.9%):	 Total:0.3660600	 m_precision:0.4545455	 m_recall:0.4545455	 m_f1-score:0.4545455	 m_support:12.0000000	 Mean_Total:0.5402100
2021-08-21 11:31:01,845 -   120 /   301 (39.9%):	 Total:0.4175542	 m_precision:0.9545455	 m_recall:0.7500000	 m_f1-score:0.8095238	 m_support:12.0000000	 Mean_Total:0.5113507
2021-08-21 11:31:02,992 -   180 /   301 (59.8%):	 Total:0.3879238	 m_precision:0.7000000	 m_recall:0.7000000	 m_f1-score:0.7000000	 m_support:12.0000000	 Mean_Total:0.5219867
2021-08-21 11:31:04,173 -   240 /   301 (79.7%):	 Total:1.1015497	 m_precision:0.6500000	 m_recall:0.6111111	 m_f1-score:0.6210526	 m_support:12.0000000	 Mean_Total:0.5295248
2021-08-21 11:31:05,352 -   300 /   301 (99.7%):	 Total:0.3289671	 m_precision:1.0000000	 m_recall:1.0000000	 m_f1-score:1.0000000	 m_support:8.0000000	 Mean_Total:0.5278311
2021-08-21 11:31:06,733 - 
===============================| start validation |===============================

2021-08-21 11:31:06,734 - 	 Total:0.7254784	 m_precision:0.5608410	 m_recall:0.5301151	 m_f1-score:0.5271106	 m_support:11.9767442
2021-08-21 11:31:06,737 -    ini file updated    
2021-08-21 11:31:06,737 - 
===============================|    epoch 41   |===============================

2021-08-21 11:31:07,134 -     0 /   301 (0.0%):	 Total:0.4652021	 m_precision:0.4166667	 m_recall:0.5000000	 m_f1-score:0.4545455	 m_support:12.0000000	 Mean_Total:0.4652021
2021-08-21 11:31:08,314 -    60 /   301 (19.9%):	 Total:0.1292999	 m_precision:1.0000000	 m_recall:1.0000000	 m_f1-score:1.0000000	 m_support:12.0000000	 Mean_Total:0.5025297
2021-08-21 11:31:09,516 -   120 /   301 (39.9%):	 Total:0.5821682	 m_precision:0.6000000	 m_recall:0.8181818	 m_f1-score:0.5555556	 m_support:12.0000000	 Mean_Total:0.5575799
2021-08-21 11:31:10,661 -   180 /   301 (59.8%):	 Total:0.5410754	 m_precision:0.9090909	 m_recall:0.6666667	 m_f1-score:0.7000000	 m_support:12.0000000	 Mean_Total:0.5321595
2021-08-21 11:31:11,846 -   240 /   301 (79.7%):	 Total:0.9159884	 m_precision:0.6500000	 m_recall:0.6111111	 m_f1-score:0.6210526	 m_support:12.0000000	 Mean_Total:0.5407498
2021-08-21 11:31:13,010 -   300 /   301 (99.7%):	 Total:0.4827004	 m_precision:0.4375000	 m_recall:0.5000000	 m_f1-score:0.4666667	 m_support:8.0000000	 Mean_Total:0.5279731
2021-08-21 11:31:14,375 - 
===============================| start validation |===============================

2021-08-21 11:31:14,377 - 	 Total:0.7181232	 m_precision:0.5643558	 m_recall:0.5758457	 m_f1-score:0.5542311	 m_support:11.9767442
2021-08-21 11:31:14,381 -    ini file updated    
2021-08-21 11:31:14,381 - 
===============================|    epoch 42   |===============================

2021-08-21 11:31:14,870 -     0 /   301 (0.0%):	 Total:0.4803792	 m_precision:0.4545455	 m_recall:0.4545455	 m_f1-score:0.4545455	 m_support:12.0000000	 Mean_Total:0.4803792
2021-08-21 11:31:16,030 -    60 /   301 (19.9%):	 Total:0.4183792	 m_precision:0.4500000	 m_recall:0.4090909	 m_f1-score:0.4285714	 m_support:12.0000000	 Mean_Total:0.5253611
2021-08-21 11:31:17,219 -   120 /   301 (39.9%):	 Total:0.3718354	 m_precision:0.4500000	 m_recall:0.4090909	 m_f1-score:0.4285714	 m_support:12.0000000	 Mean_Total:0.5305749
2021-08-21 11:31:18,459 -   180 /   301 (59.8%):	 Total:0.6202063	 m_precision:0.7000000	 m_recall:0.7000000	 m_f1-score:0.7000000	 m_support:12.0000000	 Mean_Total:0.5194150
2021-08-21 11:31:19,649 -   240 /   301 (79.7%):	 Total:0.3717517	 m_precision:0.4583333	 m_recall:0.5000000	 m_f1-score:0.4782609	 m_support:12.0000000	 Mean_Total:0.5203829
2021-08-21 11:31:20,815 -   300 /   301 (99.7%):	 Total:0.8095827	 m_precision:0.4285714	 m_recall:0.4285714	 m_f1-score:0.4285714	 m_support:8.0000000	 Mean_Total:0.5172621
2021-08-21 11:31:22,201 - 
===============================| start validation |===============================

2021-08-21 11:31:22,202 - 	 Total:0.7241737	 m_precision:0.5790521	 m_recall:0.5767912	 m_f1-score:0.5648343	 m_support:11.9767442
2021-08-21 11:31:22,204 -    ini file updated    
2021-08-21 11:31:22,204 - 
===============================|    epoch 43   |===============================

2021-08-21 11:31:22,585 -     0 /   301 (0.0%):	 Total:0.3380102	 m_precision:0.4545455	 m_recall:0.4545455	 m_f1-score:0.4545455	 m_support:12.0000000	 Mean_Total:0.3380102
2021-08-21 11:31:23,790 -    60 /   301 (19.9%):	 Total:0.7975144	 m_precision:0.9090909	 m_recall:0.6666667	 m_f1-score:0.7000000	 m_support:12.0000000	 Mean_Total:0.4880053
2021-08-21 11:31:24,947 -   120 /   301 (39.9%):	 Total:0.5414861	 m_precision:0.7000000	 m_recall:0.7000000	 m_f1-score:0.7000000	 m_support:12.0000000	 Mean_Total:0.5332808
2021-08-21 11:31:26,124 -   180 /   301 (59.8%):	 Total:0.1780870	 m_precision:1.0000000	 m_recall:1.0000000	 m_f1-score:1.0000000	 m_support:12.0000000	 Mean_Total:0.5172557
2021-08-21 11:31:27,285 -   240 /   301 (79.7%):	 Total:0.6309986	 m_precision:0.7000000	 m_recall:0.7000000	 m_f1-score:0.7000000	 m_support:12.0000000	 Mean_Total:0.5209628
2021-08-21 11:31:28,497 -   300 /   301 (99.7%):	 Total:0.2182037	 m_precision:1.0000000	 m_recall:1.0000000	 m_f1-score:1.0000000	 m_support:8.0000000	 Mean_Total:0.5180594
2021-08-21 11:31:29,960 - 
===============================| start validation |===============================

2021-08-21 11:31:29,962 - 	 Total:0.7374179	 m_precision:0.5405509	 m_recall:0.5636804	 m_f1-score:0.5397815	 m_support:11.9767442
2021-08-21 11:31:29,967 -    ini file updated    
2021-08-21 11:31:29,968 - 
===============================|    epoch 44   |===============================

2021-08-21 11:31:30,480 -     0 /   301 (0.0%):	 Total:1.2534213	 m_precision:0.6500000	 m_recall:0.6111111	 m_f1-score:0.6210526	 m_support:12.0000000	 Mean_Total:1.2534213
2021-08-21 11:31:31,705 -    60 /   301 (19.9%):	 Total:0.3968605	 m_precision:0.4500000	 m_recall:0.4090909	 m_f1-score:0.4285714	 m_support:12.0000000	 Mean_Total:0.5011592
2021-08-21 11:31:32,911 -   120 /   301 (39.9%):	 Total:0.4270419	 m_precision:0.9545455	 m_recall:0.7500000	 m_f1-score:0.8095238	 m_support:12.0000000	 Mean_Total:0.5153390
2021-08-21 11:31:34,092 -   180 /   301 (59.8%):	 Total:0.4017747	 m_precision:0.4545455	 m_recall:0.4545455	 m_f1-score:0.4545455	 m_support:12.0000000	 Mean_Total:0.4974399
2021-08-21 11:31:35,332 -   240 /   301 (79.7%):	 Total:0.4695545	 m_precision:0.9500000	 m_recall:0.8333333	 m_f1-score:0.8736842	 m_support:12.0000000	 Mean_Total:0.5093303
2021-08-21 11:31:36,504 -   300 /   301 (99.7%):	 Total:0.2982993	 m_precision:0.7500000	 m_recall:0.9285714	 m_f1-score:0.7948718	 m_support:8.0000000	 Mean_Total:0.5207525
2021-08-21 11:31:37,929 - 
===============================| start validation |===============================

2021-08-21 11:31:37,931 - 	 Total:0.7525647	 m_precision:0.5375440	 m_recall:0.5562326	 m_f1-score:0.5370229	 m_support:11.9767442
2021-08-21 11:31:37,936 -    ini file updated    
2021-08-21 11:31:37,936 - 
===============================|    epoch 45   |===============================

2021-08-21 11:31:38,387 -     0 /   301 (0.0%):	 Total:0.5554600	 m_precision:0.4500000	 m_recall:0.4090909	 m_f1-score:0.4285714	 m_support:12.0000000	 Mean_Total:0.5554600
2021-08-21 11:31:39,575 -    60 /   301 (19.9%):	 Total:1.2535119	 m_precision:0.4500000	 m_recall:0.4090909	 m_f1-score:0.4285714	 m_support:12.0000000	 Mean_Total:0.5101810
2021-08-21 11:31:40,762 -   120 /   301 (39.9%):	 Total:0.3612169	 m_precision:0.5000000	 m_recall:0.4166667	 m_f1-score:0.4545455	 m_support:12.0000000	 Mean_Total:0.5170572
2021-08-21 11:31:41,944 -   180 /   301 (59.8%):	 Total:0.6650118	 m_precision:0.7000000	 m_recall:0.7000000	 m_f1-score:0.7000000	 m_support:12.0000000	 Mean_Total:0.5255017
2021-08-21 11:31:43,166 -   240 /   301 (79.7%):	 Total:0.7028003	 m_precision:0.4090909	 m_recall:0.4500000	 m_f1-score:0.4285714	 m_support:12.0000000	 Mean_Total:0.5184979
2021-08-21 11:31:44,334 -   300 /   301 (99.7%):	 Total:0.7847986	 m_precision:0.3750000	 m_recall:0.5000000	 m_f1-score:0.4285714	 m_support:8.0000000	 Mean_Total:0.5162316
2021-08-21 11:31:45,700 - 
===============================| start validation |===============================

2021-08-21 11:31:45,701 - 	 Total:0.7451221	 m_precision:0.5343552	 m_recall:0.5248423	 m_f1-score:0.5221341	 m_support:11.9767442
2021-08-21 11:31:45,704 -    ini file updated    
2021-08-21 11:31:45,704 - 
===============================|    epoch 46   |===============================

2021-08-21 11:31:46,149 -     0 /   301 (0.0%):	 Total:0.5840731	 m_precision:0.3750000	 m_recall:0.5000000	 m_f1-score:0.4285714	 m_support:12.0000000	 Mean_Total:0.5840731
2021-08-21 11:31:47,304 -    60 /   301 (19.9%):	 Total:0.3753229	 m_precision:1.0000000	 m_recall:1.0000000	 m_f1-score:1.0000000	 m_support:12.0000000	 Mean_Total:0.5581634
2021-08-21 11:31:48,498 -   120 /   301 (39.9%):	 Total:0.4208880	 m_precision:0.7500000	 m_recall:0.9000000	 m_f1-score:0.7777778	 m_support:12.0000000	 Mean_Total:0.5393178
2021-08-21 11:31:49,650 -   180 /   301 (59.8%):	 Total:0.5970227	 m_precision:0.4545455	 m_recall:0.4545455	 m_f1-score:0.4545455	 m_support:12.0000000	 Mean_Total:0.5296842
2021-08-21 11:31:50,785 -   240 /   301 (79.7%):	 Total:0.3282896	 m_precision:1.0000000	 m_recall:1.0000000	 m_f1-score:1.0000000	 m_support:12.0000000	 Mean_Total:0.5181606
2021-08-21 11:31:51,922 -   300 /   301 (99.7%):	 Total:0.3673263	 m_precision:1.0000000	 m_recall:1.0000000	 m_f1-score:1.0000000	 m_support:8.0000000	 Mean_Total:0.5176861
2021-08-21 11:31:53,359 - 
===============================| start validation |===============================

2021-08-21 11:31:53,360 - 	 Total:0.7507211	 m_precision:0.5601832	 m_recall:0.5606207	 m_f1-score:0.5500022	 m_support:11.9767442
2021-08-21 11:31:53,364 -    ini file updated    
2021-08-21 11:31:53,364 - 
===============================|    epoch 47   |===============================

2021-08-21 11:31:53,782 -     0 /   301 (0.0%):	 Total:0.4620251	 m_precision:0.9545455	 m_recall:0.7500000	 m_f1-score:0.8095238	 m_support:12.0000000	 Mean_Total:0.4620251
2021-08-21 11:31:54,987 -    60 /   301 (19.9%):	 Total:0.7270889	 m_precision:0.6111111	 m_recall:0.6500000	 m_f1-score:0.6210526	 m_support:12.0000000	 Mean_Total:0.4866615
2021-08-21 11:31:56,217 -   120 /   301 (39.9%):	 Total:0.6162162	 m_precision:0.9000000	 m_recall:0.7500000	 m_f1-score:0.7777778	 m_support:12.0000000	 Mean_Total:0.5214730
2021-08-21 11:31:57,465 -   180 /   301 (59.8%):	 Total:0.8198571	 m_precision:0.7000000	 m_recall:0.7000000	 m_f1-score:0.7000000	 m_support:12.0000000	 Mean_Total:0.5220733
2021-08-21 11:31:58,678 -   240 /   301 (79.7%):	 Total:0.5056072	 m_precision:0.5625000	 m_recall:0.6000000	 m_f1-score:0.5555556	 m_support:12.0000000	 Mean_Total:0.5152121
2021-08-21 11:31:59,879 -   300 /   301 (99.7%):	 Total:0.3947720	 m_precision:0.7500000	 m_recall:0.9285714	 m_f1-score:0.7948718	 m_support:8.0000000	 Mean_Total:0.5234764
2021-08-21 11:32:01,244 - 
===============================| start validation |===============================

2021-08-21 11:32:01,245 - 	 Total:0.7242772	 m_precision:0.5304947	 m_recall:0.5429184	 m_f1-score:0.5239852	 m_support:11.9767442
2021-08-21 11:32:01,248 -    ini file updated    
2021-08-21 11:32:01,248 - 
===============================|    epoch 48   |===============================

2021-08-21 11:32:01,635 -     0 /   301 (0.0%):	 Total:0.3597562	 m_precision:0.7500000	 m_recall:0.9545455	 m_f1-score:0.8095238	 m_support:12.0000000	 Mean_Total:0.3597562
2021-08-21 11:32:02,857 -    60 /   301 (19.9%):	 Total:0.3377123	 m_precision:0.9545455	 m_recall:0.7500000	 m_f1-score:0.8095238	 m_support:12.0000000	 Mean_Total:0.5117916
2021-08-21 11:32:04,052 -   120 /   301 (39.9%):	 Total:0.3279724	 m_precision:1.0000000	 m_recall:1.0000000	 m_f1-score:1.0000000	 m_support:12.0000000	 Mean_Total:0.4935068
2021-08-21 11:32:05,283 -   180 /   301 (59.8%):	 Total:0.4778668	 m_precision:0.7000000	 m_recall:0.7000000	 m_f1-score:0.7000000	 m_support:12.0000000	 Mean_Total:0.5004928
2021-08-21 11:32:06,507 -   240 /   301 (79.7%):	 Total:0.9567280	 m_precision:0.4375000	 m_recall:0.4375000	 m_f1-score:0.4375000	 m_support:12.0000000	 Mean_Total:0.5136632
2021-08-21 11:32:07,669 -   300 /   301 (99.7%):	 Total:0.3930564	 m_precision:0.4375000	 m_recall:0.5000000	 m_f1-score:0.4666667	 m_support:8.0000000	 Mean_Total:0.5100569
2021-08-21 11:32:09,156 - 
===============================| start validation |===============================

2021-08-21 11:32:09,157 - 	 Total:0.7376150	 m_precision:0.5645819	 m_recall:0.5760248	 m_f1-score:0.5540675	 m_support:11.9767442
2021-08-21 11:32:09,160 -    ini file updated    
2021-08-21 11:32:09,160 - 
===============================|    epoch 49   |===============================

2021-08-21 11:32:09,564 -     0 /   301 (0.0%):	 Total:0.5093103	 m_precision:0.4583333	 m_recall:0.5000000	 m_f1-score:0.4782609	 m_support:12.0000000	 Mean_Total:0.5093103
2021-08-21 11:32:10,694 -    60 /   301 (19.9%):	 Total:0.3053812	 m_precision:0.5000000	 m_recall:0.4583333	 m_f1-score:0.4782609	 m_support:12.0000000	 Mean_Total:0.5204809
2021-08-21 11:32:11,858 -   120 /   301 (39.9%):	 Total:0.4970174	 m_precision:0.6111111	 m_recall:0.6500000	 m_f1-score:0.6210526	 m_support:12.0000000	 Mean_Total:0.5202752
2021-08-21 11:32:13,003 -   180 /   301 (59.8%):	 Total:0.7684360	 m_precision:0.9444444	 m_recall:0.8750000	 m_f1-score:0.8991597	 m_support:12.0000000	 Mean_Total:0.5041954
2021-08-21 11:32:14,237 -   240 /   301 (79.7%):	 Total:0.6651737	 m_precision:0.4500000	 m_recall:0.4090909	 m_f1-score:0.4285714	 m_support:12.0000000	 Mean_Total:0.5199462
2021-08-21 11:32:15,415 -   300 /   301 (99.7%):	 Total:1.0238769	 m_precision:0.5666667	 m_recall:0.5833333	 m_f1-score:0.5636364	 m_support:8.0000000	 Mean_Total:0.5261499
2021-08-21 11:32:16,781 - 
===============================| start validation |===============================

2021-08-21 11:32:16,783 - 	 Total:0.7508956	 m_precision:0.5517941	 m_recall:0.5518851	 m_f1-score:0.5403594	 m_support:11.9767442
2021-08-21 11:32:16,787 -    ini file updated    
2021-08-21 11:32:16,787 - 
===============================|    epoch 50   |===============================

2021-08-21 11:32:17,185 -     0 /   301 (0.0%):	 Total:0.2556019	 m_precision:1.0000000	 m_recall:1.0000000	 m_f1-score:1.0000000	 m_support:12.0000000	 Mean_Total:0.2556019
2021-08-21 11:32:18,428 -    60 /   301 (19.9%):	 Total:0.4197738	 m_precision:0.6666667	 m_recall:0.9090909	 m_f1-score:0.7000000	 m_support:12.0000000	 Mean_Total:0.4845935
2021-08-21 11:32:19,615 -   120 /   301 (39.9%):	 Total:0.5447416	 m_precision:0.7777778	 m_recall:0.7777778	 m_f1-score:0.7777778	 m_support:12.0000000	 Mean_Total:0.5277480
2021-08-21 11:32:20,779 -   180 /   301 (59.8%):	 Total:0.2288651	 m_precision:1.0000000	 m_recall:1.0000000	 m_f1-score:1.0000000	 m_support:12.0000000	 Mean_Total:0.5259037
2021-08-21 11:32:21,921 -   240 /   301 (79.7%):	 Total:1.4179511	 m_precision:0.7727273	 m_recall:0.5833333	 m_f1-score:0.4957983	 m_support:12.0000000	 Mean_Total:0.5208707
2021-08-21 11:32:23,106 -   300 /   301 (99.7%):	 Total:0.7082620	 m_precision:0.4375000	 m_recall:0.5000000	 m_f1-score:0.4666667	 m_support:8.0000000	 Mean_Total:0.5150034
2021-08-21 11:32:24,570 - 
===============================| start validation |===============================

2021-08-21 11:32:24,571 - 	 Total:0.7253681	 m_precision:0.5685401	 m_recall:0.5616132	 m_f1-score:0.5515201	 m_support:11.9767442
2021-08-21 11:32:24,574 -    ini file updated    
2021-08-21 11:32:24,574 - 
===============================|    epoch 51   |===============================

2021-08-21 11:32:24,988 -     0 /   301 (0.0%):	 Total:0.4866138	 m_precision:0.7000000	 m_recall:0.7000000	 m_f1-score:0.7000000	 m_support:12.0000000	 Mean_Total:0.4866138
2021-08-21 11:32:26,148 -    60 /   301 (19.9%):	 Total:0.5087284	 m_precision:0.6111111	 m_recall:0.6500000	 m_f1-score:0.6210526	 m_support:12.0000000	 Mean_Total:0.4885462
2021-08-21 11:32:27,334 -   120 /   301 (39.9%):	 Total:0.4980469	 m_precision:0.4545455	 m_recall:0.4545455	 m_f1-score:0.4545455	 m_support:12.0000000	 Mean_Total:0.4928603
2021-08-21 11:32:28,489 -   180 /   301 (59.8%):	 Total:0.7927774	 m_precision:0.9090909	 m_recall:0.6666667	 m_f1-score:0.7000000	 m_support:12.0000000	 Mean_Total:0.4876601
2021-08-21 11:32:29,742 -   240 /   301 (79.7%):	 Total:0.3468055	 m_precision:1.0000000	 m_recall:1.0000000	 m_f1-score:1.0000000	 m_support:12.0000000	 Mean_Total:0.4961324
2021-08-21 11:32:30,950 -   300 /   301 (99.7%):	 Total:0.1009177	 m_precision:1.0000000	 m_recall:1.0000000	 m_f1-score:1.0000000	 m_support:8.0000000	 Mean_Total:0.5109201
2021-08-21 11:32:32,385 - 
===============================| start validation |===============================

2021-08-21 11:32:32,386 - 	 Total:0.7393331	 m_precision:0.5473216	 m_recall:0.5594714	 m_f1-score:0.5378152	 m_support:11.9767442
2021-08-21 11:32:32,389 -    ini file updated    
2021-08-21 11:32:32,389 - 
===============================|    epoch 52   |===============================

2021-08-21 11:32:32,806 -     0 /   301 (0.0%):	 Total:0.4686726	 m_precision:0.4545455	 m_recall:0.4545455	 m_f1-score:0.4545455	 m_support:12.0000000	 Mean_Total:0.4686726
2021-08-21 11:32:33,998 -    60 /   301 (19.9%):	 Total:0.8632612	 m_precision:0.4090909	 m_recall:0.4500000	 m_f1-score:0.4285714	 m_support:12.0000000	 Mean_Total:0.5323202
2021-08-21 11:32:35,153 -   120 /   301 (39.9%):	 Total:0.2850624	 m_precision:0.4583333	 m_recall:0.5000000	 m_f1-score:0.4782609	 m_support:12.0000000	 Mean_Total:0.5236663
2021-08-21 11:32:36,301 -   180 /   301 (59.8%):	 Total:0.3408851	 m_precision:0.5000000	 m_recall:0.4583333	 m_f1-score:0.4782609	 m_support:12.0000000	 Mean_Total:0.5216993
2021-08-21 11:32:37,487 -   240 /   301 (79.7%):	 Total:0.9407994	 m_precision:0.3636364	 m_recall:0.4444444	 m_f1-score:0.4000000	 m_support:12.0000000	 Mean_Total:0.5185888
2021-08-21 11:32:38,686 -   300 /   301 (99.7%):	 Total:1.0629354	 m_precision:0.5666667	 m_recall:0.5833333	 m_f1-score:0.5636364	 m_support:8.0000000	 Mean_Total:0.5180455
2021-08-21 11:32:40,123 - 
===============================| start validation |===============================

2021-08-21 11:32:40,124 - 	 Total:0.7512050	 m_precision:0.5320011	 m_recall:0.5524665	 m_f1-score:0.5319516	 m_support:11.9767442
2021-08-21 11:32:40,127 -    ini file updated    
2021-08-21 11:32:40,128 - 
===============================|    epoch 53   |===============================

2021-08-21 11:32:40,576 -     0 /   301 (0.0%):	 Total:0.8711051	 m_precision:0.3636364	 m_recall:0.4444444	 m_f1-score:0.4000000	 m_support:12.0000000	 Mean_Total:0.8711051
2021-08-21 11:32:41,746 -    60 /   301 (19.9%):	 Total:0.3757338	 m_precision:0.6666667	 m_recall:0.9090909	 m_f1-score:0.7000000	 m_support:12.0000000	 Mean_Total:0.5115129
2021-08-21 11:32:43,008 -   120 /   301 (39.9%):	 Total:0.6280423	 m_precision:0.6875000	 m_recall:0.7222222	 m_f1-score:0.6974790	 m_support:12.0000000	 Mean_Total:0.5408808
2021-08-21 11:32:44,283 -   180 /   301 (59.8%):	 Total:0.1189988	 m_precision:1.0000000	 m_recall:1.0000000	 m_f1-score:1.0000000	 m_support:12.0000000	 Mean_Total:0.5278772
2021-08-21 11:32:45,468 -   240 /   301 (79.7%):	 Total:0.4537805	 m_precision:0.8333333	 m_recall:0.9500000	 m_f1-score:0.8736842	 m_support:12.0000000	 Mean_Total:0.5222869
2021-08-21 11:32:46,603 -   300 /   301 (99.7%):	 Total:0.1561370	 m_precision:1.0000000	 m_recall:1.0000000	 m_f1-score:1.0000000	 m_support:8.0000000	 Mean_Total:0.5180872
2021-08-21 11:32:47,977 - 
===============================| start validation |===============================

2021-08-21 11:32:47,978 - 	 Total:0.7698196	 m_precision:0.5164905	 m_recall:0.5391813	 m_f1-score:0.5171336	 m_support:11.9767442
2021-08-21 11:32:47,981 -    ini file updated    
2021-08-21 11:32:47,981 - 
===============================|    epoch 54   |===============================

2021-08-21 11:32:48,361 -     0 /   301 (0.0%):	 Total:0.7823314	 m_precision:0.3636364	 m_recall:0.4444444	 m_f1-score:0.4000000	 m_support:12.0000000	 Mean_Total:0.7823314
2021-08-21 11:32:49,483 -    60 /   301 (19.9%):	 Total:0.6706643	 m_precision:0.4090909	 m_recall:0.4500000	 m_f1-score:0.4285714	 m_support:12.0000000	 Mean_Total:0.5314201
2021-08-21 11:32:50,682 -   120 /   301 (39.9%):	 Total:0.5632136	 m_precision:0.4166667	 m_recall:0.5000000	 m_f1-score:0.4545455	 m_support:12.0000000	 Mean_Total:0.5192666
2021-08-21 11:32:51,900 -   180 /   301 (59.8%):	 Total:0.4020202	 m_precision:0.6666667	 m_recall:0.9090909	 m_f1-score:0.7000000	 m_support:12.0000000	 Mean_Total:0.5273439
2021-08-21 11:32:53,102 -   240 /   301 (79.7%):	 Total:0.3279370	 m_precision:0.7500000	 m_recall:0.9545455	 m_f1-score:0.8095238	 m_support:12.0000000	 Mean_Total:0.5259350
2021-08-21 11:32:54,310 -   300 /   301 (99.7%):	 Total:0.9375821	 m_precision:0.4166667	 m_recall:0.3571429	 m_f1-score:0.3846154	 m_support:8.0000000	 Mean_Total:0.5192964
2021-08-21 11:32:55,877 - 
===============================| start validation |===============================

2021-08-21 11:32:55,879 - 	 Total:0.7476764	 m_precision:0.5375617	 m_recall:0.5512861	 m_f1-score:0.5337090	 m_support:11.9767442
2021-08-21 11:32:55,883 -    ini file updated    
2021-08-21 11:32:55,884 - 
===============================|    epoch 55   |===============================

2021-08-21 11:32:56,279 -     0 /   301 (0.0%):	 Total:0.8267016	 m_precision:0.8636364	 m_recall:0.6250000	 m_f1-score:0.6210526	 m_support:12.0000000	 Mean_Total:0.8267016
2021-08-21 11:32:57,476 -    60 /   301 (19.9%):	 Total:0.7013642	 m_precision:0.9090909	 m_recall:0.6666667	 m_f1-score:0.7000000	 m_support:12.0000000	 Mean_Total:0.5267966
2021-08-21 11:32:58,668 -   120 /   301 (39.9%):	 Total:0.5272659	 m_precision:0.4090909	 m_recall:0.4500000	 m_f1-score:0.4285714	 m_support:12.0000000	 Mean_Total:0.5011773
2021-08-21 11:32:59,869 -   180 /   301 (59.8%):	 Total:0.9877168	 m_precision:0.9090909	 m_recall:0.6666667	 m_f1-score:0.7000000	 m_support:12.0000000	 Mean_Total:0.5022929
2021-08-21 11:33:01,071 -   240 /   301 (79.7%):	 Total:1.1759841	 m_precision:0.8181818	 m_recall:0.6000000	 m_f1-score:0.5555556	 m_support:12.0000000	 Mean_Total:0.5023122
2021-08-21 11:33:02,268 -   300 /   301 (99.7%):	 Total:0.8137230	 m_precision:0.5833333	 m_recall:0.5666667	 m_f1-score:0.5636364	 m_support:8.0000000	 Mean_Total:0.5133881
2021-08-21 11:33:03,578 - 
===============================| start validation |===============================

2021-08-21 11:33:03,580 - 	 Total:0.7508701	 m_precision:0.5304398	 m_recall:0.5236342	 m_f1-score:0.5139427	 m_support:11.9767442
2021-08-21 11:33:03,584 -    ini file updated    
2021-08-21 11:33:03,584 - 
===============================|    epoch 56   |===============================

2021-08-21 11:33:03,973 -     0 /   301 (0.0%):	 Total:0.4374822	 m_precision:0.7500000	 m_recall:0.9545455	 m_f1-score:0.8095238	 m_support:12.0000000	 Mean_Total:0.4374822
2021-08-21 11:33:05,177 -    60 /   301 (19.9%):	 Total:0.2124521	 m_precision:1.0000000	 m_recall:1.0000000	 m_f1-score:1.0000000	 m_support:12.0000000	 Mean_Total:0.5104124
2021-08-21 11:33:06,290 -   120 /   301 (39.9%):	 Total:0.2889557	 m_precision:0.4583333	 m_recall:0.5000000	 m_f1-score:0.4782609	 m_support:12.0000000	 Mean_Total:0.4932150
2021-08-21 11:33:07,457 -   180 /   301 (59.8%):	 Total:0.4928320	 m_precision:0.4500000	 m_recall:0.4090909	 m_f1-score:0.4285714	 m_support:12.0000000	 Mean_Total:0.5128656
2021-08-21 11:33:08,629 -   240 /   301 (79.7%):	 Total:1.0446002	 m_precision:0.6250000	 m_recall:0.6250000	 m_f1-score:0.6250000	 m_support:12.0000000	 Mean_Total:0.5186219
2021-08-21 11:33:09,775 -   300 /   301 (99.7%):	 Total:0.0971461	 m_precision:1.0000000	 m_recall:1.0000000	 m_f1-score:1.0000000	 m_support:8.0000000	 Mean_Total:0.5201973
2021-08-21 11:33:11,364 - 
===============================| start validation |===============================

2021-08-21 11:33:11,365 - 	 Total:0.7509111	 m_precision:0.5405890	 m_recall:0.5432611	 m_f1-score:0.5331044	 m_support:11.9767442
2021-08-21 11:33:11,369 -    ini file updated    
2021-08-21 11:33:11,369 - 
===============================|    epoch 57   |===============================

2021-08-21 11:33:11,765 -     0 /   301 (0.0%):	 Total:0.2481098	 m_precision:1.0000000	 m_recall:1.0000000	 m_f1-score:1.0000000	 m_support:12.0000000	 Mean_Total:0.2481098
2021-08-21 11:33:12,979 -    60 /   301 (19.9%):	 Total:0.2798283	 m_precision:1.0000000	 m_recall:1.0000000	 m_f1-score:1.0000000	 m_support:12.0000000	 Mean_Total:0.4798504
2021-08-21 11:33:14,110 -   120 /   301 (39.9%):	 Total:0.6597971	 m_precision:0.7222222	 m_recall:0.6875000	 m_f1-score:0.6974790	 m_support:12.0000000	 Mean_Total:0.5030443
2021-08-21 11:33:15,260 -   180 /   301 (59.8%):	 Total:0.8347449	 m_precision:0.3750000	 m_recall:0.5000000	 m_f1-score:0.4285714	 m_support:12.0000000	 Mean_Total:0.4990217
2021-08-21 11:33:16,373 -   240 /   301 (79.7%):	 Total:0.3084433	 m_precision:0.6666667	 m_recall:0.9090909	 m_f1-score:0.7000000	 m_support:12.0000000	 Mean_Total:0.5041947
2021-08-21 11:33:17,535 -   300 /   301 (99.7%):	 Total:0.1956419	 m_precision:0.5000000	 m_recall:0.4375000	 m_f1-score:0.4666667	 m_support:8.0000000	 Mean_Total:0.5166640
2021-08-21 11:33:19,006 - 
===============================| start validation |===============================

2021-08-21 11:33:19,007 - 	 Total:0.7484339	 m_precision:0.5522669	 m_recall:0.5365407	 m_f1-score:0.5379822	 m_support:11.9767442
2021-08-21 11:33:19,012 -    ini file updated    
2021-08-21 11:33:19,012 - 
===============================|    epoch 58   |===============================

2021-08-21 11:33:19,417 -     0 /   301 (0.0%):	 Total:0.3682090	 m_precision:0.8333333	 m_recall:0.9500000	 m_f1-score:0.8736842	 m_support:12.0000000	 Mean_Total:0.3682090
2021-08-21 11:33:20,656 -    60 /   301 (19.9%):	 Total:0.2602828	 m_precision:1.0000000	 m_recall:1.0000000	 m_f1-score:1.0000000	 m_support:12.0000000	 Mean_Total:0.4902286
2021-08-21 11:33:21,765 -   120 /   301 (39.9%):	 Total:0.7190503	 m_precision:0.4090909	 m_recall:0.4500000	 m_f1-score:0.4285714	 m_support:12.0000000	 Mean_Total:0.4936248
2021-08-21 11:33:23,025 -   180 /   301 (59.8%):	 Total:0.2152156	 m_precision:0.5000000	 m_recall:0.4583333	 m_f1-score:0.4782609	 m_support:12.0000000	 Mean_Total:0.5139232
2021-08-21 11:33:24,207 -   240 /   301 (79.7%):	 Total:0.6493010	 m_precision:0.3750000	 m_recall:0.5000000	 m_f1-score:0.4285714	 m_support:12.0000000	 Mean_Total:0.5131321
2021-08-21 11:33:25,316 -   300 /   301 (99.7%):	 Total:0.3007047	 m_precision:1.0000000	 m_recall:1.0000000	 m_f1-score:1.0000000	 m_support:8.0000000	 Mean_Total:0.5227541
2021-08-21 11:33:26,612 - 
===============================| start validation |===============================

2021-08-21 11:33:26,614 - 	 Total:0.7403232	 m_precision:0.4955493	 m_recall:0.4985226	 m_f1-score:0.4883379	 m_support:11.9767442
2021-08-21 11:33:26,619 -    ini file updated    
2021-08-21 11:33:26,619 - 
===============================|    epoch 59   |===============================

2021-08-21 11:33:27,014 -     0 /   301 (0.0%):	 Total:0.4827556	 m_precision:0.7000000	 m_recall:0.7000000	 m_f1-score:0.7000000	 m_support:12.0000000	 Mean_Total:0.4827556
2021-08-21 11:33:28,229 -    60 /   301 (19.9%):	 Total:0.6820520	 m_precision:0.7285714	 m_recall:0.7500000	 m_f1-score:0.7333333	 m_support:12.0000000	 Mean_Total:0.5409187
2021-08-21 11:33:29,504 -   120 /   301 (39.9%):	 Total:0.4000201	 m_precision:0.7000000	 m_recall:0.7000000	 m_f1-score:0.7000000	 m_support:12.0000000	 Mean_Total:0.5194170
2021-08-21 11:33:30,625 -   180 /   301 (59.8%):	 Total:0.3802854	 m_precision:0.7000000	 m_recall:0.7000000	 m_f1-score:0.7000000	 m_support:12.0000000	 Mean_Total:0.5169641
2021-08-21 11:33:31,603 -   240 /   301 (79.7%):	 Total:0.4140214	 m_precision:0.8000000	 m_recall:0.8888889	 m_f1-score:0.8125000	 m_support:12.0000000	 Mean_Total:0.5250650
2021-08-21 11:33:32,648 -   300 /   301 (99.7%):	 Total:0.4478722	 m_precision:1.0000000	 m_recall:1.0000000	 m_f1-score:1.0000000	 m_support:8.0000000	 Mean_Total:0.5253018
2021-08-21 11:33:34,178 - 
===============================| start validation |===============================

2021-08-21 11:33:34,180 - 	 Total:0.7398833	 m_precision:0.5219609	 m_recall:0.5188777	 m_f1-score:0.5063291	 m_support:11.9767442
2021-08-21 11:33:34,186 -    ini file updated    
2021-08-21 11:33:34,186 - 
===============================|    epoch 60   |===============================

2021-08-21 11:33:34,620 -     0 /   301 (0.0%):	 Total:0.6286050	 m_precision:0.7777778	 m_recall:0.7777778	 m_f1-score:0.7777778	 m_support:12.0000000	 Mean_Total:0.6286050
2021-08-21 11:33:35,863 -    60 /   301 (19.9%):	 Total:0.3153901	 m_precision:0.4545455	 m_recall:0.4545455	 m_f1-score:0.4545455	 m_support:12.0000000	 Mean_Total:0.5236151
2021-08-21 11:33:36,869 -   120 /   301 (39.9%):	 Total:0.9081072	 m_precision:0.4090909	 m_recall:0.4500000	 m_f1-score:0.4285714	 m_support:12.0000000	 Mean_Total:0.5086317
2021-08-21 11:33:37,952 -   180 /   301 (59.8%):	 Total:0.2449768	 m_precision:0.5000000	 m_recall:0.4166667	 m_f1-score:0.4545455	 m_support:12.0000000	 Mean_Total:0.5128160
2021-08-21 11:33:38,905 -   240 /   301 (79.7%):	 Total:0.4237611	 m_precision:0.4545455	 m_recall:0.4545455	 m_f1-score:0.4545455	 m_support:12.0000000	 Mean_Total:0.5171016
2021-08-21 11:33:39,914 -   300 /   301 (99.7%):	 Total:0.7282844	 m_precision:0.4285714	 m_recall:0.4285714	 m_f1-score:0.4285714	 m_support:8.0000000	 Mean_Total:0.5348629
2021-08-21 11:33:41,326 - 
===============================| start validation |===============================

2021-08-21 11:33:41,329 - 	 Total:0.7448703	 m_precision:0.5143352	 m_recall:0.5416759	 m_f1-score:0.5088053	 m_support:11.9767442
2021-08-21 11:33:41,335 -    ini file updated    
