2021-02-03 13:13:01,493 - 
===============================|    epoch 0   |===============================

2021-02-03 13:13:01,874 -     0 /  8125 (0.0%): 	 Avg_ACC: 0.0000000 	 lr: 0.001000000	 Total:44.757923126
2021-02-03 13:13:35,244 -  1625 /  8125 (20.0%): 	 Avg_ACC: 0.0625000 	 lr: 0.001000000	 Total:2.531110525
2021-02-03 13:14:07,497 -  3250 /  8125 (40.0%): 	 Avg_ACC: 0.0312500 	 lr: 0.001000000	 Total:2.725946426
2021-02-03 13:14:39,126 -  4875 /  8125 (60.0%): 	 Avg_ACC: 0.0000000 	 lr: 0.001000000	 Total:2.693834782
2021-02-03 13:15:11,815 -  6500 /  8125 (80.0%): 	 Avg_ACC: 0.1562500 	 lr: 0.001000000	 Total:2.784219503
2021-02-03 13:15:47,611 - 
===============================| start validation |===============================

2021-02-03 13:15:47,611 - 	 Avg_ACC: 0.0426500 	  Total:4.0606243
2021-02-03 13:15:47,612 -    ini file updated    
2021-02-03 13:15:47,622 - Snapshot saved to /data/users/wergillius/UTR_VAE/pth/RL_regressor_MTL/vali_by_deepest/loosen_l1-model_best.pth

2021-02-03 13:15:47,623 -    ini file updated    
2021-02-03 13:15:47,623 - 
===============================|    epoch 1   |===============================

2021-02-03 13:15:47,967 -     0 /  8125 (0.0%): 	 Avg_ACC: 0.0000000 	 lr: 0.001000000	 Total:2.558302164
2021-02-03 13:16:20,704 -  1625 /  8125 (20.0%): 	 Avg_ACC: 0.0312500 	 lr: 0.001000000	 Total:1.501236200
2021-02-03 13:16:53,066 -  3250 /  8125 (40.0%): 	 Avg_ACC: 0.0312500 	 lr: 0.001000000	 Total:1.954109430
2021-02-03 13:17:24,764 -  4875 /  8125 (60.0%): 	 Avg_ACC: 0.0000000 	 lr: 0.001000000	 Total:2.567954302
2021-02-03 13:17:57,453 -  6500 /  8125 (80.0%): 	 Avg_ACC: 0.0625000 	 lr: 0.001000000	 Total:2.458047152
2021-02-03 13:18:29,897 - 
===============================|    epoch 2   |===============================

2021-02-03 13:18:30,376 -     0 /  8125 (0.0%): 	 Avg_ACC: 0.1250000 	 lr: 0.001000000	 Total:2.173100471
2021-02-03 13:18:52,211 -  1625 /  8125 (20.0%): 	 Avg_ACC: 0.0937500 	 lr: 0.001000000	 Total:2.730753422
2021-02-03 13:19:12,584 -  3250 /  8125 (40.0%): 	 Avg_ACC: 0.0625000 	 lr: 0.001000000	 Total:2.956035614
2021-02-03 13:19:32,587 -  4875 /  8125 (60.0%): 	 Avg_ACC: 0.0937500 	 lr: 0.001000000	 Total:1.986165762
2021-02-03 13:19:53,111 -  6500 /  8125 (80.0%): 	 Avg_ACC: 0.0625000 	 lr: 0.001000000	 Total:1.997381926
2021-02-03 13:20:14,206 - 
===============================|    epoch 3   |===============================

2021-02-03 13:20:14,633 -     0 /  8125 (0.0%): 	 Avg_ACC: 0.1250000 	 lr: 0.001000000	 Total:1.589466333
2021-02-03 13:20:46,562 -  1625 /  8125 (20.0%): 	 Avg_ACC: 0.1250000 	 lr: 0.001000000	 Total:2.165742636
2021-02-03 13:21:17,408 -  3250 /  8125 (40.0%): 	 Avg_ACC: 0.0625000 	 lr: 0.001000000	 Total:2.481779337
2021-02-03 13:21:48,047 -  4875 /  8125 (60.0%): 	 Avg_ACC: 0.0625000 	 lr: 0.001000000	 Total:2.780297756
2021-02-03 13:22:17,826 -  6500 /  8125 (80.0%): 	 Avg_ACC: 0.1250000 	 lr: 0.001000000	 Total:2.095536470
2021-02-03 13:22:47,568 - 
===============================|    epoch 4   |===============================

2021-02-03 13:22:47,965 -     0 /  8125 (0.0%): 	 Avg_ACC: 0.0937500 	 lr: 0.001000000	 Total:2.124149084
2021-02-03 13:23:20,065 -  1625 /  8125 (20.0%): 	 Avg_ACC: 0.1562500 	 lr: 0.001000000	 Total:2.468993664
2021-02-03 13:23:51,130 -  3250 /  8125 (40.0%): 	 Avg_ACC: 0.1562500 	 lr: 0.001000000	 Total:1.855576754
2021-02-03 13:24:23,134 -  4875 /  8125 (60.0%): 	 Avg_ACC: 0.0937500 	 lr: 0.001000000	 Total:2.790538549
2021-02-03 13:24:55,064 -  6500 /  8125 (80.0%): 	 Avg_ACC: 0.0625000 	 lr: 0.001000000	 Total:3.154989243
2021-02-03 13:25:26,028 - 
===============================|    epoch 5   |===============================

2021-02-03 13:25:26,424 -     0 /  8125 (0.0%): 	 Avg_ACC: 0.0000000 	 lr: 0.001000000	 Total:2.828205347
2021-02-03 13:25:58,214 -  1625 /  8125 (20.0%): 	 Avg_ACC: 0.0625000 	 lr: 0.001000000	 Total:2.314792871
2021-02-03 13:26:30,179 -  3250 /  8125 (40.0%): 	 Avg_ACC: 0.0312500 	 lr: 0.001000000	 Total:2.206233263
2021-02-03 13:27:02,717 -  4875 /  8125 (60.0%): 	 Avg_ACC: 0.0312500 	 lr: 0.001000000	 Total:2.696479797
2021-02-03 13:27:34,379 -  6500 /  8125 (80.0%): 	 Avg_ACC: 0.0625000 	 lr: 0.001000000	 Total:2.647811651
2021-02-03 13:28:06,557 - 
===============================|    epoch 6   |===============================

2021-02-03 13:28:06,948 -     0 /  8125 (0.0%): 	 Avg_ACC: 0.0937500 	 lr: 0.001000000	 Total:1.574875474
2021-02-03 13:28:38,907 -  1625 /  8125 (20.0%): 	 Avg_ACC: 0.0312500 	 lr: 0.001000000	 Total:2.297237396
2021-02-03 13:29:10,585 -  3250 /  8125 (40.0%): 	 Avg_ACC: 0.1250000 	 lr: 0.001000000	 Total:2.252934217
2021-02-03 13:29:41,977 -  4875 /  8125 (60.0%): 	 Avg_ACC: 0.0937500 	 lr: 0.001000000	 Total:2.193032026
2021-02-03 13:30:14,017 -  6500 /  8125 (80.0%): 	 Avg_ACC: 0.0000000 	 lr: 0.001000000	 Total:2.626185417
2021-02-03 13:30:46,109 - 
===============================|    epoch 7   |===============================

2021-02-03 13:30:46,465 -     0 /  8125 (0.0%): 	 Avg_ACC: 0.0937500 	 lr: 0.001000000	 Total:3.461366653
2021-02-03 13:31:23,053 -  1625 /  8125 (20.0%): 	 Avg_ACC: 0.0625000 	 lr: 0.001000000	 Total:2.342646837
2021-02-03 13:31:59,415 -  3250 /  8125 (40.0%): 	 Avg_ACC: 0.0625000 	 lr: 0.001000000	 Total:3.137898207
2021-02-03 13:32:33,410 -  4875 /  8125 (60.0%): 	 Avg_ACC: 0.0937500 	 lr: 0.001000000	 Total:3.013658047
2021-02-03 13:33:06,738 -  6500 /  8125 (80.0%): 	 Avg_ACC: 0.0312500 	 lr: 0.001000000	 Total:1.534549952
2021-02-03 13:33:39,484 - 
===============================|    epoch 8   |===============================

2021-02-03 13:33:39,893 -     0 /  8125 (0.0%): 	 Avg_ACC: 0.0625000 	 lr: 0.001000000	 Total:1.936311960
2021-02-03 13:34:14,742 -  1625 /  8125 (20.0%): 	 Avg_ACC: 0.0625000 	 lr: 0.001000000	 Total:2.236826181
2021-02-03 13:34:48,085 -  3250 /  8125 (40.0%): 	 Avg_ACC: 0.0312500 	 lr: 0.001000000	 Total:1.874072790
2021-02-03 13:35:20,407 -  4875 /  8125 (60.0%): 	 Avg_ACC: 0.0312500 	 lr: 0.001000000	 Total:2.851429939
2021-02-03 13:35:54,561 -  6500 /  8125 (80.0%): 	 Avg_ACC: 0.0625000 	 lr: 0.001000000	 Total:2.761982679
2021-02-03 13:36:27,946 - 
===============================|    epoch 9   |===============================

2021-02-03 13:36:28,355 -     0 /  8125 (0.0%): 	 Avg_ACC: 0.1875000 	 lr: 0.001000000	 Total:1.704356790
2021-02-03 13:37:03,080 -  1625 /  8125 (20.0%): 	 Avg_ACC: 0.0625000 	 lr: 0.001000000	 Total:1.870497227
2021-02-03 13:37:35,586 -  3250 /  8125 (40.0%): 	 Avg_ACC: 0.0625000 	 lr: 0.001000000	 Total:2.369668484
2021-02-03 13:38:08,031 -  4875 /  8125 (60.0%): 	 Avg_ACC: 0.0625000 	 lr: 0.001000000	 Total:2.922828436
2021-02-03 13:38:39,900 -  6500 /  8125 (80.0%): 	 Avg_ACC: 0.2812500 	 lr: 0.001000000	 Total:1.777716160
2021-02-03 13:39:12,300 - 
===============================|    epoch 10   |===============================

2021-02-03 13:39:12,713 -     0 /  8125 (0.0%): 	 Avg_ACC: 0.0625000 	 lr: 0.001000000	 Total:1.856806159
2021-02-03 13:39:35,225 -  1625 /  8125 (20.0%): 	 Avg_ACC: 0.0312500 	 lr: 0.001000000	 Total:1.857743979
2021-02-03 13:39:57,805 -  3250 /  8125 (40.0%): 	 Avg_ACC: 0.1562500 	 lr: 0.001000000	 Total:2.964309454
2021-02-03 13:40:20,492 -  4875 /  8125 (60.0%): 	 Avg_ACC: 0.0312500 	 lr: 0.001000000	 Total:2.057727098
2021-02-03 13:40:42,369 -  6500 /  8125 (80.0%): 	 Avg_ACC: 0.0000000 	 lr: 0.001000000	 Total:2.477429390
2021-02-03 13:41:09,021 - 
===============================| start validation |===============================

2021-02-03 13:41:09,021 - 	 Avg_ACC: 0.0428000 	  Total:3.9423226
2021-02-03 13:41:09,022 -    ini file updated    
2021-02-03 13:41:09,032 - Snapshot saved to /data/users/wergillius/UTR_VAE/pth/RL_regressor_MTL/vali_by_deepest/loosen_l1-model_best.pth

2021-02-03 13:41:09,033 -    ini file updated    
2021-02-03 13:41:09,033 - 
===============================|    epoch 11   |===============================

2021-02-03 13:41:09,427 -     0 /  8125 (0.0%): 	 Avg_ACC: 0.1875000 	 lr: 0.001000000	 Total:2.608336926
2021-02-03 13:41:42,407 -  1625 /  8125 (20.0%): 	 Avg_ACC: 0.1875000 	 lr: 0.001000000	 Total:1.643893361
2021-02-03 13:42:14,649 -  3250 /  8125 (40.0%): 	 Avg_ACC: 0.1562500 	 lr: 0.001000000	 Total:2.139086962
2021-02-03 13:42:47,163 -  4875 /  8125 (60.0%): 	 Avg_ACC: 0.0937500 	 lr: 0.001000000	 Total:2.771459341
2021-02-03 13:43:19,348 -  6500 /  8125 (80.0%): 	 Avg_ACC: 0.0312500 	 lr: 0.001000000	 Total:2.000005484
2021-02-03 13:43:52,839 - 
===============================|    epoch 12   |===============================

2021-02-03 13:43:53,248 -     0 /  8125 (0.0%): 	 Avg_ACC: 0.0625000 	 lr: 0.001000000	 Total:2.343243599
2021-02-03 13:44:27,527 -  1625 /  8125 (20.0%): 	 Avg_ACC: 0.0625000 	 lr: 0.001000000	 Total:3.291427612
2021-02-03 13:45:00,792 -  3250 /  8125 (40.0%): 	 Avg_ACC: 0.0312500 	 lr: 0.001000000	 Total:2.552037716
2021-02-03 13:45:32,396 -  4875 /  8125 (60.0%): 	 Avg_ACC: 0.0625000 	 lr: 0.001000000	 Total:3.037642241
2021-02-03 13:46:04,041 -  6500 /  8125 (80.0%): 	 Avg_ACC: 0.0937500 	 lr: 0.001000000	 Total:2.172387123
2021-02-03 13:46:36,730 - 
===============================|    epoch 13   |===============================

2021-02-03 13:46:37,140 -     0 /  8125 (0.0%): 	 Avg_ACC: 0.0625000 	 lr: 0.001000000	 Total:2.095613480
2021-02-03 13:47:13,928 -  1625 /  8125 (20.0%): 	 Avg_ACC: 0.1562500 	 lr: 0.001000000	 Total:2.917947769
2021-02-03 13:47:51,157 -  3250 /  8125 (40.0%): 	 Avg_ACC: 0.0937500 	 lr: 0.001000000	 Total:1.962062001
2021-02-03 13:48:25,017 -  4875 /  8125 (60.0%): 	 Avg_ACC: 0.0625000 	 lr: 0.001000000	 Total:2.460687399
2021-02-03 13:48:57,689 -  6500 /  8125 (80.0%): 	 Avg_ACC: 0.1875000 	 lr: 0.001000000	 Total:3.074378014
2021-02-03 13:49:30,902 - 
===============================|    epoch 14   |===============================

2021-02-03 13:49:31,265 -     0 /  8125 (0.0%): 	 Avg_ACC: 0.0625000 	 lr: 0.001000000	 Total:3.337140560
2021-02-03 13:50:05,175 -  1625 /  8125 (20.0%): 	 Avg_ACC: 0.0312500 	 lr: 0.001000000	 Total:2.374374151
2021-02-03 13:50:37,540 -  3250 /  8125 (40.0%): 	 Avg_ACC: 0.0625000 	 lr: 0.001000000	 Total:3.483048677
2021-02-03 13:51:10,383 -  4875 /  8125 (60.0%): 	 Avg_ACC: 0.0312500 	 lr: 0.001000000	 Total:2.080790043
2021-02-03 13:51:42,829 -  6500 /  8125 (80.0%): 	 Avg_ACC: 0.0937500 	 lr: 0.001000000	 Total:2.506313562
2021-02-03 13:52:17,090 - 
===============================|    epoch 15   |===============================

2021-02-03 13:52:17,465 -     0 /  8125 (0.0%): 	 Avg_ACC: 0.1250000 	 lr: 0.001000000	 Total:3.266062260
2021-02-03 13:52:51,180 -  1625 /  8125 (20.0%): 	 Avg_ACC: 0.0312500 	 lr: 0.001000000	 Total:2.218361616
2021-02-03 13:53:23,326 -  3250 /  8125 (40.0%): 	 Avg_ACC: 0.0000000 	 lr: 0.001000000	 Total:3.270023346
2021-02-03 13:53:55,005 -  4875 /  8125 (60.0%): 	 Avg_ACC: 0.0625000 	 lr: 0.001000000	 Total:3.751490831
2021-02-03 13:54:26,978 -  6500 /  8125 (80.0%): 	 Avg_ACC: 0.0312500 	 lr: 0.001000000	 Total:2.913800001
2021-02-03 13:54:59,005 - 
===============================|    epoch 16   |===============================

2021-02-03 13:54:59,419 -     0 /  8125 (0.0%): 	 Avg_ACC: 0.0625000 	 lr: 0.001000000	 Total:2.021177769
2021-02-03 13:55:34,808 -  1625 /  8125 (20.0%): 	 Avg_ACC: 0.1562500 	 lr: 0.001000000	 Total:2.404328346
2021-02-03 13:56:08,884 -  3250 /  8125 (40.0%): 	 Avg_ACC: 0.0625000 	 lr: 0.001000000	 Total:2.244289160
2021-02-03 13:56:42,429 -  4875 /  8125 (60.0%): 	 Avg_ACC: 0.0000000 	 lr: 0.001000000	 Total:2.055211544
2021-02-03 13:57:15,976 -  6500 /  8125 (80.0%): 	 Avg_ACC: 0.0937500 	 lr: 0.001000000	 Total:3.490777731
2021-02-03 13:57:49,378 - 
===============================|    epoch 17   |===============================

2021-02-03 13:57:49,724 -     0 /  8125 (0.0%): 	 Avg_ACC: 0.0625000 	 lr: 0.001000000	 Total:1.953146696
2021-02-03 13:58:20,106 -  1625 /  8125 (20.0%): 	 Avg_ACC: 0.1250000 	 lr: 0.001000000	 Total:1.684108615
2021-02-03 13:58:48,340 -  3250 /  8125 (40.0%): 	 Avg_ACC: 0.0312500 	 lr: 0.001000000	 Total:2.584292412
2021-02-03 13:59:18,006 -  4875 /  8125 (60.0%): 	 Avg_ACC: 0.0312500 	 lr: 0.001000000	 Total:3.066794395
2021-02-03 13:59:47,565 -  6500 /  8125 (80.0%): 	 Avg_ACC: 0.0937500 	 lr: 0.001000000	 Total:2.253412962
2021-02-03 14:00:17,592 - 
===============================|    epoch 18   |===============================

2021-02-03 14:00:17,982 -     0 /  8125 (0.0%): 	 Avg_ACC: 0.0312500 	 lr: 0.001000000	 Total:2.657404900
2021-02-03 14:00:50,590 -  1625 /  8125 (20.0%): 	 Avg_ACC: 0.0625000 	 lr: 0.001000000	 Total:2.019865990
2021-02-03 14:01:22,613 -  3250 /  8125 (40.0%): 	 Avg_ACC: 0.0000000 	 lr: 0.001000000	 Total:2.171175003
2021-02-03 14:01:54,539 -  4875 /  8125 (60.0%): 	 Avg_ACC: 0.0312500 	 lr: 0.001000000	 Total:3.389431477
2021-02-03 14:02:25,991 -  6500 /  8125 (80.0%): 	 Avg_ACC: 0.0625000 	 lr: 0.001000000	 Total:2.437031507
2021-02-03 14:02:57,938 - 
===============================|    epoch 19   |===============================

2021-02-03 14:02:58,326 -     0 /  8125 (0.0%): 	 Avg_ACC: 0.0625000 	 lr: 0.001000000	 Total:2.206559658
2021-02-03 14:03:30,863 -  1625 /  8125 (20.0%): 	 Avg_ACC: 0.0937500 	 lr: 0.001000000	 Total:2.876596928
2021-02-03 14:04:01,311 -  3250 /  8125 (40.0%): 	 Avg_ACC: 0.0625000 	 lr: 0.001000000	 Total:2.161797047
2021-02-03 14:04:32,605 -  4875 /  8125 (60.0%): 	 Avg_ACC: 0.0937500 	 lr: 0.001000000	 Total:1.885607362
2021-02-03 14:05:04,932 -  6500 /  8125 (80.0%): 	 Avg_ACC: 0.0000000 	 lr: 0.001000000	 Total:2.802510500
2021-02-03 14:05:37,033 - 
===============================|    epoch 20   |===============================

2021-02-03 14:05:37,437 -     0 /  8125 (0.0%): 	 Avg_ACC: 0.1250000 	 lr: 0.001000000	 Total:3.035813093
2021-02-03 14:05:57,834 -  1625 /  8125 (20.0%): 	 Avg_ACC: 0.0625000 	 lr: 0.001000000	 Total:2.465739012
2021-02-03 14:06:18,194 -  3250 /  8125 (40.0%): 	 Avg_ACC: 0.0625000 	 lr: 0.001000000	 Total:2.662419796
2021-02-03 14:06:39,012 -  4875 /  8125 (60.0%): 	 Avg_ACC: 0.0625000 	 lr: 0.001000000	 Total:3.018618107
2021-02-03 14:06:59,117 -  6500 /  8125 (80.0%): 	 Avg_ACC: 0.0312500 	 lr: 0.001000000	 Total:3.483793020
2021-02-03 14:07:23,002 - 
===============================| start validation |===============================

2021-02-03 14:07:23,002 - 	 Avg_ACC: 0.0431000 	  Total:4.0548548
2021-02-03 14:07:23,003 -    ini file updated    
2021-02-03 14:07:23,013 - Snapshot saved to /data/users/wergillius/UTR_VAE/pth/RL_regressor_MTL/vali_by_deepest/loosen_l1-model_best.pth

2021-02-03 14:07:23,014 -    ini file updated    
2021-02-03 14:07:23,014 - 
===============================|    epoch 21   |===============================

2021-02-03 14:07:23,399 -     0 /  8125 (0.0%): 	 Avg_ACC: 0.0625000 	 lr: 0.001000000	 Total:2.240163326
2021-02-03 14:07:56,080 -  1625 /  8125 (20.0%): 	 Avg_ACC: 0.0625000 	 lr: 0.001000000	 Total:2.694110155
2021-02-03 14:08:28,910 -  3250 /  8125 (40.0%): 	 Avg_ACC: 0.0625000 	 lr: 0.001000000	 Total:2.242205620
2021-02-03 14:09:00,819 -  4875 /  8125 (60.0%): 	 Avg_ACC: 0.0000000 	 lr: 0.001000000	 Total:2.188182354
2021-02-03 14:09:32,586 -  6500 /  8125 (80.0%): 	 Avg_ACC: 0.0937500 	 lr: 0.001000000	 Total:3.003557682
2021-02-03 14:10:04,718 - 
===============================|    epoch 22   |===============================

2021-02-03 14:10:05,098 -     0 /  8125 (0.0%): 	 Avg_ACC: 0.0625000 	 lr: 0.001000000	 Total:3.091806173
2021-02-03 14:10:38,088 -  1625 /  8125 (20.0%): 	 Avg_ACC: 0.0937500 	 lr: 0.001000000	 Total:1.840258241
2021-02-03 14:11:10,677 -  3250 /  8125 (40.0%): 	 Avg_ACC: 0.0625000 	 lr: 0.001000000	 Total:2.673187256
2021-02-03 14:11:42,759 -  4875 /  8125 (60.0%): 	 Avg_ACC: 0.0937500 	 lr: 0.001000000	 Total:3.156451225
2021-02-03 14:12:16,290 -  6500 /  8125 (80.0%): 	 Avg_ACC: 0.0312500 	 lr: 0.001000000	 Total:2.532478809
2021-02-03 14:12:49,106 - 
===============================|    epoch 23   |===============================

2021-02-03 14:12:49,492 -     0 /  8125 (0.0%): 	 Avg_ACC: 0.0937500 	 lr: 0.001000000	 Total:2.670545816
2021-02-03 14:13:22,609 -  1625 /  8125 (20.0%): 	 Avg_ACC: 0.0312500 	 lr: 0.001000000	 Total:2.279989719
2021-02-03 14:13:54,580 -  3250 /  8125 (40.0%): 	 Avg_ACC: 0.0312500 	 lr: 0.001000000	 Total:3.655078888
2021-02-03 14:14:25,959 -  4875 /  8125 (60.0%): 	 Avg_ACC: 0.0312500 	 lr: 0.001000000	 Total:2.982516766
2021-02-03 14:14:57,692 -  6500 /  8125 (80.0%): 	 Avg_ACC: 0.0625000 	 lr: 0.001000000	 Total:3.242177725
2021-02-03 14:15:29,407 - 
===============================|    epoch 24   |===============================

2021-02-03 14:15:29,846 -     0 /  8125 (0.0%): 	 Avg_ACC: 0.0312500 	 lr: 0.001000000	 Total:3.132762194
2021-02-03 14:15:59,654 -  1625 /  8125 (20.0%): 	 Avg_ACC: 0.0312500 	 lr: 0.001000000	 Total:2.916529655
2021-02-03 14:16:28,546 -  3250 /  8125 (40.0%): 	 Avg_ACC: 0.0625000 	 lr: 0.001000000	 Total:2.397532940
2021-02-03 14:16:58,081 -  4875 /  8125 (60.0%): 	 Avg_ACC: 0.0000000 	 lr: 0.001000000	 Total:3.022513151
2021-02-03 14:17:28,170 -  6500 /  8125 (80.0%): 	 Avg_ACC: 0.0937500 	 lr: 0.001000000	 Total:1.921189547
2021-02-03 14:17:57,341 - 
===============================|    epoch 25   |===============================

2021-02-03 14:17:57,739 -     0 /  8125 (0.0%): 	 Avg_ACC: 0.0937500 	 lr: 0.001000000	 Total:2.799227476
2021-02-03 14:18:28,716 -  1625 /  8125 (20.0%): 	 Avg_ACC: 0.1250000 	 lr: 0.001000000	 Total:2.112276793
2021-02-03 14:18:59,453 -  3250 /  8125 (40.0%): 	 Avg_ACC: 0.0937500 	 lr: 0.001000000	 Total:3.824262619
2021-02-03 14:19:33,072 -  4875 /  8125 (60.0%): 	 Avg_ACC: 0.0625000 	 lr: 0.001000000	 Total:3.449514151
2021-02-03 14:20:07,897 -  6500 /  8125 (80.0%): 	 Avg_ACC: 0.0312500 	 lr: 0.001000000	 Total:2.636640549
2021-02-03 14:20:42,863 - 
===============================|    epoch 26   |===============================

2021-02-03 14:20:43,303 -     0 /  8125 (0.0%): 	 Avg_ACC: 0.0625000 	 lr: 0.001000000	 Total:1.964742661
2021-02-03 14:21:19,110 -  1625 /  8125 (20.0%): 	 Avg_ACC: 0.0312500 	 lr: 0.001000000	 Total:3.552222967
2021-02-03 14:21:54,040 -  3250 /  8125 (40.0%): 	 Avg_ACC: 0.0625000 	 lr: 0.001000000	 Total:1.466235161
2021-02-03 14:22:28,403 -  4875 /  8125 (60.0%): 	 Avg_ACC: 0.0625000 	 lr: 0.001000000	 Total:2.496578455
2021-02-03 14:23:00,722 -  6500 /  8125 (80.0%): 	 Avg_ACC: 0.0937500 	 lr: 0.001000000	 Total:2.698881865
2021-02-03 14:23:35,861 - 
===============================|    epoch 27   |===============================

2021-02-03 14:23:36,196 -     0 /  8125 (0.0%): 	 Avg_ACC: 0.0625000 	 lr: 0.001000000	 Total:2.739829540
2021-02-03 14:24:11,286 -  1625 /  8125 (20.0%): 	 Avg_ACC: 0.2500000 	 lr: 0.001000000	 Total:1.476368666
2021-02-03 14:24:43,824 -  3250 /  8125 (40.0%): 	 Avg_ACC: 0.0625000 	 lr: 0.001000000	 Total:2.081226110
2021-02-03 14:25:17,409 -  4875 /  8125 (60.0%): 	 Avg_ACC: 0.0312500 	 lr: 0.001000000	 Total:2.826716661
2021-02-03 14:25:52,308 -  6500 /  8125 (80.0%): 	 Avg_ACC: 0.0937500 	 lr: 0.001000000	 Total:2.932437658
2021-02-03 14:26:27,508 - 
===============================|    epoch 28   |===============================

2021-02-03 14:26:27,885 -     0 /  8125 (0.0%): 	 Avg_ACC: 0.0937500 	 lr: 0.001000000	 Total:3.121591330
2021-02-03 14:27:02,036 -  1625 /  8125 (20.0%): 	 Avg_ACC: 0.0312500 	 lr: 0.001000000	 Total:2.615487576
2021-02-03 14:27:35,454 -  3250 /  8125 (40.0%): 	 Avg_ACC: 0.2187500 	 lr: 0.001000000	 Total:2.570236683
2021-02-03 14:28:09,226 -  4875 /  8125 (60.0%): 	 Avg_ACC: 0.0000000 	 lr: 0.001000000	 Total:3.724718332
2021-02-03 14:28:41,864 -  6500 /  8125 (80.0%): 	 Avg_ACC: 0.0625000 	 lr: 0.001000000	 Total:2.448634148
2021-02-03 14:29:15,170 - 
===============================|    epoch 29   |===============================

2021-02-03 14:29:15,527 -     0 /  8125 (0.0%): 	 Avg_ACC: 0.1250000 	 lr: 0.001000000	 Total:2.486962080
2021-02-03 14:29:51,153 -  1625 /  8125 (20.0%): 	 Avg_ACC: 0.0312500 	 lr: 0.001000000	 Total:2.974440575
2021-02-03 14:30:26,481 -  3250 /  8125 (40.0%): 	 Avg_ACC: 0.0000000 	 lr: 0.001000000	 Total:2.858976841
2021-02-03 14:31:01,012 -  4875 /  8125 (60.0%): 	 Avg_ACC: 0.1562500 	 lr: 0.001000000	 Total:1.860323906
2021-02-03 14:31:35,435 -  6500 /  8125 (80.0%): 	 Avg_ACC: 0.0625000 	 lr: 0.001000000	 Total:2.800970078
2021-02-03 14:32:09,121 - 
===============================|    epoch 30   |===============================

2021-02-03 14:32:09,497 -     0 /  8125 (0.0%): 	 Avg_ACC: 0.0312500 	 lr: 0.001000000	 Total:2.863650799
2021-02-03 14:32:40,118 -  1625 /  8125 (20.0%): 	 Avg_ACC: 0.1562500 	 lr: 0.001000000	 Total:1.838243604
2021-02-03 14:33:13,750 -  3250 /  8125 (40.0%): 	 Avg_ACC: 0.1250000 	 lr: 0.001000000	 Total:2.460683346
2021-02-03 14:33:49,496 -  4875 /  8125 (60.0%): 	 Avg_ACC: 0.1875000 	 lr: 0.001000000	 Total:2.304211378
2021-02-03 14:34:25,503 -  6500 /  8125 (80.0%): 	 Avg_ACC: 0.0937500 	 lr: 0.001000000	 Total:2.559157610
2021-02-03 14:35:11,395 - 
===============================| start validation |===============================

2021-02-03 14:35:11,396 - 	 Avg_ACC: 0.0437500 	  Total:4.1818398
2021-02-03 14:35:11,397 -    ini file updated    
2021-02-03 14:35:11,410 - Snapshot saved to /data/users/wergillius/UTR_VAE/pth/RL_regressor_MTL/vali_by_deepest/loosen_l1-model_best.pth

2021-02-03 14:35:11,411 -    ini file updated    
2021-02-03 14:35:11,411 - 
===============================|    epoch 31   |===============================

2021-02-03 14:35:11,860 -     0 /  8125 (0.0%): 	 Avg_ACC: 0.1250000 	 lr: 0.001000000	 Total:1.736333370
2021-02-03 14:35:54,368 -  1625 /  8125 (20.0%): 	 Avg_ACC: 0.0312500 	 lr: 0.001000000	 Total:2.783608675
2021-02-03 14:36:33,899 -  3250 /  8125 (40.0%): 	 Avg_ACC: 0.0937500 	 lr: 0.001000000	 Total:3.028842926
2021-02-03 14:37:15,359 -  4875 /  8125 (60.0%): 	 Avg_ACC: 0.0937500 	 lr: 0.001000000	 Total:1.663747430
2021-02-03 14:37:55,698 -  6500 /  8125 (80.0%): 	 Avg_ACC: 0.0937500 	 lr: 0.001000000	 Total:2.486106634
2021-02-03 14:38:35,323 - 
===============================|    epoch 32   |===============================

2021-02-03 14:38:35,775 -     0 /  8125 (0.0%): 	 Avg_ACC: 0.0937500 	 lr: 0.001000000	 Total:2.223266363
2021-02-03 14:39:15,497 -  1625 /  8125 (20.0%): 	 Avg_ACC: 0.0625000 	 lr: 0.001000000	 Total:2.723338366
2021-02-03 14:39:53,114 -  3250 /  8125 (40.0%): 	 Avg_ACC: 0.0312500 	 lr: 0.001000000	 Total:2.975017786
2021-02-03 14:40:31,188 -  4875 /  8125 (60.0%): 	 Avg_ACC: 0.0312500 	 lr: 0.001000000	 Total:2.058109760
2021-02-03 14:41:10,605 -  6500 /  8125 (80.0%): 	 Avg_ACC: 0.0625000 	 lr: 0.001000000	 Total:1.572113395
2021-02-03 14:41:50,253 - 
===============================|    epoch 33   |===============================

2021-02-03 14:41:50,786 -     0 /  8125 (0.0%): 	 Avg_ACC: 0.0625000 	 lr: 0.001000000	 Total:2.988534212
2021-02-03 14:42:19,718 -  1625 /  8125 (20.0%): 	 Avg_ACC: 0.0312500 	 lr: 0.001000000	 Total:2.356581211
2021-02-03 14:42:47,842 -  3250 /  8125 (40.0%): 	 Avg_ACC: 0.0625000 	 lr: 0.001000000	 Total:3.006965637
2021-02-03 14:43:17,934 -  4875 /  8125 (60.0%): 	 Avg_ACC: 0.0625000 	 lr: 0.001000000	 Total:2.723123312
2021-02-03 14:43:48,256 -  6500 /  8125 (80.0%): 	 Avg_ACC: 0.0625000 	 lr: 0.001000000	 Total:2.941271067
2021-02-03 14:44:17,991 - 
===============================|    epoch 34   |===============================

2021-02-03 14:44:18,440 -     0 /  8125 (0.0%): 	 Avg_ACC: 0.0000000 	 lr: 0.001000000	 Total:3.018159866
2021-02-03 14:44:48,381 -  1625 /  8125 (20.0%): 	 Avg_ACC: 0.0000000 	 lr: 0.001000000	 Total:3.145063162
2021-02-03 14:45:17,725 -  3250 /  8125 (40.0%): 	 Avg_ACC: 0.0937500 	 lr: 0.001000000	 Total:1.710491180
2021-02-03 14:45:46,600 -  4875 /  8125 (60.0%): 	 Avg_ACC: 0.0625000 	 lr: 0.001000000	 Total:3.151042461
2021-02-03 14:46:16,388 -  6500 /  8125 (80.0%): 	 Avg_ACC: 0.0937500 	 lr: 0.001000000	 Total:2.346417665
2021-02-03 14:46:45,607 - 
===============================|    epoch 35   |===============================

2021-02-03 14:46:46,054 -     0 /  8125 (0.0%): 	 Avg_ACC: 0.1562500 	 lr: 0.001000000	 Total:2.175627947
2021-02-03 14:47:24,677 -  1625 /  8125 (20.0%): 	 Avg_ACC: 0.0000000 	 lr: 0.001000000	 Total:2.351663828
2021-02-03 14:48:02,836 -  3250 /  8125 (40.0%): 	 Avg_ACC: 0.0937500 	 lr: 0.001000000	 Total:2.641455412
2021-02-03 14:48:39,984 -  4875 /  8125 (60.0%): 	 Avg_ACC: 0.0312500 	 lr: 0.001000000	 Total:2.397194862
2021-02-03 14:49:17,237 -  6500 /  8125 (80.0%): 	 Avg_ACC: 0.1250000 	 lr: 0.001000000	 Total:3.649897814
2021-02-03 14:49:54,201 - 
===============================|    epoch 36   |===============================

2021-02-03 14:49:54,719 -     0 /  8125 (0.0%): 	 Avg_ACC: 0.0937500 	 lr: 0.001000000	 Total:2.681522608
2021-02-03 14:50:21,435 -  1625 /  8125 (20.0%): 	 Avg_ACC: 0.0625000 	 lr: 0.001000000	 Total:2.412207365
2021-02-03 14:50:49,065 -  3250 /  8125 (40.0%): 	 Avg_ACC: 0.0312500 	 lr: 0.001000000	 Total:3.621908903
2021-02-03 14:51:17,104 -  4875 /  8125 (60.0%): 	 Avg_ACC: 0.0625000 	 lr: 0.001000000	 Total:2.317495584
2021-02-03 14:51:44,968 -  6500 /  8125 (80.0%): 	 Avg_ACC: 0.0312500 	 lr: 0.001000000	 Total:1.702273250
2021-02-03 14:52:12,859 - 
===============================|    epoch 37   |===============================

2021-02-03 14:52:13,357 -     0 /  8125 (0.0%): 	 Avg_ACC: 0.0000000 	 lr: 0.001000000	 Total:3.116321802
2021-02-03 14:52:49,883 -  1625 /  8125 (20.0%): 	 Avg_ACC: 0.0937500 	 lr: 0.001000000	 Total:1.929740906
2021-02-03 14:53:26,042 -  3250 /  8125 (40.0%): 	 Avg_ACC: 0.0312500 	 lr: 0.001000000	 Total:1.808317423
2021-02-03 14:54:01,312 -  4875 /  8125 (60.0%): 	 Avg_ACC: 0.0625000 	 lr: 0.001000000	 Total:3.219674349
2021-02-03 14:54:37,413 -  6500 /  8125 (80.0%): 	 Avg_ACC: 0.0312500 	 lr: 0.001000000	 Total:2.628661394
2021-02-03 14:55:12,571 - 
===============================|    epoch 38   |===============================

2021-02-03 14:55:13,118 -     0 /  8125 (0.0%): 	 Avg_ACC: 0.0937500 	 lr: 0.001000000	 Total:2.104840040
2021-02-03 14:55:51,662 -  1625 /  8125 (20.0%): 	 Avg_ACC: 0.0000000 	 lr: 0.001000000	 Total:2.602861881
2021-02-03 14:56:29,297 -  3250 /  8125 (40.0%): 	 Avg_ACC: 0.0625000 	 lr: 0.001000000	 Total:1.587689042
2021-02-03 14:57:05,903 -  4875 /  8125 (60.0%): 	 Avg_ACC: 0.0000000 	 lr: 0.001000000	 Total:2.259920120
2021-02-03 14:57:42,505 -  6500 /  8125 (80.0%): 	 Avg_ACC: 0.1562500 	 lr: 0.001000000	 Total:2.106683254
2021-02-03 14:58:19,899 - 
===============================|    epoch 39   |===============================

2021-02-03 14:58:20,343 -     0 /  8125 (0.0%): 	 Avg_ACC: 0.0312500 	 lr: 0.001000000	 Total:2.643841505
2021-02-03 14:58:56,710 -  1625 /  8125 (20.0%): 	 Avg_ACC: 0.0312500 	 lr: 0.001000000	 Total:2.733844280
2021-02-03 14:59:32,290 -  3250 /  8125 (40.0%): 	 Avg_ACC: 0.0000000 	 lr: 0.001000000	 Total:2.881135702
2021-02-03 15:00:06,985 -  4875 /  8125 (60.0%): 	 Avg_ACC: 0.0625000 	 lr: 0.001000000	 Total:2.302541494
2021-02-03 15:00:45,184 -  6500 /  8125 (80.0%): 	 Avg_ACC: 0.0312500 	 lr: 0.001000000	 Total:2.842912197
2021-02-03 15:01:23,044 - 
===============================|    epoch 40   |===============================

2021-02-03 15:01:23,503 -     0 /  8125 (0.0%): 	 Avg_ACC: 0.0000000 	 lr: 0.001000000	 Total:2.457580805
2021-02-03 15:01:59,057 -  1625 /  8125 (20.0%): 	 Avg_ACC: 0.0625000 	 lr: 0.001000000	 Total:3.340897322
2021-02-03 15:02:34,534 -  3250 /  8125 (40.0%): 	 Avg_ACC: 0.0625000 	 lr: 0.001000000	 Total:1.997098207
2021-02-03 15:03:10,131 -  4875 /  8125 (60.0%): 	 Avg_ACC: 0.0937500 	 lr: 0.001000000	 Total:1.587511301
2021-02-03 15:03:45,778 -  6500 /  8125 (80.0%): 	 Avg_ACC: 0.0937500 	 lr: 0.001000000	 Total:2.105461359
2021-02-03 15:04:27,718 - 
===============================| start validation |===============================

2021-02-03 15:04:27,718 - 	 Avg_ACC: 0.0430000 	  Total:4.0873986
2021-02-03 15:04:27,719 -    ini file updated    
2021-02-03 15:04:27,719 - 
===============================|    epoch 41   |===============================

2021-02-03 15:04:28,200 -     0 /  8125 (0.0%): 	 Avg_ACC: 0.0625000 	 lr: 0.001000000	 Total:2.242130041
2021-02-03 15:05:06,437 -  1625 /  8125 (20.0%): 	 Avg_ACC: 0.0937500 	 lr: 0.001000000	 Total:1.519011378
2021-02-03 15:05:42,864 -  3250 /  8125 (40.0%): 	 Avg_ACC: 0.0312500 	 lr: 0.001000000	 Total:3.222988129
2021-02-03 15:06:20,605 -  4875 /  8125 (60.0%): 	 Avg_ACC: 0.1250000 	 lr: 0.001000000	 Total:2.187547922
2021-02-03 15:06:56,031 -  6500 /  8125 (80.0%): 	 Avg_ACC: 0.0625000 	 lr: 0.001000000	 Total:2.319535017
2021-02-03 15:07:34,236 - 
===============================|    epoch 42   |===============================

2021-02-03 15:07:34,737 -     0 /  8125 (0.0%): 	 Avg_ACC: 0.0625000 	 lr: 0.001000000	 Total:1.794708252
2021-02-03 15:08:13,716 -  1625 /  8125 (20.0%): 	 Avg_ACC: 0.0000000 	 lr: 0.001000000	 Total:2.957259893
2021-02-03 15:08:51,680 -  3250 /  8125 (40.0%): 	 Avg_ACC: 0.0937500 	 lr: 0.001000000	 Total:1.991452336
2021-02-03 15:09:30,088 -  4875 /  8125 (60.0%): 	 Avg_ACC: 0.0312500 	 lr: 0.001000000	 Total:2.940974474
2021-02-03 15:10:07,190 -  6500 /  8125 (80.0%): 	 Avg_ACC: 0.1250000 	 lr: 0.001000000	 Total:2.097950220
2021-02-03 15:10:43,188 - 
===============================|    epoch 43   |===============================

2021-02-03 15:10:43,645 -     0 /  8125 (0.0%): 	 Avg_ACC: 0.0937500 	 lr: 0.001000000	 Total:2.791372538
2021-02-03 15:11:17,258 -  1625 /  8125 (20.0%): 	 Avg_ACC: 0.0937500 	 lr: 0.001000000	 Total:1.944081426
2021-02-03 15:11:47,707 -  3250 /  8125 (40.0%): 	 Avg_ACC: 0.0625000 	 lr: 0.001000000	 Total:1.996503592
2021-02-03 15:12:17,603 -  4875 /  8125 (60.0%): 	 Avg_ACC: 0.1562500 	 lr: 0.001000000	 Total:2.954346895
2021-02-03 15:12:48,450 -  6500 /  8125 (80.0%): 	 Avg_ACC: 0.0937500 	 lr: 0.001000000	 Total:2.279345989
2021-02-03 15:13:20,570 - 
===============================|    epoch 44   |===============================

2021-02-03 15:13:21,086 -     0 /  8125 (0.0%): 	 Avg_ACC: 0.0937500 	 lr: 0.001000000	 Total:1.977715135
2021-02-03 15:13:58,504 -  1625 /  8125 (20.0%): 	 Avg_ACC: 0.0312500 	 lr: 0.001000000	 Total:2.383585453
2021-02-03 15:14:35,274 -  3250 /  8125 (40.0%): 	 Avg_ACC: 0.0312500 	 lr: 0.001000000	 Total:3.696530104
2021-02-03 15:15:10,902 -  4875 /  8125 (60.0%): 	 Avg_ACC: 0.0937500 	 lr: 0.001000000	 Total:3.448617220
2021-02-03 15:15:47,460 -  6500 /  8125 (80.0%): 	 Avg_ACC: 0.0625000 	 lr: 0.001000000	 Total:1.899541616
2021-02-03 15:16:24,227 - 
===============================|    epoch 45   |===============================

2021-02-03 15:16:24,718 -     0 /  8125 (0.0%): 	 Avg_ACC: 0.0312500 	 lr: 0.001000000	 Total:2.076786757
2021-02-03 15:16:59,844 -  1625 /  8125 (20.0%): 	 Avg_ACC: 0.0625000 	 lr: 0.001000000	 Total:3.001863956
2021-02-03 15:17:35,055 -  3250 /  8125 (40.0%): 	 Avg_ACC: 0.0312500 	 lr: 0.001000000	 Total:2.444874287
2021-02-03 15:18:12,866 -  4875 /  8125 (60.0%): 	 Avg_ACC: 0.1250000 	 lr: 0.001000000	 Total:2.892443419
2021-02-03 15:19:00,565 -  6500 /  8125 (80.0%): 	 Avg_ACC: 0.0625000 	 lr: 0.001000000	 Total:2.378777266
2021-02-03 15:19:46,497 - 
===============================|    epoch 46   |===============================

2021-02-03 15:19:47,181 -     0 /  8125 (0.0%): 	 Avg_ACC: 0.0000000 	 lr: 0.001000000	 Total:2.867574453
2021-02-03 15:20:27,493 -  1625 /  8125 (20.0%): 	 Avg_ACC: 0.1250000 	 lr: 0.001000000	 Total:2.506926775
2021-02-03 15:21:05,377 -  3250 /  8125 (40.0%): 	 Avg_ACC: 0.0625000 	 lr: 0.001000000	 Total:2.082808971
2021-02-03 15:21:41,022 -  4875 /  8125 (60.0%): 	 Avg_ACC: 0.0312500 	 lr: 0.001000000	 Total:3.149521112
2021-02-03 15:22:16,783 -  6500 /  8125 (80.0%): 	 Avg_ACC: 0.0625000 	 lr: 0.001000000	 Total:2.279557943
2021-02-03 15:22:52,621 - 
===============================|    epoch 47   |===============================

2021-02-03 15:22:53,053 -     0 /  8125 (0.0%): 	 Avg_ACC: 0.0625000 	 lr: 0.001000000	 Total:2.925391197
2021-02-03 15:23:30,292 -  1625 /  8125 (20.0%): 	 Avg_ACC: 0.0312500 	 lr: 0.001000000	 Total:3.242796659
2021-02-03 15:24:07,484 -  3250 /  8125 (40.0%): 	 Avg_ACC: 0.1250000 	 lr: 0.001000000	 Total:2.008308411
2021-02-03 15:24:43,773 -  4875 /  8125 (60.0%): 	 Avg_ACC: 0.0312500 	 lr: 0.001000000	 Total:2.613626480
2021-02-03 15:25:19,938 -  6500 /  8125 (80.0%): 	 Avg_ACC: 0.1875000 	 lr: 0.001000000	 Total:2.663642883
2021-02-03 15:25:57,315 - 
===============================|    epoch 48   |===============================

2021-02-03 15:25:57,827 -     0 /  8125 (0.0%): 	 Avg_ACC: 0.0312500 	 lr: 0.001000000	 Total:2.398182392
2021-02-03 15:26:36,186 -  1625 /  8125 (20.0%): 	 Avg_ACC: 0.0312500 	 lr: 0.001000000	 Total:2.878044367
2021-02-03 15:27:13,977 -  3250 /  8125 (40.0%): 	 Avg_ACC: 0.0000000 	 lr: 0.001000000	 Total:2.684261799
2021-02-03 15:27:49,736 -  4875 /  8125 (60.0%): 	 Avg_ACC: 0.0625000 	 lr: 0.001000000	 Total:2.330257416
2021-02-03 15:28:26,063 -  6500 /  8125 (80.0%): 	 Avg_ACC: 0.0000000 	 lr: 0.001000000	 Total:2.347454309
2021-02-03 15:29:02,431 - 
===============================|    epoch 49   |===============================

2021-02-03 15:29:02,975 -     0 /  8125 (0.0%): 	 Avg_ACC: 0.1250000 	 lr: 0.001000000	 Total:2.317089558
2021-02-03 15:29:35,984 -  1625 /  8125 (20.0%): 	 Avg_ACC: 0.0000000 	 lr: 0.001000000	 Total:3.749737978
2021-02-03 15:30:08,070 -  3250 /  8125 (40.0%): 	 Avg_ACC: 0.0312500 	 lr: 0.001000000	 Total:3.656432867
2021-02-03 15:30:42,058 -  4875 /  8125 (60.0%): 	 Avg_ACC: 0.0937500 	 lr: 0.001000000	 Total:2.555050135
2021-02-03 15:31:15,551 -  6500 /  8125 (80.0%): 	 Avg_ACC: 0.1875000 	 lr: 0.001000000	 Total:2.884855986
2021-02-03 15:31:49,029 - 
===============================|    epoch 50   |===============================

2021-02-03 15:31:49,498 -     0 /  8125 (0.0%): 	 Avg_ACC: 0.0937500 	 lr: 0.001000000	 Total:2.209346771
2021-02-03 15:32:26,348 -  1625 /  8125 (20.0%): 	 Avg_ACC: 0.0312500 	 lr: 0.001000000	 Total:1.680018663
2021-02-03 15:33:02,709 -  3250 /  8125 (40.0%): 	 Avg_ACC: 0.0625000 	 lr: 0.001000000	 Total:1.553449750
2021-02-03 15:33:38,841 -  4875 /  8125 (60.0%): 	 Avg_ACC: 0.0312500 	 lr: 0.001000000	 Total:2.307385921
2021-02-03 15:34:12,979 -  6500 /  8125 (80.0%): 	 Avg_ACC: 0.0312500 	 lr: 0.001000000	 Total:3.812035799
2021-02-03 15:34:56,388 - 
===============================| start validation |===============================

2021-02-03 15:34:56,388 - 	 Avg_ACC: 0.0431500 	  Total:4.0851864
2021-02-03 15:34:56,389 -    ini file updated    
2021-02-03 15:34:56,389 - 
===============================|    epoch 51   |===============================

2021-02-03 15:34:56,935 -     0 /  8125 (0.0%): 	 Avg_ACC: 0.0000000 	 lr: 0.001000000	 Total:2.111670732
2021-02-03 15:35:33,852 -  1625 /  8125 (20.0%): 	 Avg_ACC: 0.0937500 	 lr: 0.001000000	 Total:3.338818312
2021-02-03 15:36:11,845 -  3250 /  8125 (40.0%): 	 Avg_ACC: 0.0000000 	 lr: 0.001000000	 Total:2.834972143
2021-02-03 15:36:47,987 -  4875 /  8125 (60.0%): 	 Avg_ACC: 0.1250000 	 lr: 0.001000000	 Total:2.794760227
2021-02-03 15:37:24,449 -  6500 /  8125 (80.0%): 	 Avg_ACC: 0.1250000 	 lr: 0.001000000	 Total:1.878551245
2021-02-03 15:37:59,323 - 
===============================|    epoch 52   |===============================

2021-02-03 15:37:59,793 -     0 /  8125 (0.0%): 	 Avg_ACC: 0.0937500 	 lr: 0.001000000	 Total:2.272938490
2021-02-03 15:38:35,905 -  1625 /  8125 (20.0%): 	 Avg_ACC: 0.1562500 	 lr: 0.001000000	 Total:1.661432266
2021-02-03 15:39:11,858 -  3250 /  8125 (40.0%): 	 Avg_ACC: 0.1875000 	 lr: 0.001000000	 Total:1.844109535
2021-02-03 15:39:47,545 -  4875 /  8125 (60.0%): 	 Avg_ACC: 0.0312500 	 lr: 0.001000000	 Total:2.451344490
2021-02-03 15:40:24,133 -  6500 /  8125 (80.0%): 	 Avg_ACC: 0.0937500 	 lr: 0.001000000	 Total:1.959372640
2021-02-03 15:41:00,192 - 
===============================|    epoch 53   |===============================

2021-02-03 15:41:00,638 -     0 /  8125 (0.0%): 	 Avg_ACC: 0.0625000 	 lr: 0.001000000	 Total:2.033650398
2021-02-03 15:41:39,894 -  1625 /  8125 (20.0%): 	 Avg_ACC: 0.0000000 	 lr: 0.001000000	 Total:2.918091059
2021-02-03 15:42:20,302 -  3250 /  8125 (40.0%): 	 Avg_ACC: 0.1250000 	 lr: 0.001000000	 Total:2.166545391
2021-02-03 15:42:59,766 -  4875 /  8125 (60.0%): 	 Avg_ACC: 0.0937500 	 lr: 0.001000000	 Total:3.292885303
2021-02-03 15:43:36,622 -  6500 /  8125 (80.0%): 	 Avg_ACC: 0.0937500 	 lr: 0.001000000	 Total:2.508776188
2021-02-03 15:44:16,069 - 
===============================|    epoch 54   |===============================

2021-02-03 15:44:16,515 -     0 /  8125 (0.0%): 	 Avg_ACC: 0.1250000 	 lr: 0.001000000	 Total:1.389512300
2021-02-03 15:44:55,546 -  1625 /  8125 (20.0%): 	 Avg_ACC: 0.0625000 	 lr: 0.001000000	 Total:2.672744989
2021-02-03 15:45:30,018 -  3250 /  8125 (40.0%): 	 Avg_ACC: 0.0312500 	 lr: 0.001000000	 Total:2.645398617
2021-02-03 15:46:06,231 -  4875 /  8125 (60.0%): 	 Avg_ACC: 0.0312500 	 lr: 0.001000000	 Total:2.805886507
2021-02-03 15:46:42,353 -  6500 /  8125 (80.0%): 	 Avg_ACC: 0.0937500 	 lr: 0.001000000	 Total:2.096893787
2021-02-03 15:47:20,148 - 
===============================|    epoch 55   |===============================

2021-02-03 15:47:20,607 -     0 /  8125 (0.0%): 	 Avg_ACC: 0.0312500 	 lr: 0.001000000	 Total:3.760107517
2021-02-03 15:47:56,795 -  1625 /  8125 (20.0%): 	 Avg_ACC: 0.1250000 	 lr: 0.001000000	 Total:2.541608572
2021-02-03 15:48:32,211 -  3250 /  8125 (40.0%): 	 Avg_ACC: 0.0625000 	 lr: 0.001000000	 Total:2.104926586
2021-02-03 15:49:08,063 -  4875 /  8125 (60.0%): 	 Avg_ACC: 0.0000000 	 lr: 0.001000000	 Total:2.280212164
2021-02-03 15:49:44,026 -  6500 /  8125 (80.0%): 	 Avg_ACC: 0.1562500 	 lr: 0.001000000	 Total:2.426361561
2021-02-03 15:50:20,838 - 
===============================|    epoch 56   |===============================

2021-02-03 15:50:21,293 -     0 /  8125 (0.0%): 	 Avg_ACC: 0.0937500 	 lr: 0.001000000	 Total:2.015085459
2021-02-03 15:50:59,877 -  1625 /  8125 (20.0%): 	 Avg_ACC: 0.0625000 	 lr: 0.001000000	 Total:2.644544840
2021-02-03 15:51:36,570 -  3250 /  8125 (40.0%): 	 Avg_ACC: 0.0312500 	 lr: 0.001000000	 Total:3.469245195
2021-02-03 15:52:11,603 -  4875 /  8125 (60.0%): 	 Avg_ACC: 0.1250000 	 lr: 0.001000000	 Total:2.248023748
2021-02-03 15:52:47,726 -  6500 /  8125 (80.0%): 	 Avg_ACC: 0.0312500 	 lr: 0.001000000	 Total:3.127154350
2021-02-03 15:53:27,704 - 
===============================|    epoch 57   |===============================

2021-02-03 15:53:28,244 -     0 /  8125 (0.0%): 	 Avg_ACC: 0.0937500 	 lr: 0.001000000	 Total:2.229413986
2021-02-03 15:54:04,333 -  1625 /  8125 (20.0%): 	 Avg_ACC: 0.0312500 	 lr: 0.001000000	 Total:2.135415554
2021-02-03 15:54:38,667 -  3250 /  8125 (40.0%): 	 Avg_ACC: 0.0625000 	 lr: 0.001000000	 Total:2.297945023
2021-02-03 15:55:13,070 -  4875 /  8125 (60.0%): 	 Avg_ACC: 0.0312500 	 lr: 0.001000000	 Total:2.649751425
2021-02-03 15:55:47,043 -  6500 /  8125 (80.0%): 	 Avg_ACC: 0.0937500 	 lr: 0.001000000	 Total:1.535352707
2021-02-03 15:56:21,408 - 
===============================|    epoch 58   |===============================

2021-02-03 15:56:21,901 -     0 /  8125 (0.0%): 	 Avg_ACC: 0.1250000 	 lr: 0.001000000	 Total:3.185029984
2021-02-03 15:56:58,822 -  1625 /  8125 (20.0%): 	 Avg_ACC: 0.0937500 	 lr: 0.001000000	 Total:1.831704736
2021-02-03 15:57:34,332 -  3250 /  8125 (40.0%): 	 Avg_ACC: 0.0000000 	 lr: 0.001000000	 Total:2.826711655
2021-02-03 15:58:11,493 -  4875 /  8125 (60.0%): 	 Avg_ACC: 0.0937500 	 lr: 0.001000000	 Total:2.258458138
2021-02-03 15:58:48,694 -  6500 /  8125 (80.0%): 	 Avg_ACC: 0.1562500 	 lr: 0.001000000	 Total:2.099153042
2021-02-03 15:59:26,553 - 
===============================|    epoch 59   |===============================

2021-02-03 15:59:27,019 -     0 /  8125 (0.0%): 	 Avg_ACC: 0.1875000 	 lr: 0.001000000	 Total:2.448043585
2021-02-03 16:00:01,109 -  1625 /  8125 (20.0%): 	 Avg_ACC: 0.0937500 	 lr: 0.001000000	 Total:2.346311808
2021-02-03 16:00:34,322 -  3250 /  8125 (40.0%): 	 Avg_ACC: 0.1562500 	 lr: 0.001000000	 Total:1.902196884
2021-02-03 16:01:09,253 -  4875 /  8125 (60.0%): 	 Avg_ACC: 0.0312500 	 lr: 0.001000000	 Total:2.114922762
2021-02-03 16:01:41,969 -  6500 /  8125 (80.0%): 	 Avg_ACC: 0.1250000 	 lr: 0.001000000	 Total:1.926254988
2021-02-03 16:02:13,314 - 
===============================|    epoch 60   |===============================

2021-02-03 16:02:13,753 -     0 /  8125 (0.0%): 	 Avg_ACC: 0.0625000 	 lr: 0.001000000	 Total:1.856672049
2021-02-03 16:02:48,477 -  1625 /  8125 (20.0%): 	 Avg_ACC: 0.0625000 	 lr: 0.001000000	 Total:2.670101404
2021-02-03 16:03:23,382 -  3250 /  8125 (40.0%): 	 Avg_ACC: 0.0625000 	 lr: 0.001000000	 Total:2.986515284
2021-02-03 16:03:58,039 -  4875 /  8125 (60.0%): 	 Avg_ACC: 0.0625000 	 lr: 0.001000000	 Total:1.983062863
2021-02-03 16:04:32,535 -  6500 /  8125 (80.0%): 	 Avg_ACC: 0.0312500 	 lr: 0.001000000	 Total:3.349017859
2021-02-03 16:05:13,148 - 
===============================| start validation |===============================

2021-02-03 16:05:13,148 - 	 Avg_ACC: 0.0443000 	  Total:4.2983862
2021-02-03 16:05:13,149 -    ini file updated    
2021-02-03 16:05:13,163 - Snapshot saved to /data/users/wergillius/UTR_VAE/pth/RL_regressor_MTL/vali_by_deepest/loosen_l1-model_best.pth

2021-02-03 16:05:13,164 -    ini file updated    
