2021-09-09 11:01:29,868 -     ===========================| device cuda1 |===========================    
2021-09-09 11:01:30,563 - ===============================|   pretrain   |===============================
2021-09-09 11:01:30,563 -  	  /home/wergillius/Project/UTR_VAE/log/Backbone/RL_3_data/iter_by_iter/schedule_2.ini
2021-09-09 11:01:59,876 -  	 	 ==============<<< ['soft_share'] part is fixed>>>============== 	 	 

2021-09-09 11:01:59,879 - ===============================|    epoch 0   |===============================
2021-09-09 11:02:01,265 -     0 /  3546 (000%):	 Total:2.1364830	 Andrev2015_Acc:0.0833333	 Mean_Total:2.1364830
2021-09-09 11:02:27,066 -   709 /  3546 (019%):	 Total:5.1855111	 muscle_Acc:0.0000000	 Mean_Total:24.1151738
2021-09-09 11:02:50,680 -  1418 /  3546 (039%):	 Total:0.7972316	 pc3_Acc:0.0000000	 Mean_Total:15.9205248
2021-09-09 11:03:17,051 -  2127 /  3546 (059%):	 Total:0.3108186	 Andrev2015_Acc:0.1666667	 Mean_Total:17.4043942
2021-09-09 11:03:41,761 -  2836 /  3546 (079%):	 Total:2.7552943	 muscle_Acc:0.1666667	 Mean_Total:14.9404001
2021-09-09 11:04:08,910 -  3545 /  3546 (099%):	 Total:0.4031344	 pc3_Acc:0.0000000	 Mean_Total:13.0117699
2021-09-09 11:04:11,504 - ===============================| start validation |===============================
2021-09-09 11:04:25,500 - 	 Total:1.4416571	 Andrev2015_loss:0.6156200	 Andrev2015_Acc:0.1216216	 muscle_loss:13.0571282	 muscle_Acc:0.0705128	 pc3_loss:1.2170663	 pc3_Acc:0.1119792
2021-09-09 11:04:25,513 -    ini file updated    
2021-09-09 11:04:25,578 - Snapshot saved to /data/users/wergillius/UTR_VAE/pth/RL_celline_MTL/RL_celline/cell_MDL_pretrain_fix-model_best.pth

2021-09-09 11:04:25,580 -    ini file updated    
2021-09-09 11:04:25,580 - ===============================|    epoch 1   |===============================
2021-09-09 11:04:28,432 -     0 /  3546 (000%):	 Total:0.7023086	 Andrev2015_Acc:0.1666667	 Mean_Total:0.7023086
2021-09-09 11:04:52,544 -   709 /  3546 (019%):	 Total:3.7587218	 muscle_Acc:0.0000000	 Mean_Total:5.9933153
2021-09-09 11:05:16,474 -  1418 /  3546 (039%):	 Total:0.8090160	 pc3_Acc:0.0000000	 Mean_Total:13.8516833
2021-09-09 11:05:43,548 -  2127 /  3546 (059%):	 Total:0.9489603	 Andrev2015_Acc:0.0000000	 Mean_Total:15.5237861
2021-09-09 11:06:07,039 -  2836 /  3546 (079%):	 Total:5.0758142	 muscle_Acc:0.0000000	 Mean_Total:12.9164440
2021-09-09 11:06:33,834 -  3545 /  3546 (099%):	 Total:2.5447097	 pc3_Acc:0.2500000	 Mean_Total:11.6359750
2021-09-09 11:06:36,462 - ===============================| start validation |===============================
2021-09-09 11:06:50,092 - 	 Total:1.3640167	 Andrev2015_loss:0.6087216	 Andrev2015_Acc:0.1036036	 muscle_loss:11.6183998	 muscle_Acc:0.0320513	 pc3_loss:1.1958658	 pc3_Acc:0.1159784
2021-09-09 11:06:50,100 -    ini file updated    
2021-09-09 11:06:50,157 - Snapshot saved to /data/users/wergillius/UTR_VAE/pth/RL_celline_MTL/RL_celline/cell_MDL_pretrain_fix-model_best.pth

2021-09-09 11:06:50,159 -    ini file updated    
2021-09-09 11:06:50,160 - ===============================|    epoch 2   |===============================
2021-09-09 11:06:53,559 -     0 /  3546 (000%):	 Total:0.5694157	 Andrev2015_Acc:0.0833333	 Mean_Total:0.5694157
2021-09-09 11:07:17,926 -   709 /  3546 (019%):	 Total:3.6000125	 muscle_Acc:0.0000000	 Mean_Total:33.2931813
2021-09-09 11:07:41,968 -  1418 /  3546 (039%):	 Total:0.3351705	 pc3_Acc:0.0833333	 Mean_Total:18.8353466
2021-09-09 11:08:07,633 -  2127 /  3546 (059%):	 Total:0.2821829	 Andrev2015_Acc:0.1666667	 Mean_Total:14.3016615
2021-09-09 11:08:30,795 -  2836 /  3546 (079%):	 Total:2.7679422	 muscle_Acc:0.0000000	 Mean_Total:12.1611919
2021-09-09 11:08:57,413 -  3545 /  3546 (099%):	 Total:8.5467682	 pc3_Acc:0.2500000	 Mean_Total:10.8661318
2021-09-09 11:08:59,630 - ===============================| start validation |===============================
2021-09-09 11:09:14,082 - 	 Total:1.3125510	 Andrev2015_loss:0.6074987	 Andrev2015_Acc:0.1182432	 muscle_loss:10.5877615	 muscle_Acc:0.0366300	 pc3_loss:1.1857542	 pc3_Acc:0.1035156
2021-09-09 11:09:14,093 -    ini file updated    
2021-09-09 11:09:14,170 - Snapshot saved to /data/users/wergillius/UTR_VAE/pth/RL_celline_MTL/RL_celline/cell_MDL_pretrain_fix-model_best.pth

2021-09-09 11:09:14,172 -    ini file updated    
2021-09-09 11:09:14,173 - ===============================|    epoch 3   |===============================
2021-09-09 11:09:17,515 -     0 /  3546 (000%):	 Total:0.9913838	 Andrev2015_Acc:0.2500000	 Mean_Total:0.9913838
2021-09-09 11:09:42,252 -   709 /  3546 (019%):	 Total:22.5873146	 muscle_Acc:0.0833333	 Mean_Total:16.5843012
2021-09-09 11:10:05,255 -  1418 /  3546 (039%):	 Total:0.4113681	 pc3_Acc:0.0833333	 Mean_Total:11.0153756
2021-09-09 11:10:34,656 -  2127 /  3546 (059%):	 Total:0.2874222	 Andrev2015_Acc:0.2500000	 Mean_Total:14.6113551
2021-09-09 11:10:59,343 -  2836 /  3546 (079%):	 Total:2.4144759	 muscle_Acc:0.0000000	 Mean_Total:12.1219435
2021-09-09 11:11:25,719 -  3545 /  3546 (099%):	 Total:0.6625263	 pc3_Acc:0.1666667	 Mean_Total:10.6425821
2021-09-09 11:11:28,361 - ===============================| start validation |===============================
2021-09-09 11:11:43,144 - 	 Total:1.2813373	 Andrev2015_loss:0.6064052	 Andrev2015_Acc:0.1015390	 muscle_loss:9.5828025	 muscle_Acc:0.0128205	 pc3_loss:1.2186100	 pc3_Acc:0.1080729
2021-09-09 11:11:43,151 -    ini file updated    
2021-09-09 11:11:43,200 - Snapshot saved to /data/users/wergillius/UTR_VAE/pth/RL_celline_MTL/RL_celline/cell_MDL_pretrain_fix-model_best.pth

2021-09-09 11:11:43,202 -    ini file updated    
2021-09-09 11:11:43,203 - ===============================|    epoch 4   |===============================
2021-09-09 11:11:47,236 -     0 /  3546 (000%):	 Total:0.1222033	 Andrev2015_Acc:0.2500000	 Mean_Total:0.1222033
2021-09-09 11:12:11,746 -   709 /  3546 (019%):	 Total:6.9836292	 muscle_Acc:0.0000000	 Mean_Total:20.6425798
2021-09-09 11:12:35,862 -  1418 /  3546 (039%):	 Total:0.4015902	 pc3_Acc:0.1666667	 Mean_Total:18.4913364
2021-09-09 11:13:03,707 -  2127 /  3546 (059%):	 Total:0.1689231	 Andrev2015_Acc:0.1666667	 Mean_Total:14.0109202
2021-09-09 11:13:27,288 -  2836 /  3546 (079%):	 Total:6.6269255	 muscle_Acc:0.0833333	 Mean_Total:11.6705057
2021-09-09 11:13:53,244 -  3545 /  3546 (099%):	 Total:0.5141513	 pc3_Acc:0.0833333	 Mean_Total:10.3220927
2021-09-09 11:13:55,819 - ===============================| start validation |===============================
2021-09-09 11:14:09,142 - 	 Total:1.3030699	 Andrev2015_loss:0.6023742	 Andrev2015_Acc:0.1154279	 muscle_loss:10.4344336	 muscle_Acc:0.0686813	 pc3_loss:1.1858451	 pc3_Acc:0.1067708
2021-09-09 11:14:09,151 -    ini file updated    
2021-09-09 11:14:09,151 - ===============================|    epoch 5   |===============================
