2021-09-13 12:33:24,691 -   	 	 ==============<<< device used: cuda:0  >>>============== 	 	 
2021-09-13 12:33:28,941 -  	 	 ==============<<< encoder load from >>>============== 	 	 
2021-09-13 12:33:28,948 -  	/data/users/wergillius/UTR_VAE/pth/RL_gru_MTL/MDL_transfer_kfold/fix_pretrain-model_best.pth
2021-09-13 12:33:36,336 -  	 	 ==============<<< ['soft_share'] part is fixed>>>============== 	 	 

2021-09-13 12:33:36,338 - ===============================|    epoch 0   |===============================
2021-09-13 12:33:37,473 -     0 / 11829 (000%):	 Total:1.3892901	 Acc:0.0625000	 lr:0.0009882	 Mean_Total:1.3892901
2021-09-13 12:35:13,312 -  2365 / 11829 (019%):	 Total:0.9097883	 Acc:0.2812500	 lr:0.0018171	 Mean_Total:1.1249430
2021-09-13 12:36:48,683 -  4730 / 11829 (039%):	 Total:0.8277304	 Acc:0.2500000	 lr:0.0012850	 Mean_Total:1.1096958
2021-09-13 12:38:23,571 -  7095 / 11829 (059%):	 Total:1.4081482	 Acc:0.1562500	 lr:0.0010493	 Mean_Total:1.1060761
2021-09-13 12:39:59,049 -  9460 / 11829 (079%):	 Total:1.1491199	 Acc:0.0312500	 lr:0.0009087	 Mean_Total:1.1058381
2021-09-13 12:41:32,986 - 11825 / 11829 (099%):	 Total:1.5067929	 Acc:0.0625000	 lr:0.0008128	 Mean_Total:1.1046011
2021-09-13 12:41:33,284 - ===============================| start validation |===============================
2021-09-13 12:42:02,501 - 	 Total:1.0263636	 Acc:0.1311444
2021-09-13 12:42:02,504 -    ini file updated    
2021-09-13 12:42:02,520 - Snapshot saved to /data/users/wergillius/UTR_VAE/pth/RL_gru_MTL/MDL_transfer_kfold/fixed_transfer-model_best_cv4.pth

2021-09-13 12:42:02,521 -    ini file updated    
2021-09-13 12:42:02,521 - ===============================|    epoch 1   |===============================
2021-09-13 12:42:03,414 -     0 / 11829 (000%):	 Total:1.2118071	 Acc:0.1562500	 lr:0.0008126	 Mean_Total:1.2118071
2021-09-13 12:44:00,039 -  2365 / 11829 (019%):	 Total:0.9260185	 Acc:0.0937500	 lr:0.0007419	 Mean_Total:1.0954132
2021-09-13 12:45:55,850 -  4730 / 11829 (039%):	 Total:1.0915273	 Acc:0.1250000	 lr:0.0006869	 Mean_Total:1.0960407
2021-09-13 12:47:52,753 -  7095 / 11829 (059%):	 Total:0.7645860	 Acc:0.2812500	 lr:0.0006425	 Mean_Total:1.0973052
2021-09-13 12:49:50,823 -  9460 / 11829 (079%):	 Total:1.1932180	 Acc:0.1562500	 lr:0.0006058	 Mean_Total:1.0955809
2021-09-13 12:51:47,044 - 11825 / 11829 (099%):	 Total:1.1014905	 Acc:0.0937500	 lr:0.0005747	 Mean_Total:1.0949147
2021-09-13 12:51:47,348 - ===============================|    epoch 2   |===============================
2021-09-13 12:51:48,567 -     0 / 11829 (000%):	 Total:0.9354024	 Acc:0.0937500	 lr:0.0005746	 Mean_Total:0.9354024
2021-09-13 12:53:47,214 -  2365 / 11829 (019%):	 Total:1.0437949	 Acc:0.0937500	 lr:0.0005479	 Mean_Total:1.0901299
2021-09-13 12:55:43,158 -  4730 / 11829 (039%):	 Total:1.2076253	 Acc:0.0937500	 lr:0.0005246	 Mean_Total:1.0949711
2021-09-13 12:57:38,434 -  7095 / 11829 (059%):	 Total:0.9511419	 Acc:0.0625000	 lr:0.0005040	 Mean_Total:1.0934722
2021-09-13 12:59:31,997 -  9460 / 11829 (079%):	 Total:1.1182128	 Acc:0.1250000	 lr:0.0004857	 Mean_Total:1.0912418
2021-09-13 13:01:29,448 - 11825 / 11829 (099%):	 Total:1.2623024	 Acc:0.1562500	 lr:0.0004692	 Mean_Total:1.0913144
2021-09-13 13:01:29,716 - ===============================| start validation |===============================
2021-09-13 13:02:01,903 - 	 Total:1.0193036	 Acc:0.1333069
2021-09-13 13:02:01,906 -    ini file updated    
2021-09-13 13:02:01,919 - Snapshot saved to /data/users/wergillius/UTR_VAE/pth/RL_gru_MTL/MDL_transfer_kfold/fixed_transfer-model_best_cv4.pth

2021-09-13 13:02:01,920 -    ini file updated    
2021-09-13 13:02:01,920 - ===============================|    epoch 3   |===============================
2021-09-13 13:02:02,904 -     0 / 11829 (000%):	 Total:0.9458532	 Acc:0.1250000	 lr:0.0004692	 Mean_Total:0.9458532
2021-09-13 13:03:59,899 -  2365 / 11829 (019%):	 Total:1.4804467	 Acc:0.0625000	 lr:0.0004543	 Mean_Total:1.0910133
2021-09-13 13:05:56,728 -  4730 / 11829 (039%):	 Total:0.9301083	 Acc:0.0937500	 lr:0.0004407	 Mean_Total:1.0939234
2021-09-13 13:07:51,453 -  7095 / 11829 (059%):	 Total:1.0649854	 Acc:0.0625000	 lr:0.0004283	 Mean_Total:1.0919088
2021-09-13 13:09:46,909 -  9460 / 11829 (079%):	 Total:1.0133259	 Acc:0.1250000	 lr:0.0004169	 Mean_Total:1.0902665
2021-09-13 13:11:42,846 - 11825 / 11829 (099%):	 Total:0.7580301	 Acc:0.1875000	 lr:0.0004064	 Mean_Total:1.0889312
2021-09-13 13:11:43,113 - ===============================|    epoch 4   |===============================
2021-09-13 13:11:44,142 -     0 / 11829 (000%):	 Total:1.2239867	 Acc:0.1562500	 lr:0.0004063	 Mean_Total:1.2239867
2021-09-13 13:13:48,938 -  2365 / 11829 (019%):	 Total:1.3399330	 Acc:0.1562500	 lr:0.0003965	 Mean_Total:1.0856250
2021-09-13 13:15:54,662 -  4730 / 11829 (039%):	 Total:1.1868379	 Acc:0.1562500	 lr:0.0003874	 Mean_Total:1.0823568
2021-09-13 13:18:01,619 -  7095 / 11829 (059%):	 Total:1.0535034	 Acc:0.1562500	 lr:0.0003789	 Mean_Total:1.0845765
2021-09-13 13:20:20,792 -  9460 / 11829 (079%):	 Total:0.9952778	 Acc:0.0937500	 lr:0.0003709	 Mean_Total:1.0860043
2021-09-13 13:22:27,348 - 11825 / 11829 (099%):	 Total:0.9120642	 Acc:0.2812500	 lr:0.0003635	 Mean_Total:1.0852947
2021-09-13 13:22:27,678 - ===============================| start validation |===============================
2021-09-13 13:23:00,534 - 	 Total:1.0180410	 Acc:0.1342813
2021-09-13 13:23:00,540 -    ini file updated    
2021-09-13 13:23:00,554 - Snapshot saved to /data/users/wergillius/UTR_VAE/pth/RL_gru_MTL/MDL_transfer_kfold/fixed_transfer-model_best_cv4.pth

2021-09-13 13:23:00,555 -    ini file updated    
2021-09-13 13:23:00,555 - ===============================|    epoch 5   |===============================
2021-09-13 13:23:01,655 -     0 / 11829 (000%):	 Total:1.1788441	 Acc:0.0625000	 lr:0.0003634	 Mean_Total:1.1788441
2021-09-13 13:24:34,844 -  2365 / 11829 (019%):	 Total:0.8300599	 Acc:0.1250000	 lr:0.0003564	 Mean_Total:1.0859358
2021-09-13 13:26:14,794 -  4730 / 11829 (039%):	 Total:1.1394492	 Acc:0.1875000	 lr:0.0003497	 Mean_Total:1.0874693
2021-09-13 13:27:52,442 -  7095 / 11829 (059%):	 Total:0.6948036	 Acc:0.2187500	 lr:0.0003434	 Mean_Total:1.0866519
2021-09-13 13:29:30,991 -  9460 / 11829 (079%):	 Total:0.9505394	 Acc:0.1562500	 lr:0.0003375	 Mean_Total:1.0844301
2021-09-13 13:31:10,443 - 11825 / 11829 (099%):	 Total:1.1704538	 Acc:0.0625000	 lr:0.0003318	 Mean_Total:1.0837003
2021-09-13 13:31:10,781 - ===============================|    epoch 6   |===============================
2021-09-13 13:31:11,764 -     0 / 11829 (000%):	 Total:0.9581765	 Acc:0.0937500	 lr:0.0003318	 Mean_Total:0.9581765
2021-09-13 13:33:08,176 -  2365 / 11829 (019%):	 Total:0.9248350	 Acc:0.1562500	 lr:0.0003264	 Mean_Total:1.0816894
2021-09-13 13:34:59,106 -  4730 / 11829 (039%):	 Total:1.0280638	 Acc:0.2187500	 lr:0.0003212	 Mean_Total:1.0865069
2021-09-13 13:36:51,582 -  7095 / 11829 (059%):	 Total:0.6657006	 Acc:0.1875000	 lr:0.0003163	 Mean_Total:1.0832204
2021-09-13 13:38:49,034 -  9460 / 11829 (079%):	 Total:1.0216727	 Acc:0.0312500	 lr:0.0003117	 Mean_Total:1.0829164
2021-09-13 13:40:47,565 - 11825 / 11829 (099%):	 Total:1.5059050	 Acc:0.0937500	 lr:0.0003072	 Mean_Total:1.0819614
2021-09-13 13:40:47,894 - ===============================| start validation |===============================
2021-09-13 13:41:27,813 - 	 Total:1.0088581	 Acc:0.1333545
2021-09-13 13:41:27,833 -    ini file updated    
2021-09-13 13:41:27,851 - Snapshot saved to /data/users/wergillius/UTR_VAE/pth/RL_gru_MTL/MDL_transfer_kfold/fixed_transfer-model_best_cv4.pth

2021-09-13 13:41:27,851 -    ini file updated    
2021-09-13 13:41:27,852 - ===============================|    epoch 7   |===============================
2021-09-13 13:41:29,132 -     0 / 11829 (000%):	 Total:1.3107164	 Acc:0.0937500	 lr:0.0003072	 Mean_Total:1.3107164
2021-09-13 13:43:22,785 -  2365 / 11829 (019%):	 Total:1.1492176	 Acc:0.0937500	 lr:0.0003029	 Mean_Total:1.0754689
2021-09-13 13:45:11,509 -  4730 / 11829 (039%):	 Total:1.4355353	 Acc:0.1562500	 lr:0.0002987	 Mean_Total:1.0817907
2021-09-13 13:47:03,152 -  7095 / 11829 (059%):	 Total:1.0349201	 Acc:0.1875000	 lr:0.0002948	 Mean_Total:1.0803901
2021-09-13 13:50:03,162 -  9460 / 11829 (079%):	 Total:1.4353964	 Acc:0.0625000	 lr:0.0002910	 Mean_Total:1.0799793
2021-09-13 13:53:17,342 - 11825 / 11829 (099%):	 Total:1.0723807	 Acc:0.0937500	 lr:0.0002873	 Mean_Total:1.0794844
2021-09-13 13:53:17,761 - ===============================|    epoch 8   |===============================
2021-09-13 13:53:19,019 -     0 / 11829 (000%):	 Total:1.0802716	 Acc:0.0937500	 lr:0.0002873	 Mean_Total:1.0802716
2021-09-13 13:56:12,930 -  2365 / 11829 (019%):	 Total:0.9898323	 Acc:0.1250000	 lr:0.0002838	 Mean_Total:1.0783797
2021-09-13 13:59:09,839 -  4730 / 11829 (039%):	 Total:0.6232575	 Acc:0.2187500	 lr:0.0002804	 Mean_Total:1.0793273
2021-09-13 14:01:44,531 -  7095 / 11829 (059%):	 Total:0.9481927	 Acc:0.1875000	 lr:0.0002771	 Mean_Total:1.0786033
2021-09-13 14:04:31,707 -  9460 / 11829 (079%):	 Total:1.1895924	 Acc:0.1875000	 lr:0.0002740	 Mean_Total:1.0775357
2021-09-13 14:07:18,820 - 11825 / 11829 (099%):	 Total:0.8547016	 Acc:0.1875000	 lr:0.0002709	 Mean_Total:1.0775865
2021-09-13 14:07:19,277 - ===============================| start validation |===============================
2021-09-13 14:08:07,119 - 	 Total:1.0051192	 Acc:0.1354589
2021-09-13 14:08:07,123 -    ini file updated    
2021-09-13 14:08:07,141 - Snapshot saved to /data/users/wergillius/UTR_VAE/pth/RL_gru_MTL/MDL_transfer_kfold/fixed_transfer-model_best_cv4.pth

2021-09-13 14:08:07,142 -    ini file updated    
2021-09-13 14:08:07,142 - ===============================|    epoch 9   |===============================
2021-09-13 14:08:08,595 -     0 / 11829 (000%):	 Total:0.9493677	 Acc:0.1250000	 lr:0.0002709	 Mean_Total:0.9493677
2021-09-13 14:11:01,721 -  2365 / 11829 (019%):	 Total:1.0575516	 Acc:0.1875000	 lr:0.0002679	 Mean_Total:1.0762231
2021-09-13 14:13:25,187 -  4730 / 11829 (039%):	 Total:1.0362802	 Acc:0.0937500	 lr:0.0002651	 Mean_Total:1.0779341
2021-09-13 14:16:09,634 -  7095 / 11829 (059%):	 Total:0.9997177	 Acc:0.0312500	 lr:0.0002623	 Mean_Total:1.0793280
2021-09-13 14:19:04,008 -  9460 / 11829 (079%):	 Total:1.0279442	 Acc:0.0937500	 lr:0.0002596	 Mean_Total:1.0785898
2021-09-13 14:22:03,031 - 11825 / 11829 (099%):	 Total:1.1846862	 Acc:0.0937500	 lr:0.0002570	 Mean_Total:1.0773324
2021-09-13 14:22:03,454 - ===============================|    epoch 10   |===============================
2021-09-13 14:22:04,706 -     0 / 11829 (000%):	 Total:1.1747999	 Acc:0.1250000	 lr:0.0002570	 Mean_Total:1.1747999
2021-09-13 14:25:03,482 -  2365 / 11829 (019%):	 Total:1.1814650	 Acc:0.1250000	 lr:0.0002545	 Mean_Total:1.0771454
2021-09-13 14:27:34,998 -  4730 / 11829 (039%):	 Total:1.0147417	 Acc:0.1250000	 lr:0.0002520	 Mean_Total:1.0767981
2021-09-13 14:29:54,214 -  7095 / 11829 (059%):	 Total:1.1276214	 Acc:0.0937500	 lr:0.0002496	 Mean_Total:1.0769090
2021-09-13 14:32:13,612 -  9460 / 11829 (079%):	 Total:0.9064429	 Acc:0.1250000	 lr:0.0002473	 Mean_Total:1.0764573
2021-09-13 14:34:34,085 - 11825 / 11829 (099%):	 Total:0.6719790	 Acc:0.1875000	 lr:0.0002450	 Mean_Total:1.0770917
2021-09-13 14:34:34,433 - ===============================| start validation |===============================
2021-09-13 14:35:20,167 - 	 Total:1.0072338	 Acc:0.1349123
2021-09-13 14:35:20,173 -    ini file updated    
2021-09-13 14:35:20,174 - ===============================|    epoch 11   |===============================
2021-09-13 14:35:21,505 -     0 / 11829 (000%):	 Total:1.0225445	 Acc:0.1562500	 lr:0.0002450	 Mean_Total:1.0225445
2021-09-13 14:37:31,482 -  2365 / 11829 (019%):	 Total:1.2878996	 Acc:0.0625000	 lr:0.0002428	 Mean_Total:1.0771796
2021-09-13 14:39:36,713 -  4730 / 11829 (039%):	 Total:1.2352118	 Acc:0.1250000	 lr:0.0002407	 Mean_Total:1.0754574
2021-09-13 14:41:34,409 -  7095 / 11829 (059%):	 Total:1.1250782	 Acc:0.0937500	 lr:0.0002386	 Mean_Total:1.0759698
2021-09-13 14:43:31,361 -  9460 / 11829 (079%):	 Total:1.2923856	 Acc:0.1562500	 lr:0.0002366	 Mean_Total:1.0747687
2021-09-13 14:45:28,828 - 11825 / 11829 (099%):	 Total:0.9888172	 Acc:0.1562500	 lr:0.0002346	 Mean_Total:1.0754914
2021-09-13 14:45:29,141 - ===============================|    epoch 12   |===============================
2021-09-13 14:45:30,202 -     0 / 11829 (000%):	 Total:1.0143206	 Acc:0.0625000	 lr:0.0002346	 Mean_Total:1.0143206
2021-09-13 14:47:23,610 -  2365 / 11829 (019%):	 Total:1.2932500	 Acc:0.0937500	 lr:0.0002327	 Mean_Total:1.0700763
2021-09-13 14:49:14,044 -  4730 / 11829 (039%):	 Total:0.9687469	 Acc:0.1250000	 lr:0.0002308	 Mean_Total:1.0747559
2021-09-13 14:51:03,250 -  7095 / 11829 (059%):	 Total:1.3467174	 Acc:0.0937500	 lr:0.0002289	 Mean_Total:1.0745255
2021-09-13 14:52:57,135 -  9460 / 11829 (079%):	 Total:1.0770245	 Acc:0.0625000	 lr:0.0002272	 Mean_Total:1.0730815
2021-09-13 14:54:51,835 - 11825 / 11829 (099%):	 Total:0.9894215	 Acc:0.0937500	 lr:0.0002254	 Mean_Total:1.0736040
2021-09-13 14:54:52,109 - ===============================| start validation |===============================
2021-09-13 14:55:26,944 - 	 Total:0.9927678	 Acc:0.1357546
2021-09-13 14:55:26,950 -    ini file updated    
2021-09-13 14:55:26,967 - Snapshot saved to /data/users/wergillius/UTR_VAE/pth/RL_gru_MTL/MDL_transfer_kfold/fixed_transfer-model_best_cv4.pth

2021-09-13 14:55:26,968 -    ini file updated    
2021-09-13 14:55:26,968 - ===============================|    epoch 13   |===============================
2021-09-13 14:55:28,034 -     0 / 11829 (000%):	 Total:1.4645505	 Acc:0.0625000	 lr:0.0002254	 Mean_Total:1.4645505
2021-09-13 14:57:22,388 -  2365 / 11829 (019%):	 Total:1.2501454	 Acc:0.1562500	 lr:0.0002237	 Mean_Total:1.0740003
2021-09-13 14:59:20,789 -  4730 / 11829 (039%):	 Total:1.1286268	 Acc:0.1250000	 lr:0.0002220	 Mean_Total:1.0713871
