2021-11-25 16:42:15,547 -     ===========================| device cuda1 |===========================    
2021-11-25 16:42:23,518 - ===============================|    epoch 0   |===============================
2021-11-25 16:42:24,826 -     0 /  6330 (000%):	 Total:3.3552303	 human_Acc:0.0000000	 lr:0.0009882	 Mean_Total:3.3552303
2021-11-25 16:42:56,751 -  1266 /  6330 (020%):	 Total:0.1997874	 human_Acc:0.0625000	 lr:0.0024832	 Mean_Total:1.1007240
2021-11-25 16:43:28,617 -  2532 /  6330 (040%):	 Total:0.1765477	 human_Acc:0.0000000	 lr:0.0017562	 Mean_Total:1.0773910
2021-11-25 16:44:02,818 -  3798 /  6330 (060%):	 Total:0.1165193	 human_Acc:0.0625000	 lr:0.0014340	 Mean_Total:1.0549254
2021-11-25 16:44:43,045 -  5064 /  6330 (080%):	 Total:0.1324630	 human_Acc:0.0000000	 lr:0.0012420	 Mean_Total:1.0380363
2021-11-25 16:45:15,393 - ===============================| start validation |===============================
2021-11-25 16:45:20,680 - 	 Total:0.7713187	 human_loss:0.1440372	 human_Acc:0.0933891	 Andrev2015_loss:1.0672549	 Andrev2015_Acc:0.0958781	 pc3_loss:1.7964583	 pc3_Acc:0.1006173
2021-11-25 16:45:20,685 -    ini file updated    
2021-11-25 16:45:20,766 - Snapshot saved to /data/users/wergillius/UTR_VAE/pth/RL_6_data_MTL/task_lambda/Human_no_M-model_best_cv1.pth

2021-11-25 16:45:20,767 -    ini file updated    
2021-11-25 16:45:20,767 - ===============================|    epoch 1   |===============================
2021-11-25 16:45:21,891 -     0 /  6330 (000%):	 Total:0.1537484	 human_Acc:0.1250000	 lr:0.0011109	 Mean_Total:0.1537484
2021-11-25 16:45:59,162 -  1266 /  6330 (020%):	 Total:0.1136559	 human_Acc:0.0625000	 lr:0.0010141	 Mean_Total:0.9698946
2021-11-25 16:46:38,137 -  2532 /  6330 (040%):	 Total:0.0455208	 human_Acc:0.0937500	 lr:0.0009389	 Mean_Total:0.9449437
2021-11-25 16:47:19,284 -  3798 /  6330 (060%):	 Total:0.1198328	 human_Acc:0.1875000	 lr:0.0008782	 Mean_Total:0.9399338
2021-11-25 16:47:58,891 -  5064 /  6330 (080%):	 Total:0.1345962	 human_Acc:0.0625000	 lr:0.0008280	 Mean_Total:0.9328973
2021-11-25 16:48:39,380 - ===============================| start validation |===============================
2021-11-25 16:48:45,806 - 	 Total:0.7332734	 human_loss:0.1263636	 human_Acc:0.0936930	 Andrev2015_loss:1.0038398	 Andrev2015_Acc:0.0969982	 pc3_loss:1.7432139	 pc3_Acc:0.1109568
2021-11-25 16:48:45,810 -    ini file updated    
2021-11-25 16:48:45,879 - Snapshot saved to /data/users/wergillius/UTR_VAE/pth/RL_6_data_MTL/task_lambda/Human_no_M-model_best_cv1.pth

2021-11-25 16:48:45,880 -    ini file updated    
2021-11-25 16:48:45,881 - ===============================|    epoch 2   |===============================
2021-11-25 16:48:47,360 -     0 /  6330 (000%):	 Total:0.1132100	 human_Acc:0.1250000	 lr:0.0007855	 Mean_Total:0.1132100
2021-11-25 16:49:25,097 -  1266 /  6330 (020%):	 Total:0.0957780	 human_Acc:0.0937500	 lr:0.0007490	 Mean_Total:0.8860249
2021-11-25 16:50:03,550 -  2532 /  6330 (040%):	 Total:0.0821604	 human_Acc:0.1875000	 lr:0.0007171	 Mean_Total:0.8759893
2021-11-25 16:50:42,969 -  3798 /  6330 (060%):	 Total:0.1438464	 human_Acc:0.0312500	 lr:0.0006890	 Mean_Total:0.8634594
2021-11-25 16:51:21,627 -  5064 /  6330 (080%):	 Total:0.1387774	 human_Acc:0.0937500	 lr:0.0006639	 Mean_Total:0.8570835
2021-11-25 16:52:01,854 - ===============================| start validation |===============================
2021-11-25 16:52:08,023 - 	 Total:0.6791984	 human_loss:0.1069792	 human_Acc:0.0997340	 Andrev2015_loss:0.9444942	 Andrev2015_Acc:0.0869176	 pc3_loss:1.6197062	 pc3_Acc:0.1010802
2021-11-25 16:52:08,028 -    ini file updated    
2021-11-25 16:52:08,113 - Snapshot saved to /data/users/wergillius/UTR_VAE/pth/RL_6_data_MTL/task_lambda/Human_no_M-model_best_cv1.pth

2021-11-25 16:52:08,114 -    ini file updated    
2021-11-25 16:52:08,114 - ===============================|    epoch 3   |===============================
2021-11-25 16:52:09,542 -     0 /  6330 (000%):	 Total:0.0917059	 human_Acc:0.1250000	 lr:0.0006414	 Mean_Total:0.0917059
2021-11-25 16:52:47,351 -  1266 /  6330 (020%):	 Total:0.1212077	 human_Acc:0.0625000	 lr:0.0006210	 Mean_Total:0.7668657
2021-11-25 16:53:24,176 -  2532 /  6330 (040%):	 Total:0.0723902	 human_Acc:0.1562500	 lr:0.0006025	 Mean_Total:0.7826728
2021-11-25 16:54:02,503 -  3798 /  6330 (060%):	 Total:0.1699862	 human_Acc:0.0000000	 lr:0.0005855	 Mean_Total:0.7750573
2021-11-25 16:54:38,555 -  5064 /  6330 (080%):	 Total:0.0845898	 human_Acc:0.1250000	 lr:0.0005699	 Mean_Total:0.7666335
2021-11-25 16:55:16,829 - ===============================| start validation |===============================
2021-11-25 16:55:22,251 - 	 Total:0.6810679	 human_loss:0.1009311	 human_Acc:0.1086436	 Andrev2015_loss:0.9281587	 Andrev2015_Acc:0.0985663	 pc3_loss:1.6597059	 pc3_Acc:0.0990741
2021-11-25 16:55:22,255 -    ini file updated    
2021-11-25 16:55:22,255 - ===============================|    epoch 4   |===============================
2021-11-25 16:55:24,056 -     0 /  6330 (000%):	 Total:0.0862327	 human_Acc:0.0625000	 lr:0.0005555	 Mean_Total:0.0862327
2021-11-25 16:56:03,169 -  1266 /  6330 (020%):	 Total:0.0933569	 human_Acc:0.0937500	 lr:0.0005421	 Mean_Total:0.6835707
2021-11-25 16:56:41,855 -  2532 /  6330 (040%):	 Total:0.0647482	 human_Acc:0.1875000	 lr:0.0005296	 Mean_Total:0.6794207
2021-11-25 16:57:19,187 -  3798 /  6330 (060%):	 Total:0.0698560	 human_Acc:0.0625000	 lr:0.0005180	 Mean_Total:0.6626852
2021-11-25 16:57:54,103 -  5064 /  6330 (080%):	 Total:0.0726442	 human_Acc:0.2187500	 lr:0.0005071	 Mean_Total:0.6552202
2021-11-25 16:58:29,939 - ===============================| start validation |===============================
2021-11-25 16:58:35,042 - 	 Total:0.6395921	 human_loss:0.0856793	 human_Acc:0.1081877	 Andrev2015_loss:0.8911793	 Andrev2015_Acc:0.1014785	 pc3_loss:1.5560058	 pc3_Acc:0.1206790
2021-11-25 16:58:35,046 -    ini file updated    
2021-11-25 16:58:35,117 - Snapshot saved to /data/users/wergillius/UTR_VAE/pth/RL_6_data_MTL/task_lambda/Human_no_M-model_best_cv1.pth

2021-11-25 16:58:35,118 -    ini file updated    
2021-11-25 16:58:35,118 - ===============================|    epoch 5   |===============================
2021-11-25 16:58:36,667 -     0 /  6330 (000%):	 Total:0.0568000	 human_Acc:0.0625000	 lr:0.0004968	 Mean_Total:0.0568000
2021-11-25 16:59:09,392 -  1266 /  6330 (020%):	 Total:0.1113442	 human_Acc:0.1875000	 lr:0.0004872	 Mean_Total:0.5628803
2021-11-25 16:59:43,755 -  2532 /  6330 (040%):	 Total:0.0860701	 human_Acc:0.1250000	 lr:0.0004781	 Mean_Total:0.5762241
2021-11-25 17:00:19,736 -  3798 /  6330 (060%):	 Total:0.1721341	 human_Acc:0.1875000	 lr:0.0004695	 Mean_Total:0.5650195
2021-11-25 17:00:55,320 -  5064 /  6330 (080%):	 Total:0.0426715	 human_Acc:0.1562500	 lr:0.0004613	 Mean_Total:0.5607852
2021-11-25 17:01:31,121 - ===============================| start validation |===============================
2021-11-25 17:01:37,030 - 	 Total:0.6097199	 human_loss:0.0898357	 human_Acc:0.1123480	 Andrev2015_loss:0.8492907	 Andrev2015_Acc:0.1023746	 pc3_loss:1.4658866	 pc3_Acc:0.1126543
2021-11-25 17:01:37,035 -    ini file updated    
2021-11-25 17:01:37,117 - Snapshot saved to /data/users/wergillius/UTR_VAE/pth/RL_6_data_MTL/task_lambda/Human_no_M-model_best_cv1.pth

2021-11-25 17:01:37,118 -    ini file updated    
2021-11-25 17:01:37,118 - ===============================|    epoch 6   |===============================
2021-11-25 17:01:38,692 -     0 /  6330 (000%):	 Total:0.0866813	 human_Acc:0.1250000	 lr:0.0004535	 Mean_Total:0.0866813
2021-11-25 17:02:13,787 -  1266 /  6330 (020%):	 Total:0.0827458	 human_Acc:0.0312500	 lr:0.0004462	 Mean_Total:0.4723094
2021-11-25 17:02:49,017 -  2532 /  6330 (040%):	 Total:0.0448250	 human_Acc:0.2187500	 lr:0.0004391	 Mean_Total:0.4853970
2021-11-25 17:03:25,676 -  3798 /  6330 (060%):	 Total:0.1113399	 human_Acc:0.0625000	 lr:0.0004324	 Mean_Total:0.4759983
2021-11-25 17:04:01,088 -  5064 /  6330 (080%):	 Total:0.0826878	 human_Acc:0.1875000	 lr:0.0004260	 Mean_Total:0.4691982
2021-11-25 17:04:39,531 - ===============================| start validation |===============================
2021-11-25 17:04:45,105 - 	 Total:0.5911216	 human_loss:0.0855068	 human_Acc:0.1229103	 Andrev2015_loss:0.8006295	 Andrev2015_Acc:0.1144713	 pc3_loss:1.4507557	 pc3_Acc:0.1438272
2021-11-25 17:04:45,110 -    ini file updated    
2021-11-25 17:04:45,217 - Snapshot saved to /data/users/wergillius/UTR_VAE/pth/RL_6_data_MTL/task_lambda/Human_no_M-model_best_cv1.pth

2021-11-25 17:04:45,218 -    ini file updated    
2021-11-25 17:04:45,218 - ===============================|    epoch 7   |===============================
2021-11-25 17:04:46,809 -     0 /  6330 (000%):	 Total:0.0923523	 human_Acc:0.1875000	 lr:0.0004199	 Mean_Total:0.0923523
2021-11-25 17:05:23,919 -  1266 /  6330 (020%):	 Total:0.0964833	 human_Acc:0.0000000	 lr:0.0004140	 Mean_Total:0.4117794
2021-11-25 17:06:00,705 -  2532 /  6330 (040%):	 Total:0.1153462	 human_Acc:0.0937500	 lr:0.0004084	 Mean_Total:0.4187503
2021-11-25 17:06:39,032 -  3798 /  6330 (060%):	 Total:0.0723533	 human_Acc:0.0312500	 lr:0.0004030	 Mean_Total:0.4122068
2021-11-25 17:07:17,242 -  5064 /  6330 (080%):	 Total:0.0750347	 human_Acc:0.0937500	 lr:0.0003978	 Mean_Total:0.4092009
2021-11-25 17:07:56,236 - ===============================| start validation |===============================
2021-11-25 17:08:02,500 - 	 Total:0.5690141	 human_loss:0.0813254	 human_Acc:0.1271087	 Andrev2015_loss:0.7862151	 Andrev2015_Acc:0.0947581	 pc3_loss:1.3808098	 pc3_Acc:0.1489198
2021-11-25 17:08:02,503 -    ini file updated    
2021-11-25 17:08:02,585 - Snapshot saved to /data/users/wergillius/UTR_VAE/pth/RL_6_data_MTL/task_lambda/Human_no_M-model_best_cv1.pth

2021-11-25 17:08:02,586 -    ini file updated    
2021-11-25 17:08:02,586 - ===============================|    epoch 8   |===============================
2021-11-25 17:08:03,981 -     0 /  6330 (000%):	 Total:0.0544767	 human_Acc:0.0937500	 lr:0.0003928	 Mean_Total:0.0544767
2021-11-25 17:08:39,032 -  1266 /  6330 (020%):	 Total:0.2065687	 human_Acc:0.0312500	 lr:0.0003880	 Mean_Total:0.3476881
2021-11-25 17:09:14,793 -  2532 /  6330 (040%):	 Total:0.0401717	 human_Acc:0.1562500	 lr:0.0003833	 Mean_Total:0.3641256
2021-11-25 17:09:51,609 -  3798 /  6330 (060%):	 Total:0.0458969	 human_Acc:0.1875000	 lr:0.0003788	 Mean_Total:0.3564488
2021-11-25 17:10:27,932 -  5064 /  6330 (080%):	 Total:0.0848169	 human_Acc:0.1250000	 lr:0.0003745	 Mean_Total:0.3568411
2021-11-25 17:11:05,842 - ===============================| start validation |===============================
2021-11-25 17:11:11,554 - 	 Total:0.5644436	 human_loss:0.0821142	 human_Acc:0.1295973	 Andrev2015_loss:0.7724473	 Andrev2015_Acc:0.1236559	 pc3_loss:1.3751375	 pc3_Acc:0.1520062
2021-11-25 17:11:11,559 -    ini file updated    
2021-11-25 17:11:11,633 - Snapshot saved to /data/users/wergillius/UTR_VAE/pth/RL_6_data_MTL/task_lambda/Human_no_M-model_best_cv1.pth

2021-11-25 17:11:11,634 -    ini file updated    
2021-11-25 17:11:11,634 - ===============================|    epoch 9   |===============================
2021-11-25 17:11:12,905 -     0 /  6330 (000%):	 Total:0.0323606	 human_Acc:0.1875000	 lr:0.0003703	 Mean_Total:0.0323606
2021-11-25 17:11:48,525 -  1266 /  6330 (020%):	 Total:0.1921988	 human_Acc:0.0937500	 lr:0.0003663	 Mean_Total:0.3173209
2021-11-25 17:12:24,611 -  2532 /  6330 (040%):	 Total:0.0896383	 human_Acc:0.0937500	 lr:0.0003623	 Mean_Total:0.3216795
2021-11-25 17:13:02,792 -  3798 /  6330 (060%):	 Total:0.0344250	 human_Acc:0.1875000	 lr:0.0003586	 Mean_Total:0.3148845
2021-11-25 17:13:40,461 -  5064 /  6330 (080%):	 Total:0.0801594	 human_Acc:0.0937500	 lr:0.0003549	 Mean_Total:0.3126251
2021-11-25 17:14:19,974 - ===============================| start validation |===============================
2021-11-25 17:14:25,889 - 	 Total:0.5426314	 human_loss:0.0788031	 human_Acc:0.1109422	 Andrev2015_loss:0.7476484	 Andrev2015_Acc:0.1397849	 pc3_loss:1.3164977	 pc3_Acc:0.1685185
2021-11-25 17:14:25,895 -    ini file updated    
2021-11-25 17:14:26,000 - Snapshot saved to /data/users/wergillius/UTR_VAE/pth/RL_6_data_MTL/task_lambda/Human_no_M-model_best_cv1.pth

2021-11-25 17:14:26,001 -    ini file updated    
2021-11-25 17:14:26,001 - ===============================|    epoch 10   |===============================
2021-11-25 17:14:27,393 -     0 /  6330 (000%):	 Total:0.0872192	 human_Acc:0.0937500	 lr:0.0003513	 Mean_Total:0.0872192
2021-11-25 17:15:05,972 -  1266 /  6330 (020%):	 Total:0.1248555	 human_Acc:0.0312500	 lr:0.0003478	 Mean_Total:0.2822037
2021-11-25 17:15:44,445 -  2532 /  6330 (040%):	 Total:0.0717072	 human_Acc:0.0625000	 lr:0.0003445	 Mean_Total:0.2892704
2021-11-25 17:16:23,736 -  3798 /  6330 (060%):	 Total:0.1083187	 human_Acc:0.1562500	 lr:0.0003412	 Mean_Total:0.2879916
2021-11-25 17:17:02,060 -  5064 /  6330 (080%):	 Total:0.0968981	 human_Acc:0.0937500	 lr:0.0003380	 Mean_Total:0.2852463
2021-11-25 17:17:41,305 - ===============================| start validation |===============================
2021-11-25 17:17:47,094 - 	 Total:0.5453824	 human_loss:0.0760353	 human_Acc:0.1202128	 Andrev2015_loss:0.7475256	 Andrev2015_Acc:0.1303763	 pc3_loss:1.3345563	 pc3_Acc:0.1677469
2021-11-25 17:17:47,098 -    ini file updated    
2021-11-25 17:17:47,099 - ===============================|    epoch 11   |===============================
2021-11-25 17:17:48,589 -     0 /  6330 (000%):	 Total:0.0811288	 human_Acc:0.0937500	 lr:0.0003350	 Mean_Total:0.0811288
2021-11-25 17:18:26,991 -  1266 /  6330 (020%):	 Total:0.0657762	 human_Acc:0.0000000	 lr:0.0003320	 Mean_Total:0.2593041
2021-11-25 17:19:04,166 -  2532 /  6330 (040%):	 Total:0.1094342	 human_Acc:0.1250000	 lr:0.0003290	 Mean_Total:0.2655362
2021-11-25 17:19:42,238 -  3798 /  6330 (060%):	 Total:0.0418068	 human_Acc:0.1250000	 lr:0.0003262	 Mean_Total:0.2600262
2021-11-25 17:20:20,316 -  5064 /  6330 (080%):	 Total:0.0273266	 human_Acc:0.1250000	 lr:0.0003234	 Mean_Total:0.2591274
2021-11-25 17:20:59,195 - ===============================| start validation |===============================
2021-11-25 17:21:04,954 - 	 Total:0.5245000	 human_loss:0.0732705	 human_Acc:0.1216565	 Andrev2015_loss:0.7492732	 Andrev2015_Acc:0.1339606	 pc3_loss:1.2482689	 pc3_Acc:0.1743827
2021-11-25 17:21:04,958 -    ini file updated    
2021-11-25 17:21:05,059 - Snapshot saved to /data/users/wergillius/UTR_VAE/pth/RL_6_data_MTL/task_lambda/Human_no_M-model_best_cv1.pth

2021-11-25 17:21:05,060 -    ini file updated    
2021-11-25 17:21:05,060 - ===============================|    epoch 12   |===============================
2021-11-25 17:21:06,505 -     0 /  6330 (000%):	 Total:0.0684630	 human_Acc:0.1875000	 lr:0.0003207	 Mean_Total:0.0684630
2021-11-25 17:21:45,281 -  1266 /  6330 (020%):	 Total:0.0717018	 human_Acc:0.0937500	 lr:0.0003181	 Mean_Total:0.2432280
2021-11-25 17:22:23,305 -  2532 /  6330 (040%):	 Total:0.0593474	 human_Acc:0.0625000	 lr:0.0003155	 Mean_Total:0.2478143
2021-11-25 17:23:03,540 -  3798 /  6330 (060%):	 Total:0.1075392	 human_Acc:0.1875000	 lr:0.0003130	 Mean_Total:0.2438298
2021-11-25 17:23:41,437 -  5064 /  6330 (080%):	 Total:0.0582865	 human_Acc:0.1250000	 lr:0.0003105	 Mean_Total:0.2433863
2021-11-25 17:24:21,999 - ===============================| start validation |===============================
2021-11-25 17:24:27,684 - 	 Total:0.5367384	 human_loss:0.0700128	 human_Acc:0.1202128	 Andrev2015_loss:0.7390839	 Andrev2015_Acc:0.1523297	 pc3_loss:1.3199761	 pc3_Acc:0.1546296
2021-11-25 17:24:27,688 -    ini file updated    
2021-11-25 17:24:27,688 - ===============================|    epoch 13   |===============================
2021-11-25 17:24:29,193 -     0 /  6330 (000%):	 Total:0.0731430	 human_Acc:0.1250000	 lr:0.0003081	 Mean_Total:0.0731430
2021-11-25 17:25:07,777 -  1266 /  6330 (020%):	 Total:0.0729433	 human_Acc:0.1875000	 lr:0.0003058	 Mean_Total:0.2283699
2021-11-25 17:25:45,639 -  2532 /  6330 (040%):	 Total:0.0570865	 human_Acc:0.1250000	 lr:0.0003035	 Mean_Total:0.2278953
2021-11-25 17:26:25,298 -  3798 /  6330 (060%):	 Total:0.0430406	 human_Acc:0.1875000	 lr:0.0003012	 Mean_Total:0.2255494
2021-11-25 17:27:03,715 -  5064 /  6330 (080%):	 Total:0.1099955	 human_Acc:0.0937500	 lr:0.0002991	 Mean_Total:0.2264268
2021-11-25 17:27:43,238 - ===============================| start validation |===============================
2021-11-25 17:27:48,880 - 	 Total:0.5213375	 human_loss:0.0717022	 human_Acc:0.1299582	 Andrev2015_loss:0.7323686	 Andrev2015_Acc:0.1418011	 pc3_loss:1.2574155	 pc3_Acc:0.1782407
2021-11-25 17:27:48,885 -    ini file updated    
2021-11-25 17:27:48,985 - Snapshot saved to /data/users/wergillius/UTR_VAE/pth/RL_6_data_MTL/task_lambda/Human_no_M-model_best_cv1.pth

2021-11-25 17:27:48,986 -    ini file updated    
2021-11-25 17:27:48,986 - ===============================|    epoch 14   |===============================
2021-11-25 17:27:50,403 -     0 /  6330 (000%):	 Total:0.0591984	 human_Acc:0.1562500	 lr:0.0002969	 Mean_Total:0.0591984
2021-11-25 17:28:27,307 -  1266 /  6330 (020%):	 Total:0.1776730	 human_Acc:0.0937500	 lr:0.0002948	 Mean_Total:0.2143754
2021-11-25 17:29:04,726 -  2532 /  6330 (040%):	 Total:0.1131500	 human_Acc:0.0937500	 lr:0.0002928	 Mean_Total:0.2188224
2021-11-25 17:29:43,924 -  3798 /  6330 (060%):	 Total:0.0713423	 human_Acc:0.0937500	 lr:0.0002907	 Mean_Total:0.2168553
2021-11-25 17:30:20,359 -  5064 /  6330 (080%):	 Total:0.0606962	 human_Acc:0.2187500	 lr:0.0002888	 Mean_Total:0.2164846
2021-11-25 17:30:54,732 - ===============================| start validation |===============================
2021-11-25 17:31:00,119 - 	 Total:0.5205713	 human_loss:0.0684067	 human_Acc:0.1308511	 Andrev2015_loss:0.7296525	 Andrev2015_Acc:0.1474014	 pc3_loss:1.2643918	 pc3_Acc:0.1731481
2021-11-25 17:31:00,123 -    ini file updated    
2021-11-25 17:31:00,190 - Snapshot saved to /data/users/wergillius/UTR_VAE/pth/RL_6_data_MTL/task_lambda/Human_no_M-model_best_cv1.pth

2021-11-25 17:31:00,191 -    ini file updated    
2021-11-25 17:31:00,191 - ===============================|    epoch 15   |===============================
2021-11-25 17:31:01,454 -     0 /  6330 (000%):	 Total:0.0239920	 human_Acc:0.1250000	 lr:0.0002868	 Mean_Total:0.0239920
2021-11-25 17:31:32,139 -  1266 /  6330 (020%):	 Total:0.0416460	 human_Acc:0.1250000	 lr:0.0002850	 Mean_Total:0.2007267
2021-11-25 17:32:04,424 -  2532 /  6330 (040%):	 Total:0.0488876	 human_Acc:0.1250000	 lr:0.0002831	 Mean_Total:0.2059593
2021-11-25 17:32:37,794 -  3798 /  6330 (060%):	 Total:0.0361919	 human_Acc:0.1250000	 lr:0.0002813	 Mean_Total:0.2053989
2021-11-25 17:33:09,859 -  5064 /  6330 (080%):	 Total:0.0677718	 human_Acc:0.0625000	 lr:0.0002795	 Mean_Total:0.2074558
2021-11-25 17:33:41,869 - ===============================| start validation |===============================
2021-11-25 17:33:46,824 - 	 Total:0.5236714	 human_loss:0.0661799	 human_Acc:0.1325608	 Andrev2015_loss:0.7447223	 Andrev2015_Acc:0.1433692	 pc3_loss:1.2653400	 pc3_Acc:0.1904321
2021-11-25 17:33:46,827 -    ini file updated    
2021-11-25 17:33:46,828 - ===============================|    epoch 16   |===============================
2021-11-25 17:33:47,801 -     0 /  6330 (000%):	 Total:0.0614294	 human_Acc:0.1562500	 lr:0.0002777	 Mean_Total:0.0614294
2021-11-25 17:34:18,471 -  1266 /  6330 (020%):	 Total:0.0704785	 human_Acc:0.0312500	 lr:0.0002760	 Mean_Total:0.1938387
2021-11-25 17:34:51,081 -  2532 /  6330 (040%):	 Total:0.0483726	 human_Acc:0.1875000	 lr:0.0002743	 Mean_Total:0.1984022
2021-11-25 17:35:24,492 -  3798 /  6330 (060%):	 Total:0.0974204	 human_Acc:0.1250000	 lr:0.0002727	 Mean_Total:0.1979247
2021-11-25 17:35:56,618 -  5064 /  6330 (080%):	 Total:0.0360247	 human_Acc:0.1250000	 lr:0.0002710	 Mean_Total:0.1987132
2021-11-25 17:36:29,732 - ===============================| start validation |===============================
2021-11-25 17:36:34,279 - 	 Total:0.5257794	 human_loss:0.0670635	 human_Acc:0.1295023	 Andrev2015_loss:0.7334117	 Andrev2015_Acc:0.1500896	 pc3_loss:1.2855187	 pc3_Acc:0.1827160
2021-11-25 17:36:34,283 -    ini file updated    
2021-11-25 17:36:34,283 - ===============================|    epoch 17   |===============================
2021-11-25 17:36:35,303 -     0 /  6330 (000%):	 Total:0.0423717	 human_Acc:0.0625000	 lr:0.0002694	 Mean_Total:0.0423717
2021-11-25 17:37:05,841 -  1266 /  6330 (020%):	 Total:0.0547640	 human_Acc:0.0625000	 lr:0.0002679	 Mean_Total:0.1909153
2021-11-25 17:37:38,455 -  2532 /  6330 (040%):	 Total:0.0494247	 human_Acc:0.1875000	 lr:0.0002663	 Mean_Total:0.1932758
2021-11-25 17:38:11,660 -  3798 /  6330 (060%):	 Total:0.0825107	 human_Acc:0.1875000	 lr:0.0002648	 Mean_Total:0.1925655
2021-11-25 17:38:43,927 -  5064 /  6330 (080%):	 Total:0.0392005	 human_Acc:0.0312500	 lr:0.0002633	 Mean_Total:0.1912948
2021-11-25 17:39:16,735 - ===============================| start validation |===============================
2021-11-25 17:39:22,308 - 	 Total:0.5208306	 human_loss:0.0681659	 human_Acc:0.1201558	 Andrev2015_loss:0.7231503	 Andrev2015_Acc:0.1583781	 pc3_loss:1.2735024	 pc3_Acc:0.1916667
2021-11-25 17:39:22,312 -    ini file updated    
2021-11-25 17:39:22,312 - ===============================|    epoch 18   |===============================
2021-11-25 17:39:23,328 -     0 /  6330 (000%):	 Total:0.0507007	 human_Acc:0.1875000	 lr:0.0002619	 Mean_Total:0.0507007
2021-11-25 17:39:53,115 -  1266 /  6330 (020%):	 Total:0.0321976	 human_Acc:0.2187500	 lr:0.0002604	 Mean_Total:0.1770822
2021-11-25 17:40:24,995 -  2532 /  6330 (040%):	 Total:0.0949156	 human_Acc:0.2187500	 lr:0.0002590	 Mean_Total:0.1829374
2021-11-25 17:40:57,763 -  3798 /  6330 (060%):	 Total:0.0659245	 human_Acc:0.2187500	 lr:0.0002576	 Mean_Total:0.1827080
2021-11-25 17:41:30,054 -  5064 /  6330 (080%):	 Total:0.0465794	 human_Acc:0.2500000	 lr:0.0002562	 Mean_Total:0.1832959
2021-11-25 17:42:02,806 - ===============================| start validation |===============================
2021-11-25 17:42:08,351 - 	 Total:0.5154920	 human_loss:0.0633318	 human_Acc:0.1314210	 Andrev2015_loss:0.7192676	 Andrev2015_Acc:0.1507616	 pc3_loss:1.2653943	 pc3_Acc:0.1751543
2021-11-25 17:42:08,357 -    ini file updated    
2021-11-25 17:42:08,426 - Snapshot saved to /data/users/wergillius/UTR_VAE/pth/RL_6_data_MTL/task_lambda/Human_no_M-model_best_cv1.pth

2021-11-25 17:42:08,426 -    ini file updated    
2021-11-25 17:42:08,426 - ===============================|    epoch 19   |===============================
2021-11-25 17:42:09,485 -     0 /  6330 (000%):	 Total:0.0518360	 human_Acc:0.1250000	 lr:0.0002549	 Mean_Total:0.0518360
2021-11-25 17:42:38,867 -  1266 /  6330 (020%):	 Total:0.0551981	 human_Acc:0.1250000	 lr:0.0002535	 Mean_Total:0.1765636
2021-11-25 17:43:11,014 -  2532 /  6330 (040%):	 Total:0.1009021	 human_Acc:0.0937500	 lr:0.0002522	 Mean_Total:0.1802825
2021-11-25 17:43:43,647 -  3798 /  6330 (060%):	 Total:0.0602699	 human_Acc:0.1250000	 lr:0.0002509	 Mean_Total:0.1781555
2021-11-25 17:44:15,499 -  5064 /  6330 (080%):	 Total:0.0418687	 human_Acc:0.0937500	 lr:0.0002497	 Mean_Total:0.1791689
2021-11-25 17:44:47,963 - ===============================| start validation |===============================
2021-11-25 17:44:53,436 - 	 Total:0.5263907	 human_loss:0.0669999	 human_Acc:0.1299772	 Andrev2015_loss:0.7319509	 Andrev2015_Acc:0.1621864	 pc3_loss:1.2899778	 pc3_Acc:0.1782407
2021-11-25 17:44:53,440 -    ini file updated    
2021-11-25 17:44:53,440 - ===============================|    epoch 20   |===============================
2021-11-25 17:44:54,395 -     0 /  6330 (000%):	 Total:0.0891587	 human_Acc:0.0937500	 lr:0.0002484	 Mean_Total:0.0891587
2021-11-25 17:45:24,556 -  1266 /  6330 (020%):	 Total:0.0477791	 human_Acc:0.0937500	 lr:0.0002472	 Mean_Total:0.1719058
2021-11-25 17:45:56,859 -  2532 /  6330 (040%):	 Total:0.0593984	 human_Acc:0.1875000	 lr:0.0002460	 Mean_Total:0.1753912
2021-11-25 17:46:29,589 -  3798 /  6330 (060%):	 Total:0.0298428	 human_Acc:0.2187500	 lr:0.0002448	 Mean_Total:0.1754318
2021-11-25 17:47:01,382 -  5064 /  6330 (080%):	 Total:0.0989023	 human_Acc:0.0937500	 lr:0.0002436	 Mean_Total:0.1758882
2021-11-25 17:47:34,301 - ===============================| start validation |===============================
2021-11-25 17:47:40,059 - 	 Total:0.5178762	 human_loss:0.0652946	 human_Acc:0.1189590	 Andrev2015_loss:0.7248788	 Andrev2015_Acc:0.1668907	 pc3_loss:1.2649906	 pc3_Acc:0.1739198
2021-11-25 17:47:40,064 -    ini file updated    
2021-11-25 17:47:40,065 - ===============================|    epoch 21   |===============================
2021-11-25 17:47:41,053 -     0 /  6330 (000%):	 Total:0.0579960	 human_Acc:0.0937500	 lr:0.0002424	 Mean_Total:0.0579960
2021-11-25 17:48:11,006 -  1266 /  6330 (020%):	 Total:0.0942403	 human_Acc:0.2187500	 lr:0.0002413	 Mean_Total:0.1634451
2021-11-25 17:48:43,220 -  2532 /  6330 (040%):	 Total:0.0786713	 human_Acc:0.1250000	 lr:0.0002402	 Mean_Total:0.1674937
2021-11-25 17:49:16,492 -  3798 /  6330 (060%):	 Total:0.0575000	 human_Acc:0.1562500	 lr:0.0002390	 Mean_Total:0.1672272
2021-11-25 17:49:48,253 -  5064 /  6330 (080%):	 Total:0.0592367	 human_Acc:0.0937500	 lr:0.0002379	 Mean_Total:0.1679173
2021-11-25 17:50:21,096 - ===============================| start validation |===============================
2021-11-25 17:50:26,802 - 	 Total:0.5161101	 human_loss:0.0640873	 human_Acc:0.1224734	 Andrev2015_loss:0.7254501	 Andrev2015_Acc:0.1494176	 pc3_loss:1.2593250	 pc3_Acc:0.1828704
2021-11-25 17:50:26,808 -    ini file updated    
2021-11-25 17:50:26,808 - ===============================|    epoch 22   |===============================
2021-11-25 17:50:27,835 -     0 /  6330 (000%):	 Total:0.0539331	 human_Acc:0.1562500	 lr:0.0002369	 Mean_Total:0.0539331
2021-11-25 17:50:58,683 -  1266 /  6330 (020%):	 Total:0.0462760	 human_Acc:0.2187500	 lr:0.0002358	 Mean_Total:0.1583455
2021-11-25 17:51:29,785 -  2532 /  6330 (040%):	 Total:0.0438447	 human_Acc:0.1562500	 lr:0.0002347	 Mean_Total:0.1630508
2021-11-25 17:52:02,615 -  3798 /  6330 (060%):	 Total:0.0418672	 human_Acc:0.1250000	 lr:0.0002337	 Mean_Total:0.1613365
2021-11-25 17:52:33,944 -  5064 /  6330 (080%):	 Total:0.0301338	 human_Acc:0.2187500	 lr:0.0002327	 Mean_Total:0.1628470
2021-11-25 17:53:06,715 - ===============================| start validation |===============================
2021-11-25 17:53:12,508 - 	 Total:0.5127061	 human_loss:0.0648245	 human_Acc:0.1230813	 Andrev2015_loss:0.7126493	 Andrev2015_Acc:0.1530018	 pc3_loss:1.2576986	 pc3_Acc:0.2030864
2021-11-25 17:53:12,513 -    ini file updated    
2021-11-25 17:53:12,589 - Snapshot saved to /data/users/wergillius/UTR_VAE/pth/RL_6_data_MTL/task_lambda/Human_no_M-model_best_cv1.pth

2021-11-25 17:53:12,589 -    ini file updated    
2021-11-25 17:53:12,589 - ===============================|    epoch 23   |===============================
2021-11-25 17:53:13,659 -     0 /  6330 (000%):	 Total:0.0562255	 human_Acc:0.0312500	 lr:0.0002316	 Mean_Total:0.0562255
2021-11-25 17:53:43,615 -  1266 /  6330 (020%):	 Total:0.0459176	 human_Acc:0.1875000	 lr:0.0002306	 Mean_Total:0.1584513
2021-11-25 17:54:14,739 -  2532 /  6330 (040%):	 Total:0.0723027	 human_Acc:0.1875000	 lr:0.0002297	 Mean_Total:0.1609849
2021-11-25 17:54:47,973 -  3798 /  6330 (060%):	 Total:0.0473115	 human_Acc:0.2500000	 lr:0.0002287	 Mean_Total:0.1585666
2021-11-25 17:55:19,804 -  5064 /  6330 (080%):	 Total:0.0307375	 human_Acc:0.1250000	 lr:0.0002277	 Mean_Total:0.1601452
2021-11-25 17:55:52,241 - ===============================| start validation |===============================
2021-11-25 17:55:58,253 - 	 Total:0.5116902	 human_loss:0.0662808	 human_Acc:0.1224164	 Andrev2015_loss:0.7296688	 Andrev2015_Acc:0.1630824	 pc3_loss:1.2305963	 pc3_Acc:0.2157407
2021-11-25 17:55:58,257 -    ini file updated    
2021-11-25 17:55:58,323 - Snapshot saved to /data/users/wergillius/UTR_VAE/pth/RL_6_data_MTL/task_lambda/Human_no_M-model_best_cv1.pth

2021-11-25 17:55:58,324 -    ini file updated    
2021-11-25 17:55:58,324 - ===============================|    epoch 24   |===============================
2021-11-25 17:55:59,294 -     0 /  6330 (000%):	 Total:0.0684341	 human_Acc:0.1250000	 lr:0.0002268	 Mean_Total:0.0684341
2021-11-25 17:56:29,792 -  1266 /  6330 (020%):	 Total:0.0462228	 human_Acc:0.0312500	 lr:0.0002258	 Mean_Total:0.1491012
2021-11-25 17:57:00,433 -  2532 /  6330 (040%):	 Total:0.0268808	 human_Acc:0.1562500	 lr:0.0002249	 Mean_Total:0.1552401
2021-11-25 17:57:33,074 -  3798 /  6330 (060%):	 Total:0.0469309	 human_Acc:0.1562500	 lr:0.0002240	 Mean_Total:0.1547265
2021-11-25 17:58:04,763 -  5064 /  6330 (080%):	 Total:0.0232366	 human_Acc:0.1562500	 lr:0.0002231	 Mean_Total:0.1561699
2021-11-25 17:58:37,249 - ===============================| start validation |===============================
2021-11-25 17:58:43,138 - 	 Total:0.5078259	 human_loss:0.0603965	 human_Acc:0.1315919	 Andrev2015_loss:0.7228490	 Andrev2015_Acc:0.1650986	 pc3_loss:1.2345210	 pc3_Acc:0.1970679
2021-11-25 17:58:43,144 -    ini file updated    
2021-11-25 17:58:43,207 - Snapshot saved to /data/users/wergillius/UTR_VAE/pth/RL_6_data_MTL/task_lambda/Human_no_M-model_best_cv1.pth

2021-11-25 17:58:43,208 -    ini file updated    
2021-11-25 17:58:43,208 - ===============================|    epoch 25   |===============================
2021-11-25 17:58:44,175 -     0 /  6330 (000%):	 Total:0.0514764	 human_Acc:0.0625000	 lr:0.0002222	 Mean_Total:0.0514764
2021-11-25 17:59:14,644 -  1266 /  6330 (020%):	 Total:0.0591617	 human_Acc:0.1250000	 lr:0.0002213	 Mean_Total:0.1513645
2021-11-25 17:59:45,906 -  2532 /  6330 (040%):	 Total:0.0639360	 human_Acc:0.0937500	 lr:0.0002204	 Mean_Total:0.1534449
2021-11-25 18:00:18,090 -  3798 /  6330 (060%):	 Total:0.0355697	 human_Acc:0.1250000	 lr:0.0002196	 Mean_Total:0.1516345
2021-11-25 18:00:49,861 -  5064 /  6330 (080%):	 Total:0.0406753	 human_Acc:0.0937500	 lr:0.0002187	 Mean_Total:0.1531626
2021-11-25 18:01:22,252 - ===============================| start validation |===============================
2021-11-25 18:01:27,985 - 	 Total:0.5121289	 human_loss:0.0588420	 human_Acc:0.1301862	 Andrev2015_loss:0.7182773	 Andrev2015_Acc:0.1655466	 pc3_loss:1.2617587	 pc3_Acc:0.1847222
2021-11-25 18:01:27,990 -    ini file updated    
2021-11-25 18:01:27,990 - ===============================|    epoch 26   |===============================
2021-11-25 18:01:28,972 -     0 /  6330 (000%):	 Total:0.0484239	 human_Acc:0.0937500	 lr:0.0002179	 Mean_Total:0.0484239
2021-11-25 18:01:59,488 -  1266 /  6330 (020%):	 Total:0.0598061	 human_Acc:0.1562500	 lr:0.0002170	 Mean_Total:0.1477542
2021-11-25 18:02:31,280 -  2532 /  6330 (040%):	 Total:0.0412755	 human_Acc:0.1250000	 lr:0.0002162	 Mean_Total:0.1506604
2021-11-25 18:03:02,962 -  3798 /  6330 (060%):	 Total:0.0552346	 human_Acc:0.1875000	 lr:0.0002154	 Mean_Total:0.1494248
2021-11-25 18:03:35,064 -  5064 /  6330 (080%):	 Total:0.0386903	 human_Acc:0.1250000	 lr:0.0002146	 Mean_Total:0.1498575
2021-11-25 18:04:07,425 - ===============================| start validation |===============================
2021-11-25 18:04:13,268 - 	 Total:0.5119426	 human_loss:0.0615913	 human_Acc:0.1287994	 Andrev2015_loss:0.7018767	 Andrev2015_Acc:0.1514337	 pc3_loss:1.2738012	 pc3_Acc:0.1561728
2021-11-25 18:04:13,271 -    ini file updated    
2021-11-25 18:04:13,272 - ===============================|    epoch 27   |===============================
2021-11-25 18:04:14,325 -     0 /  6330 (000%):	 Total:0.0385258	 human_Acc:0.0312500	 lr:0.0002138	 Mean_Total:0.0385258
2021-11-25 18:04:44,815 -  1266 /  6330 (020%):	 Total:0.0434410	 human_Acc:0.1875000	 lr:0.0002130	 Mean_Total:0.1479710
2021-11-25 18:05:16,737 -  2532 /  6330 (040%):	 Total:0.0709241	 human_Acc:0.1562500	 lr:0.0002122	 Mean_Total:0.1481430
2021-11-25 18:05:48,266 -  3798 /  6330 (060%):	 Total:0.0755052	 human_Acc:0.0625000	 lr:0.0002115	 Mean_Total:0.1473250
2021-11-25 18:06:19,808 -  5064 /  6330 (080%):	 Total:0.0425495	 human_Acc:0.1250000	 lr:0.0002107	 Mean_Total:0.1479629
2021-11-25 18:06:52,303 - ===============================| start validation |===============================
2021-11-25 18:06:58,051 - 	 Total:0.5096250	 human_loss:0.0598111	 human_Acc:0.1345175	 Andrev2015_loss:0.7144441	 Andrev2015_Acc:0.1626344	 pc3_loss:1.2532241	 pc3_Acc:0.1878086
2021-11-25 18:06:58,055 -    ini file updated    
2021-11-25 18:06:58,056 - ===============================|    epoch 28   |===============================
2021-11-25 18:06:59,030 -     0 /  6330 (000%):	 Total:0.0999571	 human_Acc:0.0937500	 lr:0.0002099	 Mean_Total:0.0999571
2021-11-25 18:07:29,507 -  1266 /  6330 (020%):	 Total:0.0470989	 human_Acc:0.1875000	 lr:0.0002092	 Mean_Total:0.1429147
2021-11-25 18:08:01,298 -  2532 /  6330 (040%):	 Total:0.0579638	 human_Acc:0.0937500	 lr:0.0002085	 Mean_Total:0.1466635
2021-11-25 18:08:32,698 -  3798 /  6330 (060%):	 Total:0.0614555	 human_Acc:0.1875000	 lr:0.0002077	 Mean_Total:0.1443832
2021-11-25 18:09:04,107 -  5064 /  6330 (080%):	 Total:0.0457667	 human_Acc:0.2812500	 lr:0.0002070	 Mean_Total:0.1452774
2021-11-25 18:09:36,504 - ===============================| start validation |===============================
2021-11-25 18:09:42,070 - 	 Total:0.5033195	 human_loss:0.0565305	 human_Acc:0.1400646	 Andrev2015_loss:0.7077862	 Andrev2015_Acc:0.1810036	 pc3_loss:1.2407415	 pc3_Acc:0.1908951
2021-11-25 18:09:42,074 -    ini file updated    
2021-11-25 18:09:42,137 - Snapshot saved to /data/users/wergillius/UTR_VAE/pth/RL_6_data_MTL/task_lambda/Human_no_M-model_best_cv1.pth

2021-11-25 18:09:42,138 -    ini file updated    
2021-11-25 18:09:42,138 - ===============================|    epoch 29   |===============================
2021-11-25 18:09:43,084 -     0 /  6330 (000%):	 Total:0.0361316	 human_Acc:0.1250000	 lr:0.0002063	 Mean_Total:0.0361316
2021-11-25 18:10:12,840 -  1266 /  6330 (020%):	 Total:0.0437725	 human_Acc:0.2187500	 lr:0.0002056	 Mean_Total:0.1405240
2021-11-25 18:10:44,431 -  2532 /  6330 (040%):	 Total:0.0402814	 human_Acc:0.1562500	 lr:0.0002049	 Mean_Total:0.1435950
2021-11-25 18:11:16,832 -  3798 /  6330 (060%):	 Total:0.0362269	 human_Acc:0.2187500	 lr:0.0002042	 Mean_Total:0.1416120
2021-11-25 18:11:47,253 -  5064 /  6330 (080%):	 Total:0.0616214	 human_Acc:0.2187500	 lr:0.0002035	 Mean_Total:0.1426981
2021-11-25 18:12:19,901 - ===============================| start validation |===============================
2021-11-25 18:12:25,459 - 	 Total:0.5072036	 human_loss:0.0579674	 human_Acc:0.1427622	 Andrev2015_loss:0.7014823	 Andrev2015_Acc:0.1861559	 pc3_loss:1.2616475	 pc3_Acc:0.1955247
2021-11-25 18:12:25,463 -    ini file updated    
2021-11-25 18:12:25,463 - ===============================|    epoch 30   |===============================
2021-11-25 18:12:26,476 -     0 /  6330 (000%):	 Total:0.0399314	 human_Acc:0.2187500	 lr:0.0002028	 Mean_Total:0.0399314
2021-11-25 18:12:56,937 -  1266 /  6330 (020%):	 Total:0.0737792	 human_Acc:0.1562500	 lr:0.0002022	 Mean_Total:0.1368778
2021-11-25 18:13:28,772 -  2532 /  6330 (040%):	 Total:0.0422275	 human_Acc:0.0937500	 lr:0.0002015	 Mean_Total:0.1409791
2021-11-25 18:14:01,529 -  3798 /  6330 (060%):	 Total:0.0742494	 human_Acc:0.0937500	 lr:0.0002008	 Mean_Total:0.1405642
2021-11-25 18:14:32,238 -  5064 /  6330 (080%):	 Total:0.0352176	 human_Acc:0.2500000	 lr:0.0002002	 Mean_Total:0.1408868
2021-11-25 18:15:04,988 - ===============================| start validation |===============================
2021-11-25 18:15:10,711 - 	 Total:0.4968410	 human_loss:0.0578060	 human_Acc:0.1431231	 Andrev2015_loss:0.6910057	 Andrev2015_Acc:0.1637545	 pc3_loss:1.2292189	 pc3_Acc:0.1921296
2021-11-25 18:15:10,714 -    ini file updated    
2021-11-25 18:15:10,786 - Snapshot saved to /data/users/wergillius/UTR_VAE/pth/RL_6_data_MTL/task_lambda/Human_no_M-model_best_cv1.pth

2021-11-25 18:15:10,787 -    ini file updated    
2021-11-25 18:15:10,787 - ===============================|    epoch 31   |===============================
2021-11-25 18:15:11,763 -     0 /  6330 (000%):	 Total:0.0707689	 human_Acc:0.0937500	 lr:0.0001995	 Mean_Total:0.0707689
2021-11-25 18:15:42,308 -  1266 /  6330 (020%):	 Total:0.0641044	 human_Acc:0.1562500	 lr:0.0001989	 Mean_Total:0.1389780
2021-11-25 18:16:14,314 -  2532 /  6330 (040%):	 Total:0.0481105	 human_Acc:0.0937500	 lr:0.0001983	 Mean_Total:0.1396429
2021-11-25 18:16:47,313 -  3798 /  6330 (060%):	 Total:0.0295838	 human_Acc:0.1562500	 lr:0.0001976	 Mean_Total:0.1392271
2021-11-25 18:17:18,002 -  5064 /  6330 (080%):	 Total:0.0580947	 human_Acc:0.2500000	 lr:0.0001970	 Mean_Total:0.1403174
2021-11-25 18:17:50,419 - ===============================| start validation |===============================
2021-11-25 18:17:56,250 - 	 Total:0.5051953	 human_loss:0.0562123	 human_Acc:0.1397036	 Andrev2015_loss:0.7085307	 Andrev2015_Acc:0.1792115	 pc3_loss:1.2486901	 pc3_Acc:0.2027778
2021-11-25 18:17:56,255 -    ini file updated    
2021-11-25 18:17:56,255 - ===============================|    epoch 32   |===============================
2021-11-25 18:17:57,219 -     0 /  6330 (000%):	 Total:0.0606749	 human_Acc:0.1562500	 lr:0.0001964	 Mean_Total:0.0606749
2021-11-25 18:18:27,884 -  1266 /  6330 (020%):	 Total:0.0599994	 human_Acc:0.0625000	 lr:0.0001958	 Mean_Total:0.1352390
2021-11-25 18:18:59,625 -  2532 /  6330 (040%):	 Total:0.0748992	 human_Acc:0.1875000	 lr:0.0001952	 Mean_Total:0.1381536
2021-11-25 18:19:32,648 -  3798 /  6330 (060%):	 Total:0.0654586	 human_Acc:0.2500000	 lr:0.0001946	 Mean_Total:0.1384275
2021-11-25 18:20:03,868 -  5064 /  6330 (080%):	 Total:0.1169638	 human_Acc:0.1250000	 lr:0.0001940	 Mean_Total:0.1381594
2021-11-25 18:20:35,619 - ===============================| start validation |===============================
2021-11-25 18:20:41,377 - 	 Total:0.5129605	 human_loss:0.0589697	 human_Acc:0.1477774	 Andrev2015_loss:0.7202959	 Andrev2015_Acc:0.1657706	 pc3_loss:1.2627591	 pc3_Acc:0.1890432
2021-11-25 18:20:41,382 -    ini file updated    
2021-11-25 18:20:41,382 - ===============================|    epoch 33   |===============================
2021-11-25 18:20:42,402 -     0 /  6330 (000%):	 Total:0.0790662	 human_Acc:0.0625000	 lr:0.0001934	 Mean_Total:0.0790662
2021-11-25 18:21:12,810 -  1266 /  6330 (020%):	 Total:0.0447060	 human_Acc:0.2187500	 lr:0.0001928	 Mean_Total:0.1333053
2021-11-25 18:21:44,609 -  2532 /  6330 (040%):	 Total:0.0502163	 human_Acc:0.2187500	 lr:0.0001922	 Mean_Total:0.1357088
2021-11-25 18:22:17,598 -  3798 /  6330 (060%):	 Total:0.0591401	 human_Acc:0.1250000	 lr:0.0001917	 Mean_Total:0.1356401
2021-11-25 18:22:49,136 -  5064 /  6330 (080%):	 Total:0.0834311	 human_Acc:0.0937500	 lr:0.0001911	 Mean_Total:0.1353292
2021-11-25 18:23:20,709 - ===============================| start validation |===============================
2021-11-25 18:23:26,662 - 	 Total:0.5036189	 human_loss:0.0555888	 human_Acc:0.1375190	 Andrev2015_loss:0.7157008	 Andrev2015_Acc:0.1668907	 pc3_loss:1.2349977	 pc3_Acc:0.1967593
2021-11-25 18:23:26,667 -    ini file updated    
2021-11-25 18:23:26,667 - ===============================|    epoch 34   |===============================
2021-11-25 18:23:27,669 -     0 /  6330 (000%):	 Total:0.0440234	 human_Acc:0.1562500	 lr:0.0001905	 Mean_Total:0.0440234
2021-11-25 18:23:58,148 -  1266 /  6330 (020%):	 Total:0.0528300	 human_Acc:0.1562500	 lr:0.0001900	 Mean_Total:0.1323254
2021-11-25 18:24:29,879 -  2532 /  6330 (040%):	 Total:0.0464958	 human_Acc:0.1562500	 lr:0.0001894	 Mean_Total:0.1345704
2021-11-25 18:25:03,037 -  3798 /  6330 (060%):	 Total:0.0705403	 human_Acc:0.0937500	 lr:0.0001889	 Mean_Total:0.1344478
2021-11-25 18:25:34,926 -  5064 /  6330 (080%):	 Total:0.0629045	 human_Acc:0.1875000	 lr:0.0001883	 Mean_Total:0.1346535
2021-11-25 18:26:06,399 - ===============================| start validation |===============================
2021-11-25 18:26:12,226 - 	 Total:0.5147808	 human_loss:0.0558884	 human_Acc:0.1393427	 Andrev2015_loss:0.7135174	 Andrev2015_Acc:0.1816756	 pc3_loss:1.2851179	 pc3_Acc:0.1820988
2021-11-25 18:26:12,230 -    ini file updated    
2021-11-25 18:26:12,230 - ===============================|    epoch 35   |===============================
2021-11-25 18:26:13,233 -     0 /  6330 (000%):	 Total:0.0550608	 human_Acc:0.1250000	 lr:0.0001878	 Mean_Total:0.0550608
2021-11-25 18:26:43,717 -  1266 /  6330 (020%):	 Total:0.0414149	 human_Acc:0.0000000	 lr:0.0001872	 Mean_Total:0.1343826
2021-11-25 18:27:15,301 -  2532 /  6330 (040%):	 Total:0.0341877	 human_Acc:0.1875000	 lr:0.0001867	 Mean_Total:0.1336873
2021-11-25 18:27:48,081 -  3798 /  6330 (060%):	 Total:0.0689673	 human_Acc:0.0625000	 lr:0.0001862	 Mean_Total:0.1324378
2021-11-25 18:28:19,693 -  5064 /  6330 (080%):	 Total:0.1585431	 human_Acc:0.0312500	 lr:0.0001857	 Mean_Total:0.1336552
2021-11-25 18:28:51,965 - ===============================| start validation |===============================
2021-11-25 18:28:57,804 - 	 Total:0.5060994	 human_loss:0.0553758	 human_Acc:0.1356573	 Andrev2015_loss:0.7110019	 Andrev2015_Acc:0.1801075	 pc3_loss:1.2515822	 pc3_Acc:0.1689815
2021-11-25 18:28:57,807 -    ini file updated    
2021-11-25 18:28:57,808 - ===============================|    epoch 36   |===============================
2021-11-25 18:28:58,752 -     0 /  6330 (000%):	 Total:0.0830408	 human_Acc:0.1250000	 lr:0.0001852	 Mean_Total:0.0830408
2021-11-25 18:29:29,290 -  1266 /  6330 (020%):	 Total:0.0579765	 human_Acc:0.1875000	 lr:0.0001846	 Mean_Total:0.1294549
2021-11-25 18:30:00,780 -  2532 /  6330 (040%):	 Total:0.0775443	 human_Acc:0.0937500	 lr:0.0001841	 Mean_Total:0.1303399
2021-11-25 18:30:33,694 -  3798 /  6330 (060%):	 Total:0.0361027	 human_Acc:0.1250000	 lr:0.0001836	 Mean_Total:0.1304259
2021-11-25 18:31:05,652 -  5064 /  6330 (080%):	 Total:0.0474970	 human_Acc:0.2500000	 lr:0.0001831	 Mean_Total:0.1305809
2021-11-25 18:31:38,300 - ===============================| start validation |===============================
2021-11-25 18:31:43,189 - 	 Total:0.4970445	 human_loss:0.0557346	 human_Acc:0.1343465	 Andrev2015_loss:0.7070180	 Andrev2015_Acc:0.1794355	 pc3_loss:1.2162213	 pc3_Acc:0.2117284
2021-11-25 18:31:43,193 -    ini file updated    
2021-11-25 18:31:43,193 - ===============================|    epoch 37   |===============================
2021-11-25 18:31:44,166 -     0 /  6330 (000%):	 Total:0.0201591	 human_Acc:0.2812500	 lr:0.0001826	 Mean_Total:0.0201591
2021-11-25 18:32:15,143 -  1266 /  6330 (020%):	 Total:0.0457211	 human_Acc:0.0937500	 lr:0.0001821	 Mean_Total:0.1271344
2021-11-25 18:32:46,707 -  2532 /  6330 (040%):	 Total:0.0338571	 human_Acc:0.1875000	 lr:0.0001817	 Mean_Total:0.1289416
2021-11-25 18:33:19,571 -  3798 /  6330 (060%):	 Total:0.0295849	 human_Acc:0.1562500	 lr:0.0001812	 Mean_Total:0.1296546
2021-11-25 18:33:51,628 -  5064 /  6330 (080%):	 Total:0.0579842	 human_Acc:0.0937500	 lr:0.0001807	 Mean_Total:0.1297995
2021-11-25 18:34:24,080 - ===============================| start validation |===============================
2021-11-25 18:34:29,553 - 	 Total:0.5049347	 human_loss:0.0563733	 human_Acc:0.1307941	 Andrev2015_loss:0.7144703	 Andrev2015_Acc:0.1760753	 pc3_loss:1.2403930	 pc3_Acc:0.2182099
2021-11-25 18:34:29,557 -    ini file updated    
2021-11-25 18:34:29,557 - ===============================|    epoch 38   |===============================
2021-11-25 18:34:30,565 -     0 /  6330 (000%):	 Total:0.0401609	 human_Acc:0.1562500	 lr:0.0001802	 Mean_Total:0.0401609
2021-11-25 18:35:00,299 -  1266 /  6330 (020%):	 Total:0.0738070	 human_Acc:0.0937500	 lr:0.0001797	 Mean_Total:0.1299732
2021-11-25 18:35:31,777 -  2532 /  6330 (040%):	 Total:0.0535052	 human_Acc:0.2500000	 lr:0.0001793	 Mean_Total:0.1313722
2021-11-25 18:36:04,813 -  3798 /  6330 (060%):	 Total:0.0313453	 human_Acc:0.1875000	 lr:0.0001788	 Mean_Total:0.1291189
2021-11-25 18:36:36,523 -  5064 /  6330 (080%):	 Total:0.0433931	 human_Acc:0.0625000	 lr:0.0001784	 Mean_Total:0.1295020
2021-11-25 18:37:08,806 - ===============================| start validation |===============================
2021-11-25 18:37:14,444 - 	 Total:0.4982911	 human_loss:0.0551347	 human_Acc:0.1353533	 Andrev2015_loss:0.7091569	 Andrev2015_Acc:0.1747312	 pc3_loss:1.2204613	 pc3_Acc:0.1831790
2021-11-25 18:37:14,449 -    ini file updated    
2021-11-25 18:37:14,449 - ===============================|    epoch 39   |===============================
2021-11-25 18:37:15,464 -     0 /  6330 (000%):	 Total:0.0417922	 human_Acc:0.0625000	 lr:0.0001779	 Mean_Total:0.0417922
2021-11-25 18:37:44,993 -  1266 /  6330 (020%):	 Total:0.0509222	 human_Acc:0.1562500	 lr:0.0001774	 Mean_Total:0.1270382
2021-11-25 18:38:16,256 -  2532 /  6330 (040%):	 Total:0.0292619	 human_Acc:0.2812500	 lr:0.0001770	 Mean_Total:0.1277931
2021-11-25 18:38:49,386 -  3798 /  6330 (060%):	 Total:0.0605435	 human_Acc:0.0625000	 lr:0.0001765	 Mean_Total:0.1262904
2021-11-25 18:39:21,341 -  5064 /  6330 (080%):	 Total:0.0437048	 human_Acc:0.2500000	 lr:0.0001761	 Mean_Total:0.1271991
2021-11-25 18:39:53,865 - ===============================| start validation |===============================
2021-11-25 18:39:59,602 - 	 Total:0.4967418	 human_loss:0.0538319	 human_Acc:0.1425152	 Andrev2015_loss:0.7049104	 Andrev2015_Acc:0.1780914	 pc3_loss:1.2214726	 pc3_Acc:0.1908951
2021-11-25 18:39:59,606 -    ini file updated    
2021-11-25 18:39:59,685 - Snapshot saved to /data/users/wergillius/UTR_VAE/pth/RL_6_data_MTL/task_lambda/Human_no_M-model_best_cv1.pth

2021-11-25 18:39:59,686 -    ini file updated    
2021-11-25 18:39:59,686 - ===============================|    epoch 40   |===============================
2021-11-25 18:40:00,712 -     0 /  6330 (000%):	 Total:0.0412696	 human_Acc:0.0937500	 lr:0.0001757	 Mean_Total:0.0412696
2021-11-25 18:40:30,550 -  1266 /  6330 (020%):	 Total:0.0408128	 human_Acc:0.0937500	 lr:0.0001752	 Mean_Total:0.1253737
2021-11-25 18:41:02,204 -  2532 /  6330 (040%):	 Total:0.0831197	 human_Acc:0.1875000	 lr:0.0001748	 Mean_Total:0.1275385
2021-11-25 18:41:35,257 -  3798 /  6330 (060%):	 Total:0.0284729	 human_Acc:0.2187500	 lr:0.0001744	 Mean_Total:0.1267344
2021-11-25 18:42:06,930 -  5064 /  6330 (080%):	 Total:0.0346077	 human_Acc:0.1250000	 lr:0.0001739	 Mean_Total:0.1266432
2021-11-25 18:42:39,501 - ===============================| start validation |===============================
2021-11-25 18:42:45,118 - 	 Total:0.4978595	 human_loss:0.0550218	 human_Acc:0.1453837	 Andrev2015_loss:0.7003197	 Andrev2015_Acc:0.1758513	 pc3_loss:1.2289871	 pc3_Acc:0.1961420
2021-11-25 18:42:45,122 -    ini file updated    
2021-11-25 18:42:45,122 - ===============================|    epoch 41   |===============================
2021-11-25 18:42:46,093 -     0 /  6330 (000%):	 Total:0.0393491	 human_Acc:0.1875000	 lr:0.0001735	 Mean_Total:0.0393491
2021-11-25 18:43:16,104 -  1266 /  6330 (020%):	 Total:0.0409990	 human_Acc:0.0937500	 lr:0.0001731	 Mean_Total:0.1228713
2021-11-25 18:43:47,203 -  2532 /  6330 (040%):	 Total:0.0630453	 human_Acc:0.1875000	 lr:0.0001727	 Mean_Total:0.1247393
2021-11-25 18:44:20,140 -  3798 /  6330 (060%):	 Total:0.0567963	 human_Acc:0.0937500	 lr:0.0001722	 Mean_Total:0.1239030
2021-11-25 18:44:51,366 -  5064 /  6330 (080%):	 Total:0.0348705	 human_Acc:0.1562500	 lr:0.0001718	 Mean_Total:0.1240617
2021-11-25 18:45:23,832 - ===============================| start validation |===============================
2021-11-25 18:45:29,643 - 	 Total:0.4944542	 human_loss:0.0546968	 human_Acc:0.1319529	 Andrev2015_loss:0.6877623	 Andrev2015_Acc:0.1877240	 pc3_loss:1.2293874	 pc3_Acc:0.2091049
2021-11-25 18:45:29,647 -    ini file updated    
2021-11-25 18:45:29,710 - Snapshot saved to /data/users/wergillius/UTR_VAE/pth/RL_6_data_MTL/task_lambda/Human_no_M-model_best_cv1.pth

2021-11-25 18:45:29,711 -    ini file updated    
2021-11-25 18:45:29,711 - ===============================|    epoch 42   |===============================
2021-11-25 18:45:30,723 -     0 /  6330 (000%):	 Total:0.0453030	 human_Acc:0.0625000	 lr:0.0001714	 Mean_Total:0.0453030
2021-11-25 18:46:01,480 -  1266 /  6330 (020%):	 Total:0.0312473	 human_Acc:0.1250000	 lr:0.0001710	 Mean_Total:0.1272173
2021-11-25 18:46:31,601 -  2532 /  6330 (040%):	 Total:0.1255996	 human_Acc:0.0000000	 lr:0.0001706	 Mean_Total:0.1247678
2021-11-25 18:47:05,170 -  3798 /  6330 (060%):	 Total:0.0545472	 human_Acc:0.1250000	 lr:0.0001702	 Mean_Total:0.1237493
2021-11-25 18:47:36,871 -  5064 /  6330 (080%):	 Total:0.0626549	 human_Acc:0.1875000	 lr:0.0001698	 Mean_Total:0.1234360
2021-11-25 18:48:09,466 - ===============================| start validation |===============================
2021-11-25 18:48:15,260 - 	 Total:0.4988609	 human_loss:0.0554174	 human_Acc:0.1403305	 Andrev2015_loss:0.6950507	 Andrev2015_Acc:0.1805556	 pc3_loss:1.2385061	 pc3_Acc:0.1905864
2021-11-25 18:48:15,263 -    ini file updated    
2021-11-25 18:48:15,263 - ===============================|    epoch 43   |===============================
2021-11-25 18:48:16,239 -     0 /  6330 (000%):	 Total:0.0549477	 human_Acc:0.1875000	 lr:0.0001694	 Mean_Total:0.0549477
2021-11-25 18:48:47,242 -  1266 /  6330 (020%):	 Total:0.0507560	 human_Acc:0.1875000	 lr:0.0001690	 Mean_Total:0.1208290
2021-11-25 18:49:17,523 -  2532 /  6330 (040%):	 Total:0.0323236	 human_Acc:0.2187500	 lr:0.0001686	 Mean_Total:0.1223022
2021-11-25 18:49:50,800 -  3798 /  6330 (060%):	 Total:0.0404774	 human_Acc:0.1562500	 lr:0.0001682	 Mean_Total:0.1216279
2021-11-25 18:50:22,949 -  5064 /  6330 (080%):	 Total:0.0534607	 human_Acc:0.2187500	 lr:0.0001679	 Mean_Total:0.1228914
2021-11-25 18:50:55,354 - ===============================| start validation |===============================
2021-11-25 18:51:01,050 - 	 Total:0.4923498	 human_loss:0.0524117	 human_Acc:0.1413374	 Andrev2015_loss:0.7073781	 Andrev2015_Acc:0.1765233	 pc3_loss:1.2027384	 pc3_Acc:0.2117284
2021-11-25 18:51:01,054 -    ini file updated    
2021-11-25 18:51:01,118 - Snapshot saved to /data/users/wergillius/UTR_VAE/pth/RL_6_data_MTL/task_lambda/Human_no_M-model_best_cv1.pth

2021-11-25 18:51:01,119 -    ini file updated    
2021-11-25 18:51:01,119 - ===============================|    epoch 44   |===============================
2021-11-25 18:51:02,060 -     0 /  6330 (000%):	 Total:0.0325052	 human_Acc:0.2187500	 lr:0.0001675	 Mean_Total:0.0325052
2021-11-25 18:51:32,830 -  1266 /  6330 (020%):	 Total:0.0320761	 human_Acc:0.2187500	 lr:0.0001671	 Mean_Total:0.1228367
2021-11-25 18:52:02,794 -  2532 /  6330 (040%):	 Total:0.0488916	 human_Acc:0.1562500	 lr:0.0001667	 Mean_Total:0.1230066
2021-11-25 18:52:35,974 -  3798 /  6330 (060%):	 Total:0.0333330	 human_Acc:0.0312500	 lr:0.0001664	 Mean_Total:0.1224227
2021-11-25 18:53:07,702 -  5064 /  6330 (080%):	 Total:0.0943924	 human_Acc:0.0312500	 lr:0.0001660	 Mean_Total:0.1217408
2021-11-25 18:53:40,364 - ===============================| start validation |===============================
2021-11-25 18:53:46,215 - 	 Total:0.4960184	 human_loss:0.0575833	 human_Acc:0.1299962	 Andrev2015_loss:0.7013609	 Andrev2015_Acc:0.1879480	 pc3_loss:1.2142573	 pc3_Acc:0.1970679
2021-11-25 18:53:46,219 -    ini file updated    
2021-11-25 18:53:46,219 - ===============================|    epoch 45   |===============================
2021-11-25 18:53:47,242 -     0 /  6330 (000%):	 Total:0.0545813	 human_Acc:0.2187500	 lr:0.0001656	 Mean_Total:0.0545813
2021-11-25 18:54:17,958 -  1266 /  6330 (020%):	 Total:0.0410361	 human_Acc:0.2187500	 lr:0.0001652	 Mean_Total:0.1240942
2021-11-25 18:54:48,414 -  2532 /  6330 (040%):	 Total:0.0346696	 human_Acc:0.1562500	 lr:0.0001649	 Mean_Total:0.1245106
2021-11-25 18:55:20,815 -  3798 /  6330 (060%):	 Total:0.0375335	 human_Acc:0.0937500	 lr:0.0001645	 Mean_Total:0.1232556
2021-11-25 18:55:52,662 -  5064 /  6330 (080%):	 Total:0.0411878	 human_Acc:0.0312500	 lr:0.0001642	 Mean_Total:0.1217248
2021-11-25 18:56:24,797 - ===============================| start validation |===============================
2021-11-25 18:56:30,652 - 	 Total:0.5040659	 human_loss:0.0539464	 human_Acc:0.1361892	 Andrev2015_loss:0.7102201	 Andrev2015_Acc:0.1881720	 pc3_loss:1.2467973	 pc3_Acc:0.1908951
2021-11-25 18:56:30,656 -    ini file updated    
2021-11-25 18:56:30,656 - ===============================|    epoch 46   |===============================
2021-11-25 18:56:31,679 -     0 /  6330 (000%):	 Total:0.0436847	 human_Acc:0.0937500	 lr:0.0001638	 Mean_Total:0.0436847
2021-11-25 18:57:02,935 -  1266 /  6330 (020%):	 Total:0.0408931	 human_Acc:0.1250000	 lr:0.0001634	 Mean_Total:0.1165448
2021-11-25 18:57:33,784 -  2532 /  6330 (040%):	 Total:0.0308561	 human_Acc:0.1250000	 lr:0.0001631	 Mean_Total:0.1202915
2021-11-25 18:58:06,260 -  3798 /  6330 (060%):	 Total:0.0537856	 human_Acc:0.3437500	 lr:0.0001627	 Mean_Total:0.1189412
2021-11-25 18:58:38,234 -  5064 /  6330 (080%):	 Total:0.0451385	 human_Acc:0.2187500	 lr:0.0001624	 Mean_Total:0.1198034
2021-11-25 18:59:10,592 - ===============================| start validation |===============================
2021-11-25 18:59:16,484 - 	 Total:0.5037353	 human_loss:0.0523072	 human_Acc:0.1430851	 Andrev2015_loss:0.7044666	 Andrev2015_Acc:0.1888441	 pc3_loss:1.2555404	 pc3_Acc:0.1867284
2021-11-25 18:59:16,489 -    ini file updated    
2021-11-25 18:59:16,489 - ===============================|    epoch 47   |===============================
2021-11-25 18:59:17,576 -     0 /  6330 (000%):	 Total:0.0409387	 human_Acc:0.1250000	 lr:0.0001620	 Mean_Total:0.0409387
2021-11-25 18:59:48,839 -  1266 /  6330 (020%):	 Total:0.0496667	 human_Acc:0.2500000	 lr:0.0001617	 Mean_Total:0.1183769
2021-11-25 19:00:20,013 -  2532 /  6330 (040%):	 Total:0.0482950	 human_Acc:0.1562500	 lr:0.0001614	 Mean_Total:0.1205406
2021-11-25 19:00:51,697 -  3798 /  6330 (060%):	 Total:0.0157340	 human_Acc:0.0625000	 lr:0.0001610	 Mean_Total:0.1189857
2021-11-25 19:01:23,700 -  5064 /  6330 (080%):	 Total:0.0672486	 human_Acc:0.0625000	 lr:0.0001607	 Mean_Total:0.1193769
2021-11-25 19:01:56,305 - ===============================| start validation |===============================
2021-11-25 19:02:02,043 - 	 Total:0.5037296	 human_loss:0.0528624	 human_Acc:0.1423252	 Andrev2015_loss:0.7031855	 Andrev2015_Acc:0.1913082	 pc3_loss:1.2557783	 pc3_Acc:0.1854938
2021-11-25 19:02:02,049 -    ini file updated    
2021-11-25 19:02:02,049 - ===============================|    epoch 48   |===============================
2021-11-25 19:02:03,099 -     0 /  6330 (000%):	 Total:0.0281904	 human_Acc:0.1250000	 lr:0.0001604	 Mean_Total:0.0281904
2021-11-25 19:02:34,092 -  1266 /  6330 (020%):	 Total:0.0371930	 human_Acc:0.0937500	 lr:0.0001600	 Mean_Total:0.1176197
2021-11-25 19:03:05,232 -  2532 /  6330 (040%):	 Total:0.0584707	 human_Acc:0.0937500	 lr:0.0001597	 Mean_Total:0.1192122
2021-11-25 19:03:36,966 -  3798 /  6330 (060%):	 Total:0.0329896	 human_Acc:0.1875000	 lr:0.0001594	 Mean_Total:0.1191801
2021-11-25 19:04:08,705 -  5064 /  6330 (080%):	 Total:0.0439762	 human_Acc:0.1562500	 lr:0.0001590	 Mean_Total:0.1193587
2021-11-25 19:04:41,646 - ===============================| start validation |===============================
2021-11-25 19:04:47,480 - 	 Total:0.4959024	 human_loss:0.0523867	 human_Acc:0.1397416	 Andrev2015_loss:0.7029823	 Andrev2015_Acc:0.1984767	 pc3_loss:1.2232011	 pc3_Acc:0.1993827
2021-11-25 19:04:47,484 -    ini file updated    
2021-11-25 19:04:47,484 - ===============================|    epoch 49   |===============================
2021-11-25 19:04:48,523 -     0 /  6330 (000%):	 Total:0.0437794	 human_Acc:0.0625000	 lr:0.0001587	 Mean_Total:0.0437794
2021-11-25 19:05:19,325 -  1266 /  6330 (020%):	 Total:0.0339992	 human_Acc:0.0937500	 lr:0.0001584	 Mean_Total:0.1159107
2021-11-25 19:05:50,528 -  2532 /  6330 (040%):	 Total:0.0208126	 human_Acc:0.2500000	 lr:0.0001581	 Mean_Total:0.1152443
2021-11-25 19:06:22,996 -  3798 /  6330 (060%):	 Total:0.0362980	 human_Acc:0.1562500	 lr:0.0001577	 Mean_Total:0.1146759
2021-11-25 19:06:54,134 -  5064 /  6330 (080%):	 Total:0.0573705	 human_Acc:0.0000000	 lr:0.0001574	 Mean_Total:0.1155884
2021-11-25 19:07:26,254 - ===============================| start validation |===============================
2021-11-25 19:07:32,017 - 	 Total:0.4952282	 human_loss:0.0524928	 human_Acc:0.1398176	 Andrev2015_loss:0.6965513	 Andrev2015_Acc:0.1774194	 pc3_loss:1.2274389	 pc3_Acc:0.1955247
2021-11-25 19:07:32,021 -    ini file updated    
2021-11-25 19:07:32,022 - ===============================|    epoch 50   |===============================
2021-11-25 19:07:33,021 -     0 /  6330 (000%):	 Total:0.0430026	 human_Acc:0.1562500	 lr:0.0001571	 Mean_Total:0.0430026
2021-11-25 19:08:04,114 -  1266 /  6330 (020%):	 Total:0.0584623	 human_Acc:0.1875000	 lr:0.0001568	 Mean_Total:0.1126060
2021-11-25 19:08:35,366 -  2532 /  6330 (040%):	 Total:0.0515574	 human_Acc:0.1562500	 lr:0.0001565	 Mean_Total:0.1161696
2021-11-25 19:09:08,181 -  3798 /  6330 (060%):	 Total:0.0288402	 human_Acc:0.1875000	 lr:0.0001562	 Mean_Total:0.1157220
2021-11-25 19:09:38,812 -  5064 /  6330 (080%):	 Total:0.0289563	 human_Acc:0.2812500	 lr:0.0001559	 Mean_Total:0.1156866
2021-11-25 19:10:11,493 - ===============================| start validation |===============================
2021-11-25 19:10:17,476 - 	 Total:0.4991016	 human_loss:0.0552390	 human_Acc:0.1436930	 Andrev2015_loss:0.7147998	 Andrev2015_Acc:0.1756272	 pc3_loss:1.2172603	 pc3_Acc:0.2047840
2021-11-25 19:10:17,481 -    ini file updated    
2021-11-25 19:10:17,481 - ===============================|    epoch 51   |===============================
2021-11-25 19:10:18,547 -     0 /  6330 (000%):	 Total:0.0713702	 human_Acc:0.0937500	 lr:0.0001556	 Mean_Total:0.0713702
2021-11-25 19:10:49,151 -  1266 /  6330 (020%):	 Total:0.0318124	 human_Acc:0.1562500	 lr:0.0001553	 Mean_Total:0.1145594
2021-11-25 19:11:20,618 -  2532 /  6330 (040%):	 Total:0.0438116	 human_Acc:0.0625000	 lr:0.0001550	 Mean_Total:0.1166174
2021-11-25 19:11:53,502 -  3798 /  6330 (060%):	 Total:0.0175187	 human_Acc:0.1562500	 lr:0.0001547	 Mean_Total:0.1172243
2021-11-25 19:12:23,974 -  5064 /  6330 (080%):	 Total:0.0423908	 human_Acc:0.0625000	 lr:0.0001544	 Mean_Total:0.1161354
2021-11-25 19:12:56,670 - ===============================| start validation |===============================
2021-11-25 19:13:02,473 - 	 Total:0.5051051	 human_loss:0.0545608	 human_Acc:0.1478533	 Andrev2015_loss:0.6946399	 Andrev2015_Acc:0.1955645	 pc3_loss:1.2678419	 pc3_Acc:0.1955247
2021-11-25 19:13:02,478 -    ini file updated    
2021-11-25 19:13:02,478 - ===============================|    epoch 52   |===============================
2021-11-25 19:13:03,554 -     0 /  6330 (000%):	 Total:0.0383207	 human_Acc:0.0937500	 lr:0.0001541	 Mean_Total:0.0383207
2021-11-25 19:13:34,434 -  1266 /  6330 (020%):	 Total:0.0181693	 human_Acc:0.2187500	 lr:0.0001538	 Mean_Total:0.1126094
2021-11-25 19:14:05,819 -  2532 /  6330 (040%):	 Total:0.0467324	 human_Acc:0.1875000	 lr:0.0001535	 Mean_Total:0.1152505
2021-11-25 19:14:39,071 -  3798 /  6330 (060%):	 Total:0.0455231	 human_Acc:0.2500000	 lr:0.0001532	 Mean_Total:0.1149032
2021-11-25 19:15:09,342 -  5064 /  6330 (080%):	 Total:0.0481062	 human_Acc:0.0625000	 lr:0.0001529	 Mean_Total:0.1157292
2021-11-25 19:15:41,795 - ===============================| start validation |===============================
2021-11-25 19:15:47,495 - 	 Total:0.4942881	 human_loss:0.0524363	 human_Acc:0.1441869	 Andrev2015_loss:0.6957836	 Andrev2015_Acc:0.1948925	 pc3_loss:1.2243781	 pc3_Acc:0.1851852
2021-11-25 19:15:47,498 -    ini file updated    
2021-11-25 19:15:47,498 - ===============================|    epoch 53   |===============================
2021-11-25 19:15:48,519 -     0 /  6330 (000%):	 Total:0.0590615	 human_Acc:0.2812500	 lr:0.0001526	 Mean_Total:0.0590615
2021-11-25 19:16:19,517 -  1266 /  6330 (020%):	 Total:0.0371491	 human_Acc:0.1875000	 lr:0.0001523	 Mean_Total:0.1136318
2021-11-25 19:16:50,724 -  2532 /  6330 (040%):	 Total:0.0308562	 human_Acc:0.1250000	 lr:0.0001520	 Mean_Total:0.1147704
2021-11-25 19:17:23,650 -  3798 /  6330 (060%):	 Total:0.0366479	 human_Acc:0.0937500	 lr:0.0001517	 Mean_Total:0.1143884
2021-11-25 19:17:55,222 -  5064 /  6330 (080%):	 Total:0.0471456	 human_Acc:0.1250000	 lr:0.0001515	 Mean_Total:0.1134090
2021-11-25 19:18:26,767 - ===============================| start validation |===============================
2021-11-25 19:18:32,621 - 	 Total:0.4923111	 human_loss:0.0520943	 human_Acc:0.1399316	 Andrev2015_loss:0.6962561	 Andrev2015_Acc:0.2031810	 pc3_loss:1.2160314	 pc3_Acc:0.2050926
2021-11-25 19:18:32,625 -    ini file updated    
2021-11-25 19:18:32,691 - Snapshot saved to /data/users/wergillius/UTR_VAE/pth/RL_6_data_MTL/task_lambda/Human_no_M-model_best_cv1.pth

2021-11-25 19:18:32,692 -    ini file updated    
2021-11-25 19:18:32,692 - ===============================|    epoch 54   |===============================
2021-11-25 19:18:33,710 -     0 /  6330 (000%):	 Total:0.0337619	 human_Acc:0.0937500	 lr:0.0001512	 Mean_Total:0.0337619
2021-11-25 19:19:04,948 -  1266 /  6330 (020%):	 Total:0.0501464	 human_Acc:0.1875000	 lr:0.0001509	 Mean_Total:0.1081623
2021-11-25 19:19:35,942 -  2532 /  6330 (040%):	 Total:0.0444667	 human_Acc:0.0625000	 lr:0.0001506	 Mean_Total:0.1130387
2021-11-25 19:20:08,960 -  3798 /  6330 (060%):	 Total:0.0807048	 human_Acc:0.2187500	 lr:0.0001503	 Mean_Total:0.1136195
2021-11-25 19:20:40,721 -  5064 /  6330 (080%):	 Total:0.0958976	 human_Acc:0.0625000	 lr:0.0001501	 Mean_Total:0.1132298
2021-11-25 19:21:12,142 - ===============================| start validation |===============================
2021-11-25 19:21:17,965 - 	 Total:0.4913803	 human_loss:0.0521683	 human_Acc:0.1370061	 Andrev2015_loss:0.6835095	 Andrev2015_Acc:0.1937724	 pc3_loss:1.2264802	 pc3_Acc:0.2066358
2021-11-25 19:21:17,969 -    ini file updated    
2021-11-25 19:21:18,054 - Snapshot saved to /data/users/wergillius/UTR_VAE/pth/RL_6_data_MTL/task_lambda/Human_no_M-model_best_cv1.pth

2021-11-25 19:21:18,055 -    ini file updated    
2021-11-25 19:21:18,055 - ===============================|    epoch 55   |===============================
2021-11-25 19:21:19,137 -     0 /  6330 (000%):	 Total:0.0464390	 human_Acc:0.1562500	 lr:0.0001498	 Mean_Total:0.0464390
2021-11-25 19:21:50,062 -  1266 /  6330 (020%):	 Total:0.0437975	 human_Acc:0.1562500	 lr:0.0001495	 Mean_Total:0.1103403
2021-11-25 19:22:21,371 -  2532 /  6330 (040%):	 Total:0.0388616	 human_Acc:0.2500000	 lr:0.0001493	 Mean_Total:0.1113019
2021-11-25 19:22:54,649 -  3798 /  6330 (060%):	 Total:0.0420887	 human_Acc:0.2187500	 lr:0.0001490	 Mean_Total:0.1125006
2021-11-25 19:23:26,005 -  5064 /  6330 (080%):	 Total:0.0422584	 human_Acc:0.0312500	 lr:0.0001487	 Mean_Total:0.1119349
2021-11-25 19:23:57,306 - ===============================| start validation |===============================
2021-11-25 19:24:03,179 - 	 Total:0.5022598	 human_loss:0.0508070	 human_Acc:0.1385068	 Andrev2015_loss:0.6979221	 Andrev2015_Acc:0.1798835	 pc3_loss:1.2599382	 pc3_Acc:0.1777778
2021-11-25 19:24:03,183 -    ini file updated    
2021-11-25 19:24:03,183 - ===============================|    epoch 56   |===============================
2021-11-25 19:24:04,295 -     0 /  6330 (000%):	 Total:0.0777507	 human_Acc:0.1250000	 lr:0.0001485	 Mean_Total:0.0777507
2021-11-25 19:24:35,212 -  1266 /  6330 (020%):	 Total:0.0355899	 human_Acc:0.0625000	 lr:0.0001482	 Mean_Total:0.1060620
2021-11-25 19:25:06,079 -  2532 /  6330 (040%):	 Total:0.0244184	 human_Acc:0.1562500	 lr:0.0001479	 Mean_Total:0.1094573
2021-11-25 19:25:39,069 -  3798 /  6330 (060%):	 Total:0.0539673	 human_Acc:0.1250000	 lr:0.0001477	 Mean_Total:0.1102107
2021-11-25 19:26:10,787 -  5064 /  6330 (080%):	 Total:0.0346038	 human_Acc:0.2187500	 lr:0.0001474	 Mean_Total:0.1106813
2021-11-25 19:26:42,156 - ===============================| start validation |===============================
2021-11-25 19:26:47,881 - 	 Total:0.4921126	 human_loss:0.0500660	 human_Acc:0.1437880	 Andrev2015_loss:0.6973602	 Andrev2015_Acc:0.1798835	 pc3_loss:1.2183184	 pc3_Acc:0.1919753
2021-11-25 19:26:47,885 -    ini file updated    
2021-11-25 19:26:47,885 - ===============================|    epoch 57   |===============================
2021-11-25 19:26:48,942 -     0 /  6330 (000%):	 Total:0.0344869	 human_Acc:0.1250000	 lr:0.0001471	 Mean_Total:0.0344869
2021-11-25 19:27:19,725 -  1266 /  6330 (020%):	 Total:0.0815825	 human_Acc:0.1875000	 lr:0.0001469	 Mean_Total:0.1101529
2021-11-25 19:27:51,117 -  2532 /  6330 (040%):	 Total:0.0421204	 human_Acc:0.1250000	 lr:0.0001466	 Mean_Total:0.1121467
2021-11-25 19:28:23,627 -  3798 /  6330 (060%):	 Total:0.0559019	 human_Acc:0.1250000	 lr:0.0001464	 Mean_Total:0.1115652
2021-11-25 19:28:55,409 -  5064 /  6330 (080%):	 Total:0.0420178	 human_Acc:0.2812500	 lr:0.0001461	 Mean_Total:0.1108073
2021-11-25 19:29:27,976 - ===============================| start validation |===============================
2021-11-25 19:29:33,049 - 	 Total:0.4939460	 human_loss:0.0501090	 human_Acc:0.1429901	 Andrev2015_loss:0.7029417	 Andrev2015_Acc:0.1935484	 pc3_loss:1.2197446	 pc3_Acc:0.1944444
2021-11-25 19:29:33,053 -    ini file updated    
2021-11-25 19:29:33,053 - ===============================|    epoch 58   |===============================
2021-11-25 19:29:33,994 -     0 /  6330 (000%):	 Total:0.0264994	 human_Acc:0.1875000	 lr:0.0001459	 Mean_Total:0.0264994
2021-11-25 19:30:04,777 -  1266 /  6330 (020%):	 Total:0.0330775	 human_Acc:0.1562500	 lr:0.0001456	 Mean_Total:0.1053586
2021-11-25 19:30:36,627 -  2532 /  6330 (040%):	 Total:0.0417186	 human_Acc:0.1250000	 lr:0.0001454	 Mean_Total:0.1109230
2021-11-25 19:31:09,386 -  3798 /  6330 (060%):	 Total:0.0332906	 human_Acc:0.1250000	 lr:0.0001451	 Mean_Total:0.1099850
2021-11-25 19:31:41,071 -  5064 /  6330 (080%):	 Total:0.0463893	 human_Acc:0.1562500	 lr:0.0001449	 Mean_Total:0.1102610
2021-11-25 19:32:13,566 - ===============================| start validation |===============================
2021-11-25 19:32:19,228 - 	 Total:0.4940188	 human_loss:0.0534840	 human_Acc:0.1491641	 Andrev2015_loss:0.6861957	 Andrev2015_Acc:0.1803315	 pc3_loss:1.2319423	 pc3_Acc:0.1793210
2021-11-25 19:32:19,232 -    ini file updated    
2021-11-25 19:32:19,232 - ===============================|    epoch 59   |===============================
2021-11-25 19:32:20,228 -     0 /  6330 (000%):	 Total:0.0371023	 human_Acc:0.0937500	 lr:0.0001446	 Mean_Total:0.0371023
2021-11-25 19:32:50,323 -  1266 /  6330 (020%):	 Total:0.0456815	 human_Acc:0.1250000	 lr:0.0001444	 Mean_Total:0.1096106
2021-11-25 19:33:21,504 -  2532 /  6330 (040%):	 Total:0.0340161	 human_Acc:0.0625000	 lr:0.0001441	 Mean_Total:0.1086800
2021-11-25 19:33:54,146 -  3798 /  6330 (060%):	 Total:0.0452796	 human_Acc:0.1562500	 lr:0.0001439	 Mean_Total:0.1086525
2021-11-25 19:34:25,839 -  5064 /  6330 (080%):	 Total:0.0530845	 human_Acc:0.1562500	 lr:0.0001437	 Mean_Total:0.1092616
2021-11-25 19:34:58,262 - ===============================| start validation |===============================
2021-11-25 19:35:04,186 - 	 Total:0.4908718	 human_loss:0.0504600	 human_Acc:0.1460106	 Andrev2015_loss:0.6965420	 Andrev2015_Acc:0.1722670	 pc3_loss:1.2130355	 pc3_Acc:0.1944444
2021-11-25 19:35:04,191 -    ini file updated    
2021-11-25 19:35:04,260 - Snapshot saved to /data/users/wergillius/UTR_VAE/pth/RL_6_data_MTL/task_lambda/Human_no_M-model_best_cv1.pth

2021-11-25 19:35:04,261 -    ini file updated    
2021-11-25 19:35:04,261 - ===============================|    epoch 60   |===============================
2021-11-25 19:35:05,286 -     0 /  6330 (000%):	 Total:0.0342341	 human_Acc:0.0937500	 lr:0.0001434	 Mean_Total:0.0342341
2021-11-25 19:35:35,338 -  1266 /  6330 (020%):	 Total:0.0294466	 human_Acc:0.2187500	 lr:0.0001432	 Mean_Total:0.1081098
2021-11-25 19:36:06,719 -  2532 /  6330 (040%):	 Total:0.0305468	 human_Acc:0.1250000	 lr:0.0001429	 Mean_Total:0.1085051
2021-11-25 19:36:39,772 -  3798 /  6330 (060%):	 Total:0.0318583	 human_Acc:0.1562500	 lr:0.0001427	 Mean_Total:0.1090176
2021-11-25 19:37:11,390 -  5064 /  6330 (080%):	 Total:0.0312967	 human_Acc:0.1875000	 lr:0.0001425	 Mean_Total:0.1088616
2021-11-25 19:37:44,116 - ===============================| start validation |===============================
2021-11-25 19:37:49,890 - 	 Total:0.4854887	 human_loss:0.0502754	 human_Acc:0.1446619	 Andrev2015_loss:0.6767238	 Andrev2015_Acc:0.1897401	 pc3_loss:1.2129143	 pc3_Acc:0.2109568
2021-11-25 19:37:49,893 -    ini file updated    
2021-11-25 19:37:49,964 - Snapshot saved to /data/users/wergillius/UTR_VAE/pth/RL_6_data_MTL/task_lambda/Human_no_M-model_best_cv1.pth

2021-11-25 19:37:49,965 -    ini file updated    
2021-11-25 19:37:49,965 - ===============================|    epoch 61   |===============================
2021-11-25 19:37:51,006 -     0 /  6330 (000%):	 Total:0.0628619	 human_Acc:0.0312500	 lr:0.0001422	 Mean_Total:0.0628619
2021-11-25 19:38:20,755 -  1266 /  6330 (020%):	 Total:0.0543512	 human_Acc:0.1562500	 lr:0.0001420	 Mean_Total:0.1039386
2021-11-25 19:38:51,915 -  2532 /  6330 (040%):	 Total:0.0226040	 human_Acc:0.1562500	 lr:0.0001418	 Mean_Total:0.1078499
2021-11-25 19:39:24,697 -  3798 /  6330 (060%):	 Total:0.0480563	 human_Acc:0.1250000	 lr:0.0001415	 Mean_Total:0.1077140
2021-11-25 19:39:56,201 -  5064 /  6330 (080%):	 Total:0.0772219	 human_Acc:0.1250000	 lr:0.0001413	 Mean_Total:0.1075678
2021-11-25 19:40:28,876 - ===============================| start validation |===============================
2021-11-25 19:40:34,587 - 	 Total:0.4934026	 human_loss:0.0509793	 human_Acc:0.1439020	 Andrev2015_loss:0.6918461	 Andrev2015_Acc:0.1870520	 pc3_loss:1.2282405	 pc3_Acc:0.2163580
2021-11-25 19:40:34,590 -    ini file updated    
2021-11-25 19:40:34,591 - ===============================|    epoch 62   |===============================
2021-11-25 19:40:35,627 -     0 /  6330 (000%):	 Total:0.1136181	 human_Acc:0.1250000	 lr:0.0001411	 Mean_Total:0.1136181
2021-11-25 19:41:06,128 -  1266 /  6330 (020%):	 Total:0.0342986	 human_Acc:0.0937500	 lr:0.0001409	 Mean_Total:0.1075347
2021-11-25 19:41:36,894 -  2532 /  6330 (040%):	 Total:0.0612007	 human_Acc:0.0625000	 lr:0.0001406	 Mean_Total:0.1087612
2021-11-25 19:42:09,705 -  3798 /  6330 (060%):	 Total:0.0823586	 human_Acc:0.1250000	 lr:0.0001404	 Mean_Total:0.1075994
2021-11-25 19:42:41,062 -  5064 /  6330 (080%):	 Total:0.0342156	 human_Acc:0.1250000	 lr:0.0001402	 Mean_Total:0.1073316
2021-11-25 19:43:14,506 - ===============================| start validation |===============================
2021-11-25 19:43:20,103 - 	 Total:0.5009472	 human_loss:0.0493586	 human_Acc:0.1488412	 Andrev2015_loss:0.7026444	 Andrev2015_Acc:0.1857079	 pc3_loss:1.2519923	 pc3_Acc:0.1770062
2021-11-25 19:43:20,109 -    ini file updated    
2021-11-25 19:43:20,109 - ===============================|    epoch 63   |===============================
2021-11-25 19:43:21,040 -     0 /  6330 (000%):	 Total:0.0633571	 human_Acc:0.0937500	 lr:0.0001400	 Mean_Total:0.0633571
2021-11-25 19:43:51,845 -  1266 /  6330 (020%):	 Total:0.0195771	 human_Acc:0.1562500	 lr:0.0001397	 Mean_Total:0.1045541
2021-11-25 19:44:21,937 -  2532 /  6330 (040%):	 Total:0.0354018	 human_Acc:0.1562500	 lr:0.0001395	 Mean_Total:0.1080165
2021-11-25 19:44:55,016 -  3798 /  6330 (060%):	 Total:0.0540516	 human_Acc:0.1562500	 lr:0.0001393	 Mean_Total:0.1081825
2021-11-25 19:45:25,900 -  5064 /  6330 (080%):	 Total:0.0497610	 human_Acc:0.1250000	 lr:0.0001391	 Mean_Total:0.1071461
2021-11-25 19:45:59,408 - ===============================| start validation |===============================
2021-11-25 19:46:05,319 - 	 Total:0.4920059	 human_loss:0.0515523	 human_Acc:0.1480243	 Andrev2015_loss:0.6821921	 Andrev2015_Acc:0.1866039	 pc3_loss:1.2320383	 pc3_Acc:0.1973765
2021-11-25 19:46:05,323 -    ini file updated    
2021-11-25 19:46:05,323 - ===============================|    epoch 64   |===============================
2021-11-25 19:46:06,317 -     0 /  6330 (000%):	 Total:0.0155053	 human_Acc:0.2187500	 lr:0.0001389	 Mean_Total:0.0155053
2021-11-25 19:46:37,097 -  1266 /  6330 (020%):	 Total:0.0335848	 human_Acc:0.1875000	 lr:0.0001387	 Mean_Total:0.1041227
2021-11-25 19:47:06,697 -  2532 /  6330 (040%):	 Total:0.0380411	 human_Acc:0.1562500	 lr:0.0001384	 Mean_Total:0.1062215
2021-11-25 19:47:40,132 -  3798 /  6330 (060%):	 Total:0.0406183	 human_Acc:0.0625000	 lr:0.0001382	 Mean_Total:0.1067505
2021-11-25 19:48:11,610 -  5064 /  6330 (080%):	 Total:0.1367737	 human_Acc:0.1250000	 lr:0.0001380	 Mean_Total:0.1065353
2021-11-25 19:48:44,748 - ===============================| start validation |===============================
2021-11-25 19:48:50,517 - 	 Total:0.4856105	 human_loss:0.0494759	 human_Acc:0.1472454	 Andrev2015_loss:0.6887011	 Andrev2015_Acc:0.1843638	 pc3_loss:1.2014290	 pc3_Acc:0.2188272
2021-11-25 19:48:50,521 -    ini file updated    
2021-11-25 19:48:50,522 - ===============================|    epoch 65   |===============================
2021-11-25 19:48:51,548 -     0 /  6330 (000%):	 Total:0.0537306	 human_Acc:0.1875000	 lr:0.0001378	 Mean_Total:0.0537306
2021-11-25 19:49:22,659 -  1266 /  6330 (020%):	 Total:0.0302293	 human_Acc:0.1250000	 lr:0.0001376	 Mean_Total:0.1045572
2021-11-25 19:49:52,487 -  2532 /  6330 (040%):	 Total:0.0294714	 human_Acc:0.1250000	 lr:0.0001374	 Mean_Total:0.1071655
2021-11-25 19:50:25,093 -  3798 /  6330 (060%):	 Total:0.0316367	 human_Acc:0.1875000	 lr:0.0001372	 Mean_Total:0.1058952
2021-11-25 19:50:56,063 -  5064 /  6330 (080%):	 Total:0.0388508	 human_Acc:0.0937500	 lr:0.0001370	 Mean_Total:0.1060005
2021-11-25 19:51:28,807 - ===============================| start validation |===============================
2021-11-25 19:51:34,876 - 	 Total:0.4888748	 human_loss:0.0499963	 human_Acc:0.1522796	 Andrev2015_loss:0.6752549	 Andrev2015_Acc:0.1975806	 pc3_loss:1.2298501	 pc3_Acc:0.1983025
2021-11-25 19:51:34,882 -    ini file updated    
2021-11-25 19:51:34,882 - ===============================|    epoch 66   |===============================
2021-11-25 19:51:35,905 -     0 /  6330 (000%):	 Total:0.0874219	 human_Acc:0.0312500	 lr:0.0001367	 Mean_Total:0.0874219
2021-11-25 19:52:07,060 -  1266 /  6330 (020%):	 Total:0.0420622	 human_Acc:0.2187500	 lr:0.0001365	 Mean_Total:0.1035921
2021-11-25 19:52:37,742 -  2532 /  6330 (040%):	 Total:0.0334279	 human_Acc:0.1562500	 lr:0.0001363	 Mean_Total:0.1044502
2021-11-25 19:53:10,000 -  3798 /  6330 (060%):	 Total:0.0438753	 human_Acc:0.2187500	 lr:0.0001361	 Mean_Total:0.1034064
2021-11-25 19:53:40,958 -  5064 /  6330 (080%):	 Total:0.0444462	 human_Acc:0.0937500	 lr:0.0001359	 Mean_Total:0.1046047
2021-11-25 19:54:14,253 - ===============================| start validation |===============================
2021-11-25 19:54:19,933 - 	 Total:0.4932770	 human_loss:0.0524445	 human_Acc:0.1317249	 Andrev2015_loss:0.7019488	 Andrev2015_Acc:0.1870520	 pc3_loss:1.2129095	 pc3_Acc:0.2104938
2021-11-25 19:54:19,936 -    ini file updated    
2021-11-25 19:54:19,936 - ===============================|    epoch 67   |===============================
2021-11-25 19:54:20,929 -     0 /  6330 (000%):	 Total:0.0240392	 human_Acc:0.0937500	 lr:0.0001357	 Mean_Total:0.0240392
2021-11-25 19:54:51,949 -  1266 /  6330 (020%):	 Total:0.0438573	 human_Acc:0.0625000	 lr:0.0001355	 Mean_Total:0.1020229
2021-11-25 19:55:23,292 -  2532 /  6330 (040%):	 Total:0.0343328	 human_Acc:0.1875000	 lr:0.0001353	 Mean_Total:0.1053259
2021-11-25 19:55:54,891 -  3798 /  6330 (060%):	 Total:0.0584954	 human_Acc:0.1875000	 lr:0.0001351	 Mean_Total:0.1048860
2021-11-25 19:56:25,932 -  5064 /  6330 (080%):	 Total:0.0276906	 human_Acc:0.0937500	 lr:0.0001349	 Mean_Total:0.1048838
2021-11-25 19:56:59,169 - ===============================| start validation |===============================
2021-11-25 19:57:05,064 - 	 Total:0.5008693	 human_loss:0.0512410	 human_Acc:0.1404635	 Andrev2015_loss:0.7047719	 Andrev2015_Acc:0.1845878	 pc3_loss:1.2451165	 pc3_Acc:0.1774691
2021-11-25 19:57:05,068 -    ini file updated    
2021-11-25 19:57:05,069 - ===============================|    epoch 68   |===============================
2021-11-25 19:57:06,128 -     0 /  6330 (000%):	 Total:0.0459184	 human_Acc:0.1562500	 lr:0.0001347	 Mean_Total:0.0459184
2021-11-25 19:57:37,319 -  1266 /  6330 (020%):	 Total:0.0378297	 human_Acc:0.0625000	 lr:0.0001345	 Mean_Total:0.1004066
2021-11-25 19:58:08,534 -  2532 /  6330 (040%):	 Total:0.1018173	 human_Acc:0.1250000	 lr:0.0001343	 Mean_Total:0.1048314
2021-11-25 19:58:40,359 -  3798 /  6330 (060%):	 Total:0.0256789	 human_Acc:0.1562500	 lr:0.0001341	 Mean_Total:0.1049656
2021-11-25 19:59:11,404 -  5064 /  6330 (080%):	 Total:0.0453477	 human_Acc:0.0625000	 lr:0.0001339	 Mean_Total:0.1044051
2021-11-25 19:59:44,713 - ===============================| start validation |===============================
2021-11-25 19:59:50,396 - 	 Total:0.4953729	 human_loss:0.0510315	 human_Acc:0.1478533	 Andrev2015_loss:0.7012875	 Andrev2015_Acc:0.1931004	 pc3_loss:1.2258064	 pc3_Acc:0.1870370
2021-11-25 19:59:50,401 -    ini file updated    
2021-11-25 19:59:50,401 - ===============================|    epoch 69   |===============================
2021-11-25 19:59:51,406 -     0 /  6330 (000%):	 Total:0.0435746	 human_Acc:0.1562500	 lr:0.0001337	 Mean_Total:0.0435746
2021-11-25 20:00:22,463 -  1266 /  6330 (020%):	 Total:0.0263677	 human_Acc:0.2187500	 lr:0.0001335	 Mean_Total:0.1008300
2021-11-25 20:00:53,890 -  2532 /  6330 (040%):	 Total:0.0397297	 human_Acc:0.1875000	 lr:0.0001334	 Mean_Total:0.1025239
2021-11-25 20:01:25,620 -  3798 /  6330 (060%):	 Total:0.0648500	 human_Acc:0.0625000	 lr:0.0001332	 Mean_Total:0.1031613
2021-11-25 20:01:56,520 -  5064 /  6330 (080%):	 Total:0.0279338	 human_Acc:0.1562500	 lr:0.0001330	 Mean_Total:0.1036093
2021-11-25 20:02:30,258 - ===============================| start validation |===============================
2021-11-25 20:02:35,847 - 	 Total:0.4941254	 human_loss:0.0486275	 human_Acc:0.1438260	 Andrev2015_loss:0.7046345	 Andrev2015_Acc:0.1877240	 pc3_loss:1.2218002	 pc3_Acc:0.2094136
2021-11-25 20:02:35,851 -    ini file updated    
2021-11-25 20:02:35,851 - ===============================|    epoch 70   |===============================
2021-11-25 20:02:36,924 -     0 /  6330 (000%):	 Total:0.0393986	 human_Acc:0.0625000	 lr:0.0001328	 Mean_Total:0.0393986
2021-11-25 20:03:07,719 -  1266 /  6330 (020%):	 Total:0.0312113	 human_Acc:0.1875000	 lr:0.0001326	 Mean_Total:0.1048673
2021-11-25 20:03:38,459 -  2532 /  6330 (040%):	 Total:0.0663247	 human_Acc:0.0625000	 lr:0.0001324	 Mean_Total:0.1053299
2021-11-25 20:04:10,938 -  3798 /  6330 (060%):	 Total:0.0382775	 human_Acc:0.1562500	 lr:0.0001322	 Mean_Total:0.1030129
2021-11-25 20:04:40,772 -  5064 /  6330 (080%):	 Total:0.0732706	 human_Acc:0.0937500	 lr:0.0001320	 Mean_Total:0.1028352
2021-11-25 20:05:14,053 - ===============================| start validation |===============================
2021-11-25 20:05:19,815 - 	 Total:0.4949529	 human_loss:0.0495174	 human_Acc:0.1450608	 Andrev2015_loss:0.6908200	 Andrev2015_Acc:0.1922043	 pc3_loss:1.2393031	 pc3_Acc:0.1839506
2021-11-25 20:05:19,819 -    ini file updated    
2021-11-25 20:05:19,820 - ===============================|    epoch 71   |===============================
2021-11-25 20:05:20,911 -     0 /  6330 (000%):	 Total:0.0661483	 human_Acc:0.0937500	 lr:0.0001318	 Mean_Total:0.0661483
2021-11-25 20:05:51,966 -  1266 /  6330 (020%):	 Total:0.0398946	 human_Acc:0.1250000	 lr:0.0001317	 Mean_Total:0.1031247
2021-11-25 20:06:23,091 -  2532 /  6330 (040%):	 Total:0.0229934	 human_Acc:0.2187500	 lr:0.0001315	 Mean_Total:0.1029814
2021-11-25 20:06:56,133 -  3798 /  6330 (060%):	 Total:0.0470542	 human_Acc:0.1250000	 lr:0.0001313	 Mean_Total:0.1023649
2021-11-25 20:07:26,163 -  5064 /  6330 (080%):	 Total:0.0334568	 human_Acc:0.2187500	 lr:0.0001311	 Mean_Total:0.1029883
2021-11-25 20:07:59,669 - ===============================| start validation |===============================
2021-11-25 20:08:05,440 - 	 Total:0.4842513	 human_loss:0.0497247	 human_Acc:0.1434650	 Andrev2015_loss:0.6821584	 Andrev2015_Acc:0.1760753	 pc3_loss:1.2025224	 pc3_Acc:0.2021605
2021-11-25 20:08:05,444 -    ini file updated    
2021-11-25 20:08:05,516 - Snapshot saved to /data/users/wergillius/UTR_VAE/pth/RL_6_data_MTL/task_lambda/Human_no_M-model_best_cv1.pth

2021-11-25 20:08:05,516 -    ini file updated    
2021-11-25 20:08:05,517 - ===============================|    epoch 72   |===============================
2021-11-25 20:08:06,531 -     0 /  6330 (000%):	 Total:0.0415825	 human_Acc:0.0937500	 lr:0.0001309	 Mean_Total:0.0415825
2021-11-25 20:08:37,521 -  1266 /  6330 (020%):	 Total:0.0681288	 human_Acc:0.2812500	 lr:0.0001307	 Mean_Total:0.1029652
2021-11-25 20:09:08,754 -  2532 /  6330 (040%):	 Total:0.0342198	 human_Acc:0.0937500	 lr:0.0001306	 Mean_Total:0.1019819
2021-11-25 20:09:41,824 -  3798 /  6330 (060%):	 Total:0.0391888	 human_Acc:0.1875000	 lr:0.0001304	 Mean_Total:0.1036468
2021-11-25 20:10:12,121 -  5064 /  6330 (080%):	 Total:0.0259279	 human_Acc:0.1562500	 lr:0.0001302	 Mean_Total:0.1027561
2021-11-25 20:10:45,568 - ===============================| start validation |===============================
2021-11-25 20:10:51,441 - 	 Total:0.4927949	 human_loss:0.0493094	 human_Acc:0.1477204	 Andrev2015_loss:0.6919526	 Andrev2015_Acc:0.1942204	 pc3_loss:1.2291238	 pc3_Acc:0.1873457
2021-11-25 20:10:51,445 -    ini file updated    
2021-11-25 20:10:51,445 - ===============================|    epoch 73   |===============================
2021-11-25 20:10:52,437 -     0 /  6330 (000%):	 Total:0.0265016	 human_Acc:0.2187500	 lr:0.0001300	 Mean_Total:0.0265016
2021-11-25 20:11:23,075 -  1266 /  6330 (020%):	 Total:0.0580576	 human_Acc:0.2187500	 lr:0.0001298	 Mean_Total:0.0983321
2021-11-25 20:11:54,176 -  2532 /  6330 (040%):	 Total:0.0460441	 human_Acc:0.1250000	 lr:0.0001297	 Mean_Total:0.1003862
2021-11-25 20:12:27,246 -  3798 /  6330 (060%):	 Total:0.0578171	 human_Acc:0.0312500	 lr:0.0001295	 Mean_Total:0.1015426
2021-11-25 20:12:57,364 -  5064 /  6330 (080%):	 Total:0.0181337	 human_Acc:0.2187500	 lr:0.0001293	 Mean_Total:0.1022107
2021-11-25 20:13:30,959 - ===============================| start validation |===============================
2021-11-25 20:13:36,661 - 	 Total:0.4939523	 human_loss:0.0486910	 human_Acc:0.1409954	 Andrev2015_loss:0.6962518	 Andrev2015_Acc:0.1740591	 pc3_loss:1.2305381	 pc3_Acc:0.2101852
2021-11-25 20:13:36,665 -    ini file updated    
2021-11-25 20:13:36,665 - ===============================|    epoch 74   |===============================
2021-11-25 20:13:37,698 -     0 /  6330 (000%):	 Total:0.0374947	 human_Acc:0.0625000	 lr:0.0001291	 Mean_Total:0.0374947
2021-11-25 20:14:08,609 -  1266 /  6330 (020%):	 Total:0.0416697	 human_Acc:0.0625000	 lr:0.0001290	 Mean_Total:0.1013719
2021-11-25 20:14:39,770 -  2532 /  6330 (040%):	 Total:0.0386497	 human_Acc:0.1562500	 lr:0.0001288	 Mean_Total:0.1023267
2021-11-25 20:15:12,662 -  3798 /  6330 (060%):	 Total:0.0530504	 human_Acc:0.0312500	 lr:0.0001286	 Mean_Total:0.1017275
2021-11-25 20:15:43,328 -  5064 /  6330 (080%):	 Total:0.0646154	 human_Acc:0.1875000	 lr:0.0001285	 Mean_Total:0.1011618
2021-11-25 20:16:15,802 - ===============================| start validation |===============================
2021-11-25 20:16:21,677 - 	 Total:0.4931988	 human_loss:0.0493837	 human_Acc:0.1451938	 Andrev2015_loss:0.6910298	 Andrev2015_Acc:0.1922043	 pc3_loss:1.2317682	 pc3_Acc:0.2012346
2021-11-25 20:16:21,680 -    ini file updated    
2021-11-25 20:16:21,680 - ===============================|    epoch 75   |===============================
2021-11-25 20:16:22,680 -     0 /  6330 (000%):	 Total:0.0612719	 human_Acc:0.0937500	 lr:0.0001283	 Mean_Total:0.0612719
2021-11-25 20:16:53,738 -  1266 /  6330 (020%):	 Total:0.0324420	 human_Acc:0.0625000	 lr:0.0001281	 Mean_Total:0.0983692
2021-11-25 20:17:24,388 -  2532 /  6330 (040%):	 Total:0.0630936	 human_Acc:0.1875000	 lr:0.0001279	 Mean_Total:0.1008958
2021-11-25 20:17:56,882 -  3798 /  6330 (060%):	 Total:0.0493348	 human_Acc:0.1562500	 lr:0.0001278	 Mean_Total:0.1001680
2021-11-25 20:18:27,570 -  5064 /  6330 (080%):	 Total:0.0467639	 human_Acc:0.1250000	 lr:0.0001276	 Mean_Total:0.1009809
2021-11-25 20:18:59,255 - ===============================| start validation |===============================
2021-11-25 20:19:04,973 - 	 Total:0.5029293	 human_loss:0.0478829	 human_Acc:0.1444909	 Andrev2015_loss:0.6929437	 Andrev2015_Acc:0.1901882	 pc3_loss:1.2749119	 pc3_Acc:0.1836420
2021-11-25 20:19:04,978 -    ini file updated    
2021-11-25 20:19:04,979 - ===============================|    epoch 76   |===============================
2021-11-25 20:19:05,945 -     0 /  6330 (000%):	 Total:0.0365962	 human_Acc:0.2187500	 lr:0.0001274	 Mean_Total:0.0365962
2021-11-25 20:19:37,141 -  1266 /  6330 (020%):	 Total:0.0352425	 human_Acc:0.0937500	 lr:0.0001273	 Mean_Total:0.0996250
2021-11-25 20:20:08,301 -  2532 /  6330 (040%):	 Total:0.0289993	 human_Acc:0.2187500	 lr:0.0001271	 Mean_Total:0.1015966
2021-11-25 20:20:41,596 -  3798 /  6330 (060%):	 Total:0.0305728	 human_Acc:0.0312500	 lr:0.0001269	 Mean_Total:0.1005182
2021-11-25 20:21:12,541 -  5064 /  6330 (080%):	 Total:0.0772730	 human_Acc:0.0312500	 lr:0.0001268	 Mean_Total:0.1008928
2021-11-25 20:21:44,745 - ===============================| start validation |===============================
2021-11-25 20:21:50,472 - 	 Total:0.4866626	 human_loss:0.0486419	 human_Acc:0.1439780	 Andrev2015_loss:0.6787582	 Andrev2015_Acc:0.1850358	 pc3_loss:1.2192093	 pc3_Acc:0.2040123
2021-11-25 20:21:50,476 -    ini file updated    
2021-11-25 20:21:50,476 - ===============================|    epoch 77   |===============================
2021-11-25 20:21:51,430 -     0 /  6330 (000%):	 Total:0.0361227	 human_Acc:0.1562500	 lr:0.0001266	 Mean_Total:0.0361227
2021-11-25 20:22:22,135 -  1266 /  6330 (020%):	 Total:0.0548146	 human_Acc:0.1875000	 lr:0.0001264	 Mean_Total:0.0985258
2021-11-25 20:22:53,092 -  2532 /  6330 (040%):	 Total:0.0355526	 human_Acc:0.1562500	 lr:0.0001263	 Mean_Total:0.1003625
2021-11-25 20:23:25,952 -  3798 /  6330 (060%):	 Total:0.0433004	 human_Acc:0.0937500	 lr:0.0001261	 Mean_Total:0.0999179
2021-11-25 20:23:56,751 -  5064 /  6330 (080%):	 Total:0.0315140	 human_Acc:0.1562500	 lr:0.0001260	 Mean_Total:0.1001737
2021-11-25 20:24:28,993 - ===============================| start validation |===============================
2021-11-25 20:24:34,215 - 	 Total:0.4906716	 human_loss:0.0478720	 human_Acc:0.1449278	 Andrev2015_loss:0.6871003	 Andrev2015_Acc:0.1832437	 pc3_loss:1.2286414	 pc3_Acc:0.2047840
2021-11-25 20:24:34,219 -    ini file updated    
2021-11-25 20:24:34,219 - ===============================|    epoch 78   |===============================
2021-11-25 20:24:35,239 -     0 /  6330 (000%):	 Total:0.0276210	 human_Acc:0.2187500	 lr:0.0001258	 Mean_Total:0.0276210
2021-11-25 20:25:06,299 -  1266 /  6330 (020%):	 Total:0.0358105	 human_Acc:0.1250000	 lr:0.0001256	 Mean_Total:0.0976767
2021-11-25 20:25:37,503 -  2532 /  6330 (040%):	 Total:0.0560905	 human_Acc:0.0937500	 lr:0.0001255	 Mean_Total:0.0998181
2021-11-25 20:26:10,582 -  3798 /  6330 (060%):	 Total:0.0394262	 human_Acc:0.1562500	 lr:0.0001253	 Mean_Total:0.0997218
2021-11-25 20:26:41,804 -  5064 /  6330 (080%):	 Total:0.0623798	 human_Acc:0.1250000	 lr:0.0001251	 Mean_Total:0.0999872
2021-11-25 20:27:15,298 - ===============================| start validation |===============================
2021-11-25 20:27:20,539 - 	 Total:0.4918372	 human_loss:0.0509060	 human_Acc:0.1401596	 Andrev2015_loss:0.6915210	 Andrev2015_Acc:0.1877240	 pc3_loss:1.2220043	 pc3_Acc:0.2205247
2021-11-25 20:27:20,543 -    ini file updated    
2021-11-25 20:27:20,544 - ===============================|    epoch 79   |===============================
2021-11-25 20:27:21,496 -     0 /  6330 (000%):	 Total:0.0324149	 human_Acc:0.0937500	 lr:0.0001250	 Mean_Total:0.0324149
2021-11-25 20:27:52,498 -  1266 /  6330 (020%):	 Total:0.0326616	 human_Acc:0.1875000	 lr:0.0001248	 Mean_Total:0.0980432
2021-11-25 20:28:23,690 -  2532 /  6330 (040%):	 Total:0.0462668	 human_Acc:0.1250000	 lr:0.0001247	 Mean_Total:0.0984616
2021-11-25 20:28:56,109 -  3798 /  6330 (060%):	 Total:0.0355573	 human_Acc:0.1875000	 lr:0.0001245	 Mean_Total:0.0974686
2021-11-25 20:29:27,479 -  5064 /  6330 (080%):	 Total:0.0339654	 human_Acc:0.1875000	 lr:0.0001244	 Mean_Total:0.0983668
2021-11-25 20:30:00,600 - ===============================| start validation |===============================
2021-11-25 20:30:06,445 - 	 Total:0.4867821	 human_loss:0.0484018	 human_Acc:0.1416033	 Andrev2015_loss:0.6761703	 Andrev2015_Acc:0.1861559	 pc3_loss:1.2232195	 pc3_Acc:0.2223765
2021-11-25 20:30:06,450 -    ini file updated    
2021-11-25 20:30:06,450 - ===============================|    epoch 80   |===============================
2021-11-25 20:30:07,472 -     0 /  6330 (000%):	 Total:0.0431763	 human_Acc:0.1250000	 lr:0.0001242	 Mean_Total:0.0431763
2021-11-25 20:30:37,837 -  1266 /  6330 (020%):	 Total:0.0319796	 human_Acc:0.2500000	 lr:0.0001241	 Mean_Total:0.0995609
2021-11-25 20:31:08,915 -  2532 /  6330 (040%):	 Total:0.0256974	 human_Acc:0.1250000	 lr:0.0001239	 Mean_Total:0.1011199
2021-11-25 20:31:41,523 -  3798 /  6330 (060%):	 Total:0.0313779	 human_Acc:0.0937500	 lr:0.0001237	 Mean_Total:0.0992583
2021-11-25 20:32:12,417 -  5064 /  6330 (080%):	 Total:0.0486528	 human_Acc:0.2187500	 lr:0.0001236	 Mean_Total:0.0993620
2021-11-25 20:32:45,444 - ===============================| start validation |===============================
2021-11-25 20:32:51,310 - 	 Total:0.4944611	 human_loss:0.0507298	 human_Acc:0.1582827	 Andrev2015_loss:0.6978516	 Andrev2015_Acc:0.1931004	 pc3_loss:1.2264651	 pc3_Acc:0.2120370
2021-11-25 20:32:51,315 -    ini file updated    
2021-11-25 20:32:51,315 - ===============================|    epoch 81   |===============================
2021-11-25 20:32:52,325 -     0 /  6330 (000%):	 Total:0.0157646	 human_Acc:0.3125000	 lr:0.0001234	 Mean_Total:0.0157646
2021-11-25 20:33:22,204 -  1266 /  6330 (020%):	 Total:0.0271647	 human_Acc:0.0937500	 lr:0.0001233	 Mean_Total:0.0968827
2021-11-25 20:33:53,072 -  2532 /  6330 (040%):	 Total:0.0229566	 human_Acc:0.1562500	 lr:0.0001231	 Mean_Total:0.0977909
2021-11-25 20:34:25,516 -  3798 /  6330 (060%):	 Total:0.0557330	 human_Acc:0.1562500	 lr:0.0001230	 Mean_Total:0.0979512
2021-11-25 20:34:55,962 -  5064 /  6330 (080%):	 Total:0.0472902	 human_Acc:0.1250000	 lr:0.0001228	 Mean_Total:0.0979199
2021-11-25 20:35:29,122 - ===============================| start validation |===============================
2021-11-25 20:35:34,882 - 	 Total:0.4913961	 human_loss:0.0494084	 human_Acc:0.1415653	 Andrev2015_loss:0.6916186	 Andrev2015_Acc:0.1919803	 pc3_loss:1.2232437	 pc3_Acc:0.2098765
2021-11-25 20:35:34,887 -    ini file updated    
2021-11-25 20:35:34,887 - ===============================|    epoch 82   |===============================
2021-11-25 20:35:35,876 -     0 /  6330 (000%):	 Total:0.0554516	 human_Acc:0.1562500	 lr:0.0001227	 Mean_Total:0.0554516
2021-11-25 20:36:05,833 -  1266 /  6330 (020%):	 Total:0.0261182	 human_Acc:0.1562500	 lr:0.0001225	 Mean_Total:0.0966720
2021-11-25 20:36:37,275 -  2532 /  6330 (040%):	 Total:0.0255752	 human_Acc:0.0937500	 lr:0.0001224	 Mean_Total:0.0966424
2021-11-25 20:37:10,121 -  3798 /  6330 (060%):	 Total:0.0288223	 human_Acc:0.0312500	 lr:0.0001222	 Mean_Total:0.0967413
2021-11-25 20:37:40,829 -  5064 /  6330 (080%):	 Total:0.0246522	 human_Acc:0.1250000	 lr:0.0001221	 Mean_Total:0.0980249
2021-11-25 20:38:14,492 - ===============================| start validation |===============================
2021-11-25 20:38:19,902 - 	 Total:0.4917242	 human_loss:0.0484824	 human_Acc:0.1454787	 Andrev2015_loss:0.6874860	 Andrev2015_Acc:0.1899642	 pc3_loss:1.2314219	 pc3_Acc:0.2083333
2021-11-25 20:38:19,906 -    ini file updated    
2021-11-25 20:38:19,906 - ===============================|    epoch 83   |===============================
2021-11-25 20:38:20,904 -     0 /  6330 (000%):	 Total:0.0417208	 human_Acc:0.0937500	 lr:0.0001219	 Mean_Total:0.0417208
2021-11-25 20:38:51,499 -  1266 /  6330 (020%):	 Total:0.0382335	 human_Acc:0.1250000	 lr:0.0001218	 Mean_Total:0.0952573
2021-11-25 20:39:21,426 -  2532 /  6330 (040%):	 Total:0.0468020	 human_Acc:0.0625000	 lr:0.0001216	 Mean_Total:0.0972634
2021-11-25 20:39:54,285 -  3798 /  6330 (060%):	 Total:0.0256774	 human_Acc:0.1875000	 lr:0.0001215	 Mean_Total:0.0967567
2021-11-25 20:40:24,940 -  5064 /  6330 (080%):	 Total:0.0402689	 human_Acc:0.1875000	 lr:0.0001214	 Mean_Total:0.0970878
2021-11-25 20:40:58,285 - ===============================| start validation |===============================
2021-11-25 20:41:04,129 - 	 Total:0.5001712	 human_loss:0.0499867	 human_Acc:0.1365122	 Andrev2015_loss:0.7035142	 Andrev2015_Acc:0.1659946	 pc3_loss:1.2462713	 pc3_Acc:0.1847222
2021-11-25 20:41:04,132 -    ini file updated    
2021-11-25 20:41:04,132 - ===============================|    epoch 84   |===============================
2021-11-25 20:41:05,141 -     0 /  6330 (000%):	 Total:0.0435720	 human_Acc:0.1875000	 lr:0.0001212	 Mean_Total:0.0435720
2021-11-25 20:41:36,145 -  1266 /  6330 (020%):	 Total:0.0574376	 human_Acc:0.0625000	 lr:0.0001211	 Mean_Total:0.0944228
2021-11-25 20:42:06,612 -  2532 /  6330 (040%):	 Total:0.0265238	 human_Acc:0.0625000	 lr:0.0001209	 Mean_Total:0.0977107
2021-11-25 20:42:39,567 -  3798 /  6330 (060%):	 Total:0.0506077	 human_Acc:0.0937500	 lr:0.0001208	 Mean_Total:0.0959732
2021-11-25 20:43:10,407 -  5064 /  6330 (080%):	 Total:0.0226941	 human_Acc:0.0937500	 lr:0.0001206	 Mean_Total:0.0971891
2021-11-25 20:43:43,581 - ===============================| start validation |===============================
2021-11-25 20:43:49,288 - 	 Total:0.4982160	 human_loss:0.0478312	 human_Acc:0.1448518	 Andrev2015_loss:0.6938298	 Andrev2015_Acc:0.1850358	 pc3_loss:1.2536265	 pc3_Acc:0.2021605
2021-11-25 20:43:49,292 -    ini file updated    
2021-11-25 20:43:49,292 - ===============================|    epoch 85   |===============================
2021-11-25 20:43:50,295 -     0 /  6330 (000%):	 Total:0.0593514	 human_Acc:0.1562500	 lr:0.0001205	 Mean_Total:0.0593514
2021-11-25 20:44:21,375 -  1266 /  6330 (020%):	 Total:0.0543102	 human_Acc:0.0937500	 lr:0.0001204	 Mean_Total:0.0939879
2021-11-25 20:44:51,151 -  2532 /  6330 (040%):	 Total:0.0406936	 human_Acc:0.1562500	 lr:0.0001202	 Mean_Total:0.0969504
2021-11-25 20:45:24,082 -  3798 /  6330 (060%):	 Total:0.0323235	 human_Acc:0.0312500	 lr:0.0001201	 Mean_Total:0.0965688
2021-11-25 20:45:54,957 -  5064 /  6330 (080%):	 Total:0.1253432	 human_Acc:0.1250000	 lr:0.0001199	 Mean_Total:0.0973041
2021-11-25 20:46:28,116 - ===============================| start validation |===============================
2021-11-25 20:46:33,813 - 	 Total:0.4926856	 human_loss:0.0473966	 human_Acc:0.1439590	 Andrev2015_loss:0.6938155	 Andrev2015_Acc:0.2036290	 pc3_loss:1.2306746	 pc3_Acc:0.2016975
2021-11-25 20:46:33,817 -    ini file updated    
2021-11-25 20:46:33,817 - ===============================|    epoch 86   |===============================
2021-11-25 20:46:34,818 -     0 /  6330 (000%):	 Total:0.0263138	 human_Acc:0.0937500	 lr:0.0001198	 Mean_Total:0.0263138
2021-11-25 20:47:06,067 -  1266 /  6330 (020%):	 Total:0.0455884	 human_Acc:0.0625000	 lr:0.0001197	 Mean_Total:0.0943871
2021-11-25 20:47:36,287 -  2532 /  6330 (040%):	 Total:0.0221752	 human_Acc:0.1562500	 lr:0.0001195	 Mean_Total:0.0961426
2021-11-25 20:48:08,922 -  3798 /  6330 (060%):	 Total:0.0216608	 human_Acc:0.0937500	 lr:0.0001194	 Mean_Total:0.0968902
2021-11-25 20:48:39,799 -  5064 /  6330 (080%):	 Total:0.0357814	 human_Acc:0.0625000	 lr:0.0001192	 Mean_Total:0.0968505
2021-11-25 20:49:13,009 - ===============================| start validation |===============================
2021-11-25 20:49:18,798 - 	 Total:0.4920953	 human_loss:0.0472735	 human_Acc:0.1439970	 Andrev2015_loss:0.6906890	 Andrev2015_Acc:0.1897401	 pc3_loss:1.2319798	 pc3_Acc:0.2013889
2021-11-25 20:49:18,804 -    ini file updated    
2021-11-25 20:49:18,804 - ===============================|    epoch 87   |===============================
2021-11-25 20:49:19,765 -     0 /  6330 (000%):	 Total:0.0466202	 human_Acc:0.2812500	 lr:0.0001191	 Mean_Total:0.0466202
2021-11-25 20:49:51,045 -  1266 /  6330 (020%):	 Total:0.0609333	 human_Acc:0.1562500	 lr:0.0001190	 Mean_Total:0.0929162
2021-11-25 20:50:22,077 -  2532 /  6330 (040%):	 Total:0.0342379	 human_Acc:0.0937500	 lr:0.0001188	 Mean_Total:0.0960240
2021-11-25 20:50:53,578 -  3798 /  6330 (060%):	 Total:0.0538689	 human_Acc:0.1250000	 lr:0.0001187	 Mean_Total:0.0957426
2021-11-25 20:51:24,452 -  5064 /  6330 (080%):	 Total:0.0829531	 human_Acc:0.0625000	 lr:0.0001186	 Mean_Total:0.0954042
2021-11-25 20:51:57,457 - ===============================| start validation |===============================
2021-11-25 20:52:03,193 - 	 Total:0.4929143	 human_loss:0.0485256	 human_Acc:0.1484802	 Andrev2015_loss:0.6986747	 Andrev2015_Acc:0.1886201	 pc3_loss:1.2236277	 pc3_Acc:0.2009259
2021-11-25 20:52:03,197 -    ini file updated    
2021-11-25 20:52:03,197 - ===============================|    epoch 88   |===============================
2021-11-25 20:52:04,207 -     0 /  6330 (000%):	 Total:0.0445351	 human_Acc:0.0625000	 lr:0.0001184	 Mean_Total:0.0445351
2021-11-25 20:52:35,665 -  1266 /  6330 (020%):	 Total:0.1016336	 human_Acc:0.0937500	 lr:0.0001183	 Mean_Total:0.0925037
