2021-11-25 11:25:10,894 -     ===========================| device cuda1 |===========================    
2021-11-25 11:25:18,388 - ===============================|    epoch 0   |===============================
2021-11-25 11:25:19,614 -     0 /  2973 (000%):	 Total:3.6408756	 SubHuman_Acc:0.0000000	 lr:0.0009882	 Mean_Total:3.6408756
2021-11-25 11:25:34,667 -   594 /  2973 (019%):	 Total:0.3052799	 SubHuman_Acc:0.0000000	 lr:0.0036236	 Mean_Total:1.1279955
2021-11-25 11:25:49,829 -  1188 /  2973 (039%):	 Total:0.2470974	 SubHuman_Acc:0.0000000	 lr:0.0025633	 Mean_Total:1.1154285
2021-11-25 11:26:04,856 -  1782 /  2973 (059%):	 Total:0.1764589	 SubHuman_Acc:0.0312500	 lr:0.0020932	 Mean_Total:1.1086215
2021-11-25 11:26:19,481 -  2376 /  2973 (079%):	 Total:0.1843163	 SubHuman_Acc:0.0937500	 lr:0.0018129	 Mean_Total:1.0923403
2021-11-25 11:26:35,539 -  2970 /  2973 (099%):	 Total:0.2401513	 SubHuman_Acc:0.0625000	 lr:0.0016216	 Mean_Total:1.0801617
2021-11-25 11:26:35,905 - ===============================| start validation |===============================
2021-11-25 11:26:40,240 - 	 Total:1.2742156	 SubHuman_loss:0.1787197	 SubHuman_Acc:0.0513117	 Andrev2015_loss:1.0813785	 Andrev2015_Acc:0.0674283	 pc3_loss:1.8303561	 pc3_Acc:0.0949074
2021-11-25 11:26:40,246 -    ini file updated    
2021-11-25 11:26:40,331 - Snapshot saved to /data/users/wergillius/UTR_VAE/pth/RL_6_data_MTL/task_lambda/SubHuman_no_muscle-model_best_cv0.pth

2021-11-25 11:26:40,332 -    ini file updated    
2021-11-25 11:26:40,332 - ===============================|    epoch 1   |===============================
2021-11-25 11:26:41,479 -     0 /  2973 (000%):	 Total:0.2114398	 SubHuman_Acc:0.0937500	 lr:0.0016208	 Mean_Total:0.2114398
2021-11-25 11:26:56,256 -   594 /  2973 (019%):	 Total:0.2272418	 SubHuman_Acc:0.0312500	 lr:0.0014797	 Mean_Total:0.9648734
2021-11-25 11:27:11,090 -  1188 /  2973 (039%):	 Total:0.1742423	 SubHuman_Acc:0.0000000	 lr:0.0013701	 Mean_Total:1.0230179
2021-11-25 11:27:26,739 -  1782 /  2973 (059%):	 Total:0.1462904	 SubHuman_Acc:0.0312500	 lr:0.0012817	 Mean_Total:1.0195980
2021-11-25 11:27:41,161 -  2376 /  2973 (079%):	 Total:0.1234555	 SubHuman_Acc:0.0625000	 lr:0.0012084	 Mean_Total:1.0137228
2021-11-25 11:27:57,095 -  2970 /  2973 (099%):	 Total:0.1355150	 SubHuman_Acc:0.0312500	 lr:0.0011465	 Mean_Total:1.0101842
2021-11-25 11:27:57,508 - ===============================| start validation |===============================
2021-11-25 11:28:01,692 - 	 Total:1.2363907	 SubHuman_loss:0.1695173	 SubHuman_Acc:0.0456299	 Andrev2015_loss:1.0334250	 Andrev2015_Acc:0.0884857	 pc3_loss:1.7954144	 pc3_Acc:0.0972222
2021-11-25 11:28:01,696 -    ini file updated    
2021-11-25 11:28:01,760 - Snapshot saved to /data/users/wergillius/UTR_VAE/pth/RL_6_data_MTL/task_lambda/SubHuman_no_muscle-model_best_cv0.pth

2021-11-25 11:28:01,760 -    ini file updated    
2021-11-25 11:28:01,761 - ===============================|    epoch 2   |===============================
2021-11-25 11:28:02,856 -     0 /  2973 (000%):	 Total:0.1058319	 SubHuman_Acc:0.1250000	 lr:0.0011462	 Mean_Total:0.1058319
2021-11-25 11:28:17,781 -   594 /  2973 (019%):	 Total:0.1106099	 SubHuman_Acc:0.0937500	 lr:0.0010929	 Mean_Total:0.9713573
2021-11-25 11:28:33,461 -  1188 /  2973 (039%):	 Total:0.0892863	 SubHuman_Acc:0.1250000	 lr:0.0010464	 Mean_Total:0.9609731
2021-11-25 11:28:48,848 -  1782 /  2973 (059%):	 Total:0.1504482	 SubHuman_Acc:0.0625000	 lr:0.0010054	 Mean_Total:0.9823701
2021-11-25 11:29:03,170 -  2376 /  2973 (079%):	 Total:0.0973469	 SubHuman_Acc:0.1250000	 lr:0.0009688	 Mean_Total:0.9593398
2021-11-25 11:29:18,652 -  2970 /  2973 (099%):	 Total:0.1059719	 SubHuman_Acc:0.0937500	 lr:0.0009360	 Mean_Total:0.9530471
2021-11-25 11:29:19,084 - ===============================| start validation |===============================
2021-11-25 11:29:23,283 - 	 Total:1.2261482	 SubHuman_loss:0.1119258	 SubHuman_Acc:0.0863496	 Andrev2015_loss:1.0293387	 Andrev2015_Acc:0.0788530	 pc3_loss:1.7925716	 pc3_Acc:0.1072531
2021-11-25 11:29:23,287 -    ini file updated    
2021-11-25 11:29:23,358 - Snapshot saved to /data/users/wergillius/UTR_VAE/pth/RL_6_data_MTL/task_lambda/SubHuman_no_muscle-model_best_cv0.pth

2021-11-25 11:29:23,359 -    ini file updated    
2021-11-25 11:29:23,359 - ===============================|    epoch 3   |===============================
2021-11-25 11:29:24,410 -     0 /  2973 (000%):	 Total:0.0729485	 SubHuman_Acc:0.0937500	 lr:0.0009359	 Mean_Total:0.0729485
2021-11-25 11:29:39,586 -   594 /  2973 (019%):	 Total:0.0809285	 SubHuman_Acc:0.0937500	 lr:0.0009062	 Mean_Total:0.9540547
2021-11-25 11:29:55,185 -  1188 /  2973 (039%):	 Total:0.0683251	 SubHuman_Acc:0.1562500	 lr:0.0008791	 Mean_Total:0.9159664
2021-11-25 11:30:10,629 -  1782 /  2973 (059%):	 Total:0.0606655	 SubHuman_Acc:0.1250000	 lr:0.0008544	 Mean_Total:0.9227646
2021-11-25 11:30:24,558 -  2376 /  2973 (079%):	 Total:0.1211744	 SubHuman_Acc:0.0625000	 lr:0.0008316	 Mean_Total:0.9184288
2021-11-25 11:30:40,106 -  2970 /  2973 (099%):	 Total:0.1202624	 SubHuman_Acc:0.0625000	 lr:0.0008106	 Mean_Total:0.9128823
2021-11-25 11:30:40,527 - ===============================| start validation |===============================
2021-11-25 11:30:44,586 - 	 Total:1.1806361	 SubHuman_loss:0.1129881	 SubHuman_Acc:0.1027988	 Andrev2015_loss:0.9928874	 Andrev2015_Acc:0.0866935	 pc3_loss:1.7224252	 pc3_Acc:0.1018519
2021-11-25 11:30:44,589 -    ini file updated    
2021-11-25 11:30:44,652 - Snapshot saved to /data/users/wergillius/UTR_VAE/pth/RL_6_data_MTL/task_lambda/SubHuman_no_muscle-model_best_cv0.pth

2021-11-25 11:30:44,652 -    ini file updated    
2021-11-25 11:30:44,652 - ===============================|    epoch 4   |===============================
2021-11-25 11:30:45,659 -     0 /  2973 (000%):	 Total:0.0361248	 SubHuman_Acc:0.1562500	 lr:0.0008105	 Mean_Total:0.0361248
2021-11-25 11:31:00,815 -   594 /  2973 (019%):	 Total:0.0318581	 SubHuman_Acc:0.1562500	 lr:0.0007910	 Mean_Total:0.8976980
2021-11-25 11:31:16,367 -  1188 /  2973 (039%):	 Total:0.1757535	 SubHuman_Acc:0.1250000	 lr:0.0007728	 Mean_Total:0.8878764
2021-11-25 11:31:31,915 -  1782 /  2973 (059%):	 Total:0.0955790	 SubHuman_Acc:0.1562500	 lr:0.0007558	 Mean_Total:0.8829190
2021-11-25 11:31:46,561 -  2376 /  2973 (079%):	 Total:0.0869277	 SubHuman_Acc:0.2187500	 lr:0.0007399	 Mean_Total:0.8790546
2021-11-25 11:32:02,214 -  2970 /  2973 (099%):	 Total:0.1025397	 SubHuman_Acc:0.0312500	 lr:0.0007250	 Mean_Total:0.8628336
2021-11-25 11:32:02,651 - ===============================| start validation |===============================
2021-11-25 11:32:06,606 - 	 Total:1.1545279	 SubHuman_loss:0.1092557	 SubHuman_Acc:0.0942761	 Andrev2015_loss:0.9624507	 Andrev2015_Acc:0.0920699	 pc3_loss:1.6944498	 pc3_Acc:0.1109568
2021-11-25 11:32:06,609 -    ini file updated    
2021-11-25 11:32:06,679 - Snapshot saved to /data/users/wergillius/UTR_VAE/pth/RL_6_data_MTL/task_lambda/SubHuman_no_muscle-model_best_cv0.pth

2021-11-25 11:32:06,680 -    ini file updated    
2021-11-25 11:32:06,680 - ===============================|    epoch 5   |===============================
2021-11-25 11:32:07,893 -     0 /  2973 (000%):	 Total:0.1142526	 SubHuman_Acc:0.0312500	 lr:0.0007249	 Mean_Total:0.1142526
2021-11-25 11:32:22,678 -   594 /  2973 (019%):	 Total:0.0880003	 SubHuman_Acc:0.0937500	 lr:0.0007109	 Mean_Total:0.7941287
2021-11-25 11:32:38,143 -  1188 /  2973 (039%):	 Total:0.1074405	 SubHuman_Acc:0.1250000	 lr:0.0006976	 Mean_Total:0.8163025
2021-11-25 11:32:54,217 -  1782 /  2973 (059%):	 Total:0.0958343	 SubHuman_Acc:0.0937500	 lr:0.0006850	 Mean_Total:0.8211452
2021-11-25 11:33:09,514 -  2376 /  2973 (079%):	 Total:0.1329916	 SubHuman_Acc:0.0937500	 lr:0.0006731	 Mean_Total:0.8263090
2021-11-25 11:33:25,508 -  2970 /  2973 (099%):	 Total:0.1378591	 SubHuman_Acc:0.0625000	 lr:0.0006618	 Mean_Total:0.8167553
2021-11-25 11:33:25,915 - ===============================| start validation |===============================
2021-11-25 11:33:29,808 - 	 Total:1.1004594	 SubHuman_loss:0.1098484	 SubHuman_Acc:0.0891905	 Andrev2015_loss:0.9362468	 Andrev2015_Acc:0.0916219	 pc3_loss:1.5916865	 pc3_Acc:0.1126543
2021-11-25 11:33:29,811 -    ini file updated    
2021-11-25 11:33:29,872 - Snapshot saved to /data/users/wergillius/UTR_VAE/pth/RL_6_data_MTL/task_lambda/SubHuman_no_muscle-model_best_cv0.pth

2021-11-25 11:33:29,873 -    ini file updated    
2021-11-25 11:33:29,873 - ===============================|    epoch 6   |===============================
2021-11-25 11:33:30,894 -     0 /  2973 (000%):	 Total:0.1268840	 SubHuman_Acc:0.0000000	 lr:0.0006618	 Mean_Total:0.1268840
2021-11-25 11:33:45,900 -   594 /  2973 (019%):	 Total:0.0819850	 SubHuman_Acc:0.1250000	 lr:0.0006510	 Mean_Total:0.7309096
2021-11-25 11:34:01,936 -  1188 /  2973 (039%):	 Total:0.1026266	 SubHuman_Acc:0.1875000	 lr:0.0006408	 Mean_Total:0.7563201
2021-11-25 11:34:17,303 -  1782 /  2973 (059%):	 Total:0.1772414	 SubHuman_Acc:0.0000000	 lr:0.0006310	 Mean_Total:0.7673361
2021-11-25 11:34:30,508 -  2376 /  2973 (079%):	 Total:0.1445560	 SubHuman_Acc:0.0312500	 lr:0.0006217	 Mean_Total:0.7694510
2021-11-25 11:34:45,857 -  2970 /  2973 (099%):	 Total:0.0763386	 SubHuman_Acc:0.0625000	 lr:0.0006127	 Mean_Total:0.7636810
2021-11-25 11:34:46,275 - ===============================| start validation |===============================
2021-11-25 11:34:50,555 - 	 Total:1.0589838	 SubHuman_loss:0.1096196	 SubHuman_Acc:0.0931538	 Andrev2015_loss:0.8985018	 Andrev2015_Acc:0.0900538	 pc3_loss:1.5333245	 pc3_Acc:0.1057099
2021-11-25 11:34:50,559 -    ini file updated    
2021-11-25 11:34:50,660 - Snapshot saved to /data/users/wergillius/UTR_VAE/pth/RL_6_data_MTL/task_lambda/SubHuman_no_muscle-model_best_cv0.pth

2021-11-25 11:34:50,661 -    ini file updated    
2021-11-25 11:34:50,661 - ===============================|    epoch 7   |===============================
2021-11-25 11:34:51,824 -     0 /  2973 (000%):	 Total:0.0923056	 SubHuman_Acc:0.0000000	 lr:0.0006127	 Mean_Total:0.0923056
2021-11-25 11:35:06,908 -   594 /  2973 (019%):	 Total:0.0847519	 SubHuman_Acc:0.0000000	 lr:0.0006041	 Mean_Total:0.6900810
2021-11-25 11:35:22,050 -  1188 /  2973 (039%):	 Total:0.1038563	 SubHuman_Acc:0.2187500	 lr:0.0005959	 Mean_Total:0.7007694
2021-11-25 11:35:38,845 -  1782 /  2973 (059%):	 Total:0.0713653	 SubHuman_Acc:0.1250000	 lr:0.0005880	 Mean_Total:0.7024497
2021-11-25 11:35:55,332 -  2376 /  2973 (079%):	 Total:0.1037010	 SubHuman_Acc:0.1250000	 lr:0.0005804	 Mean_Total:0.7100023
2021-11-25 11:36:12,329 -  2970 /  2973 (099%):	 Total:0.0905649	 SubHuman_Acc:0.0625000	 lr:0.0005732	 Mean_Total:0.7012161
2021-11-25 11:36:12,781 - ===============================| start validation |===============================
2021-11-25 11:36:17,416 - 	 Total:1.0386820	 SubHuman_loss:0.1067592	 SubHuman_Acc:0.0993617	 Andrev2015_loss:0.8984543	 Andrev2015_Acc:0.1028226	 pc3_loss:1.4844383	 pc3_Acc:0.1172840
2021-11-25 11:36:17,419 -    ini file updated    
2021-11-25 11:36:17,504 - Snapshot saved to /data/users/wergillius/UTR_VAE/pth/RL_6_data_MTL/task_lambda/SubHuman_no_muscle-model_best_cv0.pth

2021-11-25 11:36:17,505 -    ini file updated    
2021-11-25 11:36:17,505 - ===============================|    epoch 8   |===============================
2021-11-25 11:36:18,794 -     0 /  2973 (000%):	 Total:0.0476726	 SubHuman_Acc:0.1562500	 lr:0.0005731	 Mean_Total:0.0476726
2021-11-25 11:36:35,192 -   594 /  2973 (019%):	 Total:0.1097835	 SubHuman_Acc:0.1250000	 lr:0.0005661	 Mean_Total:0.6316253
2021-11-25 11:36:52,201 -  1188 /  2973 (039%):	 Total:0.0845642	 SubHuman_Acc:0.0312500	 lr:0.0005593	 Mean_Total:0.6530226
2021-11-25 11:37:09,477 -  1782 /  2973 (059%):	 Total:0.1023547	 SubHuman_Acc:0.0625000	 lr:0.0005528	 Mean_Total:0.6470789
2021-11-25 11:37:26,069 -  2376 /  2973 (079%):	 Total:0.0850183	 SubHuman_Acc:0.1875000	 lr:0.0005465	 Mean_Total:0.6515292
2021-11-25 11:37:43,714 -  2970 /  2973 (099%):	 Total:0.1552268	 SubHuman_Acc:0.0937500	 lr:0.0005404	 Mean_Total:0.6460084
2021-11-25 11:37:44,153 - ===============================| start validation |===============================
2021-11-25 11:37:48,993 - 	 Total:1.0201785	 SubHuman_loss:0.1107509	 SubHuman_Acc:0.0929784	 Andrev2015_loss:0.8768490	 Andrev2015_Acc:0.0994624	 pc3_loss:1.4626227	 pc3_Acc:0.1304012
2021-11-25 11:37:48,997 -    ini file updated    
2021-11-25 11:37:49,071 - Snapshot saved to /data/users/wergillius/UTR_VAE/pth/RL_6_data_MTL/task_lambda/SubHuman_no_muscle-model_best_cv0.pth

2021-11-25 11:37:49,072 -    ini file updated    
2021-11-25 11:37:49,072 - ===============================|    epoch 9   |===============================
2021-11-25 11:37:51,107 -     0 /  2973 (000%):	 Total:0.0881143	 SubHuman_Acc:0.0312500	 lr:0.0005403	 Mean_Total:0.0881143
2021-11-25 11:38:07,670 -   594 /  2973 (019%):	 Total:0.0576249	 SubHuman_Acc:0.0625000	 lr:0.0005344	 Mean_Total:0.5649275
2021-11-25 11:38:25,146 -  1188 /  2973 (039%):	 Total:0.1528410	 SubHuman_Acc:0.1562500	 lr:0.0005287	 Mean_Total:0.5770889
2021-11-25 11:38:42,560 -  1782 /  2973 (059%):	 Total:0.0691092	 SubHuman_Acc:0.0312500	 lr:0.0005232	 Mean_Total:0.5937026
2021-11-25 11:38:58,822 -  2376 /  2973 (079%):	 Total:0.1139668	 SubHuman_Acc:0.0937500	 lr:0.0005178	 Mean_Total:0.6036101
2021-11-25 11:39:16,915 -  2970 /  2973 (099%):	 Total:0.0807250	 SubHuman_Acc:0.0312500	 lr:0.0005126	 Mean_Total:0.5967592
2021-11-25 11:39:17,483 - ===============================| start validation |===============================
2021-11-25 11:39:22,380 - 	 Total:0.9906017	 SubHuman_loss:0.1044605	 SubHuman_Acc:0.1255261	 Andrev2015_loss:0.8386796	 Andrev2015_Acc:0.1059588	 pc3_loss:1.4357962	 pc3_Acc:0.1152778
2021-11-25 11:39:22,385 -    ini file updated    
2021-11-25 11:39:22,465 - Snapshot saved to /data/users/wergillius/UTR_VAE/pth/RL_6_data_MTL/task_lambda/SubHuman_no_muscle-model_best_cv0.pth

2021-11-25 11:39:22,465 -    ini file updated    
2021-11-25 11:39:22,466 - ===============================|    epoch 10   |===============================
2021-11-25 11:39:24,685 -     0 /  2973 (000%):	 Total:0.1284313	 SubHuman_Acc:0.0937500	 lr:0.0005126	 Mean_Total:0.1284313
2021-11-25 11:39:43,348 -   594 /  2973 (019%):	 Total:0.1123847	 SubHuman_Acc:0.1875000	 lr:0.0005076	 Mean_Total:0.5393372
2021-11-25 11:40:01,136 -  1188 /  2973 (039%):	 Total:0.0626004	 SubHuman_Acc:0.0937500	 lr:0.0005027	 Mean_Total:0.5475353
2021-11-25 11:40:18,679 -  1782 /  2973 (059%):	 Total:0.0786688	 SubHuman_Acc:0.1250000	 lr:0.0004979	 Mean_Total:0.5542782
2021-11-25 11:40:34,490 -  2376 /  2973 (079%):	 Total:0.0771031	 SubHuman_Acc:0.1250000	 lr:0.0004933	 Mean_Total:0.5516624
2021-11-25 11:40:52,949 -  2970 /  2973 (099%):	 Total:0.0565045	 SubHuman_Acc:0.0625000	 lr:0.0004888	 Mean_Total:0.5494354
2021-11-25 11:40:53,455 - ===============================| start validation |===============================
2021-11-25 11:40:58,335 - 	 Total:0.9930005	 SubHuman_loss:0.1055842	 SubHuman_Acc:0.1217382	 Andrev2015_loss:0.8308305	 Andrev2015_Acc:0.1052867	 pc3_loss:1.4503508	 pc3_Acc:0.1134259
2021-11-25 11:40:58,339 -    ini file updated    
2021-11-25 11:40:58,340 - ===============================|    epoch 11   |===============================
2021-11-25 11:41:00,092 -     0 /  2973 (000%):	 Total:0.1250260	 SubHuman_Acc:0.1562500	 lr:0.0004888	 Mean_Total:0.1250260
2021-11-25 11:41:17,433 -   594 /  2973 (019%):	 Total:0.0764970	 SubHuman_Acc:0.0625000	 lr:0.0004844	 Mean_Total:0.4978296
2021-11-25 11:41:33,213 -  1188 /  2973 (039%):	 Total:0.0976432	 SubHuman_Acc:0.0937500	 lr:0.0004801	 Mean_Total:0.5038448
2021-11-25 11:41:48,820 -  1782 /  2973 (059%):	 Total:0.0929805	 SubHuman_Acc:0.0937500	 lr:0.0004760	 Mean_Total:0.5113466
2021-11-25 11:42:04,069 -  2376 /  2973 (079%):	 Total:0.0669575	 SubHuman_Acc:0.0937500	 lr:0.0004719	 Mean_Total:0.5183492
2021-11-25 11:42:20,204 -  2970 /  2973 (099%):	 Total:0.0579619	 SubHuman_Acc:0.0312500	 lr:0.0004680	 Mean_Total:0.5102809
2021-11-25 11:42:20,683 - ===============================| start validation |===============================
2021-11-25 11:42:24,759 - 	 Total:0.9595542	 SubHuman_loss:0.1138561	 SubHuman_Acc:0.0797208	 Andrev2015_loss:0.8094169	 Andrev2015_Acc:0.1243280	 pc3_loss:1.3903418	 pc3_Acc:0.1342593
2021-11-25 11:42:24,763 -    ini file updated    
2021-11-25 11:42:24,864 - Snapshot saved to /data/users/wergillius/UTR_VAE/pth/RL_6_data_MTL/task_lambda/SubHuman_no_muscle-model_best_cv0.pth

2021-11-25 11:42:24,865 -    ini file updated    
2021-11-25 11:42:24,865 - ===============================|    epoch 12   |===============================
2021-11-25 11:42:25,977 -     0 /  2973 (000%):	 Total:0.0932217	 SubHuman_Acc:0.2500000	 lr:0.0004680	 Mean_Total:0.0932217
2021-11-25 11:42:41,786 -   594 /  2973 (019%):	 Total:0.0375813	 SubHuman_Acc:0.1562500	 lr:0.0004641	 Mean_Total:0.4661631
2021-11-25 11:42:58,037 -  1188 /  2973 (039%):	 Total:0.0670308	 SubHuman_Acc:0.1250000	 lr:0.0004603	 Mean_Total:0.4622538
2021-11-25 11:43:13,910 -  1782 /  2973 (059%):	 Total:0.1256383	 SubHuman_Acc:0.1562500	 lr:0.0004567	 Mean_Total:0.4633568
2021-11-25 11:43:29,035 -  2376 /  2973 (079%):	 Total:0.0666068	 SubHuman_Acc:0.0937500	 lr:0.0004531	 Mean_Total:0.4702000
2021-11-25 11:43:44,730 -  2970 /  2973 (099%):	 Total:0.0602956	 SubHuman_Acc:0.1250000	 lr:0.0004496	 Mean_Total:0.4648862
2021-11-25 11:43:45,159 - ===============================| start validation |===============================
2021-11-25 11:43:49,368 - 	 Total:0.9436427	 SubHuman_loss:0.1020304	 SubHuman_Acc:0.1198443	 Andrev2015_loss:0.7907491	 Andrev2015_Acc:0.1191756	 pc3_loss:1.3763466	 pc3_Acc:0.1330247
2021-11-25 11:43:49,373 -    ini file updated    
2021-11-25 11:43:49,441 - Snapshot saved to /data/users/wergillius/UTR_VAE/pth/RL_6_data_MTL/task_lambda/SubHuman_no_muscle-model_best_cv0.pth

2021-11-25 11:43:49,442 -    ini file updated    
2021-11-25 11:43:49,442 - ===============================|    epoch 13   |===============================
2021-11-25 11:43:50,635 -     0 /  2973 (000%):	 Total:0.0580343	 SubHuman_Acc:0.1250000	 lr:0.0004496	 Mean_Total:0.0580343
2021-11-25 11:44:06,859 -   594 /  2973 (019%):	 Total:0.0769262	 SubHuman_Acc:0.1250000	 lr:0.0004462	 Mean_Total:0.4270021
2021-11-25 11:44:22,541 -  1188 /  2973 (039%):	 Total:0.0916168	 SubHuman_Acc:0.0937500	 lr:0.0004428	 Mean_Total:0.4235605
2021-11-25 11:44:37,709 -  1782 /  2973 (059%):	 Total:0.0587304	 SubHuman_Acc:0.1250000	 lr:0.0004396	 Mean_Total:0.4276580
2021-11-25 11:44:51,141 -  2376 /  2973 (079%):	 Total:0.0874919	 SubHuman_Acc:0.1562500	 lr:0.0004364	 Mean_Total:0.4331125
2021-11-25 11:45:06,046 -  2970 /  2973 (099%):	 Total:0.0719230	 SubHuman_Acc:0.0625000	 lr:0.0004333	 Mean_Total:0.4310383
2021-11-25 11:45:06,459 - ===============================| start validation |===============================
2021-11-25 11:45:10,779 - 	 Total:0.9290074	 SubHuman_loss:0.0984137	 SubHuman_Acc:0.1077090	 Andrev2015_loss:0.8011065	 Andrev2015_Acc:0.1162634	 pc3_loss:1.3296490	 pc3_Acc:0.1430556
2021-11-25 11:45:10,784 -    ini file updated    
2021-11-25 11:45:10,852 - Snapshot saved to /data/users/wergillius/UTR_VAE/pth/RL_6_data_MTL/task_lambda/SubHuman_no_muscle-model_best_cv0.pth

2021-11-25 11:45:10,852 -    ini file updated    
2021-11-25 11:45:10,853 - ===============================|    epoch 14   |===============================
2021-11-25 11:45:11,900 -     0 /  2973 (000%):	 Total:0.0303925	 SubHuman_Acc:0.1562500	 lr:0.0004332	 Mean_Total:0.0303925
2021-11-25 11:45:26,899 -   594 /  2973 (019%):	 Total:0.1094560	 SubHuman_Acc:0.0937500	 lr:0.0004302	 Mean_Total:0.3672608
2021-11-25 11:45:42,049 -  1188 /  2973 (039%):	 Total:0.0534504	 SubHuman_Acc:0.1250000	 lr:0.0004272	 Mean_Total:0.3852066
2021-11-25 11:45:57,637 -  1782 /  2973 (059%):	 Total:0.0244264	 SubHuman_Acc:0.0937500	 lr:0.0004243	 Mean_Total:0.3963872
2021-11-25 11:46:12,916 -  2376 /  2973 (079%):	 Total:0.0367785	 SubHuman_Acc:0.0625000	 lr:0.0004214	 Mean_Total:0.4061261
2021-11-25 11:46:29,353 -  2970 /  2973 (099%):	 Total:0.1287932	 SubHuman_Acc:0.0937500	 lr:0.0004186	 Mean_Total:0.4057842
2021-11-25 11:46:29,783 - ===============================| start validation |===============================
2021-11-25 11:46:33,988 - 	 Total:0.9125145	 SubHuman_loss:0.0960619	 SubHuman_Acc:0.1010802	 Andrev2015_loss:0.7501237	 Andrev2015_Acc:0.1350806	 pc3_loss:1.3484347	 pc3_Acc:0.1484568
2021-11-25 11:46:33,994 -    ini file updated    
2021-11-25 11:46:34,070 - Snapshot saved to /data/users/wergillius/UTR_VAE/pth/RL_6_data_MTL/task_lambda/SubHuman_no_muscle-model_best_cv0.pth

2021-11-25 11:46:34,070 -    ini file updated    
2021-11-25 11:46:34,070 - ===============================|    epoch 15   |===============================
2021-11-25 11:46:35,116 -     0 /  2973 (000%):	 Total:0.0492097	 SubHuman_Acc:0.0625000	 lr:0.0004185	 Mean_Total:0.0492097
2021-11-25 11:46:49,876 -   594 /  2973 (019%):	 Total:0.0837617	 SubHuman_Acc:0.1250000	 lr:0.0004158	 Mean_Total:0.3715684
2021-11-25 11:47:05,190 -  1188 /  2973 (039%):	 Total:0.0695097	 SubHuman_Acc:0.1250000	 lr:0.0004131	 Mean_Total:0.3679123
2021-11-25 11:47:20,747 -  1782 /  2973 (059%):	 Total:0.0491467	 SubHuman_Acc:0.2187500	 lr:0.0004104	 Mean_Total:0.3705972
2021-11-25 11:47:37,902 -  2376 /  2973 (079%):	 Total:0.1036846	 SubHuman_Acc:0.1250000	 lr:0.0004078	 Mean_Total:0.3796682
2021-11-25 11:47:56,033 -  2970 /  2973 (099%):	 Total:0.0347117	 SubHuman_Acc:0.2187500	 lr:0.0004053	 Mean_Total:0.3798767
2021-11-25 11:47:56,456 - ===============================| start validation |===============================
2021-11-25 11:48:01,313 - 	 Total:0.9137408	 SubHuman_loss:0.0929613	 SubHuman_Acc:0.1016765	 Andrev2015_loss:0.7533798	 Andrev2015_Acc:0.1290323	 pc3_loss:1.3486526	 pc3_Acc:0.1569444
2021-11-25 11:48:01,317 -    ini file updated    
2021-11-25 11:48:01,317 - ===============================|    epoch 16   |===============================
2021-11-25 11:48:02,380 -     0 /  2973 (000%):	 Total:0.0412444	 SubHuman_Acc:0.1250000	 lr:0.0004053	 Mean_Total:0.0412444
2021-11-25 11:48:20,509 -   594 /  2973 (019%):	 Total:0.0440864	 SubHuman_Acc:0.1250000	 lr:0.0004028	 Mean_Total:0.3445034
2021-11-25 11:48:38,802 -  1188 /  2973 (039%):	 Total:0.0472081	 SubHuman_Acc:0.1562500	 lr:0.0004003	 Mean_Total:0.3485250
2021-11-25 11:48:56,214 -  1782 /  2973 (059%):	 Total:0.1107456	 SubHuman_Acc:0.1562500	 lr:0.0003979	 Mean_Total:0.3528258
2021-11-25 11:49:13,145 -  2376 /  2973 (079%):	 Total:0.0669863	 SubHuman_Acc:0.0312500	 lr:0.0003955	 Mean_Total:0.3552791
2021-11-25 11:49:31,551 -  2970 /  2973 (099%):	 Total:0.0600719	 SubHuman_Acc:0.0312500	 lr:0.0003932	 Mean_Total:0.3501622
2021-11-25 11:49:31,992 - ===============================| start validation |===============================
2021-11-25 11:49:36,591 - 	 Total:0.9352727	 SubHuman_loss:0.1111899	 SubHuman_Acc:0.0952231	 Andrev2015_loss:0.7765097	 Andrev2015_Acc:0.1276882	 pc3_loss:1.3693591	 pc3_Acc:0.1520062
2021-11-25 11:49:36,596 -    ini file updated    
2021-11-25 11:49:36,596 - ===============================|    epoch 17   |===============================
2021-11-25 11:49:37,664 -     0 /  2973 (000%):	 Total:0.0667837	 SubHuman_Acc:0.0625000	 lr:0.0003932	 Mean_Total:0.0667837
2021-11-25 11:49:55,648 -   594 /  2973 (019%):	 Total:0.0739177	 SubHuman_Acc:0.1875000	 lr:0.0003909	 Mean_Total:0.3144099
2021-11-25 11:50:14,113 -  1188 /  2973 (039%):	 Total:0.0387058	 SubHuman_Acc:0.2187500	 lr:0.0003886	 Mean_Total:0.3188467
2021-11-25 11:50:31,445 -  1782 /  2973 (059%):	 Total:0.0451091	 SubHuman_Acc:0.1562500	 lr:0.0003864	 Mean_Total:0.3249864
2021-11-25 11:50:48,168 -  2376 /  2973 (079%):	 Total:0.0752473	 SubHuman_Acc:0.0312500	 lr:0.0003842	 Mean_Total:0.3297285
2021-11-25 11:51:06,399 -  2970 /  2973 (099%):	 Total:0.0471478	 SubHuman_Acc:0.0000000	 lr:0.0003821	 Mean_Total:0.3285351
2021-11-25 11:51:06,837 - ===============================| start validation |===============================
2021-11-25 11:51:11,564 - 	 Total:0.8998682	 SubHuman_loss:0.0917305	 SubHuman_Acc:0.1357674	 Andrev2015_loss:0.7307962	 Andrev2015_Acc:0.1326165	 pc3_loss:1.3409188	 pc3_Acc:0.1319444
2021-11-25 11:51:11,568 -    ini file updated    
2021-11-25 11:51:11,654 - Snapshot saved to /data/users/wergillius/UTR_VAE/pth/RL_6_data_MTL/task_lambda/SubHuman_no_muscle-model_best_cv0.pth

2021-11-25 11:51:11,655 -    ini file updated    
2021-11-25 11:51:11,655 - ===============================|    epoch 18   |===============================
2021-11-25 11:51:12,687 -     0 /  2973 (000%):	 Total:0.0593060	 SubHuman_Acc:0.0937500	 lr:0.0003821	 Mean_Total:0.0593060
2021-11-25 11:51:30,626 -   594 /  2973 (019%):	 Total:0.0543142	 SubHuman_Acc:0.0625000	 lr:0.0003800	 Mean_Total:0.2859723
2021-11-25 11:51:48,943 -  1188 /  2973 (039%):	 Total:0.0505589	 SubHuman_Acc:0.1875000	 lr:0.0003779	 Mean_Total:0.2931032
2021-11-25 11:52:07,423 -  1782 /  2973 (059%):	 Total:0.0383241	 SubHuman_Acc:0.1250000	 lr:0.0003759	 Mean_Total:0.3017844
2021-11-25 11:52:24,473 -  2376 /  2973 (079%):	 Total:0.0679520	 SubHuman_Acc:0.0625000	 lr:0.0003739	 Mean_Total:0.3046664
2021-11-25 11:52:42,073 -  2970 /  2973 (099%):	 Total:0.1186103	 SubHuman_Acc:0.0937500	 lr:0.0003719	 Mean_Total:0.3065832
2021-11-25 11:52:42,496 - ===============================| start validation |===============================
2021-11-25 11:52:47,227 - 	 Total:0.8674029	 SubHuman_loss:0.0939801	 SubHuman_Acc:0.0978886	 Andrev2015_loss:0.7242223	 Andrev2015_Acc:0.1364247	 pc3_loss:1.2681191	 pc3_Acc:0.1762346
2021-11-25 11:52:47,231 -    ini file updated    
2021-11-25 11:52:47,297 - Snapshot saved to /data/users/wergillius/UTR_VAE/pth/RL_6_data_MTL/task_lambda/SubHuman_no_muscle-model_best_cv0.pth

2021-11-25 11:52:47,298 -    ini file updated    
2021-11-25 11:52:47,298 - ===============================|    epoch 19   |===============================
2021-11-25 11:52:48,447 -     0 /  2973 (000%):	 Total:0.1516533	 SubHuman_Acc:0.1875000	 lr:0.0003719	 Mean_Total:0.1516533
2021-11-25 11:53:06,388 -   594 /  2973 (019%):	 Total:0.0471864	 SubHuman_Acc:0.0937500	 lr:0.0003700	 Mean_Total:0.2860535
2021-11-25 11:53:24,673 -  1188 /  2973 (039%):	 Total:0.0857428	 SubHuman_Acc:0.0312500	 lr:0.0003680	 Mean_Total:0.2822959
2021-11-25 11:53:43,056 -  1782 /  2973 (059%):	 Total:0.0759678	 SubHuman_Acc:0.0625000	 lr:0.0003662	 Mean_Total:0.2923446
2021-11-25 11:53:59,825 -  2376 /  2973 (079%):	 Total:0.0603538	 SubHuman_Acc:0.0937500	 lr:0.0003643	 Mean_Total:0.2965316
2021-11-25 11:54:16,855 -  2970 /  2973 (099%):	 Total:0.0539818	 SubHuman_Acc:0.2812500	 lr:0.0003625	 Mean_Total:0.2957985
2021-11-25 11:54:17,302 - ===============================| start validation |===============================
2021-11-25 11:54:22,058 - 	 Total:0.8916573	 SubHuman_loss:0.0897836	 SubHuman_Acc:0.1094276	 Andrev2015_loss:0.7209597	 Andrev2015_Acc:0.1426971	 pc3_loss:1.3326603	 pc3_Acc:0.1470679
2021-11-25 11:54:22,061 -    ini file updated    
2021-11-25 11:54:22,061 - ===============================|    epoch 20   |===============================
2021-11-25 11:54:23,165 -     0 /  2973 (000%):	 Total:0.0551107	 SubHuman_Acc:0.1250000	 lr:0.0003625	 Mean_Total:0.0551107
2021-11-25 11:54:41,144 -   594 /  2973 (019%):	 Total:0.0390617	 SubHuman_Acc:0.1250000	 lr:0.0003607	 Mean_Total:0.2621198
2021-11-25 11:54:59,737 -  1188 /  2973 (039%):	 Total:0.0648897	 SubHuman_Acc:0.0937500	 lr:0.0003589	 Mean_Total:0.2606593
2021-11-25 11:55:17,823 -  1782 /  2973 (059%):	 Total:0.0370903	 SubHuman_Acc:0.2812500	 lr:0.0003572	 Mean_Total:0.2716177
2021-11-25 11:55:33,768 -  2376 /  2973 (079%):	 Total:0.0590315	 SubHuman_Acc:0.0937500	 lr:0.0003554	 Mean_Total:0.2784926
2021-11-25 11:55:49,791 -  2970 /  2973 (099%):	 Total:0.0313591	 SubHuman_Acc:0.1875000	 lr:0.0003537	 Mean_Total:0.2783247
2021-11-25 11:55:50,233 - ===============================| start validation |===============================
2021-11-25 11:55:54,963 - 	 Total:0.8676692	 SubHuman_loss:0.0876417	 SubHuman_Acc:0.1158810	 Andrev2015_loss:0.7180695	 Andrev2015_Acc:0.1319444	 pc3_loss:1.2777736	 pc3_Acc:0.1458333
2021-11-25 11:55:54,967 -    ini file updated    
2021-11-25 11:55:54,967 - ===============================|    epoch 21   |===============================
2021-11-25 11:55:56,123 -     0 /  2973 (000%):	 Total:0.0379582	 SubHuman_Acc:0.1250000	 lr:0.0003537	 Mean_Total:0.0379582
2021-11-25 11:56:13,169 -   594 /  2973 (019%):	 Total:0.0274313	 SubHuman_Acc:0.1562500	 lr:0.0003521	 Mean_Total:0.2630789
2021-11-25 11:56:31,581 -  1188 /  2973 (039%):	 Total:0.0360495	 SubHuman_Acc:0.0937500	 lr:0.0003504	 Mean_Total:0.2623075
2021-11-25 11:56:49,984 -  1782 /  2973 (059%):	 Total:0.0372975	 SubHuman_Acc:0.1250000	 lr:0.0003488	 Mean_Total:0.2637328
2021-11-25 11:57:08,040 -  2376 /  2973 (079%):	 Total:0.0412569	 SubHuman_Acc:0.1250000	 lr:0.0003472	 Mean_Total:0.2690377
2021-11-25 11:57:25,451 -  2970 /  2973 (099%):	 Total:0.0427625	 SubHuman_Acc:0.2500000	 lr:0.0003456	 Mean_Total:0.2681075
2021-11-25 11:57:25,886 - ===============================| start validation |===============================
2021-11-25 11:57:30,362 - 	 Total:0.8885957	 SubHuman_loss:0.0866592	 SubHuman_Acc:0.1151094	 Andrev2015_loss:0.7316540	 Andrev2015_Acc:0.1267921	 pc3_loss:1.3138241	 pc3_Acc:0.1643519
2021-11-25 11:57:30,366 -    ini file updated    
2021-11-25 11:57:30,366 - ===============================|    epoch 22   |===============================
2021-11-25 11:57:31,502 -     0 /  2973 (000%):	 Total:0.0249001	 SubHuman_Acc:0.0312500	 lr:0.0003456	 Mean_Total:0.0249001
2021-11-25 11:57:49,134 -   594 /  2973 (019%):	 Total:0.0644810	 SubHuman_Acc:0.0000000	 lr:0.0003440	 Mean_Total:0.2511812
2021-11-25 11:58:07,511 -  1188 /  2973 (039%):	 Total:0.0854489	 SubHuman_Acc:0.0937500	 lr:0.0003425	 Mean_Total:0.2563066
2021-11-25 11:58:25,727 -  1782 /  2973 (059%):	 Total:0.0417071	 SubHuman_Acc:0.1562500	 lr:0.0003410	 Mean_Total:0.2567033
2021-11-25 11:58:44,023 -  2376 /  2973 (079%):	 Total:0.0271712	 SubHuman_Acc:0.2187500	 lr:0.0003395	 Mean_Total:0.2604875
2021-11-25 11:59:01,193 -  2970 /  2973 (099%):	 Total:0.0548931	 SubHuman_Acc:0.1250000	 lr:0.0003380	 Mean_Total:0.2590536
2021-11-25 11:59:01,684 - ===============================| start validation |===============================
2021-11-25 11:59:06,448 - 	 Total:0.8596035	 SubHuman_loss:0.0896939	 SubHuman_Acc:0.0963454	 Andrev2015_loss:0.7102000	 Andrev2015_Acc:0.1494176	 pc3_loss:1.2663910	 pc3_Acc:0.1566358
2021-11-25 11:59:06,451 -    ini file updated    
2021-11-25 11:59:06,514 - Snapshot saved to /data/users/wergillius/UTR_VAE/pth/RL_6_data_MTL/task_lambda/SubHuman_no_muscle-model_best_cv0.pth

2021-11-25 11:59:06,515 -    ini file updated    
2021-11-25 11:59:06,515 - ===============================|    epoch 23   |===============================
2021-11-25 11:59:07,713 -     0 /  2973 (000%):	 Total:0.0694249	 SubHuman_Acc:0.2187500	 lr:0.0003380	 Mean_Total:0.0694249
2021-11-25 11:59:25,846 -   594 /  2973 (019%):	 Total:0.0469885	 SubHuman_Acc:0.0625000	 lr:0.0003366	 Mean_Total:0.2389249
2021-11-25 11:59:43,374 -  1188 /  2973 (039%):	 Total:0.0543647	 SubHuman_Acc:0.1562500	 lr:0.0003351	 Mean_Total:0.2452204
2021-11-25 12:00:01,858 -  1782 /  2973 (059%):	 Total:0.0503393	 SubHuman_Acc:0.0312500	 lr:0.0003337	 Mean_Total:0.2491854
2021-11-25 12:00:20,059 -  2376 /  2973 (079%):	 Total:0.0352751	 SubHuman_Acc:0.2187500	 lr:0.0003323	 Mean_Total:0.2473193
2021-11-25 12:00:38,147 -  2970 /  2973 (099%):	 Total:0.0361796	 SubHuman_Acc:0.0312500	 lr:0.0003309	 Mean_Total:0.2473294
2021-11-25 12:00:38,586 - ===============================| start validation |===============================
2021-11-25 12:00:42,951 - 	 Total:0.8442689	 SubHuman_loss:0.0850734	 SubHuman_Acc:0.1160564	 Andrev2015_loss:0.7021600	 Andrev2015_Acc:0.1357527	 pc3_loss:1.2394073	 pc3_Acc:0.1527778
2021-11-25 12:00:42,956 -    ini file updated    
2021-11-25 12:00:43,026 - Snapshot saved to /data/users/wergillius/UTR_VAE/pth/RL_6_data_MTL/task_lambda/SubHuman_no_muscle-model_best_cv0.pth

2021-11-25 12:00:43,027 -    ini file updated    
2021-11-25 12:00:43,027 - ===============================|    epoch 24   |===============================
2021-11-25 12:00:44,192 -     0 /  2973 (000%):	 Total:0.0414900	 SubHuman_Acc:0.0937500	 lr:0.0003309	 Mean_Total:0.0414900
2021-11-25 12:01:02,220 -   594 /  2973 (019%):	 Total:0.0468789	 SubHuman_Acc:0.0937500	 lr:0.0003295	 Mean_Total:0.2300778
2021-11-25 12:01:19,445 -  1188 /  2973 (039%):	 Total:0.0371856	 SubHuman_Acc:0.0937500	 lr:0.0003282	 Mean_Total:0.2348263
2021-11-25 12:01:37,901 -  1782 /  2973 (059%):	 Total:0.0434192	 SubHuman_Acc:0.0000000	 lr:0.0003268	 Mean_Total:0.2381747
2021-11-25 12:01:55,569 -  2376 /  2973 (079%):	 Total:0.0395868	 SubHuman_Acc:0.1562500	 lr:0.0003255	 Mean_Total:0.2399674
2021-11-25 12:02:13,831 -  2970 /  2973 (099%):	 Total:0.0803989	 SubHuman_Acc:0.0625000	 lr:0.0003242	 Mean_Total:0.2397526
2021-11-25 12:02:14,280 - ===============================| start validation |===============================
2021-11-25 12:02:18,334 - 	 Total:0.8416993	 SubHuman_loss:0.0858172	 SubHuman_Acc:0.1160564	 Andrev2015_loss:0.6996672	 Andrev2015_Acc:0.1601703	 pc3_loss:1.2357372	 pc3_Acc:0.1766975
2021-11-25 12:02:18,337 -    ini file updated    
2021-11-25 12:02:18,410 - Snapshot saved to /data/users/wergillius/UTR_VAE/pth/RL_6_data_MTL/task_lambda/SubHuman_no_muscle-model_best_cv0.pth

2021-11-25 12:02:18,411 -    ini file updated    
2021-11-25 12:02:18,411 - ===============================|    epoch 25   |===============================
2021-11-25 12:02:19,611 -     0 /  2973 (000%):	 Total:0.0750204	 SubHuman_Acc:0.2812500	 lr:0.0003242	 Mean_Total:0.0750204
2021-11-25 12:02:37,355 -   594 /  2973 (019%):	 Total:0.0254656	 SubHuman_Acc:0.2500000	 lr:0.0003229	 Mean_Total:0.2238362
2021-11-25 12:02:55,247 -  1188 /  2973 (039%):	 Total:0.0399704	 SubHuman_Acc:0.2187500	 lr:0.0003216	 Mean_Total:0.2225372
2021-11-25 12:03:13,062 -  1782 /  2973 (059%):	 Total:0.0732297	 SubHuman_Acc:0.0625000	 lr:0.0003204	 Mean_Total:0.2265835
2021-11-25 12:03:30,400 -  2376 /  2973 (079%):	 Total:0.0508664	 SubHuman_Acc:0.0625000	 lr:0.0003191	 Mean_Total:0.2299413
2021-11-25 12:03:49,034 -  2970 /  2973 (099%):	 Total:0.0345421	 SubHuman_Acc:0.1250000	 lr:0.0003179	 Mean_Total:0.2302768
2021-11-25 12:03:49,487 - ===============================| start validation |===============================
2021-11-25 12:03:53,902 - 	 Total:0.8521473	 SubHuman_loss:0.0846040	 SubHuman_Acc:0.1149341	 Andrev2015_loss:0.7293073	 Andrev2015_Acc:0.1583781	 pc3_loss:1.2277129	 pc3_Acc:0.1654321
2021-11-25 12:03:53,905 -    ini file updated    
2021-11-25 12:03:53,906 - ===============================|    epoch 26   |===============================
2021-11-25 12:03:55,026 -     0 /  2973 (000%):	 Total:0.0405960	 SubHuman_Acc:0.1562500	 lr:0.0003179	 Mean_Total:0.0405960
2021-11-25 12:04:12,052 -   594 /  2973 (019%):	 Total:0.0531070	 SubHuman_Acc:0.1875000	 lr:0.0003167	 Mean_Total:0.2187084
2021-11-25 12:04:30,456 -  1188 /  2973 (039%):	 Total:0.0500689	 SubHuman_Acc:0.0937500	 lr:0.0003155	 Mean_Total:0.2209462
2021-11-25 12:04:48,317 -  1782 /  2973 (059%):	 Total:0.0179858	 SubHuman_Acc:0.1250000	 lr:0.0003143	 Mean_Total:0.2192132
2021-11-25 12:05:05,760 -  2376 /  2973 (079%):	 Total:0.0662621	 SubHuman_Acc:0.0625000	 lr:0.0003131	 Mean_Total:0.2236237
2021-11-25 12:05:24,449 -  2970 /  2973 (099%):	 Total:0.0716632	 SubHuman_Acc:0.2187500	 lr:0.0003120	 Mean_Total:0.2274153
2021-11-25 12:05:24,927 - ===============================| start validation |===============================
2021-11-25 12:05:29,191 - 	 Total:0.8445164	 SubHuman_loss:0.0861072	 SubHuman_Acc:0.1100238	 Andrev2015_loss:0.6986383	 Andrev2015_Acc:0.1579301	 pc3_loss:1.2437423	 pc3_Acc:0.1631173
2021-11-25 12:05:29,196 -    ini file updated    
2021-11-25 12:05:29,196 - ===============================|    epoch 27   |===============================
2021-11-25 12:05:30,371 -     0 /  2973 (000%):	 Total:0.0490940	 SubHuman_Acc:0.1250000	 lr:0.0003120	 Mean_Total:0.0490940
2021-11-25 12:05:47,215 -   594 /  2973 (019%):	 Total:0.0279218	 SubHuman_Acc:0.1562500	 lr:0.0003108	 Mean_Total:0.2118414
2021-11-25 12:06:05,568 -  1188 /  2973 (039%):	 Total:0.0401259	 SubHuman_Acc:0.1250000	 lr:0.0003097	 Mean_Total:0.2164644
2021-11-25 12:06:23,999 -  1782 /  2973 (059%):	 Total:0.0960979	 SubHuman_Acc:0.0937500	 lr:0.0003086	 Mean_Total:0.2148857
2021-11-25 12:06:40,261 -  2376 /  2973 (079%):	 Total:0.0446443	 SubHuman_Acc:0.1562500	 lr:0.0003075	 Mean_Total:0.2160245
2021-11-25 12:06:56,777 -  2970 /  2973 (099%):	 Total:0.0674677	 SubHuman_Acc:0.2187500	 lr:0.0003064	 Mean_Total:0.2192249
2021-11-25 12:06:57,257 - ===============================| start validation |===============================
2021-11-25 12:07:01,540 - 	 Total:0.8704210	 SubHuman_loss:0.0856721	 SubHuman_Acc:0.1010802	 Andrev2015_loss:0.7348408	 Andrev2015_Acc:0.1447133	 pc3_loss:1.2658715	 pc3_Acc:0.1641975
2021-11-25 12:07:01,543 -    ini file updated    
2021-11-25 12:07:01,543 - ===============================|    epoch 28   |===============================
2021-11-25 12:07:02,783 -     0 /  2973 (000%):	 Total:0.0410131	 SubHuman_Acc:0.1250000	 lr:0.0003063	 Mean_Total:0.0410131
2021-11-25 12:07:19,477 -   594 /  2973 (019%):	 Total:0.0428521	 SubHuman_Acc:0.1562500	 lr:0.0003053	 Mean_Total:0.2082559
2021-11-25 12:07:38,128 -  1188 /  2973 (039%):	 Total:0.0326436	 SubHuman_Acc:0.2812500	 lr:0.0003042	 Mean_Total:0.2089912
2021-11-25 12:07:56,686 -  1782 /  2973 (059%):	 Total:0.0440372	 SubHuman_Acc:0.1562500	 lr:0.0003031	 Mean_Total:0.2104541
2021-11-25 12:08:14,642 -  2376 /  2973 (079%):	 Total:0.0512014	 SubHuman_Acc:0.1562500	 lr:0.0003021	 Mean_Total:0.2119298
2021-11-25 12:08:32,746 -  2970 /  2973 (099%):	 Total:0.0247937	 SubHuman_Acc:0.1250000	 lr:0.0003010	 Mean_Total:0.2141709
2021-11-25 12:08:33,196 - ===============================| start validation |===============================
2021-11-25 12:08:37,562 - 	 Total:0.8597484	 SubHuman_loss:0.0871367	 SubHuman_Acc:0.1007295	 Andrev2015_loss:0.7128905	 Andrev2015_Acc:0.1487455	 pc3_loss:1.2644388	 pc3_Acc:0.1785494
2021-11-25 12:08:37,566 -    ini file updated    
2021-11-25 12:08:37,566 - ===============================|    epoch 29   |===============================
2021-11-25 12:08:38,798 -     0 /  2973 (000%):	 Total:0.0448110	 SubHuman_Acc:0.1562500	 lr:0.0003010	 Mean_Total:0.0448110
2021-11-25 12:08:55,579 -   594 /  2973 (019%):	 Total:0.0333988	 SubHuman_Acc:0.2187500	 lr:0.0003000	 Mean_Total:0.2013969
2021-11-25 12:09:13,536 -  1188 /  2973 (039%):	 Total:0.0404292	 SubHuman_Acc:0.2187500	 lr:0.0002990	 Mean_Total:0.2034751
2021-11-25 12:09:32,206 -  1782 /  2973 (059%):	 Total:0.0573014	 SubHuman_Acc:0.0937500	 lr:0.0002980	 Mean_Total:0.2034605
2021-11-25 12:09:50,234 -  2376 /  2973 (079%):	 Total:0.0237375	 SubHuman_Acc:0.1562500	 lr:0.0002970	 Mean_Total:0.2083359
2021-11-25 12:10:08,591 -  2970 /  2973 (099%):	 Total:0.0407118	 SubHuman_Acc:0.1250000	 lr:0.0002960	 Mean_Total:0.2083750
2021-11-25 12:10:09,036 - ===============================| start validation |===============================
2021-11-25 12:10:13,340 - 	 Total:0.8528853	 SubHuman_loss:0.0882743	 SubHuman_Acc:0.1122685	 Andrev2015_loss:0.7157949	 Andrev2015_Acc:0.1639785	 pc3_loss:1.2439165	 pc3_Acc:0.1682099
2021-11-25 12:10:13,344 -    ini file updated    
2021-11-25 12:10:13,344 - ===============================|    epoch 30   |===============================
2021-11-25 12:10:14,472 -     0 /  2973 (000%):	 Total:0.0419658	 SubHuman_Acc:0.1250000	 lr:0.0002960	 Mean_Total:0.0419658
2021-11-25 12:10:31,252 -   594 /  2973 (019%):	 Total:0.0295174	 SubHuman_Acc:0.1250000	 lr:0.0002950	 Mean_Total:0.2011144
2021-11-25 12:10:48,800 -  1188 /  2973 (039%):	 Total:0.0550754	 SubHuman_Acc:0.1250000	 lr:0.0002940	 Mean_Total:0.1987607
2021-11-25 12:11:07,100 -  1782 /  2973 (059%):	 Total:0.0308007	 SubHuman_Acc:0.1250000	 lr:0.0002930	 Mean_Total:0.1987978
2021-11-25 12:11:25,013 -  2376 /  2973 (079%):	 Total:0.0347951	 SubHuman_Acc:0.1562500	 lr:0.0002921	 Mean_Total:0.2025291
2021-11-25 12:11:43,782 -  2970 /  2973 (099%):	 Total:0.0310076	 SubHuman_Acc:0.0625000	 lr:0.0002912	 Mean_Total:0.2021997
2021-11-25 12:11:44,261 - ===============================| start validation |===============================
2021-11-25 12:11:48,662 - 	 Total:0.8647863	 SubHuman_loss:0.0864238	 SubHuman_Acc:0.1162318	 Andrev2015_loss:0.7007182	 Andrev2015_Acc:0.1521057	 pc3_loss:1.2909937	 pc3_Acc:0.1643519
2021-11-25 12:11:48,666 -    ini file updated    
2021-11-25 12:11:48,666 - ===============================|    epoch 31   |===============================
2021-11-25 12:11:49,820 -     0 /  2973 (000%):	 Total:0.0679914	 SubHuman_Acc:0.2500000	 lr:0.0002911	 Mean_Total:0.0679914
2021-11-25 12:12:06,466 -   594 /  2973 (019%):	 Total:0.0351132	 SubHuman_Acc:0.0937500	 lr:0.0002902	 Mean_Total:0.1805667
2021-11-25 12:12:24,072 -  1188 /  2973 (039%):	 Total:0.0557380	 SubHuman_Acc:0.0937500	 lr:0.0002893	 Mean_Total:0.1860085
2021-11-25 12:12:42,579 -  1782 /  2973 (059%):	 Total:0.0504278	 SubHuman_Acc:0.1250000	 lr:0.0002884	 Mean_Total:0.1886824
2021-11-25 12:13:00,426 -  2376 /  2973 (079%):	 Total:0.0327710	 SubHuman_Acc:0.0312500	 lr:0.0002875	 Mean_Total:0.1921830
2021-11-25 12:13:19,208 -  2970 /  2973 (099%):	 Total:0.0320054	 SubHuman_Acc:0.0937500	 lr:0.0002866	 Mean_Total:0.1944686
2021-11-25 12:13:19,646 - ===============================| start validation |===============================
2021-11-25 12:13:24,066 - 	 Total:0.8512253	 SubHuman_loss:0.0846861	 SubHuman_Acc:0.1126192	 Andrev2015_loss:0.6953420	 Andrev2015_Acc:0.1655466	 pc3_loss:1.2644228	 pc3_Acc:0.1674383
2021-11-25 12:13:24,070 -    ini file updated    
2021-11-25 12:13:24,071 - ===============================|    epoch 32   |===============================
2021-11-25 12:13:25,283 -     0 /  2973 (000%):	 Total:0.0225314	 SubHuman_Acc:0.0625000	 lr:0.0002866	 Mean_Total:0.0225314
2021-11-25 12:13:42,680 -   594 /  2973 (019%):	 Total:0.0236813	 SubHuman_Acc:0.0937500	 lr:0.0002857	 Mean_Total:0.1848821
2021-11-25 12:13:59,582 -  1188 /  2973 (039%):	 Total:0.0337331	 SubHuman_Acc:0.0937500	 lr:0.0002848	 Mean_Total:0.1881702
2021-11-25 12:14:17,743 -  1782 /  2973 (059%):	 Total:0.0428691	 SubHuman_Acc:0.2812500	 lr:0.0002839	 Mean_Total:0.1895870
2021-11-25 12:14:35,384 -  2376 /  2973 (079%):	 Total:0.0429257	 SubHuman_Acc:0.1562500	 lr:0.0002831	 Mean_Total:0.1926281
2021-11-25 12:14:54,587 -  2970 /  2973 (099%):	 Total:0.0306585	 SubHuman_Acc:0.2500000	 lr:0.0002822	 Mean_Total:0.1938006
2021-11-25 12:14:54,995 - ===============================| start validation |===============================
2021-11-25 12:14:59,576 - 	 Total:0.8550022	 SubHuman_loss:0.0845621	 SubHuman_Acc:0.1046928	 Andrev2015_loss:0.7066387	 Andrev2015_Acc:0.1756272	 pc3_loss:1.2607578	 pc3_Acc:0.1891975
2021-11-25 12:14:59,579 -    ini file updated    
2021-11-25 12:14:59,579 - ===============================|    epoch 33   |===============================
2021-11-25 12:15:00,885 -     0 /  2973 (000%):	 Total:0.0327550	 SubHuman_Acc:0.2187500	 lr:0.0002822	 Mean_Total:0.0327550
2021-11-25 12:15:18,705 -   594 /  2973 (019%):	 Total:0.0443384	 SubHuman_Acc:0.1562500	 lr:0.0002813	 Mean_Total:0.1902779
2021-11-25 12:15:35,741 -  1188 /  2973 (039%):	 Total:0.0311116	 SubHuman_Acc:0.1250000	 lr:0.0002805	 Mean_Total:0.1877171
2021-11-25 12:15:53,473 -  1782 /  2973 (059%):	 Total:0.0312244	 SubHuman_Acc:0.0937500	 lr:0.0002797	 Mean_Total:0.1870628
2021-11-25 12:16:11,269 -  2376 /  2973 (079%):	 Total:0.0456155	 SubHuman_Acc:0.1250000	 lr:0.0002788	 Mean_Total:0.1883678
2021-11-25 12:16:30,359 -  2970 /  2973 (099%):	 Total:0.0215215	 SubHuman_Acc:0.0625000	 lr:0.0002780	 Mean_Total:0.1897164
2021-11-25 12:16:30,802 - ===============================| start validation |===============================
2021-11-25 12:16:35,377 - 	 Total:0.8561633	 SubHuman_loss:0.0868706	 SubHuman_Acc:0.1083053	 Andrev2015_loss:0.7117901	 Andrev2015_Acc:0.1698029	 pc3_loss:1.2569869	 pc3_Acc:0.1574074
2021-11-25 12:16:35,381 -    ini file updated    
2021-11-25 12:16:35,381 - ===============================|    epoch 34   |===============================
2021-11-25 12:16:36,701 -     0 /  2973 (000%):	 Total:0.0359596	 SubHuman_Acc:0.0937500	 lr:0.0002780	 Mean_Total:0.0359596
2021-11-25 12:16:54,611 -   594 /  2973 (019%):	 Total:0.0478946	 SubHuman_Acc:0.2500000	 lr:0.0002772	 Mean_Total:0.1822900
2021-11-25 12:17:12,607 -  1188 /  2973 (039%):	 Total:0.0392048	 SubHuman_Acc:0.0937500	 lr:0.0002764	 Mean_Total:0.1822911
2021-11-25 12:17:30,230 -  1782 /  2973 (059%):	 Total:0.0491834	 SubHuman_Acc:0.1250000	 lr:0.0002756	 Mean_Total:0.1844706
2021-11-25 12:17:46,092 -  2376 /  2973 (079%):	 Total:0.0291958	 SubHuman_Acc:0.2812500	 lr:0.0002748	 Mean_Total:0.1852447
2021-11-25 12:18:02,785 -  2970 /  2973 (099%):	 Total:0.0328547	 SubHuman_Acc:0.2187500	 lr:0.0002740	 Mean_Total:0.1861698
2021-11-25 12:18:03,219 - ===============================| start validation |===============================
2021-11-25 12:18:07,728 - 	 Total:0.8608038	 SubHuman_loss:0.0834399	 SubHuman_Acc:0.1173541	 Andrev2015_loss:0.6772569	 Andrev2015_Acc:0.1615143	 pc3_loss:1.3090707	 pc3_Acc:0.1441358
2021-11-25 12:18:07,732 -    ini file updated    
2021-11-25 12:18:07,732 - ===============================|    epoch 35   |===============================
2021-11-25 12:18:08,869 -     0 /  2973 (000%):	 Total:0.0248281	 SubHuman_Acc:0.1562500	 lr:0.0002740	 Mean_Total:0.0248281
2021-11-25 12:18:26,418 -   594 /  2973 (019%):	 Total:0.0306066	 SubHuman_Acc:0.2187500	 lr:0.0002732	 Mean_Total:0.1729575
2021-11-25 12:18:44,733 -  1188 /  2973 (039%):	 Total:0.0391175	 SubHuman_Acc:0.1562500	 lr:0.0002725	 Mean_Total:0.1739154
2021-11-25 12:19:02,276 -  1782 /  2973 (059%):	 Total:0.0225834	 SubHuman_Acc:0.1562500	 lr:0.0002717	 Mean_Total:0.1779412
2021-11-25 12:19:19,109 -  2376 /  2973 (079%):	 Total:0.0445365	 SubHuman_Acc:0.1250000	 lr:0.0002709	 Mean_Total:0.1785362
