2022-04-22 00:38:01,837 -     ===========================| device cuda2 |===========================    
2022-04-22 00:38:09,434 - ===============================|    epoch 0   |===============================
2022-04-22 00:38:11,464 -     0 / 43878 (000%):	 Total:38.5225143	 unmod1_Acc:-0.1132698	 lr:0.0009882	 Mean_Total:38.5225143
2022-04-22 00:41:47,300 -  8775 / 43878 (019%):	 Total:0.5212536	 Andrev2015_Acc:-0.0209790	 lr:0.0009435	 Mean_Total:1.4268612
2022-04-22 00:45:27,101 - 17550 / 43878 (039%):	 Total:1.1609488	 unmod1_Acc:0.6990469	 lr:0.0006672	 Mean_Total:1.1941658
2022-04-22 00:49:05,556 - 26325 / 43878 (059%):	 Total:1.0806220	 Andrev2015_Acc:0.2097902	 lr:0.0005448	 Mean_Total:1.0860832
2022-04-22 00:52:43,979 - 35100 / 43878 (079%):	 Total:1.5335377	 unmod1_Acc:0.7291056	 lr:0.0004718	 Mean_Total:1.0186377
2022-04-22 00:56:22,084 - 43875 / 43878 (099%):	 Total:0.7346401	 Andrev2015_Acc:0.4825175	 lr:0.0004220	 Mean_Total:0.9707641
2022-04-22 00:56:22,816 - ===============================| start validation |===============================
2022-04-22 00:56:37,909 - 	 Total:0.9271007	 unmod1_loss:0.9546363	 unmod1_Acc:0.7647864	 human_loss:0.8475892	 human_Acc:0.7765768	 vleng_loss:0.8775378	 vleng_Acc:0.7039446	 Andrev2015_loss:0.9726766	 Andrev2015_Acc:0.3176639	 muscle_loss:1.9508180	 muscle_Acc:0.3965035	 pc3_loss:0.8459147	 pc3_Acc:0.2790016
2022-04-22 00:56:37,915 -    ini file updated    
2022-04-22 00:56:37,978 - Snapshot saved to /data/users/wergillius/UTR_VAE/pth/RL_hard_share_MTL/3M3R/PoolingAll_weight2-model_best_cv1.pth

2022-04-22 00:56:37,979 -    ini file updated    
2022-04-22 00:56:37,979 - ===============================|    epoch 1   |===============================
2022-04-22 00:56:40,006 -     0 / 43878 (000%):	 Total:1.1003346	 unmod1_Acc:0.7921554	 lr:0.0004220	 Mean_Total:1.1003346
2022-04-22 01:00:15,662 -  8775 / 43878 (019%):	 Total:0.7875025	 Andrev2015_Acc:0.3776224	 lr:0.0003852	 Mean_Total:0.7228041
2022-04-22 01:03:53,612 - 17550 / 43878 (039%):	 Total:0.5091134	 unmod1_Acc:0.9024927	 lr:0.0003566	 Mean_Total:0.6978364
2022-04-22 01:07:33,464 - 26325 / 43878 (059%):	 Total:1.2444055	 Andrev2015_Acc:0.7342657	 lr:0.0003336	 Mean_Total:0.6739955
2022-04-22 01:11:15,406 - 35100 / 43878 (079%):	 Total:0.4159833	 unmod1_Acc:0.8438416	 lr:0.0003145	 Mean_Total:0.6468274
2022-04-22 01:14:55,605 - 43875 / 43878 (099%):	 Total:0.3147121	 Andrev2015_Acc:0.6083916	 lr:0.0002984	 Mean_Total:0.6233287
2022-04-22 01:14:56,343 - ===============================| start validation |===============================
2022-04-22 01:15:11,251 - 	 Total:0.5607412	 unmod1_loss:0.4845663	 unmod1_Acc:0.8535546	 human_loss:0.6030186	 human_Acc:0.8310765	 vleng_loss:0.4880013	 vleng_Acc:0.8225227	 Andrev2015_loss:0.8431803	 Andrev2015_Acc:0.4444103	 muscle_loss:1.8435937	 muscle_Acc:0.3872021	 pc3_loss:0.7482039	 pc3_Acc:0.3816693
2022-04-22 01:15:11,255 -    ini file updated    
2022-04-22 01:15:11,308 - Snapshot saved to /data/users/wergillius/UTR_VAE/pth/RL_hard_share_MTL/3M3R/PoolingAll_weight2-model_best_cv1.pth

2022-04-22 01:15:11,308 -    ini file updated    
2022-04-22 01:15:11,309 - ===============================|    epoch 2   |===============================
2022-04-22 01:15:13,329 -     0 / 43878 (000%):	 Total:0.6264727	 unmod1_Acc:0.8266129	 lr:0.0002984	 Mean_Total:0.6264727
2022-04-22 01:18:52,041 -  8775 / 43878 (019%):	 Total:1.4357455	 Andrev2015_Acc:0.3986014	 lr:0.0002845	 Mean_Total:0.4950726
2022-04-22 01:22:32,553 - 17550 / 43878 (039%):	 Total:0.2124793	 unmod1_Acc:0.9116569	 lr:0.0002724	 Mean_Total:0.4820690
2022-04-22 01:26:16,090 - 26325 / 43878 (059%):	 Total:0.1790558	 Andrev2015_Acc:0.4895105	 lr:0.0002617	 Mean_Total:0.4710949
2022-04-22 01:29:54,851 - 35100 / 43878 (079%):	 Total:0.6706893	 unmod1_Acc:0.8555718	 lr:0.0002522	 Mean_Total:0.4618264
2022-04-22 01:33:37,529 - 43875 / 43878 (099%):	 Total:0.3441890	 Andrev2015_Acc:0.6923077	 lr:0.0002436	 Mean_Total:0.4518625
2022-04-22 01:33:38,262 - ===============================| start validation |===============================
2022-04-22 01:33:53,158 - 	 Total:0.4803536	 unmod1_loss:0.3890853	 unmod1_Acc:0.8698768	 human_loss:0.5378387	 human_Acc:0.8553740	 vleng_loss:0.3869233	 vleng_Acc:0.8476457	 Andrev2015_loss:0.7608347	 Andrev2015_Acc:0.4999123	 muscle_loss:2.3778083	 muscle_Acc:0.4290313	 pc3_loss:0.7337819	 pc3_Acc:0.4514957
2022-04-22 01:33:53,163 -    ini file updated    
2022-04-22 01:33:53,225 - Snapshot saved to /data/users/wergillius/UTR_VAE/pth/RL_hard_share_MTL/3M3R/PoolingAll_weight2-model_best_cv1.pth

2022-04-22 01:33:53,225 -    ini file updated    
2022-04-22 01:33:53,226 - ===============================|    epoch 3   |===============================
2022-04-22 01:33:55,206 -     0 / 43878 (000%):	 Total:0.2259089	 unmod1_Acc:0.8057185	 lr:0.0002436	 Mean_Total:0.2259089
2022-04-22 01:37:33,419 -  8775 / 43878 (019%):	 Total:0.1151532	 Andrev2015_Acc:0.7202797	 lr:0.0002359	 Mean_Total:0.3993503
2022-04-22 01:41:14,264 - 17550 / 43878 (039%):	 Total:0.3135137	 unmod1_Acc:0.9076246	 lr:0.0002288	 Mean_Total:0.3969225
2022-04-22 01:44:54,970 - 26325 / 43878 (059%):	 Total:0.2781433	 Andrev2015_Acc:0.8391608	 lr:0.0002224	 Mean_Total:0.3909671
2022-04-22 01:48:33,068 - 35100 / 43878 (079%):	 Total:0.3153791	 unmod1_Acc:0.7767595	 lr:0.0002165	 Mean_Total:0.3871695
2022-04-22 01:52:15,194 - 43875 / 43878 (099%):	 Total:0.2020647	 Andrev2015_Acc:0.4405594	 lr:0.0002110	 Mean_Total:0.3822677
2022-04-22 01:52:16,015 - ===============================| start validation |===============================
2022-04-22 01:52:30,945 - 	 Total:0.4434075	 unmod1_loss:0.3635750	 unmod1_Acc:0.8718353	 human_loss:0.4791170	 human_Acc:0.8569170	 vleng_loss:0.3641380	 vleng_Acc:0.8563073	 Andrev2015_loss:0.7379429	 Andrev2015_Acc:0.5128609	 muscle_loss:1.7312153	 muscle_Acc:0.4248454	 pc3_loss:0.6727529	 pc3_Acc:0.5033929
2022-04-22 01:52:30,950 -    ini file updated    
2022-04-22 01:52:31,005 - Snapshot saved to /data/users/wergillius/UTR_VAE/pth/RL_hard_share_MTL/3M3R/PoolingAll_weight2-model_best_cv1.pth

2022-04-22 01:52:31,006 -    ini file updated    
2022-04-22 01:52:31,006 - ===============================|    epoch 4   |===============================
2022-04-22 01:52:32,968 -     0 / 43878 (000%):	 Total:0.3064127	 unmod1_Acc:0.8640029	 lr:0.0002110	 Mean_Total:0.3064127
2022-04-22 01:56:11,391 -  8775 / 43878 (019%):	 Total:0.1320815	 Andrev2015_Acc:0.9230769	 lr:0.0002059	 Mean_Total:0.3531620
2022-04-22 01:59:53,574 - 17550 / 43878 (039%):	 Total:0.5892856	 unmod1_Acc:0.8555718	 lr:0.0002012	 Mean_Total:0.3517229
2022-04-22 02:03:36,334 - 26325 / 43878 (059%):	 Total:0.2135284	 Andrev2015_Acc:0.8671329	 lr:0.0001967	 Mean_Total:0.3491534
2022-04-22 02:07:14,926 - 35100 / 43878 (079%):	 Total:0.3336745	 unmod1_Acc:0.8728006	 lr:0.0001926	 Mean_Total:0.3464973
2022-04-22 02:10:56,041 - 43875 / 43878 (099%):	 Total:0.3967644	 Andrev2015_Acc:0.5384615	 lr:0.0001887	 Mean_Total:0.3440306
2022-04-22 02:10:56,831 - ===============================| start validation |===============================
2022-04-22 02:11:11,938 - 	 Total:0.4364883	 unmod1_loss:0.3536689	 unmod1_Acc:0.8770350	 human_loss:0.4830380	 human_Acc:0.8613392	 vleng_loss:0.3592692	 vleng_Acc:0.8560027	 Andrev2015_loss:0.7308012	 Andrev2015_Acc:0.5214725	 muscle_loss:1.6748770	 muscle_Acc:0.4318439	 pc3_loss:0.6654810	 pc3_Acc:0.5145623
2022-04-22 02:11:11,943 -    ini file updated    
2022-04-22 02:11:12,002 - Snapshot saved to /data/users/wergillius/UTR_VAE/pth/RL_hard_share_MTL/3M3R/PoolingAll_weight2-model_best_cv1.pth

2022-04-22 02:11:12,003 -    ini file updated    
2022-04-22 02:11:12,003 - ===============================|    epoch 5   |===============================
2022-04-22 02:11:14,050 -     0 / 43878 (000%):	 Total:0.2191774	 unmod1_Acc:0.9090909	 lr:0.0001887	 Mean_Total:0.2191774
2022-04-22 02:14:50,376 -  8775 / 43878 (019%):	 Total:1.0931761	 Andrev2015_Acc:0.4545455	 lr:0.0001850	 Mean_Total:0.3268149
2022-04-22 02:18:28,927 - 17550 / 43878 (039%):	 Total:0.1595961	 unmod1_Acc:0.8764663	 lr:0.0001816	 Mean_Total:0.3260663
2022-04-22 02:22:09,344 - 26325 / 43878 (059%):	 Total:0.4740618	 Andrev2015_Acc:0.2797203	 lr:0.0001783	 Mean_Total:0.3252709
2022-04-22 02:25:45,648 - 35100 / 43878 (079%):	 Total:0.4989993	 unmod1_Acc:0.6026393	 lr:0.0001752	 Mean_Total:0.3235954
2022-04-22 02:29:25,318 - 43875 / 43878 (099%):	 Total:0.2372619	 Andrev2015_Acc:0.8811189	 lr:0.0001723	 Mean_Total:0.3219846
2022-04-22 02:29:26,102 - ===============================| start validation |===============================
2022-04-22 02:29:41,355 - 	 Total:0.4453042	 unmod1_loss:0.3702665	 unmod1_Acc:0.8784816	 human_loss:0.4907030	 human_Acc:0.8683241	 vleng_loss:0.3475019	 vleng_Acc:0.8612023	 Andrev2015_loss:0.7201825	 Andrev2015_Acc:0.5486879	 muscle_loss:2.1274307	 muscle_Acc:0.4378775	 pc3_loss:0.6408914	 pc3_Acc:0.5482194
2022-04-22 02:29:41,359 -    ini file updated    
2022-04-22 02:29:41,359 - ===============================|    epoch 6   |===============================
2022-04-22 02:29:43,367 -     0 / 43878 (000%):	 Total:0.2608546	 unmod1_Acc:0.9406158	 lr:0.0001723	 Mean_Total:0.2608546
2022-04-22 02:33:18,335 -  8775 / 43878 (019%):	 Total:0.2750602	 Andrev2015_Acc:0.7832168	 lr:0.0001695	 Mean_Total:0.3119341
2022-04-22 02:36:58,056 - 17550 / 43878 (039%):	 Total:0.3424745	 unmod1_Acc:0.9373167	 lr:0.0001668	 Mean_Total:0.3100167
2022-04-22 02:40:37,666 - 26325 / 43878 (059%):	 Total:0.4631690	 Andrev2015_Acc:0.6433566	 lr:0.0001642	 Mean_Total:0.3090102
2022-04-22 02:44:15,118 - 35100 / 43878 (079%):	 Total:0.6183795	 unmod1_Acc:0.9046921	 lr:0.0001618	 Mean_Total:0.3069920
2022-04-22 02:47:56,702 - 43875 / 43878 (099%):	 Total:0.2303584	 Andrev2015_Acc:0.6433566	 lr:0.0001595	 Mean_Total:0.3052652
2022-04-22 02:47:57,434 - ===============================| start validation |===============================
2022-04-22 02:48:12,648 - 	 Total:0.4362134	 unmod1_loss:0.3673025	 unmod1_Acc:0.8787178	 human_loss:0.4809867	 human_Acc:0.8682025	 vleng_loss:0.3491680	 vleng_Acc:0.8670337	 Andrev2015_loss:0.6981705	 Andrev2015_Acc:0.5585392	 muscle_loss:1.6569186	 muscle_Acc:0.4648355	 pc3_loss:0.6250683	 pc3_Acc:0.5348550
2022-04-22 02:48:12,652 -    ini file updated    
2022-04-22 02:48:12,717 - Snapshot saved to /data/users/wergillius/UTR_VAE/pth/RL_hard_share_MTL/3M3R/PoolingAll_weight2-model_best_cv1.pth

2022-04-22 02:48:12,717 -    ini file updated    
2022-04-22 02:48:12,717 - ===============================|    epoch 7   |===============================
2022-04-22 02:48:14,730 -     0 / 43878 (000%):	 Total:0.2253837	 unmod1_Acc:0.8786657	 lr:0.0001595	 Mean_Total:0.2253837
2022-04-22 02:51:51,842 -  8775 / 43878 (019%):	 Total:0.2416000	 Andrev2015_Acc:0.8741259	 lr:0.0001573	 Mean_Total:0.2954778
2022-04-22 02:55:30,424 - 17550 / 43878 (039%):	 Total:0.2661447	 unmod1_Acc:0.9354839	 lr:0.0001551	 Mean_Total:0.2963495
2022-04-22 02:59:11,123 - 26325 / 43878 (059%):	 Total:0.2354575	 Andrev2015_Acc:0.5664336	 lr:0.0001531	 Mean_Total:0.2952258
2022-04-22 03:02:48,612 - 35100 / 43878 (079%):	 Total:0.1951645	 unmod1_Acc:0.8929619	 lr:0.0001511	 Mean_Total:0.2944411
2022-04-22 03:06:30,540 - 43875 / 43878 (099%):	 Total:0.1428687	 Andrev2015_Acc:0.9370629	 lr:0.0001492	 Mean_Total:0.2933196
2022-04-22 03:06:31,328 - ===============================| start validation |===============================
2022-04-22 03:06:46,356 - 	 Total:0.4193730	 unmod1_loss:0.3364766	 unmod1_Acc:0.8795105	 human_loss:0.4916490	 human_Acc:0.8668234	 vleng_loss:0.3380635	 vleng_Acc:0.8634361	 Andrev2015_loss:0.6910913	 Andrev2015_Acc:0.5626233	 muscle_loss:1.6613222	 muscle_Acc:0.4678322	 pc3_loss:0.6275991	 pc3_Acc:0.5539498
2022-04-22 03:06:46,360 -    ini file updated    
2022-04-22 03:06:46,409 - Snapshot saved to /data/users/wergillius/UTR_VAE/pth/RL_hard_share_MTL/3M3R/PoolingAll_weight2-model_best_cv1.pth

2022-04-22 03:06:46,410 -    ini file updated    
2022-04-22 03:06:46,410 - ===============================|    epoch 8   |===============================
2022-04-22 03:06:48,475 -     0 / 43878 (000%):	 Total:0.1896621	 unmod1_Acc:0.7456012	 lr:0.0001492	 Mean_Total:0.1896621
2022-04-22 03:10:26,642 -  8775 / 43878 (019%):	 Total:0.1332722	 Andrev2015_Acc:0.9020979	 lr:0.0001474	 Mean_Total:0.2894274
2022-04-22 03:14:08,352 - 17550 / 43878 (039%):	 Total:0.2170382	 unmod1_Acc:0.9061584	 lr:0.0001456	 Mean_Total:0.2900731
2022-04-22 03:17:48,251 - 26325 / 43878 (059%):	 Total:0.3085072	 Andrev2015_Acc:0.6223776	 lr:0.0001439	 Mean_Total:0.2870612
2022-04-22 03:21:28,152 - 35100 / 43878 (079%):	 Total:0.1913038	 unmod1_Acc:0.8361437	 lr:0.0001422	 Mean_Total:0.2862262
2022-04-22 03:25:10,602 - 43875 / 43878 (099%):	 Total:0.1582424	 Andrev2015_Acc:0.7902098	 lr:0.0001407	 Mean_Total:0.2851964
2022-04-22 03:25:11,379 - ===============================| start validation |===============================
2022-04-22 03:25:26,488 - 	 Total:0.4090413	 unmod1_loss:0.3257010	 unmod1_Acc:0.8807283	 human_loss:0.4454333	 human_Acc:0.8686546	 vleng_loss:0.3528601	 vleng_Acc:0.8625655	 Andrev2015_loss:0.6894412	 Andrev2015_Acc:0.5628393	 muscle_loss:1.7977485	 muscle_Acc:0.4405594	 pc3_loss:0.6181654	 pc3_Acc:0.5576729
2022-04-22 03:25:26,494 -    ini file updated    
2022-04-22 03:25:26,545 - Snapshot saved to /data/users/wergillius/UTR_VAE/pth/RL_hard_share_MTL/3M3R/PoolingAll_weight2-model_best_cv1.pth

2022-04-22 03:25:26,546 -    ini file updated    
2022-04-22 03:25:26,546 - ===============================|    epoch 9   |===============================
2022-04-22 03:25:28,622 -     0 / 43878 (000%):	 Total:0.1944832	 unmod1_Acc:0.9523460	 lr:0.0001407	 Mean_Total:0.1944832
2022-04-22 03:29:08,937 -  8775 / 43878 (019%):	 Total:0.2915750	 Andrev2015_Acc:0.5664336	 lr:0.0001391	 Mean_Total:0.2783094
2022-04-22 03:32:50,046 - 17550 / 43878 (039%):	 Total:0.2135834	 unmod1_Acc:0.9307185	 lr:0.0001376	 Mean_Total:0.2795741
2022-04-22 03:36:32,645 - 26325 / 43878 (059%):	 Total:0.3680342	 Andrev2015_Acc:0.8111888	 lr:0.0001362	 Mean_Total:0.2786453
2022-04-22 03:40:10,488 - 35100 / 43878 (079%):	 Total:0.1690332	 unmod1_Acc:0.9424487	 lr:0.0001348	 Mean_Total:0.2778798
2022-04-22 03:43:52,668 - 43875 / 43878 (099%):	 Total:0.2046270	 Andrev2015_Acc:0.6433566	 lr:0.0001334	 Mean_Total:0.2773147
2022-04-22 03:43:53,425 - ===============================| start validation |===============================
2022-04-22 03:44:08,455 - 	 Total:0.4128026	 unmod1_loss:0.3333689	 unmod1_Acc:0.8803499	 human_loss:0.4714967	 human_Acc:0.8699485	 vleng_loss:0.3379745	 vleng_Acc:0.8643399	 Andrev2015_loss:0.6883570	 Andrev2015_Acc:0.5745432	 muscle_loss:1.5895759	 muscle_Acc:0.5034965	 pc3_loss:0.6124053	 pc3_Acc:0.5456358
2022-04-22 03:44:08,459 -    ini file updated    
2022-04-22 03:44:08,460 - ===============================|    epoch 10   |===============================
2022-04-22 03:44:10,556 -     0 / 43878 (000%):	 Total:0.4304131	 unmod1_Acc:0.7921554	 lr:0.0001334	 Mean_Total:0.4304131
2022-04-22 03:47:47,317 -  8775 / 43878 (019%):	 Total:0.1623319	 Andrev2015_Acc:0.9370629	 lr:0.0001321	 Mean_Total:0.2736537
2022-04-22 03:51:25,889 - 17550 / 43878 (039%):	 Total:0.4295647	 unmod1_Acc:0.9057918	 lr:0.0001308	 Mean_Total:0.2730851
2022-04-22 03:55:06,878 - 26325 / 43878 (059%):	 Total:0.3681566	 Andrev2015_Acc:0.7132867	 lr:0.0001296	 Mean_Total:0.2724966
2022-04-22 03:58:46,145 - 35100 / 43878 (079%):	 Total:0.7811039	 unmod1_Acc:0.8016862	 lr:0.0001284	 Mean_Total:0.2723983
2022-04-22 04:02:27,986 - 43875 / 43878 (099%):	 Total:0.0786724	 Andrev2015_Acc:0.9160839	 lr:0.0001272	 Mean_Total:0.2713096
2022-04-22 04:02:28,761 - ===============================| start validation |===============================
2022-04-22 04:02:43,975 - 	 Total:0.4112386	 unmod1_loss:0.3291320	 unmod1_Acc:0.8814318	 human_loss:0.4731169	 human_Acc:0.8733220	 vleng_loss:0.3406357	 vleng_Acc:0.8659213	 Andrev2015_loss:0.6839818	 Andrev2015_Acc:0.5940635	 muscle_loss:1.6732370	 muscle_Acc:0.4146853	 pc3_loss:0.6092315	 pc3_Acc:0.5696193
2022-04-22 04:02:43,980 -    ini file updated    
2022-04-22 04:02:43,980 - ===============================|    epoch 11   |===============================
2022-04-22 04:02:46,039 -     0 / 43878 (000%):	 Total:0.1649854	 unmod1_Acc:0.9021261	 lr:0.0001272	 Mean_Total:0.1649854
2022-04-22 04:06:24,186 -  8775 / 43878 (019%):	 Total:0.2553933	 Andrev2015_Acc:0.7832168	 lr:0.0001261	 Mean_Total:0.2674285
2022-04-22 04:10:04,368 - 17550 / 43878 (039%):	 Total:0.4341101	 unmod1_Acc:0.8698680	 lr:0.0001250	 Mean_Total:0.2671091
2022-04-22 04:13:47,174 - 26325 / 43878 (059%):	 Total:0.2032528	 Andrev2015_Acc:0.7832168	 lr:0.0001239	 Mean_Total:0.2667354
2022-04-22 04:17:24,594 - 35100 / 43878 (079%):	 Total:0.6222333	 unmod1_Acc:0.7760264	 lr:0.0001228	 Mean_Total:0.2661125
2022-04-22 04:21:05,235 - 43875 / 43878 (099%):	 Total:0.2194451	 Andrev2015_Acc:0.9020979	 lr:0.0001218	 Mean_Total:0.2653073
2022-04-22 04:21:05,996 - ===============================| start validation |===============================
2022-04-22 04:21:21,568 - 	 Total:0.4098765	 unmod1_loss:0.3393350	 unmod1_Acc:0.8831731	 human_loss:0.4502915	 human_Acc:0.8711925	 vleng_loss:0.3340714	 vleng_Acc:0.8688422	 Andrev2015_loss:0.6761224	 Andrev2015_Acc:0.5869049	 muscle_loss:1.6286329	 muscle_Acc:0.4174825	 pc3_loss:0.5908888	 pc3_Acc:0.5482323
2022-04-22 04:21:21,572 -    ini file updated    
2022-04-22 04:21:21,572 - ===============================|    epoch 12   |===============================
2022-04-22 04:21:23,678 -     0 / 43878 (000%):	 Total:0.2839710	 unmod1_Acc:0.9274194	 lr:0.0001218	 Mean_Total:0.2839710
2022-04-22 04:25:02,432 -  8775 / 43878 (019%):	 Total:0.1062924	 Andrev2015_Acc:0.8391608	 lr:0.0001208	 Mean_Total:0.2608701
2022-04-22 04:28:43,491 - 17550 / 43878 (039%):	 Total:0.1816827	 unmod1_Acc:0.8508065	 lr:0.0001198	 Mean_Total:0.2618409
2022-04-22 04:32:24,518 - 26325 / 43878 (059%):	 Total:0.3190527	 Andrev2015_Acc:0.8741259	 lr:0.0001189	 Mean_Total:0.2626206
2022-04-22 04:36:03,802 - 35100 / 43878 (079%):	 Total:0.2510088	 unmod1_Acc:0.9109238	 lr:0.0001179	 Mean_Total:0.2622090
2022-04-22 04:39:45,515 - 43875 / 43878 (099%):	 Total:0.3732837	 Andrev2015_Acc:0.8601399	 lr:0.0001170	 Mean_Total:0.2617266
2022-04-22 04:39:46,348 - ===============================| start validation |===============================
2022-04-22 04:40:01,974 - 	 Total:0.4114326	 unmod1_loss:0.3368856	 unmod1_Acc:0.8841647	 human_loss:0.4583609	 human_Acc:0.8713160	 vleng_loss:0.3414187	 vleng_Acc:0.8654933	 Andrev2015_loss:0.6712437	 Andrev2015_Acc:0.5771227	 muscle_loss:1.6154551	 muscle_Acc:0.4678800	 pc3_loss:0.6044977	 pc3_Acc:0.5771085
2022-04-22 04:40:01,978 -    ini file updated    
2022-04-22 04:40:01,978 - ===============================|    epoch 13   |===============================
2022-04-22 04:40:03,990 -     0 / 43878 (000%):	 Total:0.2677044	 unmod1_Acc:0.9105572	 lr:0.0001170	 Mean_Total:0.2677044
2022-04-22 04:43:41,186 -  8775 / 43878 (019%):	 Total:0.3115137	 Andrev2015_Acc:0.8111888	 lr:0.0001161	 Mean_Total:0.2579709
2022-04-22 04:47:20,958 - 17550 / 43878 (039%):	 Total:0.1699938	 unmod1_Acc:0.9501466	 lr:0.0001153	 Mean_Total:0.2589508
2022-04-22 04:51:00,867 - 26325 / 43878 (059%):	 Total:0.3363889	 Andrev2015_Acc:0.6783217	 lr:0.0001144	 Mean_Total:0.2592349
2022-04-22 04:54:39,451 - 35100 / 43878 (079%):	 Total:0.2945523	 unmod1_Acc:0.8570381	 lr:0.0001136	 Mean_Total:0.2583123
2022-04-22 04:58:20,714 - 43875 / 43878 (099%):	 Total:0.0536251	 Andrev2015_Acc:0.9790210	 lr:0.0001128	 Mean_Total:0.2579245
2022-04-22 04:58:21,538 - ===============================| start validation |===============================
2022-04-22 04:58:36,689 - 	 Total:0.4107734	 unmod1_loss:0.3359596	 unmod1_Acc:0.8842591	 human_loss:0.4702512	 human_Acc:0.8720170	 vleng_loss:0.3348398	 vleng_Acc:0.8651670	 Andrev2015_loss:0.6729225	 Andrev2015_Acc:0.5763317	 muscle_loss:1.6152913	 muscle_Acc:0.4059839	 pc3_loss:0.5889061	 pc3_Acc:0.5952369
2022-04-22 04:58:36,695 -    ini file updated    
2022-04-22 04:58:36,695 - ===============================|    epoch 14   |===============================
2022-04-22 04:58:38,854 -     0 / 43878 (000%):	 Total:0.2337605	 unmod1_Acc:0.9475806	 lr:0.0001128	 Mean_Total:0.2337605
2022-04-22 05:02:19,309 -  8775 / 43878 (019%):	 Total:0.2635051	 Andrev2015_Acc:0.6783217	 lr:0.0001120	 Mean_Total:0.2545325
2022-04-22 05:06:43,256 - 17550 / 43878 (039%):	 Total:0.3865160	 unmod1_Acc:0.9369501	 lr:0.0001112	 Mean_Total:0.2552504
2022-04-22 05:13:55,756 - 26325 / 43878 (059%):	 Total:0.0700074	 Andrev2015_Acc:0.9650350	 lr:0.0001104	 Mean_Total:0.2545024
2022-04-22 05:20:20,720 - 35100 / 43878 (079%):	 Total:0.1978654	 unmod1_Acc:0.9230205	 lr:0.0001097	 Mean_Total:0.2544760
2022-04-22 05:26:59,231 - 43875 / 43878 (099%):	 Total:0.1286540	 Andrev2015_Acc:0.8391608	 lr:0.0001089	 Mean_Total:0.2542374
2022-04-22 05:27:00,744 - ===============================| start validation |===============================
2022-04-22 05:27:41,799 - 	 Total:0.4046705	 unmod1_loss:0.3212377	 unmod1_Acc:0.8832721	 human_loss:0.4529980	 human_Acc:0.8727773	 vleng_loss:0.3472514	 vleng_Acc:0.8664746	 Andrev2015_loss:0.6811065	 Andrev2015_Acc:0.5557467	 muscle_loss:1.6971271	 muscle_Acc:0.4157410	 pc3_loss:0.6056150	 pc3_Acc:0.5919775
2022-04-22 05:27:41,804 -    ini file updated    
2022-04-22 05:27:41,932 - Snapshot saved to /data/users/wergillius/UTR_VAE/pth/RL_hard_share_MTL/3M3R/PoolingAll_weight2-model_best_cv1.pth

2022-04-22 05:27:41,933 -    ini file updated    
2022-04-22 05:27:41,933 - ===============================|    epoch 15   |===============================
2022-04-22 05:27:46,494 -     0 / 43878 (000%):	 Total:0.8856857	 unmod1_Acc:0.7881232	 lr:0.0001089	 Mean_Total:0.8856857
2022-04-22 05:34:39,508 -  8775 / 43878 (019%):	 Total:0.3046735	 Andrev2015_Acc:0.8321678	 lr:0.0001082	 Mean_Total:0.2507439
2022-04-22 05:38:12,467 - 17550 / 43878 (039%):	 Total:0.3511108	 unmod1_Acc:0.9024927	 lr:0.0001075	 Mean_Total:0.2516915
2022-04-22 05:42:53,478 - 26325 / 43878 (059%):	 Total:0.3805141	 Andrev2015_Acc:0.6363636	 lr:0.0001068	 Mean_Total:0.2516104
2022-04-22 05:47:32,292 - 35100 / 43878 (079%):	 Total:0.1760008	 unmod1_Acc:0.6741202	 lr:0.0001062	 Mean_Total:0.2517163
2022-04-22 05:52:09,817 - 43875 / 43878 (099%):	 Total:0.3489960	 Andrev2015_Acc:0.9370629	 lr:0.0001055	 Mean_Total:0.2515637
2022-04-22 05:52:10,604 - ===============================| start validation |===============================
2022-04-22 05:52:26,464 - 	 Total:0.4224534	 unmod1_loss:0.3502304	 unmod1_Acc:0.8834514	 human_loss:0.5010089	 human_Acc:0.8742814	 vleng_loss:0.3347417	 vleng_Acc:0.8653266	 Andrev2015_loss:0.6754255	 Andrev2015_Acc:0.5777023	 muscle_loss:1.5937302	 muscle_Acc:0.4265734	 pc3_loss:0.5795572	 pc3_Acc:0.5885987
2022-04-22 05:52:26,483 -    ini file updated    
2022-04-22 05:52:26,483 - ===============================|    epoch 16   |===============================
2022-04-22 05:52:28,563 -     0 / 43878 (000%):	 Total:0.4032326	 unmod1_Acc:0.8885630	 lr:0.0001055	 Mean_Total:0.4032326
2022-04-22 05:56:41,130 -  8775 / 43878 (019%):	 Total:0.1245157	 Andrev2015_Acc:0.9020979	 lr:0.0001048	 Mean_Total:0.2516332
2022-04-22 06:00:58,173 - 17550 / 43878 (039%):	 Total:0.3010879	 unmod1_Acc:0.9171554	 lr:0.0001042	 Mean_Total:0.2491964
2022-04-22 06:05:06,213 - 26325 / 43878 (059%):	 Total:0.1653604	 Andrev2015_Acc:0.8601399	 lr:0.0001036	 Mean_Total:0.2490319
2022-04-22 06:09:19,860 - 35100 / 43878 (079%):	 Total:0.2820020	 unmod1_Acc:0.8427419	 lr:0.0001029	 Mean_Total:0.2487950
2022-04-22 06:13:07,755 - 43875 / 43878 (099%):	 Total:0.4295623	 Andrev2015_Acc:0.8181818	 lr:0.0001023	 Mean_Total:0.2483334
2022-04-22 06:13:08,556 - ===============================| start validation |===============================
2022-04-22 06:13:23,902 - 	 Total:0.4085570	 unmod1_loss:0.3355698	 unmod1_Acc:0.8839647	 human_loss:0.4676594	 human_Acc:0.8771704	 vleng_loss:0.3290797	 vleng_Acc:0.8699611	 Andrev2015_loss:0.6597944	 Andrev2015_Acc:0.5847244	 muscle_loss:1.7409404	 muscle_Acc:0.4326333	 pc3_loss:0.5811020	 pc3_Acc:0.5681098
2022-04-22 06:13:23,908 -    ini file updated    
2022-04-22 06:13:23,909 - ===============================|    epoch 17   |===============================
2022-04-22 06:13:26,323 -     0 / 43878 (000%):	 Total:0.2824465	 unmod1_Acc:0.9340176	 lr:0.0001023	 Mean_Total:0.2824465
2022-04-22 06:17:03,128 -  8775 / 43878 (019%):	 Total:0.1056187	 Andrev2015_Acc:0.9160839	 lr:0.0001017	 Mean_Total:0.2485670
2022-04-22 06:20:44,441 - 17550 / 43878 (039%):	 Total:0.2201957	 unmod1_Acc:0.8709677	 lr:0.0001012	 Mean_Total:0.2469134
2022-04-22 06:24:31,186 - 26325 / 43878 (059%):	 Total:0.3020067	 Andrev2015_Acc:0.8671329	 lr:0.0001006	 Mean_Total:0.2465984
2022-04-22 06:30:14,145 - 35100 / 43878 (079%):	 Total:0.2155499	 unmod1_Acc:0.9417155	 lr:0.0001000	 Mean_Total:0.2466402
2022-04-22 06:34:55,790 - 43875 / 43878 (099%):	 Total:0.0816006	 Andrev2015_Acc:0.9580420	 lr:0.0000995	 Mean_Total:0.2460628
2022-04-22 06:34:56,577 - ===============================| start validation |===============================
2022-04-22 06:35:13,469 - 	 Total:0.4130009	 unmod1_loss:0.3393056	 unmod1_Acc:0.8840315	 human_loss:0.4812276	 human_Acc:0.8727871	 vleng_loss:0.3297445	 vleng_Acc:0.8710629	 Andrev2015_loss:0.6588904	 Andrev2015_Acc:0.5835630	 muscle_loss:1.5915795	 muscle_Acc:0.5076923	 pc3_loss:0.6011922	 pc3_Acc:0.5735720
2022-04-22 06:35:13,475 -    ini file updated    
2022-04-22 06:35:13,475 - ===============================|    epoch 18   |===============================
2022-04-22 06:35:15,739 -     0 / 43878 (000%):	 Total:0.3051898	 unmod1_Acc:0.8691349	 lr:0.0000995	 Mean_Total:0.3051898
2022-04-22 06:39:17,814 -  8775 / 43878 (019%):	 Total:0.0915418	 Andrev2015_Acc:0.8111888	 lr:0.0000989	 Mean_Total:0.2453075
2022-04-22 06:42:59,203 - 17550 / 43878 (039%):	 Total:0.2529760	 unmod1_Acc:0.9505132	 lr:0.0000984	 Mean_Total:0.2443070
2022-04-22 06:46:32,485 - 26325 / 43878 (059%):	 Total:0.3807487	 Andrev2015_Acc:0.9510490	 lr:0.0000978	 Mean_Total:0.2442549
2022-04-22 06:50:02,801 - 35100 / 43878 (079%):	 Total:0.6419104	 unmod1_Acc:0.8654692	 lr:0.0000973	 Mean_Total:0.2435865
2022-04-22 06:53:34,567 - 43875 / 43878 (099%):	 Total:0.0629908	 Andrev2015_Acc:0.8251748	 lr:0.0000968	 Mean_Total:0.2433789
2022-04-22 06:53:35,258 - ===============================| start validation |===============================
2022-04-22 06:53:50,078 - 	 Total:0.4261180	 unmod1_loss:0.3634966	 unmod1_Acc:0.8819841	 human_loss:0.4893358	 human_Acc:0.8736480	 vleng_loss:0.3286941	 vleng_Acc:0.8672873	 Andrev2015_loss:0.6635290	 Andrev2015_Acc:0.5707873	 muscle_loss:1.6247020	 muscle_Acc:0.4118881	 pc3_loss:0.5808956	 pc3_Acc:0.5770477
2022-04-22 06:53:50,084 -    ini file updated    
2022-04-22 06:53:50,084 - ===============================|    epoch 19   |===============================
2022-04-22 06:53:52,381 -     0 / 43878 (000%):	 Total:0.1229897	 unmod1_Acc:0.9450147	 lr:0.0000968	 Mean_Total:0.1229897
2022-04-22 06:57:22,927 -  8775 / 43878 (019%):	 Total:0.3177740	 Andrev2015_Acc:0.7552448	 lr:0.0000963	 Mean_Total:0.2421615
2022-04-22 07:02:43,362 - 17550 / 43878 (039%):	 Total:0.1135564	 unmod1_Acc:0.9270528	 lr:0.0000958	 Mean_Total:0.2412241
2022-04-22 07:09:49,641 - 26325 / 43878 (059%):	 Total:0.1352736	 Andrev2015_Acc:0.8601399	 lr:0.0000953	 Mean_Total:0.2419880
2022-04-22 07:16:59,975 - 35100 / 43878 (079%):	 Total:0.2497007	 unmod1_Acc:0.8156158	 lr:0.0000948	 Mean_Total:0.2418289
2022-04-22 07:25:00,840 - 43875 / 43878 (099%):	 Total:0.3584103	 Andrev2015_Acc:0.6293706	 lr:0.0000944	 Mean_Total:0.2413992
2022-04-22 07:25:01,623 - ===============================| start validation |===============================
2022-04-22 07:25:16,869 - 	 Total:0.3956495	 unmod1_loss:0.3237401	 unmod1_Acc:0.8845319	 human_loss:0.4064844	 human_Acc:0.8743609	 vleng_loss:0.3344016	 vleng_Acc:0.8644911	 Andrev2015_loss:0.6567627	 Andrev2015_Acc:0.5923936	 muscle_loss:1.8753856	 muscle_Acc:0.4983786	 pc3_loss:0.5984201	 pc3_Acc:0.5901127
2022-04-22 07:25:16,872 -    ini file updated    
2022-04-22 07:25:16,922 - Snapshot saved to /data/users/wergillius/UTR_VAE/pth/RL_hard_share_MTL/3M3R/PoolingAll_weight2-model_best_cv1.pth

2022-04-22 07:25:16,922 -    ini file updated    
2022-04-22 07:25:16,922 - ===============================|    epoch 20   |===============================
2022-04-22 07:25:19,188 -     0 / 43878 (000%):	 Total:0.1835945	 unmod1_Acc:0.9464809	 lr:0.0000944	 Mean_Total:0.1835945
2022-04-22 07:33:53,266 -  8775 / 43878 (019%):	 Total:0.1416182	 Andrev2015_Acc:0.8741259	 lr:0.0000939	 Mean_Total:0.2390319
2022-04-22 07:40:35,738 - 17550 / 43878 (039%):	 Total:0.3240604	 unmod1_Acc:0.8662023	 lr:0.0000934	 Mean_Total:0.2393018
2022-04-22 07:48:00,215 - 26325 / 43878 (059%):	 Total:0.2694566	 Andrev2015_Acc:0.7622378	 lr:0.0000930	 Mean_Total:0.2392924
2022-04-22 07:52:26,973 - 35100 / 43878 (079%):	 Total:0.1793727	 unmod1_Acc:0.8361437	 lr:0.0000925	 Mean_Total:0.2389681
2022-04-22 08:00:10,984 - 43875 / 43878 (099%):	 Total:0.2516493	 Andrev2015_Acc:0.8811189	 lr:0.0000921	 Mean_Total:0.2389028
2022-04-22 08:00:12,881 - ===============================| start validation |===============================
2022-04-22 08:00:54,345 - 	 Total:0.4123321	 unmod1_loss:0.3331280	 unmod1_Acc:0.8849536	 human_loss:0.4925450	 human_Acc:0.8747055	 vleng_loss:0.3348414	 vleng_Acc:0.8689709	 Andrev2015_loss:0.6668888	 Andrev2015_Acc:0.6075382	 muscle_loss:1.6747481	 muscle_Acc:0.3958839	 pc3_loss:0.5846607	 pc3_Acc:0.5551968
2022-04-22 08:00:54,349 -    ini file updated    
2022-04-22 08:00:54,349 - ===============================|    epoch 21   |===============================
2022-04-22 08:00:56,460 -     0 / 43878 (000%):	 Total:0.1864044	 unmod1_Acc:0.9134897	 lr:0.0000921	 Mean_Total:0.1864044
2022-04-22 08:09:22,798 -  8775 / 43878 (019%):	 Total:0.1794675	 Andrev2015_Acc:0.9860140	 lr:0.0000916	 Mean_Total:0.2351295
2022-04-22 08:17:49,395 - 17550 / 43878 (039%):	 Total:0.1485886	 unmod1_Acc:0.9549120	 lr:0.0000912	 Mean_Total:0.2364535
2022-04-22 08:25:49,549 - 26325 / 43878 (059%):	 Total:0.0958207	 Andrev2015_Acc:0.8671329	 lr:0.0000908	 Mean_Total:0.2370296
2022-04-22 08:33:44,622 - 35100 / 43878 (079%):	 Total:0.6691730	 unmod1_Acc:0.8449413	 lr:0.0000904	 Mean_Total:0.2371142
2022-04-22 08:38:12,403 - 43875 / 43878 (099%):	 Total:0.1596376	 Andrev2015_Acc:0.8881119	 lr:0.0000900	 Mean_Total:0.2373504
2022-04-22 08:38:13,140 - ===============================| start validation |===============================
2022-04-22 08:38:28,999 - 	 Total:0.4051776	 unmod1_loss:0.3339720	 unmod1_Acc:0.8842855	 human_loss:0.4473282	 human_Acc:0.8751086	 vleng_loss:0.3312824	 vleng_Acc:0.8656004	 Andrev2015_loss:0.6629606	 Andrev2015_Acc:0.5863798	 muscle_loss:1.6209925	 muscle_Acc:0.4755245	 pc3_loss:0.5932018	 pc3_Acc:0.5722546
2022-04-22 08:38:29,003 -    ini file updated    
2022-04-22 08:38:29,003 - ===============================|    epoch 22   |===============================
2022-04-22 08:38:31,316 -     0 / 43878 (000%):	 Total:0.1426602	 unmod1_Acc:0.8962610	 lr:0.0000900	 Mean_Total:0.1426602
2022-04-22 08:42:10,245 -  8775 / 43878 (019%):	 Total:0.1290181	 Andrev2015_Acc:0.7902098	 lr:0.0000896	 Mean_Total:0.2347522
2022-04-22 08:45:52,152 - 17550 / 43878 (039%):	 Total:0.4261097	 unmod1_Acc:0.9193548	 lr:0.0000892	 Mean_Total:0.2347377
2022-04-22 08:49:34,764 - 26325 / 43878 (059%):	 Total:0.2243363	 Andrev2015_Acc:0.8531469	 lr:0.0000888	 Mean_Total:0.2349547
2022-04-22 08:53:15,452 - 35100 / 43878 (079%):	 Total:0.1717747	 unmod1_Acc:0.5810117	 lr:0.0000884	 Mean_Total:0.2344951
2022-04-22 08:56:57,829 - 43875 / 43878 (099%):	 Total:0.2660977	 Andrev2015_Acc:0.5804196	 lr:0.0000880	 Mean_Total:0.2350392
2022-04-22 08:56:58,554 - ===============================| start validation |===============================
2022-04-22 08:57:13,716 - 	 Total:0.4027492	 unmod1_loss:0.3238757	 unmod1_Acc:0.8870010	 human_loss:0.4689225	 human_Acc:0.8790420	 vleng_loss:0.3289896	 vleng_Acc:0.8671883	 Andrev2015_loss:0.6641849	 Andrev2015_Acc:0.5793037	 muscle_loss:1.6440695	 muscle_Acc:0.4674745	 pc3_loss:0.5891332	 pc3_Acc:0.5964128
2022-04-22 08:57:13,720 -    ini file updated    
2022-04-22 08:57:13,720 - ===============================|    epoch 23   |===============================
2022-04-22 08:57:16,185 -     0 / 43878 (000%):	 Total:0.4590268	 unmod1_Acc:0.8207478	 lr:0.0000880	 Mean_Total:0.4590268
2022-04-22 09:00:53,422 -  8775 / 43878 (019%):	 Total:0.1038478	 Andrev2015_Acc:0.8951049	 lr:0.0000876	 Mean_Total:0.2342153
2022-04-22 09:04:32,713 - 17550 / 43878 (039%):	 Total:0.2037075	 unmod1_Acc:0.9054252	 lr:0.0000872	 Mean_Total:0.2341695
2022-04-22 09:08:10,664 - 26325 / 43878 (059%):	 Total:0.1773504	 Andrev2015_Acc:0.8951049	 lr:0.0000869	 Mean_Total:0.2341558
2022-04-22 09:11:48,876 - 35100 / 43878 (079%):	 Total:0.2752005	 unmod1_Acc:0.9270528	 lr:0.0000865	 Mean_Total:0.2341050
2022-04-22 09:15:32,396 - 43875 / 43878 (099%):	 Total:0.2029047	 Andrev2015_Acc:0.8111888	 lr:0.0000861	 Mean_Total:0.2337716
2022-04-22 09:15:33,145 - ===============================| start validation |===============================
2022-04-22 09:15:48,092 - 	 Total:0.4046922	 unmod1_loss:0.3352929	 unmod1_Acc:0.8853941	 human_loss:0.4491089	 human_Acc:0.8787956	 vleng_loss:0.3303808	 vleng_Acc:0.8653858	 Andrev2015_loss:0.6557717	 Andrev2015_Acc:0.6030425	 muscle_loss:1.5852634	 muscle_Acc:0.4417291	 pc3_loss:0.5863954	 pc3_Acc:0.5845235
2022-04-22 09:15:48,098 -    ini file updated    
2022-04-22 09:15:48,098 - ===============================|    epoch 24   |===============================
2022-04-22 09:15:50,274 -     0 / 43878 (000%):	 Total:0.2173338	 unmod1_Acc:0.9149560	 lr:0.0000861	 Mean_Total:0.2173338
2022-04-22 09:19:28,771 -  8775 / 43878 (019%):	 Total:0.3755251	 Andrev2015_Acc:0.8671329	 lr:0.0000858	 Mean_Total:0.2319741
2022-04-22 09:23:09,080 - 17550 / 43878 (039%):	 Total:0.1872604	 unmod1_Acc:0.8911290	 lr:0.0000854	 Mean_Total:0.2329970
2022-04-22 09:26:53,934 - 26325 / 43878 (059%):	 Total:0.1605089	 Andrev2015_Acc:0.8741259	 lr:0.0000851	 Mean_Total:0.2325604
2022-04-22 09:32:13,980 - 35100 / 43878 (079%):	 Total:0.5367827	 unmod1_Acc:0.8760997	 lr:0.0000847	 Mean_Total:0.2318558
2022-04-22 09:40:16,135 - 43875 / 43878 (099%):	 Total:0.2175060	 Andrev2015_Acc:0.8111888	 lr:0.0000844	 Mean_Total:0.2320723
2022-04-22 09:40:17,793 - ===============================| start validation |===============================
2022-04-22 09:40:58,192 - 	 Total:0.3966512	 unmod1_loss:0.3326286	 unmod1_Acc:0.8854002	 human_loss:0.4009274	 human_Acc:0.8789580	 vleng_loss:0.3315755	 vleng_Acc:0.8671550	 Andrev2015_loss:0.6573894	 Andrev2015_Acc:0.5859930	 muscle_loss:1.6417040	 muscle_Acc:0.3937063	 pc3_loss:0.5871280	 pc3_Acc:0.5669463
2022-04-22 09:40:58,208 -    ini file updated    
2022-04-22 09:40:58,208 - ===============================|    epoch 25   |===============================
2022-04-22 09:41:03,131 -     0 / 43878 (000%):	 Total:0.1635448	 unmod1_Acc:0.9365836	 lr:0.0000844	 Mean_Total:0.1635448
2022-04-22 09:49:14,485 -  8775 / 43878 (019%):	 Total:0.2811609	 Andrev2015_Acc:0.3776224	 lr:0.0000841	 Mean_Total:0.2288308
2022-04-22 09:57:26,707 - 17550 / 43878 (039%):	 Total:0.2410928	 unmod1_Acc:0.8456745	 lr:0.0000837	 Mean_Total:0.2307164
2022-04-22 10:05:53,862 - 26325 / 43878 (059%):	 Total:0.2901486	 Andrev2015_Acc:0.7482517	 lr:0.0000834	 Mean_Total:0.2308236
2022-04-22 10:12:44,631 - 35100 / 43878 (079%):	 Total:0.2043905	 unmod1_Acc:0.9189883	 lr:0.0000831	 Mean_Total:0.2305924
2022-04-22 10:16:17,508 - 43875 / 43878 (099%):	 Total:0.2951590	 Andrev2015_Acc:0.8251748	 lr:0.0000828	 Mean_Total:0.2302812
2022-04-22 10:16:18,212 - ===============================| start validation |===============================
2022-04-22 10:16:32,872 - 	 Total:0.3963377	 unmod1_loss:0.3180900	 unmod1_Acc:0.8854081	 human_loss:0.4508781	 human_Acc:0.8771185	 vleng_loss:0.3275235	 vleng_Acc:0.8669525	 Andrev2015_loss:0.6515596	 Andrev2015_Acc:0.6005141	 muscle_loss:1.7942279	 muscle_Acc:0.4465789	 pc3_loss:0.5835662	 pc3_Acc:0.5804390
2022-04-22 10:16:32,876 -    ini file updated    
2022-04-22 10:16:32,876 - ===============================|    epoch 26   |===============================
2022-04-22 10:16:35,040 -     0 / 43878 (000%):	 Total:0.2495642	 unmod1_Acc:0.9101906	 lr:0.0000828	 Mean_Total:0.2495642
2022-04-22 10:20:05,472 -  8775 / 43878 (019%):	 Total:0.2364125	 Andrev2015_Acc:0.7342657	 lr:0.0000824	 Mean_Total:0.2303523
2022-04-22 10:23:36,685 - 17550 / 43878 (039%):	 Total:0.4369012	 unmod1_Acc:0.8823314	 lr:0.0000821	 Mean_Total:0.2307647
2022-04-22 10:27:08,695 - 26325 / 43878 (059%):	 Total:0.1593538	 Andrev2015_Acc:0.8461538	 lr:0.0000818	 Mean_Total:0.2305770
2022-04-22 10:33:01,574 - 35100 / 43878 (079%):	 Total:0.3031172	 unmod1_Acc:0.8790323	 lr:0.0000815	 Mean_Total:0.2299657
2022-04-22 10:41:28,655 - 43875 / 43878 (099%):	 Total:0.0865261	 Andrev2015_Acc:0.9580420	 lr:0.0000812	 Mean_Total:0.2294990
2022-04-22 10:41:30,598 - ===============================| start validation |===============================
2022-04-22 10:42:11,207 - 	 Total:0.3984060	 unmod1_loss:0.3294122	 unmod1_Acc:0.8855196	 human_loss:0.4296446	 human_Acc:0.8778188	 vleng_loss:0.3309459	 vleng_Acc:0.8694305	 Andrev2015_loss:0.6505763	 Andrev2015_Acc:0.5937213	 muscle_loss:1.5769947	 muscle_Acc:0.4227401	 pc3_loss:0.5895194	 pc3_Acc:0.6004067
2022-04-22 10:42:11,214 -    ini file updated    
2022-04-22 10:42:11,214 - ===============================|    epoch 27   |===============================
2022-04-22 10:42:13,432 -     0 / 43878 (000%):	 Total:0.1347133	 unmod1_Acc:0.9384164	 lr:0.0000812	 Mean_Total:0.1347133
2022-04-22 10:50:20,268 -  8775 / 43878 (019%):	 Total:0.6211640	 Andrev2015_Acc:0.7762238	 lr:0.0000809	 Mean_Total:0.2285742
2022-04-22 10:58:47,282 - 17550 / 43878 (039%):	 Total:0.2686075	 unmod1_Acc:0.9123900	 lr:0.0000806	 Mean_Total:0.2295904
2022-04-22 11:07:19,179 - 26325 / 43878 (059%):	 Total:0.2695009	 Andrev2015_Acc:0.4615385	 lr:0.0000803	 Mean_Total:0.2289268
2022-04-22 11:15:43,809 - 35100 / 43878 (079%):	 Total:0.1603471	 unmod1_Acc:0.9303519	 lr:0.0000800	 Mean_Total:0.2283009
2022-04-22 11:20:16,249 - 43875 / 43878 (099%):	 Total:0.2434274	 Andrev2015_Acc:0.8951049	 lr:0.0000797	 Mean_Total:0.2279639
2022-04-22 11:20:17,041 - ===============================| start validation |===============================
2022-04-22 11:20:33,267 - 	 Total:0.4100061	 unmod1_loss:0.3443879	 unmod1_Acc:0.8838443	 human_loss:0.4408616	 human_Acc:0.8748390	 vleng_loss:0.3379007	 vleng_Acc:0.8646339	 Andrev2015_loss:0.6557432	 Andrev2015_Acc:0.5903414	 muscle_loss:1.6429510	 muscle_Acc:0.4737989	 pc3_loss:0.5886722	 pc3_Acc:0.6008612
2022-04-22 11:20:33,274 -    ini file updated    
2022-04-22 11:20:33,274 - ===============================|    epoch 28   |===============================
2022-04-22 11:20:35,642 -     0 / 43878 (000%):	 Total:0.1887649	 unmod1_Acc:0.9270528	 lr:0.0000797	 Mean_Total:0.1887649
2022-04-22 11:26:46,119 -  8775 / 43878 (019%):	 Total:0.1911790	 Andrev2015_Acc:0.8601399	 lr:0.0000795	 Mean_Total:0.2268298
2022-04-22 11:34:40,206 - 17550 / 43878 (039%):	 Total:0.1511705	 unmod1_Acc:0.9351173	 lr:0.0000792	 Mean_Total:0.2262102
2022-04-22 11:40:40,469 - 26325 / 43878 (059%):	 Total:0.1001400	 Andrev2015_Acc:0.9860140	 lr:0.0000789	 Mean_Total:0.2261309
2022-04-22 11:48:45,232 - 35100 / 43878 (079%):	 Total:0.2302164	 unmod1_Acc:0.8640029	 lr:0.0000786	 Mean_Total:0.2260713
2022-04-22 11:54:26,375 - 43875 / 43878 (099%):	 Total:0.1485264	 Andrev2015_Acc:0.8671329	 lr:0.0000784	 Mean_Total:0.2265109
2022-04-22 11:54:28,528 - ===============================| start validation |===============================
2022-04-22 11:55:13,226 - 	 Total:0.4066088	 unmod1_loss:0.3449919	 unmod1_Acc:0.8850213	 human_loss:0.4169421	 human_Acc:0.8772856	 vleng_loss:0.3397801	 vleng_Acc:0.8686103	 Andrev2015_loss:0.6475293	 Andrev2015_Acc:0.6020285	 muscle_loss:1.6513910	 muscle_Acc:0.5104895	 pc3_loss:0.5924572	 pc3_Acc:0.5841909
2022-04-22 11:55:13,242 -    ini file updated    
2022-04-22 11:55:13,242 - ===============================|    epoch 29   |===============================
2022-04-22 11:55:18,638 -     0 / 43878 (000%):	 Total:0.3845033	 unmod1_Acc:0.8665689	 lr:0.0000784	 Mean_Total:0.3845033
2022-04-22 12:01:19,405 -  8775 / 43878 (019%):	 Total:0.1228594	 Andrev2015_Acc:0.9370629	 lr:0.0000781	 Mean_Total:0.2264897
2022-04-22 12:08:31,453 - 17550 / 43878 (039%):	 Total:0.1096805	 unmod1_Acc:0.9431818	 lr:0.0000778	 Mean_Total:0.2253270
2022-04-22 12:17:02,812 - 26325 / 43878 (059%):	 Total:0.2681178	 Andrev2015_Acc:0.7132867	 lr:0.0000776	 Mean_Total:0.2252379
2022-04-22 12:25:59,382 - 35100 / 43878 (079%):	 Total:0.2515324	 unmod1_Acc:0.7569648	 lr:0.0000773	 Mean_Total:0.2252155
2022-04-22 12:34:24,983 - 43875 / 43878 (099%):	 Total:0.1906493	 Andrev2015_Acc:0.9580420	 lr:0.0000770	 Mean_Total:0.2255003
2022-04-22 12:34:26,809 - ===============================| start validation |===============================
2022-04-22 12:35:07,417 - 	 Total:0.3954838	 unmod1_loss:0.3201718	 unmod1_Acc:0.8861017	 human_loss:0.4280172	 human_Acc:0.8781247	 vleng_loss:0.3336625	 vleng_Acc:0.8671638	 Andrev2015_loss:0.6469440	 Andrev2015_Acc:0.5940174	 muscle_loss:1.8368189	 muscle_Acc:0.4508225	 pc3_loss:0.5929172	 pc3_Acc:0.5738151
2022-04-22 12:35:07,424 -    ini file updated    
2022-04-22 12:35:07,595 - Snapshot saved to /data/users/wergillius/UTR_VAE/pth/RL_hard_share_MTL/3M3R/PoolingAll_weight2-model_best_cv1.pth

2022-04-22 12:35:07,597 -    ini file updated    
2022-04-22 12:35:07,597 - ===============================|    epoch 30   |===============================
2022-04-22 12:35:12,271 -     0 / 43878 (000%):	 Total:0.6148998	 unmod1_Acc:0.8049853	 lr:0.0000770	 Mean_Total:0.6148998
2022-04-22 12:42:56,461 -  8775 / 43878 (019%):	 Total:0.1187675	 Andrev2015_Acc:0.8321678	 lr:0.0000768	 Mean_Total:0.2236159
2022-04-22 12:49:48,323 - 17550 / 43878 (039%):	 Total:0.6077902	 unmod1_Acc:0.8801320	 lr:0.0000765	 Mean_Total:0.2244070
2022-04-22 12:53:39,545 - 26325 / 43878 (059%):	 Total:0.1690304	 Andrev2015_Acc:0.7622378	 lr:0.0000763	 Mean_Total:0.2247339
2022-04-22 13:01:05,368 - 35100 / 43878 (079%):	 Total:0.4031900	 unmod1_Acc:0.9127566	 lr:0.0000760	 Mean_Total:0.2243598
2022-04-22 13:09:31,694 - 43875 / 43878 (099%):	 Total:0.3093976	 Andrev2015_Acc:0.9300699	 lr:0.0000758	 Mean_Total:0.2245131
2022-04-22 13:09:33,611 - ===============================| start validation |===============================
2022-04-22 13:10:03,937 - 	 Total:0.3931016	 unmod1_loss:0.3231872	 unmod1_Acc:0.8876965	 human_loss:0.4219393	 human_Acc:0.8794328	 vleng_loss:0.3222446	 vleng_Acc:0.8638471	 Andrev2015_loss:0.6598544	 Andrev2015_Acc:0.5779524	 muscle_loss:1.5687470	 muscle_Acc:0.4001875	 pc3_loss:0.5874426	 pc3_Acc:0.5801322
2022-04-22 13:10:03,941 -    ini file updated    
2022-04-22 13:10:03,997 - Snapshot saved to /data/users/wergillius/UTR_VAE/pth/RL_hard_share_MTL/3M3R/PoolingAll_weight2-model_best_cv1.pth

2022-04-22 13:10:03,998 -    ini file updated    
2022-04-22 13:10:03,998 - ===============================|    epoch 31   |===============================
2022-04-22 13:10:08,049 -     0 / 43878 (000%):	 Total:0.7534684	 unmod1_Acc:0.7903226	 lr:0.0000758	 Mean_Total:0.7534684
2022-04-22 13:18:23,574 -  8775 / 43878 (019%):	 Total:0.2891112	 Andrev2015_Acc:0.7902098	 lr:0.0000755	 Mean_Total:0.2252972
2022-04-22 13:26:45,199 - 17550 / 43878 (039%):	 Total:0.1944170	 unmod1_Acc:0.9380499	 lr:0.0000753	 Mean_Total:0.2237056
2022-04-22 13:33:20,841 - 26325 / 43878 (059%):	 Total:0.2940601	 Andrev2015_Acc:0.6713287	 lr:0.0000751	 Mean_Total:0.2243057
2022-04-22 13:38:55,909 - 35100 / 43878 (079%):	 Total:0.2363012	 unmod1_Acc:0.9057918	 lr:0.0000748	 Mean_Total:0.2236177
2022-04-22 13:47:16,774 - 43875 / 43878 (099%):	 Total:0.2714438	 Andrev2015_Acc:0.9020979	 lr:0.0000746	 Mean_Total:0.2235952
2022-04-22 13:47:17,597 - ===============================| start validation |===============================
2022-04-22 13:47:33,240 - 	 Total:0.3941483	 unmod1_loss:0.3250785	 unmod1_Acc:0.8859239	 human_loss:0.4033611	 human_Acc:0.8810962	 vleng_loss:0.3235411	 vleng_Acc:0.8690435	 Andrev2015_loss:0.6631676	 Andrev2015_Acc:0.5854312	 muscle_loss:1.8936129	 muscle_Acc:0.4971967	 pc3_loss:0.5886979	 pc3_Acc:0.5738590
2022-04-22 13:47:33,245 -    ini file updated    
2022-04-22 13:47:33,245 - ===============================|    epoch 32   |===============================
2022-04-22 13:47:35,605 -     0 / 43878 (000%):	 Total:0.2043303	 unmod1_Acc:0.8651026	 lr:0.0000746	 Mean_Total:0.2043303
2022-04-22 13:55:38,244 -  8775 / 43878 (019%):	 Total:0.1786973	 Andrev2015_Acc:0.7202797	 lr:0.0000744	 Mean_Total:0.2224809
2022-04-22 14:03:50,040 - 17550 / 43878 (039%):	 Total:0.1806963	 unmod1_Acc:0.8148827	 lr:0.0000741	 Mean_Total:0.2232210
2022-04-22 14:12:02,732 - 26325 / 43878 (059%):	 Total:0.1217768	 Andrev2015_Acc:0.8881119	 lr:0.0000739	 Mean_Total:0.2234625
2022-04-22 14:16:24,148 - 35100 / 43878 (079%):	 Total:0.2065159	 unmod1_Acc:0.8936950	 lr:0.0000737	 Mean_Total:0.2228982
2022-04-22 14:20:16,455 - 43875 / 43878 (099%):	 Total:0.0627328	 Andrev2015_Acc:0.9370629	 lr:0.0000735	 Mean_Total:0.2225161
2022-04-22 14:20:17,241 - ===============================| start validation |===============================
2022-04-22 14:20:32,920 - 	 Total:0.3907769	 unmod1_loss:0.3152634	 unmod1_Acc:0.8853480	 human_loss:0.4206571	 human_Acc:0.8815857	 vleng_loss:0.3279603	 vleng_Acc:0.8695400	 Andrev2015_loss:0.6563582	 Andrev2015_Acc:0.5902173	 muscle_loss:1.6068863	 muscle_Acc:0.4272727	 pc3_loss:0.6044298	 pc3_Acc:0.5889860
2022-04-22 14:20:32,925 -    ini file updated    
2022-04-22 14:20:32,978 - Snapshot saved to /data/users/wergillius/UTR_VAE/pth/RL_hard_share_MTL/3M3R/PoolingAll_weight2-model_best_cv1.pth

2022-04-22 14:20:32,979 -    ini file updated    
2022-04-22 14:20:32,979 - ===============================|    epoch 33   |===============================
2022-04-22 14:20:35,088 -     0 / 43878 (000%):	 Total:0.2912928	 unmod1_Acc:0.9274194	 lr:0.0000735	 Mean_Total:0.2912928
2022-04-22 14:24:19,843 -  8775 / 43878 (019%):	 Total:0.1472357	 Andrev2015_Acc:0.9440559	 lr:0.0000732	 Mean_Total:0.2222045
2022-04-22 14:27:56,470 - 17550 / 43878 (039%):	 Total:1.1898842	 unmod1_Acc:0.8368768	 lr:0.0000730	 Mean_Total:0.2208336
2022-04-22 14:31:28,707 - 26325 / 43878 (059%):	 Total:0.1942670	 Andrev2015_Acc:0.9440559	 lr:0.0000728	 Mean_Total:0.2214515
2022-04-22 14:35:11,787 - 35100 / 43878 (079%):	 Total:0.1505540	 unmod1_Acc:0.8881965	 lr:0.0000726	 Mean_Total:0.2218667
2022-04-22 14:38:54,642 - 43875 / 43878 (099%):	 Total:0.5679835	 Andrev2015_Acc:0.9440559	 lr:0.0000724	 Mean_Total:0.2215584
2022-04-22 14:38:55,353 - ===============================| start validation |===============================
2022-04-22 14:39:10,707 - 	 Total:0.4070839	 unmod1_loss:0.3418660	 unmod1_Acc:0.8842333	 human_loss:0.4373820	 human_Acc:0.8793366	 vleng_loss:0.3341008	 vleng_Acc:0.8686456	 Andrev2015_loss:0.6508405	 Andrev2015_Acc:0.5816199	 muscle_loss:1.6016170	 muscle_Acc:0.4734266	 pc3_loss:0.5920783	 pc3_Acc:0.5784577
2022-04-22 14:39:10,711 -    ini file updated    
2022-04-22 14:39:10,711 - ===============================|    epoch 34   |===============================
2022-04-22 14:39:12,699 -     0 / 43878 (000%):	 Total:0.2490818	 unmod1_Acc:0.9171554	 lr:0.0000724	 Mean_Total:0.2490818
2022-04-22 14:42:51,833 -  8775 / 43878 (019%):	 Total:0.1051302	 Andrev2015_Acc:0.7552448	 lr:0.0000722	 Mean_Total:0.2211809
2022-04-22 14:46:31,270 - 17550 / 43878 (039%):	 Total:0.2105086	 unmod1_Acc:0.9127566	 lr:0.0000719	 Mean_Total:0.2213271
2022-04-22 14:50:19,276 - 26325 / 43878 (059%):	 Total:0.1590401	 Andrev2015_Acc:0.8881119	 lr:0.0000717	 Mean_Total:0.2210920
2022-04-22 14:54:07,372 - 35100 / 43878 (079%):	 Total:0.3207824	 unmod1_Acc:0.9347507	 lr:0.0000715	 Mean_Total:0.2208453
2022-04-22 14:57:58,459 - 43875 / 43878 (099%):	 Total:0.1002877	 Andrev2015_Acc:0.8181818	 lr:0.0000713	 Mean_Total:0.2207390
2022-04-22 14:57:59,307 - ===============================| start validation |===============================
2022-04-22 14:58:15,264 - 	 Total:0.3879266	 unmod1_loss:0.3151350	 unmod1_Acc:0.8877260	 human_loss:0.4241336	 human_Acc:0.8814658	 vleng_loss:0.3207850	 vleng_Acc:0.8685403	 Andrev2015_loss:0.6397030	 Andrev2015_Acc:0.5836914	 muscle_loss:1.7761245	 muscle_Acc:0.4090419	 pc3_loss:0.5752165	 pc3_Acc:0.5948997
2022-04-22 14:58:15,268 -    ini file updated    
2022-04-22 14:58:15,332 - Snapshot saved to /data/users/wergillius/UTR_VAE/pth/RL_hard_share_MTL/3M3R/PoolingAll_weight2-model_best_cv1.pth

2022-04-22 14:58:15,333 -    ini file updated    
2022-04-22 14:58:15,333 - ===============================|    epoch 35   |===============================
2022-04-22 14:58:17,422 -     0 / 43878 (000%):	 Total:0.1609423	 unmod1_Acc:0.8533724	 lr:0.0000713	 Mean_Total:0.1609423
2022-04-22 15:02:06,862 -  8775 / 43878 (019%):	 Total:0.2927639	 Andrev2015_Acc:0.8321678	 lr:0.0000711	 Mean_Total:0.2180697
2022-04-22 15:05:59,661 - 17550 / 43878 (039%):	 Total:0.5125992	 unmod1_Acc:0.7708944	 lr:0.0000709	 Mean_Total:0.2198258
2022-04-22 15:09:50,039 - 26325 / 43878 (059%):	 Total:0.1048678	 Andrev2015_Acc:0.8741259	 lr:0.0000707	 Mean_Total:0.2203901
2022-04-22 15:13:44,472 - 35100 / 43878 (079%):	 Total:0.2214358	 unmod1_Acc:0.9167889	 lr:0.0000705	 Mean_Total:0.2194458
2022-04-22 15:17:33,945 - 43875 / 43878 (099%):	 Total:0.2834448	 Andrev2015_Acc:0.9020979	 lr:0.0000703	 Mean_Total:0.2195727
2022-04-22 15:17:34,718 - ===============================| start validation |===============================
2022-04-22 15:17:50,756 - 	 Total:0.3881355	 unmod1_loss:0.3102079	 unmod1_Acc:0.8869733	 human_loss:0.4305837	 human_Acc:0.8784093	 vleng_loss:0.3268781	 vleng_Acc:0.8678161	 Andrev2015_loss:0.6574439	 Andrev2015_Acc:0.5837939	 muscle_loss:1.6186299	 muscle_Acc:0.4454545	 pc3_loss:0.5834187	 pc3_Acc:0.5710856
2022-04-22 15:17:50,762 -    ini file updated    
2022-04-22 15:17:50,763 - ===============================|    epoch 36   |===============================
2022-04-22 15:17:52,836 -     0 / 43878 (000%):	 Total:0.3445224	 unmod1_Acc:0.9024927	 lr:0.0000703	 Mean_Total:0.3445224
2022-04-22 15:24:37,263 -  8775 / 43878 (019%):	 Total:0.0955459	 Andrev2015_Acc:0.8881119	 lr:0.0000701	 Mean_Total:0.2182221
2022-04-22 15:33:12,531 - 17550 / 43878 (039%):	 Total:0.2695802	 unmod1_Acc:0.9409824	 lr:0.0000699	 Mean_Total:0.2196194
2022-04-22 15:41:34,174 - 26325 / 43878 (059%):	 Total:0.0645583	 Andrev2015_Acc:0.9650350	 lr:0.0000697	 Mean_Total:0.2192618
2022-04-22 15:50:17,602 - 35100 / 43878 (079%):	 Total:0.3536028	 unmod1_Acc:0.9332845	 lr:0.0000696	 Mean_Total:0.2191128
2022-04-22 15:58:52,630 - 43875 / 43878 (099%):	 Total:0.1119481	 Andrev2015_Acc:0.9160839	 lr:0.0000694	 Mean_Total:0.2190111
2022-04-22 15:58:54,472 - ===============================| start validation |===============================
2022-04-22 15:59:39,185 - 	 Total:0.3884043	 unmod1_loss:0.3163579	 unmod1_Acc:0.8865573	 human_loss:0.4136868	 human_Acc:0.8794302	 vleng_loss:0.3223594	 vleng_Acc:0.8692235	 Andrev2015_loss:0.6490027	 Andrev2015_Acc:0.5994041	 muscle_loss:1.8650417	 muscle_Acc:0.4517483	 pc3_loss:0.5722912	 pc3_Acc:0.5977337
2022-04-22 15:59:39,192 -    ini file updated    
2022-04-22 15:59:39,193 - ===============================|    epoch 37   |===============================
2022-04-22 15:59:44,460 -     0 / 43878 (000%):	 Total:0.1508262	 unmod1_Acc:0.9142229	 lr:0.0000694	 Mean_Total:0.1508262
2022-04-22 16:03:48,466 -  8775 / 43878 (019%):	 Total:0.0611183	 Andrev2015_Acc:0.9090909	 lr:0.0000692	 Mean_Total:0.2189710
2022-04-22 16:08:04,405 - 17550 / 43878 (039%):	 Total:0.3354756	 unmod1_Acc:0.7785924	 lr:0.0000690	 Mean_Total:0.2176513
2022-04-22 16:12:20,479 - 26325 / 43878 (059%):	 Total:0.2615784	 Andrev2015_Acc:0.9020979	 lr:0.0000688	 Mean_Total:0.2179222
2022-04-22 16:16:34,345 - 35100 / 43878 (079%):	 Total:0.1483312	 unmod1_Acc:0.9398827	 lr:0.0000686	 Mean_Total:0.2175420
2022-04-22 16:21:05,571 - 43875 / 43878 (099%):	 Total:0.0975271	 Andrev2015_Acc:0.8531469	 lr:0.0000685	 Mean_Total:0.2178878
2022-04-22 16:21:06,388 - ===============================| start validation |===============================
2022-04-22 16:21:23,501 - 	 Total:0.3905597	 unmod1_loss:0.3185933	 unmod1_Acc:0.8854744	 human_loss:0.4164913	 human_Acc:0.8809265	 vleng_loss:0.3258921	 vleng_Acc:0.8685917	 Andrev2015_loss:0.6491262	 Andrev2015_Acc:0.5953972	 muscle_loss:1.6730286	 muscle_Acc:0.4663967	 pc3_loss:0.5914935	 pc3_Acc:0.5764953
2022-04-22 16:21:23,506 -    ini file updated    
2022-04-22 16:21:23,506 - ===============================|    epoch 38   |===============================
2022-04-22 16:21:25,662 -     0 / 43878 (000%):	 Total:0.2514327	 unmod1_Acc:0.9138563	 lr:0.0000685	 Mean_Total:0.2514327
2022-04-22 16:26:42,792 -  8775 / 43878 (019%):	 Total:0.2699677	 Andrev2015_Acc:0.8391608	 lr:0.0000683	 Mean_Total:0.2168115
2022-04-22 16:35:12,132 - 17550 / 43878 (039%):	 Total:0.7562942	 unmod1_Acc:0.8669355	 lr:0.0000681	 Mean_Total:0.2173300
2022-04-22 16:42:54,145 - 26325 / 43878 (059%):	 Total:0.1348658	 Andrev2015_Acc:0.9790210	 lr:0.0000679	 Mean_Total:0.2175016
2022-04-22 16:49:33,436 - 35100 / 43878 (079%):	 Total:0.2947798	 unmod1_Acc:0.9347507	 lr:0.0000677	 Mean_Total:0.2175887
2022-04-22 16:58:29,113 - 43875 / 43878 (099%):	 Total:0.0896151	 Andrev2015_Acc:0.9580420	 lr:0.0000676	 Mean_Total:0.2177764
2022-04-22 16:58:31,122 - ===============================| start validation |===============================
2022-04-22 16:58:57,840 - 	 Total:0.3962811	 unmod1_loss:0.3288543	 unmod1_Acc:0.8864722	 human_loss:0.4268289	 human_Acc:0.8810215	 vleng_loss:0.3282023	 vleng_Acc:0.8658129	 Andrev2015_loss:0.6451264	 Andrev2015_Acc:0.5782700	 muscle_loss:1.6317748	 muscle_Acc:0.4769231	 pc3_loss:0.5764924	 pc3_Acc:0.5929200
2022-04-22 16:58:57,845 -    ini file updated    
2022-04-22 16:58:57,845 - ===============================|    epoch 39   |===============================
2022-04-22 16:59:00,501 -     0 / 43878 (000%):	 Total:0.6624808	 unmod1_Acc:0.8434751	 lr:0.0000676	 Mean_Total:0.6624808
2022-04-22 17:05:59,756 -  8775 / 43878 (019%):	 Total:0.1324322	 Andrev2015_Acc:0.9160839	 lr:0.0000674	 Mean_Total:0.2182777
2022-04-22 17:12:29,646 - 17550 / 43878 (039%):	 Total:0.2084679	 unmod1_Acc:0.9112903	 lr:0.0000672	 Mean_Total:0.2164845
2022-04-22 17:21:10,793 - 26325 / 43878 (059%):	 Total:0.1565230	 Andrev2015_Acc:0.9160839	 lr:0.0000671	 Mean_Total:0.2164579
2022-04-22 17:30:15,303 - 35100 / 43878 (079%):	 Total:0.1824107	 unmod1_Acc:0.9142229	 lr:0.0000669	 Mean_Total:0.2165907
2022-04-22 17:39:19,777 - 43875 / 43878 (099%):	 Total:0.0877414	 Andrev2015_Acc:0.9650350	 lr:0.0000667	 Mean_Total:0.2160599
2022-04-22 17:39:21,790 - ===============================| start validation |===============================
2022-04-22 17:40:03,537 - 	 Total:0.3905451	 unmod1_loss:0.3147094	 unmod1_Acc:0.8867016	 human_loss:0.4339712	 human_Acc:0.8826406	 vleng_loss:0.3285543	 vleng_Acc:0.8695997	 Andrev2015_loss:0.6530900	 Andrev2015_Acc:0.5759888	 muscle_loss:1.5729185	 muscle_Acc:0.4188811	 pc3_loss:0.5822430	 pc3_Acc:0.5961344
2022-04-22 17:40:03,544 -    ini file updated    
2022-04-22 17:40:03,545 - ===============================|    epoch 40   |===============================
2022-04-22 17:40:06,209 -     0 / 43878 (000%):	 Total:0.3562123	 unmod1_Acc:0.8651026	 lr:0.0000667	 Mean_Total:0.3562123
2022-04-22 17:48:44,293 -  8775 / 43878 (019%):	 Total:0.5235127	 Andrev2015_Acc:0.9370629	 lr:0.0000666	 Mean_Total:0.2150772
2022-04-22 17:55:57,216 - 17550 / 43878 (039%):	 Total:0.2641843	 unmod1_Acc:0.9376833	 lr:0.0000664	 Mean_Total:0.2157679
2022-04-22 18:00:02,014 - 26325 / 43878 (059%):	 Total:0.1243092	 Andrev2015_Acc:0.8181818	 lr:0.0000662	 Mean_Total:0.2163758
2022-04-22 18:06:22,261 - 35100 / 43878 (079%):	 Total:0.3561869	 unmod1_Acc:0.8706012	 lr:0.0000661	 Mean_Total:0.2158003
2022-04-22 18:12:40,015 - 43875 / 43878 (099%):	 Total:0.1969552	 Andrev2015_Acc:0.8111888	 lr:0.0000659	 Mean_Total:0.2156548
2022-04-22 18:12:40,799 - ===============================| start validation |===============================
2022-04-22 18:12:56,098 - 	 Total:0.4132451	 unmod1_loss:0.3360011	 unmod1_Acc:0.8867648	 human_loss:0.4846110	 human_Acc:0.8797688	 vleng_loss:0.3443765	 vleng_Acc:0.8679791	 Andrev2015_loss:0.6518278	 Andrev2015_Acc:0.5850449	 muscle_loss:1.6802420	 muscle_Acc:0.4227389	 pc3_loss:0.5888634	 pc3_Acc:0.6093366
2022-04-22 18:12:56,103 -    ini file updated    
2022-04-22 18:12:56,103 - ===============================|    epoch 41   |===============================
2022-04-22 18:12:58,331 -     0 / 43878 (000%):	 Total:0.2048649	 unmod1_Acc:0.9472141	 lr:0.0000659	 Mean_Total:0.2048649
2022-04-22 18:20:27,569 -  8775 / 43878 (019%):	 Total:0.2304411	 Andrev2015_Acc:0.9230769	 lr:0.0000657	 Mean_Total:0.2149667
2022-04-22 18:28:39,298 - 17550 / 43878 (039%):	 Total:0.3261039	 unmod1_Acc:0.9035924	 lr:0.0000656	 Mean_Total:0.2149718
2022-04-22 18:35:34,999 - 26325 / 43878 (059%):	 Total:0.1277850	 Andrev2015_Acc:0.9510490	 lr:0.0000654	 Mean_Total:0.2148912
2022-04-22 18:42:26,827 - 35100 / 43878 (079%):	 Total:0.2633206	 unmod1_Acc:0.8900293	 lr:0.0000653	 Mean_Total:0.2150168
2022-04-22 18:50:46,211 - 43875 / 43878 (099%):	 Total:0.0498076	 Andrev2015_Acc:0.9790210	 lr:0.0000651	 Mean_Total:0.2147212
2022-04-22 18:50:47,901 - ===============================| start validation |===============================
2022-04-22 18:51:29,271 - 	 Total:0.3916710	 unmod1_loss:0.3219495	 unmod1_Acc:0.8854815	 human_loss:0.4072388	 human_Acc:0.8782696	 vleng_loss:0.3257525	 vleng_Acc:0.8683981	 Andrev2015_loss:0.6483272	 Andrev2015_Acc:0.5997239	 muscle_loss:1.6481419	 muscle_Acc:0.4692308	 pc3_loss:0.6058668	 pc3_Acc:0.5793901
2022-04-22 18:51:29,278 -    ini file updated    
2022-04-22 18:51:29,278 - ===============================|    epoch 42   |===============================
2022-04-22 18:51:33,608 -     0 / 43878 (000%):	 Total:0.3257325	 unmod1_Acc:0.8368768	 lr:0.0000651	 Mean_Total:0.3257325
2022-04-22 18:59:58,322 -  8775 / 43878 (019%):	 Total:0.3353666	 Andrev2015_Acc:0.7762238	 lr:0.0000650	 Mean_Total:0.2140901
2022-04-22 19:08:24,205 - 17550 / 43878 (039%):	 Total:0.1489960	 unmod1_Acc:0.9457478	 lr:0.0000648	 Mean_Total:0.2150644
2022-04-22 19:14:19,832 - 26325 / 43878 (059%):	 Total:0.2465028	 Andrev2015_Acc:0.9370629	 lr:0.0000646	 Mean_Total:0.2142815
2022-04-22 19:18:03,303 - 35100 / 43878 (079%):	 Total:0.3682418	 unmod1_Acc:0.9098240	 lr:0.0000645	 Mean_Total:0.2139650
2022-04-22 19:21:51,364 - 43875 / 43878 (099%):	 Total:0.0986313	 Andrev2015_Acc:0.8531469	 lr:0.0000643	 Mean_Total:0.2137734
2022-04-22 19:21:52,130 - ===============================| start validation |===============================
2022-04-22 19:22:07,834 - 	 Total:0.3999724	 unmod1_loss:0.3256668	 unmod1_Acc:0.8865937	 human_loss:0.4660788	 human_Acc:0.8815283	 vleng_loss:0.3203480	 vleng_Acc:0.8670858	 Andrev2015_loss:0.6500938	 Andrev2015_Acc:0.5975723	 muscle_loss:1.5935772	 muscle_Acc:0.4874126	 pc3_loss:0.5829447	 pc3_Acc:0.5920422
2022-04-22 19:22:07,838 -    ini file updated    
2022-04-22 19:22:07,839 - ===============================|    epoch 43   |===============================
2022-04-22 19:22:09,970 -     0 / 43878 (000%):	 Total:0.9189982	 unmod1_Acc:0.7551320	 lr:0.0000643	 Mean_Total:0.9189982
2022-04-22 19:25:51,999 -  8775 / 43878 (019%):	 Total:0.1177468	 Andrev2015_Acc:0.8391608	 lr:0.0000642	 Mean_Total:0.2115807
2022-04-22 19:29:30,904 - 17550 / 43878 (039%):	 Total:0.8278591	 unmod1_Acc:0.7320381	 lr:0.0000641	 Mean_Total:0.2118393
2022-04-22 19:33:42,734 - 26325 / 43878 (059%):	 Total:0.1608974	 Andrev2015_Acc:0.9370629	 lr:0.0000639	 Mean_Total:0.2130545
2022-04-22 19:41:07,954 - 35100 / 43878 (079%):	 Total:0.2251028	 unmod1_Acc:0.9266862	 lr:0.0000638	 Mean_Total:0.2132722
2022-04-22 19:49:38,199 - 43875 / 43878 (099%):	 Total:0.2425806	 Andrev2015_Acc:0.8671329	 lr:0.0000636	 Mean_Total:0.2132798
2022-04-22 19:49:40,098 - ===============================| start validation |===============================
2022-04-22 19:50:09,951 - 	 Total:0.3876804	 unmod1_loss:0.3151955	 unmod1_Acc:0.8869686	 human_loss:0.4115931	 human_Acc:0.8812553	 vleng_loss:0.3245245	 vleng_Acc:0.8682897	 Andrev2015_loss:0.6575231	 Andrev2015_Acc:0.5801096	 muscle_loss:1.6436324	 muscle_Acc:0.4132253	 pc3_loss:0.5833192	 pc3_Acc:0.6006688
2022-04-22 19:50:09,961 -    ini file updated    
2022-04-22 19:50:10,040 - Snapshot saved to /data/users/wergillius/UTR_VAE/pth/RL_hard_share_MTL/3M3R/PoolingAll_weight2-model_best_cv1.pth

2022-04-22 19:50:10,041 -    ini file updated    
2022-04-22 19:50:10,041 - ===============================|    epoch 44   |===============================
2022-04-22 19:50:13,963 -     0 / 43878 (000%):	 Total:0.2490174	 unmod1_Acc:0.9615103	 lr:0.0000636	 Mean_Total:0.2490174
2022-04-22 19:58:36,863 -  8775 / 43878 (019%):	 Total:0.3083808	 Andrev2015_Acc:0.8321678	 lr:0.0000635	 Mean_Total:0.2134713
2022-04-22 20:06:55,885 - 17550 / 43878 (039%):	 Total:0.1747639	 unmod1_Acc:0.9197214	 lr:0.0000633	 Mean_Total:0.2129318
2022-04-22 20:15:16,760 - 26325 / 43878 (059%):	 Total:0.1114179	 Andrev2015_Acc:0.8251748	 lr:0.0000632	 Mean_Total:0.2132073
2022-04-22 20:18:56,978 - 35100 / 43878 (079%):	 Total:0.0882140	 unmod1_Acc:0.9325513	 lr:0.0000630	 Mean_Total:0.2124335
2022-04-22 20:23:11,749 - 43875 / 43878 (099%):	 Total:0.2421473	 Andrev2015_Acc:0.8251748	 lr:0.0000629	 Mean_Total:0.2124635
2022-04-22 20:23:13,464 - ===============================| start validation |===============================
2022-04-22 20:23:55,718 - 	 Total:0.3968058	 unmod1_loss:0.3378955	 unmod1_Acc:0.8875754	 human_loss:0.4012937	 human_Acc:0.8815189	 vleng_loss:0.3223346	 vleng_Acc:0.8655509	 Andrev2015_loss:0.6493319	 Andrev2015_Acc:0.6029946	 muscle_loss:1.6666796	 muscle_Acc:0.4864047	 pc3_loss:0.5760296	 pc3_Acc:0.5826625
2022-04-22 20:23:55,722 -    ini file updated    
2022-04-22 20:23:55,723 - ===============================|    epoch 45   |===============================
2022-04-22 20:23:59,870 -     0 / 43878 (000%):	 Total:0.1047114	 unmod1_Acc:0.9706745	 lr:0.0000629	 Mean_Total:0.1047114
2022-04-22 20:32:06,117 -  8775 / 43878 (019%):	 Total:0.1556845	 Andrev2015_Acc:0.8531469	 lr:0.0000628	 Mean_Total:0.2122776
2022-04-22 20:40:18,609 - 17550 / 43878 (039%):	 Total:0.2642033	 unmod1_Acc:0.9406158	 lr:0.0000626	 Mean_Total:0.2114731
2022-04-22 20:48:28,210 - 26325 / 43878 (059%):	 Total:0.2608320	 Andrev2015_Acc:0.9580420	 lr:0.0000625	 Mean_Total:0.2113886
2022-04-22 20:57:06,809 - 35100 / 43878 (079%):	 Total:0.2251584	 unmod1_Acc:0.8779326	 lr:0.0000624	 Mean_Total:0.2115971
2022-04-22 21:05:28,918 - 43875 / 43878 (099%):	 Total:0.2304316	 Andrev2015_Acc:0.8741259	 lr:0.0000622	 Mean_Total:0.2116919
2022-04-22 21:05:30,550 - ===============================| start validation |===============================
2022-04-22 21:06:09,564 - 	 Total:0.3894858	 unmod1_loss:0.3175994	 unmod1_Acc:0.8863260	 human_loss:0.4235258	 human_Acc:0.8830508	 vleng_loss:0.3189105	 vleng_Acc:0.8704557	 Andrev2015_loss:0.6519862	 Andrev2015_Acc:0.6077468	 muscle_loss:1.6130262	 muscle_Acc:0.5062937	 pc3_loss:0.5867339	 pc3_Acc:0.5768260
2022-04-22 21:06:09,569 -    ini file updated    
2022-04-22 21:06:09,569 - ===============================|    epoch 46   |===============================
2022-04-22 21:06:14,751 -     0 / 43878 (000%):	 Total:0.2918517	 unmod1_Acc:0.9065249	 lr:0.0000622	 Mean_Total:0.2918517
2022-04-22 21:10:55,440 -  8775 / 43878 (019%):	 Total:0.1482237	 Andrev2015_Acc:0.9090909	 lr:0.0000621	 Mean_Total:0.2122927
2022-04-22 21:19:16,065 - 17550 / 43878 (039%):	 Total:0.2400861	 unmod1_Acc:0.8665689	 lr:0.0000619	 Mean_Total:0.2116586
2022-04-22 21:27:32,184 - 26325 / 43878 (059%):	 Total:0.1849844	 Andrev2015_Acc:0.9790210	 lr:0.0000618	 Mean_Total:0.2119436
2022-04-22 21:35:35,586 - 35100 / 43878 (079%):	 Total:0.1966871	 unmod1_Acc:0.9270528	 lr:0.0000617	 Mean_Total:0.2119246
2022-04-22 21:44:15,101 - 43875 / 43878 (099%):	 Total:0.1043272	 Andrev2015_Acc:0.9860140	 lr:0.0000615	 Mean_Total:0.2117512
2022-04-22 21:44:17,101 - ===============================| start validation |===============================
2022-04-22 21:45:00,067 - 	 Total:0.3829843	 unmod1_loss:0.3123429	 unmod1_Acc:0.8886683	 human_loss:0.4032984	 human_Acc:0.8805986	 vleng_loss:0.3188116	 vleng_Acc:0.8705947	 Andrev2015_loss:0.6441385	 Andrev2015_Acc:0.5928021	 muscle_loss:1.7029557	 muscle_Acc:0.5315482	 pc3_loss:0.5782822	 pc3_Acc:0.5708301
2022-04-22 21:45:00,076 -    ini file updated    
2022-04-22 21:45:00,188 - Snapshot saved to /data/users/wergillius/UTR_VAE/pth/RL_hard_share_MTL/3M3R/PoolingAll_weight2-model_best_cv1.pth

2022-04-22 21:45:00,189 -    ini file updated    
2022-04-22 21:45:00,190 - ===============================|    epoch 47   |===============================
2022-04-22 21:45:05,164 -     0 / 43878 (000%):	 Total:0.1827932	 unmod1_Acc:0.9527126	 lr:0.0000615	 Mean_Total:0.1827932
2022-04-22 21:53:20,661 -  8775 / 43878 (019%):	 Total:0.2761595	 Andrev2015_Acc:0.9370629	 lr:0.0000614	 Mean_Total:0.2107411
2022-04-22 21:57:55,319 - 17550 / 43878 (039%):	 Total:0.2366528	 unmod1_Acc:0.9222874	 lr:0.0000613	 Mean_Total:0.2107429
2022-04-22 22:06:17,962 - 26325 / 43878 (059%):	 Total:0.1584081	 Andrev2015_Acc:0.9020979	 lr:0.0000612	 Mean_Total:0.2109454
2022-04-22 22:14:27,736 - 35100 / 43878 (079%):	 Total:0.2539121	 unmod1_Acc:0.9233871	 lr:0.0000610	 Mean_Total:0.2106920
2022-04-22 22:22:48,695 - 43875 / 43878 (099%):	 Total:0.1157434	 Andrev2015_Acc:0.9090909	 lr:0.0000609	 Mean_Total:0.2111334
2022-04-22 22:22:50,531 - ===============================| start validation |===============================
2022-04-22 22:23:34,314 - 	 Total:0.3883873	 unmod1_loss:0.3149166	 unmod1_Acc:0.8867673	 human_loss:0.4241186	 human_Acc:0.8785090	 vleng_loss:0.3268435	 vleng_Acc:0.8703053	 Andrev2015_loss:0.6513213	 Andrev2015_Acc:0.5893839	 muscle_loss:1.5870840	 muscle_Acc:0.4412587	 pc3_loss:0.5759265	 pc3_Acc:0.5985496
2022-04-22 22:23:34,330 -    ini file updated    
2022-04-22 22:23:34,330 - ===============================|    epoch 48   |===============================
2022-04-22 22:23:39,688 -     0 / 43878 (000%):	 Total:0.2905191	 unmod1_Acc:0.9090909	 lr:0.0000609	 Mean_Total:0.2905191
2022-04-22 22:31:52,136 -  8775 / 43878 (019%):	 Total:0.1830146	 Andrev2015_Acc:0.8601399	 lr:0.0000608	 Mean_Total:0.2094457
2022-04-22 22:38:18,696 - 17550 / 43878 (039%):	 Total:0.2065831	 unmod1_Acc:0.9600440	 lr:0.0000607	 Mean_Total:0.2108840
2022-04-22 22:44:07,072 - 26325 / 43878 (059%):	 Total:0.1982894	 Andrev2015_Acc:0.8531469	 lr:0.0000605	 Mean_Total:0.2102066
2022-04-22 22:52:04,322 - 35100 / 43878 (079%):	 Total:0.1487840	 unmod1_Acc:0.8189150	 lr:0.0000604	 Mean_Total:0.2105997
2022-04-22 23:00:07,038 - 43875 / 43878 (099%):	 Total:0.1723152	 Andrev2015_Acc:0.9510490	 lr:0.0000603	 Mean_Total:0.2108097
2022-04-22 23:00:08,583 - ===============================| start validation |===============================
2022-04-22 23:00:49,902 - 	 Total:0.3914912	 unmod1_loss:0.3150021	 unmod1_Acc:0.8873854	 human_loss:0.4450910	 human_Acc:0.8831429	 vleng_loss:0.3175159	 vleng_Acc:0.8674612	 Andrev2015_loss:0.6500566	 Andrev2015_Acc:0.5981157	 muscle_loss:1.6446324	 muscle_Acc:0.4022340	 pc3_loss:0.5898529	 pc3_Acc:0.6033899
2022-04-22 23:00:49,910 -    ini file updated    
2022-04-22 23:00:49,911 - ===============================|    epoch 49   |===============================
2022-04-22 23:00:54,765 -     0 / 43878 (000%):	 Total:0.6305125	 unmod1_Acc:0.6359971	 lr:0.0000603	 Mean_Total:0.6305125
2022-04-22 23:08:48,394 -  8775 / 43878 (019%):	 Total:0.1237936	 Andrev2015_Acc:0.7622378	 lr:0.0000602	 Mean_Total:0.2102932
2022-04-22 23:15:51,746 - 17550 / 43878 (039%):	 Total:0.2038659	 unmod1_Acc:0.9607771	 lr:0.0000600	 Mean_Total:0.2099825
2022-04-22 23:19:25,843 - 26325 / 43878 (059%):	 Total:0.1333697	 Andrev2015_Acc:0.8811189	 lr:0.0000599	 Mean_Total:0.2096894
2022-04-22 23:22:58,457 - 35100 / 43878 (079%):	 Total:1.2935250	 unmod1_Acc:0.6803519	 lr:0.0000598	 Mean_Total:0.2099322
2022-04-22 23:26:30,223 - 43875 / 43878 (099%):	 Total:0.0616668	 Andrev2015_Acc:0.9930070	 lr:0.0000597	 Mean_Total:0.2101176
2022-04-22 23:26:30,954 - ===============================| start validation |===============================
2022-04-22 23:26:45,839 - 	 Total:0.3926910	 unmod1_loss:0.3274433	 unmod1_Acc:0.8864115	 human_loss:0.3997838	 human_Acc:0.8796830	 vleng_loss:0.3214914	 vleng_Acc:0.8681139	 Andrev2015_loss:0.6505058	 Andrev2015_Acc:0.5749840	 muscle_loss:1.7086458	 muscle_Acc:0.4348350	 pc3_loss:0.5959475	 pc3_Acc:0.5805399
2022-04-22 23:26:45,843 -    ini file updated    
2022-04-22 23:26:45,843 - ===============================|    epoch 50   |===============================
2022-04-22 23:26:48,022 -     0 / 43878 (000%):	 Total:0.1253473	 unmod1_Acc:0.9222874	 lr:0.0000597	 Mean_Total:0.1253473
2022-04-22 23:30:18,067 -  8775 / 43878 (019%):	 Total:0.1105313	 Andrev2015_Acc:0.9230769	 lr:0.0000596	 Mean_Total:0.2084416
2022-04-22 23:33:48,922 - 17550 / 43878 (039%):	 Total:0.1777279	 unmod1_Acc:0.9035924	 lr:0.0000594	 Mean_Total:0.2104220
2022-04-22 23:37:20,178 - 26325 / 43878 (059%):	 Total:0.3086975	 Andrev2015_Acc:0.7902098	 lr:0.0000593	 Mean_Total:0.2095603
2022-04-22 23:40:52,045 - 35100 / 43878 (079%):	 Total:0.0943124	 unmod1_Acc:0.9248534	 lr:0.0000592	 Mean_Total:0.2094541
2022-04-22 23:44:25,174 - 43875 / 43878 (099%):	 Total:0.2207247	 Andrev2015_Acc:0.9370629	 lr:0.0000591	 Mean_Total:0.2097288
2022-04-22 23:44:25,901 - ===============================| start validation |===============================
2022-04-22 23:44:40,441 - 	 Total:0.4111799	 unmod1_loss:0.3546995	 unmod1_Acc:0.8836852	 human_loss:0.4111138	 human_Acc:0.8816594	 vleng_loss:0.3352636	 vleng_Acc:0.8697551	 Andrev2015_loss:0.6553090	 Andrev2015_Acc:0.5948135	 muscle_loss:1.6158738	 muscle_Acc:0.4468531	 pc3_loss:0.6014993	 pc3_Acc:0.5988021
2022-04-22 23:44:40,445 -    ini file updated    
2022-04-22 23:44:40,445 - ===============================|    epoch 51   |===============================
2022-04-22 23:44:42,727 -     0 / 43878 (000%):	 Total:0.1066682	 unmod1_Acc:0.8599707	 lr:0.0000591	 Mean_Total:0.1066682
2022-04-22 23:48:12,756 -  8775 / 43878 (019%):	 Total:0.4034831	 Andrev2015_Acc:0.3076923	 lr:0.0000590	 Mean_Total:0.2082015
2022-04-22 23:51:45,710 - 17550 / 43878 (039%):	 Total:0.3293160	 unmod1_Acc:0.8706012	 lr:0.0000589	 Mean_Total:0.2085096
2022-04-22 23:55:18,146 - 26325 / 43878 (059%):	 Total:0.1895488	 Andrev2015_Acc:0.8811189	 lr:0.0000587	 Mean_Total:0.2093756
2022-04-22 23:58:48,096 - 35100 / 43878 (079%):	 Total:0.2128252	 unmod1_Acc:0.9362170	 lr:0.0000586	 Mean_Total:0.2088251
2022-04-23 00:02:21,100 - 43875 / 43878 (099%):	 Total:0.0910510	 Andrev2015_Acc:0.9650350	 lr:0.0000585	 Mean_Total:0.2088416
2022-04-23 00:02:21,790 - ===============================| start validation |===============================
2022-04-23 00:02:36,587 - 	 Total:0.3913389	 unmod1_loss:0.3247147	 unmod1_Acc:0.8888178	 human_loss:0.4044213	 human_Acc:0.8833301	 vleng_loss:0.3199423	 vleng_Acc:0.8710187	 Andrev2015_loss:0.6475717	 Andrev2015_Acc:0.5823389	 muscle_loss:1.6993164	 muscle_Acc:0.4146853	 pc3_loss:0.5949894	 pc3_Acc:0.5945157
2022-04-23 00:02:36,591 -    ini file updated    
2022-04-23 00:02:36,591 - ===============================|    epoch 52   |===============================
2022-04-23 00:02:38,852 -     0 / 43878 (000%):	 Total:0.3483282	 unmod1_Acc:0.9090909	 lr:0.0000585	 Mean_Total:0.3483282
2022-04-23 00:06:08,680 -  8775 / 43878 (019%):	 Total:0.3053971	 Andrev2015_Acc:0.8951049	 lr:0.0000584	 Mean_Total:0.2081866
2022-04-23 00:09:40,938 - 17550 / 43878 (039%):	 Total:0.3932098	 unmod1_Acc:0.9384164	 lr:0.0000583	 Mean_Total:0.2085684
2022-04-23 00:13:14,467 - 26325 / 43878 (059%):	 Total:0.1050390	 Andrev2015_Acc:0.8601399	 lr:0.0000582	 Mean_Total:0.2083456
