2021-02-09 14:01:51,606 - 
===============================|    epoch 0   |===============================

2021-02-09 14:01:51,909 -     0 /  1684 (0.0%): 	 Avg_ACC: 0.1875000 	 lr: 0.000100000	 Total:1.054133654
2021-02-09 14:01:55,053 -   336 /  1684 (20.0%): 	 Avg_ACC: 0.3437500 	 lr: 0.000100000	 Total:0.624179244
2021-02-09 14:01:58,066 -   672 /  1684 (39.9%): 	 Avg_ACC: 0.3125000 	 lr: 0.000100000	 Total:1.050834060
2021-02-09 14:02:01,410 -  1008 /  1684 (59.9%): 	 Avg_ACC: 0.4062500 	 lr: 0.000100000	 Total:0.505068302
2021-02-09 14:02:04,301 -  1344 /  1684 (79.8%): 	 Avg_ACC: 0.2500000 	 lr: 0.000100000	 Total:0.726768613
2021-02-09 14:02:07,151 -  1680 /  1684 (99.8%): 	 Avg_ACC: 0.3750000 	 lr: 0.000100000	 Total:0.615259707
2021-02-09 14:02:10,718 - 
===============================| start validation |===============================

2021-02-09 14:02:10,718 - 	 Avg_ACC: 0.3266528 	  Total:0.5408656
2021-02-09 14:02:10,720 -    ini file updated    
2021-02-09 14:02:10,756 - Snapshot saved to /data/users/wergillius/UTR_VAE/pth/RL_regressor_MTL/bigger_dataset/l2_scaled_tv82-model_best.pth

2021-02-09 14:02:10,756 -    ini file updated    
2021-02-09 14:02:10,757 - 
===============================|    epoch 1   |===============================

2021-02-09 14:02:11,031 -     0 /  1684 (0.0%): 	 Avg_ACC: 0.6250000 	 lr: 0.000100000	 Total:0.208455443
2021-02-09 14:02:14,189 -   336 /  1684 (20.0%): 	 Avg_ACC: 0.2187500 	 lr: 0.000100000	 Total:0.350100756
2021-02-09 14:02:17,316 -   672 /  1684 (39.9%): 	 Avg_ACC: 0.3750000 	 lr: 0.000100000	 Total:0.430470288
2021-02-09 14:02:20,038 -  1008 /  1684 (59.9%): 	 Avg_ACC: 0.2500000 	 lr: 0.000100000	 Total:0.747941852
2021-02-09 14:02:23,053 -  1344 /  1684 (79.8%): 	 Avg_ACC: 0.4062500 	 lr: 0.000100000	 Total:0.262880594
2021-02-09 14:02:26,168 -  1680 /  1684 (99.8%): 	 Avg_ACC: 0.4062500 	 lr: 0.000100000	 Total:0.316839278
2021-02-09 14:02:26,280 - 
===============================|    epoch 2   |===============================

2021-02-09 14:02:26,640 -     0 /  1684 (0.0%): 	 Avg_ACC: 0.5000000 	 lr: 0.000100000	 Total:0.351271987
2021-02-09 14:02:29,528 -   336 /  1684 (20.0%): 	 Avg_ACC: 0.3125000 	 lr: 0.000100000	 Total:0.451754779
2021-02-09 14:02:32,533 -   672 /  1684 (39.9%): 	 Avg_ACC: 0.4687500 	 lr: 0.000100000	 Total:0.596165955
2021-02-09 14:02:35,652 -  1008 /  1684 (59.9%): 	 Avg_ACC: 0.2187500 	 lr: 0.000100000	 Total:0.584974527
2021-02-09 14:02:38,551 -  1344 /  1684 (79.8%): 	 Avg_ACC: 0.5312500 	 lr: 0.000100000	 Total:0.347256601
2021-02-09 14:02:41,596 -  1680 /  1684 (99.8%): 	 Avg_ACC: 0.4375000 	 lr: 0.000100000	 Total:0.386300862
2021-02-09 14:02:41,711 - 
===============================|    epoch 3   |===============================

2021-02-09 14:02:41,988 -     0 /  1684 (0.0%): 	 Avg_ACC: 0.4375000 	 lr: 0.000100000	 Total:0.388655812
2021-02-09 14:02:44,847 -   336 /  1684 (20.0%): 	 Avg_ACC: 0.3437500 	 lr: 0.000100000	 Total:0.402840436
2021-02-09 14:02:47,817 -   672 /  1684 (39.9%): 	 Avg_ACC: 0.5000000 	 lr: 0.000100000	 Total:0.309761226
2021-02-09 14:02:50,828 -  1008 /  1684 (59.9%): 	 Avg_ACC: 0.4375000 	 lr: 0.000100000	 Total:0.360587329
2021-02-09 14:02:53,642 -  1344 /  1684 (79.8%): 	 Avg_ACC: 0.5000000 	 lr: 0.000100000	 Total:0.192924947
2021-02-09 14:02:56,765 -  1680 /  1684 (99.8%): 	 Avg_ACC: 0.4062500 	 lr: 0.000100000	 Total:0.472053677
2021-02-09 14:02:56,871 - 
===============================|    epoch 4   |===============================

2021-02-09 14:02:57,196 -     0 /  1684 (0.0%): 	 Avg_ACC: 0.5312500 	 lr: 0.000100000	 Total:0.400207490
2021-02-09 14:03:00,367 -   336 /  1684 (20.0%): 	 Avg_ACC: 0.4687500 	 lr: 0.000100000	 Total:0.266219616
2021-02-09 14:03:03,575 -   672 /  1684 (39.9%): 	 Avg_ACC: 0.5312500 	 lr: 0.000100000	 Total:0.276442051
2021-02-09 14:03:06,619 -  1008 /  1684 (59.9%): 	 Avg_ACC: 0.6250000 	 lr: 0.000100000	 Total:0.167574242
2021-02-09 14:03:09,544 -  1344 /  1684 (79.8%): 	 Avg_ACC: 0.4062500 	 lr: 0.000100000	 Total:0.631363392
2021-02-09 14:03:12,583 -  1680 /  1684 (99.8%): 	 Avg_ACC: 0.4375000 	 lr: 0.000100000	 Total:0.351960391
2021-02-09 14:03:12,706 - 
===============================|    epoch 5   |===============================

2021-02-09 14:03:12,981 -     0 /  1684 (0.0%): 	 Avg_ACC: 0.3750000 	 lr: 0.000100000	 Total:0.331811309
2021-02-09 14:03:15,974 -   336 /  1684 (20.0%): 	 Avg_ACC: 0.4062500 	 lr: 0.000100000	 Total:0.410659194
2021-02-09 14:03:18,773 -   672 /  1684 (39.9%): 	 Avg_ACC: 0.2500000 	 lr: 0.000100000	 Total:0.351466417
2021-02-09 14:03:21,661 -  1008 /  1684 (59.9%): 	 Avg_ACC: 0.4375000 	 lr: 0.000100000	 Total:0.530605555
2021-02-09 14:03:24,553 -  1344 /  1684 (79.8%): 	 Avg_ACC: 0.3125000 	 lr: 0.000100000	 Total:0.378599077
2021-02-09 14:03:27,357 -  1680 /  1684 (99.8%): 	 Avg_ACC: 0.4687500 	 lr: 0.000100000	 Total:0.218817994
2021-02-09 14:03:27,473 - 
===============================|    epoch 6   |===============================

2021-02-09 14:03:27,845 -     0 /  1684 (0.0%): 	 Avg_ACC: 0.4687500 	 lr: 0.000100000	 Total:0.350899816
2021-02-09 14:03:30,705 -   336 /  1684 (20.0%): 	 Avg_ACC: 0.3750000 	 lr: 0.000100000	 Total:0.296197832
2021-02-09 14:03:33,763 -   672 /  1684 (39.9%): 	 Avg_ACC: 0.3437500 	 lr: 0.000100000	 Total:0.590297818
2021-02-09 14:03:36,776 -  1008 /  1684 (59.9%): 	 Avg_ACC: 0.4375000 	 lr: 0.000100000	 Total:0.400955379
2021-02-09 14:03:39,946 -  1344 /  1684 (79.8%): 	 Avg_ACC: 0.7500000 	 lr: 0.000100000	 Total:0.142641902
2021-02-09 14:03:43,162 -  1680 /  1684 (99.8%): 	 Avg_ACC: 0.3750000 	 lr: 0.000100000	 Total:0.589331269
2021-02-09 14:03:43,254 - 
===============================|    epoch 7   |===============================

2021-02-09 14:03:43,537 -     0 /  1684 (0.0%): 	 Avg_ACC: 0.3437500 	 lr: 0.000100000	 Total:0.342997909
2021-02-09 14:03:46,555 -   336 /  1684 (20.0%): 	 Avg_ACC: 0.3750000 	 lr: 0.000100000	 Total:0.301766217
2021-02-09 14:03:49,971 -   672 /  1684 (39.9%): 	 Avg_ACC: 0.3750000 	 lr: 0.000100000	 Total:0.222630143
2021-02-09 14:03:53,135 -  1008 /  1684 (59.9%): 	 Avg_ACC: 0.4687500 	 lr: 0.000100000	 Total:0.611694872
2021-02-09 14:03:56,393 -  1344 /  1684 (79.8%): 	 Avg_ACC: 0.5625000 	 lr: 0.000100000	 Total:0.207979262
2021-02-09 14:03:59,482 -  1680 /  1684 (99.8%): 	 Avg_ACC: 0.3750000 	 lr: 0.000100000	 Total:0.288514555
2021-02-09 14:03:59,571 - 
===============================|    epoch 8   |===============================

2021-02-09 14:03:59,856 -     0 /  1684 (0.0%): 	 Avg_ACC: 0.3437500 	 lr: 0.000100000	 Total:0.324059367
2021-02-09 14:04:02,890 -   336 /  1684 (20.0%): 	 Avg_ACC: 0.5312500 	 lr: 0.000100000	 Total:0.268048435
2021-02-09 14:04:06,036 -   672 /  1684 (39.9%): 	 Avg_ACC: 0.4687500 	 lr: 0.000100000	 Total:0.270232320
2021-02-09 14:04:09,162 -  1008 /  1684 (59.9%): 	 Avg_ACC: 0.4687500 	 lr: 0.000100000	 Total:0.541912317
2021-02-09 14:04:12,267 -  1344 /  1684 (79.8%): 	 Avg_ACC: 0.4062500 	 lr: 0.000100000	 Total:0.223139554
2021-02-09 14:04:14,999 -  1680 /  1684 (99.8%): 	 Avg_ACC: 0.4687500 	 lr: 0.000100000	 Total:0.242394462
2021-02-09 14:04:15,087 - 
===============================|    epoch 9   |===============================

2021-02-09 14:04:15,368 -     0 /  1684 (0.0%): 	 Avg_ACC: 0.5312500 	 lr: 0.000100000	 Total:0.269995153
2021-02-09 14:04:18,516 -   336 /  1684 (20.0%): 	 Avg_ACC: 0.4687500 	 lr: 0.000100000	 Total:0.368196964
2021-02-09 14:04:21,640 -   672 /  1684 (39.9%): 	 Avg_ACC: 0.4687500 	 lr: 0.000100000	 Total:0.248236090
2021-02-09 14:04:24,670 -  1008 /  1684 (59.9%): 	 Avg_ACC: 0.4375000 	 lr: 0.000100000	 Total:0.254310369
2021-02-09 14:04:27,658 -  1344 /  1684 (79.8%): 	 Avg_ACC: 0.5937500 	 lr: 0.000100000	 Total:0.305109262
2021-02-09 14:04:30,802 -  1680 /  1684 (99.8%): 	 Avg_ACC: 0.5625000 	 lr: 0.000100000	 Total:0.246516824
2021-02-09 14:04:30,912 - 
===============================|    epoch 10   |===============================

2021-02-09 14:04:31,182 -     0 /  1684 (0.0%): 	 Avg_ACC: 0.5000000 	 lr: 0.000100000	 Total:0.342626274
2021-02-09 14:04:34,314 -   336 /  1684 (20.0%): 	 Avg_ACC: 0.5000000 	 lr: 0.000100000	 Total:0.211403325
2021-02-09 14:04:37,572 -   672 /  1684 (39.9%): 	 Avg_ACC: 0.5937500 	 lr: 0.000100000	 Total:0.204220265
2021-02-09 14:04:40,617 -  1008 /  1684 (59.9%): 	 Avg_ACC: 0.6250000 	 lr: 0.000100000	 Total:0.096870735
2021-02-09 14:04:43,603 -  1344 /  1684 (79.8%): 	 Avg_ACC: 0.4687500 	 lr: 0.000100000	 Total:0.344826192
2021-02-09 14:04:46,754 -  1680 /  1684 (99.8%): 	 Avg_ACC: 0.3750000 	 lr: 0.000100000	 Total:0.290902406
2021-02-09 14:04:50,114 - 
===============================| start validation |===============================

2021-02-09 14:04:50,114 - 	 Avg_ACC: 0.4931875 	  Total:0.3601356
2021-02-09 14:04:50,115 -    ini file updated    
2021-02-09 14:04:50,137 - Snapshot saved to /data/users/wergillius/UTR_VAE/pth/RL_regressor_MTL/bigger_dataset/l2_scaled_tv82-model_best.pth

2021-02-09 14:04:50,137 -    ini file updated    
2021-02-09 14:04:50,137 - 
===============================|    epoch 11   |===============================

2021-02-09 14:04:50,409 -     0 /  1684 (0.0%): 	 Avg_ACC: 0.3125000 	 lr: 0.000100000	 Total:0.509289742
2021-02-09 14:04:53,735 -   336 /  1684 (20.0%): 	 Avg_ACC: 0.5000000 	 lr: 0.000100000	 Total:0.276114166
2021-02-09 14:04:56,750 -   672 /  1684 (39.9%): 	 Avg_ACC: 0.5000000 	 lr: 0.000100000	 Total:0.307608724
2021-02-09 14:04:59,773 -  1008 /  1684 (59.9%): 	 Avg_ACC: 0.4687500 	 lr: 0.000100000	 Total:0.720850408
2021-02-09 14:05:02,642 -  1344 /  1684 (79.8%): 	 Avg_ACC: 0.4375000 	 lr: 0.000100000	 Total:0.288129807
2021-02-09 14:05:05,574 -  1680 /  1684 (99.8%): 	 Avg_ACC: 0.4375000 	 lr: 0.000100000	 Total:0.318759710
2021-02-09 14:05:05,673 - 
===============================|    epoch 12   |===============================

2021-02-09 14:05:05,960 -     0 /  1684 (0.0%): 	 Avg_ACC: 0.3750000 	 lr: 0.000100000	 Total:0.597409964
2021-02-09 14:05:09,192 -   336 /  1684 (20.0%): 	 Avg_ACC: 0.5312500 	 lr: 0.000100000	 Total:0.184355915
2021-02-09 14:05:12,337 -   672 /  1684 (39.9%): 	 Avg_ACC: 0.6562500 	 lr: 0.000100000	 Total:0.210275427
2021-02-09 14:05:15,794 -  1008 /  1684 (59.9%): 	 Avg_ACC: 0.5937500 	 lr: 0.000100000	 Total:0.361122608
2021-02-09 14:05:18,883 -  1344 /  1684 (79.8%): 	 Avg_ACC: 0.5625000 	 lr: 0.000100000	 Total:0.295097351
2021-02-09 14:05:21,817 -  1680 /  1684 (99.8%): 	 Avg_ACC: 0.3750000 	 lr: 0.000100000	 Total:0.390677005
2021-02-09 14:05:21,920 - 
===============================|    epoch 13   |===============================

2021-02-09 14:05:22,232 -     0 /  1684 (0.0%): 	 Avg_ACC: 0.5000000 	 lr: 0.000100000	 Total:0.303956360
2021-02-09 14:05:25,433 -   336 /  1684 (20.0%): 	 Avg_ACC: 0.5625000 	 lr: 0.000100000	 Total:0.148601815
2021-02-09 14:05:28,678 -   672 /  1684 (39.9%): 	 Avg_ACC: 0.4062500 	 lr: 0.000100000	 Total:0.215535834
2021-02-09 14:05:31,678 -  1008 /  1684 (59.9%): 	 Avg_ACC: 0.4375000 	 lr: 0.000100000	 Total:0.311934382
2021-02-09 14:05:35,026 -  1344 /  1684 (79.8%): 	 Avg_ACC: 0.1875000 	 lr: 0.000100000	 Total:0.574759364
2021-02-09 14:05:38,369 -  1680 /  1684 (99.8%): 	 Avg_ACC: 0.3750000 	 lr: 0.000100000	 Total:0.362857163
2021-02-09 14:05:38,456 - 
===============================|    epoch 14   |===============================

2021-02-09 14:05:38,745 -     0 /  1684 (0.0%): 	 Avg_ACC: 0.5000000 	 lr: 0.000100000	 Total:0.280055642
2021-02-09 14:05:41,774 -   336 /  1684 (20.0%): 	 Avg_ACC: 0.5625000 	 lr: 0.000100000	 Total:0.121582419
2021-02-09 14:05:44,871 -   672 /  1684 (39.9%): 	 Avg_ACC: 0.5000000 	 lr: 0.000100000	 Total:0.195849746
2021-02-09 14:05:47,806 -  1008 /  1684 (59.9%): 	 Avg_ACC: 0.5000000 	 lr: 0.000100000	 Total:0.245463938
2021-02-09 14:05:50,710 -  1344 /  1684 (79.8%): 	 Avg_ACC: 0.5312500 	 lr: 0.000100000	 Total:0.125419542
2021-02-09 14:05:53,723 -  1680 /  1684 (99.8%): 	 Avg_ACC: 0.3125000 	 lr: 0.000100000	 Total:0.350880384
2021-02-09 14:05:53,836 - 
===============================|    epoch 15   |===============================

2021-02-09 14:05:54,098 -     0 /  1684 (0.0%): 	 Avg_ACC: 0.5312500 	 lr: 0.000100000	 Total:0.232819632
2021-02-09 14:05:57,086 -   336 /  1684 (20.0%): 	 Avg_ACC: 0.4687500 	 lr: 0.000100000	 Total:0.182925791
2021-02-09 14:06:00,314 -   672 /  1684 (39.9%): 	 Avg_ACC: 0.5937500 	 lr: 0.000100000	 Total:0.154795289
2021-02-09 14:06:03,497 -  1008 /  1684 (59.9%): 	 Avg_ACC: 0.5625000 	 lr: 0.000100000	 Total:0.221039549
2021-02-09 14:06:06,532 -  1344 /  1684 (79.8%): 	 Avg_ACC: 0.3750000 	 lr: 0.000100000	 Total:0.477737993
2021-02-09 14:06:09,489 -  1680 /  1684 (99.8%): 	 Avg_ACC: 0.5625000 	 lr: 0.000100000	 Total:0.215303555
2021-02-09 14:06:09,613 - 
===============================|    epoch 16   |===============================

2021-02-09 14:06:09,896 -     0 /  1684 (0.0%): 	 Avg_ACC: 0.5937500 	 lr: 0.000100000	 Total:0.127585322
2021-02-09 14:06:12,919 -   336 /  1684 (20.0%): 	 Avg_ACC: 0.4687500 	 lr: 0.000100000	 Total:0.525665998
2021-02-09 14:06:15,994 -   672 /  1684 (39.9%): 	 Avg_ACC: 0.5000000 	 lr: 0.000100000	 Total:0.295360923
2021-02-09 14:06:18,973 -  1008 /  1684 (59.9%): 	 Avg_ACC: 0.5312500 	 lr: 0.000100000	 Total:0.154595584
2021-02-09 14:06:21,984 -  1344 /  1684 (79.8%): 	 Avg_ACC: 0.3125000 	 lr: 0.000100000	 Total:0.407102197
2021-02-09 14:06:25,093 -  1680 /  1684 (99.8%): 	 Avg_ACC: 0.5000000 	 lr: 0.000100000	 Total:0.154644579
2021-02-09 14:06:25,175 - 
===============================|    epoch 17   |===============================

2021-02-09 14:06:25,449 -     0 /  1684 (0.0%): 	 Avg_ACC: 0.4375000 	 lr: 0.000100000	 Total:0.271537304
2021-02-09 14:06:28,486 -   336 /  1684 (20.0%): 	 Avg_ACC: 0.6250000 	 lr: 0.000100000	 Total:0.190387040
2021-02-09 14:06:31,675 -   672 /  1684 (39.9%): 	 Avg_ACC: 0.3125000 	 lr: 0.000100000	 Total:0.320415646
2021-02-09 14:06:34,965 -  1008 /  1684 (59.9%): 	 Avg_ACC: 0.4687500 	 lr: 0.000100000	 Total:0.178310752
2021-02-09 14:06:38,279 -  1344 /  1684 (79.8%): 	 Avg_ACC: 0.5937500 	 lr: 0.000100000	 Total:0.241825253
2021-02-09 14:06:41,542 -  1680 /  1684 (99.8%): 	 Avg_ACC: 0.4687500 	 lr: 0.000100000	 Total:0.203757197
2021-02-09 14:06:41,652 - 
===============================|    epoch 18   |===============================

2021-02-09 14:06:41,921 -     0 /  1684 (0.0%): 	 Avg_ACC: 0.5937500 	 lr: 0.000100000	 Total:0.412157744
2021-02-09 14:06:45,341 -   336 /  1684 (20.0%): 	 Avg_ACC: 0.5000000 	 lr: 0.000100000	 Total:0.269244343
2021-02-09 14:06:48,672 -   672 /  1684 (39.9%): 	 Avg_ACC: 0.5312500 	 lr: 0.000100000	 Total:0.197687268
2021-02-09 14:06:51,902 -  1008 /  1684 (59.9%): 	 Avg_ACC: 0.3437500 	 lr: 0.000100000	 Total:0.291204333
2021-02-09 14:06:55,041 -  1344 /  1684 (79.8%): 	 Avg_ACC: 0.3750000 	 lr: 0.000100000	 Total:0.289609015
2021-02-09 14:06:58,266 -  1680 /  1684 (99.8%): 	 Avg_ACC: 0.5937500 	 lr: 0.000100000	 Total:0.144726798
2021-02-09 14:06:58,389 - 
===============================|    epoch 19   |===============================

2021-02-09 14:06:58,730 -     0 /  1684 (0.0%): 	 Avg_ACC: 0.5625000 	 lr: 0.000100000	 Total:0.236589134
2021-02-09 14:07:01,873 -   336 /  1684 (20.0%): 	 Avg_ACC: 0.3437500 	 lr: 0.000100000	 Total:0.415589541
2021-02-09 14:07:05,155 -   672 /  1684 (39.9%): 	 Avg_ACC: 0.5312500 	 lr: 0.000100000	 Total:0.165171534
2021-02-09 14:07:08,250 -  1008 /  1684 (59.9%): 	 Avg_ACC: 0.4062500 	 lr: 0.000100000	 Total:0.224661589
2021-02-09 14:07:11,333 -  1344 /  1684 (79.8%): 	 Avg_ACC: 0.4375000 	 lr: 0.000100000	 Total:0.221492559
2021-02-09 14:07:14,567 -  1680 /  1684 (99.8%): 	 Avg_ACC: 0.4687500 	 lr: 0.000100000	 Total:0.244762838
2021-02-09 14:07:14,695 - 
===============================|    epoch 20   |===============================

2021-02-09 14:07:15,029 -     0 /  1684 (0.0%): 	 Avg_ACC: 0.5000000 	 lr: 0.000100000	 Total:0.226594254
2021-02-09 14:07:18,247 -   336 /  1684 (20.0%): 	 Avg_ACC: 0.5937500 	 lr: 0.000100000	 Total:0.187340081
2021-02-09 14:07:21,498 -   672 /  1684 (39.9%): 	 Avg_ACC: 0.5625000 	 lr: 0.000100000	 Total:0.195804298
2021-02-09 14:07:24,647 -  1008 /  1684 (59.9%): 	 Avg_ACC: 0.4062500 	 lr: 0.000100000	 Total:0.196995318
2021-02-09 14:07:27,794 -  1344 /  1684 (79.8%): 	 Avg_ACC: 0.6562500 	 lr: 0.000100000	 Total:0.205487996
2021-02-09 14:07:30,829 -  1680 /  1684 (99.8%): 	 Avg_ACC: 0.5625000 	 lr: 0.000100000	 Total:0.200968087
2021-02-09 14:07:34,116 - 
===============================| start validation |===============================

2021-02-09 14:07:34,116 - 	 Avg_ACC: 0.4677191 	  Total:0.3862524
2021-02-09 14:07:34,118 -    ini file updated    
2021-02-09 14:07:34,118 - 
===============================|    epoch 21   |===============================

2021-02-09 14:07:34,404 -     0 /  1684 (0.0%): 	 Avg_ACC: 0.7187500 	 lr: 0.000100000	 Total:0.143235669
2021-02-09 14:07:37,316 -   336 /  1684 (20.0%): 	 Avg_ACC: 0.5625000 	 lr: 0.000100000	 Total:0.132442206
2021-02-09 14:07:40,224 -   672 /  1684 (39.9%): 	 Avg_ACC: 0.6250000 	 lr: 0.000100000	 Total:0.098522641
2021-02-09 14:07:43,132 -  1008 /  1684 (59.9%): 	 Avg_ACC: 0.5000000 	 lr: 0.000100000	 Total:0.321769178
2021-02-09 14:07:46,205 -  1344 /  1684 (79.8%): 	 Avg_ACC: 0.6562500 	 lr: 0.000100000	 Total:0.134043127
2021-02-09 14:07:49,687 -  1680 /  1684 (99.8%): 	 Avg_ACC: 0.4062500 	 lr: 0.000100000	 Total:0.215420932
2021-02-09 14:07:49,779 - 
===============================|    epoch 22   |===============================

2021-02-09 14:07:50,067 -     0 /  1684 (0.0%): 	 Avg_ACC: 0.5625000 	 lr: 0.000100000	 Total:0.154397681
2021-02-09 14:07:53,427 -   336 /  1684 (20.0%): 	 Avg_ACC: 0.5625000 	 lr: 0.000100000	 Total:0.236143604
2021-02-09 14:07:56,729 -   672 /  1684 (39.9%): 	 Avg_ACC: 0.3750000 	 lr: 0.000100000	 Total:0.178840801
2021-02-09 14:08:00,114 -  1008 /  1684 (59.9%): 	 Avg_ACC: 0.5625000 	 lr: 0.000100000	 Total:0.174542129
2021-02-09 14:08:03,330 -  1344 /  1684 (79.8%): 	 Avg_ACC: 0.5312500 	 lr: 0.000100000	 Total:0.310081482
2021-02-09 14:08:06,386 -  1680 /  1684 (99.8%): 	 Avg_ACC: 0.5937500 	 lr: 0.000100000	 Total:0.156790033
2021-02-09 14:08:06,498 - 
===============================|    epoch 23   |===============================

2021-02-09 14:08:06,839 -     0 /  1684 (0.0%): 	 Avg_ACC: 0.6250000 	 lr: 0.000100000	 Total:0.131065488
2021-02-09 14:08:09,903 -   336 /  1684 (20.0%): 	 Avg_ACC: 0.4687500 	 lr: 0.000100000	 Total:0.318955600
2021-02-09 14:08:12,951 -   672 /  1684 (39.9%): 	 Avg_ACC: 0.5000000 	 lr: 0.000100000	 Total:0.253809243
2021-02-09 14:08:15,908 -  1008 /  1684 (59.9%): 	 Avg_ACC: 0.4062500 	 lr: 0.000100000	 Total:0.168965101
2021-02-09 14:08:18,959 -  1344 /  1684 (79.8%): 	 Avg_ACC: 0.5312500 	 lr: 0.000100000	 Total:0.214801952
2021-02-09 14:08:21,799 -  1680 /  1684 (99.8%): 	 Avg_ACC: 0.5312500 	 lr: 0.000100000	 Total:0.254513443
2021-02-09 14:08:21,908 - 
===============================|    epoch 24   |===============================

2021-02-09 14:08:22,180 -     0 /  1684 (0.0%): 	 Avg_ACC: 0.3750000 	 lr: 0.000100000	 Total:0.298791438
2021-02-09 14:08:25,455 -   336 /  1684 (20.0%): 	 Avg_ACC: 0.5312500 	 lr: 0.000100000	 Total:0.296910137
2021-02-09 14:08:28,537 -   672 /  1684 (39.9%): 	 Avg_ACC: 0.5312500 	 lr: 0.000100000	 Total:0.189370900
2021-02-09 14:08:31,447 -  1008 /  1684 (59.9%): 	 Avg_ACC: 0.5000000 	 lr: 0.000100000	 Total:0.272681355
2021-02-09 14:08:34,350 -  1344 /  1684 (79.8%): 	 Avg_ACC: 0.5312500 	 lr: 0.000100000	 Total:0.148558289
2021-02-09 14:08:37,461 -  1680 /  1684 (99.8%): 	 Avg_ACC: 0.4375000 	 lr: 0.000100000	 Total:0.229845762
2021-02-09 14:08:37,543 - 
===============================|    epoch 25   |===============================

2021-02-09 14:08:37,831 -     0 /  1684 (0.0%): 	 Avg_ACC: 0.5000000 	 lr: 0.000100000	 Total:0.148800135
2021-02-09 14:08:40,832 -   336 /  1684 (20.0%): 	 Avg_ACC: 0.6875000 	 lr: 0.000100000	 Total:0.178443566
2021-02-09 14:08:43,815 -   672 /  1684 (39.9%): 	 Avg_ACC: 0.5312500 	 lr: 0.000100000	 Total:0.141825050
2021-02-09 14:08:46,824 -  1008 /  1684 (59.9%): 	 Avg_ACC: 0.5625000 	 lr: 0.000100000	 Total:0.174790159
2021-02-09 14:08:50,041 -  1344 /  1684 (79.8%): 	 Avg_ACC: 0.4687500 	 lr: 0.000100000	 Total:0.276332915
2021-02-09 14:08:53,079 -  1680 /  1684 (99.8%): 	 Avg_ACC: 0.4375000 	 lr: 0.000100000	 Total:0.141684681
2021-02-09 14:08:53,169 - 
===============================|    epoch 26   |===============================

2021-02-09 14:08:53,444 -     0 /  1684 (0.0%): 	 Avg_ACC: 0.5312500 	 lr: 0.000100000	 Total:0.294756472
2021-02-09 14:08:56,416 -   336 /  1684 (20.0%): 	 Avg_ACC: 0.5937500 	 lr: 0.000100000	 Total:0.152941599
2021-02-09 14:08:59,633 -   672 /  1684 (39.9%): 	 Avg_ACC: 0.5312500 	 lr: 0.000100000	 Total:0.390619934
2021-02-09 14:09:02,696 -  1008 /  1684 (59.9%): 	 Avg_ACC: 0.6250000 	 lr: 0.000100000	 Total:0.328763604
2021-02-09 14:09:05,684 -  1344 /  1684 (79.8%): 	 Avg_ACC: 0.5937500 	 lr: 0.000100000	 Total:0.186142832
2021-02-09 14:09:08,834 -  1680 /  1684 (99.8%): 	 Avg_ACC: 0.3750000 	 lr: 0.000100000	 Total:0.232477665
2021-02-09 14:09:08,957 - 
===============================|    epoch 27   |===============================

2021-02-09 14:09:09,263 -     0 /  1684 (0.0%): 	 Avg_ACC: 0.7500000 	 lr: 0.000100000	 Total:0.090401173
2021-02-09 14:09:12,440 -   336 /  1684 (20.0%): 	 Avg_ACC: 0.6562500 	 lr: 0.000100000	 Total:0.115679473
2021-02-09 14:09:15,557 -   672 /  1684 (39.9%): 	 Avg_ACC: 0.4062500 	 lr: 0.000100000	 Total:0.362114936
2021-02-09 14:09:18,685 -  1008 /  1684 (59.9%): 	 Avg_ACC: 0.7187500 	 lr: 0.000100000	 Total:0.242500514
2021-02-09 14:09:21,772 -  1344 /  1684 (79.8%): 	 Avg_ACC: 0.4687500 	 lr: 0.000100000	 Total:0.306561679
2021-02-09 14:09:24,937 -  1680 /  1684 (99.8%): 	 Avg_ACC: 0.6250000 	 lr: 0.000100000	 Total:0.246334851
2021-02-09 14:09:25,017 - 
===============================|    epoch 28   |===============================

2021-02-09 14:09:25,290 -     0 /  1684 (0.0%): 	 Avg_ACC: 0.3750000 	 lr: 0.000100000	 Total:0.220744222
2021-02-09 14:09:28,287 -   336 /  1684 (20.0%): 	 Avg_ACC: 0.5625000 	 lr: 0.000100000	 Total:0.151711911
2021-02-09 14:09:31,440 -   672 /  1684 (39.9%): 	 Avg_ACC: 0.6250000 	 lr: 0.000100000	 Total:0.205165043
2021-02-09 14:09:34,746 -  1008 /  1684 (59.9%): 	 Avg_ACC: 0.5937500 	 lr: 0.000100000	 Total:0.183862597
2021-02-09 14:09:37,911 -  1344 /  1684 (79.8%): 	 Avg_ACC: 0.5937500 	 lr: 0.000100000	 Total:0.133572638
2021-02-09 14:09:40,993 -  1680 /  1684 (99.8%): 	 Avg_ACC: 0.5625000 	 lr: 0.000100000	 Total:0.354204565
2021-02-09 14:09:41,080 - 
===============================|    epoch 29   |===============================

2021-02-09 14:09:41,376 -     0 /  1684 (0.0%): 	 Avg_ACC: 0.5937500 	 lr: 0.000100000	 Total:0.154111341
2021-02-09 14:09:44,540 -   336 /  1684 (20.0%): 	 Avg_ACC: 0.6562500 	 lr: 0.000100000	 Total:0.275716662
2021-02-09 14:09:47,648 -   672 /  1684 (39.9%): 	 Avg_ACC: 0.5625000 	 lr: 0.000100000	 Total:0.183487639
2021-02-09 14:09:51,079 -  1008 /  1684 (59.9%): 	 Avg_ACC: 0.5937500 	 lr: 0.000100000	 Total:0.158384576
2021-02-09 14:09:54,286 -  1344 /  1684 (79.8%): 	 Avg_ACC: 0.4375000 	 lr: 0.000100000	 Total:0.205494091
2021-02-09 14:09:57,369 -  1680 /  1684 (99.8%): 	 Avg_ACC: 0.5937500 	 lr: 0.000100000	 Total:0.213425696
2021-02-09 14:09:57,451 - 
===============================|    epoch 30   |===============================

2021-02-09 14:09:57,734 -     0 /  1684 (0.0%): 	 Avg_ACC: 0.7187500 	 lr: 0.000100000	 Total:0.158696234
2021-02-09 14:10:00,862 -   336 /  1684 (20.0%): 	 Avg_ACC: 0.6875000 	 lr: 0.000100000	 Total:0.140536845
2021-02-09 14:10:04,061 -   672 /  1684 (39.9%): 	 Avg_ACC: 0.5312500 	 lr: 0.000100000	 Total:0.130111486
2021-02-09 14:10:07,300 -  1008 /  1684 (59.9%): 	 Avg_ACC: 0.5312500 	 lr: 0.000100000	 Total:0.525325894
2021-02-09 14:10:10,425 -  1344 /  1684 (79.8%): 	 Avg_ACC: 0.5312500 	 lr: 0.000100000	 Total:0.142761916
2021-02-09 14:10:13,531 -  1680 /  1684 (99.8%): 	 Avg_ACC: 0.5000000 	 lr: 0.000100000	 Total:0.214286387
2021-02-09 14:10:17,175 - 
===============================| start validation |===============================

2021-02-09 14:10:17,176 - 	 Avg_ACC: 0.4916425 	  Total:0.3613754
2021-02-09 14:10:17,177 -    ini file updated    
2021-02-09 14:10:17,177 - 
===============================|    epoch 31   |===============================

2021-02-09 14:10:17,522 -     0 /  1684 (0.0%): 	 Avg_ACC: 0.4375000 	 lr: 0.000100000	 Total:0.163361758
2021-02-09 14:10:20,835 -   336 /  1684 (20.0%): 	 Avg_ACC: 0.4375000 	 lr: 0.000100000	 Total:0.295377821
2021-02-09 14:10:24,239 -   672 /  1684 (39.9%): 	 Avg_ACC: 0.4375000 	 lr: 0.000100000	 Total:0.246092692
2021-02-09 14:10:27,722 -  1008 /  1684 (59.9%): 	 Avg_ACC: 0.5312500 	 lr: 0.000100000	 Total:0.300093114
2021-02-09 14:10:31,073 -  1344 /  1684 (79.8%): 	 Avg_ACC: 0.5625000 	 lr: 0.000100000	 Total:0.253161013
2021-02-09 14:10:34,320 -  1680 /  1684 (99.8%): 	 Avg_ACC: 0.4062500 	 lr: 0.000100000	 Total:0.287521273
2021-02-09 14:10:34,427 - 
===============================|    epoch 32   |===============================

2021-02-09 14:10:34,715 -     0 /  1684 (0.0%): 	 Avg_ACC: 0.6250000 	 lr: 0.000100000	 Total:0.124669597
2021-02-09 14:10:37,785 -   336 /  1684 (20.0%): 	 Avg_ACC: 0.5625000 	 lr: 0.000100000	 Total:0.174348071
2021-02-09 14:10:40,730 -   672 /  1684 (39.9%): 	 Avg_ACC: 0.4687500 	 lr: 0.000100000	 Total:0.193218052
2021-02-09 14:10:43,762 -  1008 /  1684 (59.9%): 	 Avg_ACC: 0.5000000 	 lr: 0.000100000	 Total:0.338505447
2021-02-09 14:10:46,725 -  1344 /  1684 (79.8%): 	 Avg_ACC: 0.5937500 	 lr: 0.000100000	 Total:0.176348716
2021-02-09 14:10:49,692 -  1680 /  1684 (99.8%): 	 Avg_ACC: 0.7187500 	 lr: 0.000100000	 Total:0.094362974
2021-02-09 14:10:49,775 - 
===============================|    epoch 33   |===============================

2021-02-09 14:10:50,072 -     0 /  1684 (0.0%): 	 Avg_ACC: 0.3437500 	 lr: 0.000100000	 Total:0.292366266
2021-02-09 14:10:53,215 -   336 /  1684 (20.0%): 	 Avg_ACC: 0.5937500 	 lr: 0.000100000	 Total:0.196927845
2021-02-09 14:10:56,435 -   672 /  1684 (39.9%): 	 Avg_ACC: 0.5312500 	 lr: 0.000100000	 Total:0.361041427
2021-02-09 14:10:59,640 -  1008 /  1684 (59.9%): 	 Avg_ACC: 0.5312500 	 lr: 0.000100000	 Total:0.250070304
2021-02-09 14:11:02,774 -  1344 /  1684 (79.8%): 	 Avg_ACC: 0.5000000 	 lr: 0.000100000	 Total:0.187299848
2021-02-09 14:11:05,651 -  1680 /  1684 (99.8%): 	 Avg_ACC: 0.5000000 	 lr: 0.000100000	 Total:0.157489702
2021-02-09 14:11:05,747 - 
===============================|    epoch 34   |===============================

2021-02-09 14:11:06,033 -     0 /  1684 (0.0%): 	 Avg_ACC: 0.5937500 	 lr: 0.000100000	 Total:0.181789160
2021-02-09 14:11:09,096 -   336 /  1684 (20.0%): 	 Avg_ACC: 0.5000000 	 lr: 0.000100000	 Total:0.240584940
2021-02-09 14:11:12,168 -   672 /  1684 (39.9%): 	 Avg_ACC: 0.6562500 	 lr: 0.000100000	 Total:0.172101766
2021-02-09 14:11:15,378 -  1008 /  1684 (59.9%): 	 Avg_ACC: 0.3437500 	 lr: 0.000100000	 Total:0.573089838
2021-02-09 14:11:18,777 -  1344 /  1684 (79.8%): 	 Avg_ACC: 0.4062500 	 lr: 0.000100000	 Total:0.282822520
2021-02-09 14:11:22,124 -  1680 /  1684 (99.8%): 	 Avg_ACC: 0.6562500 	 lr: 0.000100000	 Total:0.125447765
2021-02-09 14:11:22,212 - 
===============================|    epoch 35   |===============================

2021-02-09 14:11:22,496 -     0 /  1684 (0.0%): 	 Avg_ACC: 0.5625000 	 lr: 0.000100000	 Total:0.243703723
2021-02-09 14:11:25,520 -   336 /  1684 (20.0%): 	 Avg_ACC: 0.5625000 	 lr: 0.000100000	 Total:0.334634542
2021-02-09 14:11:28,674 -   672 /  1684 (39.9%): 	 Avg_ACC: 0.4687500 	 lr: 0.000100000	 Total:0.257563055
2021-02-09 14:11:31,815 -  1008 /  1684 (59.9%): 	 Avg_ACC: 0.5625000 	 lr: 0.000100000	 Total:0.109177515
2021-02-09 14:11:35,139 -  1344 /  1684 (79.8%): 	 Avg_ACC: 0.6250000 	 lr: 0.000100000	 Total:0.133218974
2021-02-09 14:11:38,651 -  1680 /  1684 (99.8%): 	 Avg_ACC: 0.5937500 	 lr: 0.000100000	 Total:0.152739704
2021-02-09 14:11:38,759 - 
===============================|    epoch 36   |===============================

2021-02-09 14:11:39,034 -     0 /  1684 (0.0%): 	 Avg_ACC: 0.6250000 	 lr: 0.000100000	 Total:0.127702534
2021-02-09 14:11:42,315 -   336 /  1684 (20.0%): 	 Avg_ACC: 0.5000000 	 lr: 0.000100000	 Total:0.152161822
2021-02-09 14:11:45,616 -   672 /  1684 (39.9%): 	 Avg_ACC: 0.5000000 	 lr: 0.000100000	 Total:0.161527514
2021-02-09 14:11:49,007 -  1008 /  1684 (59.9%): 	 Avg_ACC: 0.5625000 	 lr: 0.000100000	 Total:0.142125785
2021-02-09 14:11:52,054 -  1344 /  1684 (79.8%): 	 Avg_ACC: 0.5937500 	 lr: 0.000100000	 Total:0.135973826
2021-02-09 14:11:55,096 -  1680 /  1684 (99.8%): 	 Avg_ACC: 0.5000000 	 lr: 0.000100000	 Total:0.300765187
2021-02-09 14:11:55,196 - 
===============================|    epoch 37   |===============================

2021-02-09 14:11:55,530 -     0 /  1684 (0.0%): 	 Avg_ACC: 0.6562500 	 lr: 0.000100000	 Total:0.110048734
2021-02-09 14:11:58,506 -   336 /  1684 (20.0%): 	 Avg_ACC: 0.5312500 	 lr: 0.000100000	 Total:0.213116378
2021-02-09 14:12:01,736 -   672 /  1684 (39.9%): 	 Avg_ACC: 0.4375000 	 lr: 0.000100000	 Total:0.196550459
2021-02-09 14:12:04,997 -  1008 /  1684 (59.9%): 	 Avg_ACC: 0.6562500 	 lr: 0.000100000	 Total:0.110650130
2021-02-09 14:12:08,096 -  1344 /  1684 (79.8%): 	 Avg_ACC: 0.4375000 	 lr: 0.000100000	 Total:0.191681206
2021-02-09 14:12:10,964 -  1680 /  1684 (99.8%): 	 Avg_ACC: 0.6250000 	 lr: 0.000100000	 Total:0.108691126
2021-02-09 14:12:11,050 - 
===============================|    epoch 38   |===============================

2021-02-09 14:12:11,313 -     0 /  1684 (0.0%): 	 Avg_ACC: 0.5000000 	 lr: 0.000100000	 Total:0.150170326
2021-02-09 14:12:14,415 -   336 /  1684 (20.0%): 	 Avg_ACC: 0.5312500 	 lr: 0.000100000	 Total:0.136141390
2021-02-09 14:12:17,348 -   672 /  1684 (39.9%): 	 Avg_ACC: 0.6562500 	 lr: 0.000100000	 Total:0.175857127
2021-02-09 14:12:20,323 -  1008 /  1684 (59.9%): 	 Avg_ACC: 0.4687500 	 lr: 0.000100000	 Total:0.257452667
2021-02-09 14:12:23,459 -  1344 /  1684 (79.8%): 	 Avg_ACC: 0.3437500 	 lr: 0.000100000	 Total:0.215979069
2021-02-09 14:12:26,464 -  1680 /  1684 (99.8%): 	 Avg_ACC: 0.5625000 	 lr: 0.000100000	 Total:0.224488437
2021-02-09 14:12:26,548 - 
===============================|    epoch 39   |===============================

2021-02-09 14:12:26,828 -     0 /  1684 (0.0%): 	 Avg_ACC: 0.6250000 	 lr: 0.000100000	 Total:0.156271696
2021-02-09 14:12:29,888 -   336 /  1684 (20.0%): 	 Avg_ACC: 0.5000000 	 lr: 0.000100000	 Total:0.170018196
2021-02-09 14:12:32,971 -   672 /  1684 (39.9%): 	 Avg_ACC: 0.6875000 	 lr: 0.000100000	 Total:0.086771660
2021-02-09 14:12:36,033 -  1008 /  1684 (59.9%): 	 Avg_ACC: 0.6875000 	 lr: 0.000100000	 Total:0.173121333
2021-02-09 14:12:39,293 -  1344 /  1684 (79.8%): 	 Avg_ACC: 0.4687500 	 lr: 0.000100000	 Total:0.290869862
2021-02-09 14:12:42,436 -  1680 /  1684 (99.8%): 	 Avg_ACC: 0.6250000 	 lr: 0.000100000	 Total:0.138004377
2021-02-09 14:12:42,540 - 
===============================|    epoch 40   |===============================

2021-02-09 14:12:42,854 -     0 /  1684 (0.0%): 	 Avg_ACC: 0.5937500 	 lr: 0.000100000	 Total:0.098471761
2021-02-09 14:12:45,803 -   336 /  1684 (20.0%): 	 Avg_ACC: 0.6562500 	 lr: 0.000100000	 Total:0.093102448
2021-02-09 14:12:48,887 -   672 /  1684 (39.9%): 	 Avg_ACC: 0.5937500 	 lr: 0.000100000	 Total:0.139073089
2021-02-09 14:12:52,094 -  1008 /  1684 (59.9%): 	 Avg_ACC: 0.5937500 	 lr: 0.000100000	 Total:0.138272762
2021-02-09 14:12:54,959 -  1344 /  1684 (79.8%): 	 Avg_ACC: 0.5000000 	 lr: 0.000100000	 Total:0.180372700
2021-02-09 14:12:57,876 -  1680 /  1684 (99.8%): 	 Avg_ACC: 0.6562500 	 lr: 0.000100000	 Total:0.102078646
2021-02-09 14:13:01,053 - 
===============================| start validation |===============================

2021-02-09 14:13:01,053 - 	 Avg_ACC: 0.5074668 	  Total:0.3619824
2021-02-09 14:13:01,054 -    ini file updated    
2021-02-09 14:13:01,079 - Snapshot saved to /data/users/wergillius/UTR_VAE/pth/RL_regressor_MTL/bigger_dataset/l2_scaled_tv82-model_best.pth

2021-02-09 14:13:01,080 -    ini file updated    
2021-02-09 14:13:01,080 - 
===============================|    epoch 41   |===============================

2021-02-09 14:13:01,348 -     0 /  1684 (0.0%): 	 Avg_ACC: 0.6875000 	 lr: 0.000100000	 Total:0.139216155
2021-02-09 14:13:04,582 -   336 /  1684 (20.0%): 	 Avg_ACC: 0.6250000 	 lr: 0.000100000	 Total:0.097606950
2021-02-09 14:13:07,729 -   672 /  1684 (39.9%): 	 Avg_ACC: 0.6562500 	 lr: 0.000100000	 Total:0.097316280
2021-02-09 14:13:11,120 -  1008 /  1684 (59.9%): 	 Avg_ACC: 0.6250000 	 lr: 0.000100000	 Total:0.162327588
2021-02-09 14:13:14,369 -  1344 /  1684 (79.8%): 	 Avg_ACC: 0.5625000 	 lr: 0.000100000	 Total:0.252848625
2021-02-09 14:13:17,617 -  1680 /  1684 (99.8%): 	 Avg_ACC: 0.5625000 	 lr: 0.000100000	 Total:0.147278920
2021-02-09 14:13:17,705 - 
===============================|    epoch 42   |===============================

2021-02-09 14:13:17,993 -     0 /  1684 (0.0%): 	 Avg_ACC: 0.5625000 	 lr: 0.000100000	 Total:0.159249321
2021-02-09 14:13:21,035 -   336 /  1684 (20.0%): 	 Avg_ACC: 0.4375000 	 lr: 0.000100000	 Total:0.195803434
2021-02-09 14:13:24,098 -   672 /  1684 (39.9%): 	 Avg_ACC: 0.4687500 	 lr: 0.000100000	 Total:0.223306358
2021-02-09 14:13:27,092 -  1008 /  1684 (59.9%): 	 Avg_ACC: 0.5312500 	 lr: 0.000100000	 Total:0.201796561
2021-02-09 14:13:30,090 -  1344 /  1684 (79.8%): 	 Avg_ACC: 0.4062500 	 lr: 0.000100000	 Total:0.177384168
2021-02-09 14:13:32,957 -  1680 /  1684 (99.8%): 	 Avg_ACC: 0.5937500 	 lr: 0.000100000	 Total:0.138492644
2021-02-09 14:13:33,079 - 
===============================|    epoch 43   |===============================

2021-02-09 14:13:33,373 -     0 /  1684 (0.0%): 	 Avg_ACC: 0.5937500 	 lr: 0.000100000	 Total:0.155712634
2021-02-09 14:13:36,368 -   336 /  1684 (20.0%): 	 Avg_ACC: 0.7187500 	 lr: 0.000100000	 Total:0.116537645
2021-02-09 14:13:39,471 -   672 /  1684 (39.9%): 	 Avg_ACC: 0.5312500 	 lr: 0.000100000	 Total:0.369480193
2021-02-09 14:13:42,561 -  1008 /  1684 (59.9%): 	 Avg_ACC: 0.5937500 	 lr: 0.000100000	 Total:0.135272741
2021-02-09 14:13:45,686 -  1344 /  1684 (79.8%): 	 Avg_ACC: 0.5625000 	 lr: 0.000100000	 Total:0.139670491
2021-02-09 14:13:48,693 -  1680 /  1684 (99.8%): 	 Avg_ACC: 0.5625000 	 lr: 0.000100000	 Total:0.105808824
2021-02-09 14:13:48,775 - 
===============================|    epoch 44   |===============================

2021-02-09 14:13:49,037 -     0 /  1684 (0.0%): 	 Avg_ACC: 0.5625000 	 lr: 0.000100000	 Total:0.138001606
2021-02-09 14:13:51,935 -   336 /  1684 (20.0%): 	 Avg_ACC: 0.7187500 	 lr: 0.000100000	 Total:0.193451688
2021-02-09 14:13:55,080 -   672 /  1684 (39.9%): 	 Avg_ACC: 0.5937500 	 lr: 0.000100000	 Total:0.251894504
2021-02-09 14:13:58,202 -  1008 /  1684 (59.9%): 	 Avg_ACC: 0.4687500 	 lr: 0.000100000	 Total:0.210998923
2021-02-09 14:14:01,100 -  1344 /  1684 (79.8%): 	 Avg_ACC: 0.6562500 	 lr: 0.000100000	 Total:0.173714101
2021-02-09 14:14:03,882 -  1680 /  1684 (99.8%): 	 Avg_ACC: 0.6250000 	 lr: 0.000100000	 Total:0.142256603
2021-02-09 14:14:03,992 - 
===============================|    epoch 45   |===============================

2021-02-09 14:14:04,257 -     0 /  1684 (0.0%): 	 Avg_ACC: 0.7500000 	 lr: 0.000100000	 Total:0.083484247
2021-02-09 14:14:07,195 -   336 /  1684 (20.0%): 	 Avg_ACC: 0.6250000 	 lr: 0.000100000	 Total:0.323309183
2021-02-09 14:14:10,086 -   672 /  1684 (39.9%): 	 Avg_ACC: 0.5625000 	 lr: 0.000100000	 Total:0.123241901
2021-02-09 14:14:12,995 -  1008 /  1684 (59.9%): 	 Avg_ACC: 0.5312500 	 lr: 0.000100000	 Total:0.205284774
2021-02-09 14:14:15,887 -  1344 /  1684 (79.8%): 	 Avg_ACC: 0.6250000 	 lr: 0.000100000	 Total:0.298468173
2021-02-09 14:14:19,140 -  1680 /  1684 (99.8%): 	 Avg_ACC: 0.5937500 	 lr: 0.000100000	 Total:0.226119637
2021-02-09 14:14:19,251 - 
===============================|    epoch 46   |===============================

2021-02-09 14:14:19,540 -     0 /  1684 (0.0%): 	 Avg_ACC: 0.5625000 	 lr: 0.000100000	 Total:0.224113867
2021-02-09 14:14:22,639 -   336 /  1684 (20.0%): 	 Avg_ACC: 0.5312500 	 lr: 0.000100000	 Total:0.208951876
2021-02-09 14:14:25,865 -   672 /  1684 (39.9%): 	 Avg_ACC: 0.4375000 	 lr: 0.000100000	 Total:0.177824348
2021-02-09 14:14:29,151 -  1008 /  1684 (59.9%): 	 Avg_ACC: 0.4062500 	 lr: 0.000100000	 Total:0.239136815
2021-02-09 14:14:32,432 -  1344 /  1684 (79.8%): 	 Avg_ACC: 0.5625000 	 lr: 0.000100000	 Total:0.408359528
2021-02-09 14:14:35,568 -  1680 /  1684 (99.8%): 	 Avg_ACC: 0.6250000 	 lr: 0.000100000	 Total:0.471158952
2021-02-09 14:14:35,670 - 
===============================|    epoch 47   |===============================

2021-02-09 14:14:35,931 -     0 /  1684 (0.0%): 	 Avg_ACC: 0.6562500 	 lr: 0.000100000	 Total:0.113870926
2021-02-09 14:14:39,202 -   336 /  1684 (20.0%): 	 Avg_ACC: 0.6250000 	 lr: 0.000100000	 Total:0.107980177
2021-02-09 14:14:42,528 -   672 /  1684 (39.9%): 	 Avg_ACC: 0.4687500 	 lr: 0.000100000	 Total:0.260404348
2021-02-09 14:14:45,906 -  1008 /  1684 (59.9%): 	 Avg_ACC: 0.3750000 	 lr: 0.000100000	 Total:0.304912269
2021-02-09 14:14:49,249 -  1344 /  1684 (79.8%): 	 Avg_ACC: 0.4062500 	 lr: 0.000100000	 Total:0.239845201
2021-02-09 14:14:52,552 -  1680 /  1684 (99.8%): 	 Avg_ACC: 0.5312500 	 lr: 0.000100000	 Total:0.173107505
2021-02-09 14:14:52,663 - 
===============================|    epoch 48   |===============================

2021-02-09 14:14:52,990 -     0 /  1684 (0.0%): 	 Avg_ACC: 0.4062500 	 lr: 0.000100000	 Total:0.170864433
2021-02-09 14:14:56,113 -   336 /  1684 (20.0%): 	 Avg_ACC: 0.6250000 	 lr: 0.000100000	 Total:0.112840481
2021-02-09 14:14:59,121 -   672 /  1684 (39.9%): 	 Avg_ACC: 0.6250000 	 lr: 0.000100000	 Total:0.117376782
2021-02-09 14:15:02,229 -  1008 /  1684 (59.9%): 	 Avg_ACC: 0.4375000 	 lr: 0.000100000	 Total:0.118005641
2021-02-09 14:15:05,457 -  1344 /  1684 (79.8%): 	 Avg_ACC: 0.6562500 	 lr: 0.000100000	 Total:0.103619665
2021-02-09 14:15:08,650 -  1680 /  1684 (99.8%): 	 Avg_ACC: 0.5312500 	 lr: 0.000100000	 Total:0.240564540
2021-02-09 14:15:08,782 - 
===============================|    epoch 49   |===============================

2021-02-09 14:15:09,099 -     0 /  1684 (0.0%): 	 Avg_ACC: 0.7187500 	 lr: 0.000100000	 Total:0.136361644
2021-02-09 14:15:12,222 -   336 /  1684 (20.0%): 	 Avg_ACC: 0.6250000 	 lr: 0.000100000	 Total:0.157702386
2021-02-09 14:15:15,281 -   672 /  1684 (39.9%): 	 Avg_ACC: 0.5000000 	 lr: 0.000100000	 Total:0.293142736
2021-02-09 14:15:18,159 -  1008 /  1684 (59.9%): 	 Avg_ACC: 0.1875000 	 lr: 0.000100000	 Total:0.378687203
2021-02-09 14:15:21,080 -  1344 /  1684 (79.8%): 	 Avg_ACC: 0.4375000 	 lr: 0.000100000	 Total:0.271804988
2021-02-09 14:15:24,162 -  1680 /  1684 (99.8%): 	 Avg_ACC: 0.5625000 	 lr: 0.000100000	 Total:0.219925001
2021-02-09 14:15:24,248 - 
===============================|    epoch 50   |===============================

2021-02-09 14:15:24,516 -     0 /  1684 (0.0%): 	 Avg_ACC: 0.5937500 	 lr: 0.000100000	 Total:0.198173285
2021-02-09 14:15:27,672 -   336 /  1684 (20.0%): 	 Avg_ACC: 0.6250000 	 lr: 0.000100000	 Total:0.126531497
2021-02-09 14:15:30,666 -   672 /  1684 (39.9%): 	 Avg_ACC: 0.5937500 	 lr: 0.000100000	 Total:0.173038512
2021-02-09 14:15:33,823 -  1008 /  1684 (59.9%): 	 Avg_ACC: 0.7187500 	 lr: 0.000100000	 Total:0.144295305
2021-02-09 14:15:36,821 -  1344 /  1684 (79.8%): 	 Avg_ACC: 0.4375000 	 lr: 0.000100000	 Total:0.396878213
2021-02-09 14:15:39,798 -  1680 /  1684 (99.8%): 	 Avg_ACC: 0.4375000 	 lr: 0.000100000	 Total:0.153320938
2021-02-09 14:15:43,218 - 
===============================| start validation |===============================

2021-02-09 14:15:43,218 - 	 Avg_ACC: 0.5001732 	  Total:0.3671679
2021-02-09 14:15:43,219 -    ini file updated    
2021-02-09 14:15:43,219 - 
===============================|    epoch 51   |===============================

2021-02-09 14:15:43,497 -     0 /  1684 (0.0%): 	 Avg_ACC: 0.6562500 	 lr: 0.000100000	 Total:0.127208561
2021-02-09 14:15:46,814 -   336 /  1684 (20.0%): 	 Avg_ACC: 0.6562500 	 lr: 0.000100000	 Total:0.132313877
2021-02-09 14:15:49,920 -   672 /  1684 (39.9%): 	 Avg_ACC: 0.6250000 	 lr: 0.000100000	 Total:0.124877945
2021-02-09 14:15:52,977 -  1008 /  1684 (59.9%): 	 Avg_ACC: 0.3437500 	 lr: 0.000100000	 Total:0.201173216
2021-02-09 14:15:56,012 -  1344 /  1684 (79.8%): 	 Avg_ACC: 0.4062500 	 lr: 0.000100000	 Total:0.359867781
2021-02-09 14:15:59,108 -  1680 /  1684 (99.8%): 	 Avg_ACC: 0.5937500 	 lr: 0.000100000	 Total:0.111921959
2021-02-09 14:15:59,225 - 
===============================|    epoch 52   |===============================

2021-02-09 14:15:59,510 -     0 /  1684 (0.0%): 	 Avg_ACC: 0.5937500 	 lr: 0.000100000	 Total:0.114168487
2021-02-09 14:16:02,928 -   336 /  1684 (20.0%): 	 Avg_ACC: 0.6250000 	 lr: 0.000100000	 Total:0.133317381
2021-02-09 14:16:06,302 -   672 /  1684 (39.9%): 	 Avg_ACC: 0.5625000 	 lr: 0.000100000	 Total:0.191540509
2021-02-09 14:16:09,478 -  1008 /  1684 (59.9%): 	 Avg_ACC: 0.4375000 	 lr: 0.000100000	 Total:0.210840255
2021-02-09 14:16:12,643 -  1344 /  1684 (79.8%): 	 Avg_ACC: 0.6875000 	 lr: 0.000100000	 Total:0.139738053
2021-02-09 14:16:16,035 -  1680 /  1684 (99.8%): 	 Avg_ACC: 0.7187500 	 lr: 0.000100000	 Total:0.113176569
2021-02-09 14:16:16,141 - 
===============================|    epoch 53   |===============================

2021-02-09 14:16:16,433 -     0 /  1684 (0.0%): 	 Avg_ACC: 0.6250000 	 lr: 0.000100000	 Total:0.155295327
2021-02-09 14:16:19,424 -   336 /  1684 (20.0%): 	 Avg_ACC: 0.5937500 	 lr: 0.000100000	 Total:0.179084092
2021-02-09 14:16:22,553 -   672 /  1684 (39.9%): 	 Avg_ACC: 0.4375000 	 lr: 0.000100000	 Total:0.290464997
2021-02-09 14:16:25,735 -  1008 /  1684 (59.9%): 	 Avg_ACC: 0.3750000 	 lr: 0.000100000	 Total:0.256995738
2021-02-09 14:16:29,058 -  1344 /  1684 (79.8%): 	 Avg_ACC: 0.4687500 	 lr: 0.000100000	 Total:0.165412739
2021-02-09 14:16:32,498 -  1680 /  1684 (99.8%): 	 Avg_ACC: 0.5312500 	 lr: 0.000100000	 Total:0.427988678
2021-02-09 14:16:32,621 - 
===============================|    epoch 54   |===============================

2021-02-09 14:16:32,915 -     0 /  1684 (0.0%): 	 Avg_ACC: 0.3437500 	 lr: 0.000100000	 Total:0.358047605
2021-02-09 14:16:36,154 -   336 /  1684 (20.0%): 	 Avg_ACC: 0.5625000 	 lr: 0.000100000	 Total:0.198399305
2021-02-09 14:16:39,665 -   672 /  1684 (39.9%): 	 Avg_ACC: 0.4375000 	 lr: 0.000100000	 Total:0.221978918
2021-02-09 14:16:42,800 -  1008 /  1684 (59.9%): 	 Avg_ACC: 0.6875000 	 lr: 0.000100000	 Total:0.086878158
2021-02-09 14:16:46,063 -  1344 /  1684 (79.8%): 	 Avg_ACC: 0.4687500 	 lr: 0.000100000	 Total:0.151716292
2021-02-09 14:16:49,353 -  1680 /  1684 (99.8%): 	 Avg_ACC: 0.5937500 	 lr: 0.000100000	 Total:0.146882683
2021-02-09 14:16:49,456 - 
===============================|    epoch 55   |===============================

2021-02-09 14:16:49,718 -     0 /  1684 (0.0%): 	 Avg_ACC: 0.6562500 	 lr: 0.000100000	 Total:0.084251016
2021-02-09 14:16:52,823 -   336 /  1684 (20.0%): 	 Avg_ACC: 0.5000000 	 lr: 0.000100000	 Total:0.157905981
2021-02-09 14:16:55,891 -   672 /  1684 (39.9%): 	 Avg_ACC: 0.5312500 	 lr: 0.000100000	 Total:0.127101868
2021-02-09 14:16:58,787 -  1008 /  1684 (59.9%): 	 Avg_ACC: 0.5937500 	 lr: 0.000100000	 Total:0.171259344
2021-02-09 14:17:01,753 -  1344 /  1684 (79.8%): 	 Avg_ACC: 0.5625000 	 lr: 0.000100000	 Total:0.173839480
2021-02-09 14:17:04,803 -  1680 /  1684 (99.8%): 	 Avg_ACC: 0.5312500 	 lr: 0.000100000	 Total:0.175506681
2021-02-09 14:17:04,888 - 
===============================|    epoch 56   |===============================

2021-02-09 14:17:05,162 -     0 /  1684 (0.0%): 	 Avg_ACC: 0.7500000 	 lr: 0.000100000	 Total:0.092654929
2021-02-09 14:17:08,196 -   336 /  1684 (20.0%): 	 Avg_ACC: 0.5937500 	 lr: 0.000100000	 Total:0.183576643
2021-02-09 14:17:11,532 -   672 /  1684 (39.9%): 	 Avg_ACC: 0.4687500 	 lr: 0.000100000	 Total:0.243173510
2021-02-09 14:17:14,794 -  1008 /  1684 (59.9%): 	 Avg_ACC: 0.4687500 	 lr: 0.000100000	 Total:0.265108585
2021-02-09 14:17:17,904 -  1344 /  1684 (79.8%): 	 Avg_ACC: 0.6562500 	 lr: 0.000100000	 Total:0.120311826
2021-02-09 14:17:20,838 -  1680 /  1684 (99.8%): 	 Avg_ACC: 0.5937500 	 lr: 0.000100000	 Total:0.143143445
2021-02-09 14:17:20,921 - 
===============================|    epoch 57   |===============================

2021-02-09 14:17:21,202 -     0 /  1684 (0.0%): 	 Avg_ACC: 0.4687500 	 lr: 0.000100000	 Total:0.148605421
2021-02-09 14:17:24,201 -   336 /  1684 (20.0%): 	 Avg_ACC: 0.5937500 	 lr: 0.000100000	 Total:0.135904253
2021-02-09 14:17:27,181 -   672 /  1684 (39.9%): 	 Avg_ACC: 0.5937500 	 lr: 0.000100000	 Total:0.172489524
2021-02-09 14:17:30,067 -  1008 /  1684 (59.9%): 	 Avg_ACC: 0.5937500 	 lr: 0.000100000	 Total:0.161007524
2021-02-09 14:17:32,790 -  1344 /  1684 (79.8%): 	 Avg_ACC: 0.2187500 	 lr: 0.000100000	 Total:0.525376499
2021-02-09 14:17:35,530 -  1680 /  1684 (99.8%): 	 Avg_ACC: 0.6250000 	 lr: 0.000100000	 Total:0.177269384
2021-02-09 14:17:35,608 - 
===============================|    epoch 58   |===============================

2021-02-09 14:17:35,885 -     0 /  1684 (0.0%): 	 Avg_ACC: 0.5625000 	 lr: 0.000100000	 Total:0.124515481
2021-02-09 14:17:38,946 -   336 /  1684 (20.0%): 	 Avg_ACC: 0.5625000 	 lr: 0.000100000	 Total:0.207236245
2021-02-09 14:17:42,012 -   672 /  1684 (39.9%): 	 Avg_ACC: 0.4687500 	 lr: 0.000100000	 Total:0.152469933
2021-02-09 14:17:45,084 -  1008 /  1684 (59.9%): 	 Avg_ACC: 0.7187500 	 lr: 0.000100000	 Total:0.145500660
2021-02-09 14:17:48,093 -  1344 /  1684 (79.8%): 	 Avg_ACC: 0.5625000 	 lr: 0.000100000	 Total:0.146011189
2021-02-09 14:17:51,015 -  1680 /  1684 (99.8%): 	 Avg_ACC: 0.5000000 	 lr: 0.000100000	 Total:0.122684322
2021-02-09 14:17:51,117 - 
===============================|    epoch 59   |===============================

2021-02-09 14:17:51,378 -     0 /  1684 (0.0%): 	 Avg_ACC: 0.5937500 	 lr: 0.000100000	 Total:0.111742124
2021-02-09 14:17:54,520 -   336 /  1684 (20.0%): 	 Avg_ACC: 0.5000000 	 lr: 0.000100000	 Total:0.191034630
2021-02-09 14:17:57,795 -   672 /  1684 (39.9%): 	 Avg_ACC: 0.6250000 	 lr: 0.000100000	 Total:0.172998518
2021-02-09 14:18:00,902 -  1008 /  1684 (59.9%): 	 Avg_ACC: 0.5312500 	 lr: 0.000100000	 Total:0.107452467
2021-02-09 14:18:03,904 -  1344 /  1684 (79.8%): 	 Avg_ACC: 0.5312500 	 lr: 0.000100000	 Total:0.146983236
2021-02-09 14:18:07,338 -  1680 /  1684 (99.8%): 	 Avg_ACC: 0.5312500 	 lr: 0.000100000	 Total:0.198315620
2021-02-09 14:18:07,445 - 
===============================|    epoch 60   |===============================

2021-02-09 14:18:07,704 -     0 /  1684 (0.0%): 	 Avg_ACC: 0.6562500 	 lr: 0.000100000	 Total:0.371511996
2021-02-09 14:18:11,031 -   336 /  1684 (20.0%): 	 Avg_ACC: 0.6875000 	 lr: 0.000100000	 Total:0.095121779
2021-02-09 14:18:14,515 -   672 /  1684 (39.9%): 	 Avg_ACC: 0.6250000 	 lr: 0.000100000	 Total:0.093838587
2021-02-09 14:18:17,810 -  1008 /  1684 (59.9%): 	 Avg_ACC: 0.5000000 	 lr: 0.000100000	 Total:0.198303297
2021-02-09 14:18:20,852 -  1344 /  1684 (79.8%): 	 Avg_ACC: 0.5000000 	 lr: 0.000100000	 Total:0.263582468
2021-02-09 14:18:23,873 -  1680 /  1684 (99.8%): 	 Avg_ACC: 0.5625000 	 lr: 0.000100000	 Total:0.131263807
2021-02-09 14:18:27,061 - 
===============================| start validation |===============================

2021-02-09 14:18:27,061 - 	 Avg_ACC: 0.4904548 	  Total:0.3656059
2021-02-09 14:18:27,062 -    ini file updated    
