2021-07-16 16:06:46,716 - 
===============================|    epoch 0   |===============================

2021-07-16 16:06:47,207 -     0 /  2247 (0.0%):	 Total:0.6150241	 Acc:0.0937500	 Mean_Total:0.6150241
2021-07-16 16:06:54,410 -   449 /  2247 (20.0%):	 Total:0.6785179	 Acc:0.1875000	 Mean_Total:0.5782096
2021-07-16 16:07:01,760 -   898 /  2247 (40.0%):	 Total:0.3747880	 Acc:0.0937500	 Mean_Total:0.5215572
2021-07-16 16:07:09,231 -  1347 /  2247 (59.9%):	 Total:0.5216298	 Acc:0.0625000	 Mean_Total:0.5051990
2021-07-16 16:07:16,763 -  1796 /  2247 (79.9%):	 Total:0.6366616	 Acc:0.1875000	 Mean_Total:0.5040863
2021-07-16 16:07:24,078 -  2245 /  2247 (99.9%):	 Total:0.5184804	 Acc:0.0625000	 Mean_Total:0.5090195
2021-07-16 16:07:26,819 - 
===============================| start validation |===============================

2021-07-16 16:07:26,820 - 	 Total:0.5013435	 Acc:0.0489324
2021-07-16 16:07:26,823 -    ini file updated    
2021-07-16 16:07:26,843 - Snapshot saved to /data/users/wergillius/UTR_VAE/pth/RL_gru_MTL/ds4rl_vleng/big_RL_gru-model_best.pth

2021-07-16 16:07:26,844 -    ini file updated    
2021-07-16 16:07:26,844 - 
===============================|    epoch 1   |===============================

2021-07-16 16:07:27,291 -     0 /  2247 (0.0%):	 Total:0.2520542	 Acc:0.0312500	 Mean_Total:0.2520542
2021-07-16 16:07:34,768 -   449 /  2247 (20.0%):	 Total:0.3467590	 Acc:0.2187500	 Mean_Total:0.2902255
2021-07-16 16:07:42,073 -   898 /  2247 (40.0%):	 Total:0.1804780	 Acc:0.1875000	 Mean_Total:0.3000282
2021-07-16 16:07:49,281 -  1347 /  2247 (59.9%):	 Total:0.2230021	 Acc:0.0625000	 Mean_Total:0.3014582
2021-07-16 16:07:56,932 -  1796 /  2247 (79.9%):	 Total:0.3299150	 Acc:0.2187500	 Mean_Total:0.3087323
2021-07-16 16:08:04,560 -  2245 /  2247 (99.9%):	 Total:0.3393726	 Acc:0.1875000	 Mean_Total:0.3247715
2021-07-16 16:08:04,691 - 
===============================|    epoch 2   |===============================

2021-07-16 16:08:05,133 -     0 /  2247 (0.0%):	 Total:0.3255463	 Acc:0.0312500	 Mean_Total:0.3255463
2021-07-16 16:08:12,610 -   449 /  2247 (20.0%):	 Total:0.1661281	 Acc:0.1562500	 Mean_Total:0.1694360
2021-07-16 16:08:20,144 -   898 /  2247 (40.0%):	 Total:0.1581977	 Acc:0.2812500	 Mean_Total:0.1801850
2021-07-16 16:08:27,480 -  1347 /  2247 (59.9%):	 Total:0.4103976	 Acc:0.1562500	 Mean_Total:0.1955412
2021-07-16 16:08:34,673 -  1796 /  2247 (79.9%):	 Total:0.1224073	 Acc:0.2500000	 Mean_Total:0.2106477
2021-07-16 16:08:42,072 -  2245 /  2247 (99.9%):	 Total:0.2842929	 Acc:0.1250000	 Mean_Total:0.2327460
2021-07-16 16:08:44,771 - 
===============================| start validation |===============================

2021-07-16 16:08:44,772 - 	 Total:0.2777775	 Acc:0.0740658
2021-07-16 16:08:44,775 -    ini file updated    
2021-07-16 16:08:44,795 - Snapshot saved to /data/users/wergillius/UTR_VAE/pth/RL_gru_MTL/ds4rl_vleng/big_RL_gru-model_best.pth

2021-07-16 16:08:44,796 -    ini file updated    
2021-07-16 16:08:44,796 - 
===============================|    epoch 3   |===============================

2021-07-16 16:08:45,256 -     0 /  2247 (0.0%):	 Total:0.2872063	 Acc:0.0625000	 Mean_Total:0.2872063
2021-07-16 16:08:53,215 -   449 /  2247 (20.0%):	 Total:0.0903844	 Acc:0.1250000	 Mean_Total:0.1287498
2021-07-16 16:09:01,479 -   898 /  2247 (40.0%):	 Total:0.1325502	 Acc:0.3125000	 Mean_Total:0.1400841
2021-07-16 16:09:09,365 -  1347 /  2247 (59.9%):	 Total:0.1306888	 Acc:0.2812500	 Mean_Total:0.1539663
2021-07-16 16:09:17,448 -  1796 /  2247 (79.9%):	 Total:0.1746927	 Acc:0.0937500	 Mean_Total:0.1690952
2021-07-16 16:09:25,397 -  2245 /  2247 (99.9%):	 Total:0.4854631	 Acc:0.0625000	 Mean_Total:0.1931524
2021-07-16 16:09:25,492 - 
===============================|    epoch 4   |===============================

2021-07-16 16:09:25,887 -     0 /  2247 (0.0%):	 Total:0.3019288	 Acc:0.0625000	 Mean_Total:0.3019288
2021-07-16 16:09:34,080 -   449 /  2247 (20.0%):	 Total:0.0766240	 Acc:0.3750000	 Mean_Total:0.1150638
2021-07-16 16:09:41,913 -   898 /  2247 (40.0%):	 Total:0.1006477	 Acc:0.1250000	 Mean_Total:0.1244161
2021-07-16 16:09:49,862 -  1347 /  2247 (59.9%):	 Total:0.1348120	 Acc:0.1875000	 Mean_Total:0.1359424
2021-07-16 16:09:57,782 -  1796 /  2247 (79.9%):	 Total:0.1503138	 Acc:0.1562500	 Mean_Total:0.1518030
2021-07-16 16:10:05,623 -  2245 /  2247 (99.9%):	 Total:0.3893226	 Acc:0.1562500	 Mean_Total:0.1753178
2021-07-16 16:10:08,283 - 
===============================| start validation |===============================

2021-07-16 16:10:08,284 - 	 Total:0.1675805	 Acc:0.1179938
2021-07-16 16:10:08,286 -    ini file updated    
2021-07-16 16:10:08,307 - Snapshot saved to /data/users/wergillius/UTR_VAE/pth/RL_gru_MTL/ds4rl_vleng/big_RL_gru-model_best.pth

2021-07-16 16:10:08,308 -    ini file updated    
2021-07-16 16:10:08,308 - 
===============================|    epoch 5   |===============================

2021-07-16 16:10:08,708 -     0 /  2247 (0.0%):	 Total:0.1797582	 Acc:0.1875000	 Mean_Total:0.1797582
2021-07-16 16:10:16,780 -   449 /  2247 (20.0%):	 Total:0.1298471	 Acc:0.2500000	 Mean_Total:0.1033215
2021-07-16 16:10:24,711 -   898 /  2247 (40.0%):	 Total:0.2063627	 Acc:0.2187500	 Mean_Total:0.1144682
2021-07-16 16:10:32,814 -  1347 /  2247 (59.9%):	 Total:0.1908565	 Acc:0.1875000	 Mean_Total:0.1264801
2021-07-16 16:10:41,167 -  1796 /  2247 (79.9%):	 Total:0.1471211	 Acc:0.2187500	 Mean_Total:0.1409170
2021-07-16 16:10:49,991 -  2245 /  2247 (99.9%):	 Total:0.4151973	 Acc:0.0000000	 Mean_Total:0.1645535
2021-07-16 16:10:50,110 - 
===============================|    epoch 6   |===============================

2021-07-16 16:10:50,537 -     0 /  2247 (0.0%):	 Total:0.1937636	 Acc:0.0937500	 Mean_Total:0.1937636
2021-07-16 16:10:59,094 -   449 /  2247 (20.0%):	 Total:0.1387432	 Acc:0.2812500	 Mean_Total:0.0971344
2021-07-16 16:11:07,479 -   898 /  2247 (40.0%):	 Total:0.0968703	 Acc:0.2812500	 Mean_Total:0.1062405
2021-07-16 16:11:15,943 -  1347 /  2247 (59.9%):	 Total:0.0844775	 Acc:0.1875000	 Mean_Total:0.1169645
2021-07-16 16:11:24,485 -  1796 /  2247 (79.9%):	 Total:0.1704398	 Acc:0.1562500	 Mean_Total:0.1313629
2021-07-16 16:11:33,015 -  2245 /  2247 (99.9%):	 Total:0.4392714	 Acc:0.1250000	 Mean_Total:0.1545295
2021-07-16 16:11:36,113 - 
===============================| start validation |===============================

2021-07-16 16:11:36,115 - 	 Total:0.1782204	 Acc:0.1013123
2021-07-16 16:11:36,117 -    ini file updated    
2021-07-16 16:11:36,118 - 
===============================|    epoch 7   |===============================

2021-07-16 16:11:36,596 -     0 /  2247 (0.0%):	 Total:0.2488346	 Acc:0.0625000	 Mean_Total:0.2488346
2021-07-16 16:11:45,082 -   449 /  2247 (20.0%):	 Total:0.1797880	 Acc:0.1875000	 Mean_Total:0.0930148
2021-07-16 16:11:53,486 -   898 /  2247 (40.0%):	 Total:0.0685150	 Acc:0.1875000	 Mean_Total:0.0997365
2021-07-16 16:12:02,246 -  1347 /  2247 (59.9%):	 Total:0.1642630	 Acc:0.3437500	 Mean_Total:0.1107955
2021-07-16 16:12:10,810 -  1796 /  2247 (79.9%):	 Total:0.2032494	 Acc:0.3125000	 Mean_Total:0.1252941
2021-07-16 16:12:19,538 -  2245 /  2247 (99.9%):	 Total:0.3122524	 Acc:0.1875000	 Mean_Total:0.1482846
2021-07-16 16:12:19,660 - 
===============================|    epoch 8   |===============================

2021-07-16 16:12:20,089 -     0 /  2247 (0.0%):	 Total:0.1919239	 Acc:0.1250000	 Mean_Total:0.1919239
2021-07-16 16:12:28,640 -   449 /  2247 (20.0%):	 Total:0.1078615	 Acc:0.1875000	 Mean_Total:0.0861490
2021-07-16 16:12:37,067 -   898 /  2247 (40.0%):	 Total:0.0725863	 Acc:0.3437500	 Mean_Total:0.0952186
2021-07-16 16:12:45,292 -  1347 /  2247 (59.9%):	 Total:0.1654708	 Acc:0.3437500	 Mean_Total:0.1056855
2021-07-16 16:12:53,946 -  1796 /  2247 (79.9%):	 Total:0.1683744	 Acc:0.2812500	 Mean_Total:0.1195425
2021-07-16 16:13:02,426 -  2245 /  2247 (99.9%):	 Total:0.2799002	 Acc:0.0625000	 Mean_Total:0.1422803
2021-07-16 16:13:05,326 - 
===============================| start validation |===============================

2021-07-16 16:13:05,327 - 	 Total:0.1249835	 Acc:0.1528025
2021-07-16 16:13:05,331 -    ini file updated    
2021-07-16 16:13:05,355 - Snapshot saved to /data/users/wergillius/UTR_VAE/pth/RL_gru_MTL/ds4rl_vleng/big_RL_gru-model_best.pth

2021-07-16 16:13:05,360 -    ini file updated    
2021-07-16 16:13:05,360 - 
===============================|    epoch 9   |===============================

2021-07-16 16:13:05,752 -     0 /  2247 (0.0%):	 Total:0.1680152	 Acc:0.0312500	 Mean_Total:0.1680152
2021-07-16 16:13:13,959 -   449 /  2247 (20.0%):	 Total:0.0622139	 Acc:0.2812500	 Mean_Total:0.0803950
2021-07-16 16:13:22,360 -   898 /  2247 (40.0%):	 Total:0.0871171	 Acc:0.2812500	 Mean_Total:0.0895370
2021-07-16 16:13:30,709 -  1347 /  2247 (59.9%):	 Total:0.1508803	 Acc:0.1875000	 Mean_Total:0.1003612
2021-07-16 16:13:39,361 -  1796 /  2247 (79.9%):	 Total:0.1800903	 Acc:0.2187500	 Mean_Total:0.1147434
2021-07-16 16:13:47,918 -  2245 /  2247 (99.9%):	 Total:0.3633184	 Acc:0.0312500	 Mean_Total:0.1377097
2021-07-16 16:13:48,015 - 
===============================|    epoch 10   |===============================

2021-07-16 16:13:48,418 -     0 /  2247 (0.0%):	 Total:0.1862098	 Acc:0.1562500	 Mean_Total:0.1862098
2021-07-16 16:13:56,871 -   449 /  2247 (20.0%):	 Total:0.1155139	 Acc:0.2500000	 Mean_Total:0.0796090
2021-07-16 16:14:05,359 -   898 /  2247 (40.0%):	 Total:0.0901581	 Acc:0.2812500	 Mean_Total:0.0872286
2021-07-16 16:14:13,992 -  1347 /  2247 (59.9%):	 Total:0.1038197	 Acc:0.1250000	 Mean_Total:0.0975068
2021-07-16 16:14:22,549 -  1796 /  2247 (79.9%):	 Total:0.1730610	 Acc:0.2500000	 Mean_Total:0.1109732
2021-07-16 16:14:31,213 -  2245 /  2247 (99.9%):	 Total:0.1881060	 Acc:0.2187500	 Mean_Total:0.1330474
2021-07-16 16:14:34,189 - 
===============================| start validation |===============================

2021-07-16 16:14:34,190 - 	 Total:0.1579820	 Acc:0.1209964
2021-07-16 16:14:34,192 -    ini file updated    
2021-07-16 16:14:34,192 - 
===============================|    epoch 11   |===============================

2021-07-16 16:14:34,625 -     0 /  2247 (0.0%):	 Total:0.2720227	 Acc:0.0937500	 Mean_Total:0.2720227
2021-07-16 16:14:43,204 -   449 /  2247 (20.0%):	 Total:0.1513568	 Acc:0.2812500	 Mean_Total:0.0766225
2021-07-16 16:14:51,940 -   898 /  2247 (40.0%):	 Total:0.2705420	 Acc:0.2500000	 Mean_Total:0.0842610
2021-07-16 16:15:00,442 -  1347 /  2247 (59.9%):	 Total:0.1338866	 Acc:0.1250000	 Mean_Total:0.0943029
2021-07-16 16:15:08,947 -  1796 /  2247 (79.9%):	 Total:0.2013967	 Acc:0.2187500	 Mean_Total:0.1075851
2021-07-16 16:15:17,624 -  2245 /  2247 (99.9%):	 Total:0.2273311	 Acc:0.1250000	 Mean_Total:0.1291775
2021-07-16 16:15:17,727 - 
===============================|    epoch 12   |===============================

2021-07-16 16:15:18,150 -     0 /  2247 (0.0%):	 Total:0.1810493	 Acc:0.0625000	 Mean_Total:0.1810493
2021-07-16 16:15:25,977 -   449 /  2247 (20.0%):	 Total:0.0616919	 Acc:0.4062500	 Mean_Total:0.0757246
2021-07-16 16:15:34,190 -   898 /  2247 (40.0%):	 Total:0.1182514	 Acc:0.1875000	 Mean_Total:0.0828443
2021-07-16 16:15:42,258 -  1347 /  2247 (59.9%):	 Total:0.0797348	 Acc:0.3750000	 Mean_Total:0.0918432
2021-07-16 16:15:50,434 -  1796 /  2247 (79.9%):	 Total:0.1253342	 Acc:0.1250000	 Mean_Total:0.1048125
2021-07-16 16:15:58,980 -  2245 /  2247 (99.9%):	 Total:0.1919959	 Acc:0.0625000	 Mean_Total:0.1267013
2021-07-16 16:16:01,775 - 
===============================| start validation |===============================

2021-07-16 16:16:01,776 - 	 Total:0.1267379	 Acc:0.1426824
2021-07-16 16:16:01,778 -    ini file updated    
2021-07-16 16:16:01,778 - 
===============================|    epoch 13   |===============================

2021-07-16 16:16:02,191 -     0 /  2247 (0.0%):	 Total:0.2399101	 Acc:0.0625000	 Mean_Total:0.2399101
2021-07-16 16:16:10,452 -   449 /  2247 (20.0%):	 Total:0.0944424	 Acc:0.3125000	 Mean_Total:0.0731573
2021-07-16 16:16:19,000 -   898 /  2247 (40.0%):	 Total:0.1034596	 Acc:0.3437500	 Mean_Total:0.0792350
2021-07-16 16:16:27,415 -  1347 /  2247 (59.9%):	 Total:0.1888471	 Acc:0.1875000	 Mean_Total:0.0888969
2021-07-16 16:16:36,118 -  1796 /  2247 (79.9%):	 Total:0.1342306	 Acc:0.0937500	 Mean_Total:0.1017841
2021-07-16 16:16:45,183 -  2245 /  2247 (99.9%):	 Total:0.2736358	 Acc:0.0312500	 Mean_Total:0.1230730
2021-07-16 16:16:45,309 - 
===============================|    epoch 14   |===============================

2021-07-16 16:16:45,750 -     0 /  2247 (0.0%):	 Total:0.1147271	 Acc:0.2500000	 Mean_Total:0.1147271
2021-07-16 16:16:54,320 -   449 /  2247 (20.0%):	 Total:0.0473374	 Acc:0.3125000	 Mean_Total:0.0714842
2021-07-16 16:17:03,166 -   898 /  2247 (40.0%):	 Total:0.0604825	 Acc:0.3125000	 Mean_Total:0.0778654
2021-07-16 16:17:12,012 -  1347 /  2247 (59.9%):	 Total:0.1932993	 Acc:0.2812500	 Mean_Total:0.0873170
2021-07-16 16:17:20,386 -  1796 /  2247 (79.9%):	 Total:0.1735716	 Acc:0.1562500	 Mean_Total:0.0994530
2021-07-16 16:17:29,354 -  2245 /  2247 (99.9%):	 Total:0.2070542	 Acc:0.1562500	 Mean_Total:0.1208101
2021-07-16 16:17:32,191 - 
===============================| start validation |===============================

2021-07-16 16:17:32,192 - 	 Total:0.0975705	 Acc:0.1951735
2021-07-16 16:17:32,194 -    ini file updated    
2021-07-16 16:17:32,217 - Snapshot saved to /data/users/wergillius/UTR_VAE/pth/RL_gru_MTL/ds4rl_vleng/big_RL_gru-model_best.pth

2021-07-16 16:17:32,218 -    ini file updated    
2021-07-16 16:17:32,218 - 
===============================|    epoch 15   |===============================

2021-07-16 16:17:32,628 -     0 /  2247 (0.0%):	 Total:0.1757358	 Acc:0.2187500	 Mean_Total:0.1757358
2021-07-16 16:17:41,122 -   449 /  2247 (20.0%):	 Total:0.0493873	 Acc:0.3125000	 Mean_Total:0.0670356
2021-07-16 16:17:49,720 -   898 /  2247 (40.0%):	 Total:0.0700683	 Acc:0.3437500	 Mean_Total:0.0745362
2021-07-16 16:17:58,395 -  1347 /  2247 (59.9%):	 Total:0.0725014	 Acc:0.2812500	 Mean_Total:0.0844969
2021-07-16 16:18:06,968 -  1796 /  2247 (79.9%):	 Total:0.1724668	 Acc:0.0625000	 Mean_Total:0.0967415
2021-07-16 16:18:15,535 -  2245 /  2247 (99.9%):	 Total:0.3675148	 Acc:0.0625000	 Mean_Total:0.1176487
2021-07-16 16:18:15,658 - 
===============================|    epoch 16   |===============================

2021-07-16 16:18:16,117 -     0 /  2247 (0.0%):	 Total:0.1256160	 Acc:0.1562500	 Mean_Total:0.1256160
2021-07-16 16:18:24,594 -   449 /  2247 (20.0%):	 Total:0.0475743	 Acc:0.4375000	 Mean_Total:0.0685421
2021-07-16 16:18:33,052 -   898 /  2247 (40.0%):	 Total:0.0858787	 Acc:0.3125000	 Mean_Total:0.0731590
2021-07-16 16:18:41,402 -  1347 /  2247 (59.9%):	 Total:0.1512156	 Acc:0.2187500	 Mean_Total:0.0824171
2021-07-16 16:18:49,906 -  1796 /  2247 (79.9%):	 Total:0.1177101	 Acc:0.2187500	 Mean_Total:0.0944307
2021-07-16 16:18:58,271 -  2245 /  2247 (99.9%):	 Total:0.2155938	 Acc:0.0625000	 Mean_Total:0.1145178
2021-07-16 16:19:01,274 - 
===============================| start validation |===============================

2021-07-16 16:19:01,275 - 	 Total:0.1215304	 Acc:0.1599199
2021-07-16 16:19:01,279 -    ini file updated    
2021-07-16 16:19:01,279 - 
===============================|    epoch 17   |===============================

2021-07-16 16:19:01,692 -     0 /  2247 (0.0%):	 Total:0.1727792	 Acc:0.0625000	 Mean_Total:0.1727792
2021-07-16 16:19:10,233 -   449 /  2247 (20.0%):	 Total:0.0205324	 Acc:0.5937500	 Mean_Total:0.0653968
2021-07-16 16:19:18,626 -   898 /  2247 (40.0%):	 Total:0.0504795	 Acc:0.3125000	 Mean_Total:0.0711733
2021-07-16 16:19:27,553 -  1347 /  2247 (59.9%):	 Total:0.0669701	 Acc:0.3437500	 Mean_Total:0.0794477
2021-07-16 16:19:36,689 -  1796 /  2247 (79.9%):	 Total:0.1677457	 Acc:0.1562500	 Mean_Total:0.0915348
2021-07-16 16:19:45,774 -  2245 /  2247 (99.9%):	 Total:0.2010507	 Acc:0.2812500	 Mean_Total:0.1115182
2021-07-16 16:19:45,904 - 
===============================|    epoch 18   |===============================

2021-07-16 16:19:46,330 -     0 /  2247 (0.0%):	 Total:0.1132681	 Acc:0.1875000	 Mean_Total:0.1132681
2021-07-16 16:19:55,226 -   449 /  2247 (20.0%):	 Total:0.0902207	 Acc:0.2812500	 Mean_Total:0.0647804
2021-07-16 16:20:04,121 -   898 /  2247 (40.0%):	 Total:0.0848291	 Acc:0.3125000	 Mean_Total:0.0710431
2021-07-16 16:20:12,708 -  1347 /  2247 (59.9%):	 Total:0.0719059	 Acc:0.3125000	 Mean_Total:0.0794168
2021-07-16 16:20:21,224 -  1796 /  2247 (79.9%):	 Total:0.1774083	 Acc:0.1562500	 Mean_Total:0.0906357
2021-07-16 16:20:30,006 -  2245 /  2247 (99.9%):	 Total:0.1856781	 Acc:0.1250000	 Mean_Total:0.1102123
2021-07-16 16:20:33,041 - 
===============================| start validation |===============================

2021-07-16 16:20:33,042 - 	 Total:0.1111902	 Acc:0.1704849
2021-07-16 16:20:33,045 -    ini file updated    
2021-07-16 16:20:33,045 - 
===============================|    epoch 19   |===============================

2021-07-16 16:20:33,457 -     0 /  2247 (0.0%):	 Total:0.1402676	 Acc:0.1562500	 Mean_Total:0.1402676
2021-07-16 16:20:42,146 -   449 /  2247 (20.0%):	 Total:0.1296233	 Acc:0.2500000	 Mean_Total:0.0631370
2021-07-16 16:20:50,871 -   898 /  2247 (40.0%):	 Total:0.0838028	 Acc:0.1250000	 Mean_Total:0.0685744
2021-07-16 16:20:59,339 -  1347 /  2247 (59.9%):	 Total:0.0847491	 Acc:0.4687500	 Mean_Total:0.0771339
2021-07-16 16:21:07,972 -  1796 /  2247 (79.9%):	 Total:0.1161408	 Acc:0.2187500	 Mean_Total:0.0879480
2021-07-16 16:21:16,674 -  2245 /  2247 (99.9%):	 Total:0.1849172	 Acc:0.0937500	 Mean_Total:0.1070966
2021-07-16 16:21:16,780 - 
===============================|    epoch 20   |===============================

2021-07-16 16:21:17,196 -     0 /  2247 (0.0%):	 Total:0.0831617	 Acc:0.2187500	 Mean_Total:0.0831617
2021-07-16 16:21:25,872 -   449 /  2247 (20.0%):	 Total:0.0331814	 Acc:0.5000000	 Mean_Total:0.0617041
2021-07-16 16:21:34,540 -   898 /  2247 (40.0%):	 Total:0.0504411	 Acc:0.2812500	 Mean_Total:0.0665698
2021-07-16 16:21:43,538 -  1347 /  2247 (59.9%):	 Total:0.1091580	 Acc:0.2187500	 Mean_Total:0.0749102
2021-07-16 16:21:52,536 -  1796 /  2247 (79.9%):	 Total:0.1058513	 Acc:0.1875000	 Mean_Total:0.0861987
2021-07-16 16:22:01,726 -  2245 /  2247 (99.9%):	 Total:0.2777667	 Acc:0.1250000	 Mean_Total:0.1056067
2021-07-16 16:22:04,807 - 
===============================| start validation |===============================

2021-07-16 16:22:04,808 - 	 Total:0.1090444	 Acc:0.1738212
2021-07-16 16:22:04,811 -    ini file updated    
2021-07-16 16:22:04,811 - 
===============================|    epoch 21   |===============================

2021-07-16 16:22:05,292 -     0 /  2247 (0.0%):	 Total:0.1766200	 Acc:0.1250000	 Mean_Total:0.1766200
2021-07-16 16:22:13,846 -   449 /  2247 (20.0%):	 Total:0.0333659	 Acc:0.3125000	 Mean_Total:0.0611628
2021-07-16 16:22:22,249 -   898 /  2247 (40.0%):	 Total:0.0563585	 Acc:0.3437500	 Mean_Total:0.0660840
2021-07-16 16:22:30,536 -  1347 /  2247 (59.9%):	 Total:0.1030669	 Acc:0.0937500	 Mean_Total:0.0743079
2021-07-16 16:22:38,880 -  1796 /  2247 (79.9%):	 Total:0.1016220	 Acc:0.3750000	 Mean_Total:0.0846701
2021-07-16 16:22:47,195 -  2245 /  2247 (99.9%):	 Total:0.2177411	 Acc:0.2500000	 Mean_Total:0.1035561
2021-07-16 16:22:47,326 - 
===============================|    epoch 22   |===============================

2021-07-16 16:22:47,808 -     0 /  2247 (0.0%):	 Total:0.0751653	 Acc:0.2500000	 Mean_Total:0.0751653
2021-07-16 16:22:55,977 -   449 /  2247 (20.0%):	 Total:0.0538004	 Acc:0.4062500	 Mean_Total:0.0609332
2021-07-16 16:23:04,142 -   898 /  2247 (40.0%):	 Total:0.1038457	 Acc:0.2500000	 Mean_Total:0.0654335
2021-07-16 16:23:12,230 -  1347 /  2247 (59.9%):	 Total:0.0619632	 Acc:0.2500000	 Mean_Total:0.0733746
2021-07-16 16:23:20,281 -  1796 /  2247 (79.9%):	 Total:0.1646145	 Acc:0.2500000	 Mean_Total:0.0835874
2021-07-16 16:23:28,631 -  2245 /  2247 (99.9%):	 Total:0.3517984	 Acc:0.1875000	 Mean_Total:0.1018387
2021-07-16 16:23:31,462 - 
===============================| start validation |===============================

2021-07-16 16:23:31,463 - 	 Total:0.1017059	 Acc:0.1903915
2021-07-16 16:23:31,465 -    ini file updated    
2021-07-16 16:23:31,465 - 
===============================|    epoch 23   |===============================

2021-07-16 16:23:31,863 -     0 /  2247 (0.0%):	 Total:0.1222683	 Acc:0.1875000	 Mean_Total:0.1222683
2021-07-16 16:23:39,703 -   449 /  2247 (20.0%):	 Total:0.0451310	 Acc:0.3125000	 Mean_Total:0.0593233
2021-07-16 16:23:48,109 -   898 /  2247 (40.0%):	 Total:0.0507042	 Acc:0.4687500	 Mean_Total:0.0634662
2021-07-16 16:23:56,396 -  1347 /  2247 (59.9%):	 Total:0.0659060	 Acc:0.1875000	 Mean_Total:0.0711147
2021-07-16 16:24:04,669 -  1796 /  2247 (79.9%):	 Total:0.1240198	 Acc:0.1250000	 Mean_Total:0.0815104
2021-07-16 16:24:12,783 -  2245 /  2247 (99.9%):	 Total:0.1712194	 Acc:0.3125000	 Mean_Total:0.0998283
2021-07-16 16:24:12,911 - 
===============================|    epoch 24   |===============================

2021-07-16 16:24:13,367 -     0 /  2247 (0.0%):	 Total:0.1243211	 Acc:0.1562500	 Mean_Total:0.1243211
2021-07-16 16:24:21,575 -   449 /  2247 (20.0%):	 Total:0.0430507	 Acc:0.3437500	 Mean_Total:0.0576550
2021-07-16 16:24:29,886 -   898 /  2247 (40.0%):	 Total:0.1041104	 Acc:0.3750000	 Mean_Total:0.0619093
2021-07-16 16:24:37,864 -  1347 /  2247 (59.9%):	 Total:0.0946799	 Acc:0.2500000	 Mean_Total:0.0696426
2021-07-16 16:24:45,964 -  1796 /  2247 (79.9%):	 Total:0.1057377	 Acc:0.1875000	 Mean_Total:0.0795741
2021-07-16 16:24:54,198 -  2245 /  2247 (99.9%):	 Total:0.1741919	 Acc:0.1875000	 Mean_Total:0.0975693
2021-07-16 16:24:57,272 - 
===============================| start validation |===============================

2021-07-16 16:24:57,273 - 	 Total:0.1042298	 Acc:0.1843861
2021-07-16 16:24:57,276 -    ini file updated    
2021-07-16 16:24:57,276 - 
===============================|    epoch 25   |===============================

2021-07-16 16:24:57,753 -     0 /  2247 (0.0%):	 Total:0.0902847	 Acc:0.1875000	 Mean_Total:0.0902847
2021-07-16 16:25:05,650 -   449 /  2247 (20.0%):	 Total:0.0816714	 Acc:0.2187500	 Mean_Total:0.0576105
2021-07-16 16:25:13,550 -   898 /  2247 (40.0%):	 Total:0.0521803	 Acc:0.3750000	 Mean_Total:0.0609929
2021-07-16 16:25:21,553 -  1347 /  2247 (59.9%):	 Total:0.0663152	 Acc:0.2500000	 Mean_Total:0.0687021
2021-07-16 16:25:29,696 -  1796 /  2247 (79.9%):	 Total:0.0687435	 Acc:0.2812500	 Mean_Total:0.0784603
2021-07-16 16:25:37,742 -  2245 /  2247 (99.9%):	 Total:0.3239290	 Acc:0.1875000	 Mean_Total:0.0959278
2021-07-16 16:25:37,869 - 
===============================|    epoch 26   |===============================

2021-07-16 16:25:38,306 -     0 /  2247 (0.0%):	 Total:0.0609528	 Acc:0.2812500	 Mean_Total:0.0609528
2021-07-16 16:25:46,150 -   449 /  2247 (20.0%):	 Total:0.0303520	 Acc:0.3750000	 Mean_Total:0.0556156
2021-07-16 16:25:54,116 -   898 /  2247 (40.0%):	 Total:0.0754159	 Acc:0.2812500	 Mean_Total:0.0594690
2021-07-16 16:26:02,097 -  1347 /  2247 (59.9%):	 Total:0.1074786	 Acc:0.2500000	 Mean_Total:0.0669352
2021-07-16 16:26:10,171 -  1796 /  2247 (79.9%):	 Total:0.1170214	 Acc:0.1875000	 Mean_Total:0.0772765
2021-07-16 16:26:18,267 -  2245 /  2247 (99.9%):	 Total:0.3515639	 Acc:0.1875000	 Mean_Total:0.0949503
2021-07-16 16:26:21,066 - 
===============================| start validation |===============================

2021-07-16 16:26:21,068 - 	 Total:0.0975159	 Acc:0.2069617
2021-07-16 16:26:21,071 -    ini file updated    
2021-07-16 16:26:21,096 - Snapshot saved to /data/users/wergillius/UTR_VAE/pth/RL_gru_MTL/ds4rl_vleng/big_RL_gru-model_best.pth

2021-07-16 16:26:21,097 -    ini file updated    
2021-07-16 16:26:21,097 - 
===============================|    epoch 27   |===============================

2021-07-16 16:26:21,531 -     0 /  2247 (0.0%):	 Total:0.0732168	 Acc:0.3125000	 Mean_Total:0.0732168
2021-07-16 16:26:29,484 -   449 /  2247 (20.0%):	 Total:0.0493978	 Acc:0.4687500	 Mean_Total:0.0545906
2021-07-16 16:26:37,536 -   898 /  2247 (40.0%):	 Total:0.0567907	 Acc:0.2500000	 Mean_Total:0.0589909
2021-07-16 16:26:46,360 -  1347 /  2247 (59.9%):	 Total:0.0872932	 Acc:0.3125000	 Mean_Total:0.0660307
2021-07-16 16:26:53,914 -  1796 /  2247 (79.9%):	 Total:0.1020840	 Acc:0.2187500	 Mean_Total:0.0758806
2021-07-16 16:27:01,856 -  2245 /  2247 (99.9%):	 Total:0.0955861	 Acc:0.3125000	 Mean_Total:0.0934093
2021-07-16 16:27:01,998 - 
===============================|    epoch 28   |===============================

2021-07-16 16:27:02,424 -     0 /  2247 (0.0%):	 Total:0.1456686	 Acc:0.0937500	 Mean_Total:0.1456686
2021-07-16 16:27:10,048 -   449 /  2247 (20.0%):	 Total:0.0345186	 Acc:0.4062500	 Mean_Total:0.0537759
2021-07-16 16:27:17,517 -   898 /  2247 (40.0%):	 Total:0.0522395	 Acc:0.3750000	 Mean_Total:0.0576526
2021-07-16 16:27:25,057 -  1347 /  2247 (59.9%):	 Total:0.1017720	 Acc:0.4062500	 Mean_Total:0.0655191
2021-07-16 16:27:32,847 -  1796 /  2247 (79.9%):	 Total:0.1529327	 Acc:0.2812500	 Mean_Total:0.0750666
2021-07-16 16:27:40,717 -  2245 /  2247 (99.9%):	 Total:0.1928739	 Acc:0.1875000	 Mean_Total:0.0919447
2021-07-16 16:27:43,443 - 
===============================| start validation |===============================

2021-07-16 16:27:43,444 - 	 Total:0.1024962	 Acc:0.1930605
2021-07-16 16:27:43,447 -    ini file updated    
2021-07-16 16:27:43,447 - 
===============================|    epoch 29   |===============================

2021-07-16 16:27:43,905 -     0 /  2247 (0.0%):	 Total:0.0835958	 Acc:0.3437500	 Mean_Total:0.0835958
2021-07-16 16:27:51,600 -   449 /  2247 (20.0%):	 Total:0.0999784	 Acc:0.2812500	 Mean_Total:0.0530229
2021-07-16 16:27:59,365 -   898 /  2247 (40.0%):	 Total:0.0590701	 Acc:0.2812500	 Mean_Total:0.0563997
2021-07-16 16:28:07,146 -  1347 /  2247 (59.9%):	 Total:0.0702326	 Acc:0.2500000	 Mean_Total:0.0638405
2021-07-16 16:28:15,015 -  1796 /  2247 (79.9%):	 Total:0.0944433	 Acc:0.2812500	 Mean_Total:0.0731685
2021-07-16 16:28:22,907 -  2245 /  2247 (99.9%):	 Total:0.3223626	 Acc:0.0625000	 Mean_Total:0.0895982
2021-07-16 16:28:23,027 - 
===============================|    epoch 30   |===============================

2021-07-16 16:28:23,508 -     0 /  2247 (0.0%):	 Total:0.0836577	 Acc:0.1875000	 Mean_Total:0.0836577
2021-07-16 16:28:30,754 -   449 /  2247 (20.0%):	 Total:0.0562956	 Acc:0.4375000	 Mean_Total:0.0519550
2021-07-16 16:28:38,214 -   898 /  2247 (40.0%):	 Total:0.0847187	 Acc:0.3750000	 Mean_Total:0.0564446
2021-07-16 16:28:46,099 -  1347 /  2247 (59.9%):	 Total:0.0729113	 Acc:0.2812500	 Mean_Total:0.0633481
2021-07-16 16:28:53,925 -  1796 /  2247 (79.9%):	 Total:0.0935631	 Acc:0.2500000	 Mean_Total:0.0724059
2021-07-16 16:29:02,073 -  2245 /  2247 (99.9%):	 Total:0.1275091	 Acc:0.0937500	 Mean_Total:0.0885079
2021-07-16 16:29:05,792 - 
===============================| start validation |===============================

2021-07-16 16:29:05,793 - 	 Total:0.1054526	 Acc:0.1932829
2021-07-16 16:29:05,796 -    ini file updated    
2021-07-16 16:29:05,796 - 
===============================|    epoch 31   |===============================

2021-07-16 16:29:06,222 -     0 /  2247 (0.0%):	 Total:0.0882790	 Acc:0.2187500	 Mean_Total:0.0882790
2021-07-16 16:29:14,219 -   449 /  2247 (20.0%):	 Total:0.0526947	 Acc:0.3437500	 Mean_Total:0.0514313
2021-07-16 16:29:22,257 -   898 /  2247 (40.0%):	 Total:0.0576025	 Acc:0.3750000	 Mean_Total:0.0553782
2021-07-16 16:29:30,296 -  1347 /  2247 (59.9%):	 Total:0.0875039	 Acc:0.2500000	 Mean_Total:0.0624454
2021-07-16 16:29:38,113 -  1796 /  2247 (79.9%):	 Total:0.1101475	 Acc:0.2187500	 Mean_Total:0.0717397
2021-07-16 16:29:46,372 -  2245 /  2247 (99.9%):	 Total:0.1607218	 Acc:0.2187500	 Mean_Total:0.0873452
2021-07-16 16:29:46,504 - 
===============================|    epoch 32   |===============================

2021-07-16 16:29:46,964 -     0 /  2247 (0.0%):	 Total:0.0912733	 Acc:0.1875000	 Mean_Total:0.0912733
2021-07-16 16:29:54,867 -   449 /  2247 (20.0%):	 Total:0.0469443	 Acc:0.5625000	 Mean_Total:0.0513515
2021-07-16 16:30:02,811 -   898 /  2247 (40.0%):	 Total:0.0503721	 Acc:0.3750000	 Mean_Total:0.0549187
2021-07-16 16:30:10,392 -  1347 /  2247 (59.9%):	 Total:0.0837174	 Acc:0.3125000	 Mean_Total:0.0612676
2021-07-16 16:30:18,379 -  1796 /  2247 (79.9%):	 Total:0.0954949	 Acc:0.2187500	 Mean_Total:0.0699515
2021-07-16 16:30:26,376 -  2245 /  2247 (99.9%):	 Total:0.2969046	 Acc:0.1875000	 Mean_Total:0.0856161
2021-07-16 16:30:29,187 - 
===============================| start validation |===============================

2021-07-16 16:30:29,188 - 	 Total:0.1002233	 Acc:0.1940614
2021-07-16 16:30:29,191 -    ini file updated    
2021-07-16 16:30:29,191 - 
===============================|    epoch 33   |===============================

2021-07-16 16:30:29,575 -     0 /  2247 (0.0%):	 Total:0.1142707	 Acc:0.2812500	 Mean_Total:0.1142707
2021-07-16 16:30:37,281 -   449 /  2247 (20.0%):	 Total:0.0484155	 Acc:0.4375000	 Mean_Total:0.0506691
2021-07-16 16:30:45,186 -   898 /  2247 (40.0%):	 Total:0.0751997	 Acc:0.2187500	 Mean_Total:0.0546056
2021-07-16 16:30:53,214 -  1347 /  2247 (59.9%):	 Total:0.0824558	 Acc:0.3125000	 Mean_Total:0.0610765
2021-07-16 16:31:01,375 -  1796 /  2247 (79.9%):	 Total:0.1259423	 Acc:0.2812500	 Mean_Total:0.0696983
2021-07-16 16:31:09,587 -  2245 /  2247 (99.9%):	 Total:0.2136640	 Acc:0.1250000	 Mean_Total:0.0847586
2021-07-16 16:31:09,720 - 
===============================|    epoch 34   |===============================

2021-07-16 16:31:10,133 -     0 /  2247 (0.0%):	 Total:0.1425864	 Acc:0.1562500	 Mean_Total:0.1425864
2021-07-16 16:31:17,775 -   449 /  2247 (20.0%):	 Total:0.0445491	 Acc:0.4687500	 Mean_Total:0.0504360
2021-07-16 16:31:25,562 -   898 /  2247 (40.0%):	 Total:0.0440912	 Acc:0.3125000	 Mean_Total:0.0532053
2021-07-16 16:31:33,293 -  1347 /  2247 (59.9%):	 Total:0.0582905	 Acc:0.2812500	 Mean_Total:0.0597476
2021-07-16 16:31:41,413 -  1796 /  2247 (79.9%):	 Total:0.1223988	 Acc:0.1562500	 Mean_Total:0.0686168
2021-07-16 16:31:49,720 -  2245 /  2247 (99.9%):	 Total:0.2540157	 Acc:0.1562500	 Mean_Total:0.0833128
2021-07-16 16:31:52,498 - 
===============================| start validation |===============================

2021-07-16 16:31:52,499 - 	 Total:0.0922626	 Acc:0.2183052
2021-07-16 16:31:52,502 -    ini file updated    
2021-07-16 16:31:52,522 - Snapshot saved to /data/users/wergillius/UTR_VAE/pth/RL_gru_MTL/ds4rl_vleng/big_RL_gru-model_best.pth

2021-07-16 16:31:52,522 -    ini file updated    
2021-07-16 16:31:52,522 - 
===============================|    epoch 35   |===============================

2021-07-16 16:31:52,915 -     0 /  2247 (0.0%):	 Total:0.0917169	 Acc:0.3125000	 Mean_Total:0.0917169
2021-07-16 16:32:01,005 -   449 /  2247 (20.0%):	 Total:0.0423033	 Acc:0.5000000	 Mean_Total:0.0496676
2021-07-16 16:32:09,185 -   898 /  2247 (40.0%):	 Total:0.0595458	 Acc:0.4062500	 Mean_Total:0.0535436
2021-07-16 16:32:17,223 -  1347 /  2247 (59.9%):	 Total:0.0685615	 Acc:0.2187500	 Mean_Total:0.0596427
2021-07-16 16:32:25,585 -  1796 /  2247 (79.9%):	 Total:0.1170240	 Acc:0.1562500	 Mean_Total:0.0678579
2021-07-16 16:32:33,822 -  2245 /  2247 (99.9%):	 Total:0.0924468	 Acc:0.0625000	 Mean_Total:0.0826375
2021-07-16 16:32:33,957 - 
===============================|    epoch 36   |===============================

2021-07-16 16:32:34,352 -     0 /  2247 (0.0%):	 Total:0.0785200	 Acc:0.1250000	 Mean_Total:0.0785200
2021-07-16 16:32:42,356 -   449 /  2247 (20.0%):	 Total:0.0340123	 Acc:0.4687500	 Mean_Total:0.0480147
2021-07-16 16:32:50,328 -   898 /  2247 (40.0%):	 Total:0.0421818	 Acc:0.4062500	 Mean_Total:0.0515035
2021-07-16 16:32:58,374 -  1347 /  2247 (59.9%):	 Total:0.0669626	 Acc:0.4062500	 Mean_Total:0.0578524
2021-07-16 16:33:06,520 -  1796 /  2247 (79.9%):	 Total:0.0717747	 Acc:0.2187500	 Mean_Total:0.0664882
2021-07-16 16:33:14,678 -  2245 /  2247 (99.9%):	 Total:0.1866380	 Acc:0.0625000	 Mean_Total:0.0806904
2021-07-16 16:33:17,345 - 
===============================| start validation |===============================

2021-07-16 16:33:17,346 - 	 Total:0.0902350	 Acc:0.2332073
2021-07-16 16:33:17,348 -    ini file updated    
2021-07-16 16:33:17,374 - Snapshot saved to /data/users/wergillius/UTR_VAE/pth/RL_gru_MTL/ds4rl_vleng/big_RL_gru-model_best.pth

2021-07-16 16:33:17,375 -    ini file updated    
2021-07-16 16:33:17,375 - 
===============================|    epoch 37   |===============================

2021-07-16 16:33:17,807 -     0 /  2247 (0.0%):	 Total:0.0486568	 Acc:0.4062500	 Mean_Total:0.0486568
2021-07-16 16:33:25,543 -   449 /  2247 (20.0%):	 Total:0.0242462	 Acc:0.3437500	 Mean_Total:0.0482525
2021-07-16 16:33:33,108 -   898 /  2247 (40.0%):	 Total:0.0430313	 Acc:0.2812500	 Mean_Total:0.0517604
2021-07-16 16:33:40,651 -  1347 /  2247 (59.9%):	 Total:0.0852721	 Acc:0.2500000	 Mean_Total:0.0571464
2021-07-16 16:33:48,536 -  1796 /  2247 (79.9%):	 Total:0.1032504	 Acc:0.2812500	 Mean_Total:0.0656050
2021-07-16 16:33:56,487 -  2245 /  2247 (99.9%):	 Total:0.1893232	 Acc:0.1562500	 Mean_Total:0.0796799
2021-07-16 16:33:56,619 - 
===============================|    epoch 38   |===============================

2021-07-16 16:33:57,014 -     0 /  2247 (0.0%):	 Total:0.0871815	 Acc:0.1562500	 Mean_Total:0.0871815
2021-07-16 16:34:05,053 -   449 /  2247 (20.0%):	 Total:0.0431742	 Acc:0.2500000	 Mean_Total:0.0461825
2021-07-16 16:34:13,353 -   898 /  2247 (40.0%):	 Total:0.0733626	 Acc:0.3125000	 Mean_Total:0.0506587
2021-07-16 16:34:21,540 -  1347 /  2247 (59.9%):	 Total:0.0784718	 Acc:0.2812500	 Mean_Total:0.0569600
2021-07-16 16:34:29,584 -  1796 /  2247 (79.9%):	 Total:0.0706701	 Acc:0.3125000	 Mean_Total:0.0649688
2021-07-16 16:34:37,783 -  2245 /  2247 (99.9%):	 Total:0.0991857	 Acc:0.3125000	 Mean_Total:0.0788932
2021-07-16 16:34:40,528 - 
===============================| start validation |===============================

2021-07-16 16:34:40,529 - 	 Total:0.0966878	 Acc:0.2147464
2021-07-16 16:34:40,532 -    ini file updated    
2021-07-16 16:34:40,532 - 
===============================|    epoch 39   |===============================

2021-07-16 16:34:40,939 -     0 /  2247 (0.0%):	 Total:0.0840918	 Acc:0.2500000	 Mean_Total:0.0840918
2021-07-16 16:34:48,743 -   449 /  2247 (20.0%):	 Total:0.0306140	 Acc:0.4687500	 Mean_Total:0.0469710
2021-07-16 16:34:56,735 -   898 /  2247 (40.0%):	 Total:0.0593979	 Acc:0.1875000	 Mean_Total:0.0496239
2021-07-16 16:35:04,582 -  1347 /  2247 (59.9%):	 Total:0.1106592	 Acc:0.1875000	 Mean_Total:0.0555974
2021-07-16 16:35:12,651 -  1796 /  2247 (79.9%):	 Total:0.1221082	 Acc:0.3125000	 Mean_Total:0.0640574
2021-07-16 16:35:20,855 -  2245 /  2247 (99.9%):	 Total:0.1088121	 Acc:0.2500000	 Mean_Total:0.0778753
2021-07-16 16:35:21,001 - 
===============================|    epoch 40   |===============================

2021-07-16 16:35:21,408 -     0 /  2247 (0.0%):	 Total:0.0604581	 Acc:0.2500000	 Mean_Total:0.0604581
2021-07-16 16:35:29,074 -   449 /  2247 (20.0%):	 Total:0.0503097	 Acc:0.4687500	 Mean_Total:0.0456729
2021-07-16 16:35:37,158 -   898 /  2247 (40.0%):	 Total:0.0576693	 Acc:0.3125000	 Mean_Total:0.0490771
2021-07-16 16:35:45,242 -  1347 /  2247 (59.9%):	 Total:0.1035668	 Acc:0.2500000	 Mean_Total:0.0547809
2021-07-16 16:35:53,679 -  1796 /  2247 (79.9%):	 Total:0.1034979	 Acc:0.2500000	 Mean_Total:0.0627438
2021-07-16 16:36:02,226 -  2245 /  2247 (99.9%):	 Total:0.1694022	 Acc:0.2812500	 Mean_Total:0.0765550
2021-07-16 16:36:04,952 - 
===============================| start validation |===============================

2021-07-16 16:36:04,953 - 	 Total:0.0853032	 Acc:0.2348754
2021-07-16 16:36:04,956 -    ini file updated    
2021-07-16 16:36:04,985 - Snapshot saved to /data/users/wergillius/UTR_VAE/pth/RL_gru_MTL/ds4rl_vleng/big_RL_gru-model_best.pth

2021-07-16 16:36:04,986 -    ini file updated    
2021-07-16 16:36:04,987 - 
===============================|    epoch 41   |===============================

2021-07-16 16:36:05,441 -     0 /  2247 (0.0%):	 Total:0.0874944	 Acc:0.1562500	 Mean_Total:0.0874944
2021-07-16 16:36:13,590 -   449 /  2247 (20.0%):	 Total:0.0502443	 Acc:0.2500000	 Mean_Total:0.0457771
2021-07-16 16:36:21,691 -   898 /  2247 (40.0%):	 Total:0.0619642	 Acc:0.5000000	 Mean_Total:0.0491765
2021-07-16 16:36:29,737 -  1347 /  2247 (59.9%):	 Total:0.0704055	 Acc:0.5000000	 Mean_Total:0.0547229
2021-07-16 16:36:38,078 -  1796 /  2247 (79.9%):	 Total:0.0887665	 Acc:0.2500000	 Mean_Total:0.0625409
2021-07-16 16:36:46,305 -  2245 /  2247 (99.9%):	 Total:0.1718929	 Acc:0.1250000	 Mean_Total:0.0758421
2021-07-16 16:36:46,416 - 
===============================|    epoch 42   |===============================

2021-07-16 16:36:46,826 -     0 /  2247 (0.0%):	 Total:0.1089239	 Acc:0.2187500	 Mean_Total:0.1089239
2021-07-16 16:36:54,906 -   449 /  2247 (20.0%):	 Total:0.0290336	 Acc:0.3437500	 Mean_Total:0.0457792
2021-07-16 16:37:02,919 -   898 /  2247 (40.0%):	 Total:0.0775762	 Acc:0.2187500	 Mean_Total:0.0486782
2021-07-16 16:37:11,029 -  1347 /  2247 (59.9%):	 Total:0.0806452	 Acc:0.2500000	 Mean_Total:0.0543246
2021-07-16 16:37:19,279 -  1796 /  2247 (79.9%):	 Total:0.0832370	 Acc:0.3125000	 Mean_Total:0.0616448
2021-07-16 16:37:27,720 -  2245 /  2247 (99.9%):	 Total:0.1866401	 Acc:0.1875000	 Mean_Total:0.0749255
2021-07-16 16:37:30,495 - 
===============================| start validation |===============================

2021-07-16 16:37:30,496 - 	 Total:0.0945753	 Acc:0.2181940
2021-07-16 16:37:30,500 -    ini file updated    
2021-07-16 16:37:30,500 - 
===============================|    epoch 43   |===============================

2021-07-16 16:37:30,937 -     0 /  2247 (0.0%):	 Total:0.0717842	 Acc:0.3437500	 Mean_Total:0.0717842
2021-07-16 16:37:38,614 -   449 /  2247 (20.0%):	 Total:0.0356682	 Acc:0.3750000	 Mean_Total:0.0451497
2021-07-16 16:37:46,665 -   898 /  2247 (40.0%):	 Total:0.0490421	 Acc:0.3750000	 Mean_Total:0.0489035
2021-07-16 16:37:55,029 -  1347 /  2247 (59.9%):	 Total:0.0438257	 Acc:0.3750000	 Mean_Total:0.0541821
2021-07-16 16:38:03,581 -  1796 /  2247 (79.9%):	 Total:0.1146422	 Acc:0.2187500	 Mean_Total:0.0613414
2021-07-16 16:38:12,349 -  2245 /  2247 (99.9%):	 Total:0.1838770	 Acc:0.1562500	 Mean_Total:0.0744818
2021-07-16 16:38:12,478 - 
===============================|    epoch 44   |===============================

2021-07-16 16:38:12,913 -     0 /  2247 (0.0%):	 Total:0.0888221	 Acc:0.2187500	 Mean_Total:0.0888221
2021-07-16 16:38:21,032 -   449 /  2247 (20.0%):	 Total:0.0367529	 Acc:0.3437500	 Mean_Total:0.0442072
2021-07-16 16:38:29,121 -   898 /  2247 (40.0%):	 Total:0.0875647	 Acc:0.3125000	 Mean_Total:0.0467207
2021-07-16 16:38:37,217 -  1347 /  2247 (59.9%):	 Total:0.1000300	 Acc:0.2812500	 Mean_Total:0.0523089
2021-07-16 16:38:45,328 -  1796 /  2247 (79.9%):	 Total:0.1511337	 Acc:0.2812500	 Mean_Total:0.0600824
2021-07-16 16:38:53,380 -  2245 /  2247 (99.9%):	 Total:0.1456875	 Acc:0.1875000	 Mean_Total:0.0728047
2021-07-16 16:38:56,343 - 
===============================| start validation |===============================

2021-07-16 16:38:56,344 - 	 Total:0.0910555	 Acc:0.2240881
2021-07-16 16:38:56,347 -    ini file updated    
2021-07-16 16:38:56,347 - 
===============================|    epoch 45   |===============================

2021-07-16 16:38:56,818 -     0 /  2247 (0.0%):	 Total:0.0639504	 Acc:0.3437500	 Mean_Total:0.0639504
2021-07-16 16:39:04,462 -   449 /  2247 (20.0%):	 Total:0.0574751	 Acc:0.4687500	 Mean_Total:0.0436947
2021-07-16 16:39:12,274 -   898 /  2247 (40.0%):	 Total:0.0395471	 Acc:0.2812500	 Mean_Total:0.0464090
2021-07-16 16:39:19,995 -  1347 /  2247 (59.9%):	 Total:0.0625840	 Acc:0.4062500	 Mean_Total:0.0521489
2021-07-16 16:39:27,806 -  1796 /  2247 (79.9%):	 Total:0.1056122	 Acc:0.2187500	 Mean_Total:0.0598207
2021-07-16 16:39:35,877 -  2245 /  2247 (99.9%):	 Total:0.1592258	 Acc:0.1875000	 Mean_Total:0.0724139
2021-07-16 16:39:36,005 - 
===============================|    epoch 46   |===============================

2021-07-16 16:39:36,446 -     0 /  2247 (0.0%):	 Total:0.0706659	 Acc:0.1875000	 Mean_Total:0.0706659
2021-07-16 16:39:44,133 -   449 /  2247 (20.0%):	 Total:0.0557729	 Acc:0.3125000	 Mean_Total:0.0434714
2021-07-16 16:39:52,185 -   898 /  2247 (40.0%):	 Total:0.0520464	 Acc:0.5000000	 Mean_Total:0.0466779
2021-07-16 16:40:00,200 -  1347 /  2247 (59.9%):	 Total:0.0665632	 Acc:0.1562500	 Mean_Total:0.0517231
2021-07-16 16:40:08,329 -  1796 /  2247 (79.9%):	 Total:0.0756228	 Acc:0.3437500	 Mean_Total:0.0588845
2021-07-16 16:40:16,278 -  2245 /  2247 (99.9%):	 Total:0.1489729	 Acc:0.2187500	 Mean_Total:0.0718557
2021-07-16 16:40:19,304 - 
===============================| start validation |===============================

2021-07-16 16:40:19,305 - 	 Total:0.0957415	 Acc:0.2186388
2021-07-16 16:40:19,309 -    ini file updated    
2021-07-16 16:40:19,310 - 
===============================|    epoch 47   |===============================

2021-07-16 16:40:19,701 -     0 /  2247 (0.0%):	 Total:0.0729070	 Acc:0.3125000	 Mean_Total:0.0729070
2021-07-16 16:40:27,317 -   449 /  2247 (20.0%):	 Total:0.0533866	 Acc:0.2500000	 Mean_Total:0.0428933
2021-07-16 16:40:34,963 -   898 /  2247 (40.0%):	 Total:0.0615439	 Acc:0.2500000	 Mean_Total:0.0460473
2021-07-16 16:40:42,840 -  1347 /  2247 (59.9%):	 Total:0.0512136	 Acc:0.3437500	 Mean_Total:0.0512494
2021-07-16 16:40:50,901 -  1796 /  2247 (79.9%):	 Total:0.0832475	 Acc:0.3750000	 Mean_Total:0.0585560
2021-07-16 16:40:58,814 -  2245 /  2247 (99.9%):	 Total:0.1205650	 Acc:0.2187500	 Mean_Total:0.0709573
2021-07-16 16:40:58,929 - 
===============================|    epoch 48   |===============================

2021-07-16 16:40:59,387 -     0 /  2247 (0.0%):	 Total:0.0687952	 Acc:0.2187500	 Mean_Total:0.0687952
2021-07-16 16:41:07,003 -   449 /  2247 (20.0%):	 Total:0.0224417	 Acc:0.5625000	 Mean_Total:0.0428249
2021-07-16 16:41:14,954 -   898 /  2247 (40.0%):	 Total:0.0432834	 Acc:0.4375000	 Mean_Total:0.0453838
2021-07-16 16:41:22,457 -  1347 /  2247 (59.9%):	 Total:0.0493675	 Acc:0.3750000	 Mean_Total:0.0509128
2021-07-16 16:41:30,291 -  1796 /  2247 (79.9%):	 Total:0.0728414	 Acc:0.3437500	 Mean_Total:0.0577390
2021-07-16 16:41:38,266 -  2245 /  2247 (99.9%):	 Total:0.1541151	 Acc:0.2500000	 Mean_Total:0.0699359
2021-07-16 16:41:40,980 - 
===============================| start validation |===============================

2021-07-16 16:41:40,981 - 	 Total:0.1090706	 Acc:0.1952847
2021-07-16 16:41:40,984 -    ini file updated    
2021-07-16 16:41:40,984 - 
===============================|    epoch 49   |===============================

2021-07-16 16:41:41,351 -     0 /  2247 (0.0%):	 Total:0.0553395	 Acc:0.2812500	 Mean_Total:0.0553395
2021-07-16 16:41:48,859 -   449 /  2247 (20.0%):	 Total:0.0319169	 Acc:0.4687500	 Mean_Total:0.0430165
2021-07-16 16:41:56,634 -   898 /  2247 (40.0%):	 Total:0.0305722	 Acc:0.4062500	 Mean_Total:0.0458493
2021-07-16 16:42:04,480 -  1347 /  2247 (59.9%):	 Total:0.1283446	 Acc:0.4375000	 Mean_Total:0.0505534
2021-07-16 16:42:12,348 -  1796 /  2247 (79.9%):	 Total:0.0994883	 Acc:0.3750000	 Mean_Total:0.0574025
2021-07-16 16:42:20,236 -  2245 /  2247 (99.9%):	 Total:0.1223390	 Acc:0.2500000	 Mean_Total:0.0694055
2021-07-16 16:42:20,369 - 
===============================|    epoch 50   |===============================

2021-07-16 16:42:20,764 -     0 /  2247 (0.0%):	 Total:0.0520122	 Acc:0.2187500	 Mean_Total:0.0520122
2021-07-16 16:42:28,258 -   449 /  2247 (20.0%):	 Total:0.0631955	 Acc:0.3125000	 Mean_Total:0.0414983
2021-07-16 16:42:36,095 -   898 /  2247 (40.0%):	 Total:0.0436327	 Acc:0.3750000	 Mean_Total:0.0439609
2021-07-16 16:42:43,967 -  1347 /  2247 (59.9%):	 Total:0.0620193	 Acc:0.2500000	 Mean_Total:0.0495167
2021-07-16 16:42:51,967 -  1796 /  2247 (79.9%):	 Total:0.0819995	 Acc:0.2187500	 Mean_Total:0.0564238
2021-07-16 16:43:00,231 -  2245 /  2247 (99.9%):	 Total:0.1128213	 Acc:0.2500000	 Mean_Total:0.0688346
2021-07-16 16:43:02,885 - 
===============================| start validation |===============================

2021-07-16 16:43:02,887 - 	 Total:0.0982333	 Acc:0.2215302
2021-07-16 16:43:02,889 -    ini file updated    
2021-07-16 16:43:02,890 - 
===============================|    epoch 51   |===============================

2021-07-16 16:43:03,329 -     0 /  2247 (0.0%):	 Total:0.0632200	 Acc:0.3750000	 Mean_Total:0.0632200
2021-07-16 16:43:11,286 -   449 /  2247 (20.0%):	 Total:0.0304959	 Acc:0.4062500	 Mean_Total:0.0415263
2021-07-16 16:43:19,813 -   898 /  2247 (40.0%):	 Total:0.0353247	 Acc:0.3437500	 Mean_Total:0.0444913
2021-07-16 16:43:28,285 -  1347 /  2247 (59.9%):	 Total:0.0547901	 Acc:0.2812500	 Mean_Total:0.0493747
2021-07-16 16:43:36,682 -  1796 /  2247 (79.9%):	 Total:0.0663832	 Acc:0.2500000	 Mean_Total:0.0562597
2021-07-16 16:43:44,975 -  2245 /  2247 (99.9%):	 Total:0.1214876	 Acc:0.1250000	 Mean_Total:0.0681169
2021-07-16 16:43:45,073 - 
===============================|    epoch 52   |===============================

2021-07-16 16:43:45,491 -     0 /  2247 (0.0%):	 Total:0.0696107	 Acc:0.3125000	 Mean_Total:0.0696107
2021-07-16 16:43:53,493 -   449 /  2247 (20.0%):	 Total:0.0350848	 Acc:0.3437500	 Mean_Total:0.0420278
2021-07-16 16:44:01,702 -   898 /  2247 (40.0%):	 Total:0.0506884	 Acc:0.2500000	 Mean_Total:0.0444815
2021-07-16 16:44:09,864 -  1347 /  2247 (59.9%):	 Total:0.0669290	 Acc:0.2187500	 Mean_Total:0.0492248
2021-07-16 16:44:18,298 -  1796 /  2247 (79.9%):	 Total:0.0689994	 Acc:0.2500000	 Mean_Total:0.0562281
2021-07-16 16:44:26,839 -  2245 /  2247 (99.9%):	 Total:0.1927532	 Acc:0.2500000	 Mean_Total:0.0675534
2021-07-16 16:44:29,656 - 
===============================| start validation |===============================

2021-07-16 16:44:29,657 - 	 Total:0.0989644	 Acc:0.2124110
2021-07-16 16:44:29,661 -    ini file updated    
2021-07-16 16:44:29,661 - 
===============================|    epoch 53   |===============================

2021-07-16 16:44:30,092 -     0 /  2247 (0.0%):	 Total:0.0532372	 Acc:0.3750000	 Mean_Total:0.0532372
2021-07-16 16:44:37,958 -   449 /  2247 (20.0%):	 Total:0.0264940	 Acc:0.5625000	 Mean_Total:0.0396451
2021-07-16 16:44:46,163 -   898 /  2247 (40.0%):	 Total:0.0402709	 Acc:0.3437500	 Mean_Total:0.0427537
2021-07-16 16:44:54,367 -  1347 /  2247 (59.9%):	 Total:0.0403306	 Acc:0.4062500	 Mean_Total:0.0479965
2021-07-16 16:45:02,868 -  1796 /  2247 (79.9%):	 Total:0.1098760	 Acc:0.2187500	 Mean_Total:0.0544333
2021-07-16 16:45:11,387 -  2245 /  2247 (99.9%):	 Total:0.2213817	 Acc:0.1562500	 Mean_Total:0.0660528
2021-07-16 16:45:11,514 - 
===============================|    epoch 54   |===============================

2021-07-16 16:45:11,980 -     0 /  2247 (0.0%):	 Total:0.1405894	 Acc:0.2500000	 Mean_Total:0.1405894
2021-07-16 16:45:20,187 -   449 /  2247 (20.0%):	 Total:0.0387260	 Acc:0.3125000	 Mean_Total:0.0405240
2021-07-16 16:45:28,667 -   898 /  2247 (40.0%):	 Total:0.0443766	 Acc:0.4062500	 Mean_Total:0.0435610
2021-07-16 16:45:37,171 -  1347 /  2247 (59.9%):	 Total:0.1038245	 Acc:0.2187500	 Mean_Total:0.0484279
2021-07-16 16:45:45,753 -  1796 /  2247 (79.9%):	 Total:0.1507928	 Acc:0.2812500	 Mean_Total:0.0549308
2021-07-16 16:45:54,339 -  2245 /  2247 (99.9%):	 Total:0.1208031	 Acc:0.2500000	 Mean_Total:0.0665387
2021-07-16 16:45:57,349 - 
===============================| start validation |===============================

2021-07-16 16:45:57,350 - 	 Total:0.0898902	 Acc:0.2322064
2021-07-16 16:45:57,353 -    ini file updated    
2021-07-16 16:45:57,353 - 
===============================|    epoch 55   |===============================

2021-07-16 16:45:57,730 -     0 /  2247 (0.0%):	 Total:0.0903307	 Acc:0.1875000	 Mean_Total:0.0903307
2021-07-16 16:46:05,370 -   449 /  2247 (20.0%):	 Total:0.0316709	 Acc:0.4375000	 Mean_Total:0.0399986
2021-07-16 16:46:13,280 -   898 /  2247 (40.0%):	 Total:0.0287437	 Acc:0.4062500	 Mean_Total:0.0430321
2021-07-16 16:46:21,273 -  1347 /  2247 (59.9%):	 Total:0.0798045	 Acc:0.3437500	 Mean_Total:0.0479310
2021-07-16 16:46:29,538 -  1796 /  2247 (79.9%):	 Total:0.0956605	 Acc:0.3437500	 Mean_Total:0.0540636
2021-07-16 16:46:37,747 -  2245 /  2247 (99.9%):	 Total:0.1353390	 Acc:0.2500000	 Mean_Total:0.0651271
2021-07-16 16:46:37,886 - 
===============================|    epoch 56   |===============================

2021-07-16 16:46:38,368 -     0 /  2247 (0.0%):	 Total:0.0579351	 Acc:0.2500000	 Mean_Total:0.0579351
2021-07-16 16:46:46,182 -   449 /  2247 (20.0%):	 Total:0.0292575	 Acc:0.5625000	 Mean_Total:0.0400916
2021-07-16 16:46:54,199 -   898 /  2247 (40.0%):	 Total:0.0511333	 Acc:0.2500000	 Mean_Total:0.0426409
2021-07-16 16:47:02,048 -  1347 /  2247 (59.9%):	 Total:0.0719081	 Acc:0.1562500	 Mean_Total:0.0474115
2021-07-16 16:47:09,953 -  1796 /  2247 (79.9%):	 Total:0.0802460	 Acc:0.2187500	 Mean_Total:0.0538064
2021-07-16 16:47:18,072 -  2245 /  2247 (99.9%):	 Total:0.0919022	 Acc:0.2500000	 Mean_Total:0.0644785
2021-07-16 16:47:20,872 - 
===============================| start validation |===============================

2021-07-16 16:47:20,873 - 	 Total:0.0963573	 Acc:0.2330961
2021-07-16 16:47:20,875 -    ini file updated    
2021-07-16 16:47:20,876 - 
===============================|    epoch 57   |===============================

2021-07-16 16:47:21,326 -     0 /  2247 (0.0%):	 Total:0.0550792	 Acc:0.2812500	 Mean_Total:0.0550792
2021-07-16 16:47:29,253 -   449 /  2247 (20.0%):	 Total:0.0292748	 Acc:0.5625000	 Mean_Total:0.0392881
2021-07-16 16:47:37,500 -   898 /  2247 (40.0%):	 Total:0.0319847	 Acc:0.5937500	 Mean_Total:0.0418420
2021-07-16 16:47:45,581 -  1347 /  2247 (59.9%):	 Total:0.0534002	 Acc:0.4687500	 Mean_Total:0.0465295
2021-07-16 16:47:53,508 -  1796 /  2247 (79.9%):	 Total:0.0355570	 Acc:0.4687500	 Mean_Total:0.0528294
2021-07-16 16:48:01,553 -  2245 /  2247 (99.9%):	 Total:0.0843961	 Acc:0.1562500	 Mean_Total:0.0636315
2021-07-16 16:48:01,680 - 
===============================|    epoch 58   |===============================

2021-07-16 16:48:02,138 -     0 /  2247 (0.0%):	 Total:0.0809825	 Acc:0.3125000	 Mean_Total:0.0809825
2021-07-16 16:48:10,287 -   449 /  2247 (20.0%):	 Total:0.0401342	 Acc:0.2187500	 Mean_Total:0.0404396
2021-07-16 16:48:18,154 -   898 /  2247 (40.0%):	 Total:0.0408667	 Acc:0.2500000	 Mean_Total:0.0423667
2021-07-16 16:48:26,472 -  1347 /  2247 (59.9%):	 Total:0.0473249	 Acc:0.4375000	 Mean_Total:0.0470197
2021-07-16 16:48:34,748 -  1796 /  2247 (79.9%):	 Total:0.0840656	 Acc:0.3750000	 Mean_Total:0.0531675
2021-07-16 16:48:43,198 -  2245 /  2247 (99.9%):	 Total:0.1803587	 Acc:0.1250000	 Mean_Total:0.0638819
2021-07-16 16:48:45,892 - 
===============================| start validation |===============================

2021-07-16 16:48:45,893 - 	 Total:0.0931650	 Acc:0.2359875
2021-07-16 16:48:45,895 -    ini file updated    
2021-07-16 16:48:45,915 - Snapshot saved to /data/users/wergillius/UTR_VAE/pth/RL_gru_MTL/ds4rl_vleng/big_RL_gru-model_best.pth

2021-07-16 16:48:45,916 -    ini file updated    
2021-07-16 16:48:45,916 - 
===============================|    epoch 59   |===============================

2021-07-16 16:48:46,314 -     0 /  2247 (0.0%):	 Total:0.0811604	 Acc:0.1875000	 Mean_Total:0.0811604
2021-07-16 16:48:54,304 -   449 /  2247 (20.0%):	 Total:0.0408961	 Acc:0.4375000	 Mean_Total:0.0386523
2021-07-16 16:49:02,222 -   898 /  2247 (40.0%):	 Total:0.0395686	 Acc:0.3125000	 Mean_Total:0.0415521
2021-07-16 16:49:10,378 -  1347 /  2247 (59.9%):	 Total:0.0803958	 Acc:0.3437500	 Mean_Total:0.0462782
2021-07-16 16:49:18,801 -  1796 /  2247 (79.9%):	 Total:0.0862021	 Acc:0.2500000	 Mean_Total:0.0523503
2021-07-16 16:49:27,103 -  2245 /  2247 (99.9%):	 Total:0.1059477	 Acc:0.1562500	 Mean_Total:0.0628206
2021-07-16 16:49:27,225 - 
===============================|    epoch 60   |===============================

2021-07-16 16:49:27,626 -     0 /  2247 (0.0%):	 Total:0.0892174	 Acc:0.2187500	 Mean_Total:0.0892174
2021-07-16 16:49:35,603 -   449 /  2247 (20.0%):	 Total:0.0259071	 Acc:0.3750000	 Mean_Total:0.0383635
2021-07-16 16:49:43,403 -   898 /  2247 (40.0%):	 Total:0.0624358	 Acc:0.3437500	 Mean_Total:0.0408804
2021-07-16 16:49:51,169 -  1347 /  2247 (59.9%):	 Total:0.0488388	 Acc:0.2187500	 Mean_Total:0.0456861
2021-07-16 16:49:59,064 -  1796 /  2247 (79.9%):	 Total:0.0928707	 Acc:0.3750000	 Mean_Total:0.0518255
2021-07-16 16:50:07,391 -  2245 /  2247 (99.9%):	 Total:0.1321142	 Acc:0.2187500	 Mean_Total:0.0625646
2021-07-16 16:50:10,494 - 
===============================| start validation |===============================

2021-07-16 16:50:10,495 - 	 Total:0.0929405	 Acc:0.2512233
2021-07-16 16:50:10,497 -    ini file updated    
2021-07-16 16:50:10,517 - Snapshot saved to /data/users/wergillius/UTR_VAE/pth/RL_gru_MTL/ds4rl_vleng/big_RL_gru-model_best.pth

2021-07-16 16:50:10,518 -    ini file updated    
2021-07-20 13:55:30,336 -  	 	 ==============<<<  Experiment detected  >>>============== 	 	 

