2021-09-13 18:20:08,907 -   	 	 ==============<<< device used: cuda:1  >>>============== 	 	 
2021-09-13 18:20:17,887 - ===============================|    epoch 0   |===============================
2021-09-13 18:20:19,113 -     0 / 11829 (000%):	 Total:1.3220406	 Acc:0.1250000	 lr:0.0009882	 Mean_Total:1.3220406
2021-09-13 18:23:00,061 -  2365 / 11829 (019%):	 Total:0.7081683	 Acc:0.2500000	 lr:0.0018171	 Mean_Total:0.7808377
2021-09-13 18:26:14,329 -  4730 / 11829 (039%):	 Total:1.0163462	 Acc:0.2187500	 lr:0.0012850	 Mean_Total:0.7370452
2021-09-13 18:29:43,008 -  7095 / 11829 (059%):	 Total:0.5534934	 Acc:0.2812500	 lr:0.0010493	 Mean_Total:0.7183914
2021-09-13 18:34:16,796 -  9460 / 11829 (079%):	 Total:0.5914625	 Acc:0.2187500	 lr:0.0009087	 Mean_Total:0.7063626
2021-09-13 18:38:13,191 - 11825 / 11829 (099%):	 Total:0.5550318	 Acc:0.2187500	 lr:0.0008128	 Mean_Total:0.6948700
2021-09-13 18:38:13,756 - ===============================| start validation |===============================
2021-09-13 18:38:58,582 - 	 Total:0.6170562	 Acc:0.2028940
2021-09-13 18:38:58,590 -    ini file updated    
2021-09-13 18:38:58,616 - Snapshot saved to /data/users/wergillius/UTR_VAE/pth/RL_gru_MTL/scratch_schedule_kfold/from_scratch-model_best_cv0.pth

2021-09-13 18:38:58,618 -    ini file updated    
2021-09-13 18:38:58,618 - ===============================|    epoch 1   |===============================
2021-09-13 18:39:00,168 -     0 / 11829 (000%):	 Total:0.5633823	 Acc:0.2500000	 lr:0.0008126	 Mean_Total:0.5633823
2021-09-13 18:42:53,261 -  2365 / 11829 (019%):	 Total:0.6520373	 Acc:0.2500000	 lr:0.0007419	 Mean_Total:0.6355158
2021-09-13 18:46:55,606 -  4730 / 11829 (039%):	 Total:0.4801976	 Acc:0.2500000	 lr:0.0006869	 Mean_Total:0.6381164
2021-09-13 18:50:51,087 -  7095 / 11829 (059%):	 Total:0.5228664	 Acc:0.1250000	 lr:0.0006425	 Mean_Total:0.6353238
2021-09-13 18:54:38,856 -  9460 / 11829 (079%):	 Total:0.5286439	 Acc:0.1562500	 lr:0.0006058	 Mean_Total:0.6315784
2021-09-13 18:58:35,562 - 11825 / 11829 (099%):	 Total:0.6565758	 Acc:0.1875000	 lr:0.0005747	 Mean_Total:0.6285892
2021-09-13 18:58:35,965 - ===============================| start validation |===============================
2021-09-13 18:59:21,036 - 	 Total:0.5942840	 Acc:0.2055635
2021-09-13 18:59:21,041 -    ini file updated    
2021-09-13 18:59:21,055 - Snapshot saved to /data/users/wergillius/UTR_VAE/pth/RL_gru_MTL/scratch_schedule_kfold/from_scratch-model_best_cv0.pth

2021-09-13 18:59:21,056 -    ini file updated    
2021-09-13 18:59:21,056 - ===============================|    epoch 2   |===============================
2021-09-13 18:59:22,192 -     0 / 11829 (000%):	 Total:0.5476393	 Acc:0.2187500	 lr:0.0005746	 Mean_Total:0.5476393
2021-09-13 19:03:09,961 -  2365 / 11829 (019%):	 Total:0.6711873	 Acc:0.2187500	 lr:0.0005479	 Mean_Total:0.6141205
2021-09-13 19:07:11,570 -  4730 / 11829 (039%):	 Total:0.5437679	 Acc:0.3125000	 lr:0.0005246	 Mean_Total:0.6117492
2021-09-13 19:11:10,715 -  7095 / 11829 (059%):	 Total:0.3372207	 Acc:0.2500000	 lr:0.0005040	 Mean_Total:0.6119901
2021-09-13 19:15:09,771 -  9460 / 11829 (079%):	 Total:0.9559336	 Acc:0.2187500	 lr:0.0004857	 Mean_Total:0.6116038
2021-09-13 19:19:08,872 - 11825 / 11829 (099%):	 Total:0.5673971	 Acc:0.1250000	 lr:0.0004692	 Mean_Total:0.6109738
2021-09-13 19:19:09,307 - ===============================| start validation |===============================
2021-09-13 19:19:52,885 - 	 Total:0.5899529	 Acc:0.2104457
2021-09-13 19:19:52,890 -    ini file updated    
2021-09-13 19:19:52,911 - Snapshot saved to /data/users/wergillius/UTR_VAE/pth/RL_gru_MTL/scratch_schedule_kfold/from_scratch-model_best_cv0.pth

2021-09-13 19:19:52,912 -    ini file updated    
2021-09-13 19:19:52,912 - ===============================|    epoch 3   |===============================
2021-09-13 19:19:54,092 -     0 / 11829 (000%):	 Total:0.8178878	 Acc:0.2500000	 lr:0.0004692	 Mean_Total:0.8178878
2021-09-13 19:23:44,058 -  2365 / 11829 (019%):	 Total:0.4798322	 Acc:0.1875000	 lr:0.0004543	 Mean_Total:0.6020686
2021-09-13 19:27:35,100 -  4730 / 11829 (039%):	 Total:0.4969800	 Acc:0.1562500	 lr:0.0004407	 Mean_Total:0.6020106
2021-09-13 19:31:30,002 -  7095 / 11829 (059%):	 Total:0.7636806	 Acc:0.1250000	 lr:0.0004283	 Mean_Total:0.5997035
2021-09-13 19:35:33,461 -  9460 / 11829 (079%):	 Total:0.4067128	 Acc:0.2500000	 lr:0.0004169	 Mean_Total:0.6000212
2021-09-13 19:39:30,458 - 11825 / 11829 (099%):	 Total:0.4577337	 Acc:0.3125000	 lr:0.0004064	 Mean_Total:0.6008692
2021-09-13 19:39:30,988 - ===============================| start validation |===============================
2021-09-13 19:40:18,070 - 	 Total:0.5798225	 Acc:0.2079874
2021-09-13 19:40:18,077 -    ini file updated    
2021-09-13 19:40:18,110 - Snapshot saved to /data/users/wergillius/UTR_VAE/pth/RL_gru_MTL/scratch_schedule_kfold/from_scratch-model_best_cv0.pth

2021-09-13 19:40:18,111 -    ini file updated    
2021-09-13 19:40:18,111 - ===============================|    epoch 4   |===============================
2021-09-13 19:40:19,517 -     0 / 11829 (000%):	 Total:0.6257401	 Acc:0.2500000	 lr:0.0004063	 Mean_Total:0.6257401
2021-09-13 19:44:19,537 -  2365 / 11829 (019%):	 Total:0.4640391	 Acc:0.2187500	 lr:0.0003965	 Mean_Total:0.5952737
2021-09-13 19:48:25,898 -  4730 / 11829 (039%):	 Total:0.7600790	 Acc:0.2187500	 lr:0.0003874	 Mean_Total:0.5955092
2021-09-13 19:52:26,066 -  7095 / 11829 (059%):	 Total:0.5893204	 Acc:0.1562500	 lr:0.0003789	 Mean_Total:0.5943323
2021-09-13 19:56:27,562 -  9460 / 11829 (079%):	 Total:0.5942399	 Acc:0.1562500	 lr:0.0003709	 Mean_Total:0.5943820
2021-09-13 20:00:29,930 - 11825 / 11829 (099%):	 Total:1.0265284	 Acc:0.1875000	 lr:0.0003635	 Mean_Total:0.5943261
2021-09-13 20:00:30,414 - ===============================| start validation |===============================
2021-09-13 20:01:17,151 - 	 Total:0.5789073	 Acc:0.2081168
2021-09-13 20:01:17,155 -    ini file updated    
2021-09-13 20:01:17,170 - Snapshot saved to /data/users/wergillius/UTR_VAE/pth/RL_gru_MTL/scratch_schedule_kfold/from_scratch-model_best_cv0.pth

2021-09-13 20:01:17,171 -    ini file updated    
2021-09-13 20:01:17,171 - ===============================|    epoch 5   |===============================
2021-09-13 20:01:18,486 -     0 / 11829 (000%):	 Total:0.5915269	 Acc:0.3125000	 lr:0.0003634	 Mean_Total:0.5915269
2021-09-13 20:05:15,405 -  2365 / 11829 (019%):	 Total:0.6333715	 Acc:0.1875000	 lr:0.0003564	 Mean_Total:0.5889334
2021-09-13 20:09:25,885 -  4730 / 11829 (039%):	 Total:0.6390635	 Acc:0.1250000	 lr:0.0003497	 Mean_Total:0.5929555
2021-09-13 20:13:25,217 -  7095 / 11829 (059%):	 Total:0.7319305	 Acc:0.0625000	 lr:0.0003434	 Mean_Total:0.5909274
2021-09-13 20:17:38,467 -  9460 / 11829 (079%):	 Total:0.7067891	 Acc:0.2187500	 lr:0.0003375	 Mean_Total:0.5900708
2021-09-13 20:21:26,380 - 11825 / 11829 (099%):	 Total:0.4247299	 Acc:0.1562500	 lr:0.0003318	 Mean_Total:0.5892798
2021-09-13 20:21:26,818 - ===============================| start validation |===============================
2021-09-13 20:22:05,086 - 	 Total:0.5731413	 Acc:0.2055978
2021-09-13 20:22:05,091 -    ini file updated    
2021-09-13 20:22:05,113 - Snapshot saved to /data/users/wergillius/UTR_VAE/pth/RL_gru_MTL/scratch_schedule_kfold/from_scratch-model_best_cv0.pth

2021-09-13 20:22:05,115 -    ini file updated    
2021-09-13 20:22:05,115 - ===============================|    epoch 6   |===============================
2021-09-13 20:22:06,281 -     0 / 11829 (000%):	 Total:0.4929805	 Acc:0.1250000	 lr:0.0003318	 Mean_Total:0.4929805
2021-09-13 20:25:15,240 -  2365 / 11829 (019%):	 Total:0.4855116	 Acc:0.1875000	 lr:0.0003264	 Mean_Total:0.5858002
2021-09-13 20:28:29,848 -  4730 / 11829 (039%):	 Total:0.4512083	 Acc:0.2812500	 lr:0.0003212	 Mean_Total:0.5867771
2021-09-13 20:31:42,645 -  7095 / 11829 (059%):	 Total:0.5775726	 Acc:0.2500000	 lr:0.0003163	 Mean_Total:0.5864656
2021-09-13 20:34:55,977 -  9460 / 11829 (079%):	 Total:0.5177243	 Acc:0.1250000	 lr:0.0003117	 Mean_Total:0.5846065
2021-09-13 20:38:12,292 - 11825 / 11829 (099%):	 Total:0.5463390	 Acc:0.2500000	 lr:0.0003072	 Mean_Total:0.5848891
2021-09-13 20:38:12,731 - ===============================| start validation |===============================
2021-09-13 20:38:49,842 - 	 Total:0.5682615	 Acc:0.2133450
2021-09-13 20:38:49,846 -    ini file updated    
2021-09-13 20:38:49,863 - Snapshot saved to /data/users/wergillius/UTR_VAE/pth/RL_gru_MTL/scratch_schedule_kfold/from_scratch-model_best_cv0.pth

2021-09-13 20:38:49,864 -    ini file updated    
2021-09-13 20:38:49,864 - ===============================|    epoch 7   |===============================
2021-09-13 20:38:51,008 -     0 / 11829 (000%):	 Total:0.5389023	 Acc:0.2812500	 lr:0.0003072	 Mean_Total:0.5389023
2021-09-13 20:42:01,606 -  2365 / 11829 (019%):	 Total:0.4490328	 Acc:0.2187500	 lr:0.0003029	 Mean_Total:0.5783146
2021-09-13 20:45:14,592 -  4730 / 11829 (039%):	 Total:0.4616345	 Acc:0.2812500	 lr:0.0002987	 Mean_Total:0.5814517
2021-09-13 20:48:29,420 -  7095 / 11829 (059%):	 Total:0.5886561	 Acc:0.0937500	 lr:0.0002948	 Mean_Total:0.5817701
2021-09-13 20:51:48,148 -  9460 / 11829 (079%):	 Total:0.4772687	 Acc:0.1562500	 lr:0.0002910	 Mean_Total:0.5824422
2021-09-13 20:55:01,894 - 11825 / 11829 (099%):	 Total:0.6108599	 Acc:0.2500000	 lr:0.0002873	 Mean_Total:0.5819574
2021-09-13 20:55:02,315 - ===============================| start validation |===============================
2021-09-13 20:55:41,130 - 	 Total:0.5668393	 Acc:0.2143193
2021-09-13 20:55:41,135 -    ini file updated    
2021-09-13 20:55:41,159 - Snapshot saved to /data/users/wergillius/UTR_VAE/pth/RL_gru_MTL/scratch_schedule_kfold/from_scratch-model_best_cv0.pth

2021-09-13 20:55:41,161 -    ini file updated    
2021-09-13 20:55:41,161 - ===============================|    epoch 8   |===============================
2021-09-13 20:55:42,240 -     0 / 11829 (000%):	 Total:0.6797918	 Acc:0.1562500	 lr:0.0002873	 Mean_Total:0.6797918
2021-09-13 20:58:52,894 -  2365 / 11829 (019%):	 Total:0.5759542	 Acc:0.2187500	 lr:0.0002838	 Mean_Total:0.5739516
2021-09-13 21:02:11,215 -  4730 / 11829 (039%):	 Total:0.5584410	 Acc:0.2187500	 lr:0.0002804	 Mean_Total:0.5778023
2021-09-13 21:05:26,391 -  7095 / 11829 (059%):	 Total:0.6083511	 Acc:0.2187500	 lr:0.0002771	 Mean_Total:0.5793926
2021-09-13 21:08:47,864 -  9460 / 11829 (079%):	 Total:0.3784229	 Acc:0.1875000	 lr:0.0002740	 Mean_Total:0.5795652
2021-09-13 21:12:09,665 - 11825 / 11829 (099%):	 Total:0.5339233	 Acc:0.2500000	 lr:0.0002709	 Mean_Total:0.5792186
2021-09-13 21:12:10,078 - ===============================| start validation |===============================
2021-09-13 21:12:49,673 - 	 Total:0.5700880	 Acc:0.2169334
2021-09-13 21:12:49,677 -    ini file updated    
2021-09-13 21:12:49,695 - Snapshot saved to /data/users/wergillius/UTR_VAE/pth/RL_gru_MTL/scratch_schedule_kfold/from_scratch-model_best_cv0.pth

2021-09-13 21:12:49,697 -    ini file updated    
2021-09-13 21:12:49,697 - ===============================|    epoch 9   |===============================
2021-09-13 21:12:50,939 -     0 / 11829 (000%):	 Total:0.6661071	 Acc:0.2500000	 lr:0.0002709	 Mean_Total:0.6661071
2021-09-13 21:16:03,656 -  2365 / 11829 (019%):	 Total:0.4145212	 Acc:0.1875000	 lr:0.0002679	 Mean_Total:0.5741408
2021-09-13 21:19:26,574 -  4730 / 11829 (039%):	 Total:0.5024333	 Acc:0.2187500	 lr:0.0002651	 Mean_Total:0.5750368
2021-09-13 21:22:49,404 -  7095 / 11829 (059%):	 Total:0.4103040	 Acc:0.2187500	 lr:0.0002623	 Mean_Total:0.5762931
2021-09-13 21:26:14,046 -  9460 / 11829 (079%):	 Total:0.4235976	 Acc:0.3437500	 lr:0.0002596	 Mean_Total:0.5760631
2021-09-13 21:29:33,163 - 11825 / 11829 (099%):	 Total:0.5483901	 Acc:0.1562500	 lr:0.0002570	 Mean_Total:0.5765666
2021-09-13 21:29:33,628 - ===============================| start validation |===============================
2021-09-13 21:30:14,588 - 	 Total:0.5649030	 Acc:0.2098041
2021-09-13 21:30:14,593 -    ini file updated    
2021-09-13 21:30:14,616 - Snapshot saved to /data/users/wergillius/UTR_VAE/pth/RL_gru_MTL/scratch_schedule_kfold/from_scratch-model_best_cv0.pth

2021-09-13 21:30:14,617 -    ini file updated    
2021-09-13 21:30:14,617 - ===============================|    epoch 10   |===============================
2021-09-13 21:30:15,797 -     0 / 11829 (000%):	 Total:0.4987582	 Acc:0.1562500	 lr:0.0002570	 Mean_Total:0.4987582
2021-09-13 21:33:34,121 -  2365 / 11829 (019%):	 Total:0.7139141	 Acc:0.2187500	 lr:0.0002545	 Mean_Total:0.5709935
2021-09-13 21:36:56,473 -  4730 / 11829 (039%):	 Total:0.6093136	 Acc:0.1562500	 lr:0.0002520	 Mean_Total:0.5715023
2021-09-13 21:40:11,846 -  7095 / 11829 (059%):	 Total:0.9221433	 Acc:0.1250000	 lr:0.0002496	 Mean_Total:0.5734730
2021-09-13 21:43:30,834 -  9460 / 11829 (079%):	 Total:0.5241877	 Acc:0.2500000	 lr:0.0002473	 Mean_Total:0.5732098
2021-09-13 21:46:50,431 - 11825 / 11829 (099%):	 Total:0.5255011	 Acc:0.2500000	 lr:0.0002450	 Mean_Total:0.5746905
2021-09-13 21:46:50,863 - ===============================| start validation |===============================
2021-09-13 21:47:31,219 - 	 Total:0.5605861	 Acc:0.2130123
2021-09-13 21:47:31,227 -    ini file updated    
2021-09-13 21:47:31,264 - Snapshot saved to /data/users/wergillius/UTR_VAE/pth/RL_gru_MTL/scratch_schedule_kfold/from_scratch-model_best_cv0.pth

2021-09-13 21:47:31,266 -    ini file updated    
2021-09-13 21:47:31,266 - ===============================|    epoch 11   |===============================
2021-09-13 21:47:32,418 -     0 / 11829 (000%):	 Total:0.3924914	 Acc:0.4062500	 lr:0.0002450	 Mean_Total:0.3924914
2021-09-13 21:50:46,749 -  2365 / 11829 (019%):	 Total:0.5689852	 Acc:0.1562500	 lr:0.0002428	 Mean_Total:0.5713905
2021-09-13 21:54:04,578 -  4730 / 11829 (039%):	 Total:0.6347252	 Acc:0.3125000	 lr:0.0002407	 Mean_Total:0.5713008
2021-09-13 21:57:22,105 -  7095 / 11829 (059%):	 Total:0.8664532	 Acc:0.0937500	 lr:0.0002386	 Mean_Total:0.5707055
2021-09-13 22:00:42,285 -  9460 / 11829 (079%):	 Total:0.4109625	 Acc:0.2812500	 lr:0.0002366	 Mean_Total:0.5727056
2021-09-13 22:04:04,153 - 11825 / 11829 (099%):	 Total:0.4759426	 Acc:0.3125000	 lr:0.0002346	 Mean_Total:0.5723952
2021-09-13 22:04:04,595 - ===============================| start validation |===============================
2021-09-13 22:04:45,326 - 	 Total:0.5623657	 Acc:0.2168990
2021-09-13 22:04:45,329 -    ini file updated    
2021-09-13 22:04:45,330 - ===============================|    epoch 12   |===============================
2021-09-13 22:04:46,486 -     0 / 11829 (000%):	 Total:0.5084949	 Acc:0.1875000	 lr:0.0002346	 Mean_Total:0.5084949
2021-09-13 22:07:59,399 -  2365 / 11829 (019%):	 Total:0.6483066	 Acc:0.1562500	 lr:0.0002327	 Mean_Total:0.5638175
2021-09-13 22:11:17,976 -  4730 / 11829 (039%):	 Total:0.4646353	 Acc:0.3437500	 lr:0.0002308	 Mean_Total:0.5677864
2021-09-13 22:14:41,811 -  7095 / 11829 (059%):	 Total:0.6031906	 Acc:0.2812500	 lr:0.0002289	 Mean_Total:0.5676714
2021-09-13 22:18:11,430 -  9460 / 11829 (079%):	 Total:0.6867614	 Acc:0.1562500	 lr:0.0002272	 Mean_Total:0.5685393
2021-09-13 22:21:36,719 - 11825 / 11829 (099%):	 Total:0.3766396	 Acc:0.3750000	 lr:0.0002254	 Mean_Total:0.5702781
2021-09-13 22:21:37,126 - ===============================| start validation |===============================
2021-09-13 22:22:18,779 - 	 Total:0.5604932	 Acc:0.2146203
2021-09-13 22:22:18,784 -    ini file updated    
2021-09-13 22:22:18,810 - Snapshot saved to /data/users/wergillius/UTR_VAE/pth/RL_gru_MTL/scratch_schedule_kfold/from_scratch-model_best_cv0.pth

2021-09-13 22:22:18,811 -    ini file updated    
2021-09-13 22:22:18,812 - ===============================|    epoch 13   |===============================
2021-09-13 22:22:20,104 -     0 / 11829 (000%):	 Total:0.7336399	 Acc:0.1250000	 lr:0.0002254	 Mean_Total:0.7336399
2021-09-13 22:25:42,483 -  2365 / 11829 (019%):	 Total:0.6214886	 Acc:0.1562500	 lr:0.0002237	 Mean_Total:0.5665318
2021-09-13 22:29:08,113 -  4730 / 11829 (039%):	 Total:0.4662836	 Acc:0.2500000	 lr:0.0002220	 Mean_Total:0.5658532
2021-09-13 22:32:28,983 -  7095 / 11829 (059%):	 Total:0.6707283	 Acc:0.0937500	 lr:0.0002204	 Mean_Total:0.5676708
2021-09-13 22:35:55,182 -  9460 / 11829 (079%):	 Total:0.3634644	 Acc:0.1875000	 lr:0.0002188	 Mean_Total:0.5686228
2021-09-13 22:39:22,318 - 11825 / 11829 (099%):	 Total:0.3151646	 Acc:0.2187500	 lr:0.0002172	 Mean_Total:0.5686125
2021-09-13 22:39:22,763 - ===============================| start validation |===============================
2021-09-13 22:40:04,089 - 	 Total:0.5595339	 Acc:0.2179790
2021-09-13 22:40:04,095 -    ini file updated    
2021-09-13 22:40:04,115 - Snapshot saved to /data/users/wergillius/UTR_VAE/pth/RL_gru_MTL/scratch_schedule_kfold/from_scratch-model_best_cv0.pth

2021-09-13 22:40:04,116 -    ini file updated    
2021-09-13 22:40:04,116 - ===============================|    epoch 14   |===============================
2021-09-13 22:40:05,233 -     0 / 11829 (000%):	 Total:0.5299194	 Acc:0.2187500	 lr:0.0002172	 Mean_Total:0.5299194
2021-09-13 22:43:19,264 -  2365 / 11829 (019%):	 Total:0.4511004	 Acc:0.2500000	 lr:0.0002157	 Mean_Total:0.5642351
2021-09-13 22:46:38,878 -  4730 / 11829 (039%):	 Total:0.4504457	 Acc:0.1562500	 lr:0.0002142	 Mean_Total:0.5657498
2021-09-13 22:49:55,889 -  7095 / 11829 (059%):	 Total:0.5150553	 Acc:0.2812500	 lr:0.0002127	 Mean_Total:0.5647535
2021-09-13 22:53:11,143 -  9460 / 11829 (079%):	 Total:0.5191060	 Acc:0.1875000	 lr:0.0002112	 Mean_Total:0.5651530
2021-09-13 22:56:30,460 - 11825 / 11829 (099%):	 Total:0.7853236	 Acc:0.2500000	 lr:0.0002098	 Mean_Total:0.5665099
2021-09-13 22:56:30,870 - ===============================| start validation |===============================
2021-09-13 22:57:11,001 - 	 Total:0.5581962	 Acc:0.2154494
2021-09-13 22:57:11,005 -    ini file updated    
2021-09-13 22:57:11,027 - Snapshot saved to /data/users/wergillius/UTR_VAE/pth/RL_gru_MTL/scratch_schedule_kfold/from_scratch-model_best_cv0.pth

2021-09-13 22:57:11,028 -    ini file updated    
2021-09-13 22:57:11,028 - ===============================|    epoch 15   |===============================
2021-09-13 22:57:12,127 -     0 / 11829 (000%):	 Total:0.7025853	 Acc:0.1250000	 lr:0.0002098	 Mean_Total:0.7025853
2021-09-13 23:00:28,693 -  2365 / 11829 (019%):	 Total:0.9660027	 Acc:0.1250000	 lr:0.0002084	 Mean_Total:0.5632348
2021-09-13 23:03:46,599 -  4730 / 11829 (039%):	 Total:0.6996750	 Acc:0.0625000	 lr:0.0002071	 Mean_Total:0.5639055
2021-09-13 23:07:07,616 -  7095 / 11829 (059%):	 Total:0.6277897	 Acc:0.0312500	 lr:0.0002058	 Mean_Total:0.5640463
2021-09-13 23:10:32,405 -  9460 / 11829 (079%):	 Total:0.5865914	 Acc:0.2187500	 lr:0.0002045	 Mean_Total:0.5654483
2021-09-13 23:13:51,454 - 11825 / 11829 (099%):	 Total:0.3960577	 Acc:0.2187500	 lr:0.0002032	 Mean_Total:0.5654819
2021-09-13 23:13:51,873 - ===============================| start validation |===============================
2021-09-13 23:14:32,359 - 	 Total:0.5592147	 Acc:0.2193203
2021-09-13 23:14:32,363 -    ini file updated    
2021-09-13 23:14:32,380 - Snapshot saved to /data/users/wergillius/UTR_VAE/pth/RL_gru_MTL/scratch_schedule_kfold/from_scratch-model_best_cv0.pth

2021-09-13 23:14:32,381 -    ini file updated    
2021-09-13 23:14:32,381 - ===============================|    epoch 16   |===============================
2021-09-13 23:14:33,508 -     0 / 11829 (000%):	 Total:0.7479128	 Acc:0.1562500	 lr:0.0002032	 Mean_Total:0.7479128
2021-09-13 23:17:47,693 -  2365 / 11829 (019%):	 Total:0.6155165	 Acc:0.2187500	 lr:0.0002019	 Mean_Total:0.5637438
2021-09-13 23:21:08,821 -  4730 / 11829 (039%):	 Total:0.6684086	 Acc:0.2812500	 lr:0.0002007	 Mean_Total:0.5631980
2021-09-13 23:24:28,734 -  7095 / 11829 (059%):	 Total:0.7806034	 Acc:0.0937500	 lr:0.0001995	 Mean_Total:0.5637807
2021-09-13 23:27:58,275 -  9460 / 11829 (079%):	 Total:0.6229740	 Acc:0.2812500	 lr:0.0001983	 Mean_Total:0.5646660
2021-09-13 23:31:26,666 - 11825 / 11829 (099%):	 Total:0.5621662	 Acc:0.2500000	 lr:0.0001971	 Mean_Total:0.5643236
2021-09-13 23:31:27,130 - ===============================| start validation |===============================
2021-09-13 23:32:08,820 - 	 Total:0.5531907	 Acc:0.2154388
2021-09-13 23:32:08,826 -    ini file updated    
2021-09-13 23:32:08,848 - Snapshot saved to /data/users/wergillius/UTR_VAE/pth/RL_gru_MTL/scratch_schedule_kfold/from_scratch-model_best_cv0.pth

2021-09-13 23:32:08,849 -    ini file updated    
2021-09-13 23:32:08,850 - ===============================|    epoch 17   |===============================
2021-09-13 23:32:09,941 -     0 / 11829 (000%):	 Total:0.3906563	 Acc:0.1562500	 lr:0.0001971	 Mean_Total:0.3906563
2021-09-13 23:35:24,877 -  2365 / 11829 (019%):	 Total:0.4882145	 Acc:0.3437500	 lr:0.0001960	 Mean_Total:0.5600507
2021-09-13 23:38:46,784 -  4730 / 11829 (039%):	 Total:0.4783098	 Acc:0.2187500	 lr:0.0001948	 Mean_Total:0.5617496
2021-09-13 23:41:47,759 -  7095 / 11829 (059%):	 Total:0.4531975	 Acc:0.2500000	 lr:0.0001937	 Mean_Total:0.5627860
2021-09-13 23:44:42,593 -  9460 / 11829 (079%):	 Total:0.4442366	 Acc:0.2500000	 lr:0.0001926	 Mean_Total:0.5622630
2021-09-13 23:47:36,967 - 11825 / 11829 (099%):	 Total:0.5086250	 Acc:0.1875000	 lr:0.0001916	 Mean_Total:0.5632709
2021-09-13 23:47:37,373 - ===============================| start validation |===============================
2021-09-13 23:48:13,025 - 	 Total:0.5535190	 Acc:0.2145833
2021-09-13 23:48:13,029 -    ini file updated    
2021-09-13 23:48:13,029 - ===============================|    epoch 18   |===============================
2021-09-13 23:48:14,152 -     0 / 11829 (000%):	 Total:0.7269256	 Acc:0.1562500	 lr:0.0001916	 Mean_Total:0.7269256
2021-09-13 23:51:04,240 -  2365 / 11829 (019%):	 Total:0.3856078	 Acc:0.1875000	 lr:0.0001905	 Mean_Total:0.5642487
2021-09-13 23:53:56,015 -  4730 / 11829 (039%):	 Total:0.4379662	 Acc:0.2187500	 lr:0.0001895	 Mean_Total:0.5627533
2021-09-13 23:56:47,430 -  7095 / 11829 (059%):	 Total:0.7168463	 Acc:0.2812500	 lr:0.0001884	 Mean_Total:0.5596968
2021-09-13 23:59:43,055 -  9460 / 11829 (079%):	 Total:0.6394535	 Acc:0.1562500	 lr:0.0001874	 Mean_Total:0.5607970
2021-09-14 00:02:37,923 - 11825 / 11829 (099%):	 Total:0.5027400	 Acc:0.2500000	 lr:0.0001864	 Mean_Total:0.5612101
2021-09-14 00:02:38,294 - ===============================| start validation |===============================
2021-09-14 00:03:13,138 - 	 Total:0.5543290	 Acc:0.2160198
2021-09-14 00:03:13,143 -    ini file updated    
2021-09-14 00:03:13,143 - ===============================|    epoch 19   |===============================
2021-09-14 00:03:14,255 -     0 / 11829 (000%):	 Total:0.6310807	 Acc:0.0625000	 lr:0.0001864	 Mean_Total:0.6310807
2021-09-14 00:05:57,901 -  2365 / 11829 (019%):	 Total:0.4450017	 Acc:0.1875000	 lr:0.0001855	 Mean_Total:0.5593931
2021-09-14 00:08:43,808 -  4730 / 11829 (039%):	 Total:0.8639898	 Acc:0.1562500	 lr:0.0001845	 Mean_Total:0.5598391
2021-09-14 00:11:31,259 -  7095 / 11829 (059%):	 Total:0.4307221	 Acc:0.3125000	 lr:0.0001836	 Mean_Total:0.5587133
2021-09-14 00:14:18,635 -  9460 / 11829 (079%):	 Total:0.4996238	 Acc:0.2187500	 lr:0.0001826	 Mean_Total:0.5594310
2021-09-14 00:17:03,139 - 11825 / 11829 (099%):	 Total:0.4256108	 Acc:0.2187500	 lr:0.0001817	 Mean_Total:0.5601674
2021-09-14 00:17:03,492 - ===============================| start validation |===============================
2021-09-14 00:17:36,947 - 	 Total:0.5534443	 Acc:0.2162442
2021-09-14 00:17:36,951 -    ini file updated    
2021-09-14 00:17:36,951 - ===============================|    epoch 20   |===============================
2021-09-14 00:17:38,104 -     0 / 11829 (000%):	 Total:0.3384404	 Acc:0.1250000	 lr:0.0001817	 Mean_Total:0.3384404
2021-09-14 00:20:16,950 -  2365 / 11829 (019%):	 Total:0.7885070	 Acc:0.1250000	 lr:0.0001808	 Mean_Total:0.5544667
2021-09-14 00:23:03,017 -  4730 / 11829 (039%):	 Total:0.6185648	 Acc:0.2812500	 lr:0.0001799	 Mean_Total:0.5580456
2021-09-14 00:25:50,393 -  7095 / 11829 (059%):	 Total:0.4029981	 Acc:0.2187500	 lr:0.0001791	 Mean_Total:0.5582148
2021-09-14 00:28:34,732 -  9460 / 11829 (079%):	 Total:0.3689368	 Acc:0.2500000	 lr:0.0001782	 Mean_Total:0.5586774
2021-09-14 00:31:21,974 - 11825 / 11829 (099%):	 Total:0.5947208	 Acc:0.2187500	 lr:0.0001773	 Mean_Total:0.5590325
2021-09-14 00:31:22,372 - ===============================| start validation |===============================
2021-09-14 00:31:56,550 - 	 Total:0.5553175	 Acc:0.2182087
2021-09-14 00:31:56,555 -    ini file updated    
2021-09-14 00:31:56,556 - ===============================|    epoch 21   |===============================
2021-09-14 00:31:57,800 -     0 / 11829 (000%):	 Total:0.6019321	 Acc:0.1250000	 lr:0.0001773	 Mean_Total:0.6019321
2021-09-14 00:34:37,150 -  2365 / 11829 (019%):	 Total:0.2302431	 Acc:0.4062500	 lr:0.0001765	 Mean_Total:0.5540153
2021-09-14 00:37:17,618 -  4730 / 11829 (039%):	 Total:0.4992929	 Acc:0.3125000	 lr:0.0001757	 Mean_Total:0.5544237
2021-09-14 00:40:03,259 -  7095 / 11829 (059%):	 Total:0.7800946	 Acc:0.2812500	 lr:0.0001749	 Mean_Total:0.5562048
2021-09-14 00:42:48,829 -  9460 / 11829 (079%):	 Total:0.3389715	 Acc:0.2812500	 lr:0.0001741	 Mean_Total:0.5585044
2021-09-14 00:45:35,373 - 11825 / 11829 (099%):	 Total:0.2950979	 Acc:0.2812500	 lr:0.0001733	 Mean_Total:0.5579343
2021-09-14 00:45:35,752 - ===============================| start validation |===============================
2021-09-14 00:46:09,988 - 	 Total:0.5567304	 Acc:0.2210129
2021-09-14 00:46:09,994 -    ini file updated    
2021-09-14 00:46:10,016 - Snapshot saved to /data/users/wergillius/UTR_VAE/pth/RL_gru_MTL/scratch_schedule_kfold/from_scratch-model_best_cv0.pth

2021-09-14 00:46:10,017 -    ini file updated    
2021-09-14 00:46:10,018 - ===============================|    epoch 22   |===============================
2021-09-14 00:46:11,404 -     0 / 11829 (000%):	 Total:0.4315339	 Acc:0.2187500	 lr:0.0001733	 Mean_Total:0.4315339
2021-09-14 00:48:55,153 -  2365 / 11829 (019%):	 Total:0.2617652	 Acc:0.1875000	 lr:0.0001725	 Mean_Total:0.5513585
2021-09-14 00:51:51,038 -  4730 / 11829 (039%):	 Total:0.7387146	 Acc:0.1875000	 lr:0.0001717	 Mean_Total:0.5518809
2021-09-14 00:54:49,012 -  7095 / 11829 (059%):	 Total:1.0439895	 Acc:0.1250000	 lr:0.0001709	 Mean_Total:0.5546439
2021-09-14 00:57:42,138 -  9460 / 11829 (079%):	 Total:0.5647087	 Acc:0.0937500	 lr:0.0001702	 Mean_Total:0.5556216
2021-09-14 01:00:39,598 - 11825 / 11829 (099%):	 Total:0.4884234	 Acc:0.1875000	 lr:0.0001695	 Mean_Total:0.5571405
2021-09-14 01:00:40,038 - ===============================| start validation |===============================
2021-09-14 01:01:15,963 - 	 Total:0.5534685	 Acc:0.2176489
2021-09-14 01:01:15,967 -    ini file updated    
2021-09-14 01:01:15,968 - ===============================|    epoch 23   |===============================
2021-09-14 01:01:17,106 -     0 / 11829 (000%):	 Total:0.4920319	 Acc:0.2187500	 lr:0.0001695	 Mean_Total:0.4920319
2021-09-14 01:04:05,546 -  2365 / 11829 (019%):	 Total:0.3904817	 Acc:0.2187500	 lr:0.0001687	 Mean_Total:0.5527575
2021-09-14 01:06:56,291 -  4730 / 11829 (039%):	 Total:0.4112824	 Acc:0.2187500	 lr:0.0001680	 Mean_Total:0.5514005
2021-09-14 01:09:49,011 -  7095 / 11829 (059%):	 Total:0.4345392	 Acc:0.1875000	 lr:0.0001673	 Mean_Total:0.5523666
2021-09-14 01:12:47,069 -  9460 / 11829 (079%):	 Total:0.5069272	 Acc:0.1562500	 lr:0.0001666	 Mean_Total:0.5541018
2021-09-14 01:15:43,586 - 11825 / 11829 (099%):	 Total:0.5582765	 Acc:0.2500000	 lr:0.0001659	 Mean_Total:0.5556584
2021-09-14 01:15:44,015 - ===============================| start validation |===============================
2021-09-14 01:16:19,593 - 	 Total:0.5509135	 Acc:0.2183381
2021-09-14 01:16:19,598 -    ini file updated    
2021-09-14 01:16:19,619 - Snapshot saved to /data/users/wergillius/UTR_VAE/pth/RL_gru_MTL/scratch_schedule_kfold/from_scratch-model_best_cv0.pth

2021-09-14 01:16:19,620 -    ini file updated    
2021-09-14 01:16:19,621 - ===============================|    epoch 24   |===============================
2021-09-14 01:16:20,840 -     0 / 11829 (000%):	 Total:0.4348063	 Acc:0.4687500	 lr:0.0001659	 Mean_Total:0.4348063
2021-09-14 01:19:04,389 -  2365 / 11829 (019%):	 Total:0.5407422	 Acc:0.1875000	 lr:0.0001652	 Mean_Total:0.5525491
2021-09-14 01:21:35,545 -  4730 / 11829 (039%):	 Total:0.3852028	 Acc:0.3750000	 lr:0.0001645	 Mean_Total:0.5518425
2021-09-14 01:24:07,911 -  7095 / 11829 (059%):	 Total:0.8235925	 Acc:0.1250000	 lr:0.0001639	 Mean_Total:0.5527297
2021-09-14 01:26:39,882 -  9460 / 11829 (079%):	 Total:0.6983303	 Acc:0.2812500	 lr:0.0001632	 Mean_Total:0.5536889
2021-09-14 01:29:12,391 - 11825 / 11829 (099%):	 Total:0.5404141	 Acc:0.3437500	 lr:0.0001625	 Mean_Total:0.5545845
2021-09-14 01:29:12,808 - ===============================| start validation |===============================
2021-09-14 01:29:43,730 - 	 Total:0.5546671	 Acc:0.2190378
2021-09-14 01:29:43,733 -    ini file updated    
2021-09-14 01:29:43,734 - ===============================|    epoch 25   |===============================
2021-09-14 01:29:44,599 -     0 / 11829 (000%):	 Total:0.6975170	 Acc:0.2500000	 lr:0.0001625	 Mean_Total:0.6975170
2021-09-14 01:32:09,893 -  2365 / 11829 (019%):	 Total:0.5542324	 Acc:0.0937500	 lr:0.0001619	 Mean_Total:0.5565052
2021-09-14 01:34:37,230 -  4730 / 11829 (039%):	 Total:0.5319445	 Acc:0.1875000	 lr:0.0001613	 Mean_Total:0.5533587
2021-09-14 01:37:07,628 -  7095 / 11829 (059%):	 Total:0.6641561	 Acc:0.1875000	 lr:0.0001606	 Mean_Total:0.5524524
2021-09-14 01:39:37,549 -  9460 / 11829 (079%):	 Total:0.5603887	 Acc:0.1875000	 lr:0.0001600	 Mean_Total:0.5522317
2021-09-14 01:42:07,072 - 11825 / 11829 (099%):	 Total:0.5220135	 Acc:0.1562500	 lr:0.0001594	 Mean_Total:0.5527489
2021-09-14 01:42:07,448 - ===============================| start validation |===============================
2021-09-14 01:42:37,937 - 	 Total:0.5517658	 Acc:0.2135219
2021-09-14 01:42:37,942 -    ini file updated    
2021-09-14 01:42:37,942 - ===============================|    epoch 26   |===============================
2021-09-14 01:42:39,048 -     0 / 11829 (000%):	 Total:0.4661252	 Acc:0.1875000	 lr:0.0001594	 Mean_Total:0.4661252
2021-09-14 01:45:04,152 -  2365 / 11829 (019%):	 Total:0.5439642	 Acc:0.3750000	 lr:0.0001588	 Mean_Total:0.5496835
2021-09-14 01:47:30,745 -  4730 / 11829 (039%):	 Total:0.7195567	 Acc:0.0625000	 lr:0.0001582	 Mean_Total:0.5504146
2021-09-14 01:50:00,665 -  7095 / 11829 (059%):	 Total:0.7082354	 Acc:0.2500000	 lr:0.0001576	 Mean_Total:0.5520087
2021-09-14 01:52:29,835 -  9460 / 11829 (079%):	 Total:0.4073472	 Acc:0.2500000	 lr:0.0001570	 Mean_Total:0.5531896
2021-09-14 01:54:58,906 - 11825 / 11829 (099%):	 Total:0.5799489	 Acc:0.1875000	 lr:0.0001564	 Mean_Total:0.5523024
2021-09-14 01:54:59,286 - ===============================| start validation |===============================
2021-09-14 01:55:29,137 - 	 Total:0.5521616	 Acc:0.2167432
2021-09-14 01:55:29,144 -    ini file updated    
2021-09-14 01:55:29,144 - ===============================|    epoch 27   |===============================
2021-09-14 01:55:30,262 -     0 / 11829 (000%):	 Total:0.8273066	 Acc:0.3125000	 lr:0.0001564	 Mean_Total:0.8273066
2021-09-14 01:57:56,119 -  2365 / 11829 (019%):	 Total:0.5927194	 Acc:0.2500000	 lr:0.0001558	 Mean_Total:0.5467008
2021-09-14 02:00:21,930 -  4730 / 11829 (039%):	 Total:0.3945370	 Acc:0.2187500	 lr:0.0001553	 Mean_Total:0.5492850
2021-09-14 02:02:55,082 -  7095 / 11829 (059%):	 Total:0.8489209	 Acc:0.2500000	 lr:0.0001547	 Mean_Total:0.5522293
2021-09-14 02:05:29,855 -  9460 / 11829 (079%):	 Total:0.7612826	 Acc:0.2187500	 lr:0.0001541	 Mean_Total:0.5520753
2021-09-14 02:08:03,792 - 11825 / 11829 (099%):	 Total:0.7289590	 Acc:0.2187500	 lr:0.0001536	 Mean_Total:0.5513520
2021-09-14 02:08:04,136 - ===============================| start validation |===============================
2021-09-14 02:08:34,372 - 	 Total:0.5516450	 Acc:0.2197270
2021-09-14 02:08:34,377 -    ini file updated    
2021-09-14 02:08:34,377 - ===============================|    epoch 28   |===============================
2021-09-14 02:08:35,481 -     0 / 11829 (000%):	 Total:0.6128978	 Acc:0.2187500	 lr:0.0001536	 Mean_Total:0.6128978
2021-09-14 02:11:06,002 -  2365 / 11829 (019%):	 Total:0.6486615	 Acc:0.2812500	 lr:0.0001530	 Mean_Total:0.5445125
2021-09-14 02:13:31,123 -  4730 / 11829 (039%):	 Total:0.5085388	 Acc:0.0937500	 lr:0.0001525	 Mean_Total:0.5473365
2021-09-14 02:16:05,262 -  7095 / 11829 (059%):	 Total:0.3290324	 Acc:0.2500000	 lr:0.0001520	 Mean_Total:0.5493989
2021-09-14 02:18:36,835 -  9460 / 11829 (079%):	 Total:0.7349648	 Acc:0.2187500	 lr:0.0001514	 Mean_Total:0.5505506
2021-09-14 02:21:06,456 - 11825 / 11829 (099%):	 Total:0.5504639	 Acc:0.1562500	 lr:0.0001509	 Mean_Total:0.5504088
2021-09-14 02:21:06,812 - ===============================| start validation |===============================
2021-09-14 02:21:36,509 - 	 Total:0.5501465	 Acc:0.2203079
2021-09-14 02:21:36,514 -    ini file updated    
2021-09-14 02:21:36,536 - Snapshot saved to /data/users/wergillius/UTR_VAE/pth/RL_gru_MTL/scratch_schedule_kfold/from_scratch-model_best_cv0.pth

2021-09-14 02:21:36,537 -    ini file updated    
2021-09-14 02:21:36,537 - ===============================|    epoch 29   |===============================
2021-09-14 02:21:37,604 -     0 / 11829 (000%):	 Total:0.3980210	 Acc:0.2187500	 lr:0.0001509	 Mean_Total:0.3980210
2021-09-14 02:24:06,856 -  2365 / 11829 (019%):	 Total:0.5310572	 Acc:0.1562500	 lr:0.0001504	 Mean_Total:0.5477701
2021-09-14 02:26:31,721 -  4730 / 11829 (039%):	 Total:0.6095275	 Acc:0.2500000	 lr:0.0001499	 Mean_Total:0.5496271
2021-09-14 02:29:03,856 -  7095 / 11829 (059%):	 Total:0.5234283	 Acc:0.1875000	 lr:0.0001494	 Mean_Total:0.5488070
2021-09-14 02:31:34,927 -  9460 / 11829 (079%):	 Total:0.4478251	 Acc:0.3750000	 lr:0.0001489	 Mean_Total:0.5488225
2021-09-14 02:34:05,797 - 11825 / 11829 (099%):	 Total:0.6026283	 Acc:0.2500000	 lr:0.0001484	 Mean_Total:0.5494986
2021-09-14 02:34:06,171 - ===============================| start validation |===============================
2021-09-14 02:34:36,024 - 	 Total:0.5510171	 Acc:0.2227450
2021-09-14 02:34:36,029 -    ini file updated    
2021-09-14 02:34:36,051 - Snapshot saved to /data/users/wergillius/UTR_VAE/pth/RL_gru_MTL/scratch_schedule_kfold/from_scratch-model_best_cv0.pth

2021-09-14 02:34:36,052 -    ini file updated    
2021-09-14 02:34:36,052 - ===============================|    epoch 30   |===============================
2021-09-14 02:34:37,196 -     0 / 11829 (000%):	 Total:0.3809669	 Acc:0.2812500	 lr:0.0001484	 Mean_Total:0.3809669
2021-09-14 02:37:06,578 -  2365 / 11829 (019%):	 Total:0.4643087	 Acc:0.1875000	 lr:0.0001479	 Mean_Total:0.5450478
2021-09-14 02:39:28,848 -  4730 / 11829 (039%):	 Total:0.2919008	 Acc:0.2812500	 lr:0.0001474	 Mean_Total:0.5456320
2021-09-14 02:42:00,281 -  7095 / 11829 (059%):	 Total:0.5309434	 Acc:0.0937500	 lr:0.0001469	 Mean_Total:0.5482302
2021-09-14 02:44:33,000 -  9460 / 11829 (079%):	 Total:0.5032820	 Acc:0.1562500	 lr:0.0001464	 Mean_Total:0.5489547
2021-09-14 02:47:05,993 - 11825 / 11829 (099%):	 Total:0.4300120	 Acc:0.3125000	 lr:0.0001460	 Mean_Total:0.5488161
2021-09-14 02:47:06,345 - ===============================| start validation |===============================
2021-09-14 02:47:35,828 - 	 Total:0.5509759	 Acc:0.2217945
2021-09-14 02:47:35,833 -    ini file updated    
2021-09-14 02:47:35,833 - ===============================|    epoch 31   |===============================
2021-09-14 02:47:37,030 -     0 / 11829 (000%):	 Total:0.3533328	 Acc:0.1562500	 lr:0.0001460	 Mean_Total:0.3533328
2021-09-14 02:50:09,643 -  2365 / 11829 (019%):	 Total:0.4634998	 Acc:0.2500000	 lr:0.0001455	 Mean_Total:0.5416835
2021-09-14 02:52:34,202 -  4730 / 11829 (039%):	 Total:0.6824830	 Acc:0.0937500	 lr:0.0001450	 Mean_Total:0.5457869
2021-09-14 02:55:08,738 -  7095 / 11829 (059%):	 Total:0.3294577	 Acc:0.2812500	 lr:0.0001446	 Mean_Total:0.5470969
2021-09-14 02:57:43,909 -  9460 / 11829 (079%):	 Total:0.5151082	 Acc:0.3125000	 lr:0.0001441	 Mean_Total:0.5482038
2021-09-14 03:00:16,226 - 11825 / 11829 (099%):	 Total:0.5030851	 Acc:0.2812500	 lr:0.0001437	 Mean_Total:0.5480269
2021-09-14 03:00:16,601 - ===============================| start validation |===============================
2021-09-14 03:00:46,123 - 	 Total:0.5496314	 Acc:0.2159933
2021-09-14 03:00:46,127 -    ini file updated    
2021-09-14 03:00:46,146 - Snapshot saved to /data/users/wergillius/UTR_VAE/pth/RL_gru_MTL/scratch_schedule_kfold/from_scratch-model_best_cv0.pth

2021-09-14 03:00:46,147 -    ini file updated    
2021-09-14 03:00:46,148 - ===============================|    epoch 32   |===============================
2021-09-14 03:00:47,527 -     0 / 11829 (000%):	 Total:0.6845615	 Acc:0.2500000	 lr:0.0001437	 Mean_Total:0.6845615
2021-09-14 03:03:19,288 -  2365 / 11829 (019%):	 Total:0.3546355	 Acc:0.2500000	 lr:0.0001432	 Mean_Total:0.5419430
2021-09-14 03:05:43,583 -  4730 / 11829 (039%):	 Total:0.8524022	 Acc:0.2500000	 lr:0.0001428	 Mean_Total:0.5444851
2021-09-14 03:08:17,139 -  7095 / 11829 (059%):	 Total:0.3750872	 Acc:0.1250000	 lr:0.0001423	 Mean_Total:0.5464031
2021-09-14 03:10:51,331 -  9460 / 11829 (079%):	 Total:0.7030102	 Acc:0.1875000	 lr:0.0001419	 Mean_Total:0.5467526
2021-09-14 03:13:23,406 - 11825 / 11829 (099%):	 Total:0.3963666	 Acc:0.0937500	 lr:0.0001415	 Mean_Total:0.5470067
2021-09-14 03:13:23,827 - ===============================| start validation |===============================
2021-09-14 03:13:54,482 - 	 Total:0.5489272	 Acc:0.2188239
2021-09-14 03:13:54,487 -    ini file updated    
2021-09-14 03:13:54,509 - Snapshot saved to /data/users/wergillius/UTR_VAE/pth/RL_gru_MTL/scratch_schedule_kfold/from_scratch-model_best_cv0.pth

2021-09-14 03:13:54,510 -    ini file updated    
2021-09-14 03:13:54,510 - ===============================|    epoch 33   |===============================
2021-09-14 03:13:55,618 -     0 / 11829 (000%):	 Total:0.6842477	 Acc:0.2500000	 lr:0.0001415	 Mean_Total:0.6842477
2021-09-14 03:16:29,511 -  2365 / 11829 (019%):	 Total:0.7243961	 Acc:0.1875000	 lr:0.0001410	 Mean_Total:0.5434694
2021-09-14 03:18:58,420 -  4730 / 11829 (039%):	 Total:0.5860572	 Acc:0.1250000	 lr:0.0001406	 Mean_Total:0.5449976
2021-09-14 03:21:33,531 -  7095 / 11829 (059%):	 Total:0.3838533	 Acc:0.1875000	 lr:0.0001402	 Mean_Total:0.5446759
2021-09-14 03:24:10,204 -  9460 / 11829 (079%):	 Total:0.6045579	 Acc:0.1875000	 lr:0.0001398	 Mean_Total:0.5458477
2021-09-14 03:26:43,613 - 11825 / 11829 (099%):	 Total:0.7448761	 Acc:0.1875000	 lr:0.0001394	 Mean_Total:0.5463529
2021-09-14 03:26:44,024 - ===============================| start validation |===============================
2021-09-14 03:27:14,320 - 	 Total:0.5488617	 Acc:0.2184780
2021-09-14 03:27:14,327 -    ini file updated    
2021-09-14 03:27:14,344 - Snapshot saved to /data/users/wergillius/UTR_VAE/pth/RL_gru_MTL/scratch_schedule_kfold/from_scratch-model_best_cv0.pth

2021-09-14 03:27:14,345 -    ini file updated    
2021-09-14 03:27:14,345 - ===============================|    epoch 34   |===============================
2021-09-14 03:27:15,584 -     0 / 11829 (000%):	 Total:0.4592630	 Acc:0.1875000	 lr:0.0001394	 Mean_Total:0.4592630
2021-09-14 03:29:47,009 -  2365 / 11829 (019%):	 Total:0.5326344	 Acc:0.1250000	 lr:0.0001390	 Mean_Total:0.5394973
2021-09-14 03:32:10,861 -  4730 / 11829 (039%):	 Total:0.5698690	 Acc:0.1562500	 lr:0.0001386	 Mean_Total:0.5418906
2021-09-14 03:34:41,095 -  7095 / 11829 (059%):	 Total:0.5307592	 Acc:0.2500000	 lr:0.0001382	 Mean_Total:0.5437409
2021-09-14 03:37:12,251 -  9460 / 11829 (079%):	 Total:0.4580359	 Acc:0.2812500	 lr:0.0001378	 Mean_Total:0.5447920
2021-09-14 03:39:42,303 - 11825 / 11829 (099%):	 Total:0.6471296	 Acc:0.1250000	 lr:0.0001374	 Mean_Total:0.5454213
2021-09-14 03:39:42,689 - ===============================| start validation |===============================
2021-09-14 03:40:13,534 - 	 Total:0.5507932	 Acc:0.2211317
2021-09-14 03:40:13,540 -    ini file updated    
2021-09-14 03:40:13,541 - ===============================|    epoch 35   |===============================
2021-09-14 03:40:14,624 -     0 / 11829 (000%):	 Total:0.4563278	 Acc:0.2500000	 lr:0.0001374	 Mean_Total:0.4563278
2021-09-14 03:42:41,473 -  2365 / 11829 (019%):	 Total:0.6378531	 Acc:0.0625000	 lr:0.0001370	 Mean_Total:0.5426961
2021-09-14 03:45:05,328 -  4730 / 11829 (039%):	 Total:0.5257992	 Acc:0.3125000	 lr:0.0001366	 Mean_Total:0.5410879
2021-09-14 03:47:37,235 -  7095 / 11829 (059%):	 Total:0.6556997	 Acc:0.1875000	 lr:0.0001362	 Mean_Total:0.5437709
2021-09-14 03:50:05,783 -  9460 / 11829 (079%):	 Total:0.6476710	 Acc:0.3125000	 lr:0.0001358	 Mean_Total:0.5440916
2021-09-14 03:52:32,998 - 11825 / 11829 (099%):	 Total:0.4617527	 Acc:0.1250000	 lr:0.0001354	 Mean_Total:0.5442143
2021-09-14 03:52:33,438 - ===============================| start validation |===============================
2021-09-14 03:53:04,100 - 	 Total:0.5555968	 Acc:0.2219133
2021-09-14 03:53:04,105 -    ini file updated    
2021-09-14 03:53:04,105 - ===============================|    epoch 36   |===============================
2021-09-14 03:53:05,325 -     0 / 11829 (000%):	 Total:0.4877411	 Acc:0.1562500	 lr:0.0001354	 Mean_Total:0.4877411
2021-09-14 03:55:31,964 -  2365 / 11829 (019%):	 Total:0.6957248	 Acc:0.2812500	 lr:0.0001351	 Mean_Total:0.5404659
2021-09-14 03:57:54,144 -  4730 / 11829 (039%):	 Total:0.3757417	 Acc:0.2812500	 lr:0.0001347	 Mean_Total:0.5424044
2021-09-14 04:00:23,644 -  7095 / 11829 (059%):	 Total:0.4741234	 Acc:0.1250000	 lr:0.0001343	 Mean_Total:0.5425003
2021-09-14 04:02:53,450 -  9460 / 11829 (079%):	 Total:0.7081776	 Acc:0.1250000	 lr:0.0001340	 Mean_Total:0.5434380
2021-09-14 04:05:24,078 - 11825 / 11829 (099%):	 Total:0.5062926	 Acc:0.2187500	 lr:0.0001336	 Mean_Total:0.5435540
2021-09-14 04:05:24,450 - ===============================| start validation |===============================
2021-09-14 04:05:56,064 - 	 Total:0.5490212	 Acc:0.2212452
2021-09-14 04:05:56,069 -    ini file updated    
2021-09-14 04:05:56,070 - ===============================|    epoch 37   |===============================
2021-09-14 04:05:57,037 -     0 / 11829 (000%):	 Total:0.6009279	 Acc:0.2500000	 lr:0.0001336	 Mean_Total:0.6009279
2021-09-14 04:08:29,729 -  2365 / 11829 (019%):	 Total:0.5832183	 Acc:0.1250000	 lr:0.0001332	 Mean_Total:0.5415437
2021-09-14 04:10:56,939 -  4730 / 11829 (039%):	 Total:0.6923162	 Acc:0.3125000	 lr:0.0001329	 Mean_Total:0.5404727
2021-09-14 04:13:30,605 -  7095 / 11829 (059%):	 Total:0.5131195	 Acc:0.3125000	 lr:0.0001325	 Mean_Total:0.5407938
2021-09-14 04:16:05,126 -  9460 / 11829 (079%):	 Total:0.5560753	 Acc:0.0312500	 lr:0.0001322	 Mean_Total:0.5426869
2021-09-14 04:18:37,285 - 11825 / 11829 (099%):	 Total:0.6599888	 Acc:0.3750000	 lr:0.0001318	 Mean_Total:0.5427131
2021-09-14 04:18:37,637 - ===============================| start validation |===============================
2021-09-14 04:19:09,095 - 	 Total:0.5516976	 Acc:0.2231728
2021-09-14 04:19:09,100 -    ini file updated    
2021-09-14 04:19:09,126 - Snapshot saved to /data/users/wergillius/UTR_VAE/pth/RL_gru_MTL/scratch_schedule_kfold/from_scratch-model_best_cv0.pth

2021-09-14 04:19:09,128 -    ini file updated    
2021-09-14 04:19:09,128 - ===============================|    epoch 38   |===============================
2021-09-14 04:19:10,382 -     0 / 11829 (000%):	 Total:0.5383527	 Acc:0.2500000	 lr:0.0001318	 Mean_Total:0.5383527
2021-09-14 04:21:41,495 -  2365 / 11829 (019%):	 Total:0.8068739	 Acc:0.1562500	 lr:0.0001315	 Mean_Total:0.5434126
2021-09-14 04:24:08,443 -  4730 / 11829 (039%):	 Total:0.6020948	 Acc:0.1875000	 lr:0.0001311	 Mean_Total:0.5420989
2021-09-14 04:26:43,942 -  7095 / 11829 (059%):	 Total:0.4462767	 Acc:0.2500000	 lr:0.0001308	 Mean_Total:0.5428474
2021-09-14 04:29:20,304 -  9460 / 11829 (079%):	 Total:0.5655965	 Acc:0.1562500	 lr:0.0001305	 Mean_Total:0.5429360
2021-09-14 04:31:55,427 - 11825 / 11829 (099%):	 Total:0.4609116	 Acc:0.2187500	 lr:0.0001301	 Mean_Total:0.5423307
2021-09-14 04:31:55,856 - ===============================| start validation |===============================
2021-09-14 04:32:27,960 - 	 Total:0.5481140	 Acc:0.2177308
2021-09-14 04:32:27,964 -    ini file updated    
2021-09-14 04:32:27,987 - Snapshot saved to /data/users/wergillius/UTR_VAE/pth/RL_gru_MTL/scratch_schedule_kfold/from_scratch-model_best_cv0.pth

2021-09-14 04:32:27,988 -    ini file updated    
2021-09-14 04:32:27,988 - ===============================|    epoch 39   |===============================
2021-09-14 04:32:29,089 -     0 / 11829 (000%):	 Total:0.7132269	 Acc:0.1875000	 lr:0.0001301	 Mean_Total:0.7132269
2021-09-14 04:35:04,149 -  2365 / 11829 (019%):	 Total:0.6388935	 Acc:0.2812500	 lr:0.0001298	 Mean_Total:0.5404208
2021-09-14 04:37:31,850 -  4730 / 11829 (039%):	 Total:0.3610900	 Acc:0.3125000	 lr:0.0001295	 Mean_Total:0.5396599
2021-09-14 04:40:07,076 -  7095 / 11829 (059%):	 Total:0.5217143	 Acc:0.2812500	 lr:0.0001291	 Mean_Total:0.5394584
2021-09-14 04:42:40,747 -  9460 / 11829 (079%):	 Total:0.5240397	 Acc:0.2187500	 lr:0.0001288	 Mean_Total:0.5411916
2021-09-14 04:45:13,424 - 11825 / 11829 (099%):	 Total:0.6079316	 Acc:0.0937500	 lr:0.0001285	 Mean_Total:0.5413227
2021-09-14 04:45:13,783 - ===============================| start validation |===============================
2021-09-14 04:45:45,693 - 	 Total:0.5501118	 Acc:0.2223648
2021-09-14 04:45:45,697 -    ini file updated    
2021-09-14 04:45:45,697 - ===============================|    epoch 40   |===============================
2021-09-14 04:45:47,008 -     0 / 11829 (000%):	 Total:0.6815637	 Acc:0.2187500	 lr:0.0001285	 Mean_Total:0.6815637
2021-09-14 04:48:20,986 -  2365 / 11829 (019%):	 Total:0.6511116	 Acc:0.2500000	 lr:0.0001282	 Mean_Total:0.5407568
2021-09-14 04:50:49,319 -  4730 / 11829 (039%):	 Total:0.7710483	 Acc:0.1875000	 lr:0.0001279	 Mean_Total:0.5387172
2021-09-14 04:53:22,373 -  7095 / 11829 (059%):	 Total:0.7860445	 Acc:0.2187500	 lr:0.0001275	 Mean_Total:0.5401206
2021-09-14 04:55:54,552 -  9460 / 11829 (079%):	 Total:0.4747902	 Acc:0.2500000	 lr:0.0001272	 Mean_Total:0.5406037
2021-09-14 04:58:25,433 - 11825 / 11829 (099%):	 Total:0.4629180	 Acc:0.2500000	 lr:0.0001269	 Mean_Total:0.5407300
2021-09-14 04:58:25,806 - ===============================| start validation |===============================
2021-09-14 04:58:56,474 - 	 Total:0.5492378	 Acc:0.2199673
2021-09-14 04:58:56,479 -    ini file updated    
2021-09-14 04:58:56,479 - ===============================|    epoch 41   |===============================
2021-09-14 04:58:57,631 -     0 / 11829 (000%):	 Total:0.6145897	 Acc:0.1562500	 lr:0.0001269	 Mean_Total:0.6145897
2021-09-14 05:01:29,131 -  2365 / 11829 (019%):	 Total:0.4887244	 Acc:0.2500000	 lr:0.0001266	 Mean_Total:0.5368925
2021-09-14 05:03:56,065 -  4730 / 11829 (039%):	 Total:0.3937048	 Acc:0.2187500	 lr:0.0001263	 Mean_Total:0.5365792
2021-09-14 05:06:30,801 -  7095 / 11829 (059%):	 Total:0.6410056	 Acc:0.1562500	 lr:0.0001260	 Mean_Total:0.5379543
2021-09-14 05:09:04,610 -  9460 / 11829 (079%):	 Total:0.6949435	 Acc:0.3125000	 lr:0.0001257	 Mean_Total:0.5382353
2021-09-14 05:11:35,104 - 11825 / 11829 (099%):	 Total:0.4511624	 Acc:0.2187500	 lr:0.0001254	 Mean_Total:0.5398805
2021-09-14 05:11:35,504 - ===============================| start validation |===============================
2021-09-14 05:12:06,155 - 	 Total:0.5480550	 Acc:0.2191566
2021-09-14 05:12:06,160 -    ini file updated    
2021-09-14 05:12:06,181 - Snapshot saved to /data/users/wergillius/UTR_VAE/pth/RL_gru_MTL/scratch_schedule_kfold/from_scratch-model_best_cv0.pth

2021-09-14 05:12:06,182 -    ini file updated    
2021-09-14 05:12:06,182 - ===============================|    epoch 42   |===============================
2021-09-14 05:12:07,503 -     0 / 11829 (000%):	 Total:0.4747045	 Acc:0.1875000	 lr:0.0001254	 Mean_Total:0.4747045
2021-09-14 05:14:39,586 -  2365 / 11829 (019%):	 Total:0.4324487	 Acc:0.2187500	 lr:0.0001251	 Mean_Total:0.5370816
2021-09-14 05:17:07,990 -  4730 / 11829 (039%):	 Total:0.6075077	 Acc:0.1562500	 lr:0.0001248	 Mean_Total:0.5374406
2021-09-14 05:19:43,283 -  7095 / 11829 (059%):	 Total:0.7103959	 Acc:0.1875000	 lr:0.0001245	 Mean_Total:0.5388026
2021-09-14 05:22:17,929 -  9460 / 11829 (079%):	 Total:0.6440772	 Acc:0.1875000	 lr:0.0001242	 Mean_Total:0.5399010
2021-09-14 05:24:51,170 - 11825 / 11829 (099%):	 Total:0.4556407	 Acc:0.2812500	 lr:0.0001239	 Mean_Total:0.5398586
2021-09-14 05:24:51,532 - ===============================| start validation |===============================
2021-09-14 05:25:23,938 - 	 Total:0.5537745	 Acc:0.2199277
2021-09-14 05:25:23,943 -    ini file updated    
2021-09-14 05:25:23,943 - ===============================|    epoch 43   |===============================
2021-09-14 05:25:25,168 -     0 / 11829 (000%):	 Total:0.6140469	 Acc:0.2500000	 lr:0.0001239	 Mean_Total:0.6140469
2021-09-14 05:27:58,694 -  2365 / 11829 (019%):	 Total:0.6501511	 Acc:0.1250000	 lr:0.0001236	 Mean_Total:0.5322653
2021-09-14 05:30:26,232 -  4730 / 11829 (039%):	 Total:0.5720777	 Acc:0.1875000	 lr:0.0001234	 Mean_Total:0.5337275
2021-09-14 05:33:01,548 -  7095 / 11829 (059%):	 Total:0.5679315	 Acc:0.1250000	 lr:0.0001231	 Mean_Total:0.5370439
2021-09-14 05:35:35,276 -  9460 / 11829 (079%):	 Total:0.5196953	 Acc:0.1562500	 lr:0.0001228	 Mean_Total:0.5380053
2021-09-14 05:38:07,260 - 11825 / 11829 (099%):	 Total:0.6720579	 Acc:0.1875000	 lr:0.0001225	 Mean_Total:0.5389040
2021-09-14 05:38:07,635 - ===============================| start validation |===============================
2021-09-14 05:38:39,126 - 	 Total:0.5498714	 Acc:0.2143298
2021-09-14 05:38:39,131 -    ini file updated    
2021-09-14 05:38:39,132 - ===============================|    epoch 44   |===============================
2021-09-14 05:38:40,318 -     0 / 11829 (000%):	 Total:0.4052458	 Acc:0.1250000	 lr:0.0001225	 Mean_Total:0.4052458
2021-09-14 05:41:11,540 -  2365 / 11829 (019%):	 Total:0.5275965	 Acc:0.2187500	 lr:0.0001222	 Mean_Total:0.5367879
2021-09-14 05:43:37,273 -  4730 / 11829 (039%):	 Total:0.4918642	 Acc:0.0937500	 lr:0.0001220	 Mean_Total:0.5366449
2021-09-14 05:46:09,163 -  7095 / 11829 (059%):	 Total:0.4330909	 Acc:0.1250000	 lr:0.0001217	 Mean_Total:0.5367741
2021-09-14 05:48:41,880 -  9460 / 11829 (079%):	 Total:0.2525749	 Acc:0.1562500	 lr:0.0001214	 Mean_Total:0.5381656
2021-09-14 05:51:13,409 - 11825 / 11829 (099%):	 Total:0.4446466	 Acc:0.2187500	 lr:0.0001211	 Mean_Total:0.5381405
2021-09-14 05:51:13,782 - ===============================| start validation |===============================
2021-09-14 05:51:45,378 - 	 Total:0.5523914	 Acc:0.2212717
2021-09-14 05:51:45,381 -    ini file updated    
2021-09-14 05:51:45,382 - ===============================|    epoch 45   |===============================
2021-09-14 05:51:46,642 -     0 / 11829 (000%):	 Total:0.5724223	 Acc:0.0625000	 lr:0.0001211	 Mean_Total:0.5724223
2021-09-14 05:54:18,251 -  2365 / 11829 (019%):	 Total:0.4738820	 Acc:0.1250000	 lr:0.0001209	 Mean_Total:0.5359301
2021-09-14 05:56:42,561 -  4730 / 11829 (039%):	 Total:0.4440169	 Acc:0.3437500	 lr:0.0001206	 Mean_Total:0.5373030
2021-09-14 05:59:12,863 -  7095 / 11829 (059%):	 Total:0.6681490	 Acc:0.2187500	 lr:0.0001203	 Mean_Total:0.5371118
2021-09-14 06:01:41,945 -  9460 / 11829 (079%):	 Total:0.5586126	 Acc:0.1875000	 lr:0.0001201	 Mean_Total:0.5370697
2021-09-14 06:04:10,910 - 11825 / 11829 (099%):	 Total:0.3727219	 Acc:0.3750000	 lr:0.0001198	 Mean_Total:0.5368925
2021-09-14 06:04:11,281 - ===============================| start validation |===============================
2021-09-14 06:04:41,807 - 	 Total:0.5503763	 Acc:0.2219027
2021-09-14 06:04:41,812 -    ini file updated    
2021-09-14 06:04:41,813 - ===============================|    epoch 46   |===============================
2021-09-14 06:04:42,998 -     0 / 11829 (000%):	 Total:0.6052033	 Acc:0.2500000	 lr:0.0001198	 Mean_Total:0.6052033
2021-09-14 06:07:14,293 -  2365 / 11829 (019%):	 Total:0.5827802	 Acc:0.2500000	 lr:0.0001196	 Mean_Total:0.5317825
2021-09-14 06:09:40,855 -  4730 / 11829 (039%):	 Total:0.8860905	 Acc:0.2500000	 lr:0.0001193	 Mean_Total:0.5333113
2021-09-14 06:12:14,569 -  7095 / 11829 (059%):	 Total:0.3329281	 Acc:0.2187500	 lr:0.0001190	 Mean_Total:0.5351009
2021-09-14 06:14:45,454 -  9460 / 11829 (079%):	 Total:0.3491555	 Acc:0.2187500	 lr:0.0001188	 Mean_Total:0.5363692
2021-09-14 06:17:15,837 - 11825 / 11829 (099%):	 Total:0.3131678	 Acc:0.3750000	 lr:0.0001185	 Mean_Total:0.5367730
2021-09-14 06:17:16,230 - ===============================| start validation |===============================
2021-09-14 06:17:46,885 - 	 Total:0.5488522	 Acc:0.2199646
2021-09-14 06:17:46,889 -    ini file updated    
2021-09-14 06:17:46,890 - ===============================|    epoch 47   |===============================
2021-09-14 06:17:48,058 -     0 / 11829 (000%):	 Total:0.3488194	 Acc:0.1875000	 lr:0.0001185	 Mean_Total:0.3488194
2021-09-14 06:20:14,838 -  2365 / 11829 (019%):	 Total:0.4137983	 Acc:0.2187500	 lr:0.0001183	 Mean_Total:0.5308062
2021-09-14 06:22:41,816 -  4730 / 11829 (039%):	 Total:0.4833680	 Acc:0.1562500	 lr:0.0001180	 Mean_Total:0.5311640
2021-09-14 06:25:12,606 -  7095 / 11829 (059%):	 Total:0.7463585	 Acc:0.1250000	 lr:0.0001178	 Mean_Total:0.5340834
2021-09-14 06:27:44,564 -  9460 / 11829 (079%):	 Total:0.8089327	 Acc:0.1250000	 lr:0.0001175	 Mean_Total:0.5357851
2021-09-14 06:30:12,701 - 11825 / 11829 (099%):	 Total:0.6542076	 Acc:0.1562500	 lr:0.0001173	 Mean_Total:0.5364248
2021-09-14 06:30:13,054 - ===============================| start validation |===============================
2021-09-14 06:30:43,842 - 	 Total:0.5522647	 Acc:0.2210710
2021-09-14 06:30:43,847 -    ini file updated    
2021-09-14 06:30:43,848 - ===============================|    epoch 48   |===============================
2021-09-14 06:30:44,928 -     0 / 11829 (000%):	 Total:0.8693483	 Acc:0.2187500	 lr:0.0001173	 Mean_Total:0.8693483
2021-09-14 06:33:14,165 -  2365 / 11829 (019%):	 Total:0.4024308	 Acc:0.2187500	 lr:0.0001171	 Mean_Total:0.5291458
2021-09-14 06:35:40,116 -  4730 / 11829 (039%):	 Total:0.7420709	 Acc:0.1250000	 lr:0.0001168	 Mean_Total:0.5343163
2021-09-14 06:38:14,379 -  7095 / 11829 (059%):	 Total:0.5962440	 Acc:0.1875000	 lr:0.0001166	 Mean_Total:0.5340962
2021-09-14 06:40:46,792 -  9460 / 11829 (079%):	 Total:0.5242254	 Acc:0.1875000	 lr:0.0001163	 Mean_Total:0.5348487
2021-09-14 06:43:20,273 - 11825 / 11829 (099%):	 Total:0.4821355	 Acc:0.1875000	 lr:0.0001161	 Mean_Total:0.5357139
2021-09-14 06:43:20,595 - ===============================| start validation |===============================
2021-09-14 06:43:52,011 - 	 Total:0.5512189	 Acc:0.2235398
2021-09-14 06:43:52,023 -    ini file updated    
2021-09-14 06:43:52,049 - Snapshot saved to /data/users/wergillius/UTR_VAE/pth/RL_gru_MTL/scratch_schedule_kfold/from_scratch-model_best_cv0.pth

2021-09-14 06:43:52,050 -    ini file updated    
2021-09-14 06:43:52,051 - ===============================|    epoch 49   |===============================
2021-09-14 06:43:53,241 -     0 / 11829 (000%):	 Total:0.5230220	 Acc:0.2500000	 lr:0.0001161	 Mean_Total:0.5230220
2021-09-14 06:46:28,052 -  2365 / 11829 (019%):	 Total:0.7504853	 Acc:0.1875000	 lr:0.0001159	 Mean_Total:0.5301531
2021-09-14 06:48:55,552 -  4730 / 11829 (039%):	 Total:0.4476592	 Acc:0.1875000	 lr:0.0001156	 Mean_Total:0.5308690
2021-09-14 06:51:27,920 -  7095 / 11829 (059%):	 Total:0.3335932	 Acc:0.2187500	 lr:0.0001154	 Mean_Total:0.5326531
2021-09-14 06:53:59,030 -  9460 / 11829 (079%):	 Total:0.3703983	 Acc:0.1562500	 lr:0.0001152	 Mean_Total:0.5338711
2021-09-14 06:56:30,337 - 11825 / 11829 (099%):	 Total:0.5836776	 Acc:0.1875000	 lr:0.0001149	 Mean_Total:0.5350225
2021-09-14 06:56:30,702 - ===============================| start validation |===============================
2021-09-14 06:57:00,662 - 	 Total:0.5480126	 Acc:0.2195606
2021-09-14 06:57:00,667 -    ini file updated    
2021-09-14 06:57:00,684 - Snapshot saved to /data/users/wergillius/UTR_VAE/pth/RL_gru_MTL/scratch_schedule_kfold/from_scratch-model_best_cv0.pth

2021-09-14 06:57:00,685 -    ini file updated    
2021-09-14 06:57:00,685 - ===============================|    epoch 50   |===============================
2021-09-14 06:57:01,839 -     0 / 11829 (000%):	 Total:0.4216070	 Acc:0.2812500	 lr:0.0001149	 Mean_Total:0.4216070
2021-09-14 06:59:30,610 -  2365 / 11829 (019%):	 Total:0.4652777	 Acc:0.1875000	 lr:0.0001147	 Mean_Total:0.5322814
2021-09-14 07:01:58,353 -  4730 / 11829 (039%):	 Total:0.6056136	 Acc:0.1562500	 lr:0.0001145	 Mean_Total:0.5325433
2021-09-14 07:04:32,512 -  7095 / 11829 (059%):	 Total:0.5451186	 Acc:0.2812500	 lr:0.0001142	 Mean_Total:0.5336631
2021-09-14 07:07:04,799 -  9460 / 11829 (079%):	 Total:0.7516670	 Acc:0.1562500	 lr:0.0001140	 Mean_Total:0.5341709
2021-09-14 07:09:37,326 - 11825 / 11829 (099%):	 Total:0.4170888	 Acc:0.1875000	 lr:0.0001138	 Mean_Total:0.5342954
2021-09-14 07:09:37,701 - ===============================| start validation |===============================
2021-09-14 07:10:08,279 - 	 Total:0.5479836	 Acc:0.2177334
2021-09-14 07:10:08,284 -    ini file updated    
2021-09-14 07:10:08,310 - Snapshot saved to /data/users/wergillius/UTR_VAE/pth/RL_gru_MTL/scratch_schedule_kfold/from_scratch-model_best_cv0.pth

2021-09-14 07:10:08,311 -    ini file updated    
2021-09-14 07:10:08,311 - ===============================|    epoch 51   |===============================
2021-09-14 07:10:09,601 -     0 / 11829 (000%):	 Total:0.4843271	 Acc:0.1562500	 lr:0.0001138	 Mean_Total:0.4843271
2021-09-14 07:12:41,189 -  2365 / 11829 (019%):	 Total:0.6866536	 Acc:0.3125000	 lr:0.0001136	 Mean_Total:0.5284416
2021-09-14 07:15:09,326 -  4730 / 11829 (039%):	 Total:0.5415592	 Acc:0.3125000	 lr:0.0001134	 Mean_Total:0.5266825
2021-09-14 07:17:39,395 -  7095 / 11829 (059%):	 Total:0.7331325	 Acc:0.1562500	 lr:0.0001131	 Mean_Total:0.5299930
2021-09-14 07:20:09,237 -  9460 / 11829 (079%):	 Total:0.5472556	 Acc:0.2187500	 lr:0.0001129	 Mean_Total:0.5319781
2021-09-14 07:22:41,475 - 11825 / 11829 (099%):	 Total:0.5032675	 Acc:0.1562500	 lr:0.0001127	 Mean_Total:0.5330493
2021-09-14 07:22:41,813 - ===============================| start validation |===============================
2021-09-14 07:23:12,233 - 	 Total:0.5490763	 Acc:0.2197481
2021-09-14 07:23:12,238 -    ini file updated    
2021-09-14 07:23:12,238 - ===============================|    epoch 52   |===============================
2021-09-14 07:23:13,448 -     0 / 11829 (000%):	 Total:0.4523868	 Acc:0.1562500	 lr:0.0001127	 Mean_Total:0.4523868
2021-09-14 07:25:43,280 -  2365 / 11829 (019%):	 Total:0.4581932	 Acc:0.1562500	 lr:0.0001125	 Mean_Total:0.5258639
2021-09-14 07:28:11,508 -  4730 / 11829 (039%):	 Total:0.4329761	 Acc:0.1875000	 lr:0.0001123	 Mean_Total:0.5299935
2021-09-14 07:30:44,885 -  7095 / 11829 (059%):	 Total:0.5061909	 Acc:0.3437500	 lr:0.0001121	 Mean_Total:0.5306149
2021-09-14 07:33:16,590 -  9460 / 11829 (079%):	 Total:0.5138555	 Acc:0.3125000	 lr:0.0001118	 Mean_Total:0.5318263
2021-09-14 07:35:49,100 - 11825 / 11829 (099%):	 Total:0.4055044	 Acc:0.2812500	 lr:0.0001116	 Mean_Total:0.5323412
2021-09-14 07:35:49,501 - ===============================| start validation |===============================
2021-09-14 07:36:20,023 - 	 Total:0.5485991	 Acc:0.2203660
2021-09-14 07:36:20,026 -    ini file updated    
2021-09-14 07:36:20,026 - ===============================|    epoch 53   |===============================
2021-09-14 07:36:21,200 -     0 / 11829 (000%):	 Total:0.4427141	 Acc:0.0625000	 lr:0.0001116	 Mean_Total:0.4427141
2021-09-14 07:38:51,418 -  2365 / 11829 (019%):	 Total:0.5609103	 Acc:0.1562500	 lr:0.0001114	 Mean_Total:0.5275260
2021-09-14 07:41:19,527 -  4730 / 11829 (039%):	 Total:0.3652374	 Acc:0.1875000	 lr:0.0001112	 Mean_Total:0.5294016
2021-09-14 07:43:47,068 -  7095 / 11829 (059%):	 Total:0.4599203	 Acc:0.2187500	 lr:0.0001110	 Mean_Total:0.5305748
2021-09-14 07:46:16,448 -  9460 / 11829 (079%):	 Total:0.5689278	 Acc:0.2187500	 lr:0.0001108	 Mean_Total:0.5318726
2021-09-14 07:48:43,015 - 11825 / 11829 (099%):	 Total:0.4283295	 Acc:0.2812500	 lr:0.0001106	 Mean_Total:0.5329108
2021-09-14 07:48:43,385 - ===============================| start validation |===============================
2021-09-14 07:49:13,218 - 	 Total:0.5486570	 Acc:0.2225919
2021-09-14 07:49:13,223 -    ini file updated    
2021-09-14 07:49:13,224 - ===============================|    epoch 54   |===============================
2021-09-14 07:49:14,529 -     0 / 11829 (000%):	 Total:0.5681451	 Acc:0.1875000	 lr:0.0001106	 Mean_Total:0.5681451
2021-09-14 07:51:38,763 -  2365 / 11829 (019%):	 Total:0.5584708	 Acc:0.2812500	 lr:0.0001104	 Mean_Total:0.5338418
2021-09-14 07:54:03,148 -  4730 / 11829 (039%):	 Total:0.3583684	 Acc:0.2187500	 lr:0.0001102	 Mean_Total:0.5319574
2021-09-14 07:56:33,780 -  7095 / 11829 (059%):	 Total:0.5075376	 Acc:0.1875000	 lr:0.0001100	 Mean_Total:0.5307771
2021-09-14 07:59:04,356 -  9460 / 11829 (079%):	 Total:0.3783357	 Acc:0.1562500	 lr:0.0001098	 Mean_Total:0.5324064
2021-09-14 08:01:32,549 - 11825 / 11829 (099%):	 Total:0.5513222	 Acc:0.2812500	 lr:0.0001096	 Mean_Total:0.5319253
2021-09-14 08:01:32,938 - ===============================| start validation |===============================
2021-09-14 08:02:04,004 - 	 Total:0.5546033	 Acc:0.2241207
2021-09-14 08:02:04,008 -    ini file updated    
2021-09-14 08:02:04,023 - Snapshot saved to /data/users/wergillius/UTR_VAE/pth/RL_gru_MTL/scratch_schedule_kfold/from_scratch-model_best_cv0.pth

2021-09-14 08:02:04,023 -    ini file updated    
2021-09-14 08:02:04,024 - ===============================|    epoch 55   |===============================
2021-09-14 08:02:05,143 -     0 / 11829 (000%):	 Total:0.3821506	 Acc:0.1875000	 lr:0.0001096	 Mean_Total:0.3821506
2021-09-14 08:04:33,105 -  2365 / 11829 (019%):	 Total:0.4968176	 Acc:0.1562500	 lr:0.0001094	 Mean_Total:0.5256605
2021-09-14 08:06:59,176 -  4730 / 11829 (039%):	 Total:0.6255773	 Acc:0.1875000	 lr:0.0001092	 Mean_Total:0.5310472
2021-09-14 08:09:27,780 -  7095 / 11829 (059%):	 Total:0.7193013	 Acc:0.2500000	 lr:0.0001090	 Mean_Total:0.5307947
2021-09-14 08:11:55,919 -  9460 / 11829 (079%):	 Total:0.5546390	 Acc:0.3125000	 lr:0.0001088	 Mean_Total:0.5313053
2021-09-14 08:14:24,449 - 11825 / 11829 (099%):	 Total:0.7856495	 Acc:0.1250000	 lr:0.0001086	 Mean_Total:0.5313565
2021-09-14 08:14:24,821 - ===============================| start validation |===============================
2021-09-14 08:14:55,741 - 	 Total:0.5502454	 Acc:0.2197745
2021-09-14 08:14:55,749 -    ini file updated    
2021-09-14 08:14:55,749 - ===============================|    epoch 56   |===============================
2021-09-14 08:14:57,065 -     0 / 11829 (000%):	 Total:0.6307460	 Acc:0.1875000	 lr:0.0001086	 Mean_Total:0.6307460
2021-09-14 08:17:25,090 -  2365 / 11829 (019%):	 Total:0.4643131	 Acc:0.3125000	 lr:0.0001084	 Mean_Total:0.5274810
2021-09-14 08:19:50,753 -  4730 / 11829 (039%):	 Total:0.8394415	 Acc:0.0937500	 lr:0.0001082	 Mean_Total:0.5308181
2021-09-14 08:22:20,258 -  7095 / 11829 (059%):	 Total:0.3452642	 Acc:0.3437500	 lr:0.0001080	 Mean_Total:0.5312568
2021-09-14 08:24:51,373 -  9460 / 11829 (079%):	 Total:0.4898512	 Acc:0.2187500	 lr:0.0001078	 Mean_Total:0.5309572
2021-09-14 08:27:21,988 - 11825 / 11829 (099%):	 Total:0.3723894	 Acc:0.3125000	 lr:0.0001076	 Mean_Total:0.5314644
2021-09-14 08:27:22,312 - ===============================| start validation |===============================
2021-09-14 08:27:52,871 - 	 Total:0.5491372	 Acc:0.2209865
2021-09-14 08:27:52,875 -    ini file updated    
2021-09-14 08:27:52,875 - ===============================|    epoch 57   |===============================
2021-09-14 08:27:54,038 -     0 / 11829 (000%):	 Total:0.4658802	 Acc:0.1250000	 lr:0.0001076	 Mean_Total:0.4658802
2021-09-14 08:30:21,235 -  2365 / 11829 (019%):	 Total:0.5935241	 Acc:0.1250000	 lr:0.0001075	 Mean_Total:0.5283316
2021-09-14 08:32:47,385 -  4730 / 11829 (039%):	 Total:0.5248680	 Acc:0.2187500	 lr:0.0001073	 Mean_Total:0.5298665
2021-09-14 08:35:15,524 -  7095 / 11829 (059%):	 Total:0.6865926	 Acc:0.3125000	 lr:0.0001071	 Mean_Total:0.5287297
2021-09-14 08:37:43,646 -  9460 / 11829 (079%):	 Total:0.5886089	 Acc:0.1562500	 lr:0.0001069	 Mean_Total:0.5280923
2021-09-14 08:40:13,510 - 11825 / 11829 (099%):	 Total:0.4846843	 Acc:0.1562500	 lr:0.0001067	 Mean_Total:0.5296231
2021-09-14 08:40:13,875 - ===============================| start validation |===============================
2021-09-14 08:40:44,832 - 	 Total:0.5503782	 Acc:0.2203818
2021-09-14 08:40:44,836 -    ini file updated    
2021-09-14 08:40:44,836 - ===============================|    epoch 58   |===============================
2021-09-14 08:40:46,049 -     0 / 11829 (000%):	 Total:0.5733088	 Acc:0.1562500	 lr:0.0001067	 Mean_Total:0.5733088
2021-09-14 08:43:12,486 -  2365 / 11829 (019%):	 Total:0.5130644	 Acc:0.3437500	 lr:0.0001065	 Mean_Total:0.5286996
2021-09-14 08:45:37,428 -  4730 / 11829 (039%):	 Total:0.6589558	 Acc:0.1250000	 lr:0.0001063	 Mean_Total:0.5277009
2021-09-14 08:48:07,312 -  7095 / 11829 (059%):	 Total:0.4040148	 Acc:0.2500000	 lr:0.0001062	 Mean_Total:0.5283632
2021-09-14 08:50:34,800 -  9460 / 11829 (079%):	 Total:0.6788821	 Acc:0.2187500	 lr:0.0001060	 Mean_Total:0.5290231
2021-09-14 08:53:02,445 - 11825 / 11829 (099%):	 Total:0.3844269	 Acc:0.3125000	 lr:0.0001058	 Mean_Total:0.5295057
2021-09-14 08:53:02,784 - ===============================| start validation |===============================
2021-09-14 08:53:33,923 - 	 Total:0.5500965	 Acc:0.2205455
2021-09-14 08:53:33,929 -    ini file updated    
2021-09-14 08:53:33,929 - ===============================|    epoch 59   |===============================
2021-09-14 08:53:35,128 -     0 / 11829 (000%):	 Total:0.5789584	 Acc:0.2500000	 lr:0.0001058	 Mean_Total:0.5789584
2021-09-14 08:56:01,723 -  2365 / 11829 (019%):	 Total:0.7658165	 Acc:0.1562500	 lr:0.0001056	 Mean_Total:0.5232092
2021-09-14 08:58:28,926 -  4730 / 11829 (039%):	 Total:0.5168063	 Acc:0.1562500	 lr:0.0001054	 Mean_Total:0.5248718
2021-09-14 09:00:59,349 -  7095 / 11829 (059%):	 Total:0.4761779	 Acc:0.1875000	 lr:0.0001053	 Mean_Total:0.5260266
2021-09-14 09:03:29,112 -  9460 / 11829 (079%):	 Total:0.5640972	 Acc:0.1875000	 lr:0.0001051	 Mean_Total:0.5270893
2021-09-14 09:05:59,607 - 11825 / 11829 (099%):	 Total:0.5689354	 Acc:0.2187500	 lr:0.0001049	 Mean_Total:0.5281905
2021-09-14 09:05:59,918 - ===============================| start validation |===============================
2021-09-14 09:06:30,414 - 	 Total:0.5491269	 Acc:0.2190959
2021-09-14 09:06:30,420 -    ini file updated    
2021-09-14 09:06:30,420 - ===============================|    epoch 60   |===============================
2021-09-14 09:06:31,573 -     0 / 11829 (000%):	 Total:0.3623847	 Acc:0.1875000	 lr:0.0001049	 Mean_Total:0.3623847
2021-09-14 09:08:59,577 -  2365 / 11829 (019%):	 Total:0.5554546	 Acc:0.1250000	 lr:0.0001047	 Mean_Total:0.5254079
2021-09-14 09:11:26,812 -  4730 / 11829 (039%):	 Total:0.9129317	 Acc:0.1250000	 lr:0.0001046	 Mean_Total:0.5287792
2021-09-14 09:13:48,495 -  7095 / 11829 (059%):	 Total:0.7592236	 Acc:0.0625000	 lr:0.0001044	 Mean_Total:0.5295237
2021-09-14 09:16:08,968 -  9460 / 11829 (079%):	 Total:0.4199510	 Acc:0.2500000	 lr:0.0001042	 Mean_Total:0.5286950
2021-09-14 09:18:14,069 - 11825 / 11829 (099%):	 Total:0.5017147	 Acc:0.2500000	 lr:0.0001041	 Mean_Total:0.5286315
2021-09-14 09:18:14,361 - ===============================| start validation |===============================
2021-09-14 09:18:29,661 - 	 Total:0.5506363	 Acc:0.2194867
2021-09-14 09:18:29,665 -    ini file updated    
