2021-09-13 18:20:08,908 -   	 	 ==============<<< device used: cuda:1  >>>============== 	 	 
2021-09-13 18:20:17,565 - ===============================|    epoch 0   |===============================
2021-09-13 18:20:18,722 -     0 / 11829 (000%):	 Total:1.1262639	 Acc:0.1250000	 lr:0.0009882	 Mean_Total:1.1262639
2021-09-13 18:23:02,100 -  2365 / 11829 (019%):	 Total:0.7847387	 Acc:0.1875000	 lr:0.0018171	 Mean_Total:0.8014362
2021-09-13 18:26:17,309 -  4730 / 11829 (039%):	 Total:0.7952334	 Acc:0.0625000	 lr:0.0012850	 Mean_Total:0.7445001
2021-09-13 18:29:47,530 -  7095 / 11829 (059%):	 Total:1.0116597	 Acc:0.0937500	 lr:0.0010493	 Mean_Total:0.7203389
2021-09-13 18:34:20,548 -  9460 / 11829 (079%):	 Total:0.9915810	 Acc:0.1562500	 lr:0.0009087	 Mean_Total:0.7066708
2021-09-13 18:38:15,643 - 11825 / 11829 (099%):	 Total:0.5886164	 Acc:0.2187500	 lr:0.0008128	 Mean_Total:0.6954051
2021-09-13 18:38:16,143 - ===============================| start validation |===============================
2021-09-13 18:39:00,522 - 	 Total:0.6356137	 Acc:0.2048954
2021-09-13 18:39:00,530 -    ini file updated    
2021-09-13 18:39:00,552 - Snapshot saved to /data/users/wergillius/UTR_VAE/pth/RL_gru_MTL/scratch_schedule_kfold/from_scratch-model_best_cv1.pth

2021-09-13 18:39:00,553 -    ini file updated    
2021-09-13 18:39:00,554 - ===============================|    epoch 1   |===============================
2021-09-13 18:39:01,942 -     0 / 11829 (000%):	 Total:0.4501191	 Acc:0.3437500	 lr:0.0008126	 Mean_Total:0.4501191
2021-09-13 18:42:52,552 -  2365 / 11829 (019%):	 Total:0.6282796	 Acc:0.0937500	 lr:0.0007419	 Mean_Total:0.6378281
2021-09-13 18:46:53,449 -  4730 / 11829 (039%):	 Total:0.5483196	 Acc:0.1875000	 lr:0.0006869	 Mean_Total:0.6340997
2021-09-13 18:50:48,355 -  7095 / 11829 (059%):	 Total:0.4233107	 Acc:0.1875000	 lr:0.0006425	 Mean_Total:0.6310326
2021-09-13 18:54:36,443 -  9460 / 11829 (079%):	 Total:0.6934675	 Acc:0.0625000	 lr:0.0006058	 Mean_Total:0.6301840
2021-09-13 18:58:32,754 - 11825 / 11829 (099%):	 Total:0.7149848	 Acc:0.1250000	 lr:0.0005747	 Mean_Total:0.6275188
2021-09-13 18:58:33,208 - ===============================| start validation |===============================
2021-09-13 18:59:18,516 - 	 Total:0.6042865	 Acc:0.2079742
2021-09-13 18:59:18,520 -    ini file updated    
2021-09-13 18:59:18,536 - Snapshot saved to /data/users/wergillius/UTR_VAE/pth/RL_gru_MTL/scratch_schedule_kfold/from_scratch-model_best_cv1.pth

2021-09-13 18:59:18,537 -    ini file updated    
2021-09-13 18:59:18,537 - ===============================|    epoch 2   |===============================
2021-09-13 18:59:19,780 -     0 / 11829 (000%):	 Total:0.7868286	 Acc:0.3125000	 lr:0.0005746	 Mean_Total:0.7868286
2021-09-13 19:03:07,168 -  2365 / 11829 (019%):	 Total:0.9101631	 Acc:0.1562500	 lr:0.0005479	 Mean_Total:0.6117654
2021-09-13 19:07:08,437 -  4730 / 11829 (039%):	 Total:0.6913102	 Acc:0.2812500	 lr:0.0005246	 Mean_Total:0.6102792
2021-09-13 19:11:08,047 -  7095 / 11829 (059%):	 Total:0.5121772	 Acc:0.2500000	 lr:0.0005040	 Mean_Total:0.6096285
2021-09-13 19:15:08,451 -  9460 / 11829 (079%):	 Total:0.4542929	 Acc:0.2187500	 lr:0.0004857	 Mean_Total:0.6106267
2021-09-13 19:19:06,423 - 11825 / 11829 (099%):	 Total:0.9027528	 Acc:0.1250000	 lr:0.0004692	 Mean_Total:0.6098114
2021-09-13 19:19:06,926 - ===============================| start validation |===============================
2021-09-13 19:19:50,902 - 	 Total:0.5926207	 Acc:0.2061074
2021-09-13 19:19:50,907 -    ini file updated    
2021-09-13 19:19:50,931 - Snapshot saved to /data/users/wergillius/UTR_VAE/pth/RL_gru_MTL/scratch_schedule_kfold/from_scratch-model_best_cv1.pth

2021-09-13 19:19:50,932 -    ini file updated    
2021-09-13 19:19:50,932 - ===============================|    epoch 3   |===============================
2021-09-13 19:19:52,204 -     0 / 11829 (000%):	 Total:0.5230340	 Acc:0.2187500	 lr:0.0004692	 Mean_Total:0.5230340
2021-09-13 19:23:42,453 -  2365 / 11829 (019%):	 Total:0.3690479	 Acc:0.1875000	 lr:0.0004543	 Mean_Total:0.6039495
2021-09-13 19:27:34,214 -  4730 / 11829 (039%):	 Total:0.4036574	 Acc:0.1875000	 lr:0.0004407	 Mean_Total:0.6023177
2021-09-13 19:31:30,211 -  7095 / 11829 (059%):	 Total:0.6817552	 Acc:0.3750000	 lr:0.0004283	 Mean_Total:0.6013093
2021-09-13 19:35:34,596 -  9460 / 11829 (079%):	 Total:0.4900920	 Acc:0.1562500	 lr:0.0004169	 Mean_Total:0.5998915
2021-09-13 19:39:31,542 - 11825 / 11829 (099%):	 Total:0.5738149	 Acc:0.2500000	 lr:0.0004064	 Mean_Total:0.5986541
2021-09-13 19:39:32,062 - ===============================| start validation |===============================
2021-09-13 19:40:19,282 - 	 Total:0.5816941	 Acc:0.2088667
2021-09-13 19:40:19,291 -    ini file updated    
2021-09-13 19:40:19,313 - Snapshot saved to /data/users/wergillius/UTR_VAE/pth/RL_gru_MTL/scratch_schedule_kfold/from_scratch-model_best_cv1.pth

2021-09-13 19:40:19,314 -    ini file updated    
2021-09-13 19:40:19,315 - ===============================|    epoch 4   |===============================
2021-09-13 19:40:20,567 -     0 / 11829 (000%):	 Total:0.5493555	 Acc:0.1562500	 lr:0.0004063	 Mean_Total:0.5493555
2021-09-13 19:44:19,290 -  2365 / 11829 (019%):	 Total:0.6196523	 Acc:0.3437500	 lr:0.0003965	 Mean_Total:0.5958233
2021-09-13 19:48:26,217 -  4730 / 11829 (039%):	 Total:0.5433820	 Acc:0.1875000	 lr:0.0003874	 Mean_Total:0.5953804
2021-09-13 19:52:25,983 -  7095 / 11829 (059%):	 Total:0.6418208	 Acc:0.1562500	 lr:0.0003789	 Mean_Total:0.5943696
2021-09-13 19:56:28,095 -  9460 / 11829 (079%):	 Total:0.8184428	 Acc:0.0937500	 lr:0.0003709	 Mean_Total:0.5927745
2021-09-13 20:00:29,467 - 11825 / 11829 (099%):	 Total:0.3766523	 Acc:0.2812500	 lr:0.0003635	 Mean_Total:0.5926195
2021-09-13 20:00:29,902 - ===============================| start validation |===============================
2021-09-13 20:01:16,831 - 	 Total:0.5805146	 Acc:0.2092575
2021-09-13 20:01:16,834 -    ini file updated    
2021-09-13 20:01:16,853 - Snapshot saved to /data/users/wergillius/UTR_VAE/pth/RL_gru_MTL/scratch_schedule_kfold/from_scratch-model_best_cv1.pth

2021-09-13 20:01:16,854 -    ini file updated    
2021-09-13 20:01:16,854 - ===============================|    epoch 5   |===============================
2021-09-13 20:01:18,214 -     0 / 11829 (000%):	 Total:0.8951156	 Acc:0.2187500	 lr:0.0003634	 Mean_Total:0.8951156
2021-09-13 20:05:14,560 -  2365 / 11829 (019%):	 Total:0.3024796	 Acc:0.3750000	 lr:0.0003564	 Mean_Total:0.5873115
2021-09-13 20:09:23,551 -  4730 / 11829 (039%):	 Total:0.6331997	 Acc:0.1562500	 lr:0.0003497	 Mean_Total:0.5873487
2021-09-13 20:13:21,956 -  7095 / 11829 (059%):	 Total:0.9322218	 Acc:0.1562500	 lr:0.0003434	 Mean_Total:0.5870543
2021-09-13 20:17:34,342 -  9460 / 11829 (079%):	 Total:0.4891378	 Acc:0.2187500	 lr:0.0003375	 Mean_Total:0.5872980
2021-09-13 20:21:22,971 - 11825 / 11829 (099%):	 Total:0.9500235	 Acc:0.1250000	 lr:0.0003318	 Mean_Total:0.5869976
2021-09-13 20:21:23,423 - ===============================| start validation |===============================
2021-09-13 20:22:01,746 - 	 Total:0.5747264	 Acc:0.2118504
2021-09-13 20:22:01,751 -    ini file updated    
2021-09-13 20:22:01,777 - Snapshot saved to /data/users/wergillius/UTR_VAE/pth/RL_gru_MTL/scratch_schedule_kfold/from_scratch-model_best_cv1.pth

2021-09-13 20:22:01,778 -    ini file updated    
2021-09-13 20:22:01,778 - ===============================|    epoch 6   |===============================
2021-09-13 20:22:03,088 -     0 / 11829 (000%):	 Total:0.5225572	 Acc:0.2812500	 lr:0.0003318	 Mean_Total:0.5225572
2021-09-13 20:25:11,585 -  2365 / 11829 (019%):	 Total:0.3848436	 Acc:0.2812500	 lr:0.0003264	 Mean_Total:0.5851431
2021-09-13 20:28:26,695 -  4730 / 11829 (039%):	 Total:0.5715738	 Acc:0.1875000	 lr:0.0003212	 Mean_Total:0.5850650
2021-09-13 20:31:40,934 -  7095 / 11829 (059%):	 Total:0.3925046	 Acc:0.2187500	 lr:0.0003163	 Mean_Total:0.5832822
2021-09-13 20:34:56,541 -  9460 / 11829 (079%):	 Total:0.5376265	 Acc:0.2500000	 lr:0.0003117	 Mean_Total:0.5846111
2021-09-13 20:38:14,234 - 11825 / 11829 (099%):	 Total:0.6514267	 Acc:0.0312500	 lr:0.0003072	 Mean_Total:0.5837323
2021-09-13 20:38:14,680 - ===============================| start validation |===============================
2021-09-13 20:38:52,965 - 	 Total:0.5744350	 Acc:0.2094503
2021-09-13 20:38:52,971 -    ini file updated    
2021-09-13 20:38:52,996 - Snapshot saved to /data/users/wergillius/UTR_VAE/pth/RL_gru_MTL/scratch_schedule_kfold/from_scratch-model_best_cv1.pth

2021-09-13 20:38:52,997 -    ini file updated    
2021-09-13 20:38:52,998 - ===============================|    epoch 7   |===============================
2021-09-13 20:38:54,278 -     0 / 11829 (000%):	 Total:0.7248474	 Acc:0.2187500	 lr:0.0003072	 Mean_Total:0.7248474
2021-09-13 20:42:09,123 -  2365 / 11829 (019%):	 Total:0.5829707	 Acc:0.1250000	 lr:0.0003029	 Mean_Total:0.5739662
2021-09-13 20:45:26,914 -  4730 / 11829 (039%):	 Total:0.4429343	 Acc:0.2812500	 lr:0.0002987	 Mean_Total:0.5790450
2021-09-13 20:48:45,501 -  7095 / 11829 (059%):	 Total:0.7032028	 Acc:0.1250000	 lr:0.0002948	 Mean_Total:0.5792437
2021-09-13 20:52:09,177 -  9460 / 11829 (079%):	 Total:0.6960778	 Acc:0.1562500	 lr:0.0002910	 Mean_Total:0.5801566
2021-09-13 20:55:26,460 - 11825 / 11829 (099%):	 Total:0.7538497	 Acc:0.2187500	 lr:0.0002873	 Mean_Total:0.5801241
2021-09-13 20:55:26,898 - ===============================| start validation |===============================
2021-09-13 20:56:05,128 - 	 Total:0.5765429	 Acc:0.2075148
2021-09-13 20:56:05,134 -    ini file updated    
2021-09-13 20:56:05,134 - ===============================|    epoch 8   |===============================
2021-09-13 20:56:06,517 -     0 / 11829 (000%):	 Total:0.7042557	 Acc:0.1875000	 lr:0.0002873	 Mean_Total:0.7042557
2021-09-13 20:59:19,396 -  2365 / 11829 (019%):	 Total:0.5406399	 Acc:0.2187500	 lr:0.0002838	 Mean_Total:0.5730553
2021-09-13 21:02:38,193 -  4730 / 11829 (039%):	 Total:0.5959325	 Acc:0.2812500	 lr:0.0002804	 Mean_Total:0.5761043
2021-09-13 21:05:51,348 -  7095 / 11829 (059%):	 Total:0.4173096	 Acc:0.2500000	 lr:0.0002771	 Mean_Total:0.5761044
2021-09-13 21:09:12,758 -  9460 / 11829 (079%):	 Total:0.4669122	 Acc:0.1562500	 lr:0.0002740	 Mean_Total:0.5772676
2021-09-13 21:12:34,737 - 11825 / 11829 (099%):	 Total:0.4008267	 Acc:0.1562500	 lr:0.0002709	 Mean_Total:0.5765206
2021-09-13 21:12:35,217 - ===============================| start validation |===============================
2021-09-13 21:13:15,590 - 	 Total:0.5678117	 Acc:0.2172951
2021-09-13 21:13:15,596 -    ini file updated    
2021-09-13 21:13:15,626 - Snapshot saved to /data/users/wergillius/UTR_VAE/pth/RL_gru_MTL/scratch_schedule_kfold/from_scratch-model_best_cv1.pth

2021-09-13 21:13:15,628 -    ini file updated    
2021-09-13 21:13:15,628 - ===============================|    epoch 9   |===============================
2021-09-13 21:13:17,024 -     0 / 11829 (000%):	 Total:0.5836105	 Acc:0.3125000	 lr:0.0002709	 Mean_Total:0.5836105
2021-09-13 21:16:30,679 -  2365 / 11829 (019%):	 Total:0.4521122	 Acc:0.1875000	 lr:0.0002679	 Mean_Total:0.5746879
2021-09-13 21:19:57,055 -  4730 / 11829 (039%):	 Total:0.5145110	 Acc:0.3125000	 lr:0.0002651	 Mean_Total:0.5730852
2021-09-13 21:23:20,139 -  7095 / 11829 (059%):	 Total:0.6397400	 Acc:0.1875000	 lr:0.0002623	 Mean_Total:0.5735238
2021-09-13 21:26:45,754 -  9460 / 11829 (079%):	 Total:0.3877104	 Acc:0.3437500	 lr:0.0002596	 Mean_Total:0.5743227
2021-09-13 21:30:09,238 - 11825 / 11829 (099%):	 Total:0.4380648	 Acc:0.1250000	 lr:0.0002570	 Mean_Total:0.5746532
2021-09-13 21:30:09,679 - ===============================| start validation |===============================
2021-09-13 21:30:50,389 - 	 Total:0.5713356	 Acc:0.2135377
2021-09-13 21:30:50,394 -    ini file updated    
2021-09-13 21:30:50,395 - ===============================|    epoch 10   |===============================
2021-09-13 21:30:51,742 -     0 / 11829 (000%):	 Total:0.8481306	 Acc:0.1250000	 lr:0.0002570	 Mean_Total:0.8481306
2021-09-13 21:34:11,931 -  2365 / 11829 (019%):	 Total:0.7041082	 Acc:0.2187500	 lr:0.0002545	 Mean_Total:0.5704051
2021-09-13 21:37:35,774 -  4730 / 11829 (039%):	 Total:0.7546362	 Acc:0.2187500	 lr:0.0002520	 Mean_Total:0.5718254
2021-09-13 21:40:55,710 -  7095 / 11829 (059%):	 Total:0.5027445	 Acc:0.1562500	 lr:0.0002496	 Mean_Total:0.5721455
2021-09-13 21:44:18,283 -  9460 / 11829 (079%):	 Total:0.6961581	 Acc:0.1875000	 lr:0.0002473	 Mean_Total:0.5718582
2021-09-13 21:47:37,144 - 11825 / 11829 (099%):	 Total:0.5850383	 Acc:0.1875000	 lr:0.0002450	 Mean_Total:0.5720484
2021-09-13 21:47:37,534 - ===============================| start validation |===============================
2021-09-13 21:48:15,235 - 	 Total:0.5785505	 Acc:0.2185520
2021-09-13 21:48:15,240 -    ini file updated    
2021-09-13 21:48:15,262 - Snapshot saved to /data/users/wergillius/UTR_VAE/pth/RL_gru_MTL/scratch_schedule_kfold/from_scratch-model_best_cv1.pth

2021-09-13 21:48:15,263 -    ini file updated    
2021-09-13 21:48:15,263 - ===============================|    epoch 11   |===============================
2021-09-13 21:48:16,683 -     0 / 11829 (000%):	 Total:0.3701584	 Acc:0.3125000	 lr:0.0002450	 Mean_Total:0.3701584
2021-09-13 21:51:38,254 -  2365 / 11829 (019%):	 Total:1.0576437	 Acc:0.1250000	 lr:0.0002428	 Mean_Total:0.5675307
2021-09-13 21:55:01,354 -  4730 / 11829 (039%):	 Total:0.6274542	 Acc:0.1875000	 lr:0.0002407	 Mean_Total:0.5685422
2021-09-13 21:58:19,553 -  7095 / 11829 (059%):	 Total:0.4554184	 Acc:0.2187500	 lr:0.0002386	 Mean_Total:0.5688704
2021-09-13 22:01:40,838 -  9460 / 11829 (079%):	 Total:0.5594606	 Acc:0.3750000	 lr:0.0002366	 Mean_Total:0.5700230
2021-09-13 22:05:04,415 - 11825 / 11829 (099%):	 Total:0.8251178	 Acc:0.2500000	 lr:0.0002346	 Mean_Total:0.5707781
2021-09-13 22:05:04,822 - ===============================| start validation |===============================
2021-09-13 22:05:45,083 - 	 Total:0.5648240	 Acc:0.2135932
2021-09-13 22:05:45,088 -    ini file updated    
2021-09-13 22:05:45,106 - Snapshot saved to /data/users/wergillius/UTR_VAE/pth/RL_gru_MTL/scratch_schedule_kfold/from_scratch-model_best_cv1.pth

2021-09-13 22:05:45,107 -    ini file updated    
2021-09-13 22:05:45,107 - ===============================|    epoch 12   |===============================
2021-09-13 22:05:46,520 -     0 / 11829 (000%):	 Total:0.8828760	 Acc:0.2812500	 lr:0.0002346	 Mean_Total:0.8828760
2021-09-13 22:08:59,996 -  2365 / 11829 (019%):	 Total:0.7633700	 Acc:0.1250000	 lr:0.0002327	 Mean_Total:0.5663133
2021-09-13 22:12:23,364 -  4730 / 11829 (039%):	 Total:0.4693527	 Acc:0.1875000	 lr:0.0002308	 Mean_Total:0.5641392
2021-09-13 22:15:48,343 -  7095 / 11829 (059%):	 Total:0.7727545	 Acc:0.1562500	 lr:0.0002289	 Mean_Total:0.5665631
2021-09-13 22:19:20,045 -  9460 / 11829 (079%):	 Total:0.8808774	 Acc:0.2187500	 lr:0.0002272	 Mean_Total:0.5677705
2021-09-13 22:22:46,181 - 11825 / 11829 (099%):	 Total:0.6506886	 Acc:0.1250000	 lr:0.0002254	 Mean_Total:0.5685062
2021-09-13 22:22:46,608 - ===============================| start validation |===============================
2021-09-13 22:23:28,678 - 	 Total:0.5642214	 Acc:0.2119059
2021-09-13 22:23:28,682 -    ini file updated    
2021-09-13 22:23:28,700 - Snapshot saved to /data/users/wergillius/UTR_VAE/pth/RL_gru_MTL/scratch_schedule_kfold/from_scratch-model_best_cv1.pth

2021-09-13 22:23:28,701 -    ini file updated    
2021-09-13 22:23:28,701 - ===============================|    epoch 13   |===============================
2021-09-13 22:23:29,865 -     0 / 11829 (000%):	 Total:0.5204135	 Acc:0.3125000	 lr:0.0002254	 Mean_Total:0.5204135
2021-09-13 22:26:54,344 -  2365 / 11829 (019%):	 Total:0.6902272	 Acc:0.2500000	 lr:0.0002237	 Mean_Total:0.5667968
2021-09-13 22:30:21,205 -  4730 / 11829 (039%):	 Total:0.6337849	 Acc:0.1875000	 lr:0.0002220	 Mean_Total:0.5674649
2021-09-13 22:33:44,680 -  7095 / 11829 (059%):	 Total:0.6972347	 Acc:0.1562500	 lr:0.0002204	 Mean_Total:0.5668888
2021-09-13 22:37:14,348 -  9460 / 11829 (079%):	 Total:0.5887477	 Acc:0.2500000	 lr:0.0002188	 Mean_Total:0.5670102
2021-09-13 22:40:41,411 - 11825 / 11829 (099%):	 Total:0.3847381	 Acc:0.1562500	 lr:0.0002172	 Mean_Total:0.5664346
2021-09-13 22:40:41,824 - ===============================| start validation |===============================
2021-09-13 22:41:20,966 - 	 Total:0.5639545	 Acc:0.2176727
2021-09-13 22:41:20,971 -    ini file updated    
2021-09-13 22:41:20,990 - Snapshot saved to /data/users/wergillius/UTR_VAE/pth/RL_gru_MTL/scratch_schedule_kfold/from_scratch-model_best_cv1.pth

2021-09-13 22:41:20,990 -    ini file updated    
2021-09-13 22:41:20,991 - ===============================|    epoch 14   |===============================
2021-09-13 22:41:22,355 -     0 / 11829 (000%):	 Total:0.9794565	 Acc:0.2812500	 lr:0.0002172	 Mean_Total:0.9794565
2021-09-13 22:44:41,495 -  2365 / 11829 (019%):	 Total:0.4653035	 Acc:0.1875000	 lr:0.0002157	 Mean_Total:0.5636019
2021-09-13 22:48:02,056 -  4730 / 11829 (039%):	 Total:0.3928341	 Acc:0.2500000	 lr:0.0002142	 Mean_Total:0.5626095
2021-09-13 22:51:21,311 -  7095 / 11829 (059%):	 Total:0.4888434	 Acc:0.1875000	 lr:0.0002127	 Mean_Total:0.5629589
2021-09-13 22:54:38,669 -  9460 / 11829 (079%):	 Total:0.6406836	 Acc:0.2500000	 lr:0.0002112	 Mean_Total:0.5651107
2021-09-13 22:57:57,427 - 11825 / 11829 (099%):	 Total:0.7855500	 Acc:0.1562500	 lr:0.0002098	 Mean_Total:0.5651585
2021-09-13 22:57:57,872 - ===============================| start validation |===============================
2021-09-13 22:58:38,291 - 	 Total:0.5675684	 Acc:0.2168858
2021-09-13 22:58:38,296 -    ini file updated    
2021-09-13 22:58:38,296 - ===============================|    epoch 15   |===============================
2021-09-13 22:58:39,634 -     0 / 11829 (000%):	 Total:0.6879885	 Acc:0.0625000	 lr:0.0002098	 Mean_Total:0.6879885
2021-09-13 23:01:58,448 -  2365 / 11829 (019%):	 Total:0.6144341	 Acc:0.1250000	 lr:0.0002084	 Mean_Total:0.5639290
2021-09-13 23:05:17,125 -  4730 / 11829 (039%):	 Total:0.6274186	 Acc:0.1562500	 lr:0.0002071	 Mean_Total:0.5642181
2021-09-13 23:08:44,260 -  7095 / 11829 (059%):	 Total:0.3756683	 Acc:0.1562500	 lr:0.0002058	 Mean_Total:0.5641113
2021-09-13 23:12:10,833 -  9460 / 11829 (079%):	 Total:0.6480012	 Acc:0.0937500	 lr:0.0002045	 Mean_Total:0.5637561
2021-09-13 23:15:28,947 - 11825 / 11829 (099%):	 Total:0.6098824	 Acc:0.3125000	 lr:0.0002032	 Mean_Total:0.5642626
2021-09-13 23:15:29,358 - ===============================| start validation |===============================
2021-09-13 23:16:09,203 - 	 Total:0.5613050	 Acc:0.2194656
2021-09-13 23:16:09,208 -    ini file updated    
2021-09-13 23:16:09,229 - Snapshot saved to /data/users/wergillius/UTR_VAE/pth/RL_gru_MTL/scratch_schedule_kfold/from_scratch-model_best_cv1.pth

2021-09-13 23:16:09,231 -    ini file updated    
2021-09-13 23:16:09,231 - ===============================|    epoch 16   |===============================
2021-09-13 23:16:10,558 -     0 / 11829 (000%):	 Total:0.7359122	 Acc:0.2812500	 lr:0.0002032	 Mean_Total:0.7359122
2021-09-13 23:19:27,379 -  2365 / 11829 (019%):	 Total:0.4070138	 Acc:0.1562500	 lr:0.0002019	 Mean_Total:0.5584700
2021-09-13 23:22:50,295 -  4730 / 11829 (039%):	 Total:0.5878301	 Acc:0.2187500	 lr:0.0002007	 Mean_Total:0.5597293
2021-09-13 23:26:14,652 -  7095 / 11829 (059%):	 Total:0.7016108	 Acc:0.2187500	 lr:0.0001995	 Mean_Total:0.5614330
2021-09-13 23:29:43,103 -  9460 / 11829 (079%):	 Total:0.6893003	 Acc:0.1562500	 lr:0.0001983	 Mean_Total:0.5627923
2021-09-13 23:33:09,530 - 11825 / 11829 (099%):	 Total:0.7434058	 Acc:0.0937500	 lr:0.0001971	 Mean_Total:0.5626702
2021-09-13 23:33:09,997 - ===============================| start validation |===============================
2021-09-13 23:33:50,815 - 	 Total:0.5612476	 Acc:0.2138915
2021-09-13 23:33:50,819 -    ini file updated    
2021-09-13 23:33:50,843 - Snapshot saved to /data/users/wergillius/UTR_VAE/pth/RL_gru_MTL/scratch_schedule_kfold/from_scratch-model_best_cv1.pth

2021-09-13 23:33:50,843 -    ini file updated    
2021-09-13 23:33:50,844 - ===============================|    epoch 17   |===============================
2021-09-13 23:33:51,966 -     0 / 11829 (000%):	 Total:0.6095041	 Acc:0.2500000	 lr:0.0001971	 Mean_Total:0.6095041
2021-09-13 23:37:09,739 -  2365 / 11829 (019%):	 Total:0.4608802	 Acc:0.2187500	 lr:0.0001960	 Mean_Total:0.5604320
2021-09-13 23:40:21,754 -  4730 / 11829 (039%):	 Total:0.5814646	 Acc:0.1562500	 lr:0.0001948	 Mean_Total:0.5629660
2021-09-13 23:43:16,486 -  7095 / 11829 (059%):	 Total:0.5378235	 Acc:0.1250000	 lr:0.0001937	 Mean_Total:0.5610671
2021-09-13 23:46:07,299 -  9460 / 11829 (079%):	 Total:0.5438779	 Acc:0.2187500	 lr:0.0001926	 Mean_Total:0.5603841
2021-09-13 23:48:59,488 - 11825 / 11829 (099%):	 Total:0.6945093	 Acc:0.2500000	 lr:0.0001916	 Mean_Total:0.5611661
2021-09-13 23:48:59,895 - ===============================| start validation |===============================
2021-09-13 23:49:34,204 - 	 Total:0.5663253	 Acc:0.2178153
2021-09-13 23:49:34,208 -    ini file updated    
2021-09-13 23:49:34,208 - ===============================|    epoch 18   |===============================
2021-09-13 23:49:35,517 -     0 / 11829 (000%):	 Total:0.4583292	 Acc:0.3437500	 lr:0.0001916	 Mean_Total:0.4583292
2021-09-13 23:52:23,774 -  2365 / 11829 (019%):	 Total:0.6427078	 Acc:0.2187500	 lr:0.0001905	 Mean_Total:0.5620292
2021-09-13 23:55:17,447 -  4730 / 11829 (039%):	 Total:0.3536040	 Acc:0.2500000	 lr:0.0001895	 Mean_Total:0.5616773
2021-09-13 23:58:11,559 -  7095 / 11829 (059%):	 Total:0.5457065	 Acc:0.2812500	 lr:0.0001884	 Mean_Total:0.5612677
2021-09-14 00:01:06,510 -  9460 / 11829 (079%):	 Total:0.7847543	 Acc:0.1562500	 lr:0.0001874	 Mean_Total:0.5610677
2021-09-14 00:03:59,995 - 11825 / 11829 (099%):	 Total:0.5340639	 Acc:0.2812500	 lr:0.0001864	 Mean_Total:0.5600598
2021-09-14 00:04:00,478 - ===============================| start validation |===============================
2021-09-14 00:04:34,839 - 	 Total:0.5584143	 Acc:0.2151986
2021-09-14 00:04:34,846 -    ini file updated    
2021-09-14 00:04:34,867 - Snapshot saved to /data/users/wergillius/UTR_VAE/pth/RL_gru_MTL/scratch_schedule_kfold/from_scratch-model_best_cv1.pth

2021-09-14 00:04:34,868 -    ini file updated    
2021-09-14 00:04:34,868 - ===============================|    epoch 19   |===============================
2021-09-14 00:04:36,148 -     0 / 11829 (000%):	 Total:0.4640537	 Acc:0.1562500	 lr:0.0001864	 Mean_Total:0.4640537
2021-09-14 00:07:21,673 -  2365 / 11829 (019%):	 Total:0.6696706	 Acc:0.1562500	 lr:0.0001855	 Mean_Total:0.5567557
2021-09-14 00:10:11,761 -  4730 / 11829 (039%):	 Total:0.3960444	 Acc:0.2187500	 lr:0.0001845	 Mean_Total:0.5541929
2021-09-14 00:13:01,413 -  7095 / 11829 (059%):	 Total:0.7796362	 Acc:0.2187500	 lr:0.0001836	 Mean_Total:0.5548664
2021-09-14 00:15:50,917 -  9460 / 11829 (079%):	 Total:0.4894022	 Acc:0.2187500	 lr:0.0001826	 Mean_Total:0.5567712
2021-09-14 00:18:36,620 - 11825 / 11829 (099%):	 Total:0.5530045	 Acc:0.2187500	 lr:0.0001817	 Mean_Total:0.5585620
2021-09-14 00:18:36,970 - ===============================| start validation |===============================
2021-09-14 00:19:11,032 - 	 Total:0.5598626	 Acc:0.2172449
2021-09-14 00:19:11,036 -    ini file updated    
2021-09-14 00:19:11,036 - ===============================|    epoch 20   |===============================
2021-09-14 00:19:12,313 -     0 / 11829 (000%):	 Total:0.6405094	 Acc:0.1562500	 lr:0.0001817	 Mean_Total:0.6405094
2021-09-14 00:21:56,085 -  2365 / 11829 (019%):	 Total:0.4139500	 Acc:0.3437500	 lr:0.0001808	 Mean_Total:0.5507044
2021-09-14 00:24:46,294 -  4730 / 11829 (039%):	 Total:0.4920155	 Acc:0.1562500	 lr:0.0001799	 Mean_Total:0.5504600
2021-09-14 00:27:34,799 -  7095 / 11829 (059%):	 Total:0.5656477	 Acc:0.1875000	 lr:0.0001791	 Mean_Total:0.5538843
2021-09-14 00:30:24,573 -  9460 / 11829 (079%):	 Total:0.6231316	 Acc:0.2812500	 lr:0.0001782	 Mean_Total:0.5559778
2021-09-14 00:33:12,724 - 11825 / 11829 (099%):	 Total:0.9344562	 Acc:0.1875000	 lr:0.0001773	 Mean_Total:0.5574196
2021-09-14 00:33:13,116 - ===============================| start validation |===============================
2021-09-14 00:33:47,218 - 	 Total:0.5582099	 Acc:0.2155788
2021-09-14 00:33:47,225 -    ini file updated    
2021-09-14 00:33:47,250 - Snapshot saved to /data/users/wergillius/UTR_VAE/pth/RL_gru_MTL/scratch_schedule_kfold/from_scratch-model_best_cv1.pth

2021-09-14 00:33:47,251 -    ini file updated    
2021-09-14 00:33:47,251 - ===============================|    epoch 21   |===============================
2021-09-14 00:33:48,565 -     0 / 11829 (000%):	 Total:0.5653510	 Acc:0.1562500	 lr:0.0001773	 Mean_Total:0.5653510
2021-09-14 00:36:28,362 -  2365 / 11829 (019%):	 Total:0.5952597	 Acc:0.0937500	 lr:0.0001765	 Mean_Total:0.5584682
2021-09-14 00:39:16,252 -  4730 / 11829 (039%):	 Total:0.3314187	 Acc:0.0625000	 lr:0.0001757	 Mean_Total:0.5566438
2021-09-14 00:42:02,901 -  7095 / 11829 (059%):	 Total:0.5506207	 Acc:0.2500000	 lr:0.0001749	 Mean_Total:0.5553396
2021-09-14 00:44:50,275 -  9460 / 11829 (079%):	 Total:0.6569945	 Acc:0.3750000	 lr:0.0001741	 Mean_Total:0.5556655
2021-09-14 00:47:35,384 - 11825 / 11829 (099%):	 Total:0.6546141	 Acc:0.1250000	 lr:0.0001733	 Mean_Total:0.5560481
2021-09-14 00:47:35,824 - ===============================| start validation |===============================
2021-09-14 00:48:11,585 - 	 Total:0.5607219	 Acc:0.2183354
2021-09-14 00:48:11,592 -    ini file updated    
2021-09-14 00:48:11,592 - ===============================|    epoch 22   |===============================
2021-09-14 00:48:12,911 -     0 / 11829 (000%):	 Total:0.2848487	 Acc:0.1875000	 lr:0.0001733	 Mean_Total:0.2848487
2021-09-14 00:51:03,801 -  2365 / 11829 (019%):	 Total:0.3999005	 Acc:0.2812500	 lr:0.0001725	 Mean_Total:0.5549217
2021-09-14 00:54:02,587 -  4730 / 11829 (039%):	 Total:0.6876343	 Acc:0.1250000	 lr:0.0001717	 Mean_Total:0.5560240
2021-09-14 00:57:01,232 -  7095 / 11829 (059%):	 Total:0.7172083	 Acc:0.0625000	 lr:0.0001709	 Mean_Total:0.5544269
2021-09-14 00:59:54,713 -  9460 / 11829 (079%):	 Total:0.6901613	 Acc:0.2187500	 lr:0.0001702	 Mean_Total:0.5535525
2021-09-14 01:02:47,541 - 11825 / 11829 (099%):	 Total:0.3804780	 Acc:0.4375000	 lr:0.0001695	 Mean_Total:0.5542665
2021-09-14 01:02:47,985 - ===============================| start validation |===============================
2021-09-14 01:03:23,603 - 	 Total:0.5631110	 Acc:0.2216281
2021-09-14 01:03:23,606 -    ini file updated    
2021-09-14 01:03:23,627 - Snapshot saved to /data/users/wergillius/UTR_VAE/pth/RL_gru_MTL/scratch_schedule_kfold/from_scratch-model_best_cv1.pth

2021-09-14 01:03:23,628 -    ini file updated    
2021-09-14 01:03:23,629 - ===============================|    epoch 23   |===============================
2021-09-14 01:03:25,106 -     0 / 11829 (000%):	 Total:0.4389002	 Acc:0.2500000	 lr:0.0001695	 Mean_Total:0.4389002
2021-09-14 01:06:12,152 -  2365 / 11829 (019%):	 Total:0.4725691	 Acc:0.2812500	 lr:0.0001687	 Mean_Total:0.5575697
2021-09-14 01:09:05,833 -  4730 / 11829 (039%):	 Total:0.3588741	 Acc:0.1875000	 lr:0.0001680	 Mean_Total:0.5527187
2021-09-14 01:12:01,978 -  7095 / 11829 (059%):	 Total:0.4531625	 Acc:0.2500000	 lr:0.0001673	 Mean_Total:0.5540697
2021-09-14 01:14:57,526 -  9460 / 11829 (079%):	 Total:0.3381872	 Acc:0.2500000	 lr:0.0001666	 Mean_Total:0.5530933
2021-09-14 01:17:49,636 - 11825 / 11829 (099%):	 Total:0.3705231	 Acc:0.2812500	 lr:0.0001659	 Mean_Total:0.5537031
2021-09-14 01:17:50,034 - ===============================| start validation |===============================
2021-09-14 01:18:24,366 - 	 Total:0.5579387	 Acc:0.2188107
2021-09-14 01:18:24,371 -    ini file updated    
2021-09-14 01:18:24,396 - Snapshot saved to /data/users/wergillius/UTR_VAE/pth/RL_gru_MTL/scratch_schedule_kfold/from_scratch-model_best_cv1.pth

2021-09-14 01:18:24,397 -    ini file updated    
2021-09-14 01:18:24,398 - ===============================|    epoch 24   |===============================
2021-09-14 01:18:25,725 -     0 / 11829 (000%):	 Total:0.4399118	 Acc:0.1875000	 lr:0.0001659	 Mean_Total:0.4399118
2021-09-14 01:20:55,841 -  2365 / 11829 (019%):	 Total:0.5306552	 Acc:0.1562500	 lr:0.0001652	 Mean_Total:0.5479224
2021-09-14 01:23:30,919 -  4730 / 11829 (039%):	 Total:0.4092146	 Acc:0.3437500	 lr:0.0001645	 Mean_Total:0.5487711
2021-09-14 01:26:04,895 -  7095 / 11829 (059%):	 Total:0.7091294	 Acc:0.1250000	 lr:0.0001639	 Mean_Total:0.5509782
2021-09-14 01:28:38,860 -  9460 / 11829 (079%):	 Total:0.3902912	 Acc:0.2812500	 lr:0.0001632	 Mean_Total:0.5522387
2021-09-14 01:31:09,505 - 11825 / 11829 (099%):	 Total:0.3840542	 Acc:0.3125000	 lr:0.0001625	 Mean_Total:0.5524849
2021-09-14 01:31:09,824 - ===============================| start validation |===============================
2021-09-14 01:31:40,969 - 	 Total:0.5658715	 Acc:0.2234817
2021-09-14 01:31:40,974 -    ini file updated    
2021-09-14 01:31:40,990 - Snapshot saved to /data/users/wergillius/UTR_VAE/pth/RL_gru_MTL/scratch_schedule_kfold/from_scratch-model_best_cv1.pth

2021-09-14 01:31:40,991 -    ini file updated    
2021-09-14 01:31:40,991 - ===============================|    epoch 25   |===============================
2021-09-14 01:31:42,299 -     0 / 11829 (000%):	 Total:0.8497005	 Acc:0.1875000	 lr:0.0001625	 Mean_Total:0.8497005
2021-09-14 01:34:10,018 -  2365 / 11829 (019%):	 Total:0.6992347	 Acc:0.3750000	 lr:0.0001619	 Mean_Total:0.5468091
2021-09-14 01:36:44,019 -  4730 / 11829 (039%):	 Total:0.3764664	 Acc:0.2812500	 lr:0.0001613	 Mean_Total:0.5498579
2021-09-14 01:39:17,956 -  7095 / 11829 (059%):	 Total:0.4401722	 Acc:0.2812500	 lr:0.0001606	 Mean_Total:0.5524029
2021-09-14 01:41:51,977 -  9460 / 11829 (079%):	 Total:0.3407080	 Acc:0.3125000	 lr:0.0001600	 Mean_Total:0.5528833
2021-09-14 01:44:22,465 - 11825 / 11829 (099%):	 Total:0.7969135	 Acc:0.2812500	 lr:0.0001594	 Mean_Total:0.5524783
2021-09-14 01:44:22,850 - ===============================| start validation |===============================
2021-09-14 01:44:54,618 - 	 Total:0.5598149	 Acc:0.2218526
2021-09-14 01:44:54,623 -    ini file updated    
2021-09-14 01:44:54,624 - ===============================|    epoch 26   |===============================
2021-09-14 01:44:55,958 -     0 / 11829 (000%):	 Total:0.9073331	 Acc:0.0625000	 lr:0.0001594	 Mean_Total:0.9073331
2021-09-14 01:47:24,385 -  2365 / 11829 (019%):	 Total:1.0040348	 Acc:0.1250000	 lr:0.0001588	 Mean_Total:0.5474444
2021-09-14 01:49:56,850 -  4730 / 11829 (039%):	 Total:0.3647519	 Acc:0.1562500	 lr:0.0001582	 Mean_Total:0.5498426
2021-09-14 01:52:29,362 -  7095 / 11829 (059%):	 Total:0.5514928	 Acc:0.1875000	 lr:0.0001576	 Mean_Total:0.5505626
2021-09-14 01:55:01,458 -  9460 / 11829 (079%):	 Total:0.4981419	 Acc:0.1250000	 lr:0.0001570	 Mean_Total:0.5511813
2021-09-14 01:57:31,553 - 11825 / 11829 (099%):	 Total:0.4779914	 Acc:0.2187500	 lr:0.0001564	 Mean_Total:0.5510523
2021-09-14 01:57:31,933 - ===============================| start validation |===============================
2021-09-14 01:58:02,213 - 	 Total:0.5635317	 Acc:0.2212241
2021-09-14 01:58:02,217 -    ini file updated    
2021-09-14 01:58:02,218 - ===============================|    epoch 27   |===============================
2021-09-14 01:58:03,377 -     0 / 11829 (000%):	 Total:0.7149440	 Acc:0.3125000	 lr:0.0001564	 Mean_Total:0.7149440
2021-09-14 02:00:33,113 -  2365 / 11829 (019%):	 Total:0.5519116	 Acc:0.1875000	 lr:0.0001558	 Mean_Total:0.5503989
2021-09-14 02:03:08,119 -  4730 / 11829 (039%):	 Total:0.5227684	 Acc:0.1875000	 lr:0.0001553	 Mean_Total:0.5511775
2021-09-14 02:05:43,440 -  7095 / 11829 (059%):	 Total:0.5876084	 Acc:0.2500000	 lr:0.0001547	 Mean_Total:0.5481586
2021-09-14 02:08:17,848 -  9460 / 11829 (079%):	 Total:0.6437129	 Acc:0.1562500	 lr:0.0001541	 Mean_Total:0.5488153
2021-09-14 02:10:51,264 - 11825 / 11829 (099%):	 Total:0.6692276	 Acc:0.2187500	 lr:0.0001536	 Mean_Total:0.5494754
2021-09-14 02:10:51,654 - ===============================| start validation |===============================
2021-09-14 02:11:22,398 - 	 Total:0.5569289	 Acc:0.2187526
2021-09-14 02:11:22,402 -    ini file updated    
2021-09-14 02:11:22,420 - Snapshot saved to /data/users/wergillius/UTR_VAE/pth/RL_gru_MTL/scratch_schedule_kfold/from_scratch-model_best_cv1.pth

2021-09-14 02:11:22,421 -    ini file updated    
2021-09-14 02:11:22,421 - ===============================|    epoch 28   |===============================
2021-09-14 02:11:23,698 -     0 / 11829 (000%):	 Total:0.6273961	 Acc:0.2500000	 lr:0.0001536	 Mean_Total:0.6273961
2021-09-14 02:13:53,009 -  2365 / 11829 (019%):	 Total:0.7205839	 Acc:0.2187500	 lr:0.0001530	 Mean_Total:0.5449898
2021-09-14 02:16:27,287 -  4730 / 11829 (039%):	 Total:0.3920916	 Acc:0.1875000	 lr:0.0001525	 Mean_Total:0.5471948
2021-09-14 02:19:01,568 -  7095 / 11829 (059%):	 Total:0.3984284	 Acc:0.0937500	 lr:0.0001520	 Mean_Total:0.5474544
2021-09-14 02:21:35,414 -  9460 / 11829 (079%):	 Total:0.5510253	 Acc:0.2500000	 lr:0.0001514	 Mean_Total:0.5476093
2021-09-14 02:24:09,397 - 11825 / 11829 (099%):	 Total:0.4963145	 Acc:0.2812500	 lr:0.0001509	 Mean_Total:0.5491815
2021-09-14 02:24:09,737 - ===============================| start validation |===============================
2021-09-14 02:24:40,608 - 	 Total:0.5585919	 Acc:0.2188239
2021-09-14 02:24:40,611 -    ini file updated    
2021-09-14 02:24:40,611 - ===============================|    epoch 29   |===============================
2021-09-14 02:24:41,949 -     0 / 11829 (000%):	 Total:0.5003060	 Acc:0.1250000	 lr:0.0001509	 Mean_Total:0.5003060
2021-09-14 02:27:12,981 -  2365 / 11829 (019%):	 Total:0.4419006	 Acc:0.4062500	 lr:0.0001504	 Mean_Total:0.5439930
2021-09-14 02:29:48,642 -  4730 / 11829 (039%):	 Total:0.7685345	 Acc:0.1875000	 lr:0.0001499	 Mean_Total:0.5449646
2021-09-14 02:32:25,248 -  7095 / 11829 (059%):	 Total:0.6268529	 Acc:0.1562500	 lr:0.0001494	 Mean_Total:0.5442194
2021-09-14 02:34:58,928 -  9460 / 11829 (079%):	 Total:0.5115427	 Acc:0.0937500	 lr:0.0001489	 Mean_Total:0.5466445
2021-09-14 02:37:33,468 - 11825 / 11829 (099%):	 Total:0.4981141	 Acc:0.1562500	 lr:0.0001484	 Mean_Total:0.5477006
2021-09-14 02:37:33,842 - ===============================| start validation |===============================
2021-09-14 02:38:04,918 - 	 Total:0.5564373	 Acc:0.2173136
2021-09-14 02:38:04,923 -    ini file updated    
2021-09-14 02:38:04,948 - Snapshot saved to /data/users/wergillius/UTR_VAE/pth/RL_gru_MTL/scratch_schedule_kfold/from_scratch-model_best_cv1.pth

2021-09-14 02:38:04,949 -    ini file updated    
2021-09-14 02:38:04,949 - ===============================|    epoch 30   |===============================
2021-09-14 02:38:06,275 -     0 / 11829 (000%):	 Total:0.6813037	 Acc:0.1875000	 lr:0.0001484	 Mean_Total:0.6813037
2021-09-14 02:40:35,722 -  2365 / 11829 (019%):	 Total:0.6403436	 Acc:0.1250000	 lr:0.0001479	 Mean_Total:0.5494205
2021-09-14 02:43:13,195 -  4730 / 11829 (039%):	 Total:0.7152227	 Acc:0.2500000	 lr:0.0001474	 Mean_Total:0.5470765
2021-09-14 02:45:49,334 -  7095 / 11829 (059%):	 Total:0.8003970	 Acc:0.2812500	 lr:0.0001469	 Mean_Total:0.5465374
2021-09-14 02:48:22,148 -  9460 / 11829 (079%):	 Total:0.5855380	 Acc:0.1562500	 lr:0.0001464	 Mean_Total:0.5467262
2021-09-14 02:50:55,384 - 11825 / 11829 (099%):	 Total:0.8176535	 Acc:0.1875000	 lr:0.0001460	 Mean_Total:0.5471732
2021-09-14 02:50:55,727 - ===============================| start validation |===============================
2021-09-14 02:51:27,703 - 	 Total:0.5567680	 Acc:0.2188609
2021-09-14 02:51:27,706 -    ini file updated    
2021-09-14 02:51:27,706 - ===============================|    epoch 31   |===============================
2021-09-14 02:51:28,917 -     0 / 11829 (000%):	 Total:0.6587609	 Acc:0.1562500	 lr:0.0001460	 Mean_Total:0.6587609
2021-09-14 02:53:57,019 -  2365 / 11829 (019%):	 Total:0.3675978	 Acc:0.1875000	 lr:0.0001455	 Mean_Total:0.5393500
2021-09-14 02:56:30,051 -  4730 / 11829 (039%):	 Total:0.5577385	 Acc:0.2500000	 lr:0.0001450	 Mean_Total:0.5417318
2021-09-14 02:59:03,537 -  7095 / 11829 (059%):	 Total:0.4549500	 Acc:0.2500000	 lr:0.0001446	 Mean_Total:0.5424073
2021-09-14 03:01:34,376 -  9460 / 11829 (079%):	 Total:0.5326368	 Acc:0.2812500	 lr:0.0001441	 Mean_Total:0.5445567
2021-09-14 03:04:04,061 - 11825 / 11829 (099%):	 Total:0.5184936	 Acc:0.1875000	 lr:0.0001437	 Mean_Total:0.5457445
2021-09-14 03:04:04,462 - ===============================| start validation |===============================
2021-09-14 03:04:35,573 - 	 Total:0.5629044	 Acc:0.2212452
2021-09-14 03:04:35,577 -    ini file updated    
2021-09-14 03:04:35,577 - ===============================|    epoch 32   |===============================
2021-09-14 03:04:36,810 -     0 / 11829 (000%):	 Total:0.4735595	 Acc:0.3750000	 lr:0.0001437	 Mean_Total:0.4735595
2021-09-14 03:07:01,713 -  2365 / 11829 (019%):	 Total:0.5072201	 Acc:0.1250000	 lr:0.0001432	 Mean_Total:0.5392523
2021-09-14 03:09:31,642 -  4730 / 11829 (039%):	 Total:0.4563685	 Acc:0.1875000	 lr:0.0001428	 Mean_Total:0.5417105
2021-09-14 03:12:01,629 -  7095 / 11829 (059%):	 Total:0.5122837	 Acc:0.1875000	 lr:0.0001423	 Mean_Total:0.5425731
2021-09-14 03:14:29,614 -  9460 / 11829 (079%):	 Total:0.5769323	 Acc:0.1875000	 lr:0.0001419	 Mean_Total:0.5446692
2021-09-14 03:16:59,268 - 11825 / 11829 (099%):	 Total:0.3689151	 Acc:0.2500000	 lr:0.0001415	 Mean_Total:0.5455789
2021-09-14 03:16:59,633 - ===============================| start validation |===============================
2021-09-14 03:17:30,398 - 	 Total:0.5598387	 Acc:0.2229378
2021-09-14 03:17:30,401 -    ini file updated    
2021-09-14 03:17:30,402 - ===============================|    epoch 33   |===============================
2021-09-14 03:17:31,696 -     0 / 11829 (000%):	 Total:0.5069551	 Acc:0.1562500	 lr:0.0001415	 Mean_Total:0.5069551
2021-09-14 03:20:00,870 -  2365 / 11829 (019%):	 Total:0.6407461	 Acc:0.1562500	 lr:0.0001410	 Mean_Total:0.5374578
2021-09-14 03:22:36,168 -  4730 / 11829 (039%):	 Total:0.5274140	 Acc:0.2187500	 lr:0.0001406	 Mean_Total:0.5402142
2021-09-14 03:25:10,169 -  7095 / 11829 (059%):	 Total:0.6788753	 Acc:0.1250000	 lr:0.0001402	 Mean_Total:0.5411896
2021-09-14 03:27:39,952 -  9460 / 11829 (079%):	 Total:0.3773706	 Acc:0.1875000	 lr:0.0001398	 Mean_Total:0.5438668
2021-09-14 03:30:11,487 - 11825 / 11829 (099%):	 Total:0.7001526	 Acc:0.1250000	 lr:0.0001394	 Mean_Total:0.5446671
2021-09-14 03:30:11,900 - ===============================| start validation |===============================
2021-09-14 03:30:42,861 - 	 Total:0.5568744	 Acc:0.2216756
2021-09-14 03:30:42,866 -    ini file updated    
2021-09-14 03:30:42,866 - ===============================|    epoch 34   |===============================
2021-09-14 03:30:44,083 -     0 / 11829 (000%):	 Total:0.6592608	 Acc:0.1875000	 lr:0.0001394	 Mean_Total:0.6592608
2021-09-14 03:33:10,975 -  2365 / 11829 (019%):	 Total:0.6679742	 Acc:0.1875000	 lr:0.0001390	 Mean_Total:0.5391286
2021-09-14 03:35:40,149 -  4730 / 11829 (039%):	 Total:0.5057576	 Acc:0.3437500	 lr:0.0001386	 Mean_Total:0.5413681
2021-09-14 03:38:08,984 -  7095 / 11829 (059%):	 Total:0.4693889	 Acc:0.1562500	 lr:0.0001382	 Mean_Total:0.5427539
2021-09-14 03:40:33,456 -  9460 / 11829 (079%):	 Total:0.5601936	 Acc:0.2500000	 lr:0.0001378	 Mean_Total:0.5437832
2021-09-14 03:42:57,939 - 11825 / 11829 (099%):	 Total:0.5017217	 Acc:0.1562500	 lr:0.0001374	 Mean_Total:0.5435016
2021-09-14 03:42:58,364 - ===============================| start validation |===============================
2021-09-14 03:43:27,493 - 	 Total:0.5565183	 Acc:0.2181691
2021-09-14 03:43:27,497 -    ini file updated    
2021-09-14 03:43:27,497 - ===============================|    epoch 35   |===============================
2021-09-14 03:43:28,672 -     0 / 11829 (000%):	 Total:0.7760433	 Acc:0.1875000	 lr:0.0001374	 Mean_Total:0.7760433
2021-09-14 03:45:55,933 -  2365 / 11829 (019%):	 Total:0.5965079	 Acc:0.1875000	 lr:0.0001370	 Mean_Total:0.5377148
2021-09-14 03:48:24,975 -  4730 / 11829 (039%):	 Total:0.6286403	 Acc:0.1875000	 lr:0.0001366	 Mean_Total:0.5409432
2021-09-14 03:50:52,947 -  7095 / 11829 (059%):	 Total:0.5501339	 Acc:0.2500000	 lr:0.0001362	 Mean_Total:0.5410091
2021-09-14 03:53:18,063 -  9460 / 11829 (079%):	 Total:0.5467225	 Acc:0.1875000	 lr:0.0001358	 Mean_Total:0.5426832
2021-09-14 03:55:44,184 - 11825 / 11829 (099%):	 Total:0.4097705	 Acc:0.2187500	 lr:0.0001354	 Mean_Total:0.5428552
2021-09-14 03:55:44,586 - ===============================| start validation |===============================
2021-09-14 03:56:12,636 - 	 Total:0.5558582	 Acc:0.2224018
2021-09-14 03:56:12,641 -    ini file updated    
2021-09-14 03:56:12,661 - Snapshot saved to /data/users/wergillius/UTR_VAE/pth/RL_gru_MTL/scratch_schedule_kfold/from_scratch-model_best_cv1.pth

2021-09-14 03:56:12,662 -    ini file updated    
2021-09-14 03:56:12,662 - ===============================|    epoch 36   |===============================
2021-09-14 03:56:13,858 -     0 / 11829 (000%):	 Total:0.5063486	 Acc:0.3437500	 lr:0.0001354	 Mean_Total:0.5063486
2021-09-14 03:58:41,937 -  2365 / 11829 (019%):	 Total:0.3736225	 Acc:0.2500000	 lr:0.0001351	 Mean_Total:0.5394487
2021-09-14 04:01:14,078 -  4730 / 11829 (039%):	 Total:0.5636032	 Acc:0.2500000	 lr:0.0001347	 Mean_Total:0.5404882
2021-09-14 04:03:44,728 -  7095 / 11829 (059%):	 Total:0.8622817	 Acc:0.2187500	 lr:0.0001343	 Mean_Total:0.5394478
2021-09-14 04:06:14,481 -  9460 / 11829 (079%):	 Total:0.4214734	 Acc:0.2500000	 lr:0.0001340	 Mean_Total:0.5415653
2021-09-14 04:08:45,740 - 11825 / 11829 (099%):	 Total:0.6020670	 Acc:0.1250000	 lr:0.0001336	 Mean_Total:0.5416232
2021-09-14 04:08:46,089 - ===============================| start validation |===============================
2021-09-14 04:09:15,697 - 	 Total:0.5550469	 Acc:0.2207145
2021-09-14 04:09:15,701 -    ini file updated    
2021-09-14 04:09:15,723 - Snapshot saved to /data/users/wergillius/UTR_VAE/pth/RL_gru_MTL/scratch_schedule_kfold/from_scratch-model_best_cv1.pth

2021-09-14 04:09:15,725 -    ini file updated    
2021-09-14 04:09:15,725 - ===============================|    epoch 37   |===============================
2021-09-14 04:09:16,989 -     0 / 11829 (000%):	 Total:0.4706253	 Acc:0.1875000	 lr:0.0001336	 Mean_Total:0.4706253
2021-09-14 04:11:49,974 -  2365 / 11829 (019%):	 Total:0.4873881	 Acc:0.1875000	 lr:0.0001332	 Mean_Total:0.5406570
2021-09-14 04:14:24,213 -  4730 / 11829 (039%):	 Total:0.4852100	 Acc:0.0937500	 lr:0.0001329	 Mean_Total:0.5398521
2021-09-14 04:16:57,501 -  7095 / 11829 (059%):	 Total:0.5643944	 Acc:0.1562500	 lr:0.0001325	 Mean_Total:0.5415386
2021-09-14 04:19:28,614 -  9460 / 11829 (079%):	 Total:0.6098939	 Acc:0.2812500	 lr:0.0001322	 Mean_Total:0.5421311
2021-09-14 04:22:01,319 - 11825 / 11829 (099%):	 Total:0.3082324	 Acc:0.3750000	 lr:0.0001318	 Mean_Total:0.5414781
2021-09-14 04:22:01,676 - ===============================| start validation |===============================
2021-09-14 04:22:31,713 - 	 Total:0.5560578	 Acc:0.2213878
2021-09-14 04:22:31,718 -    ini file updated    
2021-09-14 04:22:31,718 - ===============================|    epoch 38   |===============================
2021-09-14 04:22:32,778 -     0 / 11829 (000%):	 Total:0.6482379	 Acc:0.1875000	 lr:0.0001318	 Mean_Total:0.6482379
2021-09-14 04:25:06,509 -  2365 / 11829 (019%):	 Total:0.6694680	 Acc:0.2812500	 lr:0.0001315	 Mean_Total:0.5363358
2021-09-14 04:27:43,461 -  4730 / 11829 (039%):	 Total:0.4865829	 Acc:0.2500000	 lr:0.0001311	 Mean_Total:0.5381815
2021-09-14 04:30:19,566 -  7095 / 11829 (059%):	 Total:0.2787913	 Acc:0.3125000	 lr:0.0001308	 Mean_Total:0.5397780
2021-09-14 04:32:52,542 -  9460 / 11829 (079%):	 Total:0.4351801	 Acc:0.2187500	 lr:0.0001305	 Mean_Total:0.5404545
2021-09-14 04:35:27,434 - 11825 / 11829 (099%):	 Total:0.6397973	 Acc:0.2500000	 lr:0.0001301	 Mean_Total:0.5407534
2021-09-14 04:35:27,815 - ===============================| start validation |===============================
2021-09-14 04:35:58,004 - 	 Total:0.5541817	 Acc:0.2216968
2021-09-14 04:35:58,009 -    ini file updated    
2021-09-14 04:35:58,036 - Snapshot saved to /data/users/wergillius/UTR_VAE/pth/RL_gru_MTL/scratch_schedule_kfold/from_scratch-model_best_cv1.pth

2021-09-14 04:35:58,037 -    ini file updated    
2021-09-14 04:35:58,037 - ===============================|    epoch 39   |===============================
2021-09-14 04:35:59,133 -     0 / 11829 (000%):	 Total:0.4200799	 Acc:0.2812500	 lr:0.0001301	 Mean_Total:0.4200799
2021-09-14 04:38:32,681 -  2365 / 11829 (019%):	 Total:0.7153614	 Acc:0.1875000	 lr:0.0001298	 Mean_Total:0.5318955
2021-09-14 04:41:08,315 -  4730 / 11829 (039%):	 Total:0.6219040	 Acc:0.1562500	 lr:0.0001295	 Mean_Total:0.5354951
2021-09-14 04:43:44,640 -  7095 / 11829 (059%):	 Total:0.7373916	 Acc:0.0625000	 lr:0.0001291	 Mean_Total:0.5375001
2021-09-14 04:46:15,622 -  9460 / 11829 (079%):	 Total:0.3394994	 Acc:0.3125000	 lr:0.0001288	 Mean_Total:0.5385327
2021-09-14 04:48:50,551 - 11825 / 11829 (099%):	 Total:0.4603695	 Acc:0.0937500	 lr:0.0001285	 Mean_Total:0.5393384
2021-09-14 04:48:50,932 - ===============================| start validation |===============================
2021-09-14 04:49:21,792 - 	 Total:0.5528651	 Acc:0.2198590
2021-09-14 04:49:21,796 -    ini file updated    
2021-09-14 04:49:21,814 - Snapshot saved to /data/users/wergillius/UTR_VAE/pth/RL_gru_MTL/scratch_schedule_kfold/from_scratch-model_best_cv1.pth

2021-09-14 04:49:21,815 -    ini file updated    
2021-09-14 04:49:21,815 - ===============================|    epoch 40   |===============================
2021-09-14 04:49:23,191 -     0 / 11829 (000%):	 Total:0.5102059	 Acc:0.3125000	 lr:0.0001285	 Mean_Total:0.5102059
2021-09-14 04:51:55,286 -  2365 / 11829 (019%):	 Total:0.3476135	 Acc:0.2187500	 lr:0.0001282	 Mean_Total:0.5368380
2021-09-14 04:54:27,761 -  4730 / 11829 (039%):	 Total:0.3672580	 Acc:0.3125000	 lr:0.0001279	 Mean_Total:0.5369443
2021-09-14 04:57:00,104 -  7095 / 11829 (059%):	 Total:0.5680227	 Acc:0.2812500	 lr:0.0001275	 Mean_Total:0.5380876
2021-09-14 04:59:29,241 -  9460 / 11829 (079%):	 Total:0.7197480	 Acc:0.1562500	 lr:0.0001272	 Mean_Total:0.5378625
2021-09-14 05:02:00,971 - 11825 / 11829 (099%):	 Total:0.6133378	 Acc:0.2812500	 lr:0.0001269	 Mean_Total:0.5381778
2021-09-14 05:02:01,371 - ===============================| start validation |===============================
2021-09-14 05:02:32,558 - 	 Total:0.5541131	 Acc:0.2214723
2021-09-14 05:02:32,563 -    ini file updated    
2021-09-14 05:02:32,563 - ===============================|    epoch 41   |===============================
2021-09-14 05:02:33,904 -     0 / 11829 (000%):	 Total:0.5379509	 Acc:0.1562500	 lr:0.0001269	 Mean_Total:0.5379509
2021-09-14 05:05:03,803 -  2365 / 11829 (019%):	 Total:0.4631342	 Acc:0.1875000	 lr:0.0001266	 Mean_Total:0.5326515
2021-09-14 05:07:35,152 -  4730 / 11829 (039%):	 Total:0.6259574	 Acc:0.2812500	 lr:0.0001263	 Mean_Total:0.5366680
2021-09-14 05:10:05,998 -  7095 / 11829 (059%):	 Total:0.3776372	 Acc:0.3437500	 lr:0.0001260	 Mean_Total:0.5370633
2021-09-14 05:12:32,635 -  9460 / 11829 (079%):	 Total:0.4181575	 Acc:0.1562500	 lr:0.0001257	 Mean_Total:0.5372786
2021-09-14 05:15:01,621 - 11825 / 11829 (099%):	 Total:0.5937965	 Acc:0.3125000	 lr:0.0001254	 Mean_Total:0.5380853
2021-09-14 05:15:01,986 - ===============================| start validation |===============================
2021-09-14 05:15:31,819 - 	 Total:0.5547450	 Acc:0.2212004
2021-09-14 05:15:31,822 -    ini file updated    
2021-09-14 05:15:31,823 - ===============================|    epoch 42   |===============================
2021-09-14 05:15:33,197 -     0 / 11829 (000%):	 Total:0.6191430	 Acc:0.2812500	 lr:0.0001254	 Mean_Total:0.6191430
2021-09-14 05:18:04,636 -  2365 / 11829 (019%):	 Total:0.2557108	 Acc:0.5000000	 lr:0.0001251	 Mean_Total:0.5317879
2021-09-14 05:20:38,875 -  4730 / 11829 (039%):	 Total:0.4135408	 Acc:0.1875000	 lr:0.0001248	 Mean_Total:0.5331409
2021-09-14 05:23:13,581 -  7095 / 11829 (059%):	 Total:0.8437071	 Acc:0.1562500	 lr:0.0001245	 Mean_Total:0.5361089
2021-09-14 05:25:44,336 -  9460 / 11829 (079%):	 Total:0.4653214	 Acc:0.2812500	 lr:0.0001242	 Mean_Total:0.5367391
2021-09-14 05:28:16,315 - 11825 / 11829 (099%):	 Total:0.3769423	 Acc:0.1250000	 lr:0.0001239	 Mean_Total:0.5373503
2021-09-14 05:28:16,668 - ===============================| start validation |===============================
2021-09-14 05:28:47,804 - 	 Total:0.5547846	 Acc:0.2203000
2021-09-14 05:28:47,809 -    ini file updated    
2021-09-14 05:28:47,810 - ===============================|    epoch 43   |===============================
2021-09-14 05:28:49,129 -     0 / 11829 (000%):	 Total:0.2567256	 Acc:0.2500000	 lr:0.0001239	 Mean_Total:0.2567256
2021-09-14 05:31:22,054 -  2365 / 11829 (019%):	 Total:0.7029943	 Acc:0.0937500	 lr:0.0001236	 Mean_Total:0.5337776
2021-09-14 05:33:56,273 -  4730 / 11829 (039%):	 Total:0.6146412	 Acc:0.1875000	 lr:0.0001234	 Mean_Total:0.5350897
2021-09-14 05:36:30,534 -  7095 / 11829 (059%):	 Total:0.5451933	 Acc:0.2812500	 lr:0.0001231	 Mean_Total:0.5358385
2021-09-14 05:38:59,892 -  9460 / 11829 (079%):	 Total:0.3154236	 Acc:0.3437500	 lr:0.0001228	 Mean_Total:0.5359554
2021-09-14 05:41:30,620 - 11825 / 11829 (099%):	 Total:0.1917303	 Acc:0.4375000	 lr:0.0001225	 Mean_Total:0.5371469
2021-09-14 05:41:30,982 - ===============================| start validation |===============================
2021-09-14 05:42:02,074 - 	 Total:0.5565149	 Acc:0.2226157
2021-09-14 05:42:02,078 -    ini file updated    
2021-09-14 05:42:02,078 - ===============================|    epoch 44   |===============================
2021-09-14 05:42:03,196 -     0 / 11829 (000%):	 Total:0.4837512	 Acc:0.3125000	 lr:0.0001225	 Mean_Total:0.4837512
2021-09-14 05:44:35,071 -  2365 / 11829 (019%):	 Total:0.5508060	 Acc:0.1875000	 lr:0.0001222	 Mean_Total:0.5327354
2021-09-14 05:47:08,317 -  4730 / 11829 (039%):	 Total:0.4196194	 Acc:0.1875000	 lr:0.0001220	 Mean_Total:0.5322656
2021-09-14 05:49:40,370 -  7095 / 11829 (059%):	 Total:0.6172909	 Acc:0.1875000	 lr:0.0001217	 Mean_Total:0.5328849
2021-09-14 05:52:08,554 -  9460 / 11829 (079%):	 Total:0.5303602	 Acc:0.2812500	 lr:0.0001214	 Mean_Total:0.5333474
2021-09-14 05:54:37,792 - 11825 / 11829 (099%):	 Total:0.5929196	 Acc:0.0937500	 lr:0.0001211	 Mean_Total:0.5361967
2021-09-14 05:54:38,144 - ===============================| start validation |===============================
2021-09-14 05:55:08,716 - 	 Total:0.5527826	 Acc:0.2200121
2021-09-14 05:55:08,720 -    ini file updated    
2021-09-14 05:55:08,751 - Snapshot saved to /data/users/wergillius/UTR_VAE/pth/RL_gru_MTL/scratch_schedule_kfold/from_scratch-model_best_cv1.pth

2021-09-14 05:55:08,752 -    ini file updated    
2021-09-14 05:55:08,753 - ===============================|    epoch 45   |===============================
2021-09-14 05:55:10,099 -     0 / 11829 (000%):	 Total:0.4694095	 Acc:0.3125000	 lr:0.0001211	 Mean_Total:0.4694095
2021-09-14 05:57:39,420 -  2365 / 11829 (019%):	 Total:0.6970609	 Acc:0.1562500	 lr:0.0001209	 Mean_Total:0.5349924
2021-09-14 06:00:06,899 -  4730 / 11829 (039%):	 Total:0.7698781	 Acc:0.1562500	 lr:0.0001206	 Mean_Total:0.5345258
2021-09-14 06:02:33,647 -  7095 / 11829 (059%):	 Total:0.6442988	 Acc:0.2187500	 lr:0.0001203	 Mean_Total:0.5357282
2021-09-14 06:04:58,218 -  9460 / 11829 (079%):	 Total:0.4720193	 Acc:0.1875000	 lr:0.0001201	 Mean_Total:0.5362164
2021-09-14 06:07:23,130 - 11825 / 11829 (099%):	 Total:0.5014166	 Acc:0.1875000	 lr:0.0001198	 Mean_Total:0.5353733
2021-09-14 06:07:23,510 - ===============================| start validation |===============================
2021-09-14 06:07:53,561 - 	 Total:0.5558799	 Acc:0.2222328
2021-09-14 06:07:53,565 -    ini file updated    
2021-09-14 06:07:53,566 - ===============================|    epoch 46   |===============================
2021-09-14 06:07:54,952 -     0 / 11829 (000%):	 Total:0.6517955	 Acc:0.2187500	 lr:0.0001198	 Mean_Total:0.6517955
2021-09-14 06:10:23,771 -  2365 / 11829 (019%):	 Total:0.4553849	 Acc:0.2500000	 lr:0.0001196	 Mean_Total:0.5342911
2021-09-14 06:12:54,271 -  4730 / 11829 (039%):	 Total:0.5699404	 Acc:0.2500000	 lr:0.0001193	 Mean_Total:0.5348631
2021-09-14 06:15:24,163 -  7095 / 11829 (059%):	 Total:0.5540111	 Acc:0.3125000	 lr:0.0001190	 Mean_Total:0.5358265
2021-09-14 06:17:51,229 -  9460 / 11829 (079%):	 Total:0.7993577	 Acc:0.2500000	 lr:0.0001188	 Mean_Total:0.5348602
2021-09-14 06:20:16,960 - 11825 / 11829 (099%):	 Total:0.3926026	 Acc:0.1875000	 lr:0.0001185	 Mean_Total:0.5351212
2021-09-14 06:20:17,382 - ===============================| start validation |===============================
2021-09-14 06:20:47,967 - 	 Total:0.5557976	 Acc:0.2214248
2021-09-14 06:20:47,971 -    ini file updated    
2021-09-14 06:20:47,971 - ===============================|    epoch 47   |===============================
2021-09-14 06:20:49,266 -     0 / 11829 (000%):	 Total:0.7673374	 Acc:0.1562500	 lr:0.0001185	 Mean_Total:0.7673374
2021-09-14 06:23:17,620 -  2365 / 11829 (019%):	 Total:0.6394583	 Acc:0.2812500	 lr:0.0001183	 Mean_Total:0.5302495
2021-09-14 06:25:47,996 -  4730 / 11829 (039%):	 Total:0.6799254	 Acc:0.2500000	 lr:0.0001180	 Mean_Total:0.5322149
2021-09-14 06:28:17,145 -  7095 / 11829 (059%):	 Total:0.5206084	 Acc:0.3750000	 lr:0.0001178	 Mean_Total:0.5328443
2021-09-14 06:30:44,746 -  9460 / 11829 (079%):	 Total:0.4903135	 Acc:0.1250000	 lr:0.0001175	 Mean_Total:0.5328824
2021-09-14 06:33:10,526 - 11825 / 11829 (099%):	 Total:0.4059563	 Acc:0.1562500	 lr:0.0001173	 Mean_Total:0.5341284
2021-09-14 06:33:10,929 - ===============================| start validation |===============================
2021-09-14 06:33:42,542 - 	 Total:0.5590686	 Acc:0.2229616
2021-09-14 06:33:42,547 -    ini file updated    
2021-09-14 06:33:42,548 - ===============================|    epoch 48   |===============================
2021-09-14 06:33:43,888 -     0 / 11829 (000%):	 Total:0.6165785	 Acc:0.2812500	 lr:0.0001173	 Mean_Total:0.6165785
2021-09-14 06:36:14,424 -  2365 / 11829 (019%):	 Total:0.3259242	 Acc:0.2500000	 lr:0.0001171	 Mean_Total:0.5359182
2021-09-14 06:38:47,861 -  4730 / 11829 (039%):	 Total:0.5094622	 Acc:0.1562500	 lr:0.0001168	 Mean_Total:0.5345012
2021-09-14 06:41:18,380 -  7095 / 11829 (059%):	 Total:0.5532776	 Acc:0.3437500	 lr:0.0001166	 Mean_Total:0.5334975
2021-09-14 06:43:50,351 -  9460 / 11829 (079%):	 Total:0.4237443	 Acc:0.2500000	 lr:0.0001163	 Mean_Total:0.5334025
2021-09-14 06:46:25,052 - 11825 / 11829 (099%):	 Total:0.7964270	 Acc:0.1875000	 lr:0.0001161	 Mean_Total:0.5339384
2021-09-14 06:46:25,391 - ===============================| start validation |===============================
2021-09-14 06:46:57,071 - 	 Total:0.5586542	 Acc:0.2196214
2021-09-14 06:46:57,076 -    ini file updated    
2021-09-14 06:46:57,076 - ===============================|    epoch 49   |===============================
2021-09-14 06:46:58,365 -     0 / 11829 (000%):	 Total:0.3478369	 Acc:0.3437500	 lr:0.0001161	 Mean_Total:0.3478369
2021-09-14 06:49:28,003 -  2365 / 11829 (019%):	 Total:0.5927064	 Acc:0.2500000	 lr:0.0001159	 Mean_Total:0.5295615
2021-09-14 06:51:58,192 -  4730 / 11829 (039%):	 Total:0.4876141	 Acc:0.2500000	 lr:0.0001156	 Mean_Total:0.5319552
2021-09-14 06:54:25,646 -  7095 / 11829 (059%):	 Total:0.5368850	 Acc:0.1562500	 lr:0.0001154	 Mean_Total:0.5311887
2021-09-14 06:56:55,657 -  9460 / 11829 (079%):	 Total:0.7470931	 Acc:0.1562500	 lr:0.0001152	 Mean_Total:0.5332239
2021-09-14 06:59:22,712 - 11825 / 11829 (099%):	 Total:0.7541505	 Acc:0.0625000	 lr:0.0001149	 Mean_Total:0.5328516
2021-09-14 06:59:23,116 - ===============================| start validation |===============================
2021-09-14 06:59:54,586 - 	 Total:0.5546810	 Acc:0.2213429
2021-09-14 06:59:54,591 -    ini file updated    
2021-09-14 06:59:54,591 - ===============================|    epoch 50   |===============================
2021-09-14 06:59:55,847 -     0 / 11829 (000%):	 Total:0.5346628	 Acc:0.0937500	 lr:0.0001149	 Mean_Total:0.5346628
2021-09-14 07:02:27,516 -  2365 / 11829 (019%):	 Total:0.7922004	 Acc:0.2500000	 lr:0.0001147	 Mean_Total:0.5296128
2021-09-14 07:05:01,073 -  4730 / 11829 (039%):	 Total:0.5017678	 Acc:0.1875000	 lr:0.0001145	 Mean_Total:0.5322588
2021-09-14 07:07:32,188 -  7095 / 11829 (059%):	 Total:0.5697575	 Acc:0.1562500	 lr:0.0001142	 Mean_Total:0.5324877
2021-09-14 07:10:02,779 -  9460 / 11829 (079%):	 Total:0.5865095	 Acc:0.2812500	 lr:0.0001140	 Mean_Total:0.5312761
2021-09-14 07:12:32,460 - 11825 / 11829 (099%):	 Total:0.4525770	 Acc:0.1562500	 lr:0.0001138	 Mean_Total:0.5321206
2021-09-14 07:12:32,897 - ===============================| start validation |===============================
2021-09-14 07:13:05,601 - 	 Total:0.5562510	 Acc:0.2214987
2021-09-14 07:13:05,604 -    ini file updated    
2021-09-14 07:13:05,604 - ===============================|    epoch 51   |===============================
2021-09-14 07:13:06,923 -     0 / 11829 (000%):	 Total:0.5658340	 Acc:0.3125000	 lr:0.0001138	 Mean_Total:0.5658340
2021-09-14 07:15:37,711 -  2365 / 11829 (019%):	 Total:0.5569721	 Acc:0.2187500	 lr:0.0001136	 Mean_Total:0.5328344
2021-09-14 07:18:08,421 -  4730 / 11829 (039%):	 Total:0.5227937	 Acc:0.1875000	 lr:0.0001134	 Mean_Total:0.5312538
2021-09-14 07:20:37,060 -  7095 / 11829 (059%):	 Total:0.3826390	 Acc:0.1250000	 lr:0.0001131	 Mean_Total:0.5300442
2021-09-14 07:23:03,208 -  9460 / 11829 (079%):	 Total:0.4175229	 Acc:0.3437500	 lr:0.0001129	 Mean_Total:0.5310909
2021-09-14 07:25:28,388 - 11825 / 11829 (099%):	 Total:0.4327388	 Acc:0.1562500	 lr:0.0001127	 Mean_Total:0.5313388
2021-09-14 07:25:28,781 - ===============================| start validation |===============================
2021-09-14 07:25:59,631 - 	 Total:0.5552965	 Acc:0.2198458
2021-09-14 07:25:59,636 -    ini file updated    
2021-09-14 07:25:59,636 - ===============================|    epoch 52   |===============================
2021-09-14 07:26:01,046 -     0 / 11829 (000%):	 Total:0.7041681	 Acc:0.2500000	 lr:0.0001127	 Mean_Total:0.7041681
2021-09-14 07:28:30,752 -  2365 / 11829 (019%):	 Total:0.6611385	 Acc:0.2187500	 lr:0.0001125	 Mean_Total:0.5257102
2021-09-14 07:31:02,344 -  4730 / 11829 (039%):	 Total:0.5105875	 Acc:0.0937500	 lr:0.0001123	 Mean_Total:0.5283503
2021-09-14 07:33:32,042 -  7095 / 11829 (059%):	 Total:0.7426245	 Acc:0.1250000	 lr:0.0001121	 Mean_Total:0.5291687
2021-09-14 07:36:02,298 -  9460 / 11829 (079%):	 Total:0.3393785	 Acc:0.2187500	 lr:0.0001118	 Mean_Total:0.5294960
2021-09-14 07:38:30,827 - 11825 / 11829 (099%):	 Total:0.3150547	 Acc:0.2812500	 lr:0.0001116	 Mean_Total:0.5309019
2021-09-14 07:38:31,232 - ===============================| start validation |===============================
2021-09-14 07:39:02,601 - 	 Total:0.5595028	 Acc:0.2205350
2021-09-14 07:39:02,605 -    ini file updated    
2021-09-14 07:39:02,606 - ===============================|    epoch 53   |===============================
2021-09-14 07:39:03,936 -     0 / 11829 (000%):	 Total:0.7200540	 Acc:0.2187500	 lr:0.0001116	 Mean_Total:0.7200540
2021-09-14 07:41:33,356 -  2365 / 11829 (019%):	 Total:0.3814301	 Acc:0.3125000	 lr:0.0001114	 Mean_Total:0.5299069
2021-09-14 07:44:01,242 -  4730 / 11829 (039%):	 Total:0.2394024	 Acc:0.2812500	 lr:0.0001112	 Mean_Total:0.5288598
2021-09-14 07:46:26,456 -  7095 / 11829 (059%):	 Total:0.3719848	 Acc:0.3437500	 lr:0.0001110	 Mean_Total:0.5296435
2021-09-14 07:48:51,409 -  9460 / 11829 (079%):	 Total:0.8384368	 Acc:0.0312500	 lr:0.0001108	 Mean_Total:0.5302160
2021-09-14 07:51:14,645 - 11825 / 11829 (099%):	 Total:0.6658762	 Acc:0.1875000	 lr:0.0001106	 Mean_Total:0.5304589
2021-09-14 07:51:15,051 - ===============================| start validation |===============================
2021-09-14 07:51:45,613 - 	 Total:0.5559221	 Acc:0.2192385
2021-09-14 07:51:45,617 -    ini file updated    
2021-09-14 07:51:45,618 - ===============================|    epoch 54   |===============================
2021-09-14 07:51:46,953 -     0 / 11829 (000%):	 Total:0.6848217	 Acc:0.3125000	 lr:0.0001106	 Mean_Total:0.6848217
2021-09-14 07:54:14,096 -  2365 / 11829 (019%):	 Total:0.4783316	 Acc:0.2500000	 lr:0.0001104	 Mean_Total:0.5232073
2021-09-14 07:56:43,172 -  4730 / 11829 (039%):	 Total:0.6257619	 Acc:0.1562500	 lr:0.0001102	 Mean_Total:0.5261530
2021-09-14 07:59:09,776 -  7095 / 11829 (059%):	 Total:0.6244332	 Acc:0.3437500	 lr:0.0001100	 Mean_Total:0.5283673
2021-09-14 08:01:35,556 -  9460 / 11829 (079%):	 Total:0.8476129	 Acc:0.1562500	 lr:0.0001098	 Mean_Total:0.5287703
2021-09-14 08:03:59,468 - 11825 / 11829 (099%):	 Total:0.5319223	 Acc:0.2812500	 lr:0.0001096	 Mean_Total:0.5306941
2021-09-14 08:03:59,858 - ===============================| start validation |===============================
2021-09-14 08:04:30,506 - 	 Total:0.5571862	 Acc:0.2217839
2021-09-14 08:04:30,509 -    ini file updated    
2021-09-14 08:04:30,509 - ===============================|    epoch 55   |===============================
2021-09-14 08:04:31,711 -     0 / 11829 (000%):	 Total:0.4947495	 Acc:0.3125000	 lr:0.0001096	 Mean_Total:0.4947495
2021-09-14 08:06:59,150 -  2365 / 11829 (019%):	 Total:0.3673916	 Acc:0.2187500	 lr:0.0001094	 Mean_Total:0.5275601
2021-09-14 08:09:26,968 -  4730 / 11829 (039%):	 Total:0.8620999	 Acc:0.2500000	 lr:0.0001092	 Mean_Total:0.5274418
2021-09-14 08:11:53,100 -  7095 / 11829 (059%):	 Total:0.3908571	 Acc:0.2187500	 lr:0.0001090	 Mean_Total:0.5291053
2021-09-14 08:14:18,110 -  9460 / 11829 (079%):	 Total:0.5097815	 Acc:0.2500000	 lr:0.0001088	 Mean_Total:0.5282899
2021-09-14 08:16:42,466 - 11825 / 11829 (099%):	 Total:0.6243100	 Acc:0.1562500	 lr:0.0001086	 Mean_Total:0.5294136
2021-09-14 08:16:42,829 - ===============================| start validation |===============================
2021-09-14 08:17:12,475 - 	 Total:0.5576622	 Acc:0.2244666
2021-09-14 08:17:12,478 -    ini file updated    
2021-09-14 08:17:12,499 - Snapshot saved to /data/users/wergillius/UTR_VAE/pth/RL_gru_MTL/scratch_schedule_kfold/from_scratch-model_best_cv1.pth

2021-09-14 08:17:12,500 -    ini file updated    
2021-09-14 08:17:12,500 - ===============================|    epoch 56   |===============================
2021-09-14 08:17:13,711 -     0 / 11829 (000%):	 Total:0.4421541	 Acc:0.2500000	 lr:0.0001086	 Mean_Total:0.4421541
2021-09-14 08:19:41,985 -  2365 / 11829 (019%):	 Total:0.4207823	 Acc:0.3750000	 lr:0.0001084	 Mean_Total:0.5232280
2021-09-14 08:22:11,947 -  4730 / 11829 (039%):	 Total:0.6072154	 Acc:0.2187500	 lr:0.0001082	 Mean_Total:0.5237692
2021-09-14 08:24:40,488 -  7095 / 11829 (059%):	 Total:0.9256699	 Acc:0.1562500	 lr:0.0001080	 Mean_Total:0.5259062
2021-09-14 08:27:09,304 -  9460 / 11829 (079%):	 Total:0.5465253	 Acc:0.3125000	 lr:0.0001078	 Mean_Total:0.5271191
2021-09-14 08:29:35,145 - 11825 / 11829 (099%):	 Total:0.3105911	 Acc:0.2500000	 lr:0.0001076	 Mean_Total:0.5287138
2021-09-14 08:29:35,535 - ===============================| start validation |===============================
2021-09-14 08:30:05,926 - 	 Total:0.5551019	 Acc:0.2206538
2021-09-14 08:30:05,930 -    ini file updated    
2021-09-14 08:30:05,930 - ===============================|    epoch 57   |===============================
2021-09-14 08:30:07,262 -     0 / 11829 (000%):	 Total:0.4522319	 Acc:0.2812500	 lr:0.0001076	 Mean_Total:0.4522319
2021-09-14 08:32:36,823 -  2365 / 11829 (019%):	 Total:0.6490178	 Acc:0.1875000	 lr:0.0001075	 Mean_Total:0.5217959
2021-09-14 08:35:04,985 -  4730 / 11829 (039%):	 Total:0.4326919	 Acc:0.2500000	 lr:0.0001073	 Mean_Total:0.5223935
2021-09-14 08:37:31,114 -  7095 / 11829 (059%):	 Total:0.5098073	 Acc:0.1562500	 lr:0.0001071	 Mean_Total:0.5265706
2021-09-14 08:39:57,138 -  9460 / 11829 (079%):	 Total:0.6010004	 Acc:0.1875000	 lr:0.0001069	 Mean_Total:0.5277655
2021-09-14 08:42:21,190 - 11825 / 11829 (099%):	 Total:0.5997654	 Acc:0.2812500	 lr:0.0001067	 Mean_Total:0.5282975
2021-09-14 08:42:21,595 - ===============================| start validation |===============================
2021-09-14 08:42:52,314 - 	 Total:0.5552785	 Acc:0.2208809
2021-09-14 08:42:52,319 -    ini file updated    
2021-09-14 08:42:52,319 - ===============================|    epoch 58   |===============================
2021-09-14 08:42:53,729 -     0 / 11829 (000%):	 Total:0.4525986	 Acc:0.2500000	 lr:0.0001067	 Mean_Total:0.4525986
2021-09-14 08:45:21,626 -  2365 / 11829 (019%):	 Total:0.4833468	 Acc:0.2812500	 lr:0.0001065	 Mean_Total:0.5268403
2021-09-14 08:47:49,958 -  4730 / 11829 (039%):	 Total:0.4353911	 Acc:0.2812500	 lr:0.0001063	 Mean_Total:0.5279034
2021-09-14 08:50:16,412 -  7095 / 11829 (059%):	 Total:0.5720427	 Acc:0.0937500	 lr:0.0001062	 Mean_Total:0.5276377
2021-09-14 08:52:42,611 -  9460 / 11829 (079%):	 Total:0.4134259	 Acc:0.1875000	 lr:0.0001060	 Mean_Total:0.5277225
2021-09-14 08:55:07,833 - 11825 / 11829 (099%):	 Total:0.4852748	 Acc:0.2812500	 lr:0.0001058	 Mean_Total:0.5271284
2021-09-14 08:55:08,220 - ===============================| start validation |===============================
2021-09-14 08:55:38,027 - 	 Total:0.5568103	 Acc:0.2202234
2021-09-14 08:55:38,031 -    ini file updated    
2021-09-14 08:55:38,031 - ===============================|    epoch 59   |===============================
2021-09-14 08:55:39,388 -     0 / 11829 (000%):	 Total:0.3825350	 Acc:0.1875000	 lr:0.0001058	 Mean_Total:0.3825350
2021-09-14 08:58:07,033 -  2365 / 11829 (019%):	 Total:0.6146638	 Acc:0.2500000	 lr:0.0001056	 Mean_Total:0.5280537
2021-09-14 09:00:35,745 -  4730 / 11829 (039%):	 Total:0.4747350	 Acc:0.3437500	 lr:0.0001054	 Mean_Total:0.5263456
2021-09-14 09:03:04,639 -  7095 / 11829 (059%):	 Total:0.3858483	 Acc:0.2187500	 lr:0.0001053	 Mean_Total:0.5283466
2021-09-14 09:05:31,728 -  9460 / 11829 (079%):	 Total:0.6223680	 Acc:0.2187500	 lr:0.0001051	 Mean_Total:0.5283813
2021-09-14 09:07:58,227 - 11825 / 11829 (099%):	 Total:0.2258715	 Acc:0.5000000	 lr:0.0001049	 Mean_Total:0.5276648
2021-09-14 09:07:58,622 - ===============================| start validation |===============================
2021-09-14 09:08:29,514 - 	 Total:0.5551731	 Acc:0.2206300
2021-09-14 09:08:29,519 -    ini file updated    
2021-09-14 09:08:29,520 - ===============================|    epoch 60   |===============================
2021-09-14 09:08:30,821 -     0 / 11829 (000%):	 Total:0.5077285	 Acc:0.1562500	 lr:0.0001049	 Mean_Total:0.5077285
2021-09-14 09:10:59,269 -  2365 / 11829 (019%):	 Total:0.4267677	 Acc:0.1875000	 lr:0.0001047	 Mean_Total:0.5228688
2021-09-14 09:13:17,615 -  4730 / 11829 (039%):	 Total:0.3944203	 Acc:0.3125000	 lr:0.0001046	 Mean_Total:0.5233826
2021-09-14 09:15:19,033 -  7095 / 11829 (059%):	 Total:0.5213315	 Acc:0.1562500	 lr:0.0001044	 Mean_Total:0.5249592
2021-09-14 09:17:06,727 -  9460 / 11829 (079%):	 Total:0.6150947	 Acc:0.2500000	 lr:0.0001042	 Mean_Total:0.5253996
2021-09-14 09:18:46,396 - 11825 / 11829 (099%):	 Total:0.6043411	 Acc:0.1562500	 lr:0.0001041	 Mean_Total:0.5267372
2021-09-14 09:18:46,570 - ===============================| start validation |===============================
2021-09-14 09:18:57,964 - 	 Total:0.5551179	 Acc:0.2219265
2021-09-14 09:18:57,970 -    ini file updated    
