2021-09-13 18:20:08,972 -   	 	 ==============<<< device used: cuda:1  >>>============== 	 	 
2021-09-13 18:20:17,765 - ===============================|    epoch 0   |===============================
2021-09-13 18:20:19,094 -     0 / 11829 (000%):	 Total:1.4504379	 Acc:0.0312500	 lr:0.0009882	 Mean_Total:1.4504379
2021-09-13 18:23:17,842 -  2365 / 11829 (019%):	 Total:0.7746359	 Acc:0.1250000	 lr:0.0018171	 Mean_Total:0.7774420
2021-09-13 18:26:37,247 -  4730 / 11829 (039%):	 Total:0.5110359	 Acc:0.4062500	 lr:0.0012850	 Mean_Total:0.7311539
2021-09-13 18:30:19,539 -  7095 / 11829 (059%):	 Total:0.8292948	 Acc:0.1250000	 lr:0.0010493	 Mean_Total:0.7141250
2021-09-13 18:34:51,340 -  9460 / 11829 (079%):	 Total:0.4129699	 Acc:0.3437500	 lr:0.0009087	 Mean_Total:0.7029350
2021-09-13 18:38:50,736 - 11825 / 11829 (099%):	 Total:0.7934203	 Acc:0.0937500	 lr:0.0008128	 Mean_Total:0.6919025
2021-09-13 18:38:51,185 - ===============================| start validation |===============================
2021-09-13 18:39:38,791 - 	 Total:0.6154646	 Acc:0.2067279
2021-09-13 18:39:38,798 -    ini file updated    
2021-09-13 18:39:38,825 - Snapshot saved to /data/users/wergillius/UTR_VAE/pth/RL_gru_MTL/scratch_schedule_kfold/from_scratch-model_best_cv4.pth

2021-09-13 18:39:38,826 -    ini file updated    
2021-09-13 18:39:38,826 - ===============================|    epoch 1   |===============================
2021-09-13 18:39:40,152 -     0 / 11829 (000%):	 Total:0.7351557	 Acc:0.1562500	 lr:0.0008126	 Mean_Total:0.7351557
2021-09-13 18:43:38,116 -  2365 / 11829 (019%):	 Total:0.6232193	 Acc:0.1250000	 lr:0.0007419	 Mean_Total:0.6332353
2021-09-13 18:47:42,724 -  4730 / 11829 (039%):	 Total:0.6368840	 Acc:0.2187500	 lr:0.0006869	 Mean_Total:0.6342500
2021-09-13 18:51:40,608 -  7095 / 11829 (059%):	 Total:0.6268421	 Acc:0.2187500	 lr:0.0006425	 Mean_Total:0.6338854
2021-09-13 18:55:43,198 -  9460 / 11829 (079%):	 Total:0.5340761	 Acc:0.0625000	 lr:0.0006058	 Mean_Total:0.6302059
2021-09-13 18:59:42,223 - 11825 / 11829 (099%):	 Total:0.3917800	 Acc:0.2812500	 lr:0.0005747	 Mean_Total:0.6277286
2021-09-13 18:59:42,734 - ===============================| start validation |===============================
2021-09-13 19:00:32,129 - 	 Total:0.5973629	 Acc:0.2018800
2021-09-13 19:00:32,137 -    ini file updated    
2021-09-13 19:00:32,161 - Snapshot saved to /data/users/wergillius/UTR_VAE/pth/RL_gru_MTL/scratch_schedule_kfold/from_scratch-model_best_cv4.pth

2021-09-13 19:00:32,162 -    ini file updated    
2021-09-13 19:00:32,163 - ===============================|    epoch 2   |===============================
2021-09-13 19:00:33,304 -     0 / 11829 (000%):	 Total:0.4472246	 Acc:0.2187500	 lr:0.0005746	 Mean_Total:0.4472246
2021-09-13 19:04:30,975 -  2365 / 11829 (019%):	 Total:0.8911717	 Acc:0.0312500	 lr:0.0005479	 Mean_Total:0.6175093
2021-09-13 19:08:33,974 -  4730 / 11829 (039%):	 Total:0.4718638	 Acc:0.1875000	 lr:0.0005246	 Mean_Total:0.6155113
2021-09-13 19:12:45,375 -  7095 / 11829 (059%):	 Total:0.4568665	 Acc:0.2500000	 lr:0.0005040	 Mean_Total:0.6146691
2021-09-13 19:16:44,515 -  9460 / 11829 (079%):	 Total:0.3807317	 Acc:0.1875000	 lr:0.0004857	 Mean_Total:0.6135289
2021-09-13 19:20:36,292 - 11825 / 11829 (099%):	 Total:0.4832202	 Acc:0.1250000	 lr:0.0004692	 Mean_Total:0.6119552
2021-09-13 19:20:36,829 - ===============================| start validation |===============================
2021-09-13 19:21:22,804 - 	 Total:0.5785735	 Acc:0.2073220
2021-09-13 19:21:22,808 -    ini file updated    
2021-09-13 19:21:22,828 - Snapshot saved to /data/users/wergillius/UTR_VAE/pth/RL_gru_MTL/scratch_schedule_kfold/from_scratch-model_best_cv4.pth

2021-09-13 19:21:22,829 -    ini file updated    
2021-09-13 19:21:22,830 - ===============================|    epoch 3   |===============================
2021-09-13 19:21:24,095 -     0 / 11829 (000%):	 Total:0.6600898	 Acc:0.1875000	 lr:0.0004692	 Mean_Total:0.6600898
2021-09-13 19:25:20,193 -  2365 / 11829 (019%):	 Total:0.6178848	 Acc:0.2500000	 lr:0.0004543	 Mean_Total:0.6077392
2021-09-13 19:29:10,151 -  4730 / 11829 (039%):	 Total:0.6553303	 Acc:0.2187500	 lr:0.0004407	 Mean_Total:0.6067821
2021-09-13 19:33:10,319 -  7095 / 11829 (059%):	 Total:0.7983713	 Acc:0.1875000	 lr:0.0004283	 Mean_Total:0.6033239
2021-09-13 19:37:11,801 -  9460 / 11829 (079%):	 Total:0.7824360	 Acc:0.1875000	 lr:0.0004169	 Mean_Total:0.6021367
2021-09-13 19:41:06,911 - 11825 / 11829 (099%):	 Total:0.6500143	 Acc:0.1875000	 lr:0.0004064	 Mean_Total:0.6016446
2021-09-13 19:41:07,427 - ===============================| start validation |===============================
2021-09-13 19:41:55,968 - 	 Total:0.5722479	 Acc:0.2126584
2021-09-13 19:41:55,976 -    ini file updated    
2021-09-13 19:41:55,997 - Snapshot saved to /data/users/wergillius/UTR_VAE/pth/RL_gru_MTL/scratch_schedule_kfold/from_scratch-model_best_cv4.pth

2021-09-13 19:41:55,998 -    ini file updated    
2021-09-13 19:41:55,998 - ===============================|    epoch 4   |===============================
2021-09-13 19:41:57,153 -     0 / 11829 (000%):	 Total:0.3786964	 Acc:0.1562500	 lr:0.0004063	 Mean_Total:0.3786964
2021-09-13 19:46:04,044 -  2365 / 11829 (019%):	 Total:0.5822321	 Acc:0.2812500	 lr:0.0003965	 Mean_Total:0.5924060
2021-09-13 19:50:00,743 -  4730 / 11829 (039%):	 Total:0.5512356	 Acc:0.2500000	 lr:0.0003874	 Mean_Total:0.5929716
2021-09-13 19:54:06,176 -  7095 / 11829 (059%):	 Total:0.5402725	 Acc:0.1875000	 lr:0.0003789	 Mean_Total:0.5941661
2021-09-13 19:58:10,816 -  9460 / 11829 (079%):	 Total:0.4338480	 Acc:0.2187500	 lr:0.0003709	 Mean_Total:0.5935208
2021-09-13 20:02:16,589 - 11825 / 11829 (099%):	 Total:0.7697221	 Acc:0.1562500	 lr:0.0003635	 Mean_Total:0.5949406
2021-09-13 20:02:17,147 - ===============================| start validation |===============================
2021-09-13 20:03:06,872 - 	 Total:0.5666418	 Acc:0.2082224
2021-09-13 20:03:06,879 -    ini file updated    
2021-09-13 20:03:06,906 - Snapshot saved to /data/users/wergillius/UTR_VAE/pth/RL_gru_MTL/scratch_schedule_kfold/from_scratch-model_best_cv4.pth

2021-09-13 20:03:06,908 -    ini file updated    
2021-09-13 20:03:06,908 - ===============================|    epoch 5   |===============================
2021-09-13 20:03:08,198 -     0 / 11829 (000%):	 Total:0.6890508	 Acc:0.1562500	 lr:0.0003634	 Mean_Total:0.6890508
2021-09-13 20:07:15,051 -  2365 / 11829 (019%):	 Total:0.4946745	 Acc:0.1875000	 lr:0.0003564	 Mean_Total:0.5901329
2021-09-13 20:11:19,860 -  4730 / 11829 (039%):	 Total:0.6065460	 Acc:0.1875000	 lr:0.0003497	 Mean_Total:0.5915717
2021-09-13 20:15:31,322 -  7095 / 11829 (059%):	 Total:0.5806280	 Acc:0.1875000	 lr:0.0003434	 Mean_Total:0.5919330
2021-09-13 20:19:46,291 -  9460 / 11829 (079%):	 Total:0.5584937	 Acc:0.1562500	 lr:0.0003375	 Mean_Total:0.5901199
2021-09-13 20:22:59,024 - 11825 / 11829 (099%):	 Total:0.4735802	 Acc:0.2812500	 lr:0.0003318	 Mean_Total:0.5896043
2021-09-13 20:22:59,434 - ===============================| start validation |===============================
2021-09-13 20:23:39,777 - 	 Total:0.5670460	 Acc:0.2113171
2021-09-13 20:23:39,780 -    ini file updated    
2021-09-13 20:23:39,781 - ===============================|    epoch 6   |===============================
2021-09-13 20:23:40,856 -     0 / 11829 (000%):	 Total:0.5756871	 Acc:0.2812500	 lr:0.0003318	 Mean_Total:0.5756871
2021-09-13 20:26:52,995 -  2365 / 11829 (019%):	 Total:0.4743071	 Acc:0.2500000	 lr:0.0003264	 Mean_Total:0.5889775
2021-09-13 20:30:05,085 -  4730 / 11829 (039%):	 Total:0.6704214	 Acc:0.0937500	 lr:0.0003212	 Mean_Total:0.5856829
2021-09-13 20:33:22,056 -  7095 / 11829 (059%):	 Total:0.5011756	 Acc:0.4062500	 lr:0.0003163	 Mean_Total:0.5858453
2021-09-13 20:36:37,262 -  9460 / 11829 (079%):	 Total:0.4744795	 Acc:0.3125000	 lr:0.0003117	 Mean_Total:0.5859102
2021-09-13 20:39:48,539 - 11825 / 11829 (099%):	 Total:0.5406773	 Acc:0.2500000	 lr:0.0003072	 Mean_Total:0.5851898
2021-09-13 20:39:48,961 - ===============================| start validation |===============================
2021-09-13 20:40:30,126 - 	 Total:0.5626622	 Acc:0.2152012
2021-09-13 20:40:30,132 -    ini file updated    
2021-09-13 20:40:30,147 - Snapshot saved to /data/users/wergillius/UTR_VAE/pth/RL_gru_MTL/scratch_schedule_kfold/from_scratch-model_best_cv4.pth

2021-09-13 20:40:30,148 -    ini file updated    
2021-09-13 20:40:30,148 - ===============================|    epoch 7   |===============================
2021-09-13 20:40:31,368 -     0 / 11829 (000%):	 Total:0.7208231	 Acc:0.2500000	 lr:0.0003072	 Mean_Total:0.7208231
2021-09-13 20:43:47,995 -  2365 / 11829 (019%):	 Total:0.9330155	 Acc:0.1250000	 lr:0.0003029	 Mean_Total:0.5777004
2021-09-13 20:47:07,083 -  4730 / 11829 (039%):	 Total:0.6349416	 Acc:0.3437500	 lr:0.0002987	 Mean_Total:0.5818022
2021-09-13 20:50:25,186 -  7095 / 11829 (059%):	 Total:0.5579014	 Acc:0.0937500	 lr:0.0002948	 Mean_Total:0.5810943
2021-09-13 20:53:46,969 -  9460 / 11829 (079%):	 Total:0.7301098	 Acc:0.1875000	 lr:0.0002910	 Mean_Total:0.5820956
2021-09-13 20:56:57,476 - 11825 / 11829 (099%):	 Total:0.6338289	 Acc:0.1875000	 lr:0.0002873	 Mean_Total:0.5817895
2021-09-13 20:56:57,922 - ===============================| start validation |===============================
2021-09-13 20:57:38,658 - 	 Total:0.5594441	 Acc:0.2148342
2021-09-13 20:57:38,661 -    ini file updated    
2021-09-13 20:57:38,684 - Snapshot saved to /data/users/wergillius/UTR_VAE/pth/RL_gru_MTL/scratch_schedule_kfold/from_scratch-model_best_cv4.pth

2021-09-13 20:57:38,685 -    ini file updated    
2021-09-13 20:57:38,686 - ===============================|    epoch 8   |===============================
2021-09-13 20:57:39,757 -     0 / 11829 (000%):	 Total:0.5580731	 Acc:0.2500000	 lr:0.0002873	 Mean_Total:0.5580731
2021-09-13 21:00:56,049 -  2365 / 11829 (019%):	 Total:0.9898553	 Acc:0.1250000	 lr:0.0002838	 Mean_Total:0.5780195
2021-09-13 21:04:14,036 -  4730 / 11829 (039%):	 Total:0.4403646	 Acc:0.2187500	 lr:0.0002804	 Mean_Total:0.5798424
2021-09-13 21:07:29,331 -  7095 / 11829 (059%):	 Total:0.3627422	 Acc:0.1875000	 lr:0.0002771	 Mean_Total:0.5806642
2021-09-13 21:10:51,675 -  9460 / 11829 (079%):	 Total:0.7307248	 Acc:0.0937500	 lr:0.0002740	 Mean_Total:0.5797239
2021-09-13 21:14:08,821 - 11825 / 11829 (099%):	 Total:0.5389107	 Acc:0.1875000	 lr:0.0002709	 Mean_Total:0.5793534
2021-09-13 21:14:09,297 - ===============================| start validation |===============================
2021-09-13 21:14:50,417 - 	 Total:0.5590726	 Acc:0.2141767
2021-09-13 21:14:50,423 -    ini file updated    
2021-09-13 21:14:50,451 - Snapshot saved to /data/users/wergillius/UTR_VAE/pth/RL_gru_MTL/scratch_schedule_kfold/from_scratch-model_best_cv4.pth

2021-09-13 21:14:50,452 -    ini file updated    
2021-09-13 21:14:50,452 - ===============================|    epoch 9   |===============================
2021-09-13 21:14:51,647 -     0 / 11829 (000%):	 Total:0.5564586	 Acc:0.0937500	 lr:0.0002709	 Mean_Total:0.5564586
2021-09-13 21:18:11,065 -  2365 / 11829 (019%):	 Total:0.5917469	 Acc:0.1875000	 lr:0.0002679	 Mean_Total:0.5709087
2021-09-13 21:21:35,754 -  4730 / 11829 (039%):	 Total:0.3397451	 Acc:0.3437500	 lr:0.0002651	 Mean_Total:0.5737717
2021-09-13 21:25:00,791 -  7095 / 11829 (059%):	 Total:0.4920455	 Acc:0.3125000	 lr:0.0002623	 Mean_Total:0.5752445
2021-09-13 21:28:24,476 -  9460 / 11829 (079%):	 Total:0.6936210	 Acc:0.1250000	 lr:0.0002596	 Mean_Total:0.5755114
2021-09-13 21:31:43,860 - 11825 / 11829 (099%):	 Total:0.5032959	 Acc:0.0937500	 lr:0.0002570	 Mean_Total:0.5762619
2021-09-13 21:31:44,321 - ===============================| start validation |===============================
2021-09-13 21:32:26,026 - 	 Total:0.5592306	 Acc:0.2184675
2021-09-13 21:32:26,031 -    ini file updated    
2021-09-13 21:32:26,047 - Snapshot saved to /data/users/wergillius/UTR_VAE/pth/RL_gru_MTL/scratch_schedule_kfold/from_scratch-model_best_cv4.pth

2021-09-13 21:32:26,048 -    ini file updated    
2021-09-13 21:32:26,048 - ===============================|    epoch 10   |===============================
2021-09-13 21:32:27,268 -     0 / 11829 (000%):	 Total:0.5809658	 Acc:0.1250000	 lr:0.0002570	 Mean_Total:0.5809658
2021-09-13 21:35:48,616 -  2365 / 11829 (019%):	 Total:0.5958714	 Acc:0.1875000	 lr:0.0002545	 Mean_Total:0.5757236
2021-09-13 21:39:07,192 -  4730 / 11829 (039%):	 Total:0.7132685	 Acc:0.1875000	 lr:0.0002520	 Mean_Total:0.5730089
2021-09-13 21:42:30,238 -  7095 / 11829 (059%):	 Total:0.4019973	 Acc:0.2500000	 lr:0.0002496	 Mean_Total:0.5734224
2021-09-13 21:45:51,875 -  9460 / 11829 (079%):	 Total:0.5694687	 Acc:0.1875000	 lr:0.0002473	 Mean_Total:0.5730691
2021-09-13 21:49:05,873 - 11825 / 11829 (099%):	 Total:0.5472872	 Acc:0.2187500	 lr:0.0002450	 Mean_Total:0.5742104
2021-09-13 21:49:06,305 - ===============================| start validation |===============================
2021-09-13 21:49:47,987 - 	 Total:0.5580677	 Acc:0.2166112
2021-09-13 21:49:47,992 -    ini file updated    
2021-09-13 21:49:48,011 - Snapshot saved to /data/users/wergillius/UTR_VAE/pth/RL_gru_MTL/scratch_schedule_kfold/from_scratch-model_best_cv4.pth

2021-09-13 21:49:48,012 -    ini file updated    
2021-09-13 21:49:48,012 - ===============================|    epoch 11   |===============================
2021-09-13 21:49:49,327 -     0 / 11829 (000%):	 Total:0.4298971	 Acc:0.2500000	 lr:0.0002450	 Mean_Total:0.4298971
2021-09-13 21:53:10,044 -  2365 / 11829 (019%):	 Total:0.4584910	 Acc:0.3125000	 lr:0.0002428	 Mean_Total:0.5717728
2021-09-13 21:56:28,943 -  4730 / 11829 (039%):	 Total:0.5585643	 Acc:0.2187500	 lr:0.0002407	 Mean_Total:0.5702872
2021-09-13 21:59:49,172 -  7095 / 11829 (059%):	 Total:0.4859028	 Acc:0.3125000	 lr:0.0002386	 Mean_Total:0.5717395
2021-09-13 22:03:11,428 -  9460 / 11829 (079%):	 Total:0.6241354	 Acc:0.1562500	 lr:0.0002366	 Mean_Total:0.5729983
2021-09-13 22:06:27,189 - 11825 / 11829 (099%):	 Total:0.4822398	 Acc:0.2187500	 lr:0.0002346	 Mean_Total:0.5722359
2021-09-13 22:06:27,656 - ===============================| start validation |===============================
2021-09-13 22:07:07,093 - 	 Total:0.5541403	 Acc:0.2177281
2021-09-13 22:07:07,097 -    ini file updated    
2021-09-13 22:07:07,117 - Snapshot saved to /data/users/wergillius/UTR_VAE/pth/RL_gru_MTL/scratch_schedule_kfold/from_scratch-model_best_cv4.pth

2021-09-13 22:07:07,119 -    ini file updated    
2021-09-13 22:07:07,119 - ===============================|    epoch 12   |===============================
2021-09-13 22:07:08,371 -     0 / 11829 (000%):	 Total:0.6122222	 Acc:0.1562500	 lr:0.0002346	 Mean_Total:0.6122222
2021-09-13 22:10:26,295 -  2365 / 11829 (019%):	 Total:0.7670952	 Acc:0.1250000	 lr:0.0002327	 Mean_Total:0.5683542
2021-09-13 22:13:53,062 -  4730 / 11829 (039%):	 Total:0.7499592	 Acc:0.0312500	 lr:0.0002308	 Mean_Total:0.5705089
2021-09-13 22:17:22,783 -  7095 / 11829 (059%):	 Total:0.4895348	 Acc:0.1562500	 lr:0.0002289	 Mean_Total:0.5714037
2021-09-13 22:20:50,719 -  9460 / 11829 (079%):	 Total:0.6117940	 Acc:0.1250000	 lr:0.0002272	 Mean_Total:0.5713676
2021-09-13 22:24:17,188 - 11825 / 11829 (099%):	 Total:0.5667696	 Acc:0.1562500	 lr:0.0002254	 Mean_Total:0.5706391
2021-09-13 22:24:17,632 - ===============================| start validation |===============================
2021-09-13 22:24:59,349 - 	 Total:0.5570480	 Acc:0.2191302
2021-09-13 22:24:59,355 -    ini file updated    
2021-09-13 22:24:59,376 - Snapshot saved to /data/users/wergillius/UTR_VAE/pth/RL_gru_MTL/scratch_schedule_kfold/from_scratch-model_best_cv4.pth

2021-09-13 22:24:59,377 -    ini file updated    
2021-09-13 22:24:59,378 - ===============================|    epoch 13   |===============================
2021-09-13 22:25:00,623 -     0 / 11829 (000%):	 Total:0.3891755	 Acc:0.2187500	 lr:0.0002254	 Mean_Total:0.3891755
2021-09-13 22:28:26,825 -  2365 / 11829 (019%):	 Total:0.4289660	 Acc:0.2500000	 lr:0.0002237	 Mean_Total:0.5721308
2021-09-13 22:31:49,119 -  4730 / 11829 (039%):	 Total:0.4583867	 Acc:0.2812500	 lr:0.0002220	 Mean_Total:0.5711370
2021-09-13 22:35:18,612 -  7095 / 11829 (059%):	 Total:0.8253657	 Acc:0.2187500	 lr:0.0002204	 Mean_Total:0.5698291
2021-09-13 22:38:47,831 -  9460 / 11829 (079%):	 Total:0.4909097	 Acc:0.2187500	 lr:0.0002188	 Mean_Total:0.5688925
2021-09-13 22:42:07,783 - 11825 / 11829 (099%):	 Total:0.3882776	 Acc:0.1562500	 lr:0.0002172	 Mean_Total:0.5686122
2021-09-13 22:42:08,270 - ===============================| start validation |===============================
2021-09-13 22:42:49,605 - 	 Total:0.5565045	 Acc:0.2162838
2021-09-13 22:42:49,609 -    ini file updated    
2021-09-13 22:42:49,609 - ===============================|    epoch 14   |===============================
2021-09-13 22:42:50,829 -     0 / 11829 (000%):	 Total:0.4425722	 Acc:0.3437500	 lr:0.0002172	 Mean_Total:0.4425722
2021-09-13 22:46:10,744 -  2365 / 11829 (019%):	 Total:0.6937237	 Acc:0.1875000	 lr:0.0002157	 Mean_Total:0.5656892
2021-09-13 22:49:27,525 -  4730 / 11829 (039%):	 Total:0.5190114	 Acc:0.2500000	 lr:0.0002142	 Mean_Total:0.5646770
2021-09-13 22:52:43,903 -  7095 / 11829 (059%):	 Total:0.8309905	 Acc:0.1562500	 lr:0.0002127	 Mean_Total:0.5671031
2021-09-13 22:56:02,544 -  9460 / 11829 (079%):	 Total:0.3464605	 Acc:0.1875000	 lr:0.0002112	 Mean_Total:0.5672824
2021-09-13 22:59:20,820 - 11825 / 11829 (099%):	 Total:0.5237833	 Acc:0.1562500	 lr:0.0002098	 Mean_Total:0.5663973
2021-09-13 22:59:21,314 - ===============================| start validation |===============================
2021-09-13 23:00:02,201 - 	 Total:0.5544770	 Acc:0.2182404
2021-09-13 23:00:02,206 -    ini file updated    
2021-09-13 23:00:02,206 - ===============================|    epoch 15   |===============================
2021-09-13 23:00:03,556 -     0 / 11829 (000%):	 Total:0.8853477	 Acc:0.1875000	 lr:0.0002098	 Mean_Total:0.8853477
2021-09-13 23:03:22,537 -  2365 / 11829 (019%):	 Total:0.5500974	 Acc:0.1875000	 lr:0.0002084	 Mean_Total:0.5665243
2021-09-13 23:06:44,078 -  4730 / 11829 (039%):	 Total:0.4973223	 Acc:0.1875000	 lr:0.0002071	 Mean_Total:0.5664197
2021-09-13 23:10:12,119 -  7095 / 11829 (059%):	 Total:0.4605399	 Acc:0.2187500	 lr:0.0002058	 Mean_Total:0.5651039
2021-09-13 23:13:33,917 -  9460 / 11829 (079%):	 Total:0.6342307	 Acc:0.1562500	 lr:0.0002045	 Mean_Total:0.5651235
2021-09-13 23:16:48,398 - 11825 / 11829 (099%):	 Total:0.5142050	 Acc:0.2500000	 lr:0.0002032	 Mean_Total:0.5654535
2021-09-13 23:16:48,885 - ===============================| start validation |===============================
2021-09-13 23:17:28,455 - 	 Total:0.5522649	 Acc:0.2149372
2021-09-13 23:17:28,459 -    ini file updated    
2021-09-13 23:17:28,476 - Snapshot saved to /data/users/wergillius/UTR_VAE/pth/RL_gru_MTL/scratch_schedule_kfold/from_scratch-model_best_cv4.pth

2021-09-13 23:17:28,477 -    ini file updated    
2021-09-13 23:17:28,477 - ===============================|    epoch 16   |===============================
2021-09-13 23:17:29,458 -     0 / 11829 (000%):	 Total:0.7183713	 Acc:0.1562500	 lr:0.0002032	 Mean_Total:0.7183713
2021-09-13 23:20:50,820 -  2365 / 11829 (019%):	 Total:0.6189355	 Acc:0.2500000	 lr:0.0002019	 Mean_Total:0.5555390
2021-09-13 23:24:10,378 -  4730 / 11829 (039%):	 Total:0.5572583	 Acc:0.2500000	 lr:0.0002007	 Mean_Total:0.5586190
2021-09-13 23:27:38,377 -  7095 / 11829 (059%):	 Total:0.8607253	 Acc:0.1875000	 lr:0.0001995	 Mean_Total:0.5629209
2021-09-13 23:31:05,646 -  9460 / 11829 (079%):	 Total:0.4459426	 Acc:0.0937500	 lr:0.0001983	 Mean_Total:0.5629209
2021-09-13 23:34:25,650 - 11825 / 11829 (099%):	 Total:0.5186911	 Acc:0.2187500	 lr:0.0001971	 Mean_Total:0.5637231
2021-09-13 23:34:26,168 - ===============================| start validation |===============================
2021-09-13 23:35:06,593 - 	 Total:0.5517272	 Acc:0.2142850
2021-09-13 23:35:06,599 -    ini file updated    
2021-09-13 23:35:06,621 - Snapshot saved to /data/users/wergillius/UTR_VAE/pth/RL_gru_MTL/scratch_schedule_kfold/from_scratch-model_best_cv4.pth

2021-09-13 23:35:06,622 -    ini file updated    
2021-09-13 23:35:06,622 - ===============================|    epoch 17   |===============================
2021-09-13 23:35:07,755 -     0 / 11829 (000%):	 Total:0.4686661	 Acc:0.3437500	 lr:0.0001971	 Mean_Total:0.4686661
2021-09-13 23:38:29,143 -  2365 / 11829 (019%):	 Total:0.5074354	 Acc:0.1250000	 lr:0.0001960	 Mean_Total:0.5660484
2021-09-13 23:41:30,350 -  4730 / 11829 (039%):	 Total:0.6575508	 Acc:0.1875000	 lr:0.0001948	 Mean_Total:0.5659366
2021-09-13 23:44:24,158 -  7095 / 11829 (059%):	 Total:0.4887314	 Acc:0.2500000	 lr:0.0001937	 Mean_Total:0.5634608
2021-09-13 23:47:15,236 -  9460 / 11829 (079%):	 Total:0.7942506	 Acc:0.1875000	 lr:0.0001926	 Mean_Total:0.5630114
2021-09-13 23:50:03,562 - 11825 / 11829 (099%):	 Total:0.4645852	 Acc:0.1562500	 lr:0.0001916	 Mean_Total:0.5624261
2021-09-13 23:50:03,976 - ===============================| start validation |===============================
2021-09-13 23:50:37,926 - 	 Total:0.5505862	 Acc:0.2131680
2021-09-13 23:50:37,933 -    ini file updated    
2021-09-13 23:50:37,957 - Snapshot saved to /data/users/wergillius/UTR_VAE/pth/RL_gru_MTL/scratch_schedule_kfold/from_scratch-model_best_cv4.pth

2021-09-13 23:50:37,958 -    ini file updated    
2021-09-13 23:50:37,958 - ===============================|    epoch 18   |===============================
2021-09-13 23:50:39,131 -     0 / 11829 (000%):	 Total:0.5054677	 Acc:0.1562500	 lr:0.0001916	 Mean_Total:0.5054677
2021-09-13 23:53:31,693 -  2365 / 11829 (019%):	 Total:0.3988962	 Acc:0.2500000	 lr:0.0001905	 Mean_Total:0.5526780
2021-09-13 23:56:25,308 -  4730 / 11829 (039%):	 Total:0.4344032	 Acc:0.2812500	 lr:0.0001895	 Mean_Total:0.5564211
2021-09-13 23:59:19,537 -  7095 / 11829 (059%):	 Total:0.4189115	 Acc:0.3125000	 lr:0.0001884	 Mean_Total:0.5578192
2021-09-14 00:02:14,355 -  9460 / 11829 (079%):	 Total:0.5065973	 Acc:0.2187500	 lr:0.0001874	 Mean_Total:0.5599095
2021-09-14 00:05:03,833 - 11825 / 11829 (099%):	 Total:0.6815500	 Acc:0.1562500	 lr:0.0001864	 Mean_Total:0.5610846
2021-09-14 00:05:04,284 - ===============================| start validation |===============================
2021-09-14 00:05:37,252 - 	 Total:0.5483573	 Acc:0.2192992
2021-09-14 00:05:37,257 -    ini file updated    
2021-09-14 00:05:37,276 - Snapshot saved to /data/users/wergillius/UTR_VAE/pth/RL_gru_MTL/scratch_schedule_kfold/from_scratch-model_best_cv4.pth

2021-09-14 00:05:37,277 -    ini file updated    
2021-09-14 00:05:37,277 - ===============================|    epoch 19   |===============================
2021-09-14 00:05:38,386 -     0 / 11829 (000%):	 Total:0.4614285	 Acc:0.2187500	 lr:0.0001864	 Mean_Total:0.4614285
2021-09-14 00:08:25,929 -  2365 / 11829 (019%):	 Total:0.7902361	 Acc:0.2500000	 lr:0.0001855	 Mean_Total:0.5563966
2021-09-14 00:11:15,524 -  4730 / 11829 (039%):	 Total:0.4960113	 Acc:0.1875000	 lr:0.0001845	 Mean_Total:0.5601778
2021-09-14 00:14:05,847 -  7095 / 11829 (059%):	 Total:0.5434427	 Acc:0.1562500	 lr:0.0001836	 Mean_Total:0.5588867
2021-09-14 00:16:54,357 -  9460 / 11829 (079%):	 Total:0.5799602	 Acc:0.1875000	 lr:0.0001826	 Mean_Total:0.5592902
2021-09-14 00:19:38,610 - 11825 / 11829 (099%):	 Total:0.6511192	 Acc:0.2500000	 lr:0.0001817	 Mean_Total:0.5596173
2021-09-14 00:19:39,045 - ===============================| start validation |===============================
2021-09-14 00:20:12,086 - 	 Total:0.5500017	 Acc:0.2165795
2021-09-14 00:20:12,092 -    ini file updated    
2021-09-14 00:20:12,092 - ===============================|    epoch 20   |===============================
2021-09-14 00:20:13,280 -     0 / 11829 (000%):	 Total:0.3594962	 Acc:0.1562500	 lr:0.0001817	 Mean_Total:0.3594962
2021-09-14 00:23:01,640 -  2365 / 11829 (019%):	 Total:0.5455335	 Acc:0.1875000	 lr:0.0001808	 Mean_Total:0.5593389
2021-09-14 00:25:51,928 -  4730 / 11829 (039%):	 Total:0.6867408	 Acc:0.2812500	 lr:0.0001799	 Mean_Total:0.5614510
2021-09-14 00:28:40,240 -  7095 / 11829 (059%):	 Total:0.5616285	 Acc:0.2500000	 lr:0.0001791	 Mean_Total:0.5602999
2021-09-14 00:31:29,202 -  9460 / 11829 (079%):	 Total:0.6176366	 Acc:0.1875000	 lr:0.0001782	 Mean_Total:0.5580616
2021-09-14 00:34:14,625 - 11825 / 11829 (099%):	 Total:0.4774501	 Acc:0.1875000	 lr:0.0001773	 Mean_Total:0.5592103
2021-09-14 00:34:15,083 - ===============================| start validation |===============================
2021-09-14 00:34:47,739 - 	 Total:0.5538074	 Acc:0.2231279
2021-09-14 00:34:47,743 -    ini file updated    
2021-09-14 00:34:47,761 - Snapshot saved to /data/users/wergillius/UTR_VAE/pth/RL_gru_MTL/scratch_schedule_kfold/from_scratch-model_best_cv4.pth

2021-09-14 00:34:47,762 -    ini file updated    
2021-09-14 00:34:47,762 - ===============================|    epoch 21   |===============================
2021-09-14 00:34:48,823 -     0 / 11829 (000%):	 Total:0.7278177	 Acc:0.1875000	 lr:0.0001773	 Mean_Total:0.7278177
2021-09-14 00:37:32,447 -  2365 / 11829 (019%):	 Total:0.7490586	 Acc:0.1875000	 lr:0.0001765	 Mean_Total:0.5563892
2021-09-14 00:40:19,216 -  4730 / 11829 (039%):	 Total:1.1255736	 Acc:0.1562500	 lr:0.0001757	 Mean_Total:0.5574308
2021-09-14 00:43:04,798 -  7095 / 11829 (059%):	 Total:0.5354546	 Acc:0.1875000	 lr:0.0001749	 Mean_Total:0.5571510
2021-09-14 00:45:50,271 -  9460 / 11829 (079%):	 Total:0.6797644	 Acc:0.2187500	 lr:0.0001741	 Mean_Total:0.5585704
2021-09-14 00:48:35,464 - 11825 / 11829 (099%):	 Total:0.5283645	 Acc:0.2500000	 lr:0.0001733	 Mean_Total:0.5585434
2021-09-14 00:48:35,911 - ===============================| start validation |===============================
2021-09-14 00:49:09,708 - 	 Total:0.5472451	 Acc:0.2175275
2021-09-14 00:49:09,711 -    ini file updated    
2021-09-14 00:49:09,730 - Snapshot saved to /data/users/wergillius/UTR_VAE/pth/RL_gru_MTL/scratch_schedule_kfold/from_scratch-model_best_cv4.pth

2021-09-14 00:49:09,731 -    ini file updated    
2021-09-14 00:49:09,731 - ===============================|    epoch 22   |===============================
2021-09-14 00:49:10,838 -     0 / 11829 (000%):	 Total:0.4797329	 Acc:0.1875000	 lr:0.0001733	 Mean_Total:0.4797329
2021-09-14 00:52:07,908 -  2365 / 11829 (019%):	 Total:0.4286292	 Acc:0.2187500	 lr:0.0001725	 Mean_Total:0.5536972
2021-09-14 00:55:05,595 -  4730 / 11829 (039%):	 Total:0.7216717	 Acc:0.1875000	 lr:0.0001717	 Mean_Total:0.5558322
2021-09-14 00:58:00,295 -  7095 / 11829 (059%):	 Total:0.5339473	 Acc:0.2187500	 lr:0.0001709	 Mean_Total:0.5560518
2021-09-14 01:00:54,659 -  9460 / 11829 (079%):	 Total:0.7304921	 Acc:0.2812500	 lr:0.0001702	 Mean_Total:0.5553578
2021-09-14 01:03:44,562 - 11825 / 11829 (099%):	 Total:0.4685330	 Acc:0.2500000	 lr:0.0001695	 Mean_Total:0.5564404
2021-09-14 01:03:44,975 - ===============================| start validation |===============================
2021-09-14 01:04:17,486 - 	 Total:0.5498609	 Acc:0.2169809
2021-09-14 01:04:17,488 -    ini file updated    
2021-09-14 01:04:17,489 - ===============================|    epoch 23   |===============================
2021-09-14 01:04:18,459 -     0 / 11829 (000%):	 Total:0.6157059	 Acc:0.1562500	 lr:0.0001695	 Mean_Total:0.6157059
2021-09-14 01:07:10,118 -  2365 / 11829 (019%):	 Total:0.5923828	 Acc:0.1562500	 lr:0.0001687	 Mean_Total:0.5508361
2021-09-14 01:10:02,533 -  4730 / 11829 (039%):	 Total:0.5255460	 Acc:0.3437500	 lr:0.0001680	 Mean_Total:0.5534132
2021-09-14 01:12:58,923 -  7095 / 11829 (059%):	 Total:0.3631380	 Acc:0.2812500	 lr:0.0001673	 Mean_Total:0.5538643
2021-09-14 01:15:54,283 -  9460 / 11829 (079%):	 Total:0.5105329	 Acc:0.1875000	 lr:0.0001666	 Mean_Total:0.5548812
2021-09-14 01:18:41,963 - 11825 / 11829 (099%):	 Total:0.9536759	 Acc:0.1250000	 lr:0.0001659	 Mean_Total:0.5557599
2021-09-14 01:18:42,328 - ===============================| start validation |===============================
2021-09-14 01:19:12,294 - 	 Total:0.5504780	 Acc:0.2199065
2021-09-14 01:19:12,298 -    ini file updated    
2021-09-14 01:19:12,299 - ===============================|    epoch 24   |===============================
2021-09-14 01:19:13,507 -     0 / 11829 (000%):	 Total:0.4538415	 Acc:0.2500000	 lr:0.0001659	 Mean_Total:0.4538415
2021-09-14 01:21:47,478 -  2365 / 11829 (019%):	 Total:0.9268689	 Acc:0.1562500	 lr:0.0001652	 Mean_Total:0.5494250
2021-09-14 01:24:22,727 -  4730 / 11829 (039%):	 Total:0.4446234	 Acc:0.2812500	 lr:0.0001645	 Mean_Total:0.5531358
2021-09-14 01:26:57,103 -  7095 / 11829 (059%):	 Total:0.7489982	 Acc:0.0937500	 lr:0.0001639	 Mean_Total:0.5540361
2021-09-14 01:29:30,897 -  9460 / 11829 (079%):	 Total:0.8019096	 Acc:0.1875000	 lr:0.0001632	 Mean_Total:0.5546081
2021-09-14 01:32:00,172 - 11825 / 11829 (099%):	 Total:0.5770327	 Acc:0.2500000	 lr:0.0001625	 Mean_Total:0.5538877
2021-09-14 01:32:00,502 - ===============================| start validation |===============================
2021-09-14 01:32:30,711 - 	 Total:0.5465745	 Acc:0.2206168
2021-09-14 01:32:30,714 -    ini file updated    
2021-09-14 01:32:30,730 - Snapshot saved to /data/users/wergillius/UTR_VAE/pth/RL_gru_MTL/scratch_schedule_kfold/from_scratch-model_best_cv4.pth

2021-09-14 01:32:30,731 -    ini file updated    
2021-09-14 01:32:30,731 - ===============================|    epoch 25   |===============================
2021-09-14 01:32:31,892 -     0 / 11829 (000%):	 Total:0.5231458	 Acc:0.1562500	 lr:0.0001625	 Mean_Total:0.5231458
2021-09-14 01:35:02,699 -  2365 / 11829 (019%):	 Total:0.7057924	 Acc:0.3125000	 lr:0.0001619	 Mean_Total:0.5528218
2021-09-14 01:37:36,491 -  4730 / 11829 (039%):	 Total:0.6076825	 Acc:0.1250000	 lr:0.0001613	 Mean_Total:0.5497786
2021-09-14 01:40:09,381 -  7095 / 11829 (059%):	 Total:0.3249989	 Acc:0.4062500	 lr:0.0001606	 Mean_Total:0.5518849
2021-09-14 01:42:40,769 -  9460 / 11829 (079%):	 Total:0.4025409	 Acc:0.3437500	 lr:0.0001600	 Mean_Total:0.5518416
2021-09-14 01:45:09,915 - 11825 / 11829 (099%):	 Total:0.5792050	 Acc:0.1875000	 lr:0.0001594	 Mean_Total:0.5534002
2021-09-14 01:45:10,271 - ===============================| start validation |===============================
2021-09-14 01:45:41,366 - 	 Total:0.5474425	 Acc:0.2163023
2021-09-14 01:45:41,369 -    ini file updated    
2021-09-14 01:45:41,369 - ===============================|    epoch 26   |===============================
2021-09-14 01:45:42,472 -     0 / 11829 (000%):	 Total:0.5589759	 Acc:0.1250000	 lr:0.0001594	 Mean_Total:0.5589759
2021-09-14 01:48:13,519 -  2365 / 11829 (019%):	 Total:0.5604613	 Acc:0.1875000	 lr:0.0001588	 Mean_Total:0.5495473
2021-09-14 01:50:46,645 -  4730 / 11829 (039%):	 Total:0.6549143	 Acc:0.1875000	 lr:0.0001582	 Mean_Total:0.5519526
2021-09-14 01:53:18,507 -  7095 / 11829 (059%):	 Total:0.6931863	 Acc:0.1562500	 lr:0.0001576	 Mean_Total:0.5524302
2021-09-14 01:55:47,926 -  9460 / 11829 (079%):	 Total:0.4141062	 Acc:0.3125000	 lr:0.0001570	 Mean_Total:0.5507041
2021-09-14 01:58:16,472 - 11825 / 11829 (099%):	 Total:0.5214742	 Acc:0.3125000	 lr:0.0001564	 Mean_Total:0.5521926
2021-09-14 01:58:16,859 - ===============================| start validation |===============================
2021-09-14 01:58:48,526 - 	 Total:0.5460411	 Acc:0.2216070
2021-09-14 01:58:48,531 -    ini file updated    
2021-09-14 01:58:48,561 - Snapshot saved to /data/users/wergillius/UTR_VAE/pth/RL_gru_MTL/scratch_schedule_kfold/from_scratch-model_best_cv4.pth

2021-09-14 01:58:48,562 -    ini file updated    
2021-09-14 01:58:48,562 - ===============================|    epoch 27   |===============================
2021-09-14 01:58:49,564 -     0 / 11829 (000%):	 Total:0.6772829	 Acc:0.3125000	 lr:0.0001564	 Mean_Total:0.6772829
2021-09-14 02:01:22,303 -  2365 / 11829 (019%):	 Total:0.5768150	 Acc:0.3125000	 lr:0.0001558	 Mean_Total:0.5481665
2021-09-14 02:03:57,346 -  4730 / 11829 (039%):	 Total:0.6698039	 Acc:0.2187500	 lr:0.0001553	 Mean_Total:0.5491073
2021-09-14 02:06:31,847 -  7095 / 11829 (059%):	 Total:0.6574307	 Acc:0.1875000	 lr:0.0001547	 Mean_Total:0.5494679
2021-09-14 02:09:04,245 -  9460 / 11829 (079%):	 Total:0.3881150	 Acc:0.2500000	 lr:0.0001541	 Mean_Total:0.5497237
2021-09-14 02:11:34,610 - 11825 / 11829 (099%):	 Total:0.8542340	 Acc:0.0625000	 lr:0.0001536	 Mean_Total:0.5513076
2021-09-14 02:11:35,002 - ===============================| start validation |===============================
2021-09-14 02:12:06,017 - 	 Total:0.5459869	 Acc:0.2179077
2021-09-14 02:12:06,022 -    ini file updated    
2021-09-14 02:12:06,043 - Snapshot saved to /data/users/wergillius/UTR_VAE/pth/RL_gru_MTL/scratch_schedule_kfold/from_scratch-model_best_cv4.pth

2021-09-14 02:12:06,044 -    ini file updated    
2021-09-14 02:12:06,044 - ===============================|    epoch 28   |===============================
2021-09-14 02:12:07,093 -     0 / 11829 (000%):	 Total:0.5186421	 Acc:0.1875000	 lr:0.0001536	 Mean_Total:0.5186421
2021-09-14 02:14:39,216 -  2365 / 11829 (019%):	 Total:0.2959866	 Acc:0.3750000	 lr:0.0001530	 Mean_Total:0.5478474
2021-09-14 02:17:13,615 -  4730 / 11829 (039%):	 Total:0.5996234	 Acc:0.2187500	 lr:0.0001525	 Mean_Total:0.5482577
2021-09-14 02:19:48,415 -  7095 / 11829 (059%):	 Total:0.6275640	 Acc:0.2812500	 lr:0.0001520	 Mean_Total:0.5483063
2021-09-14 02:22:21,854 -  9460 / 11829 (079%):	 Total:0.6596718	 Acc:0.1875000	 lr:0.0001514	 Mean_Total:0.5506943
2021-09-14 02:24:51,614 - 11825 / 11829 (099%):	 Total:0.3846783	 Acc:0.1562500	 lr:0.0001509	 Mean_Total:0.5503140
2021-09-14 02:24:52,045 - ===============================| start validation |===============================
2021-09-14 02:25:23,213 - 	 Total:0.5449207	 Acc:0.2192992
2021-09-14 02:25:23,218 -    ini file updated    
2021-09-14 02:25:23,241 - Snapshot saved to /data/users/wergillius/UTR_VAE/pth/RL_gru_MTL/scratch_schedule_kfold/from_scratch-model_best_cv4.pth

2021-09-14 02:25:23,242 -    ini file updated    
2021-09-14 02:25:23,242 - ===============================|    epoch 29   |===============================
2021-09-14 02:25:24,369 -     0 / 11829 (000%):	 Total:0.7352143	 Acc:0.1562500	 lr:0.0001509	 Mean_Total:0.7352143
2021-09-14 02:27:58,018 -  2365 / 11829 (019%):	 Total:0.5609827	 Acc:0.2187500	 lr:0.0001504	 Mean_Total:0.5466416
2021-09-14 02:30:34,509 -  4730 / 11829 (039%):	 Total:0.5274869	 Acc:0.2500000	 lr:0.0001499	 Mean_Total:0.5474629
2021-09-14 02:33:10,414 -  7095 / 11829 (059%):	 Total:0.6600221	 Acc:0.1875000	 lr:0.0001494	 Mean_Total:0.5490956
2021-09-14 02:35:43,751 -  9460 / 11829 (079%):	 Total:0.4730412	 Acc:0.2187500	 lr:0.0001489	 Mean_Total:0.5499573
2021-09-14 02:38:14,385 - 11825 / 11829 (099%):	 Total:0.5266327	 Acc:0.2187500	 lr:0.0001484	 Mean_Total:0.5492983
2021-09-14 02:38:14,771 - ===============================| start validation |===============================
2021-09-14 02:38:44,779 - 	 Total:0.5471207	 Acc:0.2181480
2021-09-14 02:38:44,784 -    ini file updated    
2021-09-14 02:38:44,784 - ===============================|    epoch 30   |===============================
2021-09-14 02:38:46,079 -     0 / 11829 (000%):	 Total:0.5501984	 Acc:0.2500000	 lr:0.0001484	 Mean_Total:0.5501984
2021-09-14 02:41:22,125 -  2365 / 11829 (019%):	 Total:0.4325563	 Acc:0.1562500	 lr:0.0001479	 Mean_Total:0.5407096
2021-09-14 02:43:59,342 -  4730 / 11829 (039%):	 Total:0.5246257	 Acc:0.3437500	 lr:0.0001474	 Mean_Total:0.5441651
2021-09-14 02:46:35,161 -  7095 / 11829 (059%):	 Total:0.4087139	 Acc:0.1875000	 lr:0.0001469	 Mean_Total:0.5465085
2021-09-14 02:49:08,976 -  9460 / 11829 (079%):	 Total:0.5398870	 Acc:0.2187500	 lr:0.0001464	 Mean_Total:0.5470995
2021-09-14 02:51:40,444 - 11825 / 11829 (099%):	 Total:0.6775262	 Acc:0.2500000	 lr:0.0001460	 Mean_Total:0.5480710
2021-09-14 02:51:40,858 - ===============================| start validation |===============================
2021-09-14 02:52:10,758 - 	 Total:0.5455546	 Acc:0.2215568
2021-09-14 02:52:10,761 -    ini file updated    
2021-09-14 02:52:10,761 - ===============================|    epoch 31   |===============================
2021-09-14 02:52:11,865 -     0 / 11829 (000%):	 Total:0.6156224	 Acc:0.2187500	 lr:0.0001460	 Mean_Total:0.6156224
2021-09-14 02:54:45,131 -  2365 / 11829 (019%):	 Total:0.4454699	 Acc:0.2812500	 lr:0.0001455	 Mean_Total:0.5445341
2021-09-14 02:57:19,994 -  4730 / 11829 (039%):	 Total:0.6634122	 Acc:0.1875000	 lr:0.0001450	 Mean_Total:0.5465419
2021-09-14 02:59:52,697 -  7095 / 11829 (059%):	 Total:0.3612054	 Acc:0.2812500	 lr:0.0001446	 Mean_Total:0.5472767
2021-09-14 03:02:21,616 -  9460 / 11829 (079%):	 Total:0.5154771	 Acc:0.1875000	 lr:0.0001441	 Mean_Total:0.5487393
2021-09-14 03:04:47,866 - 11825 / 11829 (099%):	 Total:0.6458324	 Acc:0.2812500	 lr:0.0001437	 Mean_Total:0.5482618
2021-09-14 03:04:48,282 - ===============================| start validation |===============================
2021-09-14 03:05:16,592 - 	 Total:0.5457785	 Acc:0.2227345
2021-09-14 03:05:16,597 -    ini file updated    
2021-09-14 03:05:16,597 - ===============================|    epoch 32   |===============================
2021-09-14 03:05:17,733 -     0 / 11829 (000%):	 Total:0.6461421	 Acc:0.1562500	 lr:0.0001437	 Mean_Total:0.6461421
2021-09-14 03:07:49,570 -  2365 / 11829 (019%):	 Total:0.8030530	 Acc:0.0625000	 lr:0.0001432	 Mean_Total:0.5436745
2021-09-14 03:10:23,678 -  4730 / 11829 (039%):	 Total:0.4615217	 Acc:0.2500000	 lr:0.0001428	 Mean_Total:0.5435537
2021-09-14 03:12:56,486 -  7095 / 11829 (059%):	 Total:0.5517681	 Acc:0.0937500	 lr:0.0001423	 Mean_Total:0.5461034
2021-09-14 03:15:27,735 -  9460 / 11829 (079%):	 Total:0.6688505	 Acc:0.1875000	 lr:0.0001419	 Mean_Total:0.5464405
2021-09-14 03:17:56,945 - 11825 / 11829 (099%):	 Total:0.6875178	 Acc:0.1875000	 lr:0.0001415	 Mean_Total:0.5470067
2021-09-14 03:17:57,281 - ===============================| start validation |===============================
2021-09-14 03:18:27,628 - 	 Total:0.5475488	 Acc:0.2215595
2021-09-14 03:18:27,633 -    ini file updated    
2021-09-14 03:18:27,633 - ===============================|    epoch 33   |===============================
2021-09-14 03:18:28,905 -     0 / 11829 (000%):	 Total:0.5056348	 Acc:0.2812500	 lr:0.0001415	 Mean_Total:0.5056348
2021-09-14 03:21:04,206 -  2365 / 11829 (019%):	 Total:0.5498281	 Acc:0.1562500	 lr:0.0001410	 Mean_Total:0.5406107
2021-09-14 03:23:40,385 -  4730 / 11829 (039%):	 Total:0.4605767	 Acc:0.2812500	 lr:0.0001406	 Mean_Total:0.5428198
2021-09-14 03:26:15,799 -  7095 / 11829 (059%):	 Total:0.8270561	 Acc:0.1562500	 lr:0.0001402	 Mean_Total:0.5425645
2021-09-14 03:28:47,905 -  9460 / 11829 (079%):	 Total:0.3433726	 Acc:0.2500000	 lr:0.0001398	 Mean_Total:0.5442126
2021-09-14 03:31:16,161 - 11825 / 11829 (099%):	 Total:0.5416939	 Acc:0.1562500	 lr:0.0001394	 Mean_Total:0.5461192
2021-09-14 03:31:16,598 - ===============================| start validation |===============================
2021-09-14 03:31:46,762 - 	 Total:0.5458232	 Acc:0.2213535
2021-09-14 03:31:46,768 -    ini file updated    
2021-09-14 03:31:46,768 - ===============================|    epoch 34   |===============================
2021-09-14 03:31:47,899 -     0 / 11829 (000%):	 Total:0.4764921	 Acc:0.2500000	 lr:0.0001394	 Mean_Total:0.4764921
2021-09-14 03:34:19,014 -  2365 / 11829 (019%):	 Total:0.4853027	 Acc:0.1875000	 lr:0.0001390	 Mean_Total:0.5405089
2021-09-14 03:36:49,014 -  4730 / 11829 (039%):	 Total:0.5508066	 Acc:0.3125000	 lr:0.0001386	 Mean_Total:0.5422697
2021-09-14 03:39:18,918 -  7095 / 11829 (059%):	 Total:0.5226511	 Acc:0.0937500	 lr:0.0001382	 Mean_Total:0.5459363
2021-09-14 03:41:44,683 -  9460 / 11829 (079%):	 Total:0.5749050	 Acc:0.2500000	 lr:0.0001378	 Mean_Total:0.5455877
2021-09-14 03:44:08,254 - 11825 / 11829 (099%):	 Total:0.7463934	 Acc:0.1875000	 lr:0.0001374	 Mean_Total:0.5450343
2021-09-14 03:44:08,615 - ===============================| start validation |===============================
2021-09-14 03:44:38,934 - 	 Total:0.5464913	 Acc:0.2197745
2021-09-14 03:44:38,940 -    ini file updated    
2021-09-14 03:44:38,940 - ===============================|    epoch 35   |===============================
2021-09-14 03:44:40,088 -     0 / 11829 (000%):	 Total:0.6042878	 Acc:0.2500000	 lr:0.0001374	 Mean_Total:0.6042878
2021-09-14 03:47:11,605 -  2365 / 11829 (019%):	 Total:0.6816879	 Acc:0.2187500	 lr:0.0001370	 Mean_Total:0.5433993
2021-09-14 03:49:41,397 -  4730 / 11829 (039%):	 Total:0.6130010	 Acc:0.2187500	 lr:0.0001366	 Mean_Total:0.5446685
2021-09-14 03:52:09,086 -  7095 / 11829 (059%):	 Total:0.4243261	 Acc:0.4062500	 lr:0.0001362	 Mean_Total:0.5436111
2021-09-14 03:54:35,872 -  9460 / 11829 (079%):	 Total:0.5496075	 Acc:0.3750000	 lr:0.0001358	 Mean_Total:0.5446698
2021-09-14 03:56:58,473 - 11825 / 11829 (099%):	 Total:0.2537636	 Acc:0.2500000	 lr:0.0001354	 Mean_Total:0.5452627
2021-09-14 03:56:58,847 - ===============================| start validation |===============================
2021-09-14 03:57:29,550 - 	 Total:0.5445526	 Acc:0.2214987
2021-09-14 03:57:29,555 -    ini file updated    
2021-09-14 03:57:29,585 - Snapshot saved to /data/users/wergillius/UTR_VAE/pth/RL_gru_MTL/scratch_schedule_kfold/from_scratch-model_best_cv4.pth

2021-09-14 03:57:29,586 -    ini file updated    
2021-09-14 03:57:29,586 - ===============================|    epoch 36   |===============================
2021-09-14 03:57:30,868 -     0 / 11829 (000%):	 Total:0.4458050	 Acc:0.1562500	 lr:0.0001354	 Mean_Total:0.4458050
2021-09-14 04:00:00,276 -  2365 / 11829 (019%):	 Total:0.5598103	 Acc:0.1250000	 lr:0.0001351	 Mean_Total:0.5399984
2021-09-14 04:02:30,018 -  4730 / 11829 (039%):	 Total:0.7069659	 Acc:0.2187500	 lr:0.0001347	 Mean_Total:0.5405760
2021-09-14 04:04:59,436 -  7095 / 11829 (059%):	 Total:0.4412957	 Acc:0.3750000	 lr:0.0001343	 Mean_Total:0.5413578
2021-09-14 04:07:29,938 -  9460 / 11829 (079%):	 Total:0.6798871	 Acc:0.0937500	 lr:0.0001340	 Mean_Total:0.5414711
2021-09-14 04:09:57,505 - 11825 / 11829 (099%):	 Total:0.6294500	 Acc:0.1875000	 lr:0.0001336	 Mean_Total:0.5433486
2021-09-14 04:09:57,867 - ===============================| start validation |===============================
2021-09-14 04:10:28,827 - 	 Total:0.5460675	 Acc:0.2178602
2021-09-14 04:10:28,830 -    ini file updated    
2021-09-14 04:10:28,830 - ===============================|    epoch 37   |===============================
2021-09-14 04:10:29,963 -     0 / 11829 (000%):	 Total:0.5264636	 Acc:0.1250000	 lr:0.0001336	 Mean_Total:0.5264636
2021-09-14 04:13:03,670 -  2365 / 11829 (019%):	 Total:0.5268071	 Acc:0.2187500	 lr:0.0001332	 Mean_Total:0.5418674
2021-09-14 04:15:37,165 -  4730 / 11829 (039%):	 Total:0.3491915	 Acc:0.3750000	 lr:0.0001329	 Mean_Total:0.5417205
2021-09-14 04:18:08,796 -  7095 / 11829 (059%):	 Total:0.5722158	 Acc:0.1562500	 lr:0.0001325	 Mean_Total:0.5403519
2021-09-14 04:20:38,928 -  9460 / 11829 (079%):	 Total:0.3322057	 Acc:0.3125000	 lr:0.0001322	 Mean_Total:0.5421373
2021-09-14 04:23:06,097 - 11825 / 11829 (099%):	 Total:0.5844636	 Acc:0.1562500	 lr:0.0001318	 Mean_Total:0.5424915
2021-09-14 04:23:06,475 - ===============================| start validation |===============================
2021-09-14 04:23:37,294 - 	 Total:0.5435010	 Acc:0.2210683
2021-09-14 04:23:37,298 -    ini file updated    
2021-09-14 04:23:37,320 - Snapshot saved to /data/users/wergillius/UTR_VAE/pth/RL_gru_MTL/scratch_schedule_kfold/from_scratch-model_best_cv4.pth

2021-09-14 04:23:37,321 -    ini file updated    
2021-09-14 04:23:37,321 - ===============================|    epoch 38   |===============================
2021-09-14 04:23:38,604 -     0 / 11829 (000%):	 Total:0.5672749	 Acc:0.1875000	 lr:0.0001318	 Mean_Total:0.5672749
2021-09-14 04:26:15,792 -  2365 / 11829 (019%):	 Total:0.4480637	 Acc:0.0937500	 lr:0.0001315	 Mean_Total:0.5390915
2021-09-14 04:28:52,098 -  4730 / 11829 (039%):	 Total:0.7384660	 Acc:0.1562500	 lr:0.0001311	 Mean_Total:0.5397340
2021-09-14 04:31:27,860 -  7095 / 11829 (059%):	 Total:0.8550339	 Acc:0.1250000	 lr:0.0001308	 Mean_Total:0.5391706
2021-09-14 04:34:02,327 -  9460 / 11829 (079%):	 Total:0.7217570	 Acc:0.1875000	 lr:0.0001305	 Mean_Total:0.5408040
2021-09-14 04:36:31,647 - 11825 / 11829 (099%):	 Total:0.4766988	 Acc:0.3125000	 lr:0.0001301	 Mean_Total:0.5421654
2021-09-14 04:36:32,009 - ===============================| start validation |===============================
2021-09-14 04:37:02,836 - 	 Total:0.5456778	 Acc:0.2246673
2021-09-14 04:37:02,841 -    ini file updated    
2021-09-14 04:37:02,868 - Snapshot saved to /data/users/wergillius/UTR_VAE/pth/RL_gru_MTL/scratch_schedule_kfold/from_scratch-model_best_cv4.pth

2021-09-14 04:37:02,869 -    ini file updated    
2021-09-14 04:37:02,869 - ===============================|    epoch 39   |===============================
2021-09-14 04:37:04,131 -     0 / 11829 (000%):	 Total:0.5742680	 Acc:0.2187500	 lr:0.0001301	 Mean_Total:0.5742680
2021-09-14 04:39:39,847 -  2365 / 11829 (019%):	 Total:0.5354866	 Acc:0.2187500	 lr:0.0001298	 Mean_Total:0.5357630
2021-09-14 04:42:14,933 -  4730 / 11829 (039%):	 Total:0.4649094	 Acc:0.2500000	 lr:0.0001295	 Mean_Total:0.5401993
2021-09-14 04:44:48,511 -  7095 / 11829 (059%):	 Total:0.3539916	 Acc:0.2500000	 lr:0.0001291	 Mean_Total:0.5403573
2021-09-14 04:47:21,114 -  9460 / 11829 (079%):	 Total:0.2750980	 Acc:0.2812500	 lr:0.0001288	 Mean_Total:0.5415429
2021-09-14 04:49:51,088 - 11825 / 11829 (099%):	 Total:0.4628343	 Acc:0.3125000	 lr:0.0001285	 Mean_Total:0.5414001
2021-09-14 04:49:51,436 - ===============================| start validation |===============================
2021-09-14 04:50:22,128 - 	 Total:0.5487826	 Acc:0.2256707
2021-09-14 04:50:22,131 -    ini file updated    
2021-09-14 04:50:22,148 - Snapshot saved to /data/users/wergillius/UTR_VAE/pth/RL_gru_MTL/scratch_schedule_kfold/from_scratch-model_best_cv4.pth

2021-09-14 04:50:22,149 -    ini file updated    
2021-09-14 04:50:22,149 - ===============================|    epoch 40   |===============================
2021-09-14 04:50:23,383 -     0 / 11829 (000%):	 Total:0.3672846	 Acc:0.3437500	 lr:0.0001285	 Mean_Total:0.3672846
2021-09-14 04:52:56,306 -  2365 / 11829 (019%):	 Total:0.5154921	 Acc:0.1250000	 lr:0.0001282	 Mean_Total:0.5346273
2021-09-14 04:55:28,930 -  4730 / 11829 (039%):	 Total:0.4426686	 Acc:0.2187500	 lr:0.0001279	 Mean_Total:0.5391919
2021-09-14 04:58:00,243 -  7095 / 11829 (059%):	 Total:0.3901707	 Acc:0.2812500	 lr:0.0001275	 Mean_Total:0.5403238
2021-09-14 05:00:31,199 -  9460 / 11829 (079%):	 Total:0.6991700	 Acc:0.2187500	 lr:0.0001272	 Mean_Total:0.5403770
2021-09-14 05:02:58,903 - 11825 / 11829 (099%):	 Total:0.5359272	 Acc:0.1250000	 lr:0.0001269	 Mean_Total:0.5400955
2021-09-14 05:02:59,338 - ===============================| start validation |===============================
2021-09-14 05:03:30,041 - 	 Total:0.5438175	 Acc:0.2200834
2021-09-14 05:03:30,045 -    ini file updated    
2021-09-14 05:03:30,045 - ===============================|    epoch 41   |===============================
2021-09-14 05:03:31,352 -     0 / 11829 (000%):	 Total:0.6068960	 Acc:0.2187500	 lr:0.0001269	 Mean_Total:0.6068960
2021-09-14 05:06:04,940 -  2365 / 11829 (019%):	 Total:0.4843007	 Acc:0.2812500	 lr:0.0001266	 Mean_Total:0.5379800
2021-09-14 05:08:37,245 -  4730 / 11829 (039%):	 Total:0.4319916	 Acc:0.2500000	 lr:0.0001263	 Mean_Total:0.5375659
2021-09-14 05:11:08,771 -  7095 / 11829 (059%):	 Total:0.4203127	 Acc:0.2187500	 lr:0.0001260	 Mean_Total:0.5379584
2021-09-14 05:13:37,591 -  9460 / 11829 (079%):	 Total:0.4660352	 Acc:0.2500000	 lr:0.0001257	 Mean_Total:0.5388640
2021-09-14 05:16:05,116 - 11825 / 11829 (099%):	 Total:0.6100882	 Acc:0.2812500	 lr:0.0001254	 Mean_Total:0.5403418
2021-09-14 05:16:05,484 - ===============================| start validation |===============================
2021-09-14 05:16:36,611 - 	 Total:0.5456798	 Acc:0.2226896
2021-09-14 05:16:36,615 -    ini file updated    
2021-09-14 05:16:36,615 - ===============================|    epoch 42   |===============================
2021-09-14 05:16:37,837 -     0 / 11829 (000%):	 Total:0.7134669	 Acc:0.3125000	 lr:0.0001254	 Mean_Total:0.7134669
2021-09-14 05:19:12,878 -  2365 / 11829 (019%):	 Total:0.4919505	 Acc:0.1250000	 lr:0.0001251	 Mean_Total:0.5427949
2021-09-14 05:21:48,613 -  4730 / 11829 (039%):	 Total:0.3276646	 Acc:0.2812500	 lr:0.0001248	 Mean_Total:0.5398692
2021-09-14 05:24:21,267 -  7095 / 11829 (059%):	 Total:0.6780855	 Acc:0.3750000	 lr:0.0001245	 Mean_Total:0.5387376
2021-09-14 05:26:53,445 -  9460 / 11829 (079%):	 Total:0.4692431	 Acc:0.2500000	 lr:0.0001242	 Mean_Total:0.5388482
2021-09-14 05:29:21,079 - 11825 / 11829 (099%):	 Total:0.5141443	 Acc:0.1875000	 lr:0.0001239	 Mean_Total:0.5393509
2021-09-14 05:29:21,504 - ===============================| start validation |===============================
2021-09-14 05:29:52,936 - 	 Total:0.5445068	 Acc:0.2204742
2021-09-14 05:29:52,940 -    ini file updated    
2021-09-14 05:29:52,941 - ===============================|    epoch 43   |===============================
2021-09-14 05:29:54,194 -     0 / 11829 (000%):	 Total:0.6228432	 Acc:0.1250000	 lr:0.0001239	 Mean_Total:0.6228432
2021-09-14 05:32:29,883 -  2365 / 11829 (019%):	 Total:0.4595572	 Acc:0.2812500	 lr:0.0001236	 Mean_Total:0.5393767
2021-09-14 05:35:03,356 -  4730 / 11829 (039%):	 Total:0.5807667	 Acc:0.1875000	 lr:0.0001234	 Mean_Total:0.5386062
2021-09-14 05:37:35,922 -  7095 / 11829 (059%):	 Total:0.6406384	 Acc:0.1250000	 lr:0.0001231	 Mean_Total:0.5369568
2021-09-14 05:40:08,207 -  9460 / 11829 (079%):	 Total:0.4074039	 Acc:0.2812500	 lr:0.0001228	 Mean_Total:0.5384662
2021-09-14 05:42:34,842 - 11825 / 11829 (099%):	 Total:0.5931114	 Acc:0.2187500	 lr:0.0001225	 Mean_Total:0.5390050
2021-09-14 05:42:35,216 - ===============================| start validation |===============================
2021-09-14 05:43:06,157 - 	 Total:0.5458308	 Acc:0.2194524
2021-09-14 05:43:06,161 -    ini file updated    
2021-09-14 05:43:06,161 - ===============================|    epoch 44   |===============================
2021-09-14 05:43:07,230 -     0 / 11829 (000%):	 Total:0.2796414	 Acc:0.2187500	 lr:0.0001225	 Mean_Total:0.2796414
2021-09-14 05:45:39,634 -  2365 / 11829 (019%):	 Total:0.8015185	 Acc:0.1250000	 lr:0.0001222	 Mean_Total:0.5361564
2021-09-14 05:48:13,618 -  4730 / 11829 (039%):	 Total:0.4428607	 Acc:0.2500000	 lr:0.0001220	 Mean_Total:0.5369447
2021-09-14 05:50:44,843 -  7095 / 11829 (059%):	 Total:0.6579106	 Acc:0.0937500	 lr:0.0001217	 Mean_Total:0.5381835
2021-09-14 05:53:16,098 -  9460 / 11829 (079%):	 Total:0.4429822	 Acc:0.2812500	 lr:0.0001214	 Mean_Total:0.5366595
2021-09-14 05:55:43,059 - 11825 / 11829 (099%):	 Total:0.5636866	 Acc:0.1875000	 lr:0.0001211	 Mean_Total:0.5374063
2021-09-14 05:55:43,430 - ===============================| start validation |===============================
2021-09-14 05:56:13,744 - 	 Total:0.5455055	 Acc:0.2253591
2021-09-14 05:56:13,747 -    ini file updated    
2021-09-14 05:56:13,747 - ===============================|    epoch 45   |===============================
2021-09-14 05:56:14,882 -     0 / 11829 (000%):	 Total:0.4908133	 Acc:0.2187500	 lr:0.0001211	 Mean_Total:0.4908133
2021-09-14 05:58:43,605 -  2365 / 11829 (019%):	 Total:0.3604779	 Acc:0.2812500	 lr:0.0001209	 Mean_Total:0.5339083
2021-09-14 06:01:13,051 -  4730 / 11829 (039%):	 Total:0.5593401	 Acc:0.2500000	 lr:0.0001206	 Mean_Total:0.5325710
2021-09-14 06:03:40,715 -  7095 / 11829 (059%):	 Total:0.4822211	 Acc:0.1562500	 lr:0.0001203	 Mean_Total:0.5348858
2021-09-14 06:06:10,244 -  9460 / 11829 (079%):	 Total:0.4841137	 Acc:0.1562500	 lr:0.0001201	 Mean_Total:0.5368240
2021-09-14 06:08:36,636 - 11825 / 11829 (099%):	 Total:0.5927777	 Acc:0.1562500	 lr:0.0001198	 Mean_Total:0.5373579
2021-09-14 06:08:37,042 - ===============================| start validation |===============================
2021-09-14 06:09:08,193 - 	 Total:0.5438278	 Acc:0.2186338
2021-09-14 06:09:08,199 -    ini file updated    
2021-09-14 06:09:08,201 - ===============================|    epoch 46   |===============================
2021-09-14 06:09:09,400 -     0 / 11829 (000%):	 Total:0.5223520	 Acc:0.2187500	 lr:0.0001198	 Mean_Total:0.5223520
2021-09-14 06:11:43,954 -  2365 / 11829 (019%):	 Total:0.5725161	 Acc:0.3125000	 lr:0.0001196	 Mean_Total:0.5349693
2021-09-14 06:14:15,298 -  4730 / 11829 (039%):	 Total:0.5337420	 Acc:0.1875000	 lr:0.0001193	 Mean_Total:0.5373071
2021-09-14 06:16:44,655 -  7095 / 11829 (059%):	 Total:0.5457219	 Acc:0.1875000	 lr:0.0001190	 Mean_Total:0.5364853
2021-09-14 06:19:12,248 -  9460 / 11829 (079%):	 Total:0.5497969	 Acc:0.1250000	 lr:0.0001188	 Mean_Total:0.5364307
2021-09-14 06:21:38,113 - 11825 / 11829 (099%):	 Total:0.4076440	 Acc:0.2812500	 lr:0.0001185	 Mean_Total:0.5366349
2021-09-14 06:21:38,547 - ===============================| start validation |===============================
2021-09-14 06:22:08,925 - 	 Total:0.5451445	 Acc:0.2185361
2021-09-14 06:22:08,929 -    ini file updated    
2021-09-14 06:22:08,929 - ===============================|    epoch 47   |===============================
2021-09-14 06:22:10,295 -     0 / 11829 (000%):	 Total:0.7291372	 Acc:0.1875000	 lr:0.0001185	 Mean_Total:0.7291372
2021-09-14 06:24:41,045 -  2365 / 11829 (019%):	 Total:0.5651881	 Acc:0.0625000	 lr:0.0001183	 Mean_Total:0.5342605
2021-09-14 06:27:11,459 -  4730 / 11829 (039%):	 Total:0.5675914	 Acc:0.1562500	 lr:0.0001180	 Mean_Total:0.5343954
2021-09-14 06:29:38,690 -  7095 / 11829 (059%):	 Total:0.4225716	 Acc:0.2500000	 lr:0.0001178	 Mean_Total:0.5350697
2021-09-14 06:32:07,159 -  9460 / 11829 (079%):	 Total:0.5145589	 Acc:0.1562500	 lr:0.0001175	 Mean_Total:0.5347301
2021-09-14 06:34:33,511 - 11825 / 11829 (099%):	 Total:0.5092019	 Acc:0.1875000	 lr:0.0001173	 Mean_Total:0.5357782
2021-09-14 06:34:33,904 - ===============================| start validation |===============================
2021-09-14 06:35:04,111 - 	 Total:0.5445613	 Acc:0.2195474
2021-09-14 06:35:04,115 -    ini file updated    
2021-09-14 06:35:04,115 - ===============================|    epoch 48   |===============================
2021-09-14 06:35:05,231 -     0 / 11829 (000%):	 Total:0.6969334	 Acc:0.1250000	 lr:0.0001173	 Mean_Total:0.6969334
2021-09-14 06:37:40,256 -  2365 / 11829 (019%):	 Total:0.7061062	 Acc:0.3437500	 lr:0.0001171	 Mean_Total:0.5295169
2021-09-14 06:40:12,199 -  4730 / 11829 (039%):	 Total:0.5166758	 Acc:0.2812500	 lr:0.0001168	 Mean_Total:0.5328955
2021-09-14 06:42:45,356 -  7095 / 11829 (059%):	 Total:0.3578163	 Acc:0.1562500	 lr:0.0001166	 Mean_Total:0.5340068
2021-09-14 06:45:19,893 -  9460 / 11829 (079%):	 Total:0.4505420	 Acc:0.2500000	 lr:0.0001163	 Mean_Total:0.5348310
2021-09-14 06:47:50,222 - 11825 / 11829 (099%):	 Total:0.3672704	 Acc:0.1250000	 lr:0.0001161	 Mean_Total:0.5353192
2021-09-14 06:47:50,596 - ===============================| start validation |===============================
2021-09-14 06:48:21,342 - 	 Total:0.5470522	 Acc:0.2239729
2021-09-14 06:48:21,346 -    ini file updated    
2021-09-14 06:48:21,346 - ===============================|    epoch 49   |===============================
2021-09-14 06:48:22,553 -     0 / 11829 (000%):	 Total:0.6569241	 Acc:0.2812500	 lr:0.0001161	 Mean_Total:0.6569241
2021-09-14 06:50:53,243 -  2365 / 11829 (019%):	 Total:0.3917955	 Acc:0.3750000	 lr:0.0001159	 Mean_Total:0.5327428
2021-09-14 06:53:24,366 -  4730 / 11829 (039%):	 Total:0.6479695	 Acc:0.2187500	 lr:0.0001156	 Mean_Total:0.5317015
2021-09-14 06:55:54,081 -  7095 / 11829 (059%):	 Total:0.6732039	 Acc:0.1562500	 lr:0.0001154	 Mean_Total:0.5322161
2021-09-14 06:58:22,270 -  9460 / 11829 (079%):	 Total:0.6161310	 Acc:0.1875000	 lr:0.0001152	 Mean_Total:0.5333093
2021-09-14 07:00:48,575 - 11825 / 11829 (099%):	 Total:0.7375188	 Acc:0.1562500	 lr:0.0001149	 Mean_Total:0.5342056
2021-09-14 07:00:49,001 - ===============================| start validation |===============================
2021-09-14 07:01:19,706 - 	 Total:0.5452011	 Acc:0.2205112
2021-09-14 07:01:19,710 -    ini file updated    
2021-09-14 07:01:19,710 - ===============================|    epoch 50   |===============================
2021-09-14 07:01:20,906 -     0 / 11829 (000%):	 Total:0.3360175	 Acc:0.1562500	 lr:0.0001149	 Mean_Total:0.3360175
2021-09-14 07:03:54,656 -  2365 / 11829 (019%):	 Total:0.4145738	 Acc:0.2812500	 lr:0.0001147	 Mean_Total:0.5330948
2021-09-14 07:06:28,312 -  4730 / 11829 (039%):	 Total:0.5900972	 Acc:0.2500000	 lr:0.0001145	 Mean_Total:0.5351488
2021-09-14 07:08:59,447 -  7095 / 11829 (059%):	 Total:0.4311436	 Acc:0.3437500	 lr:0.0001142	 Mean_Total:0.5353136
2021-09-14 07:11:29,807 -  9460 / 11829 (079%):	 Total:0.5759148	 Acc:0.3125000	 lr:0.0001140	 Mean_Total:0.5351985
2021-09-14 07:13:58,475 - 11825 / 11829 (099%):	 Total:0.6260608	 Acc:0.1875000	 lr:0.0001138	 Mean_Total:0.5339935
2021-09-14 07:13:58,895 - ===============================| start validation |===============================
2021-09-14 07:14:29,424 - 	 Total:0.5447109	 Acc:0.2200702
2021-09-14 07:14:29,428 -    ini file updated    
2021-09-14 07:14:29,429 - ===============================|    epoch 51   |===============================
2021-09-14 07:14:30,479 -     0 / 11829 (000%):	 Total:0.4526316	 Acc:0.2500000	 lr:0.0001138	 Mean_Total:0.4526316
2021-09-14 07:17:00,490 -  2365 / 11829 (019%):	 Total:0.4787391	 Acc:0.4687500	 lr:0.0001136	 Mean_Total:0.5264957
2021-09-14 07:19:29,787 -  4730 / 11829 (039%):	 Total:0.6505268	 Acc:0.1875000	 lr:0.0001134	 Mean_Total:0.5310315
2021-09-14 07:22:01,085 -  7095 / 11829 (059%):	 Total:0.4135791	 Acc:0.3125000	 lr:0.0001131	 Mean_Total:0.5332692
2021-09-14 07:24:29,436 -  9460 / 11829 (079%):	 Total:0.7286434	 Acc:0.2500000	 lr:0.0001129	 Mean_Total:0.5331273
2021-09-14 07:26:55,616 - 11825 / 11829 (099%):	 Total:0.5540159	 Acc:0.2187500	 lr:0.0001127	 Mean_Total:0.5333891
2021-09-14 07:26:56,048 - ===============================| start validation |===============================
2021-09-14 07:27:27,101 - 	 Total:0.5511939	 Acc:0.2273791
2021-09-14 07:27:27,107 -    ini file updated    
2021-09-14 07:27:27,137 - Snapshot saved to /data/users/wergillius/UTR_VAE/pth/RL_gru_MTL/scratch_schedule_kfold/from_scratch-model_best_cv4.pth

2021-09-14 07:27:27,138 -    ini file updated    
2021-09-14 07:27:27,139 - ===============================|    epoch 52   |===============================
2021-09-14 07:27:28,218 -     0 / 11829 (000%):	 Total:0.4012255	 Acc:0.1562500	 lr:0.0001127	 Mean_Total:0.4012255
2021-09-14 07:30:01,473 -  2365 / 11829 (019%):	 Total:0.4509228	 Acc:0.2187500	 lr:0.0001125	 Mean_Total:0.5240907
2021-09-14 07:32:34,278 -  4730 / 11829 (039%):	 Total:0.7840709	 Acc:0.2187500	 lr:0.0001123	 Mean_Total:0.5274517
2021-09-14 07:35:07,918 -  7095 / 11829 (059%):	 Total:0.6072550	 Acc:0.3437500	 lr:0.0001121	 Mean_Total:0.5298701
2021-09-14 07:37:37,928 -  9460 / 11829 (079%):	 Total:0.4488799	 Acc:0.4375000	 lr:0.0001118	 Mean_Total:0.5305081
2021-09-14 07:40:06,037 - 11825 / 11829 (099%):	 Total:0.4675313	 Acc:0.3437500	 lr:0.0001116	 Mean_Total:0.5320527
2021-09-14 07:40:06,412 - ===============================| start validation |===============================
2021-09-14 07:40:37,057 - 	 Total:0.5436518	 Acc:0.2199303
2021-09-14 07:40:37,063 -    ini file updated    
2021-09-14 07:40:37,063 - ===============================|    epoch 53   |===============================
2021-09-14 07:40:38,167 -     0 / 11829 (000%):	 Total:0.6681510	 Acc:0.1562500	 lr:0.0001116	 Mean_Total:0.6681510
2021-09-14 07:43:08,373 -  2365 / 11829 (019%):	 Total:0.6117369	 Acc:0.1875000	 lr:0.0001114	 Mean_Total:0.5301515
2021-09-14 07:45:35,991 -  4730 / 11829 (039%):	 Total:0.5149425	 Acc:0.2500000	 lr:0.0001112	 Mean_Total:0.5313233
2021-09-14 07:48:04,318 -  7095 / 11829 (059%):	 Total:0.7174418	 Acc:0.2812500	 lr:0.0001110	 Mean_Total:0.5304605
2021-09-14 07:50:27,191 -  9460 / 11829 (079%):	 Total:0.6054754	 Acc:0.2500000	 lr:0.0001108	 Mean_Total:0.5308560
2021-09-14 07:52:50,363 - 11825 / 11829 (099%):	 Total:0.4567912	 Acc:0.3125000	 lr:0.0001106	 Mean_Total:0.5313903
2021-09-14 07:52:50,749 - ===============================| start validation |===============================
2021-09-14 07:53:20,646 - 	 Total:0.5438117	 Acc:0.2193996
2021-09-14 07:53:20,650 -    ini file updated    
2021-09-14 07:53:20,650 - ===============================|    epoch 54   |===============================
2021-09-14 07:53:21,768 -     0 / 11829 (000%):	 Total:0.5042185	 Acc:0.1875000	 lr:0.0001106	 Mean_Total:0.5042185
2021-09-14 07:55:52,147 -  2365 / 11829 (019%):	 Total:0.4386101	 Acc:0.3437500	 lr:0.0001104	 Mean_Total:0.5282467
2021-09-14 07:58:22,066 -  4730 / 11829 (039%):	 Total:0.6258677	 Acc:0.3125000	 lr:0.0001102	 Mean_Total:0.5295386
2021-09-14 08:00:50,693 -  7095 / 11829 (059%):	 Total:0.6314279	 Acc:0.1875000	 lr:0.0001100	 Mean_Total:0.5306907
2021-09-14 08:03:17,207 -  9460 / 11829 (079%):	 Total:0.5384196	 Acc:0.1250000	 lr:0.0001098	 Mean_Total:0.5311844
2021-09-14 08:05:42,717 - 11825 / 11829 (099%):	 Total:0.8010190	 Acc:0.2187500	 lr:0.0001096	 Mean_Total:0.5315840
2021-09-14 08:05:43,107 - ===============================| start validation |===============================
2021-09-14 08:06:13,886 - 	 Total:0.5452636	 Acc:0.2218763
2021-09-14 08:06:13,891 -    ini file updated    
2021-09-14 08:06:13,891 - ===============================|    epoch 55   |===============================
2021-09-14 08:06:14,956 -     0 / 11829 (000%):	 Total:0.5864730	 Acc:0.1562500	 lr:0.0001096	 Mean_Total:0.5864730
2021-09-14 08:08:44,257 -  2365 / 11829 (019%):	 Total:0.4534506	 Acc:0.2812500	 lr:0.0001094	 Mean_Total:0.5318504
2021-09-14 08:11:12,174 -  4730 / 11829 (039%):	 Total:0.5394417	 Acc:0.1562500	 lr:0.0001092	 Mean_Total:0.5296467
2021-09-14 08:13:39,898 -  7095 / 11829 (059%):	 Total:0.4540588	 Acc:0.1562500	 lr:0.0001090	 Mean_Total:0.5288936
2021-09-14 08:16:06,460 -  9460 / 11829 (079%):	 Total:0.4102161	 Acc:0.1875000	 lr:0.0001088	 Mean_Total:0.5296256
2021-09-14 08:18:33,162 - 11825 / 11829 (099%):	 Total:0.3066078	 Acc:0.1250000	 lr:0.0001086	 Mean_Total:0.5304212
2021-09-14 08:18:33,574 - ===============================| start validation |===============================
2021-09-14 08:19:04,753 - 	 Total:0.5446277	 Acc:0.2214855
2021-09-14 08:19:04,758 -    ini file updated    
2021-09-14 08:19:04,759 - ===============================|    epoch 56   |===============================
2021-09-14 08:19:05,823 -     0 / 11829 (000%):	 Total:0.5284687	 Acc:0.1562500	 lr:0.0001086	 Mean_Total:0.5284687
2021-09-14 08:21:36,527 -  2365 / 11829 (019%):	 Total:0.3252422	 Acc:0.2187500	 lr:0.0001084	 Mean_Total:0.5242936
2021-09-14 08:24:05,863 -  4730 / 11829 (039%):	 Total:0.7481973	 Acc:0.1250000	 lr:0.0001082	 Mean_Total:0.5276936
2021-09-14 08:26:36,325 -  7095 / 11829 (059%):	 Total:0.6807905	 Acc:0.1562500	 lr:0.0001080	 Mean_Total:0.5273044
2021-09-14 08:29:03,757 -  9460 / 11829 (079%):	 Total:0.5214757	 Acc:0.1875000	 lr:0.0001078	 Mean_Total:0.5287167
2021-09-14 08:31:30,028 - 11825 / 11829 (099%):	 Total:0.7830673	 Acc:0.3125000	 lr:0.0001076	 Mean_Total:0.5304969
2021-09-14 08:31:30,451 - ===============================| start validation |===============================
2021-09-14 08:32:00,940 - 	 Total:0.5474771	 Acc:0.2205350
2021-09-14 08:32:00,943 -    ini file updated    
2021-09-14 08:32:00,943 - ===============================|    epoch 57   |===============================
2021-09-14 08:32:01,975 -     0 / 11829 (000%):	 Total:0.9679667	 Acc:0.1875000	 lr:0.0001076	 Mean_Total:0.9679667
2021-09-14 08:34:30,304 -  2365 / 11829 (019%):	 Total:0.4007492	 Acc:0.3750000	 lr:0.0001075	 Mean_Total:0.5262340
2021-09-14 08:36:57,565 -  4730 / 11829 (039%):	 Total:0.3856018	 Acc:0.1875000	 lr:0.0001073	 Mean_Total:0.5288712
2021-09-14 08:39:25,631 -  7095 / 11829 (059%):	 Total:0.7153460	 Acc:0.2187500	 lr:0.0001071	 Mean_Total:0.5293035
2021-09-14 08:41:52,226 -  9460 / 11829 (079%):	 Total:0.4504382	 Acc:0.1875000	 lr:0.0001069	 Mean_Total:0.5295351
2021-09-14 08:44:17,552 - 11825 / 11829 (099%):	 Total:0.3888332	 Acc:0.2187500	 lr:0.0001067	 Mean_Total:0.5297239
2021-09-14 08:44:17,933 - ===============================| start validation |===============================
2021-09-14 08:44:48,495 - 	 Total:0.5489046	 Acc:0.2232309
2021-09-14 08:44:48,501 -    ini file updated    
2021-09-14 08:44:48,502 - ===============================|    epoch 58   |===============================
2021-09-14 08:44:49,666 -     0 / 11829 (000%):	 Total:0.6912638	 Acc:0.2187500	 lr:0.0001067	 Mean_Total:0.6912638
2021-09-14 08:47:18,975 -  2365 / 11829 (019%):	 Total:0.5934618	 Acc:0.2500000	 lr:0.0001065	 Mean_Total:0.5297911
2021-09-14 08:49:46,654 -  4730 / 11829 (039%):	 Total:0.5415990	 Acc:0.3125000	 lr:0.0001063	 Mean_Total:0.5279345
2021-09-14 08:52:13,161 -  7095 / 11829 (059%):	 Total:0.3258275	 Acc:0.2187500	 lr:0.0001062	 Mean_Total:0.5276679
2021-09-14 08:54:39,469 -  9460 / 11829 (079%):	 Total:0.2075522	 Acc:0.3437500	 lr:0.0001060	 Mean_Total:0.5286445
2021-09-14 08:57:04,075 - 11825 / 11829 (099%):	 Total:0.6678619	 Acc:0.2500000	 lr:0.0001058	 Mean_Total:0.5292033
2021-09-14 08:57:04,467 - ===============================| start validation |===============================
2021-09-14 08:57:35,112 - 	 Total:0.5441083	 Acc:0.2220559
2021-09-14 08:57:35,116 -    ini file updated    
2021-09-14 08:57:35,116 - ===============================|    epoch 59   |===============================
2021-09-14 08:57:36,214 -     0 / 11829 (000%):	 Total:0.9061328	 Acc:0.1875000	 lr:0.0001058	 Mean_Total:0.9061328
2021-09-14 09:00:05,679 -  2365 / 11829 (019%):	 Total:0.4419997	 Acc:0.1250000	 lr:0.0001056	 Mean_Total:0.5276874
2021-09-14 09:02:36,154 -  4730 / 11829 (039%):	 Total:0.3368315	 Acc:0.2812500	 lr:0.0001054	 Mean_Total:0.5268509
2021-09-14 09:05:05,713 -  7095 / 11829 (059%):	 Total:0.5766309	 Acc:0.1875000	 lr:0.0001053	 Mean_Total:0.5266270
2021-09-14 09:07:32,857 -  9460 / 11829 (079%):	 Total:0.4097805	 Acc:0.2500000	 lr:0.0001051	 Mean_Total:0.5283977
2021-09-14 09:09:58,558 - 11825 / 11829 (099%):	 Total:0.4767475	 Acc:0.0937500	 lr:0.0001049	 Mean_Total:0.5284829
2021-09-14 09:09:58,957 - ===============================| start validation |===============================
2021-09-14 09:10:29,199 - 	 Total:0.5450739	 Acc:0.2211396
2021-09-14 09:10:29,203 -    ini file updated    
2021-09-14 09:10:29,203 - ===============================|    epoch 60   |===============================
2021-09-14 09:10:30,343 -     0 / 11829 (000%):	 Total:0.4210444	 Acc:0.2812500	 lr:0.0001049	 Mean_Total:0.4210444
2021-09-14 09:12:53,511 -  2365 / 11829 (019%):	 Total:0.6441466	 Acc:0.1562500	 lr:0.0001047	 Mean_Total:0.5239497
2021-09-14 09:14:49,875 -  4730 / 11829 (039%):	 Total:0.4762457	 Acc:0.1875000	 lr:0.0001046	 Mean_Total:0.5245996
2021-09-14 09:16:22,956 -  7095 / 11829 (059%):	 Total:0.5375990	 Acc:0.1875000	 lr:0.0001044	 Mean_Total:0.5257017
2021-09-14 09:17:45,601 -  9460 / 11829 (079%):	 Total:0.5517077	 Acc:0.4375000	 lr:0.0001042	 Mean_Total:0.5264941
2021-09-14 09:18:50,013 - 11825 / 11829 (099%):	 Total:0.3200219	 Acc:0.3125000	 lr:0.0001041	 Mean_Total:0.5274177
2021-09-14 09:18:50,208 - ===============================| start validation |===============================
2021-09-14 09:19:02,723 - 	 Total:0.5482078	 Acc:0.2246462
2021-09-14 09:19:02,728 -    ini file updated    
