2021-09-12 10:28:51,837 -     ===========================| device cuda1 |===========================    
2021-09-12 10:28:52,087 - ===============================|   pretrain   |===============================
2021-09-12 10:28:52,087 -  /home/wergillius/Project/UTR_VAE/log/Backbone/RL_3_data/iter_by_iter/schedule_relay.ini
2021-09-12 10:29:59,123 -  	 	 ==============| ['soft_share'] fixed |============== 	 	 

2021-09-12 10:29:59,804 - ===============================|    epoch 0   |===============================
2021-09-12 10:29:59,804 - ===============================| start validation |===============================
2021-09-12 10:30:11,118 - 	 Total:1.3488516	 Andrev2015_loss:1.4380438	 Andrev2015_Acc:0.0945341	 muscle_loss:2.2523601	 muscle_Acc:0.0606061	 pc3_loss:1.1544217	 pc3_Acc:0.0936728
2021-09-12 10:30:11,127 -    ini file updated    
2021-09-12 10:30:11,167 - Snapshot saved to /data/users/wergillius/UTR_VAE/pth/RL_celline_MTL/MDL_pretrain/adam_logte-model_best.pth

2021-09-12 10:30:11,168 -    ini file updated    
2021-09-13 15:41:24,986 -     ===========================| device cuda1 |===========================    
2021-09-13 15:41:25,269 - ===============================|   pretrain   |===============================
2021-09-13 15:41:25,269 -  /home/wergillius/Project/UTR_VAE/log/Backbone/RL_3_data/iter_by_iter/schedule_relay.ini
2021-09-13 15:41:48,374 -  	 	 ==============| ['soft_share'] fixed |============== 	 	 

2021-09-13 15:41:49,112 - ===============================|    epoch 0   |===============================
2021-09-13 15:46:33,191 -     ===========================| device cuda1 |===========================    
2021-09-13 15:46:33,514 - ===============================|   pretrain   |===============================
2021-09-13 15:46:33,515 -  /home/wergillius/Project/UTR_VAE/log/Backbone/RL_3_data/iter_by_iter/schedule_relay.ini
2021-09-13 15:51:27,757 -     ===========================| device cuda1 |===========================    
2021-09-13 15:51:28,143 - ===============================|   pretrain   |===============================
2021-09-13 15:51:28,143 -  /home/wergillius/Project/UTR_VAE/log/Backbone/RL_3_data/iter_by_iter/schedule_relay.ini
2021-09-13 15:51:35,724 -  	 	 ==============| ['soft_share'] fixed |============== 	 	 

2021-09-13 15:51:40,509 - ===============================|    epoch 0   |===============================
2021-09-13 15:51:42,153 -     0 /  2973 (000%):	 Total:2.5255911	 Andrev2015_Acc:0.0833333	 lr:0.0009882	 Mean_Total:2.5255911
2021-09-13 15:52:07,049 -   594 /  2973 (019%):	 Total:0.8722914	 Andrev2015_Acc:0.0000000	 lr:0.0036236	 Mean_Total:1.4150033
2021-09-13 15:52:29,948 -  1188 /  2973 (039%):	 Total:0.9183614	 Andrev2015_Acc:0.1666667	 lr:0.0025633	 Mean_Total:1.3409776
2021-09-13 15:52:59,090 -  1782 /  2973 (059%):	 Total:1.6775830	 Andrev2015_Acc:0.0000000	 lr:0.0020932	 Mean_Total:1.2658083
2021-09-13 15:53:28,163 -  2376 /  2973 (079%):	 Total:0.7982106	 Andrev2015_Acc:0.0833333	 lr:0.0018129	 Mean_Total:1.1865388
2021-09-13 15:53:58,697 -  2970 /  2973 (099%):	 Total:0.0199849	 Andrev2015_Acc:0.0000000	 lr:0.0016216	 Mean_Total:1.1289140
2021-09-13 15:54:01,289 - ===============================| start validation |===============================
2021-09-13 15:54:17,888 - 	 Total:1.0031001	 Andrev2015_loss:1.0335594	 Andrev2015_Acc:0.0815412	 muscle_loss:1.8281141	 muscle_Acc:0.0909091	 pc3_loss:0.8840991	 pc3_Acc:0.0895062
2021-09-13 15:54:17,898 -    ini file updated    
2021-09-13 15:54:17,993 - Snapshot saved to /data/users/wergillius/UTR_VAE/pth/RL_3_data_MTL/MDL_pretrain/adam_logte-model_best.pth

2021-09-13 15:54:17,995 -    ini file updated    
2021-09-13 15:54:17,996 - ===============================|    epoch 1   |===============================
2021-09-13 15:54:20,789 -     0 /  2973 (000%):	 Total:1.4563440	 Andrev2015_Acc:0.0000000	 lr:0.0016208	 Mean_Total:1.4563440
2021-09-13 15:54:47,746 -   594 /  2973 (019%):	 Total:0.3765170	 Andrev2015_Acc:0.2500000	 lr:0.0014797	 Mean_Total:0.8024721
2021-09-13 15:55:12,848 -  1188 /  2973 (039%):	 Total:0.9752320	 Andrev2015_Acc:0.0000000	 lr:0.0013701	 Mean_Total:0.8266873
2021-09-13 15:56:03,083 -  1782 /  2973 (059%):	 Total:1.2185291	 Andrev2015_Acc:0.2500000	 lr:0.0012817	 Mean_Total:0.8145308
2021-09-13 15:56:31,971 -  2376 /  2973 (079%):	 Total:0.8968577	 Andrev2015_Acc:0.1666667	 lr:0.0012084	 Mean_Total:0.7996667
2021-09-13 15:57:06,520 -  2970 /  2973 (099%):	 Total:1.3048507	 Andrev2015_Acc:0.0000000	 lr:0.0011465	 Mean_Total:0.7912041
2021-09-13 15:57:09,124 - ===============================| start validation |===============================
2021-09-13 15:57:23,929 - 	 Total:0.9788086	 Andrev2015_loss:1.0092211	 Andrev2015_Acc:0.0916219	 muscle_loss:1.8150918	 muscle_Acc:0.0833333	 pc3_loss:0.8587136	 pc3_Acc:0.0972222
2021-09-13 15:57:23,941 -    ini file updated    
2021-09-13 15:57:24,045 - Snapshot saved to /data/users/wergillius/UTR_VAE/pth/RL_3_data_MTL/MDL_pretrain/adam_logte-model_best.pth

2021-09-13 15:57:24,048 -    ini file updated    
2021-09-13 15:57:24,049 - ===============================|    epoch 2   |===============================
2021-09-13 15:57:28,399 -     0 /  2973 (000%):	 Total:0.6291416	 Andrev2015_Acc:0.0000000	 lr:0.0011462	 Mean_Total:0.6291416
2021-09-13 15:57:51,967 -   594 /  2973 (019%):	 Total:0.4966856	 Andrev2015_Acc:0.0833333	 lr:0.0010929	 Mean_Total:0.7437273
2021-09-13 15:58:15,088 -  1188 /  2973 (039%):	 Total:0.6460607	 Andrev2015_Acc:0.1666667	 lr:0.0010464	 Mean_Total:0.7388387
2021-09-13 15:58:43,251 -  1782 /  2973 (059%):	 Total:0.9299989	 Andrev2015_Acc:0.1666667	 lr:0.0010054	 Mean_Total:0.7474132
2021-09-13 15:59:09,326 -  2376 /  2973 (079%):	 Total:2.8784728	 Andrev2015_Acc:0.0833333	 lr:0.0009688	 Mean_Total:0.7259876
2021-09-13 15:59:43,191 -  2970 /  2973 (099%):	 Total:0.5878145	 Andrev2015_Acc:0.0000000	 lr:0.0009360	 Mean_Total:0.7215516
2021-09-13 15:59:45,978 - ===============================| start validation |===============================
2021-09-13 16:00:02,957 - 	 Total:0.9937412	 Andrev2015_loss:1.0087433	 Andrev2015_Acc:0.0833333	 muscle_loss:2.0507764	 muscle_Acc:0.1287879	 pc3_loss:0.8688557	 pc3_Acc:0.0998457
2021-09-13 16:00:02,966 -    ini file updated    
2021-09-13 16:00:02,966 - ===============================|    epoch 3   |===============================
2021-09-13 16:00:04,587 -     0 /  2973 (000%):	 Total:0.6493133	 Andrev2015_Acc:0.3333333	 lr:0.0009359	 Mean_Total:0.6493133
2021-09-13 16:00:30,555 -   594 /  2973 (019%):	 Total:2.5293794	 Andrev2015_Acc:0.0833333	 lr:0.0009062	 Mean_Total:0.7239723
2021-09-13 16:00:58,249 -  1188 /  2973 (039%):	 Total:1.1892828	 Andrev2015_Acc:0.0000000	 lr:0.0008791	 Mean_Total:0.6927072
2021-09-13 16:01:28,842 -  1782 /  2973 (059%):	 Total:0.9647044	 Andrev2015_Acc:0.0000000	 lr:0.0008544	 Mean_Total:0.6981249
2021-09-13 16:01:56,282 -  2376 /  2973 (079%):	 Total:0.9994248	 Andrev2015_Acc:0.1666667	 lr:0.0008316	 Mean_Total:0.6935776
2021-09-13 16:02:31,364 -  2970 /  2973 (099%):	 Total:0.3391794	 Andrev2015_Acc:0.0000000	 lr:0.0008106	 Mean_Total:0.6917427
2021-09-13 16:02:33,917 - ===============================| start validation |===============================
2021-09-13 16:02:49,898 - 	 Total:0.9712778	 Andrev2015_loss:0.9907036	 Andrev2015_Acc:0.0793011	 muscle_loss:1.7583610	 muscle_Acc:0.1893939	 pc3_loss:0.8688084	 pc3_Acc:0.0925926
2021-09-13 16:02:49,906 -    ini file updated    
2021-09-13 16:02:49,976 - Snapshot saved to /data/users/wergillius/UTR_VAE/pth/RL_3_data_MTL/MDL_pretrain/adam_logte-model_best.pth

2021-09-13 16:02:49,978 -    ini file updated    
2021-09-13 16:02:49,979 - ===============================|    epoch 4   |===============================
2021-09-13 16:02:51,988 -     0 /  2973 (000%):	 Total:0.9399430	 Andrev2015_Acc:0.0833333	 lr:0.0008105	 Mean_Total:0.9399430
2021-09-13 16:03:16,454 -   594 /  2973 (019%):	 Total:0.9609509	 Andrev2015_Acc:0.1666667	 lr:0.0007910	 Mean_Total:0.6987095
2021-09-13 16:03:39,236 -  1188 /  2973 (039%):	 Total:0.5613869	 Andrev2015_Acc:0.1666667	 lr:0.0007728	 Mean_Total:0.6824206
2021-09-13 16:04:06,974 -  1782 /  2973 (059%):	 Total:0.7339579	 Andrev2015_Acc:0.0000000	 lr:0.0007558	 Mean_Total:0.6757247
2021-09-13 16:04:29,462 -  2376 /  2973 (079%):	 Total:0.8030255	 Andrev2015_Acc:0.2500000	 lr:0.0007399	 Mean_Total:0.6750359
2021-09-13 16:05:00,595 -  2970 /  2973 (099%):	 Total:0.0173358	 Andrev2015_Acc:0.0000000	 lr:0.0007250	 Mean_Total:0.6655737
2021-09-13 16:05:03,383 - ===============================| start validation |===============================
2021-09-13 16:05:18,909 - 	 Total:0.9501595	 Andrev2015_loss:0.9741878	 Andrev2015_Acc:0.0884857	 muscle_loss:1.7509886	 muscle_Acc:0.1590909	 pc3_loss:0.8410054	 pc3_Acc:0.0918210
2021-09-13 16:05:18,919 -    ini file updated    
2021-09-13 16:05:19,000 - Snapshot saved to /data/users/wergillius/UTR_VAE/pth/RL_3_data_MTL/MDL_pretrain/adam_logte-model_best.pth

2021-09-13 16:05:19,002 -    ini file updated    
2021-09-13 16:05:19,003 - ===============================|    epoch 5   |===============================
2021-09-13 16:05:22,016 -     0 /  2973 (000%):	 Total:0.8821375	 Andrev2015_Acc:0.1666667	 lr:0.0007249	 Mean_Total:0.8821375
2021-09-13 16:05:48,565 -   594 /  2973 (019%):	 Total:1.2845863	 Andrev2015_Acc:0.0000000	 lr:0.0007109	 Mean_Total:0.6373928
2021-09-13 16:06:14,410 -  1188 /  2973 (039%):	 Total:0.6468859	 Andrev2015_Acc:0.0833333	 lr:0.0006976	 Mean_Total:0.6468065
2021-09-13 16:06:42,530 -  1782 /  2973 (059%):	 Total:0.7139125	 Andrev2015_Acc:0.0000000	 lr:0.0006850	 Mean_Total:0.6509578
2021-09-13 16:07:07,381 -  2376 /  2973 (079%):	 Total:2.5999322	 Andrev2015_Acc:0.0000000	 lr:0.0006731	 Mean_Total:0.6580469
2021-09-13 16:07:42,678 -  2970 /  2973 (099%):	 Total:9.4139013	 Andrev2015_Acc:0.0000000	 lr:0.0006618	 Mean_Total:0.6536381
2021-09-13 16:07:45,306 - ===============================| start validation |===============================
2021-09-13 16:08:01,963 - 	 Total:0.9544084	 Andrev2015_loss:0.9638330	 Andrev2015_Acc:0.0795251	 muscle_loss:1.9941377	 muscle_Acc:0.1136364	 pc3_loss:0.8376892	 pc3_Acc:0.1080247
2021-09-13 16:08:01,970 -    ini file updated    
2021-09-13 16:08:01,971 - ===============================|    epoch 6   |===============================
2021-09-13 16:08:05,765 -     0 /  2973 (000%):	 Total:0.8427809	 Andrev2015_Acc:0.1666667	 lr:0.0006618	 Mean_Total:0.8427809
2021-09-13 16:08:29,734 -   594 /  2973 (019%):	 Total:0.2673519	 Andrev2015_Acc:0.0000000	 lr:0.0006510	 Mean_Total:0.6069137
2021-09-13 16:08:51,687 -  1188 /  2973 (039%):	 Total:1.4747723	 Andrev2015_Acc:0.0833333	 lr:0.0006408	 Mean_Total:0.6184630
2021-09-13 16:09:18,786 -  1782 /  2973 (059%):	 Total:1.3100322	 Andrev2015_Acc:0.0000000	 lr:0.0006310	 Mean_Total:0.6313944
2021-09-13 16:09:42,810 -  2376 /  2973 (079%):	 Total:0.9301453	 Andrev2015_Acc:0.0833333	 lr:0.0006217	 Mean_Total:0.6327200
2021-09-13 16:10:15,133 -  2970 /  2973 (099%):	 Total:0.1986734	 Andrev2015_Acc:0.0000000	 lr:0.0006127	 Mean_Total:0.6338928
2021-09-13 16:10:17,885 - ===============================| start validation |===============================
2021-09-13 16:10:32,265 - 	 Total:0.9530167	 Andrev2015_loss:0.9655140	 Andrev2015_Acc:0.0871416	 muscle_loss:2.0091895	 muscle_Acc:0.1515152	 pc3_loss:0.8310949	 pc3_Acc:0.1060185
2021-09-13 16:10:32,274 -    ini file updated    
2021-09-13 16:10:32,274 - ===============================|    epoch 7   |===============================
2021-09-13 16:10:34,457 -     0 /  2973 (000%):	 Total:0.6115445	 Andrev2015_Acc:0.0000000	 lr:0.0006127	 Mean_Total:0.6115445
2021-09-13 16:11:01,815 -   594 /  2973 (019%):	 Total:1.1862229	 Andrev2015_Acc:0.0000000	 lr:0.0006041	 Mean_Total:0.5978352
2021-09-13 16:11:29,007 -  1188 /  2973 (039%):	 Total:1.1084930	 Andrev2015_Acc:0.0833333	 lr:0.0005959	 Mean_Total:0.6161304
2021-09-13 16:11:59,281 -  1782 /  2973 (059%):	 Total:0.7196258	 Andrev2015_Acc:0.0000000	 lr:0.0005880	 Mean_Total:0.6158910
2021-09-13 16:12:26,455 -  2376 /  2973 (079%):	 Total:2.1347265	 Andrev2015_Acc:0.0833333	 lr:0.0005804	 Mean_Total:0.6248394
2021-09-13 16:13:04,974 -  2970 /  2973 (099%):	 Total:0.4417614	 Andrev2015_Acc:0.0000000	 lr:0.0005732	 Mean_Total:0.6174502
2021-09-13 16:13:07,479 - ===============================| start validation |===============================
2021-09-13 16:13:24,095 - 	 Total:0.9602499	 Andrev2015_loss:0.9784315	 Andrev2015_Acc:0.0819892	 muscle_loss:1.7973074	 muscle_Acc:0.0454545	 pc3_loss:0.8541187	 pc3_Acc:0.1021605
2021-09-13 16:13:24,102 -    ini file updated    
2021-09-13 16:13:24,102 - ===============================|    epoch 8   |===============================
2021-09-13 16:13:26,943 -     0 /  2973 (000%):	 Total:0.8342551	 Andrev2015_Acc:0.1666667	 lr:0.0005731	 Mean_Total:0.8342551
2021-09-13 16:13:51,787 -   594 /  2973 (019%):	 Total:1.4323819	 Andrev2015_Acc:0.0000000	 lr:0.0005661	 Mean_Total:0.6017840
2021-09-13 16:14:14,759 -  1188 /  2973 (039%):	 Total:0.6131945	 Andrev2015_Acc:0.1666667	 lr:0.0005593	 Mean_Total:0.6059466
2021-09-13 16:14:44,296 -  1782 /  2973 (059%):	 Total:0.9609308	 Andrev2015_Acc:0.0000000	 lr:0.0005528	 Mean_Total:0.6014721
2021-09-13 16:15:08,074 -  2376 /  2973 (079%):	 Total:0.9423816	 Andrev2015_Acc:0.0833333	 lr:0.0005465	 Mean_Total:0.6030014
2021-09-13 16:15:38,814 -  2970 /  2973 (099%):	 Total:0.0581786	 Andrev2015_Acc:0.0000000	 lr:0.0005404	 Mean_Total:0.5991981
2021-09-13 16:15:41,512 - ===============================| start validation |===============================
2021-09-13 16:15:58,538 - 	 Total:0.9421985	 Andrev2015_loss:0.9665774	 Andrev2015_Acc:0.0880376	 muscle_loss:1.7603767	 muscle_Acc:0.1969697	 pc3_loss:0.8308749	 pc3_Acc:0.1049383
2021-09-13 16:15:58,549 -    ini file updated    
2021-09-13 16:15:58,628 - Snapshot saved to /data/users/wergillius/UTR_VAE/pth/RL_3_data_MTL/MDL_pretrain/adam_logte-model_best.pth

2021-09-13 16:15:58,629 -    ini file updated    
2021-09-13 16:15:58,630 - ===============================|    epoch 9   |===============================
2021-09-13 16:16:00,709 -     0 /  2973 (000%):	 Total:0.7669077	 Andrev2015_Acc:0.2500000	 lr:0.0005403	 Mean_Total:0.7669077
2021-09-13 16:16:28,934 -   594 /  2973 (019%):	 Total:0.9621979	 Andrev2015_Acc:0.0833333	 lr:0.0005344	 Mean_Total:0.5604236
2021-09-13 16:16:53,366 -  1188 /  2973 (039%):	 Total:0.8960704	 Andrev2015_Acc:0.0000000	 lr:0.0005287	 Mean_Total:0.5762710
2021-09-13 16:17:24,711 -  1782 /  2973 (059%):	 Total:0.4617196	 Andrev2015_Acc:0.0000000	 lr:0.0005232	 Mean_Total:0.5887651
2021-09-13 16:17:49,619 -  2376 /  2973 (079%):	 Total:0.7605491	 Andrev2015_Acc:0.0000000	 lr:0.0005178	 Mean_Total:0.5922050
2021-09-13 16:18:21,982 -  2970 /  2973 (099%):	 Total:0.2111748	 Andrev2015_Acc:0.0000000	 lr:0.0005126	 Mean_Total:0.5864142
2021-09-13 16:18:24,579 - ===============================| start validation |===============================
2021-09-13 16:18:41,250 - 	 Total:0.9308860	 Andrev2015_loss:0.9545540	 Andrev2015_Acc:0.0770609	 muscle_loss:1.7914533	 muscle_Acc:0.1136364	 pc3_loss:0.8160612	 pc3_Acc:0.0972222
2021-09-13 16:18:41,261 -    ini file updated    
2021-09-13 16:18:41,357 - Snapshot saved to /data/users/wergillius/UTR_VAE/pth/RL_3_data_MTL/MDL_pretrain/adam_logte-model_best.pth

2021-09-13 16:18:41,359 -    ini file updated    
2021-09-13 16:18:41,360 - ===============================|    epoch 10   |===============================
2021-09-13 16:18:46,529 -     0 /  2973 (000%):	 Total:0.2309243	 Andrev2015_Acc:0.0833333	 lr:0.0005126	 Mean_Total:0.2309243
2021-09-13 16:19:10,767 -   594 /  2973 (019%):	 Total:1.1337980	 Andrev2015_Acc:0.0833333	 lr:0.0005076	 Mean_Total:0.5609942
2021-09-13 16:19:34,599 -  1188 /  2973 (039%):	 Total:1.1053011	 Andrev2015_Acc:0.0000000	 lr:0.0005027	 Mean_Total:0.5698569
2021-09-13 16:20:00,666 -  1782 /  2973 (059%):	 Total:0.7644443	 Andrev2015_Acc:0.0833333	 lr:0.0004979	 Mean_Total:0.5762750
2021-09-13 16:20:24,552 -  2376 /  2973 (079%):	 Total:1.0080147	 Andrev2015_Acc:0.0000000	 lr:0.0004933	 Mean_Total:0.5761700
2021-09-13 16:20:55,588 -  2970 /  2973 (099%):	 Total:0.0172524	 Andrev2015_Acc:0.0000000	 lr:0.0004888	 Mean_Total:0.5721507
2021-09-13 16:20:58,088 - ===============================| start validation |===============================
2021-09-13 16:21:14,567 - 	 Total:0.9368264	 Andrev2015_loss:0.9626902	 Andrev2015_Acc:0.0828853	 muscle_loss:1.6912613	 muscle_Acc:0.1818182	 pc3_loss:0.8302903	 pc3_Acc:0.1026235
2021-09-13 16:21:14,576 -    ini file updated    
2021-09-13 16:21:14,577 - ===============================|    epoch 11   |===============================
2021-09-13 16:21:17,557 -     0 /  2973 (000%):	 Total:0.8706446	 Andrev2015_Acc:0.0833333	 lr:0.0004888	 Mean_Total:0.8706446
2021-09-13 16:21:43,247 -   594 /  2973 (019%):	 Total:0.4986286	 Andrev2015_Acc:0.0833333	 lr:0.0004844	 Mean_Total:0.5545764
2021-09-13 16:22:08,821 -  1188 /  2973 (039%):	 Total:0.7376253	 Andrev2015_Acc:0.0833333	 lr:0.0004801	 Mean_Total:0.5618504
2021-09-13 16:22:37,050 -  1782 /  2973 (059%):	 Total:0.9291366	 Andrev2015_Acc:0.0833333	 lr:0.0004760	 Mean_Total:0.5658807
2021-09-13 16:23:01,931 -  2376 /  2973 (079%):	 Total:1.3575119	 Andrev2015_Acc:0.0833333	 lr:0.0004719	 Mean_Total:0.5653731
2021-09-13 16:23:37,548 -  2970 /  2973 (099%):	 Total:0.0452212	 Andrev2015_Acc:0.0000000	 lr:0.0004680	 Mean_Total:0.5610535
2021-09-13 16:23:40,396 - ===============================| start validation |===============================
2021-09-13 16:23:57,294 - 	 Total:1.0212125	 Andrev2015_loss:0.9723823	 Andrev2015_Acc:0.0766129	 muscle_loss:3.3768719	 muscle_Acc:0.1212121	 pc3_loss:0.8373484	 pc3_Acc:0.0998457
2021-09-13 16:23:57,301 -    ini file updated    
2021-09-13 16:23:57,302 - ===============================|    epoch 12   |===============================
2021-09-13 16:24:01,464 -     0 /  2973 (000%):	 Total:0.9410654	 Andrev2015_Acc:0.0833333	 lr:0.0004680	 Mean_Total:0.9410654
2021-09-13 16:24:25,865 -   594 /  2973 (019%):	 Total:0.9664634	 Andrev2015_Acc:0.0000000	 lr:0.0004641	 Mean_Total:0.5568826
2021-09-13 16:24:49,297 -  1188 /  2973 (039%):	 Total:0.9465454	 Andrev2015_Acc:0.0833333	 lr:0.0004603	 Mean_Total:0.5417390
2021-09-13 16:25:17,322 -  1782 /  2973 (059%):	 Total:0.4676363	 Andrev2015_Acc:0.1666667	 lr:0.0004567	 Mean_Total:0.5434660
2021-09-13 16:25:40,993 -  2376 /  2973 (079%):	 Total:0.2904907	 Andrev2015_Acc:0.1666667	 lr:0.0004531	 Mean_Total:0.5482390
2021-09-13 16:26:12,076 -  2970 /  2973 (099%):	 Total:0.6856242	 Andrev2015_Acc:0.0000000	 lr:0.0004496	 Mean_Total:0.5475426
2021-09-13 16:26:14,625 - ===============================| start validation |===============================
2021-09-13 16:26:31,624 - 	 Total:0.9466018	 Andrev2015_loss:0.9619202	 Andrev2015_Acc:0.0927419	 muscle_loss:1.8311652	 muscle_Acc:0.1212121	 pc3_loss:0.8389197	 pc3_Acc:0.1152778
2021-09-13 16:26:31,631 -    ini file updated    
2021-09-13 16:26:31,631 - ===============================|    epoch 13   |===============================
2021-09-13 16:26:34,455 -     0 /  2973 (000%):	 Total:1.0957265	 Andrev2015_Acc:0.0833333	 lr:0.0004496	 Mean_Total:1.0957265
2021-09-13 16:26:59,962 -   594 /  2973 (019%):	 Total:0.6867544	 Andrev2015_Acc:0.0000000	 lr:0.0004462	 Mean_Total:0.5404496
2021-09-13 16:27:26,780 -  1188 /  2973 (039%):	 Total:0.4212279	 Andrev2015_Acc:0.0833333	 lr:0.0004428	 Mean_Total:0.5423084
2021-09-13 16:27:57,231 -  1782 /  2973 (059%):	 Total:1.0893534	 Andrev2015_Acc:0.0833333	 lr:0.0004396	 Mean_Total:0.5354217
2021-09-13 16:28:25,574 -  2376 /  2973 (079%):	 Total:0.9922637	 Andrev2015_Acc:0.0833333	 lr:0.0004364	 Mean_Total:0.5357056
2021-09-13 16:28:59,654 -  2970 /  2973 (099%):	 Total:0.7209607	 Andrev2015_Acc:0.0000000	 lr:0.0004333	 Mean_Total:0.5322822
2021-09-13 16:29:02,487 - ===============================| start validation |===============================
2021-09-13 16:29:18,711 - 	 Total:0.9247674	 Andrev2015_loss:0.9478038	 Andrev2015_Acc:0.0949821	 muscle_loss:1.6651962	 muscle_Acc:0.1287879	 pc3_loss:0.8229041	 pc3_Acc:0.1087963
2021-09-13 16:29:18,720 -    ini file updated    
2021-09-13 16:29:18,823 - Snapshot saved to /data/users/wergillius/UTR_VAE/pth/RL_3_data_MTL/MDL_pretrain/adam_logte-model_best.pth

2021-09-13 16:29:18,824 -    ini file updated    
2021-09-13 16:29:18,824 - ===============================|    epoch 14   |===============================
2021-09-13 16:29:22,528 -     0 /  2973 (000%):	 Total:0.8563174	 Andrev2015_Acc:0.2500000	 lr:0.0004332	 Mean_Total:0.8563174
2021-09-13 16:29:47,987 -   594 /  2973 (019%):	 Total:0.3496381	 Andrev2015_Acc:0.1666667	 lr:0.0004302	 Mean_Total:0.4946843
2021-09-13 16:30:12,676 -  1188 /  2973 (039%):	 Total:0.4020920	 Andrev2015_Acc:0.0000000	 lr:0.0004272	 Mean_Total:0.5029065
2021-09-13 16:30:42,716 -  1782 /  2973 (059%):	 Total:0.5510307	 Andrev2015_Acc:0.0000000	 lr:0.0004243	 Mean_Total:0.5147405
2021-09-13 16:31:06,136 -  2376 /  2973 (079%):	 Total:0.5564266	 Andrev2015_Acc:0.0000000	 lr:0.0004214	 Mean_Total:0.5242583
2021-09-13 16:31:35,208 -  2970 /  2973 (099%):	 Total:0.1408876	 Andrev2015_Acc:0.0000000	 lr:0.0004186	 Mean_Total:0.5216748
2021-09-13 16:31:37,999 - ===============================| start validation |===============================
2021-09-13 16:31:54,755 - 	 Total:0.9215511	 Andrev2015_loss:0.9324310	 Andrev2015_Acc:0.0965502	 muscle_loss:1.7854137	 muscle_Acc:0.0909091	 pc3_loss:0.8210734	 pc3_Acc:0.1083333
2021-09-13 16:31:54,765 -    ini file updated    
2021-09-13 16:31:54,848 - Snapshot saved to /data/users/wergillius/UTR_VAE/pth/RL_3_data_MTL/MDL_pretrain/adam_logte-model_best.pth

2021-09-13 16:31:54,850 -    ini file updated    
2021-09-13 16:31:54,850 - ===============================|    epoch 15   |===============================
2021-09-13 16:31:57,529 -     0 /  2973 (000%):	 Total:0.8725335	 Andrev2015_Acc:0.0000000	 lr:0.0004185	 Mean_Total:0.8725335
2021-09-13 16:32:22,982 -   594 /  2973 (019%):	 Total:0.8948150	 Andrev2015_Acc:0.1666667	 lr:0.0004158	 Mean_Total:0.4980192
2021-09-13 16:32:50,006 -  1188 /  2973 (039%):	 Total:0.7284617	 Andrev2015_Acc:0.0833333	 lr:0.0004131	 Mean_Total:0.4961009
2021-09-13 16:33:20,944 -  1782 /  2973 (059%):	 Total:0.7134095	 Andrev2015_Acc:0.1666667	 lr:0.0004104	 Mean_Total:0.5006328
2021-09-13 16:33:47,175 -  2376 /  2973 (079%):	 Total:0.4960449	 Andrev2015_Acc:0.0833333	 lr:0.0004078	 Mean_Total:0.5086817
2021-09-13 16:34:22,176 -  2970 /  2973 (099%):	 Total:0.0704690	 Andrev2015_Acc:0.0000000	 lr:0.0004053	 Mean_Total:0.5079205
2021-09-13 16:34:24,972 - ===============================| start validation |===============================
2021-09-13 16:34:41,656 - 	 Total:0.9260201	 Andrev2015_loss:0.9355745	 Andrev2015_Acc:0.0875896	 muscle_loss:1.7456745	 muscle_Acc:0.1287879	 pc3_loss:0.8315668	 pc3_Acc:0.1091049
2021-09-13 16:34:41,668 -    ini file updated    
2021-09-13 16:34:41,668 - ===============================|    epoch 16   |===============================
2021-09-13 16:34:44,754 -     0 /  2973 (000%):	 Total:0.3880084	 Andrev2015_Acc:0.1666667	 lr:0.0004053	 Mean_Total:0.3880084
2021-09-13 16:35:10,645 -   594 /  2973 (019%):	 Total:0.8547357	 Andrev2015_Acc:0.0833333	 lr:0.0004028	 Mean_Total:0.5077265
2021-09-13 16:35:35,499 -  1188 /  2973 (039%):	 Total:1.0247291	 Andrev2015_Acc:0.1666667	 lr:0.0004003	 Mean_Total:0.5039934
2021-09-13 16:36:05,076 -  1782 /  2973 (059%):	 Total:0.9615375	 Andrev2015_Acc:0.0833333	 lr:0.0003979	 Mean_Total:0.5034793
2021-09-13 16:36:28,956 -  2376 /  2973 (079%):	 Total:0.9469041	 Andrev2015_Acc:0.0000000	 lr:0.0003955	 Mean_Total:0.5040771
2021-09-13 16:36:59,065 -  2970 /  2973 (099%):	 Total:1.0218847	 Andrev2015_Acc:0.0000000	 lr:0.0003932	 Mean_Total:0.4976019
2021-09-13 16:37:01,841 - ===============================| start validation |===============================
2021-09-13 16:37:16,997 - 	 Total:0.9308724	 Andrev2015_loss:0.9693450	 Andrev2015_Acc:0.0893817	 muscle_loss:1.7154430	 muscle_Acc:0.1136364	 pc3_loss:0.8067902	 pc3_Acc:0.1288580
2021-09-13 16:37:17,008 -    ini file updated    
2021-09-13 16:37:17,008 - ===============================|    epoch 17   |===============================
2021-09-13 16:37:20,690 -     0 /  2973 (000%):	 Total:0.9118263	 Andrev2015_Acc:0.0000000	 lr:0.0003932	 Mean_Total:0.9118263
2021-09-13 16:37:45,997 -   594 /  2973 (019%):	 Total:0.6654094	 Andrev2015_Acc:0.0000000	 lr:0.0003909	 Mean_Total:0.4844824
2021-09-13 16:38:12,345 -  1188 /  2973 (039%):	 Total:0.5952417	 Andrev2015_Acc:0.0000000	 lr:0.0003886	 Mean_Total:0.4769186
2021-09-13 16:38:44,220 -  1782 /  2973 (059%):	 Total:0.8912745	 Andrev2015_Acc:0.0833333	 lr:0.0003864	 Mean_Total:0.4826866
2021-09-13 16:39:11,343 -  2376 /  2973 (079%):	 Total:1.0659025	 Andrev2015_Acc:0.0000000	 lr:0.0003842	 Mean_Total:0.4860681
2021-09-13 16:39:43,917 -  2970 /  2973 (099%):	 Total:0.4467095	 Andrev2015_Acc:0.0000000	 lr:0.0003821	 Mean_Total:0.4864195
2021-09-13 16:39:46,580 - ===============================| start validation |===============================
2021-09-13 16:40:04,237 - 	 Total:0.9176157	 Andrev2015_loss:0.9364766	 Andrev2015_Acc:0.1039427	 muscle_loss:1.7547547	 muscle_Acc:0.0984848	 pc3_loss:0.8106964	 pc3_Acc:0.1240741
2021-09-13 16:40:04,243 -    ini file updated    
2021-09-13 16:40:04,317 - Snapshot saved to /data/users/wergillius/UTR_VAE/pth/RL_3_data_MTL/MDL_pretrain/adam_logte-model_best.pth

2021-09-13 16:40:04,319 -    ini file updated    
2021-09-13 16:40:04,320 - ===============================|    epoch 18   |===============================
2021-09-13 16:40:07,075 -     0 /  2973 (000%):	 Total:0.4383008	 Andrev2015_Acc:0.0833333	 lr:0.0003821	 Mean_Total:0.4383008
2021-09-13 16:40:31,744 -   594 /  2973 (019%):	 Total:0.4805324	 Andrev2015_Acc:0.0833333	 lr:0.0003800	 Mean_Total:0.4595843
2021-09-13 16:40:55,435 -  1188 /  2973 (039%):	 Total:0.6808480	 Andrev2015_Acc:0.2500000	 lr:0.0003779	 Mean_Total:0.4712405
2021-09-13 16:41:21,423 -  1782 /  2973 (059%):	 Total:0.8126140	 Andrev2015_Acc:0.0000000	 lr:0.0003759	 Mean_Total:0.4744603
2021-09-13 16:41:46,326 -  2376 /  2973 (079%):	 Total:1.0470445	 Andrev2015_Acc:0.0833333	 lr:0.0003739	 Mean_Total:0.4761373
2021-09-13 16:42:20,544 -  2970 /  2973 (099%):	 Total:0.0571101	 Andrev2015_Acc:0.0000000	 lr:0.0003719	 Mean_Total:0.4760080
2021-09-13 16:42:23,165 - ===============================| start validation |===============================
2021-09-13 16:42:37,803 - 	 Total:0.9295935	 Andrev2015_loss:0.9386660	 Andrev2015_Acc:0.0976703	 muscle_loss:1.7638894	 muscle_Acc:0.1136364	 pc3_loss:0.8342024	 pc3_Acc:0.1222222
2021-09-13 16:42:37,810 -    ini file updated    
2021-09-13 16:42:37,811 - ===============================|    epoch 19   |===============================
2021-09-13 16:42:41,662 -     0 /  2973 (000%):	 Total:0.9979113	 Andrev2015_Acc:0.0833333	 lr:0.0003719	 Mean_Total:0.9979113
2021-09-13 16:43:08,539 -   594 /  2973 (019%):	 Total:0.7699791	 Andrev2015_Acc:0.0000000	 lr:0.0003700	 Mean_Total:0.4634493
2021-09-13 16:43:35,573 -  1188 /  2973 (039%):	 Total:0.7977262	 Andrev2015_Acc:0.1666667	 lr:0.0003680	 Mean_Total:0.4587021
2021-09-13 16:44:07,130 -  1782 /  2973 (059%):	 Total:0.8796071	 Andrev2015_Acc:0.2500000	 lr:0.0003662	 Mean_Total:0.4620754
2021-09-13 16:44:35,211 -  2376 /  2973 (079%):	 Total:0.2926352	 Andrev2015_Acc:0.0000000	 lr:0.0003643	 Mean_Total:0.4658164
2021-09-13 16:45:11,388 -  2970 /  2973 (099%):	 Total:0.6610577	 Andrev2015_Acc:0.0000000	 lr:0.0003625	 Mean_Total:0.4644114
2021-09-13 16:45:14,188 - ===============================| start validation |===============================
2021-09-13 16:45:31,713 - 	 Total:0.9571708	 Andrev2015_loss:0.9434162	 Andrev2015_Acc:0.1081989	 muscle_loss:2.0672111	 muscle_Acc:0.1287879	 pc3_loss:0.8599034	 pc3_Acc:0.0970679
2021-09-13 16:45:31,729 -    ini file updated    
2021-09-13 16:45:31,729 - ===============================|    epoch 20   |===============================
2021-09-13 16:45:35,464 -     0 /  2973 (000%):	 Total:1.5680227	 Andrev2015_Acc:0.0833333	 lr:0.0003625	 Mean_Total:1.5680227
2021-09-13 16:45:58,560 -   594 /  2973 (019%):	 Total:0.3443241	 Andrev2015_Acc:0.0833333	 lr:0.0003607	 Mean_Total:0.4418929
2021-09-13 16:46:22,301 -  1188 /  2973 (039%):	 Total:0.8595623	 Andrev2015_Acc:0.0833333	 lr:0.0003589	 Mean_Total:0.4334987
2021-09-13 16:46:50,967 -  1782 /  2973 (059%):	 Total:0.9412956	 Andrev2015_Acc:0.1666667	 lr:0.0003572	 Mean_Total:0.4487107
2021-09-13 16:47:16,176 -  2376 /  2973 (079%):	 Total:0.4887370	 Andrev2015_Acc:0.0000000	 lr:0.0003554	 Mean_Total:0.4549095
2021-09-13 16:47:51,466 -  2970 /  2973 (099%):	 Total:0.0014658	 Andrev2015_Acc:1.0000000	 lr:0.0003537	 Mean_Total:0.4574907
2021-09-13 16:47:53,931 - ===============================| start validation |===============================
2021-09-13 16:48:12,793 - 	 Total:0.9229554	 Andrev2015_loss:0.9301266	 Andrev2015_Acc:0.0990143	 muscle_loss:1.7631491	 muscle_Acc:0.1212121	 pc3_loss:0.8291465	 pc3_Acc:0.1118827
2021-09-13 16:48:12,804 -    ini file updated    
2021-09-13 16:48:12,805 - ===============================|    epoch 21   |===============================
2021-09-13 16:48:16,787 -     0 /  2973 (000%):	 Total:0.3172809	 Andrev2015_Acc:0.0833333	 lr:0.0003537	 Mean_Total:0.3172809
2021-09-13 16:48:44,134 -   594 /  2973 (019%):	 Total:0.9459758	 Andrev2015_Acc:0.0833333	 lr:0.0003521	 Mean_Total:0.4454751
2021-09-13 16:49:10,309 -  1188 /  2973 (039%):	 Total:0.8791613	 Andrev2015_Acc:0.0833333	 lr:0.0003504	 Mean_Total:0.4493794
2021-09-13 16:49:41,184 -  1782 /  2973 (059%):	 Total:1.5876620	 Andrev2015_Acc:0.0833333	 lr:0.0003488	 Mean_Total:0.4452881
2021-09-13 16:50:08,317 -  2376 /  2973 (079%):	 Total:2.1486726	 Andrev2015_Acc:0.1666667	 lr:0.0003472	 Mean_Total:0.4511760
2021-09-13 16:50:43,924 -  2970 /  2973 (099%):	 Total:0.0527786	 Andrev2015_Acc:0.0000000	 lr:0.0003456	 Mean_Total:0.4469124
2021-09-13 16:50:46,474 - ===============================| start validation |===============================
2021-09-13 16:51:03,734 - 	 Total:0.9443196	 Andrev2015_loss:0.9552317	 Andrev2015_Acc:0.0981183	 muscle_loss:2.1197669	 muscle_Acc:0.0984848	 pc3_loss:0.8120695	 pc3_Acc:0.1172840
2021-09-13 16:51:03,742 -    ini file updated    
2021-09-13 16:51:03,742 - ===============================|    epoch 22   |===============================
2021-09-13 16:51:07,306 -     0 /  2973 (000%):	 Total:0.9834542	 Andrev2015_Acc:0.2500000	 lr:0.0003456	 Mean_Total:0.9834542
2021-09-13 16:51:31,124 -   594 /  2973 (019%):	 Total:0.8493640	 Andrev2015_Acc:0.1666667	 lr:0.0003440	 Mean_Total:0.4417852
2021-09-13 16:51:55,793 -  1188 /  2973 (039%):	 Total:0.7388229	 Andrev2015_Acc:0.0833333	 lr:0.0003425	 Mean_Total:0.4469917
2021-09-13 16:52:24,333 -  1782 /  2973 (059%):	 Total:0.9136297	 Andrev2015_Acc:0.0000000	 lr:0.0003410	 Mean_Total:0.4464450
2021-09-13 16:52:47,376 -  2376 /  2973 (079%):	 Total:1.1623948	 Andrev2015_Acc:0.0833333	 lr:0.0003395	 Mean_Total:0.4492752
2021-09-13 16:53:18,322 -  2970 /  2973 (099%):	 Total:0.8715643	 Andrev2015_Acc:0.0000000	 lr:0.0003380	 Mean_Total:0.4444760
2021-09-13 16:53:21,173 - ===============================| start validation |===============================
2021-09-13 16:53:38,097 - 	 Total:0.9245068	 Andrev2015_loss:0.9472559	 Andrev2015_Acc:0.1057348	 muscle_loss:1.7442950	 muscle_Acc:0.1060606	 pc3_loss:0.8148905	 pc3_Acc:0.1165123
2021-09-13 16:53:38,108 -    ini file updated    
2021-09-13 16:53:38,109 - ===============================|    epoch 23   |===============================
2021-09-13 16:53:41,385 -     0 /  2973 (000%):	 Total:0.9126217	 Andrev2015_Acc:0.0833333	 lr:0.0003380	 Mean_Total:0.9126217
2021-09-13 16:54:09,326 -   594 /  2973 (019%):	 Total:0.1265202	 Andrev2015_Acc:0.2500000	 lr:0.0003366	 Mean_Total:0.4249386
2021-09-13 16:54:36,892 -  1188 /  2973 (039%):	 Total:0.4085719	 Andrev2015_Acc:0.0833333	 lr:0.0003351	 Mean_Total:0.4260428
2021-09-13 16:55:07,263 -  1782 /  2973 (059%):	 Total:0.9765138	 Andrev2015_Acc:0.2500000	 lr:0.0003337	 Mean_Total:0.4337223
2021-09-13 16:55:35,080 -  2376 /  2973 (079%):	 Total:0.5288957	 Andrev2015_Acc:0.0833333	 lr:0.0003323	 Mean_Total:0.4317175
2021-09-13 16:56:08,448 -  2970 /  2973 (099%):	 Total:0.2256018	 Andrev2015_Acc:0.0000000	 lr:0.0003309	 Mean_Total:0.4329409
2021-09-13 16:56:11,151 - ===============================| start validation |===============================
2021-09-13 16:56:28,133 - 	 Total:0.9481552	 Andrev2015_loss:0.9193575	 Andrev2015_Acc:0.1064068	 muscle_loss:2.9838623	 muscle_Acc:0.0984848	 pc3_loss:0.7738788	 pc3_Acc:0.1271605
2021-09-13 16:56:28,144 -    ini file updated    
2021-09-13 16:56:28,144 - ===============================|    epoch 24   |===============================
2021-09-13 16:56:32,209 -     0 /  2973 (000%):	 Total:0.7850566	 Andrev2015_Acc:0.1666667	 lr:0.0003309	 Mean_Total:0.7850566
2021-09-13 16:56:57,920 -   594 /  2973 (019%):	 Total:1.0560023	 Andrev2015_Acc:0.1666667	 lr:0.0003295	 Mean_Total:0.4310583
2021-09-13 16:57:21,237 -  1188 /  2973 (039%):	 Total:0.5240622	 Andrev2015_Acc:0.0000000	 lr:0.0003282	 Mean_Total:0.4312100
2021-09-13 16:57:47,812 -  1782 /  2973 (059%):	 Total:1.0390081	 Andrev2015_Acc:0.0000000	 lr:0.0003268	 Mean_Total:0.4300387
2021-09-13 16:58:11,088 -  2376 /  2973 (079%):	 Total:0.4450742	 Andrev2015_Acc:0.2500000	 lr:0.0003255	 Mean_Total:0.4284147
2021-09-13 16:58:43,883 -  2970 /  2973 (099%):	 Total:0.8608431	 Andrev2015_Acc:0.0000000	 lr:0.0003242	 Mean_Total:0.4273037
2021-09-13 16:58:46,570 - ===============================| start validation |===============================
2021-09-13 16:59:03,717 - 	 Total:0.8989759	 Andrev2015_loss:0.9247428	 Andrev2015_Acc:0.1115591	 muscle_loss:1.7856256	 muscle_Acc:0.2196970	 pc3_loss:0.7790848	 pc3_Acc:0.1250000
2021-09-13 16:59:03,724 -    ini file updated    
2021-09-13 16:59:03,790 - Snapshot saved to /data/users/wergillius/UTR_VAE/pth/RL_3_data_MTL/MDL_pretrain/adam_logte-model_best.pth

2021-09-13 16:59:03,793 -    ini file updated    
2021-09-13 16:59:03,793 - ===============================|    epoch 25   |===============================
2021-09-13 16:59:07,662 -     0 /  2973 (000%):	 Total:0.5284666	 Andrev2015_Acc:0.0833333	 lr:0.0003242	 Mean_Total:0.5284666
2021-09-13 16:59:33,297 -   594 /  2973 (019%):	 Total:0.4293752	 Andrev2015_Acc:0.1666667	 lr:0.0003229	 Mean_Total:0.4247973
2021-09-13 17:00:00,431 -  1188 /  2973 (039%):	 Total:0.9163189	 Andrev2015_Acc:0.0833333	 lr:0.0003216	 Mean_Total:0.4221145
2021-09-13 17:00:31,631 -  1782 /  2973 (059%):	 Total:0.4570656	 Andrev2015_Acc:0.0000000	 lr:0.0003204	 Mean_Total:0.4197384
2021-09-13 17:01:03,546 -  2376 /  2973 (079%):	 Total:0.5816246	 Andrev2015_Acc:0.2500000	 lr:0.0003191	 Mean_Total:0.4241712
2021-09-13 17:01:39,846 -  2970 /  2973 (099%):	 Total:0.0214560	 Andrev2015_Acc:0.0000000	 lr:0.0003179	 Mean_Total:0.4186549
2021-09-13 17:01:42,586 - ===============================| start validation |===============================
2021-09-13 17:02:00,203 - 	 Total:0.9230658	 Andrev2015_loss:0.9401073	 Andrev2015_Acc:0.0992384	 muscle_loss:1.7379478	 muscle_Acc:0.2196970	 pc3_loss:0.8205025	 pc3_Acc:0.1188272
2021-09-13 17:02:00,214 -    ini file updated    
2021-09-13 17:02:00,214 - ===============================|    epoch 26   |===============================
2021-09-13 17:02:04,398 -     0 /  2973 (000%):	 Total:0.8754224	 Andrev2015_Acc:0.2500000	 lr:0.0003179	 Mean_Total:0.8754224
2021-09-13 17:02:35,962 -   594 /  2973 (019%):	 Total:0.4499224	 Andrev2015_Acc:0.1666667	 lr:0.0003167	 Mean_Total:0.4202850
2021-09-13 17:02:59,517 -  1188 /  2973 (039%):	 Total:0.3891992	 Andrev2015_Acc:0.1666667	 lr:0.0003155	 Mean_Total:0.4053319
2021-09-13 17:03:26,225 -  1782 /  2973 (059%):	 Total:0.4875352	 Andrev2015_Acc:0.1666667	 lr:0.0003143	 Mean_Total:0.4072488
2021-09-13 17:03:52,756 -  2376 /  2973 (079%):	 Total:0.2010739	 Andrev2015_Acc:0.0000000	 lr:0.0003131	 Mean_Total:0.4113226
