2021-09-14 10:17:21,832 -   	 	 ==============<<< device used: cuda:2  >>>============== 	 	 
2021-09-14 10:17:24,489 -  	 	 ==============<<< encoder load from >>>============== 	 	 
2021-09-14 10:17:24,490 -  	/data/users/wergillius/UTR_VAE/pth/RL_gru_MTL/ds4rl_human_reset/schdule_cv-model_best.pth
2021-09-14 10:17:32,271 -  	 	 ==============<<< ['soft_share'] part is fixed>>>============== 	 	 

2021-09-14 10:17:32,272 - ===============================|    epoch 0   |===============================
2021-09-14 10:17:33,629 -     0 / 11829 (000%):	 Total:34.5209656	 Acc:0.0000000	 lr:0.0009882	 Mean_Total:34.5209656
2021-09-14 10:20:35,723 -  2365 / 11829 (019%):	 Total:0.8582325	 Acc:0.2187500	 lr:0.0018171	 Mean_Total:0.9442464
2021-09-14 10:24:03,956 -  4730 / 11829 (039%):	 Total:0.5741475	 Acc:0.2187500	 lr:0.0012850	 Mean_Total:0.8353443
2021-09-14 10:27:13,698 -  7095 / 11829 (059%):	 Total:0.9522762	 Acc:0.1562500	 lr:0.0010493	 Mean_Total:0.7921585
2021-09-14 10:30:41,682 -  9460 / 11829 (079%):	 Total:0.5701225	 Acc:0.2812500	 lr:0.0009087	 Mean_Total:0.7687473
2021-09-14 10:34:27,878 - 11825 / 11829 (099%):	 Total:0.6446343	 Acc:0.0937500	 lr:0.0008128	 Mean_Total:0.7522795
2021-09-14 10:34:28,400 - ===============================| start validation |===============================
2021-09-14 10:35:47,788 - 	 Total:0.6394570	 Acc:0.1966017
2021-09-14 10:35:47,794 -    ini file updated    
2021-09-14 10:35:47,816 - Snapshot saved to /data/users/wergillius/UTR_VAE/pth/RL_gru_MTL/human_pretrain/human-model_best_cv4.pth

2021-09-14 10:35:47,819 -    ini file updated    
2021-09-14 10:35:47,819 - ===============================|    epoch 1   |===============================
2021-09-14 10:35:49,035 -     0 / 11829 (000%):	 Total:0.6740998	 Acc:0.2187500	 lr:0.0008126	 Mean_Total:0.6740998
2021-09-14 10:38:57,125 -  2365 / 11829 (019%):	 Total:0.7062410	 Acc:0.0937500	 lr:0.0007419	 Mean_Total:0.6816041
2021-09-14 10:42:34,213 -  4730 / 11829 (039%):	 Total:0.8806065	 Acc:0.1875000	 lr:0.0006869	 Mean_Total:0.6822222
2021-09-14 10:45:50,213 -  7095 / 11829 (059%):	 Total:0.6570527	 Acc:0.3125000	 lr:0.0006425	 Mean_Total:0.6831111
2021-09-14 10:49:18,137 -  9460 / 11829 (079%):	 Total:0.7358589	 Acc:0.0000000	 lr:0.0006058	 Mean_Total:0.6822693
2021-09-14 10:52:51,272 - 11825 / 11829 (099%):	 Total:0.5352439	 Acc:0.2187500	 lr:0.0005747	 Mean_Total:0.6810616
2021-09-14 10:52:51,756 - ===============================| start validation |===============================
2021-09-14 10:54:12,664 - 	 Total:0.6354860	 Acc:0.1985530
2021-09-14 10:54:12,669 -    ini file updated    
2021-09-14 10:54:12,691 - Snapshot saved to /data/users/wergillius/UTR_VAE/pth/RL_gru_MTL/human_pretrain/human-model_best_cv4.pth

2021-09-14 10:54:12,696 -    ini file updated    
2021-09-14 10:54:12,697 - ===============================|    epoch 2   |===============================
2021-09-14 10:54:13,973 -     0 / 11829 (000%):	 Total:0.5450423	 Acc:0.2500000	 lr:0.0005746	 Mean_Total:0.5450423
2021-09-14 10:57:21,012 -  2365 / 11829 (019%):	 Total:0.7870847	 Acc:0.0625000	 lr:0.0005479	 Mean_Total:0.6782894
2021-09-14 11:01:02,069 -  4730 / 11829 (039%):	 Total:0.4749517	 Acc:0.2187500	 lr:0.0005246	 Mean_Total:0.6775618
2021-09-14 11:04:17,299 -  7095 / 11829 (059%):	 Total:0.4543341	 Acc:0.2187500	 lr:0.0005040	 Mean_Total:0.6772185
2021-09-14 11:07:54,683 -  9460 / 11829 (079%):	 Total:0.4264063	 Acc:0.1250000	 lr:0.0004857	 Mean_Total:0.6767068
2021-09-14 11:11:37,435 - 11825 / 11829 (099%):	 Total:0.5459929	 Acc:0.1875000	 lr:0.0004692	 Mean_Total:0.6749045
2021-09-14 11:11:37,918 - ===============================| start validation |===============================
2021-09-14 11:13:02,605 - 	 Total:0.6305719	 Acc:0.1986005
2021-09-14 11:13:02,612 -    ini file updated    
2021-09-14 11:13:02,634 - Snapshot saved to /data/users/wergillius/UTR_VAE/pth/RL_gru_MTL/human_pretrain/human-model_best_cv4.pth

2021-09-14 11:13:02,635 -    ini file updated    
2021-09-14 11:13:02,636 - ===============================|    epoch 3   |===============================
2021-09-14 11:13:04,021 -     0 / 11829 (000%):	 Total:0.7553517	 Acc:0.1875000	 lr:0.0004692	 Mean_Total:0.7553517
2021-09-14 11:16:11,202 -  2365 / 11829 (019%):	 Total:0.6827089	 Acc:0.1562500	 lr:0.0004543	 Mean_Total:0.6751785
2021-09-14 11:20:08,292 -  4730 / 11829 (039%):	 Total:0.6957622	 Acc:0.1562500	 lr:0.0004407	 Mean_Total:0.6759094
2021-09-14 11:23:40,659 -  7095 / 11829 (059%):	 Total:0.9222143	 Acc:0.1562500	 lr:0.0004283	 Mean_Total:0.6713839
2021-09-14 11:27:21,386 -  9460 / 11829 (079%):	 Total:0.7516752	 Acc:0.1875000	 lr:0.0004169	 Mean_Total:0.6703264
2021-09-14 11:31:16,236 - 11825 / 11829 (099%):	 Total:0.6952120	 Acc:0.2500000	 lr:0.0004064	 Mean_Total:0.6700542
2021-09-14 11:31:16,705 - ===============================| start validation |===============================
2021-09-14 11:32:40,412 - 	 Total:0.6275035	 Acc:0.2008450
2021-09-14 11:32:40,417 -    ini file updated    
2021-09-14 11:32:40,440 - Snapshot saved to /data/users/wergillius/UTR_VAE/pth/RL_gru_MTL/human_pretrain/human-model_best_cv4.pth

2021-09-14 11:32:40,441 -    ini file updated    
2021-09-14 11:32:40,441 - ===============================|    epoch 4   |===============================
2021-09-14 11:32:41,757 -     0 / 11829 (000%):	 Total:0.3689497	 Acc:0.1875000	 lr:0.0004063	 Mean_Total:0.3689497
2021-09-14 11:35:51,709 -  2365 / 11829 (019%):	 Total:0.6361713	 Acc:0.1875000	 lr:0.0003965	 Mean_Total:0.6629659
2021-09-14 11:39:29,712 -  4730 / 11829 (039%):	 Total:0.6086620	 Acc:0.1562500	 lr:0.0003874	 Mean_Total:0.6656378
2021-09-14 11:42:49,336 -  7095 / 11829 (059%):	 Total:0.5501176	 Acc:0.2187500	 lr:0.0003789	 Mean_Total:0.6677478
2021-09-14 11:46:21,609 -  9460 / 11829 (079%):	 Total:0.4851478	 Acc:0.2500000	 lr:0.0003709	 Mean_Total:0.6672235
2021-09-14 11:49:54,838 - 11825 / 11829 (099%):	 Total:1.0157206	 Acc:0.1250000	 lr:0.0003635	 Mean_Total:0.6688437
2021-09-14 11:49:55,329 - ===============================| start validation |===============================
2021-09-14 11:51:18,078 - 	 Total:0.6260013	 Acc:0.1968526
2021-09-14 11:51:18,083 -    ini file updated    
2021-09-14 11:51:18,107 - Snapshot saved to /data/users/wergillius/UTR_VAE/pth/RL_gru_MTL/human_pretrain/human-model_best_cv4.pth

2021-09-14 11:51:18,109 -    ini file updated    
2021-09-14 11:51:18,109 - ===============================|    epoch 5   |===============================
2021-09-14 11:51:19,471 -     0 / 11829 (000%):	 Total:0.7224923	 Acc:0.0937500	 lr:0.0003634	 Mean_Total:0.7224923
2021-09-14 11:54:34,002 -  2365 / 11829 (019%):	 Total:0.7197116	 Acc:0.1562500	 lr:0.0003564	 Mean_Total:0.6646634
2021-09-14 11:58:26,597 -  4730 / 11829 (039%):	 Total:0.5453675	 Acc:0.1562500	 lr:0.0003497	 Mean_Total:0.6670755
2021-09-14 12:01:51,786 -  7095 / 11829 (059%):	 Total:0.6650766	 Acc:0.0937500	 lr:0.0003434	 Mean_Total:0.6676107
2021-09-14 12:05:29,580 -  9460 / 11829 (079%):	 Total:0.4968754	 Acc:0.1562500	 lr:0.0003375	 Mean_Total:0.6670913
2021-09-14 12:09:04,927 - 11825 / 11829 (099%):	 Total:0.4957023	 Acc:0.1875000	 lr:0.0003318	 Mean_Total:0.6664898
2021-09-14 12:09:05,413 - ===============================| start validation |===============================
2021-09-14 12:10:30,350 - 	 Total:0.6247992	 Acc:0.1989465
2021-09-14 12:10:30,355 -    ini file updated    
2021-09-14 12:10:30,371 - Snapshot saved to /data/users/wergillius/UTR_VAE/pth/RL_gru_MTL/human_pretrain/human-model_best_cv4.pth

2021-09-14 12:10:30,372 -    ini file updated    
2021-09-14 12:10:30,373 - ===============================|    epoch 6   |===============================
2021-09-14 12:10:31,580 -     0 / 11829 (000%):	 Total:0.9655937	 Acc:0.2187500	 lr:0.0003318	 Mean_Total:0.9655937
2021-09-14 12:13:46,869 -  2365 / 11829 (019%):	 Total:0.6091926	 Acc:0.2812500	 lr:0.0003264	 Mean_Total:0.6696705
2021-09-14 12:18:26,014 -  4730 / 11829 (039%):	 Total:0.6662309	 Acc:0.1250000	 lr:0.0003212	 Mean_Total:0.6646392
2021-09-14 12:25:36,678 -  7095 / 11829 (059%):	 Total:0.5086434	 Acc:0.3750000	 lr:0.0003163	 Mean_Total:0.6654744
2021-09-14 12:30:55,532 -  9460 / 11829 (079%):	 Total:0.4499428	 Acc:0.2500000	 lr:0.0003117	 Mean_Total:0.6652907
2021-09-14 12:38:31,487 - 11825 / 11829 (099%):	 Total:0.8592797	 Acc:0.2187500	 lr:0.0003072	 Mean_Total:0.6646550
2021-09-14 12:38:32,472 - ===============================| start validation |===============================
2021-09-14 12:40:41,306 - 	 Total:0.6270206	 Acc:0.2000158
2021-09-14 12:40:41,311 -    ini file updated    
2021-09-14 12:40:41,311 - ===============================|    epoch 7   |===============================
2021-09-14 12:40:44,894 -     0 / 11829 (000%):	 Total:0.7300851	 Acc:0.3125000	 lr:0.0003072	 Mean_Total:0.7300851
2021-09-14 12:45:26,913 -  2365 / 11829 (019%):	 Total:0.9311008	 Acc:0.3437500	 lr:0.0003029	 Mean_Total:0.6575452
2021-09-14 12:49:03,133 -  4730 / 11829 (039%):	 Total:0.6551955	 Acc:0.2812500	 lr:0.0002987	 Mean_Total:0.6621894
2021-09-14 12:52:34,385 -  7095 / 11829 (059%):	 Total:0.5268099	 Acc:0.1875000	 lr:0.0002948	 Mean_Total:0.6623870
2021-09-14 12:56:03,111 -  9460 / 11829 (079%):	 Total:0.6554640	 Acc:0.1250000	 lr:0.0002910	 Mean_Total:0.6629295
2021-09-14 12:59:31,850 - 11825 / 11829 (099%):	 Total:0.5470695	 Acc:0.1562500	 lr:0.0002873	 Mean_Total:0.6630364
2021-09-14 12:59:32,540 - ===============================| start validation |===============================
2021-09-14 13:01:07,179 - 	 Total:0.6220580	 Acc:0.1990283
2021-09-14 13:01:07,185 -    ini file updated    
2021-09-14 13:01:07,223 - Snapshot saved to /data/users/wergillius/UTR_VAE/pth/RL_gru_MTL/human_pretrain/human-model_best_cv4.pth

2021-09-14 13:01:07,225 -    ini file updated    
2021-09-14 13:01:07,225 - ===============================|    epoch 8   |===============================
2021-09-14 13:01:08,653 -     0 / 11829 (000%):	 Total:0.4585656	 Acc:0.2187500	 lr:0.0002873	 Mean_Total:0.4585656
2021-09-14 13:04:20,215 -  2365 / 11829 (019%):	 Total:1.0244553	 Acc:0.1250000	 lr:0.0002838	 Mean_Total:0.6608624
2021-09-14 13:07:52,340 -  4730 / 11829 (039%):	 Total:0.4587158	 Acc:0.2187500	 lr:0.0002804	 Mean_Total:0.6621770
