2021-09-14 10:17:21,915 -   	 	 ==============<<< device used: cuda:2  >>>============== 	 	 
2021-09-14 10:17:25,761 -  	 	 ==============<<< encoder load from >>>============== 	 	 
2021-09-14 10:17:25,767 -  	/data/users/wergillius/UTR_VAE/pth/RL_gru_MTL/ds4rl_human_reset/schdule_cv-model_best.pth
2021-09-14 10:17:32,747 -  	 	 ==============<<< ['soft_share'] part is fixed>>>============== 	 	 

2021-09-14 10:17:32,748 - ===============================|    epoch 0   |===============================
2021-09-14 10:17:34,139 -     0 / 11829 (000%):	 Total:35.4361572	 Acc:0.0000000	 lr:0.0009882	 Mean_Total:35.4361572
2021-09-14 10:20:53,622 -  2365 / 11829 (019%):	 Total:0.3955974	 Acc:0.2812500	 lr:0.0018171	 Mean_Total:0.8952329
2021-09-14 10:24:21,199 -  4730 / 11829 (039%):	 Total:0.7956029	 Acc:0.0937500	 lr:0.0012850	 Mean_Total:0.8087849
2021-09-14 10:27:32,553 -  7095 / 11829 (059%):	 Total:0.7973945	 Acc:0.1250000	 lr:0.0010493	 Mean_Total:0.7729618
2021-09-14 10:31:04,140 -  9460 / 11829 (079%):	 Total:0.4333861	 Acc:0.1875000	 lr:0.0009087	 Mean_Total:0.7527643
2021-09-14 10:34:45,870 - 11825 / 11829 (099%):	 Total:0.9381924	 Acc:0.2187500	 lr:0.0008128	 Mean_Total:0.7407699
2021-09-14 10:34:46,249 - ===============================| start validation |===============================
2021-09-14 10:36:04,211 - 	 Total:0.6494527	 Acc:0.1943679
2021-09-14 10:36:04,218 -    ini file updated    
2021-09-14 10:36:04,244 - Snapshot saved to /data/users/wergillius/UTR_VAE/pth/RL_gru_MTL/human_pretrain/human-model_best_cv3.pth

2021-09-14 10:36:04,245 -    ini file updated    
2021-09-14 10:36:04,246 - ===============================|    epoch 1   |===============================
2021-09-14 10:36:05,457 -     0 / 11829 (000%):	 Total:1.0225551	 Acc:0.1250000	 lr:0.0008126	 Mean_Total:1.0225551
2021-09-14 10:39:21,256 -  2365 / 11829 (019%):	 Total:0.6147391	 Acc:0.0937500	 lr:0.0007419	 Mean_Total:0.6837775
2021-09-14 10:42:57,831 -  4730 / 11829 (039%):	 Total:0.6699029	 Acc:0.2187500	 lr:0.0006869	 Mean_Total:0.6846286
2021-09-14 10:46:17,981 -  7095 / 11829 (059%):	 Total:0.6836438	 Acc:0.1875000	 lr:0.0006425	 Mean_Total:0.6846781
2021-09-14 10:49:45,455 -  9460 / 11829 (079%):	 Total:0.7174635	 Acc:0.1875000	 lr:0.0006058	 Mean_Total:0.6826052
2021-09-14 10:53:14,078 - 11825 / 11829 (099%):	 Total:0.6539545	 Acc:0.1875000	 lr:0.0005747	 Mean_Total:0.6807828
2021-09-14 10:53:14,543 - ===============================| start validation |===============================
2021-09-14 10:54:34,248 - 	 Total:0.6415450	 Acc:0.1964248
2021-09-14 10:54:34,259 -    ini file updated    
2021-09-14 10:54:34,282 - Snapshot saved to /data/users/wergillius/UTR_VAE/pth/RL_gru_MTL/human_pretrain/human-model_best_cv3.pth

2021-09-14 10:54:34,284 -    ini file updated    
2021-09-14 10:54:34,284 - ===============================|    epoch 2   |===============================
2021-09-14 10:54:35,548 -     0 / 11829 (000%):	 Total:0.7887117	 Acc:0.1562500	 lr:0.0005746	 Mean_Total:0.7887117
2021-09-14 10:57:48,228 -  2365 / 11829 (019%):	 Total:0.8894232	 Acc:0.0937500	 lr:0.0005479	 Mean_Total:0.6741623
2021-09-14 11:01:28,061 -  4730 / 11829 (039%):	 Total:0.6873915	 Acc:0.2812500	 lr:0.0005246	 Mean_Total:0.6708663
2021-09-14 11:04:48,261 -  7095 / 11829 (059%):	 Total:0.6039817	 Acc:0.2812500	 lr:0.0005040	 Mean_Total:0.6721441
2021-09-14 11:08:25,791 -  9460 / 11829 (079%):	 Total:0.7323565	 Acc:0.1562500	 lr:0.0004857	 Mean_Total:0.6727124
2021-09-14 11:12:02,758 - 11825 / 11829 (099%):	 Total:0.6590145	 Acc:0.0937500	 lr:0.0004692	 Mean_Total:0.6736701
2021-09-14 11:12:03,250 - ===============================| start validation |===============================
2021-09-14 11:13:26,051 - 	 Total:0.6486886	 Acc:0.1947639
2021-09-14 11:13:26,058 -    ini file updated    
2021-09-14 11:13:26,059 - ===============================|    epoch 3   |===============================
2021-09-14 11:13:27,354 -     0 / 11829 (000%):	 Total:0.6952997	 Acc:0.2187500	 lr:0.0004692	 Mean_Total:0.6952997
2021-09-14 11:16:41,101 -  2365 / 11829 (019%):	 Total:0.3911659	 Acc:0.1250000	 lr:0.0004543	 Mean_Total:0.6702920
2021-09-14 11:20:37,390 -  4730 / 11829 (039%):	 Total:0.5894453	 Acc:0.0937500	 lr:0.0004407	 Mean_Total:0.6685162
2021-09-14 11:24:08,831 -  7095 / 11829 (059%):	 Total:0.7108032	 Acc:0.0937500	 lr:0.0004283	 Mean_Total:0.6693116
2021-09-14 11:27:51,150 -  9460 / 11829 (079%):	 Total:0.5086874	 Acc:0.1875000	 lr:0.0004169	 Mean_Total:0.6691649
2021-09-14 11:31:39,811 - 11825 / 11829 (099%):	 Total:0.8864176	 Acc:0.3437500	 lr:0.0004064	 Mean_Total:0.6702357
2021-09-14 11:31:40,306 - ===============================| start validation |===============================
2021-09-14 11:33:02,309 - 	 Total:0.6333126	 Acc:0.2000264
2021-09-14 11:33:02,316 -    ini file updated    
2021-09-14 11:33:02,353 - Snapshot saved to /data/users/wergillius/UTR_VAE/pth/RL_gru_MTL/human_pretrain/human-model_best_cv3.pth

2021-09-14 11:33:02,355 -    ini file updated    
2021-09-14 11:33:02,355 - ===============================|    epoch 4   |===============================
2021-09-14 11:33:03,876 -     0 / 11829 (000%):	 Total:0.5991728	 Acc:0.2500000	 lr:0.0004063	 Mean_Total:0.5991728
2021-09-14 11:36:20,662 -  2365 / 11829 (019%):	 Total:0.5782719	 Acc:0.1875000	 lr:0.0003965	 Mean_Total:0.6717463
2021-09-14 11:39:54,369 -  4730 / 11829 (039%):	 Total:0.6624465	 Acc:0.2500000	 lr:0.0003874	 Mean_Total:0.6697112
2021-09-14 11:43:16,524 -  7095 / 11829 (059%):	 Total:0.5693875	 Acc:0.2812500	 lr:0.0003789	 Mean_Total:0.6691605
2021-09-14 11:46:49,770 -  9460 / 11829 (079%):	 Total:0.8160871	 Acc:0.1250000	 lr:0.0003709	 Mean_Total:0.6688405
2021-09-14 11:50:18,920 - 11825 / 11829 (099%):	 Total:0.6324822	 Acc:0.1562500	 lr:0.0003635	 Mean_Total:0.6674974
2021-09-14 11:50:19,389 - ===============================| start validation |===============================
2021-09-14 11:51:40,147 - 	 Total:0.6309680	 Acc:0.1970559
2021-09-14 11:51:40,153 -    ini file updated    
2021-09-14 11:51:40,168 - Snapshot saved to /data/users/wergillius/UTR_VAE/pth/RL_gru_MTL/human_pretrain/human-model_best_cv3.pth

2021-09-14 11:51:40,177 -    ini file updated    
2021-09-14 11:51:40,180 - ===============================|    epoch 5   |===============================
2021-09-14 11:51:41,855 -     0 / 11829 (000%):	 Total:0.9601839	 Acc:0.0625000	 lr:0.0003634	 Mean_Total:0.9601839
2021-09-14 11:55:03,078 -  2365 / 11829 (019%):	 Total:0.6119024	 Acc:0.2187500	 lr:0.0003564	 Mean_Total:0.6652024
2021-09-14 11:58:49,344 -  4730 / 11829 (039%):	 Total:0.5721985	 Acc:0.1250000	 lr:0.0003497	 Mean_Total:0.6672880
2021-09-14 12:02:15,083 -  7095 / 11829 (059%):	 Total:0.6201973	 Acc:0.2500000	 lr:0.0003434	 Mean_Total:0.6658557
2021-09-14 12:05:51,828 -  9460 / 11829 (079%):	 Total:0.5841155	 Acc:0.2187500	 lr:0.0003375	 Mean_Total:0.6652133
2021-09-14 12:09:22,193 - 11825 / 11829 (099%):	 Total:0.4862718	 Acc:0.2812500	 lr:0.0003318	 Mean_Total:0.6644553
2021-09-14 12:09:22,753 - ===============================| start validation |===============================
2021-09-14 12:10:46,543 - 	 Total:0.6282523	 Acc:0.1984817
2021-09-14 12:10:46,549 -    ini file updated    
2021-09-14 12:10:46,574 - Snapshot saved to /data/users/wergillius/UTR_VAE/pth/RL_gru_MTL/human_pretrain/human-model_best_cv3.pth

2021-09-14 12:10:46,578 -    ini file updated    
2021-09-14 12:10:46,578 - ===============================|    epoch 6   |===============================
2021-09-14 12:10:48,000 -     0 / 11829 (000%):	 Total:0.5014194	 Acc:0.1875000	 lr:0.0003318	 Mean_Total:0.5014194
2021-09-14 12:14:07,530 -  2365 / 11829 (019%):	 Total:0.5653601	 Acc:0.2500000	 lr:0.0003264	 Mean_Total:0.6634722
2021-09-14 12:18:46,909 -  4730 / 11829 (039%):	 Total:0.6065069	 Acc:0.1875000	 lr:0.0003212	 Mean_Total:0.6654329
2021-09-14 12:26:28,009 -  7095 / 11829 (059%):	 Total:0.9705154	 Acc:0.0312500	 lr:0.0003163	 Mean_Total:0.6665628
2021-09-14 12:31:56,991 -  9460 / 11829 (079%):	 Total:0.6375337	 Acc:0.2187500	 lr:0.0003117	 Mean_Total:0.6638034
2021-09-14 12:39:31,604 - 11825 / 11829 (099%):	 Total:0.6183658	 Acc:0.1875000	 lr:0.0003072	 Mean_Total:0.6627684
2021-09-14 12:39:32,562 - ===============================| start validation |===============================
2021-09-14 12:42:00,837 - 	 Total:0.6276969	 Acc:0.1974361
2021-09-14 12:42:00,844 -    ini file updated    
2021-09-14 12:42:00,923 - Snapshot saved to /data/users/wergillius/UTR_VAE/pth/RL_gru_MTL/human_pretrain/human-model_best_cv3.pth

2021-09-14 12:42:00,924 -    ini file updated    
2021-09-14 12:42:00,924 - ===============================|    epoch 7   |===============================
2021-09-14 12:42:03,451 -     0 / 11829 (000%):	 Total:0.5808226	 Acc:0.1250000	 lr:0.0003072	 Mean_Total:0.5808226
2021-09-14 12:46:07,608 -  2365 / 11829 (019%):	 Total:0.6716785	 Acc:0.1250000	 lr:0.0003029	 Mean_Total:0.6601605
2021-09-14 12:49:43,421 -  4730 / 11829 (039%):	 Total:0.6648726	 Acc:0.2812500	 lr:0.0002987	 Mean_Total:0.6577263
2021-09-14 12:53:14,303 -  7095 / 11829 (059%):	 Total:0.8673384	 Acc:0.0937500	 lr:0.0002948	 Mean_Total:0.6601288
2021-09-14 12:56:40,347 -  9460 / 11829 (079%):	 Total:0.6577075	 Acc:0.1562500	 lr:0.0002910	 Mean_Total:0.6609939
2021-09-14 13:00:10,726 - 11825 / 11829 (099%):	 Total:0.9043508	 Acc:0.0937500	 lr:0.0002873	 Mean_Total:0.6619659
2021-09-14 13:00:11,286 - ===============================| start validation |===============================
2021-09-14 13:01:41,572 - 	 Total:0.6278119	 Acc:0.1990151
2021-09-14 13:01:41,575 -    ini file updated    
2021-09-14 13:01:41,575 - ===============================|    epoch 8   |===============================
2021-09-14 13:01:42,860 -     0 / 11829 (000%):	 Total:0.6929258	 Acc:0.1562500	 lr:0.0002873	 Mean_Total:0.6929258
2021-09-14 13:04:56,711 -  2365 / 11829 (019%):	 Total:1.1886957	 Acc:0.0937500	 lr:0.0002838	 Mean_Total:0.6630506
2021-09-14 13:08:25,195 -  4730 / 11829 (039%):	 Total:0.5519464	 Acc:0.2500000	 lr:0.0002804	 Mean_Total:0.6590990
2021-09-19 00:16:23,336 -   	 	 ==============<<< device used: cuda:1  >>>============== 	 	 
2021-09-19 00:16:24,379 -  	 	 ==============<<<  Experiment detected  >>>============== 	 	 

2021-09-19 00:16:28,304 -  	 	 ==============<<< encoder load from >>>============== 	 	 
2021-09-19 00:16:28,305 -  	/data/users/wergillius/UTR_VAE/pth/RL_gru_MTL/ds4rl_human_reset/schdule_cv-model_best.pth
2021-09-19 00:16:32,709 -  	 	 ==============<<< encoder load from >>>============== 	 	 
2021-09-19 00:16:32,709 -  	/data/users/wergillius/UTR_VAE/pth/RL_gru_MTL/human_pretrain/human-model_best_cv3.pth
2021-09-19 00:16:32,710 -  	 	 ==============<<< ['soft_share'] part is fixed>>>============== 	 	 

2021-09-19 00:16:32,718 -  	 	 ========================================================= 	 	 
2021-09-19 00:16:32,718 -  	 	 ==============<<< Resume from checkpoint>>>============== 	 	 

2021-09-19 00:16:32,718 -  	/data/users/wergillius/UTR_VAE/pth/RL_gru_MTL/human_pretrain/human-model_best_cv3.pth

2021-09-19 00:16:32,718 -  	 	 ========================================================= 	 	 

2021-09-19 00:16:32,719 - ===============================|    epoch 7   |===============================
2021-09-19 00:16:33,560 -     0 / 11829 (000%):	 Total:0.8527560	 Acc:0.2500000	 lr:0.0001041	 Mean_Total:0.8527560
2021-09-19 00:18:19,803 -  2365 / 11829 (019%):	 Total:0.3347943	 Acc:0.2500000	 lr:0.0001039	 Mean_Total:0.6615930
2021-09-19 00:21:04,148 -  4730 / 11829 (039%):	 Total:0.8548498	 Acc:0.1875000	 lr:0.0001037	 Mean_Total:0.6613511
2021-09-19 00:23:54,264 -  7095 / 11829 (059%):	 Total:0.7550124	 Acc:0.1875000	 lr:0.0001035	 Mean_Total:0.6610282
2021-09-19 00:26:40,917 -  9460 / 11829 (079%):	 Total:0.4756529	 Acc:0.3437500	 lr:0.0001034	 Mean_Total:0.6606293
2021-09-19 00:29:16,451 - 11825 / 11829 (099%):	 Total:0.7688570	 Acc:0.2187500	 lr:0.0001032	 Mean_Total:0.6607585
2021-09-19 00:29:16,934 - ===============================| start validation |===============================
2021-09-19 00:30:23,349 - 	 Total:0.6260926	 Acc:0.1981939
2021-09-19 00:30:23,356 -    ini file updated    
2021-09-19 00:30:23,385 - Snapshot saved to /data/users/wergillius/UTR_VAE/pth/RL_gru_MTL/human_pretrain/human-model_best_cv3.pth

2021-09-19 00:30:23,386 -    ini file updated    
2021-09-19 00:30:23,386 - ===============================|    epoch 8   |===============================
2021-09-19 00:30:24,660 -     0 / 11829 (000%):	 Total:0.8866575	 Acc:0.0625000	 lr:0.0001032	 Mean_Total:0.8866575
2021-09-19 00:32:49,592 -  2365 / 11829 (019%):	 Total:0.6253756	 Acc:0.1250000	 lr:0.0001030	 Mean_Total:0.6573719
2021-09-19 00:35:43,523 -  4730 / 11829 (039%):	 Total:0.8093346	 Acc:0.1562500	 lr:0.0001029	 Mean_Total:0.6593589
2021-09-19 00:38:37,858 -  7095 / 11829 (059%):	 Total:0.6936531	 Acc:0.2500000	 lr:0.0001027	 Mean_Total:0.6599579
2021-09-19 00:41:33,386 -  9460 / 11829 (079%):	 Total:0.5685279	 Acc:0.2187500	 lr:0.0001026	 Mean_Total:0.6594255
2021-09-19 00:44:13,875 - 11825 / 11829 (099%):	 Total:0.6304402	 Acc:0.1562500	 lr:0.0001024	 Mean_Total:0.6585944
2021-09-19 00:44:14,284 - ===============================| start validation |===============================
2021-09-19 00:45:16,691 - 	 Total:0.6247254	 Acc:0.1998363
2021-09-19 00:45:16,695 -    ini file updated    
2021-09-19 00:45:16,713 - Snapshot saved to /data/users/wergillius/UTR_VAE/pth/RL_gru_MTL/human_pretrain/human-model_best_cv3.pth

2021-09-19 00:45:16,714 -    ini file updated    
2021-09-19 00:45:16,715 - ===============================|    epoch 9   |===============================
2021-09-19 00:45:17,938 -     0 / 11829 (000%):	 Total:0.7515394	 Acc:0.1562500	 lr:0.0001024	 Mean_Total:0.7515394
2021-09-19 00:47:46,524 -  2365 / 11829 (019%):	 Total:0.8814267	 Acc:0.0312500	 lr:0.0001022	 Mean_Total:0.6597573
2021-09-19 00:50:41,039 -  4730 / 11829 (039%):	 Total:0.7019348	 Acc:0.1875000	 lr:0.0001021	 Mean_Total:0.6568134
2021-09-19 00:53:31,931 -  7095 / 11829 (059%):	 Total:0.6468550	 Acc:0.2500000	 lr:0.0001019	 Mean_Total:0.6578517
2021-09-19 00:56:21,718 -  9460 / 11829 (079%):	 Total:0.5372505	 Acc:0.2187500	 lr:0.0001017	 Mean_Total:0.6584911
2021-09-19 00:59:01,102 - 11825 / 11829 (099%):	 Total:0.7118317	 Acc:0.1562500	 lr:0.0001016	 Mean_Total:0.6589054
2021-09-19 00:59:01,453 - ===============================| start validation |===============================
2021-09-19 00:59:57,178 - 	 Total:0.6281415	 Acc:0.1964987
2021-09-19 00:59:57,184 -    ini file updated    
2021-09-19 00:59:57,184 - ===============================|    epoch 10   |===============================
2021-09-19 00:59:58,524 -     0 / 11829 (000%):	 Total:0.6067295	 Acc:0.2812500	 lr:0.0001016	 Mean_Total:0.6067295
2021-09-19 01:02:31,699 -  2365 / 11829 (019%):	 Total:0.4224856	 Acc:0.1562500	 lr:0.0001014	 Mean_Total:0.6577013
2021-09-19 01:05:22,011 -  4730 / 11829 (039%):	 Total:0.5352422	 Acc:0.2187500	 lr:0.0001013	 Mean_Total:0.6550557
2021-09-19 01:08:14,928 -  7095 / 11829 (059%):	 Total:0.6195501	 Acc:0.1250000	 lr:0.0001011	 Mean_Total:0.6572466
2021-09-19 01:11:01,421 -  9460 / 11829 (079%):	 Total:0.4941720	 Acc:0.1250000	 lr:0.0001010	 Mean_Total:0.6575602
2021-09-19 01:13:40,548 - 11825 / 11829 (099%):	 Total:1.0521715	 Acc:0.2812500	 lr:0.0001008	 Mean_Total:0.6583129
2021-09-19 01:13:40,915 - ===============================| start validation |===============================
2021-09-19 01:14:33,890 - 	 Total:0.6234855	 Acc:0.1999313
2021-09-19 01:14:33,897 -    ini file updated    
2021-09-19 01:14:33,919 - Snapshot saved to /data/users/wergillius/UTR_VAE/pth/RL_gru_MTL/human_pretrain/human-model_best_cv3.pth

2021-09-19 01:14:33,920 -    ini file updated    
2021-09-19 01:14:33,921 - ===============================|    epoch 11   |===============================
2021-09-19 01:14:35,199 -     0 / 11829 (000%):	 Total:0.5892899	 Acc:0.2500000	 lr:0.0001008	 Mean_Total:0.5892899
2021-09-19 01:17:14,887 -  2365 / 11829 (019%):	 Total:0.5139390	 Acc:0.2187500	 lr:0.0001006	 Mean_Total:0.6607893
2021-09-19 01:20:10,521 -  4730 / 11829 (039%):	 Total:0.5389467	 Acc:0.2500000	 lr:0.0001005	 Mean_Total:0.6580165
2021-09-19 01:23:06,801 -  7095 / 11829 (059%):	 Total:0.4340060	 Acc:0.1562500	 lr:0.0001003	 Mean_Total:0.6564235
2021-09-19 01:25:56,226 -  9460 / 11829 (079%):	 Total:0.7101417	 Acc:0.1562500	 lr:0.0001002	 Mean_Total:0.6572424
2021-09-19 01:28:32,669 - 11825 / 11829 (099%):	 Total:0.6284992	 Acc:0.1875000	 lr:0.0001000	 Mean_Total:0.6568219
2021-09-19 01:28:33,004 - ===============================| start validation |===============================
2021-09-19 01:29:35,031 - 	 Total:0.6245939	 Acc:0.1985293
2021-09-19 01:29:35,036 -    ini file updated    
2021-09-19 01:29:35,036 - ===============================|    epoch 12   |===============================
2021-09-19 01:29:36,458 -     0 / 11829 (000%):	 Total:0.8730753	 Acc:0.0937500	 lr:0.0001000	 Mean_Total:0.8730753
2021-09-19 01:32:18,332 -  2365 / 11829 (019%):	 Total:0.5945616	 Acc:0.1562500	 lr:0.0000999	 Mean_Total:0.6573038
2021-09-19 01:35:14,209 -  4730 / 11829 (039%):	 Total:0.5146527	 Acc:0.2500000	 lr:0.0000997	 Mean_Total:0.6579740
2021-09-19 01:38:08,525 -  7095 / 11829 (059%):	 Total:0.6000465	 Acc:0.3437500	 lr:0.0000996	 Mean_Total:0.6569927
2021-09-19 01:40:56,483 -  9460 / 11829 (079%):	 Total:0.6561605	 Acc:0.2500000	 lr:0.0000994	 Mean_Total:0.6568923
2021-09-19 01:43:29,625 - 11825 / 11829 (099%):	 Total:0.4813758	 Acc:0.3437500	 lr:0.0000993	 Mean_Total:0.6564384
2021-09-19 01:43:30,000 - ===============================| start validation |===============================
2021-09-19 01:44:29,634 - 	 Total:0.6228050	 Acc:0.1977688
2021-09-19 01:44:29,641 -    ini file updated    
2021-09-19 01:44:29,661 - Snapshot saved to /data/users/wergillius/UTR_VAE/pth/RL_gru_MTL/human_pretrain/human-model_best_cv3.pth

2021-09-19 01:44:29,662 -    ini file updated    
2021-09-19 01:44:29,662 - ===============================|    epoch 13   |===============================
2021-09-19 01:44:30,867 -     0 / 11829 (000%):	 Total:0.5573597	 Acc:0.2187500	 lr:0.0000993	 Mean_Total:0.5573597
2021-09-19 01:47:10,999 -  2365 / 11829 (019%):	 Total:0.5994786	 Acc:0.2500000	 lr:0.0000991	 Mean_Total:0.6574775
2021-09-19 01:50:01,918 -  4730 / 11829 (039%):	 Total:0.8012093	 Acc:0.1875000	 lr:0.0000990	 Mean_Total:0.6597167
2021-09-19 01:52:52,045 -  7095 / 11829 (059%):	 Total:0.9758416	 Acc:0.0312500	 lr:0.0000988	 Mean_Total:0.6602671
2021-09-19 01:55:38,309 -  9460 / 11829 (079%):	 Total:0.5911878	 Acc:0.1250000	 lr:0.0000987	 Mean_Total:0.6570234
2021-09-19 01:58:12,181 - 11825 / 11829 (099%):	 Total:0.5736830	 Acc:0.1250000	 lr:0.0000986	 Mean_Total:0.6561019
2021-09-19 01:58:12,532 - ===============================| start validation |===============================
2021-09-19 01:59:13,279 - 	 Total:0.6222611	 Acc:0.1994561
2021-09-19 01:59:13,284 -    ini file updated    
2021-09-19 01:59:13,308 - Snapshot saved to /data/users/wergillius/UTR_VAE/pth/RL_gru_MTL/human_pretrain/human-model_best_cv3.pth

2021-09-19 01:59:13,309 -    ini file updated    
2021-09-19 01:59:13,309 - ===============================|    epoch 14   |===============================
2021-09-19 01:59:14,817 -     0 / 11829 (000%):	 Total:0.6344525	 Acc:0.1875000	 lr:0.0000986	 Mean_Total:0.6344525
2021-09-19 02:01:54,844 -  2365 / 11829 (019%):	 Total:0.7265044	 Acc:0.1250000	 lr:0.0000984	 Mean_Total:0.6480098
2021-09-19 02:04:45,224 -  4730 / 11829 (039%):	 Total:0.6376036	 Acc:0.2500000	 lr:0.0000983	 Mean_Total:0.6476858
2021-09-19 02:07:32,369 -  7095 / 11829 (059%):	 Total:0.8774983	 Acc:0.0937500	 lr:0.0000981	 Mean_Total:0.6514432
2021-09-19 02:10:18,098 -  9460 / 11829 (079%):	 Total:0.5607917	 Acc:0.2812500	 lr:0.0000980	 Mean_Total:0.6528434
2021-09-19 02:12:54,794 - 11825 / 11829 (099%):	 Total:0.8693029	 Acc:0.0937500	 lr:0.0000978	 Mean_Total:0.6547681
2021-09-19 02:12:55,190 - ===============================| start validation |===============================
2021-09-19 02:14:00,853 - 	 Total:0.6230430	 Acc:0.2009162
2021-09-19 02:14:00,861 -    ini file updated    
2021-09-19 02:14:00,884 - Snapshot saved to /data/users/wergillius/UTR_VAE/pth/RL_gru_MTL/human_pretrain/human-model_best_cv3.pth

2021-09-19 02:14:00,885 -    ini file updated    
2021-09-19 02:14:00,885 - ===============================|    epoch 15   |===============================
2021-09-19 02:14:02,294 -     0 / 11829 (000%):	 Total:0.5933666	 Acc:0.1875000	 lr:0.0000978	 Mean_Total:0.5933666
2021-09-19 02:16:47,046 -  2365 / 11829 (019%):	 Total:1.2543163	 Acc:0.1250000	 lr:0.0000977	 Mean_Total:0.6559576
2021-09-19 02:19:36,207 -  4730 / 11829 (039%):	 Total:0.5529393	 Acc:0.2187500	 lr:0.0000976	 Mean_Total:0.6532178
2021-09-19 02:22:23,427 -  7095 / 11829 (059%):	 Total:1.1548400	 Acc:0.0937500	 lr:0.0000974	 Mean_Total:0.6555203
2021-09-19 02:25:04,030 -  9460 / 11829 (079%):	 Total:0.8134643	 Acc:0.1562500	 lr:0.0000973	 Mean_Total:0.6550076
2021-09-19 02:27:40,782 - 11825 / 11829 (099%):	 Total:0.5057960	 Acc:0.2812500	 lr:0.0000971	 Mean_Total:0.6551525
2021-09-19 02:27:41,188 - ===============================| start validation |===============================
2021-09-19 02:28:49,640 - 	 Total:0.6238157	 Acc:0.1989253
2021-09-19 02:28:49,647 -    ini file updated    
2021-09-19 02:28:49,647 - ===============================|    epoch 16   |===============================
2021-09-19 02:28:51,000 -     0 / 11829 (000%):	 Total:0.9653131	 Acc:0.0312500	 lr:0.0000971	 Mean_Total:0.9653131
2021-09-19 02:31:35,940 -  2365 / 11829 (019%):	 Total:0.5380141	 Acc:0.3437500	 lr:0.0000970	 Mean_Total:0.6560289
2021-09-19 02:34:21,159 -  4730 / 11829 (039%):	 Total:0.8352839	 Acc:0.1562500	 lr:0.0000969	 Mean_Total:0.6551515
2021-09-19 02:37:06,661 -  7095 / 11829 (059%):	 Total:0.7777888	 Acc:0.1562500	 lr:0.0000967	 Mean_Total:0.6553241
2021-09-19 02:39:44,530 -  9460 / 11829 (079%):	 Total:0.7436944	 Acc:0.2187500	 lr:0.0000966	 Mean_Total:0.6548996
2021-09-19 02:42:21,474 - 11825 / 11829 (099%):	 Total:0.5990682	 Acc:0.1250000	 lr:0.0000964	 Mean_Total:0.6551410
2021-09-19 02:42:21,920 - ===============================| start validation |===============================
2021-09-19 02:43:31,795 - 	 Total:0.6238992	 Acc:0.2001452
2021-09-19 02:43:31,800 -    ini file updated    
2021-09-19 02:43:31,800 - ===============================|    epoch 17   |===============================
2021-09-19 02:43:32,963 -     0 / 11829 (000%):	 Total:0.8328960	 Acc:0.1875000	 lr:0.0000964	 Mean_Total:0.8328960
2021-09-19 02:46:20,096 -  2365 / 11829 (019%):	 Total:0.7672630	 Acc:0.1562500	 lr:0.0000963	 Mean_Total:0.6573208
2021-09-19 02:49:06,644 -  4730 / 11829 (039%):	 Total:0.4733415	 Acc:0.2812500	 lr:0.0000962	 Mean_Total:0.6560330
2021-09-19 02:51:53,883 -  7095 / 11829 (059%):	 Total:0.4544219	 Acc:0.1562500	 lr:0.0000960	 Mean_Total:0.6560494
2021-09-19 02:54:36,970 -  9460 / 11829 (079%):	 Total:0.5809072	 Acc:0.1875000	 lr:0.0000959	 Mean_Total:0.6543966
2021-09-19 02:57:12,637 - 11825 / 11829 (099%):	 Total:0.7246074	 Acc:0.2187500	 lr:0.0000958	 Mean_Total:0.6549511
2021-09-19 02:57:13,079 - ===============================| start validation |===============================
2021-09-19 02:58:22,950 - 	 Total:0.6209944	 Acc:0.1982890
2021-09-19 02:58:22,956 -    ini file updated    
2021-09-19 02:58:22,979 - Snapshot saved to /data/users/wergillius/UTR_VAE/pth/RL_gru_MTL/human_pretrain/human-model_best_cv3.pth

2021-09-19 02:58:22,980 -    ini file updated    
2021-09-19 02:58:22,981 - ===============================|    epoch 18   |===============================
2021-09-19 02:58:24,395 -     0 / 11829 (000%):	 Total:0.5294846	 Acc:0.2812500	 lr:0.0000958	 Mean_Total:0.5294846
2021-09-19 03:01:07,075 -  2365 / 11829 (019%):	 Total:0.4401083	 Acc:0.2187500	 lr:0.0000956	 Mean_Total:0.6555170
2021-09-19 03:03:49,127 -  4730 / 11829 (039%):	 Total:0.5519857	 Acc:0.1875000	 lr:0.0000955	 Mean_Total:0.6550824
2021-09-19 03:06:34,825 -  7095 / 11829 (059%):	 Total:0.5667764	 Acc:0.2812500	 lr:0.0000954	 Mean_Total:0.6535359
2021-09-19 03:09:19,605 -  9460 / 11829 (079%):	 Total:0.6470466	 Acc:0.2812500	 lr:0.0000952	 Mean_Total:0.6541839
2021-09-19 03:11:58,229 - 11825 / 11829 (099%):	 Total:0.8129420	 Acc:0.1250000	 lr:0.0000951	 Mean_Total:0.6536759
2021-09-19 03:11:58,670 - ===============================| start validation |===============================
2021-09-19 03:13:08,160 - 	 Total:0.6202990	 Acc:0.1991339
2021-09-19 03:13:08,168 -    ini file updated    
2021-09-19 03:13:08,196 - Snapshot saved to /data/users/wergillius/UTR_VAE/pth/RL_gru_MTL/human_pretrain/human-model_best_cv3.pth

2021-09-19 03:13:08,198 -    ini file updated    
2021-09-19 03:13:08,198 - ===============================|    epoch 19   |===============================
2021-09-19 03:13:09,595 -     0 / 11829 (000%):	 Total:0.5303482	 Acc:0.2500000	 lr:0.0000951	 Mean_Total:0.5303482
2021-09-19 03:15:53,958 -  2365 / 11829 (019%):	 Total:0.4160511	 Acc:0.2500000	 lr:0.0000950	 Mean_Total:0.6500461
2021-09-19 03:18:39,260 -  4730 / 11829 (039%):	 Total:1.2817113	 Acc:0.2812500	 lr:0.0000949	 Mean_Total:0.6518243
2021-09-19 03:21:19,896 -  7095 / 11829 (059%):	 Total:1.0521371	 Acc:0.0625000	 lr:0.0000947	 Mean_Total:0.6524166
2021-09-19 03:24:06,266 -  9460 / 11829 (079%):	 Total:0.4726081	 Acc:0.2500000	 lr:0.0000946	 Mean_Total:0.6521297
2021-09-19 03:26:42,794 - 11825 / 11829 (099%):	 Total:0.5737685	 Acc:0.1562500	 lr:0.0000945	 Mean_Total:0.6529308
2021-09-19 03:26:43,210 - ===============================| start validation |===============================
2021-09-19 03:27:52,695 - 	 Total:0.6225750	 Acc:0.1978401
2021-09-19 03:27:52,701 -    ini file updated    
2021-09-19 03:27:52,701 - ===============================|    epoch 20   |===============================
2021-09-19 03:27:53,864 -     0 / 11829 (000%):	 Total:0.7655530	 Acc:0.1562500	 lr:0.0000945	 Mean_Total:0.7655530
2021-09-19 03:30:36,214 -  2365 / 11829 (019%):	 Total:0.6065193	 Acc:0.0937500	 lr:0.0000943	 Mean_Total:0.6552580
2021-09-19 03:33:18,344 -  4730 / 11829 (039%):	 Total:0.6570801	 Acc:0.1562500	 lr:0.0000942	 Mean_Total:0.6531057
2021-09-19 03:35:55,151 -  7095 / 11829 (059%):	 Total:0.5973608	 Acc:0.0937500	 lr:0.0000941	 Mean_Total:0.6536738
2021-09-19 03:38:40,741 -  9460 / 11829 (079%):	 Total:0.4104274	 Acc:0.2187500	 lr:0.0000940	 Mean_Total:0.6541717
2021-09-19 03:41:17,137 - 11825 / 11829 (099%):	 Total:0.6610385	 Acc:0.1250000	 lr:0.0000938	 Mean_Total:0.6539018
2021-09-19 03:41:17,560 - ===============================| start validation |===============================
2021-09-19 03:42:27,162 - 	 Total:0.6293545	 Acc:0.2022708
2021-09-19 03:42:27,167 -    ini file updated    
2021-09-19 03:42:27,191 - Snapshot saved to /data/users/wergillius/UTR_VAE/pth/RL_gru_MTL/human_pretrain/human-model_best_cv3.pth

2021-09-19 03:42:27,192 -    ini file updated    
2021-09-19 03:42:27,192 - ===============================|    epoch 21   |===============================
2021-09-19 03:42:28,590 -     0 / 11829 (000%):	 Total:0.6650865	 Acc:0.1562500	 lr:0.0000938	 Mean_Total:0.6650865
2021-09-19 03:45:11,625 -  2365 / 11829 (019%):	 Total:0.5253713	 Acc:0.2812500	 lr:0.0000937	 Mean_Total:0.6542430
2021-09-19 03:47:53,460 -  4730 / 11829 (039%):	 Total:0.6673664	 Acc:0.1562500	 lr:0.0000936	 Mean_Total:0.6525418
2021-09-19 03:50:31,809 -  7095 / 11829 (059%):	 Total:0.5952647	 Acc:0.1562500	 lr:0.0000935	 Mean_Total:0.6537073
2021-09-19 03:53:17,570 -  9460 / 11829 (079%):	 Total:0.6892931	 Acc:0.1250000	 lr:0.0000933	 Mean_Total:0.6534578
2021-09-19 03:55:57,470 - 11825 / 11829 (099%):	 Total:0.5231358	 Acc:0.2187500	 lr:0.0000932	 Mean_Total:0.6536499
2021-09-19 03:55:57,873 - ===============================| start validation |===============================
2021-09-19 03:57:07,371 - 	 Total:0.6203985	 Acc:0.1995749
2021-09-19 03:57:07,376 -    ini file updated    
2021-09-19 03:57:07,377 - ===============================|    epoch 22   |===============================
2021-09-19 03:57:08,640 -     0 / 11829 (000%):	 Total:0.7990806	 Acc:0.1875000	 lr:0.0000932	 Mean_Total:0.7990806
2021-09-19 03:59:53,152 -  2365 / 11829 (019%):	 Total:0.6155380	 Acc:0.1562500	 lr:0.0000931	 Mean_Total:0.6499957
2021-09-19 04:02:33,345 -  4730 / 11829 (039%):	 Total:0.6360870	 Acc:0.0625000	 lr:0.0000930	 Mean_Total:0.6518466
2021-09-19 04:05:17,028 -  7095 / 11829 (059%):	 Total:1.2102333	 Acc:0.0937500	 lr:0.0000929	 Mean_Total:0.6543332
2021-09-19 04:08:04,431 -  9460 / 11829 (079%):	 Total:0.7799879	 Acc:0.1875000	 lr:0.0000927	 Mean_Total:0.6537578
2021-09-19 04:10:44,441 - 11825 / 11829 (099%):	 Total:0.6575631	 Acc:0.1875000	 lr:0.0000926	 Mean_Total:0.6530654
2021-09-19 04:10:44,877 - ===============================| start validation |===============================
2021-09-19 04:11:55,035 - 	 Total:0.6202302	 Acc:0.2002060
2021-09-19 04:11:55,041 -    ini file updated    
2021-09-19 04:11:55,064 - Snapshot saved to /data/users/wergillius/UTR_VAE/pth/RL_gru_MTL/human_pretrain/human-model_best_cv3.pth

2021-09-19 04:11:55,065 -    ini file updated    
2021-09-19 04:11:55,065 - ===============================|    epoch 23   |===============================
2021-09-19 04:11:56,511 -     0 / 11829 (000%):	 Total:0.6228094	 Acc:0.1875000	 lr:0.0000926	 Mean_Total:0.6228094
2021-09-19 04:14:37,238 -  2365 / 11829 (019%):	 Total:0.9081415	 Acc:0.0937500	 lr:0.0000925	 Mean_Total:0.6522168
2021-09-19 04:17:16,826 -  4730 / 11829 (039%):	 Total:0.7656441	 Acc:0.3125000	 lr:0.0000924	 Mean_Total:0.6515363
2021-09-19 04:20:01,774 -  7095 / 11829 (059%):	 Total:0.6364424	 Acc:0.1562500	 lr:0.0000923	 Mean_Total:0.6513340
2021-09-19 04:22:50,653 -  9460 / 11829 (079%):	 Total:0.7628579	 Acc:0.1875000	 lr:0.0000921	 Mean_Total:0.6518507
2021-09-19 04:25:33,498 - 11825 / 11829 (099%):	 Total:0.6410160	 Acc:0.2500000	 lr:0.0000920	 Mean_Total:0.6517387
2021-09-19 04:25:33,977 - ===============================| start validation |===============================
2021-09-19 04:26:46,524 - 	 Total:0.6192163	 Acc:0.2006548
2021-09-19 04:26:46,530 -    ini file updated    
2021-09-19 04:26:46,548 - Snapshot saved to /data/users/wergillius/UTR_VAE/pth/RL_gru_MTL/human_pretrain/human-model_best_cv3.pth

2021-09-19 04:26:46,550 -    ini file updated    
2021-09-19 04:26:46,550 - ===============================|    epoch 24   |===============================
2021-09-19 04:26:47,964 -     0 / 11829 (000%):	 Total:0.7830313	 Acc:0.1875000	 lr:0.0000920	 Mean_Total:0.7830313
2021-09-19 04:29:31,962 -  2365 / 11829 (019%):	 Total:0.8276320	 Acc:0.1562500	 lr:0.0000919	 Mean_Total:0.6551562
2021-09-19 04:32:10,259 -  4730 / 11829 (039%):	 Total:0.7914228	 Acc:0.2812500	 lr:0.0000918	 Mean_Total:0.6524431
2021-09-19 04:35:02,403 -  7095 / 11829 (059%):	 Total:0.4467492	 Acc:0.3437500	 lr:0.0000917	 Mean_Total:0.6516045
2021-09-19 04:37:51,609 -  9460 / 11829 (079%):	 Total:0.4035068	 Acc:0.2187500	 lr:0.0000916	 Mean_Total:0.6527017
2021-09-19 04:40:30,619 - 11825 / 11829 (099%):	 Total:0.6304756	 Acc:0.0937500	 lr:0.0000914	 Mean_Total:0.6518950
2021-09-19 04:40:31,076 - ===============================| start validation |===============================
2021-09-19 04:41:41,410 - 	 Total:0.6186487	 Acc:0.1992422
2021-09-19 04:41:41,417 -    ini file updated    
2021-09-19 04:41:41,439 - Snapshot saved to /data/users/wergillius/UTR_VAE/pth/RL_gru_MTL/human_pretrain/human-model_best_cv3.pth

2021-09-19 04:41:41,441 -    ini file updated    
2021-09-19 04:41:41,441 - ===============================|    epoch 25   |===============================
2021-09-19 04:41:42,844 -     0 / 11829 (000%):	 Total:0.7033200	 Acc:0.1250000	 lr:0.0000914	 Mean_Total:0.7033200
2021-09-19 04:44:20,637 -  2365 / 11829 (019%):	 Total:0.6380038	 Acc:0.1250000	 lr:0.0000913	 Mean_Total:0.6518149
2021-09-19 04:46:55,191 -  4730 / 11829 (039%):	 Total:0.6184377	 Acc:0.1875000	 lr:0.0000912	 Mean_Total:0.6540762
2021-09-19 04:49:44,755 -  7095 / 11829 (059%):	 Total:0.7058368	 Acc:0.1875000	 lr:0.0000911	 Mean_Total:0.6534424
2021-09-19 04:52:30,683 -  9460 / 11829 (079%):	 Total:0.8317556	 Acc:0.1875000	 lr:0.0000910	 Mean_Total:0.6527121
2021-09-19 04:55:06,110 - 11825 / 11829 (099%):	 Total:0.5456371	 Acc:0.2812500	 lr:0.0000909	 Mean_Total:0.6522170
2021-09-19 04:55:06,505 - ===============================| start validation |===============================
2021-09-19 04:56:15,703 - 	 Total:0.6174002	 Acc:0.1997518
2021-09-19 04:56:15,708 -    ini file updated    
2021-09-19 04:56:15,735 - Snapshot saved to /data/users/wergillius/UTR_VAE/pth/RL_gru_MTL/human_pretrain/human-model_best_cv3.pth

2021-09-19 04:56:15,736 -    ini file updated    
2021-09-19 04:56:15,736 - ===============================|    epoch 26   |===============================
2021-09-19 04:56:17,178 -     0 / 11829 (000%):	 Total:0.6245602	 Acc:0.1250000	 lr:0.0000909	 Mean_Total:0.6245602
2021-09-19 04:58:55,249 -  2365 / 11829 (019%):	 Total:0.6223043	 Acc:0.1562500	 lr:0.0000907	 Mean_Total:0.6488079
2021-09-19 05:01:32,008 -  4730 / 11829 (039%):	 Total:0.6994660	 Acc:0.1875000	 lr:0.0000906	 Mean_Total:0.6534411
2021-09-19 05:04:20,073 -  7095 / 11829 (059%):	 Total:0.4639886	 Acc:0.1875000	 lr:0.0000905	 Mean_Total:0.6531334
2021-09-19 05:07:09,328 -  9460 / 11829 (079%):	 Total:0.6184968	 Acc:0.2187500	 lr:0.0000904	 Mean_Total:0.6517720
2021-09-19 05:09:46,495 - 11825 / 11829 (099%):	 Total:0.5651567	 Acc:0.2187500	 lr:0.0000903	 Mean_Total:0.6522791
2021-09-19 05:09:46,994 - ===============================| start validation |===============================
2021-09-19 05:10:53,672 - 	 Total:0.6187687	 Acc:0.1987431
2021-09-19 05:10:53,677 -    ini file updated    
2021-09-19 05:10:53,678 - ===============================|    epoch 27   |===============================
2021-09-19 05:10:54,833 -     0 / 11829 (000%):	 Total:0.7121584	 Acc:0.1875000	 lr:0.0000903	 Mean_Total:0.7121584
2021-09-19 05:13:30,148 -  2365 / 11829 (019%):	 Total:0.6893192	 Acc:0.1562500	 lr:0.0000902	 Mean_Total:0.6475274
2021-09-19 05:16:09,612 -  4730 / 11829 (039%):	 Total:0.6789665	 Acc:0.0937500	 lr:0.0000901	 Mean_Total:0.6501163
2021-09-19 05:18:55,479 -  7095 / 11829 (059%):	 Total:0.9212754	 Acc:0.2187500	 lr:0.0000900	 Mean_Total:0.6503598
2021-09-19 05:21:45,168 -  9460 / 11829 (079%):	 Total:0.6858132	 Acc:0.1562500	 lr:0.0000899	 Mean_Total:0.6515758
2021-09-19 05:24:18,914 - 11825 / 11829 (099%):	 Total:0.5495492	 Acc:0.1875000	 lr:0.0000897	 Mean_Total:0.6511030
2021-09-19 05:24:19,310 - ===============================| start validation |===============================
2021-09-19 05:25:26,719 - 	 Total:0.6254865	 Acc:0.2017374
2021-09-19 05:25:26,725 -    ini file updated    
2021-09-19 05:25:26,725 - ===============================|    epoch 28   |===============================
2021-09-19 05:25:28,026 -     0 / 11829 (000%):	 Total:0.7327788	 Acc:0.0937500	 lr:0.0000897	 Mean_Total:0.7327788
2021-09-19 05:28:04,789 -  2365 / 11829 (019%):	 Total:0.7363632	 Acc:0.2500000	 lr:0.0000896	 Mean_Total:0.6550356
2021-09-19 05:30:46,314 -  4730 / 11829 (039%):	 Total:0.4121421	 Acc:0.2812500	 lr:0.0000895	 Mean_Total:0.6540799
2021-09-19 05:33:32,059 -  7095 / 11829 (059%):	 Total:0.7322299	 Acc:0.2500000	 lr:0.0000894	 Mean_Total:0.6532676
2021-09-19 05:36:23,501 -  9460 / 11829 (079%):	 Total:0.4649330	 Acc:0.1875000	 lr:0.0000893	 Mean_Total:0.6532080
2021-09-19 05:39:02,016 - 11825 / 11829 (099%):	 Total:0.3888547	 Acc:0.2187500	 lr:0.0000892	 Mean_Total:0.6518919
2021-09-19 05:39:02,408 - ===============================| start validation |===============================
2021-09-19 05:40:11,469 - 	 Total:0.6182188	 Acc:0.1998125
2021-09-19 05:40:11,476 -    ini file updated    
2021-09-19 05:40:11,476 - ===============================|    epoch 29   |===============================
2021-09-19 05:40:12,801 -     0 / 11829 (000%):	 Total:0.5948381	 Acc:0.1562500	 lr:0.0000892	 Mean_Total:0.5948381
2021-09-19 05:42:47,603 -  2365 / 11829 (019%):	 Total:0.2785885	 Acc:0.3125000	 lr:0.0000891	 Mean_Total:0.6479385
2021-09-19 05:45:31,994 -  4730 / 11829 (039%):	 Total:0.6157185	 Acc:0.1562500	 lr:0.0000890	 Mean_Total:0.6471205
2021-09-19 05:48:21,798 -  7095 / 11829 (059%):	 Total:0.6888856	 Acc:0.1562500	 lr:0.0000889	 Mean_Total:0.6484826
2021-09-19 05:51:14,474 -  9460 / 11829 (079%):	 Total:0.6953610	 Acc:0.0625000	 lr:0.0000888	 Mean_Total:0.6496169
2021-09-19 05:53:48,581 - 11825 / 11829 (099%):	 Total:0.5299961	 Acc:0.2812500	 lr:0.0000887	 Mean_Total:0.6492250
2021-09-19 05:53:49,037 - ===============================| start validation |===============================
2021-09-19 05:54:57,720 - 	 Total:0.6281064	 Acc:0.2027355
2021-09-19 05:54:57,726 -    ini file updated    
2021-09-19 05:54:57,750 - Snapshot saved to /data/users/wergillius/UTR_VAE/pth/RL_gru_MTL/human_pretrain/human-model_best_cv3.pth

2021-09-19 05:54:57,751 -    ini file updated    
2021-09-19 05:54:57,751 - ===============================|    epoch 30   |===============================
2021-09-19 05:54:59,049 -     0 / 11829 (000%):	 Total:0.4453386	 Acc:0.1562500	 lr:0.0000887	 Mean_Total:0.4453386
2021-09-19 05:57:35,395 -  2365 / 11829 (019%):	 Total:0.8692312	 Acc:0.1875000	 lr:0.0000886	 Mean_Total:0.6524614
2021-09-19 06:00:21,033 -  4730 / 11829 (039%):	 Total:0.6747454	 Acc:0.1875000	 lr:0.0000885	 Mean_Total:0.6517978
2021-09-19 06:03:09,425 -  7095 / 11829 (059%):	 Total:0.7490349	 Acc:0.1875000	 lr:0.0000884	 Mean_Total:0.6515862
2021-09-19 06:06:02,931 -  9460 / 11829 (079%):	 Total:0.8108386	 Acc:0.2812500	 lr:0.0000883	 Mean_Total:0.6510974
2021-09-19 06:08:38,496 - 11825 / 11829 (099%):	 Total:0.7999849	 Acc:0.2187500	 lr:0.0000881	 Mean_Total:0.6506173
2021-09-19 06:08:39,030 - ===============================| start validation |===============================
2021-09-19 06:09:47,426 - 	 Total:0.6226420	 Acc:0.2028306
2021-09-19 06:09:47,430 -    ini file updated    
2021-09-19 06:09:47,447 - Snapshot saved to /data/users/wergillius/UTR_VAE/pth/RL_gru_MTL/human_pretrain/human-model_best_cv3.pth

2021-09-19 06:09:47,448 -    ini file updated    
2021-09-19 06:09:47,449 - ===============================|    epoch 31   |===============================
2021-09-19 06:09:48,687 -     0 / 11829 (000%):	 Total:0.6100175	 Acc:0.2500000	 lr:0.0000881	 Mean_Total:0.6100175
2021-09-19 06:12:27,413 -  2365 / 11829 (019%):	 Total:0.7207858	 Acc:0.2187500	 lr:0.0000880	 Mean_Total:0.6472758
2021-09-19 06:15:08,238 -  4730 / 11829 (039%):	 Total:0.5195926	 Acc:0.2187500	 lr:0.0000879	 Mean_Total:0.6484328
2021-09-19 06:18:00,030 -  7095 / 11829 (059%):	 Total:0.7622967	 Acc:0.1562500	 lr:0.0000878	 Mean_Total:0.6495328
2021-09-19 06:20:50,310 -  9460 / 11829 (079%):	 Total:0.7352855	 Acc:0.1875000	 lr:0.0000877	 Mean_Total:0.6497621
2021-09-19 06:23:20,985 - 11825 / 11829 (099%):	 Total:0.6528336	 Acc:0.1250000	 lr:0.0000876	 Mean_Total:0.6502399
2021-09-19 06:23:21,386 - ===============================| start validation |===============================
2021-09-19 06:24:29,739 - 	 Total:0.6187998	 Acc:0.1996435
2021-09-19 06:24:29,744 -    ini file updated    
2021-09-19 06:24:29,744 - ===============================|    epoch 32   |===============================
2021-09-19 06:24:31,102 -     0 / 11829 (000%):	 Total:0.7735016	 Acc:0.1250000	 lr:0.0000876	 Mean_Total:0.7735016
2021-09-19 06:27:13,568 -  2365 / 11829 (019%):	 Total:0.5831043	 Acc:0.1562500	 lr:0.0000875	 Mean_Total:0.6513312
2021-09-19 06:29:55,143 -  4730 / 11829 (039%):	 Total:0.7242870	 Acc:0.1562500	 lr:0.0000874	 Mean_Total:0.6546136
2021-09-19 06:32:48,221 -  7095 / 11829 (059%):	 Total:0.9747312	 Acc:0.1875000	 lr:0.0000873	 Mean_Total:0.6511546
2021-09-19 06:35:39,261 -  9460 / 11829 (079%):	 Total:0.6679267	 Acc:0.1562500	 lr:0.0000872	 Mean_Total:0.6498691
2021-09-19 06:38:11,979 - 11825 / 11829 (099%):	 Total:1.0239764	 Acc:0.2187500	 lr:0.0000871	 Mean_Total:0.6502346
2021-09-19 06:38:12,442 - ===============================| start validation |===============================
2021-09-19 06:39:19,889 - 	 Total:0.6223760	 Acc:0.2011301
2021-09-19 06:39:19,896 -    ini file updated    
2021-09-19 06:39:19,896 - ===============================|    epoch 33   |===============================
2021-09-19 06:39:21,246 -     0 / 11829 (000%):	 Total:0.7863572	 Acc:0.1875000	 lr:0.0000871	 Mean_Total:0.7863572
2021-09-19 06:42:01,700 -  2365 / 11829 (019%):	 Total:0.5293355	 Acc:0.1562500	 lr:0.0000870	 Mean_Total:0.6454433
2021-09-19 06:44:45,268 -  4730 / 11829 (039%):	 Total:0.8341346	 Acc:0.3125000	 lr:0.0000869	 Mean_Total:0.6461648
2021-09-19 06:47:43,632 -  7095 / 11829 (059%):	 Total:0.7134752	 Acc:0.1562500	 lr:0.0000868	 Mean_Total:0.6466749
2021-09-19 06:50:32,720 -  9460 / 11829 (079%):	 Total:0.4486243	 Acc:0.2500000	 lr:0.0000867	 Mean_Total:0.6484242
2021-09-19 06:53:03,472 - 11825 / 11829 (099%):	 Total:0.6030349	 Acc:0.1562500	 lr:0.0000866	 Mean_Total:0.6498040
2021-09-19 06:53:03,916 - ===============================| start validation |===============================
2021-09-19 06:54:10,439 - 	 Total:0.6221198	 Acc:0.2022972
2021-09-19 06:54:10,444 -    ini file updated    
2021-09-19 06:54:10,444 - ===============================|    epoch 34   |===============================
2021-09-19 06:54:11,700 -     0 / 11829 (000%):	 Total:0.5566512	 Acc:0.2812500	 lr:0.0000866	 Mean_Total:0.5566512
2021-09-19 06:56:57,236 -  2365 / 11829 (019%):	 Total:0.4640785	 Acc:0.2187500	 lr:0.0000865	 Mean_Total:0.6520169
2021-09-19 06:59:41,907 -  4730 / 11829 (039%):	 Total:1.3470728	 Acc:0.1562500	 lr:0.0000864	 Mean_Total:0.6516360
2021-09-19 07:02:38,688 -  7095 / 11829 (059%):	 Total:0.6744884	 Acc:0.1875000	 lr:0.0000863	 Mean_Total:0.6490544
2021-09-19 07:05:27,941 -  9460 / 11829 (079%):	 Total:0.5962321	 Acc:0.1562500	 lr:0.0000862	 Mean_Total:0.6496891
2021-09-19 07:08:01,795 - 11825 / 11829 (099%):	 Total:0.6935577	 Acc:0.1562500	 lr:0.0000861	 Mean_Total:0.6493659
2021-09-19 07:08:02,238 - ===============================| start validation |===============================
2021-09-19 07:09:12,080 - 	 Total:0.6173752	 Acc:0.2000132
2021-09-19 07:09:12,088 -    ini file updated    
2021-09-19 07:09:12,111 - Snapshot saved to /data/users/wergillius/UTR_VAE/pth/RL_gru_MTL/human_pretrain/human-model_best_cv3.pth

2021-09-19 07:09:12,113 -    ini file updated    
2021-09-19 07:09:12,113 - ===============================|    epoch 35   |===============================
2021-09-19 07:09:13,597 -     0 / 11829 (000%):	 Total:0.5819058	 Acc:0.2500000	 lr:0.0000861	 Mean_Total:0.5819058
2021-09-19 07:12:00,801 -  2365 / 11829 (019%):	 Total:0.5651827	 Acc:0.2500000	 lr:0.0000860	 Mean_Total:0.6469110
2021-09-19 07:14:46,388 -  4730 / 11829 (039%):	 Total:0.3758936	 Acc:0.1562500	 lr:0.0000860	 Mean_Total:0.6488174
2021-09-19 07:17:37,150 -  7095 / 11829 (059%):	 Total:0.7271942	 Acc:0.1250000	 lr:0.0000859	 Mean_Total:0.6505851
2021-09-19 07:20:26,100 -  9460 / 11829 (079%):	 Total:0.9388036	 Acc:0.1562500	 lr:0.0000858	 Mean_Total:0.6493269
2021-09-19 07:23:00,975 - 11825 / 11829 (099%):	 Total:0.7584366	 Acc:0.1875000	 lr:0.0000857	 Mean_Total:0.6501692
2021-09-19 07:23:01,454 - ===============================| start validation |===============================
2021-09-19 07:24:11,738 - 	 Total:0.6255523	 Acc:0.2033745
2021-09-19 07:24:11,743 -    ini file updated    
2021-09-19 07:24:11,764 - Snapshot saved to /data/users/wergillius/UTR_VAE/pth/RL_gru_MTL/human_pretrain/human-model_best_cv3.pth

2021-09-19 07:24:11,766 -    ini file updated    
2021-09-19 07:24:11,766 - ===============================|    epoch 36   |===============================
2021-09-19 07:24:12,998 -     0 / 11829 (000%):	 Total:0.5278605	 Acc:0.2187500	 lr:0.0000857	 Mean_Total:0.5278605
2021-09-19 07:26:56,951 -  2365 / 11829 (019%):	 Total:0.4890976	 Acc:0.0937500	 lr:0.0000856	 Mean_Total:0.6480455
2021-09-19 07:29:39,773 -  4730 / 11829 (039%):	 Total:0.8478158	 Acc:0.2500000	 lr:0.0000855	 Mean_Total:0.6495978
2021-09-19 07:32:29,113 -  7095 / 11829 (059%):	 Total:0.5390977	 Acc:0.0937500	 lr:0.0000854	 Mean_Total:0.6486840
2021-09-19 07:35:12,320 -  9460 / 11829 (079%):	 Total:0.4609388	 Acc:0.1562500	 lr:0.0000853	 Mean_Total:0.6499959
2021-09-19 07:37:49,126 - 11825 / 11829 (099%):	 Total:0.8317637	 Acc:0.0937500	 lr:0.0000852	 Mean_Total:0.6493221
2021-09-19 07:37:49,548 - ===============================| start validation |===============================
2021-09-19 07:39:01,012 - 	 Total:0.6165840	 Acc:0.2003697
2021-09-19 07:39:01,017 -    ini file updated    
2021-09-19 07:39:01,039 - Snapshot saved to /data/users/wergillius/UTR_VAE/pth/RL_gru_MTL/human_pretrain/human-model_best_cv3.pth

2021-09-19 07:39:01,041 -    ini file updated    
2021-09-19 07:39:01,041 - ===============================|    epoch 37   |===============================
2021-09-19 07:39:02,307 -     0 / 11829 (000%):	 Total:0.6802400	 Acc:0.1250000	 lr:0.0000852	 Mean_Total:0.6802400
2021-09-19 07:41:45,600 -  2365 / 11829 (019%):	 Total:0.7686033	 Acc:0.2187500	 lr:0.0000851	 Mean_Total:0.6530055
2021-09-19 07:44:31,679 -  4730 / 11829 (039%):	 Total:0.6585385	 Acc:0.2500000	 lr:0.0000850	 Mean_Total:0.6497214
2021-09-19 07:47:19,395 -  7095 / 11829 (059%):	 Total:0.8506613	 Acc:0.2187500	 lr:0.0000849	 Mean_Total:0.6498708
2021-09-19 07:50:09,570 -  9460 / 11829 (079%):	 Total:0.4007719	 Acc:0.2812500	 lr:0.0000848	 Mean_Total:0.6497120
2021-09-19 07:52:52,509 - 11825 / 11829 (099%):	 Total:0.5153039	 Acc:0.2500000	 lr:0.0000847	 Mean_Total:0.6499194
2021-09-19 07:52:52,940 - ===============================| start validation |===============================
2021-09-19 07:54:05,409 - 	 Total:0.6172610	 Acc:0.1986718
2021-09-19 07:54:05,415 -    ini file updated    
2021-09-19 07:54:05,416 - ===============================|    epoch 38   |===============================
2021-09-19 07:54:06,723 -     0 / 11829 (000%):	 Total:0.5841394	 Acc:0.2500000	 lr:0.0000847	 Mean_Total:0.5841394
2021-09-19 07:56:53,873 -  2365 / 11829 (019%):	 Total:0.7740033	 Acc:0.2187500	 lr:0.0000846	 Mean_Total:0.6441389
2021-09-19 07:59:39,414 -  4730 / 11829 (039%):	 Total:0.6491136	 Acc:0.0937500	 lr:0.0000845	 Mean_Total:0.6469315
2021-09-19 08:02:28,621 -  7095 / 11829 (059%):	 Total:0.5314338	 Acc:0.3437500	 lr:0.0000845	 Mean_Total:0.6479122
2021-09-19 08:05:13,490 -  9460 / 11829 (079%):	 Total:0.7717503	 Acc:0.1250000	 lr:0.0000844	 Mean_Total:0.6478478
2021-09-19 08:07:52,532 - 11825 / 11829 (099%):	 Total:0.5313616	 Acc:0.2187500	 lr:0.0000843	 Mean_Total:0.6486145
2021-09-19 08:07:53,073 - ===============================| start validation |===============================
2021-09-19 08:09:05,985 - 	 Total:0.6166658	 Acc:0.2001452
2021-09-19 08:09:05,990 -    ini file updated    
2021-09-19 08:09:05,990 - ===============================|    epoch 39   |===============================
2021-09-19 08:09:07,360 -     0 / 11829 (000%):	 Total:0.8967838	 Acc:0.2187500	 lr:0.0000843	 Mean_Total:0.8967838
2021-09-19 08:11:53,603 -  2365 / 11829 (019%):	 Total:0.8709648	 Acc:0.2500000	 lr:0.0000842	 Mean_Total:0.6443021
2021-09-19 08:14:33,177 -  4730 / 11829 (039%):	 Total:0.7788697	 Acc:0.1250000	 lr:0.0000841	 Mean_Total:0.6452941
2021-09-19 08:17:19,776 -  7095 / 11829 (059%):	 Total:0.4777812	 Acc:0.3125000	 lr:0.0000840	 Mean_Total:0.6474643
2021-09-19 08:20:07,877 -  9460 / 11829 (079%):	 Total:0.8630887	 Acc:0.1875000	 lr:0.0000839	 Mean_Total:0.6488462
2021-09-19 08:22:46,314 - 11825 / 11829 (099%):	 Total:0.2873136	 Acc:0.3437500	 lr:0.0000838	 Mean_Total:0.6484731
2021-09-19 08:22:46,734 - ===============================| start validation |===============================
2021-09-19 08:23:57,572 - 	 Total:0.6189371	 Acc:0.1997201
2021-09-19 08:23:57,577 -    ini file updated    
2021-09-19 08:23:57,577 - ===============================|    epoch 40   |===============================
2021-09-19 08:23:59,040 -     0 / 11829 (000%):	 Total:0.6534840	 Acc:0.2187500	 lr:0.0000838	 Mean_Total:0.6534840
2021-09-19 08:26:45,785 -  2365 / 11829 (019%):	 Total:0.6259869	 Acc:0.3437500	 lr:0.0000837	 Mean_Total:0.6453524
2021-09-19 08:29:25,444 -  4730 / 11829 (039%):	 Total:0.7163795	 Acc:0.1875000	 lr:0.0000836	 Mean_Total:0.6461611
2021-09-19 08:32:17,252 -  7095 / 11829 (059%):	 Total:0.8330876	 Acc:0.2187500	 lr:0.0000836	 Mean_Total:0.6471126
2021-09-19 08:35:09,257 -  9460 / 11829 (079%):	 Total:0.8682255	 Acc:0.1562500	 lr:0.0000835	 Mean_Total:0.6481875
2021-09-19 08:37:50,287 - 11825 / 11829 (099%):	 Total:0.6474235	 Acc:0.2812500	 lr:0.0000834	 Mean_Total:0.6485959
2021-09-19 08:37:50,836 - ===============================| start validation |===============================
2021-09-19 08:39:02,527 - 	 Total:0.6176394	 Acc:0.2005492
2021-09-19 08:39:02,533 -    ini file updated    
2021-09-19 08:39:02,533 - ===============================|    epoch 41   |===============================
2021-09-19 08:39:03,895 -     0 / 11829 (000%):	 Total:0.8017676	 Acc:0.0937500	 lr:0.0000834	 Mean_Total:0.8017676
2021-09-19 08:41:47,440 -  2365 / 11829 (019%):	 Total:1.1605878	 Acc:0.0625000	 lr:0.0000833	 Mean_Total:0.6481313
2021-09-19 08:44:24,833 -  4730 / 11829 (039%):	 Total:0.9752784	 Acc:0.1562500	 lr:0.0000832	 Mean_Total:0.6502944
2021-09-19 08:47:09,029 -  7095 / 11829 (059%):	 Total:0.5177854	 Acc:0.2187500	 lr:0.0000831	 Mean_Total:0.6495426
2021-09-19 08:50:07,384 -  9460 / 11829 (079%):	 Total:0.6052259	 Acc:0.3125000	 lr:0.0000830	 Mean_Total:0.6493954
2021-09-19 08:52:49,073 - 11825 / 11829 (099%):	 Total:0.3591251	 Acc:0.2812500	 lr:0.0000829	 Mean_Total:0.6484638
2021-09-19 08:52:49,612 - ===============================| start validation |===============================
2021-09-19 08:54:00,776 - 	 Total:0.6169889	 Acc:0.2000713
2021-09-19 08:54:00,785 -    ini file updated    
2021-09-19 08:54:00,785 - ===============================|    epoch 42   |===============================
2021-09-19 08:54:02,110 -     0 / 11829 (000%):	 Total:0.6110049	 Acc:0.1562500	 lr:0.0000829	 Mean_Total:0.6110049
2021-09-19 08:56:46,462 -  2365 / 11829 (019%):	 Total:0.6687418	 Acc:0.1875000	 lr:0.0000829	 Mean_Total:0.6546545
2021-09-19 08:59:26,289 -  4730 / 11829 (039%):	 Total:0.7317113	 Acc:0.1875000	 lr:0.0000828	 Mean_Total:0.6496113
2021-09-19 09:02:14,536 -  7095 / 11829 (059%):	 Total:0.8629643	 Acc:0.1562500	 lr:0.0000827	 Mean_Total:0.6486569
2021-09-19 09:05:13,664 -  9460 / 11829 (079%):	 Total:0.7769262	 Acc:0.1250000	 lr:0.0000826	 Mean_Total:0.6488013
2021-09-19 09:07:57,142 - 11825 / 11829 (099%):	 Total:0.5143989	 Acc:0.2187500	 lr:0.0000825	 Mean_Total:0.6485643
2021-09-19 09:07:57,630 - ===============================| start validation |===============================
2021-09-19 09:09:01,379 - 	 Total:0.6153371	 Acc:0.2014391
2021-09-19 09:09:01,384 -    ini file updated    
2021-09-19 09:09:01,402 - Snapshot saved to /data/users/wergillius/UTR_VAE/pth/RL_gru_MTL/human_pretrain/human-model_best_cv3.pth

2021-09-19 09:09:01,403 -    ini file updated    
2021-09-19 09:09:01,403 - ===============================|    epoch 43   |===============================
2021-09-19 09:09:02,690 -     0 / 11829 (000%):	 Total:0.6530223	 Acc:0.3125000	 lr:0.0000825	 Mean_Total:0.6530223
2021-09-19 09:11:45,736 -  2365 / 11829 (019%):	 Total:0.7542279	 Acc:0.2812500	 lr:0.0000824	 Mean_Total:0.6506447
2021-09-19 09:14:22,322 -  4730 / 11829 (039%):	 Total:0.6983591	 Acc:0.3125000	 lr:0.0000823	 Mean_Total:0.6480827
2021-09-19 09:17:08,103 -  7095 / 11829 (059%):	 Total:0.6344731	 Acc:0.2812500	 lr:0.0000823	 Mean_Total:0.6481105
2021-09-19 09:20:03,619 -  9460 / 11829 (079%):	 Total:0.9243549	 Acc:0.1250000	 lr:0.0000822	 Mean_Total:0.6483562
2021-09-19 09:22:41,586 - 11825 / 11829 (099%):	 Total:0.5425974	 Acc:0.2812500	 lr:0.0000821	 Mean_Total:0.6484428
2021-09-19 09:22:42,010 - ===============================| start validation |===============================
2021-09-19 09:23:50,156 - 	 Total:0.6138413	 Acc:0.2010588
2021-09-19 09:23:50,162 -    ini file updated    
2021-09-19 09:23:50,185 - Snapshot saved to /data/users/wergillius/UTR_VAE/pth/RL_gru_MTL/human_pretrain/human-model_best_cv3.pth

2021-09-19 09:23:50,186 -    ini file updated    
2021-09-19 09:23:50,186 - ===============================|    epoch 44   |===============================
2021-09-19 09:23:51,520 -     0 / 11829 (000%):	 Total:0.5705365	 Acc:0.1250000	 lr:0.0000821	 Mean_Total:0.5705365
2021-09-19 09:26:30,510 -  2365 / 11829 (019%):	 Total:0.7888377	 Acc:0.2187500	 lr:0.0000820	 Mean_Total:0.6488358
2021-09-19 09:29:04,761 -  4730 / 11829 (039%):	 Total:0.9213065	 Acc:0.1250000	 lr:0.0000819	 Mean_Total:0.6491965
2021-09-19 09:31:55,227 -  7095 / 11829 (059%):	 Total:0.6293452	 Acc:0.1562500	 lr:0.0000818	 Mean_Total:0.6460987
2021-09-19 09:34:47,024 -  9460 / 11829 (079%):	 Total:0.7513645	 Acc:0.0937500	 lr:0.0000818	 Mean_Total:0.6453863
2021-09-19 09:37:18,429 - 11825 / 11829 (099%):	 Total:0.4237135	 Acc:0.1875000	 lr:0.0000817	 Mean_Total:0.6463160
2021-09-19 09:37:18,860 - ===============================| start validation |===============================
2021-09-19 09:38:27,839 - 	 Total:0.6171403	 Acc:0.2019988
2021-09-19 09:38:27,844 -    ini file updated    
2021-09-19 09:38:27,845 - ===============================|    epoch 45   |===============================
2021-09-19 09:38:29,363 -     0 / 11829 (000%):	 Total:0.5329736	 Acc:0.2812500	 lr:0.0000817	 Mean_Total:0.5329736
2021-09-19 09:41:03,224 -  2365 / 11829 (019%):	 Total:0.4954030	 Acc:0.2500000	 lr:0.0000816	 Mean_Total:0.6465516
2021-09-19 09:43:41,798 -  4730 / 11829 (039%):	 Total:0.5511639	 Acc:0.3125000	 lr:0.0000815	 Mean_Total:0.6457230
2021-09-19 09:46:36,706 -  7095 / 11829 (059%):	 Total:0.6347470	 Acc:0.2187500	 lr:0.0000814	 Mean_Total:0.6466822
2021-09-19 09:49:31,439 -  9460 / 11829 (079%):	 Total:0.6619009	 Acc:0.1875000	 lr:0.0000813	 Mean_Total:0.6478636
2021-09-19 09:52:12,448 - 11825 / 11829 (099%):	 Total:0.3708588	 Acc:0.2812500	 lr:0.0000813	 Mean_Total:0.6478296
2021-09-19 09:52:12,931 - ===============================| start validation |===============================
2021-09-19 09:53:23,703 - 	 Total:0.6205181	 Acc:0.2015948
2021-09-19 09:53:23,708 -    ini file updated    
2021-09-19 09:53:23,709 - ===============================|    epoch 46   |===============================
2021-09-19 09:53:24,959 -     0 / 11829 (000%):	 Total:0.3751722	 Acc:0.3125000	 lr:0.0000813	 Mean_Total:0.3751722
2021-09-19 09:56:04,683 -  2365 / 11829 (019%):	 Total:0.4625690	 Acc:0.1875000	 lr:0.0000812	 Mean_Total:0.6461055
2021-09-19 09:58:45,508 -  4730 / 11829 (039%):	 Total:0.6323879	 Acc:0.1875000	 lr:0.0000811	 Mean_Total:0.6473656
2021-09-19 10:01:40,334 -  7095 / 11829 (059%):	 Total:0.6560887	 Acc:0.1562500	 lr:0.0000810	 Mean_Total:0.6471746
2021-09-19 10:04:36,831 -  9460 / 11829 (079%):	 Total:0.7102177	 Acc:0.2187500	 lr:0.0000809	 Mean_Total:0.6464320
2021-09-19 10:07:12,274 - 11825 / 11829 (099%):	 Total:0.5748262	 Acc:0.2187500	 lr:0.0000809	 Mean_Total:0.6470362
2021-09-19 10:07:12,710 - ===============================| start validation |===============================
2021-09-19 10:08:22,827 - 	 Total:0.6189101	 Acc:0.2025349
2021-09-19 10:08:22,832 -    ini file updated    
2021-09-19 10:08:22,833 - ===============================|    epoch 47   |===============================
2021-09-19 10:08:24,176 -     0 / 11829 (000%):	 Total:0.6888838	 Acc:0.2187500	 lr:0.0000809	 Mean_Total:0.6888838
2021-09-19 10:11:04,362 -  2365 / 11829 (019%):	 Total:0.4817019	 Acc:0.2812500	 lr:0.0000808	 Mean_Total:0.6428803
2021-09-19 10:13:48,169 -  4730 / 11829 (039%):	 Total:0.8983800	 Acc:0.1875000	 lr:0.0000807	 Mean_Total:0.6432220
2021-09-19 10:16:41,883 -  7095 / 11829 (059%):	 Total:0.6100623	 Acc:0.2187500	 lr:0.0000806	 Mean_Total:0.6463912
2021-09-19 10:19:33,775 -  9460 / 11829 (079%):	 Total:0.5101274	 Acc:0.1250000	 lr:0.0000805	 Mean_Total:0.6472112
2021-09-19 10:22:09,735 - 11825 / 11829 (099%):	 Total:0.7186038	 Acc:0.2500000	 lr:0.0000805	 Mean_Total:0.6476365
2021-09-19 10:22:10,218 - ===============================| start validation |===============================
2021-09-19 10:23:20,418 - 	 Total:0.6167234	 Acc:0.2006179
2021-09-19 10:23:20,422 -    ini file updated    
2021-09-19 10:23:20,422 - ===============================|    epoch 48   |===============================
2021-09-19 10:23:21,837 -     0 / 11829 (000%):	 Total:0.5961774	 Acc:0.2500000	 lr:0.0000805	 Mean_Total:0.5961774
2021-09-19 10:26:03,088 -  2365 / 11829 (019%):	 Total:0.4272070	 Acc:0.2812500	 lr:0.0000804	 Mean_Total:0.6497480
2021-09-19 10:28:47,347 -  4730 / 11829 (039%):	 Total:0.7297762	 Acc:0.1875000	 lr:0.0000803	 Mean_Total:0.6464439
2021-09-19 10:31:41,012 -  7095 / 11829 (059%):	 Total:0.6444762	 Acc:0.1562500	 lr:0.0000802	 Mean_Total:0.6467063
2021-09-19 10:34:30,432 -  9460 / 11829 (079%):	 Total:0.6264313	 Acc:0.1562500	 lr:0.0000802	 Mean_Total:0.6466711
2021-09-19 10:37:07,996 - 11825 / 11829 (099%):	 Total:0.7580337	 Acc:0.1875000	 lr:0.0000801	 Mean_Total:0.6472290
2021-09-19 10:37:08,395 - ===============================| start validation |===============================
2021-09-19 10:38:18,201 - 	 Total:0.6151740	 Acc:0.2004515
2021-09-19 10:38:18,206 -    ini file updated    
2021-09-19 10:38:18,206 - ===============================|    epoch 49   |===============================
2021-09-19 10:38:19,732 -     0 / 11829 (000%):	 Total:0.5976973	 Acc:0.0937500	 lr:0.0000801	 Mean_Total:0.5976973
2021-09-19 10:41:02,881 -  2365 / 11829 (019%):	 Total:0.7329447	 Acc:0.2187500	 lr:0.0000800	 Mean_Total:0.6461346
2021-09-19 10:43:47,786 -  4730 / 11829 (039%):	 Total:0.5571220	 Acc:0.1875000	 lr:0.0000799	 Mean_Total:0.6454553
2021-09-19 10:46:38,159 -  7095 / 11829 (059%):	 Total:0.5649809	 Acc:0.2812500	 lr:0.0000798	 Mean_Total:0.6472711
2021-09-19 10:49:26,050 -  9460 / 11829 (079%):	 Total:0.8021387	 Acc:0.1562500	 lr:0.0000798	 Mean_Total:0.6476044
2021-09-19 10:51:56,326 - 11825 / 11829 (099%):	 Total:0.3944969	 Acc:0.2500000	 lr:0.0000797	 Mean_Total:0.6469187
2021-09-19 10:51:56,792 - ===============================| start validation |===============================
2021-09-19 10:53:09,432 - 	 Total:0.6164492	 Acc:0.2009215
2021-09-19 10:53:09,440 -    ini file updated    
2021-09-19 10:53:09,440 - ===============================|    epoch 50   |===============================
2021-09-19 10:53:10,867 -     0 / 11829 (000%):	 Total:0.7716337	 Acc:0.0625000	 lr:0.0000797	 Mean_Total:0.7716337
2021-09-19 10:55:54,351 -  2365 / 11829 (019%):	 Total:0.3764496	 Acc:0.2187500	 lr:0.0000796	 Mean_Total:0.6448221
2021-09-19 10:58:41,787 -  4730 / 11829 (039%):	 Total:0.5236042	 Acc:0.1875000	 lr:0.0000795	 Mean_Total:0.6445020
2021-09-19 11:01:29,149 -  7095 / 11829 (059%):	 Total:0.6815206	 Acc:0.1875000	 lr:0.0000795	 Mean_Total:0.6446804
2021-09-19 11:04:20,982 -  9460 / 11829 (079%):	 Total:0.3463945	 Acc:0.2812500	 lr:0.0000794	 Mean_Total:0.6440145
2021-09-19 11:06:56,691 - 11825 / 11829 (099%):	 Total:0.5060350	 Acc:0.2812500	 lr:0.0000793	 Mean_Total:0.6459445
2021-09-19 11:06:57,173 - ===============================| start validation |===============================
2021-09-19 11:08:06,809 - 	 Total:0.6135278	 Acc:0.2017850
2021-09-19 11:08:06,813 -    ini file updated    
2021-09-19 11:08:06,827 - Snapshot saved to /data/users/wergillius/UTR_VAE/pth/RL_gru_MTL/human_pretrain/human-model_best_cv3.pth

2021-09-19 11:08:06,828 -    ini file updated    
2021-09-19 11:08:06,828 - ===============================|    epoch 51   |===============================
2021-09-19 11:08:08,114 -     0 / 11829 (000%):	 Total:0.7717161	 Acc:0.2500000	 lr:0.0000793	 Mean_Total:0.7717161
2021-09-19 11:10:59,043 -  2365 / 11829 (019%):	 Total:0.6406846	 Acc:0.1562500	 lr:0.0000792	 Mean_Total:0.6438481
2021-09-19 11:13:46,375 -  4730 / 11829 (039%):	 Total:0.8878390	 Acc:0.2187500	 lr:0.0000792	 Mean_Total:0.6459969
2021-09-19 11:16:32,629 -  7095 / 11829 (059%):	 Total:0.6416986	 Acc:0.1875000	 lr:0.0000791	 Mean_Total:0.6469737
2021-09-19 11:19:25,153 -  9460 / 11829 (079%):	 Total:0.5677954	 Acc:0.1875000	 lr:0.0000790	 Mean_Total:0.6480393
2021-09-19 11:21:59,290 - 11825 / 11829 (099%):	 Total:0.6148766	 Acc:0.3125000	 lr:0.0000789	 Mean_Total:0.6471313
2021-09-19 11:21:59,718 - ===============================| start validation |===============================
2021-09-19 11:23:11,296 - 	 Total:0.6133134	 Acc:0.1998231
2021-09-19 11:23:11,302 -    ini file updated    
2021-09-19 11:23:11,323 - Snapshot saved to /data/users/wergillius/UTR_VAE/pth/RL_gru_MTL/human_pretrain/human-model_best_cv3.pth

2021-09-19 11:23:11,324 -    ini file updated    
2021-09-19 11:23:11,324 - ===============================|    epoch 52   |===============================
2021-09-19 11:23:12,781 -     0 / 11829 (000%):	 Total:0.4574893	 Acc:0.2500000	 lr:0.0000789	 Mean_Total:0.4574893
2021-09-19 11:25:58,419 -  2365 / 11829 (019%):	 Total:0.6563630	 Acc:0.1875000	 lr:0.0000789	 Mean_Total:0.6413140
2021-09-19 11:28:42,215 -  4730 / 11829 (039%):	 Total:0.5541992	 Acc:0.2187500	 lr:0.0000788	 Mean_Total:0.6435103
2021-09-19 11:31:28,524 -  7095 / 11829 (059%):	 Total:0.5227885	 Acc:0.2187500	 lr:0.0000787	 Mean_Total:0.6450558
2021-09-19 11:34:16,852 -  9460 / 11829 (079%):	 Total:0.6462280	 Acc:0.1250000	 lr:0.0000786	 Mean_Total:0.6467731
2021-09-19 11:36:49,591 - 11825 / 11829 (099%):	 Total:0.7597233	 Acc:0.1562500	 lr:0.0000786	 Mean_Total:0.6467900
2021-09-19 11:36:50,065 - ===============================| start validation |===============================
2021-09-19 11:38:02,523 - 	 Total:0.6166082	 Acc:0.2016186
2021-09-19 11:38:02,528 -    ini file updated    
2021-09-19 11:38:02,529 - ===============================|    epoch 53   |===============================
2021-09-19 11:38:04,007 -     0 / 11829 (000%):	 Total:0.5469520	 Acc:0.1562500	 lr:0.0000786	 Mean_Total:0.5469520
2021-09-19 11:40:45,255 -  2365 / 11829 (019%):	 Total:0.6278943	 Acc:0.1875000	 lr:0.0000785	 Mean_Total:0.6420224
2021-09-19 11:43:27,316 -  4730 / 11829 (039%):	 Total:0.4532740	 Acc:0.1562500	 lr:0.0000784	 Mean_Total:0.6458771
2021-09-19 11:46:14,202 -  7095 / 11829 (059%):	 Total:0.5541815	 Acc:0.1875000	 lr:0.0000783	 Mean_Total:0.6468745
2021-09-19 11:49:00,879 -  9460 / 11829 (079%):	 Total:0.7971569	 Acc:0.3125000	 lr:0.0000783	 Mean_Total:0.6469975
2021-09-19 11:51:34,575 - 11825 / 11829 (099%):	 Total:0.6537892	 Acc:0.1875000	 lr:0.0000782	 Mean_Total:0.6460961
2021-09-19 11:51:35,024 - ===============================| start validation |===============================
2021-09-19 11:52:48,208 - 	 Total:0.6166198	 Acc:0.2013308
2021-09-19 11:52:48,213 -    ini file updated    
2021-09-19 11:52:48,213 - ===============================|    epoch 54   |===============================
2021-09-19 11:52:49,604 -     0 / 11829 (000%):	 Total:0.7590075	 Acc:0.1875000	 lr:0.0000782	 Mean_Total:0.7590075
2021-09-19 11:55:28,541 -  2365 / 11829 (019%):	 Total:0.9910221	 Acc:0.1250000	 lr:0.0000781	 Mean_Total:0.6484172
2021-09-19 11:58:10,047 -  4730 / 11829 (039%):	 Total:0.6399747	 Acc:0.2187500	 lr:0.0000781	 Mean_Total:0.6454284
2021-09-19 12:00:51,684 -  7095 / 11829 (059%):	 Total:0.4155138	 Acc:0.1875000	 lr:0.0000780	 Mean_Total:0.6451870
2021-09-19 12:03:38,357 -  9460 / 11829 (079%):	 Total:0.7193029	 Acc:0.2812500	 lr:0.0000779	 Mean_Total:0.6468861
2021-09-19 12:06:14,607 - 11825 / 11829 (099%):	 Total:0.7802154	 Acc:0.1250000	 lr:0.0000778	 Mean_Total:0.6460725
2021-09-19 12:06:15,118 - ===============================| start validation |===============================
2021-09-19 12:07:29,593 - 	 Total:0.6151472	 Acc:0.1990045
2021-09-19 12:07:29,599 -    ini file updated    
2021-09-19 12:07:29,600 - ===============================|    epoch 55   |===============================
2021-09-19 12:07:31,174 -     0 / 11829 (000%):	 Total:0.4811277	 Acc:0.2187500	 lr:0.0000778	 Mean_Total:0.4811277
2021-09-19 12:10:15,134 -  2365 / 11829 (019%):	 Total:0.5763789	 Acc:0.2500000	 lr:0.0000778	 Mean_Total:0.6432457
2021-09-19 12:13:03,835 -  4730 / 11829 (039%):	 Total:0.4004807	 Acc:0.2500000	 lr:0.0000777	 Mean_Total:0.6451954
2021-09-19 12:15:47,020 -  7095 / 11829 (059%):	 Total:0.7586617	 Acc:0.1250000	 lr:0.0000776	 Mean_Total:0.6461914
2021-09-19 12:18:31,215 -  9460 / 11829 (079%):	 Total:0.4704632	 Acc:0.0937500	 lr:0.0000776	 Mean_Total:0.6470360
2021-09-19 12:21:11,281 - 11825 / 11829 (099%):	 Total:0.7239594	 Acc:0.1250000	 lr:0.0000775	 Mean_Total:0.6467774
2021-09-19 12:21:11,753 - ===============================| start validation |===============================
2021-09-19 12:22:24,083 - 	 Total:0.6136591	 Acc:0.2008476
2021-09-19 12:22:24,089 -    ini file updated    
2021-09-19 12:22:24,090 - ===============================|    epoch 56   |===============================
2021-09-19 12:22:25,309 -     0 / 11829 (000%):	 Total:0.6496413	 Acc:0.1875000	 lr:0.0000775	 Mean_Total:0.6496413
2021-09-19 12:25:02,165 -  2365 / 11829 (019%):	 Total:0.6115372	 Acc:0.1562500	 lr:0.0000774	 Mean_Total:0.6446103
2021-09-19 12:27:46,385 -  4730 / 11829 (039%):	 Total:0.5415424	 Acc:0.2812500	 lr:0.0000773	 Mean_Total:0.6469117
2021-09-19 12:30:25,537 -  7095 / 11829 (059%):	 Total:0.5660880	 Acc:0.1875000	 lr:0.0000773	 Mean_Total:0.6459921
2021-09-19 12:33:16,684 -  9460 / 11829 (079%):	 Total:0.5261254	 Acc:0.2500000	 lr:0.0000772	 Mean_Total:0.6464228
2021-09-19 12:35:54,961 - 11825 / 11829 (099%):	 Total:0.7901651	 Acc:0.2187500	 lr:0.0000771	 Mean_Total:0.6459874
2021-09-19 12:35:55,379 - ===============================| start validation |===============================
2021-09-19 12:37:05,438 - 	 Total:0.6154547	 Acc:0.2014971
2021-09-19 12:37:05,444 -    ini file updated    
2021-09-19 12:37:05,444 - ===============================|    epoch 57   |===============================
2021-09-19 12:37:06,972 -     0 / 11829 (000%):	 Total:0.4992762	 Acc:0.1250000	 lr:0.0000771	 Mean_Total:0.4992762
2021-09-19 12:39:47,967 -  2365 / 11829 (019%):	 Total:0.8089516	 Acc:0.1250000	 lr:0.0000771	 Mean_Total:0.6475969
2021-09-19 12:42:34,614 -  4730 / 11829 (039%):	 Total:0.6184768	 Acc:0.0625000	 lr:0.0000770	 Mean_Total:0.6449398
2021-09-19 12:45:13,320 -  7095 / 11829 (059%):	 Total:0.8208902	 Acc:0.2500000	 lr:0.0000769	 Mean_Total:0.6447487
2021-09-19 12:47:49,995 -  9460 / 11829 (079%):	 Total:0.7122902	 Acc:0.1875000	 lr:0.0000769	 Mean_Total:0.6447492
2021-09-19 12:50:18,254 - 11825 / 11829 (099%):	 Total:0.5482545	 Acc:0.1875000	 lr:0.0000768	 Mean_Total:0.6459554
2021-09-19 12:50:18,597 - ===============================| start validation |===============================
2021-09-19 12:51:19,140 - 	 Total:0.6167276	 Acc:0.2012648
2021-09-19 12:51:19,168 -    ini file updated    
2021-09-19 12:51:19,168 - ===============================|    epoch 58   |===============================
2021-09-19 12:51:20,531 -     0 / 11829 (000%):	 Total:0.6222835	 Acc:0.0625000	 lr:0.0000768	 Mean_Total:0.6222835
2021-09-19 12:53:49,394 -  2365 / 11829 (019%):	 Total:0.7311636	 Acc:0.0937500	 lr:0.0000767	 Mean_Total:0.6444280
2021-09-19 12:56:20,615 -  4730 / 11829 (039%):	 Total:0.5682247	 Acc:0.2500000	 lr:0.0000767	 Mean_Total:0.6476815
2021-09-19 12:58:54,023 -  7095 / 11829 (059%):	 Total:0.6996042	 Acc:0.0625000	 lr:0.0000766	 Mean_Total:0.6457662
2021-09-19 13:01:31,602 -  9460 / 11829 (079%):	 Total:0.5333238	 Acc:0.2187500	 lr:0.0000765	 Mean_Total:0.6458966
2021-09-19 13:04:01,082 - 11825 / 11829 (099%):	 Total:0.5495150	 Acc:0.1875000	 lr:0.0000765	 Mean_Total:0.6454114
2021-09-19 13:04:01,520 - ===============================| start validation |===============================
2021-09-19 13:04:59,180 - 	 Total:0.6140887	 Acc:0.2018721
2021-09-19 13:04:59,186 -    ini file updated    
2021-09-19 13:04:59,187 - ===============================|    epoch 59   |===============================
2021-09-19 13:05:00,696 -     0 / 11829 (000%):	 Total:0.5423679	 Acc:0.1562500	 lr:0.0000765	 Mean_Total:0.5423679
2021-09-19 13:07:36,332 -  2365 / 11829 (019%):	 Total:0.5472508	 Acc:0.3125000	 lr:0.0000764	 Mean_Total:0.6422431
2021-09-19 13:10:12,502 -  4730 / 11829 (039%):	 Total:0.5308427	 Acc:0.1875000	 lr:0.0000763	 Mean_Total:0.6464520
2021-09-19 13:12:44,724 -  7095 / 11829 (059%):	 Total:0.4029551	 Acc:0.4062500	 lr:0.0000762	 Mean_Total:0.6472128
2021-09-19 13:15:19,318 -  9460 / 11829 (079%):	 Total:0.4450097	 Acc:0.3125000	 lr:0.0000762	 Mean_Total:0.6462639
2021-09-19 13:17:38,745 - 11825 / 11829 (099%):	 Total:0.7184711	 Acc:0.1250000	 lr:0.0000761	 Mean_Total:0.6460610
2021-09-19 13:17:39,038 - ===============================| start validation |===============================
2021-09-19 13:18:04,450 - 	 Total:0.6180163	 Acc:0.2032240
2021-09-19 13:18:04,456 -    ini file updated    
2021-09-19 13:18:04,456 - ===============================|    epoch 60   |===============================
2021-09-19 13:18:05,679 -     0 / 11829 (000%):	 Total:0.7456892	 Acc:0.0937500	 lr:0.0000761	 Mean_Total:0.7456892
2021-09-19 13:20:20,596 -  2365 / 11829 (019%):	 Total:0.5634356	 Acc:0.2187500	 lr:0.0000760	 Mean_Total:0.6463197
2021-09-19 13:22:26,125 -  4730 / 11829 (039%):	 Total:0.6205058	 Acc:0.1562500	 lr:0.0000760	 Mean_Total:0.6458220
2021-09-19 13:24:32,317 -  7095 / 11829 (059%):	 Total:0.7015187	 Acc:0.2812500	 lr:0.0000759	 Mean_Total:0.6468714
2021-09-19 13:26:37,765 -  9460 / 11829 (079%):	 Total:0.5750456	 Acc:0.2500000	 lr:0.0000758	 Mean_Total:0.6449669
2021-09-19 13:28:41,464 - 11825 / 11829 (099%):	 Total:0.5397725	 Acc:0.3125000	 lr:0.0000758	 Mean_Total:0.6451189
2021-09-19 13:28:41,742 - ===============================| start validation |===============================
2021-09-19 13:28:59,663 - 	 Total:0.6227305	 Acc:0.2020094
2021-09-19 13:28:59,669 -    ini file updated    
