2021-09-19 14:30:50,157 -   	 	 ==============<<< device used: cuda:0  >>>============== 	 	 
2021-09-19 14:30:51,141 -  	 	 ==============<<< encoder load from >>>============== 	 	 
2021-09-19 14:30:51,141 -  	/data/users/wergillius/UTR_VAE/pth/RL_gru_MTL/ds4rl_human_reset/schdule_cv-model_best.pth
2021-09-19 14:30:55,804 -  	 	 ==============<<< ['soft_share'] part is fixed>>>============== 	 	 

2021-09-19 14:30:55,804 - ===============================|    epoch 0   |===============================
2021-09-19 14:30:56,504 -     0 / 11829 (000%):	 Total:40.6553764	 Acc:0.0000000	 lr:0.0009882	 Mean_Total:40.6553764
2021-09-19 14:32:43,137 -   	 	 ==============<<< device used: cuda:1  >>>============== 	 	 
2021-09-19 14:32:44,422 -  	 	 ==============<<< encoder load from >>>============== 	 	 
2021-09-19 14:32:44,422 -  	/data/users/wergillius/UTR_VAE/pth/RL_gru_MTL/ds4rl_human_reset/schdule_cv-model_best.pth
2021-09-19 14:32:49,377 -  	 	 ==============<<< ['soft_share'] part is fixed>>>============== 	 	 

2021-09-19 14:32:49,377 - ===============================|    epoch 0   |===============================
2021-09-19 14:32:50,224 -     0 / 11829 (000%):	 Total:40.3912201	 Acc:0.0000000	 lr:0.0009882	 Mean_Total:40.3912201
2021-09-19 14:34:19,131 -  2365 / 11829 (019%):	 Total:0.6895019	 Acc:0.1250000	 lr:0.0018171	 Mean_Total:0.9418280
2021-09-19 14:36:09,636 -  4730 / 11829 (039%):	 Total:0.7767003	 Acc:0.1250000	 lr:0.0012850	 Mean_Total:0.8340865
2021-09-19 14:37:59,502 -  7095 / 11829 (059%):	 Total:1.1748297	 Acc:0.1250000	 lr:0.0010493	 Mean_Total:0.7937475
2021-09-19 14:39:46,594 -  9460 / 11829 (079%):	 Total:0.2773063	 Acc:0.3437500	 lr:0.0009087	 Mean_Total:0.7692759
2021-09-19 14:41:34,529 - 11825 / 11829 (099%):	 Total:1.0287846	 Acc:0.1250000	 lr:0.0008128	 Mean_Total:0.7549609
2021-09-19 14:41:34,795 - ===============================| start validation |===============================
2021-09-19 14:41:57,558 - 	 Total:0.6613637	 Acc:0.1950808
2021-09-19 14:41:57,563 -    ini file updated    
2021-09-19 14:41:57,583 - Snapshot saved to /data/users/wergillius/UTR_VAE/pth/RL_gru_MTL/human_pretrain/human-model_best_cv8.pth

2021-09-19 14:41:57,584 -    ini file updated    
2021-09-19 14:41:57,584 - ===============================|    epoch 1   |===============================
2021-09-19 14:41:58,760 -     0 / 11829 (000%):	 Total:0.3696847	 Acc:0.2187500	 lr:0.0008126	 Mean_Total:0.3696847
2021-09-19 14:44:17,842 -  2365 / 11829 (019%):	 Total:0.4873325	 Acc:0.2500000	 lr:0.0007419	 Mean_Total:0.6882264
2021-09-19 14:46:36,866 -  4730 / 11829 (039%):	 Total:0.5883905	 Acc:0.2500000	 lr:0.0006869	 Mean_Total:0.6891832
2021-09-19 14:48:52,701 -  7095 / 11829 (059%):	 Total:0.8929724	 Acc:0.1250000	 lr:0.0006425	 Mean_Total:0.6874944
2021-09-19 14:51:07,080 -  9460 / 11829 (079%):	 Total:1.0904100	 Acc:0.1562500	 lr:0.0006058	 Mean_Total:0.6868722
2021-09-19 14:53:20,068 - 11825 / 11829 (099%):	 Total:0.8011120	 Acc:0.0937500	 lr:0.0005747	 Mean_Total:0.6855053
2021-09-19 14:53:20,376 - ===============================| start validation |===============================
2021-09-19 14:53:43,619 - 	 Total:0.6522145	 Acc:0.1960551
2021-09-19 14:53:43,623 -    ini file updated    
2021-09-19 14:53:43,639 - Snapshot saved to /data/users/wergillius/UTR_VAE/pth/RL_gru_MTL/human_pretrain/human-model_best_cv8.pth

2021-09-19 14:53:43,640 -    ini file updated    
2021-09-19 14:53:43,641 - ===============================|    epoch 2   |===============================
2021-09-19 14:53:44,834 -     0 / 11829 (000%):	 Total:0.8285838	 Acc:0.2187500	 lr:0.0005746	 Mean_Total:0.8285838
2021-09-19 14:55:58,025 -  2365 / 11829 (019%):	 Total:0.6774743	 Acc:0.1875000	 lr:0.0005479	 Mean_Total:0.6813725
2021-09-19 14:58:09,690 -  4730 / 11829 (039%):	 Total:0.6532295	 Acc:0.2812500	 lr:0.0005246	 Mean_Total:0.6787131
2021-09-19 15:00:20,773 -  7095 / 11829 (059%):	 Total:0.8281865	 Acc:0.2187500	 lr:0.0005040	 Mean_Total:0.6780322
2021-09-19 15:02:28,181 -  9460 / 11829 (079%):	 Total:0.6086959	 Acc:0.1250000	 lr:0.0004857	 Mean_Total:0.6773110
2021-09-19 15:04:37,219 - 11825 / 11829 (099%):	 Total:0.8775197	 Acc:0.0937500	 lr:0.0004692	 Mean_Total:0.6778511
2021-09-19 15:04:37,450 - ===============================| start validation |===============================
2021-09-19 15:04:58,349 - 	 Total:0.6462882	 Acc:0.1987167
2021-09-19 15:04:58,354 -    ini file updated    
2021-09-19 15:04:58,372 - Snapshot saved to /data/users/wergillius/UTR_VAE/pth/RL_gru_MTL/human_pretrain/human-model_best_cv8.pth

2021-09-19 15:04:58,373 -    ini file updated    
2021-09-19 15:04:58,373 - ===============================|    epoch 3   |===============================
2021-09-19 15:04:59,537 -     0 / 11829 (000%):	 Total:0.8215730	 Acc:0.2812500	 lr:0.0004692	 Mean_Total:0.8215730
2021-09-19 15:07:12,836 -  2365 / 11829 (019%):	 Total:0.7245514	 Acc:0.1562500	 lr:0.0004543	 Mean_Total:0.6774581
2021-09-19 15:09:29,068 -  4730 / 11829 (039%):	 Total:0.7699010	 Acc:0.1875000	 lr:0.0004407	 Mean_Total:0.6765410
2021-09-19 15:11:41,845 -  7095 / 11829 (059%):	 Total:0.8000243	 Acc:0.1250000	 lr:0.0004283	 Mean_Total:0.6742730
2021-09-19 15:13:53,475 -  9460 / 11829 (079%):	 Total:0.7533876	 Acc:0.2187500	 lr:0.0004169	 Mean_Total:0.6736930
2021-09-19 15:16:05,180 - 11825 / 11829 (099%):	 Total:0.4131705	 Acc:0.1562500	 lr:0.0004064	 Mean_Total:0.6733841
2021-09-19 15:16:05,418 - ===============================| start validation |===============================
2021-09-19 15:16:27,132 - 	 Total:0.6424935	 Acc:0.1983840
2021-09-19 15:16:27,138 -    ini file updated    
2021-09-19 15:16:27,159 - Snapshot saved to /data/users/wergillius/UTR_VAE/pth/RL_gru_MTL/human_pretrain/human-model_best_cv8.pth

2021-09-19 15:16:27,161 -    ini file updated    
2021-09-19 15:16:27,161 - ===============================|    epoch 4   |===============================
2021-09-19 15:16:28,519 -     0 / 11829 (000%):	 Total:1.3756963	 Acc:0.1875000	 lr:0.0004063	 Mean_Total:1.3756963
2021-09-19 15:18:49,662 -  2365 / 11829 (019%):	 Total:0.5833210	 Acc:0.2500000	 lr:0.0003965	 Mean_Total:0.6606601
2021-09-19 15:21:08,249 -  4730 / 11829 (039%):	 Total:0.5237243	 Acc:0.2187500	 lr:0.0003874	 Mean_Total:0.6676460
2021-09-19 15:23:23,021 -  7095 / 11829 (059%):	 Total:0.8618332	 Acc:0.0625000	 lr:0.0003789	 Mean_Total:0.6690532
2021-09-19 15:25:35,211 -  9460 / 11829 (079%):	 Total:0.4131289	 Acc:0.2500000	 lr:0.0003709	 Mean_Total:0.6703198
2021-09-19 15:27:46,304 - 11825 / 11829 (099%):	 Total:0.5829207	 Acc:0.2187500	 lr:0.0003635	 Mean_Total:0.6704945
2021-09-19 15:27:46,538 - ===============================| start validation |===============================
2021-09-19 15:28:07,938 - 	 Total:0.6407039	 Acc:0.1957224
2021-09-19 15:28:07,942 -    ini file updated    
2021-09-19 15:28:07,958 - Snapshot saved to /data/users/wergillius/UTR_VAE/pth/RL_gru_MTL/human_pretrain/human-model_best_cv8.pth

2021-09-19 15:28:07,959 -    ini file updated    
2021-09-19 15:28:07,960 - ===============================|    epoch 5   |===============================
2021-09-19 15:28:08,792 -     0 / 11829 (000%):	 Total:0.8398296	 Acc:0.1875000	 lr:0.0003634	 Mean_Total:0.8398296
2021-09-19 15:30:24,929 -  2365 / 11829 (019%):	 Total:0.5134095	 Acc:0.1875000	 lr:0.0003564	 Mean_Total:0.6673961
2021-09-19 15:32:39,826 -  4730 / 11829 (039%):	 Total:0.4306405	 Acc:0.1250000	 lr:0.0003497	 Mean_Total:0.6677135
2021-09-19 15:34:56,272 -  7095 / 11829 (059%):	 Total:0.5812260	 Acc:0.2500000	 lr:0.0003434	 Mean_Total:0.6675746
2021-09-19 15:37:10,312 -  9460 / 11829 (079%):	 Total:0.8395479	 Acc:0.2187500	 lr:0.0003375	 Mean_Total:0.6680397
2021-09-19 15:39:28,834 - 11825 / 11829 (099%):	 Total:0.5126523	 Acc:0.2500000	 lr:0.0003318	 Mean_Total:0.6674026
2021-09-19 15:39:29,089 - ===============================| start validation |===============================
2021-09-19 15:39:52,569 - 	 Total:0.6384255	 Acc:0.1981939
2021-09-19 15:39:52,573 -    ini file updated    
2021-09-19 15:39:52,589 - Snapshot saved to /data/users/wergillius/UTR_VAE/pth/RL_gru_MTL/human_pretrain/human-model_best_cv8.pth

2021-09-19 15:39:52,591 -    ini file updated    
2021-09-19 15:39:52,591 - ===============================|    epoch 6   |===============================
2021-09-19 15:39:53,955 -     0 / 11829 (000%):	 Total:0.4974229	 Acc:0.2187500	 lr:0.0003318	 Mean_Total:0.4974229
2021-09-19 15:42:12,884 -  2365 / 11829 (019%):	 Total:0.5801197	 Acc:0.0625000	 lr:0.0003264	 Mean_Total:0.6650180
2021-09-19 15:44:31,272 -  4730 / 11829 (039%):	 Total:0.5833374	 Acc:0.3750000	 lr:0.0003212	 Mean_Total:0.6649586
2021-09-19 15:46:46,325 -  7095 / 11829 (059%):	 Total:0.3853917	 Acc:0.2500000	 lr:0.0003163	 Mean_Total:0.6667179
2021-09-19 15:48:57,394 -  9460 / 11829 (079%):	 Total:0.6961381	 Acc:0.1875000	 lr:0.0003117	 Mean_Total:0.6668032
2021-09-19 15:51:08,800 - 11825 / 11829 (099%):	 Total:0.5699661	 Acc:0.3437500	 lr:0.0003072	 Mean_Total:0.6666915
2021-09-19 15:51:09,049 - ===============================| start validation |===============================
2021-09-19 15:51:32,111 - 	 Total:0.6384323	 Acc:0.1986692
2021-09-19 15:51:32,116 -    ini file updated    
2021-09-19 15:51:32,116 - ===============================|    epoch 7   |===============================
2021-09-19 15:51:33,349 -     0 / 11829 (000%):	 Total:0.7463170	 Acc:0.1875000	 lr:0.0003072	 Mean_Total:0.7463170
2021-09-19 15:53:44,522 -  2365 / 11829 (019%):	 Total:0.7464586	 Acc:0.2812500	 lr:0.0003029	 Mean_Total:0.6651617
2021-09-19 15:56:04,253 -  4730 / 11829 (039%):	 Total:0.5037045	 Acc:0.1875000	 lr:0.0002987	 Mean_Total:0.6651571
2021-09-19 15:58:24,093 -  7095 / 11829 (059%):	 Total:0.5673110	 Acc:0.0937500	 lr:0.0002948	 Mean_Total:0.6655097
2021-09-19 16:00:40,880 -  9460 / 11829 (079%):	 Total:0.7657682	 Acc:0.2187500	 lr:0.0002910	 Mean_Total:0.6648849
2021-09-19 16:02:54,101 - 11825 / 11829 (099%):	 Total:0.7220194	 Acc:0.0625000	 lr:0.0002873	 Mean_Total:0.6642561
2021-09-19 16:02:54,364 - ===============================| start validation |===============================
2021-09-19 16:03:18,818 - 	 Total:0.6365483	 Acc:0.1991683
2021-09-19 16:03:18,823 -    ini file updated    
2021-09-19 16:03:18,838 - Snapshot saved to /data/users/wergillius/UTR_VAE/pth/RL_gru_MTL/human_pretrain/human-model_best_cv8.pth

2021-09-19 16:03:18,841 -    ini file updated    
2021-09-19 16:03:18,842 - ===============================|    epoch 8   |===============================
2021-09-19 16:03:20,188 -     0 / 11829 (000%):	 Total:0.6883997	 Acc:0.2187500	 lr:0.0002873	 Mean_Total:0.6883997
2021-09-19 16:05:36,632 -  2365 / 11829 (019%):	 Total:0.4997150	 Acc:0.2187500	 lr:0.0002838	 Mean_Total:0.6644094
2021-09-19 16:07:51,473 -  4730 / 11829 (039%):	 Total:0.9448987	 Acc:0.0937500	 lr:0.0002804	 Mean_Total:0.6620539
2021-09-19 16:10:06,962 -  7095 / 11829 (059%):	 Total:0.7469323	 Acc:0.1875000	 lr:0.0002771	 Mean_Total:0.6643516
2021-09-19 16:12:23,638 -  9460 / 11829 (079%):	 Total:0.4447199	 Acc:0.1562500	 lr:0.0002740	 Mean_Total:0.6633474
2021-09-19 16:14:35,513 - 11825 / 11829 (099%):	 Total:0.5226669	 Acc:0.1250000	 lr:0.0002709	 Mean_Total:0.6630759
2021-09-19 16:14:35,750 - ===============================| start validation |===============================
2021-09-19 16:14:56,688 - 	 Total:0.6348361	 Acc:0.1998337
2021-09-19 16:14:56,693 -    ini file updated    
2021-09-19 16:14:56,712 - Snapshot saved to /data/users/wergillius/UTR_VAE/pth/RL_gru_MTL/human_pretrain/human-model_best_cv8.pth

2021-09-19 16:14:56,713 -    ini file updated    
2021-09-19 16:14:56,714 - ===============================|    epoch 9   |===============================
2021-09-19 16:14:57,860 -     0 / 11829 (000%):	 Total:0.7289750	 Acc:0.0625000	 lr:0.0002709	 Mean_Total:0.7289750
2021-09-19 16:17:13,966 -  2365 / 11829 (019%):	 Total:0.6279265	 Acc:0.1875000	 lr:0.0002679	 Mean_Total:0.6648718
2021-09-19 16:19:28,701 -  4730 / 11829 (039%):	 Total:0.9124782	 Acc:0.0625000	 lr:0.0002651	 Mean_Total:0.6627893
2021-09-19 16:21:45,324 -  7095 / 11829 (059%):	 Total:0.8794649	 Acc:0.1875000	 lr:0.0002623	 Mean_Total:0.6641769
2021-09-19 16:23:56,069 -  9460 / 11829 (079%):	 Total:0.5315174	 Acc:0.0937500	 lr:0.0002596	 Mean_Total:0.6632102
2021-09-19 16:26:04,042 - 11825 / 11829 (099%):	 Total:0.8713512	 Acc:0.0937500	 lr:0.0002570	 Mean_Total:0.6632652
2021-09-19 16:26:04,288 - ===============================| start validation |===============================
2021-09-19 16:26:27,537 - 	 Total:0.6353939	 Acc:0.1984078
2021-09-19 16:26:27,542 -    ini file updated    
2021-09-19 16:26:27,542 - ===============================|    epoch 10   |===============================
2021-09-19 16:26:28,739 -     0 / 11829 (000%):	 Total:0.5848160	 Acc:0.1562500	 lr:0.0002570	 Mean_Total:0.5848160
2021-09-19 16:28:41,823 -  2365 / 11829 (019%):	 Total:0.8810246	 Acc:0.1562500	 lr:0.0002545	 Mean_Total:0.6609398
2021-09-19 16:30:53,395 -  4730 / 11829 (039%):	 Total:0.5468587	 Acc:0.1562500	 lr:0.0002520	 Mean_Total:0.6629285
2021-09-19 16:33:06,359 -  7095 / 11829 (059%):	 Total:0.5666078	 Acc:0.2187500	 lr:0.0002496	 Mean_Total:0.6617808
2021-09-19 16:35:19,839 -  9460 / 11829 (079%):	 Total:0.5195335	 Acc:0.1562500	 lr:0.0002473	 Mean_Total:0.6616011
2021-09-19 16:37:31,942 - 11825 / 11829 (099%):	 Total:0.2985652	 Acc:0.2812500	 lr:0.0002450	 Mean_Total:0.6609735
2021-09-19 16:37:32,167 - ===============================| start validation |===============================
2021-09-19 16:37:57,665 - 	 Total:0.6383146	 Acc:0.2003565
2021-09-19 16:37:57,668 -    ini file updated    
2021-09-19 16:37:57,684 - Snapshot saved to /data/users/wergillius/UTR_VAE/pth/RL_gru_MTL/human_pretrain/human-model_best_cv8.pth

2021-09-19 16:37:57,685 -    ini file updated    
2021-09-19 16:37:57,685 - ===============================|    epoch 11   |===============================
2021-09-19 16:37:58,828 -     0 / 11829 (000%):	 Total:0.5160432	 Acc:0.1875000	 lr:0.0002450	 Mean_Total:0.5160432
2021-09-19 16:40:14,674 -  2365 / 11829 (019%):	 Total:0.7489012	 Acc:0.1250000	 lr:0.0002428	 Mean_Total:0.6611259
2021-09-19 16:42:28,569 -  4730 / 11829 (039%):	 Total:0.5401488	 Acc:0.1250000	 lr:0.0002407	 Mean_Total:0.6585888
2021-09-19 16:44:43,874 -  7095 / 11829 (059%):	 Total:0.5557728	 Acc:0.0937500	 lr:0.0002386	 Mean_Total:0.6619285
2021-09-19 16:46:58,965 -  9460 / 11829 (079%):	 Total:0.7074882	 Acc:0.1562500	 lr:0.0002366	 Mean_Total:0.6609286
2021-09-19 16:49:10,903 - 11825 / 11829 (099%):	 Total:0.6584765	 Acc:0.1562500	 lr:0.0002346	 Mean_Total:0.6601240
2021-09-19 16:49:11,227 - ===============================| start validation |===============================
2021-09-19 16:49:38,039 - 	 Total:0.6368693	 Acc:0.1996911
2021-09-19 16:49:38,044 -    ini file updated    
2021-09-19 16:49:38,044 - ===============================|    epoch 12   |===============================
2021-09-19 16:49:39,094 -     0 / 11829 (000%):	 Total:0.6295254	 Acc:0.1875000	 lr:0.0002346	 Mean_Total:0.6295254
2021-09-19 16:52:02,258 -  2365 / 11829 (019%):	 Total:0.5416456	 Acc:0.2812500	 lr:0.0002327	 Mean_Total:0.6603534
2021-09-19 16:54:21,231 -  4730 / 11829 (039%):	 Total:0.8396857	 Acc:0.1562500	 lr:0.0002308	 Mean_Total:0.6600907
2021-09-19 16:56:34,709 -  7095 / 11829 (059%):	 Total:0.7007725	 Acc:0.1875000	 lr:0.0002289	 Mean_Total:0.6596236
2021-09-19 16:58:49,404 -  9460 / 11829 (079%):	 Total:0.4620137	 Acc:0.1562500	 lr:0.0002272	 Mean_Total:0.6595598
2021-09-19 17:01:08,376 - 11825 / 11829 (099%):	 Total:0.6151609	 Acc:0.2500000	 lr:0.0002254	 Mean_Total:0.6590341
2021-09-19 17:01:08,681 - ===============================| start validation |===============================
2021-09-19 17:01:36,569 - 	 Total:0.6341330	 Acc:0.2002376
2021-09-19 17:01:36,575 -    ini file updated    
2021-09-19 17:01:36,594 - Snapshot saved to /data/users/wergillius/UTR_VAE/pth/RL_gru_MTL/human_pretrain/human-model_best_cv8.pth

2021-09-19 17:01:36,595 -    ini file updated    
2021-09-19 17:01:36,595 - ===============================|    epoch 13   |===============================
2021-09-19 17:01:38,032 -     0 / 11829 (000%):	 Total:0.7534643	 Acc:0.0312500	 lr:0.0002254	 Mean_Total:0.7534643
2021-09-19 17:03:59,495 -  2365 / 11829 (019%):	 Total:0.4756629	 Acc:0.1562500	 lr:0.0002237	 Mean_Total:0.6613957
2021-09-19 17:06:20,182 -  4730 / 11829 (039%):	 Total:0.4618539	 Acc:0.3125000	 lr:0.0002220	 Mean_Total:0.6601120
2021-09-19 17:08:38,115 -  7095 / 11829 (059%):	 Total:0.9005810	 Acc:0.1875000	 lr:0.0002204	 Mean_Total:0.6580339
2021-09-19 17:10:59,243 -  9460 / 11829 (079%):	 Total:0.5797752	 Acc:0.1875000	 lr:0.0002188	 Mean_Total:0.6592501
2021-09-19 17:13:15,096 - 11825 / 11829 (099%):	 Total:0.8556544	 Acc:0.1250000	 lr:0.0002172	 Mean_Total:0.6584229
2021-09-19 17:13:15,440 - ===============================| start validation |===============================
2021-09-19 17:13:42,645 - 	 Total:0.6315866	 Acc:0.2008080
2021-09-19 17:13:42,649 -    ini file updated    
2021-09-19 17:13:42,666 - Snapshot saved to /data/users/wergillius/UTR_VAE/pth/RL_gru_MTL/human_pretrain/human-model_best_cv8.pth

2021-09-19 17:13:42,667 -    ini file updated    
2021-09-19 17:13:42,667 - ===============================|    epoch 14   |===============================
2021-09-19 17:13:43,800 -     0 / 11829 (000%):	 Total:0.6196653	 Acc:0.1250000	 lr:0.0002172	 Mean_Total:0.6196653
2021-09-19 17:16:05,323 -  2365 / 11829 (019%):	 Total:0.9250671	 Acc:0.3125000	 lr:0.0002157	 Mean_Total:0.6603873
2021-09-19 17:18:24,995 -  4730 / 11829 (039%):	 Total:0.8961241	 Acc:0.1250000	 lr:0.0002142	 Mean_Total:0.6568852
2021-09-19 17:20:45,748 -  7095 / 11829 (059%):	 Total:0.3742023	 Acc:0.2812500	 lr:0.0002127	 Mean_Total:0.6566622
2021-09-19 17:23:06,770 -  9460 / 11829 (079%):	 Total:0.6358414	 Acc:0.1562500	 lr:0.0002112	 Mean_Total:0.6572717
2021-09-19 17:25:29,245 - 11825 / 11829 (099%):	 Total:0.8448515	 Acc:0.0625000	 lr:0.0002098	 Mean_Total:0.6571157
2021-09-19 17:25:29,615 - ===============================| start validation |===============================
2021-09-19 17:25:57,118 - 	 Total:0.6351553	 Acc:0.2010694
2021-09-19 17:25:57,122 -    ini file updated    
2021-09-19 17:25:57,135 - Snapshot saved to /data/users/wergillius/UTR_VAE/pth/RL_gru_MTL/human_pretrain/human-model_best_cv8.pth

2021-09-19 17:25:57,136 -    ini file updated    
2021-09-19 17:25:57,136 - ===============================|    epoch 15   |===============================
2021-09-19 17:25:58,332 -     0 / 11829 (000%):	 Total:0.8804281	 Acc:0.2812500	 lr:0.0002098	 Mean_Total:0.8804281
2021-09-19 17:28:15,785 -  2365 / 11829 (019%):	 Total:0.7149179	 Acc:0.0625000	 lr:0.0002084	 Mean_Total:0.6504143
2021-09-19 17:30:31,560 -  4730 / 11829 (039%):	 Total:0.5874123	 Acc:0.1875000	 lr:0.0002071	 Mean_Total:0.6528301
2021-09-19 17:32:45,036 -  7095 / 11829 (059%):	 Total:0.7722837	 Acc:0.2187500	 lr:0.0002058	 Mean_Total:0.6559100
2021-09-19 17:34:59,922 -  9460 / 11829 (079%):	 Total:0.9102613	 Acc:0.0625000	 lr:0.0002045	 Mean_Total:0.6571792
2021-09-19 17:37:12,961 - 11825 / 11829 (099%):	 Total:0.4198503	 Acc:0.2187500	 lr:0.0002032	 Mean_Total:0.6567866
2021-09-19 17:37:13,250 - ===============================| start validation |===============================
2021-09-19 17:37:40,064 - 	 Total:0.6396370	 Acc:0.2011882
2021-09-19 17:37:40,069 -    ini file updated    
2021-09-19 17:37:40,084 - Snapshot saved to /data/users/wergillius/UTR_VAE/pth/RL_gru_MTL/human_pretrain/human-model_best_cv8.pth

2021-09-19 17:37:40,086 -    ini file updated    
2021-09-19 17:37:40,086 - ===============================|    epoch 16   |===============================
2021-09-19 17:37:41,436 -     0 / 11829 (000%):	 Total:0.7264562	 Acc:0.1875000	 lr:0.0002032	 Mean_Total:0.7264562
2021-09-19 17:40:03,185 -  2365 / 11829 (019%):	 Total:0.8844982	 Acc:0.1250000	 lr:0.0002019	 Mean_Total:0.6549705
2021-09-19 17:42:20,151 -  4730 / 11829 (039%):	 Total:0.8489457	 Acc:0.1562500	 lr:0.0002007	 Mean_Total:0.6562453
2021-09-19 17:44:41,515 -  7095 / 11829 (059%):	 Total:0.2577785	 Acc:0.2812500	 lr:0.0001995	 Mean_Total:0.6579595
2021-09-19 17:47:02,445 -  9460 / 11829 (079%):	 Total:0.6599589	 Acc:0.1562500	 lr:0.0001983	 Mean_Total:0.6582688
2021-09-19 17:49:24,376 - 11825 / 11829 (099%):	 Total:0.6343465	 Acc:0.2187500	 lr:0.0001971	 Mean_Total:0.6574913
2021-09-19 17:49:24,730 - ===============================| start validation |===============================
2021-09-19 17:49:52,043 - 	 Total:0.6344579	 Acc:0.2017586
2021-09-19 17:49:52,049 -    ini file updated    
2021-09-19 17:49:52,071 - Snapshot saved to /data/users/wergillius/UTR_VAE/pth/RL_gru_MTL/human_pretrain/human-model_best_cv8.pth

2021-09-19 17:49:52,072 -    ini file updated    
2021-09-19 17:49:52,072 - ===============================|    epoch 17   |===============================
2021-09-19 17:49:53,150 -     0 / 11829 (000%):	 Total:0.4002554	 Acc:0.3125000	 lr:0.0001971	 Mean_Total:0.4002554
2021-09-19 17:52:08,162 -  2365 / 11829 (019%):	 Total:1.1747372	 Acc:0.1250000	 lr:0.0001960	 Mean_Total:0.6553164
2021-09-19 17:54:18,858 -  4730 / 11829 (039%):	 Total:0.4852421	 Acc:0.2812500	 lr:0.0001948	 Mean_Total:0.6565490
2021-09-19 17:56:36,455 -  7095 / 11829 (059%):	 Total:0.5405653	 Acc:0.2812500	 lr:0.0001937	 Mean_Total:0.6560982
2021-09-19 17:58:48,925 -  9460 / 11829 (079%):	 Total:0.9318675	 Acc:0.0000000	 lr:0.0001926	 Mean_Total:0.6546433
2021-09-19 18:01:01,677 - 11825 / 11829 (099%):	 Total:0.8412437	 Acc:0.0625000	 lr:0.0001916	 Mean_Total:0.6560512
2021-09-19 18:01:02,030 - ===============================| start validation |===============================
2021-09-19 18:01:25,596 - 	 Total:0.6291918	 Acc:0.2004990
2021-09-19 18:01:25,602 -    ini file updated    
2021-09-19 18:01:25,620 - Snapshot saved to /data/users/wergillius/UTR_VAE/pth/RL_gru_MTL/human_pretrain/human-model_best_cv8.pth

2021-09-19 18:01:25,621 -    ini file updated    
2021-09-19 18:01:25,621 - ===============================|    epoch 18   |===============================
2021-09-19 18:01:26,723 -     0 / 11829 (000%):	 Total:0.4735494	 Acc:0.2500000	 lr:0.0001916	 Mean_Total:0.4735494
2021-09-19 18:03:41,318 -  2365 / 11829 (019%):	 Total:0.5239134	 Acc:0.3125000	 lr:0.0001905	 Mean_Total:0.6523056
2021-09-19 18:05:56,338 -  4730 / 11829 (039%):	 Total:0.5277685	 Acc:0.2187500	 lr:0.0001895	 Mean_Total:0.6529617
2021-09-19 18:08:11,804 -  7095 / 11829 (059%):	 Total:0.5946093	 Acc:0.1562500	 lr:0.0001884	 Mean_Total:0.6540850
2021-09-19 18:10:28,991 -  9460 / 11829 (079%):	 Total:0.4542872	 Acc:0.1562500	 lr:0.0001874	 Mean_Total:0.6540854
2021-09-19 18:12:46,672 - 11825 / 11829 (099%):	 Total:0.6697599	 Acc:0.2187500	 lr:0.0001864	 Mean_Total:0.6550994
2021-09-19 18:12:47,040 - ===============================| start validation |===============================
2021-09-19 18:13:16,964 - 	 Total:0.6326606	 Acc:0.2018298
2021-09-19 18:13:16,969 -    ini file updated    
2021-09-19 18:13:16,994 - Snapshot saved to /data/users/wergillius/UTR_VAE/pth/RL_gru_MTL/human_pretrain/human-model_best_cv8.pth

2021-09-19 18:13:16,996 -    ini file updated    
2021-09-19 18:13:16,996 - ===============================|    epoch 19   |===============================
2021-09-19 18:13:18,332 -     0 / 11829 (000%):	 Total:0.9382847	 Acc:0.1562500	 lr:0.0001864	 Mean_Total:0.9382847
2021-09-19 18:15:41,206 -  2365 / 11829 (019%):	 Total:0.9305912	 Acc:0.3750000	 lr:0.0001855	 Mean_Total:0.6542426
2021-09-19 18:17:53,790 -  4730 / 11829 (039%):	 Total:0.7000940	 Acc:0.1875000	 lr:0.0001845	 Mean_Total:0.6545594
2021-09-19 18:20:06,280 -  7095 / 11829 (059%):	 Total:0.9389685	 Acc:0.0625000	 lr:0.0001836	 Mean_Total:0.6541456
2021-09-19 18:22:20,433 -  9460 / 11829 (079%):	 Total:0.6509178	 Acc:0.2500000	 lr:0.0001826	 Mean_Total:0.6544671
2021-09-19 18:24:29,435 - 11825 / 11829 (099%):	 Total:0.6004615	 Acc:0.2187500	 lr:0.0001817	 Mean_Total:0.6543783
2021-09-19 18:24:29,715 - ===============================| start validation |===============================
2021-09-19 18:24:52,496 - 	 Total:0.6315110	 Acc:0.1973384
2021-09-19 18:24:52,500 -    ini file updated    
2021-09-19 18:24:52,501 - ===============================|    epoch 20   |===============================
2021-09-19 18:24:53,594 -     0 / 11829 (000%):	 Total:0.6661300	 Acc:0.1875000	 lr:0.0001817	 Mean_Total:0.6661300
2021-09-19 18:27:06,139 -  2365 / 11829 (019%):	 Total:0.8127668	 Acc:0.1875000	 lr:0.0001808	 Mean_Total:0.6499621
2021-09-19 18:29:22,368 -  4730 / 11829 (039%):	 Total:0.9634097	 Acc:0.0625000	 lr:0.0001799	 Mean_Total:0.6537152
2021-09-19 18:31:43,742 -  7095 / 11829 (059%):	 Total:0.6208915	 Acc:0.2187500	 lr:0.0001791	 Mean_Total:0.6557930
2021-09-19 18:33:59,346 -  9460 / 11829 (079%):	 Total:0.7847061	 Acc:0.1875000	 lr:0.0001782	 Mean_Total:0.6554279
2021-09-19 18:36:19,811 - 11825 / 11829 (099%):	 Total:0.6727759	 Acc:0.0625000	 lr:0.0001773	 Mean_Total:0.6552815
2021-09-19 18:36:20,132 - ===============================| start validation |===============================
2021-09-19 18:36:46,637 - 	 Total:0.6312502	 Acc:0.2015684
2021-09-19 18:36:46,641 -    ini file updated    
2021-09-19 18:36:46,641 - ===============================|    epoch 21   |===============================
2021-09-19 18:36:47,684 -     0 / 11829 (000%):	 Total:0.9543378	 Acc:0.2187500	 lr:0.0001773	 Mean_Total:0.9543378
2021-09-19 18:39:04,110 -  2365 / 11829 (019%):	 Total:0.6682491	 Acc:0.1875000	 lr:0.0001765	 Mean_Total:0.6522292
2021-09-19 18:41:20,322 -  4730 / 11829 (039%):	 Total:0.6474358	 Acc:0.2500000	 lr:0.0001757	 Mean_Total:0.6523489
2021-09-19 18:43:42,756 -  7095 / 11829 (059%):	 Total:0.6146877	 Acc:0.1250000	 lr:0.0001749	 Mean_Total:0.6522158
2021-09-19 18:45:58,607 -  9460 / 11829 (079%):	 Total:0.9326363	 Acc:0.0937500	 lr:0.0001741	 Mean_Total:0.6536852
2021-09-19 18:48:14,192 - 11825 / 11829 (099%):	 Total:0.4802161	 Acc:0.2500000	 lr:0.0001733	 Mean_Total:0.6536225
2021-09-19 18:48:14,473 - ===============================| start validation |===============================
2021-09-19 18:48:39,342 - 	 Total:0.6337882	 Acc:0.2006654
2021-09-19 18:48:39,348 -    ini file updated    
2021-09-19 18:48:39,348 - ===============================|    epoch 22   |===============================
2021-09-19 18:48:40,867 -     0 / 11829 (000%):	 Total:0.9650521	 Acc:0.1875000	 lr:0.0001733	 Mean_Total:0.9650521
2021-09-19 18:50:55,303 -  2365 / 11829 (019%):	 Total:0.6520905	 Acc:0.1875000	 lr:0.0001725	 Mean_Total:0.6543346
2021-09-19 18:53:10,272 -  4730 / 11829 (039%):	 Total:0.9432654	 Acc:0.1250000	 lr:0.0001717	 Mean_Total:0.6573351
2021-09-19 18:55:29,209 -  7095 / 11829 (059%):	 Total:0.6247593	 Acc:0.2187500	 lr:0.0001709	 Mean_Total:0.6561690
2021-09-19 18:57:49,354 -  9460 / 11829 (079%):	 Total:0.6032155	 Acc:0.1250000	 lr:0.0001702	 Mean_Total:0.6537362
2021-09-19 19:00:10,201 - 11825 / 11829 (099%):	 Total:0.6521600	 Acc:0.1562500	 lr:0.0001695	 Mean_Total:0.6533709
2021-09-19 19:00:10,478 - ===============================| start validation |===============================
2021-09-19 19:00:36,522 - 	 Total:0.6305863	 Acc:0.2009981
2021-09-19 19:00:36,531 -    ini file updated    
2021-09-19 19:00:36,532 - ===============================|    epoch 23   |===============================
2021-09-19 19:00:37,978 -     0 / 11829 (000%):	 Total:0.8482578	 Acc:0.0625000	 lr:0.0001695	 Mean_Total:0.8482578
2021-09-19 19:02:56,573 -  2365 / 11829 (019%):	 Total:0.7012078	 Acc:0.0937500	 lr:0.0001687	 Mean_Total:0.6548185
2021-09-19 19:05:15,294 -  4730 / 11829 (039%):	 Total:0.7110791	 Acc:0.1250000	 lr:0.0001680	 Mean_Total:0.6552223
2021-09-19 19:07:36,145 -  7095 / 11829 (059%):	 Total:0.7605027	 Acc:0.1250000	 lr:0.0001673	 Mean_Total:0.6535734
2021-09-19 19:09:55,340 -  9460 / 11829 (079%):	 Total:0.6899337	 Acc:0.1250000	 lr:0.0001666	 Mean_Total:0.6535276
2021-09-19 19:12:15,577 - 11825 / 11829 (099%):	 Total:0.6867005	 Acc:0.1250000	 lr:0.0001659	 Mean_Total:0.6529441
2021-09-19 19:12:15,889 - ===============================| start validation |===============================
2021-09-19 19:12:39,381 - 	 Total:0.6280082	 Acc:0.2013070
2021-09-19 19:12:39,387 -    ini file updated    
2021-09-19 19:12:39,406 - Snapshot saved to /data/users/wergillius/UTR_VAE/pth/RL_gru_MTL/human_pretrain/human-model_best_cv8.pth

2021-09-19 19:12:39,407 -    ini file updated    
2021-09-19 19:12:39,408 - ===============================|    epoch 24   |===============================
2021-09-19 19:12:40,590 -     0 / 11829 (000%):	 Total:0.8507034	 Acc:0.1250000	 lr:0.0001659	 Mean_Total:0.8507034
2021-09-19 19:15:01,602 -  2365 / 11829 (019%):	 Total:0.4863429	 Acc:0.1562500	 lr:0.0001652	 Mean_Total:0.6556439
2021-09-19 19:17:21,289 -  4730 / 11829 (039%):	 Total:0.7898946	 Acc:0.1875000	 lr:0.0001645	 Mean_Total:0.6552947
2021-09-19 19:19:39,643 -  7095 / 11829 (059%):	 Total:0.7640346	 Acc:0.3125000	 lr:0.0001639	 Mean_Total:0.6527252
2021-09-19 19:21:51,512 -  9460 / 11829 (079%):	 Total:0.8197111	 Acc:0.1875000	 lr:0.0001632	 Mean_Total:0.6527352
2021-09-19 19:24:04,861 - 11825 / 11829 (099%):	 Total:0.6047226	 Acc:0.1562500	 lr:0.0001625	 Mean_Total:0.6537776
2021-09-19 19:24:05,125 - ===============================| start validation |===============================
2021-09-19 19:24:29,820 - 	 Total:0.6281960	 Acc:0.2016160
2021-09-19 19:24:29,824 -    ini file updated    
2021-09-19 19:24:29,824 - ===============================|    epoch 25   |===============================
2021-09-19 19:24:30,977 -     0 / 11829 (000%):	 Total:0.4838844	 Acc:0.1562500	 lr:0.0001625	 Mean_Total:0.4838844
2021-09-19 19:26:44,958 -  2365 / 11829 (019%):	 Total:0.5631101	 Acc:0.2187500	 lr:0.0001619	 Mean_Total:0.6561492
2021-09-19 19:29:00,211 -  4730 / 11829 (039%):	 Total:0.6707667	 Acc:0.0937500	 lr:0.0001613	 Mean_Total:0.6530106
2021-09-19 19:31:20,056 -  7095 / 11829 (059%):	 Total:0.5169981	 Acc:0.1562500	 lr:0.0001606	 Mean_Total:0.6529973
2021-09-19 19:33:42,420 -  9460 / 11829 (079%):	 Total:0.5702744	 Acc:0.1562500	 lr:0.0001600	 Mean_Total:0.6531988
2021-09-19 19:36:00,547 - 11825 / 11829 (099%):	 Total:0.8687567	 Acc:0.1562500	 lr:0.0001594	 Mean_Total:0.6521700
2021-09-19 19:36:00,895 - ===============================| start validation |===============================
2021-09-19 19:36:25,955 - 	 Total:0.6305106	 Acc:0.1988593
2021-09-19 19:36:25,960 -    ini file updated    
2021-09-19 19:36:25,960 - ===============================|    epoch 26   |===============================
2021-09-19 19:36:27,135 -     0 / 11829 (000%):	 Total:0.5408461	 Acc:0.1875000	 lr:0.0001594	 Mean_Total:0.5408461
2021-09-19 19:38:43,655 -  2365 / 11829 (019%):	 Total:0.9127491	 Acc:0.0937500	 lr:0.0001588	 Mean_Total:0.6523667
2021-09-19 19:41:01,550 -  4730 / 11829 (039%):	 Total:0.6254741	 Acc:0.2812500	 lr:0.0001582	 Mean_Total:0.6505344
2021-09-19 19:43:23,112 -  7095 / 11829 (059%):	 Total:0.4572669	 Acc:0.2187500	 lr:0.0001576	 Mean_Total:0.6535745
2021-09-19 19:45:38,436 -  9460 / 11829 (079%):	 Total:0.6319833	 Acc:0.2187500	 lr:0.0001570	 Mean_Total:0.6532720
2021-09-19 19:47:50,827 - 11825 / 11829 (099%):	 Total:0.7012136	 Acc:0.1875000	 lr:0.0001564	 Mean_Total:0.6525145
2021-09-19 19:47:51,074 - ===============================| start validation |===============================
2021-09-19 19:48:12,964 - 	 Total:0.6301370	 Acc:0.2017823
2021-09-19 19:48:12,969 -    ini file updated    
2021-09-19 19:48:12,969 - ===============================|    epoch 27   |===============================
2021-09-19 19:48:14,295 -     0 / 11829 (000%):	 Total:0.5034671	 Acc:0.3125000	 lr:0.0001564	 Mean_Total:0.5034671
2021-09-19 19:50:26,995 -  2365 / 11829 (019%):	 Total:1.0203617	 Acc:0.1250000	 lr:0.0001558	 Mean_Total:0.6515776
2021-09-19 19:52:40,140 -  4730 / 11829 (039%):	 Total:1.0349374	 Acc:0.0937500	 lr:0.0001553	 Mean_Total:0.6520751
2021-09-19 19:54:59,370 -  7095 / 11829 (059%):	 Total:0.5169582	 Acc:0.1562500	 lr:0.0001547	 Mean_Total:0.6523419
2021-09-19 19:57:17,570 -  9460 / 11829 (079%):	 Total:0.5474595	 Acc:0.1875000	 lr:0.0001541	 Mean_Total:0.6521906
2021-09-19 19:59:35,766 - 11825 / 11829 (099%):	 Total:0.4715307	 Acc:0.1562500	 lr:0.0001536	 Mean_Total:0.6529559
2021-09-19 19:59:36,058 - ===============================| start validation |===============================
2021-09-19 19:59:59,730 - 	 Total:0.6277797	 Acc:0.2015447
2021-09-19 19:59:59,735 -    ini file updated    
2021-09-19 19:59:59,751 - Snapshot saved to /data/users/wergillius/UTR_VAE/pth/RL_gru_MTL/human_pretrain/human-model_best_cv8.pth

2021-09-19 19:59:59,752 -    ini file updated    
2021-09-19 19:59:59,752 - ===============================|    epoch 28   |===============================
2021-09-19 20:00:01,219 -     0 / 11829 (000%):	 Total:0.6450588	 Acc:0.2812500	 lr:0.0001536	 Mean_Total:0.6450588
2021-09-19 20:02:17,541 -  2365 / 11829 (019%):	 Total:0.6881949	 Acc:0.1562500	 lr:0.0001530	 Mean_Total:0.6505743
2021-09-19 20:04:35,246 -  4730 / 11829 (039%):	 Total:0.5998963	 Acc:0.1562500	 lr:0.0001525	 Mean_Total:0.6520337
2021-09-19 20:06:50,526 -  7095 / 11829 (059%):	 Total:0.5635152	 Acc:0.2812500	 lr:0.0001520	 Mean_Total:0.6519906
2021-09-19 20:09:10,015 -  9460 / 11829 (079%):	 Total:0.6983151	 Acc:0.1875000	 lr:0.0001514	 Mean_Total:0.6519114
2021-09-19 20:11:28,930 - 11825 / 11829 (099%):	 Total:0.5103846	 Acc:0.2500000	 lr:0.0001509	 Mean_Total:0.6525453
2021-09-19 20:11:29,318 - ===============================| start validation |===============================
2021-09-19 20:11:56,743 - 	 Total:0.6329466	 Acc:0.2016160
2021-09-19 20:11:56,750 -    ini file updated    
2021-09-19 20:11:56,750 - ===============================|    epoch 29   |===============================
2021-09-19 20:11:58,025 -     0 / 11829 (000%):	 Total:0.3527476	 Acc:0.2187500	 lr:0.0001509	 Mean_Total:0.3527476
2021-09-19 20:14:22,604 -  2365 / 11829 (019%):	 Total:1.0885570	 Acc:0.0937500	 lr:0.0001504	 Mean_Total:0.6547373
2021-09-19 20:16:44,291 -  4730 / 11829 (039%):	 Total:0.6572514	 Acc:0.2187500	 lr:0.0001499	 Mean_Total:0.6535801
2021-09-19 20:19:07,908 -  7095 / 11829 (059%):	 Total:0.6144388	 Acc:0.2187500	 lr:0.0001494	 Mean_Total:0.6504062
2021-09-19 20:21:31,871 -  9460 / 11829 (079%):	 Total:0.6873089	 Acc:0.3125000	 lr:0.0001489	 Mean_Total:0.6516128
2021-09-19 20:23:46,103 - 11825 / 11829 (099%):	 Total:0.4646619	 Acc:0.3437500	 lr:0.0001484	 Mean_Total:0.6520610
2021-09-19 20:23:46,367 - ===============================| start validation |===============================
2021-09-19 20:24:09,875 - 	 Total:0.6281813	 Acc:0.2006892
2021-09-19 20:24:09,878 -    ini file updated    
2021-09-19 20:24:09,878 - ===============================|    epoch 30   |===============================
2021-09-19 20:24:11,144 -     0 / 11829 (000%):	 Total:0.7654074	 Acc:0.1875000	 lr:0.0001484	 Mean_Total:0.7654074
2021-09-19 20:26:34,542 -  2365 / 11829 (019%):	 Total:0.6788919	 Acc:0.2187500	 lr:0.0001479	 Mean_Total:0.6518059
2021-09-19 20:28:54,435 -  4730 / 11829 (039%):	 Total:0.7740154	 Acc:0.1562500	 lr:0.0001474	 Mean_Total:0.6502577
2021-09-19 20:31:13,507 -  7095 / 11829 (059%):	 Total:0.4608709	 Acc:0.1562500	 lr:0.0001469	 Mean_Total:0.6513410
2021-09-19 20:33:30,034 -  9460 / 11829 (079%):	 Total:0.5207437	 Acc:0.0937500	 lr:0.0001464	 Mean_Total:0.6526526
2021-09-19 20:35:48,388 - 11825 / 11829 (099%):	 Total:0.8594899	 Acc:0.0937500	 lr:0.0001460	 Mean_Total:0.6525197
2021-09-19 20:35:48,668 - ===============================| start validation |===============================
2021-09-19 20:36:12,335 - 	 Total:0.6295399	 Acc:0.1998574
2021-09-19 20:36:12,341 -    ini file updated    
2021-09-19 20:36:12,341 - ===============================|    epoch 31   |===============================
2021-09-19 20:36:13,458 -     0 / 11829 (000%):	 Total:0.5623071	 Acc:0.1562500	 lr:0.0001460	 Mean_Total:0.5623071
2021-09-19 20:38:31,719 -  2365 / 11829 (019%):	 Total:0.3545626	 Acc:0.3437500	 lr:0.0001455	 Mean_Total:0.6533761
2021-09-19 20:40:48,905 -  4730 / 11829 (039%):	 Total:0.5738464	 Acc:0.2812500	 lr:0.0001450	 Mean_Total:0.6500741
2021-09-19 20:43:08,824 -  7095 / 11829 (059%):	 Total:0.4169709	 Acc:0.2812500	 lr:0.0001446	 Mean_Total:0.6498557
2021-09-19 20:45:29,664 -  9460 / 11829 (079%):	 Total:0.6565517	 Acc:0.1875000	 lr:0.0001441	 Mean_Total:0.6507389
2021-09-19 20:47:47,717 - 11825 / 11829 (099%):	 Total:0.4402108	 Acc:0.2500000	 lr:0.0001437	 Mean_Total:0.6508927
2021-09-19 20:47:48,008 - ===============================| start validation |===============================
2021-09-19 20:48:13,158 - 	 Total:0.6290483	 Acc:0.2023764
2021-09-19 20:48:13,163 -    ini file updated    
2021-09-19 20:48:13,191 - Snapshot saved to /data/users/wergillius/UTR_VAE/pth/RL_gru_MTL/human_pretrain/human-model_best_cv8.pth

2021-09-19 20:48:13,192 -    ini file updated    
2021-09-19 20:48:13,192 - ===============================|    epoch 32   |===============================
2021-09-19 20:48:14,509 -     0 / 11829 (000%):	 Total:0.5832636	 Acc:0.2500000	 lr:0.0001437	 Mean_Total:0.5832636
2021-09-19 20:50:33,999 -  2365 / 11829 (019%):	 Total:0.7475934	 Acc:0.1250000	 lr:0.0001432	 Mean_Total:0.6501548
2021-09-19 20:52:53,746 -  4730 / 11829 (039%):	 Total:0.4678389	 Acc:0.1562500	 lr:0.0001428	 Mean_Total:0.6481882
2021-09-19 20:55:16,130 -  7095 / 11829 (059%):	 Total:0.9464532	 Acc:0.1875000	 lr:0.0001423	 Mean_Total:0.6496188
2021-09-19 20:57:34,522 -  9460 / 11829 (079%):	 Total:0.8700812	 Acc:0.1562500	 lr:0.0001419	 Mean_Total:0.6503669
2021-09-19 20:59:46,130 - 11825 / 11829 (099%):	 Total:0.8288733	 Acc:0.0937500	 lr:0.0001415	 Mean_Total:0.6501029
2021-09-19 20:59:46,390 - ===============================| start validation |===============================
2021-09-19 21:00:10,145 - 	 Total:0.6351926	 Acc:0.2024002
2021-09-19 21:00:10,150 -    ini file updated    
2021-09-19 21:00:10,172 - Snapshot saved to /data/users/wergillius/UTR_VAE/pth/RL_gru_MTL/human_pretrain/human-model_best_cv8.pth

2021-09-19 21:00:10,173 -    ini file updated    
2021-09-19 21:00:10,173 - ===============================|    epoch 33   |===============================
2021-09-19 21:00:11,408 -     0 / 11829 (000%):	 Total:0.7891946	 Acc:0.1562500	 lr:0.0001415	 Mean_Total:0.7891946
2021-09-19 21:02:28,805 -  2365 / 11829 (019%):	 Total:0.5700849	 Acc:0.2187500	 lr:0.0001410	 Mean_Total:0.6507357
2021-09-19 21:04:42,929 -  4730 / 11829 (039%):	 Total:0.5084175	 Acc:0.1562500	 lr:0.0001406	 Mean_Total:0.6491833
2021-09-19 21:07:02,166 -  7095 / 11829 (059%):	 Total:0.4258232	 Acc:0.3125000	 lr:0.0001402	 Mean_Total:0.6482413
2021-09-19 21:09:21,491 -  9460 / 11829 (079%):	 Total:0.6501951	 Acc:0.0937500	 lr:0.0001398	 Mean_Total:0.6497806
2021-09-19 21:11:41,761 - 11825 / 11829 (099%):	 Total:0.6833181	 Acc:0.2187500	 lr:0.0001394	 Mean_Total:0.6507787
2021-09-19 21:11:42,109 - ===============================| start validation |===============================
2021-09-19 21:12:07,466 - 	 Total:0.6258848	 Acc:0.1987405
2021-09-19 21:12:07,471 -    ini file updated    
2021-09-19 21:12:07,487 - Snapshot saved to /data/users/wergillius/UTR_VAE/pth/RL_gru_MTL/human_pretrain/human-model_best_cv8.pth

2021-09-19 21:12:07,488 -    ini file updated    
2021-09-19 21:12:07,489 - ===============================|    epoch 34   |===============================
2021-09-19 21:12:08,518 -     0 / 11829 (000%):	 Total:0.5914402	 Acc:0.1250000	 lr:0.0001394	 Mean_Total:0.5914402
2021-09-19 21:14:26,564 -  2365 / 11829 (019%):	 Total:0.6978339	 Acc:0.1562500	 lr:0.0001390	 Mean_Total:0.6541668
2021-09-19 21:16:42,981 -  4730 / 11829 (039%):	 Total:0.7252570	 Acc:0.1250000	 lr:0.0001386	 Mean_Total:0.6512489
2021-09-19 21:19:05,601 -  7095 / 11829 (059%):	 Total:0.6250017	 Acc:0.1250000	 lr:0.0001382	 Mean_Total:0.6518424
2021-09-19 21:21:26,860 -  9460 / 11829 (079%):	 Total:0.6861986	 Acc:0.1875000	 lr:0.0001378	 Mean_Total:0.6509913
2021-09-19 21:23:48,386 - 11825 / 11829 (099%):	 Total:0.5385361	 Acc:0.2187500	 lr:0.0001374	 Mean_Total:0.6504537
2021-09-19 21:23:48,679 - ===============================| start validation |===============================
2021-09-19 21:24:13,375 - 	 Total:0.6255922	 Acc:0.2004515
2021-09-19 21:24:13,378 -    ini file updated    
2021-09-19 21:24:13,393 - Snapshot saved to /data/users/wergillius/UTR_VAE/pth/RL_gru_MTL/human_pretrain/human-model_best_cv8.pth

2021-09-19 21:24:13,393 -    ini file updated    
2021-09-19 21:24:13,393 - ===============================|    epoch 35   |===============================
2021-09-19 21:24:14,628 -     0 / 11829 (000%):	 Total:0.7884939	 Acc:0.1250000	 lr:0.0001374	 Mean_Total:0.7884939
2021-09-19 21:26:37,172 -  2365 / 11829 (019%):	 Total:0.5744830	 Acc:0.1875000	 lr:0.0001370	 Mean_Total:0.6489535
2021-09-19 21:28:57,206 -  4730 / 11829 (039%):	 Total:0.5147656	 Acc:0.2812500	 lr:0.0001366	 Mean_Total:0.6520496
2021-09-19 21:31:15,327 -  7095 / 11829 (059%):	 Total:0.5675651	 Acc:0.1875000	 lr:0.0001362	 Mean_Total:0.6515505
2021-09-19 21:33:32,209 -  9460 / 11829 (079%):	 Total:1.0867186	 Acc:0.0625000	 lr:0.0001358	 Mean_Total:0.6513570
2021-09-19 21:35:49,105 - 11825 / 11829 (099%):	 Total:0.5863192	 Acc:0.2187500	 lr:0.0001354	 Mean_Total:0.6506811
2021-09-19 21:35:49,436 - ===============================| start validation |===============================
2021-09-19 21:36:15,924 - 	 Total:0.6244697	 Acc:0.1989306
2021-09-19 21:36:15,929 -    ini file updated    
2021-09-19 21:36:15,958 - Snapshot saved to /data/users/wergillius/UTR_VAE/pth/RL_gru_MTL/human_pretrain/human-model_best_cv8.pth

2021-09-19 21:36:15,959 -    ini file updated    
2021-09-19 21:36:15,959 - ===============================|    epoch 36   |===============================
2021-09-19 21:36:17,335 -     0 / 11829 (000%):	 Total:0.6771854	 Acc:0.3125000	 lr:0.0001354	 Mean_Total:0.6771854
2021-09-19 21:38:42,519 -  2365 / 11829 (019%):	 Total:0.4285438	 Acc:0.3437500	 lr:0.0001351	 Mean_Total:0.6388900
2021-09-19 21:41:03,705 -  4730 / 11829 (039%):	 Total:0.4629378	 Acc:0.0937500	 lr:0.0001347	 Mean_Total:0.6456019
2021-09-19 21:43:22,244 -  7095 / 11829 (059%):	 Total:0.7463795	 Acc:0.1562500	 lr:0.0001343	 Mean_Total:0.6485539
2021-09-19 21:45:43,114 -  9460 / 11829 (079%):	 Total:0.6592298	 Acc:0.1250000	 lr:0.0001340	 Mean_Total:0.6499767
2021-09-19 21:48:09,751 - 11825 / 11829 (099%):	 Total:0.6582140	 Acc:0.1562500	 lr:0.0001336	 Mean_Total:0.6504239
2021-09-19 21:48:10,076 - ===============================| start validation |===============================
2021-09-19 21:48:33,734 - 	 Total:0.6258393	 Acc:0.2011644
2021-09-19 21:48:33,739 -    ini file updated    
2021-09-19 21:48:33,739 - ===============================|    epoch 37   |===============================
2021-09-19 21:48:34,971 -     0 / 11829 (000%):	 Total:0.6464550	 Acc:0.1875000	 lr:0.0001336	 Mean_Total:0.6464550
2021-09-19 21:50:55,639 -  2365 / 11829 (019%):	 Total:0.7662728	 Acc:0.2500000	 lr:0.0001332	 Mean_Total:0.6537823
2021-09-19 21:53:11,780 -  4730 / 11829 (039%):	 Total:0.7618300	 Acc:0.0625000	 lr:0.0001329	 Mean_Total:0.6532786
2021-09-19 21:55:24,951 -  7095 / 11829 (059%):	 Total:1.1480466	 Acc:0.1250000	 lr:0.0001325	 Mean_Total:0.6536370
2021-09-19 21:57:38,292 -  9460 / 11829 (079%):	 Total:0.5177073	 Acc:0.2500000	 lr:0.0001322	 Mean_Total:0.6516891
2021-09-19 21:59:54,086 - 11825 / 11829 (099%):	 Total:0.9496672	 Acc:0.1250000	 lr:0.0001318	 Mean_Total:0.6509765
2021-09-19 21:59:54,420 - ===============================| start validation |===============================
2021-09-19 22:00:18,800 - 	 Total:0.6254564	 Acc:0.1990970
2021-09-19 22:00:18,805 -    ini file updated    
2021-09-19 22:00:18,805 - ===============================|    epoch 38   |===============================
2021-09-19 22:00:19,890 -     0 / 11829 (000%):	 Total:0.9391236	 Acc:0.1875000	 lr:0.0001318	 Mean_Total:0.9391236
2021-09-19 22:02:41,040 -  2365 / 11829 (019%):	 Total:1.0620701	 Acc:0.1562500	 lr:0.0001315	 Mean_Total:0.6504059
2021-09-19 22:05:05,781 -  4730 / 11829 (039%):	 Total:0.5480218	 Acc:0.3125000	 lr:0.0001311	 Mean_Total:0.6507331
2021-09-19 22:07:29,531 -  7095 / 11829 (059%):	 Total:0.8099121	 Acc:0.1562500	 lr:0.0001308	 Mean_Total:0.6496895
2021-09-19 22:09:53,438 -  9460 / 11829 (079%):	 Total:0.6014906	 Acc:0.3125000	 lr:0.0001305	 Mean_Total:0.6491380
2021-09-19 22:12:13,275 - 11825 / 11829 (099%):	 Total:0.4365344	 Acc:0.2500000	 lr:0.0001301	 Mean_Total:0.6492091
2021-09-19 22:12:13,629 - ===============================| start validation |===============================
2021-09-19 22:12:39,166 - 	 Total:0.6284390	 Acc:0.2015922
2021-09-19 22:12:39,172 -    ini file updated    
2021-09-19 22:12:39,172 - ===============================|    epoch 39   |===============================
2021-09-19 22:12:40,459 -     0 / 11829 (000%):	 Total:1.0641569	 Acc:0.1875000	 lr:0.0001301	 Mean_Total:1.0641569
2021-09-19 22:15:04,823 -  2365 / 11829 (019%):	 Total:0.3640963	 Acc:0.3437500	 lr:0.0001298	 Mean_Total:0.6471506
2021-09-19 22:17:23,631 -  4730 / 11829 (039%):	 Total:0.5904606	 Acc:0.1562500	 lr:0.0001295	 Mean_Total:0.6486428
2021-09-19 22:19:38,878 -  7095 / 11829 (059%):	 Total:0.5955153	 Acc:0.2187500	 lr:0.0001291	 Mean_Total:0.6514645
2021-09-19 22:21:52,862 -  9460 / 11829 (079%):	 Total:0.4378146	 Acc:0.2812500	 lr:0.0001288	 Mean_Total:0.6512732
2021-09-19 22:24:08,675 - 11825 / 11829 (099%):	 Total:0.4653939	 Acc:0.1875000	 lr:0.0001285	 Mean_Total:0.6493452
2021-09-19 22:24:08,998 - ===============================| start validation |===============================
2021-09-19 22:24:34,057 - 	 Total:0.6310817	 Acc:0.2014021
2021-09-19 22:24:34,062 -    ini file updated    
2021-09-19 22:24:34,063 - ===============================|    epoch 40   |===============================
2021-09-19 22:24:35,111 -     0 / 11829 (000%):	 Total:0.8486775	 Acc:0.2187500	 lr:0.0001285	 Mean_Total:0.8486775
2021-09-19 22:27:03,165 -  2365 / 11829 (019%):	 Total:0.6042849	 Acc:0.1875000	 lr:0.0001282	 Mean_Total:0.6520608
2021-09-19 22:29:21,293 -  4730 / 11829 (039%):	 Total:0.6988019	 Acc:0.0937500	 lr:0.0001279	 Mean_Total:0.6509038
2021-09-19 22:31:37,962 -  7095 / 11829 (059%):	 Total:0.5413791	 Acc:0.2187500	 lr:0.0001275	 Mean_Total:0.6495579
2021-09-19 22:33:55,499 -  9460 / 11829 (079%):	 Total:0.6401592	 Acc:0.1562500	 lr:0.0001272	 Mean_Total:0.6502859
2021-09-19 22:36:15,194 - 11825 / 11829 (099%):	 Total:0.9340935	 Acc:0.2812500	 lr:0.0001269	 Mean_Total:0.6502186
2021-09-19 22:36:15,468 - ===============================| start validation |===============================
2021-09-19 22:36:39,778 - 	 Total:0.6273156	 Acc:0.2007842
2021-09-19 22:36:39,783 -    ini file updated    
2021-09-19 22:36:39,784 - ===============================|    epoch 41   |===============================
2021-09-19 22:36:40,917 -     0 / 11829 (000%):	 Total:0.5324930	 Acc:0.1875000	 lr:0.0001269	 Mean_Total:0.5324930
2021-09-19 22:39:04,198 -  2365 / 11829 (019%):	 Total:0.5271680	 Acc:0.1562500	 lr:0.0001266	 Mean_Total:0.6542923
2021-09-19 22:41:24,138 -  4730 / 11829 (039%):	 Total:0.7314038	 Acc:0.1875000	 lr:0.0001263	 Mean_Total:0.6496450
2021-09-19 22:43:42,554 -  7095 / 11829 (059%):	 Total:0.5759823	 Acc:0.2187500	 lr:0.0001260	 Mean_Total:0.6501124
2021-09-19 22:46:02,370 -  9460 / 11829 (079%):	 Total:0.3347945	 Acc:0.3125000	 lr:0.0001257	 Mean_Total:0.6499160
2021-09-19 22:48:22,140 - 11825 / 11829 (099%):	 Total:0.7101965	 Acc:0.2500000	 lr:0.0001254	 Mean_Total:0.6493684
2021-09-19 22:48:22,470 - ===============================| start validation |===============================
2021-09-19 22:48:49,568 - 	 Total:0.6257682	 Acc:0.2005228
2021-09-19 22:48:49,571 -    ini file updated    
2021-09-19 22:48:49,572 - ===============================|    epoch 42   |===============================
2021-09-19 22:48:50,938 -     0 / 11829 (000%):	 Total:0.4518307	 Acc:0.3437500	 lr:0.0001254	 Mean_Total:0.4518307
2021-09-19 22:51:13,826 -  2365 / 11829 (019%):	 Total:0.6668913	 Acc:0.1250000	 lr:0.0001251	 Mean_Total:0.6467578
2021-09-19 22:53:34,868 -  4730 / 11829 (039%):	 Total:0.7362671	 Acc:0.2187500	 lr:0.0001248	 Mean_Total:0.6489669
2021-09-19 22:55:51,203 -  7095 / 11829 (059%):	 Total:0.5646948	 Acc:0.2500000	 lr:0.0001245	 Mean_Total:0.6495186
2021-09-19 22:58:10,134 -  9460 / 11829 (079%):	 Total:0.8150908	 Acc:0.1875000	 lr:0.0001242	 Mean_Total:0.6496746
2021-09-19 23:00:32,534 - 11825 / 11829 (099%):	 Total:0.4506850	 Acc:0.1562500	 lr:0.0001239	 Mean_Total:0.6491391
2021-09-19 23:00:32,869 - ===============================| start validation |===============================
2021-09-19 23:00:57,810 - 	 Total:0.6272535	 Acc:0.2014496
2021-09-19 23:00:57,813 -    ini file updated    
2021-09-19 23:00:57,814 - ===============================|    epoch 43   |===============================
2021-09-19 23:00:59,030 -     0 / 11829 (000%):	 Total:0.8523463	 Acc:0.1250000	 lr:0.0001239	 Mean_Total:0.8523463
2021-09-19 23:03:24,706 -  2365 / 11829 (019%):	 Total:0.6103773	 Acc:0.1875000	 lr:0.0001236	 Mean_Total:0.6512853
2021-09-19 23:05:44,848 -  4730 / 11829 (039%):	 Total:0.7357886	 Acc:0.0937500	 lr:0.0001234	 Mean_Total:0.6501901
2021-09-19 23:08:10,239 -  7095 / 11829 (059%):	 Total:0.5613872	 Acc:0.3125000	 lr:0.0001231	 Mean_Total:0.6511058
2021-09-19 23:10:35,240 -  9460 / 11829 (079%):	 Total:0.5882005	 Acc:0.2812500	 lr:0.0001228	 Mean_Total:0.6496832
2021-09-19 23:12:53,390 - 11825 / 11829 (099%):	 Total:0.7027373	 Acc:0.2500000	 lr:0.0001225	 Mean_Total:0.6492812
2021-09-19 23:12:53,720 - ===============================| start validation |===============================
2021-09-19 23:13:16,313 - 	 Total:0.6235121	 Acc:0.1997386
2021-09-19 23:13:16,318 -    ini file updated    
2021-09-19 23:13:16,339 - Snapshot saved to /data/users/wergillius/UTR_VAE/pth/RL_gru_MTL/human_pretrain/human-model_best_cv8.pth

2021-09-19 23:13:16,341 -    ini file updated    
2021-09-19 23:13:16,341 - ===============================|    epoch 44   |===============================
2021-09-19 23:13:17,776 -     0 / 11829 (000%):	 Total:0.8166158	 Acc:0.1562500	 lr:0.0001225	 Mean_Total:0.8166158
2021-09-19 23:15:39,542 -  2365 / 11829 (019%):	 Total:0.6891007	 Acc:0.1562500	 lr:0.0001222	 Mean_Total:0.6448492
2021-09-19 23:17:54,067 -  4730 / 11829 (039%):	 Total:0.7074166	 Acc:0.1562500	 lr:0.0001220	 Mean_Total:0.6470099
2021-09-19 23:20:07,526 -  7095 / 11829 (059%):	 Total:0.9884569	 Acc:0.1250000	 lr:0.0001217	 Mean_Total:0.6487960
2021-09-19 23:22:18,899 -  9460 / 11829 (079%):	 Total:0.3555327	 Acc:0.1562500	 lr:0.0001214	 Mean_Total:0.6492491
2021-09-19 23:24:33,120 - 11825 / 11829 (099%):	 Total:0.6966729	 Acc:0.0625000	 lr:0.0001211	 Mean_Total:0.6494778
2021-09-19 23:24:33,416 - ===============================| start validation |===============================
2021-09-19 23:24:58,572 - 	 Total:0.6252126	 Acc:0.2000475
2021-09-19 23:24:58,577 -    ini file updated    
2021-09-19 23:24:58,577 - ===============================|    epoch 45   |===============================
2021-09-19 23:24:59,787 -     0 / 11829 (000%):	 Total:0.7094266	 Acc:0.0937500	 lr:0.0001211	 Mean_Total:0.7094266
2021-09-19 23:27:19,737 -  2365 / 11829 (019%):	 Total:0.6087068	 Acc:0.1875000	 lr:0.0001209	 Mean_Total:0.6507647
2021-09-19 23:29:31,898 -  4730 / 11829 (039%):	 Total:0.6081054	 Acc:0.1562500	 lr:0.0001206	 Mean_Total:0.6483130
2021-09-19 23:31:39,595 -  7095 / 11829 (059%):	 Total:0.4703962	 Acc:0.3125000	 lr:0.0001203	 Mean_Total:0.6485933
2021-09-19 23:33:39,689 -  9460 / 11829 (079%):	 Total:0.5519366	 Acc:0.0937500	 lr:0.0001201	 Mean_Total:0.6485201
2021-09-19 23:35:36,978 - 11825 / 11829 (099%):	 Total:0.8912161	 Acc:0.1562500	 lr:0.0001198	 Mean_Total:0.6493036
2021-09-19 23:35:37,226 - ===============================| start validation |===============================
2021-09-19 23:35:53,666 - 	 Total:0.6237622	 Acc:0.2009030
2021-09-19 23:35:53,670 -    ini file updated    
2021-09-19 23:35:53,670 - ===============================|    epoch 46   |===============================
2021-09-19 23:35:54,658 -     0 / 11829 (000%):	 Total:0.8666277	 Acc:0.1875000	 lr:0.0001198	 Mean_Total:0.8666277
2021-09-19 23:37:46,063 -  2365 / 11829 (019%):	 Total:0.4892388	 Acc:0.2187500	 lr:0.0001196	 Mean_Total:0.6454812
2021-09-19 23:39:32,862 -  4730 / 11829 (039%):	 Total:0.6595812	 Acc:0.2187500	 lr:0.0001193	 Mean_Total:0.6485495
2021-09-19 23:41:21,110 -  7095 / 11829 (059%):	 Total:0.5793110	 Acc:0.1875000	 lr:0.0001190	 Mean_Total:0.6499324
2021-09-19 23:43:07,376 -  9460 / 11829 (079%):	 Total:0.3821525	 Acc:0.0937500	 lr:0.0001188	 Mean_Total:0.6498546
2021-09-19 23:44:56,763 - 11825 / 11829 (099%):	 Total:0.6132306	 Acc:0.0625000	 lr:0.0001185	 Mean_Total:0.6491025
2021-09-19 23:44:56,982 - ===============================| start validation |===============================
2021-09-19 23:45:12,418 - 	 Total:0.6246043	 Acc:0.2011169
2021-09-19 23:45:12,424 -    ini file updated    
2021-09-19 23:45:12,424 - ===============================|    epoch 47   |===============================
2021-09-19 23:45:13,309 -     0 / 11829 (000%):	 Total:0.5928413	 Acc:0.2187500	 lr:0.0001185	 Mean_Total:0.5928413
2021-09-19 23:46:55,550 -  2365 / 11829 (019%):	 Total:0.6331835	 Acc:0.1875000	 lr:0.0001183	 Mean_Total:0.6477761
2021-09-19 23:48:33,001 -  4730 / 11829 (039%):	 Total:0.6327579	 Acc:0.1875000	 lr:0.0001180	 Mean_Total:0.6462162
2021-09-19 23:50:08,588 -  7095 / 11829 (059%):	 Total:0.6726613	 Acc:0.1562500	 lr:0.0001178	 Mean_Total:0.6475186
2021-09-19 23:51:46,121 -  9460 / 11829 (079%):	 Total:0.6359197	 Acc:0.3125000	 lr:0.0001175	 Mean_Total:0.6486068
2021-09-19 23:53:21,358 - 11825 / 11829 (099%):	 Total:0.3339797	 Acc:0.2187500	 lr:0.0001173	 Mean_Total:0.6483757
2021-09-19 23:53:21,537 - ===============================| start validation |===============================
2021-09-19 23:53:35,162 - 	 Total:0.6233860	 Acc:0.2008080
2021-09-19 23:53:35,164 -    ini file updated    
2021-09-19 23:53:35,183 - Snapshot saved to /data/users/wergillius/UTR_VAE/pth/RL_gru_MTL/human_pretrain/human-model_best_cv8.pth

2021-09-19 23:53:35,184 -    ini file updated    
2021-09-19 23:53:35,184 - ===============================|    epoch 48   |===============================
2021-09-19 23:53:36,033 -     0 / 11829 (000%):	 Total:0.3646405	 Acc:0.2812500	 lr:0.0001173	 Mean_Total:0.3646405
2021-09-19 23:55:12,591 -  2365 / 11829 (019%):	 Total:0.8993012	 Acc:0.1875000	 lr:0.0001171	 Mean_Total:0.6478890
2021-09-19 23:56:51,142 -  4730 / 11829 (039%):	 Total:0.4270630	 Acc:0.2500000	 lr:0.0001168	 Mean_Total:0.6472813
2021-09-19 23:58:29,183 -  7095 / 11829 (059%):	 Total:0.8660131	 Acc:0.2500000	 lr:0.0001166	 Mean_Total:0.6471635
2021-09-20 00:00:05,920 -  9460 / 11829 (079%):	 Total:0.4565385	 Acc:0.1875000	 lr:0.0001163	 Mean_Total:0.6482305
2021-09-20 00:01:44,792 - 11825 / 11829 (099%):	 Total:0.6948928	 Acc:0.2812500	 lr:0.0001161	 Mean_Total:0.6475969
2021-09-20 00:01:45,020 - ===============================| start validation |===============================
2021-09-20 00:01:59,262 - 	 Total:0.6249846	 Acc:0.2017348
2021-09-20 00:01:59,265 -    ini file updated    
2021-09-20 00:01:59,265 - ===============================|    epoch 49   |===============================
2021-09-20 00:02:00,044 -     0 / 11829 (000%):	 Total:0.7089699	 Acc:0.2500000	 lr:0.0001161	 Mean_Total:0.7089699
2021-09-20 00:03:41,508 -  2365 / 11829 (019%):	 Total:0.5784807	 Acc:0.1875000	 lr:0.0001159	 Mean_Total:0.6488522
2021-09-20 00:05:21,556 -  4730 / 11829 (039%):	 Total:0.7116081	 Acc:0.0625000	 lr:0.0001156	 Mean_Total:0.6476938
2021-09-20 00:07:00,991 -  7095 / 11829 (059%):	 Total:0.4558772	 Acc:0.2812500	 lr:0.0001154	 Mean_Total:0.6482653
2021-09-20 00:08:40,136 -  9460 / 11829 (079%):	 Total:0.5688596	 Acc:0.1875000	 lr:0.0001152	 Mean_Total:0.6481534
2021-09-20 00:10:18,170 - 11825 / 11829 (099%):	 Total:0.4582012	 Acc:0.0937500	 lr:0.0001149	 Mean_Total:0.6480061
2021-09-20 00:10:18,369 - ===============================| start validation |===============================
2021-09-20 00:10:32,231 - 	 Total:0.6228703	 Acc:0.1997861
2021-09-20 00:10:32,234 -    ini file updated    
2021-09-20 00:10:32,249 - Snapshot saved to /data/users/wergillius/UTR_VAE/pth/RL_gru_MTL/human_pretrain/human-model_best_cv8.pth

2021-09-20 00:10:32,250 -    ini file updated    
2021-09-20 00:10:32,250 - ===============================|    epoch 50   |===============================
2021-09-20 00:10:33,208 -     0 / 11829 (000%):	 Total:0.6095606	 Acc:0.2187500	 lr:0.0001149	 Mean_Total:0.6095606
2021-09-20 00:12:12,687 -  2365 / 11829 (019%):	 Total:0.6508837	 Acc:0.2187500	 lr:0.0001147	 Mean_Total:0.6503164
2021-09-20 00:13:52,391 -  4730 / 11829 (039%):	 Total:0.4182724	 Acc:0.2500000	 lr:0.0001145	 Mean_Total:0.6476750
2021-09-20 00:15:30,324 -  7095 / 11829 (059%):	 Total:0.4311618	 Acc:0.2187500	 lr:0.0001142	 Mean_Total:0.6481739
2021-09-20 00:17:08,932 -  9460 / 11829 (079%):	 Total:0.5536630	 Acc:0.2187500	 lr:0.0001140	 Mean_Total:0.6495676
2021-09-20 00:18:46,555 - 11825 / 11829 (099%):	 Total:0.7103696	 Acc:0.0625000	 lr:0.0001138	 Mean_Total:0.6484683
2021-09-20 00:18:46,733 - ===============================| start validation |===============================
2021-09-20 00:19:00,718 - 	 Total:0.6233561	 Acc:0.2009743
2021-09-20 00:19:00,723 -    ini file updated    
2021-09-20 00:19:00,723 - ===============================|    epoch 51   |===============================
2021-09-20 00:19:01,625 -     0 / 11829 (000%):	 Total:0.5638501	 Acc:0.2500000	 lr:0.0001138	 Mean_Total:0.5638501
2021-09-20 00:20:39,242 -  2365 / 11829 (019%):	 Total:0.6144471	 Acc:0.1562500	 lr:0.0001136	 Mean_Total:0.6458510
2021-09-20 00:22:17,417 -  4730 / 11829 (039%):	 Total:0.6033696	 Acc:0.2812500	 lr:0.0001134	 Mean_Total:0.6461899
2021-09-20 00:23:56,984 -  7095 / 11829 (059%):	 Total:0.8177352	 Acc:0.0937500	 lr:0.0001131	 Mean_Total:0.6463724
2021-09-20 00:25:33,808 -  9460 / 11829 (079%):	 Total:0.7006137	 Acc:0.2812500	 lr:0.0001129	 Mean_Total:0.6473405
2021-09-20 00:27:11,352 - 11825 / 11829 (099%):	 Total:0.5303075	 Acc:0.1875000	 lr:0.0001127	 Mean_Total:0.6484606
2021-09-20 00:27:11,512 - ===============================| start validation |===============================
2021-09-20 00:27:25,349 - 	 Total:0.6234229	 Acc:0.2010456
2021-09-20 00:27:25,352 -    ini file updated    
2021-09-20 00:27:25,352 - ===============================|    epoch 52   |===============================
2021-09-20 00:27:26,156 -     0 / 11829 (000%):	 Total:0.7119023	 Acc:0.1875000	 lr:0.0001127	 Mean_Total:0.7119023
2021-09-20 00:29:05,437 -  2365 / 11829 (019%):	 Total:0.5556338	 Acc:0.1562500	 lr:0.0001125	 Mean_Total:0.6477879
2021-09-20 00:30:46,734 -  4730 / 11829 (039%):	 Total:0.7193148	 Acc:0.1562500	 lr:0.0001123	 Mean_Total:0.6477334
2021-09-20 00:32:26,539 -  7095 / 11829 (059%):	 Total:0.5607641	 Acc:0.1562500	 lr:0.0001121	 Mean_Total:0.6490797
2021-09-20 00:34:06,696 -  9460 / 11829 (079%):	 Total:0.7002857	 Acc:0.2187500	 lr:0.0001118	 Mean_Total:0.6480056
2021-09-20 00:35:45,437 - 11825 / 11829 (099%):	 Total:0.7901306	 Acc:0.2187500	 lr:0.0001116	 Mean_Total:0.6479444
2021-09-20 00:35:45,644 - ===============================| start validation |===============================
2021-09-20 00:35:59,378 - 	 Total:0.6253434	 Acc:0.1997861
2021-09-20 00:35:59,382 -    ini file updated    
2021-09-20 00:35:59,383 - ===============================|    epoch 53   |===============================
2021-09-20 00:36:00,291 -     0 / 11829 (000%):	 Total:0.6665909	 Acc:0.1562500	 lr:0.0001116	 Mean_Total:0.6665909
2021-09-20 00:37:40,395 -  2365 / 11829 (019%):	 Total:0.5471617	 Acc:0.3437500	 lr:0.0001114	 Mean_Total:0.6474626
2021-09-20 00:39:19,370 -  4730 / 11829 (039%):	 Total:0.6931754	 Acc:0.1562500	 lr:0.0001112	 Mean_Total:0.6468503
2021-09-20 00:40:58,484 -  7095 / 11829 (059%):	 Total:0.7835527	 Acc:0.3437500	 lr:0.0001110	 Mean_Total:0.6466603
2021-09-20 00:42:37,137 -  9460 / 11829 (079%):	 Total:0.4387006	 Acc:0.1250000	 lr:0.0001108	 Mean_Total:0.6469611
2021-09-20 00:44:15,235 - 11825 / 11829 (099%):	 Total:0.5578492	 Acc:0.1562500	 lr:0.0001106	 Mean_Total:0.6475041
2021-09-20 00:44:15,447 - ===============================| start validation |===============================
2021-09-20 00:44:29,967 - 	 Total:0.6239797	 Acc:0.2006654
2021-09-20 00:44:29,972 -    ini file updated    
2021-09-20 00:44:29,972 - ===============================|    epoch 54   |===============================
2021-09-20 00:44:30,867 -     0 / 11829 (000%):	 Total:0.5391865	 Acc:0.2812500	 lr:0.0001106	 Mean_Total:0.5391865
2021-09-20 00:46:13,868 -  2365 / 11829 (019%):	 Total:0.5528115	 Acc:0.1875000	 lr:0.0001104	 Mean_Total:0.6487591
2021-09-20 00:47:52,576 -  4730 / 11829 (039%):	 Total:0.4815111	 Acc:0.2500000	 lr:0.0001102	 Mean_Total:0.6487562
2021-09-20 00:49:21,466 -  7095 / 11829 (059%):	 Total:0.8399447	 Acc:0.2187500	 lr:0.0001100	 Mean_Total:0.6497630
2021-09-20 00:50:48,539 -  9460 / 11829 (079%):	 Total:0.4865929	 Acc:0.2500000	 lr:0.0001098	 Mean_Total:0.6489961
2021-09-20 00:52:16,112 - 11825 / 11829 (099%):	 Total:0.7118211	 Acc:0.2187500	 lr:0.0001096	 Mean_Total:0.6476231
2021-09-20 00:52:16,266 - ===============================| start validation |===============================
2021-09-20 00:52:29,582 - 	 Total:0.6262078	 Acc:0.2031606
2021-09-20 00:52:29,587 -    ini file updated    
2021-09-20 00:52:29,606 - Snapshot saved to /data/users/wergillius/UTR_VAE/pth/RL_gru_MTL/human_pretrain/human-model_best_cv8.pth

2021-09-20 00:52:29,607 -    ini file updated    
2021-09-20 00:52:29,607 - ===============================|    epoch 55   |===============================
2021-09-20 00:52:30,535 -     0 / 11829 (000%):	 Total:0.5478026	 Acc:0.1875000	 lr:0.0001096	 Mean_Total:0.5478026
2021-09-20 00:53:56,375 -  2365 / 11829 (019%):	 Total:0.6091694	 Acc:0.1875000	 lr:0.0001094	 Mean_Total:0.6479495
2021-09-20 00:55:22,427 -  4730 / 11829 (039%):	 Total:0.4799827	 Acc:0.1875000	 lr:0.0001092	 Mean_Total:0.6485731
2021-09-20 00:56:49,153 -  7095 / 11829 (059%):	 Total:0.5660967	 Acc:0.0937500	 lr:0.0001090	 Mean_Total:0.6464574
2021-09-20 00:58:16,687 -  9460 / 11829 (079%):	 Total:0.7381573	 Acc:0.1562500	 lr:0.0001088	 Mean_Total:0.6467465
2021-09-20 00:59:41,195 - 11825 / 11829 (099%):	 Total:0.7429624	 Acc:0.1250000	 lr:0.0001086	 Mean_Total:0.6467471
2021-09-20 00:59:41,331 - ===============================| start validation |===============================
2021-09-20 00:59:53,631 - 	 Total:0.6319181	 Acc:0.2023764
2021-09-20 00:59:53,634 -    ini file updated    
2021-09-20 00:59:53,634 - ===============================|    epoch 56   |===============================
2021-09-20 00:59:54,381 -     0 / 11829 (000%):	 Total:0.5383732	 Acc:0.2500000	 lr:0.0001086	 Mean_Total:0.5383732
2021-09-20 01:01:19,375 -  2365 / 11829 (019%):	 Total:0.7869993	 Acc:0.1875000	 lr:0.0001084	 Mean_Total:0.6508937
2021-09-20 01:02:43,829 -  4730 / 11829 (039%):	 Total:0.4379113	 Acc:0.3125000	 lr:0.0001082	 Mean_Total:0.6489625
2021-09-20 01:04:06,558 -  7095 / 11829 (059%):	 Total:0.4558854	 Acc:0.2812500	 lr:0.0001080	 Mean_Total:0.6504720
2021-09-20 01:05:28,112 -  9460 / 11829 (079%):	 Total:0.8774548	 Acc:0.1562500	 lr:0.0001078	 Mean_Total:0.6502346
2021-09-20 01:06:46,976 - 11825 / 11829 (099%):	 Total:0.4397451	 Acc:0.2812500	 lr:0.0001076	 Mean_Total:0.6481072
2021-09-20 01:06:47,106 - ===============================| start validation |===============================
2021-09-20 01:06:58,573 - 	 Total:0.6232190	 Acc:0.2008555
2021-09-20 01:06:58,576 -    ini file updated    
2021-09-20 01:06:58,576 - ===============================|    epoch 57   |===============================
2021-09-20 01:06:59,296 -     0 / 11829 (000%):	 Total:0.3632038	 Acc:0.2812500	 lr:0.0001076	 Mean_Total:0.3632038
2021-09-20 01:08:20,628 -  2365 / 11829 (019%):	 Total:0.8877353	 Acc:0.1250000	 lr:0.0001075	 Mean_Total:0.6462926
2021-09-20 01:09:38,591 -  4730 / 11829 (039%):	 Total:0.7910601	 Acc:0.1250000	 lr:0.0001073	 Mean_Total:0.6468627
2021-09-20 01:10:57,750 -  7095 / 11829 (059%):	 Total:0.6751510	 Acc:0.2500000	 lr:0.0001071	 Mean_Total:0.6470428
2021-09-20 01:12:17,089 -  9460 / 11829 (079%):	 Total:0.5416189	 Acc:0.1875000	 lr:0.0001069	 Mean_Total:0.6476933
2021-09-20 01:13:35,024 - 11825 / 11829 (099%):	 Total:0.7938167	 Acc:0.1875000	 lr:0.0001067	 Mean_Total:0.6472394
2021-09-20 01:13:35,164 - ===============================| start validation |===============================
2021-09-20 01:13:46,330 - 	 Total:0.6241598	 Acc:0.2019962
2021-09-20 01:13:46,334 -    ini file updated    
2021-09-20 01:13:46,334 - ===============================|    epoch 58   |===============================
2021-09-20 01:13:47,075 -     0 / 11829 (000%):	 Total:0.6731417	 Acc:0.2187500	 lr:0.0001067	 Mean_Total:0.6731417
2021-09-20 01:15:07,019 -  2365 / 11829 (019%):	 Total:0.6435003	 Acc:0.1875000	 lr:0.0001065	 Mean_Total:0.6460416
2021-09-20 01:16:26,319 -  4730 / 11829 (039%):	 Total:0.5834661	 Acc:0.2187500	 lr:0.0001063	 Mean_Total:0.6482323
2021-09-20 01:17:46,026 -  7095 / 11829 (059%):	 Total:0.8155158	 Acc:0.0937500	 lr:0.0001062	 Mean_Total:0.6476005
2021-09-20 01:19:04,296 -  9460 / 11829 (079%):	 Total:0.7943925	 Acc:0.1250000	 lr:0.0001060	 Mean_Total:0.6471391
2021-09-20 01:20:22,403 - 11825 / 11829 (099%):	 Total:0.5277348	 Acc:0.1875000	 lr:0.0001058	 Mean_Total:0.6476544
2021-09-20 01:20:22,568 - ===============================| start validation |===============================
2021-09-20 01:20:33,840 - 	 Total:0.6241926	 Acc:0.2027091
2021-09-20 01:20:33,843 -    ini file updated    
2021-09-20 01:20:33,843 - ===============================|    epoch 59   |===============================
2021-09-20 01:20:34,598 -     0 / 11829 (000%):	 Total:0.7698752	 Acc:0.0625000	 lr:0.0001058	 Mean_Total:0.7698752
2021-09-20 01:21:53,122 -  2365 / 11829 (019%):	 Total:0.6041830	 Acc:0.1250000	 lr:0.0001056	 Mean_Total:0.6446932
2021-09-20 01:23:12,705 -  4730 / 11829 (039%):	 Total:0.3459441	 Acc:0.1875000	 lr:0.0001054	 Mean_Total:0.6452322
2021-09-20 01:24:31,477 -  7095 / 11829 (059%):	 Total:0.4989321	 Acc:0.2187500	 lr:0.0001053	 Mean_Total:0.6463195
2021-09-20 01:25:51,066 -  9460 / 11829 (079%):	 Total:0.4651467	 Acc:0.1875000	 lr:0.0001051	 Mean_Total:0.6462333
2021-09-20 01:27:10,666 - 11825 / 11829 (099%):	 Total:0.8033713	 Acc:0.1250000	 lr:0.0001049	 Mean_Total:0.6468208
2021-09-20 01:27:10,834 - ===============================| start validation |===============================
2021-09-20 01:27:22,251 - 	 Total:0.6223869	 Acc:0.2004990
2021-09-20 01:27:22,256 -    ini file updated    
2021-09-20 01:27:22,273 - Snapshot saved to /data/users/wergillius/UTR_VAE/pth/RL_gru_MTL/human_pretrain/human-model_best_cv8.pth

2021-09-20 01:27:22,274 -    ini file updated    
2021-09-20 01:27:22,274 - ===============================|    epoch 60   |===============================
2021-09-20 01:27:22,988 -     0 / 11829 (000%):	 Total:0.3986326	 Acc:0.2187500	 lr:0.0001049	 Mean_Total:0.3986326
2021-09-20 01:28:47,148 -  2365 / 11829 (019%):	 Total:0.3396473	 Acc:0.3125000	 lr:0.0001047	 Mean_Total:0.6477173
2021-09-20 01:30:11,282 -  4730 / 11829 (039%):	 Total:0.6765343	 Acc:0.0937500	 lr:0.0001046	 Mean_Total:0.6504156
2021-09-20 01:31:38,585 -  7095 / 11829 (059%):	 Total:0.9887707	 Acc:0.0625000	 lr:0.0001044	 Mean_Total:0.6487122
2021-09-20 01:33:11,572 -  9460 / 11829 (079%):	 Total:0.3948511	 Acc:0.2500000	 lr:0.0001042	 Mean_Total:0.6476536
2021-09-20 01:34:44,224 - 11825 / 11829 (099%):	 Total:0.6537225	 Acc:0.1250000	 lr:0.0001041	 Mean_Total:0.6471814
2021-09-20 01:34:44,373 - ===============================| start validation |===============================
2021-09-20 01:34:59,373 - 	 Total:0.6229977	 Acc:0.2011407
2021-09-20 01:34:59,378 -    ini file updated    
