2021-02-05 21:55:47,549 - 
===============================|    epoch 0   |===============================

2021-02-05 21:55:47,971 -     0 /  8125 (0.0%): 	 Avg_ACC: 0.0000000 	 lr: 0.001000000	 Total:52.141502380
2021-02-05 21:56:22,055 -  1625 /  8125 (20.0%): 	 Avg_ACC: 0.2500000 	 lr: 0.001000000	 Total:1.617788911
2021-02-05 21:56:53,744 -  3250 /  8125 (40.0%): 	 Avg_ACC: 0.1875000 	 lr: 0.001000000	 Total:1.378086805
2021-02-05 21:57:25,113 -  4875 /  8125 (60.0%): 	 Avg_ACC: 0.4062500 	 lr: 0.001000000	 Total:0.701632559
2021-02-05 21:57:57,386 -  6500 /  8125 (80.0%): 	 Avg_ACC: 0.3437500 	 lr: 0.001000000	 Total:0.968242168
2021-02-05 21:58:33,720 - 
===============================| start validation |===============================

2021-02-05 21:58:33,720 - 	 Avg_ACC: 0.3870000 	  Total:0.5993152
2021-02-05 21:58:33,721 -    ini file updated    
2021-02-05 21:58:33,742 - Snapshot saved to /data/users/wergillius/UTR_VAE/pth/RL_regressor_MTL/split_two_csv_deep/deep_one_unscaled-model_best.pth

2021-02-05 21:58:33,742 -    ini file updated    
2021-02-05 21:58:33,742 - 
===============================|    epoch 1   |===============================

2021-02-05 21:58:34,177 -     0 /  8125 (0.0%): 	 Avg_ACC: 0.3437500 	 lr: 0.001000000	 Total:0.432200164
2021-02-05 21:59:11,256 -  1625 /  8125 (20.0%): 	 Avg_ACC: 0.4062500 	 lr: 0.001000000	 Total:0.541536450
2021-02-05 21:59:47,194 -  3250 /  8125 (40.0%): 	 Avg_ACC: 0.2812500 	 lr: 0.001000000	 Total:0.500532806
2021-02-05 22:00:23,419 -  4875 /  8125 (60.0%): 	 Avg_ACC: 0.2812500 	 lr: 0.001000000	 Total:0.695027113
2021-02-05 22:00:57,201 -  6500 /  8125 (80.0%): 	 Avg_ACC: 0.4375000 	 lr: 0.001000000	 Total:0.335817754
2021-02-05 22:01:30,183 - 
===============================|    epoch 2   |===============================

2021-02-05 22:01:30,647 -     0 /  8125 (0.0%): 	 Avg_ACC: 0.5000000 	 lr: 0.001000000	 Total:0.298038989
2021-02-05 22:02:02,732 -  1625 /  8125 (20.0%): 	 Avg_ACC: 0.4062500 	 lr: 0.001000000	 Total:0.397308379
2021-02-05 22:02:33,352 -  3250 /  8125 (40.0%): 	 Avg_ACC: 0.4375000 	 lr: 0.001000000	 Total:0.515527248
2021-02-05 22:03:03,929 -  4875 /  8125 (60.0%): 	 Avg_ACC: 0.3125000 	 lr: 0.001000000	 Total:0.985267103
2021-02-05 22:03:35,589 -  6500 /  8125 (80.0%): 	 Avg_ACC: 0.5312500 	 lr: 0.001000000	 Total:0.539041996
2021-02-05 22:04:07,577 - 
===============================|    epoch 3   |===============================

2021-02-05 22:04:08,127 -     0 /  8125 (0.0%): 	 Avg_ACC: 0.2812500 	 lr: 0.001000000	 Total:1.093021631
2021-02-05 22:04:43,078 -  1625 /  8125 (20.0%): 	 Avg_ACC: 0.3437500 	 lr: 0.001000000	 Total:0.706076384
2021-02-05 22:05:17,724 -  3250 /  8125 (40.0%): 	 Avg_ACC: 0.3750000 	 lr: 0.001000000	 Total:0.399648726
2021-02-05 22:05:50,008 -  4875 /  8125 (60.0%): 	 Avg_ACC: 0.5000000 	 lr: 0.001000000	 Total:0.815975726
2021-02-05 22:06:20,948 -  6500 /  8125 (80.0%): 	 Avg_ACC: 0.1562500 	 lr: 0.001000000	 Total:0.711996734
2021-02-05 22:06:52,624 - 
===============================|    epoch 4   |===============================

2021-02-05 22:06:53,098 -     0 /  8125 (0.0%): 	 Avg_ACC: 0.4375000 	 lr: 0.001000000	 Total:0.446344972
2021-02-05 22:07:23,385 -  1625 /  8125 (20.0%): 	 Avg_ACC: 0.4375000 	 lr: 0.001000000	 Total:1.115537882
2021-02-05 22:07:53,607 -  3250 /  8125 (40.0%): 	 Avg_ACC: 0.2812500 	 lr: 0.001000000	 Total:0.631723464
2021-02-05 22:08:24,583 -  4875 /  8125 (60.0%): 	 Avg_ACC: 0.3750000 	 lr: 0.001000000	 Total:0.769194543
2021-02-05 22:08:54,150 -  6500 /  8125 (80.0%): 	 Avg_ACC: 0.3125000 	 lr: 0.001000000	 Total:0.465964526
2021-02-05 22:09:24,618 - 
===============================|    epoch 5   |===============================

2021-02-05 22:09:25,003 -     0 /  8125 (0.0%): 	 Avg_ACC: 0.1875000 	 lr: 0.001000000	 Total:0.837411463
2021-02-05 22:09:56,729 -  1625 /  8125 (20.0%): 	 Avg_ACC: 0.4375000 	 lr: 0.001000000	 Total:0.333491534
2021-02-05 22:10:26,711 -  3250 /  8125 (40.0%): 	 Avg_ACC: 0.4687500 	 lr: 0.001000000	 Total:0.358247489
2021-02-05 22:10:56,720 -  4875 /  8125 (60.0%): 	 Avg_ACC: 0.2812500 	 lr: 0.001000000	 Total:0.659661651
2021-02-05 22:11:27,166 -  6500 /  8125 (80.0%): 	 Avg_ACC: 0.3437500 	 lr: 0.001000000	 Total:0.463898122
2021-02-05 22:11:57,822 - 
===============================|    epoch 6   |===============================

2021-02-05 22:11:58,249 -     0 /  8125 (0.0%): 	 Avg_ACC: 0.4687500 	 lr: 0.001000000	 Total:0.813560128
2021-02-05 22:12:28,880 -  1625 /  8125 (20.0%): 	 Avg_ACC: 0.5000000 	 lr: 0.001000000	 Total:0.752964735
2021-02-05 22:12:59,392 -  3250 /  8125 (40.0%): 	 Avg_ACC: 0.5312500 	 lr: 0.001000000	 Total:0.280470997
2021-02-05 22:13:30,136 -  4875 /  8125 (60.0%): 	 Avg_ACC: 0.5625000 	 lr: 0.001000000	 Total:0.356193960
2021-02-05 22:14:01,401 -  6500 /  8125 (80.0%): 	 Avg_ACC: 0.5000000 	 lr: 0.001000000	 Total:0.407846123
2021-02-05 22:14:35,043 - 
===============================|    epoch 7   |===============================

2021-02-05 22:14:35,502 -     0 /  8125 (0.0%): 	 Avg_ACC: 0.5312500 	 lr: 0.001000000	 Total:0.404278755
2021-02-05 22:15:08,372 -  1625 /  8125 (20.0%): 	 Avg_ACC: 0.4062500 	 lr: 0.001000000	 Total:0.462989658
2021-02-05 22:15:41,242 -  3250 /  8125 (40.0%): 	 Avg_ACC: 0.4375000 	 lr: 0.001000000	 Total:0.359002262
2021-02-05 22:16:14,395 -  4875 /  8125 (60.0%): 	 Avg_ACC: 0.4062500 	 lr: 0.001000000	 Total:0.479445428
2021-02-05 22:16:47,355 -  6500 /  8125 (80.0%): 	 Avg_ACC: 0.4062500 	 lr: 0.001000000	 Total:0.615990639
2021-02-05 22:17:20,348 - 
===============================|    epoch 8   |===============================

2021-02-05 22:17:20,777 -     0 /  8125 (0.0%): 	 Avg_ACC: 0.5312500 	 lr: 0.001000000	 Total:0.799223244
2021-02-05 22:17:54,355 -  1625 /  8125 (20.0%): 	 Avg_ACC: 0.1562500 	 lr: 0.001000000	 Total:1.139525890
2021-02-05 22:18:26,245 -  3250 /  8125 (40.0%): 	 Avg_ACC: 0.5000000 	 lr: 0.001000000	 Total:0.274919838
2021-02-05 22:18:58,575 -  4875 /  8125 (60.0%): 	 Avg_ACC: 0.3125000 	 lr: 0.001000000	 Total:0.482176840
2021-02-05 22:19:30,870 -  6500 /  8125 (80.0%): 	 Avg_ACC: 0.4375000 	 lr: 0.001000000	 Total:0.426890194
2021-02-05 22:20:03,220 - 
===============================|    epoch 9   |===============================

2021-02-05 22:20:03,655 -     0 /  8125 (0.0%): 	 Avg_ACC: 0.2812500 	 lr: 0.001000000	 Total:0.574978769
2021-02-05 22:20:33,253 -  1625 /  8125 (20.0%): 	 Avg_ACC: 0.4062500 	 lr: 0.001000000	 Total:0.296445161
2021-02-05 22:21:03,532 -  3250 /  8125 (40.0%): 	 Avg_ACC: 0.3437500 	 lr: 0.001000000	 Total:0.708450198
2021-02-05 22:21:35,727 -  4875 /  8125 (60.0%): 	 Avg_ACC: 0.4062500 	 lr: 0.001000000	 Total:0.404575974
2021-02-05 22:22:10,740 -  6500 /  8125 (80.0%): 	 Avg_ACC: 0.3437500 	 lr: 0.001000000	 Total:1.081830144
2021-02-05 22:22:44,818 - 
===============================|    epoch 10   |===============================

2021-02-05 22:22:45,285 -     0 /  8125 (0.0%): 	 Avg_ACC: 0.3750000 	 lr: 0.001000000	 Total:0.643284976
2021-02-05 22:23:15,163 -  1625 /  8125 (20.0%): 	 Avg_ACC: 0.4062500 	 lr: 0.001000000	 Total:1.256549597
2021-02-05 22:23:45,205 -  3250 /  8125 (40.0%): 	 Avg_ACC: 0.2500000 	 lr: 0.001000000	 Total:0.431644917
2021-02-05 22:24:15,531 -  4875 /  8125 (60.0%): 	 Avg_ACC: 0.0312500 	 lr: 0.001000000	 Total:0.744608343
2021-02-05 22:24:49,101 -  6500 /  8125 (80.0%): 	 Avg_ACC: 0.3125000 	 lr: 0.001000000	 Total:0.471112579
2021-02-05 22:25:26,913 - 
===============================| start validation |===============================

2021-02-05 22:25:26,914 - 	 Avg_ACC: 0.4362500 	  Total:0.4254613
2021-02-05 22:25:26,918 -    ini file updated    
2021-02-05 22:25:26,951 - Snapshot saved to /data/users/wergillius/UTR_VAE/pth/RL_regressor_MTL/split_two_csv_deep/deep_one_unscaled-model_best.pth

2021-02-05 22:25:26,952 -    ini file updated    
2021-02-05 22:25:26,952 - 
===============================|    epoch 11   |===============================

2021-02-05 22:25:27,385 -     0 /  8125 (0.0%): 	 Avg_ACC: 0.3437500 	 lr: 0.001000000	 Total:0.380454749
2021-02-05 22:26:00,246 -  1625 /  8125 (20.0%): 	 Avg_ACC: 0.4375000 	 lr: 0.001000000	 Total:0.287225693
2021-02-05 22:26:31,026 -  3250 /  8125 (40.0%): 	 Avg_ACC: 0.4375000 	 lr: 0.001000000	 Total:0.587074459
2021-02-05 22:27:02,022 -  4875 /  8125 (60.0%): 	 Avg_ACC: 0.3125000 	 lr: 0.001000000	 Total:0.409454763
2021-02-05 22:27:33,088 -  6500 /  8125 (80.0%): 	 Avg_ACC: 0.3750000 	 lr: 0.001000000	 Total:0.601473808
2021-02-05 22:28:04,436 - 
===============================|    epoch 12   |===============================

2021-02-05 22:28:04,889 -     0 /  8125 (0.0%): 	 Avg_ACC: 0.3750000 	 lr: 0.001000000	 Total:0.444690824
2021-02-05 22:28:37,611 -  1625 /  8125 (20.0%): 	 Avg_ACC: 0.4375000 	 lr: 0.001000000	 Total:0.352132410
2021-02-05 22:29:08,285 -  3250 /  8125 (40.0%): 	 Avg_ACC: 0.5312500 	 lr: 0.001000000	 Total:1.229954600
2021-02-05 22:29:38,688 -  4875 /  8125 (60.0%): 	 Avg_ACC: 0.3125000 	 lr: 0.001000000	 Total:0.453055739
2021-02-05 22:30:09,126 -  6500 /  8125 (80.0%): 	 Avg_ACC: 0.1875000 	 lr: 0.001000000	 Total:0.780226409
2021-02-05 22:30:40,964 - 
===============================|    epoch 13   |===============================

2021-02-05 22:30:41,522 -     0 /  8125 (0.0%): 	 Avg_ACC: 0.4687500 	 lr: 0.001000000	 Total:0.337551534
2021-02-05 22:31:15,928 -  1625 /  8125 (20.0%): 	 Avg_ACC: 0.4062500 	 lr: 0.001000000	 Total:0.367790103
2021-02-05 22:31:54,585 -  3250 /  8125 (40.0%): 	 Avg_ACC: 0.3125000 	 lr: 0.001000000	 Total:0.680979669
2021-02-05 22:32:33,409 -  4875 /  8125 (60.0%): 	 Avg_ACC: 0.4375000 	 lr: 0.001000000	 Total:0.658743322
2021-02-05 22:33:12,034 -  6500 /  8125 (80.0%): 	 Avg_ACC: 0.2187500 	 lr: 0.001000000	 Total:0.406760305
2021-02-05 22:33:48,725 - 
===============================|    epoch 14   |===============================

2021-02-05 22:33:49,190 -     0 /  8125 (0.0%): 	 Avg_ACC: 0.4375000 	 lr: 0.001000000	 Total:0.545730352
2021-02-05 22:34:28,588 -  1625 /  8125 (20.0%): 	 Avg_ACC: 0.5000000 	 lr: 0.001000000	 Total:0.380720377
2021-02-05 22:35:07,653 -  3250 /  8125 (40.0%): 	 Avg_ACC: 0.2812500 	 lr: 0.001000000	 Total:0.546047151
2021-02-05 22:35:46,223 -  4875 /  8125 (60.0%): 	 Avg_ACC: 0.4375000 	 lr: 0.001000000	 Total:0.400084257
2021-02-05 22:36:23,599 -  6500 /  8125 (80.0%): 	 Avg_ACC: 0.4375000 	 lr: 0.001000000	 Total:0.482829541
2021-02-05 22:37:01,272 - 
===============================|    epoch 15   |===============================

2021-02-05 22:37:01,705 -     0 /  8125 (0.0%): 	 Avg_ACC: 0.3437500 	 lr: 0.001000000	 Total:0.390472889
2021-02-05 22:37:40,499 -  1625 /  8125 (20.0%): 	 Avg_ACC: 0.4375000 	 lr: 0.001000000	 Total:0.724223316
2021-02-05 22:38:18,953 -  3250 /  8125 (40.0%): 	 Avg_ACC: 0.3125000 	 lr: 0.001000000	 Total:1.222388744
2021-02-05 22:38:55,955 -  4875 /  8125 (60.0%): 	 Avg_ACC: 0.3750000 	 lr: 0.001000000	 Total:0.494944841
2021-02-05 22:39:33,337 -  6500 /  8125 (80.0%): 	 Avg_ACC: 0.5000000 	 lr: 0.001000000	 Total:0.303363562
2021-02-05 22:40:11,072 - 
===============================|    epoch 16   |===============================

2021-02-05 22:40:11,583 -     0 /  8125 (0.0%): 	 Avg_ACC: 0.4062500 	 lr: 0.001000000	 Total:0.408632517
2021-02-05 22:40:50,572 -  1625 /  8125 (20.0%): 	 Avg_ACC: 0.1875000 	 lr: 0.001000000	 Total:0.865787387
2021-02-05 22:41:30,146 -  3250 /  8125 (40.0%): 	 Avg_ACC: 0.4062500 	 lr: 0.001000000	 Total:0.418020695
2021-02-05 22:42:08,160 -  4875 /  8125 (60.0%): 	 Avg_ACC: 0.3125000 	 lr: 0.001000000	 Total:0.958739638
2021-02-05 22:42:45,191 -  6500 /  8125 (80.0%): 	 Avg_ACC: 0.4062500 	 lr: 0.001000000	 Total:0.470332235
2021-02-05 22:43:23,797 - 
===============================|    epoch 17   |===============================

2021-02-05 22:43:24,357 -     0 /  8125 (0.0%): 	 Avg_ACC: 0.5000000 	 lr: 0.001000000	 Total:0.425377458
2021-02-05 22:44:05,017 -  1625 /  8125 (20.0%): 	 Avg_ACC: 0.2812500 	 lr: 0.001000000	 Total:0.618926466
2021-02-05 22:44:44,034 -  3250 /  8125 (40.0%): 	 Avg_ACC: 0.3750000 	 lr: 0.001000000	 Total:0.584086359
2021-02-05 22:45:22,621 -  4875 /  8125 (60.0%): 	 Avg_ACC: 0.4375000 	 lr: 0.001000000	 Total:0.910575867
2021-02-05 22:46:01,608 -  6500 /  8125 (80.0%): 	 Avg_ACC: 0.3750000 	 lr: 0.001000000	 Total:0.439337462
2021-02-05 22:46:42,531 - 
===============================|    epoch 18   |===============================

2021-02-05 22:46:43,064 -     0 /  8125 (0.0%): 	 Avg_ACC: 0.4062500 	 lr: 0.001000000	 Total:0.474371016
2021-02-05 22:47:25,951 -  1625 /  8125 (20.0%): 	 Avg_ACC: 0.5312500 	 lr: 0.001000000	 Total:0.818147600
2021-02-05 22:48:07,278 -  3250 /  8125 (40.0%): 	 Avg_ACC: 0.3125000 	 lr: 0.001000000	 Total:0.640325010
2021-02-05 22:48:47,850 -  4875 /  8125 (60.0%): 	 Avg_ACC: 0.4687500 	 lr: 0.001000000	 Total:0.275004774
2021-02-05 22:49:29,330 -  6500 /  8125 (80.0%): 	 Avg_ACC: 0.5312500 	 lr: 0.001000000	 Total:0.410386980
2021-02-05 22:50:11,025 - 
===============================|    epoch 19   |===============================

2021-02-05 22:50:11,641 -     0 /  8125 (0.0%): 	 Avg_ACC: 0.4375000 	 lr: 0.001000000	 Total:0.637369156
2021-02-05 22:50:55,634 -  1625 /  8125 (20.0%): 	 Avg_ACC: 0.4375000 	 lr: 0.001000000	 Total:0.372712731
2021-02-05 22:51:40,183 -  3250 /  8125 (40.0%): 	 Avg_ACC: 0.5312500 	 lr: 0.001000000	 Total:0.491452754
2021-02-05 22:52:23,688 -  4875 /  8125 (60.0%): 	 Avg_ACC: 0.3437500 	 lr: 0.001000000	 Total:0.455246300
2021-02-05 22:53:04,091 -  6500 /  8125 (80.0%): 	 Avg_ACC: 0.5937500 	 lr: 0.001000000	 Total:0.277484566
2021-02-05 22:53:44,442 - 
===============================|    epoch 20   |===============================

2021-02-05 22:53:44,967 -     0 /  8125 (0.0%): 	 Avg_ACC: 0.3437500 	 lr: 0.001000000	 Total:0.458273590
2021-02-05 22:54:25,948 -  1625 /  8125 (20.0%): 	 Avg_ACC: 0.1562500 	 lr: 0.001000000	 Total:0.911940694
2021-02-05 22:55:04,571 -  3250 /  8125 (40.0%): 	 Avg_ACC: 0.3437500 	 lr: 0.001000000	 Total:0.395995021
2021-02-05 22:55:46,093 -  4875 /  8125 (60.0%): 	 Avg_ACC: 0.3125000 	 lr: 0.001000000	 Total:0.703444839
2021-02-05 22:56:29,269 -  6500 /  8125 (80.0%): 	 Avg_ACC: 0.3437500 	 lr: 0.001000000	 Total:0.556862056
2021-02-05 22:57:16,956 - 
===============================| start validation |===============================

2021-02-05 22:57:16,956 - 	 Avg_ACC: 0.4111500 	  Total:0.4225556
2021-02-05 22:57:16,957 -    ini file updated    
2021-02-05 22:57:16,957 - 
===============================|    epoch 21   |===============================

2021-02-05 22:57:17,469 -     0 /  8125 (0.0%): 	 Avg_ACC: 0.3437500 	 lr: 0.001000000	 Total:0.682660937
2021-02-05 22:58:02,203 -  1625 /  8125 (20.0%): 	 Avg_ACC: 0.2812500 	 lr: 0.001000000	 Total:0.655597866
2021-02-05 22:58:44,338 -  3250 /  8125 (40.0%): 	 Avg_ACC: 0.2812500 	 lr: 0.001000000	 Total:1.095249295
2021-02-05 22:59:24,963 -  4875 /  8125 (60.0%): 	 Avg_ACC: 0.3437500 	 lr: 0.001000000	 Total:0.900822699
2021-02-05 23:00:07,528 -  6500 /  8125 (80.0%): 	 Avg_ACC: 0.3437500 	 lr: 0.001000000	 Total:0.361130476
2021-02-05 23:00:49,354 - 
===============================|    epoch 22   |===============================

2021-02-05 23:00:49,922 -     0 /  8125 (0.0%): 	 Avg_ACC: 0.4375000 	 lr: 0.001000000	 Total:0.310647011
2021-02-05 23:01:33,039 -  1625 /  8125 (20.0%): 	 Avg_ACC: 0.4062500 	 lr: 0.001000000	 Total:0.469089836
2021-02-05 23:02:15,747 -  3250 /  8125 (40.0%): 	 Avg_ACC: 0.4687500 	 lr: 0.001000000	 Total:0.903324783
2021-02-05 23:02:57,305 -  4875 /  8125 (60.0%): 	 Avg_ACC: 0.4687500 	 lr: 0.001000000	 Total:0.861220002
2021-02-05 23:03:41,024 -  6500 /  8125 (80.0%): 	 Avg_ACC: 0.3125000 	 lr: 0.001000000	 Total:0.391019762
2021-02-05 23:04:24,881 - 
===============================|    epoch 23   |===============================

2021-02-05 23:04:25,389 -     0 /  8125 (0.0%): 	 Avg_ACC: 0.4062500 	 lr: 0.001000000	 Total:1.024333477
2021-02-05 23:05:08,545 -  1625 /  8125 (20.0%): 	 Avg_ACC: 0.4375000 	 lr: 0.001000000	 Total:0.626011610
2021-02-05 23:05:50,838 -  3250 /  8125 (40.0%): 	 Avg_ACC: 0.5625000 	 lr: 0.001000000	 Total:0.414154679
2021-02-05 23:06:33,682 -  4875 /  8125 (60.0%): 	 Avg_ACC: 0.3750000 	 lr: 0.001000000	 Total:0.492854178
2021-02-05 23:07:15,986 -  6500 /  8125 (80.0%): 	 Avg_ACC: 0.5000000 	 lr: 0.001000000	 Total:0.429890782
2021-02-05 23:08:00,233 - 
===============================|    epoch 24   |===============================

2021-02-05 23:08:00,811 -     0 /  8125 (0.0%): 	 Avg_ACC: 0.5000000 	 lr: 0.001000000	 Total:0.327561140
2021-02-05 23:08:44,486 -  1625 /  8125 (20.0%): 	 Avg_ACC: 0.4062500 	 lr: 0.001000000	 Total:0.463091075
2021-02-05 23:09:27,539 -  3250 /  8125 (40.0%): 	 Avg_ACC: 0.4062500 	 lr: 0.001000000	 Total:0.783395767
2021-02-05 23:10:10,593 -  4875 /  8125 (60.0%): 	 Avg_ACC: 0.5625000 	 lr: 0.001000000	 Total:0.699759722
2021-02-05 23:10:53,208 -  6500 /  8125 (80.0%): 	 Avg_ACC: 0.2187500 	 lr: 0.001000000	 Total:0.663300157
2021-02-05 23:11:37,116 - 
===============================|    epoch 25   |===============================

2021-02-05 23:11:37,731 -     0 /  8125 (0.0%): 	 Avg_ACC: 0.4062500 	 lr: 0.001000000	 Total:0.473780602
2021-02-05 23:12:22,140 -  1625 /  8125 (20.0%): 	 Avg_ACC: 0.2812500 	 lr: 0.001000000	 Total:1.198302627
2021-02-05 23:13:02,005 -  3250 /  8125 (40.0%): 	 Avg_ACC: 0.5625000 	 lr: 0.001000000	 Total:0.404520631
2021-02-05 23:13:43,598 -  4875 /  8125 (60.0%): 	 Avg_ACC: 0.4062500 	 lr: 0.001000000	 Total:0.312008590
2021-02-05 23:14:26,482 -  6500 /  8125 (80.0%): 	 Avg_ACC: 0.4062500 	 lr: 0.001000000	 Total:0.525249839
2021-02-05 23:15:06,928 - 
===============================|    epoch 26   |===============================

2021-02-05 23:15:07,363 -     0 /  8125 (0.0%): 	 Avg_ACC: 0.3750000 	 lr: 0.001000000	 Total:0.456108779
2021-02-05 23:15:47,414 -  1625 /  8125 (20.0%): 	 Avg_ACC: 0.2812500 	 lr: 0.001000000	 Total:0.499786884
2021-02-05 23:16:28,259 -  3250 /  8125 (40.0%): 	 Avg_ACC: 0.3750000 	 lr: 0.001000000	 Total:0.445670187
2021-02-05 23:17:12,172 -  4875 /  8125 (60.0%): 	 Avg_ACC: 0.4687500 	 lr: 0.001000000	 Total:0.399338335
2021-02-05 23:17:54,485 -  6500 /  8125 (80.0%): 	 Avg_ACC: 0.3750000 	 lr: 0.001000000	 Total:0.313108146
2021-02-05 23:18:35,104 - 
===============================|    epoch 27   |===============================

2021-02-05 23:18:35,658 -     0 /  8125 (0.0%): 	 Avg_ACC: 0.2500000 	 lr: 0.001000000	 Total:0.833891630
2021-02-05 23:19:13,405 -  1625 /  8125 (20.0%): 	 Avg_ACC: 0.5625000 	 lr: 0.001000000	 Total:0.276833236
2021-02-05 23:19:51,526 -  3250 /  8125 (40.0%): 	 Avg_ACC: 0.3125000 	 lr: 0.001000000	 Total:0.593027055
2021-02-05 23:20:27,559 -  4875 /  8125 (60.0%): 	 Avg_ACC: 0.5625000 	 lr: 0.001000000	 Total:0.341312885
2021-02-05 23:21:04,636 -  6500 /  8125 (80.0%): 	 Avg_ACC: 0.4687500 	 lr: 0.001000000	 Total:1.080793023
2021-02-05 23:21:41,911 - 
===============================|    epoch 28   |===============================

2021-02-05 23:21:42,388 -     0 /  8125 (0.0%): 	 Avg_ACC: 0.4375000 	 lr: 0.001000000	 Total:0.472837031
2021-02-05 23:22:22,772 -  1625 /  8125 (20.0%): 	 Avg_ACC: 0.4062500 	 lr: 0.001000000	 Total:0.719318688
2021-02-05 23:23:00,906 -  3250 /  8125 (40.0%): 	 Avg_ACC: 0.4062500 	 lr: 0.001000000	 Total:0.437794089
2021-02-05 23:23:38,245 -  4875 /  8125 (60.0%): 	 Avg_ACC: 0.3437500 	 lr: 0.001000000	 Total:0.639728665
2021-02-05 23:24:15,004 -  6500 /  8125 (80.0%): 	 Avg_ACC: 0.4062500 	 lr: 0.001000000	 Total:0.476821512
2021-02-05 23:24:51,602 - 
===============================|    epoch 29   |===============================

2021-02-05 23:24:52,113 -     0 /  8125 (0.0%): 	 Avg_ACC: 0.5000000 	 lr: 0.001000000	 Total:1.062605262
2021-02-05 23:25:32,442 -  1625 /  8125 (20.0%): 	 Avg_ACC: 0.3750000 	 lr: 0.001000000	 Total:0.304751337
2021-02-05 23:26:14,722 -  3250 /  8125 (40.0%): 	 Avg_ACC: 0.2812500 	 lr: 0.001000000	 Total:0.499344856
2021-02-05 23:26:56,827 -  4875 /  8125 (60.0%): 	 Avg_ACC: 0.3437500 	 lr: 0.001000000	 Total:0.466565967
2021-02-05 23:27:38,494 -  6500 /  8125 (80.0%): 	 Avg_ACC: 0.2812500 	 lr: 0.001000000	 Total:1.042453527
2021-02-05 23:28:20,830 - 
===============================|    epoch 30   |===============================

2021-02-05 23:28:21,330 -     0 /  8125 (0.0%): 	 Avg_ACC: 0.3750000 	 lr: 0.001000000	 Total:0.477911413
2021-02-05 23:29:03,980 -  1625 /  8125 (20.0%): 	 Avg_ACC: 0.3125000 	 lr: 0.001000000	 Total:0.655691504
2021-02-05 23:29:45,597 -  3250 /  8125 (40.0%): 	 Avg_ACC: 0.4062500 	 lr: 0.001000000	 Total:0.496268719
2021-02-05 23:30:27,760 -  4875 /  8125 (60.0%): 	 Avg_ACC: 0.4375000 	 lr: 0.001000000	 Total:0.446906120
2021-02-05 23:31:09,403 -  6500 /  8125 (80.0%): 	 Avg_ACC: 0.4062500 	 lr: 0.001000000	 Total:0.432306081
2021-02-05 23:31:57,024 - 
===============================| start validation |===============================

2021-02-05 23:31:57,029 - 	 Avg_ACC: 0.4676000 	  Total:0.4217552
2021-02-05 23:31:57,030 -    ini file updated    
2021-02-05 23:31:57,058 - Snapshot saved to /data/users/wergillius/UTR_VAE/pth/RL_regressor_MTL/split_two_csv_deep/deep_one_unscaled-model_best.pth

2021-02-05 23:31:57,058 -    ini file updated    
2021-02-05 23:31:57,059 - 
===============================|    epoch 31   |===============================

2021-02-05 23:31:57,668 -     0 /  8125 (0.0%): 	 Avg_ACC: 0.4375000 	 lr: 0.001000000	 Total:0.818409681
2021-02-05 23:32:40,473 -  1625 /  8125 (20.0%): 	 Avg_ACC: 0.4062500 	 lr: 0.001000000	 Total:0.396193236
2021-02-05 23:33:24,109 -  3250 /  8125 (40.0%): 	 Avg_ACC: 0.5312500 	 lr: 0.001000000	 Total:0.284908950
2021-02-05 23:34:08,259 -  4875 /  8125 (60.0%): 	 Avg_ACC: 0.5000000 	 lr: 0.001000000	 Total:0.508883059
2021-02-05 23:34:51,314 -  6500 /  8125 (80.0%): 	 Avg_ACC: 0.2500000 	 lr: 0.001000000	 Total:0.434596390
2021-02-05 23:35:33,817 - 
===============================|    epoch 32   |===============================

2021-02-05 23:35:34,329 -     0 /  8125 (0.0%): 	 Avg_ACC: 0.3125000 	 lr: 0.001000000	 Total:0.290054619
2021-02-05 23:36:15,000 -  1625 /  8125 (20.0%): 	 Avg_ACC: 0.2187500 	 lr: 0.001000000	 Total:1.090966702
2021-02-05 23:36:55,629 -  3250 /  8125 (40.0%): 	 Avg_ACC: 0.3437500 	 lr: 0.001000000	 Total:0.430228889
2021-02-05 23:37:36,206 -  4875 /  8125 (60.0%): 	 Avg_ACC: 0.3750000 	 lr: 0.001000000	 Total:0.348014712
2021-02-05 23:38:17,071 -  6500 /  8125 (80.0%): 	 Avg_ACC: 0.3437500 	 lr: 0.001000000	 Total:0.429951727
2021-02-05 23:39:00,461 - 
===============================|    epoch 33   |===============================

2021-02-05 23:39:01,171 -     0 /  8125 (0.0%): 	 Avg_ACC: 0.4062500 	 lr: 0.001000000	 Total:1.011072040
2021-02-05 23:39:40,060 -  1625 /  8125 (20.0%): 	 Avg_ACC: 0.4375000 	 lr: 0.001000000	 Total:0.324333608
2021-02-05 23:40:13,056 -  3250 /  8125 (40.0%): 	 Avg_ACC: 0.5000000 	 lr: 0.001000000	 Total:0.422803134
2021-02-05 23:40:46,760 -  4875 /  8125 (60.0%): 	 Avg_ACC: 0.2812500 	 lr: 0.001000000	 Total:0.431677669
2021-02-05 23:41:20,469 -  6500 /  8125 (80.0%): 	 Avg_ACC: 0.4062500 	 lr: 0.001000000	 Total:0.774046600
2021-02-05 23:41:53,639 - 
===============================|    epoch 34   |===============================

2021-02-05 23:41:54,090 -     0 /  8125 (0.0%): 	 Avg_ACC: 0.4687500 	 lr: 0.001000000	 Total:0.731494427
2021-02-05 23:42:27,725 -  1625 /  8125 (20.0%): 	 Avg_ACC: 0.2812500 	 lr: 0.001000000	 Total:0.311475366
2021-02-05 23:43:00,237 -  3250 /  8125 (40.0%): 	 Avg_ACC: 0.6250000 	 lr: 0.001000000	 Total:0.253149211
2021-02-05 23:43:31,834 -  4875 /  8125 (60.0%): 	 Avg_ACC: 0.2812500 	 lr: 0.001000000	 Total:0.692858338
2021-02-05 23:44:05,886 -  6500 /  8125 (80.0%): 	 Avg_ACC: 0.4687500 	 lr: 0.001000000	 Total:0.763025224
2021-02-05 23:44:39,876 - 
===============================|    epoch 35   |===============================

2021-02-05 23:44:40,327 -     0 /  8125 (0.0%): 	 Avg_ACC: 0.3750000 	 lr: 0.001000000	 Total:1.339659691
2021-02-05 23:45:14,367 -  1625 /  8125 (20.0%): 	 Avg_ACC: 0.4687500 	 lr: 0.001000000	 Total:0.311766297
2021-02-05 23:45:47,463 -  3250 /  8125 (40.0%): 	 Avg_ACC: 0.2812500 	 lr: 0.001000000	 Total:0.820784450
2021-02-05 23:46:20,655 -  4875 /  8125 (60.0%): 	 Avg_ACC: 0.3750000 	 lr: 0.001000000	 Total:0.559396982
2021-02-05 23:46:54,077 -  6500 /  8125 (80.0%): 	 Avg_ACC: 0.3437500 	 lr: 0.001000000	 Total:0.449636579
2021-02-05 23:47:27,722 - 
===============================|    epoch 36   |===============================

2021-02-05 23:47:28,212 -     0 /  8125 (0.0%): 	 Avg_ACC: 0.4375000 	 lr: 0.001000000	 Total:0.476819009
2021-02-05 23:48:01,770 -  1625 /  8125 (20.0%): 	 Avg_ACC: 0.3437500 	 lr: 0.001000000	 Total:0.307059646
2021-02-05 23:48:35,419 -  3250 /  8125 (40.0%): 	 Avg_ACC: 0.2812500 	 lr: 0.001000000	 Total:0.401929200
2021-02-05 23:49:09,045 -  4875 /  8125 (60.0%): 	 Avg_ACC: 0.3125000 	 lr: 0.001000000	 Total:0.582098305
2021-02-05 23:49:44,848 -  6500 /  8125 (80.0%): 	 Avg_ACC: 0.4375000 	 lr: 0.001000000	 Total:0.326658487
2021-02-05 23:50:20,942 - 
===============================|    epoch 37   |===============================

2021-02-05 23:50:21,374 -     0 /  8125 (0.0%): 	 Avg_ACC: 0.5000000 	 lr: 0.001000000	 Total:0.332162589
2021-02-05 23:50:57,018 -  1625 /  8125 (20.0%): 	 Avg_ACC: 0.4687500 	 lr: 0.001000000	 Total:0.472948849
2021-02-05 23:51:32,137 -  3250 /  8125 (40.0%): 	 Avg_ACC: 0.5000000 	 lr: 0.001000000	 Total:0.228564158
2021-02-05 23:52:06,264 -  4875 /  8125 (60.0%): 	 Avg_ACC: 0.1562500 	 lr: 0.001000000	 Total:0.669301629
2021-02-05 23:52:41,211 -  6500 /  8125 (80.0%): 	 Avg_ACC: 0.3125000 	 lr: 0.001000000	 Total:0.759784758
2021-02-05 23:53:15,538 - 
===============================|    epoch 38   |===============================

2021-02-05 23:53:16,009 -     0 /  8125 (0.0%): 	 Avg_ACC: 0.5625000 	 lr: 0.001000000	 Total:0.369112909
2021-02-05 23:53:51,315 -  1625 /  8125 (20.0%): 	 Avg_ACC: 0.1875000 	 lr: 0.001000000	 Total:0.715601981
2021-02-05 23:54:25,858 -  3250 /  8125 (40.0%): 	 Avg_ACC: 0.6250000 	 lr: 0.001000000	 Total:0.196058348
2021-02-05 23:55:01,088 -  4875 /  8125 (60.0%): 	 Avg_ACC: 0.3750000 	 lr: 0.001000000	 Total:0.545743823
2021-02-05 23:55:33,850 -  6500 /  8125 (80.0%): 	 Avg_ACC: 0.3750000 	 lr: 0.001000000	 Total:0.452657610
2021-02-05 23:56:05,774 - 
===============================|    epoch 39   |===============================

2021-02-05 23:56:06,223 -     0 /  8125 (0.0%): 	 Avg_ACC: 0.2812500 	 lr: 0.001000000	 Total:1.275681019
2021-02-05 23:56:38,681 -  1625 /  8125 (20.0%): 	 Avg_ACC: 0.3437500 	 lr: 0.001000000	 Total:0.548290074
2021-02-05 23:57:10,514 -  3250 /  8125 (40.0%): 	 Avg_ACC: 0.1562500 	 lr: 0.001000000	 Total:0.815448880
2021-02-05 23:57:43,106 -  4875 /  8125 (60.0%): 	 Avg_ACC: 0.5312500 	 lr: 0.001000000	 Total:0.336986631
2021-02-05 23:58:16,006 -  6500 /  8125 (80.0%): 	 Avg_ACC: 0.3750000 	 lr: 0.001000000	 Total:0.611129522
2021-02-05 23:58:48,243 - 
===============================|    epoch 40   |===============================

2021-02-05 23:58:48,655 -     0 /  8125 (0.0%): 	 Avg_ACC: 0.3750000 	 lr: 0.001000000	 Total:0.396788627
2021-02-05 23:59:21,230 -  1625 /  8125 (20.0%): 	 Avg_ACC: 0.2812500 	 lr: 0.001000000	 Total:0.376907319
2021-02-05 23:59:56,122 -  3250 /  8125 (40.0%): 	 Avg_ACC: 0.4687500 	 lr: 0.001000000	 Total:0.489267230
2021-02-06 00:00:29,694 -  4875 /  8125 (60.0%): 	 Avg_ACC: 0.3750000 	 lr: 0.001000000	 Total:0.493221909
2021-02-06 00:01:04,900 -  6500 /  8125 (80.0%): 	 Avg_ACC: 0.3750000 	 lr: 0.001000000	 Total:0.350480676
2021-02-06 00:01:43,197 - 
===============================| start validation |===============================

2021-02-06 00:01:43,198 - 	 Avg_ACC: 0.4508000 	  Total:0.4850183
2021-02-06 00:01:43,199 -    ini file updated    
2021-02-06 00:01:43,199 - 
===============================|    epoch 41   |===============================

2021-02-06 00:01:43,677 -     0 /  8125 (0.0%): 	 Avg_ACC: 0.4687500 	 lr: 0.001000000	 Total:0.623436153
2021-02-06 00:02:17,361 -  1625 /  8125 (20.0%): 	 Avg_ACC: 0.4687500 	 lr: 0.001000000	 Total:0.296563536
2021-02-06 00:02:50,970 -  3250 /  8125 (40.0%): 	 Avg_ACC: 0.2500000 	 lr: 0.001000000	 Total:0.385249853
2021-02-06 00:03:24,549 -  4875 /  8125 (60.0%): 	 Avg_ACC: 0.4375000 	 lr: 0.001000000	 Total:0.542319298
2021-02-06 00:03:58,159 -  6500 /  8125 (80.0%): 	 Avg_ACC: 0.3437500 	 lr: 0.001000000	 Total:0.435251325
2021-02-06 00:04:31,767 - 
===============================|    epoch 42   |===============================

2021-02-06 00:04:32,168 -     0 /  8125 (0.0%): 	 Avg_ACC: 0.3437500 	 lr: 0.001000000	 Total:0.501948237
2021-02-06 00:05:05,713 -  1625 /  8125 (20.0%): 	 Avg_ACC: 0.4062500 	 lr: 0.001000000	 Total:0.645074368
2021-02-06 00:05:39,427 -  3250 /  8125 (40.0%): 	 Avg_ACC: 0.5000000 	 lr: 0.001000000	 Total:0.541809440
2021-02-06 00:06:12,953 -  4875 /  8125 (60.0%): 	 Avg_ACC: 0.4687500 	 lr: 0.001000000	 Total:0.308128834
2021-02-06 00:06:47,523 -  6500 /  8125 (80.0%): 	 Avg_ACC: 0.3437500 	 lr: 0.001000000	 Total:0.664157987
2021-02-06 00:07:22,888 - 
===============================|    epoch 43   |===============================

2021-02-06 00:07:23,452 -     0 /  8125 (0.0%): 	 Avg_ACC: 0.2187500 	 lr: 0.001000000	 Total:0.725822866
2021-02-06 00:07:58,492 -  1625 /  8125 (20.0%): 	 Avg_ACC: 0.3750000 	 lr: 0.001000000	 Total:0.681437194
2021-02-06 00:08:30,941 -  3250 /  8125 (40.0%): 	 Avg_ACC: 0.5000000 	 lr: 0.001000000	 Total:1.085502386
2021-02-06 00:09:04,151 -  4875 /  8125 (60.0%): 	 Avg_ACC: 0.4687500 	 lr: 0.001000000	 Total:0.603096068
2021-02-06 00:09:37,989 -  6500 /  8125 (80.0%): 	 Avg_ACC: 0.3750000 	 lr: 0.001000000	 Total:0.355816305
2021-02-06 00:10:12,126 - 
===============================|    epoch 44   |===============================

2021-02-06 00:10:12,606 -     0 /  8125 (0.0%): 	 Avg_ACC: 0.4375000 	 lr: 0.001000000	 Total:0.449573576
2021-02-06 00:10:47,987 -  1625 /  8125 (20.0%): 	 Avg_ACC: 0.1562500 	 lr: 0.001000000	 Total:0.881880879
2021-02-06 00:11:21,676 -  3250 /  8125 (40.0%): 	 Avg_ACC: 0.2812500 	 lr: 0.001000000	 Total:0.568217635
2021-02-06 00:11:55,571 -  4875 /  8125 (60.0%): 	 Avg_ACC: 0.3437500 	 lr: 0.001000000	 Total:0.612988830
2021-02-06 00:12:29,412 -  6500 /  8125 (80.0%): 	 Avg_ACC: 0.3437500 	 lr: 0.001000000	 Total:0.596179008
2021-02-06 00:13:02,590 - 
===============================|    epoch 45   |===============================

2021-02-06 00:13:02,993 -     0 /  8125 (0.0%): 	 Avg_ACC: 0.5000000 	 lr: 0.001000000	 Total:0.600484967
2021-02-06 00:13:37,242 -  1625 /  8125 (20.0%): 	 Avg_ACC: 0.4375000 	 lr: 0.001000000	 Total:0.289034843
2021-02-06 00:14:10,057 -  3250 /  8125 (40.0%): 	 Avg_ACC: 0.1875000 	 lr: 0.001000000	 Total:0.546800613
2021-02-06 00:14:41,196 -  4875 /  8125 (60.0%): 	 Avg_ACC: 0.3125000 	 lr: 0.001000000	 Total:0.947385788
2021-02-06 00:15:13,982 -  6500 /  8125 (80.0%): 	 Avg_ACC: 0.4062500 	 lr: 0.001000000	 Total:0.671314418
2021-02-06 00:15:47,277 - 
===============================|    epoch 46   |===============================

2021-02-06 00:15:47,787 -     0 /  8125 (0.0%): 	 Avg_ACC: 0.4687500 	 lr: 0.001000000	 Total:0.728187561
2021-02-06 00:16:24,073 -  1625 /  8125 (20.0%): 	 Avg_ACC: 0.3750000 	 lr: 0.001000000	 Total:0.441335440
2021-02-06 00:16:57,949 -  3250 /  8125 (40.0%): 	 Avg_ACC: 0.3750000 	 lr: 0.001000000	 Total:0.389984220
2021-02-06 00:17:31,528 -  4875 /  8125 (60.0%): 	 Avg_ACC: 0.3437500 	 lr: 0.001000000	 Total:0.612145245
2021-02-06 00:18:08,712 -  6500 /  8125 (80.0%): 	 Avg_ACC: 0.5625000 	 lr: 0.001000000	 Total:0.264710218
2021-02-06 00:18:43,866 - 
===============================|    epoch 47   |===============================

2021-02-06 00:18:44,372 -     0 /  8125 (0.0%): 	 Avg_ACC: 0.5312500 	 lr: 0.001000000	 Total:0.325790763
2021-02-06 00:19:20,694 -  1625 /  8125 (20.0%): 	 Avg_ACC: 0.3437500 	 lr: 0.001000000	 Total:0.490883887
2021-02-06 00:19:56,840 -  3250 /  8125 (40.0%): 	 Avg_ACC: 0.3750000 	 lr: 0.001000000	 Total:0.662450314
2021-02-06 00:20:30,229 -  4875 /  8125 (60.0%): 	 Avg_ACC: 0.2187500 	 lr: 0.001000000	 Total:0.902470171
2021-02-06 00:21:00,856 -  6500 /  8125 (80.0%): 	 Avg_ACC: 0.3437500 	 lr: 0.001000000	 Total:0.453884304
2021-02-06 00:21:31,101 - 
===============================|    epoch 48   |===============================

2021-02-06 00:21:31,573 -     0 /  8125 (0.0%): 	 Avg_ACC: 0.2812500 	 lr: 0.001000000	 Total:0.571803689
2021-02-06 00:22:03,574 -  1625 /  8125 (20.0%): 	 Avg_ACC: 0.3750000 	 lr: 0.001000000	 Total:0.608507335
2021-02-06 00:22:34,917 -  3250 /  8125 (40.0%): 	 Avg_ACC: 0.4062500 	 lr: 0.001000000	 Total:0.398751020
2021-02-06 00:23:06,615 -  4875 /  8125 (60.0%): 	 Avg_ACC: 0.4375000 	 lr: 0.001000000	 Total:0.406676829
2021-02-06 00:23:38,215 -  6500 /  8125 (80.0%): 	 Avg_ACC: 0.3125000 	 lr: 0.001000000	 Total:0.879189491
2021-02-06 00:24:10,081 - 
===============================|    epoch 49   |===============================

2021-02-06 00:24:10,517 -     0 /  8125 (0.0%): 	 Avg_ACC: 0.4687500 	 lr: 0.001000000	 Total:0.539278269
2021-02-06 00:24:42,422 -  1625 /  8125 (20.0%): 	 Avg_ACC: 0.2187500 	 lr: 0.001000000	 Total:0.704294860
2021-02-06 00:25:13,813 -  3250 /  8125 (40.0%): 	 Avg_ACC: 0.3437500 	 lr: 0.001000000	 Total:0.421481669
2021-02-06 00:25:46,047 -  4875 /  8125 (60.0%): 	 Avg_ACC: 0.4375000 	 lr: 0.001000000	 Total:0.356743127
2021-02-06 00:26:17,594 -  6500 /  8125 (80.0%): 	 Avg_ACC: 0.6250000 	 lr: 0.001000000	 Total:0.437485814
2021-02-06 00:26:47,794 - 
===============================|    epoch 50   |===============================

2021-02-06 00:26:48,198 -     0 /  8125 (0.0%): 	 Avg_ACC: 0.5000000 	 lr: 0.001000000	 Total:0.791209638
2021-02-06 00:27:18,616 -  1625 /  8125 (20.0%): 	 Avg_ACC: 0.3750000 	 lr: 0.001000000	 Total:0.475238085
2021-02-06 00:27:49,054 -  3250 /  8125 (40.0%): 	 Avg_ACC: 0.4062500 	 lr: 0.001000000	 Total:0.373742849
2021-02-06 00:28:19,588 -  4875 /  8125 (60.0%): 	 Avg_ACC: 0.1250000 	 lr: 0.001000000	 Total:2.439884186
2021-02-06 00:28:50,068 -  6500 /  8125 (80.0%): 	 Avg_ACC: 0.1875000 	 lr: 0.001000000	 Total:0.853719831
2021-02-06 00:29:24,399 - 
===============================| start validation |===============================

2021-02-06 00:29:24,400 - 	 Avg_ACC: 0.4535000 	  Total:0.4314177
2021-02-06 00:29:24,400 -    ini file updated    
2021-02-06 00:29:24,401 - 
===============================|    epoch 51   |===============================

2021-02-06 00:29:24,773 -     0 /  8125 (0.0%): 	 Avg_ACC: 0.4062500 	 lr: 0.001000000	 Total:0.647380590
2021-02-06 00:29:55,035 -  1625 /  8125 (20.0%): 	 Avg_ACC: 0.2812500 	 lr: 0.001000000	 Total:0.601787984
2021-02-06 00:30:26,431 -  3250 /  8125 (40.0%): 	 Avg_ACC: 0.2812500 	 lr: 0.001000000	 Total:0.465367943
2021-02-06 00:30:58,152 -  4875 /  8125 (60.0%): 	 Avg_ACC: 0.4375000 	 lr: 0.001000000	 Total:0.593020618
2021-02-06 00:31:29,515 -  6500 /  8125 (80.0%): 	 Avg_ACC: 0.4375000 	 lr: 0.001000000	 Total:0.259385467
2021-02-06 00:32:01,264 - 
===============================|    epoch 52   |===============================

2021-02-06 00:32:01,633 -     0 /  8125 (0.0%): 	 Avg_ACC: 0.3125000 	 lr: 0.001000000	 Total:0.628467023
2021-02-06 00:32:33,937 -  1625 /  8125 (20.0%): 	 Avg_ACC: 0.3750000 	 lr: 0.001000000	 Total:0.272902250
2021-02-06 00:33:05,407 -  3250 /  8125 (40.0%): 	 Avg_ACC: 0.4062500 	 lr: 0.001000000	 Total:0.535013855
2021-02-06 00:33:36,816 -  4875 /  8125 (60.0%): 	 Avg_ACC: 0.3750000 	 lr: 0.001000000	 Total:0.648948550
2021-02-06 00:34:07,327 -  6500 /  8125 (80.0%): 	 Avg_ACC: 0.3750000 	 lr: 0.001000000	 Total:0.478610963
2021-02-06 00:34:37,387 - 
===============================|    epoch 53   |===============================

2021-02-06 00:34:37,742 -     0 /  8125 (0.0%): 	 Avg_ACC: 0.4375000 	 lr: 0.001000000	 Total:0.549960196
2021-02-06 00:35:08,983 -  1625 /  8125 (20.0%): 	 Avg_ACC: 0.3437500 	 lr: 0.001000000	 Total:0.420311064
2021-02-06 00:35:40,706 -  3250 /  8125 (40.0%): 	 Avg_ACC: 0.5312500 	 lr: 0.001000000	 Total:0.458959907
2021-02-06 00:36:12,239 -  4875 /  8125 (60.0%): 	 Avg_ACC: 0.3750000 	 lr: 0.001000000	 Total:0.540630877
2021-02-06 00:36:43,887 -  6500 /  8125 (80.0%): 	 Avg_ACC: 0.5312500 	 lr: 0.001000000	 Total:0.488782495
2021-02-06 00:37:14,512 - 
===============================|    epoch 54   |===============================

2021-02-06 00:37:14,921 -     0 /  8125 (0.0%): 	 Avg_ACC: 0.4375000 	 lr: 0.001000000	 Total:0.405335099
2021-02-06 00:37:46,576 -  1625 /  8125 (20.0%): 	 Avg_ACC: 0.4687500 	 lr: 0.001000000	 Total:0.349823564
2021-02-06 00:38:18,938 -  3250 /  8125 (40.0%): 	 Avg_ACC: 0.2812500 	 lr: 0.001000000	 Total:0.333820581
2021-02-06 00:38:50,206 -  4875 /  8125 (60.0%): 	 Avg_ACC: 0.3437500 	 lr: 0.001000000	 Total:0.713041246
2021-02-06 00:39:21,714 -  6500 /  8125 (80.0%): 	 Avg_ACC: 0.3750000 	 lr: 0.001000000	 Total:0.638826430
2021-02-06 00:39:52,919 - 
===============================|    epoch 55   |===============================

2021-02-06 00:39:53,330 -     0 /  8125 (0.0%): 	 Avg_ACC: 0.2812500 	 lr: 0.001000000	 Total:0.456957519
2021-02-06 00:40:24,694 -  1625 /  8125 (20.0%): 	 Avg_ACC: 0.1250000 	 lr: 0.001000000	 Total:0.792045593
2021-02-06 00:40:55,407 -  3250 /  8125 (40.0%): 	 Avg_ACC: 0.3750000 	 lr: 0.001000000	 Total:0.753143132
2021-02-06 00:41:26,039 -  4875 /  8125 (60.0%): 	 Avg_ACC: 0.3437500 	 lr: 0.001000000	 Total:0.499418318
2021-02-06 00:41:56,534 -  6500 /  8125 (80.0%): 	 Avg_ACC: 0.5000000 	 lr: 0.001000000	 Total:0.486026883
2021-02-06 00:42:27,877 - 
===============================|    epoch 56   |===============================

2021-02-06 00:42:28,312 -     0 /  8125 (0.0%): 	 Avg_ACC: 0.3750000 	 lr: 0.001000000	 Total:0.784541488
2021-02-06 00:43:01,611 -  1625 /  8125 (20.0%): 	 Avg_ACC: 0.4687500 	 lr: 0.001000000	 Total:0.436207384
2021-02-06 00:43:33,729 -  3250 /  8125 (40.0%): 	 Avg_ACC: 0.2812500 	 lr: 0.001000000	 Total:0.597343683
2021-02-06 00:44:05,340 -  4875 /  8125 (60.0%): 	 Avg_ACC: 0.3437500 	 lr: 0.001000000	 Total:0.514025092
2021-02-06 00:44:37,507 -  6500 /  8125 (80.0%): 	 Avg_ACC: 0.5312500 	 lr: 0.001000000	 Total:0.360585928
2021-02-06 00:45:09,771 - 
===============================|    epoch 57   |===============================

2021-02-06 00:45:10,164 -     0 /  8125 (0.0%): 	 Avg_ACC: 0.3437500 	 lr: 0.001000000	 Total:0.486966223
2021-02-06 00:45:43,386 -  1625 /  8125 (20.0%): 	 Avg_ACC: 0.2187500 	 lr: 0.001000000	 Total:0.535238147
2021-02-06 00:46:16,180 -  3250 /  8125 (40.0%): 	 Avg_ACC: 0.4062500 	 lr: 0.001000000	 Total:0.470254093
2021-02-06 00:46:48,357 -  4875 /  8125 (60.0%): 	 Avg_ACC: 0.2187500 	 lr: 0.001000000	 Total:0.452375740
2021-02-06 00:47:21,089 -  6500 /  8125 (80.0%): 	 Avg_ACC: 0.4687500 	 lr: 0.001000000	 Total:0.373754978
2021-02-06 00:47:51,720 - 
===============================|    epoch 58   |===============================

2021-02-06 00:47:52,165 -     0 /  8125 (0.0%): 	 Avg_ACC: 0.2500000 	 lr: 0.001000000	 Total:0.846189320
2021-02-06 00:48:22,880 -  1625 /  8125 (20.0%): 	 Avg_ACC: 0.3437500 	 lr: 0.001000000	 Total:0.637519300
2021-02-06 00:48:53,419 -  3250 /  8125 (40.0%): 	 Avg_ACC: 0.4375000 	 lr: 0.001000000	 Total:0.487741053
2021-02-06 00:49:23,386 -  4875 /  8125 (60.0%): 	 Avg_ACC: 0.4687500 	 lr: 0.001000000	 Total:0.413537830
2021-02-06 00:49:53,663 -  6500 /  8125 (80.0%): 	 Avg_ACC: 0.4375000 	 lr: 0.001000000	 Total:0.393439800
2021-02-06 00:50:24,394 - 
===============================|    epoch 59   |===============================

2021-02-06 00:50:24,768 -     0 /  8125 (0.0%): 	 Avg_ACC: 0.3750000 	 lr: 0.001000000	 Total:0.687944710
2021-02-06 00:50:55,188 -  1625 /  8125 (20.0%): 	 Avg_ACC: 0.4375000 	 lr: 0.001000000	 Total:0.270044804
2021-02-06 00:51:25,267 -  3250 /  8125 (40.0%): 	 Avg_ACC: 0.5312500 	 lr: 0.001000000	 Total:0.247689262
2021-02-06 00:51:55,747 -  4875 /  8125 (60.0%): 	 Avg_ACC: 0.5000000 	 lr: 0.001000000	 Total:0.332388520
2021-02-06 00:52:27,349 -  6500 /  8125 (80.0%): 	 Avg_ACC: 0.3437500 	 lr: 0.001000000	 Total:0.513227224
2021-02-06 00:52:59,138 - 
===============================|    epoch 60   |===============================

2021-02-06 00:52:59,529 -     0 /  8125 (0.0%): 	 Avg_ACC: 0.5000000 	 lr: 0.001000000	 Total:0.337920666
2021-02-06 00:53:32,517 -  1625 /  8125 (20.0%): 	 Avg_ACC: 0.4375000 	 lr: 0.001000000	 Total:0.396183729
2021-02-06 00:54:04,361 -  3250 /  8125 (40.0%): 	 Avg_ACC: 0.2500000 	 lr: 0.001000000	 Total:0.572754562
2021-02-06 00:54:36,024 -  4875 /  8125 (60.0%): 	 Avg_ACC: 0.2500000 	 lr: 0.001000000	 Total:0.767528653
2021-02-06 00:55:10,538 -  6500 /  8125 (80.0%): 	 Avg_ACC: 0.3750000 	 lr: 0.001000000	 Total:0.804088056
2021-02-06 00:55:47,559 - 
===============================| start validation |===============================

2021-02-06 00:55:47,559 - 	 Avg_ACC: 0.3796000 	  Total:0.4471737
2021-02-06 00:55:47,560 -    ini file updated    
