2021-02-08 13:28:14,922 - 
===============================|    epoch 0   |===============================

2021-02-08 13:28:15,304 -     0 /  8125 (0.0%): 	 Avg_ACC: 0.1562500 	 lr: 0.000100000	 Total:2.023838282
2021-02-08 13:28:30,561 -  1625 /  8125 (20.0%): 	 Avg_ACC: 0.4375000 	 lr: 0.000100000	 Total:0.316049695
2021-02-08 13:28:45,051 -  3250 /  8125 (40.0%): 	 Avg_ACC: 0.5000000 	 lr: 0.000100000	 Total:0.360848963
2021-02-08 13:28:59,791 -  4875 /  8125 (60.0%): 	 Avg_ACC: 0.5625000 	 lr: 0.000100000	 Total:0.429380208
2021-02-08 13:29:14,294 -  6500 /  8125 (80.0%): 	 Avg_ACC: 0.4062500 	 lr: 0.000100000	 Total:0.599747777
2021-02-08 13:29:33,810 - 
===============================| start validation |===============================

2021-02-08 13:29:33,811 - 	 Avg_ACC: 0.2798000 	  Total:0.3472068
2021-02-08 13:29:33,812 -    ini file updated    
2021-02-08 13:29:33,845 - Snapshot saved to /data/users/wergillius/UTR_VAE/pth/RL_regressor_MTL/split_two_csv_deep/slr_l2_scaled-model_best.pth

2021-02-08 13:29:33,846 -    ini file updated    
2021-02-08 13:29:33,847 - 
===============================|    epoch 1   |===============================

2021-02-08 13:29:34,242 -     0 /  8125 (0.0%): 	 Avg_ACC: 0.4687500 	 lr: 0.000100000	 Total:0.411379516
2021-02-08 13:29:50,849 -  1625 /  8125 (20.0%): 	 Avg_ACC: 0.4062500 	 lr: 0.000100000	 Total:0.283927917
2021-02-08 13:30:07,244 -  3250 /  8125 (40.0%): 	 Avg_ACC: 0.5312500 	 lr: 0.000100000	 Total:0.133408457
2021-02-08 13:30:22,989 -  4875 /  8125 (60.0%): 	 Avg_ACC: 0.7187500 	 lr: 0.000100000	 Total:0.115827344
2021-02-08 13:30:37,749 -  6500 /  8125 (80.0%): 	 Avg_ACC: 0.5937500 	 lr: 0.000100000	 Total:0.243157163
2021-02-08 13:30:52,239 - 
===============================|    epoch 2   |===============================

2021-02-08 13:30:52,657 -     0 /  8125 (0.0%): 	 Avg_ACC: 0.5312500 	 lr: 0.000100000	 Total:0.265770376
2021-02-08 13:31:08,416 -  1625 /  8125 (20.0%): 	 Avg_ACC: 0.5000000 	 lr: 0.000100000	 Total:0.208863735
2021-02-08 13:31:24,515 -  3250 /  8125 (40.0%): 	 Avg_ACC: 0.3437500 	 lr: 0.000100000	 Total:0.557084203
2021-02-08 13:31:41,751 -  4875 /  8125 (60.0%): 	 Avg_ACC: 0.4687500 	 lr: 0.000100000	 Total:0.186200783
2021-02-08 13:31:59,346 -  6500 /  8125 (80.0%): 	 Avg_ACC: 0.7187500 	 lr: 0.000100000	 Total:0.084493116
2021-02-08 13:32:16,631 - 
===============================|    epoch 3   |===============================

2021-02-08 13:32:17,050 -     0 /  8125 (0.0%): 	 Avg_ACC: 0.4062500 	 lr: 0.000100000	 Total:0.218259633
2021-02-08 13:32:33,687 -  1625 /  8125 (20.0%): 	 Avg_ACC: 0.6562500 	 lr: 0.000100000	 Total:0.161570966
2021-02-08 13:32:49,753 -  3250 /  8125 (40.0%): 	 Avg_ACC: 0.5000000 	 lr: 0.000100000	 Total:0.227600366
2021-02-08 13:33:05,013 -  4875 /  8125 (60.0%): 	 Avg_ACC: 0.6875000 	 lr: 0.000100000	 Total:0.266525567
2021-02-08 13:33:20,195 -  6500 /  8125 (80.0%): 	 Avg_ACC: 0.4375000 	 lr: 0.000100000	 Total:0.199925140
2021-02-08 13:33:36,819 - 
===============================|    epoch 4   |===============================

2021-02-08 13:33:37,207 -     0 /  8125 (0.0%): 	 Avg_ACC: 0.6250000 	 lr: 0.000100000	 Total:0.169456944
2021-02-08 13:33:52,486 -  1625 /  8125 (20.0%): 	 Avg_ACC: 0.7187500 	 lr: 0.000100000	 Total:0.078938209
2021-02-08 13:34:07,499 -  3250 /  8125 (40.0%): 	 Avg_ACC: 0.6250000 	 lr: 0.000100000	 Total:0.107576177
2021-02-08 13:34:25,441 -  4875 /  8125 (60.0%): 	 Avg_ACC: 0.5625000 	 lr: 0.000100000	 Total:0.193395555
2021-02-08 13:34:42,694 -  6500 /  8125 (80.0%): 	 Avg_ACC: 0.6250000 	 lr: 0.000100000	 Total:0.293281704
2021-02-08 13:35:00,674 - 
===============================|    epoch 5   |===============================

2021-02-08 13:35:01,106 -     0 /  8125 (0.0%): 	 Avg_ACC: 0.6250000 	 lr: 0.000100000	 Total:0.161713228
2021-02-08 13:35:17,053 -  1625 /  8125 (20.0%): 	 Avg_ACC: 0.5000000 	 lr: 0.000100000	 Total:0.160157800
2021-02-08 13:35:33,126 -  3250 /  8125 (40.0%): 	 Avg_ACC: 0.5937500 	 lr: 0.000100000	 Total:0.189987406
2021-02-08 13:35:48,005 -  4875 /  8125 (60.0%): 	 Avg_ACC: 0.6562500 	 lr: 0.000100000	 Total:0.260437071
2021-02-08 13:36:03,549 -  6500 /  8125 (80.0%): 	 Avg_ACC: 0.5937500 	 lr: 0.000100000	 Total:0.118701845
2021-02-08 13:36:18,917 - 
===============================|    epoch 6   |===============================

2021-02-08 13:36:19,342 -     0 /  8125 (0.0%): 	 Avg_ACC: 0.8125000 	 lr: 0.000100000	 Total:0.076775856
2021-02-08 13:36:35,168 -  1625 /  8125 (20.0%): 	 Avg_ACC: 0.4687500 	 lr: 0.000100000	 Total:0.165581033
2021-02-08 13:36:50,171 -  3250 /  8125 (40.0%): 	 Avg_ACC: 0.5937500 	 lr: 0.000100000	 Total:0.131863713
2021-02-08 13:37:07,159 -  4875 /  8125 (60.0%): 	 Avg_ACC: 0.6562500 	 lr: 0.000100000	 Total:0.210512102
2021-02-08 13:37:25,513 -  6500 /  8125 (80.0%): 	 Avg_ACC: 0.4687500 	 lr: 0.000100000	 Total:0.196905226
2021-02-08 13:37:42,499 - 
===============================|    epoch 7   |===============================

2021-02-08 13:37:42,869 -     0 /  8125 (0.0%): 	 Avg_ACC: 0.5937500 	 lr: 0.000100000	 Total:0.140663028
2021-02-08 13:38:00,263 -  1625 /  8125 (20.0%): 	 Avg_ACC: 0.7187500 	 lr: 0.000100000	 Total:0.119007476
2021-02-08 13:38:15,893 -  3250 /  8125 (40.0%): 	 Avg_ACC: 0.6250000 	 lr: 0.000100000	 Total:0.111495420
2021-02-08 13:38:32,114 -  4875 /  8125 (60.0%): 	 Avg_ACC: 0.5937500 	 lr: 0.000100000	 Total:0.144895047
2021-02-08 13:38:49,294 -  6500 /  8125 (80.0%): 	 Avg_ACC: 0.5937500 	 lr: 0.000100000	 Total:0.132175416
2021-02-08 13:39:07,061 - 
===============================|    epoch 8   |===============================

2021-02-08 13:39:07,486 -     0 /  8125 (0.0%): 	 Avg_ACC: 0.5625000 	 lr: 0.000100000	 Total:0.131684631
2021-02-08 13:39:23,556 -  1625 /  8125 (20.0%): 	 Avg_ACC: 0.5625000 	 lr: 0.000100000	 Total:0.237243146
2021-02-08 13:39:38,937 -  3250 /  8125 (40.0%): 	 Avg_ACC: 0.5312500 	 lr: 0.000100000	 Total:0.183773011
2021-02-08 13:39:54,706 -  4875 /  8125 (60.0%): 	 Avg_ACC: 0.7187500 	 lr: 0.000100000	 Total:0.093422607
2021-02-08 13:40:09,453 -  6500 /  8125 (80.0%): 	 Avg_ACC: 0.6875000 	 lr: 0.000100000	 Total:0.089766063
2021-02-08 13:40:24,103 - 
===============================|    epoch 9   |===============================

2021-02-08 13:40:24,559 -     0 /  8125 (0.0%): 	 Avg_ACC: 0.5937500 	 lr: 0.000100000	 Total:0.204342008
2021-02-08 13:40:40,385 -  1625 /  8125 (20.0%): 	 Avg_ACC: 0.7187500 	 lr: 0.000100000	 Total:0.139166474
2021-02-08 13:40:54,530 -  3250 /  8125 (40.0%): 	 Avg_ACC: 0.5312500 	 lr: 0.000100000	 Total:0.120105788
2021-02-08 13:41:09,503 -  4875 /  8125 (60.0%): 	 Avg_ACC: 0.4375000 	 lr: 0.000100000	 Total:0.139483169
2021-02-08 13:41:24,405 -  6500 /  8125 (80.0%): 	 Avg_ACC: 0.5312500 	 lr: 0.000100000	 Total:0.138498068
2021-02-08 13:41:40,585 - 
===============================|    epoch 10   |===============================

2021-02-08 13:41:40,998 -     0 /  8125 (0.0%): 	 Avg_ACC: 0.4375000 	 lr: 0.000100000	 Total:0.461372882
2021-02-08 13:41:57,126 -  1625 /  8125 (20.0%): 	 Avg_ACC: 0.6875000 	 lr: 0.000100000	 Total:0.076308914
2021-02-08 13:42:12,762 -  3250 /  8125 (40.0%): 	 Avg_ACC: 0.3750000 	 lr: 0.000100000	 Total:0.227380380
2021-02-08 13:42:28,590 -  4875 /  8125 (60.0%): 	 Avg_ACC: 0.6562500 	 lr: 0.000100000	 Total:0.102684140
2021-02-08 13:42:43,313 -  6500 /  8125 (80.0%): 	 Avg_ACC: 0.5000000 	 lr: 0.000100000	 Total:0.236139789
2021-02-08 13:43:03,329 - 
===============================| start validation |===============================

2021-02-08 13:43:03,329 - 	 Avg_ACC: 0.1877000 	  Total:0.3918267
2021-02-08 13:43:03,330 -    ini file updated    
2021-02-08 13:43:03,330 - 
===============================|    epoch 11   |===============================

2021-02-08 13:43:03,719 -     0 /  8125 (0.0%): 	 Avg_ACC: 0.5312500 	 lr: 0.000100000	 Total:0.166644260
2021-02-08 13:43:19,694 -  1625 /  8125 (20.0%): 	 Avg_ACC: 0.5625000 	 lr: 0.000100000	 Total:0.209470183
2021-02-08 13:43:35,122 -  3250 /  8125 (40.0%): 	 Avg_ACC: 0.6562500 	 lr: 0.000100000	 Total:0.105514072
2021-02-08 13:43:50,108 -  4875 /  8125 (60.0%): 	 Avg_ACC: 0.5312500 	 lr: 0.000100000	 Total:0.136385277
2021-02-08 13:44:05,166 -  6500 /  8125 (80.0%): 	 Avg_ACC: 0.7187500 	 lr: 0.000100000	 Total:0.108452521
2021-02-08 13:44:19,954 - 
===============================|    epoch 12   |===============================

2021-02-08 13:44:20,325 -     0 /  8125 (0.0%): 	 Avg_ACC: 0.7187500 	 lr: 0.000100000	 Total:0.108129114
2021-02-08 13:44:37,210 -  1625 /  8125 (20.0%): 	 Avg_ACC: 0.6875000 	 lr: 0.000100000	 Total:0.135773182
2021-02-08 13:44:53,037 -  3250 /  8125 (40.0%): 	 Avg_ACC: 0.7500000 	 lr: 0.000100000	 Total:0.086583808
2021-02-08 13:45:08,361 -  4875 /  8125 (60.0%): 	 Avg_ACC: 0.4375000 	 lr: 0.000100000	 Total:0.315632463
2021-02-08 13:45:24,054 -  6500 /  8125 (80.0%): 	 Avg_ACC: 0.5625000 	 lr: 0.000100000	 Total:0.162879691
2021-02-08 13:45:39,675 - 
===============================|    epoch 13   |===============================

2021-02-08 13:45:40,082 -     0 /  8125 (0.0%): 	 Avg_ACC: 0.8750000 	 lr: 0.000100000	 Total:0.034762129
2021-02-08 13:45:55,767 -  1625 /  8125 (20.0%): 	 Avg_ACC: 0.5937500 	 lr: 0.000100000	 Total:0.514315963
2021-02-08 13:46:11,205 -  3250 /  8125 (40.0%): 	 Avg_ACC: 0.5937500 	 lr: 0.000100000	 Total:0.128938973
2021-02-08 13:46:26,936 -  4875 /  8125 (60.0%): 	 Avg_ACC: 0.3125000 	 lr: 0.000100000	 Total:1.041151524
2021-02-08 13:46:42,119 -  6500 /  8125 (80.0%): 	 Avg_ACC: 0.7187500 	 lr: 0.000100000	 Total:0.129381299
2021-02-08 13:46:57,758 - 
===============================|    epoch 14   |===============================

2021-02-08 13:46:58,175 -     0 /  8125 (0.0%): 	 Avg_ACC: 0.4375000 	 lr: 0.000100000	 Total:0.152564138
2021-02-08 13:47:15,546 -  1625 /  8125 (20.0%): 	 Avg_ACC: 0.7500000 	 lr: 0.000100000	 Total:0.178746104
2021-02-08 13:47:33,910 -  3250 /  8125 (40.0%): 	 Avg_ACC: 0.7187500 	 lr: 0.000100000	 Total:0.153740883
2021-02-08 13:47:52,480 -  4875 /  8125 (60.0%): 	 Avg_ACC: 0.6875000 	 lr: 0.000100000	 Total:0.099840105
2021-02-08 13:48:10,190 -  6500 /  8125 (80.0%): 	 Avg_ACC: 0.7187500 	 lr: 0.000100000	 Total:0.128739774
2021-02-08 13:48:27,605 - 
===============================|    epoch 15   |===============================

2021-02-08 13:48:28,009 -     0 /  8125 (0.0%): 	 Avg_ACC: 0.5312500 	 lr: 0.000100000	 Total:0.273521334
2021-02-08 13:48:45,377 -  1625 /  8125 (20.0%): 	 Avg_ACC: 0.5312500 	 lr: 0.000100000	 Total:0.235853523
2021-02-08 13:49:02,419 -  3250 /  8125 (40.0%): 	 Avg_ACC: 0.6250000 	 lr: 0.000100000	 Total:0.250076592
2021-02-08 13:49:17,965 -  4875 /  8125 (60.0%): 	 Avg_ACC: 0.6250000 	 lr: 0.000100000	 Total:0.105754115
2021-02-08 13:49:32,151 -  6500 /  8125 (80.0%): 	 Avg_ACC: 0.5312500 	 lr: 0.000100000	 Total:0.139545739
2021-02-08 13:49:48,309 - 
===============================|    epoch 16   |===============================

2021-02-08 13:49:48,684 -     0 /  8125 (0.0%): 	 Avg_ACC: 0.6875000 	 lr: 0.000100000	 Total:0.098798200
2021-02-08 13:50:05,214 -  1625 /  8125 (20.0%): 	 Avg_ACC: 0.8125000 	 lr: 0.000100000	 Total:0.079666860
2021-02-08 13:50:20,598 -  3250 /  8125 (40.0%): 	 Avg_ACC: 0.5312500 	 lr: 0.000100000	 Total:0.197986946
2021-02-08 13:50:34,940 -  4875 /  8125 (60.0%): 	 Avg_ACC: 0.5000000 	 lr: 0.000100000	 Total:0.157044351
2021-02-08 13:50:49,501 -  6500 /  8125 (80.0%): 	 Avg_ACC: 0.6250000 	 lr: 0.000100000	 Total:0.152698874
2021-02-08 13:51:04,436 - 
===============================|    epoch 17   |===============================

2021-02-08 13:51:04,950 -     0 /  8125 (0.0%): 	 Avg_ACC: 0.6875000 	 lr: 0.000100000	 Total:0.128388539
2021-02-08 13:51:21,077 -  1625 /  8125 (20.0%): 	 Avg_ACC: 0.6250000 	 lr: 0.000100000	 Total:0.120443046
2021-02-08 13:51:38,758 -  3250 /  8125 (40.0%): 	 Avg_ACC: 0.5625000 	 lr: 0.000100000	 Total:0.097287908
2021-02-08 13:51:56,249 -  4875 /  8125 (60.0%): 	 Avg_ACC: 0.5312500 	 lr: 0.000100000	 Total:0.130980596
2021-02-08 13:52:14,149 -  6500 /  8125 (80.0%): 	 Avg_ACC: 0.6562500 	 lr: 0.000100000	 Total:0.351487160
2021-02-08 13:52:31,386 - 
===============================|    epoch 18   |===============================

2021-02-08 13:52:31,854 -     0 /  8125 (0.0%): 	 Avg_ACC: 0.5312500 	 lr: 0.000100000	 Total:0.127200544
2021-02-08 13:52:51,027 -  1625 /  8125 (20.0%): 	 Avg_ACC: 0.6250000 	 lr: 0.000100000	 Total:0.140392095
2021-02-08 13:53:09,478 -  3250 /  8125 (40.0%): 	 Avg_ACC: 0.6562500 	 lr: 0.000100000	 Total:0.086195923
2021-02-08 13:53:28,327 -  4875 /  8125 (60.0%): 	 Avg_ACC: 0.6250000 	 lr: 0.000100000	 Total:0.161403149
2021-02-08 13:53:46,010 -  6500 /  8125 (80.0%): 	 Avg_ACC: 0.5312500 	 lr: 0.000100000	 Total:0.224870622
2021-02-08 13:54:03,776 - 
===============================|    epoch 19   |===============================

2021-02-08 13:54:04,216 -     0 /  8125 (0.0%): 	 Avg_ACC: 0.7187500 	 lr: 0.000100000	 Total:0.118580997
2021-02-08 13:54:20,178 -  1625 /  8125 (20.0%): 	 Avg_ACC: 0.6562500 	 lr: 0.000100000	 Total:0.142338097
2021-02-08 13:54:34,898 -  3250 /  8125 (40.0%): 	 Avg_ACC: 0.3125000 	 lr: 0.000100000	 Total:0.262827158
2021-02-08 13:54:48,838 -  4875 /  8125 (60.0%): 	 Avg_ACC: 0.6562500 	 lr: 0.000100000	 Total:0.105585903
2021-02-08 13:55:03,359 -  6500 /  8125 (80.0%): 	 Avg_ACC: 0.7500000 	 lr: 0.000100000	 Total:0.244333133
2021-02-08 13:55:18,000 - 
===============================|    epoch 20   |===============================

2021-02-08 13:55:18,440 -     0 /  8125 (0.0%): 	 Avg_ACC: 0.6250000 	 lr: 0.000100000	 Total:0.124457926
2021-02-08 13:55:38,515 -  1625 /  8125 (20.0%): 	 Avg_ACC: 0.6562500 	 lr: 0.000100000	 Total:0.082765490
2021-02-08 13:55:58,026 -  3250 /  8125 (40.0%): 	 Avg_ACC: 0.5937500 	 lr: 0.000100000	 Total:0.173151299
2021-02-08 13:56:18,114 -  4875 /  8125 (60.0%): 	 Avg_ACC: 0.6250000 	 lr: 0.000100000	 Total:0.129605502
2021-02-08 13:56:37,078 -  6500 /  8125 (80.0%): 	 Avg_ACC: 0.5625000 	 lr: 0.000100000	 Total:0.090602763
2021-02-08 13:57:00,189 - 
===============================| start validation |===============================

2021-02-08 13:57:00,189 - 	 Avg_ACC: 0.2415000 	  Total:0.3071519
2021-02-08 13:57:00,191 -    ini file updated    
2021-02-08 13:57:00,191 - 
===============================|    epoch 21   |===============================

2021-02-08 13:57:00,641 -     0 /  8125 (0.0%): 	 Avg_ACC: 0.5625000 	 lr: 0.000100000	 Total:0.086339839
2021-02-08 13:57:19,101 -  1625 /  8125 (20.0%): 	 Avg_ACC: 0.5937500 	 lr: 0.000100000	 Total:0.137747869
2021-02-08 13:57:36,302 -  3250 /  8125 (40.0%): 	 Avg_ACC: 0.6250000 	 lr: 0.000100000	 Total:0.109172478
2021-02-08 13:57:54,955 -  4875 /  8125 (60.0%): 	 Avg_ACC: 0.7812500 	 lr: 0.000100000	 Total:0.277078092
2021-02-08 13:58:12,674 -  6500 /  8125 (80.0%): 	 Avg_ACC: 0.5000000 	 lr: 0.000100000	 Total:0.232772246
2021-02-08 13:58:32,878 - 
===============================|    epoch 22   |===============================

2021-02-08 13:58:33,365 -     0 /  8125 (0.0%): 	 Avg_ACC: 0.7500000 	 lr: 0.000100000	 Total:0.090393469
2021-02-08 13:58:49,252 -  1625 /  8125 (20.0%): 	 Avg_ACC: 0.8125000 	 lr: 0.000100000	 Total:0.129343003
2021-02-08 13:59:04,795 -  3250 /  8125 (40.0%): 	 Avg_ACC: 0.5625000 	 lr: 0.000100000	 Total:0.263931930
2021-02-08 13:59:20,384 -  4875 /  8125 (60.0%): 	 Avg_ACC: 0.6250000 	 lr: 0.000100000	 Total:0.128045559
2021-02-08 13:59:36,575 -  6500 /  8125 (80.0%): 	 Avg_ACC: 0.7812500 	 lr: 0.000100000	 Total:0.083887592
2021-02-08 13:59:57,843 - 
===============================|    epoch 23   |===============================

2021-02-08 13:59:58,310 -     0 /  8125 (0.0%): 	 Avg_ACC: 0.5312500 	 lr: 0.000100000	 Total:0.410605997
2021-02-08 14:00:14,194 -  1625 /  8125 (20.0%): 	 Avg_ACC: 0.7187500 	 lr: 0.000100000	 Total:0.111480206
2021-02-08 14:00:31,076 -  3250 /  8125 (40.0%): 	 Avg_ACC: 0.5000000 	 lr: 0.000100000	 Total:0.196368366
2021-02-08 14:00:48,006 -  4875 /  8125 (60.0%): 	 Avg_ACC: 0.5000000 	 lr: 0.000100000	 Total:0.224808782
2021-02-08 14:01:05,627 -  6500 /  8125 (80.0%): 	 Avg_ACC: 0.7187500 	 lr: 0.000100000	 Total:0.081142202
2021-02-08 14:01:25,122 - 
===============================|    epoch 24   |===============================

2021-02-08 14:01:25,628 -     0 /  8125 (0.0%): 	 Avg_ACC: 0.6250000 	 lr: 0.000100000	 Total:0.116984442
2021-02-08 14:01:40,949 -  1625 /  8125 (20.0%): 	 Avg_ACC: 0.6250000 	 lr: 0.000100000	 Total:0.191633984
2021-02-08 14:01:55,618 -  3250 /  8125 (40.0%): 	 Avg_ACC: 0.7187500 	 lr: 0.000100000	 Total:0.074915379
2021-02-08 14:02:09,384 -  4875 /  8125 (60.0%): 	 Avg_ACC: 0.6562500 	 lr: 0.000100000	 Total:0.101550944
2021-02-08 14:02:24,102 -  6500 /  8125 (80.0%): 	 Avg_ACC: 0.7187500 	 lr: 0.000100000	 Total:0.067234829
2021-02-08 14:02:40,790 - 
===============================|    epoch 25   |===============================

2021-02-08 14:02:41,222 -     0 /  8125 (0.0%): 	 Avg_ACC: 0.5937500 	 lr: 0.000100000	 Total:0.115885228
2021-02-08 14:02:57,232 -  1625 /  8125 (20.0%): 	 Avg_ACC: 0.6875000 	 lr: 0.000100000	 Total:0.131715953
2021-02-08 14:03:13,197 -  3250 /  8125 (40.0%): 	 Avg_ACC: 0.6250000 	 lr: 0.000100000	 Total:0.197298795
2021-02-08 14:03:28,548 -  4875 /  8125 (60.0%): 	 Avg_ACC: 0.5000000 	 lr: 0.000100000	 Total:0.508999586
2021-02-08 14:03:44,695 -  6500 /  8125 (80.0%): 	 Avg_ACC: 0.6250000 	 lr: 0.000100000	 Total:0.110810995
2021-02-08 14:03:58,696 - 
===============================|    epoch 26   |===============================

2021-02-08 14:03:59,162 -     0 /  8125 (0.0%): 	 Avg_ACC: 0.5625000 	 lr: 0.000100000	 Total:0.174079478
2021-02-08 14:04:18,722 -  1625 /  8125 (20.0%): 	 Avg_ACC: 0.6562500 	 lr: 0.000100000	 Total:0.103861459
2021-02-08 14:04:34,322 -  3250 /  8125 (40.0%): 	 Avg_ACC: 0.7500000 	 lr: 0.000100000	 Total:0.127975047
2021-02-08 14:04:50,597 -  4875 /  8125 (60.0%): 	 Avg_ACC: 0.7187500 	 lr: 0.000100000	 Total:0.094449461
2021-02-08 14:05:10,201 -  6500 /  8125 (80.0%): 	 Avg_ACC: 0.5312500 	 lr: 0.000100000	 Total:0.141123265
2021-02-08 14:05:28,973 - 
===============================|    epoch 27   |===============================

2021-02-08 14:05:29,432 -     0 /  8125 (0.0%): 	 Avg_ACC: 0.6562500 	 lr: 0.000100000	 Total:0.131508470
2021-02-08 14:05:44,731 -  1625 /  8125 (20.0%): 	 Avg_ACC: 0.7187500 	 lr: 0.000100000	 Total:0.311812401
2021-02-08 14:05:59,687 -  3250 /  8125 (40.0%): 	 Avg_ACC: 0.6562500 	 lr: 0.000100000	 Total:0.088666767
2021-02-08 14:06:14,648 -  4875 /  8125 (60.0%): 	 Avg_ACC: 0.5625000 	 lr: 0.000100000	 Total:0.115487114
2021-02-08 14:06:30,476 -  6500 /  8125 (80.0%): 	 Avg_ACC: 0.6250000 	 lr: 0.000100000	 Total:0.109738074
2021-02-08 14:06:46,174 - 
===============================|    epoch 28   |===============================

2021-02-08 14:06:46,656 -     0 /  8125 (0.0%): 	 Avg_ACC: 0.7187500 	 lr: 0.000100000	 Total:0.115560450
2021-02-08 14:07:02,222 -  1625 /  8125 (20.0%): 	 Avg_ACC: 0.5625000 	 lr: 0.000100000	 Total:0.129635543
2021-02-08 14:07:18,427 -  3250 /  8125 (40.0%): 	 Avg_ACC: 0.6562500 	 lr: 0.000100000	 Total:0.160986602
2021-02-08 14:07:32,223 -  4875 /  8125 (60.0%): 	 Avg_ACC: 0.5625000 	 lr: 0.000100000	 Total:0.242880031
2021-02-08 14:07:46,776 -  6500 /  8125 (80.0%): 	 Avg_ACC: 0.6875000 	 lr: 0.000100000	 Total:0.163746983
2021-02-08 14:08:04,587 - 
===============================|    epoch 29   |===============================

2021-02-08 14:08:05,048 -     0 /  8125 (0.0%): 	 Avg_ACC: 0.6875000 	 lr: 0.000100000	 Total:0.081334367
2021-02-08 14:08:20,698 -  1625 /  8125 (20.0%): 	 Avg_ACC: 0.7812500 	 lr: 0.000100000	 Total:0.081127316
2021-02-08 14:08:33,896 -  3250 /  8125 (40.0%): 	 Avg_ACC: 0.6562500 	 lr: 0.000100000	 Total:0.233974859
2021-02-08 14:08:48,519 -  4875 /  8125 (60.0%): 	 Avg_ACC: 0.7500000 	 lr: 0.000100000	 Total:0.072226338
2021-02-08 14:09:01,887 -  6500 /  8125 (80.0%): 	 Avg_ACC: 0.6562500 	 lr: 0.000100000	 Total:0.098220505
2021-02-08 14:09:21,372 - 
===============================|    epoch 30   |===============================

2021-02-08 14:09:21,881 -     0 /  8125 (0.0%): 	 Avg_ACC: 0.6875000 	 lr: 0.000100000	 Total:0.089466631
2021-02-08 14:09:38,775 -  1625 /  8125 (20.0%): 	 Avg_ACC: 0.5625000 	 lr: 0.000100000	 Total:0.745433629
2021-02-08 14:09:53,679 -  3250 /  8125 (40.0%): 	 Avg_ACC: 0.5625000 	 lr: 0.000100000	 Total:0.248629451
2021-02-08 14:10:09,229 -  4875 /  8125 (60.0%): 	 Avg_ACC: 0.7812500 	 lr: 0.000100000	 Total:0.074991904
2021-02-08 14:10:22,527 -  6500 /  8125 (80.0%): 	 Avg_ACC: 0.5000000 	 lr: 0.000100000	 Total:0.196408495
2021-02-08 14:10:41,589 - 
===============================| start validation |===============================

2021-02-08 14:10:41,589 - 	 Avg_ACC: 0.1718000 	  Total:0.3631393
2021-02-08 14:10:41,591 -    ini file updated    
2021-02-08 14:10:41,591 - 
===============================|    epoch 31   |===============================

2021-02-08 14:10:42,035 -     0 /  8125 (0.0%): 	 Avg_ACC: 0.8437500 	 lr: 0.000100000	 Total:0.047877584
2021-02-08 14:10:58,081 -  1625 /  8125 (20.0%): 	 Avg_ACC: 0.5937500 	 lr: 0.000100000	 Total:0.155187905
2021-02-08 14:11:13,199 -  3250 /  8125 (40.0%): 	 Avg_ACC: 0.5312500 	 lr: 0.000100000	 Total:0.096489228
2021-02-08 14:11:28,548 -  4875 /  8125 (60.0%): 	 Avg_ACC: 0.6875000 	 lr: 0.000100000	 Total:0.331698120
2021-02-08 14:11:48,508 -  6500 /  8125 (80.0%): 	 Avg_ACC: 0.7500000 	 lr: 0.000100000	 Total:0.122330725
2021-02-08 14:12:08,392 - 
===============================|    epoch 32   |===============================

2021-02-08 14:12:08,831 -     0 /  8125 (0.0%): 	 Avg_ACC: 0.7500000 	 lr: 0.000100000	 Total:0.315831602
2021-02-08 14:12:25,803 -  1625 /  8125 (20.0%): 	 Avg_ACC: 0.6875000 	 lr: 0.000100000	 Total:0.298557222
2021-02-08 14:12:41,148 -  3250 /  8125 (40.0%): 	 Avg_ACC: 0.5312500 	 lr: 0.000100000	 Total:0.078042500
2021-02-08 14:12:55,198 -  4875 /  8125 (60.0%): 	 Avg_ACC: 0.6250000 	 lr: 0.000100000	 Total:0.310006320
2021-02-08 14:13:10,296 -  6500 /  8125 (80.0%): 	 Avg_ACC: 0.6875000 	 lr: 0.000100000	 Total:0.094892159
2021-02-08 14:13:25,211 - 
===============================|    epoch 33   |===============================

2021-02-08 14:13:25,625 -     0 /  8125 (0.0%): 	 Avg_ACC: 0.7187500 	 lr: 0.000100000	 Total:0.090132967
2021-02-08 14:13:42,494 -  1625 /  8125 (20.0%): 	 Avg_ACC: 0.6875000 	 lr: 0.000100000	 Total:0.084254824
2021-02-08 14:13:58,164 -  3250 /  8125 (40.0%): 	 Avg_ACC: 0.7187500 	 lr: 0.000100000	 Total:0.076474033
2021-02-08 14:14:12,461 -  4875 /  8125 (60.0%): 	 Avg_ACC: 0.6875000 	 lr: 0.000100000	 Total:0.091139138
2021-02-08 14:14:27,351 -  6500 /  8125 (80.0%): 	 Avg_ACC: 0.6562500 	 lr: 0.000100000	 Total:0.115469523
2021-02-08 14:14:41,302 - 
===============================|    epoch 34   |===============================

2021-02-08 14:14:41,793 -     0 /  8125 (0.0%): 	 Avg_ACC: 0.5625000 	 lr: 0.000100000	 Total:0.104578212
2021-02-08 14:14:58,150 -  1625 /  8125 (20.0%): 	 Avg_ACC: 0.5937500 	 lr: 0.000100000	 Total:0.121023744
2021-02-08 14:15:13,437 -  3250 /  8125 (40.0%): 	 Avg_ACC: 0.5312500 	 lr: 0.000100000	 Total:0.340052128
2021-02-08 14:15:27,787 -  4875 /  8125 (60.0%): 	 Avg_ACC: 0.7500000 	 lr: 0.000100000	 Total:0.073256746
2021-02-08 14:15:42,111 -  6500 /  8125 (80.0%): 	 Avg_ACC: 0.6562500 	 lr: 0.000100000	 Total:0.119602114
2021-02-08 14:15:57,929 - 
===============================|    epoch 35   |===============================

2021-02-08 14:15:58,332 -     0 /  8125 (0.0%): 	 Avg_ACC: 0.6250000 	 lr: 0.000100000	 Total:0.088527277
2021-02-08 14:16:14,525 -  1625 /  8125 (20.0%): 	 Avg_ACC: 0.7500000 	 lr: 0.000100000	 Total:0.059333280
2021-02-08 14:16:30,883 -  3250 /  8125 (40.0%): 	 Avg_ACC: 0.6250000 	 lr: 0.000100000	 Total:0.096043274
2021-02-08 14:16:45,617 -  4875 /  8125 (60.0%): 	 Avg_ACC: 0.6250000 	 lr: 0.000100000	 Total:0.133727744
2021-02-08 14:16:59,874 -  6500 /  8125 (80.0%): 	 Avg_ACC: 0.6562500 	 lr: 0.000100000	 Total:0.104467675
2021-02-08 14:17:15,949 - 
===============================|    epoch 36   |===============================

2021-02-08 14:17:16,391 -     0 /  8125 (0.0%): 	 Avg_ACC: 0.7812500 	 lr: 0.000100000	 Total:0.083149455
2021-02-08 14:17:34,758 -  1625 /  8125 (20.0%): 	 Avg_ACC: 0.6250000 	 lr: 0.000100000	 Total:0.084840037
2021-02-08 14:17:54,530 -  3250 /  8125 (40.0%): 	 Avg_ACC: 0.6562500 	 lr: 0.000100000	 Total:0.067934155
2021-02-08 14:18:14,159 -  4875 /  8125 (60.0%): 	 Avg_ACC: 0.5937500 	 lr: 0.000100000	 Total:0.129753575
2021-02-08 14:18:33,185 -  6500 /  8125 (80.0%): 	 Avg_ACC: 0.5312500 	 lr: 0.000100000	 Total:0.460499704
2021-02-08 14:18:52,140 - 
===============================|    epoch 37   |===============================

2021-02-08 14:18:52,589 -     0 /  8125 (0.0%): 	 Avg_ACC: 0.7187500 	 lr: 0.000100000	 Total:0.083420672
2021-02-08 14:19:12,972 -  1625 /  8125 (20.0%): 	 Avg_ACC: 0.6875000 	 lr: 0.000100000	 Total:0.234930396
2021-02-08 14:19:29,369 -  3250 /  8125 (40.0%): 	 Avg_ACC: 0.7500000 	 lr: 0.000100000	 Total:0.075115621
2021-02-08 14:19:46,514 -  4875 /  8125 (60.0%): 	 Avg_ACC: 0.5312500 	 lr: 0.000100000	 Total:0.236148611
2021-02-08 14:20:04,465 -  6500 /  8125 (80.0%): 	 Avg_ACC: 0.6875000 	 lr: 0.000100000	 Total:0.092520311
2021-02-08 14:20:21,754 - 
===============================|    epoch 38   |===============================

2021-02-08 14:20:22,250 -     0 /  8125 (0.0%): 	 Avg_ACC: 0.6875000 	 lr: 0.000100000	 Total:0.155581668
2021-02-08 14:20:37,446 -  1625 /  8125 (20.0%): 	 Avg_ACC: 0.5937500 	 lr: 0.000100000	 Total:0.204077959
2021-02-08 14:20:53,455 -  3250 /  8125 (40.0%): 	 Avg_ACC: 0.6875000 	 lr: 0.000100000	 Total:0.126825735
2021-02-08 14:21:10,691 -  4875 /  8125 (60.0%): 	 Avg_ACC: 0.7187500 	 lr: 0.000100000	 Total:0.347672373
2021-02-08 14:21:26,764 -  6500 /  8125 (80.0%): 	 Avg_ACC: 0.6562500 	 lr: 0.000100000	 Total:0.098640829
2021-02-08 14:21:42,682 - 
===============================|    epoch 39   |===============================

2021-02-08 14:21:43,093 -     0 /  8125 (0.0%): 	 Avg_ACC: 0.6250000 	 lr: 0.000100000	 Total:0.437049806
2021-02-08 14:21:58,811 -  1625 /  8125 (20.0%): 	 Avg_ACC: 0.7812500 	 lr: 0.000100000	 Total:0.105900720
2021-02-08 14:22:14,604 -  3250 /  8125 (40.0%): 	 Avg_ACC: 0.5312500 	 lr: 0.000100000	 Total:0.166550621
2021-02-08 14:22:29,201 -  4875 /  8125 (60.0%): 	 Avg_ACC: 0.5937500 	 lr: 0.000100000	 Total:0.178824872
2021-02-08 14:22:43,657 -  6500 /  8125 (80.0%): 	 Avg_ACC: 0.5000000 	 lr: 0.000100000	 Total:0.258735716
2021-02-08 14:22:57,979 - 
===============================|    epoch 40   |===============================

2021-02-08 14:22:58,387 -     0 /  8125 (0.0%): 	 Avg_ACC: 0.6562500 	 lr: 0.000100000	 Total:0.248075992
2021-02-08 14:23:13,527 -  1625 /  8125 (20.0%): 	 Avg_ACC: 0.5000000 	 lr: 0.000100000	 Total:0.134729177
2021-02-08 14:23:27,526 -  3250 /  8125 (40.0%): 	 Avg_ACC: 0.5937500 	 lr: 0.000100000	 Total:0.151156276
2021-02-08 14:23:41,672 -  4875 /  8125 (60.0%): 	 Avg_ACC: 0.5937500 	 lr: 0.000100000	 Total:0.248355851
2021-02-08 14:23:56,402 -  6500 /  8125 (80.0%): 	 Avg_ACC: 0.6875000 	 lr: 0.000100000	 Total:0.078215249
2021-02-08 14:24:14,843 - 
===============================| start validation |===============================

2021-02-08 14:24:14,844 - 	 Avg_ACC: 0.2412500 	  Total:0.3603094
2021-02-08 14:24:14,845 -    ini file updated    
2021-02-08 14:24:14,846 - 
===============================|    epoch 41   |===============================

2021-02-08 14:24:15,291 -     0 /  8125 (0.0%): 	 Avg_ACC: 0.7500000 	 lr: 0.000100000	 Total:0.109232046
2021-02-08 14:24:30,189 -  1625 /  8125 (20.0%): 	 Avg_ACC: 0.5625000 	 lr: 0.000100000	 Total:0.154386938
2021-02-08 14:24:43,719 -  3250 /  8125 (40.0%): 	 Avg_ACC: 0.6562500 	 lr: 0.000100000	 Total:0.150049627
2021-02-08 14:24:57,555 -  4875 /  8125 (60.0%): 	 Avg_ACC: 0.4375000 	 lr: 0.000100000	 Total:0.205423564
2021-02-08 14:25:09,694 -  6500 /  8125 (80.0%): 	 Avg_ACC: 0.5937500 	 lr: 0.000100000	 Total:0.163138777
2021-02-08 14:25:22,787 - 
===============================|    epoch 42   |===============================

2021-02-08 14:25:23,206 -     0 /  8125 (0.0%): 	 Avg_ACC: 0.7187500 	 lr: 0.000100000	 Total:0.070531331
2021-02-08 14:25:39,590 -  1625 /  8125 (20.0%): 	 Avg_ACC: 0.5937500 	 lr: 0.000100000	 Total:0.202058569
2021-02-08 14:25:54,615 -  3250 /  8125 (40.0%): 	 Avg_ACC: 0.7500000 	 lr: 0.000100000	 Total:0.209493950
2021-02-08 14:26:07,927 -  4875 /  8125 (60.0%): 	 Avg_ACC: 0.5000000 	 lr: 0.000100000	 Total:0.361846834
2021-02-08 14:26:21,364 -  6500 /  8125 (80.0%): 	 Avg_ACC: 0.7812500 	 lr: 0.000100000	 Total:0.059601221
2021-02-08 14:26:35,703 - 
===============================|    epoch 43   |===============================

2021-02-08 14:26:36,110 -     0 /  8125 (0.0%): 	 Avg_ACC: 0.5625000 	 lr: 0.000100000	 Total:0.195803225
2021-02-08 14:26:51,799 -  1625 /  8125 (20.0%): 	 Avg_ACC: 0.6250000 	 lr: 0.000100000	 Total:0.100807704
2021-02-08 14:27:07,068 -  3250 /  8125 (40.0%): 	 Avg_ACC: 0.7187500 	 lr: 0.000100000	 Total:0.081858732
2021-02-08 14:27:21,888 -  4875 /  8125 (60.0%): 	 Avg_ACC: 0.5937500 	 lr: 0.000100000	 Total:0.134231508
2021-02-08 14:27:37,076 -  6500 /  8125 (80.0%): 	 Avg_ACC: 0.7187500 	 lr: 0.000100000	 Total:0.154011875
2021-02-08 14:27:52,311 - 
===============================|    epoch 44   |===============================

2021-02-08 14:27:52,775 -     0 /  8125 (0.0%): 	 Avg_ACC: 0.6562500 	 lr: 0.000100000	 Total:0.125032037
2021-02-08 14:28:09,325 -  1625 /  8125 (20.0%): 	 Avg_ACC: 0.5625000 	 lr: 0.000100000	 Total:0.281420887
2021-02-08 14:28:27,148 -  3250 /  8125 (40.0%): 	 Avg_ACC: 0.5000000 	 lr: 0.000100000	 Total:0.113101840
2021-02-08 14:28:42,571 -  4875 /  8125 (60.0%): 	 Avg_ACC: 0.6562500 	 lr: 0.000100000	 Total:0.114426538
2021-02-08 14:28:56,999 -  6500 /  8125 (80.0%): 	 Avg_ACC: 0.8125000 	 lr: 0.000100000	 Total:0.049640570
2021-02-08 14:29:11,617 - 
===============================|    epoch 45   |===============================

2021-02-08 14:29:12,083 -     0 /  8125 (0.0%): 	 Avg_ACC: 0.4375000 	 lr: 0.000100000	 Total:0.273713946
2021-02-08 14:29:28,803 -  1625 /  8125 (20.0%): 	 Avg_ACC: 0.7500000 	 lr: 0.000100000	 Total:0.064457163
2021-02-08 14:29:45,029 -  3250 /  8125 (40.0%): 	 Avg_ACC: 0.5625000 	 lr: 0.000100000	 Total:0.100291945
2021-02-08 14:30:02,139 -  4875 /  8125 (60.0%): 	 Avg_ACC: 0.8125000 	 lr: 0.000100000	 Total:0.049087383
2021-02-08 14:30:18,204 -  6500 /  8125 (80.0%): 	 Avg_ACC: 0.5937500 	 lr: 0.000100000	 Total:0.121878453
2021-02-08 14:30:34,091 - 
===============================|    epoch 46   |===============================

2021-02-08 14:30:34,514 -     0 /  8125 (0.0%): 	 Avg_ACC: 0.4375000 	 lr: 0.000100000	 Total:0.162992269
2021-02-08 14:30:52,535 -  1625 /  8125 (20.0%): 	 Avg_ACC: 0.5000000 	 lr: 0.000100000	 Total:0.230558142
2021-02-08 14:31:09,365 -  3250 /  8125 (40.0%): 	 Avg_ACC: 0.7500000 	 lr: 0.000100000	 Total:0.072859824
2021-02-08 14:31:26,210 -  4875 /  8125 (60.0%): 	 Avg_ACC: 0.6250000 	 lr: 0.000100000	 Total:0.138123870
2021-02-08 14:31:41,859 -  6500 /  8125 (80.0%): 	 Avg_ACC: 0.5312500 	 lr: 0.000100000	 Total:0.190284386
2021-02-08 14:31:58,731 - 
===============================|    epoch 47   |===============================

2021-02-08 14:31:59,173 -     0 /  8125 (0.0%): 	 Avg_ACC: 0.6562500 	 lr: 0.000100000	 Total:0.123362578
2021-02-08 14:32:17,035 -  1625 /  8125 (20.0%): 	 Avg_ACC: 0.7812500 	 lr: 0.000100000	 Total:0.068207510
2021-02-08 14:32:33,693 -  3250 /  8125 (40.0%): 	 Avg_ACC: 0.7500000 	 lr: 0.000100000	 Total:0.262628973
2021-02-08 14:32:48,471 -  4875 /  8125 (60.0%): 	 Avg_ACC: 0.7500000 	 lr: 0.000100000	 Total:0.077814668
2021-02-08 14:33:03,661 -  6500 /  8125 (80.0%): 	 Avg_ACC: 0.5937500 	 lr: 0.000100000	 Total:0.163398176
2021-02-08 14:33:18,012 - 
===============================|    epoch 48   |===============================

2021-02-08 14:33:18,444 -     0 /  8125 (0.0%): 	 Avg_ACC: 0.7187500 	 lr: 0.000100000	 Total:0.118061587
2021-02-08 14:33:39,214 -  1625 /  8125 (20.0%): 	 Avg_ACC: 0.7187500 	 lr: 0.000100000	 Total:0.261879206
2021-02-08 14:33:57,704 -  3250 /  8125 (40.0%): 	 Avg_ACC: 0.6250000 	 lr: 0.000100000	 Total:0.144287705
2021-02-08 14:34:16,197 -  4875 /  8125 (60.0%): 	 Avg_ACC: 0.7187500 	 lr: 0.000100000	 Total:0.273806274
2021-02-08 14:34:33,027 -  6500 /  8125 (80.0%): 	 Avg_ACC: 0.7187500 	 lr: 0.000100000	 Total:0.066779777
2021-02-08 14:34:50,540 - 
===============================|    epoch 49   |===============================

2021-02-08 14:34:50,989 -     0 /  8125 (0.0%): 	 Avg_ACC: 0.5937500 	 lr: 0.000100000	 Total:0.201543480
2021-02-08 14:35:10,302 -  1625 /  8125 (20.0%): 	 Avg_ACC: 0.7187500 	 lr: 0.000100000	 Total:0.104622670
2021-02-08 14:35:29,277 -  3250 /  8125 (40.0%): 	 Avg_ACC: 0.5937500 	 lr: 0.000100000	 Total:0.129032791
2021-02-08 14:35:45,472 -  4875 /  8125 (60.0%): 	 Avg_ACC: 0.4687500 	 lr: 0.000100000	 Total:0.113858216
2021-02-08 14:36:01,497 -  6500 /  8125 (80.0%): 	 Avg_ACC: 0.5937500 	 lr: 0.000100000	 Total:0.170546874
2021-02-08 14:36:19,276 - 
===============================|    epoch 50   |===============================

2021-02-08 14:36:19,679 -     0 /  8125 (0.0%): 	 Avg_ACC: 0.5625000 	 lr: 0.000100000	 Total:0.117835797
2021-02-08 14:36:38,604 -  1625 /  8125 (20.0%): 	 Avg_ACC: 0.3125000 	 lr: 0.000100000	 Total:0.302121937
2021-02-08 14:36:58,124 -  3250 /  8125 (40.0%): 	 Avg_ACC: 0.5312500 	 lr: 0.000100000	 Total:0.155602455
2021-02-08 14:37:17,374 -  4875 /  8125 (60.0%): 	 Avg_ACC: 0.6562500 	 lr: 0.000100000	 Total:0.101217732
2021-02-08 14:37:36,161 -  6500 /  8125 (80.0%): 	 Avg_ACC: 0.7187500 	 lr: 0.000100000	 Total:0.086370245
2021-02-08 14:37:59,970 - 
===============================| start validation |===============================

2021-02-08 14:37:59,970 - 	 Avg_ACC: 0.1641500 	  Total:0.4299424
2021-02-08 14:37:59,972 -    ini file updated    
2021-02-08 14:37:59,972 - 
===============================|    epoch 51   |===============================

2021-02-08 14:38:00,470 -     0 /  8125 (0.0%): 	 Avg_ACC: 0.7187500 	 lr: 0.000100000	 Total:0.061422851
2021-02-08 14:38:16,479 -  1625 /  8125 (20.0%): 	 Avg_ACC: 0.5937500 	 lr: 0.000100000	 Total:0.136798009
2021-02-08 14:38:33,730 -  3250 /  8125 (40.0%): 	 Avg_ACC: 0.3437500 	 lr: 0.000100000	 Total:0.311042517
2021-02-08 14:38:47,554 -  4875 /  8125 (60.0%): 	 Avg_ACC: 0.6875000 	 lr: 0.000100000	 Total:0.067858063
2021-02-08 14:39:01,944 -  6500 /  8125 (80.0%): 	 Avg_ACC: 0.8437500 	 lr: 0.000100000	 Total:0.048086829
2021-02-08 14:39:16,137 - 
===============================|    epoch 52   |===============================

2021-02-08 14:39:16,604 -     0 /  8125 (0.0%): 	 Avg_ACC: 0.5625000 	 lr: 0.000100000	 Total:0.118714109
2021-02-08 14:39:32,281 -  1625 /  8125 (20.0%): 	 Avg_ACC: 0.6250000 	 lr: 0.000100000	 Total:0.125903472
2021-02-08 14:39:47,658 -  3250 /  8125 (40.0%): 	 Avg_ACC: 0.7500000 	 lr: 0.000100000	 Total:0.174044400
2021-02-08 14:40:01,966 -  4875 /  8125 (60.0%): 	 Avg_ACC: 0.3125000 	 lr: 0.000100000	 Total:0.326860279
2021-02-08 14:40:16,726 -  6500 /  8125 (80.0%): 	 Avg_ACC: 0.6562500 	 lr: 0.000100000	 Total:0.104928985
2021-02-08 14:40:31,808 - 
===============================|    epoch 53   |===============================

2021-02-08 14:40:32,246 -     0 /  8125 (0.0%): 	 Avg_ACC: 0.5000000 	 lr: 0.000100000	 Total:0.467226267
2021-02-08 14:40:47,362 -  1625 /  8125 (20.0%): 	 Avg_ACC: 0.6562500 	 lr: 0.000100000	 Total:0.154693216
2021-02-08 14:41:07,149 -  3250 /  8125 (40.0%): 	 Avg_ACC: 0.5000000 	 lr: 0.000100000	 Total:0.227712765
2021-02-08 14:41:26,324 -  4875 /  8125 (60.0%): 	 Avg_ACC: 0.7812500 	 lr: 0.000100000	 Total:0.073391825
2021-02-08 14:41:44,703 -  6500 /  8125 (80.0%): 	 Avg_ACC: 0.4062500 	 lr: 0.000100000	 Total:0.190078974
2021-02-08 14:42:03,277 - 
===============================|    epoch 54   |===============================

2021-02-08 14:42:03,811 -     0 /  8125 (0.0%): 	 Avg_ACC: 0.5000000 	 lr: 0.000100000	 Total:0.245126545
2021-02-08 14:42:21,290 -  1625 /  8125 (20.0%): 	 Avg_ACC: 0.5937500 	 lr: 0.000100000	 Total:0.087633386
2021-02-08 14:42:37,372 -  3250 /  8125 (40.0%): 	 Avg_ACC: 0.6875000 	 lr: 0.000100000	 Total:0.117271990
2021-02-08 14:42:51,636 -  4875 /  8125 (60.0%): 	 Avg_ACC: 0.6875000 	 lr: 0.000100000	 Total:0.078542560
2021-02-08 14:43:06,326 -  6500 /  8125 (80.0%): 	 Avg_ACC: 0.6562500 	 lr: 0.000100000	 Total:0.223445222
2021-02-08 14:43:21,358 - 
===============================|    epoch 55   |===============================

2021-02-08 14:43:21,803 -     0 /  8125 (0.0%): 	 Avg_ACC: 0.7500000 	 lr: 0.000100000	 Total:0.263126493
2021-02-08 14:43:38,460 -  1625 /  8125 (20.0%): 	 Avg_ACC: 0.7812500 	 lr: 0.000100000	 Total:0.110156626
2021-02-08 14:43:54,635 -  3250 /  8125 (40.0%): 	 Avg_ACC: 0.5937500 	 lr: 0.000100000	 Total:0.076400988
2021-02-08 14:44:10,200 -  4875 /  8125 (60.0%): 	 Avg_ACC: 0.6250000 	 lr: 0.000100000	 Total:0.185557514
2021-02-08 14:44:25,435 -  6500 /  8125 (80.0%): 	 Avg_ACC: 0.5937500 	 lr: 0.000100000	 Total:0.209177345
2021-02-08 14:44:40,412 - 
===============================|    epoch 56   |===============================

2021-02-08 14:44:40,843 -     0 /  8125 (0.0%): 	 Avg_ACC: 0.5000000 	 lr: 0.000100000	 Total:0.295347482
2021-02-08 14:44:57,434 -  1625 /  8125 (20.0%): 	 Avg_ACC: 0.6250000 	 lr: 0.000100000	 Total:0.198980898
2021-02-08 14:45:12,688 -  3250 /  8125 (40.0%): 	 Avg_ACC: 0.4375000 	 lr: 0.000100000	 Total:0.315881073
2021-02-08 14:45:28,407 -  4875 /  8125 (60.0%): 	 Avg_ACC: 0.6562500 	 lr: 0.000100000	 Total:0.064222813
2021-02-08 14:45:41,917 -  6500 /  8125 (80.0%): 	 Avg_ACC: 0.7500000 	 lr: 0.000100000	 Total:0.156524450
2021-02-08 14:45:56,885 - 
===============================|    epoch 57   |===============================

2021-02-08 14:45:57,390 -     0 /  8125 (0.0%): 	 Avg_ACC: 0.7187500 	 lr: 0.000100000	 Total:0.086028486
2021-02-08 14:46:14,598 -  1625 /  8125 (20.0%): 	 Avg_ACC: 0.5000000 	 lr: 0.000100000	 Total:0.203433767
2021-02-08 14:46:30,534 -  3250 /  8125 (40.0%): 	 Avg_ACC: 0.7187500 	 lr: 0.000100000	 Total:0.094508559
2021-02-08 14:46:45,782 -  4875 /  8125 (60.0%): 	 Avg_ACC: 0.6250000 	 lr: 0.000100000	 Total:0.171451658
2021-02-08 14:46:59,184 -  6500 /  8125 (80.0%): 	 Avg_ACC: 0.7500000 	 lr: 0.000100000	 Total:0.187243953
2021-02-08 14:47:13,304 - 
===============================|    epoch 58   |===============================

2021-02-08 14:47:13,773 -     0 /  8125 (0.0%): 	 Avg_ACC: 0.4375000 	 lr: 0.000100000	 Total:0.288556844
2021-02-08 14:47:29,544 -  1625 /  8125 (20.0%): 	 Avg_ACC: 0.5312500 	 lr: 0.000100000	 Total:0.211576849
2021-02-08 14:47:43,889 -  3250 /  8125 (40.0%): 	 Avg_ACC: 0.7187500 	 lr: 0.000100000	 Total:0.337175846
2021-02-08 14:47:58,315 -  4875 /  8125 (60.0%): 	 Avg_ACC: 0.5937500 	 lr: 0.000100000	 Total:0.268064290
2021-02-08 14:48:12,628 -  6500 /  8125 (80.0%): 	 Avg_ACC: 0.6875000 	 lr: 0.000100000	 Total:0.113062352
2021-02-08 14:48:26,776 - 
===============================|    epoch 59   |===============================

2021-02-08 14:48:27,199 -     0 /  8125 (0.0%): 	 Avg_ACC: 0.4375000 	 lr: 0.000100000	 Total:0.153573364
2021-02-08 14:48:42,044 -  1625 /  8125 (20.0%): 	 Avg_ACC: 0.5312500 	 lr: 0.000100000	 Total:0.127734154
2021-02-08 14:48:57,453 -  3250 /  8125 (40.0%): 	 Avg_ACC: 0.4687500 	 lr: 0.000100000	 Total:0.194128841
2021-02-08 14:49:12,372 -  4875 /  8125 (60.0%): 	 Avg_ACC: 0.5625000 	 lr: 0.000100000	 Total:0.142172590
2021-02-08 14:49:27,591 -  6500 /  8125 (80.0%): 	 Avg_ACC: 0.8125000 	 lr: 0.000100000	 Total:0.087617040
2021-02-08 14:49:43,692 - 
===============================|    epoch 60   |===============================

2021-02-08 14:49:44,124 -     0 /  8125 (0.0%): 	 Avg_ACC: 0.7812500 	 lr: 0.000100000	 Total:0.069006070
2021-02-08 14:50:00,096 -  1625 /  8125 (20.0%): 	 Avg_ACC: 0.6875000 	 lr: 0.000100000	 Total:0.101430282
2021-02-08 14:50:15,605 -  3250 /  8125 (40.0%): 	 Avg_ACC: 0.5937500 	 lr: 0.000100000	 Total:0.192254961
2021-02-08 14:50:32,363 -  4875 /  8125 (60.0%): 	 Avg_ACC: 0.5937500 	 lr: 0.000100000	 Total:0.139652506
2021-02-08 14:50:48,078 -  6500 /  8125 (80.0%): 	 Avg_ACC: 0.5625000 	 lr: 0.000100000	 Total:0.248317629
2021-02-08 14:51:07,504 - 
===============================| start validation |===============================

2021-02-08 14:51:07,504 - 	 Avg_ACC: 0.2190000 	  Total:0.3370858
2021-02-08 14:51:07,506 -    ini file updated    
2021-02-08 14:51:07,506 - <<<<<<<<<<< Early Stopping >>>>>>>>>>
