2021-11-27 10:14:10,692 -   	 	 ==============<<< device used: cuda:1  >>>============== 	 	 
2021-11-27 10:14:29,536 - ===============================|    epoch 0   |===============================
2021-11-27 10:14:30,742 -     0 /  2109 (000%):	 Total:44.1830254	 Acc:0.0000000	 lr:0.0009882	 Mean_Total:44.1830254
2021-11-27 10:15:05,476 -   421 /  2109 (019%):	 Total:1.0087945	 Acc:0.2500000	 lr:0.0043027	 Mean_Total:1.8577438
2021-11-27 10:15:40,453 -   842 /  2109 (039%):	 Total:0.5958708	 Acc:0.1875000	 lr:0.0030443	 Mean_Total:1.4865996
2021-11-27 10:16:14,463 -  1263 /  2109 (059%):	 Total:0.7061559	 Acc:0.1562500	 lr:0.0024861	 Mean_Total:1.3548825
2021-11-27 10:16:48,779 -  1684 /  2109 (079%):	 Total:1.8563943	 Acc:0.1562500	 lr:0.0021533	 Mean_Total:1.3088531
2021-11-27 10:17:23,244 -  2105 /  2109 (099%):	 Total:0.9165204	 Acc:0.1562500	 lr:0.0019260	 Mean_Total:1.2961480
2021-11-27 10:17:23,831 - ===============================| start validation |===============================
2021-11-27 10:17:34,904 - 	 Total:1.0306745	 Acc:0.1945780
2021-11-27 10:17:34,913 -    ini file updated    
2021-11-27 10:17:34,920 - Snapshot saved to /data/users/wergillius/UTR_VAE/pth/RL_gru_MTL/1_layer_model/human_k5-model_best_cv5.pth

2021-11-27 10:17:34,921 -    ini file updated    
2021-11-27 10:17:34,921 - ===============================|    epoch 1   |===============================
2021-11-27 10:17:35,808 -     0 /  2109 (000%):	 Total:0.8047297	 Acc:0.0937500	 lr:0.0019242	 Mean_Total:0.8047297
2021-11-27 10:18:10,190 -   421 /  2109 (019%):	 Total:0.9205976	 Acc:0.2187500	 lr:0.0017569	 Mean_Total:0.9552968
2021-11-27 10:18:43,122 -   842 /  2109 (039%):	 Total:1.1628627	 Acc:0.1562500	 lr:0.0016268	 Mean_Total:0.9693230
2021-11-27 10:19:16,382 -  1263 /  2109 (059%):	 Total:0.6873212	 Acc:0.2500000	 lr:0.0015219	 Mean_Total:0.9702603
2021-11-27 10:19:50,787 -  1684 /  2109 (079%):	 Total:0.7985473	 Acc:0.2500000	 lr:0.0014350	 Mean_Total:1.0027647
2021-11-27 10:20:25,629 -  2105 /  2109 (099%):	 Total:1.0796672	 Acc:0.1875000	 lr:0.0013614	 Mean_Total:1.0380429
2021-11-27 10:20:26,070 - ===============================| start validation |===============================
2021-11-27 10:20:36,847 - 	 Total:0.9760185	 Acc:0.1967147
2021-11-27 10:20:36,851 -    ini file updated    
2021-11-27 10:20:36,860 - Snapshot saved to /data/users/wergillius/UTR_VAE/pth/RL_gru_MTL/1_layer_model/human_k5-model_best_cv5.pth

2021-11-27 10:20:36,861 -    ini file updated    
2021-11-27 10:20:36,861 - ===============================|    epoch 2   |===============================
2021-11-27 10:20:37,972 -     0 /  2109 (000%):	 Total:1.3015406	 Acc:0.1875000	 lr:0.0013608	 Mean_Total:1.3015406
2021-11-27 10:21:12,565 -   421 /  2109 (019%):	 Total:0.7739254	 Acc:0.2500000	 lr:0.0012976	 Mean_Total:0.9033689
2021-11-27 10:21:46,779 -   842 /  2109 (039%):	 Total:0.6274129	 Acc:0.1875000	 lr:0.0012424	 Mean_Total:0.9177235
2021-11-27 10:22:20,555 -  1263 /  2109 (059%):	 Total:0.4866885	 Acc:0.4687500	 lr:0.0011938	 Mean_Total:0.9244831
2021-11-27 10:22:55,658 -  1684 /  2109 (079%):	 Total:0.8908133	 Acc:0.2500000	 lr:0.0011504	 Mean_Total:0.9564451
2021-11-27 10:23:30,654 -  2105 /  2109 (099%):	 Total:0.9996099	 Acc:0.2812500	 lr:0.0011115	 Mean_Total:0.9899238
2021-11-27 10:23:30,977 - ===============================| start validation |===============================
2021-11-27 10:23:41,593 - 	 Total:0.9471200	 Acc:0.2099359
2021-11-27 10:23:41,597 -    ini file updated    
2021-11-27 10:23:41,605 - Snapshot saved to /data/users/wergillius/UTR_VAE/pth/RL_gru_MTL/1_layer_model/human_k5-model_best_cv5.pth

2021-11-27 10:23:41,606 -    ini file updated    
2021-11-27 10:23:41,606 - ===============================|    epoch 3   |===============================
2021-11-27 10:23:42,382 -     0 /  2109 (000%):	 Total:0.9821653	 Acc:0.3125000	 lr:0.0011111	 Mean_Total:0.9821653
2021-11-27 10:24:15,912 -   421 /  2109 (019%):	 Total:0.8908592	 Acc:0.1562500	 lr:0.0010759	 Mean_Total:0.8299508
2021-11-27 10:24:48,604 -   842 /  2109 (039%):	 Total:1.0981010	 Acc:0.2812500	 lr:0.0010438	 Mean_Total:0.8566356
2021-11-27 10:25:20,453 -  1263 /  2109 (059%):	 Total:0.4787946	 Acc:0.3125000	 lr:0.0010145	 Mean_Total:0.8691589
2021-11-27 10:25:53,958 -  1684 /  2109 (079%):	 Total:1.3312166	 Acc:0.1250000	 lr:0.0009875	 Mean_Total:0.9019531
2021-11-27 10:26:27,942 -  2105 /  2109 (099%):	 Total:0.7896582	 Acc:0.2812500	 lr:0.0009625	 Mean_Total:0.9377973
2021-11-27 10:26:28,446 - ===============================| start validation |===============================
2021-11-27 10:26:38,332 - 	 Total:0.9016542	 Acc:0.2164797
2021-11-27 10:26:38,338 -    ini file updated    
2021-11-27 10:26:38,346 - Snapshot saved to /data/users/wergillius/UTR_VAE/pth/RL_gru_MTL/1_layer_model/human_k5-model_best_cv5.pth

2021-11-27 10:26:38,346 -    ini file updated    
2021-11-27 10:26:38,347 - ===============================|    epoch 4   |===============================
2021-11-27 10:26:39,074 -     0 /  2109 (000%):	 Total:0.5107267	 Acc:0.2500000	 lr:0.0009623	 Mean_Total:0.5107267
2021-11-27 10:27:12,951 -   421 /  2109 (019%):	 Total:1.0863502	 Acc:0.3437500	 lr:0.0009391	 Mean_Total:0.7948238
2021-11-27 10:27:47,111 -   842 /  2109 (039%):	 Total:0.8507305	 Acc:0.3125000	 lr:0.0009176	 Mean_Total:0.8201296
2021-11-27 10:28:20,918 -  1263 /  2109 (059%):	 Total:0.5978379	 Acc:0.2187500	 lr:0.0008974	 Mean_Total:0.8370936
2021-11-27 10:28:54,073 -  1684 /  2109 (079%):	 Total:0.9980391	 Acc:0.2812500	 lr:0.0008786	 Mean_Total:0.8737130
2021-11-27 10:29:29,352 -  2105 /  2109 (099%):	 Total:1.0612471	 Acc:0.3125000	 lr:0.0008609	 Mean_Total:0.9117496
2021-11-27 10:29:29,879 - ===============================| start validation |===============================
2021-11-27 10:29:40,590 - 	 Total:0.8824747	 Acc:0.2230235
2021-11-27 10:29:40,595 -    ini file updated    
2021-11-27 10:29:40,622 - Snapshot saved to /data/users/wergillius/UTR_VAE/pth/RL_gru_MTL/1_layer_model/human_k5-model_best_cv5.pth

2021-11-27 10:29:40,622 -    ini file updated    
2021-11-27 10:29:40,623 - ===============================|    epoch 5   |===============================
2021-11-27 10:29:41,378 -     0 /  2109 (000%):	 Total:0.2685168	 Acc:0.3437500	 lr:0.0008607	 Mean_Total:0.2685168
2021-11-27 10:30:15,813 -   421 /  2109 (019%):	 Total:1.2079087	 Acc:0.2187500	 lr:0.0008440	 Mean_Total:0.7708978
2021-11-27 10:30:49,617 -   842 /  2109 (039%):	 Total:1.2331141	 Acc:0.1250000	 lr:0.0008283	 Mean_Total:0.8052612
2021-11-27 10:31:22,955 -  1263 /  2109 (059%):	 Total:0.4645804	 Acc:0.3125000	 lr:0.0008134	 Mean_Total:0.8201215
2021-11-27 10:31:56,901 -  1684 /  2109 (079%):	 Total:1.3411998	 Acc:0.1875000	 lr:0.0007992	 Mean_Total:0.8563484
2021-11-27 10:32:29,502 -  2105 /  2109 (099%):	 Total:0.8387043	 Acc:0.3750000	 lr:0.0007858	 Mean_Total:0.8926365
2021-11-27 10:32:29,998 - ===============================| start validation |===============================
2021-11-27 10:32:40,962 - 	 Total:0.8882090	 Acc:0.2094017
2021-11-27 10:32:40,968 -    ini file updated    
2021-11-27 10:32:40,968 - ===============================|    epoch 6   |===============================
2021-11-27 10:32:42,077 -     0 /  2109 (000%):	 Total:0.7843567	 Acc:0.2500000	 lr:0.0007857	 Mean_Total:0.7843567
2021-11-27 10:33:16,993 -   421 /  2109 (019%):	 Total:1.4993644	 Acc:0.1562500	 lr:0.0007730	 Mean_Total:0.7377484
2021-11-27 10:33:50,887 -   842 /  2109 (039%):	 Total:0.5723082	 Acc:0.3125000	 lr:0.0007608	 Mean_Total:0.7785094
2021-11-27 10:34:24,194 -  1263 /  2109 (059%):	 Total:1.4189515	 Acc:0.1875000	 lr:0.0007492	 Mean_Total:0.7946056
2021-11-27 10:34:56,383 -  1684 /  2109 (079%):	 Total:0.8461779	 Acc:0.3750000	 lr:0.0007381	 Mean_Total:0.8292708
2021-11-27 10:35:27,505 -  2105 /  2109 (099%):	 Total:0.8271315	 Acc:0.3750000	 lr:0.0007275	 Mean_Total:0.8697666
2021-11-27 10:35:27,893 - ===============================| start validation |===============================
2021-11-27 10:35:38,432 - 	 Total:0.8456609	 Acc:0.2387821
2021-11-27 10:35:38,436 -    ini file updated    
2021-11-27 10:35:38,443 - Snapshot saved to /data/users/wergillius/UTR_VAE/pth/RL_gru_MTL/1_layer_model/human_k5-model_best_cv5.pth

2021-11-27 10:35:38,444 -    ini file updated    
2021-11-27 10:35:38,444 - ===============================|    epoch 7   |===============================
2021-11-27 10:35:39,234 -     0 /  2109 (000%):	 Total:0.7185651	 Acc:0.4375000	 lr:0.0007274	 Mean_Total:0.7185651
2021-11-27 10:36:14,775 -   421 /  2109 (019%):	 Total:1.3741477	 Acc:0.0312500	 lr:0.0007173	 Mean_Total:0.7211314
2021-11-27 10:36:48,212 -   842 /  2109 (039%):	 Total:0.6670243	 Acc:0.1875000	 lr:0.0007075	 Mean_Total:0.7576675
2021-11-27 10:37:20,370 -  1263 /  2109 (059%):	 Total:0.5449284	 Acc:0.1875000	 lr:0.0006982	 Mean_Total:0.7729347
2021-11-27 10:37:53,498 -  1684 /  2109 (079%):	 Total:0.9736184	 Acc:0.1250000	 lr:0.0006892	 Mean_Total:0.8107356
2021-11-27 10:38:26,195 -  2105 /  2109 (099%):	 Total:0.6744457	 Acc:0.2187500	 lr:0.0006805	 Mean_Total:0.8486495
2021-11-27 10:38:26,505 - ===============================| start validation |===============================
2021-11-27 10:38:37,177 - 	 Total:0.8304656	 Acc:0.2451923
2021-11-27 10:38:37,181 -    ini file updated    
2021-11-27 10:38:37,192 - Snapshot saved to /data/users/wergillius/UTR_VAE/pth/RL_gru_MTL/1_layer_model/human_k5-model_best_cv5.pth

2021-11-27 10:38:37,193 -    ini file updated    
2021-11-27 10:38:37,193 - ===============================|    epoch 8   |===============================
2021-11-27 10:38:37,890 -     0 /  2109 (000%):	 Total:0.2732780	 Acc:0.3125000	 lr:0.0006805	 Mean_Total:0.2732780
2021-11-27 10:39:11,406 -   421 /  2109 (019%):	 Total:1.2894405	 Acc:0.0937500	 lr:0.0006721	 Mean_Total:0.7018109
2021-11-27 10:39:41,889 -   842 /  2109 (039%):	 Total:0.9064638	 Acc:0.1875000	 lr:0.0006641	 Mean_Total:0.7433252
2021-11-27 10:40:14,473 -  1263 /  2109 (059%):	 Total:0.9496326	 Acc:0.0937500	 lr:0.0006563	 Mean_Total:0.7630560
2021-11-27 10:40:47,702 -  1684 /  2109 (079%):	 Total:0.5164843	 Acc:0.1875000	 lr:0.0006488	 Mean_Total:0.8019117
2021-11-27 10:41:21,666 -  2105 /  2109 (099%):	 Total:1.1609905	 Acc:0.3125000	 lr:0.0006416	 Mean_Total:0.8389071
2021-11-27 10:41:22,186 - ===============================| start validation |===============================
2021-11-27 10:41:33,113 - 	 Total:0.8349765	 Acc:0.2482639
2021-11-27 10:41:33,117 -    ini file updated    
2021-11-27 10:41:33,125 - Snapshot saved to /data/users/wergillius/UTR_VAE/pth/RL_gru_MTL/1_layer_model/human_k5-model_best_cv5.pth

2021-11-27 10:41:33,126 -    ini file updated    
2021-11-27 10:41:33,126 - ===============================|    epoch 9   |===============================
2021-11-27 10:41:33,946 -     0 /  2109 (000%):	 Total:0.4894686	 Acc:0.2812500	 lr:0.0006415	 Mean_Total:0.4894686
2021-11-27 10:42:08,700 -   421 /  2109 (019%):	 Total:0.8772873	 Acc:0.1875000	 lr:0.0006345	 Mean_Total:0.6868074
2021-11-27 10:42:41,501 -   842 /  2109 (039%):	 Total:1.2210741	 Acc:0.1875000	 lr:0.0006278	 Mean_Total:0.7209197
2021-11-27 10:43:12,579 -  1263 /  2109 (059%):	 Total:0.8646191	 Acc:0.0625000	 lr:0.0006212	 Mean_Total:0.7425461
2021-11-27 10:43:45,068 -  1684 /  2109 (079%):	 Total:0.6213715	 Acc:0.2187500	 lr:0.0006148	 Mean_Total:0.7784809
2021-11-27 10:44:17,421 -  2105 /  2109 (099%):	 Total:0.9764372	 Acc:0.1562500	 lr:0.0006087	 Mean_Total:0.8194169
2021-11-27 10:44:17,958 - ===============================| start validation |===============================
2021-11-27 10:44:28,564 - 	 Total:0.8024750	 Acc:0.2379808
2021-11-27 10:44:28,573 -    ini file updated    
2021-11-27 10:44:28,579 - Snapshot saved to /data/users/wergillius/UTR_VAE/pth/RL_gru_MTL/1_layer_model/human_k5-model_best_cv5.pth

2021-11-27 10:44:28,580 -    ini file updated    
2021-11-27 10:44:28,580 - ===============================|    epoch 10   |===============================
2021-11-27 10:44:29,316 -     0 /  2109 (000%):	 Total:0.5227897	 Acc:0.3750000	 lr:0.0006086	 Mean_Total:0.5227897
2021-11-27 10:45:04,229 -   421 /  2109 (019%):	 Total:1.2614985	 Acc:0.2500000	 lr:0.0006026	 Mean_Total:0.6732560
2021-11-27 10:45:36,992 -   842 /  2109 (039%):	 Total:0.7878791	 Acc:0.3125000	 lr:0.0005968	 Mean_Total:0.7040665
2021-11-27 10:46:08,022 -  1263 /  2109 (059%):	 Total:0.4712466	 Acc:0.1875000	 lr:0.0005912	 Mean_Total:0.7117938
2021-11-27 10:46:40,434 -  1684 /  2109 (079%):	 Total:1.0258120	 Acc:0.1875000	 lr:0.0005857	 Mean_Total:0.7376365
2021-11-27 10:47:12,806 -  2105 /  2109 (099%):	 Total:0.9179829	 Acc:0.2500000	 lr:0.0005803	 Mean_Total:0.7584327
2021-11-27 10:47:13,278 - ===============================| start validation |===============================
2021-11-27 10:47:23,728 - 	 Total:0.6609463	 Acc:0.2502671
2021-11-27 10:47:23,733 -    ini file updated    
2021-11-27 10:47:23,748 - Snapshot saved to /data/users/wergillius/UTR_VAE/pth/RL_gru_MTL/1_layer_model/human_k5-model_best_cv5.pth

2021-11-27 10:47:23,749 -    ini file updated    
2021-11-27 10:47:23,749 - ===============================|    epoch 11   |===============================
2021-11-27 10:47:24,508 -     0 /  2109 (000%):	 Total:0.6393379	 Acc:0.3437500	 lr:0.0005803	 Mean_Total:0.6393379
2021-11-27 10:47:58,667 -   421 /  2109 (019%):	 Total:0.8090101	 Acc:0.2812500	 lr:0.0005751	 Mean_Total:0.5366197
2021-11-27 10:48:32,119 -   842 /  2109 (039%):	 Total:1.3642515	 Acc:0.1875000	 lr:0.0005700	 Mean_Total:0.5702357
2021-11-27 10:49:04,880 -  1263 /  2109 (059%):	 Total:1.5982077	 Acc:0.1875000	 lr:0.0005651	 Mean_Total:0.5903712
2021-11-27 10:49:38,315 -  1684 /  2109 (079%):	 Total:0.7499157	 Acc:0.1562500	 lr:0.0005603	 Mean_Total:0.6315907
2021-11-27 10:50:10,277 -  2105 /  2109 (099%):	 Total:0.5873375	 Acc:0.0937500	 lr:0.0005556	 Mean_Total:0.6695710
2021-11-27 10:50:10,762 - ===============================| start validation |===============================
2021-11-27 10:50:21,876 - 	 Total:0.6305574	 Acc:0.2613515
2021-11-27 10:50:21,880 -    ini file updated    
2021-11-27 10:50:21,887 - Snapshot saved to /data/users/wergillius/UTR_VAE/pth/RL_gru_MTL/1_layer_model/human_k5-model_best_cv5.pth

2021-11-27 10:50:21,888 -    ini file updated    
2021-11-27 10:50:21,888 - ===============================|    epoch 12   |===============================
2021-11-27 10:50:22,680 -     0 /  2109 (000%):	 Total:0.2726627	 Acc:0.1875000	 lr:0.0005556	 Mean_Total:0.2726627
2021-11-27 10:50:56,759 -   421 /  2109 (019%):	 Total:0.7585163	 Acc:0.2187500	 lr:0.0005510	 Mean_Total:0.5087486
2021-11-27 10:51:29,092 -   842 /  2109 (039%):	 Total:1.2206055	 Acc:0.1875000	 lr:0.0005466	 Mean_Total:0.5365137
2021-11-27 10:52:01,296 -  1263 /  2109 (059%):	 Total:0.5620393	 Acc:0.1562500	 lr:0.0005422	 Mean_Total:0.5620301
2021-11-27 10:52:33,628 -  1684 /  2109 (079%):	 Total:0.5004856	 Acc:0.3437500	 lr:0.0005380	 Mean_Total:0.6056933
2021-11-27 10:53:05,297 -  2105 /  2109 (099%):	 Total:0.6456320	 Acc:0.2187500	 lr:0.0005338	 Mean_Total:0.6456720
2021-11-27 10:53:05,755 - ===============================| start validation |===============================
2021-11-27 10:53:16,238 - 	 Total:0.6117005	 Acc:0.2657585
2021-11-27 10:53:16,243 -    ini file updated    
2021-11-27 10:53:16,256 - Snapshot saved to /data/users/wergillius/UTR_VAE/pth/RL_gru_MTL/1_layer_model/human_k5-model_best_cv5.pth

2021-11-27 10:53:16,257 -    ini file updated    
2021-11-27 10:53:16,257 - ===============================|    epoch 13   |===============================
2021-11-27 10:53:17,073 -     0 /  2109 (000%):	 Total:0.2536458	 Acc:0.3437500	 lr:0.0005338	 Mean_Total:0.2536458
2021-11-27 10:53:48,699 -   421 /  2109 (019%):	 Total:0.4739495	 Acc:0.2812500	 lr:0.0005297	 Mean_Total:0.4905691
2021-11-27 10:54:20,599 -   842 /  2109 (039%):	 Total:0.4311208	 Acc:0.2187500	 lr:0.0005258	 Mean_Total:0.5180885
2021-11-27 10:54:52,508 -  1263 /  2109 (059%):	 Total:2.1635218	 Acc:0.3125000	 lr:0.0005219	 Mean_Total:0.5447184
2021-11-27 10:55:23,546 -  1684 /  2109 (079%):	 Total:0.6420120	 Acc:0.1562500	 lr:0.0005181	 Mean_Total:0.5874404
2021-11-27 10:55:54,671 -  2105 /  2109 (099%):	 Total:0.4082640	 Acc:0.2187500	 lr:0.0005144	 Mean_Total:0.6268402
2021-11-27 10:55:55,167 - ===============================| start validation |===============================
2021-11-27 10:56:05,340 - 	 Total:0.5965970	 Acc:0.2747062
2021-11-27 10:56:05,354 -    ini file updated    
2021-11-27 10:56:05,382 - Snapshot saved to /data/users/wergillius/UTR_VAE/pth/RL_gru_MTL/1_layer_model/human_k5-model_best_cv5.pth

2021-11-27 10:56:05,383 -    ini file updated    
2021-11-27 10:56:05,383 - ===============================|    epoch 14   |===============================
2021-11-27 10:56:06,207 -     0 /  2109 (000%):	 Total:0.6358861	 Acc:0.4062500	 lr:0.0005144	 Mean_Total:0.6358861
2021-11-27 10:56:40,284 -   421 /  2109 (019%):	 Total:0.4595418	 Acc:0.2500000	 lr:0.0005108	 Mean_Total:0.4659626
2021-11-27 10:57:11,822 -   842 /  2109 (039%):	 Total:0.5480199	 Acc:0.2500000	 lr:0.0005072	 Mean_Total:0.5000509
2021-11-27 10:57:42,645 -  1263 /  2109 (059%):	 Total:0.3136409	 Acc:0.1562500	 lr:0.0005037	 Mean_Total:0.5294388
2021-11-27 10:58:15,068 -  1684 /  2109 (079%):	 Total:0.5447634	 Acc:0.3125000	 lr:0.0005003	 Mean_Total:0.5752050
2021-11-27 10:58:47,579 -  2105 /  2109 (099%):	 Total:0.6642988	 Acc:0.3437500	 lr:0.0004970	 Mean_Total:0.6130402
2021-11-27 10:58:47,999 - ===============================| start validation |===============================
2021-11-27 10:58:58,940 - 	 Total:0.5934397	 Acc:0.2701656
2021-11-27 10:58:58,944 -    ini file updated    
2021-11-27 10:58:58,957 - Snapshot saved to /data/users/wergillius/UTR_VAE/pth/RL_gru_MTL/1_layer_model/human_k5-model_best_cv5.pth

2021-11-27 10:58:58,957 -    ini file updated    
2021-11-27 10:58:58,958 - ===============================|    epoch 15   |===============================
2021-11-27 10:58:59,898 -     0 /  2109 (000%):	 Total:0.4727352	 Acc:0.3750000	 lr:0.0004969	 Mean_Total:0.4727352
2021-11-27 10:59:31,916 -   421 /  2109 (019%):	 Total:0.6187729	 Acc:0.1875000	 lr:0.0004937	 Mean_Total:0.4544512
2021-11-27 11:00:04,959 -   842 /  2109 (039%):	 Total:0.6996829	 Acc:0.2500000	 lr:0.0004905	 Mean_Total:0.4869115
2021-11-27 11:00:38,104 -  1263 /  2109 (059%):	 Total:0.5770020	 Acc:0.2500000	 lr:0.0004873	 Mean_Total:0.5156905
2021-11-27 11:01:09,758 -  1684 /  2109 (079%):	 Total:1.6593070	 Acc:0.1250000	 lr:0.0004842	 Mean_Total:0.5603766
2021-11-27 11:01:41,990 -  2105 /  2109 (099%):	 Total:0.5153993	 Acc:0.2187500	 lr:0.0004812	 Mean_Total:0.5995779
2021-11-27 11:01:42,393 - ===============================| start validation |===============================
2021-11-27 11:01:52,712 - 	 Total:0.5809639	 Acc:0.2801816
2021-11-27 11:01:52,717 -    ini file updated    
2021-11-27 11:01:52,725 - Snapshot saved to /data/users/wergillius/UTR_VAE/pth/RL_gru_MTL/1_layer_model/human_k5-model_best_cv5.pth

2021-11-27 11:01:52,726 -    ini file updated    
2021-11-27 11:01:52,726 - ===============================|    epoch 16   |===============================
2021-11-27 11:01:53,450 -     0 /  2109 (000%):	 Total:0.7270123	 Acc:0.4062500	 lr:0.0004812	 Mean_Total:0.7270123
2021-11-27 11:02:25,717 -   421 /  2109 (019%):	 Total:0.4367423	 Acc:0.1562500	 lr:0.0004782	 Mean_Total:0.4442720
2021-11-27 11:02:58,358 -   842 /  2109 (039%):	 Total:0.6200095	 Acc:0.2500000	 lr:0.0004753	 Mean_Total:0.4701443
2021-11-27 11:03:27,829 -  1263 /  2109 (059%):	 Total:0.4216113	 Acc:0.2500000	 lr:0.0004724	 Mean_Total:0.4998521
2021-11-27 11:04:00,687 -  1684 /  2109 (079%):	 Total:1.0204527	 Acc:0.1875000	 lr:0.0004696	 Mean_Total:0.5481239
2021-11-27 11:04:32,288 -  2105 /  2109 (099%):	 Total:0.4450736	 Acc:0.3437500	 lr:0.0004668	 Mean_Total:0.5858674
2021-11-27 11:04:32,707 - ===============================| start validation |===============================
2021-11-27 11:04:43,267 - 	 Total:0.5531786	 Acc:0.2805823
2021-11-27 11:04:43,272 -    ini file updated    
2021-11-27 11:04:43,278 - Snapshot saved to /data/users/wergillius/UTR_VAE/pth/RL_gru_MTL/1_layer_model/human_k5-model_best_cv5.pth

2021-11-27 11:04:43,279 -    ini file updated    
2021-11-27 11:04:43,279 - ===============================|    epoch 17   |===============================
2021-11-27 11:04:44,104 -     0 /  2109 (000%):	 Total:0.2111423	 Acc:0.3437500	 lr:0.0004668	 Mean_Total:0.2111423
2021-11-27 11:05:15,966 -   421 /  2109 (019%):	 Total:1.1462268	 Acc:0.1562500	 lr:0.0004641	 Mean_Total:0.4346478
2021-11-27 11:05:47,737 -   842 /  2109 (039%):	 Total:0.4269123	 Acc:0.2500000	 lr:0.0004614	 Mean_Total:0.4561468
2021-11-27 11:06:20,270 -  1263 /  2109 (059%):	 Total:0.5905030	 Acc:0.2187500	 lr:0.0004588	 Mean_Total:0.4827483
2021-11-27 11:06:51,630 -  1684 /  2109 (079%):	 Total:0.5264513	 Acc:0.2812500	 lr:0.0004562	 Mean_Total:0.5269822
2021-11-27 11:07:22,477 -  2105 /  2109 (099%):	 Total:0.6137024	 Acc:0.2500000	 lr:0.0004537	 Mean_Total:0.5683841
2021-11-27 11:07:22,772 - ===============================| start validation |===============================
2021-11-27 11:07:32,833 - 	 Total:0.5421760	 Acc:0.2848558
2021-11-27 11:07:32,838 -    ini file updated    
2021-11-27 11:07:32,846 - Snapshot saved to /data/users/wergillius/UTR_VAE/pth/RL_gru_MTL/1_layer_model/human_k5-model_best_cv5.pth

2021-11-27 11:07:32,846 -    ini file updated    
2021-11-27 11:07:32,846 - ===============================|    epoch 18   |===============================
2021-11-27 11:07:33,672 -     0 /  2109 (000%):	 Total:0.1738414	 Acc:0.4375000	 lr:0.0004536	 Mean_Total:0.1738414
2021-11-27 11:08:06,262 -   421 /  2109 (019%):	 Total:0.6509371	 Acc:0.3437500	 lr:0.0004511	 Mean_Total:0.4202721
2021-11-27 11:08:39,459 -   842 /  2109 (039%):	 Total:0.2205018	 Acc:0.3125000	 lr:0.0004487	 Mean_Total:0.4462937
2021-11-27 11:09:11,834 -  1263 /  2109 (059%):	 Total:0.2801283	 Acc:0.4062500	 lr:0.0004463	 Mean_Total:0.4745218
2021-11-27 11:09:44,659 -  1684 /  2109 (079%):	 Total:0.4611405	 Acc:0.1562500	 lr:0.0004439	 Mean_Total:0.5195315
2021-11-27 11:10:17,837 -  2105 /  2109 (099%):	 Total:0.7546268	 Acc:0.3437500	 lr:0.0004416	 Mean_Total:0.5605381
2021-11-27 11:10:18,300 - ===============================| start validation |===============================
2021-11-27 11:10:28,729 - 	 Total:0.5303851	 Acc:0.2821848
2021-11-27 11:10:28,733 -    ini file updated    
2021-11-27 11:10:28,742 - Snapshot saved to /data/users/wergillius/UTR_VAE/pth/RL_gru_MTL/1_layer_model/human_k5-model_best_cv5.pth

2021-11-27 11:10:28,742 -    ini file updated    
2021-11-27 11:10:28,743 - ===============================|    epoch 19   |===============================
2021-11-27 11:10:29,740 -     0 /  2109 (000%):	 Total:0.1144585	 Acc:0.5000000	 lr:0.0004415	 Mean_Total:0.1144585
2021-11-27 11:11:03,352 -   421 /  2109 (019%):	 Total:0.5893190	 Acc:0.1562500	 lr:0.0004392	 Mean_Total:0.4049326
2021-11-27 11:11:36,076 -   842 /  2109 (039%):	 Total:0.1826895	 Acc:0.4375000	 lr:0.0004370	 Mean_Total:0.4336072
2021-11-27 11:12:09,393 -  1263 /  2109 (059%):	 Total:0.2907151	 Acc:0.3437500	 lr:0.0004347	 Mean_Total:0.4626189
2021-11-27 11:12:41,461 -  1684 /  2109 (079%):	 Total:0.6753882	 Acc:0.1562500	 lr:0.0004325	 Mean_Total:0.5101713
2021-11-27 11:13:14,453 -  2105 /  2109 (099%):	 Total:0.4575750	 Acc:0.2812500	 lr:0.0004304	 Mean_Total:0.5491176
2021-11-27 11:13:14,843 - ===============================| start validation |===============================
2021-11-27 11:13:25,370 - 	 Total:0.5326567	 Acc:0.2815171
2021-11-27 11:13:25,377 -    ini file updated    
2021-11-27 11:13:25,378 - ===============================|    epoch 20   |===============================
2021-11-27 11:13:26,407 -     0 /  2109 (000%):	 Total:0.1049635	 Acc:0.5312500	 lr:0.0004304	 Mean_Total:0.1049635
2021-11-27 11:13:57,267 -   421 /  2109 (019%):	 Total:0.5637497	 Acc:0.3125000	 lr:0.0004282	 Mean_Total:0.3944126
2021-11-27 11:14:30,552 -   842 /  2109 (039%):	 Total:0.4798533	 Acc:0.3125000	 lr:0.0004261	 Mean_Total:0.4204874
2021-11-27 11:14:59,925 -  1263 /  2109 (059%):	 Total:0.8180168	 Acc:0.1875000	 lr:0.0004241	 Mean_Total:0.4529950
2021-11-27 11:15:30,935 -  1684 /  2109 (079%):	 Total:0.7423250	 Acc:0.2187500	 lr:0.0004220	 Mean_Total:0.4981211
2021-11-27 11:16:01,561 -  2105 /  2109 (099%):	 Total:0.4079179	 Acc:0.3750000	 lr:0.0004200	 Mean_Total:0.5385067
2021-11-27 11:16:02,095 - ===============================| start validation |===============================
2021-11-27 11:16:12,670 - 	 Total:0.5144461	 Acc:0.2879274
2021-11-27 11:16:12,675 -    ini file updated    
2021-11-27 11:16:12,693 - Snapshot saved to /data/users/wergillius/UTR_VAE/pth/RL_gru_MTL/1_layer_model/human_k5-model_best_cv5.pth

2021-11-27 11:16:12,694 -    ini file updated    
2021-11-27 11:16:12,694 - ===============================|    epoch 21   |===============================
2021-11-27 11:16:13,715 -     0 /  2109 (000%):	 Total:0.1257779	 Acc:0.4062500	 lr:0.0004200	 Mean_Total:0.1257779
2021-11-27 11:16:45,432 -   421 /  2109 (019%):	 Total:0.3644548	 Acc:0.2812500	 lr:0.0004180	 Mean_Total:0.3875557
2021-11-27 11:17:18,182 -   842 /  2109 (039%):	 Total:0.2313424	 Acc:0.3750000	 lr:0.0004161	 Mean_Total:0.4260359
2021-11-27 11:17:49,797 -  1263 /  2109 (059%):	 Total:0.6610078	 Acc:0.1562500	 lr:0.0004141	 Mean_Total:0.4556232
2021-11-27 11:18:21,396 -  1684 /  2109 (079%):	 Total:0.8501505	 Acc:0.1250000	 lr:0.0004122	 Mean_Total:0.4977582
2021-11-27 11:18:54,239 -  2105 /  2109 (099%):	 Total:0.5888501	 Acc:0.1250000	 lr:0.0004104	 Mean_Total:0.5348091
2021-11-27 11:18:54,598 - ===============================| start validation |===============================
2021-11-27 11:19:05,317 - 	 Total:0.4981721	 Acc:0.2875267
2021-11-27 11:19:05,321 -    ini file updated    
2021-11-27 11:19:05,333 - Snapshot saved to /data/users/wergillius/UTR_VAE/pth/RL_gru_MTL/1_layer_model/human_k5-model_best_cv5.pth

2021-11-27 11:19:05,338 -    ini file updated    
2021-11-27 11:19:05,338 - ===============================|    epoch 22   |===============================
2021-11-27 11:19:06,120 -     0 /  2109 (000%):	 Total:0.1538138	 Acc:0.4687500	 lr:0.0004103	 Mean_Total:0.1538138
2021-11-27 11:19:38,006 -   421 /  2109 (019%):	 Total:0.3040102	 Acc:0.4375000	 lr:0.0004085	 Mean_Total:0.3763634
2021-11-27 11:20:11,135 -   842 /  2109 (039%):	 Total:0.2005183	 Acc:0.3437500	 lr:0.0004067	 Mean_Total:0.4006311
2021-11-27 11:20:43,980 -  1263 /  2109 (059%):	 Total:0.9738590	 Acc:0.1875000	 lr:0.0004049	 Mean_Total:0.4322087
2021-11-27 11:21:15,751 -  1684 /  2109 (079%):	 Total:0.8801913	 Acc:0.1250000	 lr:0.0004031	 Mean_Total:0.4788768
2021-11-27 11:21:49,223 -  2105 /  2109 (099%):	 Total:1.2314028	 Acc:0.2500000	 lr:0.0004013	 Mean_Total:0.5183032
2021-11-27 11:21:49,695 - ===============================| start validation |===============================
2021-11-27 11:21:59,588 - 	 Total:0.4891913	 Acc:0.2907318
2021-11-27 11:21:59,593 -    ini file updated    
2021-11-27 11:21:59,600 - Snapshot saved to /data/users/wergillius/UTR_VAE/pth/RL_gru_MTL/1_layer_model/human_k5-model_best_cv5.pth

2021-11-27 11:21:59,601 -    ini file updated    
2021-11-27 11:21:59,601 - ===============================|    epoch 23   |===============================
2021-11-27 11:22:00,587 -     0 /  2109 (000%):	 Total:0.2059202	 Acc:0.3437500	 lr:0.0004013	 Mean_Total:0.2059202
2021-11-27 11:22:33,114 -   421 /  2109 (019%):	 Total:1.3951674	 Acc:0.2812500	 lr:0.0003996	 Mean_Total:0.3856570
2021-11-27 11:23:05,743 -   842 /  2109 (039%):	 Total:0.3807044	 Acc:0.2187500	 lr:0.0003979	 Mean_Total:0.3992070
2021-11-27 11:23:38,805 -  1263 /  2109 (059%):	 Total:0.4704033	 Acc:0.1562500	 lr:0.0003962	 Mean_Total:0.4275378
2021-11-27 11:24:08,105 -  1684 /  2109 (079%):	 Total:0.5831379	 Acc:0.1562500	 lr:0.0003945	 Mean_Total:0.4738657
2021-11-27 11:24:38,953 -  2105 /  2109 (099%):	 Total:0.6896049	 Acc:0.1562500	 lr:0.0003929	 Mean_Total:0.5171524
2021-11-27 11:24:39,433 - ===============================| start validation |===============================
2021-11-27 11:24:49,709 - 	 Total:0.4946096	 Acc:0.2901976
2021-11-27 11:24:49,716 -    ini file updated    
2021-11-27 11:24:49,716 - ===============================|    epoch 24   |===============================
2021-11-27 11:24:50,643 -     0 /  2109 (000%):	 Total:0.3844529	 Acc:0.3750000	 lr:0.0003929	 Mean_Total:0.3844529
2021-11-27 11:25:22,748 -   421 /  2109 (019%):	 Total:0.3174658	 Acc:0.2812500	 lr:0.0003912	 Mean_Total:0.3651728
2021-11-27 11:25:54,675 -   842 /  2109 (039%):	 Total:0.3314475	 Acc:0.2812500	 lr:0.0003896	 Mean_Total:0.3864570
2021-11-27 11:26:26,428 -  1263 /  2109 (059%):	 Total:1.2888145	 Acc:0.2500000	 lr:0.0003881	 Mean_Total:0.4178052
2021-11-27 11:26:57,570 -  1684 /  2109 (079%):	 Total:0.5352671	 Acc:0.3125000	 lr:0.0003865	 Mean_Total:0.4679276
2021-11-27 11:27:28,921 -  2105 /  2109 (099%):	 Total:0.5723047	 Acc:0.3437500	 lr:0.0003849	 Mean_Total:0.5059998
2021-11-27 11:27:29,475 - ===============================| start validation |===============================
2021-11-27 11:27:40,871 - 	 Total:0.4882517	 Acc:0.2897970
2021-11-27 11:27:40,875 -    ini file updated    
2021-11-27 11:27:40,887 - Snapshot saved to /data/users/wergillius/UTR_VAE/pth/RL_gru_MTL/1_layer_model/human_k5-model_best_cv5.pth

2021-11-27 11:27:40,888 -    ini file updated    
2021-11-27 11:27:40,889 - ===============================|    epoch 25   |===============================
2021-11-27 11:27:41,631 -     0 /  2109 (000%):	 Total:0.3655295	 Acc:0.3125000	 lr:0.0003849	 Mean_Total:0.3655295
2021-11-27 11:28:14,747 -   421 /  2109 (019%):	 Total:0.6107331	 Acc:0.3437500	 lr:0.0003834	 Mean_Total:0.3606249
2021-11-27 11:28:46,778 -   842 /  2109 (039%):	 Total:0.1942113	 Acc:0.1875000	 lr:0.0003819	 Mean_Total:0.3810111
2021-11-27 11:29:18,612 -  1263 /  2109 (059%):	 Total:1.1989262	 Acc:0.0937500	 lr:0.0003804	 Mean_Total:0.4124182
2021-11-27 11:29:49,124 -  1684 /  2109 (079%):	 Total:0.5977498	 Acc:0.1562500	 lr:0.0003789	 Mean_Total:0.4615162
2021-11-27 11:30:21,853 -  2105 /  2109 (099%):	 Total:0.6425943	 Acc:0.2500000	 lr:0.0003775	 Mean_Total:0.4989431
2021-11-27 11:30:22,251 - ===============================| start validation |===============================
2021-11-27 11:30:33,156 - 	 Total:0.4841115	 Acc:0.2964744
2021-11-27 11:30:33,173 -    ini file updated    
2021-11-27 11:30:33,180 - Snapshot saved to /data/users/wergillius/UTR_VAE/pth/RL_gru_MTL/1_layer_model/human_k5-model_best_cv5.pth

2021-11-27 11:30:33,185 -    ini file updated    
2021-11-27 11:30:33,185 - ===============================|    epoch 26   |===============================
2021-11-27 11:30:34,048 -     0 /  2109 (000%):	 Total:0.3485092	 Acc:0.5000000	 lr:0.0003775	 Mean_Total:0.3485092
2021-11-27 11:31:05,635 -   421 /  2109 (019%):	 Total:0.2089423	 Acc:0.4062500	 lr:0.0003760	 Mean_Total:0.3509265
2021-11-27 11:31:35,582 -   842 /  2109 (039%):	 Total:1.0751100	 Acc:0.2500000	 lr:0.0003746	 Mean_Total:0.3821164
2021-11-27 11:32:06,038 -  1263 /  2109 (059%):	 Total:0.6324921	 Acc:0.2812500	 lr:0.0003732	 Mean_Total:0.4095164
2021-11-27 11:32:36,971 -  1684 /  2109 (079%):	 Total:0.6478561	 Acc:0.1562500	 lr:0.0003718	 Mean_Total:0.4551098
2021-11-27 11:33:10,041 -  2105 /  2109 (099%):	 Total:0.5691825	 Acc:0.1875000	 lr:0.0003704	 Mean_Total:0.4947458
2021-11-27 11:33:10,471 - ===============================| start validation |===============================
2021-11-27 11:33:20,754 - 	 Total:0.4686125	 Acc:0.2887286
2021-11-27 11:33:20,758 -    ini file updated    
2021-11-27 11:33:20,764 - Snapshot saved to /data/users/wergillius/UTR_VAE/pth/RL_gru_MTL/1_layer_model/human_k5-model_best_cv5.pth

2021-11-27 11:33:20,765 -    ini file updated    
2021-11-27 11:33:20,765 - ===============================|    epoch 27   |===============================
2021-11-27 11:33:21,473 -     0 /  2109 (000%):	 Total:0.2569815	 Acc:0.4062500	 lr:0.0003704	 Mean_Total:0.2569815
2021-11-27 11:33:55,474 -   421 /  2109 (019%):	 Total:0.4397712	 Acc:0.2500000	 lr:0.0003690	 Mean_Total:0.3505281
2021-11-27 11:34:28,299 -   842 /  2109 (039%):	 Total:0.3797489	 Acc:0.2187500	 lr:0.0003677	 Mean_Total:0.3731045
2021-11-27 11:34:59,946 -  1263 /  2109 (059%):	 Total:0.5468666	 Acc:0.2812500	 lr:0.0003664	 Mean_Total:0.4088271
2021-11-27 11:35:30,562 -  1684 /  2109 (079%):	 Total:0.4533362	 Acc:0.2812500	 lr:0.0003650	 Mean_Total:0.4559015
2021-11-27 11:35:59,646 -  2105 /  2109 (099%):	 Total:0.4236758	 Acc:0.2812500	 lr:0.0003637	 Mean_Total:0.4938699
2021-11-27 11:35:59,976 - ===============================| start validation |===============================
2021-11-27 11:36:09,823 - 	 Total:0.4671112	 Acc:0.2927350
2021-11-27 11:36:09,827 -    ini file updated    
2021-11-27 11:36:09,838 - Snapshot saved to /data/users/wergillius/UTR_VAE/pth/RL_gru_MTL/1_layer_model/human_k5-model_best_cv5.pth

2021-11-27 11:36:09,843 -    ini file updated    
2021-11-27 11:36:09,843 - ===============================|    epoch 28   |===============================
2021-11-27 11:36:10,607 -     0 /  2109 (000%):	 Total:0.0817965	 Acc:0.5312500	 lr:0.0003637	 Mean_Total:0.0817965
2021-11-27 11:36:43,123 -   421 /  2109 (019%):	 Total:0.6881524	 Acc:0.1250000	 lr:0.0003624	 Mean_Total:0.3446127
2021-11-27 11:37:13,879 -   842 /  2109 (039%):	 Total:0.9026476	 Acc:0.2500000	 lr:0.0003612	 Mean_Total:0.3741133
2021-11-27 11:37:45,508 -  1263 /  2109 (059%):	 Total:0.2922679	 Acc:0.2187500	 lr:0.0003599	 Mean_Total:0.4023969
2021-11-27 11:38:16,986 -  1684 /  2109 (079%):	 Total:0.5269655	 Acc:0.1562500	 lr:0.0003586	 Mean_Total:0.4455944
2021-11-27 11:38:46,999 -  2105 /  2109 (099%):	 Total:0.3451513	 Acc:0.3437500	 lr:0.0003574	 Mean_Total:0.4851466
2021-11-27 11:38:47,312 - ===============================| start validation |===============================
2021-11-27 11:38:57,592 - 	 Total:0.4634040	 Acc:0.2918002
2021-11-27 11:38:57,596 -    ini file updated    
2021-11-27 11:38:57,603 - Snapshot saved to /data/users/wergillius/UTR_VAE/pth/RL_gru_MTL/1_layer_model/human_k5-model_best_cv5.pth

2021-11-27 11:38:57,603 -    ini file updated    
2021-11-27 11:38:57,604 - ===============================|    epoch 29   |===============================
2021-11-27 11:38:58,406 -     0 /  2109 (000%):	 Total:0.2622239	 Acc:0.3125000	 lr:0.0003574	 Mean_Total:0.2622239
2021-11-27 11:39:30,530 -   421 /  2109 (019%):	 Total:0.2760257	 Acc:0.3750000	 lr:0.0003562	 Mean_Total:0.3477488
2021-11-27 11:40:02,587 -   842 /  2109 (039%):	 Total:0.3129393	 Acc:0.3437500	 lr:0.0003550	 Mean_Total:0.3692158
2021-11-27 11:40:35,012 -  1263 /  2109 (059%):	 Total:0.3075784	 Acc:0.3750000	 lr:0.0003538	 Mean_Total:0.3972294
2021-11-27 11:41:04,002 -  1684 /  2109 (079%):	 Total:0.4814978	 Acc:0.1562500	 lr:0.0003526	 Mean_Total:0.4448264
2021-11-27 11:41:39,210 -  2105 /  2109 (099%):	 Total:0.3760991	 Acc:0.3750000	 lr:0.0003514	 Mean_Total:0.4840065
2021-11-27 11:41:39,663 - ===============================| start validation |===============================
2021-11-27 11:41:50,144 - 	 Total:0.4617830	 Acc:0.2932692
2021-11-27 11:41:50,156 -    ini file updated    
2021-11-27 11:41:50,163 - Snapshot saved to /data/users/wergillius/UTR_VAE/pth/RL_gru_MTL/1_layer_model/human_k5-model_best_cv5.pth

2021-11-27 11:41:50,164 -    ini file updated    
2021-11-27 11:41:50,164 - ===============================|    epoch 30   |===============================
2021-11-27 11:41:50,890 -     0 /  2109 (000%):	 Total:0.2172212	 Acc:0.4375000	 lr:0.0003514	 Mean_Total:0.2172212
2021-11-27 11:42:23,806 -   421 /  2109 (019%):	 Total:0.5780634	 Acc:0.2500000	 lr:0.0003502	 Mean_Total:0.3466290
2021-11-27 11:42:56,031 -   842 /  2109 (039%):	 Total:0.1342987	 Acc:0.3125000	 lr:0.0003491	 Mean_Total:0.3608112
2021-11-27 11:43:28,660 -  1263 /  2109 (059%):	 Total:0.3925004	 Acc:0.1875000	 lr:0.0003479	 Mean_Total:0.3941341
2021-11-27 11:43:59,030 -  1684 /  2109 (079%):	 Total:1.5658400	 Acc:0.2500000	 lr:0.0003468	 Mean_Total:0.4403136
2021-11-27 11:44:28,405 -  2105 /  2109 (099%):	 Total:0.4536867	 Acc:0.2500000	 lr:0.0003457	 Mean_Total:0.4795719
2021-11-27 11:44:28,862 - ===============================| start validation |===============================
2021-11-27 11:44:39,040 - 	 Total:0.4671467	 Acc:0.2984776
2021-11-27 11:44:39,044 -    ini file updated    
2021-11-27 11:44:39,056 - Snapshot saved to /data/users/wergillius/UTR_VAE/pth/RL_gru_MTL/1_layer_model/human_k5-model_best_cv5.pth

2021-11-27 11:44:39,056 -    ini file updated    
2021-11-27 11:44:39,056 - ===============================|    epoch 31   |===============================
2021-11-27 11:44:40,102 -     0 /  2109 (000%):	 Total:0.2002636	 Acc:0.5625000	 lr:0.0003457	 Mean_Total:0.2002636
2021-11-27 11:45:09,504 -   421 /  2109 (019%):	 Total:0.2766955	 Acc:0.5000000	 lr:0.0003446	 Mean_Total:0.3369134
2021-11-27 11:45:40,032 -   842 /  2109 (039%):	 Total:0.4394217	 Acc:0.2812500	 lr:0.0003435	 Mean_Total:0.3616211
2021-11-27 11:46:11,128 -  1263 /  2109 (059%):	 Total:0.5494464	 Acc:0.3437500	 lr:0.0003424	 Mean_Total:0.3959579
2021-11-27 11:46:41,529 -  1684 /  2109 (079%):	 Total:0.7833689	 Acc:0.1562500	 lr:0.0003413	 Mean_Total:0.4651840
2021-11-27 11:47:12,924 -  2105 /  2109 (099%):	 Total:0.3975776	 Acc:0.3125000	 lr:0.0003402	 Mean_Total:0.4997635
2021-11-27 11:47:13,425 - ===============================| start validation |===============================
2021-11-27 11:47:23,256 - 	 Total:0.4613226	 Acc:0.2915331
2021-11-27 11:47:23,260 -    ini file updated    
2021-11-27 11:47:23,267 - Snapshot saved to /data/users/wergillius/UTR_VAE/pth/RL_gru_MTL/1_layer_model/human_k5-model_best_cv5.pth

2021-11-27 11:47:23,268 -    ini file updated    
2021-11-27 11:47:23,268 - ===============================|    epoch 32   |===============================
2021-11-27 11:47:24,047 -     0 /  2109 (000%):	 Total:0.2547141	 Acc:0.2812500	 lr:0.0003402	 Mean_Total:0.2547141
2021-11-27 11:47:56,413 -   421 /  2109 (019%):	 Total:0.6005955	 Acc:0.4687500	 lr:0.0003392	 Mean_Total:0.3298042
2021-11-27 11:48:27,156 -   842 /  2109 (039%):	 Total:0.4932527	 Acc:0.3750000	 lr:0.0003381	 Mean_Total:0.3560757
2021-11-27 11:48:58,559 -  1263 /  2109 (059%):	 Total:0.6841562	 Acc:0.2812500	 lr:0.0003371	 Mean_Total:0.3872983
2021-11-27 11:49:28,382 -  1684 /  2109 (079%):	 Total:1.3173494	 Acc:0.1562500	 lr:0.0003361	 Mean_Total:0.4354628
2021-11-27 11:49:57,653 -  2105 /  2109 (099%):	 Total:0.4485778	 Acc:0.3750000	 lr:0.0003350	 Mean_Total:0.4759492
2021-11-27 11:49:57,995 - ===============================| start validation |===============================
2021-11-27 11:50:07,476 - 	 Total:0.4553744	 Acc:0.2998130
2021-11-27 11:50:07,481 -    ini file updated    
2021-11-27 11:50:07,490 - Snapshot saved to /data/users/wergillius/UTR_VAE/pth/RL_gru_MTL/1_layer_model/human_k5-model_best_cv5.pth

2021-11-27 11:50:07,490 -    ini file updated    
2021-11-27 11:50:07,491 - ===============================|    epoch 33   |===============================
2021-11-27 11:50:08,360 -     0 /  2109 (000%):	 Total:0.1071040	 Acc:0.5000000	 lr:0.0003350	 Mean_Total:0.1071040
2021-11-27 11:50:40,749 -   421 /  2109 (019%):	 Total:0.2293169	 Acc:0.3437500	 lr:0.0003340	 Mean_Total:0.3312616
2021-11-27 11:51:11,617 -   842 /  2109 (039%):	 Total:0.2091206	 Acc:0.2187500	 lr:0.0003330	 Mean_Total:0.3551826
2021-11-27 11:51:42,376 -  1263 /  2109 (059%):	 Total:0.2866634	 Acc:0.2187500	 lr:0.0003320	 Mean_Total:0.3856918
2021-11-27 11:52:14,070 -  1684 /  2109 (079%):	 Total:0.4242713	 Acc:0.2187500	 lr:0.0003311	 Mean_Total:0.4332295
2021-11-27 11:52:44,032 -  2105 /  2109 (099%):	 Total:0.4128154	 Acc:0.3125000	 lr:0.0003301	 Mean_Total:0.4717113
2021-11-27 11:52:44,501 - ===============================| start validation |===============================
2021-11-27 11:52:54,490 - 	 Total:0.4659301	 Acc:0.3000801
2021-11-27 11:52:54,495 -    ini file updated    
2021-11-27 11:52:54,513 - Snapshot saved to /data/users/wergillius/UTR_VAE/pth/RL_gru_MTL/1_layer_model/human_k5-model_best_cv5.pth

2021-11-27 11:52:54,514 -    ini file updated    
2021-11-27 11:52:54,514 - ===============================|    epoch 34   |===============================
2021-11-27 11:52:55,377 -     0 /  2109 (000%):	 Total:0.2300414	 Acc:0.2500000	 lr:0.0003301	 Mean_Total:0.2300414
2021-11-27 11:53:28,679 -   421 /  2109 (019%):	 Total:0.2727120	 Acc:0.3125000	 lr:0.0003291	 Mean_Total:0.3320297
2021-11-27 11:54:00,253 -   842 /  2109 (039%):	 Total:0.5105607	 Acc:0.2500000	 lr:0.0003282	 Mean_Total:0.3541670
2021-11-27 11:54:32,937 -  1263 /  2109 (059%):	 Total:0.4679202	 Acc:0.3750000	 lr:0.0003272	 Mean_Total:0.3842381
2021-11-27 11:55:03,215 -  1684 /  2109 (079%):	 Total:0.6926528	 Acc:0.1875000	 lr:0.0003263	 Mean_Total:0.4308050
2021-11-27 11:55:38,505 -  2105 /  2109 (099%):	 Total:0.3178936	 Acc:0.3437500	 lr:0.0003253	 Mean_Total:0.4680646
2021-11-27 11:55:38,998 - ===============================| start validation |===============================
2021-11-27 11:55:49,256 - 	 Total:0.4553449	 Acc:0.2962073
2021-11-27 11:55:49,262 -    ini file updated    
2021-11-27 11:55:49,271 - Snapshot saved to /data/users/wergillius/UTR_VAE/pth/RL_gru_MTL/1_layer_model/human_k5-model_best_cv5.pth

2021-11-27 11:55:49,272 -    ini file updated    
2021-11-27 11:55:49,273 - ===============================|    epoch 35   |===============================
2021-11-27 11:55:50,166 -     0 /  2109 (000%):	 Total:0.3508689	 Acc:0.4375000	 lr:0.0003253	 Mean_Total:0.3508689
2021-11-27 11:56:23,735 -   421 /  2109 (019%):	 Total:0.2908918	 Acc:0.2500000	 lr:0.0003244	 Mean_Total:0.3262052
2021-11-27 11:56:57,756 -   842 /  2109 (039%):	 Total:0.5788474	 Acc:0.4375000	 lr:0.0003235	 Mean_Total:0.3561714
2021-11-27 11:57:30,344 -  1263 /  2109 (059%):	 Total:1.2230535	 Acc:0.3125000	 lr:0.0003226	 Mean_Total:0.3851252
2021-11-27 11:58:02,457 -  1684 /  2109 (079%):	 Total:0.6304222	 Acc:0.2812500	 lr:0.0003217	 Mean_Total:0.4346277
2021-11-27 11:58:33,084 -  2105 /  2109 (099%):	 Total:0.3579230	 Acc:0.3437500	 lr:0.0003208	 Mean_Total:0.4725939
2021-11-27 11:58:33,534 - ===============================| start validation |===============================
2021-11-27 11:58:43,641 - 	 Total:0.4555895	 Acc:0.2972756
2021-11-27 11:58:43,658 -    ini file updated    
2021-11-27 11:58:43,659 - ===============================|    epoch 36   |===============================
2021-11-27 11:58:44,377 -     0 /  2109 (000%):	 Total:0.1096595	 Acc:0.4687500	 lr:0.0003208	 Mean_Total:0.1096595
2021-11-27 11:59:16,319 -   421 /  2109 (019%):	 Total:0.1854262	 Acc:0.3750000	 lr:0.0003199	 Mean_Total:0.3261504
2021-11-27 11:59:49,828 -   842 /  2109 (039%):	 Total:0.4655344	 Acc:0.3437500	 lr:0.0003190	 Mean_Total:0.3469986
2021-11-27 12:00:22,499 -  1263 /  2109 (059%):	 Total:0.5982955	 Acc:0.1250000	 lr:0.0003181	 Mean_Total:0.3768167
2021-11-27 12:00:55,062 -  1684 /  2109 (079%):	 Total:0.5026670	 Acc:0.1562500	 lr:0.0003173	 Mean_Total:0.4259711
2021-11-27 12:01:24,759 -  2105 /  2109 (099%):	 Total:0.3646288	 Acc:0.2187500	 lr:0.0003164	 Mean_Total:0.4645877
2021-11-27 12:01:25,304 - ===============================| start validation |===============================
2021-11-27 12:01:35,505 - 	 Total:0.4520126	 Acc:0.2983440
2021-11-27 12:01:35,509 -    ini file updated    
2021-11-27 12:01:35,517 - Snapshot saved to /data/users/wergillius/UTR_VAE/pth/RL_gru_MTL/1_layer_model/human_k5-model_best_cv5.pth

2021-11-27 12:01:35,517 -    ini file updated    
2021-11-27 12:01:35,518 - ===============================|    epoch 37   |===============================
2021-11-27 12:01:36,428 -     0 /  2109 (000%):	 Total:0.2664033	 Acc:0.4375000	 lr:0.0003164	 Mean_Total:0.2664033
2021-11-27 12:02:11,001 -   421 /  2109 (019%):	 Total:0.2500983	 Acc:0.3750000	 lr:0.0003156	 Mean_Total:0.3246727
2021-11-27 12:02:43,685 -   842 /  2109 (039%):	 Total:0.2356898	 Acc:0.2500000	 lr:0.0003147	 Mean_Total:0.3431552
2021-11-27 12:03:14,217 -  1263 /  2109 (059%):	 Total:0.3577451	 Acc:0.3437500	 lr:0.0003139	 Mean_Total:0.3774007
2021-11-27 12:03:44,540 -  1684 /  2109 (079%):	 Total:0.6265982	 Acc:0.1250000	 lr:0.0003131	 Mean_Total:0.4242501
2021-11-27 12:04:14,736 -  2105 /  2109 (099%):	 Total:0.3480868	 Acc:0.3437500	 lr:0.0003122	 Mean_Total:0.4624731
2021-11-27 12:04:15,108 - ===============================| start validation |===============================
2021-11-27 12:04:25,112 - 	 Total:0.4520014	 Acc:0.2958066
2021-11-27 12:04:25,125 -    ini file updated    
2021-11-27 12:04:25,131 - Snapshot saved to /data/users/wergillius/UTR_VAE/pth/RL_gru_MTL/1_layer_model/human_k5-model_best_cv5.pth

2021-11-27 12:04:25,132 -    ini file updated    
2021-11-27 12:04:25,132 - ===============================|    epoch 38   |===============================
2021-11-27 12:04:25,851 -     0 /  2109 (000%):	 Total:0.2184041	 Acc:0.2812500	 lr:0.0003122	 Mean_Total:0.2184041
2021-11-27 12:04:59,021 -   421 /  2109 (019%):	 Total:0.2414009	 Acc:0.4375000	 lr:0.0003114	 Mean_Total:0.3232916
2021-11-27 12:05:29,752 -   842 /  2109 (039%):	 Total:0.1542094	 Acc:0.2812500	 lr:0.0003106	 Mean_Total:0.3444651
2021-11-27 12:06:02,386 -  1263 /  2109 (059%):	 Total:0.3659489	 Acc:0.3125000	 lr:0.0003098	 Mean_Total:0.3739968
2021-11-27 12:06:34,728 -  1684 /  2109 (079%):	 Total:0.4694184	 Acc:0.2500000	 lr:0.0003090	 Mean_Total:0.4207914
2021-11-27 12:07:06,543 -  2105 /  2109 (099%):	 Total:0.4519283	 Acc:0.3125000	 lr:0.0003082	 Mean_Total:0.4595839
2021-11-27 12:07:07,071 - ===============================| start validation |===============================
2021-11-27 12:07:17,951 - 	 Total:0.4432733	 Acc:0.2959402
2021-11-27 12:07:17,956 -    ini file updated    
2021-11-27 12:07:17,967 - Snapshot saved to /data/users/wergillius/UTR_VAE/pth/RL_gru_MTL/1_layer_model/human_k5-model_best_cv5.pth

2021-11-27 12:07:17,967 -    ini file updated    
2021-11-27 12:07:17,968 - ===============================|    epoch 39   |===============================
2021-11-27 12:07:18,752 -     0 /  2109 (000%):	 Total:0.3436273	 Acc:0.3125000	 lr:0.0003082	 Mean_Total:0.3436273
2021-11-27 12:07:51,503 -   421 /  2109 (019%):	 Total:0.3004628	 Acc:0.2500000	 lr:0.0003074	 Mean_Total:0.3210474
2021-11-27 12:08:26,259 -   842 /  2109 (039%):	 Total:0.2642088	 Acc:0.4687500	 lr:0.0003066	 Mean_Total:0.3446570
2021-11-27 12:08:59,049 -  1263 /  2109 (059%):	 Total:0.8811942	 Acc:0.2812500	 lr:0.0003059	 Mean_Total:0.3774172
2021-11-27 12:09:32,796 -  1684 /  2109 (079%):	 Total:0.9446502	 Acc:0.2500000	 lr:0.0003051	 Mean_Total:0.4225793
2021-11-27 12:10:03,649 -  2105 /  2109 (099%):	 Total:0.2399888	 Acc:0.2500000	 lr:0.0003043	 Mean_Total:0.4602954
2021-11-27 12:10:04,066 - ===============================| start validation |===============================
2021-11-27 12:10:14,126 - 	 Total:0.4452653	 Acc:0.2967415
2021-11-27 12:10:14,139 -    ini file updated    
2021-11-27 12:10:14,139 - ===============================|    epoch 40   |===============================
2021-11-27 12:10:14,936 -     0 /  2109 (000%):	 Total:0.1697021	 Acc:0.2812500	 lr:0.0003043	 Mean_Total:0.1697021
2021-11-27 12:10:48,526 -   421 /  2109 (019%):	 Total:0.2485307	 Acc:0.3437500	 lr:0.0003036	 Mean_Total:0.3198115
2021-11-27 12:11:21,521 -   842 /  2109 (039%):	 Total:0.3262385	 Acc:0.3750000	 lr:0.0003028	 Mean_Total:0.3447337
2021-11-27 12:11:56,440 -  1263 /  2109 (059%):	 Total:0.4256181	 Acc:0.2187500	 lr:0.0003021	 Mean_Total:0.3737986
2021-11-27 12:12:29,182 -  1684 /  2109 (079%):	 Total:1.6168931	 Acc:0.1250000	 lr:0.0003013	 Mean_Total:0.4187422
2021-11-27 12:13:00,930 -  2105 /  2109 (099%):	 Total:0.3716896	 Acc:0.3125000	 lr:0.0003006	 Mean_Total:0.4607657
2021-11-27 12:13:01,407 - ===============================| start validation |===============================
2021-11-27 12:13:11,875 - 	 Total:0.4465162	 Acc:0.2998130
2021-11-27 12:13:11,880 -    ini file updated    
2021-11-27 12:13:11,881 - ===============================|    epoch 41   |===============================
2021-11-27 12:13:12,541 -     0 /  2109 (000%):	 Total:0.2109933	 Acc:0.5000000	 lr:0.0003006	 Mean_Total:0.2109933
2021-11-27 12:13:46,869 -   421 /  2109 (019%):	 Total:0.1627615	 Acc:0.4687500	 lr:0.0002999	 Mean_Total:0.3209455
2021-11-27 12:14:19,937 -   842 /  2109 (039%):	 Total:0.7493222	 Acc:0.2812500	 lr:0.0002991	 Mean_Total:0.3455839
2021-11-27 12:14:51,580 -  1263 /  2109 (059%):	 Total:0.3161584	 Acc:0.3750000	 lr:0.0002984	 Mean_Total:0.3747164
2021-11-27 12:15:23,348 -  1684 /  2109 (079%):	 Total:0.4159944	 Acc:0.2187500	 lr:0.0002977	 Mean_Total:0.4203964
2021-11-27 12:15:54,060 -  2105 /  2109 (099%):	 Total:0.3793288	 Acc:0.3437500	 lr:0.0002970	 Mean_Total:0.4581719
2021-11-27 12:15:54,562 - ===============================| start validation |===============================
2021-11-27 12:16:05,231 - 	 Total:0.4444912	 Acc:0.3000801
2021-11-27 12:16:05,236 -    ini file updated    
2021-11-27 12:16:05,236 - ===============================|    epoch 42   |===============================
2021-11-27 12:16:06,000 -     0 /  2109 (000%):	 Total:0.1821396	 Acc:0.2812500	 lr:0.0002970	 Mean_Total:0.1821396
2021-11-27 12:16:38,472 -   421 /  2109 (019%):	 Total:0.1869321	 Acc:0.3125000	 lr:0.0002963	 Mean_Total:0.3171139
2021-11-27 12:17:08,720 -   842 /  2109 (039%):	 Total:0.4562735	 Acc:0.3750000	 lr:0.0002956	 Mean_Total:0.3397512
2021-11-27 12:17:38,618 -  1263 /  2109 (059%):	 Total:0.2800341	 Acc:0.3125000	 lr:0.0002949	 Mean_Total:0.3722205
2021-11-27 12:18:10,795 -  1684 /  2109 (079%):	 Total:0.4380022	 Acc:0.3125000	 lr:0.0002942	 Mean_Total:0.4166550
2021-11-27 12:18:42,684 -  2105 /  2109 (099%):	 Total:0.3338678	 Acc:0.2500000	 lr:0.0002935	 Mean_Total:0.4564292
2021-11-27 12:18:43,155 - ===============================| start validation |===============================
2021-11-27 12:18:53,125 - 	 Total:0.4459338	 Acc:0.3003472
2021-11-27 12:18:53,130 -    ini file updated    
2021-11-27 12:18:53,137 - Snapshot saved to /data/users/wergillius/UTR_VAE/pth/RL_gru_MTL/1_layer_model/human_k5-model_best_cv5.pth

2021-11-27 12:18:53,138 -    ini file updated    
2021-11-27 12:18:53,138 - ===============================|    epoch 43   |===============================
2021-11-27 12:18:54,113 -     0 /  2109 (000%):	 Total:0.1034185	 Acc:0.5937500	 lr:0.0002935	 Mean_Total:0.1034185
2021-11-27 12:19:25,086 -   421 /  2109 (019%):	 Total:0.7625594	 Acc:0.1875000	 lr:0.0002928	 Mean_Total:0.3210513
2021-11-27 12:19:55,449 -   842 /  2109 (039%):	 Total:0.5509877	 Acc:0.3125000	 lr:0.0002922	 Mean_Total:0.3401508
2021-11-27 12:20:26,874 -  1263 /  2109 (059%):	 Total:0.6125737	 Acc:0.1875000	 lr:0.0002915	 Mean_Total:0.3688435
2021-11-27 12:20:58,529 -  1684 /  2109 (079%):	 Total:0.5395164	 Acc:0.3125000	 lr:0.0002908	 Mean_Total:0.4168295
2021-11-27 12:21:30,137 -  2105 /  2109 (099%):	 Total:0.3208256	 Acc:0.2500000	 lr:0.0002902	 Mean_Total:0.4554533
2021-11-27 12:21:30,542 - ===============================| start validation |===============================
2021-11-27 12:21:41,201 - 	 Total:0.4442499	 Acc:0.2984776
2021-11-27 12:21:41,207 -    ini file updated    
2021-11-27 12:21:41,207 - ===============================|    epoch 44   |===============================
2021-11-27 12:21:41,977 -     0 /  2109 (000%):	 Total:0.1590174	 Acc:0.5000000	 lr:0.0002902	 Mean_Total:0.1590174
2021-11-27 12:22:15,361 -   421 /  2109 (019%):	 Total:0.3047575	 Acc:0.3437500	 lr:0.0002895	 Mean_Total:0.3138634
2021-11-27 12:22:48,234 -   842 /  2109 (039%):	 Total:0.1616202	 Acc:0.2812500	 lr:0.0002888	 Mean_Total:0.3369479
2021-11-27 12:23:21,818 -  1263 /  2109 (059%):	 Total:0.4320723	 Acc:0.1875000	 lr:0.0002882	 Mean_Total:0.3670987
2021-11-27 12:23:53,444 -  1684 /  2109 (079%):	 Total:1.5370460	 Acc:0.0625000	 lr:0.0002876	 Mean_Total:0.4160850
2021-11-27 12:24:23,150 -  2105 /  2109 (099%):	 Total:0.6495243	 Acc:0.2187500	 lr:0.0002869	 Mean_Total:0.4545859
2021-11-27 12:24:23,597 - ===============================| start validation |===============================
2021-11-27 12:24:33,243 - 	 Total:0.4426045	 Acc:0.2968750
2021-11-27 12:24:33,247 -    ini file updated    
2021-11-27 12:24:33,261 - Snapshot saved to /data/users/wergillius/UTR_VAE/pth/RL_gru_MTL/1_layer_model/human_k5-model_best_cv5.pth

2021-11-27 12:24:33,262 -    ini file updated    
2021-11-27 12:24:33,262 - ===============================|    epoch 45   |===============================
2021-11-27 12:24:34,064 -     0 /  2109 (000%):	 Total:0.2593395	 Acc:0.4062500	 lr:0.0002869	 Mean_Total:0.2593395
2021-11-27 12:25:06,462 -   421 /  2109 (019%):	 Total:0.2533112	 Acc:0.1875000	 lr:0.0002863	 Mean_Total:0.3155335
2021-11-27 12:25:39,728 -   842 /  2109 (039%):	 Total:0.3251895	 Acc:0.2187500	 lr:0.0002856	 Mean_Total:0.3373540
2021-11-27 12:26:11,308 -  1263 /  2109 (059%):	 Total:0.5203714	 Acc:0.3750000	 lr:0.0002850	 Mean_Total:0.3692010
2021-11-27 12:26:43,329 -  1684 /  2109 (079%):	 Total:1.0890636	 Acc:0.2812500	 lr:0.0002844	 Mean_Total:0.4145366
2021-11-27 12:27:14,108 -  2105 /  2109 (099%):	 Total:0.5026831	 Acc:0.2187500	 lr:0.0002838	 Mean_Total:0.4522942
2021-11-27 12:27:14,703 - ===============================| start validation |===============================
2021-11-27 12:27:24,566 - 	 Total:0.4383961	 Acc:0.2978098
2021-11-27 12:27:24,570 -    ini file updated    
2021-11-27 12:27:24,580 - Snapshot saved to /data/users/wergillius/UTR_VAE/pth/RL_gru_MTL/1_layer_model/human_k5-model_best_cv5.pth

2021-11-27 12:27:24,581 -    ini file updated    
2021-11-27 12:27:24,581 - ===============================|    epoch 46   |===============================
2021-11-27 12:27:25,488 -     0 /  2109 (000%):	 Total:0.3480284	 Acc:0.2500000	 lr:0.0002838	 Mean_Total:0.3480284
2021-11-27 12:27:57,256 -   421 /  2109 (019%):	 Total:0.1531737	 Acc:0.4375000	 lr:0.0002832	 Mean_Total:0.3131994
2021-11-27 12:28:27,367 -   842 /  2109 (039%):	 Total:0.4570536	 Acc:0.2500000	 lr:0.0002826	 Mean_Total:0.3333422
2021-11-27 12:29:00,188 -  1263 /  2109 (059%):	 Total:1.4679564	 Acc:0.2500000	 lr:0.0002819	 Mean_Total:0.3651062
2021-11-27 12:29:32,978 -  1684 /  2109 (079%):	 Total:0.5299051	 Acc:0.2500000	 lr:0.0002813	 Mean_Total:0.4117234
2021-11-27 12:30:05,353 -  2105 /  2109 (099%):	 Total:0.3240576	 Acc:0.4062500	 lr:0.0002807	 Mean_Total:0.4512010
2021-11-27 12:30:05,849 - ===============================| start validation |===============================
2021-11-27 12:30:15,927 - 	 Total:0.4418474	 Acc:0.3011485
2021-11-27 12:30:15,930 -    ini file updated    
2021-11-27 12:30:15,938 - Snapshot saved to /data/users/wergillius/UTR_VAE/pth/RL_gru_MTL/1_layer_model/human_k5-model_best_cv5.pth

2021-11-27 12:30:15,939 -    ini file updated    
2021-11-27 12:30:15,939 - ===============================|    epoch 47   |===============================
2021-11-27 12:30:16,828 -     0 /  2109 (000%):	 Total:0.2107333	 Acc:0.5312500	 lr:0.0002807	 Mean_Total:0.2107333
2021-11-27 12:30:49,217 -   421 /  2109 (019%):	 Total:0.2846565	 Acc:0.1875000	 lr:0.0002801	 Mean_Total:0.3091122
2021-11-27 12:31:22,881 -   842 /  2109 (039%):	 Total:0.2181242	 Acc:0.3750000	 lr:0.0002796	 Mean_Total:0.3346844
2021-11-27 12:31:56,718 -  1263 /  2109 (059%):	 Total:0.2814848	 Acc:0.2500000	 lr:0.0002790	 Mean_Total:0.3649467
2021-11-27 12:32:28,645 -  1684 /  2109 (079%):	 Total:0.6109092	 Acc:0.1875000	 lr:0.0002784	 Mean_Total:0.4093886
2021-11-27 12:33:00,612 -  2105 /  2109 (099%):	 Total:0.2932450	 Acc:0.3437500	 lr:0.0002778	 Mean_Total:0.4489263
2021-11-27 12:33:01,035 - ===============================| start validation |===============================
2021-11-27 12:33:10,788 - 	 Total:0.4493934	 Acc:0.3023504
2021-11-27 12:33:10,797 -    ini file updated    
2021-11-27 12:33:10,804 - Snapshot saved to /data/users/wergillius/UTR_VAE/pth/RL_gru_MTL/1_layer_model/human_k5-model_best_cv5.pth

2021-11-27 12:33:10,805 -    ini file updated    
2021-11-27 12:33:10,806 - ===============================|    epoch 48   |===============================
2021-11-27 12:33:11,590 -     0 /  2109 (000%):	 Total:0.1465615	 Acc:0.5000000	 lr:0.0002778	 Mean_Total:0.1465615
2021-11-27 12:33:41,433 -   421 /  2109 (019%):	 Total:0.2398623	 Acc:0.4687500	 lr:0.0002772	 Mean_Total:0.3116134
2021-11-27 12:34:11,326 -   842 /  2109 (039%):	 Total:0.2770317	 Acc:0.4062500	 lr:0.0002767	 Mean_Total:0.3332370
2021-11-27 12:34:43,101 -  1263 /  2109 (059%):	 Total:0.5224479	 Acc:0.2187500	 lr:0.0002761	 Mean_Total:0.3630622
2021-11-27 12:35:14,002 -  1684 /  2109 (079%):	 Total:0.5108194	 Acc:0.1250000	 lr:0.0002755	 Mean_Total:0.4097589
2021-11-27 12:35:46,431 -  2105 /  2109 (099%):	 Total:0.5594316	 Acc:0.2187500	 lr:0.0002750	 Mean_Total:0.4484949
2021-11-27 12:35:46,907 - ===============================| start validation |===============================
2021-11-27 12:35:56,565 - 	 Total:0.4379765	 Acc:0.2968750
2021-11-27 12:35:56,569 -    ini file updated    
2021-11-27 12:35:56,575 - Snapshot saved to /data/users/wergillius/UTR_VAE/pth/RL_gru_MTL/1_layer_model/human_k5-model_best_cv5.pth

2021-11-27 12:35:56,576 -    ini file updated    
2021-11-27 12:35:56,576 - ===============================|    epoch 49   |===============================
2021-11-27 12:35:57,480 -     0 /  2109 (000%):	 Total:0.3667891	 Acc:0.3750000	 lr:0.0002750	 Mean_Total:0.3667891
2021-11-27 12:36:29,158 -   421 /  2109 (019%):	 Total:0.3097263	 Acc:0.3437500	 lr:0.0002744	 Mean_Total:0.3126289
2021-11-27 12:37:00,639 -   842 /  2109 (039%):	 Total:0.2019629	 Acc:0.2500000	 lr:0.0002738	 Mean_Total:0.3335413
2021-11-27 12:37:32,465 -  1263 /  2109 (059%):	 Total:0.3682958	 Acc:0.1875000	 lr:0.0002733	 Mean_Total:0.3662228
2021-11-27 12:38:03,580 -  1684 /  2109 (079%):	 Total:0.4117208	 Acc:0.3125000	 lr:0.0002727	 Mean_Total:0.4113185
2021-11-27 12:38:34,248 -  2105 /  2109 (099%):	 Total:0.3700841	 Acc:0.4062500	 lr:0.0002722	 Mean_Total:0.4496543
2021-11-27 12:38:34,717 - ===============================| start validation |===============================
2021-11-27 12:38:44,625 - 	 Total:0.4354626	 Acc:0.2982105
2021-11-27 12:38:44,629 -    ini file updated    
2021-11-27 12:38:44,640 - Snapshot saved to /data/users/wergillius/UTR_VAE/pth/RL_gru_MTL/1_layer_model/human_k5-model_best_cv5.pth

2021-11-27 12:38:44,641 -    ini file updated    
2021-11-27 12:38:44,641 - ===============================|    epoch 50   |===============================
2021-11-27 12:38:45,442 -     0 /  2109 (000%):	 Total:0.5235344	 Acc:0.2500000	 lr:0.0002722	 Mean_Total:0.5235344
2021-11-27 12:39:14,497 -   421 /  2109 (019%):	 Total:0.2102257	 Acc:0.3437500	 lr:0.0002716	 Mean_Total:0.3140539
2021-11-27 12:39:45,512 -   842 /  2109 (039%):	 Total:0.3987143	 Acc:0.4062500	 lr:0.0002711	 Mean_Total:0.3324681
2021-11-27 12:40:16,605 -  1263 /  2109 (059%):	 Total:0.6167707	 Acc:0.1875000	 lr:0.0002706	 Mean_Total:0.3618409
2021-11-27 12:40:47,066 -  1684 /  2109 (079%):	 Total:0.6821910	 Acc:0.2187500	 lr:0.0002700	 Mean_Total:0.4062252
2021-11-27 12:41:19,389 -  2105 /  2109 (099%):	 Total:0.3912733	 Acc:0.2812500	 lr:0.0002695	 Mean_Total:0.4469046
2021-11-27 12:41:19,941 - ===============================| start validation |===============================
2021-11-27 12:41:32,179 - 	 Total:0.4379713	 Acc:0.2966079
2021-11-27 12:41:32,187 -    ini file updated    
2021-11-27 12:41:32,187 - ===============================|    epoch 51   |===============================
2021-11-27 12:41:33,144 -     0 /  2109 (000%):	 Total:0.2393398	 Acc:0.3750000	 lr:0.0002695	 Mean_Total:0.2393398
2021-11-27 12:42:11,180 -   421 /  2109 (019%):	 Total:0.4056410	 Acc:0.4062500	 lr:0.0002690	 Mean_Total:0.3075294
2021-11-27 12:42:45,417 -   842 /  2109 (039%):	 Total:0.2820832	 Acc:0.3125000	 lr:0.0002685	 Mean_Total:0.3317962
2021-11-27 12:43:18,333 -  1263 /  2109 (059%):	 Total:0.2785362	 Acc:0.3750000	 lr:0.0002679	 Mean_Total:0.3627418
2021-11-27 12:43:49,808 -  1684 /  2109 (079%):	 Total:0.5502748	 Acc:0.2500000	 lr:0.0002674	 Mean_Total:0.4084681
2021-11-27 12:44:23,560 -  2105 /  2109 (099%):	 Total:0.3037980	 Acc:0.2187500	 lr:0.0002669	 Mean_Total:0.4463366
2021-11-27 12:44:24,101 - ===============================| start validation |===============================
2021-11-27 12:44:34,791 - 	 Total:0.4348537	 Acc:0.2991453
2021-11-27 12:44:34,795 -    ini file updated    
2021-11-27 12:44:34,811 - Snapshot saved to /data/users/wergillius/UTR_VAE/pth/RL_gru_MTL/1_layer_model/human_k5-model_best_cv5.pth

2021-11-27 12:44:34,811 -    ini file updated    
2021-11-27 12:44:34,812 - ===============================|    epoch 52   |===============================
2021-11-27 12:44:35,551 -     0 /  2109 (000%):	 Total:0.2196331	 Acc:0.4062500	 lr:0.0002669	 Mean_Total:0.2196331
2021-11-27 12:45:07,888 -   421 /  2109 (019%):	 Total:0.4049022	 Acc:0.4062500	 lr:0.0002664	 Mean_Total:0.3082610
2021-11-27 12:45:38,891 -   842 /  2109 (039%):	 Total:0.2930581	 Acc:0.3437500	 lr:0.0002659	 Mean_Total:0.3303875
2021-11-27 12:46:11,970 -  1263 /  2109 (059%):	 Total:0.2585144	 Acc:0.2500000	 lr:0.0002654	 Mean_Total:0.3617775
2021-11-27 12:46:43,367 -  1684 /  2109 (079%):	 Total:0.2701744	 Acc:0.2187500	 lr:0.0002649	 Mean_Total:0.4092870
2021-11-27 12:47:15,395 -  2105 /  2109 (099%):	 Total:0.4165070	 Acc:0.1562500	 lr:0.0002644	 Mean_Total:0.4465558
2021-11-27 12:47:15,827 - ===============================| start validation |===============================
2021-11-27 12:47:26,020 - 	 Total:0.4378936	 Acc:0.3006143
2021-11-27 12:47:26,024 -    ini file updated    
2021-11-27 12:47:26,025 - ===============================|    epoch 53   |===============================
2021-11-27 12:47:26,862 -     0 /  2109 (000%):	 Total:0.2965788	 Acc:0.4062500	 lr:0.0002644	 Mean_Total:0.2965788
2021-11-27 12:47:59,135 -   421 /  2109 (019%):	 Total:0.2969192	 Acc:0.2500000	 lr:0.0002639	 Mean_Total:0.3066226
2021-11-27 12:48:29,560 -   842 /  2109 (039%):	 Total:0.2450325	 Acc:0.3750000	 lr:0.0002634	 Mean_Total:0.3301442
2021-11-27 12:49:01,675 -  1263 /  2109 (059%):	 Total:0.9087685	 Acc:0.3125000	 lr:0.0002629	 Mean_Total:0.3596829
2021-11-27 12:49:31,828 -  1684 /  2109 (079%):	 Total:0.3435425	 Acc:0.2812500	 lr:0.0002624	 Mean_Total:0.4073457
2021-11-27 12:50:04,130 -  2105 /  2109 (099%):	 Total:0.3164015	 Acc:0.3437500	 lr:0.0002619	 Mean_Total:0.4455636
2021-11-27 12:50:04,579 - ===============================| start validation |===============================
2021-11-27 12:50:14,577 - 	 Total:0.4366938	 Acc:0.3006143
2021-11-27 12:50:14,582 -    ini file updated    
2021-11-27 12:50:14,582 - ===============================|    epoch 54   |===============================
2021-11-27 12:50:15,410 -     0 /  2109 (000%):	 Total:0.1254493	 Acc:0.5625000	 lr:0.0002619	 Mean_Total:0.1254493
2021-11-27 12:50:47,856 -   421 /  2109 (019%):	 Total:0.3043990	 Acc:0.2812500	 lr:0.0002614	 Mean_Total:0.3113533
2021-11-27 12:51:20,163 -   842 /  2109 (039%):	 Total:0.1898621	 Acc:0.2812500	 lr:0.0002610	 Mean_Total:0.3306623
2021-11-27 12:51:53,353 -  1263 /  2109 (059%):	 Total:0.2617195	 Acc:0.3125000	 lr:0.0002605	 Mean_Total:0.3615255
2021-11-27 12:52:24,390 -  1684 /  2109 (079%):	 Total:0.6107193	 Acc:0.2187500	 lr:0.0002600	 Mean_Total:0.4070819
2021-11-27 12:52:54,450 -  2105 /  2109 (099%):	 Total:1.1004472	 Acc:0.3437500	 lr:0.0002595	 Mean_Total:0.4455365
2021-11-27 12:52:54,955 - ===============================| start validation |===============================
2021-11-27 12:53:04,794 - 	 Total:0.4411302	 Acc:0.3003472
2021-11-27 12:53:04,802 -    ini file updated    
2021-11-27 12:53:04,802 - ===============================|    epoch 55   |===============================
2021-11-27 12:53:05,720 -     0 /  2109 (000%):	 Total:0.1622578	 Acc:0.5937500	 lr:0.0002595	 Mean_Total:0.1622578
2021-11-27 12:53:38,659 -   421 /  2109 (019%):	 Total:0.3106521	 Acc:0.3437500	 lr:0.0002591	 Mean_Total:0.3157335
2021-11-27 12:54:09,966 -   842 /  2109 (039%):	 Total:0.2746007	 Acc:0.2812500	 lr:0.0002586	 Mean_Total:0.3344000
2021-11-27 12:54:40,924 -  1263 /  2109 (059%):	 Total:0.3285172	 Acc:0.2812500	 lr:0.0002581	 Mean_Total:0.3663988
2021-11-27 12:55:11,105 -  1684 /  2109 (079%):	 Total:0.6798315	 Acc:0.1875000	 lr:0.0002577	 Mean_Total:0.4125014
2021-11-27 12:55:43,613 -  2105 /  2109 (099%):	 Total:0.4219025	 Acc:0.2500000	 lr:0.0002572	 Mean_Total:0.4481612
2021-11-27 12:55:43,974 - ===============================| start validation |===============================
2021-11-27 12:55:53,478 - 	 Total:0.4420308	 Acc:0.2979434
2021-11-27 12:55:53,485 -    ini file updated    
2021-11-27 12:55:53,485 - ===============================|    epoch 56   |===============================
2021-11-27 12:55:54,403 -     0 /  2109 (000%):	 Total:0.2596832	 Acc:0.5000000	 lr:0.0002572	 Mean_Total:0.2596832
2021-11-27 12:56:25,884 -   421 /  2109 (019%):	 Total:0.5639705	 Acc:0.3437500	 lr:0.0002567	 Mean_Total:0.3053101
2021-11-27 12:56:56,733 -   842 /  2109 (039%):	 Total:0.3667977	 Acc:0.2187500	 lr:0.0002563	 Mean_Total:0.3793540
2021-11-27 12:57:28,258 -  1263 /  2109 (059%):	 Total:0.4423075	 Acc:0.3125000	 lr:0.0002558	 Mean_Total:0.3923065
2021-11-27 12:57:57,929 -  1684 /  2109 (079%):	 Total:1.5952814	 Acc:0.0312500	 lr:0.0002554	 Mean_Total:0.4304267
2021-11-27 12:58:30,446 -  2105 /  2109 (099%):	 Total:0.3248168	 Acc:0.3437500	 lr:0.0002549	 Mean_Total:0.4644692
2021-11-27 12:58:30,949 - ===============================| start validation |===============================
2021-11-27 12:58:40,904 - 	 Total:0.4334693	 Acc:0.2979434
2021-11-27 12:58:40,908 -    ini file updated    
2021-11-27 12:58:40,919 - Snapshot saved to /data/users/wergillius/UTR_VAE/pth/RL_gru_MTL/1_layer_model/human_k5-model_best_cv5.pth

2021-11-27 12:58:40,920 -    ini file updated    
2021-11-27 12:58:40,920 - ===============================|    epoch 57   |===============================
2021-11-27 12:58:41,696 -     0 /  2109 (000%):	 Total:0.1088688	 Acc:0.5937500	 lr:0.0002549	 Mean_Total:0.1088688
2021-11-27 12:59:13,139 -   421 /  2109 (019%):	 Total:0.2966002	 Acc:0.1250000	 lr:0.0002545	 Mean_Total:0.3071099
2021-11-27 12:59:43,616 -   842 /  2109 (039%):	 Total:0.3343324	 Acc:0.1562500	 lr:0.0002540	 Mean_Total:0.3299768
2021-11-27 13:00:13,365 -  1263 /  2109 (059%):	 Total:0.3976468	 Acc:0.2187500	 lr:0.0002536	 Mean_Total:0.3614543
2021-11-27 13:00:45,457 -  1684 /  2109 (079%):	 Total:0.4389016	 Acc:0.3750000	 lr:0.0002532	 Mean_Total:0.4062009
2021-11-27 13:01:15,540 -  2105 /  2109 (099%):	 Total:0.7196218	 Acc:0.2187500	 lr:0.0002527	 Mean_Total:0.4444690
2021-11-27 13:01:15,896 - ===============================| start validation |===============================
2021-11-27 13:01:25,364 - 	 Total:0.4350290	 Acc:0.3024840
2021-11-27 13:01:25,367 -    ini file updated    
2021-11-27 13:01:25,371 - Snapshot saved to /data/users/wergillius/UTR_VAE/pth/RL_gru_MTL/1_layer_model/human_k5-model_best_cv5.pth

2021-11-27 13:01:25,372 -    ini file updated    
2021-11-27 13:01:25,372 - ===============================|    epoch 58   |===============================
2021-11-27 13:01:26,329 -     0 /  2109 (000%):	 Total:0.1158091	 Acc:0.5000000	 lr:0.0002527	 Mean_Total:0.1158091
2021-11-27 13:01:58,366 -   421 /  2109 (019%):	 Total:0.5948681	 Acc:0.3750000	 lr:0.0002523	 Mean_Total:0.3072307
2021-11-27 13:02:30,701 -   842 /  2109 (039%):	 Total:0.2225198	 Acc:0.3437500	 lr:0.0002519	 Mean_Total:0.3272323
2021-11-27 13:03:01,003 -  1263 /  2109 (059%):	 Total:0.4859920	 Acc:0.2812500	 lr:0.0002514	 Mean_Total:0.3586443
2021-11-27 13:03:32,141 -  1684 /  2109 (079%):	 Total:0.9228982	 Acc:0.3125000	 lr:0.0002510	 Mean_Total:0.4048976
2021-11-27 13:04:05,726 -  2105 /  2109 (099%):	 Total:0.5780311	 Acc:0.2500000	 lr:0.0002506	 Mean_Total:0.4423957
2021-11-27 13:04:06,022 - ===============================| start validation |===============================
2021-11-27 13:04:16,821 - 	 Total:0.4376761	 Acc:0.2999466
2021-11-27 13:04:16,826 -    ini file updated    
2021-11-27 13:04:16,826 - ===============================|    epoch 59   |===============================
2021-11-27 13:04:17,609 -     0 /  2109 (000%):	 Total:0.2747620	 Acc:0.4687500	 lr:0.0002506	 Mean_Total:0.2747620
2021-11-27 13:04:49,335 -   421 /  2109 (019%):	 Total:0.3075711	 Acc:0.1250000	 lr:0.0002501	 Mean_Total:0.3079979
2021-11-27 13:05:21,649 -   842 /  2109 (039%):	 Total:0.2897963	 Acc:0.3437500	 lr:0.0002497	 Mean_Total:0.3291004
2021-11-27 13:05:51,869 -  1263 /  2109 (059%):	 Total:0.4282817	 Acc:0.2500000	 lr:0.0002493	 Mean_Total:0.3593326
2021-11-27 13:06:21,447 -  1684 /  2109 (079%):	 Total:0.5055090	 Acc:0.2187500	 lr:0.0002489	 Mean_Total:0.4039235
2021-11-27 13:06:46,719 -  2105 /  2109 (099%):	 Total:0.3715716	 Acc:0.3437500	 lr:0.0002485	 Mean_Total:0.4425658
2021-11-27 13:06:47,066 - ===============================| start validation |===============================
2021-11-27 13:06:54,162 - 	 Total:0.4312275	 Acc:0.2995459
2021-11-27 13:06:54,170 -    ini file updated    
2021-11-27 13:06:54,177 - Snapshot saved to /data/users/wergillius/UTR_VAE/pth/RL_gru_MTL/1_layer_model/human_k5-model_best_cv5.pth

2021-11-27 13:06:54,177 -    ini file updated    
2021-11-27 13:06:54,178 - ===============================|    epoch 60   |===============================
2021-11-27 13:06:54,916 -     0 /  2109 (000%):	 Total:0.1649595	 Acc:0.4375000	 lr:0.0002485	 Mean_Total:0.1649595
2021-11-27 13:07:14,768 -   421 /  2109 (019%):	 Total:0.2747094	 Acc:0.3750000	 lr:0.0002481	 Mean_Total:0.3006474
2021-11-27 13:07:30,100 -   842 /  2109 (039%):	 Total:0.2583310	 Acc:0.2187500	 lr:0.0002477	 Mean_Total:0.3248860
2021-11-27 13:07:46,567 -  1263 /  2109 (059%):	 Total:0.3593367	 Acc:0.3437500	 lr:0.0002472	 Mean_Total:0.3590380
2021-11-27 13:08:00,577 -  1684 /  2109 (079%):	 Total:0.5076613	 Acc:0.2500000	 lr:0.0002468	 Mean_Total:0.4059623
2021-11-27 13:08:10,654 -  2105 /  2109 (099%):	 Total:0.3912637	 Acc:0.1875000	 lr:0.0002464	 Mean_Total:0.4430130
2021-11-27 13:08:10,857 - ===============================| start validation |===============================
2021-11-27 13:08:14,401 - 	 Total:0.4335214	 Acc:0.2991453
2021-11-27 13:08:14,405 -    ini file updated    
