2021-11-25 20:54:08,704 -   	 	 ==============<<< device used: cuda:2  >>>============== 	 	 
2021-11-25 20:54:16,671 - ===============================|    epoch 0   |===============================
2021-11-25 20:54:17,363 -     0 /  2109 (000%):	 Total:42.0379639	 Acc:0.0000000	 lr:0.0009882	 Mean_Total:42.0379639
2021-11-25 20:54:26,512 -   421 /  2109 (019%):	 Total:0.9526002	 Acc:0.2187500	 lr:0.0043027	 Mean_Total:1.9160189
2021-11-25 20:54:35,801 -   842 /  2109 (039%):	 Total:1.2119725	 Acc:0.2187500	 lr:0.0030443	 Mean_Total:1.4931551
2021-11-25 20:54:45,218 -  1263 /  2109 (059%):	 Total:0.7844712	 Acc:0.2500000	 lr:0.0024861	 Mean_Total:1.3314184
2021-11-25 20:54:54,837 -  1684 /  2109 (079%):	 Total:1.5539553	 Acc:0.1250000	 lr:0.0021533	 Mean_Total:1.2769282
2021-11-25 20:55:04,402 -  2105 /  2109 (099%):	 Total:0.5716274	 Acc:0.1875000	 lr:0.0019260	 Mean_Total:1.2552772
2021-11-25 20:55:04,621 - ===============================| start validation |===============================
2021-11-25 20:55:07,758 - 	 Total:0.9857705	 Acc:0.2144765
2021-11-25 20:55:07,763 -    ini file updated    
2021-11-25 20:55:07,769 - Snapshot saved to /data/users/wergillius/UTR_VAE/pth/RL_gru_MTL/1_layer_model/human_k9-model_best_cv1.pth

2021-11-25 20:55:07,769 -    ini file updated    
2021-11-25 20:55:07,770 - ===============================|    epoch 1   |===============================
2021-11-25 20:55:08,349 -     0 /  2109 (000%):	 Total:0.3059589	 Acc:0.2812500	 lr:0.0019242	 Mean_Total:0.3059589
2021-11-25 20:55:17,518 -   421 /  2109 (019%):	 Total:1.0331430	 Acc:0.2500000	 lr:0.0017569	 Mean_Total:0.8655175
2021-11-25 20:55:26,924 -   842 /  2109 (039%):	 Total:1.0151513	 Acc:0.1875000	 lr:0.0016268	 Mean_Total:0.8600012
2021-11-25 20:55:37,209 -  1263 /  2109 (059%):	 Total:1.0992652	 Acc:0.2187500	 lr:0.0015219	 Mean_Total:0.8646014
2021-11-25 20:55:46,146 -  1684 /  2109 (079%):	 Total:0.9492308	 Acc:0.3125000	 lr:0.0014350	 Mean_Total:0.8989818
2021-11-25 20:55:55,045 -  2105 /  2109 (099%):	 Total:0.6336881	 Acc:0.3125000	 lr:0.0013614	 Mean_Total:0.9336077
2021-11-25 20:55:55,253 - ===============================| start validation |===============================
2021-11-25 20:55:58,610 - 	 Total:0.8998075	 Acc:0.2200855
2021-11-25 20:55:58,614 -    ini file updated    
2021-11-25 20:55:58,621 - Snapshot saved to /data/users/wergillius/UTR_VAE/pth/RL_gru_MTL/1_layer_model/human_k9-model_best_cv1.pth

2021-11-25 20:55:58,622 -    ini file updated    
2021-11-25 20:55:58,622 - ===============================|    epoch 2   |===============================
2021-11-25 20:55:59,099 -     0 /  2109 (000%):	 Total:0.5650434	 Acc:0.2812500	 lr:0.0013608	 Mean_Total:0.5650434
2021-11-25 20:56:08,599 -   421 /  2109 (019%):	 Total:0.8918345	 Acc:0.1562500	 lr:0.0012976	 Mean_Total:0.7836536
2021-11-25 20:56:17,705 -   842 /  2109 (039%):	 Total:1.0428021	 Acc:0.3125000	 lr:0.0012424	 Mean_Total:0.7944278
2021-11-25 20:56:26,555 -  1263 /  2109 (059%):	 Total:0.9979558	 Acc:0.1250000	 lr:0.0011938	 Mean_Total:0.8027271
2021-11-25 20:56:35,632 -  1684 /  2109 (079%):	 Total:0.7876369	 Acc:0.0625000	 lr:0.0011504	 Mean_Total:0.8389011
2021-11-25 20:56:44,674 -  2105 /  2109 (099%):	 Total:1.4154373	 Acc:0.2812500	 lr:0.0011115	 Mean_Total:0.8776978
2021-11-25 20:56:44,902 - ===============================| start validation |===============================
2021-11-25 20:56:48,361 - 	 Total:0.8540849	 Acc:0.2224893
2021-11-25 20:56:48,367 -    ini file updated    
2021-11-25 20:56:48,373 - Snapshot saved to /data/users/wergillius/UTR_VAE/pth/RL_gru_MTL/1_layer_model/human_k9-model_best_cv1.pth

2021-11-25 20:56:48,374 -    ini file updated    
2021-11-25 20:56:48,374 - ===============================|    epoch 3   |===============================
2021-11-25 20:56:48,927 -     0 /  2109 (000%):	 Total:0.3317139	 Acc:0.3750000	 lr:0.0011111	 Mean_Total:0.3317139
2021-11-25 20:56:58,071 -   421 /  2109 (019%):	 Total:0.6950319	 Acc:0.2187500	 lr:0.0010759	 Mean_Total:0.7292229
2021-11-25 20:57:07,640 -   842 /  2109 (039%):	 Total:0.6122308	 Acc:0.3750000	 lr:0.0010438	 Mean_Total:0.7468469
2021-11-25 20:57:17,125 -  1263 /  2109 (059%):	 Total:0.6589993	 Acc:0.2500000	 lr:0.0010145	 Mean_Total:0.7611305
2021-11-25 20:57:26,214 -  1684 /  2109 (079%):	 Total:0.9532320	 Acc:0.1875000	 lr:0.0009875	 Mean_Total:0.8040990
2021-11-25 20:57:35,394 -  2105 /  2109 (099%):	 Total:1.1841098	 Acc:0.1562500	 lr:0.0009625	 Mean_Total:0.8421036
2021-11-25 20:57:35,599 - ===============================| start validation |===============================
2021-11-25 20:57:38,932 - 	 Total:0.8223425	 Acc:0.2387821
2021-11-25 20:57:38,936 -    ini file updated    
2021-11-25 20:57:38,944 - Snapshot saved to /data/users/wergillius/UTR_VAE/pth/RL_gru_MTL/1_layer_model/human_k9-model_best_cv1.pth

2021-11-25 20:57:38,945 -    ini file updated    
2021-11-25 20:57:38,945 - ===============================|    epoch 4   |===============================
2021-11-25 20:57:39,563 -     0 /  2109 (000%):	 Total:1.3730316	 Acc:0.2812500	 lr:0.0009623	 Mean_Total:1.3730316
2021-11-25 20:57:48,710 -   421 /  2109 (019%):	 Total:1.3641517	 Acc:0.1875000	 lr:0.0009391	 Mean_Total:0.6917585
2021-11-25 20:57:58,067 -   842 /  2109 (039%):	 Total:0.3300555	 Acc:0.2187500	 lr:0.0009176	 Mean_Total:0.7168107
2021-11-25 20:58:07,255 -  1263 /  2109 (059%):	 Total:0.4495345	 Acc:0.2500000	 lr:0.0008974	 Mean_Total:0.7321160
2021-11-25 20:58:16,989 -  1684 /  2109 (079%):	 Total:1.0855687	 Acc:0.3437500	 lr:0.0008786	 Mean_Total:0.7723010
2021-11-25 20:58:26,698 -  2105 /  2109 (099%):	 Total:0.9369426	 Acc:0.1875000	 lr:0.0008609	 Mean_Total:0.8085450
2021-11-25 20:58:26,908 - ===============================| start validation |===============================
2021-11-25 20:58:30,245 - 	 Total:0.7923992	 Acc:0.2529380
2021-11-25 20:58:30,251 -    ini file updated    
2021-11-25 20:58:30,259 - Snapshot saved to /data/users/wergillius/UTR_VAE/pth/RL_gru_MTL/1_layer_model/human_k9-model_best_cv1.pth

2021-11-25 20:58:30,260 -    ini file updated    
2021-11-25 20:58:30,260 - ===============================|    epoch 5   |===============================
2021-11-25 20:58:30,769 -     0 /  2109 (000%):	 Total:0.2629751	 Acc:0.2187500	 lr:0.0008607	 Mean_Total:0.2629751
2021-11-25 20:58:40,408 -   421 /  2109 (019%):	 Total:1.3087701	 Acc:0.1562500	 lr:0.0008440	 Mean_Total:0.6512613
2021-11-25 20:58:50,061 -   842 /  2109 (039%):	 Total:0.9880952	 Acc:0.2500000	 lr:0.0008283	 Mean_Total:0.6897936
2021-11-25 20:58:59,582 -  1263 /  2109 (059%):	 Total:1.0402850	 Acc:0.1562500	 lr:0.0008134	 Mean_Total:0.7062927
2021-11-25 20:59:09,045 -  1684 /  2109 (079%):	 Total:0.7364460	 Acc:0.1250000	 lr:0.0007992	 Mean_Total:0.7438580
2021-11-25 20:59:18,522 -  2105 /  2109 (099%):	 Total:0.9093218	 Acc:0.2500000	 lr:0.0007858	 Mean_Total:0.7803452
2021-11-25 20:59:18,768 - ===============================| start validation |===============================
2021-11-25 20:59:22,511 - 	 Total:0.7696004	 Acc:0.2525374
2021-11-25 20:59:22,516 -    ini file updated    
2021-11-25 20:59:22,524 - Snapshot saved to /data/users/wergillius/UTR_VAE/pth/RL_gru_MTL/1_layer_model/human_k9-model_best_cv1.pth

2021-11-25 20:59:22,525 -    ini file updated    
2021-11-25 20:59:22,525 - ===============================|    epoch 6   |===============================
2021-11-25 20:59:23,075 -     0 /  2109 (000%):	 Total:0.4300688	 Acc:0.4062500	 lr:0.0007857	 Mean_Total:0.4300688
2021-11-25 20:59:32,746 -   421 /  2109 (019%):	 Total:0.4906258	 Acc:0.4062500	 lr:0.0007730	 Mean_Total:0.6266108
2021-11-25 20:59:42,340 -   842 /  2109 (039%):	 Total:0.3516726	 Acc:0.3437500	 lr:0.0007608	 Mean_Total:0.6634816
2021-11-25 20:59:51,830 -  1263 /  2109 (059%):	 Total:0.3654073	 Acc:0.3125000	 lr:0.0007492	 Mean_Total:0.6816781
2021-11-25 21:00:01,218 -  1684 /  2109 (079%):	 Total:0.6397724	 Acc:0.1562500	 lr:0.0007381	 Mean_Total:0.7214234
2021-11-25 21:00:10,723 -  2105 /  2109 (099%):	 Total:1.2912691	 Acc:0.2500000	 lr:0.0007275	 Mean_Total:0.7582636
2021-11-25 21:00:10,928 - ===============================| start validation |===============================
2021-11-25 21:00:14,446 - 	 Total:0.7659829	 Acc:0.2494658
2021-11-25 21:00:14,451 -    ini file updated    
2021-11-25 21:00:14,459 - Snapshot saved to /data/users/wergillius/UTR_VAE/pth/RL_gru_MTL/1_layer_model/human_k9-model_best_cv1.pth

2021-11-25 21:00:14,460 -    ini file updated    
2021-11-25 21:00:14,461 - ===============================|    epoch 7   |===============================
2021-11-25 21:00:14,986 -     0 /  2109 (000%):	 Total:0.9244478	 Acc:0.2812500	 lr:0.0007274	 Mean_Total:0.9244478
2021-11-25 21:00:24,648 -   421 /  2109 (019%):	 Total:0.7294719	 Acc:0.3125000	 lr:0.0007173	 Mean_Total:0.6054230
2021-11-25 21:00:34,342 -   842 /  2109 (039%):	 Total:0.2605544	 Acc:0.2187500	 lr:0.0007075	 Mean_Total:0.6428688
2021-11-25 21:00:43,737 -  1263 /  2109 (059%):	 Total:0.6845192	 Acc:0.2500000	 lr:0.0006982	 Mean_Total:0.6673883
2021-11-25 21:00:53,061 -  1684 /  2109 (079%):	 Total:0.5578021	 Acc:0.1562500	 lr:0.0006892	 Mean_Total:0.7098341
2021-11-25 21:01:02,394 -  2105 /  2109 (099%):	 Total:0.5997827	 Acc:0.2187500	 lr:0.0006805	 Mean_Total:0.7458648
2021-11-25 21:01:02,584 - ===============================| start validation |===============================
2021-11-25 21:01:06,096 - 	 Total:0.7438183	 Acc:0.2513355
2021-11-25 21:01:06,105 -    ini file updated    
2021-11-25 21:01:06,116 - Snapshot saved to /data/users/wergillius/UTR_VAE/pth/RL_gru_MTL/1_layer_model/human_k9-model_best_cv1.pth

2021-11-25 21:01:06,117 -    ini file updated    
2021-11-25 21:01:06,117 - ===============================|    epoch 8   |===============================
2021-11-25 21:01:06,672 -     0 /  2109 (000%):	 Total:0.4127272	 Acc:0.4062500	 lr:0.0006805	 Mean_Total:0.4127272
2021-11-25 21:01:16,079 -   421 /  2109 (019%):	 Total:0.8813426	 Acc:0.1875000	 lr:0.0006721	 Mean_Total:0.6025888
2021-11-25 21:01:25,447 -   842 /  2109 (039%):	 Total:0.8427417	 Acc:0.2812500	 lr:0.0006641	 Mean_Total:0.6351535
2021-11-25 21:01:34,884 -  1263 /  2109 (059%):	 Total:0.4970537	 Acc:0.2500000	 lr:0.0006563	 Mean_Total:0.6542613
2021-11-25 21:01:44,275 -  1684 /  2109 (079%):	 Total:0.7669650	 Acc:0.1562500	 lr:0.0006488	 Mean_Total:0.6975086
2021-11-25 21:01:53,573 -  2105 /  2109 (099%):	 Total:0.7325923	 Acc:0.3125000	 lr:0.0006416	 Mean_Total:0.7333706
2021-11-25 21:01:53,769 - ===============================| start validation |===============================
2021-11-25 21:01:57,286 - 	 Total:0.7371508	 Acc:0.2600160
2021-11-25 21:01:57,291 -    ini file updated    
2021-11-25 21:01:57,298 - Snapshot saved to /data/users/wergillius/UTR_VAE/pth/RL_gru_MTL/1_layer_model/human_k9-model_best_cv1.pth

2021-11-25 21:01:57,298 -    ini file updated    
2021-11-25 21:01:57,299 - ===============================|    epoch 9   |===============================
2021-11-25 21:01:57,814 -     0 /  2109 (000%):	 Total:0.3898748	 Acc:0.2500000	 lr:0.0006415	 Mean_Total:0.3898748
2021-11-25 21:02:07,401 -   421 /  2109 (019%):	 Total:0.7624803	 Acc:0.1562500	 lr:0.0006345	 Mean_Total:0.5810584
2021-11-25 21:02:16,812 -   842 /  2109 (039%):	 Total:0.4146998	 Acc:0.1875000	 lr:0.0006278	 Mean_Total:0.6172578
2021-11-25 21:02:26,309 -  1263 /  2109 (059%):	 Total:0.6921321	 Acc:0.1875000	 lr:0.0006212	 Mean_Total:0.6235389
2021-11-25 21:02:35,377 -  1684 /  2109 (079%):	 Total:0.8435615	 Acc:0.2500000	 lr:0.0006148	 Mean_Total:0.6530501
2021-11-25 21:02:44,710 -  2105 /  2109 (099%):	 Total:0.6529248	 Acc:0.2812500	 lr:0.0006087	 Mean_Total:0.6778143
2021-11-25 21:02:44,921 - ===============================| start validation |===============================
2021-11-25 21:02:48,533 - 	 Total:0.6288342	 Acc:0.2660256
2021-11-25 21:02:48,536 -    ini file updated    
2021-11-25 21:02:48,542 - Snapshot saved to /data/users/wergillius/UTR_VAE/pth/RL_gru_MTL/1_layer_model/human_k9-model_best_cv1.pth

2021-11-25 21:02:48,542 -    ini file updated    
2021-11-25 21:02:48,543 - ===============================|    epoch 10   |===============================
2021-11-25 21:02:49,091 -     0 /  2109 (000%):	 Total:0.2501107	 Acc:0.3125000	 lr:0.0006086	 Mean_Total:0.2501107
2021-11-25 21:02:58,484 -   421 /  2109 (019%):	 Total:0.2026845	 Acc:0.3750000	 lr:0.0006026	 Mean_Total:0.4566236
2021-11-25 21:03:07,946 -   842 /  2109 (039%):	 Total:0.4155169	 Acc:0.1875000	 lr:0.0005968	 Mean_Total:0.4827848
2021-11-25 21:03:17,368 -  1263 /  2109 (059%):	 Total:0.7321416	 Acc:0.1562500	 lr:0.0005912	 Mean_Total:0.5064498
2021-11-25 21:03:26,556 -  1684 /  2109 (079%):	 Total:0.8451956	 Acc:0.1875000	 lr:0.0005857	 Mean_Total:0.5549803
2021-11-25 21:03:35,594 -  2105 /  2109 (099%):	 Total:0.8284460	 Acc:0.2187500	 lr:0.0005803	 Mean_Total:0.5900207
2021-11-25 21:03:35,788 - ===============================| start validation |===============================
2021-11-25 21:03:39,227 - 	 Total:0.5961202	 Acc:0.2748397
2021-11-25 21:03:39,232 -    ini file updated    
2021-11-25 21:03:39,241 - Snapshot saved to /data/users/wergillius/UTR_VAE/pth/RL_gru_MTL/1_layer_model/human_k9-model_best_cv1.pth

2021-11-25 21:03:39,242 -    ini file updated    
2021-11-25 21:03:39,243 - ===============================|    epoch 11   |===============================
2021-11-25 21:03:39,753 -     0 /  2109 (000%):	 Total:0.3343009	 Acc:0.3437500	 lr:0.0005803	 Mean_Total:0.3343009
2021-11-25 21:03:49,445 -   421 /  2109 (019%):	 Total:0.6605417	 Acc:0.3125000	 lr:0.0005751	 Mean_Total:0.4472536
2021-11-25 21:03:59,304 -   842 /  2109 (039%):	 Total:1.5789946	 Acc:0.1875000	 lr:0.0005700	 Mean_Total:0.4721940
2021-11-25 21:04:08,791 -  1263 /  2109 (059%):	 Total:0.3945742	 Acc:0.3437500	 lr:0.0005651	 Mean_Total:0.4965943
2021-11-25 21:04:18,309 -  1684 /  2109 (079%):	 Total:0.6809550	 Acc:0.2187500	 lr:0.0005603	 Mean_Total:0.5409947
2021-11-25 21:04:27,742 -  2105 /  2109 (099%):	 Total:0.3975044	 Acc:0.2812500	 lr:0.0005556	 Mean_Total:0.5777026
2021-11-25 21:04:27,934 - ===============================| start validation |===============================
2021-11-25 21:04:31,281 - 	 Total:0.5830711	 Acc:0.2697650
2021-11-25 21:04:31,286 -    ini file updated    
2021-11-25 21:04:31,295 - Snapshot saved to /data/users/wergillius/UTR_VAE/pth/RL_gru_MTL/1_layer_model/human_k9-model_best_cv1.pth

2021-11-25 21:04:31,296 -    ini file updated    
2021-11-25 21:04:31,296 - ===============================|    epoch 12   |===============================
2021-11-25 21:04:31,787 -     0 /  2109 (000%):	 Total:0.4201308	 Acc:0.3437500	 lr:0.0005556	 Mean_Total:0.4201308
2021-11-25 21:04:41,265 -   421 /  2109 (019%):	 Total:0.4588971	 Acc:0.2500000	 lr:0.0005510	 Mean_Total:0.4150567
2021-11-25 21:04:50,695 -   842 /  2109 (039%):	 Total:0.3714103	 Acc:0.2500000	 lr:0.0005466	 Mean_Total:0.4573899
2021-11-25 21:05:00,326 -  1263 /  2109 (059%):	 Total:0.9471441	 Acc:0.1875000	 lr:0.0005422	 Mean_Total:0.4787622
2021-11-25 21:05:09,612 -  1684 /  2109 (079%):	 Total:0.5689041	 Acc:0.1250000	 lr:0.0005380	 Mean_Total:0.5253945
2021-11-25 21:05:18,806 -  2105 /  2109 (099%):	 Total:0.4016559	 Acc:0.3125000	 lr:0.0005338	 Mean_Total:0.5641640
2021-11-25 21:05:19,015 - ===============================| start validation |===============================
2021-11-25 21:05:22,375 - 	 Total:0.5877617	 Acc:0.2753739
2021-11-25 21:05:22,379 -    ini file updated    
2021-11-25 21:05:22,388 - Snapshot saved to /data/users/wergillius/UTR_VAE/pth/RL_gru_MTL/1_layer_model/human_k9-model_best_cv1.pth

2021-11-25 21:05:22,389 -    ini file updated    
2021-11-25 21:05:22,389 - ===============================|    epoch 13   |===============================
2021-11-25 21:05:22,897 -     0 /  2109 (000%):	 Total:0.3750077	 Acc:0.3750000	 lr:0.0005338	 Mean_Total:0.3750077
2021-11-25 21:05:32,461 -   421 /  2109 (019%):	 Total:0.7124476	 Acc:0.3125000	 lr:0.0005297	 Mean_Total:0.4133269
2021-11-25 21:05:41,841 -   842 /  2109 (039%):	 Total:0.6011122	 Acc:0.3125000	 lr:0.0005258	 Mean_Total:0.4412899
2021-11-25 21:05:51,115 -  1263 /  2109 (059%):	 Total:0.6369714	 Acc:0.1562500	 lr:0.0005219	 Mean_Total:0.4687083
2021-11-25 21:06:00,471 -  1684 /  2109 (079%):	 Total:0.9122657	 Acc:0.2500000	 lr:0.0005181	 Mean_Total:0.5157170
2021-11-25 21:06:09,598 -  2105 /  2109 (099%):	 Total:0.5365213	 Acc:0.2500000	 lr:0.0005144	 Mean_Total:0.5538312
2021-11-25 21:06:09,784 - ===============================| start validation |===============================
2021-11-25 21:06:13,221 - 	 Total:0.5581595	 Acc:0.2788462
2021-11-25 21:06:13,226 -    ini file updated    
2021-11-25 21:06:13,234 - Snapshot saved to /data/users/wergillius/UTR_VAE/pth/RL_gru_MTL/1_layer_model/human_k9-model_best_cv1.pth

2021-11-25 21:06:13,235 -    ini file updated    
2021-11-25 21:06:13,235 - ===============================|    epoch 14   |===============================
2021-11-25 21:06:13,745 -     0 /  2109 (000%):	 Total:0.4759479	 Acc:0.3437500	 lr:0.0005144	 Mean_Total:0.4759479
2021-11-25 21:06:23,162 -   421 /  2109 (019%):	 Total:0.5299150	 Acc:0.3125000	 lr:0.0005108	 Mean_Total:0.4010078
2021-11-25 21:06:32,383 -   842 /  2109 (039%):	 Total:0.8293772	 Acc:0.2812500	 lr:0.0005072	 Mean_Total:0.4330090
2021-11-25 21:06:41,694 -  1263 /  2109 (059%):	 Total:0.5468196	 Acc:0.1250000	 lr:0.0005037	 Mean_Total:0.4630491
2021-11-25 21:06:51,557 -  1684 /  2109 (079%):	 Total:0.8300505	 Acc:0.1250000	 lr:0.0005003	 Mean_Total:0.5076635
2021-11-25 21:07:00,657 -  2105 /  2109 (099%):	 Total:0.4103914	 Acc:0.2812500	 lr:0.0004970	 Mean_Total:0.5449620
2021-11-25 21:07:00,862 - ===============================| start validation |===============================
2021-11-25 21:07:04,355 - 	 Total:0.5559319	 Acc:0.2852564
2021-11-25 21:07:04,359 -    ini file updated    
2021-11-25 21:07:04,369 - Snapshot saved to /data/users/wergillius/UTR_VAE/pth/RL_gru_MTL/1_layer_model/human_k9-model_best_cv1.pth

2021-11-25 21:07:04,370 -    ini file updated    
2021-11-25 21:07:04,370 - ===============================|    epoch 15   |===============================
2021-11-25 21:07:04,976 -     0 /  2109 (000%):	 Total:0.2033139	 Acc:0.2500000	 lr:0.0004969	 Mean_Total:0.2033139
2021-11-25 21:07:14,616 -   421 /  2109 (019%):	 Total:0.5076718	 Acc:0.3750000	 lr:0.0004937	 Mean_Total:0.3959319
2021-11-25 21:07:23,663 -   842 /  2109 (039%):	 Total:0.5458868	 Acc:0.3437500	 lr:0.0004905	 Mean_Total:0.4236935
2021-11-25 21:07:32,816 -  1263 /  2109 (059%):	 Total:0.5531686	 Acc:0.3125000	 lr:0.0004873	 Mean_Total:0.4530813
2021-11-25 21:07:42,198 -  1684 /  2109 (079%):	 Total:0.6492066	 Acc:0.0625000	 lr:0.0004842	 Mean_Total:0.5002055
2021-11-25 21:07:51,361 -  2105 /  2109 (099%):	 Total:0.3389807	 Acc:0.2500000	 lr:0.0004812	 Mean_Total:0.5372750
2021-11-25 21:07:51,574 - ===============================| start validation |===============================
2021-11-25 21:07:54,798 - 	 Total:0.5473599	 Acc:0.2839209
2021-11-25 21:07:54,801 -    ini file updated    
2021-11-25 21:07:54,806 - Snapshot saved to /data/users/wergillius/UTR_VAE/pth/RL_gru_MTL/1_layer_model/human_k9-model_best_cv1.pth

2021-11-25 21:07:54,806 -    ini file updated    
2021-11-25 21:07:54,807 - ===============================|    epoch 16   |===============================
2021-11-25 21:07:55,279 -     0 /  2109 (000%):	 Total:0.2960632	 Acc:0.3437500	 lr:0.0004812	 Mean_Total:0.2960632
2021-11-25 21:08:04,332 -   421 /  2109 (019%):	 Total:0.6544197	 Acc:0.4375000	 lr:0.0004782	 Mean_Total:0.3903178
2021-11-25 21:08:13,791 -   842 /  2109 (039%):	 Total:0.5435833	 Acc:0.1875000	 lr:0.0004753	 Mean_Total:0.4320671
2021-11-25 21:08:23,080 -  1263 /  2109 (059%):	 Total:0.5368131	 Acc:0.0937500	 lr:0.0004724	 Mean_Total:0.4571002
2021-11-25 21:08:32,403 -  1684 /  2109 (079%):	 Total:1.4660852	 Acc:0.1562500	 lr:0.0004696	 Mean_Total:0.5028868
2021-11-25 21:08:41,624 -  2105 /  2109 (099%):	 Total:0.4480577	 Acc:0.3750000	 lr:0.0004668	 Mean_Total:0.5379313
2021-11-25 21:08:41,824 - ===============================| start validation |===============================
2021-11-25 21:08:45,314 - 	 Total:0.5451720	 Acc:0.2840545
2021-11-25 21:08:45,317 -    ini file updated    
2021-11-25 21:08:45,322 - Snapshot saved to /data/users/wergillius/UTR_VAE/pth/RL_gru_MTL/1_layer_model/human_k9-model_best_cv1.pth

2021-11-25 21:08:45,322 -    ini file updated    
2021-11-25 21:08:45,322 - ===============================|    epoch 17   |===============================
2021-11-25 21:08:45,852 -     0 /  2109 (000%):	 Total:0.1291959	 Acc:0.4062500	 lr:0.0004668	 Mean_Total:0.1291959
2021-11-25 21:08:55,207 -   421 /  2109 (019%):	 Total:0.7396196	 Acc:0.2812500	 lr:0.0004641	 Mean_Total:0.3803994
2021-11-25 21:09:04,792 -   842 /  2109 (039%):	 Total:0.5817196	 Acc:0.2500000	 lr:0.0004614	 Mean_Total:0.4115954
2021-11-25 21:09:14,193 -  1263 /  2109 (059%):	 Total:0.5272701	 Acc:0.2187500	 lr:0.0004588	 Mean_Total:0.4384460
2021-11-25 21:09:23,802 -  1684 /  2109 (079%):	 Total:0.6047532	 Acc:0.1875000	 lr:0.0004562	 Mean_Total:0.4870891
2021-11-25 21:09:33,494 -  2105 /  2109 (099%):	 Total:0.5260283	 Acc:0.4062500	 lr:0.0004537	 Mean_Total:0.5263892
2021-11-25 21:09:33,677 - ===============================| start validation |===============================
2021-11-25 21:09:37,261 - 	 Total:0.5286287	 Acc:0.2869925
2021-11-25 21:09:37,264 -    ini file updated    
2021-11-25 21:09:37,272 - Snapshot saved to /data/users/wergillius/UTR_VAE/pth/RL_gru_MTL/1_layer_model/human_k9-model_best_cv1.pth

2021-11-25 21:09:37,273 -    ini file updated    
2021-11-25 21:09:37,273 - ===============================|    epoch 18   |===============================
2021-11-25 21:09:37,794 -     0 /  2109 (000%):	 Total:0.1835467	 Acc:0.3437500	 lr:0.0004536	 Mean_Total:0.1835467
2021-11-25 21:09:47,639 -   421 /  2109 (019%):	 Total:0.6789154	 Acc:0.2187500	 lr:0.0004511	 Mean_Total:0.3765122
2021-11-25 21:09:57,200 -   842 /  2109 (039%):	 Total:0.3195896	 Acc:0.3437500	 lr:0.0004487	 Mean_Total:0.4054516
2021-11-25 21:10:06,680 -  1263 /  2109 (059%):	 Total:0.6748679	 Acc:0.2812500	 lr:0.0004463	 Mean_Total:0.4354903
2021-11-25 21:10:16,066 -  1684 /  2109 (079%):	 Total:0.9252937	 Acc:0.1875000	 lr:0.0004439	 Mean_Total:0.4804037
2021-11-25 21:10:25,333 -  2105 /  2109 (099%):	 Total:0.4637439	 Acc:0.3750000	 lr:0.0004416	 Mean_Total:0.5208771
2021-11-25 21:10:25,534 - ===============================| start validation |===============================
2021-11-25 21:10:28,999 - 	 Total:0.5376180	 Acc:0.2860577
2021-11-25 21:10:29,003 -    ini file updated    
2021-11-25 21:10:29,003 - ===============================|    epoch 19   |===============================
2021-11-25 21:10:29,528 -     0 /  2109 (000%):	 Total:0.7470896	 Acc:0.4062500	 lr:0.0004415	 Mean_Total:0.7470896
2021-11-25 21:10:38,985 -   421 /  2109 (019%):	 Total:0.3275806	 Acc:0.4687500	 lr:0.0004392	 Mean_Total:0.3712758
2021-11-25 21:10:48,411 -   842 /  2109 (039%):	 Total:0.4078137	 Acc:0.2812500	 lr:0.0004370	 Mean_Total:0.3992541
2021-11-25 21:10:57,668 -  1263 /  2109 (059%):	 Total:0.7097506	 Acc:0.2812500	 lr:0.0004347	 Mean_Total:0.4275678
2021-11-25 21:11:06,892 -  1684 /  2109 (079%):	 Total:0.5407077	 Acc:0.2187500	 lr:0.0004325	 Mean_Total:0.4753650
2021-11-25 21:11:15,866 -  2105 /  2109 (099%):	 Total:0.5391272	 Acc:0.3125000	 lr:0.0004304	 Mean_Total:0.5138197
2021-11-25 21:11:16,051 - ===============================| start validation |===============================
2021-11-25 21:11:19,446 - 	 Total:0.5252157	 Acc:0.2848558
2021-11-25 21:11:19,450 -    ini file updated    
2021-11-25 21:11:19,458 - Snapshot saved to /data/users/wergillius/UTR_VAE/pth/RL_gru_MTL/1_layer_model/human_k9-model_best_cv1.pth

2021-11-25 21:11:19,459 -    ini file updated    
2021-11-25 21:11:19,459 - ===============================|    epoch 20   |===============================
2021-11-25 21:11:19,941 -     0 /  2109 (000%):	 Total:0.2910258	 Acc:0.3750000	 lr:0.0004304	 Mean_Total:0.2910258
2021-11-25 21:11:29,261 -   421 /  2109 (019%):	 Total:0.2693694	 Acc:0.4375000	 lr:0.0004282	 Mean_Total:0.3608190
2021-11-25 21:11:38,445 -   842 /  2109 (039%):	 Total:0.2154082	 Acc:0.3437500	 lr:0.0004261	 Mean_Total:0.3875622
2021-11-25 21:11:47,772 -  1263 /  2109 (059%):	 Total:0.3101819	 Acc:0.3437500	 lr:0.0004241	 Mean_Total:0.4206545
2021-11-25 21:11:57,096 -  1684 /  2109 (079%):	 Total:0.3808167	 Acc:0.2500000	 lr:0.0004220	 Mean_Total:0.4681891
2021-11-25 21:12:06,400 -  2105 /  2109 (099%):	 Total:0.3686166	 Acc:0.3437500	 lr:0.0004200	 Mean_Total:0.5054033
2021-11-25 21:12:06,603 - ===============================| start validation |===============================
2021-11-25 21:12:10,276 - 	 Total:0.5103067	 Acc:0.2881944
2021-11-25 21:12:10,281 -    ini file updated    
2021-11-25 21:12:10,290 - Snapshot saved to /data/users/wergillius/UTR_VAE/pth/RL_gru_MTL/1_layer_model/human_k9-model_best_cv1.pth

2021-11-25 21:12:10,292 -    ini file updated    
2021-11-25 21:12:10,292 - ===============================|    epoch 21   |===============================
2021-11-25 21:12:10,831 -     0 /  2109 (000%):	 Total:0.1586752	 Acc:0.5625000	 lr:0.0004200	 Mean_Total:0.1586752
2021-11-25 21:12:20,621 -   421 /  2109 (019%):	 Total:0.3872461	 Acc:0.2500000	 lr:0.0004180	 Mean_Total:0.3602060
2021-11-25 21:12:29,837 -   842 /  2109 (039%):	 Total:0.2880100	 Acc:0.3125000	 lr:0.0004161	 Mean_Total:0.3862988
2021-11-25 21:12:39,189 -  1263 /  2109 (059%):	 Total:0.5426550	 Acc:0.2187500	 lr:0.0004141	 Mean_Total:0.4137490
2021-11-25 21:12:48,555 -  1684 /  2109 (079%):	 Total:0.5213675	 Acc:0.2187500	 lr:0.0004122	 Mean_Total:0.4616323
2021-11-25 21:12:57,862 -  2105 /  2109 (099%):	 Total:0.4122676	 Acc:0.2187500	 lr:0.0004104	 Mean_Total:0.5007108
2021-11-25 21:12:58,043 - ===============================| start validation |===============================
2021-11-25 21:13:01,495 - 	 Total:0.5124965	 Acc:0.2915331
2021-11-25 21:13:01,499 -    ini file updated    
2021-11-25 21:13:01,505 - Snapshot saved to /data/users/wergillius/UTR_VAE/pth/RL_gru_MTL/1_layer_model/human_k9-model_best_cv1.pth

2021-11-25 21:13:01,505 -    ini file updated    
2021-11-25 21:13:01,505 - ===============================|    epoch 22   |===============================
2021-11-25 21:13:01,983 -     0 /  2109 (000%):	 Total:0.1682127	 Acc:0.4687500	 lr:0.0004103	 Mean_Total:0.1682127
2021-11-25 21:13:11,552 -   421 /  2109 (019%):	 Total:0.3343389	 Acc:0.3125000	 lr:0.0004085	 Mean_Total:0.3500594
2021-11-25 21:13:20,816 -   842 /  2109 (039%):	 Total:0.3360412	 Acc:0.2187500	 lr:0.0004067	 Mean_Total:0.3784255
2021-11-25 21:13:30,850 -  1263 /  2109 (059%):	 Total:0.6654620	 Acc:0.1562500	 lr:0.0004049	 Mean_Total:0.4060955
2021-11-25 21:13:40,221 -  1684 /  2109 (079%):	 Total:0.5612668	 Acc:0.3437500	 lr:0.0004031	 Mean_Total:0.4539122
2021-11-25 21:13:49,356 -  2105 /  2109 (099%):	 Total:0.4758018	 Acc:0.3125000	 lr:0.0004013	 Mean_Total:0.4937701
2021-11-25 21:13:49,568 - ===============================| start validation |===============================
2021-11-25 21:13:53,159 - 	 Total:0.5192227	 Acc:0.2861912
2021-11-25 21:13:53,165 -    ini file updated    
2021-11-25 21:13:53,166 - ===============================|    epoch 23   |===============================
2021-11-25 21:13:53,620 -     0 /  2109 (000%):	 Total:0.0869757	 Acc:0.5625000	 lr:0.0004013	 Mean_Total:0.0869757
2021-11-25 21:14:02,913 -   421 /  2109 (019%):	 Total:0.1507707	 Acc:0.4687500	 lr:0.0003996	 Mean_Total:0.3487489
2021-11-25 21:14:12,336 -   842 /  2109 (039%):	 Total:0.1636398	 Acc:0.4375000	 lr:0.0003979	 Mean_Total:0.3751031
2021-11-25 21:14:21,637 -  1263 /  2109 (059%):	 Total:0.5816942	 Acc:0.2812500	 lr:0.0003962	 Mean_Total:0.4106138
2021-11-25 21:14:30,832 -  1684 /  2109 (079%):	 Total:0.5139850	 Acc:0.0937500	 lr:0.0003945	 Mean_Total:0.4560919
2021-11-25 21:14:40,111 -  2105 /  2109 (099%):	 Total:0.3493066	 Acc:0.3437500	 lr:0.0003929	 Mean_Total:0.4909403
2021-11-25 21:14:40,323 - ===============================| start validation |===============================
2021-11-25 21:14:43,783 - 	 Total:0.4896955	 Acc:0.2891293
2021-11-25 21:14:43,786 -    ini file updated    
2021-11-25 21:14:43,793 - Snapshot saved to /data/users/wergillius/UTR_VAE/pth/RL_gru_MTL/1_layer_model/human_k9-model_best_cv1.pth

2021-11-25 21:14:43,794 -    ini file updated    
2021-11-25 21:14:43,794 - ===============================|    epoch 24   |===============================
2021-11-25 21:14:44,332 -     0 /  2109 (000%):	 Total:0.3542351	 Acc:0.3750000	 lr:0.0003929	 Mean_Total:0.3542351
2021-11-25 21:14:54,086 -   421 /  2109 (019%):	 Total:0.4388723	 Acc:0.2812500	 lr:0.0003912	 Mean_Total:0.3369699
2021-11-25 21:15:03,209 -   842 /  2109 (039%):	 Total:0.3624307	 Acc:0.3437500	 lr:0.0003896	 Mean_Total:0.3671766
2021-11-25 21:15:12,545 -  1263 /  2109 (059%):	 Total:0.3425231	 Acc:0.3437500	 lr:0.0003881	 Mean_Total:0.3938796
2021-11-25 21:15:21,794 -  1684 /  2109 (079%):	 Total:0.3263158	 Acc:0.2812500	 lr:0.0003865	 Mean_Total:0.4394248
2021-11-25 21:15:30,947 -  2105 /  2109 (099%):	 Total:0.5495280	 Acc:0.2812500	 lr:0.0003849	 Mean_Total:0.4792773
2021-11-25 21:15:31,141 - ===============================| start validation |===============================
2021-11-25 21:15:34,593 - 	 Total:0.4784519	 Acc:0.2909989
2021-11-25 21:15:34,597 -    ini file updated    
2021-11-25 21:15:34,605 - Snapshot saved to /data/users/wergillius/UTR_VAE/pth/RL_gru_MTL/1_layer_model/human_k9-model_best_cv1.pth

2021-11-25 21:15:34,606 -    ini file updated    
2021-11-25 21:15:34,607 - ===============================|    epoch 25   |===============================
2021-11-25 21:15:35,113 -     0 /  2109 (000%):	 Total:0.2750474	 Acc:0.4062500	 lr:0.0003849	 Mean_Total:0.2750474
2021-11-25 21:15:44,442 -   421 /  2109 (019%):	 Total:0.4497453	 Acc:0.3437500	 lr:0.0003834	 Mean_Total:0.3364673
2021-11-25 21:15:54,131 -   842 /  2109 (039%):	 Total:0.4295045	 Acc:0.2187500	 lr:0.0003819	 Mean_Total:0.3636482
2021-11-25 21:16:03,493 -  1263 /  2109 (059%):	 Total:0.2078956	 Acc:0.2500000	 lr:0.0003804	 Mean_Total:0.3937622
2021-11-25 21:16:12,870 -  1684 /  2109 (079%):	 Total:0.4835749	 Acc:0.1250000	 lr:0.0003789	 Mean_Total:0.4407262
2021-11-25 21:16:22,345 -  2105 /  2109 (099%):	 Total:0.5210426	 Acc:0.3125000	 lr:0.0003775	 Mean_Total:0.4778812
2021-11-25 21:16:22,559 - ===============================| start validation |===============================
2021-11-25 21:16:26,100 - 	 Total:0.4879148	 Acc:0.2926015
2021-11-25 21:16:26,105 -    ini file updated    
2021-11-25 21:16:26,112 - Snapshot saved to /data/users/wergillius/UTR_VAE/pth/RL_gru_MTL/1_layer_model/human_k9-model_best_cv1.pth

2021-11-25 21:16:26,113 -    ini file updated    
2021-11-25 21:16:26,113 - ===============================|    epoch 26   |===============================
2021-11-25 21:16:26,568 -     0 /  2109 (000%):	 Total:0.2878857	 Acc:0.3750000	 lr:0.0003775	 Mean_Total:0.2878857
2021-11-25 21:16:36,064 -   421 /  2109 (019%):	 Total:0.3418588	 Acc:0.3437500	 lr:0.0003760	 Mean_Total:0.3335264
2021-11-25 21:16:45,672 -   842 /  2109 (039%):	 Total:0.3840277	 Acc:0.3750000	 lr:0.0003746	 Mean_Total:0.3563667
2021-11-25 21:16:55,238 -  1263 /  2109 (059%):	 Total:0.6996342	 Acc:0.1562500	 lr:0.0003732	 Mean_Total:0.3867853
2021-11-25 21:17:04,820 -  1684 /  2109 (079%):	 Total:0.5554643	 Acc:0.1562500	 lr:0.0003718	 Mean_Total:0.4345916
2021-11-25 21:17:14,284 -  2105 /  2109 (099%):	 Total:0.4305187	 Acc:0.2187500	 lr:0.0003704	 Mean_Total:0.4722971
2021-11-25 21:17:14,491 - ===============================| start validation |===============================
2021-11-25 21:17:18,036 - 	 Total:0.4774101	 Acc:0.2903312
2021-11-25 21:17:18,040 -    ini file updated    
2021-11-25 21:17:18,045 - Snapshot saved to /data/users/wergillius/UTR_VAE/pth/RL_gru_MTL/1_layer_model/human_k9-model_best_cv1.pth

2021-11-25 21:17:18,046 -    ini file updated    
2021-11-25 21:17:18,046 - ===============================|    epoch 27   |===============================
2021-11-25 21:17:18,535 -     0 /  2109 (000%):	 Total:0.7042390	 Acc:0.4687500	 lr:0.0003704	 Mean_Total:0.7042390
2021-11-25 21:17:27,935 -   421 /  2109 (019%):	 Total:0.3912873	 Acc:0.2500000	 lr:0.0003690	 Mean_Total:0.3284809
2021-11-25 21:17:37,174 -   842 /  2109 (039%):	 Total:0.2049282	 Acc:0.4687500	 lr:0.0003677	 Mean_Total:0.3554775
2021-11-25 21:17:46,485 -  1263 /  2109 (059%):	 Total:0.6772515	 Acc:0.2812500	 lr:0.0003664	 Mean_Total:0.3835261
2021-11-25 21:17:55,699 -  1684 /  2109 (079%):	 Total:0.3702734	 Acc:0.2812500	 lr:0.0003650	 Mean_Total:0.4299104
2021-11-25 21:18:05,068 -  2105 /  2109 (099%):	 Total:0.2622486	 Acc:0.2187500	 lr:0.0003637	 Mean_Total:0.4686103
2021-11-25 21:18:05,268 - ===============================| start validation |===============================
2021-11-25 21:18:08,965 - 	 Total:0.4681952	 Acc:0.2935363
2021-11-25 21:18:08,968 -    ini file updated    
2021-11-25 21:18:08,974 - Snapshot saved to /data/users/wergillius/UTR_VAE/pth/RL_gru_MTL/1_layer_model/human_k9-model_best_cv1.pth

2021-11-25 21:18:08,975 -    ini file updated    
2021-11-25 21:18:08,975 - ===============================|    epoch 28   |===============================
2021-11-25 21:18:09,517 -     0 /  2109 (000%):	 Total:0.2031786	 Acc:0.4687500	 lr:0.0003637	 Mean_Total:0.2031786
2021-11-25 21:18:19,009 -   421 /  2109 (019%):	 Total:0.2368446	 Acc:0.3125000	 lr:0.0003624	 Mean_Total:0.3246738
2021-11-25 21:18:28,398 -   842 /  2109 (039%):	 Total:0.2011271	 Acc:0.3437500	 lr:0.0003612	 Mean_Total:0.3488019
2021-11-25 21:18:37,725 -  1263 /  2109 (059%):	 Total:0.2723513	 Acc:0.2500000	 lr:0.0003599	 Mean_Total:0.3771590
2021-11-25 21:18:46,911 -  1684 /  2109 (079%):	 Total:0.5362678	 Acc:0.1875000	 lr:0.0003586	 Mean_Total:0.4274340
2021-11-25 21:18:56,014 -  2105 /  2109 (099%):	 Total:0.5218278	 Acc:0.1875000	 lr:0.0003574	 Mean_Total:0.4658331
2021-11-25 21:18:56,184 - ===============================| start validation |===============================
2021-11-25 21:18:59,439 - 	 Total:0.4856917	 Acc:0.2887286
2021-11-25 21:18:59,443 -    ini file updated    
2021-11-25 21:18:59,444 - ===============================|    epoch 29   |===============================
2021-11-25 21:18:59,908 -     0 /  2109 (000%):	 Total:0.2204787	 Acc:0.4062500	 lr:0.0003574	 Mean_Total:0.2204787
2021-11-25 21:19:08,970 -   421 /  2109 (019%):	 Total:0.2624013	 Acc:0.3750000	 lr:0.0003562	 Mean_Total:0.3234559
2021-11-25 21:19:18,399 -   842 /  2109 (039%):	 Total:0.3453604	 Acc:0.4375000	 lr:0.0003550	 Mean_Total:0.3479306
2021-11-25 21:19:27,791 -  1263 /  2109 (059%):	 Total:0.3943503	 Acc:0.1875000	 lr:0.0003538	 Mean_Total:0.3748248
2021-11-25 21:19:37,229 -  1684 /  2109 (079%):	 Total:0.6297124	 Acc:0.1250000	 lr:0.0003526	 Mean_Total:0.4238995
2021-11-25 21:19:46,681 -  2105 /  2109 (099%):	 Total:0.6282327	 Acc:0.3125000	 lr:0.0003514	 Mean_Total:0.4630117
2021-11-25 21:19:46,873 - ===============================| start validation |===============================
2021-11-25 21:19:50,502 - 	 Total:0.4640935	 Acc:0.2959402
2021-11-25 21:19:50,506 -    ini file updated    
2021-11-25 21:19:50,512 - Snapshot saved to /data/users/wergillius/UTR_VAE/pth/RL_gru_MTL/1_layer_model/human_k9-model_best_cv1.pth

2021-11-25 21:19:50,513 -    ini file updated    
2021-11-25 21:19:50,513 - ===============================|    epoch 30   |===============================
2021-11-25 21:19:50,981 -     0 /  2109 (000%):	 Total:0.2515874	 Acc:0.3125000	 lr:0.0003514	 Mean_Total:0.2515874
2021-11-25 21:20:00,610 -   421 /  2109 (019%):	 Total:0.6596886	 Acc:0.3125000	 lr:0.0003502	 Mean_Total:0.3146037
2021-11-25 21:20:10,558 -   842 /  2109 (039%):	 Total:0.4629812	 Acc:0.3437500	 lr:0.0003491	 Mean_Total:0.3409959
2021-11-25 21:20:19,994 -  1263 /  2109 (059%):	 Total:0.3531886	 Acc:0.1875000	 lr:0.0003479	 Mean_Total:0.3721939
2021-11-25 21:20:29,396 -  1684 /  2109 (079%):	 Total:0.1745877	 Acc:0.2500000	 lr:0.0003468	 Mean_Total:0.4163461
2021-11-25 21:20:38,691 -  2105 /  2109 (099%):	 Total:0.2854396	 Acc:0.3125000	 lr:0.0003457	 Mean_Total:0.4563728
2021-11-25 21:20:38,885 - ===============================| start validation |===============================
2021-11-25 21:20:42,247 - 	 Total:0.4611909	 Acc:0.2946047
2021-11-25 21:20:42,250 -    ini file updated    
2021-11-25 21:20:42,261 - Snapshot saved to /data/users/wergillius/UTR_VAE/pth/RL_gru_MTL/1_layer_model/human_k9-model_best_cv1.pth

2021-11-25 21:20:42,262 -    ini file updated    
2021-11-25 21:20:42,262 - ===============================|    epoch 31   |===============================
2021-11-25 21:20:42,756 -     0 /  2109 (000%):	 Total:0.1685862	 Acc:0.3437500	 lr:0.0003457	 Mean_Total:0.1685862
2021-11-25 21:20:51,960 -   421 /  2109 (019%):	 Total:0.3368669	 Acc:0.1875000	 lr:0.0003446	 Mean_Total:0.3204048
2021-11-25 21:21:01,276 -   842 /  2109 (039%):	 Total:0.2376260	 Acc:0.2812500	 lr:0.0003435	 Mean_Total:0.3459226
2021-11-25 21:21:10,581 -  1263 /  2109 (059%):	 Total:0.7486936	 Acc:0.1562500	 lr:0.0003424	 Mean_Total:0.3733055
2021-11-25 21:21:19,728 -  1684 /  2109 (079%):	 Total:0.4659595	 Acc:0.2187500	 lr:0.0003413	 Mean_Total:0.4217912
2021-11-25 21:21:28,955 -  2105 /  2109 (099%):	 Total:0.4655495	 Acc:0.2500000	 lr:0.0003402	 Mean_Total:0.4594527
2021-11-25 21:21:29,146 - ===============================| start validation |===============================
2021-11-25 21:21:32,602 - 	 Total:0.4819034	 Acc:0.2931357
2021-11-25 21:21:32,606 -    ini file updated    
2021-11-25 21:21:32,606 - ===============================|    epoch 32   |===============================
2021-11-25 21:21:33,128 -     0 /  2109 (000%):	 Total:0.3946194	 Acc:0.2812500	 lr:0.0003402	 Mean_Total:0.3946194
2021-11-25 21:21:42,438 -   421 /  2109 (019%):	 Total:0.3277237	 Acc:0.2812500	 lr:0.0003392	 Mean_Total:0.3138584
2021-11-25 21:21:51,778 -   842 /  2109 (039%):	 Total:0.3153488	 Acc:0.3750000	 lr:0.0003381	 Mean_Total:0.3392417
2021-11-25 21:22:01,273 -  1263 /  2109 (059%):	 Total:0.6570011	 Acc:0.1875000	 lr:0.0003371	 Mean_Total:0.3707128
2021-11-25 21:22:10,562 -  1684 /  2109 (079%):	 Total:1.2582604	 Acc:0.2187500	 lr:0.0003361	 Mean_Total:0.4162402
2021-11-25 21:22:19,901 -  2105 /  2109 (099%):	 Total:0.4323466	 Acc:0.2500000	 lr:0.0003350	 Mean_Total:0.4545197
2021-11-25 21:22:20,120 - ===============================| start validation |===============================
2021-11-25 21:22:23,576 - 	 Total:0.4634158	 Acc:0.2999466
2021-11-25 21:22:23,579 -    ini file updated    
2021-11-25 21:22:23,586 - Snapshot saved to /data/users/wergillius/UTR_VAE/pth/RL_gru_MTL/1_layer_model/human_k9-model_best_cv1.pth

2021-11-25 21:22:23,587 -    ini file updated    
2021-11-25 21:22:23,587 - ===============================|    epoch 33   |===============================
2021-11-25 21:22:24,133 -     0 /  2109 (000%):	 Total:0.1958204	 Acc:0.4687500	 lr:0.0003350	 Mean_Total:0.1958204
2021-11-25 21:22:33,789 -   421 /  2109 (019%):	 Total:0.4331555	 Acc:0.4062500	 lr:0.0003340	 Mean_Total:0.3172343
2021-11-25 21:22:43,512 -   842 /  2109 (039%):	 Total:0.2091109	 Acc:0.5625000	 lr:0.0003330	 Mean_Total:0.3394147
2021-11-25 21:22:52,990 -  1263 /  2109 (059%):	 Total:0.4780457	 Acc:0.2812500	 lr:0.0003320	 Mean_Total:0.3681708
2021-11-25 21:23:02,394 -  1684 /  2109 (079%):	 Total:0.9942130	 Acc:0.1875000	 lr:0.0003311	 Mean_Total:0.4163490
2021-11-25 21:23:11,701 -  2105 /  2109 (099%):	 Total:0.3519880	 Acc:0.1875000	 lr:0.0003301	 Mean_Total:0.4526233
2021-11-25 21:23:11,898 - ===============================| start validation |===============================
2021-11-25 21:23:15,471 - 	 Total:0.4554283	 Acc:0.2958066
2021-11-25 21:23:15,477 -    ini file updated    
2021-11-25 21:23:15,486 - Snapshot saved to /data/users/wergillius/UTR_VAE/pth/RL_gru_MTL/1_layer_model/human_k9-model_best_cv1.pth

2021-11-25 21:23:15,487 -    ini file updated    
2021-11-25 21:23:15,487 - ===============================|    epoch 34   |===============================
2021-11-25 21:23:16,039 -     0 /  2109 (000%):	 Total:0.1250550	 Acc:0.5937500	 lr:0.0003301	 Mean_Total:0.1250550
2021-11-25 21:23:25,654 -   421 /  2109 (019%):	 Total:0.7348216	 Acc:0.2500000	 lr:0.0003291	 Mean_Total:0.3071030
2021-11-25 21:23:34,693 -   842 /  2109 (039%):	 Total:0.3098737	 Acc:0.2812500	 lr:0.0003282	 Mean_Total:0.3349928
2021-11-25 21:23:44,108 -  1263 /  2109 (059%):	 Total:0.2788520	 Acc:0.2500000	 lr:0.0003272	 Mean_Total:0.3647030
2021-11-25 21:23:53,767 -  1684 /  2109 (079%):	 Total:0.4540305	 Acc:0.1875000	 lr:0.0003263	 Mean_Total:0.4121762
2021-11-25 21:24:03,133 -  2105 /  2109 (099%):	 Total:0.3531252	 Acc:0.2187500	 lr:0.0003253	 Mean_Total:0.4484863
2021-11-25 21:24:03,337 - ===============================| start validation |===============================
2021-11-25 21:24:06,800 - 	 Total:0.4527333	 Acc:0.2944712
2021-11-25 21:24:06,805 -    ini file updated    
2021-11-25 21:24:06,813 - Snapshot saved to /data/users/wergillius/UTR_VAE/pth/RL_gru_MTL/1_layer_model/human_k9-model_best_cv1.pth

2021-11-25 21:24:06,814 -    ini file updated    
2021-11-25 21:24:06,814 - ===============================|    epoch 35   |===============================
2021-11-25 21:24:07,350 -     0 /  2109 (000%):	 Total:0.2695397	 Acc:0.4375000	 lr:0.0003253	 Mean_Total:0.2695397
2021-11-25 21:24:16,570 -   421 /  2109 (019%):	 Total:0.1577362	 Acc:0.4062500	 lr:0.0003244	 Mean_Total:0.3055804
2021-11-25 21:24:25,860 -   842 /  2109 (039%):	 Total:0.6445625	 Acc:0.2812500	 lr:0.0003235	 Mean_Total:0.3345199
2021-11-25 21:24:35,016 -  1263 /  2109 (059%):	 Total:0.5209724	 Acc:0.3125000	 lr:0.0003226	 Mean_Total:0.3623202
2021-11-25 21:24:44,314 -  1684 /  2109 (079%):	 Total:0.4173597	 Acc:0.3125000	 lr:0.0003217	 Mean_Total:0.4116479
2021-11-25 21:24:53,720 -  2105 /  2109 (099%):	 Total:0.3927342	 Acc:0.3125000	 lr:0.0003208	 Mean_Total:0.4481735
2021-11-25 21:24:53,903 - ===============================| start validation |===============================
2021-11-25 21:24:57,364 - 	 Total:0.4672504	 Acc:0.2951389
2021-11-25 21:24:57,369 -    ini file updated    
2021-11-25 21:24:57,369 - ===============================|    epoch 36   |===============================
2021-11-25 21:24:57,846 -     0 /  2109 (000%):	 Total:0.6557832	 Acc:0.2500000	 lr:0.0003208	 Mean_Total:0.6557832
2021-11-25 21:25:07,887 -   421 /  2109 (019%):	 Total:0.3284394	 Acc:0.3437500	 lr:0.0003199	 Mean_Total:0.3097495
2021-11-25 21:25:17,475 -   842 /  2109 (039%):	 Total:0.1953231	 Acc:0.2500000	 lr:0.0003190	 Mean_Total:0.3363916
2021-11-25 21:25:26,974 -  1263 /  2109 (059%):	 Total:0.6690134	 Acc:0.2187500	 lr:0.0003181	 Mean_Total:0.3618268
2021-11-25 21:25:36,038 -  1684 /  2109 (079%):	 Total:0.4223385	 Acc:0.3125000	 lr:0.0003173	 Mean_Total:0.4093350
2021-11-25 21:25:45,227 -  2105 /  2109 (099%):	 Total:0.5046608	 Acc:0.3750000	 lr:0.0003164	 Mean_Total:0.4471068
2021-11-25 21:25:45,414 - ===============================| start validation |===============================
2021-11-25 21:25:48,935 - 	 Total:0.4565473	 Acc:0.2968750
2021-11-25 21:25:48,940 -    ini file updated    
2021-11-25 21:25:48,940 - ===============================|    epoch 37   |===============================
2021-11-25 21:25:49,439 -     0 /  2109 (000%):	 Total:0.2139323	 Acc:0.5312500	 lr:0.0003164	 Mean_Total:0.2139323
2021-11-25 21:25:58,761 -   421 /  2109 (019%):	 Total:0.1752886	 Acc:0.3437500	 lr:0.0003156	 Mean_Total:0.3125712
2021-11-25 21:26:08,175 -   842 /  2109 (039%):	 Total:0.3250169	 Acc:0.2812500	 lr:0.0003147	 Mean_Total:0.3344241
2021-11-25 21:26:17,540 -  1263 /  2109 (059%):	 Total:0.4439170	 Acc:0.1875000	 lr:0.0003139	 Mean_Total:0.3619251
2021-11-25 21:26:26,850 -  1684 /  2109 (079%):	 Total:0.7403836	 Acc:0.1875000	 lr:0.0003131	 Mean_Total:0.4057159
2021-11-25 21:26:36,161 -  2105 /  2109 (099%):	 Total:0.2586031	 Acc:0.3437500	 lr:0.0003122	 Mean_Total:0.4444462
2021-11-25 21:26:36,358 - ===============================| start validation |===============================
2021-11-25 21:26:39,696 - 	 Total:0.4619716	 Acc:0.2968750
2021-11-25 21:26:39,702 -    ini file updated    
2021-11-25 21:26:39,702 - ===============================|    epoch 38   |===============================
2021-11-25 21:26:40,219 -     0 /  2109 (000%):	 Total:0.1348674	 Acc:0.5000000	 lr:0.0003122	 Mean_Total:0.1348674
2021-11-25 21:26:49,379 -   421 /  2109 (019%):	 Total:0.4574031	 Acc:0.3750000	 lr:0.0003114	 Mean_Total:0.3093377
2021-11-25 21:26:58,583 -   842 /  2109 (039%):	 Total:0.3523937	 Acc:0.2812500	 lr:0.0003106	 Mean_Total:0.3310847
2021-11-25 21:27:07,780 -  1263 /  2109 (059%):	 Total:0.5688398	 Acc:0.1250000	 lr:0.0003098	 Mean_Total:0.3592669
2021-11-25 21:27:17,203 -  1684 /  2109 (079%):	 Total:0.6188981	 Acc:0.3437500	 lr:0.0003090	 Mean_Total:0.4047417
2021-11-25 21:27:26,796 -  2105 /  2109 (099%):	 Total:0.3882729	 Acc:0.2812500	 lr:0.0003082	 Mean_Total:0.4447659
2021-11-25 21:27:27,004 - ===============================| start validation |===============================
2021-11-25 21:27:30,464 - 	 Total:0.4679675	 Acc:0.2951389
2021-11-25 21:27:30,467 -    ini file updated    
2021-11-25 21:27:30,468 - ===============================|    epoch 39   |===============================
2021-11-25 21:27:31,105 -     0 /  2109 (000%):	 Total:0.1177988	 Acc:0.3750000	 lr:0.0003082	 Mean_Total:0.1177988
2021-11-25 21:27:40,487 -   421 /  2109 (019%):	 Total:0.2039752	 Acc:0.4062500	 lr:0.0003074	 Mean_Total:0.3026022
2021-11-25 21:27:49,626 -   842 /  2109 (039%):	 Total:0.3137707	 Acc:0.3750000	 lr:0.0003066	 Mean_Total:0.3311308
2021-11-25 21:27:58,758 -  1263 /  2109 (059%):	 Total:0.5355105	 Acc:0.2812500	 lr:0.0003059	 Mean_Total:0.3592102
2021-11-25 21:28:07,973 -  1684 /  2109 (079%):	 Total:0.3437012	 Acc:0.3437500	 lr:0.0003051	 Mean_Total:0.4049097
2021-11-25 21:28:17,048 -  2105 /  2109 (099%):	 Total:1.0683585	 Acc:0.2187500	 lr:0.0003043	 Mean_Total:0.4431237
2021-11-25 21:28:17,250 - ===============================| start validation |===============================
2021-11-25 21:28:20,908 - 	 Total:0.4513748	 Acc:0.2982105
2021-11-25 21:28:20,911 -    ini file updated    
2021-11-25 21:28:20,916 - Snapshot saved to /data/users/wergillius/UTR_VAE/pth/RL_gru_MTL/1_layer_model/human_k9-model_best_cv1.pth

2021-11-25 21:28:20,917 -    ini file updated    
2021-11-25 21:28:20,917 - ===============================|    epoch 40   |===============================
2021-11-25 21:28:21,399 -     0 /  2109 (000%):	 Total:0.4744523	 Acc:0.3125000	 lr:0.0003043	 Mean_Total:0.4744523
2021-11-25 21:28:30,798 -   421 /  2109 (019%):	 Total:0.3077717	 Acc:0.2812500	 lr:0.0003036	 Mean_Total:0.3080348
2021-11-25 21:28:39,945 -   842 /  2109 (039%):	 Total:0.2152557	 Acc:0.3437500	 lr:0.0003028	 Mean_Total:0.3287126
2021-11-25 21:28:49,331 -  1263 /  2109 (059%):	 Total:0.5470872	 Acc:0.2187500	 lr:0.0003021	 Mean_Total:0.3572978
2021-11-25 21:28:58,383 -  1684 /  2109 (079%):	 Total:0.2857194	 Acc:0.3125000	 lr:0.0003013	 Mean_Total:0.4031789
2021-11-25 21:29:07,498 -  2105 /  2109 (099%):	 Total:0.4846891	 Acc:0.3437500	 lr:0.0003006	 Mean_Total:0.4426754
2021-11-25 21:29:07,707 - ===============================| start validation |===============================
2021-11-25 21:29:10,968 - 	 Total:0.4461390	 Acc:0.3000801
2021-11-25 21:29:10,972 -    ini file updated    
2021-11-25 21:29:10,977 - Snapshot saved to /data/users/wergillius/UTR_VAE/pth/RL_gru_MTL/1_layer_model/human_k9-model_best_cv1.pth

2021-11-25 21:29:10,978 -    ini file updated    
2021-11-25 21:29:10,978 - ===============================|    epoch 41   |===============================
2021-11-25 21:29:11,486 -     0 /  2109 (000%):	 Total:0.2108609	 Acc:0.3750000	 lr:0.0003006	 Mean_Total:0.2108609
2021-11-25 21:29:20,864 -   421 /  2109 (019%):	 Total:0.1820330	 Acc:0.3437500	 lr:0.0002999	 Mean_Total:0.2960490
2021-11-25 21:29:29,941 -   842 /  2109 (039%):	 Total:0.4557769	 Acc:0.4687500	 lr:0.0002991	 Mean_Total:0.3243819
2021-11-25 21:29:39,071 -  1263 /  2109 (059%):	 Total:0.5927907	 Acc:0.1562500	 lr:0.0002984	 Mean_Total:0.3555227
2021-11-25 21:29:48,522 -  1684 /  2109 (079%):	 Total:0.5179175	 Acc:0.3125000	 lr:0.0002977	 Mean_Total:0.4008942
2021-11-25 21:29:57,704 -  2105 /  2109 (099%):	 Total:0.4766444	 Acc:0.2500000	 lr:0.0002970	 Mean_Total:0.4400297
2021-11-25 21:29:57,905 - ===============================| start validation |===============================
2021-11-25 21:30:01,160 - 	 Total:0.4508043	 Acc:0.3015491
2021-11-25 21:30:01,164 -    ini file updated    
2021-11-25 21:30:01,171 - Snapshot saved to /data/users/wergillius/UTR_VAE/pth/RL_gru_MTL/1_layer_model/human_k9-model_best_cv1.pth

2021-11-25 21:30:01,171 -    ini file updated    
2021-11-25 21:30:01,172 - ===============================|    epoch 42   |===============================
2021-11-25 21:30:01,724 -     0 /  2109 (000%):	 Total:0.1203453	 Acc:0.4375000	 lr:0.0002970	 Mean_Total:0.1203453
2021-11-25 21:30:10,771 -   421 /  2109 (019%):	 Total:0.2429437	 Acc:0.2500000	 lr:0.0002963	 Mean_Total:0.2956524
2021-11-25 21:30:19,767 -   842 /  2109 (039%):	 Total:0.4502731	 Acc:0.2187500	 lr:0.0002956	 Mean_Total:0.3275552
2021-11-25 21:30:28,634 -  1263 /  2109 (059%):	 Total:0.2691723	 Acc:0.4375000	 lr:0.0002949	 Mean_Total:0.3525810
2021-11-25 21:30:37,634 -  1684 /  2109 (079%):	 Total:0.5194204	 Acc:0.1875000	 lr:0.0002942	 Mean_Total:0.3988324
2021-11-25 21:30:46,763 -  2105 /  2109 (099%):	 Total:0.4481990	 Acc:0.3437500	 lr:0.0002935	 Mean_Total:0.4360836
2021-11-25 21:30:46,943 - ===============================| start validation |===============================
2021-11-25 21:30:50,359 - 	 Total:0.4413208	 Acc:0.3032853
2021-11-25 21:30:50,362 -    ini file updated    
2021-11-25 21:30:50,369 - Snapshot saved to /data/users/wergillius/UTR_VAE/pth/RL_gru_MTL/1_layer_model/human_k9-model_best_cv1.pth

2021-11-25 21:30:50,369 -    ini file updated    
2021-11-25 21:30:50,370 - ===============================|    epoch 43   |===============================
2021-11-25 21:30:50,896 -     0 /  2109 (000%):	 Total:0.4938041	 Acc:0.4375000	 lr:0.0002935	 Mean_Total:0.4938041
2021-11-25 21:31:00,298 -   421 /  2109 (019%):	 Total:0.2412335	 Acc:0.3125000	 lr:0.0002928	 Mean_Total:0.3053660
2021-11-25 21:31:09,712 -   842 /  2109 (039%):	 Total:0.2883935	 Acc:0.5000000	 lr:0.0002922	 Mean_Total:0.3263733
2021-11-25 21:31:18,878 -  1263 /  2109 (059%):	 Total:0.4631322	 Acc:0.2187500	 lr:0.0002915	 Mean_Total:0.3546005
2021-11-25 21:31:28,045 -  1684 /  2109 (079%):	 Total:0.4025741	 Acc:0.3437500	 lr:0.0002908	 Mean_Total:0.4010764
2021-11-25 21:31:37,474 -  2105 /  2109 (099%):	 Total:0.5288782	 Acc:0.2500000	 lr:0.0002902	 Mean_Total:0.4375966
2021-11-25 21:31:37,651 - ===============================| start validation |===============================
2021-11-25 21:31:41,160 - 	 Total:0.4463730	 Acc:0.3019498
2021-11-25 21:31:41,164 -    ini file updated    
2021-11-25 21:31:41,164 - ===============================|    epoch 44   |===============================
2021-11-25 21:31:41,695 -     0 /  2109 (000%):	 Total:0.4152424	 Acc:0.2500000	 lr:0.0002902	 Mean_Total:0.4152424
2021-11-25 21:31:50,769 -   421 /  2109 (019%):	 Total:0.3154582	 Acc:0.2500000	 lr:0.0002895	 Mean_Total:0.2943120
2021-11-25 21:31:59,914 -   842 /  2109 (039%):	 Total:0.2439427	 Acc:0.3125000	 lr:0.0002888	 Mean_Total:0.3230927
2021-11-25 21:32:08,879 -  1263 /  2109 (059%):	 Total:0.4802023	 Acc:0.1875000	 lr:0.0002882	 Mean_Total:0.3493745
2021-11-25 21:32:17,916 -  1684 /  2109 (079%):	 Total:0.3215478	 Acc:0.2187500	 lr:0.0002876	 Mean_Total:0.3977258
2021-11-25 21:32:27,005 -  2105 /  2109 (099%):	 Total:0.3741235	 Acc:0.3125000	 lr:0.0002869	 Mean_Total:0.4340724
2021-11-25 21:32:27,199 - ===============================| start validation |===============================
2021-11-25 21:32:30,546 - 	 Total:0.4583126	 Acc:0.3000801
2021-11-25 21:32:30,551 -    ini file updated    
2021-11-25 21:32:30,551 - ===============================|    epoch 45   |===============================
2021-11-25 21:32:31,012 -     0 /  2109 (000%):	 Total:0.8612638	 Acc:0.4375000	 lr:0.0002869	 Mean_Total:0.8612638
2021-11-25 21:32:40,154 -   421 /  2109 (019%):	 Total:0.5357472	 Acc:0.3750000	 lr:0.0002863	 Mean_Total:0.2922273
2021-11-25 21:32:49,447 -   842 /  2109 (039%):	 Total:0.3359933	 Acc:0.2187500	 lr:0.0002856	 Mean_Total:0.3202552
2021-11-25 21:32:58,670 -  1263 /  2109 (059%):	 Total:1.0193803	 Acc:0.1250000	 lr:0.0002850	 Mean_Total:0.3467555
2021-11-25 21:33:07,929 -  1684 /  2109 (079%):	 Total:0.4533617	 Acc:0.2187500	 lr:0.0002844	 Mean_Total:0.3961749
2021-11-25 21:33:17,013 -  2105 /  2109 (099%):	 Total:0.3586645	 Acc:0.4062500	 lr:0.0002838	 Mean_Total:0.4340783
2021-11-25 21:33:17,172 - ===============================| start validation |===============================
2021-11-25 21:33:20,621 - 	 Total:0.4426413	 Acc:0.2995459
2021-11-25 21:33:20,624 -    ini file updated    
2021-11-25 21:33:20,625 - ===============================|    epoch 46   |===============================
2021-11-25 21:33:21,104 -     0 /  2109 (000%):	 Total:0.1609826	 Acc:0.3750000	 lr:0.0002838	 Mean_Total:0.1609826
2021-11-25 21:33:30,783 -   421 /  2109 (019%):	 Total:0.1586031	 Acc:0.3750000	 lr:0.0002832	 Mean_Total:0.2961618
2021-11-25 21:33:39,810 -   842 /  2109 (039%):	 Total:0.2644227	 Acc:0.3125000	 lr:0.0002826	 Mean_Total:0.3180623
2021-11-25 21:33:48,980 -  1263 /  2109 (059%):	 Total:0.2986770	 Acc:0.2500000	 lr:0.0002819	 Mean_Total:0.3494260
2021-11-25 21:33:58,025 -  1684 /  2109 (079%):	 Total:0.4484352	 Acc:0.1562500	 lr:0.0002813	 Mean_Total:0.3946491
2021-11-25 21:34:07,113 -  2105 /  2109 (099%):	 Total:0.5037631	 Acc:0.3750000	 lr:0.0002807	 Mean_Total:0.4318138
2021-11-25 21:34:07,287 - ===============================| start validation |===============================
2021-11-25 21:34:10,745 - 	 Total:0.4398914	 Acc:0.3056891
2021-11-25 21:34:10,748 -    ini file updated    
2021-11-25 21:34:10,754 - Snapshot saved to /data/users/wergillius/UTR_VAE/pth/RL_gru_MTL/1_layer_model/human_k9-model_best_cv1.pth

2021-11-25 21:34:10,755 -    ini file updated    
2021-11-25 21:34:10,755 - ===============================|    epoch 47   |===============================
2021-11-25 21:34:11,276 -     0 /  2109 (000%):	 Total:0.2919430	 Acc:0.2500000	 lr:0.0002807	 Mean_Total:0.2919430
2021-11-25 21:34:20,135 -   421 /  2109 (019%):	 Total:0.4764673	 Acc:0.3125000	 lr:0.0002801	 Mean_Total:0.2964090
2021-11-25 21:34:29,355 -   842 /  2109 (039%):	 Total:0.2513366	 Acc:0.3750000	 lr:0.0002796	 Mean_Total:0.3203556
2021-11-25 21:34:38,666 -  1263 /  2109 (059%):	 Total:0.5898641	 Acc:0.3125000	 lr:0.0002790	 Mean_Total:0.3481691
2021-11-25 21:34:47,841 -  1684 /  2109 (079%):	 Total:0.8957353	 Acc:0.1875000	 lr:0.0002784	 Mean_Total:0.3944267
2021-11-25 21:34:57,074 -  2105 /  2109 (099%):	 Total:0.4496028	 Acc:0.2500000	 lr:0.0002778	 Mean_Total:0.4324444
2021-11-25 21:34:57,239 - ===============================| start validation |===============================
2021-11-25 21:35:00,682 - 	 Total:0.4535340	 Acc:0.3012821
2021-11-25 21:35:00,685 -    ini file updated    
2021-11-25 21:35:00,685 - ===============================|    epoch 48   |===============================
2021-11-25 21:35:01,199 -     0 /  2109 (000%):	 Total:0.2331039	 Acc:0.4062500	 lr:0.0002778	 Mean_Total:0.2331039
2021-11-25 21:35:10,249 -   421 /  2109 (019%):	 Total:0.2864818	 Acc:0.4375000	 lr:0.0002772	 Mean_Total:0.2969654
2021-11-25 21:35:19,492 -   842 /  2109 (039%):	 Total:0.9904485	 Acc:0.2187500	 lr:0.0002767	 Mean_Total:0.3221017
2021-11-25 21:35:28,510 -  1263 /  2109 (059%):	 Total:0.5241133	 Acc:0.1875000	 lr:0.0002761	 Mean_Total:0.3448268
2021-11-25 21:35:37,810 -  1684 /  2109 (079%):	 Total:0.4453990	 Acc:0.3125000	 lr:0.0002755	 Mean_Total:0.3924870
2021-11-25 21:35:47,039 -  2105 /  2109 (099%):	 Total:0.5175605	 Acc:0.2187500	 lr:0.0002750	 Mean_Total:0.4338906
2021-11-25 21:35:47,208 - ===============================| start validation |===============================
2021-11-25 21:35:50,564 - 	 Total:0.4468792	 Acc:0.3055556
2021-11-25 21:35:50,568 -    ini file updated    
2021-11-25 21:35:50,568 - ===============================|    epoch 49   |===============================
2021-11-25 21:35:51,065 -     0 /  2109 (000%):	 Total:0.4096351	 Acc:0.3750000	 lr:0.0002750	 Mean_Total:0.4096351
2021-11-25 21:36:00,026 -   421 /  2109 (019%):	 Total:0.3517881	 Acc:0.4687500	 lr:0.0002744	 Mean_Total:0.2950934
2021-11-25 21:36:09,677 -   842 /  2109 (039%):	 Total:0.3480319	 Acc:0.3125000	 lr:0.0002738	 Mean_Total:0.3213631
2021-11-25 21:36:18,715 -  1263 /  2109 (059%):	 Total:0.2827524	 Acc:0.2812500	 lr:0.0002733	 Mean_Total:0.3479783
2021-11-25 21:36:27,934 -  1684 /  2109 (079%):	 Total:0.3179682	 Acc:0.2812500	 lr:0.0002727	 Mean_Total:0.3939110
2021-11-25 21:36:37,180 -  2105 /  2109 (099%):	 Total:0.5097853	 Acc:0.2812500	 lr:0.0002722	 Mean_Total:0.4307504
2021-11-25 21:36:37,352 - ===============================| start validation |===============================
2021-11-25 21:36:40,780 - 	 Total:0.4486012	 Acc:0.3012821
2021-11-25 21:36:40,783 -    ini file updated    
2021-11-25 21:36:40,784 - ===============================|    epoch 50   |===============================
2021-11-25 21:36:41,307 -     0 /  2109 (000%):	 Total:0.2724654	 Acc:0.4375000	 lr:0.0002722	 Mean_Total:0.2724654
2021-11-25 21:36:50,164 -   421 /  2109 (019%):	 Total:0.7027849	 Acc:0.2812500	 lr:0.0002716	 Mean_Total:0.2969939
2021-11-25 21:36:59,615 -   842 /  2109 (039%):	 Total:0.2588813	 Acc:0.4062500	 lr:0.0002711	 Mean_Total:0.3222524
2021-11-25 21:37:08,886 -  1263 /  2109 (059%):	 Total:0.5354323	 Acc:0.2187500	 lr:0.0002706	 Mean_Total:0.3480286
2021-11-25 21:37:17,991 -  1684 /  2109 (079%):	 Total:0.6826041	 Acc:0.1562500	 lr:0.0002700	 Mean_Total:0.3929756
2021-11-25 21:37:27,463 -  2105 /  2109 (099%):	 Total:0.4443545	 Acc:0.2812500	 lr:0.0002695	 Mean_Total:0.4297379
2021-11-25 21:37:27,640 - ===============================| start validation |===============================
2021-11-25 21:37:31,020 - 	 Total:0.4415598	 Acc:0.3002137
2021-11-25 21:37:31,022 -    ini file updated    
2021-11-25 21:37:31,023 - ===============================|    epoch 51   |===============================
2021-11-25 21:37:31,465 -     0 /  2109 (000%):	 Total:0.3624774	 Acc:0.3437500	 lr:0.0002695	 Mean_Total:0.3624774
2021-11-25 21:37:40,757 -   421 /  2109 (019%):	 Total:0.2852158	 Acc:0.3437500	 lr:0.0002690	 Mean_Total:0.2894252
2021-11-25 21:37:49,836 -   842 /  2109 (039%):	 Total:0.2484371	 Acc:0.4062500	 lr:0.0002685	 Mean_Total:0.3169342
2021-11-25 21:37:59,096 -  1263 /  2109 (059%):	 Total:0.3174292	 Acc:0.2812500	 lr:0.0002679	 Mean_Total:0.3442239
2021-11-25 21:38:08,269 -  1684 /  2109 (079%):	 Total:0.3992173	 Acc:0.2500000	 lr:0.0002674	 Mean_Total:0.3910301
2021-11-25 21:38:17,277 -  2105 /  2109 (099%):	 Total:0.3890716	 Acc:0.3125000	 lr:0.0002669	 Mean_Total:0.4284485
2021-11-25 21:38:17,467 - ===============================| start validation |===============================
2021-11-25 21:38:20,945 - 	 Total:0.4383605	 Acc:0.3036859
2021-11-25 21:38:20,948 -    ini file updated    
2021-11-25 21:38:20,955 - Snapshot saved to /data/users/wergillius/UTR_VAE/pth/RL_gru_MTL/1_layer_model/human_k9-model_best_cv1.pth

2021-11-25 21:38:20,956 -    ini file updated    
2021-11-25 21:38:20,956 - ===============================|    epoch 52   |===============================
2021-11-25 21:38:21,487 -     0 /  2109 (000%):	 Total:0.2318857	 Acc:0.2187500	 lr:0.0002669	 Mean_Total:0.2318857
2021-11-25 21:38:30,992 -   421 /  2109 (019%):	 Total:0.3948583	 Acc:0.4687500	 lr:0.0002664	 Mean_Total:0.2889469
2021-11-25 21:38:40,323 -   842 /  2109 (039%):	 Total:0.7082869	 Acc:0.1875000	 lr:0.0002659	 Mean_Total:0.3156282
2021-11-25 21:38:49,924 -  1263 /  2109 (059%):	 Total:0.3974161	 Acc:0.2500000	 lr:0.0002654	 Mean_Total:0.3413994
2021-11-25 21:38:59,235 -  1684 /  2109 (079%):	 Total:0.7572221	 Acc:0.2187500	 lr:0.0002649	 Mean_Total:0.3883292
2021-11-25 21:39:08,652 -  2105 /  2109 (099%):	 Total:0.5300928	 Acc:0.2812500	 lr:0.0002644	 Mean_Total:0.4258734
2021-11-25 21:39:08,857 - ===============================| start validation |===============================
2021-11-25 21:39:12,396 - 	 Total:0.4302947	 Acc:0.3044872
2021-11-25 21:39:12,399 -    ini file updated    
2021-11-25 21:39:12,406 - Snapshot saved to /data/users/wergillius/UTR_VAE/pth/RL_gru_MTL/1_layer_model/human_k9-model_best_cv1.pth

2021-11-25 21:39:12,407 -    ini file updated    
2021-11-25 21:39:12,407 - ===============================|    epoch 53   |===============================
2021-11-25 21:39:12,898 -     0 /  2109 (000%):	 Total:0.3216666	 Acc:0.2500000	 lr:0.0002644	 Mean_Total:0.3216666
2021-11-25 21:39:22,550 -   421 /  2109 (019%):	 Total:0.2824881	 Acc:0.4062500	 lr:0.0002639	 Mean_Total:0.2878544
2021-11-25 21:39:31,897 -   842 /  2109 (039%):	 Total:0.2751651	 Acc:0.3437500	 lr:0.0002634	 Mean_Total:0.3170334
2021-11-25 21:39:41,182 -  1263 /  2109 (059%):	 Total:0.2491510	 Acc:0.2812500	 lr:0.0002629	 Mean_Total:0.3436240
2021-11-25 21:39:50,522 -  1684 /  2109 (079%):	 Total:0.4689103	 Acc:0.4375000	 lr:0.0002624	 Mean_Total:0.3896185
2021-11-25 21:39:59,887 -  2105 /  2109 (099%):	 Total:0.4897292	 Acc:0.2187500	 lr:0.0002619	 Mean_Total:0.4261808
2021-11-25 21:40:00,087 - ===============================| start validation |===============================
2021-11-25 21:40:03,574 - 	 Total:0.4522544	 Acc:0.2990118
2021-11-25 21:40:03,579 -    ini file updated    
2021-11-25 21:40:03,579 - ===============================|    epoch 54   |===============================
2021-11-25 21:40:04,194 -     0 /  2109 (000%):	 Total:0.4429298	 Acc:0.4375000	 lr:0.0002619	 Mean_Total:0.4429298
2021-11-25 21:40:13,349 -   421 /  2109 (019%):	 Total:0.2444672	 Acc:0.4062500	 lr:0.0002614	 Mean_Total:0.2861624
2021-11-25 21:40:22,530 -   842 /  2109 (039%):	 Total:0.3228545	 Acc:0.2500000	 lr:0.0002610	 Mean_Total:0.3147904
2021-11-25 21:40:31,708 -  1263 /  2109 (059%):	 Total:0.1940348	 Acc:0.2187500	 lr:0.0002605	 Mean_Total:0.3404093
2021-11-25 21:40:40,864 -  1684 /  2109 (079%):	 Total:0.7789731	 Acc:0.0937500	 lr:0.0002600	 Mean_Total:0.3859454
2021-11-25 21:40:49,918 -  2105 /  2109 (099%):	 Total:0.5794293	 Acc:0.3125000	 lr:0.0002595	 Mean_Total:0.4233563
2021-11-25 21:40:50,102 - ===============================| start validation |===============================
2021-11-25 21:40:53,496 - 	 Total:0.4362820	 Acc:0.3051549
2021-11-25 21:40:53,501 -    ini file updated    
2021-11-25 21:40:53,501 - ===============================|    epoch 55   |===============================
2021-11-25 21:40:54,031 -     0 /  2109 (000%):	 Total:0.2189581	 Acc:0.4062500	 lr:0.0002595	 Mean_Total:0.2189581
2021-11-25 21:41:02,963 -   421 /  2109 (019%):	 Total:0.1884691	 Acc:0.3750000	 lr:0.0002591	 Mean_Total:0.2890618
2021-11-25 21:41:12,104 -   842 /  2109 (039%):	 Total:0.2579846	 Acc:0.3125000	 lr:0.0002586	 Mean_Total:0.3128975
2021-11-25 21:41:20,969 -  1263 /  2109 (059%):	 Total:0.3701661	 Acc:0.1875000	 lr:0.0002581	 Mean_Total:0.3412732
2021-11-25 21:41:29,812 -  1684 /  2109 (079%):	 Total:0.5466969	 Acc:0.2187500	 lr:0.0002577	 Mean_Total:0.3873796
2021-11-25 21:41:39,212 -  2105 /  2109 (099%):	 Total:0.2279342	 Acc:0.2187500	 lr:0.0002572	 Mean_Total:0.4241654
2021-11-25 21:41:39,401 - ===============================| start validation |===============================
2021-11-25 21:41:42,633 - 	 Total:0.4392768	 Acc:0.2999466
2021-11-25 21:41:42,638 -    ini file updated    
2021-11-25 21:41:42,638 - ===============================|    epoch 56   |===============================
2021-11-25 21:41:43,091 -     0 /  2109 (000%):	 Total:0.1364090	 Acc:0.5000000	 lr:0.0002572	 Mean_Total:0.1364090
2021-11-25 21:41:52,239 -   421 /  2109 (019%):	 Total:0.3428206	 Acc:0.5000000	 lr:0.0002567	 Mean_Total:0.2874283
2021-11-25 21:42:01,262 -   842 /  2109 (039%):	 Total:0.3147206	 Acc:0.2500000	 lr:0.0002563	 Mean_Total:0.3131232
2021-11-25 21:42:10,352 -  1263 /  2109 (059%):	 Total:0.6017320	 Acc:0.2500000	 lr:0.0002558	 Mean_Total:0.3397011
2021-11-25 21:42:19,251 -  1684 /  2109 (079%):	 Total:0.5813966	 Acc:0.3437500	 lr:0.0002554	 Mean_Total:0.3872903
2021-11-25 21:42:28,391 -  2105 /  2109 (099%):	 Total:0.4704457	 Acc:0.3125000	 lr:0.0002549	 Mean_Total:0.4236271
2021-11-25 21:42:28,561 - ===============================| start validation |===============================
2021-11-25 21:42:31,970 - 	 Total:0.4372484	 Acc:0.3060897
2021-11-25 21:42:31,975 -    ini file updated    
2021-11-25 21:42:31,984 - Snapshot saved to /data/users/wergillius/UTR_VAE/pth/RL_gru_MTL/1_layer_model/human_k9-model_best_cv1.pth

2021-11-25 21:42:31,985 -    ini file updated    
2021-11-25 21:42:31,985 - ===============================|    epoch 57   |===============================
2021-11-25 21:42:32,453 -     0 /  2109 (000%):	 Total:0.3656942	 Acc:0.4062500	 lr:0.0002549	 Mean_Total:0.3656942
2021-11-25 21:42:41,568 -   421 /  2109 (019%):	 Total:0.3283745	 Acc:0.3750000	 lr:0.0002545	 Mean_Total:0.2883109
2021-11-25 21:42:51,157 -   842 /  2109 (039%):	 Total:0.2700393	 Acc:0.4062500	 lr:0.0002540	 Mean_Total:0.3160768
2021-11-25 21:43:00,396 -  1263 /  2109 (059%):	 Total:0.2470298	 Acc:0.2812500	 lr:0.0002536	 Mean_Total:0.3422368
2021-11-25 21:43:09,122 -  1684 /  2109 (079%):	 Total:0.9434394	 Acc:0.1875000	 lr:0.0002532	 Mean_Total:0.3864387
2021-11-25 21:43:17,025 -  2105 /  2109 (099%):	 Total:0.3124183	 Acc:0.2812500	 lr:0.0002527	 Mean_Total:0.4226506
2021-11-25 21:43:17,199 - ===============================| start validation |===============================
2021-11-25 21:43:20,008 - 	 Total:0.4319668	 Acc:0.3059562
2021-11-25 21:43:20,011 -    ini file updated    
2021-11-25 21:43:20,012 - ===============================|    epoch 58   |===============================
2021-11-25 21:43:20,444 -     0 /  2109 (000%):	 Total:0.3048263	 Acc:0.3437500	 lr:0.0002527	 Mean_Total:0.3048263
2021-11-25 21:43:28,332 -   421 /  2109 (019%):	 Total:0.5023231	 Acc:0.2812500	 lr:0.0002523	 Mean_Total:0.2860225
2021-11-25 21:43:36,029 -   842 /  2109 (039%):	 Total:0.9262452	 Acc:0.3750000	 lr:0.0002519	 Mean_Total:0.3147048
2021-11-25 21:43:44,066 -  1263 /  2109 (059%):	 Total:0.7684076	 Acc:0.2812500	 lr:0.0002514	 Mean_Total:0.3385134
2021-11-25 21:43:52,008 -  1684 /  2109 (079%):	 Total:0.4704541	 Acc:0.2500000	 lr:0.0002510	 Mean_Total:0.3840386
2021-11-25 21:44:00,399 -  2105 /  2109 (099%):	 Total:0.5691745	 Acc:0.2812500	 lr:0.0002506	 Mean_Total:0.4210422
2021-11-25 21:44:00,607 - ===============================| start validation |===============================
2021-11-25 21:44:03,396 - 	 Total:0.4428739	 Acc:0.3030182
2021-11-25 21:44:03,400 -    ini file updated    
2021-11-25 21:44:03,400 - ===============================|    epoch 59   |===============================
2021-11-25 21:44:03,941 -     0 /  2109 (000%):	 Total:0.1636621	 Acc:0.5625000	 lr:0.0002506	 Mean_Total:0.1636621
2021-11-25 21:44:11,840 -   421 /  2109 (019%):	 Total:0.3710685	 Acc:0.3750000	 lr:0.0002501	 Mean_Total:0.2875778
2021-11-25 21:44:19,672 -   842 /  2109 (039%):	 Total:0.3500966	 Acc:0.3437500	 lr:0.0002497	 Mean_Total:0.3105864
2021-11-25 21:44:27,553 -  1263 /  2109 (059%):	 Total:0.2185873	 Acc:0.4687500	 lr:0.0002493	 Mean_Total:0.3403565
2021-11-25 21:44:35,386 -  1684 /  2109 (079%):	 Total:0.4090752	 Acc:0.1562500	 lr:0.0002489	 Mean_Total:0.3852637
2021-11-25 21:44:43,051 -  2105 /  2109 (099%):	 Total:0.4179756	 Acc:0.2500000	 lr:0.0002485	 Mean_Total:0.4224353
2021-11-25 21:44:43,228 - ===============================| start validation |===============================
2021-11-25 21:44:46,079 - 	 Total:0.4312608	 Acc:0.3055556
2021-11-25 21:44:46,083 -    ini file updated    
2021-11-25 21:44:46,084 - ===============================|    epoch 60   |===============================
2021-11-25 21:44:46,553 -     0 /  2109 (000%):	 Total:0.1709627	 Acc:0.4375000	 lr:0.0002485	 Mean_Total:0.1709627
2021-11-25 21:44:54,526 -   421 /  2109 (019%):	 Total:0.2454620	 Acc:0.4687500	 lr:0.0002481	 Mean_Total:0.2814776
2021-11-25 21:45:02,318 -   842 /  2109 (039%):	 Total:0.2162566	 Acc:0.3750000	 lr:0.0002477	 Mean_Total:0.3081829
2021-11-25 21:45:09,727 -  1263 /  2109 (059%):	 Total:0.4040236	 Acc:0.2500000	 lr:0.0002472	 Mean_Total:0.3390307
2021-11-25 21:45:16,813 -  1684 /  2109 (079%):	 Total:0.8016326	 Acc:0.1250000	 lr:0.0002468	 Mean_Total:0.3819315
2021-11-25 21:45:23,609 -  2105 /  2109 (099%):	 Total:0.4218926	 Acc:0.3437500	 lr:0.0002464	 Mean_Total:0.4187683
2021-11-25 21:45:23,751 - ===============================| start validation |===============================
2021-11-25 21:45:26,172 - 	 Total:0.4380701	 Acc:0.3071581
2021-11-25 21:45:26,177 -    ini file updated    
2021-11-25 21:45:26,184 - Snapshot saved to /data/users/wergillius/UTR_VAE/pth/RL_gru_MTL/1_layer_model/human_k9-model_best_cv1.pth

2021-11-25 21:45:26,184 -    ini file updated    
