2021-11-25 20:54:08,615 -   	 	 ==============<<< device used: cuda:2  >>>============== 	 	 
2021-11-25 20:54:16,531 - ===============================|    epoch 0   |===============================
2021-11-25 20:54:17,272 -     0 /  2109 (000%):	 Total:32.5204391	 Acc:0.0000000	 lr:0.0009882	 Mean_Total:32.5204391
2021-11-25 20:54:26,446 -   421 /  2109 (019%):	 Total:0.7602777	 Acc:0.2500000	 lr:0.0043027	 Mean_Total:1.6410871
2021-11-25 20:54:35,639 -   842 /  2109 (039%):	 Total:0.8335624	 Acc:0.1875000	 lr:0.0030443	 Mean_Total:1.3166469
2021-11-25 20:54:45,158 -  1263 /  2109 (059%):	 Total:1.4963285	 Acc:0.2500000	 lr:0.0024861	 Mean_Total:1.1930688
2021-11-25 20:54:54,597 -  1684 /  2109 (079%):	 Total:1.8542584	 Acc:0.0625000	 lr:0.0021533	 Mean_Total:1.1607282
2021-11-25 20:55:04,192 -  2105 /  2109 (099%):	 Total:0.8064874	 Acc:0.1875000	 lr:0.0019260	 Mean_Total:1.1531229
2021-11-25 20:55:04,404 - ===============================| start validation |===============================
2021-11-25 20:55:07,774 - 	 Total:0.9857298	 Acc:0.2118056
2021-11-25 20:55:07,778 -    ini file updated    
2021-11-25 20:55:07,787 - Snapshot saved to /data/users/wergillius/UTR_VAE/pth/RL_gru_MTL/1_layer_model/human_k9-model_best_cv0.pth

2021-11-25 20:55:07,788 -    ini file updated    
2021-11-25 20:55:07,789 - ===============================|    epoch 1   |===============================
2021-11-25 20:55:08,354 -     0 /  2109 (000%):	 Total:0.3625799	 Acc:0.2187500	 lr:0.0019242	 Mean_Total:0.3625799
2021-11-25 20:55:17,770 -   421 /  2109 (019%):	 Total:0.4016855	 Acc:0.2187500	 lr:0.0017569	 Mean_Total:0.8600527
2021-11-25 20:55:27,178 -   842 /  2109 (039%):	 Total:0.8379735	 Acc:0.1875000	 lr:0.0016268	 Mean_Total:0.8557282
2021-11-25 20:55:37,277 -  1263 /  2109 (059%):	 Total:0.9005795	 Acc:0.1250000	 lr:0.0015219	 Mean_Total:0.8611236
2021-11-25 20:55:46,566 -  1684 /  2109 (079%):	 Total:0.7968035	 Acc:0.1250000	 lr:0.0014350	 Mean_Total:0.8904926
2021-11-25 20:55:55,676 -  2105 /  2109 (099%):	 Total:1.6854589	 Acc:0.2500000	 lr:0.0013614	 Mean_Total:0.9245543
2021-11-25 20:55:55,883 - ===============================| start validation |===============================
2021-11-25 20:55:59,126 - 	 Total:0.9186299	 Acc:0.2284989
2021-11-25 20:55:59,131 -    ini file updated    
2021-11-25 20:55:59,139 - Snapshot saved to /data/users/wergillius/UTR_VAE/pth/RL_gru_MTL/1_layer_model/human_k9-model_best_cv0.pth

2021-11-25 20:55:59,139 -    ini file updated    
2021-11-25 20:55:59,139 - ===============================|    epoch 2   |===============================
2021-11-25 20:55:59,655 -     0 /  2109 (000%):	 Total:0.3817541	 Acc:0.4687500	 lr:0.0013608	 Mean_Total:0.3817541
2021-11-25 20:56:09,106 -   421 /  2109 (019%):	 Total:0.8051908	 Acc:0.3125000	 lr:0.0012976	 Mean_Total:0.7940534
2021-11-25 20:56:18,203 -   842 /  2109 (039%):	 Total:0.6814439	 Acc:0.2187500	 lr:0.0012424	 Mean_Total:0.7959763
2021-11-25 20:56:27,314 -  1263 /  2109 (059%):	 Total:0.5526941	 Acc:0.1875000	 lr:0.0011938	 Mean_Total:0.8033886
2021-11-25 20:56:36,355 -  1684 /  2109 (079%):	 Total:1.6441863	 Acc:0.1250000	 lr:0.0011504	 Mean_Total:0.8358108
2021-11-25 20:56:45,392 -  2105 /  2109 (099%):	 Total:0.9515953	 Acc:0.2187500	 lr:0.0011115	 Mean_Total:0.8668204
2021-11-25 20:56:45,586 - ===============================| start validation |===============================
2021-11-25 20:56:48,982 - 	 Total:0.8624163	 Acc:0.2377137
2021-11-25 20:56:48,986 -    ini file updated    
2021-11-25 20:56:48,995 - Snapshot saved to /data/users/wergillius/UTR_VAE/pth/RL_gru_MTL/1_layer_model/human_k9-model_best_cv0.pth

2021-11-25 20:56:48,996 -    ini file updated    
2021-11-25 20:56:48,996 - ===============================|    epoch 3   |===============================
2021-11-25 20:56:49,557 -     0 /  2109 (000%):	 Total:0.9499113	 Acc:0.3125000	 lr:0.0011111	 Mean_Total:0.9499113
2021-11-25 20:56:58,833 -   421 /  2109 (019%):	 Total:0.8715581	 Acc:0.4062500	 lr:0.0010759	 Mean_Total:0.7190843
2021-11-25 20:57:07,945 -   842 /  2109 (039%):	 Total:0.9142734	 Acc:0.3437500	 lr:0.0010438	 Mean_Total:0.7298391
2021-11-25 20:57:17,191 -  1263 /  2109 (059%):	 Total:0.8895850	 Acc:0.3125000	 lr:0.0010145	 Mean_Total:0.7441887
2021-11-25 20:57:26,434 -  1684 /  2109 (079%):	 Total:0.7100471	 Acc:0.1562500	 lr:0.0009875	 Mean_Total:0.7791100
2021-11-25 20:57:35,822 -  2105 /  2109 (099%):	 Total:1.6592526	 Acc:0.2812500	 lr:0.0009625	 Mean_Total:0.8124638
2021-11-25 20:57:36,051 - ===============================| start validation |===============================
2021-11-25 20:57:39,411 - 	 Total:0.8065279	 Acc:0.2545406
2021-11-25 20:57:39,414 -    ini file updated    
2021-11-25 20:57:39,420 - Snapshot saved to /data/users/wergillius/UTR_VAE/pth/RL_gru_MTL/1_layer_model/human_k9-model_best_cv0.pth

2021-11-25 20:57:39,421 -    ini file updated    
2021-11-25 20:57:39,421 - ===============================|    epoch 4   |===============================
2021-11-25 20:57:39,916 -     0 /  2109 (000%):	 Total:1.0671563	 Acc:0.3750000	 lr:0.0009623	 Mean_Total:1.0671563
2021-11-25 20:57:49,185 -   421 /  2109 (019%):	 Total:0.8589672	 Acc:0.2500000	 lr:0.0009391	 Mean_Total:0.6505641
2021-11-25 20:57:58,613 -   842 /  2109 (039%):	 Total:1.2062377	 Acc:0.3437500	 lr:0.0009176	 Mean_Total:0.6767515
2021-11-25 20:58:08,021 -  1263 /  2109 (059%):	 Total:0.5343952	 Acc:0.2812500	 lr:0.0008974	 Mean_Total:0.6947881
2021-11-25 20:58:17,914 -  1684 /  2109 (079%):	 Total:1.1565123	 Acc:0.1562500	 lr:0.0008786	 Mean_Total:0.7309932
2021-11-25 20:58:27,572 -  2105 /  2109 (099%):	 Total:0.5316771	 Acc:0.2812500	 lr:0.0008609	 Mean_Total:0.7654927
2021-11-25 20:58:27,775 - ===============================| start validation |===============================
2021-11-25 20:58:31,243 - 	 Total:0.7921132	 Acc:0.2411859
2021-11-25 20:58:31,246 -    ini file updated    
2021-11-25 20:58:31,253 - Snapshot saved to /data/users/wergillius/UTR_VAE/pth/RL_gru_MTL/1_layer_model/human_k9-model_best_cv0.pth

2021-11-25 20:58:31,254 -    ini file updated    
2021-11-25 20:58:31,254 - ===============================|    epoch 5   |===============================
2021-11-25 20:58:31,758 -     0 /  2109 (000%):	 Total:0.8075275	 Acc:0.3125000	 lr:0.0008607	 Mean_Total:0.8075275
2021-11-25 20:58:41,188 -   421 /  2109 (019%):	 Total:0.2219498	 Acc:0.2812500	 lr:0.0008440	 Mean_Total:0.6163731
2021-11-25 20:58:50,441 -   842 /  2109 (039%):	 Total:0.6320873	 Acc:0.2812500	 lr:0.0008283	 Mean_Total:0.6484917
2021-11-25 20:59:00,035 -  1263 /  2109 (059%):	 Total:0.7461063	 Acc:0.3437500	 lr:0.0008134	 Mean_Total:0.6671763
2021-11-25 20:59:09,675 -  1684 /  2109 (079%):	 Total:1.2875659	 Acc:0.2500000	 lr:0.0007992	 Mean_Total:0.7071204
2021-11-25 20:59:18,905 -  2105 /  2109 (099%):	 Total:0.8419078	 Acc:0.2187500	 lr:0.0007858	 Mean_Total:0.7432639
2021-11-25 20:59:19,118 - ===============================| start validation |===============================
2021-11-25 20:59:22,755 - 	 Total:0.7697664	 Acc:0.2586806
2021-11-25 20:59:22,763 -    ini file updated    
2021-11-25 20:59:22,772 - Snapshot saved to /data/users/wergillius/UTR_VAE/pth/RL_gru_MTL/1_layer_model/human_k9-model_best_cv0.pth

2021-11-25 20:59:22,773 -    ini file updated    
2021-11-25 20:59:22,773 - ===============================|    epoch 6   |===============================
2021-11-25 20:59:23,278 -     0 /  2109 (000%):	 Total:0.7600145	 Acc:0.4062500	 lr:0.0007857	 Mean_Total:0.7600145
2021-11-25 20:59:32,927 -   421 /  2109 (019%):	 Total:0.7224443	 Acc:0.2500000	 lr:0.0007730	 Mean_Total:0.5927539
2021-11-25 20:59:42,520 -   842 /  2109 (039%):	 Total:1.2629578	 Acc:0.3437500	 lr:0.0007608	 Mean_Total:0.6276033
2021-11-25 20:59:51,984 -  1263 /  2109 (059%):	 Total:0.5169992	 Acc:0.2187500	 lr:0.0007492	 Mean_Total:0.6469890
2021-11-25 21:00:01,281 -  1684 /  2109 (079%):	 Total:1.2419925	 Acc:0.1562500	 lr:0.0007381	 Mean_Total:0.6877849
2021-11-25 21:00:10,847 -  2105 /  2109 (099%):	 Total:0.7778200	 Acc:0.3125000	 lr:0.0007275	 Mean_Total:0.7242632
2021-11-25 21:00:11,074 - ===============================| start validation |===============================
2021-11-25 21:00:14,824 - 	 Total:0.7553322	 Acc:0.2512019
2021-11-25 21:00:14,829 -    ini file updated    
2021-11-25 21:00:14,837 - Snapshot saved to /data/users/wergillius/UTR_VAE/pth/RL_gru_MTL/1_layer_model/human_k9-model_best_cv0.pth

2021-11-25 21:00:14,838 -    ini file updated    
2021-11-25 21:00:14,838 - ===============================|    epoch 7   |===============================
2021-11-25 21:00:15,403 -     0 /  2109 (000%):	 Total:0.3291151	 Acc:0.2500000	 lr:0.0007274	 Mean_Total:0.3291151
2021-11-25 21:00:24,859 -   421 /  2109 (019%):	 Total:0.5284758	 Acc:0.3125000	 lr:0.0007173	 Mean_Total:0.5785192
2021-11-25 21:00:34,580 -   842 /  2109 (039%):	 Total:0.3339204	 Acc:0.2812500	 lr:0.0007075	 Mean_Total:0.6149232
2021-11-25 21:00:43,839 -  1263 /  2109 (059%):	 Total:0.6330254	 Acc:0.2187500	 lr:0.0006982	 Mean_Total:0.6322002
2021-11-25 21:00:53,324 -  1684 /  2109 (079%):	 Total:1.0956326	 Acc:0.1875000	 lr:0.0006892	 Mean_Total:0.6729019
2021-11-25 21:01:02,579 -  2105 /  2109 (099%):	 Total:0.6302093	 Acc:0.2500000	 lr:0.0006805	 Mean_Total:0.7105360
2021-11-25 21:01:02,787 - ===============================| start validation |===============================
2021-11-25 21:01:06,117 - 	 Total:0.7464083	 Acc:0.2610844
2021-11-25 21:01:06,122 -    ini file updated    
2021-11-25 21:01:06,131 - Snapshot saved to /data/users/wergillius/UTR_VAE/pth/RL_gru_MTL/1_layer_model/human_k9-model_best_cv0.pth

2021-11-25 21:01:06,132 -    ini file updated    
2021-11-25 21:01:06,132 - ===============================|    epoch 8   |===============================
2021-11-25 21:01:06,688 -     0 /  2109 (000%):	 Total:0.3661556	 Acc:0.4062500	 lr:0.0006805	 Mean_Total:0.3661556
2021-11-25 21:01:16,084 -   421 /  2109 (019%):	 Total:0.6680331	 Acc:0.1875000	 lr:0.0006721	 Mean_Total:0.5681888
2021-11-25 21:01:25,480 -   842 /  2109 (039%):	 Total:0.4966072	 Acc:0.2187500	 lr:0.0006641	 Mean_Total:0.6006560
2021-11-25 21:01:34,844 -  1263 /  2109 (059%):	 Total:1.3538647	 Acc:0.1562500	 lr:0.0006563	 Mean_Total:0.6217022
2021-11-25 21:01:44,065 -  1684 /  2109 (079%):	 Total:0.6630402	 Acc:0.2187500	 lr:0.0006488	 Mean_Total:0.6606109
2021-11-25 21:01:53,392 -  2105 /  2109 (099%):	 Total:0.9422861	 Acc:0.2812500	 lr:0.0006416	 Mean_Total:0.6951847
2021-11-25 21:01:53,575 - ===============================| start validation |===============================
2021-11-25 21:01:56,971 - 	 Total:0.7487756	 Acc:0.2618857
2021-11-25 21:01:56,976 -    ini file updated    
2021-11-25 21:01:56,985 - Snapshot saved to /data/users/wergillius/UTR_VAE/pth/RL_gru_MTL/1_layer_model/human_k9-model_best_cv0.pth

2021-11-25 21:01:56,986 -    ini file updated    
2021-11-25 21:01:56,986 - ===============================|    epoch 9   |===============================
2021-11-25 21:01:57,569 -     0 /  2109 (000%):	 Total:0.6060512	 Acc:0.3750000	 lr:0.0006415	 Mean_Total:0.6060512
2021-11-25 21:02:07,279 -   421 /  2109 (019%):	 Total:0.4061451	 Acc:0.4375000	 lr:0.0006345	 Mean_Total:0.5473781
2021-11-25 21:02:16,716 -   842 /  2109 (039%):	 Total:0.4365968	 Acc:0.1562500	 lr:0.0006278	 Mean_Total:0.5830095
2021-11-25 21:02:26,184 -  1263 /  2109 (059%):	 Total:0.8122207	 Acc:0.2500000	 lr:0.0006212	 Mean_Total:0.6056667
2021-11-25 21:02:35,540 -  1684 /  2109 (079%):	 Total:0.8853140	 Acc:0.2187500	 lr:0.0006148	 Mean_Total:0.6492212
2021-11-25 21:02:44,842 -  2105 /  2109 (099%):	 Total:1.2352974	 Acc:0.1875000	 lr:0.0006087	 Mean_Total:0.6845521
2021-11-25 21:02:45,026 - ===============================| start validation |===============================
2021-11-25 21:02:48,709 - 	 Total:0.7295492	 Acc:0.2665598
2021-11-25 21:02:48,712 -    ini file updated    
2021-11-25 21:02:48,717 - Snapshot saved to /data/users/wergillius/UTR_VAE/pth/RL_gru_MTL/1_layer_model/human_k9-model_best_cv0.pth

2021-11-25 21:02:48,717 -    ini file updated    
2021-11-25 21:02:48,718 - ===============================|    epoch 10   |===============================
2021-11-25 21:02:49,335 -     0 /  2109 (000%):	 Total:0.5348127	 Acc:0.3125000	 lr:0.0006086	 Mean_Total:0.5348127
2021-11-25 21:02:58,868 -   421 /  2109 (019%):	 Total:0.6282467	 Acc:0.1875000	 lr:0.0006026	 Mean_Total:0.5369382
2021-11-25 21:03:08,462 -   842 /  2109 (039%):	 Total:0.5594536	 Acc:0.1875000	 lr:0.0005968	 Mean_Total:0.5738280
2021-11-25 21:03:17,881 -  1263 /  2109 (059%):	 Total:0.7333357	 Acc:0.1875000	 lr:0.0005912	 Mean_Total:0.6021163
2021-11-25 21:03:27,264 -  1684 /  2109 (079%):	 Total:0.5479776	 Acc:0.1562500	 lr:0.0005857	 Mean_Total:0.6432110
2021-11-25 21:03:36,400 -  2105 /  2109 (099%):	 Total:0.5301054	 Acc:0.2812500	 lr:0.0005803	 Mean_Total:0.6785172
2021-11-25 21:03:36,586 - ===============================| start validation |===============================
2021-11-25 21:03:40,208 - 	 Total:0.7210786	 Acc:0.2645566
2021-11-25 21:03:40,214 -    ini file updated    
2021-11-25 21:03:40,223 - Snapshot saved to /data/users/wergillius/UTR_VAE/pth/RL_gru_MTL/1_layer_model/human_k9-model_best_cv0.pth

2021-11-25 21:03:40,224 -    ini file updated    
2021-11-25 21:03:40,224 - ===============================|    epoch 11   |===============================
2021-11-25 21:03:40,744 -     0 /  2109 (000%):	 Total:0.4915580	 Acc:0.4375000	 lr:0.0005803	 Mean_Total:0.4915580
2021-11-25 21:03:50,467 -   421 /  2109 (019%):	 Total:0.8640450	 Acc:0.3125000	 lr:0.0005751	 Mean_Total:0.5280095
2021-11-25 21:04:00,214 -   842 /  2109 (039%):	 Total:0.7461782	 Acc:0.1875000	 lr:0.0005700	 Mean_Total:0.5636307
2021-11-25 21:04:09,595 -  1263 /  2109 (059%):	 Total:0.5596259	 Acc:0.1875000	 lr:0.0005651	 Mean_Total:0.5882239
2021-11-25 21:04:19,025 -  1684 /  2109 (079%):	 Total:0.9779492	 Acc:0.1562500	 lr:0.0005603	 Mean_Total:0.6306618
2021-11-25 21:04:28,407 -  2105 /  2109 (099%):	 Total:0.8970690	 Acc:0.2812500	 lr:0.0005556	 Mean_Total:0.6652620
2021-11-25 21:04:28,620 - ===============================| start validation |===============================
2021-11-25 21:04:31,977 - 	 Total:0.7055557	 Acc:0.2688301
2021-11-25 21:04:31,981 -    ini file updated    
2021-11-25 21:04:31,988 - Snapshot saved to /data/users/wergillius/UTR_VAE/pth/RL_gru_MTL/1_layer_model/human_k9-model_best_cv0.pth

2021-11-25 21:04:31,989 -    ini file updated    
2021-11-25 21:04:31,989 - ===============================|    epoch 12   |===============================
2021-11-25 21:04:32,546 -     0 /  2109 (000%):	 Total:0.2757579	 Acc:0.4062500	 lr:0.0005556	 Mean_Total:0.2757579
2021-11-25 21:04:42,098 -   421 /  2109 (019%):	 Total:0.5549271	 Acc:0.5000000	 lr:0.0005510	 Mean_Total:0.5284720
2021-11-25 21:04:51,506 -   842 /  2109 (039%):	 Total:0.8633898	 Acc:0.3437500	 lr:0.0005466	 Mean_Total:0.5642125
2021-11-25 21:05:01,239 -  1263 /  2109 (059%):	 Total:0.5739217	 Acc:0.2187500	 lr:0.0005422	 Mean_Total:0.5877510
2021-11-25 21:05:10,623 -  1684 /  2109 (079%):	 Total:0.9724420	 Acc:0.1562500	 lr:0.0005380	 Mean_Total:0.6277737
2021-11-25 21:05:19,709 -  2105 /  2109 (099%):	 Total:1.3480761	 Acc:0.2187500	 lr:0.0005338	 Mean_Total:0.6630594
2021-11-25 21:05:19,907 - ===============================| start validation |===============================
2021-11-25 21:05:23,340 - 	 Total:0.7001554	 Acc:0.2613515
2021-11-25 21:05:23,344 -    ini file updated    
2021-11-25 21:05:23,350 - Snapshot saved to /data/users/wergillius/UTR_VAE/pth/RL_gru_MTL/1_layer_model/human_k9-model_best_cv0.pth

2021-11-25 21:05:23,351 -    ini file updated    
2021-11-25 21:05:23,351 - ===============================|    epoch 13   |===============================
2021-11-25 21:05:23,879 -     0 /  2109 (000%):	 Total:0.5465641	 Acc:0.3437500	 lr:0.0005338	 Mean_Total:0.5465641
2021-11-25 21:05:33,687 -   421 /  2109 (019%):	 Total:0.4110882	 Acc:0.3125000	 lr:0.0005297	 Mean_Total:0.5087643
2021-11-25 21:05:42,889 -   842 /  2109 (039%):	 Total:0.3879498	 Acc:0.3437500	 lr:0.0005258	 Mean_Total:0.5513054
2021-11-25 21:05:52,250 -  1263 /  2109 (059%):	 Total:0.8520532	 Acc:0.1250000	 lr:0.0005219	 Mean_Total:0.5763282
2021-11-25 21:06:01,622 -  1684 /  2109 (079%):	 Total:0.7678533	 Acc:0.1562500	 lr:0.0005181	 Mean_Total:0.6141269
2021-11-25 21:06:10,941 -  2105 /  2109 (099%):	 Total:1.2359967	 Acc:0.1875000	 lr:0.0005144	 Mean_Total:0.6484730
2021-11-25 21:06:11,134 - ===============================| start validation |===============================
2021-11-25 21:06:14,448 - 	 Total:0.7078947	 Acc:0.2664263
2021-11-25 21:06:14,451 -    ini file updated    
2021-11-25 21:06:14,452 - ===============================|    epoch 14   |===============================
2021-11-25 21:06:15,012 -     0 /  2109 (000%):	 Total:0.5172492	 Acc:0.4375000	 lr:0.0005144	 Mean_Total:0.5172492
2021-11-25 21:06:24,356 -   421 /  2109 (019%):	 Total:0.5002631	 Acc:0.3750000	 lr:0.0005108	 Mean_Total:0.5063450
2021-11-25 21:06:33,711 -   842 /  2109 (039%):	 Total:0.2338888	 Acc:0.2500000	 lr:0.0005072	 Mean_Total:0.5442861
2021-11-25 21:06:43,247 -  1263 /  2109 (059%):	 Total:0.4851490	 Acc:0.1562500	 lr:0.0005037	 Mean_Total:0.5722101
2021-11-25 21:06:53,115 -  1684 /  2109 (079%):	 Total:0.9867426	 Acc:0.3125000	 lr:0.0005003	 Mean_Total:0.6116153
2021-11-25 21:07:02,461 -  2105 /  2109 (099%):	 Total:0.8668882	 Acc:0.2187500	 lr:0.0004970	 Mean_Total:0.6448267
2021-11-25 21:07:02,685 - ===============================| start validation |===============================
2021-11-25 21:07:05,972 - 	 Total:0.6907731	 Acc:0.2576122
2021-11-25 21:07:05,976 -    ini file updated    
2021-11-25 21:07:05,982 - Snapshot saved to /data/users/wergillius/UTR_VAE/pth/RL_gru_MTL/1_layer_model/human_k9-model_best_cv0.pth

2021-11-25 21:07:05,983 -    ini file updated    
2021-11-25 21:07:05,983 - ===============================|    epoch 15   |===============================
2021-11-25 21:07:06,472 -     0 /  2109 (000%):	 Total:0.4447513	 Acc:0.3125000	 lr:0.0004969	 Mean_Total:0.4447513
2021-11-25 21:07:16,033 -   421 /  2109 (019%):	 Total:0.7856790	 Acc:0.3125000	 lr:0.0004937	 Mean_Total:0.4999417
2021-11-25 21:07:25,221 -   842 /  2109 (039%):	 Total:0.4224281	 Acc:0.2187500	 lr:0.0004905	 Mean_Total:0.5353540
2021-11-25 21:07:34,504 -  1263 /  2109 (059%):	 Total:1.0405129	 Acc:0.2812500	 lr:0.0004873	 Mean_Total:0.5597203
2021-11-25 21:07:43,832 -  1684 /  2109 (079%):	 Total:1.0248797	 Acc:0.2500000	 lr:0.0004842	 Mean_Total:0.5950898
2021-11-25 21:07:53,100 -  2105 /  2109 (099%):	 Total:0.8767813	 Acc:0.2500000	 lr:0.0004812	 Mean_Total:0.6169714
2021-11-25 21:07:53,309 - ===============================| start validation |===============================
2021-11-25 21:07:56,416 - 	 Total:0.5800160	 Acc:0.2725694
2021-11-25 21:07:56,420 -    ini file updated    
2021-11-25 21:07:56,425 - Snapshot saved to /data/users/wergillius/UTR_VAE/pth/RL_gru_MTL/1_layer_model/human_k9-model_best_cv0.pth

2021-11-25 21:07:56,427 -    ini file updated    
2021-11-25 21:07:56,427 - ===============================|    epoch 16   |===============================
2021-11-25 21:07:56,902 -     0 /  2109 (000%):	 Total:0.8368279	 Acc:0.4062500	 lr:0.0004812	 Mean_Total:0.8368279
2021-11-25 21:08:06,286 -   421 /  2109 (019%):	 Total:0.4479957	 Acc:0.2812500	 lr:0.0004782	 Mean_Total:0.4042983
2021-11-25 21:08:15,801 -   842 /  2109 (039%):	 Total:1.0700161	 Acc:0.0625000	 lr:0.0004753	 Mean_Total:0.4376118
2021-11-25 21:08:25,157 -  1263 /  2109 (059%):	 Total:0.4822659	 Acc:0.2812500	 lr:0.0004724	 Mean_Total:0.4654654
2021-11-25 21:08:34,423 -  1684 /  2109 (079%):	 Total:0.6494563	 Acc:0.0625000	 lr:0.0004696	 Mean_Total:0.5067571
2021-11-25 21:08:43,444 -  2105 /  2109 (099%):	 Total:0.7913930	 Acc:0.2500000	 lr:0.0004668	 Mean_Total:0.5412023
2021-11-25 21:08:43,623 - ===============================| start validation |===============================
2021-11-25 21:08:47,168 - 	 Total:0.5612030	 Acc:0.2829861
2021-11-25 21:08:47,172 -    ini file updated    
2021-11-25 21:08:47,178 - Snapshot saved to /data/users/wergillius/UTR_VAE/pth/RL_gru_MTL/1_layer_model/human_k9-model_best_cv0.pth

2021-11-25 21:08:47,179 -    ini file updated    
2021-11-25 21:08:47,179 - ===============================|    epoch 17   |===============================
2021-11-25 21:08:47,669 -     0 /  2109 (000%):	 Total:0.2204862	 Acc:0.3750000	 lr:0.0004668	 Mean_Total:0.2204862
2021-11-25 21:08:57,336 -   421 /  2109 (019%):	 Total:0.2400902	 Acc:0.4062500	 lr:0.0004641	 Mean_Total:0.4000911
2021-11-25 21:09:06,906 -   842 /  2109 (039%):	 Total:0.3878185	 Acc:0.4375000	 lr:0.0004614	 Mean_Total:0.4265053
2021-11-25 21:09:16,358 -  1263 /  2109 (059%):	 Total:0.3220726	 Acc:0.2187500	 lr:0.0004588	 Mean_Total:0.4494834
2021-11-25 21:09:26,030 -  1684 /  2109 (079%):	 Total:0.7073761	 Acc:0.2187500	 lr:0.0004562	 Mean_Total:0.4917466
2021-11-25 21:09:35,619 -  2105 /  2109 (099%):	 Total:1.0830413	 Acc:0.2500000	 lr:0.0004537	 Mean_Total:0.5264685
2021-11-25 21:09:35,818 - ===============================| start validation |===============================
2021-11-25 21:09:39,528 - 	 Total:0.5394431	 Acc:0.2889957
2021-11-25 21:09:39,533 -    ini file updated    
2021-11-25 21:09:39,540 - Snapshot saved to /data/users/wergillius/UTR_VAE/pth/RL_gru_MTL/1_layer_model/human_k9-model_best_cv0.pth

2021-11-25 21:09:39,541 -    ini file updated    
2021-11-25 21:09:39,541 - ===============================|    epoch 18   |===============================
2021-11-25 21:09:40,038 -     0 /  2109 (000%):	 Total:0.3469967	 Acc:0.4375000	 lr:0.0004536	 Mean_Total:0.3469967
2021-11-25 21:09:49,677 -   421 /  2109 (019%):	 Total:0.7770280	 Acc:0.4062500	 lr:0.0004511	 Mean_Total:0.3797435
2021-11-25 21:09:59,247 -   842 /  2109 (039%):	 Total:0.4879340	 Acc:0.2187500	 lr:0.0004487	 Mean_Total:0.4071383
2021-11-25 21:10:08,583 -  1263 /  2109 (059%):	 Total:0.3929497	 Acc:0.4062500	 lr:0.0004463	 Mean_Total:0.4374549
2021-11-25 21:10:18,124 -  1684 /  2109 (079%):	 Total:0.8647135	 Acc:0.2812500	 lr:0.0004439	 Mean_Total:0.4820919
2021-11-25 21:10:27,273 -  2105 /  2109 (099%):	 Total:0.7247365	 Acc:0.2187500	 lr:0.0004416	 Mean_Total:0.5167265
2021-11-25 21:10:27,485 - ===============================| start validation |===============================
2021-11-25 21:10:30,955 - 	 Total:0.5440751	 Acc:0.2857906
2021-11-25 21:10:30,959 -    ini file updated    
2021-11-25 21:10:30,959 - ===============================|    epoch 19   |===============================
2021-11-25 21:10:31,486 -     0 /  2109 (000%):	 Total:0.3149503	 Acc:0.4687500	 lr:0.0004415	 Mean_Total:0.3149503
2021-11-25 21:10:40,878 -   421 /  2109 (019%):	 Total:0.6309365	 Acc:0.1250000	 lr:0.0004392	 Mean_Total:0.3710435
2021-11-25 21:10:50,132 -   842 /  2109 (039%):	 Total:0.2414056	 Acc:0.3750000	 lr:0.0004370	 Mean_Total:0.4037005
2021-11-25 21:10:59,297 -  1263 /  2109 (059%):	 Total:0.5088940	 Acc:0.2812500	 lr:0.0004347	 Mean_Total:0.4278675
2021-11-25 21:11:08,330 -  1684 /  2109 (079%):	 Total:1.4009266	 Acc:0.1875000	 lr:0.0004325	 Mean_Total:0.4748021
2021-11-25 21:11:17,307 -  2105 /  2109 (099%):	 Total:0.4423895	 Acc:0.2500000	 lr:0.0004304	 Mean_Total:0.5102655
2021-11-25 21:11:17,508 - ===============================| start validation |===============================
2021-11-25 21:11:20,764 - 	 Total:0.5346392	 Acc:0.2918002
2021-11-25 21:11:20,767 -    ini file updated    
2021-11-25 21:11:20,772 - Snapshot saved to /data/users/wergillius/UTR_VAE/pth/RL_gru_MTL/1_layer_model/human_k9-model_best_cv0.pth

2021-11-25 21:11:20,772 -    ini file updated    
2021-11-25 21:11:20,772 - ===============================|    epoch 20   |===============================
2021-11-25 21:11:21,353 -     0 /  2109 (000%):	 Total:0.4783031	 Acc:0.4062500	 lr:0.0004304	 Mean_Total:0.4783031
2021-11-25 21:11:30,644 -   421 /  2109 (019%):	 Total:0.2257228	 Acc:0.4375000	 lr:0.0004282	 Mean_Total:0.3669727
2021-11-25 21:11:39,933 -   842 /  2109 (039%):	 Total:0.4001423	 Acc:0.3125000	 lr:0.0004261	 Mean_Total:0.3991015
2021-11-25 21:11:49,265 -  1263 /  2109 (059%):	 Total:0.2598363	 Acc:0.3125000	 lr:0.0004241	 Mean_Total:0.4267806
2021-11-25 21:11:58,622 -  1684 /  2109 (079%):	 Total:0.4291840	 Acc:0.3125000	 lr:0.0004220	 Mean_Total:0.4725080
2021-11-25 21:12:07,937 -  2105 /  2109 (099%):	 Total:0.4416045	 Acc:0.4062500	 lr:0.0004200	 Mean_Total:0.5060463
2021-11-25 21:12:08,120 - ===============================| start validation |===============================
2021-11-25 21:12:11,953 - 	 Total:0.5229721	 Acc:0.2964744
2021-11-25 21:12:11,959 -    ini file updated    
2021-11-25 21:12:11,966 - Snapshot saved to /data/users/wergillius/UTR_VAE/pth/RL_gru_MTL/1_layer_model/human_k9-model_best_cv0.pth

2021-11-25 21:12:11,967 -    ini file updated    
2021-11-25 21:12:11,967 - ===============================|    epoch 21   |===============================
2021-11-25 21:12:12,561 -     0 /  2109 (000%):	 Total:0.1923262	 Acc:0.5000000	 lr:0.0004200	 Mean_Total:0.1923262
2021-11-25 21:12:21,956 -   421 /  2109 (019%):	 Total:0.5008594	 Acc:0.2500000	 lr:0.0004180	 Mean_Total:0.3560673
2021-11-25 21:12:31,157 -   842 /  2109 (039%):	 Total:0.3647311	 Acc:0.3125000	 lr:0.0004161	 Mean_Total:0.3858036
2021-11-25 21:12:40,531 -  1263 /  2109 (059%):	 Total:0.5420703	 Acc:0.2812500	 lr:0.0004141	 Mean_Total:0.4142504
2021-11-25 21:12:49,796 -  1684 /  2109 (079%):	 Total:1.4161434	 Acc:0.1562500	 lr:0.0004122	 Mean_Total:0.4593165
2021-11-25 21:12:59,063 -  2105 /  2109 (099%):	 Total:0.3674718	 Acc:0.3125000	 lr:0.0004104	 Mean_Total:0.4953264
2021-11-25 21:12:59,301 - ===============================| start validation |===============================
2021-11-25 21:13:02,825 - 	 Total:0.5175553	 Acc:0.2991453
2021-11-25 21:13:02,829 -    ini file updated    
2021-11-25 21:13:02,838 - Snapshot saved to /data/users/wergillius/UTR_VAE/pth/RL_gru_MTL/1_layer_model/human_k9-model_best_cv0.pth

2021-11-25 21:13:02,840 -    ini file updated    
2021-11-25 21:13:02,840 - ===============================|    epoch 22   |===============================
2021-11-25 21:13:03,377 -     0 /  2109 (000%):	 Total:0.1792975	 Acc:0.4687500	 lr:0.0004103	 Mean_Total:0.1792975
2021-11-25 21:13:12,715 -   421 /  2109 (019%):	 Total:0.4247772	 Acc:0.2187500	 lr:0.0004085	 Mean_Total:0.3519205
2021-11-25 21:13:21,939 -   842 /  2109 (039%):	 Total:0.4586185	 Acc:0.3125000	 lr:0.0004067	 Mean_Total:0.3844418
2021-11-25 21:13:32,041 -  1263 /  2109 (059%):	 Total:0.3458538	 Acc:0.2812500	 lr:0.0004049	 Mean_Total:0.4132645
2021-11-25 21:13:41,293 -  1684 /  2109 (079%):	 Total:0.5712225	 Acc:0.1250000	 lr:0.0004031	 Mean_Total:0.4560249
2021-11-25 21:13:50,383 -  2105 /  2109 (099%):	 Total:1.1870620	 Acc:0.1562500	 lr:0.0004013	 Mean_Total:0.4919324
2021-11-25 21:13:50,573 - ===============================| start validation |===============================
2021-11-25 21:13:54,123 - 	 Total:0.5131408	 Acc:0.2999466
2021-11-25 21:13:54,127 -    ini file updated    
2021-11-25 21:13:54,133 - Snapshot saved to /data/users/wergillius/UTR_VAE/pth/RL_gru_MTL/1_layer_model/human_k9-model_best_cv0.pth

2021-11-25 21:13:54,134 -    ini file updated    
2021-11-25 21:13:54,134 - ===============================|    epoch 23   |===============================
2021-11-25 21:13:54,657 -     0 /  2109 (000%):	 Total:0.2978920	 Acc:0.4062500	 lr:0.0004013	 Mean_Total:0.2978920
2021-11-25 21:14:04,038 -   421 /  2109 (019%):	 Total:0.3856594	 Acc:0.1875000	 lr:0.0003996	 Mean_Total:0.3509663
2021-11-25 21:14:13,477 -   842 /  2109 (039%):	 Total:0.6729482	 Acc:0.2812500	 lr:0.0003979	 Mean_Total:0.3833604
2021-11-25 21:14:22,621 -  1263 /  2109 (059%):	 Total:0.3797895	 Acc:0.3437500	 lr:0.0003962	 Mean_Total:0.4118055
2021-11-25 21:14:31,758 -  1684 /  2109 (079%):	 Total:0.8815020	 Acc:0.2500000	 lr:0.0003945	 Mean_Total:0.4553794
2021-11-25 21:14:40,858 -  2105 /  2109 (099%):	 Total:0.5669575	 Acc:0.3750000	 lr:0.0003929	 Mean_Total:0.4902890
2021-11-25 21:14:41,044 - ===============================| start validation |===============================
2021-11-25 21:14:44,572 - 	 Total:0.5020708	 Acc:0.2999466
2021-11-25 21:14:44,575 -    ini file updated    
2021-11-25 21:14:44,581 - Snapshot saved to /data/users/wergillius/UTR_VAE/pth/RL_gru_MTL/1_layer_model/human_k9-model_best_cv0.pth

2021-11-25 21:14:44,582 -    ini file updated    
2021-11-25 21:14:44,582 - ===============================|    epoch 24   |===============================
2021-11-25 21:14:45,122 -     0 /  2109 (000%):	 Total:0.1953793	 Acc:0.3437500	 lr:0.0003929	 Mean_Total:0.1953793
2021-11-25 21:14:54,901 -   421 /  2109 (019%):	 Total:0.4099095	 Acc:0.1875000	 lr:0.0003912	 Mean_Total:0.3428958
2021-11-25 21:15:04,061 -   842 /  2109 (039%):	 Total:0.3094658	 Acc:0.3437500	 lr:0.0003896	 Mean_Total:0.3710606
2021-11-25 21:15:13,438 -  1263 /  2109 (059%):	 Total:0.4166632	 Acc:0.2187500	 lr:0.0003881	 Mean_Total:0.3993072
2021-11-25 21:15:22,762 -  1684 /  2109 (079%):	 Total:0.7892491	 Acc:0.1562500	 lr:0.0003865	 Mean_Total:0.4429833
2021-11-25 21:15:31,973 -  2105 /  2109 (099%):	 Total:0.4927202	 Acc:0.4062500	 lr:0.0003849	 Mean_Total:0.4784542
2021-11-25 21:15:32,186 - ===============================| start validation |===============================
2021-11-25 21:15:35,751 - 	 Total:0.4968483	 Acc:0.3008814
2021-11-25 21:15:35,754 -    ini file updated    
2021-11-25 21:15:35,760 - Snapshot saved to /data/users/wergillius/UTR_VAE/pth/RL_gru_MTL/1_layer_model/human_k9-model_best_cv0.pth

2021-11-25 21:15:35,760 -    ini file updated    
2021-11-25 21:15:35,761 - ===============================|    epoch 25   |===============================
2021-11-25 21:15:36,266 -     0 /  2109 (000%):	 Total:0.4016456	 Acc:0.4062500	 lr:0.0003849	 Mean_Total:0.4016456
2021-11-25 21:15:45,648 -   421 /  2109 (019%):	 Total:0.1469518	 Acc:0.3437500	 lr:0.0003834	 Mean_Total:0.3411565
2021-11-25 21:15:55,183 -   842 /  2109 (039%):	 Total:0.4852004	 Acc:0.3437500	 lr:0.0003819	 Mean_Total:0.3724707
2021-11-25 21:16:04,501 -  1263 /  2109 (059%):	 Total:0.5312839	 Acc:0.2187500	 lr:0.0003804	 Mean_Total:0.3990294
2021-11-25 21:16:13,796 -  1684 /  2109 (079%):	 Total:1.5562888	 Acc:0.2812500	 lr:0.0003789	 Mean_Total:0.4436975
2021-11-25 21:16:23,402 -  2105 /  2109 (099%):	 Total:0.3420879	 Acc:0.1875000	 lr:0.0003775	 Mean_Total:0.4789186
2021-11-25 21:16:23,565 - ===============================| start validation |===============================
2021-11-25 21:16:27,092 - 	 Total:0.4942651	 Acc:0.3015491
2021-11-25 21:16:27,095 -    ini file updated    
2021-11-25 21:16:27,101 - Snapshot saved to /data/users/wergillius/UTR_VAE/pth/RL_gru_MTL/1_layer_model/human_k9-model_best_cv0.pth

2021-11-25 21:16:27,102 -    ini file updated    
2021-11-25 21:16:27,102 - ===============================|    epoch 26   |===============================
2021-11-25 21:16:27,632 -     0 /  2109 (000%):	 Total:0.3252066	 Acc:0.4687500	 lr:0.0003775	 Mean_Total:0.3252066
2021-11-25 21:16:36,941 -   421 /  2109 (019%):	 Total:0.3536406	 Acc:0.3750000	 lr:0.0003760	 Mean_Total:0.3303478
2021-11-25 21:16:46,553 -   842 /  2109 (039%):	 Total:0.2084503	 Acc:0.3125000	 lr:0.0003746	 Mean_Total:0.3638783
2021-11-25 21:16:56,129 -  1263 /  2109 (059%):	 Total:0.4942051	 Acc:0.3750000	 lr:0.0003732	 Mean_Total:0.3949190
2021-11-25 21:17:05,507 -  1684 /  2109 (079%):	 Total:0.6441604	 Acc:0.1562500	 lr:0.0003718	 Mean_Total:0.4360519
2021-11-25 21:17:15,002 -  2105 /  2109 (099%):	 Total:1.1166724	 Acc:0.2187500	 lr:0.0003704	 Mean_Total:0.4722180
2021-11-25 21:17:15,210 - ===============================| start validation |===============================
2021-11-25 21:17:18,661 - 	 Total:0.4902316	 Acc:0.2950053
2021-11-25 21:17:18,666 -    ini file updated    
2021-11-25 21:17:18,674 - Snapshot saved to /data/users/wergillius/UTR_VAE/pth/RL_gru_MTL/1_layer_model/human_k9-model_best_cv0.pth

2021-11-25 21:17:18,675 -    ini file updated    
2021-11-25 21:17:18,675 - ===============================|    epoch 27   |===============================
2021-11-25 21:17:19,272 -     0 /  2109 (000%):	 Total:0.2631712	 Acc:0.3125000	 lr:0.0003704	 Mean_Total:0.2631712
2021-11-25 21:17:28,595 -   421 /  2109 (019%):	 Total:0.2453855	 Acc:0.4375000	 lr:0.0003690	 Mean_Total:0.3280065
2021-11-25 21:17:37,890 -   842 /  2109 (039%):	 Total:0.2260118	 Acc:0.4687500	 lr:0.0003677	 Mean_Total:0.3566155
2021-11-25 21:17:47,215 -  1263 /  2109 (059%):	 Total:0.6857092	 Acc:0.2500000	 lr:0.0003664	 Mean_Total:0.3873984
2021-11-25 21:17:56,553 -  1684 /  2109 (079%):	 Total:0.6660099	 Acc:0.1875000	 lr:0.0003650	 Mean_Total:0.4317199
2021-11-25 21:18:05,702 -  2105 /  2109 (099%):	 Total:0.3052496	 Acc:0.3125000	 lr:0.0003637	 Mean_Total:0.4658917
2021-11-25 21:18:05,899 - ===============================| start validation |===============================
2021-11-25 21:18:09,399 - 	 Total:0.4798821	 Acc:0.3026175
2021-11-25 21:18:09,403 -    ini file updated    
2021-11-25 21:18:09,421 - Snapshot saved to /data/users/wergillius/UTR_VAE/pth/RL_gru_MTL/1_layer_model/human_k9-model_best_cv0.pth

2021-11-25 21:18:09,425 -    ini file updated    
2021-11-25 21:18:09,425 - ===============================|    epoch 28   |===============================
2021-11-25 21:18:09,957 -     0 /  2109 (000%):	 Total:0.2005319	 Acc:0.5000000	 lr:0.0003637	 Mean_Total:0.2005319
2021-11-25 21:18:19,354 -   421 /  2109 (019%):	 Total:0.6574984	 Acc:0.2812500	 lr:0.0003624	 Mean_Total:0.3231136
2021-11-25 21:18:28,817 -   842 /  2109 (039%):	 Total:0.4183551	 Acc:0.1250000	 lr:0.0003612	 Mean_Total:0.3551096
2021-11-25 21:18:37,976 -  1263 /  2109 (059%):	 Total:0.6828867	 Acc:0.3437500	 lr:0.0003599	 Mean_Total:0.3846323
2021-11-25 21:18:47,131 -  1684 /  2109 (079%):	 Total:1.4882817	 Acc:0.2500000	 lr:0.0003586	 Mean_Total:0.4274755
2021-11-25 21:18:56,121 -  2105 /  2109 (099%):	 Total:0.3077050	 Acc:0.3125000	 lr:0.0003574	 Mean_Total:0.4623233
2021-11-25 21:18:56,315 - ===============================| start validation |===============================
2021-11-25 21:18:59,690 - 	 Total:0.4785241	 Acc:0.3043536
2021-11-25 21:18:59,693 -    ini file updated    
2021-11-25 21:18:59,698 - Snapshot saved to /data/users/wergillius/UTR_VAE/pth/RL_gru_MTL/1_layer_model/human_k9-model_best_cv0.pth

2021-11-25 21:18:59,699 -    ini file updated    
2021-11-25 21:18:59,699 - ===============================|    epoch 29   |===============================
2021-11-25 21:19:00,195 -     0 /  2109 (000%):	 Total:0.1041157	 Acc:0.3750000	 lr:0.0003574	 Mean_Total:0.1041157
2021-11-25 21:19:09,341 -   421 /  2109 (019%):	 Total:0.2750721	 Acc:0.4375000	 lr:0.0003562	 Mean_Total:0.3201558
2021-11-25 21:19:18,985 -   842 /  2109 (039%):	 Total:0.4243294	 Acc:0.2812500	 lr:0.0003550	 Mean_Total:0.3539859
2021-11-25 21:19:28,433 -  1263 /  2109 (059%):	 Total:0.3833392	 Acc:0.2812500	 lr:0.0003538	 Mean_Total:0.3810814
2021-11-25 21:19:37,922 -  1684 /  2109 (079%):	 Total:1.3260906	 Acc:0.1250000	 lr:0.0003526	 Mean_Total:0.4235379
2021-11-25 21:19:47,644 -  2105 /  2109 (099%):	 Total:0.7697542	 Acc:0.1875000	 lr:0.0003514	 Mean_Total:0.4577925
2021-11-25 21:19:47,840 - ===============================| start validation |===============================
2021-11-25 21:19:51,532 - 	 Total:0.4771749	 Acc:0.3035524
2021-11-25 21:19:51,538 -    ini file updated    
2021-11-25 21:19:51,544 - Snapshot saved to /data/users/wergillius/UTR_VAE/pth/RL_gru_MTL/1_layer_model/human_k9-model_best_cv0.pth

2021-11-25 21:19:51,544 -    ini file updated    
2021-11-25 21:19:51,544 - ===============================|    epoch 30   |===============================
2021-11-25 21:19:52,067 -     0 /  2109 (000%):	 Total:0.1351041	 Acc:0.5000000	 lr:0.0003514	 Mean_Total:0.1351041
2021-11-25 21:20:01,937 -   421 /  2109 (019%):	 Total:0.8647943	 Acc:0.4375000	 lr:0.0003502	 Mean_Total:0.3181208
2021-11-25 21:20:11,619 -   842 /  2109 (039%):	 Total:0.2554486	 Acc:0.2500000	 lr:0.0003491	 Mean_Total:0.3467248
2021-11-25 21:20:21,228 -  1263 /  2109 (059%):	 Total:0.3574720	 Acc:0.2812500	 lr:0.0003479	 Mean_Total:0.3756847
2021-11-25 21:20:30,762 -  1684 /  2109 (079%):	 Total:0.8323863	 Acc:0.2500000	 lr:0.0003468	 Mean_Total:0.4192066
2021-11-25 21:20:40,189 -  2105 /  2109 (099%):	 Total:0.4275759	 Acc:0.2187500	 lr:0.0003457	 Mean_Total:0.4538118
2021-11-25 21:20:40,388 - ===============================| start validation |===============================
2021-11-25 21:20:43,789 - 	 Total:0.4700832	 Acc:0.3067575
2021-11-25 21:20:43,798 -    ini file updated    
2021-11-25 21:20:43,807 - Snapshot saved to /data/users/wergillius/UTR_VAE/pth/RL_gru_MTL/1_layer_model/human_k9-model_best_cv0.pth

2021-11-25 21:20:43,808 -    ini file updated    
2021-11-25 21:20:43,808 - ===============================|    epoch 31   |===============================
2021-11-25 21:20:44,341 -     0 /  2109 (000%):	 Total:0.2028486	 Acc:0.5000000	 lr:0.0003457	 Mean_Total:0.2028486
2021-11-25 21:20:53,600 -   421 /  2109 (019%):	 Total:0.5123732	 Acc:0.1875000	 lr:0.0003446	 Mean_Total:0.3108340
2021-11-25 21:21:02,966 -   842 /  2109 (039%):	 Total:0.4860119	 Acc:0.2500000	 lr:0.0003435	 Mean_Total:0.3462381
2021-11-25 21:21:12,163 -  1263 /  2109 (059%):	 Total:0.1854742	 Acc:0.3750000	 lr:0.0003424	 Mean_Total:0.3735005
2021-11-25 21:21:21,563 -  1684 /  2109 (079%):	 Total:0.9101861	 Acc:0.0937500	 lr:0.0003413	 Mean_Total:0.4170110
2021-11-25 21:21:31,066 -  2105 /  2109 (099%):	 Total:0.5468902	 Acc:0.3437500	 lr:0.0003402	 Mean_Total:0.4499665
2021-11-25 21:21:31,265 - ===============================| start validation |===============================
2021-11-25 21:21:34,606 - 	 Total:0.4679680	 Acc:0.3011485
2021-11-25 21:21:34,610 -    ini file updated    
2021-11-25 21:21:34,617 - Snapshot saved to /data/users/wergillius/UTR_VAE/pth/RL_gru_MTL/1_layer_model/human_k9-model_best_cv0.pth

2021-11-25 21:21:34,618 -    ini file updated    
2021-11-25 21:21:34,618 - ===============================|    epoch 32   |===============================
2021-11-25 21:21:35,159 -     0 /  2109 (000%):	 Total:0.4673156	 Acc:0.3437500	 lr:0.0003402	 Mean_Total:0.4673156
2021-11-25 21:21:44,546 -   421 /  2109 (019%):	 Total:0.3538542	 Acc:0.4062500	 lr:0.0003392	 Mean_Total:0.3110354
2021-11-25 21:21:54,002 -   842 /  2109 (039%):	 Total:0.4586527	 Acc:0.3750000	 lr:0.0003381	 Mean_Total:0.3401077
2021-11-25 21:22:03,409 -  1263 /  2109 (059%):	 Total:0.4739147	 Acc:0.2500000	 lr:0.0003371	 Mean_Total:0.3679242
2021-11-25 21:22:12,631 -  1684 /  2109 (079%):	 Total:0.8903568	 Acc:0.2500000	 lr:0.0003361	 Mean_Total:0.4132288
2021-11-25 21:22:22,026 -  2105 /  2109 (099%):	 Total:0.3726943	 Acc:0.2812500	 lr:0.0003350	 Mean_Total:0.4469946
2021-11-25 21:22:22,239 - ===============================| start validation |===============================
2021-11-25 21:22:25,884 - 	 Total:0.4711719	 Acc:0.3027511
2021-11-25 21:22:25,888 -    ini file updated    
2021-11-25 21:22:25,888 - ===============================|    epoch 33   |===============================
2021-11-25 21:22:26,388 -     0 /  2109 (000%):	 Total:0.1331592	 Acc:0.4062500	 lr:0.0003350	 Mean_Total:0.1331592
2021-11-25 21:22:36,090 -   421 /  2109 (019%):	 Total:0.4145922	 Acc:0.3125000	 lr:0.0003340	 Mean_Total:0.3034891
2021-11-25 21:22:45,689 -   842 /  2109 (039%):	 Total:0.4504113	 Acc:0.3437500	 lr:0.0003330	 Mean_Total:0.3378312
2021-11-25 21:22:54,984 -  1263 /  2109 (059%):	 Total:0.6067596	 Acc:0.1875000	 lr:0.0003320	 Mean_Total:0.3651504
2021-11-25 21:23:04,333 -  1684 /  2109 (079%):	 Total:0.4685861	 Acc:0.3437500	 lr:0.0003311	 Mean_Total:0.4086360
2021-11-25 21:23:13,624 -  2105 /  2109 (099%):	 Total:0.2964553	 Acc:0.3750000	 lr:0.0003301	 Mean_Total:0.4421651
2021-11-25 21:23:13,808 - ===============================| start validation |===============================
2021-11-25 21:23:17,369 - 	 Total:0.4573643	 Acc:0.3091613
2021-11-25 21:23:17,374 -    ini file updated    
2021-11-25 21:23:17,383 - Snapshot saved to /data/users/wergillius/UTR_VAE/pth/RL_gru_MTL/1_layer_model/human_k9-model_best_cv0.pth

2021-11-25 21:23:17,384 -    ini file updated    
2021-11-25 21:23:17,385 - ===============================|    epoch 34   |===============================
2021-11-25 21:23:17,875 -     0 /  2109 (000%):	 Total:0.3944826	 Acc:0.4375000	 lr:0.0003301	 Mean_Total:0.3944826
2021-11-25 21:23:27,402 -   421 /  2109 (019%):	 Total:0.2925357	 Acc:0.3437500	 lr:0.0003291	 Mean_Total:0.3029083
2021-11-25 21:23:36,660 -   842 /  2109 (039%):	 Total:0.3574955	 Acc:0.2500000	 lr:0.0003282	 Mean_Total:0.3325407
2021-11-25 21:23:46,193 -  1263 /  2109 (059%):	 Total:0.4351519	 Acc:0.3125000	 lr:0.0003272	 Mean_Total:0.3629692
2021-11-25 21:23:55,765 -  1684 /  2109 (079%):	 Total:0.5751178	 Acc:0.1562500	 lr:0.0003263	 Mean_Total:0.4063280
2021-11-25 21:24:04,916 -  2105 /  2109 (099%):	 Total:0.3559817	 Acc:0.2812500	 lr:0.0003253	 Mean_Total:0.4394456
2021-11-25 21:24:05,095 - ===============================| start validation |===============================
2021-11-25 21:24:08,530 - 	 Total:0.4560206	 Acc:0.3092949
2021-11-25 21:24:08,534 -    ini file updated    
2021-11-25 21:24:08,540 - Snapshot saved to /data/users/wergillius/UTR_VAE/pth/RL_gru_MTL/1_layer_model/human_k9-model_best_cv0.pth

2021-11-25 21:24:08,540 -    ini file updated    
2021-11-25 21:24:08,540 - ===============================|    epoch 35   |===============================
2021-11-25 21:24:09,056 -     0 /  2109 (000%):	 Total:0.2878593	 Acc:0.4687500	 lr:0.0003253	 Mean_Total:0.2878593
2021-11-25 21:24:18,309 -   421 /  2109 (019%):	 Total:0.2317126	 Acc:0.3750000	 lr:0.0003244	 Mean_Total:0.2983353
2021-11-25 21:24:27,602 -   842 /  2109 (039%):	 Total:0.4128405	 Acc:0.3750000	 lr:0.0003235	 Mean_Total:0.3281212
2021-11-25 21:24:36,709 -  1263 /  2109 (059%):	 Total:0.2865630	 Acc:0.3125000	 lr:0.0003226	 Mean_Total:0.3558699
2021-11-25 21:24:46,075 -  1684 /  2109 (079%):	 Total:0.4081231	 Acc:0.2812500	 lr:0.0003217	 Mean_Total:0.4012982
2021-11-25 21:24:55,533 -  2105 /  2109 (099%):	 Total:0.4194009	 Acc:0.3750000	 lr:0.0003208	 Mean_Total:0.4369372
2021-11-25 21:24:55,724 - ===============================| start validation |===============================
2021-11-25 21:24:59,232 - 	 Total:0.4728308	 Acc:0.3071581
2021-11-25 21:24:59,236 -    ini file updated    
2021-11-25 21:24:59,236 - ===============================|    epoch 36   |===============================
2021-11-25 21:24:59,749 -     0 /  2109 (000%):	 Total:0.2222526	 Acc:0.4687500	 lr:0.0003208	 Mean_Total:0.2222526
2021-11-25 21:25:09,528 -   421 /  2109 (019%):	 Total:0.2018976	 Acc:0.4375000	 lr:0.0003199	 Mean_Total:0.2976083
2021-11-25 21:25:19,099 -   842 /  2109 (039%):	 Total:0.3473577	 Acc:0.2812500	 lr:0.0003190	 Mean_Total:0.3283594
2021-11-25 21:25:28,762 -  1263 /  2109 (059%):	 Total:0.3211008	 Acc:0.2500000	 lr:0.0003181	 Mean_Total:0.3565309
2021-11-25 21:25:37,821 -  1684 /  2109 (079%):	 Total:0.4421730	 Acc:0.1875000	 lr:0.0003173	 Mean_Total:0.4005677
2021-11-25 21:25:46,962 -  2105 /  2109 (099%):	 Total:1.1087085	 Acc:0.0937500	 lr:0.0003164	 Mean_Total:0.4339812
2021-11-25 21:25:47,166 - ===============================| start validation |===============================
2021-11-25 21:25:50,553 - 	 Total:0.4439298	 Acc:0.3091613
2021-11-25 21:25:50,558 -    ini file updated    
2021-11-25 21:25:50,567 - Snapshot saved to /data/users/wergillius/UTR_VAE/pth/RL_gru_MTL/1_layer_model/human_k9-model_best_cv0.pth

2021-11-25 21:25:50,568 -    ini file updated    
2021-11-25 21:25:50,568 - ===============================|    epoch 37   |===============================
2021-11-25 21:25:51,078 -     0 /  2109 (000%):	 Total:0.2388794	 Acc:0.5625000	 lr:0.0003164	 Mean_Total:0.2388794
2021-11-25 21:26:00,529 -   421 /  2109 (019%):	 Total:0.4760580	 Acc:0.3437500	 lr:0.0003156	 Mean_Total:0.2954118
2021-11-25 21:26:09,747 -   842 /  2109 (039%):	 Total:0.3741894	 Acc:0.3125000	 lr:0.0003147	 Mean_Total:0.3240562
2021-11-25 21:26:18,971 -  1263 /  2109 (059%):	 Total:0.5385779	 Acc:0.3125000	 lr:0.0003139	 Mean_Total:0.3530517
2021-11-25 21:26:28,449 -  1684 /  2109 (079%):	 Total:0.4876954	 Acc:0.3437500	 lr:0.0003131	 Mean_Total:0.3986724
2021-11-25 21:26:37,540 -  2105 /  2109 (099%):	 Total:1.1140769	 Acc:0.1562500	 lr:0.0003122	 Mean_Total:0.4330775
2021-11-25 21:26:37,723 - ===============================| start validation |===============================
2021-11-25 21:26:41,181 - 	 Total:0.4394884	 Acc:0.3138355
2021-11-25 21:26:41,186 -    ini file updated    
2021-11-25 21:26:41,197 - Snapshot saved to /data/users/wergillius/UTR_VAE/pth/RL_gru_MTL/1_layer_model/human_k9-model_best_cv0.pth

2021-11-25 21:26:41,198 -    ini file updated    
2021-11-25 21:26:41,199 - ===============================|    epoch 38   |===============================
2021-11-25 21:26:41,748 -     0 /  2109 (000%):	 Total:0.2126846	 Acc:0.4375000	 lr:0.0003122	 Mean_Total:0.2126846
2021-11-25 21:26:50,943 -   421 /  2109 (019%):	 Total:0.1538637	 Acc:0.5000000	 lr:0.0003114	 Mean_Total:0.2929176
2021-11-25 21:27:00,385 -   842 /  2109 (039%):	 Total:0.2462117	 Acc:0.2500000	 lr:0.0003106	 Mean_Total:0.3257309
2021-11-25 21:27:09,510 -  1263 /  2109 (059%):	 Total:0.7332475	 Acc:0.2812500	 lr:0.0003098	 Mean_Total:0.3551222
2021-11-25 21:27:18,813 -  1684 /  2109 (079%):	 Total:0.7928886	 Acc:0.2187500	 lr:0.0003090	 Mean_Total:0.3993819
2021-11-25 21:27:28,285 -  2105 /  2109 (099%):	 Total:0.2555531	 Acc:0.3437500	 lr:0.0003082	 Mean_Total:0.4323287
2021-11-25 21:27:28,502 - ===============================| start validation |===============================
2021-11-25 21:27:31,917 - 	 Total:0.4404139	 Acc:0.3088942
2021-11-25 21:27:31,921 -    ini file updated    
2021-11-25 21:27:31,922 - ===============================|    epoch 39   |===============================
2021-11-25 21:27:32,429 -     0 /  2109 (000%):	 Total:0.2293375	 Acc:0.2812500	 lr:0.0003082	 Mean_Total:0.2293375
2021-11-25 21:27:41,909 -   421 /  2109 (019%):	 Total:0.1942370	 Acc:0.5312500	 lr:0.0003074	 Mean_Total:0.2910987
2021-11-25 21:27:51,275 -   842 /  2109 (039%):	 Total:1.0396167	 Acc:0.2812500	 lr:0.0003066	 Mean_Total:0.3218924
2021-11-25 21:28:00,706 -  1263 /  2109 (059%):	 Total:0.3468762	 Acc:0.1562500	 lr:0.0003059	 Mean_Total:0.3517137
2021-11-25 21:28:10,186 -  1684 /  2109 (079%):	 Total:0.9323682	 Acc:0.1875000	 lr:0.0003051	 Mean_Total:0.3954416
2021-11-25 21:28:19,562 -  2105 /  2109 (099%):	 Total:1.1249783	 Acc:0.1875000	 lr:0.0003043	 Mean_Total:0.4289258
2021-11-25 21:28:19,761 - ===============================| start validation |===============================
2021-11-25 21:28:23,341 - 	 Total:0.4402507	 Acc:0.3036859
2021-11-25 21:28:23,347 -    ini file updated    
2021-11-25 21:28:23,348 - ===============================|    epoch 40   |===============================
2021-11-25 21:28:23,962 -     0 /  2109 (000%):	 Total:0.2194088	 Acc:0.3125000	 lr:0.0003043	 Mean_Total:0.2194088
2021-11-25 21:28:33,469 -   421 /  2109 (019%):	 Total:0.5680811	 Acc:0.2812500	 lr:0.0003036	 Mean_Total:0.2833581
2021-11-25 21:28:42,771 -   842 /  2109 (039%):	 Total:0.2672940	 Acc:0.2812500	 lr:0.0003028	 Mean_Total:0.3195338
2021-11-25 21:28:52,013 -  1263 /  2109 (059%):	 Total:0.3309464	 Acc:0.3437500	 lr:0.0003021	 Mean_Total:0.3454154
2021-11-25 21:29:01,199 -  1684 /  2109 (079%):	 Total:0.2829822	 Acc:0.3437500	 lr:0.0003013	 Mean_Total:0.3900096
2021-11-25 21:29:10,332 -  2105 /  2109 (099%):	 Total:0.3035534	 Acc:0.2812500	 lr:0.0003006	 Mean_Total:0.4255371
2021-11-25 21:29:10,520 - ===============================| start validation |===============================
2021-11-25 21:29:14,014 - 	 Total:0.4383493	 Acc:0.3125000
2021-11-25 21:29:14,017 -    ini file updated    
2021-11-25 21:29:14,023 - Snapshot saved to /data/users/wergillius/UTR_VAE/pth/RL_gru_MTL/1_layer_model/human_k9-model_best_cv0.pth

2021-11-25 21:29:14,024 -    ini file updated    
2021-11-25 21:29:14,024 - ===============================|    epoch 41   |===============================
2021-11-25 21:29:14,609 -     0 /  2109 (000%):	 Total:0.2730577	 Acc:0.3750000	 lr:0.0003006	 Mean_Total:0.2730577
2021-11-25 21:29:24,019 -   421 /  2109 (019%):	 Total:0.3677924	 Acc:0.2500000	 lr:0.0002999	 Mean_Total:0.2852590
2021-11-25 21:29:33,385 -   842 /  2109 (039%):	 Total:0.2460396	 Acc:0.1250000	 lr:0.0002991	 Mean_Total:0.3174650
2021-11-25 21:29:42,817 -  1263 /  2109 (059%):	 Total:0.4653677	 Acc:0.2812500	 lr:0.0002984	 Mean_Total:0.3456883
2021-11-25 21:29:52,068 -  1684 /  2109 (079%):	 Total:1.2074060	 Acc:0.2500000	 lr:0.0002977	 Mean_Total:0.3893365
2021-11-25 21:30:00,908 -  2105 /  2109 (099%):	 Total:0.3470430	 Acc:0.2812500	 lr:0.0002970	 Mean_Total:0.4222884
2021-11-25 21:30:01,100 - ===============================| start validation |===============================
2021-11-25 21:30:04,530 - 	 Total:0.4334964	 Acc:0.3163729
2021-11-25 21:30:04,534 -    ini file updated    
2021-11-25 21:30:04,541 - Snapshot saved to /data/users/wergillius/UTR_VAE/pth/RL_gru_MTL/1_layer_model/human_k9-model_best_cv0.pth

2021-11-25 21:30:04,541 -    ini file updated    
2021-11-25 21:30:04,542 - ===============================|    epoch 42   |===============================
2021-11-25 21:30:05,043 -     0 /  2109 (000%):	 Total:0.2620530	 Acc:0.2500000	 lr:0.0002970	 Mean_Total:0.2620530
2021-11-25 21:30:13,744 -   421 /  2109 (019%):	 Total:0.5558145	 Acc:0.4062500	 lr:0.0002963	 Mean_Total:0.2879152
2021-11-25 21:30:22,592 -   842 /  2109 (039%):	 Total:0.2259573	 Acc:0.3125000	 lr:0.0002956	 Mean_Total:0.3160746
2021-11-25 21:30:31,503 -  1263 /  2109 (059%):	 Total:0.4613397	 Acc:0.3437500	 lr:0.0002949	 Mean_Total:0.3442089
2021-11-25 21:30:40,533 -  1684 /  2109 (079%):	 Total:0.9373401	 Acc:0.2500000	 lr:0.0002942	 Mean_Total:0.3897378
2021-11-25 21:30:49,419 -  2105 /  2109 (099%):	 Total:0.4002854	 Acc:0.2812500	 lr:0.0002935	 Mean_Total:0.4223600
2021-11-25 21:30:49,589 - ===============================| start validation |===============================
2021-11-25 21:30:53,075 - 	 Total:0.4290945	 Acc:0.3166400
2021-11-25 21:30:53,079 -    ini file updated    
2021-11-25 21:30:53,085 - Snapshot saved to /data/users/wergillius/UTR_VAE/pth/RL_gru_MTL/1_layer_model/human_k9-model_best_cv0.pth

2021-11-25 21:30:53,086 -    ini file updated    
2021-11-25 21:30:53,086 - ===============================|    epoch 43   |===============================
2021-11-25 21:30:53,633 -     0 /  2109 (000%):	 Total:0.3517136	 Acc:0.2812500	 lr:0.0002935	 Mean_Total:0.3517136
2021-11-25 21:31:02,975 -   421 /  2109 (019%):	 Total:0.3057314	 Acc:0.3125000	 lr:0.0002928	 Mean_Total:0.2862862
2021-11-25 21:31:12,492 -   842 /  2109 (039%):	 Total:0.4112990	 Acc:0.0937500	 lr:0.0002922	 Mean_Total:0.3154941
2021-11-25 21:31:21,608 -  1263 /  2109 (059%):	 Total:0.2469665	 Acc:0.5312500	 lr:0.0002915	 Mean_Total:0.3418561
2021-11-25 21:31:30,752 -  1684 /  2109 (079%):	 Total:1.4508190	 Acc:0.2187500	 lr:0.0002908	 Mean_Total:0.3848508
2021-11-25 21:31:40,076 -  2105 /  2109 (099%):	 Total:1.1265886	 Acc:0.0625000	 lr:0.0002902	 Mean_Total:0.4197636
2021-11-25 21:31:40,254 - ===============================| start validation |===============================
2021-11-25 21:31:43,661 - 	 Total:0.4260626	 Acc:0.3135684
2021-11-25 21:31:43,666 -    ini file updated    
2021-11-25 21:31:43,675 - Snapshot saved to /data/users/wergillius/UTR_VAE/pth/RL_gru_MTL/1_layer_model/human_k9-model_best_cv0.pth

2021-11-25 21:31:43,676 -    ini file updated    
2021-11-25 21:31:43,676 - ===============================|    epoch 44   |===============================
2021-11-25 21:31:44,180 -     0 /  2109 (000%):	 Total:0.1193361	 Acc:0.4375000	 lr:0.0002902	 Mean_Total:0.1193361
2021-11-25 21:31:53,333 -   421 /  2109 (019%):	 Total:0.3656360	 Acc:0.2500000	 lr:0.0002895	 Mean_Total:0.2938402
2021-11-25 21:32:02,297 -   842 /  2109 (039%):	 Total:0.3277515	 Acc:0.2812500	 lr:0.0002888	 Mean_Total:0.3124881
2021-11-25 21:32:11,276 -  1263 /  2109 (059%):	 Total:0.4955271	 Acc:0.3125000	 lr:0.0002882	 Mean_Total:0.3390963
2021-11-25 21:32:20,547 -  1684 /  2109 (079%):	 Total:0.4016188	 Acc:0.4687500	 lr:0.0002876	 Mean_Total:0.3829601
2021-11-25 21:32:29,714 -  2105 /  2109 (099%):	 Total:1.2504767	 Acc:0.1562500	 lr:0.0002869	 Mean_Total:0.4169251
2021-11-25 21:32:29,915 - ===============================| start validation |===============================
2021-11-25 21:32:33,295 - 	 Total:0.4244724	 Acc:0.3181090
2021-11-25 21:32:33,300 -    ini file updated    
2021-11-25 21:32:33,309 - Snapshot saved to /data/users/wergillius/UTR_VAE/pth/RL_gru_MTL/1_layer_model/human_k9-model_best_cv0.pth

2021-11-25 21:32:33,310 -    ini file updated    
2021-11-25 21:32:33,311 - ===============================|    epoch 45   |===============================
2021-11-25 21:32:33,755 -     0 /  2109 (000%):	 Total:0.1895675	 Acc:0.5000000	 lr:0.0002869	 Mean_Total:0.1895675
2021-11-25 21:32:43,048 -   421 /  2109 (019%):	 Total:0.2045065	 Acc:0.3437500	 lr:0.0002863	 Mean_Total:0.2754861
2021-11-25 21:32:52,511 -   842 /  2109 (039%):	 Total:0.2803744	 Acc:0.3437500	 lr:0.0002856	 Mean_Total:0.3079835
2021-11-25 21:33:01,702 -  1263 /  2109 (059%):	 Total:0.4512997	 Acc:0.3125000	 lr:0.0002850	 Mean_Total:0.3370605
2021-11-25 21:33:11,087 -  1684 /  2109 (079%):	 Total:1.1156113	 Acc:0.1562500	 lr:0.0002844	 Mean_Total:0.3808018
2021-11-25 21:33:19,979 -  2105 /  2109 (099%):	 Total:0.4799619	 Acc:0.3125000	 lr:0.0002838	 Mean_Total:0.4145018
2021-11-25 21:33:20,151 - ===============================| start validation |===============================
2021-11-25 21:33:23,667 - 	 Total:0.4224439	 Acc:0.3187767
2021-11-25 21:33:23,672 -    ini file updated    
2021-11-25 21:33:23,681 - Snapshot saved to /data/users/wergillius/UTR_VAE/pth/RL_gru_MTL/1_layer_model/human_k9-model_best_cv0.pth

2021-11-25 21:33:23,682 -    ini file updated    
2021-11-25 21:33:23,682 - ===============================|    epoch 46   |===============================
2021-11-25 21:33:24,164 -     0 /  2109 (000%):	 Total:0.2036175	 Acc:0.3125000	 lr:0.0002838	 Mean_Total:0.2036175
2021-11-25 21:33:34,041 -   421 /  2109 (019%):	 Total:0.1760750	 Acc:0.5000000	 lr:0.0002832	 Mean_Total:0.2778893
2021-11-25 21:33:43,203 -   842 /  2109 (039%):	 Total:0.3667283	 Acc:0.2500000	 lr:0.0002826	 Mean_Total:0.3047501
2021-11-25 21:33:52,557 -  1263 /  2109 (059%):	 Total:0.1881306	 Acc:0.3750000	 lr:0.0002819	 Mean_Total:0.3344484
2021-11-25 21:34:01,712 -  1684 /  2109 (079%):	 Total:1.3139491	 Acc:0.2500000	 lr:0.0002813	 Mean_Total:0.3782433
2021-11-25 21:34:10,769 -  2105 /  2109 (099%):	 Total:0.3786574	 Acc:0.2812500	 lr:0.0002807	 Mean_Total:0.4129532
2021-11-25 21:34:10,939 - ===============================| start validation |===============================
2021-11-25 21:34:14,348 - 	 Total:0.4218583	 Acc:0.3171741
2021-11-25 21:34:14,353 -    ini file updated    
2021-11-25 21:34:14,362 - Snapshot saved to /data/users/wergillius/UTR_VAE/pth/RL_gru_MTL/1_layer_model/human_k9-model_best_cv0.pth

2021-11-25 21:34:14,363 -    ini file updated    
2021-11-25 21:34:14,363 - ===============================|    epoch 47   |===============================
2021-11-25 21:34:14,876 -     0 /  2109 (000%):	 Total:0.4097264	 Acc:0.3750000	 lr:0.0002807	 Mean_Total:0.4097264
2021-11-25 21:34:23,745 -   421 /  2109 (019%):	 Total:0.2372178	 Acc:0.2187500	 lr:0.0002801	 Mean_Total:0.2804034
2021-11-25 21:34:32,812 -   842 /  2109 (039%):	 Total:0.2286720	 Acc:0.3125000	 lr:0.0002796	 Mean_Total:0.3032482
2021-11-25 21:34:42,187 -  1263 /  2109 (059%):	 Total:1.0574888	 Acc:0.2812500	 lr:0.0002790	 Mean_Total:0.3330973
2021-11-25 21:34:51,153 -  1684 /  2109 (079%):	 Total:0.7012365	 Acc:0.2187500	 lr:0.0002784	 Mean_Total:0.3774704
2021-11-25 21:35:00,436 -  2105 /  2109 (099%):	 Total:0.4369061	 Acc:0.3437500	 lr:0.0002778	 Mean_Total:0.4127833
2021-11-25 21:35:00,628 - ===============================| start validation |===============================
2021-11-25 21:35:04,094 - 	 Total:0.4315386	 Acc:0.3108974
2021-11-25 21:35:04,098 -    ini file updated    
2021-11-25 21:35:04,099 - ===============================|    epoch 48   |===============================
2021-11-25 21:35:04,599 -     0 /  2109 (000%):	 Total:0.1602536	 Acc:0.4687500	 lr:0.0002778	 Mean_Total:0.1602536
2021-11-25 21:35:13,802 -   421 /  2109 (019%):	 Total:0.3660495	 Acc:0.2500000	 lr:0.0002772	 Mean_Total:0.2805829
2021-11-25 21:35:22,911 -   842 /  2109 (039%):	 Total:0.2499469	 Acc:0.2812500	 lr:0.0002767	 Mean_Total:0.3095141
2021-11-25 21:35:31,952 -  1263 /  2109 (059%):	 Total:0.3278449	 Acc:0.1875000	 lr:0.0002761	 Mean_Total:0.3363279
2021-11-25 21:35:41,404 -  1684 /  2109 (079%):	 Total:0.9122143	 Acc:0.1875000	 lr:0.0002755	 Mean_Total:0.3818879
2021-11-25 21:35:50,603 -  2105 /  2109 (099%):	 Total:0.2537507	 Acc:0.3750000	 lr:0.0002750	 Mean_Total:0.4162718
2021-11-25 21:35:50,808 - ===============================| start validation |===============================
2021-11-25 21:35:54,380 - 	 Total:0.4187299	 Acc:0.3151709
2021-11-25 21:35:54,384 -    ini file updated    
2021-11-25 21:35:54,391 - Snapshot saved to /data/users/wergillius/UTR_VAE/pth/RL_gru_MTL/1_layer_model/human_k9-model_best_cv0.pth

2021-11-25 21:35:54,392 -    ini file updated    
2021-11-25 21:35:54,392 - ===============================|    epoch 49   |===============================
2021-11-25 21:35:54,863 -     0 /  2109 (000%):	 Total:0.2960886	 Acc:0.3750000	 lr:0.0002750	 Mean_Total:0.2960886
2021-11-25 21:36:04,253 -   421 /  2109 (019%):	 Total:0.1755674	 Acc:0.4375000	 lr:0.0002744	 Mean_Total:0.2747367
2021-11-25 21:36:13,816 -   842 /  2109 (039%):	 Total:0.4176320	 Acc:0.3437500	 lr:0.0002738	 Mean_Total:0.3041530
2021-11-25 21:36:22,750 -  1263 /  2109 (059%):	 Total:0.4390119	 Acc:0.2500000	 lr:0.0002733	 Mean_Total:0.3307979
2021-11-25 21:36:32,055 -  1684 /  2109 (079%):	 Total:0.4726333	 Acc:0.2812500	 lr:0.0002727	 Mean_Total:0.3745887
2021-11-25 21:36:40,963 -  2105 /  2109 (099%):	 Total:1.1546059	 Acc:0.0937500	 lr:0.0002722	 Mean_Total:0.4090138
2021-11-25 21:36:41,153 - ===============================| start validation |===============================
2021-11-25 21:36:44,724 - 	 Total:0.4128005	 Acc:0.3162393
2021-11-25 21:36:44,728 -    ini file updated    
2021-11-25 21:36:44,737 - Snapshot saved to /data/users/wergillius/UTR_VAE/pth/RL_gru_MTL/1_layer_model/human_k9-model_best_cv0.pth

2021-11-25 21:36:44,738 -    ini file updated    
2021-11-25 21:36:44,738 - ===============================|    epoch 50   |===============================
2021-11-25 21:36:45,228 -     0 /  2109 (000%):	 Total:0.1778563	 Acc:0.4687500	 lr:0.0002722	 Mean_Total:0.1778563
2021-11-25 21:36:54,465 -   421 /  2109 (019%):	 Total:0.2159301	 Acc:0.2500000	 lr:0.0002716	 Mean_Total:0.2768062
2021-11-25 21:37:03,989 -   842 /  2109 (039%):	 Total:0.6715389	 Acc:0.3750000	 lr:0.0002711	 Mean_Total:0.3015364
2021-11-25 21:37:13,256 -  1263 /  2109 (059%):	 Total:0.1654805	 Acc:0.4687500	 lr:0.0002706	 Mean_Total:0.3307190
2021-11-25 21:37:22,692 -  1684 /  2109 (079%):	 Total:0.3723972	 Acc:0.3750000	 lr:0.0002700	 Mean_Total:0.3742286
2021-11-25 21:37:31,660 -  2105 /  2109 (099%):	 Total:0.3176394	 Acc:0.2187500	 lr:0.0002695	 Mean_Total:0.4076110
2021-11-25 21:37:31,868 - ===============================| start validation |===============================
2021-11-25 21:37:35,284 - 	 Total:0.4128192	 Acc:0.3193109
2021-11-25 21:37:35,290 -    ini file updated    
2021-11-25 21:37:35,297 - Snapshot saved to /data/users/wergillius/UTR_VAE/pth/RL_gru_MTL/1_layer_model/human_k9-model_best_cv0.pth

2021-11-25 21:37:35,298 -    ini file updated    
2021-11-25 21:37:35,299 - ===============================|    epoch 51   |===============================
2021-11-25 21:37:35,835 -     0 /  2109 (000%):	 Total:0.2239154	 Acc:0.5000000	 lr:0.0002695	 Mean_Total:0.2239154
2021-11-25 21:37:45,176 -   421 /  2109 (019%):	 Total:0.5651685	 Acc:0.4375000	 lr:0.0002690	 Mean_Total:0.2738202
2021-11-25 21:37:54,440 -   842 /  2109 (039%):	 Total:0.1740043	 Acc:0.3125000	 lr:0.0002685	 Mean_Total:0.3009972
2021-11-25 21:38:03,446 -  1263 /  2109 (059%):	 Total:0.3296330	 Acc:0.2187500	 lr:0.0002679	 Mean_Total:0.3283752
2021-11-25 21:38:12,707 -  1684 /  2109 (079%):	 Total:0.7421107	 Acc:0.1875000	 lr:0.0002674	 Mean_Total:0.3729575
2021-11-25 21:38:21,875 -  2105 /  2109 (099%):	 Total:0.6702110	 Acc:0.3437500	 lr:0.0002669	 Mean_Total:0.4059159
2021-11-25 21:38:22,066 - ===============================| start validation |===============================
2021-11-25 21:38:25,622 - 	 Total:0.4121915	 Acc:0.3201122
2021-11-25 21:38:25,627 -    ini file updated    
2021-11-25 21:38:25,635 - Snapshot saved to /data/users/wergillius/UTR_VAE/pth/RL_gru_MTL/1_layer_model/human_k9-model_best_cv0.pth

2021-11-25 21:38:25,636 -    ini file updated    
2021-11-25 21:38:25,636 - ===============================|    epoch 52   |===============================
2021-11-25 21:38:26,096 -     0 /  2109 (000%):	 Total:0.3876832	 Acc:0.3750000	 lr:0.0002669	 Mean_Total:0.3876832
2021-11-25 21:38:35,563 -   421 /  2109 (019%):	 Total:0.2731183	 Acc:0.1875000	 lr:0.0002664	 Mean_Total:0.2735169
2021-11-25 21:38:44,998 -   842 /  2109 (039%):	 Total:0.3393505	 Acc:0.2812500	 lr:0.0002659	 Mean_Total:0.3007639
2021-11-25 21:38:54,394 -  1263 /  2109 (059%):	 Total:0.4103549	 Acc:0.2812500	 lr:0.0002654	 Mean_Total:0.3250983
2021-11-25 21:39:03,785 -  1684 /  2109 (079%):	 Total:0.5338814	 Acc:0.3125000	 lr:0.0002649	 Mean_Total:0.3695102
2021-11-25 21:39:12,873 -  2105 /  2109 (099%):	 Total:0.2706102	 Acc:0.4375000	 lr:0.0002644	 Mean_Total:0.4045658
2021-11-25 21:39:13,078 - ===============================| start validation |===============================
2021-11-25 21:39:16,788 - 	 Total:0.4113807	 Acc:0.3197115
2021-11-25 21:39:16,793 -    ini file updated    
2021-11-25 21:39:16,802 - Snapshot saved to /data/users/wergillius/UTR_VAE/pth/RL_gru_MTL/1_layer_model/human_k9-model_best_cv0.pth

2021-11-25 21:39:16,803 -    ini file updated    
2021-11-25 21:39:16,803 - ===============================|    epoch 53   |===============================
2021-11-25 21:39:17,324 -     0 /  2109 (000%):	 Total:0.2504939	 Acc:0.2500000	 lr:0.0002644	 Mean_Total:0.2504939
2021-11-25 21:39:26,763 -   421 /  2109 (019%):	 Total:0.3293478	 Acc:0.3750000	 lr:0.0002639	 Mean_Total:0.2645384
2021-11-25 21:39:36,015 -   842 /  2109 (039%):	 Total:0.2256211	 Acc:0.3437500	 lr:0.0002634	 Mean_Total:0.2954986
2021-11-25 21:39:45,267 -  1263 /  2109 (059%):	 Total:0.4689844	 Acc:0.2187500	 lr:0.0002629	 Mean_Total:0.3258275
2021-11-25 21:39:54,588 -  1684 /  2109 (079%):	 Total:0.4841494	 Acc:0.1875000	 lr:0.0002624	 Mean_Total:0.3717123
2021-11-25 21:40:03,540 -  2105 /  2109 (099%):	 Total:0.3495434	 Acc:0.2812500	 lr:0.0002619	 Mean_Total:0.4055149
2021-11-25 21:40:03,746 - ===============================| start validation |===============================
2021-11-25 21:40:07,138 - 	 Total:0.4236929	 Acc:0.3182425
2021-11-25 21:40:07,141 -    ini file updated    
2021-11-25 21:40:07,142 - ===============================|    epoch 54   |===============================
2021-11-25 21:40:07,632 -     0 /  2109 (000%):	 Total:0.2748936	 Acc:0.3437500	 lr:0.0002619	 Mean_Total:0.2748936
2021-11-25 21:40:16,639 -   421 /  2109 (019%):	 Total:0.3350501	 Acc:0.4687500	 lr:0.0002614	 Mean_Total:0.2689087
2021-11-25 21:40:25,857 -   842 /  2109 (039%):	 Total:0.7149117	 Acc:0.2812500	 lr:0.0002610	 Mean_Total:0.3001488
2021-11-25 21:40:34,699 -  1263 /  2109 (059%):	 Total:0.4639435	 Acc:0.2812500	 lr:0.0002605	 Mean_Total:0.3262319
2021-11-25 21:40:43,825 -  1684 /  2109 (079%):	 Total:0.4534085	 Acc:0.1562500	 lr:0.0002600	 Mean_Total:0.3694864
2021-11-25 21:40:52,723 -  2105 /  2109 (099%):	 Total:1.0786945	 Acc:0.1250000	 lr:0.0002595	 Mean_Total:0.4030627
2021-11-25 21:40:52,927 - ===============================| start validation |===============================
2021-11-25 21:40:56,416 - 	 Total:0.4084764	 Acc:0.3241186
2021-11-25 21:40:56,420 -    ini file updated    
2021-11-25 21:40:56,426 - Snapshot saved to /data/users/wergillius/UTR_VAE/pth/RL_gru_MTL/1_layer_model/human_k9-model_best_cv0.pth

2021-11-25 21:40:56,427 -    ini file updated    
2021-11-25 21:40:56,427 - ===============================|    epoch 55   |===============================
2021-11-25 21:40:56,888 -     0 /  2109 (000%):	 Total:0.3079680	 Acc:0.2500000	 lr:0.0002595	 Mean_Total:0.3079680
2021-11-25 21:41:05,693 -   421 /  2109 (019%):	 Total:0.1801623	 Acc:0.5000000	 lr:0.0002591	 Mean_Total:0.2660010
2021-11-25 21:41:14,599 -   842 /  2109 (039%):	 Total:0.3393317	 Acc:0.4375000	 lr:0.0002586	 Mean_Total:0.2942763
2021-11-25 21:41:23,524 -  1263 /  2109 (059%):	 Total:0.4195898	 Acc:0.2812500	 lr:0.0002581	 Mean_Total:0.3224469
2021-11-25 21:41:32,292 -  1684 /  2109 (079%):	 Total:0.3962018	 Acc:0.3437500	 lr:0.0002577	 Mean_Total:0.3673577
2021-11-25 21:41:41,248 -  2105 /  2109 (099%):	 Total:0.5950288	 Acc:0.2812500	 lr:0.0002572	 Mean_Total:0.4011218
2021-11-25 21:41:41,448 - ===============================| start validation |===============================
2021-11-25 21:41:44,769 - 	 Total:0.4095283	 Acc:0.3218483
2021-11-25 21:41:44,773 -    ini file updated    
2021-11-25 21:41:44,773 - ===============================|    epoch 56   |===============================
2021-11-25 21:41:45,318 -     0 /  2109 (000%):	 Total:0.1636522	 Acc:0.4687500	 lr:0.0002572	 Mean_Total:0.1636522
2021-11-25 21:41:54,533 -   421 /  2109 (019%):	 Total:0.2898965	 Acc:0.4375000	 lr:0.0002567	 Mean_Total:0.2738988
2021-11-25 21:42:03,650 -   842 /  2109 (039%):	 Total:0.8074151	 Acc:0.2812500	 lr:0.0002563	 Mean_Total:0.2950868
2021-11-25 21:42:12,657 -  1263 /  2109 (059%):	 Total:0.2892743	 Acc:0.3750000	 lr:0.0002558	 Mean_Total:0.3239651
2021-11-25 21:42:21,745 -  1684 /  2109 (079%):	 Total:0.3921537	 Acc:0.3125000	 lr:0.0002554	 Mean_Total:0.3673903
2021-11-25 21:42:30,842 -  2105 /  2109 (099%):	 Total:0.5535825	 Acc:0.1875000	 lr:0.0002549	 Mean_Total:0.4006814
2021-11-25 21:42:31,056 - ===============================| start validation |===============================
2021-11-25 21:42:34,670 - 	 Total:0.4113919	 Acc:0.3199786
2021-11-25 21:42:34,675 -    ini file updated    
2021-11-25 21:42:34,675 - ===============================|    epoch 57   |===============================
2021-11-25 21:42:35,200 -     0 /  2109 (000%):	 Total:0.2928889	 Acc:0.4687500	 lr:0.0002549	 Mean_Total:0.2928889
2021-11-25 21:42:44,671 -   421 /  2109 (019%):	 Total:0.2311510	 Acc:0.3750000	 lr:0.0002545	 Mean_Total:0.2604671
2021-11-25 21:42:54,048 -   842 /  2109 (039%):	 Total:0.2599036	 Acc:0.3125000	 lr:0.0002540	 Mean_Total:0.2915104
2021-11-25 21:43:02,996 -  1263 /  2109 (059%):	 Total:0.2909243	 Acc:0.2812500	 lr:0.0002536	 Mean_Total:0.3199412
2021-11-25 21:43:11,295 -  1684 /  2109 (079%):	 Total:0.7273366	 Acc:0.1875000	 lr:0.0002532	 Mean_Total:0.3653974
2021-11-25 21:43:19,115 -  2105 /  2109 (099%):	 Total:0.4298985	 Acc:0.2500000	 lr:0.0002527	 Mean_Total:0.3987982
2021-11-25 21:43:19,298 - ===============================| start validation |===============================
2021-11-25 21:43:22,064 - 	 Total:0.4064809	 Acc:0.3233173
2021-11-25 21:43:22,067 -    ini file updated    
2021-11-25 21:43:22,074 - Snapshot saved to /data/users/wergillius/UTR_VAE/pth/RL_gru_MTL/1_layer_model/human_k9-model_best_cv0.pth

2021-11-25 21:43:22,074 -    ini file updated    
2021-11-25 21:43:22,074 - ===============================|    epoch 58   |===============================
2021-11-25 21:43:22,522 -     0 /  2109 (000%):	 Total:0.2133864	 Acc:0.3437500	 lr:0.0002527	 Mean_Total:0.2133864
2021-11-25 21:43:30,249 -   421 /  2109 (019%):	 Total:0.2024653	 Acc:0.3437500	 lr:0.0002523	 Mean_Total:0.2602662
2021-11-25 21:43:38,104 -   842 /  2109 (039%):	 Total:0.6784843	 Acc:0.4375000	 lr:0.0002519	 Mean_Total:0.2916126
2021-11-25 21:43:46,216 -  1263 /  2109 (059%):	 Total:0.4013255	 Acc:0.1875000	 lr:0.0002514	 Mean_Total:0.3183746
2021-11-25 21:43:54,057 -  1684 /  2109 (079%):	 Total:0.3328519	 Acc:0.3750000	 lr:0.0002510	 Mean_Total:0.3620359
2021-11-25 21:44:02,363 -  2105 /  2109 (099%):	 Total:0.4202638	 Acc:0.2812500	 lr:0.0002506	 Mean_Total:0.3954972
2021-11-25 21:44:02,544 - ===============================| start validation |===============================
2021-11-25 21:44:05,453 - 	 Total:0.4052662	 Acc:0.3234509
2021-11-25 21:44:05,459 -    ini file updated    
2021-11-25 21:44:05,467 - Snapshot saved to /data/users/wergillius/UTR_VAE/pth/RL_gru_MTL/1_layer_model/human_k9-model_best_cv0.pth

2021-11-25 21:44:05,468 -    ini file updated    
2021-11-25 21:44:05,468 - ===============================|    epoch 59   |===============================
2021-11-25 21:44:05,954 -     0 /  2109 (000%):	 Total:0.3648582	 Acc:0.5625000	 lr:0.0002506	 Mean_Total:0.3648582
2021-11-25 21:44:13,949 -   421 /  2109 (019%):	 Total:0.1714340	 Acc:0.3750000	 lr:0.0002501	 Mean_Total:0.2650371
2021-11-25 21:44:21,685 -   842 /  2109 (039%):	 Total:0.6819025	 Acc:0.2500000	 lr:0.0002497	 Mean_Total:0.2945626
2021-11-25 21:44:29,573 -  1263 /  2109 (059%):	 Total:0.4090985	 Acc:0.2812500	 lr:0.0002493	 Mean_Total:0.3205649
2021-11-25 21:44:37,366 -  1684 /  2109 (079%):	 Total:0.4736038	 Acc:0.2500000	 lr:0.0002489	 Mean_Total:0.3647024
2021-11-25 21:44:45,190 -  2105 /  2109 (099%):	 Total:0.6138163	 Acc:0.1562500	 lr:0.0002485	 Mean_Total:0.3974518
2021-11-25 21:44:45,362 - ===============================| start validation |===============================
2021-11-25 21:44:48,157 - 	 Total:0.4109474	 Acc:0.3195780
2021-11-25 21:44:48,160 -    ini file updated    
2021-11-25 21:44:48,161 - ===============================|    epoch 60   |===============================
2021-11-25 21:44:48,594 -     0 /  2109 (000%):	 Total:0.2143620	 Acc:0.1875000	 lr:0.0002485	 Mean_Total:0.2143620
2021-11-25 21:44:56,732 -   421 /  2109 (019%):	 Total:0.9680209	 Acc:0.4062500	 lr:0.0002481	 Mean_Total:0.2683308
2021-11-25 21:45:04,663 -   842 /  2109 (039%):	 Total:0.1857821	 Acc:0.2500000	 lr:0.0002477	 Mean_Total:0.2918810
2021-11-25 21:45:12,082 -  1263 /  2109 (059%):	 Total:0.3995574	 Acc:0.2187500	 lr:0.0002472	 Mean_Total:0.3222325
2021-11-25 21:45:19,218 -  1684 /  2109 (079%):	 Total:0.3529719	 Acc:0.2812500	 lr:0.0002468	 Mean_Total:0.3652197
2021-11-25 21:45:25,757 -  2105 /  2109 (099%):	 Total:0.3933399	 Acc:0.2187500	 lr:0.0002464	 Mean_Total:0.4001650
2021-11-25 21:45:25,936 - ===============================| start validation |===============================
2021-11-25 21:45:28,188 - 	 Total:0.4110879	 Acc:0.3230502
2021-11-25 21:45:28,191 -    ini file updated    
