2021-11-27 15:04:17,988 -   	 	 ==============<<< device used: cuda:1  >>>============== 	 	 
2021-11-27 15:04:38,033 - ===============================|    epoch 0   |===============================
2021-11-27 15:04:39,046 -     0 /  2109 (000%):	 Total:43.8457336	 Acc:0.0000000	 lr:0.0009882	 Mean_Total:43.8457336
2021-11-27 15:05:13,857 -   421 /  2109 (019%):	 Total:0.9812823	 Acc:0.1562500	 lr:0.0043027	 Mean_Total:2.1123525
2021-11-27 15:05:47,428 -   842 /  2109 (039%):	 Total:1.0208924	 Acc:0.1250000	 lr:0.0030443	 Mean_Total:1.6059252
2021-11-27 15:06:21,903 -  1263 /  2109 (059%):	 Total:0.5295974	 Acc:0.1875000	 lr:0.0024861	 Mean_Total:1.4072922
2021-11-27 15:06:55,635 -  1684 /  2109 (079%):	 Total:1.0266347	 Acc:0.1562500	 lr:0.0021533	 Mean_Total:1.3305505
2021-11-27 15:07:27,202 -  2105 /  2109 (099%):	 Total:0.7732498	 Acc:0.3750000	 lr:0.0019260	 Mean_Total:1.2960772
2021-11-27 15:07:27,686 - ===============================| start validation |===============================
2021-11-27 15:07:37,239 - 	 Total:0.9058960	 Acc:0.2207532
2021-11-27 15:07:37,248 -    ini file updated    
2021-11-27 15:07:37,265 - Snapshot saved to /data/users/wergillius/UTR_VAE/pth/RL_gru_MTL/1_layer_model/human_k17-model_best_cv3.pth

2021-11-27 15:07:37,266 -    ini file updated    
2021-11-27 15:07:37,266 - ===============================|    epoch 1   |===============================
2021-11-27 15:07:38,175 -     0 /  2109 (000%):	 Total:1.5451601	 Acc:0.0937500	 lr:0.0019242	 Mean_Total:1.5451601
2021-11-27 15:08:11,556 -   421 /  2109 (019%):	 Total:0.8341658	 Acc:0.2812500	 lr:0.0017569	 Mean_Total:0.8067215
2021-11-27 15:08:45,120 -   842 /  2109 (039%):	 Total:0.8358772	 Acc:0.3750000	 lr:0.0016268	 Mean_Total:0.8159750
2021-11-27 15:09:18,476 -  1263 /  2109 (059%):	 Total:0.9787151	 Acc:0.2812500	 lr:0.0015219	 Mean_Total:0.8186939
2021-11-27 15:09:50,618 -  1684 /  2109 (079%):	 Total:1.8898973	 Acc:0.1562500	 lr:0.0014350	 Mean_Total:0.8447919
2021-11-27 15:10:23,822 -  2105 /  2109 (099%):	 Total:0.7520756	 Acc:0.2187500	 lr:0.0013614	 Mean_Total:0.8781817
2021-11-27 15:10:24,354 - ===============================| start validation |===============================
2021-11-27 15:10:35,023 - 	 Total:0.7891463	 Acc:0.2369124
2021-11-27 15:10:35,031 -    ini file updated    
2021-11-27 15:10:35,038 - Snapshot saved to /data/users/wergillius/UTR_VAE/pth/RL_gru_MTL/1_layer_model/human_k17-model_best_cv3.pth

2021-11-27 15:10:35,038 -    ini file updated    
2021-11-27 15:10:35,039 - ===============================|    epoch 2   |===============================
2021-11-27 15:10:36,051 -     0 /  2109 (000%):	 Total:0.3693879	 Acc:0.3750000	 lr:0.0013608	 Mean_Total:0.3693879
2021-11-27 15:11:07,648 -   421 /  2109 (019%):	 Total:0.5564809	 Acc:0.2500000	 lr:0.0012976	 Mean_Total:0.6920619
2021-11-27 15:11:39,876 -   842 /  2109 (039%):	 Total:1.1436179	 Acc:0.1875000	 lr:0.0012424	 Mean_Total:0.7156897
2021-11-27 15:12:14,126 -  1263 /  2109 (059%):	 Total:0.6609985	 Acc:0.1250000	 lr:0.0011938	 Mean_Total:0.7279161
2021-11-27 15:12:48,032 -  1684 /  2109 (079%):	 Total:0.8184087	 Acc:0.2187500	 lr:0.0011504	 Mean_Total:0.7598073
2021-11-27 15:13:20,048 -  2105 /  2109 (099%):	 Total:1.0270545	 Acc:0.3125000	 lr:0.0011115	 Mean_Total:0.7958546
2021-11-27 15:13:20,445 - ===============================| start validation |===============================
2021-11-27 15:13:31,219 - 	 Total:0.7444442	 Acc:0.2435897
2021-11-27 15:13:31,224 -    ini file updated    
2021-11-27 15:13:31,233 - Snapshot saved to /data/users/wergillius/UTR_VAE/pth/RL_gru_MTL/1_layer_model/human_k17-model_best_cv3.pth

2021-11-27 15:13:31,234 -    ini file updated    
2021-11-27 15:13:31,234 - ===============================|    epoch 3   |===============================
2021-11-27 15:13:31,989 -     0 /  2109 (000%):	 Total:0.3125940	 Acc:0.4375000	 lr:0.0011111	 Mean_Total:0.3125940
2021-11-27 15:14:04,453 -   421 /  2109 (019%):	 Total:0.6882262	 Acc:0.3437500	 lr:0.0010759	 Mean_Total:0.6136699
2021-11-27 15:14:37,307 -   842 /  2109 (039%):	 Total:0.8554143	 Acc:0.2187500	 lr:0.0010438	 Mean_Total:0.6465168
2021-11-27 15:15:10,568 -  1263 /  2109 (059%):	 Total:0.8443959	 Acc:0.0937500	 lr:0.0010145	 Mean_Total:0.6695550
2021-11-27 15:15:43,611 -  1684 /  2109 (079%):	 Total:0.9316448	 Acc:0.3125000	 lr:0.0009875	 Mean_Total:0.7056850
2021-11-27 15:16:16,026 -  2105 /  2109 (099%):	 Total:0.8095471	 Acc:0.3125000	 lr:0.0009625	 Mean_Total:0.7410526
2021-11-27 15:16:16,516 - ===============================| start validation |===============================
2021-11-27 15:16:25,837 - 	 Total:0.7109045	 Acc:0.2524038
2021-11-27 15:16:25,845 -    ini file updated    
2021-11-27 15:16:25,853 - Snapshot saved to /data/users/wergillius/UTR_VAE/pth/RL_gru_MTL/1_layer_model/human_k17-model_best_cv3.pth

2021-11-27 15:16:25,854 -    ini file updated    
2021-11-27 15:16:25,854 - ===============================|    epoch 4   |===============================
2021-11-27 15:16:26,846 -     0 /  2109 (000%):	 Total:0.4375142	 Acc:0.2812500	 lr:0.0009623	 Mean_Total:0.4375142
2021-11-27 15:17:00,998 -   421 /  2109 (019%):	 Total:1.0040923	 Acc:0.2500000	 lr:0.0009391	 Mean_Total:0.5857800
2021-11-27 15:17:34,707 -   842 /  2109 (039%):	 Total:0.3834708	 Acc:0.1250000	 lr:0.0009176	 Mean_Total:0.6153387
2021-11-27 15:18:09,704 -  1263 /  2109 (059%):	 Total:0.6896573	 Acc:0.1562500	 lr:0.0008974	 Mean_Total:0.6385076
2021-11-27 15:18:41,653 -  1684 /  2109 (079%):	 Total:1.3050555	 Acc:0.0000000	 lr:0.0008786	 Mean_Total:0.6770290
2021-11-27 15:19:15,230 -  2105 /  2109 (099%):	 Total:0.8720958	 Acc:0.2812500	 lr:0.0008609	 Mean_Total:0.7102677
2021-11-27 15:19:15,837 - ===============================| start validation |===============================
2021-11-27 15:19:24,937 - 	 Total:0.6878740	 Acc:0.2518697
2021-11-27 15:19:24,945 -    ini file updated    
2021-11-27 15:19:24,955 - Snapshot saved to /data/users/wergillius/UTR_VAE/pth/RL_gru_MTL/1_layer_model/human_k17-model_best_cv3.pth

2021-11-27 15:19:24,961 -    ini file updated    
2021-11-27 15:19:24,961 - ===============================|    epoch 5   |===============================
2021-11-27 15:19:25,966 -     0 /  2109 (000%):	 Total:0.8428826	 Acc:0.2187500	 lr:0.0008607	 Mean_Total:0.8428826
2021-11-27 15:19:58,901 -   421 /  2109 (019%):	 Total:0.4035993	 Acc:0.1875000	 lr:0.0008440	 Mean_Total:0.5496348
2021-11-27 15:20:31,299 -   842 /  2109 (039%):	 Total:1.0307814	 Acc:0.2187500	 lr:0.0008283	 Mean_Total:0.5848933
2021-11-27 15:21:04,862 -  1263 /  2109 (059%):	 Total:0.8457503	 Acc:0.1875000	 lr:0.0008134	 Mean_Total:0.6097591
2021-11-27 15:21:39,274 -  1684 /  2109 (079%):	 Total:1.1001058	 Acc:0.2187500	 lr:0.0007992	 Mean_Total:0.6489014
2021-11-27 15:22:12,808 -  2105 /  2109 (099%):	 Total:0.3801983	 Acc:0.2812500	 lr:0.0007858	 Mean_Total:0.6843225
2021-11-27 15:22:13,294 - ===============================| start validation |===============================
2021-11-27 15:22:23,593 - 	 Total:0.6711063	 Acc:0.2541400
2021-11-27 15:22:23,601 -    ini file updated    
2021-11-27 15:22:23,620 - Snapshot saved to /data/users/wergillius/UTR_VAE/pth/RL_gru_MTL/1_layer_model/human_k17-model_best_cv3.pth

2021-11-27 15:22:23,627 -    ini file updated    
2021-11-27 15:22:23,627 - ===============================|    epoch 6   |===============================
2021-11-27 15:22:24,549 -     0 /  2109 (000%):	 Total:0.5594240	 Acc:0.2187500	 lr:0.0007857	 Mean_Total:0.5594240
2021-11-27 15:22:58,107 -   421 /  2109 (019%):	 Total:0.5789421	 Acc:0.2812500	 lr:0.0007730	 Mean_Total:0.5288444
2021-11-27 15:23:30,750 -   842 /  2109 (039%):	 Total:0.5803120	 Acc:0.2187500	 lr:0.0007608	 Mean_Total:0.5633972
2021-11-27 15:24:04,881 -  1263 /  2109 (059%):	 Total:0.8821336	 Acc:0.2500000	 lr:0.0007492	 Mean_Total:0.5850588
2021-11-27 15:24:35,777 -  1684 /  2109 (079%):	 Total:0.6118237	 Acc:0.2812500	 lr:0.0007381	 Mean_Total:0.6239800
2021-11-27 15:25:08,948 -  2105 /  2109 (099%):	 Total:0.7199881	 Acc:0.1562500	 lr:0.0007275	 Mean_Total:0.6568677
2021-11-27 15:25:09,336 - ===============================| start validation |===============================
2021-11-27 15:25:18,820 - 	 Total:0.6594421	 Acc:0.2678953
2021-11-27 15:25:18,829 -    ini file updated    
2021-11-27 15:25:18,837 - Snapshot saved to /data/users/wergillius/UTR_VAE/pth/RL_gru_MTL/1_layer_model/human_k17-model_best_cv3.pth

2021-11-27 15:25:18,838 -    ini file updated    
2021-11-27 15:25:18,838 - ===============================|    epoch 7   |===============================
2021-11-27 15:25:19,578 -     0 /  2109 (000%):	 Total:0.3259274	 Acc:0.4375000	 lr:0.0007274	 Mean_Total:0.3259274
2021-11-27 15:25:51,438 -   421 /  2109 (019%):	 Total:0.6398932	 Acc:0.4062500	 lr:0.0007173	 Mean_Total:0.5091305
2021-11-27 15:26:25,652 -   842 /  2109 (039%):	 Total:1.3910940	 Acc:0.2812500	 lr:0.0007075	 Mean_Total:0.5484329
2021-11-27 15:26:58,514 -  1263 /  2109 (059%):	 Total:1.0406181	 Acc:0.1250000	 lr:0.0006982	 Mean_Total:0.5726343
2021-11-27 15:27:32,656 -  1684 /  2109 (079%):	 Total:0.4971067	 Acc:0.2187500	 lr:0.0006892	 Mean_Total:0.6115994
2021-11-27 15:28:05,232 -  2105 /  2109 (099%):	 Total:0.6498634	 Acc:0.2500000	 lr:0.0006805	 Mean_Total:0.6460059
2021-11-27 15:28:05,675 - ===============================| start validation |===============================
2021-11-27 15:28:15,480 - 	 Total:0.6393377	 Acc:0.2674947
2021-11-27 15:28:15,488 -    ini file updated    
2021-11-27 15:28:15,495 - Snapshot saved to /data/users/wergillius/UTR_VAE/pth/RL_gru_MTL/1_layer_model/human_k17-model_best_cv3.pth

2021-11-27 15:28:15,495 -    ini file updated    
2021-11-27 15:28:15,496 - ===============================|    epoch 8   |===============================
2021-11-27 15:28:16,142 -     0 /  2109 (000%):	 Total:0.2418152	 Acc:0.3125000	 lr:0.0006805	 Mean_Total:0.2418152
2021-11-27 15:28:49,800 -   421 /  2109 (019%):	 Total:0.6558006	 Acc:0.2812500	 lr:0.0006721	 Mean_Total:0.4922536
2021-11-27 15:29:23,434 -   842 /  2109 (039%):	 Total:0.3404818	 Acc:0.2812500	 lr:0.0006641	 Mean_Total:0.5197582
2021-11-27 15:29:56,934 -  1263 /  2109 (059%):	 Total:0.4172748	 Acc:0.1875000	 lr:0.0006563	 Mean_Total:0.5476984
2021-11-27 15:30:29,882 -  1684 /  2109 (079%):	 Total:0.5553787	 Acc:0.1562500	 lr:0.0006488	 Mean_Total:0.5892031
2021-11-27 15:31:03,152 -  2105 /  2109 (099%):	 Total:0.5662820	 Acc:0.2812500	 lr:0.0006416	 Mean_Total:0.6228719
2021-11-27 15:31:03,596 - ===============================| start validation |===============================
2021-11-27 15:31:13,678 - 	 Total:0.6307103	 Acc:0.2654915
2021-11-27 15:31:13,684 -    ini file updated    
2021-11-27 15:31:13,694 - Snapshot saved to /data/users/wergillius/UTR_VAE/pth/RL_gru_MTL/1_layer_model/human_k17-model_best_cv3.pth

2021-11-27 15:31:13,695 -    ini file updated    
2021-11-27 15:31:13,695 - ===============================|    epoch 9   |===============================
2021-11-27 15:31:14,553 -     0 /  2109 (000%):	 Total:0.4019479	 Acc:0.2812500	 lr:0.0006415	 Mean_Total:0.4019479
2021-11-27 15:31:47,921 -   421 /  2109 (019%):	 Total:0.3514723	 Acc:0.3750000	 lr:0.0006345	 Mean_Total:0.4656694
2021-11-27 15:32:19,965 -   842 /  2109 (039%):	 Total:0.3849799	 Acc:0.3125000	 lr:0.0006278	 Mean_Total:0.5119448
2021-11-27 15:32:53,273 -  1263 /  2109 (059%):	 Total:0.8333756	 Acc:0.2187500	 lr:0.0006212	 Mean_Total:0.5380064
2021-11-27 15:33:25,328 -  1684 /  2109 (079%):	 Total:1.0392761	 Acc:0.1875000	 lr:0.0006148	 Mean_Total:0.5766696
2021-11-27 15:33:57,499 -  2105 /  2109 (099%):	 Total:0.7449590	 Acc:0.3750000	 lr:0.0006087	 Mean_Total:0.6121832
2021-11-27 15:33:58,022 - ===============================| start validation |===============================
2021-11-27 15:34:07,238 - 	 Total:0.6195446	 Acc:0.2753739
2021-11-27 15:34:07,243 -    ini file updated    
2021-11-27 15:34:07,252 - Snapshot saved to /data/users/wergillius/UTR_VAE/pth/RL_gru_MTL/1_layer_model/human_k17-model_best_cv3.pth

2021-11-27 15:34:07,253 -    ini file updated    
2021-11-27 15:34:07,253 - ===============================|    epoch 10   |===============================
2021-11-27 15:34:08,016 -     0 /  2109 (000%):	 Total:0.4260360	 Acc:0.2500000	 lr:0.0006086	 Mean_Total:0.4260360
2021-11-27 15:34:40,135 -   421 /  2109 (019%):	 Total:0.4616180	 Acc:0.2187500	 lr:0.0006026	 Mean_Total:0.4693640
2021-11-27 15:35:14,012 -   842 /  2109 (039%):	 Total:0.4468240	 Acc:0.1875000	 lr:0.0005968	 Mean_Total:0.5011739
2021-11-27 15:35:47,529 -  1263 /  2109 (059%):	 Total:0.4916602	 Acc:0.3750000	 lr:0.0005912	 Mean_Total:0.5297556
2021-11-27 15:36:20,163 -  1684 /  2109 (079%):	 Total:2.3938508	 Acc:0.0937500	 lr:0.0005857	 Mean_Total:0.5659248
2021-11-27 15:36:50,577 -  2105 /  2109 (099%):	 Total:0.5210492	 Acc:0.2500000	 lr:0.0005803	 Mean_Total:0.6016717
2021-11-27 15:36:51,034 - ===============================| start validation |===============================
2021-11-27 15:36:59,867 - 	 Total:0.6173569	 Acc:0.2747062
2021-11-27 15:36:59,873 -    ini file updated    
2021-11-27 15:36:59,882 - Snapshot saved to /data/users/wergillius/UTR_VAE/pth/RL_gru_MTL/1_layer_model/human_k17-model_best_cv3.pth

2021-11-27 15:36:59,883 -    ini file updated    
2021-11-27 15:36:59,883 - ===============================|    epoch 11   |===============================
2021-11-27 15:37:00,805 -     0 /  2109 (000%):	 Total:0.4514533	 Acc:0.3437500	 lr:0.0005803	 Mean_Total:0.4514533
2021-11-27 15:37:33,184 -   421 /  2109 (019%):	 Total:0.3299971	 Acc:0.3125000	 lr:0.0005751	 Mean_Total:0.4594825
2021-11-27 15:38:07,120 -   842 /  2109 (039%):	 Total:0.2197850	 Acc:0.4375000	 lr:0.0005700	 Mean_Total:0.4955885
2021-11-27 15:38:38,188 -  1263 /  2109 (059%):	 Total:0.7019455	 Acc:0.1250000	 lr:0.0005651	 Mean_Total:0.5200369
2021-11-27 15:39:09,346 -  1684 /  2109 (079%):	 Total:0.5598956	 Acc:0.1875000	 lr:0.0005603	 Mean_Total:0.5627439
2021-11-27 15:39:43,196 -  2105 /  2109 (099%):	 Total:0.5502001	 Acc:0.3125000	 lr:0.0005556	 Mean_Total:0.5945650
2021-11-27 15:39:43,625 - ===============================| start validation |===============================
2021-11-27 15:39:53,077 - 	 Total:0.6045134	 Acc:0.2817842
2021-11-27 15:39:53,081 -    ini file updated    
2021-11-27 15:39:53,088 - Snapshot saved to /data/users/wergillius/UTR_VAE/pth/RL_gru_MTL/1_layer_model/human_k17-model_best_cv3.pth

2021-11-27 15:39:53,089 -    ini file updated    
2021-11-27 15:39:53,089 - ===============================|    epoch 12   |===============================
2021-11-27 15:39:53,950 -     0 /  2109 (000%):	 Total:0.3751687	 Acc:0.4687500	 lr:0.0005556	 Mean_Total:0.3751687
2021-11-27 15:40:24,635 -   421 /  2109 (019%):	 Total:0.5702704	 Acc:0.4062500	 lr:0.0005510	 Mean_Total:0.4421727
2021-11-27 15:40:57,602 -   842 /  2109 (039%):	 Total:0.9227443	 Acc:0.2812500	 lr:0.0005466	 Mean_Total:0.4785839
2021-11-27 15:41:28,880 -  1263 /  2109 (059%):	 Total:1.1631049	 Acc:0.2500000	 lr:0.0005422	 Mean_Total:0.4943504
2021-11-27 15:42:02,230 -  1684 /  2109 (079%):	 Total:0.8694417	 Acc:0.1562500	 lr:0.0005380	 Mean_Total:0.5287956
2021-11-27 15:42:34,226 -  2105 /  2109 (099%):	 Total:0.5897124	 Acc:0.3125000	 lr:0.0005338	 Mean_Total:0.5595012
2021-11-27 15:42:34,735 - ===============================| start validation |===============================
2021-11-27 15:42:44,109 - 	 Total:0.5453872	 Acc:0.2824519
2021-11-27 15:42:44,113 -    ini file updated    
2021-11-27 15:42:44,122 - Snapshot saved to /data/users/wergillius/UTR_VAE/pth/RL_gru_MTL/1_layer_model/human_k17-model_best_cv3.pth

2021-11-27 15:42:44,122 -    ini file updated    
2021-11-27 15:42:44,122 - ===============================|    epoch 13   |===============================
2021-11-27 15:42:44,871 -     0 /  2109 (000%):	 Total:0.2699611	 Acc:0.4062500	 lr:0.0005338	 Mean_Total:0.2699611
2021-11-27 15:43:17,621 -   421 /  2109 (019%):	 Total:0.6681899	 Acc:0.2500000	 lr:0.0005297	 Mean_Total:0.3854075
2021-11-27 15:43:52,829 -   842 /  2109 (039%):	 Total:0.9218290	 Acc:0.3750000	 lr:0.0005258	 Mean_Total:0.4173998
2021-11-27 15:44:27,180 -  1263 /  2109 (059%):	 Total:0.6168962	 Acc:0.2812500	 lr:0.0005219	 Mean_Total:0.4412112
2021-11-27 15:44:59,784 -  1684 /  2109 (079%):	 Total:0.5565440	 Acc:0.1875000	 lr:0.0005181	 Mean_Total:0.4814864
2021-11-27 15:45:31,367 -  2105 /  2109 (099%):	 Total:0.2647776	 Acc:0.3437500	 lr:0.0005144	 Mean_Total:0.5167715
2021-11-27 15:45:31,693 - ===============================| start validation |===============================
2021-11-27 15:45:41,686 - 	 Total:0.5588884	 Acc:0.2877938
2021-11-27 15:45:41,698 -    ini file updated    
2021-11-27 15:45:41,704 - Snapshot saved to /data/users/wergillius/UTR_VAE/pth/RL_gru_MTL/1_layer_model/human_k17-model_best_cv3.pth

2021-11-27 15:45:41,705 -    ini file updated    
2021-11-27 15:45:41,705 - ===============================|    epoch 14   |===============================
2021-11-27 15:45:42,454 -     0 /  2109 (000%):	 Total:0.2984156	 Acc:0.2812500	 lr:0.0005144	 Mean_Total:0.2984156
2021-11-27 15:46:15,078 -   421 /  2109 (019%):	 Total:0.2149699	 Acc:0.5625000	 lr:0.0005108	 Mean_Total:0.3876185
2021-11-27 15:46:45,593 -   842 /  2109 (039%):	 Total:0.2876621	 Acc:0.3437500	 lr:0.0005072	 Mean_Total:0.4161678
2021-11-27 15:47:17,061 -  1263 /  2109 (059%):	 Total:0.3287265	 Acc:0.3125000	 lr:0.0005037	 Mean_Total:0.4391103
2021-11-27 15:47:50,600 -  1684 /  2109 (079%):	 Total:1.2004139	 Acc:0.1875000	 lr:0.0005003	 Mean_Total:0.4809073
2021-11-27 15:48:25,507 -  2105 /  2109 (099%):	 Total:0.3445743	 Acc:0.3437500	 lr:0.0004970	 Mean_Total:0.5169463
2021-11-27 15:48:25,970 - ===============================| start validation |===============================
2021-11-27 15:48:37,317 - 	 Total:0.5290005	 Acc:0.2831197
2021-11-27 15:48:37,321 -    ini file updated    
2021-11-27 15:48:37,332 - Snapshot saved to /data/users/wergillius/UTR_VAE/pth/RL_gru_MTL/1_layer_model/human_k17-model_best_cv3.pth

2021-11-27 15:48:37,332 -    ini file updated    
2021-11-27 15:48:37,332 - ===============================|    epoch 15   |===============================
2021-11-27 15:48:38,136 -     0 /  2109 (000%):	 Total:0.5350019	 Acc:0.3437500	 lr:0.0004969	 Mean_Total:0.5350019
2021-11-27 15:49:10,545 -   421 /  2109 (019%):	 Total:0.2463666	 Acc:0.2812500	 lr:0.0004937	 Mean_Total:0.3702861
2021-11-27 15:49:40,272 -   842 /  2109 (039%):	 Total:0.6015850	 Acc:0.3437500	 lr:0.0004905	 Mean_Total:0.4072163
2021-11-27 15:50:13,586 -  1263 /  2109 (059%):	 Total:0.4724640	 Acc:0.0937500	 lr:0.0004873	 Mean_Total:0.4324710
2021-11-27 15:50:44,938 -  1684 /  2109 (079%):	 Total:0.3789088	 Acc:0.1562500	 lr:0.0004842	 Mean_Total:0.4761011
2021-11-27 15:51:17,914 -  2105 /  2109 (099%):	 Total:0.2860687	 Acc:0.2500000	 lr:0.0004812	 Mean_Total:0.5101556
2021-11-27 15:51:18,418 - ===============================| start validation |===============================
2021-11-27 15:51:28,413 - 	 Total:0.5293111	 Acc:0.2833868
2021-11-27 15:51:28,425 -    ini file updated    
2021-11-27 15:51:28,425 - ===============================|    epoch 16   |===============================
2021-11-27 15:51:29,157 -     0 /  2109 (000%):	 Total:0.5174591	 Acc:0.3125000	 lr:0.0004812	 Mean_Total:0.5174591
2021-11-27 15:52:00,821 -   421 /  2109 (019%):	 Total:0.3982429	 Acc:0.3125000	 lr:0.0004782	 Mean_Total:0.3619097
2021-11-27 15:52:31,867 -   842 /  2109 (039%):	 Total:0.3630309	 Acc:0.3437500	 lr:0.0004753	 Mean_Total:0.3954268
2021-11-27 15:53:01,505 -  1263 /  2109 (059%):	 Total:0.3139711	 Acc:0.2187500	 lr:0.0004724	 Mean_Total:0.4259862
2021-11-27 15:53:33,291 -  1684 /  2109 (079%):	 Total:1.2170496	 Acc:0.2500000	 lr:0.0004696	 Mean_Total:0.4696785
2021-11-27 15:54:06,388 -  2105 /  2109 (099%):	 Total:0.5057358	 Acc:0.3750000	 lr:0.0004668	 Mean_Total:0.5048261
2021-11-27 15:54:06,822 - ===============================| start validation |===============================
2021-11-27 15:54:17,489 - 	 Total:0.5174461	 Acc:0.2825855
2021-11-27 15:54:17,492 -    ini file updated    
2021-11-27 15:54:17,499 - Snapshot saved to /data/users/wergillius/UTR_VAE/pth/RL_gru_MTL/1_layer_model/human_k17-model_best_cv3.pth

2021-11-27 15:54:17,499 -    ini file updated    
2021-11-27 15:54:17,499 - ===============================|    epoch 17   |===============================
2021-11-27 15:54:18,211 -     0 /  2109 (000%):	 Total:0.2816173	 Acc:0.4062500	 lr:0.0004668	 Mean_Total:0.2816173
2021-11-27 15:54:50,793 -   421 /  2109 (019%):	 Total:0.2776191	 Acc:0.3437500	 lr:0.0004641	 Mean_Total:0.3612741
2021-11-27 15:55:20,203 -   842 /  2109 (039%):	 Total:0.5209082	 Acc:0.3437500	 lr:0.0004614	 Mean_Total:0.3909858
2021-11-27 15:55:52,469 -  1263 /  2109 (059%):	 Total:0.7636533	 Acc:0.1562500	 lr:0.0004588	 Mean_Total:0.4197181
2021-11-27 15:56:24,613 -  1684 /  2109 (079%):	 Total:0.6500667	 Acc:0.0312500	 lr:0.0004562	 Mean_Total:0.4602080
2021-11-27 15:56:55,663 -  2105 /  2109 (099%):	 Total:0.7026038	 Acc:0.1562500	 lr:0.0004537	 Mean_Total:0.4963496
2021-11-27 15:56:56,059 - ===============================| start validation |===============================
2021-11-27 15:57:05,964 - 	 Total:0.5222308	 Acc:0.2871261
2021-11-27 15:57:05,972 -    ini file updated    
2021-11-27 15:57:05,972 - ===============================|    epoch 18   |===============================
2021-11-27 15:57:06,653 -     0 /  2109 (000%):	 Total:0.9458988	 Acc:0.3437500	 lr:0.0004536	 Mean_Total:0.9458988
2021-11-27 15:57:36,814 -   421 /  2109 (019%):	 Total:0.5597025	 Acc:0.2500000	 lr:0.0004511	 Mean_Total:0.3564291
2021-11-27 15:58:10,477 -   842 /  2109 (039%):	 Total:0.8162694	 Acc:0.2812500	 lr:0.0004487	 Mean_Total:0.3930562
2021-11-27 15:58:41,694 -  1263 /  2109 (059%):	 Total:0.7800462	 Acc:0.1875000	 lr:0.0004463	 Mean_Total:0.4208164
2021-11-27 15:59:13,267 -  1684 /  2109 (079%):	 Total:0.7941425	 Acc:0.1875000	 lr:0.0004439	 Mean_Total:0.4645406
2021-11-27 15:59:43,056 -  2105 /  2109 (099%):	 Total:0.5220251	 Acc:0.3125000	 lr:0.0004416	 Mean_Total:0.4976408
2021-11-27 15:59:43,542 - ===============================| start validation |===============================
2021-11-27 15:59:53,187 - 	 Total:0.5284546	 Acc:0.2843216
2021-11-27 15:59:53,191 -    ini file updated    
2021-11-27 15:59:53,191 - ===============================|    epoch 19   |===============================
2021-11-27 15:59:53,887 -     0 /  2109 (000%):	 Total:0.2077617	 Acc:0.4687500	 lr:0.0004415	 Mean_Total:0.2077617
2021-11-27 16:00:24,841 -   421 /  2109 (019%):	 Total:0.5746511	 Acc:0.1562500	 lr:0.0004392	 Mean_Total:0.3641359
2021-11-27 16:00:57,185 -   842 /  2109 (039%):	 Total:0.2541951	 Acc:0.3750000	 lr:0.0004370	 Mean_Total:0.3929004
2021-11-27 16:01:28,049 -  1263 /  2109 (059%):	 Total:0.6430544	 Acc:0.4375000	 lr:0.0004347	 Mean_Total:0.4191253
2021-11-27 16:02:00,281 -  1684 /  2109 (079%):	 Total:0.5769621	 Acc:0.0937500	 lr:0.0004325	 Mean_Total:0.4587255
2021-11-27 16:02:32,865 -  2105 /  2109 (099%):	 Total:0.6263530	 Acc:0.3437500	 lr:0.0004304	 Mean_Total:0.4934805
2021-11-27 16:02:33,252 - ===============================| start validation |===============================
2021-11-27 16:02:43,490 - 	 Total:0.5188473	 Acc:0.2865919
2021-11-27 16:02:43,494 -    ini file updated    
2021-11-27 16:02:43,495 - ===============================|    epoch 20   |===============================
2021-11-27 16:02:44,275 -     0 /  2109 (000%):	 Total:0.2050816	 Acc:0.3750000	 lr:0.0004304	 Mean_Total:0.2050816
2021-11-27 16:03:17,333 -   421 /  2109 (019%):	 Total:0.2106336	 Acc:0.5000000	 lr:0.0004282	 Mean_Total:0.3474011
2021-11-27 16:03:51,072 -   842 /  2109 (039%):	 Total:0.2992113	 Acc:0.2500000	 lr:0.0004261	 Mean_Total:0.3868350
2021-11-27 16:04:24,883 -  1263 /  2109 (059%):	 Total:0.2697751	 Acc:0.3125000	 lr:0.0004241	 Mean_Total:0.4149488
2021-11-27 16:04:56,380 -  1684 /  2109 (079%):	 Total:0.8740002	 Acc:0.0937500	 lr:0.0004220	 Mean_Total:0.4571253
2021-11-27 16:05:27,003 -  2105 /  2109 (099%):	 Total:0.8309011	 Acc:0.2187500	 lr:0.0004200	 Mean_Total:0.4905906
2021-11-27 16:05:27,244 - ===============================| start validation |===============================
2021-11-27 16:05:36,874 - 	 Total:0.5137242	 Acc:0.2908654
2021-11-27 16:05:36,879 -    ini file updated    
2021-11-27 16:05:36,888 - Snapshot saved to /data/users/wergillius/UTR_VAE/pth/RL_gru_MTL/1_layer_model/human_k17-model_best_cv3.pth

2021-11-27 16:05:36,889 -    ini file updated    
2021-11-27 16:05:36,889 - ===============================|    epoch 21   |===============================
2021-11-27 16:05:37,675 -     0 /  2109 (000%):	 Total:0.2426315	 Acc:0.4687500	 lr:0.0004200	 Mean_Total:0.2426315
2021-11-27 16:06:09,768 -   421 /  2109 (019%):	 Total:0.1936222	 Acc:0.3437500	 lr:0.0004180	 Mean_Total:0.3527368
2021-11-27 16:06:42,029 -   842 /  2109 (039%):	 Total:0.7475711	 Acc:0.3437500	 lr:0.0004161	 Mean_Total:0.3861184
2021-11-27 16:07:13,087 -  1263 /  2109 (059%):	 Total:0.4100246	 Acc:0.1875000	 lr:0.0004141	 Mean_Total:0.4149263
2021-11-27 16:07:44,857 -  1684 /  2109 (079%):	 Total:0.3671216	 Acc:0.2812500	 lr:0.0004122	 Mean_Total:0.4558579
2021-11-27 16:08:14,012 -  2105 /  2109 (099%):	 Total:0.3670140	 Acc:0.3125000	 lr:0.0004104	 Mean_Total:0.4916318
2021-11-27 16:08:14,468 - ===============================| start validation |===============================
2021-11-27 16:08:24,018 - 	 Total:0.5074251	 Acc:0.2821848
2021-11-27 16:08:24,021 -    ini file updated    
2021-11-27 16:08:24,027 - Snapshot saved to /data/users/wergillius/UTR_VAE/pth/RL_gru_MTL/1_layer_model/human_k17-model_best_cv3.pth

2021-11-27 16:08:24,028 -    ini file updated    
2021-11-27 16:08:24,028 - ===============================|    epoch 22   |===============================
2021-11-27 16:08:24,694 -     0 /  2109 (000%):	 Total:0.3119006	 Acc:0.4687500	 lr:0.0004103	 Mean_Total:0.3119006
2021-11-27 16:08:54,546 -   421 /  2109 (019%):	 Total:0.5437002	 Acc:0.2812500	 lr:0.0004085	 Mean_Total:0.3509559
2021-11-27 16:09:25,767 -   842 /  2109 (039%):	 Total:0.9488435	 Acc:0.3125000	 lr:0.0004067	 Mean_Total:0.3822120
2021-11-27 16:09:56,294 -  1263 /  2109 (059%):	 Total:0.4310208	 Acc:0.1875000	 lr:0.0004049	 Mean_Total:0.4109917
2021-11-27 16:10:30,961 -  1684 /  2109 (079%):	 Total:0.4228356	 Acc:0.2187500	 lr:0.0004031	 Mean_Total:0.4488500
2021-11-27 16:11:02,208 -  2105 /  2109 (099%):	 Total:0.2553028	 Acc:0.3125000	 lr:0.0004013	 Mean_Total:0.4868342
2021-11-27 16:11:02,493 - ===============================| start validation |===============================
2021-11-27 16:11:12,799 - 	 Total:0.5114208	 Acc:0.2905983
2021-11-27 16:11:12,803 -    ini file updated    
2021-11-27 16:11:12,804 - ===============================|    epoch 23   |===============================
2021-11-27 16:11:13,647 -     0 /  2109 (000%):	 Total:0.3101642	 Acc:0.3437500	 lr:0.0004013	 Mean_Total:0.3101642
2021-11-27 16:11:45,067 -   421 /  2109 (019%):	 Total:0.5285077	 Acc:0.2500000	 lr:0.0003996	 Mean_Total:0.3566389
2021-11-27 16:12:15,362 -   842 /  2109 (039%):	 Total:0.3191374	 Acc:0.3125000	 lr:0.0003979	 Mean_Total:0.3843415
2021-11-27 16:12:44,235 -  1263 /  2109 (059%):	 Total:0.2409189	 Acc:0.2500000	 lr:0.0003962	 Mean_Total:0.4155030
2021-11-27 16:13:14,830 -  1684 /  2109 (079%):	 Total:0.5529280	 Acc:0.1875000	 lr:0.0003945	 Mean_Total:0.4532990
2021-11-27 16:13:46,311 -  2105 /  2109 (099%):	 Total:0.4745255	 Acc:0.3125000	 lr:0.0003929	 Mean_Total:0.4877235
2021-11-27 16:13:46,828 - ===============================| start validation |===============================
2021-11-27 16:13:56,456 - 	 Total:0.5080920	 Acc:0.2903312
2021-11-27 16:13:56,474 -    ini file updated    
2021-11-27 16:13:56,474 - ===============================|    epoch 24   |===============================
2021-11-27 16:13:57,241 -     0 /  2109 (000%):	 Total:0.2225853	 Acc:0.5625000	 lr:0.0003929	 Mean_Total:0.2225853
2021-11-27 16:14:28,208 -   421 /  2109 (019%):	 Total:0.1811119	 Acc:0.3750000	 lr:0.0003912	 Mean_Total:0.3447766
2021-11-27 16:14:57,010 -   842 /  2109 (039%):	 Total:0.4692007	 Acc:0.2187500	 lr:0.0003896	 Mean_Total:0.3823898
2021-11-27 16:15:28,881 -  1263 /  2109 (059%):	 Total:0.3915849	 Acc:0.2500000	 lr:0.0003881	 Mean_Total:0.4073531
2021-11-27 16:15:59,544 -  1684 /  2109 (079%):	 Total:0.5450475	 Acc:0.2812500	 lr:0.0003865	 Mean_Total:0.4491863
2021-11-27 16:16:32,422 -  2105 /  2109 (099%):	 Total:0.6875383	 Acc:0.2500000	 lr:0.0003849	 Mean_Total:0.4834329
2021-11-27 16:16:32,890 - ===============================| start validation |===============================
2021-11-27 16:16:43,275 - 	 Total:0.5030020	 Acc:0.2880609
2021-11-27 16:16:43,280 -    ini file updated    
2021-11-27 16:16:43,290 - Snapshot saved to /data/users/wergillius/UTR_VAE/pth/RL_gru_MTL/1_layer_model/human_k17-model_best_cv3.pth

2021-11-27 16:16:43,291 -    ini file updated    
2021-11-27 16:16:43,291 - ===============================|    epoch 25   |===============================
2021-11-27 16:16:44,135 -     0 /  2109 (000%):	 Total:0.4592555	 Acc:0.3437500	 lr:0.0003849	 Mean_Total:0.4592555
2021-11-27 16:17:13,851 -   421 /  2109 (019%):	 Total:0.2284746	 Acc:0.3750000	 lr:0.0003834	 Mean_Total:0.3415261
2021-11-27 16:17:44,639 -   842 /  2109 (039%):	 Total:0.5042188	 Acc:0.2500000	 lr:0.0003819	 Mean_Total:0.3796209
2021-11-27 16:18:16,494 -  1263 /  2109 (059%):	 Total:0.3776366	 Acc:0.2500000	 lr:0.0003804	 Mean_Total:0.4061141
2021-11-27 16:18:46,953 -  1684 /  2109 (079%):	 Total:1.0007766	 Acc:0.1250000	 lr:0.0003789	 Mean_Total:0.4486568
2021-11-27 16:19:18,445 -  2105 /  2109 (099%):	 Total:0.4106436	 Acc:0.3125000	 lr:0.0003775	 Mean_Total:0.4828384
2021-11-27 16:19:18,898 - ===============================| start validation |===============================
2021-11-27 16:19:29,715 - 	 Total:0.5038971	 Acc:0.2876603
2021-11-27 16:19:29,720 -    ini file updated    
2021-11-27 16:19:29,720 - ===============================|    epoch 26   |===============================
2021-11-27 16:19:30,620 -     0 /  2109 (000%):	 Total:0.2111825	 Acc:0.4062500	 lr:0.0003775	 Mean_Total:0.2111825
2021-11-27 16:20:00,349 -   421 /  2109 (019%):	 Total:0.4197262	 Acc:0.4062500	 lr:0.0003760	 Mean_Total:0.3513780
2021-11-27 16:20:29,075 -   842 /  2109 (039%):	 Total:0.5099037	 Acc:0.3437500	 lr:0.0003746	 Mean_Total:0.3835852
2021-11-27 16:20:58,234 -  1263 /  2109 (059%):	 Total:0.4483390	 Acc:0.1562500	 lr:0.0003732	 Mean_Total:0.4056598
2021-11-27 16:21:29,092 -  1684 /  2109 (079%):	 Total:0.5810477	 Acc:0.2187500	 lr:0.0003718	 Mean_Total:0.4483339
2021-11-27 16:22:02,496 -  2105 /  2109 (099%):	 Total:0.5401527	 Acc:0.3125000	 lr:0.0003704	 Mean_Total:0.4834689
2021-11-27 16:22:02,867 - ===============================| start validation |===============================
2021-11-27 16:22:12,910 - 	 Total:0.5000136	 Acc:0.2907318
2021-11-27 16:22:12,914 -    ini file updated    
2021-11-27 16:22:12,921 - Snapshot saved to /data/users/wergillius/UTR_VAE/pth/RL_gru_MTL/1_layer_model/human_k17-model_best_cv3.pth

2021-11-27 16:22:12,922 -    ini file updated    
2021-11-27 16:22:12,922 - ===============================|    epoch 27   |===============================
2021-11-27 16:22:13,581 -     0 /  2109 (000%):	 Total:0.2047509	 Acc:0.5000000	 lr:0.0003704	 Mean_Total:0.2047509
2021-11-27 16:22:44,114 -   421 /  2109 (019%):	 Total:1.0955522	 Acc:0.2187500	 lr:0.0003690	 Mean_Total:0.3429354
2021-11-27 16:23:14,315 -   842 /  2109 (039%):	 Total:0.4159004	 Acc:0.1875000	 lr:0.0003677	 Mean_Total:0.3729216
2021-11-27 16:23:45,512 -  1263 /  2109 (059%):	 Total:0.2203886	 Acc:0.3750000	 lr:0.0003664	 Mean_Total:0.4038447
2021-11-27 16:24:17,607 -  1684 /  2109 (079%):	 Total:1.0964295	 Acc:0.2812500	 lr:0.0003650	 Mean_Total:0.4437209
2021-11-27 16:24:47,732 -  2105 /  2109 (099%):	 Total:0.4881156	 Acc:0.3125000	 lr:0.0003637	 Mean_Total:0.4796299
2021-11-27 16:24:48,233 - ===============================| start validation |===============================
2021-11-27 16:24:57,336 - 	 Total:0.5068121	 Acc:0.2931357
2021-11-27 16:24:57,341 -    ini file updated    
2021-11-27 16:24:57,349 - Snapshot saved to /data/users/wergillius/UTR_VAE/pth/RL_gru_MTL/1_layer_model/human_k17-model_best_cv3.pth

2021-11-27 16:24:57,350 -    ini file updated    
2021-11-27 16:24:57,351 - ===============================|    epoch 28   |===============================
2021-11-27 16:24:58,190 -     0 /  2109 (000%):	 Total:0.2239313	 Acc:0.4687500	 lr:0.0003637	 Mean_Total:0.2239313
2021-11-27 16:25:26,905 -   421 /  2109 (019%):	 Total:1.1099186	 Acc:0.1875000	 lr:0.0003624	 Mean_Total:0.3417275
2021-11-27 16:25:56,863 -   842 /  2109 (039%):	 Total:0.3471197	 Acc:0.3437500	 lr:0.0003612	 Mean_Total:0.3759908
2021-11-27 16:26:26,069 -  1263 /  2109 (059%):	 Total:0.3050774	 Acc:0.3437500	 lr:0.0003599	 Mean_Total:0.4043757
2021-11-27 16:26:55,342 -  1684 /  2109 (079%):	 Total:0.4394298	 Acc:0.2500000	 lr:0.0003586	 Mean_Total:0.4447185
2021-11-27 16:27:27,098 -  2105 /  2109 (099%):	 Total:0.3525291	 Acc:0.2812500	 lr:0.0003574	 Mean_Total:0.4795796
2021-11-27 16:27:27,588 - ===============================| start validation |===============================
2021-11-27 16:27:38,296 - 	 Total:0.5029534	 Acc:0.2923344
2021-11-27 16:27:38,320 -    ini file updated    
2021-11-27 16:27:38,320 - ===============================|    epoch 29   |===============================
2021-11-27 16:27:39,185 -     0 /  2109 (000%):	 Total:0.1889663	 Acc:0.4062500	 lr:0.0003574	 Mean_Total:0.1889663
2021-11-27 16:28:06,986 -   421 /  2109 (019%):	 Total:0.3390844	 Acc:0.3125000	 lr:0.0003562	 Mean_Total:0.3379218
2021-11-27 16:28:37,062 -   842 /  2109 (039%):	 Total:0.3177583	 Acc:0.2812500	 lr:0.0003550	 Mean_Total:0.3760471
2021-11-27 16:29:07,901 -  1263 /  2109 (059%):	 Total:0.3039389	 Acc:0.2500000	 lr:0.0003538	 Mean_Total:0.4022277
2021-11-27 16:29:37,700 -  1684 /  2109 (079%):	 Total:0.7196377	 Acc:0.3125000	 lr:0.0003526	 Mean_Total:0.4434117
2021-11-27 16:30:07,192 -  2105 /  2109 (099%):	 Total:0.4007230	 Acc:0.2812500	 lr:0.0003514	 Mean_Total:0.4782677
2021-11-27 16:30:07,540 - ===============================| start validation |===============================
2021-11-27 16:30:16,741 - 	 Total:0.5043027	 Acc:0.2947382
2021-11-27 16:30:16,745 -    ini file updated    
2021-11-27 16:30:16,763 - Snapshot saved to /data/users/wergillius/UTR_VAE/pth/RL_gru_MTL/1_layer_model/human_k17-model_best_cv3.pth

2021-11-27 16:30:16,764 -    ini file updated    
2021-11-27 16:30:16,764 - ===============================|    epoch 30   |===============================
2021-11-27 16:30:17,586 -     0 /  2109 (000%):	 Total:0.3139427	 Acc:0.3750000	 lr:0.0003514	 Mean_Total:0.3139427
2021-11-27 16:30:47,462 -   421 /  2109 (019%):	 Total:0.1459201	 Acc:0.5000000	 lr:0.0003502	 Mean_Total:0.3417261
2021-11-27 16:31:18,840 -   842 /  2109 (039%):	 Total:0.4484596	 Acc:0.2500000	 lr:0.0003491	 Mean_Total:0.3722337
2021-11-27 16:31:49,326 -  1263 /  2109 (059%):	 Total:1.0424254	 Acc:0.2500000	 lr:0.0003479	 Mean_Total:0.3996574
2021-11-27 16:32:19,037 -  1684 /  2109 (079%):	 Total:0.7092320	 Acc:0.2812500	 lr:0.0003468	 Mean_Total:0.4411974
2021-11-27 16:32:51,053 -  2105 /  2109 (099%):	 Total:0.4481861	 Acc:0.3125000	 lr:0.0003457	 Mean_Total:0.4746691
2021-11-27 16:32:51,465 - ===============================| start validation |===============================
2021-11-27 16:33:00,133 - 	 Total:0.5057499	 Acc:0.2901976
2021-11-27 16:33:00,140 -    ini file updated    
2021-11-27 16:33:00,141 - ===============================|    epoch 31   |===============================
2021-11-27 16:33:01,148 -     0 /  2109 (000%):	 Total:0.1881782	 Acc:0.3125000	 lr:0.0003457	 Mean_Total:0.1881782
2021-11-27 16:33:33,140 -   421 /  2109 (019%):	 Total:0.4529136	 Acc:0.4687500	 lr:0.0003446	 Mean_Total:0.3390437
2021-11-27 16:34:03,068 -   842 /  2109 (039%):	 Total:0.3116817	 Acc:0.2500000	 lr:0.0003435	 Mean_Total:0.3718657
2021-11-27 16:34:34,836 -  1263 /  2109 (059%):	 Total:0.4772000	 Acc:0.3750000	 lr:0.0003424	 Mean_Total:0.3987564
2021-11-27 16:35:03,795 -  1684 /  2109 (079%):	 Total:0.6623349	 Acc:0.1875000	 lr:0.0003413	 Mean_Total:0.4418639
2021-11-27 16:35:34,629 -  2105 /  2109 (099%):	 Total:1.0493584	 Acc:0.3437500	 lr:0.0003402	 Mean_Total:0.4764782
2021-11-27 16:35:35,004 - ===============================| start validation |===============================
2021-11-27 16:35:43,631 - 	 Total:0.5008997	 Acc:0.2908654
2021-11-27 16:35:43,636 -    ini file updated    
2021-11-27 16:35:43,636 - ===============================|    epoch 32   |===============================
2021-11-27 16:35:44,496 -     0 /  2109 (000%):	 Total:0.2018173	 Acc:0.4375000	 lr:0.0003402	 Mean_Total:0.2018173
2021-11-27 16:36:15,507 -   421 /  2109 (019%):	 Total:0.2749980	 Acc:0.3750000	 lr:0.0003392	 Mean_Total:0.3347753
2021-11-27 16:36:45,446 -   842 /  2109 (039%):	 Total:0.2967094	 Acc:0.1875000	 lr:0.0003381	 Mean_Total:0.3679233
2021-11-27 16:37:14,465 -  1263 /  2109 (059%):	 Total:0.3344089	 Acc:0.3437500	 lr:0.0003371	 Mean_Total:0.3995103
2021-11-27 16:37:46,287 -  1684 /  2109 (079%):	 Total:0.5981430	 Acc:0.2187500	 lr:0.0003361	 Mean_Total:0.4386317
2021-11-27 16:38:20,649 -  2105 /  2109 (099%):	 Total:0.6137983	 Acc:0.2812500	 lr:0.0003350	 Mean_Total:0.4747594
2021-11-27 16:38:21,074 - ===============================| start validation |===============================
2021-11-27 16:38:31,930 - 	 Total:0.5040113	 Acc:0.2930021
2021-11-27 16:38:31,934 -    ini file updated    
2021-11-27 16:38:31,934 - ===============================|    epoch 33   |===============================
2021-11-27 16:38:32,815 -     0 /  2109 (000%):	 Total:0.1755116	 Acc:0.5000000	 lr:0.0003350	 Mean_Total:0.1755116
2021-11-27 16:39:04,820 -   421 /  2109 (019%):	 Total:0.5994801	 Acc:0.3437500	 lr:0.0003340	 Mean_Total:0.3362908
2021-11-27 16:39:37,989 -   842 /  2109 (039%):	 Total:0.3376227	 Acc:0.3750000	 lr:0.0003330	 Mean_Total:0.3692563
2021-11-27 16:40:12,743 -  1263 /  2109 (059%):	 Total:0.3074403	 Acc:0.2500000	 lr:0.0003320	 Mean_Total:0.3956267
2021-11-27 16:40:46,338 -  1684 /  2109 (079%):	 Total:1.8086778	 Acc:0.1250000	 lr:0.0003311	 Mean_Total:0.4377967
2021-11-27 16:41:17,855 -  2105 /  2109 (099%):	 Total:0.4570389	 Acc:0.2812500	 lr:0.0003301	 Mean_Total:0.4725205
2021-11-27 16:41:18,416 - ===============================| start validation |===============================
2021-11-27 16:41:28,750 - 	 Total:0.5042357	 Acc:0.2931357
2021-11-27 16:41:28,755 -    ini file updated    
2021-11-27 16:41:28,755 - ===============================|    epoch 34   |===============================
2021-11-27 16:41:29,707 -     0 /  2109 (000%):	 Total:0.3234264	 Acc:0.3750000	 lr:0.0003301	 Mean_Total:0.3234264
2021-11-27 16:42:02,231 -   421 /  2109 (019%):	 Total:0.3094651	 Acc:0.3125000	 lr:0.0003291	 Mean_Total:0.3349669
2021-11-27 16:42:35,707 -   842 /  2109 (039%):	 Total:0.4078029	 Acc:0.3437500	 lr:0.0003282	 Mean_Total:0.3685402
2021-11-27 16:43:06,819 -  1263 /  2109 (059%):	 Total:0.5275873	 Acc:0.1875000	 lr:0.0003272	 Mean_Total:0.3946618
2021-11-27 16:43:38,182 -  1684 /  2109 (079%):	 Total:0.4198666	 Acc:0.3125000	 lr:0.0003263	 Mean_Total:0.4368470
2021-11-27 16:44:14,210 -  2105 /  2109 (099%):	 Total:0.5506644	 Acc:0.2812500	 lr:0.0003253	 Mean_Total:0.4690715
2021-11-27 16:44:14,746 - ===============================| start validation |===============================
2021-11-27 16:44:25,277 - 	 Total:0.4986158	 Acc:0.2918002
2021-11-27 16:44:25,287 -    ini file updated    
2021-11-27 16:44:25,300 - Snapshot saved to /data/users/wergillius/UTR_VAE/pth/RL_gru_MTL/1_layer_model/human_k17-model_best_cv3.pth

2021-11-27 16:44:25,301 -    ini file updated    
2021-11-27 16:44:25,301 - ===============================|    epoch 35   |===============================
2021-11-27 16:44:25,926 -     0 /  2109 (000%):	 Total:0.2701120	 Acc:0.3437500	 lr:0.0003253	 Mean_Total:0.2701120
2021-11-27 16:45:01,508 -   421 /  2109 (019%):	 Total:0.3731125	 Acc:0.3437500	 lr:0.0003244	 Mean_Total:0.3325538
2021-11-27 16:45:33,555 -   842 /  2109 (039%):	 Total:0.7496472	 Acc:0.2812500	 lr:0.0003235	 Mean_Total:0.3724327
2021-11-27 16:46:07,283 -  1263 /  2109 (059%):	 Total:0.4783526	 Acc:0.2187500	 lr:0.0003226	 Mean_Total:0.3980216
2021-11-27 16:46:41,156 -  1684 /  2109 (079%):	 Total:0.5041240	 Acc:0.2812500	 lr:0.0003217	 Mean_Total:0.4398217
2021-11-27 16:47:13,115 -  2105 /  2109 (099%):	 Total:0.3146465	 Acc:0.3125000	 lr:0.0003208	 Mean_Total:0.4739842
2021-11-27 16:47:13,496 - ===============================| start validation |===============================
2021-11-27 16:47:23,797 - 	 Total:0.5086225	 Acc:0.2905983
2021-11-27 16:47:23,801 -    ini file updated    
2021-11-27 16:47:23,801 - ===============================|    epoch 36   |===============================
2021-11-27 16:47:24,518 -     0 /  2109 (000%):	 Total:0.2525263	 Acc:0.4687500	 lr:0.0003208	 Mean_Total:0.2525263
2021-11-27 16:47:55,617 -   421 /  2109 (019%):	 Total:0.5728282	 Acc:0.2500000	 lr:0.0003199	 Mean_Total:0.3317156
2021-11-27 16:48:25,617 -   842 /  2109 (039%):	 Total:0.3280082	 Acc:0.4062500	 lr:0.0003190	 Mean_Total:0.3625088
2021-11-27 16:48:57,626 -  1263 /  2109 (059%):	 Total:0.5129296	 Acc:0.2187500	 lr:0.0003181	 Mean_Total:0.3939349
2021-11-27 16:49:28,678 -  1684 /  2109 (079%):	 Total:0.3470454	 Acc:0.3750000	 lr:0.0003173	 Mean_Total:0.4355635
2021-11-27 16:49:59,404 -  2105 /  2109 (099%):	 Total:0.5209076	 Acc:0.2187500	 lr:0.0003164	 Mean_Total:0.4700095
2021-11-27 16:49:59,959 - ===============================| start validation |===============================
2021-11-27 16:50:11,073 - 	 Total:0.4928108	 Acc:0.2901976
2021-11-27 16:50:11,078 -    ini file updated    
2021-11-27 16:50:11,086 - Snapshot saved to /data/users/wergillius/UTR_VAE/pth/RL_gru_MTL/1_layer_model/human_k17-model_best_cv3.pth

2021-11-27 16:50:11,087 -    ini file updated    
2021-11-27 16:50:11,087 - ===============================|    epoch 37   |===============================
2021-11-27 16:50:12,077 -     0 /  2109 (000%):	 Total:0.7404164	 Acc:0.3125000	 lr:0.0003164	 Mean_Total:0.7404164
2021-11-27 16:50:44,714 -   421 /  2109 (019%):	 Total:0.2905599	 Acc:0.4062500	 lr:0.0003156	 Mean_Total:0.3290315
2021-11-27 16:51:19,152 -   842 /  2109 (039%):	 Total:0.3756306	 Acc:0.3750000	 lr:0.0003147	 Mean_Total:0.3650584
2021-11-27 16:51:52,109 -  1263 /  2109 (059%):	 Total:0.2846351	 Acc:0.3437500	 lr:0.0003139	 Mean_Total:0.3927110
2021-11-27 16:52:23,356 -  1684 /  2109 (079%):	 Total:1.4264727	 Acc:0.2187500	 lr:0.0003131	 Mean_Total:0.4328624
2021-11-27 16:52:55,466 -  2105 /  2109 (099%):	 Total:1.1009176	 Acc:0.3437500	 lr:0.0003122	 Mean_Total:0.4699681
2021-11-27 16:52:55,984 - ===============================| start validation |===============================
2021-11-27 16:53:06,011 - 	 Total:0.5045461	 Acc:0.2939370
2021-11-27 16:53:06,015 -    ini file updated    
2021-11-27 16:53:06,016 - ===============================|    epoch 38   |===============================
2021-11-27 16:53:06,772 -     0 /  2109 (000%):	 Total:0.1854956	 Acc:0.3750000	 lr:0.0003122	 Mean_Total:0.1854956
2021-11-27 16:53:37,741 -   421 /  2109 (019%):	 Total:0.2280162	 Acc:0.3125000	 lr:0.0003114	 Mean_Total:0.3292826
2021-11-27 16:54:11,065 -   842 /  2109 (039%):	 Total:0.2480066	 Acc:0.2187500	 lr:0.0003106	 Mean_Total:0.3614776
2021-11-27 16:54:42,247 -  1263 /  2109 (059%):	 Total:0.4344609	 Acc:0.2812500	 lr:0.0003098	 Mean_Total:0.3928558
2021-11-27 16:55:13,525 -  1684 /  2109 (079%):	 Total:0.6560996	 Acc:0.2812500	 lr:0.0003090	 Mean_Total:0.4342355
2021-11-27 16:55:44,500 -  2105 /  2109 (099%):	 Total:1.0393009	 Acc:0.2812500	 lr:0.0003082	 Mean_Total:0.4672173
2021-11-27 16:55:44,939 - ===============================| start validation |===============================
2021-11-27 16:55:55,913 - 	 Total:0.5104173	 Acc:0.2946047
2021-11-27 16:55:55,922 -    ini file updated    
2021-11-27 16:55:55,922 - ===============================|    epoch 39   |===============================
2021-11-27 16:55:56,755 -     0 /  2109 (000%):	 Total:0.5219687	 Acc:0.3125000	 lr:0.0003082	 Mean_Total:0.5219687
2021-11-27 16:56:29,238 -   421 /  2109 (019%):	 Total:0.3293074	 Acc:0.1875000	 lr:0.0003074	 Mean_Total:0.3307767
2021-11-27 16:57:02,312 -   842 /  2109 (039%):	 Total:0.4678822	 Acc:0.3125000	 lr:0.0003066	 Mean_Total:0.3629705
2021-11-27 16:57:35,949 -  1263 /  2109 (059%):	 Total:0.5109834	 Acc:0.3125000	 lr:0.0003059	 Mean_Total:0.3922443
2021-11-27 16:58:10,237 -  1684 /  2109 (079%):	 Total:0.5819471	 Acc:0.3125000	 lr:0.0003051	 Mean_Total:0.4330018
2021-11-27 16:58:42,602 -  2105 /  2109 (099%):	 Total:1.0487937	 Acc:0.2500000	 lr:0.0003043	 Mean_Total:0.4672729
2021-11-27 16:58:43,022 - ===============================| start validation |===============================
2021-11-27 16:58:52,199 - 	 Total:0.4945083	 Acc:0.2943376
2021-11-27 16:58:52,208 -    ini file updated    
2021-11-27 16:58:52,209 - ===============================|    epoch 40   |===============================
2021-11-27 16:58:53,045 -     0 /  2109 (000%):	 Total:0.3004252	 Acc:0.4375000	 lr:0.0003043	 Mean_Total:0.3004252
2021-11-27 16:59:25,854 -   421 /  2109 (019%):	 Total:0.3374676	 Acc:0.3125000	 lr:0.0003036	 Mean_Total:0.3255187
2021-11-27 16:59:58,956 -   842 /  2109 (039%):	 Total:0.4990627	 Acc:0.3125000	 lr:0.0003028	 Mean_Total:0.3624259
2021-11-27 17:00:31,458 -  1263 /  2109 (059%):	 Total:0.8057134	 Acc:0.1250000	 lr:0.0003021	 Mean_Total:0.3933171
2021-11-27 17:01:02,942 -  1684 /  2109 (079%):	 Total:0.7801261	 Acc:0.2500000	 lr:0.0003013	 Mean_Total:0.4330350
2021-11-27 17:01:35,691 -  2105 /  2109 (099%):	 Total:0.4512926	 Acc:0.4062500	 lr:0.0003006	 Mean_Total:0.4673406
2021-11-27 17:01:36,023 - ===============================| start validation |===============================
2021-11-27 17:01:44,827 - 	 Total:0.4954956	 Acc:0.2948718
2021-11-27 17:01:44,837 -    ini file updated    
2021-11-27 17:01:44,848 - Snapshot saved to /data/users/wergillius/UTR_VAE/pth/RL_gru_MTL/1_layer_model/human_k17-model_best_cv3.pth

2021-11-27 17:01:44,849 -    ini file updated    
2021-11-27 17:01:44,849 - ===============================|    epoch 41   |===============================
2021-11-27 17:01:45,611 -     0 /  2109 (000%):	 Total:0.2782576	 Acc:0.5625000	 lr:0.0003006	 Mean_Total:0.2782576
2021-11-27 17:02:15,058 -   421 /  2109 (019%):	 Total:0.3167432	 Acc:0.2500000	 lr:0.0002999	 Mean_Total:0.3256587
2021-11-27 17:02:47,226 -   842 /  2109 (039%):	 Total:0.6660166	 Acc:0.2187500	 lr:0.0002991	 Mean_Total:0.3609574
2021-11-27 17:03:20,046 -  1263 /  2109 (059%):	 Total:0.6133903	 Acc:0.3125000	 lr:0.0002984	 Mean_Total:0.3901562
2021-11-27 17:03:53,129 -  1684 /  2109 (079%):	 Total:0.5305249	 Acc:0.2812500	 lr:0.0002977	 Mean_Total:0.4314753
2021-11-27 17:04:24,870 -  2105 /  2109 (099%):	 Total:0.4580250	 Acc:0.2187500	 lr:0.0002970	 Mean_Total:0.4665424
2021-11-27 17:04:25,142 - ===============================| start validation |===============================
2021-11-27 17:04:34,912 - 	 Total:0.4923230	 Acc:0.2930021
2021-11-27 17:04:34,916 -    ini file updated    
2021-11-27 17:04:34,928 - Snapshot saved to /data/users/wergillius/UTR_VAE/pth/RL_gru_MTL/1_layer_model/human_k17-model_best_cv3.pth

2021-11-27 17:04:34,929 -    ini file updated    
2021-11-27 17:04:34,929 - ===============================|    epoch 42   |===============================
2021-11-27 17:04:35,691 -     0 /  2109 (000%):	 Total:0.1644281	 Acc:0.5000000	 lr:0.0002970	 Mean_Total:0.1644281
2021-11-27 17:05:08,296 -   421 /  2109 (019%):	 Total:0.3338552	 Acc:0.3750000	 lr:0.0002963	 Mean_Total:0.3329462
2021-11-27 17:05:41,091 -   842 /  2109 (039%):	 Total:0.2623857	 Acc:0.1875000	 lr:0.0002956	 Mean_Total:0.3684492
2021-11-27 17:06:14,559 -  1263 /  2109 (059%):	 Total:0.6247056	 Acc:0.2187500	 lr:0.0002949	 Mean_Total:0.3922902
2021-11-27 17:06:47,874 -  1684 /  2109 (079%):	 Total:0.4883640	 Acc:0.1875000	 lr:0.0002942	 Mean_Total:0.4337663
2021-11-27 17:07:20,784 -  2105 /  2109 (099%):	 Total:0.6458834	 Acc:0.2187500	 lr:0.0002935	 Mean_Total:0.4668635
2021-11-27 17:07:21,202 - ===============================| start validation |===============================
2021-11-27 17:07:32,137 - 	 Total:0.4961985	 Acc:0.2951389
2021-11-27 17:07:32,142 -    ini file updated    
2021-11-27 17:07:32,153 - Snapshot saved to /data/users/wergillius/UTR_VAE/pth/RL_gru_MTL/1_layer_model/human_k17-model_best_cv3.pth

2021-11-27 17:07:32,154 -    ini file updated    
2021-11-27 17:07:32,154 - ===============================|    epoch 43   |===============================
2021-11-27 17:07:32,825 -     0 /  2109 (000%):	 Total:0.2635436	 Acc:0.4375000	 lr:0.0002935	 Mean_Total:0.2635436
2021-11-27 17:08:05,204 -   421 /  2109 (019%):	 Total:0.4560641	 Acc:0.3125000	 lr:0.0002928	 Mean_Total:0.3230522
2021-11-27 17:08:36,642 -   842 /  2109 (039%):	 Total:0.3699502	 Acc:0.3437500	 lr:0.0002922	 Mean_Total:0.3581099
2021-11-27 17:09:08,074 -  1263 /  2109 (059%):	 Total:0.3660921	 Acc:0.2187500	 lr:0.0002915	 Mean_Total:0.3864185
2021-11-27 17:09:38,768 -  1684 /  2109 (079%):	 Total:0.5712054	 Acc:0.3750000	 lr:0.0002908	 Mean_Total:0.4299908
2021-11-27 17:10:10,922 -  2105 /  2109 (099%):	 Total:0.2165404	 Acc:0.4375000	 lr:0.0002902	 Mean_Total:0.4632357
2021-11-27 17:10:11,343 - ===============================| start validation |===============================
2021-11-27 17:10:21,273 - 	 Total:0.4953022	 Acc:0.2934028
2021-11-27 17:10:21,277 -    ini file updated    
2021-11-27 17:10:21,277 - ===============================|    epoch 44   |===============================
2021-11-27 17:10:22,073 -     0 /  2109 (000%):	 Total:0.2990293	 Acc:0.4375000	 lr:0.0002902	 Mean_Total:0.2990293
2021-11-27 17:10:54,518 -   421 /  2109 (019%):	 Total:0.3339286	 Acc:0.2812500	 lr:0.0002895	 Mean_Total:0.3235631
2021-11-27 17:11:26,893 -   842 /  2109 (039%):	 Total:0.3447091	 Acc:0.4062500	 lr:0.0002888	 Mean_Total:0.3568019
2021-11-27 17:11:59,260 -  1263 /  2109 (059%):	 Total:0.3133615	 Acc:0.3125000	 lr:0.0002882	 Mean_Total:0.3877533
2021-11-27 17:12:30,680 -  1684 /  2109 (079%):	 Total:0.4556158	 Acc:0.2500000	 lr:0.0002876	 Mean_Total:0.4294409
2021-11-27 17:13:01,909 -  2105 /  2109 (099%):	 Total:0.6211751	 Acc:0.2812500	 lr:0.0002869	 Mean_Total:0.4629599
2021-11-27 17:13:02,226 - ===============================| start validation |===============================
2021-11-27 17:13:12,335 - 	 Total:0.4923116	 Acc:0.2955395
2021-11-27 17:13:12,340 -    ini file updated    
2021-11-27 17:13:12,347 - Snapshot saved to /data/users/wergillius/UTR_VAE/pth/RL_gru_MTL/1_layer_model/human_k17-model_best_cv3.pth

2021-11-27 17:13:12,348 -    ini file updated    
2021-11-27 17:13:12,348 - ===============================|    epoch 45   |===============================
2021-11-27 17:13:13,106 -     0 /  2109 (000%):	 Total:0.2262000	 Acc:0.3750000	 lr:0.0002869	 Mean_Total:0.2262000
2021-11-27 17:13:43,424 -   421 /  2109 (019%):	 Total:0.3089001	 Acc:0.3125000	 lr:0.0002863	 Mean_Total:0.3270387
2021-11-27 17:14:13,948 -   842 /  2109 (039%):	 Total:0.4161136	 Acc:0.2812500	 lr:0.0002856	 Mean_Total:0.3554179
2021-11-27 17:14:43,110 -  1263 /  2109 (059%):	 Total:0.3459207	 Acc:0.2812500	 lr:0.0002850	 Mean_Total:0.3874607
2021-11-27 17:15:15,682 -  1684 /  2109 (079%):	 Total:0.6558421	 Acc:0.0937500	 lr:0.0002844	 Mean_Total:0.4270131
2021-11-27 17:15:47,487 -  2105 /  2109 (099%):	 Total:0.7662918	 Acc:0.2187500	 lr:0.0002838	 Mean_Total:0.4635162
2021-11-27 17:15:47,815 - ===============================| start validation |===============================
2021-11-27 17:15:57,233 - 	 Total:0.4925500	 Acc:0.2912660
2021-11-27 17:15:57,237 -    ini file updated    
2021-11-27 17:15:57,237 - ===============================|    epoch 46   |===============================
2021-11-27 17:15:57,933 -     0 /  2109 (000%):	 Total:0.3542470	 Acc:0.4062500	 lr:0.0002838	 Mean_Total:0.3542470
2021-11-27 17:16:28,220 -   421 /  2109 (019%):	 Total:0.5166889	 Acc:0.2812500	 lr:0.0002832	 Mean_Total:0.3288373
2021-11-27 17:17:00,237 -   842 /  2109 (039%):	 Total:0.2861468	 Acc:0.2812500	 lr:0.0002826	 Mean_Total:0.3593968
2021-11-27 17:17:33,535 -  1263 /  2109 (059%):	 Total:0.8182773	 Acc:0.3125000	 lr:0.0002819	 Mean_Total:0.3891759
2021-11-27 17:18:02,438 -  1684 /  2109 (079%):	 Total:0.7812156	 Acc:0.1562500	 lr:0.0002813	 Mean_Total:0.4289551
2021-11-27 17:18:33,081 -  2105 /  2109 (099%):	 Total:1.0720543	 Acc:0.3750000	 lr:0.0002807	 Mean_Total:0.4632103
2021-11-27 17:18:33,513 - ===============================| start validation |===============================
2021-11-27 17:18:42,253 - 	 Total:0.4993547	 Acc:0.2967415
2021-11-27 17:18:42,257 -    ini file updated    
2021-11-27 17:18:42,267 - Snapshot saved to /data/users/wergillius/UTR_VAE/pth/RL_gru_MTL/1_layer_model/human_k17-model_best_cv3.pth

2021-11-27 17:18:42,268 -    ini file updated    
2021-11-27 17:18:42,268 - ===============================|    epoch 47   |===============================
2021-11-27 17:18:43,055 -     0 /  2109 (000%):	 Total:0.2878430	 Acc:0.3750000	 lr:0.0002807	 Mean_Total:0.2878430
2021-11-27 17:19:14,585 -   421 /  2109 (019%):	 Total:0.4516169	 Acc:0.3125000	 lr:0.0002801	 Mean_Total:0.3227215
2021-11-27 17:19:46,759 -   842 /  2109 (039%):	 Total:0.3717200	 Acc:0.3750000	 lr:0.0002796	 Mean_Total:0.3600407
2021-11-27 17:20:17,724 -  1263 /  2109 (059%):	 Total:0.9905930	 Acc:0.3437500	 lr:0.0002790	 Mean_Total:0.3857738
2021-11-27 17:20:49,319 -  1684 /  2109 (079%):	 Total:0.4820440	 Acc:0.2812500	 lr:0.0002784	 Mean_Total:0.4259457
2021-11-27 17:21:20,577 -  2105 /  2109 (099%):	 Total:0.4459862	 Acc:0.2812500	 lr:0.0002778	 Mean_Total:0.4593532
2021-11-27 17:21:21,086 - ===============================| start validation |===============================
2021-11-27 17:21:30,601 - 	 Total:0.5101240	 Acc:0.2947382
2021-11-27 17:21:30,605 -    ini file updated    
2021-11-27 17:21:30,605 - ===============================|    epoch 48   |===============================
2021-11-27 17:21:31,331 -     0 /  2109 (000%):	 Total:0.2212602	 Acc:0.4375000	 lr:0.0002778	 Mean_Total:0.2212602
2021-11-27 17:22:02,003 -   421 /  2109 (019%):	 Total:0.3124597	 Acc:0.3125000	 lr:0.0002772	 Mean_Total:0.3215254
2021-11-27 17:22:34,154 -   842 /  2109 (039%):	 Total:0.6080475	 Acc:0.3437500	 lr:0.0002767	 Mean_Total:0.3596183
2021-11-27 17:23:04,907 -  1263 /  2109 (059%):	 Total:0.3174229	 Acc:0.2187500	 lr:0.0002761	 Mean_Total:0.3864894
2021-11-27 17:23:35,898 -  1684 /  2109 (079%):	 Total:0.4474872	 Acc:0.1875000	 lr:0.0002755	 Mean_Total:0.4267299
2021-11-27 17:24:05,345 -  2105 /  2109 (099%):	 Total:0.8156787	 Acc:0.2187500	 lr:0.0002750	 Mean_Total:0.4604354
2021-11-27 17:24:05,666 - ===============================| start validation |===============================
2021-11-27 17:24:14,836 - 	 Total:0.4979679	 Acc:0.2935363
2021-11-27 17:24:14,840 -    ini file updated    
2021-11-27 17:24:14,841 - ===============================|    epoch 49   |===============================
2021-11-27 17:24:15,556 -     0 /  2109 (000%):	 Total:0.3376946	 Acc:0.4062500	 lr:0.0002750	 Mean_Total:0.3376946
2021-11-27 17:24:45,012 -   421 /  2109 (019%):	 Total:0.3932448	 Acc:0.4375000	 lr:0.0002744	 Mean_Total:0.3246286
2021-11-27 17:25:16,368 -   842 /  2109 (039%):	 Total:0.1719020	 Acc:0.2812500	 lr:0.0002738	 Mean_Total:0.3568851
2021-11-27 17:25:49,555 -  1263 /  2109 (059%):	 Total:0.3549092	 Acc:0.3125000	 lr:0.0002733	 Mean_Total:0.3863872
2021-11-27 17:26:21,227 -  1684 /  2109 (079%):	 Total:0.5118183	 Acc:0.1875000	 lr:0.0002727	 Mean_Total:0.4269670
2021-11-27 17:26:52,787 -  2105 /  2109 (099%):	 Total:0.4781835	 Acc:0.3437500	 lr:0.0002722	 Mean_Total:0.4606433
2021-11-27 17:26:53,201 - ===============================| start validation |===============================
2021-11-27 17:27:02,728 - 	 Total:0.4928190	 Acc:0.2946047
2021-11-27 17:27:02,733 -    ini file updated    
2021-11-27 17:27:02,733 - ===============================|    epoch 50   |===============================
2021-11-27 17:27:03,953 -     0 /  2109 (000%):	 Total:0.2943337	 Acc:0.4062500	 lr:0.0002722	 Mean_Total:0.2943337
2021-11-27 17:27:36,113 -   421 /  2109 (019%):	 Total:0.3112881	 Acc:0.2812500	 lr:0.0002716	 Mean_Total:0.3236980
2021-11-27 17:28:09,301 -   842 /  2109 (039%):	 Total:0.3106103	 Acc:0.2500000	 lr:0.0002711	 Mean_Total:0.3581311
2021-11-27 17:28:43,414 -  1263 /  2109 (059%):	 Total:0.3605022	 Acc:0.0937500	 lr:0.0002706	 Mean_Total:0.3872078
2021-11-27 17:29:17,507 -  1684 /  2109 (079%):	 Total:0.7044826	 Acc:0.3125000	 lr:0.0002700	 Mean_Total:0.4250029
2021-11-27 17:29:49,783 -  2105 /  2109 (099%):	 Total:0.3700085	 Acc:0.3437500	 lr:0.0002695	 Mean_Total:0.4596330
2021-11-27 17:29:50,151 - ===============================| start validation |===============================
2021-11-27 17:30:00,014 - 	 Total:0.4910891	 Acc:0.2922009
2021-11-27 17:30:00,022 -    ini file updated    
2021-11-27 17:30:00,034 - Snapshot saved to /data/users/wergillius/UTR_VAE/pth/RL_gru_MTL/1_layer_model/human_k17-model_best_cv3.pth

2021-11-27 17:30:00,035 -    ini file updated    
2021-11-27 17:30:00,035 - ===============================|    epoch 51   |===============================
2021-11-27 17:30:00,768 -     0 /  2109 (000%):	 Total:0.3824940	 Acc:0.2500000	 lr:0.0002695	 Mean_Total:0.3824940
2021-11-27 17:30:35,072 -   421 /  2109 (019%):	 Total:0.1915638	 Acc:0.4375000	 lr:0.0002690	 Mean_Total:0.3218363
2021-11-27 17:31:06,203 -   842 /  2109 (039%):	 Total:0.5352425	 Acc:0.2500000	 lr:0.0002685	 Mean_Total:0.3560236
2021-11-27 17:31:39,447 -  1263 /  2109 (059%):	 Total:0.6691684	 Acc:0.2500000	 lr:0.0002679	 Mean_Total:0.3850415
2021-11-27 17:32:12,115 -  1684 /  2109 (079%):	 Total:0.5547401	 Acc:0.2187500	 lr:0.0002674	 Mean_Total:0.4250378
2021-11-27 17:32:42,841 -  2105 /  2109 (099%):	 Total:0.3408993	 Acc:0.2812500	 lr:0.0002669	 Mean_Total:0.4579682
2021-11-27 17:32:43,171 - ===============================| start validation |===============================
2021-11-27 17:32:53,121 - 	 Total:0.4914726	 Acc:0.2970085
2021-11-27 17:32:53,125 -    ini file updated    
2021-11-27 17:32:53,132 - Snapshot saved to /data/users/wergillius/UTR_VAE/pth/RL_gru_MTL/1_layer_model/human_k17-model_best_cv3.pth

2021-11-27 17:32:53,133 -    ini file updated    
2021-11-27 17:32:53,133 - ===============================|    epoch 52   |===============================
2021-11-27 17:32:53,842 -     0 /  2109 (000%):	 Total:0.1253752	 Acc:0.4375000	 lr:0.0002669	 Mean_Total:0.1253752
2021-11-27 17:33:27,562 -   421 /  2109 (019%):	 Total:0.1911263	 Acc:0.4375000	 lr:0.0002664	 Mean_Total:0.3234328
2021-11-27 17:34:00,315 -   842 /  2109 (039%):	 Total:0.6514886	 Acc:0.2187500	 lr:0.0002659	 Mean_Total:0.3567607
2021-11-27 17:34:31,271 -  1263 /  2109 (059%):	 Total:0.6473891	 Acc:0.2187500	 lr:0.0002654	 Mean_Total:0.3839302
2021-11-27 17:35:03,599 -  1684 /  2109 (079%):	 Total:0.3870005	 Acc:0.3125000	 lr:0.0002649	 Mean_Total:0.4249961
2021-11-27 17:35:35,000 -  2105 /  2109 (099%):	 Total:0.4079229	 Acc:0.2812500	 lr:0.0002644	 Mean_Total:0.4582803
2021-11-27 17:35:35,391 - ===============================| start validation |===============================
2021-11-27 17:35:46,229 - 	 Total:0.5024083	 Acc:0.2942041
2021-11-27 17:35:46,233 -    ini file updated    
2021-11-27 17:35:46,233 - ===============================|    epoch 53   |===============================
2021-11-27 17:35:46,939 -     0 /  2109 (000%):	 Total:0.4594249	 Acc:0.4375000	 lr:0.0002644	 Mean_Total:0.4594249
2021-11-27 17:36:19,999 -   421 /  2109 (019%):	 Total:0.3578837	 Acc:0.4375000	 lr:0.0002639	 Mean_Total:0.3290678
2021-11-27 17:36:51,444 -   842 /  2109 (039%):	 Total:0.2659973	 Acc:0.5000000	 lr:0.0002634	 Mean_Total:0.3604785
2021-11-27 17:37:24,272 -  1263 /  2109 (059%):	 Total:0.5470161	 Acc:0.1875000	 lr:0.0002629	 Mean_Total:0.3872885
2021-11-27 17:37:57,244 -  1684 /  2109 (079%):	 Total:0.4392897	 Acc:0.2812500	 lr:0.0002624	 Mean_Total:0.4275910
2021-11-27 17:38:30,341 -  2105 /  2109 (099%):	 Total:0.3087649	 Acc:0.3437500	 lr:0.0002619	 Mean_Total:0.4621994
2021-11-27 17:38:30,703 - ===============================| start validation |===============================
2021-11-27 17:38:40,406 - 	 Total:0.4947484	 Acc:0.2974092
2021-11-27 17:38:40,412 -    ini file updated    
2021-11-27 17:38:40,421 - Snapshot saved to /data/users/wergillius/UTR_VAE/pth/RL_gru_MTL/1_layer_model/human_k17-model_best_cv3.pth

2021-11-27 17:38:40,421 -    ini file updated    
2021-11-27 17:38:40,422 - ===============================|    epoch 54   |===============================
2021-11-27 17:38:41,166 -     0 /  2109 (000%):	 Total:0.1731925	 Acc:0.3437500	 lr:0.0002619	 Mean_Total:0.1731925
2021-11-27 17:39:14,210 -   421 /  2109 (019%):	 Total:0.3139504	 Acc:0.3750000	 lr:0.0002614	 Mean_Total:0.3157592
2021-11-27 17:39:47,491 -   842 /  2109 (039%):	 Total:0.3445344	 Acc:0.3750000	 lr:0.0002610	 Mean_Total:0.3524162
2021-11-27 17:40:19,564 -  1263 /  2109 (059%):	 Total:0.4908529	 Acc:0.1875000	 lr:0.0002605	 Mean_Total:0.3836188
2021-11-27 17:40:50,971 -  1684 /  2109 (079%):	 Total:0.3425333	 Acc:0.1250000	 lr:0.0002600	 Mean_Total:0.4234493
2021-11-27 17:41:23,283 -  2105 /  2109 (099%):	 Total:0.4273254	 Acc:0.2187500	 lr:0.0002595	 Mean_Total:0.4597033
2021-11-27 17:41:23,656 - ===============================| start validation |===============================
2021-11-27 17:41:33,752 - 	 Total:0.4966392	 Acc:0.2946047
2021-11-27 17:41:33,757 -    ini file updated    
2021-11-27 17:41:33,758 - ===============================|    epoch 55   |===============================
2021-11-27 17:41:34,604 -     0 /  2109 (000%):	 Total:0.4269880	 Acc:0.4687500	 lr:0.0002595	 Mean_Total:0.4269880
2021-11-27 17:42:05,955 -   421 /  2109 (019%):	 Total:0.2591203	 Acc:0.3125000	 lr:0.0002591	 Mean_Total:0.3182417
2021-11-27 17:42:38,421 -   842 /  2109 (039%):	 Total:0.6654513	 Acc:0.3750000	 lr:0.0002586	 Mean_Total:0.3540098
2021-11-27 17:43:09,940 -  1263 /  2109 (059%):	 Total:0.3930112	 Acc:0.2187500	 lr:0.0002581	 Mean_Total:0.3800118
2021-11-27 17:43:41,861 -  1684 /  2109 (079%):	 Total:0.7945144	 Acc:0.3125000	 lr:0.0002577	 Mean_Total:0.4229993
2021-11-27 17:44:12,603 -  2105 /  2109 (099%):	 Total:0.6190523	 Acc:0.2500000	 lr:0.0002572	 Mean_Total:0.4584946
2021-11-27 17:44:12,991 - ===============================| start validation |===============================
2021-11-27 17:44:22,509 - 	 Total:0.4854724	 Acc:0.2983440
2021-11-27 17:44:22,513 -    ini file updated    
2021-11-27 17:44:22,521 - Snapshot saved to /data/users/wergillius/UTR_VAE/pth/RL_gru_MTL/1_layer_model/human_k17-model_best_cv3.pth

2021-11-27 17:44:22,522 -    ini file updated    
2021-11-27 17:44:22,522 - ===============================|    epoch 56   |===============================
2021-11-27 17:44:23,322 -     0 /  2109 (000%):	 Total:0.2002857	 Acc:0.3437500	 lr:0.0002572	 Mean_Total:0.2002857
2021-11-27 17:44:55,637 -   421 /  2109 (019%):	 Total:0.5509551	 Acc:0.3750000	 lr:0.0002567	 Mean_Total:0.3225231
2021-11-27 17:45:26,574 -   842 /  2109 (039%):	 Total:0.4098344	 Acc:0.2812500	 lr:0.0002563	 Mean_Total:0.3501174
2021-11-27 17:45:57,186 -  1263 /  2109 (059%):	 Total:0.2672105	 Acc:0.3437500	 lr:0.0002558	 Mean_Total:0.3809301
2021-11-27 17:46:28,159 -  1684 /  2109 (079%):	 Total:0.4930061	 Acc:0.2187500	 lr:0.0002554	 Mean_Total:0.4213815
2021-11-27 17:47:00,216 -  2105 /  2109 (099%):	 Total:0.7850298	 Acc:0.2500000	 lr:0.0002549	 Mean_Total:0.4550294
2021-11-27 17:47:00,695 - ===============================| start validation |===============================
2021-11-27 17:47:10,559 - 	 Total:0.4892234	 Acc:0.2958066
2021-11-27 17:47:10,564 -    ini file updated    
2021-11-27 17:47:10,564 - ===============================|    epoch 57   |===============================
2021-11-27 17:47:11,316 -     0 /  2109 (000%):	 Total:0.2037915	 Acc:0.4375000	 lr:0.0002549	 Mean_Total:0.2037915
2021-11-27 17:47:41,067 -   421 /  2109 (019%):	 Total:0.2310841	 Acc:0.2187500	 lr:0.0002545	 Mean_Total:0.3238903
2021-11-27 17:48:11,514 -   842 /  2109 (039%):	 Total:0.4086759	 Acc:0.3437500	 lr:0.0002540	 Mean_Total:0.3548252
2021-11-27 17:48:44,303 -  1263 /  2109 (059%):	 Total:1.0710979	 Acc:0.2812500	 lr:0.0002536	 Mean_Total:0.3853555
2021-11-27 17:49:16,373 -  1684 /  2109 (079%):	 Total:0.4796967	 Acc:0.1250000	 lr:0.0002532	 Mean_Total:0.4238749
2021-11-27 17:49:47,011 -  2105 /  2109 (099%):	 Total:0.7347578	 Acc:0.2187500	 lr:0.0002527	 Mean_Total:0.4567728
2021-11-27 17:49:47,443 - ===============================| start validation |===============================
2021-11-27 17:49:57,519 - 	 Total:0.4959504	 Acc:0.2986111
2021-11-27 17:49:57,523 -    ini file updated    
2021-11-27 17:49:57,530 - Snapshot saved to /data/users/wergillius/UTR_VAE/pth/RL_gru_MTL/1_layer_model/human_k17-model_best_cv3.pth

2021-11-27 17:49:57,530 -    ini file updated    
2021-11-27 17:49:57,531 - ===============================|    epoch 58   |===============================
2021-11-27 17:49:58,376 -     0 /  2109 (000%):	 Total:0.2685584	 Acc:0.4062500	 lr:0.0002527	 Mean_Total:0.2685584
2021-11-27 17:50:31,734 -   421 /  2109 (019%):	 Total:0.2244125	 Acc:0.3437500	 lr:0.0002523	 Mean_Total:0.3162465
2021-11-27 17:51:04,150 -   842 /  2109 (039%):	 Total:0.2578635	 Acc:0.3437500	 lr:0.0002519	 Mean_Total:0.3549592
2021-11-27 17:51:34,701 -  1263 /  2109 (059%):	 Total:0.2606399	 Acc:0.2500000	 lr:0.0002514	 Mean_Total:0.3780230
2021-11-27 17:52:07,182 -  1684 /  2109 (079%):	 Total:0.7599187	 Acc:0.0937500	 lr:0.0002510	 Mean_Total:0.4199064
2021-11-27 17:52:39,824 -  2105 /  2109 (099%):	 Total:0.5813196	 Acc:0.3437500	 lr:0.0002506	 Mean_Total:0.4529647
2021-11-27 17:52:40,313 - ===============================| start validation |===============================
2021-11-27 17:52:49,686 - 	 Total:0.4905851	 Acc:0.2958066
2021-11-27 17:52:49,690 -    ini file updated    
2021-11-27 17:52:49,690 - ===============================|    epoch 59   |===============================
2021-11-27 17:52:50,454 -     0 /  2109 (000%):	 Total:0.2364929	 Acc:0.3125000	 lr:0.0002506	 Mean_Total:0.2364929
2021-11-27 17:53:23,803 -   421 /  2109 (019%):	 Total:0.2656742	 Acc:0.3125000	 lr:0.0002501	 Mean_Total:0.3172892
2021-11-27 17:53:55,634 -   842 /  2109 (039%):	 Total:0.3568638	 Acc:0.2812500	 lr:0.0002497	 Mean_Total:0.3518359
2021-11-27 17:54:28,190 -  1263 /  2109 (059%):	 Total:0.3187085	 Acc:0.3437500	 lr:0.0002493	 Mean_Total:0.3799050
2021-11-27 17:54:58,855 -  1684 /  2109 (079%):	 Total:0.6641395	 Acc:0.0312500	 lr:0.0002489	 Mean_Total:0.4208849
2021-11-27 17:55:28,600 -  2105 /  2109 (099%):	 Total:0.5569324	 Acc:0.3437500	 lr:0.0002485	 Mean_Total:0.4541745
2021-11-27 17:55:29,018 - ===============================| start validation |===============================
2021-11-27 17:55:39,134 - 	 Total:0.4973692	 Acc:0.2962073
2021-11-27 17:55:39,142 -    ini file updated    
2021-11-27 17:55:39,143 - ===============================|    epoch 60   |===============================
2021-11-27 17:55:39,835 -     0 /  2109 (000%):	 Total:0.1575866	 Acc:0.4687500	 lr:0.0002485	 Mean_Total:0.1575866
2021-11-27 17:56:12,325 -   421 /  2109 (019%):	 Total:0.5449964	 Acc:0.3125000	 lr:0.0002481	 Mean_Total:0.3180380
2021-11-27 17:56:43,930 -   842 /  2109 (039%):	 Total:0.1994063	 Acc:0.2187500	 lr:0.0002477	 Mean_Total:0.3507385
2021-11-27 17:57:15,823 -  1263 /  2109 (059%):	 Total:0.3794675	 Acc:0.3125000	 lr:0.0002472	 Mean_Total:0.3819204
2021-11-27 17:57:48,974 -  1684 /  2109 (079%):	 Total:0.5097912	 Acc:0.3437500	 lr:0.0002468	 Mean_Total:0.4203598
2021-11-27 17:58:19,187 -  2105 /  2109 (099%):	 Total:0.3406070	 Acc:0.2812500	 lr:0.0002464	 Mean_Total:0.4542778
2021-11-27 17:58:19,542 - ===============================| start validation |===============================
2021-11-27 17:58:27,498 - 	 Total:0.4884916	 Acc:0.2992788
2021-11-27 17:58:27,503 -    ini file updated    
2021-11-27 17:58:27,512 - Snapshot saved to /data/users/wergillius/UTR_VAE/pth/RL_gru_MTL/1_layer_model/human_k17-model_best_cv3.pth

2021-11-27 17:58:27,513 -    ini file updated    
