2021-11-27 10:14:11,650 -   	 	 ==============<<< device used: cuda:1  >>>============== 	 	 
2021-11-27 10:14:30,808 - ===============================|    epoch 0   |===============================
2021-11-27 10:14:31,902 -     0 /  2109 (000%):	 Total:34.5424805	 Acc:0.0000000	 lr:0.0009882	 Mean_Total:34.5424805
2021-11-27 10:15:06,554 -   421 /  2109 (019%):	 Total:0.7951905	 Acc:0.2500000	 lr:0.0043027	 Mean_Total:1.8293390
2021-11-27 10:15:41,642 -   842 /  2109 (039%):	 Total:0.9465135	 Acc:0.2187500	 lr:0.0030443	 Mean_Total:1.4670588
2021-11-27 10:16:15,966 -  1263 /  2109 (059%):	 Total:0.7128077	 Acc:0.1250000	 lr:0.0024861	 Mean_Total:1.3238277
2021-11-27 10:16:49,812 -  1684 /  2109 (079%):	 Total:0.8929095	 Acc:0.1875000	 lr:0.0021533	 Mean_Total:1.2807739
2021-11-27 10:17:24,108 -  2105 /  2109 (099%):	 Total:0.7143081	 Acc:0.1250000	 lr:0.0019260	 Mean_Total:1.2717493
2021-11-27 10:17:24,505 - ===============================| start validation |===============================
2021-11-27 10:17:35,128 - 	 Total:1.0384794	 Acc:0.2060630
2021-11-27 10:17:35,137 -    ini file updated    
2021-11-27 10:17:35,152 - Snapshot saved to /data/users/wergillius/UTR_VAE/pth/RL_gru_MTL/1_layer_model/human_k5-model_best_cv3.pth

2021-11-27 10:17:35,153 -    ini file updated    
2021-11-27 10:17:35,153 - ===============================|    epoch 1   |===============================
2021-11-27 10:17:36,009 -     0 /  2109 (000%):	 Total:0.6817437	 Acc:0.1875000	 lr:0.0019242	 Mean_Total:0.6817437
2021-11-27 10:18:09,629 -   421 /  2109 (019%):	 Total:1.6160617	 Acc:0.0625000	 lr:0.0017569	 Mean_Total:0.9246936
2021-11-27 10:18:42,649 -   842 /  2109 (039%):	 Total:0.7952758	 Acc:0.1875000	 lr:0.0016268	 Mean_Total:0.9466120
2021-11-27 10:19:15,564 -  1263 /  2109 (059%):	 Total:1.1889799	 Acc:0.0937500	 lr:0.0015219	 Mean_Total:0.9497706
2021-11-27 10:19:49,259 -  1684 /  2109 (079%):	 Total:1.0476410	 Acc:0.1875000	 lr:0.0014350	 Mean_Total:0.9800171
2021-11-27 10:20:24,416 -  2105 /  2109 (099%):	 Total:0.7087301	 Acc:0.1875000	 lr:0.0013614	 Mean_Total:1.0149324
2021-11-27 10:20:24,882 - ===============================| start validation |===============================
2021-11-27 10:20:36,154 - 	 Total:0.9949470	 Acc:0.1857639
2021-11-27 10:20:36,159 -    ini file updated    
2021-11-27 10:20:36,169 - Snapshot saved to /data/users/wergillius/UTR_VAE/pth/RL_gru_MTL/1_layer_model/human_k5-model_best_cv3.pth

2021-11-27 10:20:36,170 -    ini file updated    
2021-11-27 10:20:36,170 - ===============================|    epoch 2   |===============================
2021-11-27 10:20:36,964 -     0 /  2109 (000%):	 Total:0.3526523	 Acc:0.1562500	 lr:0.0013608	 Mean_Total:0.3526523
2021-11-27 10:21:11,016 -   421 /  2109 (019%):	 Total:0.6296601	 Acc:0.2187500	 lr:0.0012976	 Mean_Total:0.8874121
2021-11-27 10:21:45,025 -   842 /  2109 (039%):	 Total:1.0366975	 Acc:0.2187500	 lr:0.0012424	 Mean_Total:0.8989879
2021-11-27 10:22:18,217 -  1263 /  2109 (059%):	 Total:0.6427873	 Acc:0.1875000	 lr:0.0011938	 Mean_Total:0.9098827
2021-11-27 10:22:53,182 -  1684 /  2109 (079%):	 Total:2.0442128	 Acc:0.1250000	 lr:0.0011504	 Mean_Total:0.9426808
2021-11-27 10:23:27,965 -  2105 /  2109 (099%):	 Total:0.9730548	 Acc:0.1875000	 lr:0.0011115	 Mean_Total:0.9787675
2021-11-27 10:23:28,461 - ===============================| start validation |===============================
2021-11-27 10:23:38,171 - 	 Total:0.9667268	 Acc:0.2238248
2021-11-27 10:23:38,180 -    ini file updated    
2021-11-27 10:23:38,185 - Snapshot saved to /data/users/wergillius/UTR_VAE/pth/RL_gru_MTL/1_layer_model/human_k5-model_best_cv3.pth

2021-11-27 10:23:38,186 -    ini file updated    
2021-11-27 10:23:38,186 - ===============================|    epoch 3   |===============================
2021-11-27 10:23:39,130 -     0 /  2109 (000%):	 Total:0.2443227	 Acc:0.5000000	 lr:0.0011111	 Mean_Total:0.2443227
2021-11-27 10:24:12,753 -   421 /  2109 (019%):	 Total:1.0719893	 Acc:0.2500000	 lr:0.0010759	 Mean_Total:0.8469652
2021-11-27 10:24:45,525 -   842 /  2109 (039%):	 Total:1.1683147	 Acc:0.1250000	 lr:0.0010438	 Mean_Total:0.8716228
2021-11-27 10:25:17,518 -  1263 /  2109 (059%):	 Total:1.2201107	 Acc:0.2812500	 lr:0.0010145	 Mean_Total:0.8822584
2021-11-27 10:25:50,835 -  1684 /  2109 (079%):	 Total:1.0431900	 Acc:0.1250000	 lr:0.0009875	 Mean_Total:0.9118993
2021-11-27 10:26:23,772 -  2105 /  2109 (099%):	 Total:1.3669802	 Acc:0.2812500	 lr:0.0009625	 Mean_Total:0.9494113
2021-11-27 10:26:24,235 - ===============================| start validation |===============================
2021-11-27 10:26:33,705 - 	 Total:0.9354188	 Acc:0.2155449
2021-11-27 10:26:33,714 -    ini file updated    
2021-11-27 10:26:33,733 - Snapshot saved to /data/users/wergillius/UTR_VAE/pth/RL_gru_MTL/1_layer_model/human_k5-model_best_cv3.pth

2021-11-27 10:26:33,734 -    ini file updated    
2021-11-27 10:26:33,734 - ===============================|    epoch 4   |===============================
2021-11-27 10:26:34,564 -     0 /  2109 (000%):	 Total:0.9331543	 Acc:0.4375000	 lr:0.0009623	 Mean_Total:0.9331543
2021-11-27 10:27:07,398 -   421 /  2109 (019%):	 Total:1.4295088	 Acc:0.2500000	 lr:0.0009391	 Mean_Total:0.8236013
2021-11-27 10:27:41,884 -   842 /  2109 (039%):	 Total:0.6499156	 Acc:0.2187500	 lr:0.0009176	 Mean_Total:0.8457803
2021-11-27 10:28:14,507 -  1263 /  2109 (059%):	 Total:0.8728193	 Acc:0.1250000	 lr:0.0008974	 Mean_Total:0.8572079
2021-11-27 10:28:47,335 -  1684 /  2109 (079%):	 Total:0.9422705	 Acc:0.3125000	 lr:0.0008786	 Mean_Total:0.8928668
2021-11-27 10:29:22,233 -  2105 /  2109 (099%):	 Total:0.9213880	 Acc:0.1562500	 lr:0.0008609	 Mean_Total:0.9296657
2021-11-27 10:29:22,638 - ===============================| start validation |===============================
2021-11-27 10:29:33,228 - 	 Total:0.9185500	 Acc:0.2275641
2021-11-27 10:29:33,235 -    ini file updated    
2021-11-27 10:29:33,242 - Snapshot saved to /data/users/wergillius/UTR_VAE/pth/RL_gru_MTL/1_layer_model/human_k5-model_best_cv3.pth

2021-11-27 10:29:33,242 -    ini file updated    
2021-11-27 10:29:33,243 - ===============================|    epoch 5   |===============================
2021-11-27 10:29:34,095 -     0 /  2109 (000%):	 Total:0.3163625	 Acc:0.3750000	 lr:0.0008607	 Mean_Total:0.3163625
2021-11-27 10:30:07,540 -   421 /  2109 (019%):	 Total:1.7740282	 Acc:0.1875000	 lr:0.0008440	 Mean_Total:0.7921125
2021-11-27 10:30:41,696 -   842 /  2109 (039%):	 Total:1.1324679	 Acc:0.2187500	 lr:0.0008283	 Mean_Total:0.8191330
2021-11-27 10:31:14,957 -  1263 /  2109 (059%):	 Total:1.2570119	 Acc:0.2812500	 lr:0.0008134	 Mean_Total:0.8315350
2021-11-27 10:31:47,718 -  1684 /  2109 (079%):	 Total:1.6916902	 Acc:0.1562500	 lr:0.0007992	 Mean_Total:0.8695013
2021-11-27 10:32:21,635 -  2105 /  2109 (099%):	 Total:0.6815284	 Acc:0.2812500	 lr:0.0007858	 Mean_Total:0.9068656
2021-11-27 10:32:22,130 - ===============================| start validation |===============================
2021-11-27 10:32:32,290 - 	 Total:0.9011097	 Acc:0.2387821
2021-11-27 10:32:32,294 -    ini file updated    
2021-11-27 10:32:32,302 - Snapshot saved to /data/users/wergillius/UTR_VAE/pth/RL_gru_MTL/1_layer_model/human_k5-model_best_cv3.pth

2021-11-27 10:32:32,302 -    ini file updated    
2021-11-27 10:32:32,303 - ===============================|    epoch 6   |===============================
2021-11-27 10:32:33,135 -     0 /  2109 (000%):	 Total:0.9694286	 Acc:0.3750000	 lr:0.0007857	 Mean_Total:0.9694286
2021-11-27 10:33:07,898 -   421 /  2109 (019%):	 Total:0.5297996	 Acc:0.3125000	 lr:0.0007730	 Mean_Total:0.7825387
2021-11-27 10:33:41,963 -   842 /  2109 (039%):	 Total:1.1099975	 Acc:0.0625000	 lr:0.0007608	 Mean_Total:0.8052182
2021-11-27 10:34:14,614 -  1263 /  2109 (059%):	 Total:0.8248980	 Acc:0.2187500	 lr:0.0007492	 Mean_Total:0.8171517
2021-11-27 10:34:45,470 -  1684 /  2109 (079%):	 Total:1.6456418	 Acc:0.0000000	 lr:0.0007381	 Mean_Total:0.8522154
2021-11-27 10:35:17,051 -  2105 /  2109 (099%):	 Total:1.1193722	 Acc:0.2187500	 lr:0.0007275	 Mean_Total:0.8913870
2021-11-27 10:35:17,378 - ===============================| start validation |===============================
2021-11-27 10:35:28,124 - 	 Total:0.9101730	 Acc:0.2474626
2021-11-27 10:35:28,127 -    ini file updated    
2021-11-27 10:35:28,132 - Snapshot saved to /data/users/wergillius/UTR_VAE/pth/RL_gru_MTL/1_layer_model/human_k5-model_best_cv3.pth

2021-11-27 10:35:28,133 -    ini file updated    
2021-11-27 10:35:28,133 - ===============================|    epoch 7   |===============================
2021-11-27 10:35:28,863 -     0 /  2109 (000%):	 Total:1.3311725	 Acc:0.2187500	 lr:0.0007274	 Mean_Total:1.3311725
2021-11-27 10:36:04,478 -   421 /  2109 (019%):	 Total:0.7815126	 Acc:0.4062500	 lr:0.0007173	 Mean_Total:0.7584290
2021-11-27 10:36:37,289 -   842 /  2109 (039%):	 Total:1.1204600	 Acc:0.1562500	 lr:0.0007075	 Mean_Total:0.7879943
2021-11-27 10:37:09,910 -  1263 /  2109 (059%):	 Total:0.6514261	 Acc:0.1875000	 lr:0.0006982	 Mean_Total:0.8015141
2021-11-27 10:37:42,660 -  1684 /  2109 (079%):	 Total:1.2168994	 Acc:0.1875000	 lr:0.0006892	 Mean_Total:0.8365445
2021-11-27 10:38:15,506 -  2105 /  2109 (099%):	 Total:0.8886533	 Acc:0.0625000	 lr:0.0006805	 Mean_Total:0.8756007
2021-11-27 10:38:15,882 - ===============================| start validation |===============================
2021-11-27 10:38:26,169 - 	 Total:0.8758063	 Acc:0.2419872
2021-11-27 10:38:26,173 -    ini file updated    
2021-11-27 10:38:26,180 - Snapshot saved to /data/users/wergillius/UTR_VAE/pth/RL_gru_MTL/1_layer_model/human_k5-model_best_cv3.pth

2021-11-27 10:38:26,181 -    ini file updated    
2021-11-27 10:38:26,181 - ===============================|    epoch 8   |===============================
2021-11-27 10:38:27,081 -     0 /  2109 (000%):	 Total:0.3609168	 Acc:0.3125000	 lr:0.0006805	 Mean_Total:0.3609168
2021-11-27 10:38:59,956 -   421 /  2109 (019%):	 Total:0.8817065	 Acc:0.2500000	 lr:0.0006721	 Mean_Total:0.7471611
2021-11-27 10:39:32,170 -   842 /  2109 (039%):	 Total:0.5038814	 Acc:0.3750000	 lr:0.0006641	 Mean_Total:0.7686469
2021-11-27 10:40:03,691 -  1263 /  2109 (059%):	 Total:0.7322034	 Acc:0.3125000	 lr:0.0006563	 Mean_Total:0.7802389
2021-11-27 10:40:35,255 -  1684 /  2109 (079%):	 Total:1.0535274	 Acc:0.1562500	 lr:0.0006488	 Mean_Total:0.8183964
2021-11-27 10:41:08,958 -  2105 /  2109 (099%):	 Total:0.5961862	 Acc:0.2812500	 lr:0.0006416	 Mean_Total:0.8558706
2021-11-27 10:41:09,321 - ===============================| start validation |===============================
2021-11-27 10:41:19,690 - 	 Total:0.8488046	 Acc:0.2470620
2021-11-27 10:41:19,698 -    ini file updated    
2021-11-27 10:41:19,709 - Snapshot saved to /data/users/wergillius/UTR_VAE/pth/RL_gru_MTL/1_layer_model/human_k5-model_best_cv3.pth

2021-11-27 10:41:19,710 -    ini file updated    
2021-11-27 10:41:19,710 - ===============================|    epoch 9   |===============================
2021-11-27 10:41:20,443 -     0 /  2109 (000%):	 Total:0.3026704	 Acc:0.2500000	 lr:0.0006415	 Mean_Total:0.3026704
2021-11-27 10:41:53,711 -   421 /  2109 (019%):	 Total:0.7629547	 Acc:0.3125000	 lr:0.0006345	 Mean_Total:0.7268235
2021-11-27 10:42:26,826 -   842 /  2109 (039%):	 Total:0.6797221	 Acc:0.0937500	 lr:0.0006278	 Mean_Total:0.7531946
2021-11-27 10:42:58,460 -  1263 /  2109 (059%):	 Total:0.8915290	 Acc:0.2187500	 lr:0.0006212	 Mean_Total:0.7637996
2021-11-27 10:43:29,290 -  1684 /  2109 (079%):	 Total:1.1079578	 Acc:0.2500000	 lr:0.0006148	 Mean_Total:0.8028331
2021-11-27 10:44:01,781 -  2105 /  2109 (099%):	 Total:0.7538079	 Acc:0.3125000	 lr:0.0006087	 Mean_Total:0.8381189
2021-11-27 10:44:02,285 - ===============================| start validation |===============================
2021-11-27 10:44:12,850 - 	 Total:0.8290578	 Acc:0.2390491
2021-11-27 10:44:12,854 -    ini file updated    
2021-11-27 10:44:12,861 - Snapshot saved to /data/users/wergillius/UTR_VAE/pth/RL_gru_MTL/1_layer_model/human_k5-model_best_cv3.pth

2021-11-27 10:44:12,861 -    ini file updated    
2021-11-27 10:44:12,861 - ===============================|    epoch 10   |===============================
2021-11-27 10:44:13,587 -     0 /  2109 (000%):	 Total:0.8861960	 Acc:0.2500000	 lr:0.0006086	 Mean_Total:0.8861960
2021-11-27 10:44:46,751 -   421 /  2109 (019%):	 Total:1.5572190	 Acc:0.1250000	 lr:0.0006026	 Mean_Total:0.7046719
2021-11-27 10:45:20,105 -   842 /  2109 (039%):	 Total:0.6189852	 Acc:0.1875000	 lr:0.0005968	 Mean_Total:0.7351727
2021-11-27 10:45:51,414 -  1263 /  2109 (059%):	 Total:1.4491692	 Acc:0.0937500	 lr:0.0005912	 Mean_Total:0.7496188
2021-11-27 10:46:24,636 -  1684 /  2109 (079%):	 Total:0.9617546	 Acc:0.2812500	 lr:0.0005857	 Mean_Total:0.7678955
2021-11-27 10:46:57,084 -  2105 /  2109 (099%):	 Total:0.6903002	 Acc:0.2187500	 lr:0.0005803	 Mean_Total:0.7879655
2021-11-27 10:46:57,676 - ===============================| start validation |===============================
2021-11-27 10:47:07,977 - 	 Total:0.6827089	 Acc:0.2475962
2021-11-27 10:47:07,982 -    ini file updated    
2021-11-27 10:47:07,995 - Snapshot saved to /data/users/wergillius/UTR_VAE/pth/RL_gru_MTL/1_layer_model/human_k5-model_best_cv3.pth

2021-11-27 10:47:07,995 -    ini file updated    
2021-11-27 10:47:07,996 - ===============================|    epoch 11   |===============================
2021-11-27 10:47:08,769 -     0 /  2109 (000%):	 Total:0.3343793	 Acc:0.2812500	 lr:0.0005803	 Mean_Total:0.3343793
2021-11-27 10:47:41,391 -   421 /  2109 (019%):	 Total:0.4228203	 Acc:0.2812500	 lr:0.0005751	 Mean_Total:0.5479588
2021-11-27 10:48:14,850 -   842 /  2109 (039%):	 Total:1.0900968	 Acc:0.2500000	 lr:0.0005700	 Mean_Total:0.5713535
2021-11-27 10:48:47,902 -  1263 /  2109 (059%):	 Total:0.4348364	 Acc:0.2812500	 lr:0.0005651	 Mean_Total:0.5948122
2021-11-27 10:49:19,846 -  1684 /  2109 (079%):	 Total:1.0637805	 Acc:0.0625000	 lr:0.0005603	 Mean_Total:0.6416669
2021-11-27 10:49:53,490 -  2105 /  2109 (099%):	 Total:1.1101594	 Acc:0.2500000	 lr:0.0005556	 Mean_Total:0.6800642
2021-11-27 10:49:53,852 - ===============================| start validation |===============================
2021-11-27 10:50:04,111 - 	 Total:0.6492353	 Acc:0.2596154
2021-11-27 10:50:04,115 -    ini file updated    
2021-11-27 10:50:04,125 - Snapshot saved to /data/users/wergillius/UTR_VAE/pth/RL_gru_MTL/1_layer_model/human_k5-model_best_cv3.pth

2021-11-27 10:50:04,126 -    ini file updated    
2021-11-27 10:50:04,126 - ===============================|    epoch 12   |===============================
2021-11-27 10:50:05,253 -     0 /  2109 (000%):	 Total:0.6473822	 Acc:0.2187500	 lr:0.0005556	 Mean_Total:0.6473822
2021-11-27 10:50:38,234 -   421 /  2109 (019%):	 Total:0.6414099	 Acc:0.2187500	 lr:0.0005510	 Mean_Total:0.5239237
2021-11-27 10:51:10,282 -   842 /  2109 (039%):	 Total:0.5313033	 Acc:0.2812500	 lr:0.0005466	 Mean_Total:0.5574416
2021-11-27 10:51:43,810 -  1263 /  2109 (059%):	 Total:0.5434322	 Acc:0.2500000	 lr:0.0005422	 Mean_Total:0.5792670
2021-11-27 10:52:15,264 -  1684 /  2109 (079%):	 Total:0.4310986	 Acc:0.1250000	 lr:0.0005380	 Mean_Total:0.6194321
2021-11-27 10:52:47,759 -  2105 /  2109 (099%):	 Total:0.6242890	 Acc:0.2812500	 lr:0.0005338	 Mean_Total:0.6643047
2021-11-27 10:52:48,231 - ===============================| start validation |===============================
2021-11-27 10:52:59,246 - 	 Total:0.6566556	 Acc:0.2485310
2021-11-27 10:52:59,249 -    ini file updated    
2021-11-27 10:52:59,249 - ===============================|    epoch 13   |===============================
2021-11-27 10:53:00,002 -     0 /  2109 (000%):	 Total:0.2325626	 Acc:0.3437500	 lr:0.0005338	 Mean_Total:0.2325626
2021-11-27 10:53:32,045 -   421 /  2109 (019%):	 Total:0.4689331	 Acc:0.3125000	 lr:0.0005297	 Mean_Total:0.5050553
2021-11-27 10:54:05,032 -   842 /  2109 (039%):	 Total:0.2988513	 Acc:0.2500000	 lr:0.0005258	 Mean_Total:0.5337311
2021-11-27 10:54:37,878 -  1263 /  2109 (059%):	 Total:0.5614024	 Acc:0.1250000	 lr:0.0005219	 Mean_Total:0.5556360
2021-11-27 10:55:08,775 -  1684 /  2109 (079%):	 Total:0.8155780	 Acc:0.2812500	 lr:0.0005181	 Mean_Total:0.5980347
2021-11-27 10:55:40,586 -  2105 /  2109 (099%):	 Total:0.3911870	 Acc:0.2187500	 lr:0.0005144	 Mean_Total:0.6384778
2021-11-27 10:55:40,897 - ===============================| start validation |===============================
2021-11-27 10:55:51,033 - 	 Total:0.6111776	 Acc:0.2565438
2021-11-27 10:55:51,041 -    ini file updated    
2021-11-27 10:55:51,048 - Snapshot saved to /data/users/wergillius/UTR_VAE/pth/RL_gru_MTL/1_layer_model/human_k5-model_best_cv3.pth

2021-11-27 10:55:51,049 -    ini file updated    
2021-11-27 10:55:51,049 - ===============================|    epoch 14   |===============================
2021-11-27 10:55:51,931 -     0 /  2109 (000%):	 Total:0.1728129	 Acc:0.3750000	 lr:0.0005144	 Mean_Total:0.1728129
2021-11-27 10:56:23,332 -   421 /  2109 (019%):	 Total:0.7394103	 Acc:0.3125000	 lr:0.0005108	 Mean_Total:0.4821057
2021-11-27 10:56:56,041 -   842 /  2109 (039%):	 Total:1.0546622	 Acc:0.1562500	 lr:0.0005072	 Mean_Total:0.5059932
2021-11-27 10:57:27,997 -  1263 /  2109 (059%):	 Total:0.6068777	 Acc:0.3437500	 lr:0.0005037	 Mean_Total:0.5285314
2021-11-27 10:57:59,478 -  1684 /  2109 (079%):	 Total:1.4537120	 Acc:0.2187500	 lr:0.0005003	 Mean_Total:0.5714246
2021-11-27 10:58:32,365 -  2105 /  2109 (099%):	 Total:1.0190535	 Acc:0.2812500	 lr:0.0004970	 Mean_Total:0.6143767
2021-11-27 10:58:32,880 - ===============================| start validation |===============================
2021-11-27 10:58:42,732 - 	 Total:0.5818187	 Acc:0.2594818
2021-11-27 10:58:42,736 -    ini file updated    
2021-11-27 10:58:42,742 - Snapshot saved to /data/users/wergillius/UTR_VAE/pth/RL_gru_MTL/1_layer_model/human_k5-model_best_cv3.pth

2021-11-27 10:58:42,743 -    ini file updated    
2021-11-27 10:58:42,743 - ===============================|    epoch 15   |===============================
2021-11-27 10:58:43,448 -     0 /  2109 (000%):	 Total:0.4413811	 Acc:0.1875000	 lr:0.0004969	 Mean_Total:0.4413811
2021-11-27 10:59:15,374 -   421 /  2109 (019%):	 Total:0.7030021	 Acc:0.2500000	 lr:0.0004937	 Mean_Total:0.4643773
2021-11-27 10:59:48,010 -   842 /  2109 (039%):	 Total:0.4207880	 Acc:0.1250000	 lr:0.0004905	 Mean_Total:0.4886350
2021-11-27 11:00:20,689 -  1263 /  2109 (059%):	 Total:0.4936776	 Acc:0.2500000	 lr:0.0004873	 Mean_Total:0.5115525
2021-11-27 11:00:52,183 -  1684 /  2109 (079%):	 Total:0.5914338	 Acc:0.1562500	 lr:0.0004842	 Mean_Total:0.5580817
2021-11-27 11:01:23,813 -  2105 /  2109 (099%):	 Total:0.4179095	 Acc:0.2812500	 lr:0.0004812	 Mean_Total:0.5971798
2021-11-27 11:01:24,187 - ===============================| start validation |===============================
2021-11-27 11:01:34,615 - 	 Total:0.5646324	 Acc:0.2658921
2021-11-27 11:01:34,619 -    ini file updated    
2021-11-27 11:01:34,648 - Snapshot saved to /data/users/wergillius/UTR_VAE/pth/RL_gru_MTL/1_layer_model/human_k5-model_best_cv3.pth

2021-11-27 11:01:34,649 -    ini file updated    
2021-11-27 11:01:34,649 - ===============================|    epoch 16   |===============================
2021-11-27 11:01:35,462 -     0 /  2109 (000%):	 Total:0.5092875	 Acc:0.4062500	 lr:0.0004812	 Mean_Total:0.5092875
2021-11-27 11:02:07,074 -   421 /  2109 (019%):	 Total:0.3645156	 Acc:0.2500000	 lr:0.0004782	 Mean_Total:0.4460550
2021-11-27 11:02:38,814 -   842 /  2109 (039%):	 Total:0.5212441	 Acc:0.2812500	 lr:0.0004753	 Mean_Total:0.4763002
2021-11-27 11:03:10,288 -  1263 /  2109 (059%):	 Total:0.5309419	 Acc:0.2187500	 lr:0.0004724	 Mean_Total:0.5028399
2021-11-27 11:03:40,323 -  1684 /  2109 (079%):	 Total:0.7306566	 Acc:0.3750000	 lr:0.0004696	 Mean_Total:0.5483310
2021-11-27 11:04:12,605 -  2105 /  2109 (099%):	 Total:0.4542947	 Acc:0.2812500	 lr:0.0004668	 Mean_Total:0.5872303
2021-11-27 11:04:13,135 - ===============================| start validation |===============================
2021-11-27 11:04:23,459 - 	 Total:0.5570148	 Acc:0.2713675
2021-11-27 11:04:23,464 -    ini file updated    
2021-11-27 11:04:23,470 - Snapshot saved to /data/users/wergillius/UTR_VAE/pth/RL_gru_MTL/1_layer_model/human_k5-model_best_cv3.pth

2021-11-27 11:04:23,470 -    ini file updated    
2021-11-27 11:04:23,471 - ===============================|    epoch 17   |===============================
2021-11-27 11:04:24,234 -     0 /  2109 (000%):	 Total:0.1611053	 Acc:0.5000000	 lr:0.0004668	 Mean_Total:0.1611053
2021-11-27 11:04:54,946 -   421 /  2109 (019%):	 Total:0.6444582	 Acc:0.1875000	 lr:0.0004641	 Mean_Total:0.4372158
2021-11-27 11:05:27,791 -   842 /  2109 (039%):	 Total:0.7221155	 Acc:0.2187500	 lr:0.0004614	 Mean_Total:0.4586745
2021-11-27 11:06:00,334 -  1263 /  2109 (059%):	 Total:0.5931804	 Acc:0.2500000	 lr:0.0004588	 Mean_Total:0.4876497
2021-11-27 11:06:30,162 -  1684 /  2109 (079%):	 Total:0.5202801	 Acc:0.3125000	 lr:0.0004562	 Mean_Total:0.5337312
2021-11-27 11:07:02,708 -  2105 /  2109 (099%):	 Total:0.5829132	 Acc:0.3437500	 lr:0.0004537	 Mean_Total:0.5776120
2021-11-27 11:07:03,260 - ===============================| start validation |===============================
2021-11-27 11:07:13,318 - 	 Total:0.5613675	 Acc:0.2704327
2021-11-27 11:07:13,321 -    ini file updated    
2021-11-27 11:07:13,326 - ===============================|    epoch 18   |===============================
2021-11-27 11:07:14,324 -     0 /  2109 (000%):	 Total:0.5473242	 Acc:0.2500000	 lr:0.0004536	 Mean_Total:0.5473242
2021-11-27 11:07:46,868 -   421 /  2109 (019%):	 Total:0.3011845	 Acc:0.2187500	 lr:0.0004511	 Mean_Total:0.4298267
2021-11-27 11:08:19,123 -   842 /  2109 (039%):	 Total:0.2927451	 Acc:0.2812500	 lr:0.0004487	 Mean_Total:0.4614372
2021-11-27 11:08:52,721 -  1263 /  2109 (059%):	 Total:0.6796396	 Acc:0.1875000	 lr:0.0004463	 Mean_Total:0.4842625
2021-11-27 11:09:24,845 -  1684 /  2109 (079%):	 Total:0.6761239	 Acc:0.2812500	 lr:0.0004439	 Mean_Total:0.5272288
2021-11-27 11:09:57,667 -  2105 /  2109 (099%):	 Total:0.6213921	 Acc:0.3437500	 lr:0.0004416	 Mean_Total:0.5688178
2021-11-27 11:09:58,176 - ===============================| start validation |===============================
2021-11-27 11:10:08,812 - 	 Total:0.5442405	 Acc:0.2749733
2021-11-27 11:10:08,817 -    ini file updated    
2021-11-27 11:10:08,829 - Snapshot saved to /data/users/wergillius/UTR_VAE/pth/RL_gru_MTL/1_layer_model/human_k5-model_best_cv3.pth

2021-11-27 11:10:08,830 -    ini file updated    
2021-11-27 11:10:08,830 - ===============================|    epoch 19   |===============================
2021-11-27 11:10:09,755 -     0 /  2109 (000%):	 Total:0.2308755	 Acc:0.4687500	 lr:0.0004415	 Mean_Total:0.2308755
2021-11-27 11:10:43,282 -   421 /  2109 (019%):	 Total:0.2621855	 Acc:0.4062500	 lr:0.0004392	 Mean_Total:0.4177688
2021-11-27 11:11:16,365 -   842 /  2109 (039%):	 Total:0.8006037	 Acc:0.2812500	 lr:0.0004370	 Mean_Total:0.4399022
2021-11-27 11:11:49,099 -  1263 /  2109 (059%):	 Total:0.2866329	 Acc:0.2812500	 lr:0.0004347	 Mean_Total:0.4669258
2021-11-27 11:12:21,424 -  1684 /  2109 (079%):	 Total:0.3750381	 Acc:0.2812500	 lr:0.0004325	 Mean_Total:0.5142103
2021-11-27 11:12:53,673 -  2105 /  2109 (099%):	 Total:0.8890363	 Acc:0.2187500	 lr:0.0004304	 Mean_Total:0.5561219
2021-11-27 11:12:54,033 - ===============================| start validation |===============================
2021-11-27 11:13:04,926 - 	 Total:0.5428809	 Acc:0.2745726
2021-11-27 11:13:04,930 -    ini file updated    
2021-11-27 11:13:04,937 - Snapshot saved to /data/users/wergillius/UTR_VAE/pth/RL_gru_MTL/1_layer_model/human_k5-model_best_cv3.pth

2021-11-27 11:13:04,938 -    ini file updated    
2021-11-27 11:13:04,938 - ===============================|    epoch 20   |===============================
2021-11-27 11:13:05,791 -     0 /  2109 (000%):	 Total:0.2886764	 Acc:0.4375000	 lr:0.0004304	 Mean_Total:0.2886764
2021-11-27 11:13:37,683 -   421 /  2109 (019%):	 Total:0.3920864	 Acc:0.3437500	 lr:0.0004282	 Mean_Total:0.4116475
2021-11-27 11:14:10,236 -   842 /  2109 (039%):	 Total:0.4178158	 Acc:0.1875000	 lr:0.0004261	 Mean_Total:0.4355514
2021-11-27 11:14:41,162 -  1263 /  2109 (059%):	 Total:0.3732789	 Acc:0.3125000	 lr:0.0004241	 Mean_Total:0.4625570
2021-11-27 11:15:10,739 -  1684 /  2109 (079%):	 Total:0.6741537	 Acc:0.1875000	 lr:0.0004220	 Mean_Total:0.5093083
2021-11-27 11:15:42,115 -  2105 /  2109 (099%):	 Total:0.5591505	 Acc:0.2187500	 lr:0.0004200	 Mean_Total:0.5541454
2021-11-27 11:15:42,478 - ===============================| start validation |===============================
2021-11-27 11:15:51,909 - 	 Total:0.5348367	 Acc:0.2759081
2021-11-27 11:15:51,918 -    ini file updated    
2021-11-27 11:15:51,923 - Snapshot saved to /data/users/wergillius/UTR_VAE/pth/RL_gru_MTL/1_layer_model/human_k5-model_best_cv3.pth

2021-11-27 11:15:51,924 -    ini file updated    
2021-11-27 11:15:51,924 - ===============================|    epoch 21   |===============================
2021-11-27 11:15:52,705 -     0 /  2109 (000%):	 Total:0.2199578	 Acc:0.3437500	 lr:0.0004200	 Mean_Total:0.2199578
2021-11-27 11:16:25,131 -   421 /  2109 (019%):	 Total:0.4288738	 Acc:0.2500000	 lr:0.0004180	 Mean_Total:0.4087759
2021-11-27 11:16:56,778 -   842 /  2109 (039%):	 Total:0.5255460	 Acc:0.2812500	 lr:0.0004161	 Mean_Total:0.4318159
2021-11-27 11:17:29,979 -  1263 /  2109 (059%):	 Total:0.4854261	 Acc:0.2500000	 lr:0.0004141	 Mean_Total:0.4615557
2021-11-27 11:18:01,870 -  1684 /  2109 (079%):	 Total:0.6845621	 Acc:0.2187500	 lr:0.0004122	 Mean_Total:0.5090598
2021-11-27 11:18:34,157 -  2105 /  2109 (099%):	 Total:0.4974064	 Acc:0.2500000	 lr:0.0004104	 Mean_Total:0.5493235
2021-11-27 11:18:34,511 - ===============================| start validation |===============================
2021-11-27 11:18:44,866 - 	 Total:0.5324156	 Acc:0.2788462
2021-11-27 11:18:44,872 -    ini file updated    
2021-11-27 11:18:44,889 - Snapshot saved to /data/users/wergillius/UTR_VAE/pth/RL_gru_MTL/1_layer_model/human_k5-model_best_cv3.pth

2021-11-27 11:18:44,894 -    ini file updated    
2021-11-27 11:18:44,894 - ===============================|    epoch 22   |===============================
2021-11-27 11:18:45,687 -     0 /  2109 (000%):	 Total:0.3330175	 Acc:0.3125000	 lr:0.0004103	 Mean_Total:0.3330175
2021-11-27 11:19:19,277 -   421 /  2109 (019%):	 Total:0.3341011	 Acc:0.3750000	 lr:0.0004085	 Mean_Total:0.4013904
2021-11-27 11:19:53,026 -   842 /  2109 (039%):	 Total:0.3786919	 Acc:0.2812500	 lr:0.0004067	 Mean_Total:0.4285014
2021-11-27 11:20:26,169 -  1263 /  2109 (059%):	 Total:0.5004950	 Acc:0.4375000	 lr:0.0004049	 Mean_Total:0.4582837
2021-11-27 11:20:58,284 -  1684 /  2109 (079%):	 Total:0.5395620	 Acc:0.2812500	 lr:0.0004031	 Mean_Total:0.5041462
2021-11-27 11:21:29,875 -  2105 /  2109 (099%):	 Total:0.5403160	 Acc:0.2500000	 lr:0.0004013	 Mean_Total:0.5453523
2021-11-27 11:21:30,393 - ===============================| start validation |===============================
2021-11-27 11:21:40,567 - 	 Total:0.5338171	 Acc:0.2820513
2021-11-27 11:21:40,571 -    ini file updated    
2021-11-27 11:21:40,591 - Snapshot saved to /data/users/wergillius/UTR_VAE/pth/RL_gru_MTL/1_layer_model/human_k5-model_best_cv3.pth

2021-11-27 11:21:40,591 -    ini file updated    
2021-11-27 11:21:40,592 - ===============================|    epoch 23   |===============================
2021-11-27 11:21:41,432 -     0 /  2109 (000%):	 Total:0.7439685	 Acc:0.4062500	 lr:0.0004013	 Mean_Total:0.7439685
2021-11-27 11:22:13,463 -   421 /  2109 (019%):	 Total:0.2178612	 Acc:0.3125000	 lr:0.0003996	 Mean_Total:0.4054984
2021-11-27 11:22:47,436 -   842 /  2109 (039%):	 Total:0.2764244	 Acc:0.2812500	 lr:0.0003979	 Mean_Total:0.4284387
2021-11-27 11:23:19,420 -  1263 /  2109 (059%):	 Total:0.5667800	 Acc:0.3125000	 lr:0.0003962	 Mean_Total:0.4547868
2021-11-27 11:23:50,218 -  1684 /  2109 (079%):	 Total:0.7401030	 Acc:0.1875000	 lr:0.0003945	 Mean_Total:0.5019015
2021-11-27 11:24:21,555 -  2105 /  2109 (099%):	 Total:0.6156266	 Acc:0.2500000	 lr:0.0003929	 Mean_Total:0.5434232
2021-11-27 11:24:21,857 - ===============================| start validation |===============================
2021-11-27 11:24:32,146 - 	 Total:0.5280619	 Acc:0.2788462
2021-11-27 11:24:32,154 -    ini file updated    
2021-11-27 11:24:32,162 - Snapshot saved to /data/users/wergillius/UTR_VAE/pth/RL_gru_MTL/1_layer_model/human_k5-model_best_cv3.pth

2021-11-27 11:24:32,163 -    ini file updated    
2021-11-27 11:24:32,163 - ===============================|    epoch 24   |===============================
2021-11-27 11:24:32,866 -     0 /  2109 (000%):	 Total:0.4422628	 Acc:0.2187500	 lr:0.0003929	 Mean_Total:0.4422628
2021-11-27 11:25:06,423 -   421 /  2109 (019%):	 Total:0.5252446	 Acc:0.2187500	 lr:0.0003912	 Mean_Total:0.3958139
2021-11-27 11:25:38,978 -   842 /  2109 (039%):	 Total:0.4573554	 Acc:0.2812500	 lr:0.0003896	 Mean_Total:0.4196844
2021-11-27 11:26:11,387 -  1263 /  2109 (059%):	 Total:0.3643438	 Acc:0.1875000	 lr:0.0003881	 Mean_Total:0.4474561
2021-11-27 11:26:42,345 -  1684 /  2109 (079%):	 Total:0.9206353	 Acc:0.1250000	 lr:0.0003865	 Mean_Total:0.4971876
2021-11-27 11:27:13,713 -  2105 /  2109 (099%):	 Total:0.7096970	 Acc:0.3437500	 lr:0.0003849	 Mean_Total:0.5377810
2021-11-27 11:27:14,203 - ===============================| start validation |===============================
2021-11-27 11:27:24,252 - 	 Total:0.5199986	 Acc:0.2783120
2021-11-27 11:27:24,269 -    ini file updated    
2021-11-27 11:27:24,280 - Snapshot saved to /data/users/wergillius/UTR_VAE/pth/RL_gru_MTL/1_layer_model/human_k5-model_best_cv3.pth

2021-11-27 11:27:24,281 -    ini file updated    
2021-11-27 11:27:24,281 - ===============================|    epoch 25   |===============================
2021-11-27 11:27:25,283 -     0 /  2109 (000%):	 Total:0.2230104	 Acc:0.3437500	 lr:0.0003849	 Mean_Total:0.2230104
2021-11-27 11:27:57,999 -   421 /  2109 (019%):	 Total:0.5132035	 Acc:0.4062500	 lr:0.0003834	 Mean_Total:0.3877139
2021-11-27 11:28:29,827 -   842 /  2109 (039%):	 Total:0.6040646	 Acc:0.3125000	 lr:0.0003819	 Mean_Total:0.4151714
2021-11-27 11:29:02,188 -  1263 /  2109 (059%):	 Total:1.1062235	 Acc:0.2500000	 lr:0.0003804	 Mean_Total:0.4457426
2021-11-27 11:29:32,779 -  1684 /  2109 (079%):	 Total:0.3934762	 Acc:0.2187500	 lr:0.0003789	 Mean_Total:0.4904970
2021-11-27 11:30:04,391 -  2105 /  2109 (099%):	 Total:0.6676574	 Acc:0.2500000	 lr:0.0003775	 Mean_Total:0.5336146
2021-11-27 11:30:04,880 - ===============================| start validation |===============================
2021-11-27 11:30:15,360 - 	 Total:0.5125717	 Acc:0.2747062
2021-11-27 11:30:15,365 -    ini file updated    
2021-11-27 11:30:15,372 - Snapshot saved to /data/users/wergillius/UTR_VAE/pth/RL_gru_MTL/1_layer_model/human_k5-model_best_cv3.pth

2021-11-27 11:30:15,377 -    ini file updated    
2021-11-27 11:30:15,377 - ===============================|    epoch 26   |===============================
2021-11-27 11:30:16,303 -     0 /  2109 (000%):	 Total:0.2139280	 Acc:0.5000000	 lr:0.0003775	 Mean_Total:0.2139280
2021-11-27 11:30:47,573 -   421 /  2109 (019%):	 Total:0.3388002	 Acc:0.5625000	 lr:0.0003760	 Mean_Total:0.3833010
2021-11-27 11:31:18,855 -   842 /  2109 (039%):	 Total:0.4143759	 Acc:0.2812500	 lr:0.0003746	 Mean_Total:0.4134102
2021-11-27 11:31:47,703 -  1263 /  2109 (059%):	 Total:0.6067326	 Acc:0.3125000	 lr:0.0003732	 Mean_Total:0.4418453
2021-11-27 11:32:19,092 -  1684 /  2109 (079%):	 Total:0.3957266	 Acc:0.2187500	 lr:0.0003718	 Mean_Total:0.4884312
2021-11-27 11:32:51,370 -  2105 /  2109 (099%):	 Total:1.0146490	 Acc:0.2500000	 lr:0.0003704	 Mean_Total:0.5295190
2021-11-27 11:32:51,922 - ===============================| start validation |===============================
2021-11-27 11:33:02,992 - 	 Total:0.5095794	 Acc:0.2760417
2021-11-27 11:33:02,997 -    ini file updated    
2021-11-27 11:33:03,012 - Snapshot saved to /data/users/wergillius/UTR_VAE/pth/RL_gru_MTL/1_layer_model/human_k5-model_best_cv3.pth

2021-11-27 11:33:03,013 -    ini file updated    
2021-11-27 11:33:03,014 - ===============================|    epoch 27   |===============================
2021-11-27 11:33:03,790 -     0 /  2109 (000%):	 Total:0.2798193	 Acc:0.5000000	 lr:0.0003704	 Mean_Total:0.2798193
2021-11-27 11:33:36,649 -   421 /  2109 (019%):	 Total:0.7147380	 Acc:0.2187500	 lr:0.0003690	 Mean_Total:0.3846677
2021-11-27 11:34:09,844 -   842 /  2109 (039%):	 Total:0.2349495	 Acc:0.4062500	 lr:0.0003677	 Mean_Total:0.4121700
2021-11-27 11:34:41,658 -  1263 /  2109 (059%):	 Total:0.3296707	 Acc:0.1875000	 lr:0.0003664	 Mean_Total:0.4436609
2021-11-27 11:35:12,878 -  1684 /  2109 (079%):	 Total:0.4839202	 Acc:0.3125000	 lr:0.0003650	 Mean_Total:0.4893415
2021-11-27 11:35:43,850 -  2105 /  2109 (099%):	 Total:0.4476728	 Acc:0.3125000	 lr:0.0003637	 Mean_Total:0.5320364
2021-11-27 11:35:44,281 - ===============================| start validation |===============================
2021-11-27 11:35:52,985 - 	 Total:0.5119232	 Acc:0.2849893
2021-11-27 11:35:52,988 -    ini file updated    
2021-11-27 11:35:52,995 - Snapshot saved to /data/users/wergillius/UTR_VAE/pth/RL_gru_MTL/1_layer_model/human_k5-model_best_cv3.pth

2021-11-27 11:35:53,001 -    ini file updated    
2021-11-27 11:35:53,001 - ===============================|    epoch 28   |===============================
2021-11-27 11:35:53,943 -     0 /  2109 (000%):	 Total:0.4439456	 Acc:0.3125000	 lr:0.0003637	 Mean_Total:0.4439456
2021-11-27 11:36:25,596 -   421 /  2109 (019%):	 Total:0.3127144	 Acc:0.3437500	 lr:0.0003624	 Mean_Total:0.4463374
2021-11-27 11:36:57,314 -   842 /  2109 (039%):	 Total:0.6680319	 Acc:0.2500000	 lr:0.0003612	 Mean_Total:0.4460035
2021-11-27 11:37:27,709 -  1263 /  2109 (059%):	 Total:0.3207197	 Acc:0.3125000	 lr:0.0003599	 Mean_Total:0.4628578
2021-11-27 11:37:57,809 -  1684 /  2109 (079%):	 Total:0.9351500	 Acc:0.2187500	 lr:0.0003586	 Mean_Total:0.5027530
2021-11-27 11:38:29,424 -  2105 /  2109 (099%):	 Total:0.4836516	 Acc:0.2187500	 lr:0.0003574	 Mean_Total:0.5395574
2021-11-27 11:38:29,868 - ===============================| start validation |===============================
2021-11-27 11:38:40,016 - 	 Total:0.5050391	 Acc:0.2809829
2021-11-27 11:38:40,021 -    ini file updated    
2021-11-27 11:38:40,030 - Snapshot saved to /data/users/wergillius/UTR_VAE/pth/RL_gru_MTL/1_layer_model/human_k5-model_best_cv3.pth

2021-11-27 11:38:40,031 -    ini file updated    
2021-11-27 11:38:40,031 - ===============================|    epoch 29   |===============================
2021-11-27 11:38:40,871 -     0 /  2109 (000%):	 Total:0.1449292	 Acc:0.4062500	 lr:0.0003574	 Mean_Total:0.1449292
2021-11-27 11:39:12,488 -   421 /  2109 (019%):	 Total:0.3257083	 Acc:0.3125000	 lr:0.0003562	 Mean_Total:0.3915217
2021-11-27 11:39:44,118 -   842 /  2109 (039%):	 Total:0.3327718	 Acc:0.1875000	 lr:0.0003550	 Mean_Total:0.4161824
2021-11-27 11:40:15,506 -  1263 /  2109 (059%):	 Total:0.3710113	 Acc:0.1250000	 lr:0.0003538	 Mean_Total:0.4409876
2021-11-27 11:40:44,769 -  1684 /  2109 (079%):	 Total:0.3746542	 Acc:0.1875000	 lr:0.0003526	 Mean_Total:0.4850717
2021-11-27 11:41:13,532 -  2105 /  2109 (099%):	 Total:0.5000921	 Acc:0.3125000	 lr:0.0003514	 Mean_Total:0.5260252
2021-11-27 11:41:13,960 - ===============================| start validation |===============================
2021-11-27 11:41:25,723 - 	 Total:0.5018552	 Acc:0.2815171
2021-11-27 11:41:25,732 -    ini file updated    
2021-11-27 11:41:25,739 - Snapshot saved to /data/users/wergillius/UTR_VAE/pth/RL_gru_MTL/1_layer_model/human_k5-model_best_cv3.pth

2021-11-27 11:41:25,740 -    ini file updated    
2021-11-27 11:41:25,741 - ===============================|    epoch 30   |===============================
2021-11-27 11:41:26,606 -     0 /  2109 (000%):	 Total:0.3371796	 Acc:0.2812500	 lr:0.0003514	 Mean_Total:0.3371796
2021-11-27 11:42:02,585 -   421 /  2109 (019%):	 Total:0.2606564	 Acc:0.4062500	 lr:0.0003502	 Mean_Total:0.3790346
2021-11-27 11:42:34,555 -   842 /  2109 (039%):	 Total:0.5468943	 Acc:0.3125000	 lr:0.0003491	 Mean_Total:0.4054239
2021-11-27 11:43:06,328 -  1263 /  2109 (059%):	 Total:0.2907035	 Acc:0.2812500	 lr:0.0003479	 Mean_Total:0.4327957
2021-11-27 11:43:38,948 -  1684 /  2109 (079%):	 Total:0.6078309	 Acc:0.1875000	 lr:0.0003468	 Mean_Total:0.4785725
2021-11-27 11:44:08,340 -  2105 /  2109 (099%):	 Total:0.8864076	 Acc:0.2500000	 lr:0.0003457	 Mean_Total:0.5196407
2021-11-27 11:44:08,822 - ===============================| start validation |===============================
2021-11-27 11:44:18,724 - 	 Total:0.5057052	 Acc:0.2848558
2021-11-27 11:44:18,729 -    ini file updated    
2021-11-27 11:44:18,729 - ===============================|    epoch 31   |===============================
2021-11-27 11:44:19,565 -     0 /  2109 (000%):	 Total:0.3109583	 Acc:0.3125000	 lr:0.0003457	 Mean_Total:0.3109583
2021-11-27 11:44:50,235 -   421 /  2109 (019%):	 Total:0.3764414	 Acc:0.2812500	 lr:0.0003446	 Mean_Total:0.3752034
2021-11-27 11:45:19,568 -   842 /  2109 (039%):	 Total:0.4335364	 Acc:0.2500000	 lr:0.0003435	 Mean_Total:0.4020512
2021-11-27 11:45:50,192 -  1263 /  2109 (059%):	 Total:0.3034178	 Acc:0.1875000	 lr:0.0003424	 Mean_Total:0.4288659
2021-11-27 11:46:21,804 -  1684 /  2109 (079%):	 Total:0.4485155	 Acc:0.1562500	 lr:0.0003413	 Mean_Total:0.4769261
2021-11-27 11:46:52,059 -  2105 /  2109 (099%):	 Total:0.3906943	 Acc:0.1250000	 lr:0.0003402	 Mean_Total:0.5184268
2021-11-27 11:46:52,504 - ===============================| start validation |===============================
2021-11-27 11:47:02,435 - 	 Total:0.4974492	 Acc:0.2792468
2021-11-27 11:47:02,440 -    ini file updated    
2021-11-27 11:47:02,467 - Snapshot saved to /data/users/wergillius/UTR_VAE/pth/RL_gru_MTL/1_layer_model/human_k5-model_best_cv3.pth

2021-11-27 11:47:02,468 -    ini file updated    
2021-11-27 11:47:02,468 - ===============================|    epoch 32   |===============================
2021-11-27 11:47:03,273 -     0 /  2109 (000%):	 Total:0.2422185	 Acc:0.4062500	 lr:0.0003402	 Mean_Total:0.2422185
2021-11-27 11:47:36,237 -   421 /  2109 (019%):	 Total:0.1809871	 Acc:0.3125000	 lr:0.0003392	 Mean_Total:0.3746582
2021-11-27 11:48:09,415 -   842 /  2109 (039%):	 Total:0.5013450	 Acc:0.2812500	 lr:0.0003381	 Mean_Total:0.3994685
2021-11-27 11:48:36,866 -  1263 /  2109 (059%):	 Total:0.5990712	 Acc:0.3750000	 lr:0.0003371	 Mean_Total:0.4292171
2021-11-27 11:49:08,753 -  1684 /  2109 (079%):	 Total:0.7664475	 Acc:0.0937500	 lr:0.0003361	 Mean_Total:0.4756566
2021-11-27 11:49:39,522 -  2105 /  2109 (099%):	 Total:0.5693913	 Acc:0.2500000	 lr:0.0003350	 Mean_Total:0.5165417
2021-11-27 11:49:40,053 - ===============================| start validation |===============================
2021-11-27 11:49:49,923 - 	 Total:0.5013489	 Acc:0.2835203
2021-11-27 11:49:49,927 -    ini file updated    
2021-11-27 11:49:49,927 - ===============================|    epoch 33   |===============================
2021-11-27 11:49:50,636 -     0 /  2109 (000%):	 Total:0.2748503	 Acc:0.3437500	 lr:0.0003350	 Mean_Total:0.2748503
2021-11-27 11:50:20,913 -   421 /  2109 (019%):	 Total:0.1865939	 Acc:0.2500000	 lr:0.0003340	 Mean_Total:0.3667259
2021-11-27 11:50:53,275 -   842 /  2109 (039%):	 Total:0.3258020	 Acc:0.1875000	 lr:0.0003330	 Mean_Total:0.3987530
2021-11-27 11:51:24,553 -  1263 /  2109 (059%):	 Total:0.3623675	 Acc:0.1875000	 lr:0.0003320	 Mean_Total:0.4289147
2021-11-27 11:51:55,282 -  1684 /  2109 (079%):	 Total:0.7569472	 Acc:0.1250000	 lr:0.0003311	 Mean_Total:0.4729717
2021-11-27 11:52:25,431 -  2105 /  2109 (099%):	 Total:0.4801008	 Acc:0.2500000	 lr:0.0003301	 Mean_Total:0.5142988
2021-11-27 11:52:25,863 - ===============================| start validation |===============================
2021-11-27 11:52:36,587 - 	 Total:0.4933471	 Acc:0.2816506
2021-11-27 11:52:36,592 -    ini file updated    
2021-11-27 11:52:36,600 - Snapshot saved to /data/users/wergillius/UTR_VAE/pth/RL_gru_MTL/1_layer_model/human_k5-model_best_cv3.pth

2021-11-27 11:52:36,601 -    ini file updated    
2021-11-27 11:52:36,601 - ===============================|    epoch 34   |===============================
2021-11-27 11:52:37,408 -     0 /  2109 (000%):	 Total:0.2686186	 Acc:0.4375000	 lr:0.0003301	 Mean_Total:0.2686186
2021-11-27 11:53:08,644 -   421 /  2109 (019%):	 Total:0.3444889	 Acc:0.3437500	 lr:0.0003291	 Mean_Total:0.3670808
2021-11-27 11:53:42,118 -   842 /  2109 (039%):	 Total:0.6098880	 Acc:0.2812500	 lr:0.0003282	 Mean_Total:0.3932770
2021-11-27 11:54:15,179 -  1263 /  2109 (059%):	 Total:0.6055032	 Acc:0.2187500	 lr:0.0003272	 Mean_Total:0.4238318
2021-11-27 11:54:46,389 -  1684 /  2109 (079%):	 Total:0.5390571	 Acc:0.2187500	 lr:0.0003263	 Mean_Total:0.4704917
2021-11-27 11:55:18,915 -  2105 /  2109 (099%):	 Total:0.2955530	 Acc:0.2500000	 lr:0.0003253	 Mean_Total:0.5120332
2021-11-27 11:55:19,310 - ===============================| start validation |===============================
2021-11-27 11:55:31,985 - 	 Total:0.4934412	 Acc:0.2793803
2021-11-27 11:55:31,995 -    ini file updated    
2021-11-27 11:55:31,995 - ===============================|    epoch 35   |===============================
2021-11-27 11:55:32,719 -     0 /  2109 (000%):	 Total:0.4170185	 Acc:0.4687500	 lr:0.0003253	 Mean_Total:0.4170185
2021-11-27 11:56:06,713 -   421 /  2109 (019%):	 Total:0.3164135	 Acc:0.3750000	 lr:0.0003244	 Mean_Total:0.3642834
2021-11-27 11:56:41,114 -   842 /  2109 (039%):	 Total:0.2817137	 Acc:0.3437500	 lr:0.0003235	 Mean_Total:0.3930544
2021-11-27 11:57:13,902 -  1263 /  2109 (059%):	 Total:0.2672440	 Acc:0.2812500	 lr:0.0003226	 Mean_Total:0.4245336
2021-11-27 11:57:44,491 -  1684 /  2109 (079%):	 Total:0.9097435	 Acc:0.1250000	 lr:0.0003217	 Mean_Total:0.4695910
2021-11-27 11:58:15,495 -  2105 /  2109 (099%):	 Total:0.8882900	 Acc:0.2500000	 lr:0.0003208	 Mean_Total:0.5104677
2021-11-27 11:58:16,074 - ===============================| start validation |===============================
2021-11-27 11:58:26,461 - 	 Total:0.4972043	 Acc:0.2883280
2021-11-27 11:58:26,470 -    ini file updated    
2021-11-27 11:58:26,476 - Snapshot saved to /data/users/wergillius/UTR_VAE/pth/RL_gru_MTL/1_layer_model/human_k5-model_best_cv3.pth

2021-11-27 11:58:26,484 -    ini file updated    
2021-11-27 11:58:26,484 - ===============================|    epoch 36   |===============================
2021-11-27 11:58:27,323 -     0 /  2109 (000%):	 Total:0.4570754	 Acc:0.3750000	 lr:0.0003208	 Mean_Total:0.4570754
2021-11-27 11:58:58,157 -   421 /  2109 (019%):	 Total:0.2222868	 Acc:0.3437500	 lr:0.0003199	 Mean_Total:0.3617137
2021-11-27 11:59:30,702 -   842 /  2109 (039%):	 Total:0.6235501	 Acc:0.2500000	 lr:0.0003190	 Mean_Total:0.3934264
2021-11-27 12:00:02,689 -  1263 /  2109 (059%):	 Total:0.4130031	 Acc:0.0937500	 lr:0.0003181	 Mean_Total:0.4231456
2021-11-27 12:00:35,810 -  1684 /  2109 (079%):	 Total:0.5325225	 Acc:0.1562500	 lr:0.0003173	 Mean_Total:0.4688821
2021-11-27 12:01:07,916 -  2105 /  2109 (099%):	 Total:1.0487971	 Acc:0.2812500	 lr:0.0003164	 Mean_Total:0.5084436
2021-11-27 12:01:08,361 - ===============================| start validation |===============================
2021-11-27 12:01:17,477 - 	 Total:0.4920388	 Acc:0.2844551
2021-11-27 12:01:17,482 -    ini file updated    
2021-11-27 12:01:17,493 - Snapshot saved to /data/users/wergillius/UTR_VAE/pth/RL_gru_MTL/1_layer_model/human_k5-model_best_cv3.pth

2021-11-27 12:01:17,494 -    ini file updated    
2021-11-27 12:01:17,494 - ===============================|    epoch 37   |===============================
2021-11-27 12:01:18,237 -     0 /  2109 (000%):	 Total:0.1251361	 Acc:0.3750000	 lr:0.0003164	 Mean_Total:0.1251361
2021-11-27 12:01:50,671 -   421 /  2109 (019%):	 Total:0.3109894	 Acc:0.3437500	 lr:0.0003156	 Mean_Total:0.3599946
2021-11-27 12:02:22,453 -   842 /  2109 (039%):	 Total:0.2383153	 Acc:0.3750000	 lr:0.0003147	 Mean_Total:0.3853500
2021-11-27 12:02:54,259 -  1263 /  2109 (059%):	 Total:0.6485250	 Acc:0.3125000	 lr:0.0003139	 Mean_Total:0.4201124
2021-11-27 12:03:25,767 -  1684 /  2109 (079%):	 Total:0.8190259	 Acc:0.3437500	 lr:0.0003131	 Mean_Total:0.4670090
2021-11-27 12:03:55,190 -  2105 /  2109 (099%):	 Total:0.3536287	 Acc:0.2500000	 lr:0.0003122	 Mean_Total:0.5102494
2021-11-27 12:03:55,540 - ===============================| start validation |===============================
2021-11-27 12:04:04,774 - 	 Total:0.5118303	 Acc:0.2847222
2021-11-27 12:04:04,778 -    ini file updated    
2021-11-27 12:04:04,778 - ===============================|    epoch 38   |===============================
2021-11-27 12:04:05,828 -     0 /  2109 (000%):	 Total:0.1986691	 Acc:0.4375000	 lr:0.0003122	 Mean_Total:0.1986691
2021-11-27 12:04:38,623 -   421 /  2109 (019%):	 Total:0.1658355	 Acc:0.4375000	 lr:0.0003114	 Mean_Total:0.3693243
2021-11-27 12:05:10,657 -   842 /  2109 (039%):	 Total:0.4107669	 Acc:0.2187500	 lr:0.0003106	 Mean_Total:0.3947989
2021-11-27 12:05:41,372 -  1263 /  2109 (059%):	 Total:0.4403967	 Acc:0.2187500	 lr:0.0003098	 Mean_Total:0.4236691
2021-11-27 12:06:14,216 -  1684 /  2109 (079%):	 Total:0.8267232	 Acc:0.1562500	 lr:0.0003090	 Mean_Total:0.4666199
2021-11-27 12:06:47,183 -  2105 /  2109 (099%):	 Total:0.4113470	 Acc:0.2812500	 lr:0.0003082	 Mean_Total:0.5072480
2021-11-27 12:06:47,663 - ===============================| start validation |===============================
2021-11-27 12:06:57,980 - 	 Total:0.4931141	 Acc:0.2841880
2021-11-27 12:06:57,993 -    ini file updated    
2021-11-27 12:06:57,993 - ===============================|    epoch 39   |===============================
2021-11-27 12:06:58,860 -     0 /  2109 (000%):	 Total:0.3996833	 Acc:0.3750000	 lr:0.0003082	 Mean_Total:0.3996833
2021-11-27 12:07:30,884 -   421 /  2109 (019%):	 Total:0.2639166	 Acc:0.4687500	 lr:0.0003074	 Mean_Total:0.3615746
2021-11-27 12:08:03,783 -   842 /  2109 (039%):	 Total:0.3180586	 Acc:0.3125000	 lr:0.0003066	 Mean_Total:0.3878601
2021-11-27 12:08:37,400 -  1263 /  2109 (059%):	 Total:0.5507495	 Acc:0.3750000	 lr:0.0003059	 Mean_Total:0.4160033
2021-11-27 12:09:10,220 -  1684 /  2109 (079%):	 Total:0.5680686	 Acc:0.3437500	 lr:0.0003051	 Mean_Total:0.4633758
2021-11-27 12:09:43,709 -  2105 /  2109 (099%):	 Total:0.5942513	 Acc:0.2812500	 lr:0.0003043	 Mean_Total:0.5085612
2021-11-27 12:09:44,215 - ===============================| start validation |===============================
2021-11-27 12:09:54,756 - 	 Total:0.4904976	 Acc:0.2885951
2021-11-27 12:09:54,763 -    ini file updated    
2021-11-27 12:09:54,769 - Snapshot saved to /data/users/wergillius/UTR_VAE/pth/RL_gru_MTL/1_layer_model/human_k5-model_best_cv3.pth

2021-11-27 12:09:54,770 -    ini file updated    
2021-11-27 12:09:54,770 - ===============================|    epoch 40   |===============================
2021-11-27 12:09:55,687 -     0 /  2109 (000%):	 Total:0.7810385	 Acc:0.4687500	 lr:0.0003043	 Mean_Total:0.7810385
2021-11-27 12:10:28,805 -   421 /  2109 (019%):	 Total:0.3688292	 Acc:0.2812500	 lr:0.0003036	 Mean_Total:0.3551962
2021-11-27 12:11:02,079 -   842 /  2109 (039%):	 Total:0.5441787	 Acc:0.2812500	 lr:0.0003028	 Mean_Total:0.3854847
2021-11-27 12:11:35,444 -  1263 /  2109 (059%):	 Total:0.4801647	 Acc:0.1250000	 lr:0.0003021	 Mean_Total:0.4153942
2021-11-27 12:12:08,444 -  1684 /  2109 (079%):	 Total:0.6938953	 Acc:0.2187500	 lr:0.0003013	 Mean_Total:0.4619287
2021-11-27 12:12:40,863 -  2105 /  2109 (099%):	 Total:0.5959358	 Acc:0.2812500	 lr:0.0003006	 Mean_Total:0.5018202
2021-11-27 12:12:41,310 - ===============================| start validation |===============================
2021-11-27 12:12:51,114 - 	 Total:0.4857742	 Acc:0.2855235
2021-11-27 12:12:51,119 -    ini file updated    
2021-11-27 12:12:51,133 - Snapshot saved to /data/users/wergillius/UTR_VAE/pth/RL_gru_MTL/1_layer_model/human_k5-model_best_cv3.pth

2021-11-27 12:12:51,134 -    ini file updated    
2021-11-27 12:12:51,134 - ===============================|    epoch 41   |===============================
2021-11-27 12:12:51,806 -     0 /  2109 (000%):	 Total:0.3182216	 Acc:0.3437500	 lr:0.0003006	 Mean_Total:0.3182216
2021-11-27 12:13:24,912 -   421 /  2109 (019%):	 Total:0.3388994	 Acc:0.2812500	 lr:0.0002999	 Mean_Total:0.3530335
2021-11-27 12:13:58,388 -   842 /  2109 (039%):	 Total:0.9859099	 Acc:0.2500000	 lr:0.0002991	 Mean_Total:0.3830336
2021-11-27 12:14:28,659 -  1263 /  2109 (059%):	 Total:0.3734666	 Acc:0.3125000	 lr:0.0002984	 Mean_Total:0.4133864
2021-11-27 12:15:02,116 -  1684 /  2109 (079%):	 Total:1.0799108	 Acc:0.1250000	 lr:0.0002977	 Mean_Total:0.4601032
2021-11-27 12:15:32,888 -  2105 /  2109 (099%):	 Total:0.6759895	 Acc:0.2187500	 lr:0.0002970	 Mean_Total:0.5012130
2021-11-27 12:15:33,301 - ===============================| start validation |===============================
2021-11-27 12:15:43,716 - 	 Total:0.4850404	 Acc:0.2860577
2021-11-27 12:15:43,723 -    ini file updated    
2021-11-27 12:15:43,734 - Snapshot saved to /data/users/wergillius/UTR_VAE/pth/RL_gru_MTL/1_layer_model/human_k5-model_best_cv3.pth

2021-11-27 12:15:43,735 -    ini file updated    
2021-11-27 12:15:43,735 - ===============================|    epoch 42   |===============================
2021-11-27 12:15:44,621 -     0 /  2109 (000%):	 Total:0.2576666	 Acc:0.2812500	 lr:0.0002970	 Mean_Total:0.2576666
2021-11-27 12:16:15,712 -   421 /  2109 (019%):	 Total:0.2909929	 Acc:0.2187500	 lr:0.0002963	 Mean_Total:0.3580104
2021-11-27 12:16:45,942 -   842 /  2109 (039%):	 Total:0.7580093	 Acc:0.2500000	 lr:0.0002956	 Mean_Total:0.3867749
2021-11-27 12:17:16,655 -  1263 /  2109 (059%):	 Total:0.5865723	 Acc:0.2187500	 lr:0.0002949	 Mean_Total:0.4135876
2021-11-27 12:17:47,066 -  1684 /  2109 (079%):	 Total:0.2793833	 Acc:0.2812500	 lr:0.0002942	 Mean_Total:0.4593760
2021-11-27 12:18:19,845 -  2105 /  2109 (099%):	 Total:0.3649012	 Acc:0.2812500	 lr:0.0002935	 Mean_Total:0.5014396
2021-11-27 12:18:20,331 - ===============================| start validation |===============================
2021-11-27 12:18:31,251 - 	 Total:0.4847379	 Acc:0.2883280
2021-11-27 12:18:31,255 -    ini file updated    
2021-11-27 12:18:31,262 - Snapshot saved to /data/users/wergillius/UTR_VAE/pth/RL_gru_MTL/1_layer_model/human_k5-model_best_cv3.pth

2021-11-27 12:18:31,263 -    ini file updated    
2021-11-27 12:18:31,263 - ===============================|    epoch 43   |===============================
2021-11-27 12:18:32,021 -     0 /  2109 (000%):	 Total:0.2335811	 Acc:0.1562500	 lr:0.0002935	 Mean_Total:0.2335811
2021-11-27 12:19:02,165 -   421 /  2109 (019%):	 Total:0.4476463	 Acc:0.4062500	 lr:0.0002928	 Mean_Total:0.3556573
2021-11-27 12:19:33,838 -   842 /  2109 (039%):	 Total:0.2681998	 Acc:0.4375000	 lr:0.0002922	 Mean_Total:0.3811744
2021-11-27 12:20:04,466 -  1263 /  2109 (059%):	 Total:0.6029986	 Acc:0.2500000	 lr:0.0002915	 Mean_Total:0.4104664
2021-11-27 12:20:35,802 -  1684 /  2109 (079%):	 Total:0.4739967	 Acc:0.1250000	 lr:0.0002908	 Mean_Total:0.4568703
2021-11-27 12:21:06,726 -  2105 /  2109 (099%):	 Total:0.3342445	 Acc:0.2812500	 lr:0.0002902	 Mean_Total:0.4975988
2021-11-27 12:21:07,061 - ===============================| start validation |===============================
2021-11-27 12:21:17,546 - 	 Total:0.4830471	 Acc:0.2872596
2021-11-27 12:21:17,550 -    ini file updated    
2021-11-27 12:21:17,560 - Snapshot saved to /data/users/wergillius/UTR_VAE/pth/RL_gru_MTL/1_layer_model/human_k5-model_best_cv3.pth

2021-11-27 12:21:17,561 -    ini file updated    
2021-11-27 12:21:17,561 - ===============================|    epoch 44   |===============================
2021-11-27 12:21:18,245 -     0 /  2109 (000%):	 Total:0.2148772	 Acc:0.3125000	 lr:0.0002902	 Mean_Total:0.2148772
2021-11-27 12:21:50,786 -   421 /  2109 (019%):	 Total:0.1899377	 Acc:0.4062500	 lr:0.0002895	 Mean_Total:0.3568322
2021-11-27 12:22:24,880 -   842 /  2109 (039%):	 Total:0.8974649	 Acc:0.3125000	 lr:0.0002888	 Mean_Total:0.3823357
2021-11-27 12:22:58,629 -  1263 /  2109 (059%):	 Total:0.2887939	 Acc:0.2812500	 lr:0.0002882	 Mean_Total:0.4122590
2021-11-27 12:23:30,935 -  1684 /  2109 (079%):	 Total:0.2005543	 Acc:0.3437500	 lr:0.0002876	 Mean_Total:0.4581980
2021-11-27 12:24:01,449 -  2105 /  2109 (099%):	 Total:0.4030002	 Acc:0.2500000	 lr:0.0002869	 Mean_Total:0.4984236
2021-11-27 12:24:01,948 - ===============================| start validation |===============================
2021-11-27 12:24:11,993 - 	 Total:0.4814828	 Acc:0.2879274
2021-11-27 12:24:11,997 -    ini file updated    
2021-11-27 12:24:12,009 - Snapshot saved to /data/users/wergillius/UTR_VAE/pth/RL_gru_MTL/1_layer_model/human_k5-model_best_cv3.pth

2021-11-27 12:24:12,010 -    ini file updated    
2021-11-27 12:24:12,010 - ===============================|    epoch 45   |===============================
2021-11-27 12:24:13,015 -     0 /  2109 (000%):	 Total:0.3133276	 Acc:0.4062500	 lr:0.0002869	 Mean_Total:0.3133276
2021-11-27 12:24:44,321 -   421 /  2109 (019%):	 Total:0.4461133	 Acc:0.4375000	 lr:0.0002863	 Mean_Total:0.3565293
2021-11-27 12:25:16,921 -   842 /  2109 (039%):	 Total:0.2296283	 Acc:0.3750000	 lr:0.0002856	 Mean_Total:0.3803542
2021-11-27 12:25:49,124 -  1263 /  2109 (059%):	 Total:0.7348446	 Acc:0.1250000	 lr:0.0002850	 Mean_Total:0.4125692
2021-11-27 12:26:21,018 -  1684 /  2109 (079%):	 Total:0.4664977	 Acc:0.3125000	 lr:0.0002844	 Mean_Total:0.4561800
2021-11-27 12:26:51,975 -  2105 /  2109 (099%):	 Total:0.5179065	 Acc:0.3437500	 lr:0.0002838	 Mean_Total:0.4970740
2021-11-27 12:26:52,425 - ===============================| start validation |===============================
2021-11-27 12:27:01,264 - 	 Total:0.4810499	 Acc:0.2816506
2021-11-27 12:27:01,268 -    ini file updated    
2021-11-27 12:27:01,275 - Snapshot saved to /data/users/wergillius/UTR_VAE/pth/RL_gru_MTL/1_layer_model/human_k5-model_best_cv3.pth

2021-11-27 12:27:01,276 -    ini file updated    
2021-11-27 12:27:01,276 - ===============================|    epoch 46   |===============================
2021-11-27 12:27:02,121 -     0 /  2109 (000%):	 Total:0.2574424	 Acc:0.1250000	 lr:0.0002838	 Mean_Total:0.2574424
2021-11-27 12:27:33,855 -   421 /  2109 (019%):	 Total:0.3359750	 Acc:0.6250000	 lr:0.0002832	 Mean_Total:0.3549055
2021-11-27 12:28:04,287 -   842 /  2109 (039%):	 Total:0.8494787	 Acc:0.3750000	 lr:0.0002826	 Mean_Total:0.3853791
2021-11-27 12:28:35,491 -  1263 /  2109 (059%):	 Total:0.3940144	 Acc:0.3125000	 lr:0.0002819	 Mean_Total:0.4120711
2021-11-27 12:29:09,086 -  1684 /  2109 (079%):	 Total:0.7917532	 Acc:0.1250000	 lr:0.0002813	 Mean_Total:0.4567838
2021-11-27 12:29:40,482 -  2105 /  2109 (099%):	 Total:0.8781632	 Acc:0.1875000	 lr:0.0002807	 Mean_Total:0.4971310
2021-11-27 12:29:40,872 - ===============================| start validation |===============================
2021-11-27 12:29:50,454 - 	 Total:0.4896060	 Acc:0.2928686
2021-11-27 12:29:50,459 -    ini file updated    
2021-11-27 12:29:50,473 - Snapshot saved to /data/users/wergillius/UTR_VAE/pth/RL_gru_MTL/1_layer_model/human_k5-model_best_cv3.pth

2021-11-27 12:29:50,473 -    ini file updated    
2021-11-27 12:29:50,474 - ===============================|    epoch 47   |===============================
2021-11-27 12:29:51,231 -     0 /  2109 (000%):	 Total:0.2860036	 Acc:0.4375000	 lr:0.0002807	 Mean_Total:0.2860036
2021-11-27 12:30:22,975 -   421 /  2109 (019%):	 Total:0.3119543	 Acc:0.4062500	 lr:0.0002801	 Mean_Total:0.3554690
2021-11-27 12:30:55,056 -   842 /  2109 (039%):	 Total:0.3589399	 Acc:0.2500000	 lr:0.0002796	 Mean_Total:0.3778687
2021-11-27 12:31:27,675 -  1263 /  2109 (059%):	 Total:0.5461390	 Acc:0.2500000	 lr:0.0002790	 Mean_Total:0.4080495
2021-11-27 12:32:01,234 -  1684 /  2109 (079%):	 Total:0.6160307	 Acc:0.0625000	 lr:0.0002784	 Mean_Total:0.4553915
2021-11-27 12:32:32,006 -  2105 /  2109 (099%):	 Total:1.0586865	 Acc:0.2187500	 lr:0.0002778	 Mean_Total:0.4944298
2021-11-27 12:32:32,432 - ===============================| start validation |===============================
2021-11-27 12:32:42,353 - 	 Total:0.4785727	 Acc:0.2905983
2021-11-27 12:32:42,357 -    ini file updated    
2021-11-27 12:32:42,362 - Snapshot saved to /data/users/wergillius/UTR_VAE/pth/RL_gru_MTL/1_layer_model/human_k5-model_best_cv3.pth

2021-11-27 12:32:42,363 -    ini file updated    
2021-11-27 12:32:42,363 - ===============================|    epoch 48   |===============================
2021-11-27 12:32:43,115 -     0 /  2109 (000%):	 Total:0.2538263	 Acc:0.3750000	 lr:0.0002778	 Mean_Total:0.2538263
2021-11-27 12:33:14,138 -   421 /  2109 (019%):	 Total:0.3684719	 Acc:0.3125000	 lr:0.0002772	 Mean_Total:0.3513841
2021-11-27 12:33:43,516 -   842 /  2109 (039%):	 Total:0.4681476	 Acc:0.2187500	 lr:0.0002767	 Mean_Total:0.3765837
2021-11-27 12:34:11,675 -  1263 /  2109 (059%):	 Total:0.4234603	 Acc:0.1562500	 lr:0.0002761	 Mean_Total:0.4069392
2021-11-27 12:34:42,594 -  1684 /  2109 (079%):	 Total:0.8154082	 Acc:0.2187500	 lr:0.0002755	 Mean_Total:0.4529790
2021-11-27 12:35:13,221 -  2105 /  2109 (099%):	 Total:0.4852450	 Acc:0.2187500	 lr:0.0002750	 Mean_Total:0.4938428
2021-11-27 12:35:13,628 - ===============================| start validation |===============================
2021-11-27 12:35:22,998 - 	 Total:0.4753695	 Acc:0.2876603
2021-11-27 12:35:23,003 -    ini file updated    
2021-11-27 12:35:23,010 - Snapshot saved to /data/users/wergillius/UTR_VAE/pth/RL_gru_MTL/1_layer_model/human_k5-model_best_cv3.pth

2021-11-27 12:35:23,010 -    ini file updated    
2021-11-27 12:35:23,011 - ===============================|    epoch 49   |===============================
2021-11-27 12:35:23,758 -     0 /  2109 (000%):	 Total:0.2371831	 Acc:0.3437500	 lr:0.0002750	 Mean_Total:0.2371831
2021-11-27 12:35:53,861 -   421 /  2109 (019%):	 Total:0.4209307	 Acc:0.4062500	 lr:0.0002744	 Mean_Total:0.3494476
2021-11-27 12:36:25,244 -   842 /  2109 (039%):	 Total:0.1589475	 Acc:0.3750000	 lr:0.0002738	 Mean_Total:0.3756181
2021-11-27 12:36:55,061 -  1263 /  2109 (059%):	 Total:0.7683261	 Acc:0.1562500	 lr:0.0002733	 Mean_Total:0.4061067
2021-11-27 12:37:26,683 -  1684 /  2109 (079%):	 Total:0.7419747	 Acc:0.2187500	 lr:0.0002727	 Mean_Total:0.4527589
2021-11-27 12:37:56,408 -  2105 /  2109 (099%):	 Total:0.4338046	 Acc:0.3125000	 lr:0.0002722	 Mean_Total:0.4915740
2021-11-27 12:37:56,777 - ===============================| start validation |===============================
2021-11-27 12:38:06,962 - 	 Total:0.4818971	 Acc:0.2903312
2021-11-27 12:38:06,967 -    ini file updated    
2021-11-27 12:38:06,967 - ===============================|    epoch 50   |===============================
2021-11-27 12:38:07,825 -     0 /  2109 (000%):	 Total:0.3238198	 Acc:0.2500000	 lr:0.0002722	 Mean_Total:0.3238198
2021-11-27 12:38:38,460 -   421 /  2109 (019%):	 Total:0.3244492	 Acc:0.5312500	 lr:0.0002716	 Mean_Total:0.3471806
2021-11-27 12:39:07,465 -   842 /  2109 (039%):	 Total:0.2941814	 Acc:0.2500000	 lr:0.0002711	 Mean_Total:0.3767808
2021-11-27 12:39:39,288 -  1263 /  2109 (059%):	 Total:0.4454656	 Acc:0.3437500	 lr:0.0002706	 Mean_Total:0.4064867
2021-11-27 12:40:09,476 -  1684 /  2109 (079%):	 Total:0.3631173	 Acc:0.2500000	 lr:0.0002700	 Mean_Total:0.4522009
2021-11-27 12:40:39,570 -  2105 /  2109 (099%):	 Total:0.5479419	 Acc:0.3125000	 lr:0.0002695	 Mean_Total:0.4907730
2021-11-27 12:40:39,920 - ===============================| start validation |===============================
2021-11-27 12:40:48,659 - 	 Total:0.4843454	 Acc:0.2939370
2021-11-27 12:40:48,663 -    ini file updated    
2021-11-27 12:40:48,675 - Snapshot saved to /data/users/wergillius/UTR_VAE/pth/RL_gru_MTL/1_layer_model/human_k5-model_best_cv3.pth

2021-11-27 12:40:48,676 -    ini file updated    
2021-11-27 12:40:48,676 - ===============================|    epoch 51   |===============================
2021-11-27 12:40:49,428 -     0 /  2109 (000%):	 Total:0.2193980	 Acc:0.5000000	 lr:0.0002695	 Mean_Total:0.2193980
2021-11-27 12:41:21,545 -   421 /  2109 (019%):	 Total:0.2403098	 Acc:0.4062500	 lr:0.0002690	 Mean_Total:0.3479670
2021-11-27 12:41:57,461 -   842 /  2109 (039%):	 Total:0.3932172	 Acc:0.1875000	 lr:0.0002685	 Mean_Total:0.3740896
2021-11-27 12:42:32,776 -  1263 /  2109 (059%):	 Total:0.2954762	 Acc:0.2500000	 lr:0.0002679	 Mean_Total:0.4041363
2021-11-27 12:43:06,789 -  1684 /  2109 (079%):	 Total:0.5052759	 Acc:0.2500000	 lr:0.0002674	 Mean_Total:0.4504483
2021-11-27 12:43:38,655 -  2105 /  2109 (099%):	 Total:0.5288185	 Acc:0.2187500	 lr:0.0002669	 Mean_Total:0.4905228
2021-11-27 12:43:39,198 - ===============================| start validation |===============================
2021-11-27 12:43:49,622 - 	 Total:0.4766387	 Acc:0.2900641
2021-11-27 12:43:49,630 -    ini file updated    
2021-11-27 12:43:49,633 - ===============================|    epoch 52   |===============================
2021-11-27 12:43:50,535 -     0 /  2109 (000%):	 Total:0.2942861	 Acc:0.4375000	 lr:0.0002669	 Mean_Total:0.2942861
2021-11-27 12:44:23,894 -   421 /  2109 (019%):	 Total:0.2603227	 Acc:0.2812500	 lr:0.0002664	 Mean_Total:0.3435239
2021-11-27 12:44:55,345 -   842 /  2109 (039%):	 Total:0.3796263	 Acc:0.3750000	 lr:0.0002659	 Mean_Total:0.3730765
2021-11-27 12:45:27,579 -  1263 /  2109 (059%):	 Total:0.3943462	 Acc:0.1875000	 lr:0.0002654	 Mean_Total:0.4030520
2021-11-27 12:45:58,620 -  1684 /  2109 (079%):	 Total:0.8173035	 Acc:0.1875000	 lr:0.0002649	 Mean_Total:0.4494654
2021-11-27 12:46:30,039 -  2105 /  2109 (099%):	 Total:0.5300826	 Acc:0.2812500	 lr:0.0002644	 Mean_Total:0.4898258
2021-11-27 12:46:30,417 - ===============================| start validation |===============================
2021-11-27 12:46:40,951 - 	 Total:0.4785048	 Acc:0.2884615
2021-11-27 12:46:40,955 -    ini file updated    
2021-11-27 12:46:40,956 - ===============================|    epoch 53   |===============================
2021-11-27 12:46:41,666 -     0 /  2109 (000%):	 Total:0.6309522	 Acc:0.3437500	 lr:0.0002644	 Mean_Total:0.6309522
2021-11-27 12:47:13,824 -   421 /  2109 (019%):	 Total:0.2212707	 Acc:0.4062500	 lr:0.0002639	 Mean_Total:0.3464933
2021-11-27 12:47:44,419 -   842 /  2109 (039%):	 Total:0.2788219	 Acc:0.3125000	 lr:0.0002634	 Mean_Total:0.3702531
2021-11-27 12:48:15,742 -  1263 /  2109 (059%):	 Total:0.7144293	 Acc:0.3125000	 lr:0.0002629	 Mean_Total:0.4039703
2021-11-27 12:48:46,430 -  1684 /  2109 (079%):	 Total:0.4108517	 Acc:0.2500000	 lr:0.0002624	 Mean_Total:0.4483901
2021-11-27 12:49:17,273 -  2105 /  2109 (099%):	 Total:0.9946610	 Acc:0.2500000	 lr:0.0002619	 Mean_Total:0.4884560
2021-11-27 12:49:17,674 - ===============================| start validation |===============================
2021-11-27 12:49:27,394 - 	 Total:0.4747071	 Acc:0.2919338
2021-11-27 12:49:27,401 -    ini file updated    
2021-11-27 12:49:27,420 - Snapshot saved to /data/users/wergillius/UTR_VAE/pth/RL_gru_MTL/1_layer_model/human_k5-model_best_cv3.pth

2021-11-27 12:49:27,421 -    ini file updated    
2021-11-27 12:49:27,421 - ===============================|    epoch 54   |===============================
2021-11-27 12:49:28,077 -     0 /  2109 (000%):	 Total:0.3101361	 Acc:0.2187500	 lr:0.0002619	 Mean_Total:0.3101361
2021-11-27 12:50:00,840 -   421 /  2109 (019%):	 Total:0.2544653	 Acc:0.3125000	 lr:0.0002614	 Mean_Total:0.3436405
2021-11-27 12:50:32,166 -   842 /  2109 (039%):	 Total:0.5107479	 Acc:0.4062500	 lr:0.0002610	 Mean_Total:0.3715553
2021-11-27 12:51:05,179 -  1263 /  2109 (059%):	 Total:0.4209398	 Acc:0.3750000	 lr:0.0002605	 Mean_Total:0.4029309
2021-11-27 12:51:36,682 -  1684 /  2109 (079%):	 Total:1.0313370	 Acc:0.1875000	 lr:0.0002600	 Mean_Total:0.4474380
2021-11-27 12:52:10,231 -  2105 /  2109 (099%):	 Total:0.2976328	 Acc:0.2812500	 lr:0.0002595	 Mean_Total:0.4877441
2021-11-27 12:52:10,639 - ===============================| start validation |===============================
2021-11-27 12:52:20,094 - 	 Total:0.4718476	 Acc:0.2879274
2021-11-27 12:52:20,099 -    ini file updated    
2021-11-27 12:52:20,114 - Snapshot saved to /data/users/wergillius/UTR_VAE/pth/RL_gru_MTL/1_layer_model/human_k5-model_best_cv3.pth

2021-11-27 12:52:20,115 -    ini file updated    
2021-11-27 12:52:20,115 - ===============================|    epoch 55   |===============================
2021-11-27 12:52:20,991 -     0 /  2109 (000%):	 Total:0.1393068	 Acc:0.5000000	 lr:0.0002595	 Mean_Total:0.1393068
2021-11-27 12:52:50,883 -   421 /  2109 (019%):	 Total:0.4707116	 Acc:0.3125000	 lr:0.0002591	 Mean_Total:0.3376288
2021-11-27 12:53:21,394 -   842 /  2109 (039%):	 Total:0.3953606	 Acc:0.2812500	 lr:0.0002586	 Mean_Total:0.3676584
2021-11-27 12:53:53,071 -  1263 /  2109 (059%):	 Total:0.8408611	 Acc:0.2500000	 lr:0.0002581	 Mean_Total:0.4004744
2021-11-27 12:54:23,791 -  1684 /  2109 (079%):	 Total:0.6445144	 Acc:0.1250000	 lr:0.0002577	 Mean_Total:0.4456327
2021-11-27 12:54:54,168 -  2105 /  2109 (099%):	 Total:0.5566255	 Acc:0.3750000	 lr:0.0002572	 Mean_Total:0.4861577
2021-11-27 12:54:54,564 - ===============================| start validation |===============================
2021-11-27 12:55:03,780 - 	 Total:0.4721472	 Acc:0.2859241
2021-11-27 12:55:03,787 -    ini file updated    
2021-11-27 12:55:03,787 - ===============================|    epoch 56   |===============================
2021-11-27 12:55:04,559 -     0 /  2109 (000%):	 Total:0.1847649	 Acc:0.4375000	 lr:0.0002572	 Mean_Total:0.1847649
2021-11-27 12:55:36,324 -   421 /  2109 (019%):	 Total:0.2931522	 Acc:0.3125000	 lr:0.0002567	 Mean_Total:0.3443588
2021-11-27 12:56:07,049 -   842 /  2109 (039%):	 Total:0.3468747	 Acc:0.2187500	 lr:0.0002563	 Mean_Total:0.3703566
2021-11-27 12:56:37,539 -  1263 /  2109 (059%):	 Total:0.3592355	 Acc:0.3125000	 lr:0.0002558	 Mean_Total:0.4004187
2021-11-27 12:57:09,062 -  1684 /  2109 (079%):	 Total:0.2770149	 Acc:0.2500000	 lr:0.0002554	 Mean_Total:0.4457038
2021-11-27 12:57:39,720 -  2105 /  2109 (099%):	 Total:0.2921374	 Acc:0.3750000	 lr:0.0002549	 Mean_Total:0.4871291
2021-11-27 12:57:40,274 - ===============================| start validation |===============================
2021-11-27 12:57:50,254 - 	 Total:0.4767852	 Acc:0.2924679
2021-11-27 12:57:50,263 -    ini file updated    
2021-11-27 12:57:50,263 - ===============================|    epoch 57   |===============================
2021-11-27 12:57:51,268 -     0 /  2109 (000%):	 Total:0.1679151	 Acc:0.5312500	 lr:0.0002549	 Mean_Total:0.1679151
2021-11-27 12:58:23,090 -   421 /  2109 (019%):	 Total:0.3636732	 Acc:0.1875000	 lr:0.0002545	 Mean_Total:0.3449948
2021-11-27 12:58:54,018 -   842 /  2109 (039%):	 Total:0.4261207	 Acc:0.3750000	 lr:0.0002540	 Mean_Total:0.3713198
2021-11-27 12:59:25,188 -  1263 /  2109 (059%):	 Total:0.3771657	 Acc:0.2187500	 lr:0.0002536	 Mean_Total:0.3985832
2021-11-27 12:59:53,566 -  1684 /  2109 (079%):	 Total:0.4662167	 Acc:0.1875000	 lr:0.0002532	 Mean_Total:0.4450931
2021-11-27 13:00:24,541 -  2105 /  2109 (099%):	 Total:0.5853275	 Acc:0.2812500	 lr:0.0002527	 Mean_Total:0.4844889
2021-11-27 13:00:24,943 - ===============================| start validation |===============================
2021-11-27 13:00:35,064 - 	 Total:0.4706676	 Acc:0.2950053
2021-11-27 13:00:35,069 -    ini file updated    
2021-11-27 13:00:35,077 - Snapshot saved to /data/users/wergillius/UTR_VAE/pth/RL_gru_MTL/1_layer_model/human_k5-model_best_cv3.pth

2021-11-27 13:00:35,080 -    ini file updated    
2021-11-27 13:00:35,080 - ===============================|    epoch 58   |===============================
2021-11-27 13:00:35,821 -     0 /  2109 (000%):	 Total:0.2553560	 Acc:0.3750000	 lr:0.0002527	 Mean_Total:0.2553560
2021-11-27 13:01:06,508 -   421 /  2109 (019%):	 Total:0.4039027	 Acc:0.3437500	 lr:0.0002523	 Mean_Total:0.3383336
2021-11-27 13:01:37,379 -   842 /  2109 (039%):	 Total:0.2932792	 Acc:0.3437500	 lr:0.0002519	 Mean_Total:0.3707058
2021-11-27 13:02:09,373 -  1263 /  2109 (059%):	 Total:0.9850807	 Acc:0.2812500	 lr:0.0002514	 Mean_Total:0.3991395
2021-11-27 13:02:39,630 -  1684 /  2109 (079%):	 Total:0.6410877	 Acc:0.2187500	 lr:0.0002510	 Mean_Total:0.4472683
2021-11-27 13:03:11,292 -  2105 /  2109 (099%):	 Total:1.0251905	 Acc:0.2187500	 lr:0.0002506	 Mean_Total:0.4867506
2021-11-27 13:03:11,760 - ===============================| start validation |===============================
2021-11-27 13:03:21,607 - 	 Total:0.4707658	 Acc:0.2905983
2021-11-27 13:03:21,624 -    ini file updated    
2021-11-27 13:03:21,625 - ===============================|    epoch 59   |===============================
2021-11-27 13:03:22,462 -     0 /  2109 (000%):	 Total:0.2978877	 Acc:0.3125000	 lr:0.0002506	 Mean_Total:0.2978877
2021-11-27 13:03:55,213 -   421 /  2109 (019%):	 Total:0.4166827	 Acc:0.2187500	 lr:0.0002501	 Mean_Total:0.3380883
2021-11-27 13:04:27,539 -   842 /  2109 (039%):	 Total:0.8464613	 Acc:0.2500000	 lr:0.0002497	 Mean_Total:0.3667311
2021-11-27 13:04:57,661 -  1263 /  2109 (059%):	 Total:0.3519718	 Acc:0.2812500	 lr:0.0002493	 Mean_Total:0.3964606
2021-11-27 13:05:29,926 -  1684 /  2109 (079%):	 Total:1.4541992	 Acc:0.1250000	 lr:0.0002489	 Mean_Total:0.4432927
2021-11-27 13:05:59,097 -  2105 /  2109 (099%):	 Total:0.9606638	 Acc:0.2500000	 lr:0.0002485	 Mean_Total:0.4817857
2021-11-27 13:05:59,545 - ===============================| start validation |===============================
2021-11-27 13:06:09,581 - 	 Total:0.4715565	 Acc:0.2881944
2021-11-27 13:06:09,588 -    ini file updated    
2021-11-27 13:06:09,588 - ===============================|    epoch 60   |===============================
2021-11-27 13:06:10,417 -     0 /  2109 (000%):	 Total:0.6923094	 Acc:0.3437500	 lr:0.0002485	 Mean_Total:0.6923094
2021-11-27 13:06:39,030 -   421 /  2109 (019%):	 Total:0.2970010	 Acc:0.3437500	 lr:0.0002481	 Mean_Total:0.3387511
2021-11-27 13:07:00,534 -   842 /  2109 (039%):	 Total:0.3128649	 Acc:0.3437500	 lr:0.0002477	 Mean_Total:0.3660131
2021-11-27 13:07:18,590 -  1263 /  2109 (059%):	 Total:0.3317319	 Acc:0.2500000	 lr:0.0002472	 Mean_Total:0.3958309
2021-11-27 13:07:33,344 -  1684 /  2109 (079%):	 Total:0.6981415	 Acc:0.1562500	 lr:0.0002468	 Mean_Total:0.4411263
2021-11-27 13:07:49,340 -  2105 /  2109 (099%):	 Total:0.9471539	 Acc:0.2500000	 lr:0.0002464	 Mean_Total:0.4801538
2021-11-27 13:07:49,635 - ===============================| start validation |===============================
2021-11-27 13:07:54,962 - 	 Total:0.4696325	 Acc:0.2848558
2021-11-27 13:07:54,967 -    ini file updated    
2021-11-27 13:07:54,979 - Snapshot saved to /data/users/wergillius/UTR_VAE/pth/RL_gru_MTL/1_layer_model/human_k5-model_best_cv3.pth

2021-11-27 13:07:54,980 -    ini file updated    
