2021-11-25 20:53:21,981 -   	 	 ==============<<< device used: cuda:2  >>>============== 	 	 
2021-11-25 20:53:28,265 - ===============================|    epoch 0   |===============================
2021-11-25 20:53:28,788 -     0 /  2109 (000%):	 Total:35.2571945	 Acc:0.0000000	 lr:0.0009882	 Mean_Total:35.2571945
2021-11-25 20:53:35,447 -   421 /  2109 (019%):	 Total:0.8332449	 Acc:0.1875000	 lr:0.0043027	 Mean_Total:1.5754230
2021-11-25 20:53:42,361 -   842 /  2109 (039%):	 Total:0.9388429	 Acc:0.3750000	 lr:0.0030443	 Mean_Total:1.3194938
2021-11-25 20:53:49,255 -  1263 /  2109 (059%):	 Total:0.8769935	 Acc:0.0937500	 lr:0.0024861	 Mean_Total:1.2151560
2021-11-25 20:53:56,234 -  1684 /  2109 (079%):	 Total:0.8012183	 Acc:0.1875000	 lr:0.0021533	 Mean_Total:1.1937619
2021-11-25 20:54:03,292 -  2105 /  2109 (099%):	 Total:1.2490280	 Acc:0.1562500	 lr:0.0019260	 Mean_Total:1.1940358
2021-11-25 20:54:03,516 - ===============================| start validation |===============================
2021-11-25 20:54:05,879 - 	 Total:0.9838317	 Acc:0.2174145
2021-11-25 20:54:05,884 -    ini file updated    
2021-11-25 20:54:05,891 - Snapshot saved to /data/users/wergillius/UTR_VAE/pth/RL_gru_MTL/1_layer_model/human_k5-model_best_cv2.pth

2021-11-25 20:54:05,891 -    ini file updated    
2021-11-25 20:54:05,891 - ===============================|    epoch 1   |===============================
2021-11-25 20:54:06,471 -     0 /  2109 (000%):	 Total:1.0607114	 Acc:0.2500000	 lr:0.0019242	 Mean_Total:1.0607114
2021-11-25 20:54:14,627 -   421 /  2109 (019%):	 Total:1.1376789	 Acc:0.1875000	 lr:0.0017569	 Mean_Total:0.9065002
2021-11-25 20:54:23,613 -   842 /  2109 (039%):	 Total:0.5302650	 Acc:0.3750000	 lr:0.0016268	 Mean_Total:0.9146423
2021-11-25 20:54:33,122 -  1263 /  2109 (059%):	 Total:0.5083668	 Acc:0.1875000	 lr:0.0015219	 Mean_Total:0.9187891
2021-11-25 20:54:42,832 -  1684 /  2109 (079%):	 Total:0.9581035	 Acc:0.2187500	 lr:0.0014350	 Mean_Total:0.9497271
2021-11-25 20:54:52,747 -  2105 /  2109 (099%):	 Total:0.9459279	 Acc:0.2500000	 lr:0.0013614	 Mean_Total:0.9853475
2021-11-25 20:54:52,968 - ===============================| start validation |===============================
2021-11-25 20:54:56,083 - 	 Total:0.9852622	 Acc:0.2227564
2021-11-25 20:54:56,088 -    ini file updated    
2021-11-25 20:54:56,094 - Snapshot saved to /data/users/wergillius/UTR_VAE/pth/RL_gru_MTL/1_layer_model/human_k5-model_best_cv2.pth

2021-11-25 20:54:56,095 -    ini file updated    
2021-11-25 20:54:56,095 - ===============================|    epoch 2   |===============================
2021-11-25 20:54:56,701 -     0 /  2109 (000%):	 Total:0.4824210	 Acc:0.1875000	 lr:0.0013608	 Mean_Total:0.4824210
2021-11-25 20:55:06,565 -   421 /  2109 (019%):	 Total:0.8775862	 Acc:0.2500000	 lr:0.0012976	 Mean_Total:0.8444354
2021-11-25 20:55:16,397 -   842 /  2109 (039%):	 Total:0.7586908	 Acc:0.1875000	 lr:0.0012424	 Mean_Total:0.8625433
2021-11-25 20:55:25,891 -  1263 /  2109 (059%):	 Total:0.9202738	 Acc:0.2187500	 lr:0.0011938	 Mean_Total:0.8647248
2021-11-25 20:55:36,424 -  1684 /  2109 (079%):	 Total:0.8232716	 Acc:0.1875000	 lr:0.0011504	 Mean_Total:0.8987169
2021-11-25 20:55:45,932 -  2105 /  2109 (099%):	 Total:1.1807537	 Acc:0.1875000	 lr:0.0011115	 Mean_Total:0.9371419
2021-11-25 20:55:46,132 - ===============================| start validation |===============================
2021-11-25 20:55:49,360 - 	 Total:0.9032716	 Acc:0.2333066
2021-11-25 20:55:49,365 -    ini file updated    
2021-11-25 20:55:49,373 - Snapshot saved to /data/users/wergillius/UTR_VAE/pth/RL_gru_MTL/1_layer_model/human_k5-model_best_cv2.pth

2021-11-25 20:55:49,374 -    ini file updated    
2021-11-25 20:55:49,374 - ===============================|    epoch 3   |===============================
2021-11-25 20:55:50,004 -     0 /  2109 (000%):	 Total:0.2791391	 Acc:0.2500000	 lr:0.0011111	 Mean_Total:0.2791391
2021-11-25 20:55:59,108 -   421 /  2109 (019%):	 Total:0.8078097	 Acc:0.2500000	 lr:0.0010759	 Mean_Total:0.8090355
2021-11-25 20:56:08,665 -   842 /  2109 (039%):	 Total:0.5529063	 Acc:0.4062500	 lr:0.0010438	 Mean_Total:0.8302417
2021-11-25 20:56:17,995 -  1263 /  2109 (059%):	 Total:0.7097520	 Acc:0.1250000	 lr:0.0010145	 Mean_Total:0.8362687
2021-11-25 20:56:27,288 -  1684 /  2109 (079%):	 Total:0.5419553	 Acc:0.0937500	 lr:0.0009875	 Mean_Total:0.8751800
2021-11-25 20:56:36,702 -  2105 /  2109 (099%):	 Total:1.1147015	 Acc:0.1562500	 lr:0.0009625	 Mean_Total:0.9110865
2021-11-25 20:56:36,934 - ===============================| start validation |===============================
2021-11-25 20:56:39,980 - 	 Total:0.8912292	 Acc:0.2365118
2021-11-25 20:56:39,984 -    ini file updated    
2021-11-25 20:56:39,990 - Snapshot saved to /data/users/wergillius/UTR_VAE/pth/RL_gru_MTL/1_layer_model/human_k5-model_best_cv2.pth

2021-11-25 20:56:39,990 -    ini file updated    
2021-11-25 20:56:39,991 - ===============================|    epoch 4   |===============================
2021-11-25 20:56:40,575 -     0 /  2109 (000%):	 Total:0.3008671	 Acc:0.2187500	 lr:0.0009623	 Mean_Total:0.3008671
2021-11-25 20:56:50,130 -   421 /  2109 (019%):	 Total:0.6750720	 Acc:0.3750000	 lr:0.0009391	 Mean_Total:0.7751120
2021-11-25 20:56:59,654 -   842 /  2109 (039%):	 Total:0.8883283	 Acc:0.2500000	 lr:0.0009176	 Mean_Total:0.8014680
2021-11-25 20:57:08,750 -  1263 /  2109 (059%):	 Total:1.4300727	 Acc:0.1562500	 lr:0.0008974	 Mean_Total:0.8105294
2021-11-25 20:57:17,900 -  1684 /  2109 (079%):	 Total:1.3324323	 Acc:0.0625000	 lr:0.0008786	 Mean_Total:0.8469860
2021-11-25 20:57:27,248 -  2105 /  2109 (099%):	 Total:1.0046433	 Acc:0.2500000	 lr:0.0008609	 Mean_Total:0.8878591
2021-11-25 20:57:27,455 - ===============================| start validation |===============================
2021-11-25 20:57:30,717 - 	 Total:0.8609946	 Acc:0.2462607
2021-11-25 20:57:30,720 -    ini file updated    
2021-11-25 20:57:30,726 - Snapshot saved to /data/users/wergillius/UTR_VAE/pth/RL_gru_MTL/1_layer_model/human_k5-model_best_cv2.pth

2021-11-25 20:57:30,727 -    ini file updated    
2021-11-25 20:57:30,727 - ===============================|    epoch 5   |===============================
2021-11-25 20:57:31,378 -     0 /  2109 (000%):	 Total:0.9363001	 Acc:0.1250000	 lr:0.0008607	 Mean_Total:0.9363001
2021-11-25 20:57:40,675 -   421 /  2109 (019%):	 Total:0.6249094	 Acc:0.3125000	 lr:0.0008440	 Mean_Total:0.7592805
2021-11-25 20:57:50,166 -   842 /  2109 (039%):	 Total:1.4297278	 Acc:0.3750000	 lr:0.0008283	 Mean_Total:0.7819835
2021-11-25 20:57:59,719 -  1263 /  2109 (059%):	 Total:0.5338497	 Acc:0.2812500	 lr:0.0008134	 Mean_Total:0.7916775
2021-11-25 20:58:09,285 -  1684 /  2109 (079%):	 Total:1.2531738	 Acc:0.1250000	 lr:0.0007992	 Mean_Total:0.8297663
2021-11-25 20:58:19,472 -  2105 /  2109 (099%):	 Total:0.6044838	 Acc:0.1562500	 lr:0.0007858	 Mean_Total:0.8688840
2021-11-25 20:58:19,711 - ===============================| start validation |===============================
2021-11-25 20:58:23,350 - 	 Total:0.8911686	 Acc:0.2489316
2021-11-25 20:58:23,353 -    ini file updated    
2021-11-25 20:58:23,361 - Snapshot saved to /data/users/wergillius/UTR_VAE/pth/RL_gru_MTL/1_layer_model/human_k5-model_best_cv2.pth

2021-11-25 20:58:23,363 -    ini file updated    
2021-11-25 20:58:23,363 - ===============================|    epoch 6   |===============================
2021-11-25 20:58:24,015 -     0 /  2109 (000%):	 Total:0.4083070	 Acc:0.3125000	 lr:0.0007857	 Mean_Total:0.4083070
2021-11-25 20:58:33,649 -   421 /  2109 (019%):	 Total:0.5101286	 Acc:0.2812500	 lr:0.0007730	 Mean_Total:0.7329887
2021-11-25 20:58:43,395 -   842 /  2109 (039%):	 Total:0.3721307	 Acc:0.3125000	 lr:0.0007608	 Mean_Total:0.7651896
2021-11-25 20:58:52,906 -  1263 /  2109 (059%):	 Total:0.8330836	 Acc:0.2500000	 lr:0.0007492	 Mean_Total:0.7788966
2021-11-25 20:59:02,696 -  1684 /  2109 (079%):	 Total:0.9075989	 Acc:0.2187500	 lr:0.0007381	 Mean_Total:0.8149839
2021-11-25 20:59:12,503 -  2105 /  2109 (099%):	 Total:0.6591930	 Acc:0.1562500	 lr:0.0007275	 Mean_Total:0.8556840
2021-11-25 20:59:12,709 - ===============================| start validation |===============================
2021-11-25 20:59:15,876 - 	 Total:0.8394803	 Acc:0.2578793
2021-11-25 20:59:15,879 -    ini file updated    
2021-11-25 20:59:15,884 - Snapshot saved to /data/users/wergillius/UTR_VAE/pth/RL_gru_MTL/1_layer_model/human_k5-model_best_cv2.pth

2021-11-25 20:59:15,885 -    ini file updated    
2021-11-25 20:59:15,885 - ===============================|    epoch 7   |===============================
2021-11-25 20:59:16,531 -     0 /  2109 (000%):	 Total:0.9177993	 Acc:0.3750000	 lr:0.0007274	 Mean_Total:0.9177993
2021-11-25 20:59:26,430 -   421 /  2109 (019%):	 Total:0.9647153	 Acc:0.1250000	 lr:0.0007173	 Mean_Total:0.7149484
2021-11-25 20:59:36,154 -   842 /  2109 (039%):	 Total:0.7292563	 Acc:0.2187500	 lr:0.0007075	 Mean_Total:0.7479133
2021-11-25 20:59:45,910 -  1263 /  2109 (059%):	 Total:0.7942225	 Acc:0.0625000	 lr:0.0006982	 Mean_Total:0.7580372
2021-11-25 20:59:55,570 -  1684 /  2109 (079%):	 Total:0.9888478	 Acc:0.0937500	 lr:0.0006892	 Mean_Total:0.7988011
2021-11-25 21:00:05,259 -  2105 /  2109 (099%):	 Total:0.8448957	 Acc:0.1875000	 lr:0.0006805	 Mean_Total:0.8393953
2021-11-25 21:00:05,479 - ===============================| start validation |===============================
2021-11-25 21:00:08,635 - 	 Total:0.8186688	 Acc:0.2538729
2021-11-25 21:00:08,641 -    ini file updated    
2021-11-25 21:00:08,649 - Snapshot saved to /data/users/wergillius/UTR_VAE/pth/RL_gru_MTL/1_layer_model/human_k5-model_best_cv2.pth

2021-11-25 21:00:08,650 -    ini file updated    
2021-11-25 21:00:08,650 - ===============================|    epoch 8   |===============================
2021-11-25 21:00:09,273 -     0 /  2109 (000%):	 Total:0.2286417	 Acc:0.2500000	 lr:0.0006805	 Mean_Total:0.2286417
2021-11-25 21:00:19,048 -   421 /  2109 (019%):	 Total:0.7917910	 Acc:0.4375000	 lr:0.0006721	 Mean_Total:0.6796371
2021-11-25 21:00:28,751 -   842 /  2109 (039%):	 Total:0.4489109	 Acc:0.2500000	 lr:0.0006641	 Mean_Total:0.6718838
2021-11-25 21:00:38,369 -  1263 /  2109 (059%):	 Total:0.7238077	 Acc:0.2812500	 lr:0.0006563	 Mean_Total:0.6707177
2021-11-25 21:00:47,967 -  1684 /  2109 (079%):	 Total:0.7331720	 Acc:0.1875000	 lr:0.0006488	 Mean_Total:0.7037620
2021-11-25 21:00:57,584 -  2105 /  2109 (099%):	 Total:0.5142149	 Acc:0.2500000	 lr:0.0006416	 Mean_Total:0.7394020
2021-11-25 21:00:57,791 - ===============================| start validation |===============================
2021-11-25 21:01:00,902 - 	 Total:0.7102091	 Acc:0.2617521
2021-11-25 21:01:00,905 -    ini file updated    
2021-11-25 21:01:00,910 - Snapshot saved to /data/users/wergillius/UTR_VAE/pth/RL_gru_MTL/1_layer_model/human_k5-model_best_cv2.pth

2021-11-25 21:01:00,911 -    ini file updated    
2021-11-25 21:01:00,911 - ===============================|    epoch 9   |===============================
2021-11-25 21:01:01,497 -     0 /  2109 (000%):	 Total:0.3515183	 Acc:0.4062500	 lr:0.0006415	 Mean_Total:0.3515183
2021-11-25 21:01:10,940 -   421 /  2109 (019%):	 Total:0.8964065	 Acc:0.3437500	 lr:0.0006345	 Mean_Total:0.5590326
2021-11-25 21:01:20,431 -   842 /  2109 (039%):	 Total:0.6781889	 Acc:0.1562500	 lr:0.0006278	 Mean_Total:0.5755317
2021-11-25 21:01:30,027 -  1263 /  2109 (059%):	 Total:0.7601162	 Acc:0.1875000	 lr:0.0006212	 Mean_Total:0.5930107
2021-11-25 21:01:39,560 -  1684 /  2109 (079%):	 Total:0.8230965	 Acc:0.1250000	 lr:0.0006148	 Mean_Total:0.6379860
2021-11-25 21:01:49,188 -  2105 /  2109 (099%):	 Total:0.4912077	 Acc:0.2187500	 lr:0.0006087	 Mean_Total:0.6766147
2021-11-25 21:01:49,413 - ===============================| start validation |===============================
2021-11-25 21:01:52,477 - 	 Total:0.6729265	 Acc:0.2618857
2021-11-25 21:01:52,481 -    ini file updated    
2021-11-25 21:01:52,486 - Snapshot saved to /data/users/wergillius/UTR_VAE/pth/RL_gru_MTL/1_layer_model/human_k5-model_best_cv2.pth

2021-11-25 21:01:52,487 -    ini file updated    
2021-11-25 21:01:52,487 - ===============================|    epoch 10   |===============================
2021-11-25 21:01:53,096 -     0 /  2109 (000%):	 Total:0.4466998	 Acc:0.3125000	 lr:0.0006086	 Mean_Total:0.4466998
2021-11-25 21:02:03,053 -   421 /  2109 (019%):	 Total:0.2227401	 Acc:0.3437500	 lr:0.0006026	 Mean_Total:0.5323762
2021-11-25 21:02:12,559 -   842 /  2109 (039%):	 Total:0.7248378	 Acc:0.2187500	 lr:0.0005968	 Mean_Total:0.5621060
2021-11-25 21:02:21,850 -  1263 /  2109 (059%):	 Total:0.6696678	 Acc:0.2187500	 lr:0.0005912	 Mean_Total:0.5801625
2021-11-25 21:02:31,411 -  1684 /  2109 (079%):	 Total:0.7181535	 Acc:0.2812500	 lr:0.0005857	 Mean_Total:0.6272787
2021-11-25 21:02:40,850 -  2105 /  2109 (099%):	 Total:0.4955019	 Acc:0.2500000	 lr:0.0005803	 Mean_Total:0.6662086
2021-11-25 21:02:41,068 - ===============================| start validation |===============================
2021-11-25 21:02:44,246 - 	 Total:0.6515816	 Acc:0.2672276
2021-11-25 21:02:44,251 -    ini file updated    
2021-11-25 21:02:44,260 - Snapshot saved to /data/users/wergillius/UTR_VAE/pth/RL_gru_MTL/1_layer_model/human_k5-model_best_cv2.pth

2021-11-25 21:02:44,260 -    ini file updated    
2021-11-25 21:02:44,260 - ===============================|    epoch 11   |===============================
2021-11-25 21:02:44,877 -     0 /  2109 (000%):	 Total:0.5113709	 Acc:0.3437500	 lr:0.0005803	 Mean_Total:0.5113709
2021-11-25 21:02:54,382 -   421 /  2109 (019%):	 Total:0.5412603	 Acc:0.2187500	 lr:0.0005751	 Mean_Total:0.5243337
2021-11-25 21:03:04,119 -   842 /  2109 (039%):	 Total:0.7821808	 Acc:0.2187500	 lr:0.0005700	 Mean_Total:0.5532087
2021-11-25 21:03:13,968 -  1263 /  2109 (059%):	 Total:0.4810193	 Acc:0.2812500	 lr:0.0005651	 Mean_Total:0.5709957
2021-11-25 21:03:23,411 -  1684 /  2109 (079%):	 Total:1.1466817	 Acc:0.0937500	 lr:0.0005603	 Mean_Total:0.6143920
2021-11-25 21:03:32,663 -  2105 /  2109 (099%):	 Total:0.7125069	 Acc:0.2500000	 lr:0.0005556	 Mean_Total:0.6535743
2021-11-25 21:03:32,865 - ===============================| start validation |===============================
2021-11-25 21:03:35,892 - 	 Total:0.6432650	 Acc:0.2629541
2021-11-25 21:03:35,895 -    ini file updated    
2021-11-25 21:03:35,901 - Snapshot saved to /data/users/wergillius/UTR_VAE/pth/RL_gru_MTL/1_layer_model/human_k5-model_best_cv2.pth

2021-11-25 21:03:35,902 -    ini file updated    
2021-11-25 21:03:35,902 - ===============================|    epoch 12   |===============================
2021-11-25 21:03:36,463 -     0 /  2109 (000%):	 Total:0.7300723	 Acc:0.2500000	 lr:0.0005556	 Mean_Total:0.7300723
2021-11-25 21:03:46,363 -   421 /  2109 (019%):	 Total:0.4382048	 Acc:0.3437500	 lr:0.0005510	 Mean_Total:0.4971456
2021-11-25 21:03:56,348 -   842 /  2109 (039%):	 Total:1.1409074	 Acc:0.2500000	 lr:0.0005466	 Mean_Total:0.5283619
2021-11-25 21:04:06,195 -  1263 /  2109 (059%):	 Total:0.3164736	 Acc:0.3437500	 lr:0.0005422	 Mean_Total:0.5470364
2021-11-25 21:04:15,714 -  1684 /  2109 (079%):	 Total:1.1739378	 Acc:0.0312500	 lr:0.0005380	 Mean_Total:0.5956204
2021-11-25 21:04:25,344 -  2105 /  2109 (099%):	 Total:0.5303737	 Acc:0.3125000	 lr:0.0005338	 Mean_Total:0.6345949
2021-11-25 21:04:25,542 - ===============================| start validation |===============================
2021-11-25 21:04:28,626 - 	 Total:0.6365960	 Acc:0.2697650
2021-11-25 21:04:28,629 -    ini file updated    
2021-11-25 21:04:28,635 - Snapshot saved to /data/users/wergillius/UTR_VAE/pth/RL_gru_MTL/1_layer_model/human_k5-model_best_cv2.pth

2021-11-25 21:04:28,635 -    ini file updated    
2021-11-25 21:04:28,635 - ===============================|    epoch 13   |===============================
2021-11-25 21:04:29,266 -     0 /  2109 (000%):	 Total:0.3353345	 Acc:0.2500000	 lr:0.0005338	 Mean_Total:0.3353345
2021-11-25 21:04:38,902 -   421 /  2109 (019%):	 Total:0.3130780	 Acc:0.4687500	 lr:0.0005297	 Mean_Total:0.4958211
2021-11-25 21:04:48,475 -   842 /  2109 (039%):	 Total:0.7720172	 Acc:0.3125000	 lr:0.0005258	 Mean_Total:0.5219475
2021-11-25 21:04:58,382 -  1263 /  2109 (059%):	 Total:0.3363679	 Acc:0.2187500	 lr:0.0005219	 Mean_Total:0.5406885
2021-11-25 21:05:07,905 -  1684 /  2109 (079%):	 Total:0.8079669	 Acc:0.2500000	 lr:0.0005181	 Mean_Total:0.5908432
2021-11-25 21:05:17,385 -  2105 /  2109 (099%):	 Total:0.4537978	 Acc:0.3125000	 lr:0.0005144	 Mean_Total:0.6297963
2021-11-25 21:05:17,578 - ===============================| start validation |===============================
2021-11-25 21:05:20,524 - 	 Total:0.6273706	 Acc:0.2732372
2021-11-25 21:05:20,527 -    ini file updated    
2021-11-25 21:05:20,535 - Snapshot saved to /data/users/wergillius/UTR_VAE/pth/RL_gru_MTL/1_layer_model/human_k5-model_best_cv2.pth

2021-11-25 21:05:20,535 -    ini file updated    
2021-11-25 21:05:20,536 - ===============================|    epoch 14   |===============================
2021-11-25 21:05:21,087 -     0 /  2109 (000%):	 Total:0.3298265	 Acc:0.3125000	 lr:0.0005144	 Mean_Total:0.3298265
2021-11-25 21:05:30,620 -   421 /  2109 (019%):	 Total:0.2746497	 Acc:0.4687500	 lr:0.0005108	 Mean_Total:0.4887280
2021-11-25 21:05:40,351 -   842 /  2109 (039%):	 Total:0.4100632	 Acc:0.3125000	 lr:0.0005072	 Mean_Total:0.5111277
2021-11-25 21:05:49,882 -  1263 /  2109 (059%):	 Total:0.3695295	 Acc:0.2187500	 lr:0.0005037	 Mean_Total:0.5415378
2021-11-25 21:05:59,307 -  1684 /  2109 (079%):	 Total:0.9007397	 Acc:0.2812500	 lr:0.0005003	 Mean_Total:0.5840073
2021-11-25 21:06:08,920 -  2105 /  2109 (099%):	 Total:0.6074431	 Acc:0.2812500	 lr:0.0004970	 Mean_Total:0.6235595
2021-11-25 21:06:09,134 - ===============================| start validation |===============================
2021-11-25 21:06:12,169 - 	 Total:0.6155326	 Acc:0.2696314
2021-11-25 21:06:12,173 -    ini file updated    
2021-11-25 21:06:12,182 - Snapshot saved to /data/users/wergillius/UTR_VAE/pth/RL_gru_MTL/1_layer_model/human_k5-model_best_cv2.pth

2021-11-25 21:06:12,183 -    ini file updated    
2021-11-25 21:06:12,184 - ===============================|    epoch 15   |===============================
2021-11-25 21:06:12,776 -     0 /  2109 (000%):	 Total:0.6050702	 Acc:0.2812500	 lr:0.0004969	 Mean_Total:0.6050702
2021-11-25 21:06:22,474 -   421 /  2109 (019%):	 Total:0.5546358	 Acc:0.3437500	 lr:0.0004937	 Mean_Total:0.4746688
2021-11-25 21:06:31,908 -   842 /  2109 (039%):	 Total:0.3252582	 Acc:0.3437500	 lr:0.0004905	 Mean_Total:0.4986589
2021-11-25 21:06:41,372 -  1263 /  2109 (059%):	 Total:0.6065177	 Acc:0.1250000	 lr:0.0004873	 Mean_Total:0.5222521
2021-11-25 21:06:51,565 -  1684 /  2109 (079%):	 Total:1.4521945	 Acc:0.3437500	 lr:0.0004842	 Mean_Total:0.5693717
2021-11-25 21:07:00,999 -  2105 /  2109 (099%):	 Total:0.5521011	 Acc:0.1875000	 lr:0.0004812	 Mean_Total:0.6093215
2021-11-25 21:07:01,224 - ===============================| start validation |===============================
2021-11-25 21:07:04,364 - 	 Total:0.6088819	 Acc:0.2733707
2021-11-25 21:07:04,367 -    ini file updated    
2021-11-25 21:07:04,371 - Snapshot saved to /data/users/wergillius/UTR_VAE/pth/RL_gru_MTL/1_layer_model/human_k5-model_best_cv2.pth

2021-11-25 21:07:04,372 -    ini file updated    
2021-11-25 21:07:04,372 - ===============================|    epoch 16   |===============================
2021-11-25 21:07:05,029 -     0 /  2109 (000%):	 Total:0.6265560	 Acc:0.2812500	 lr:0.0004812	 Mean_Total:0.6265560
2021-11-25 21:07:14,779 -   421 /  2109 (019%):	 Total:0.4226829	 Acc:0.1562500	 lr:0.0004782	 Mean_Total:0.4726738
2021-11-25 21:07:24,138 -   842 /  2109 (039%):	 Total:0.6678535	 Acc:0.3125000	 lr:0.0004753	 Mean_Total:0.4887575
2021-11-25 21:07:33,227 -  1263 /  2109 (059%):	 Total:0.6074901	 Acc:0.2500000	 lr:0.0004724	 Mean_Total:0.5141280
2021-11-25 21:07:42,896 -  1684 /  2109 (079%):	 Total:0.8085515	 Acc:0.1875000	 lr:0.0004696	 Mean_Total:0.5604886
2021-11-25 21:07:52,377 -  2105 /  2109 (099%):	 Total:0.4140068	 Acc:0.1875000	 lr:0.0004668	 Mean_Total:0.6034206
2021-11-25 21:07:52,600 - ===============================| start validation |===============================
2021-11-25 21:07:55,369 - 	 Total:0.6610192	 Acc:0.2578793
2021-11-25 21:07:55,378 -    ini file updated    
2021-11-25 21:07:55,378 - ===============================|    epoch 17   |===============================
2021-11-25 21:07:55,926 -     0 /  2109 (000%):	 Total:0.7445039	 Acc:0.3437500	 lr:0.0004668	 Mean_Total:0.7445039
2021-11-25 21:08:05,338 -   421 /  2109 (019%):	 Total:0.2911121	 Acc:0.2812500	 lr:0.0004641	 Mean_Total:0.4834634
2021-11-25 21:08:15,053 -   842 /  2109 (039%):	 Total:0.6074594	 Acc:0.2812500	 lr:0.0004614	 Mean_Total:0.5000393
2021-11-25 21:08:24,542 -  1263 /  2109 (059%):	 Total:0.3214121	 Acc:0.2500000	 lr:0.0004588	 Mean_Total:0.5230338
2021-11-25 21:08:34,203 -  1684 /  2109 (079%):	 Total:0.8488784	 Acc:0.1250000	 lr:0.0004562	 Mean_Total:0.5648819
2021-11-25 21:08:43,491 -  2105 /  2109 (099%):	 Total:0.5129372	 Acc:0.2500000	 lr:0.0004537	 Mean_Total:0.6059094
2021-11-25 21:08:43,696 - ===============================| start validation |===============================
2021-11-25 21:08:46,744 - 	 Total:0.5946532	 Acc:0.2752404
2021-11-25 21:08:46,750 -    ini file updated    
2021-11-25 21:08:46,759 - Snapshot saved to /data/users/wergillius/UTR_VAE/pth/RL_gru_MTL/1_layer_model/human_k5-model_best_cv2.pth

2021-11-25 21:08:46,760 -    ini file updated    
2021-11-25 21:08:46,760 - ===============================|    epoch 18   |===============================
2021-11-25 21:08:47,415 -     0 /  2109 (000%):	 Total:0.2486224	 Acc:0.5312500	 lr:0.0004536	 Mean_Total:0.2486224
2021-11-25 21:08:57,401 -   421 /  2109 (019%):	 Total:0.6791680	 Acc:0.3437500	 lr:0.0004511	 Mean_Total:0.4531570
2021-11-25 21:09:07,116 -   842 /  2109 (039%):	 Total:0.5363271	 Acc:0.3750000	 lr:0.0004487	 Mean_Total:0.4770017
2021-11-25 21:09:16,650 -  1263 /  2109 (059%):	 Total:0.5117153	 Acc:0.3437500	 lr:0.0004463	 Mean_Total:0.5038469
2021-11-25 21:09:26,282 -  1684 /  2109 (079%):	 Total:0.7105579	 Acc:0.1250000	 lr:0.0004439	 Mean_Total:0.5487027
2021-11-25 21:09:36,324 -  2105 /  2109 (099%):	 Total:0.4045013	 Acc:0.3437500	 lr:0.0004416	 Mean_Total:0.5890353
2021-11-25 21:09:36,563 - ===============================| start validation |===============================
2021-11-25 21:09:39,852 - 	 Total:0.5901197	 Acc:0.2760417
2021-11-25 21:09:39,855 -    ini file updated    
2021-11-25 21:09:39,861 - Snapshot saved to /data/users/wergillius/UTR_VAE/pth/RL_gru_MTL/1_layer_model/human_k5-model_best_cv2.pth

2021-11-25 21:09:39,862 -    ini file updated    
2021-11-25 21:09:39,863 - ===============================|    epoch 19   |===============================
2021-11-25 21:09:40,465 -     0 /  2109 (000%):	 Total:0.2853099	 Acc:0.3750000	 lr:0.0004415	 Mean_Total:0.2853099
2021-11-25 21:09:50,405 -   421 /  2109 (019%):	 Total:0.3455299	 Acc:0.3437500	 lr:0.0004392	 Mean_Total:0.4403999
2021-11-25 21:10:00,274 -   842 /  2109 (039%):	 Total:0.5374213	 Acc:0.2812500	 lr:0.0004370	 Mean_Total:0.4657272
2021-11-25 21:10:09,863 -  1263 /  2109 (059%):	 Total:0.5129145	 Acc:0.1250000	 lr:0.0004347	 Mean_Total:0.4876576
2021-11-25 21:10:19,612 -  1684 /  2109 (079%):	 Total:0.7104894	 Acc:0.1562500	 lr:0.0004325	 Mean_Total:0.5378448
2021-11-25 21:10:28,905 -  2105 /  2109 (099%):	 Total:0.4543968	 Acc:0.3125000	 lr:0.0004304	 Mean_Total:0.5786214
2021-11-25 21:10:29,093 - ===============================| start validation |===============================
2021-11-25 21:10:32,307 - 	 Total:0.5818221	 Acc:0.2775107
2021-11-25 21:10:32,313 -    ini file updated    
2021-11-25 21:10:32,319 - Snapshot saved to /data/users/wergillius/UTR_VAE/pth/RL_gru_MTL/1_layer_model/human_k5-model_best_cv2.pth

2021-11-25 21:10:32,319 -    ini file updated    
2021-11-25 21:10:32,320 - ===============================|    epoch 20   |===============================
2021-11-25 21:10:33,033 -     0 /  2109 (000%):	 Total:0.1457714	 Acc:0.5000000	 lr:0.0004304	 Mean_Total:0.1457714
2021-11-25 21:10:42,594 -   421 /  2109 (019%):	 Total:0.1545611	 Acc:0.4687500	 lr:0.0004282	 Mean_Total:0.4347665
2021-11-25 21:10:51,878 -   842 /  2109 (039%):	 Total:0.6184614	 Acc:0.1562500	 lr:0.0004261	 Mean_Total:0.4627678
2021-11-25 21:11:01,202 -  1263 /  2109 (059%):	 Total:0.4498667	 Acc:0.2500000	 lr:0.0004241	 Mean_Total:0.4896424
2021-11-25 21:11:10,421 -  1684 /  2109 (079%):	 Total:0.6492892	 Acc:0.1250000	 lr:0.0004220	 Mean_Total:0.5372757
2021-11-25 21:11:19,559 -  2105 /  2109 (099%):	 Total:0.5454500	 Acc:0.1875000	 lr:0.0004200	 Mean_Total:0.5769014
2021-11-25 21:11:19,780 - ===============================| start validation |===============================
2021-11-25 21:11:22,981 - 	 Total:0.5713328	 Acc:0.2805823
2021-11-25 21:11:22,986 -    ini file updated    
2021-11-25 21:11:22,995 - Snapshot saved to /data/users/wergillius/UTR_VAE/pth/RL_gru_MTL/1_layer_model/human_k5-model_best_cv2.pth

2021-11-25 21:11:22,996 -    ini file updated    
2021-11-25 21:11:22,996 - ===============================|    epoch 21   |===============================
2021-11-25 21:11:23,648 -     0 /  2109 (000%):	 Total:0.2785436	 Acc:0.5000000	 lr:0.0004200	 Mean_Total:0.2785436
2021-11-25 21:11:32,970 -   421 /  2109 (019%):	 Total:0.3620432	 Acc:0.2500000	 lr:0.0004180	 Mean_Total:0.4316910
2021-11-25 21:11:42,661 -   842 /  2109 (039%):	 Total:0.9054799	 Acc:0.1875000	 lr:0.0004161	 Mean_Total:0.4585805
2021-11-25 21:11:52,359 -  1263 /  2109 (059%):	 Total:0.5492033	 Acc:0.2812500	 lr:0.0004141	 Mean_Total:0.4842012
2021-11-25 21:12:02,062 -  1684 /  2109 (079%):	 Total:0.7010146	 Acc:0.2500000	 lr:0.0004122	 Mean_Total:0.5304881
2021-11-25 21:12:11,753 -  2105 /  2109 (099%):	 Total:0.4489613	 Acc:0.1875000	 lr:0.0004104	 Mean_Total:0.5700986
2021-11-25 21:12:12,009 - ===============================| start validation |===============================
2021-11-25 21:12:15,466 - 	 Total:0.5769747	 Acc:0.2791132
2021-11-25 21:12:15,470 -    ini file updated    
2021-11-25 21:12:15,470 - ===============================|    epoch 22   |===============================
2021-11-25 21:12:16,039 -     0 /  2109 (000%):	 Total:1.0381627	 Acc:0.3125000	 lr:0.0004103	 Mean_Total:1.0381627
2021-11-25 21:12:25,678 -   421 /  2109 (019%):	 Total:0.5157675	 Acc:0.3750000	 lr:0.0004085	 Mean_Total:0.4326735
2021-11-25 21:12:35,266 -   842 /  2109 (039%):	 Total:0.3724306	 Acc:0.2187500	 lr:0.0004067	 Mean_Total:0.4535835
2021-11-25 21:12:44,850 -  1263 /  2109 (059%):	 Total:0.3819540	 Acc:0.2187500	 lr:0.0004049	 Mean_Total:0.4792210
2021-11-25 21:12:54,401 -  1684 /  2109 (079%):	 Total:0.6942139	 Acc:0.1875000	 lr:0.0004031	 Mean_Total:0.5249402
2021-11-25 21:13:03,906 -  2105 /  2109 (099%):	 Total:0.4451346	 Acc:0.2812500	 lr:0.0004013	 Mean_Total:0.5662852
2021-11-25 21:13:04,127 - ===============================| start validation |===============================
2021-11-25 21:13:07,264 - 	 Total:0.5611587	 Acc:0.2813835
2021-11-25 21:13:07,270 -    ini file updated    
2021-11-25 21:13:07,277 - Snapshot saved to /data/users/wergillius/UTR_VAE/pth/RL_gru_MTL/1_layer_model/human_k5-model_best_cv2.pth

2021-11-25 21:13:07,278 -    ini file updated    
2021-11-25 21:13:07,278 - ===============================|    epoch 23   |===============================
2021-11-25 21:13:07,916 -     0 /  2109 (000%):	 Total:0.4009534	 Acc:0.3125000	 lr:0.0004013	 Mean_Total:0.4009534
2021-11-25 21:13:17,266 -   421 /  2109 (019%):	 Total:0.3206721	 Acc:0.1562500	 lr:0.0003996	 Mean_Total:0.4200122
2021-11-25 21:13:27,171 -   842 /  2109 (039%):	 Total:0.4393417	 Acc:0.4062500	 lr:0.0003979	 Mean_Total:0.4444838
2021-11-25 21:13:37,216 -  1263 /  2109 (059%):	 Total:0.4588427	 Acc:0.3750000	 lr:0.0003962	 Mean_Total:0.4720881
2021-11-25 21:13:46,766 -  1684 /  2109 (079%):	 Total:0.4245986	 Acc:0.2500000	 lr:0.0003945	 Mean_Total:0.5200122
2021-11-25 21:13:56,275 -  2105 /  2109 (099%):	 Total:0.4295976	 Acc:0.1875000	 lr:0.0003929	 Mean_Total:0.5598294
2021-11-25 21:13:56,474 - ===============================| start validation |===============================
2021-11-25 21:13:59,692 - 	 Total:0.5612215	 Acc:0.2803152
2021-11-25 21:13:59,697 -    ini file updated    
2021-11-25 21:13:59,698 - ===============================|    epoch 24   |===============================
2021-11-25 21:14:00,337 -     0 /  2109 (000%):	 Total:0.2314925	 Acc:0.2187500	 lr:0.0003929	 Mean_Total:0.2314925
2021-11-25 21:14:09,891 -   421 /  2109 (019%):	 Total:0.2049044	 Acc:0.4062500	 lr:0.0003912	 Mean_Total:0.4194950
2021-11-25 21:14:19,483 -   842 /  2109 (039%):	 Total:0.6848418	 Acc:0.2812500	 lr:0.0003896	 Mean_Total:0.4430963
2021-11-25 21:14:28,909 -  1263 /  2109 (059%):	 Total:0.3912347	 Acc:0.2500000	 lr:0.0003881	 Mean_Total:0.4713002
2021-11-25 21:14:38,435 -  1684 /  2109 (079%):	 Total:0.6353478	 Acc:0.1250000	 lr:0.0003865	 Mean_Total:0.5161639
2021-11-25 21:14:47,909 -  2105 /  2109 (099%):	 Total:0.4116667	 Acc:0.1562500	 lr:0.0003849	 Mean_Total:0.5557702
2021-11-25 21:14:48,116 - ===============================| start validation |===============================
2021-11-25 21:14:51,665 - 	 Total:0.5556282	 Acc:0.2828526
2021-11-25 21:14:51,670 -    ini file updated    
2021-11-25 21:14:51,678 - Snapshot saved to /data/users/wergillius/UTR_VAE/pth/RL_gru_MTL/1_layer_model/human_k5-model_best_cv2.pth

2021-11-25 21:14:51,679 -    ini file updated    
2021-11-25 21:14:51,679 - ===============================|    epoch 25   |===============================
2021-11-25 21:14:52,302 -     0 /  2109 (000%):	 Total:0.1980931	 Acc:0.4687500	 lr:0.0003849	 Mean_Total:0.1980931
2021-11-25 21:15:01,673 -   421 /  2109 (019%):	 Total:0.4268043	 Acc:0.4687500	 lr:0.0003834	 Mean_Total:0.4111754
2021-11-25 21:15:11,355 -   842 /  2109 (039%):	 Total:0.3743706	 Acc:0.4062500	 lr:0.0003819	 Mean_Total:0.4336956
2021-11-25 21:15:20,918 -  1263 /  2109 (059%):	 Total:0.3748036	 Acc:0.2187500	 lr:0.0003804	 Mean_Total:0.4622749
2021-11-25 21:15:30,480 -  1684 /  2109 (079%):	 Total:1.0462704	 Acc:0.1875000	 lr:0.0003789	 Mean_Total:0.5114481
2021-11-25 21:15:40,016 -  2105 /  2109 (099%):	 Total:0.5112926	 Acc:0.2500000	 lr:0.0003775	 Mean_Total:0.5514909
2021-11-25 21:15:40,235 - ===============================| start validation |===============================
2021-11-25 21:15:43,426 - 	 Total:0.5481986	 Acc:0.2741720
2021-11-25 21:15:43,430 -    ini file updated    
2021-11-25 21:15:43,437 - Snapshot saved to /data/users/wergillius/UTR_VAE/pth/RL_gru_MTL/1_layer_model/human_k5-model_best_cv2.pth

2021-11-25 21:15:43,438 -    ini file updated    
2021-11-25 21:15:43,439 - ===============================|    epoch 26   |===============================
2021-11-25 21:15:44,057 -     0 /  2109 (000%):	 Total:0.1808111	 Acc:0.4687500	 lr:0.0003775	 Mean_Total:0.1808111
2021-11-25 21:15:53,828 -   421 /  2109 (019%):	 Total:0.5362804	 Acc:0.1875000	 lr:0.0003760	 Mean_Total:0.4105569
2021-11-25 21:16:03,571 -   842 /  2109 (039%):	 Total:0.6527638	 Acc:0.4062500	 lr:0.0003746	 Mean_Total:0.4341174
2021-11-25 21:16:13,309 -  1263 /  2109 (059%):	 Total:0.4317567	 Acc:0.1562500	 lr:0.0003732	 Mean_Total:0.4592831
2021-11-25 21:16:23,185 -  1684 /  2109 (079%):	 Total:0.5631431	 Acc:0.1250000	 lr:0.0003718	 Mean_Total:0.5078671
2021-11-25 21:16:32,793 -  2105 /  2109 (099%):	 Total:0.4378588	 Acc:0.1562500	 lr:0.0003704	 Mean_Total:0.5476789
2021-11-25 21:16:33,033 - ===============================| start validation |===============================
2021-11-25 21:16:36,153 - 	 Total:0.5425970	 Acc:0.2783120
2021-11-25 21:16:36,159 -    ini file updated    
2021-11-25 21:16:36,169 - Snapshot saved to /data/users/wergillius/UTR_VAE/pth/RL_gru_MTL/1_layer_model/human_k5-model_best_cv2.pth

2021-11-25 21:16:36,170 -    ini file updated    
2021-11-25 21:16:36,170 - ===============================|    epoch 27   |===============================
2021-11-25 21:16:36,872 -     0 /  2109 (000%):	 Total:0.2003227	 Acc:0.4375000	 lr:0.0003704	 Mean_Total:0.2003227
2021-11-25 21:16:46,625 -   421 /  2109 (019%):	 Total:0.2380492	 Acc:0.3125000	 lr:0.0003690	 Mean_Total:0.4064339
2021-11-25 21:16:56,263 -   842 /  2109 (039%):	 Total:0.3903257	 Acc:0.3125000	 lr:0.0003677	 Mean_Total:0.4292515
2021-11-25 21:17:05,938 -  1263 /  2109 (059%):	 Total:0.7787925	 Acc:0.2187500	 lr:0.0003664	 Mean_Total:0.4534002
2021-11-25 21:17:15,530 -  1684 /  2109 (079%):	 Total:0.5886700	 Acc:0.1875000	 lr:0.0003650	 Mean_Total:0.5034720
2021-11-25 21:17:25,290 -  2105 /  2109 (099%):	 Total:0.5273967	 Acc:0.3125000	 lr:0.0003637	 Mean_Total:0.5428880
2021-11-25 21:17:25,511 - ===============================| start validation |===============================
2021-11-25 21:17:28,644 - 	 Total:0.5391228	 Acc:0.2775107
2021-11-25 21:17:28,651 -    ini file updated    
2021-11-25 21:17:28,658 - Snapshot saved to /data/users/wergillius/UTR_VAE/pth/RL_gru_MTL/1_layer_model/human_k5-model_best_cv2.pth

2021-11-25 21:17:28,659 -    ini file updated    
2021-11-25 21:17:28,660 - ===============================|    epoch 28   |===============================
2021-11-25 21:17:29,259 -     0 /  2109 (000%):	 Total:0.3180085	 Acc:0.4062500	 lr:0.0003637	 Mean_Total:0.3180085
2021-11-25 21:17:38,669 -   421 /  2109 (019%):	 Total:0.6230155	 Acc:0.3125000	 lr:0.0003624	 Mean_Total:0.4008828
2021-11-25 21:17:48,056 -   842 /  2109 (039%):	 Total:0.3780063	 Acc:0.3437500	 lr:0.0003612	 Mean_Total:0.4242793
2021-11-25 21:17:57,546 -  1263 /  2109 (059%):	 Total:0.3422314	 Acc:0.2500000	 lr:0.0003599	 Mean_Total:0.4518291
2021-11-25 21:18:07,041 -  1684 /  2109 (079%):	 Total:1.1281495	 Acc:0.1875000	 lr:0.0003586	 Mean_Total:0.5005979
2021-11-25 21:18:16,496 -  2105 /  2109 (099%):	 Total:0.4404567	 Acc:0.2500000	 lr:0.0003574	 Mean_Total:0.5426431
2021-11-25 21:18:16,705 - ===============================| start validation |===============================
2021-11-25 21:18:19,862 - 	 Total:0.5367382	 Acc:0.2801816
2021-11-25 21:18:19,867 -    ini file updated    
2021-11-25 21:18:19,874 - Snapshot saved to /data/users/wergillius/UTR_VAE/pth/RL_gru_MTL/1_layer_model/human_k5-model_best_cv2.pth

2021-11-25 21:18:19,875 -    ini file updated    
2021-11-25 21:18:19,876 - ===============================|    epoch 29   |===============================
2021-11-25 21:18:20,489 -     0 /  2109 (000%):	 Total:0.3915013	 Acc:0.2500000	 lr:0.0003574	 Mean_Total:0.3915013
2021-11-25 21:18:29,953 -   421 /  2109 (019%):	 Total:0.6103736	 Acc:0.3125000	 lr:0.0003562	 Mean_Total:0.3941121
2021-11-25 21:18:39,407 -   842 /  2109 (039%):	 Total:0.2999156	 Acc:0.3437500	 lr:0.0003550	 Mean_Total:0.4206456
2021-11-25 21:18:48,663 -  1263 /  2109 (059%):	 Total:0.2929509	 Acc:0.1250000	 lr:0.0003538	 Mean_Total:0.4478467
2021-11-25 21:18:57,774 -  1684 /  2109 (079%):	 Total:0.4751107	 Acc:0.3125000	 lr:0.0003526	 Mean_Total:0.4966419
2021-11-25 21:19:06,974 -  2105 /  2109 (099%):	 Total:0.4783391	 Acc:0.2812500	 lr:0.0003514	 Mean_Total:0.5373895
2021-11-25 21:19:07,164 - ===============================| start validation |===============================
2021-11-25 21:19:10,309 - 	 Total:0.5435172	 Acc:0.2824519
2021-11-25 21:19:10,313 -    ini file updated    
2021-11-25 21:19:10,313 - ===============================|    epoch 30   |===============================
2021-11-25 21:19:10,912 -     0 /  2109 (000%):	 Total:0.1520984	 Acc:0.3125000	 lr:0.0003514	 Mean_Total:0.1520984
2021-11-25 21:19:20,764 -   421 /  2109 (019%):	 Total:0.2937453	 Acc:0.3125000	 lr:0.0003502	 Mean_Total:0.3967980
2021-11-25 21:19:30,631 -   842 /  2109 (039%):	 Total:0.3117597	 Acc:0.3125000	 lr:0.0003491	 Mean_Total:0.4217529
2021-11-25 21:19:40,371 -  1263 /  2109 (059%):	 Total:0.3610119	 Acc:0.1875000	 lr:0.0003479	 Mean_Total:0.4436801
2021-11-25 21:19:50,197 -  1684 /  2109 (079%):	 Total:0.8674621	 Acc:0.1250000	 lr:0.0003468	 Mean_Total:0.4929023
2021-11-25 21:19:59,885 -  2105 /  2109 (099%):	 Total:1.0248418	 Acc:0.1562500	 lr:0.0003457	 Mean_Total:0.5348177
2021-11-25 21:20:00,102 - ===============================| start validation |===============================
2021-11-25 21:20:03,654 - 	 Total:0.5437400	 Acc:0.2825855
2021-11-25 21:20:03,657 -    ini file updated    
2021-11-25 21:20:03,657 - ===============================|    epoch 31   |===============================
2021-11-25 21:20:04,246 -     0 /  2109 (000%):	 Total:0.4881523	 Acc:0.2812500	 lr:0.0003457	 Mean_Total:0.4881523
2021-11-25 21:20:13,885 -   421 /  2109 (019%):	 Total:0.3387877	 Acc:0.1875000	 lr:0.0003446	 Mean_Total:0.3921933
2021-11-25 21:20:23,643 -   842 /  2109 (039%):	 Total:0.5490290	 Acc:0.3437500	 lr:0.0003435	 Mean_Total:0.4159177
2021-11-25 21:20:33,340 -  1263 /  2109 (059%):	 Total:0.8031133	 Acc:0.2187500	 lr:0.0003424	 Mean_Total:0.4416118
2021-11-25 21:20:42,712 -  1684 /  2109 (079%):	 Total:0.8530425	 Acc:0.2500000	 lr:0.0003413	 Mean_Total:0.4904796
2021-11-25 21:20:52,287 -  2105 /  2109 (099%):	 Total:0.4361625	 Acc:0.2812500	 lr:0.0003402	 Mean_Total:0.5340626
2021-11-25 21:20:52,495 - ===============================| start validation |===============================
2021-11-25 21:20:55,628 - 	 Total:0.6090413	 Acc:0.2711004
2021-11-25 21:20:55,633 -    ini file updated    
2021-11-25 21:20:55,633 - ===============================|    epoch 32   |===============================
2021-11-25 21:20:56,201 -     0 /  2109 (000%):	 Total:0.5952310	 Acc:0.2187500	 lr:0.0003402	 Mean_Total:0.5952310
2021-11-25 21:21:05,835 -   421 /  2109 (019%):	 Total:0.4323001	 Acc:0.3125000	 lr:0.0003392	 Mean_Total:0.4055247
2021-11-25 21:21:15,158 -   842 /  2109 (039%):	 Total:0.5366907	 Acc:0.3437500	 lr:0.0003381	 Mean_Total:0.4258185
2021-11-25 21:21:24,739 -  1263 /  2109 (059%):	 Total:0.6119567	 Acc:0.2812500	 lr:0.0003371	 Mean_Total:0.4458535
2021-11-25 21:21:34,354 -  1684 /  2109 (079%):	 Total:0.5529319	 Acc:0.1875000	 lr:0.0003361	 Mean_Total:0.4948418
2021-11-25 21:21:43,892 -  2105 /  2109 (099%):	 Total:0.4525756	 Acc:0.3125000	 lr:0.0003350	 Mean_Total:0.5339513
2021-11-25 21:21:44,096 - ===============================| start validation |===============================
2021-11-25 21:21:47,330 - 	 Total:0.5296619	 Acc:0.2819177
2021-11-25 21:21:47,334 -    ini file updated    
2021-11-25 21:21:47,343 - Snapshot saved to /data/users/wergillius/UTR_VAE/pth/RL_gru_MTL/1_layer_model/human_k5-model_best_cv2.pth

2021-11-25 21:21:47,344 -    ini file updated    
2021-11-25 21:21:47,345 - ===============================|    epoch 33   |===============================
2021-11-25 21:21:47,981 -     0 /  2109 (000%):	 Total:0.3357168	 Acc:0.2812500	 lr:0.0003350	 Mean_Total:0.3357168
2021-11-25 21:21:57,493 -   421 /  2109 (019%):	 Total:0.2616141	 Acc:0.5000000	 lr:0.0003340	 Mean_Total:0.3863403
2021-11-25 21:22:07,076 -   842 /  2109 (039%):	 Total:0.5665840	 Acc:0.3125000	 lr:0.0003330	 Mean_Total:0.4108075
2021-11-25 21:22:16,752 -  1263 /  2109 (059%):	 Total:0.4929497	 Acc:0.2187500	 lr:0.0003320	 Mean_Total:0.4411386
2021-11-25 21:22:26,457 -  1684 /  2109 (079%):	 Total:0.8520641	 Acc:0.3125000	 lr:0.0003311	 Mean_Total:0.4892133
2021-11-25 21:22:36,296 -  2105 /  2109 (099%):	 Total:0.4262039	 Acc:0.3750000	 lr:0.0003301	 Mean_Total:0.5281642
2021-11-25 21:22:36,519 - ===============================| start validation |===============================
2021-11-25 21:22:39,832 - 	 Total:0.5321518	 Acc:0.2813835
2021-11-25 21:22:39,839 -    ini file updated    
2021-11-25 21:22:39,840 - ===============================|    epoch 34   |===============================
2021-11-25 21:22:40,493 -     0 /  2109 (000%):	 Total:0.3634233	 Acc:0.2187500	 lr:0.0003301	 Mean_Total:0.3634233
2021-11-25 21:22:50,303 -   421 /  2109 (019%):	 Total:0.2281926	 Acc:0.4062500	 lr:0.0003291	 Mean_Total:0.3877049
2021-11-25 21:22:59,917 -   842 /  2109 (039%):	 Total:0.2241004	 Acc:0.3437500	 lr:0.0003282	 Mean_Total:0.4141256
2021-11-25 21:23:09,324 -  1263 /  2109 (059%):	 Total:0.5070111	 Acc:0.2812500	 lr:0.0003272	 Mean_Total:0.4384573
2021-11-25 21:23:19,152 -  1684 /  2109 (079%):	 Total:0.8131448	 Acc:0.2812500	 lr:0.0003263	 Mean_Total:0.4859546
2021-11-25 21:23:28,778 -  2105 /  2109 (099%):	 Total:0.7367976	 Acc:0.2500000	 lr:0.0003253	 Mean_Total:0.5263516
2021-11-25 21:23:28,986 - ===============================| start validation |===============================
2021-11-25 21:23:32,214 - 	 Total:0.5315202	 Acc:0.2823184
2021-11-25 21:23:32,218 -    ini file updated    
2021-11-25 21:23:32,218 - ===============================|    epoch 35   |===============================
2021-11-25 21:23:32,855 -     0 /  2109 (000%):	 Total:0.5858977	 Acc:0.3125000	 lr:0.0003253	 Mean_Total:0.5858977
2021-11-25 21:23:42,529 -   421 /  2109 (019%):	 Total:0.3076411	 Acc:0.3125000	 lr:0.0003244	 Mean_Total:0.3851918
2021-11-25 21:23:52,536 -   842 /  2109 (039%):	 Total:0.2822811	 Acc:0.3750000	 lr:0.0003235	 Mean_Total:0.4079278
2021-11-25 21:24:01,801 -  1263 /  2109 (059%):	 Total:0.5030994	 Acc:0.2500000	 lr:0.0003226	 Mean_Total:0.4342508
2021-11-25 21:24:11,406 -  1684 /  2109 (079%):	 Total:1.0198827	 Acc:0.2812500	 lr:0.0003217	 Mean_Total:0.4842316
2021-11-25 21:24:20,880 -  2105 /  2109 (099%):	 Total:0.4507510	 Acc:0.3750000	 lr:0.0003208	 Mean_Total:0.5241855
2021-11-25 21:24:21,127 - ===============================| start validation |===============================
2021-11-25 21:24:24,172 - 	 Total:0.5296536	 Acc:0.2827190
2021-11-25 21:24:24,176 -    ini file updated    
2021-11-25 21:24:24,185 - Snapshot saved to /data/users/wergillius/UTR_VAE/pth/RL_gru_MTL/1_layer_model/human_k5-model_best_cv2.pth

2021-11-25 21:24:24,185 -    ini file updated    
2021-11-25 21:24:24,186 - ===============================|    epoch 36   |===============================
2021-11-25 21:24:24,785 -     0 /  2109 (000%):	 Total:0.3635514	 Acc:0.2500000	 lr:0.0003208	 Mean_Total:0.3635514
2021-11-25 21:24:34,024 -   421 /  2109 (019%):	 Total:0.4064638	 Acc:0.3437500	 lr:0.0003199	 Mean_Total:0.3847514
2021-11-25 21:24:43,408 -   842 /  2109 (039%):	 Total:0.4019912	 Acc:0.2500000	 lr:0.0003190	 Mean_Total:0.4062431
2021-11-25 21:24:53,117 -  1263 /  2109 (059%):	 Total:0.6134094	 Acc:0.2187500	 lr:0.0003181	 Mean_Total:0.4324524
2021-11-25 21:25:02,896 -  1684 /  2109 (079%):	 Total:0.4821660	 Acc:0.2187500	 lr:0.0003173	 Mean_Total:0.4809582
2021-11-25 21:25:12,972 -  2105 /  2109 (099%):	 Total:0.4437762	 Acc:0.2187500	 lr:0.0003164	 Mean_Total:0.5212268
2021-11-25 21:25:13,164 - ===============================| start validation |===============================
2021-11-25 21:25:16,454 - 	 Total:0.5320517	 Acc:0.2841880
2021-11-25 21:25:16,457 -    ini file updated    
2021-11-25 21:25:16,465 - Snapshot saved to /data/users/wergillius/UTR_VAE/pth/RL_gru_MTL/1_layer_model/human_k5-model_best_cv2.pth

2021-11-25 21:25:16,466 -    ini file updated    
2021-11-25 21:25:16,466 - ===============================|    epoch 37   |===============================
2021-11-25 21:25:17,102 -     0 /  2109 (000%):	 Total:0.1590720	 Acc:0.4375000	 lr:0.0003164	 Mean_Total:0.1590720
2021-11-25 21:25:26,718 -   421 /  2109 (019%):	 Total:0.3186227	 Acc:0.3125000	 lr:0.0003156	 Mean_Total:0.3817955
2021-11-25 21:25:36,048 -   842 /  2109 (039%):	 Total:0.9809866	 Acc:0.3125000	 lr:0.0003147	 Mean_Total:0.4052600
2021-11-25 21:25:45,459 -  1263 /  2109 (059%):	 Total:0.4823595	 Acc:0.3125000	 lr:0.0003139	 Mean_Total:0.4324148
2021-11-25 21:25:54,799 -  1684 /  2109 (079%):	 Total:0.4824497	 Acc:0.3125000	 lr:0.0003131	 Mean_Total:0.4786026
2021-11-25 21:26:04,361 -  2105 /  2109 (099%):	 Total:0.5622628	 Acc:0.3750000	 lr:0.0003122	 Mean_Total:0.5193507
2021-11-25 21:26:04,571 - ===============================| start validation |===============================
2021-11-25 21:26:07,800 - 	 Total:0.5211956	 Acc:0.2836538
2021-11-25 21:26:07,806 -    ini file updated    
2021-11-25 21:26:07,813 - Snapshot saved to /data/users/wergillius/UTR_VAE/pth/RL_gru_MTL/1_layer_model/human_k5-model_best_cv2.pth

2021-11-25 21:26:07,814 -    ini file updated    
2021-11-25 21:26:07,814 - ===============================|    epoch 38   |===============================
2021-11-25 21:26:08,437 -     0 /  2109 (000%):	 Total:0.3190500	 Acc:0.4062500	 lr:0.0003122	 Mean_Total:0.3190500
2021-11-25 21:26:18,055 -   421 /  2109 (019%):	 Total:0.3773676	 Acc:0.4687500	 lr:0.0003114	 Mean_Total:0.3844370
2021-11-25 21:26:27,648 -   842 /  2109 (039%):	 Total:0.5705875	 Acc:0.2187500	 lr:0.0003106	 Mean_Total:0.4065368
2021-11-25 21:26:37,024 -  1263 /  2109 (059%):	 Total:0.9324849	 Acc:0.1562500	 lr:0.0003098	 Mean_Total:0.4302600
2021-11-25 21:26:46,378 -  1684 /  2109 (079%):	 Total:0.5367236	 Acc:0.2500000	 lr:0.0003090	 Mean_Total:0.4767086
2021-11-25 21:26:55,944 -  2105 /  2109 (099%):	 Total:0.8697687	 Acc:0.2500000	 lr:0.0003082	 Mean_Total:0.5173539
2021-11-25 21:26:56,166 - ===============================| start validation |===============================
2021-11-25 21:26:59,356 - 	 Total:0.5275885	 Acc:0.2865919
2021-11-25 21:26:59,361 -    ini file updated    
2021-11-25 21:26:59,369 - Snapshot saved to /data/users/wergillius/UTR_VAE/pth/RL_gru_MTL/1_layer_model/human_k5-model_best_cv2.pth

2021-11-25 21:26:59,369 -    ini file updated    
2021-11-25 21:26:59,369 - ===============================|    epoch 39   |===============================
2021-11-25 21:26:59,957 -     0 /  2109 (000%):	 Total:0.2832479	 Acc:0.4375000	 lr:0.0003082	 Mean_Total:0.2832479
2021-11-25 21:27:09,353 -   421 /  2109 (019%):	 Total:0.3956531	 Acc:0.2187500	 lr:0.0003074	 Mean_Total:0.3778440
2021-11-25 21:27:18,697 -   842 /  2109 (039%):	 Total:0.4392707	 Acc:0.2812500	 lr:0.0003066	 Mean_Total:0.3997529
2021-11-25 21:27:28,321 -  1263 /  2109 (059%):	 Total:0.8236775	 Acc:0.1250000	 lr:0.0003059	 Mean_Total:0.4297416
2021-11-25 21:27:37,783 -  1684 /  2109 (079%):	 Total:1.0710458	 Acc:0.2187500	 lr:0.0003051	 Mean_Total:0.4763061
2021-11-25 21:27:47,481 -  2105 /  2109 (099%):	 Total:0.4047353	 Acc:0.2812500	 lr:0.0003043	 Mean_Total:0.5172381
2021-11-25 21:27:47,694 - ===============================| start validation |===============================
2021-11-25 21:27:50,655 - 	 Total:0.5178961	 Acc:0.2871261
2021-11-25 21:27:50,658 -    ini file updated    
2021-11-25 21:27:50,666 - Snapshot saved to /data/users/wergillius/UTR_VAE/pth/RL_gru_MTL/1_layer_model/human_k5-model_best_cv2.pth

2021-11-25 21:27:50,667 -    ini file updated    
2021-11-25 21:27:50,667 - ===============================|    epoch 40   |===============================
2021-11-25 21:27:51,268 -     0 /  2109 (000%):	 Total:0.2348475	 Acc:0.3750000	 lr:0.0003043	 Mean_Total:0.2348475
2021-11-25 21:28:00,759 -   421 /  2109 (019%):	 Total:0.2901285	 Acc:0.1875000	 lr:0.0003036	 Mean_Total:0.3706128
2021-11-25 21:28:10,415 -   842 /  2109 (039%):	 Total:0.4680595	 Acc:0.2187500	 lr:0.0003028	 Mean_Total:0.4008348
2021-11-25 21:28:19,893 -  1263 /  2109 (059%):	 Total:1.2112045	 Acc:0.4375000	 lr:0.0003021	 Mean_Total:0.4263611
2021-11-25 21:28:29,721 -  1684 /  2109 (079%):	 Total:0.7858913	 Acc:0.2500000	 lr:0.0003013	 Mean_Total:0.4749055
2021-11-25 21:28:39,300 -  2105 /  2109 (099%):	 Total:0.4536530	 Acc:0.2187500	 lr:0.0003006	 Mean_Total:0.5159887
2021-11-25 21:28:39,509 - ===============================| start validation |===============================
2021-11-25 21:28:42,676 - 	 Total:0.5223854	 Acc:0.2845887
2021-11-25 21:28:42,681 -    ini file updated    
2021-11-25 21:28:42,681 - ===============================|    epoch 41   |===============================
2021-11-25 21:28:43,264 -     0 /  2109 (000%):	 Total:0.4927968	 Acc:0.2500000	 lr:0.0003006	 Mean_Total:0.4927968
2021-11-25 21:28:52,756 -   421 /  2109 (019%):	 Total:0.1692102	 Acc:0.3750000	 lr:0.0002999	 Mean_Total:0.3707679
2021-11-25 21:29:02,193 -   842 /  2109 (039%):	 Total:0.4245841	 Acc:0.2812500	 lr:0.0002991	 Mean_Total:0.3971762
2021-11-25 21:29:11,447 -  1263 /  2109 (059%):	 Total:0.3871854	 Acc:0.1875000	 lr:0.0002984	 Mean_Total:0.4228746
2021-11-25 21:29:21,169 -  1684 /  2109 (079%):	 Total:0.5812976	 Acc:0.1875000	 lr:0.0002977	 Mean_Total:0.4717061
2021-11-25 21:29:30,587 -  2105 /  2109 (099%):	 Total:0.4043413	 Acc:0.2812500	 lr:0.0002970	 Mean_Total:0.5115178
2021-11-25 21:29:30,811 - ===============================| start validation |===============================
2021-11-25 21:29:33,939 - 	 Total:0.5130224	 Acc:0.2875267
2021-11-25 21:29:33,942 -    ini file updated    
2021-11-25 21:29:33,948 - Snapshot saved to /data/users/wergillius/UTR_VAE/pth/RL_gru_MTL/1_layer_model/human_k5-model_best_cv2.pth

2021-11-25 21:29:33,948 -    ini file updated    
2021-11-25 21:29:33,949 - ===============================|    epoch 42   |===============================
2021-11-25 21:29:34,521 -     0 /  2109 (000%):	 Total:0.2579629	 Acc:0.2187500	 lr:0.0002970	 Mean_Total:0.2579629
2021-11-25 21:29:43,922 -   421 /  2109 (019%):	 Total:0.3247245	 Acc:0.2500000	 lr:0.0002963	 Mean_Total:0.3701661
2021-11-25 21:29:53,223 -   842 /  2109 (039%):	 Total:0.2364034	 Acc:0.2500000	 lr:0.0002956	 Mean_Total:0.3954412
2021-11-25 21:30:02,306 -  1263 /  2109 (059%):	 Total:0.4819065	 Acc:0.1250000	 lr:0.0002949	 Mean_Total:0.4229922
2021-11-25 21:30:11,439 -  1684 /  2109 (079%):	 Total:1.3973696	 Acc:0.1875000	 lr:0.0002942	 Mean_Total:0.4700294
2021-11-25 21:30:20,533 -  2105 /  2109 (099%):	 Total:0.4311454	 Acc:0.3437500	 lr:0.0002935	 Mean_Total:0.5103490
2021-11-25 21:30:20,737 - ===============================| start validation |===============================
2021-11-25 21:30:23,589 - 	 Total:0.5156581	 Acc:0.2880609
2021-11-25 21:30:23,593 -    ini file updated    
2021-11-25 21:30:23,599 - Snapshot saved to /data/users/wergillius/UTR_VAE/pth/RL_gru_MTL/1_layer_model/human_k5-model_best_cv2.pth

2021-11-25 21:30:23,599 -    ini file updated    
2021-11-25 21:30:23,599 - ===============================|    epoch 43   |===============================
2021-11-25 21:30:24,176 -     0 /  2109 (000%):	 Total:0.3266782	 Acc:0.2500000	 lr:0.0002935	 Mean_Total:0.3266782
2021-11-25 21:30:33,310 -   421 /  2109 (019%):	 Total:0.2239647	 Acc:0.4375000	 lr:0.0002928	 Mean_Total:0.3684033
2021-11-25 21:30:42,586 -   842 /  2109 (039%):	 Total:0.2435359	 Acc:0.2812500	 lr:0.0002922	 Mean_Total:0.3940409
2021-11-25 21:30:51,827 -  1263 /  2109 (059%):	 Total:0.2043419	 Acc:0.3125000	 lr:0.0002915	 Mean_Total:0.4222799
2021-11-25 21:31:01,126 -  1684 /  2109 (079%):	 Total:0.8232994	 Acc:0.1562500	 lr:0.0002908	 Mean_Total:0.4709190
2021-11-25 21:31:10,823 -  2105 /  2109 (099%):	 Total:0.4331204	 Acc:0.2500000	 lr:0.0002902	 Mean_Total:0.5099200
2021-11-25 21:31:11,018 - ===============================| start validation |===============================
2021-11-25 21:31:14,081 - 	 Total:0.5154163	 Acc:0.2868590
2021-11-25 21:31:14,085 -    ini file updated    
2021-11-25 21:31:14,085 - ===============================|    epoch 44   |===============================
2021-11-25 21:31:14,622 -     0 /  2109 (000%):	 Total:0.2012113	 Acc:0.3750000	 lr:0.0002902	 Mean_Total:0.2012113
2021-11-25 21:31:23,868 -   421 /  2109 (019%):	 Total:0.2385673	 Acc:0.3437500	 lr:0.0002895	 Mean_Total:0.3655309
2021-11-25 21:31:33,270 -   842 /  2109 (039%):	 Total:0.2920724	 Acc:0.1875000	 lr:0.0002888	 Mean_Total:0.3895354
2021-11-25 21:31:42,823 -  1263 /  2109 (059%):	 Total:0.4371141	 Acc:0.1562500	 lr:0.0002882	 Mean_Total:0.4169203
2021-11-25 21:31:52,235 -  1684 /  2109 (079%):	 Total:1.3231992	 Acc:0.1250000	 lr:0.0002876	 Mean_Total:0.4660484
2021-11-25 21:32:01,734 -  2105 /  2109 (099%):	 Total:0.3910810	 Acc:0.1562500	 lr:0.0002869	 Mean_Total:0.5053781
2021-11-25 21:32:01,940 - ===============================| start validation |===============================
2021-11-25 21:32:04,781 - 	 Total:0.5109019	 Acc:0.2904647
2021-11-25 21:32:04,785 -    ini file updated    
2021-11-25 21:32:04,790 - Snapshot saved to /data/users/wergillius/UTR_VAE/pth/RL_gru_MTL/1_layer_model/human_k5-model_best_cv2.pth

2021-11-25 21:32:04,791 -    ini file updated    
2021-11-25 21:32:04,791 - ===============================|    epoch 45   |===============================
2021-11-25 21:32:05,405 -     0 /  2109 (000%):	 Total:0.1964508	 Acc:0.4375000	 lr:0.0002869	 Mean_Total:0.1964508
2021-11-25 21:32:14,663 -   421 /  2109 (019%):	 Total:0.3087931	 Acc:0.2500000	 lr:0.0002863	 Mean_Total:0.3696155
2021-11-25 21:32:23,957 -   842 /  2109 (039%):	 Total:0.2481833	 Acc:0.4062500	 lr:0.0002856	 Mean_Total:0.3919453
2021-11-25 21:32:33,314 -  1263 /  2109 (059%):	 Total:0.4350309	 Acc:0.1250000	 lr:0.0002850	 Mean_Total:0.4193761
2021-11-25 21:32:42,740 -  1684 /  2109 (079%):	 Total:1.0753686	 Acc:0.1875000	 lr:0.0002844	 Mean_Total:0.4669298
2021-11-25 21:32:52,132 -  2105 /  2109 (099%):	 Total:0.3531672	 Acc:0.2500000	 lr:0.0002838	 Mean_Total:0.5060367
2021-11-25 21:32:52,325 - ===============================| start validation |===============================
2021-11-25 21:32:55,365 - 	 Total:0.5101158	 Acc:0.2875267
2021-11-25 21:32:55,368 -    ini file updated    
2021-11-25 21:32:55,374 - Snapshot saved to /data/users/wergillius/UTR_VAE/pth/RL_gru_MTL/1_layer_model/human_k5-model_best_cv2.pth

2021-11-25 21:32:55,375 -    ini file updated    
2021-11-25 21:32:55,375 - ===============================|    epoch 46   |===============================
2021-11-25 21:32:55,929 -     0 /  2109 (000%):	 Total:0.1036365	 Acc:0.6250000	 lr:0.0002838	 Mean_Total:0.1036365
2021-11-25 21:33:05,561 -   421 /  2109 (019%):	 Total:0.3926662	 Acc:0.4687500	 lr:0.0002832	 Mean_Total:0.3691485
2021-11-25 21:33:15,051 -   842 /  2109 (039%):	 Total:0.4880871	 Acc:0.2812500	 lr:0.0002826	 Mean_Total:0.3915596
2021-11-25 21:33:24,649 -  1263 /  2109 (059%):	 Total:0.4899419	 Acc:0.2187500	 lr:0.0002819	 Mean_Total:0.4162251
2021-11-25 21:33:34,346 -  1684 /  2109 (079%):	 Total:0.4888513	 Acc:0.1562500	 lr:0.0002813	 Mean_Total:0.4666317
2021-11-25 21:33:43,547 -  2105 /  2109 (099%):	 Total:0.4228325	 Acc:0.2500000	 lr:0.0002807	 Mean_Total:0.5061662
2021-11-25 21:33:43,746 - ===============================| start validation |===============================
2021-11-25 21:33:46,842 - 	 Total:0.5074158	 Acc:0.2837874
2021-11-25 21:33:46,845 -    ini file updated    
2021-11-25 21:33:46,851 - Snapshot saved to /data/users/wergillius/UTR_VAE/pth/RL_gru_MTL/1_layer_model/human_k5-model_best_cv2.pth

2021-11-25 21:33:46,851 -    ini file updated    
2021-11-25 21:33:46,852 - ===============================|    epoch 47   |===============================
2021-11-25 21:33:47,440 -     0 /  2109 (000%):	 Total:0.2466247	 Acc:0.2500000	 lr:0.0002807	 Mean_Total:0.2466247
2021-11-25 21:33:56,834 -   421 /  2109 (019%):	 Total:0.2558156	 Acc:0.4687500	 lr:0.0002801	 Mean_Total:0.3644891
2021-11-25 21:34:06,412 -   842 /  2109 (039%):	 Total:0.3898297	 Acc:0.3437500	 lr:0.0002796	 Mean_Total:0.3897038
2021-11-25 21:34:15,588 -  1263 /  2109 (059%):	 Total:0.4734255	 Acc:0.4687500	 lr:0.0002790	 Mean_Total:0.4161796
2021-11-25 21:34:24,898 -  1684 /  2109 (079%):	 Total:0.7061049	 Acc:0.2500000	 lr:0.0002784	 Mean_Total:0.4623898
2021-11-25 21:34:34,347 -  2105 /  2109 (099%):	 Total:0.4148129	 Acc:0.3437500	 lr:0.0002778	 Mean_Total:0.5013584
2021-11-25 21:34:34,553 - ===============================| start validation |===============================
2021-11-25 21:34:37,734 - 	 Total:0.5194358	 Acc:0.2871261
2021-11-25 21:34:37,739 -    ini file updated    
2021-11-25 21:34:37,739 - ===============================|    epoch 48   |===============================
2021-11-25 21:34:38,415 -     0 /  2109 (000%):	 Total:0.2490842	 Acc:0.3125000	 lr:0.0002778	 Mean_Total:0.2490842
2021-11-25 21:34:47,939 -   421 /  2109 (019%):	 Total:0.2226861	 Acc:0.3750000	 lr:0.0002772	 Mean_Total:0.3634556
2021-11-25 21:34:57,427 -   842 /  2109 (039%):	 Total:0.3434743	 Acc:0.3125000	 lr:0.0002767	 Mean_Total:0.3870271
2021-11-25 21:35:06,543 -  1263 /  2109 (059%):	 Total:0.6497136	 Acc:0.2187500	 lr:0.0002761	 Mean_Total:0.4123844
2021-11-25 21:35:16,067 -  1684 /  2109 (079%):	 Total:0.6494244	 Acc:0.1250000	 lr:0.0002755	 Mean_Total:0.4605941
2021-11-25 21:35:25,510 -  2105 /  2109 (099%):	 Total:0.9889838	 Acc:0.3125000	 lr:0.0002750	 Mean_Total:0.5006769
2021-11-25 21:35:25,704 - ===============================| start validation |===============================
2021-11-25 21:35:28,743 - 	 Total:0.5088568	 Acc:0.2884615
2021-11-25 21:35:28,747 -    ini file updated    
2021-11-25 21:35:28,748 - ===============================|    epoch 49   |===============================
2021-11-25 21:35:29,323 -     0 /  2109 (000%):	 Total:0.1630254	 Acc:0.5312500	 lr:0.0002750	 Mean_Total:0.1630254
2021-11-25 21:35:38,989 -   421 /  2109 (019%):	 Total:0.7456041	 Acc:0.3125000	 lr:0.0002744	 Mean_Total:0.3577208
2021-11-25 21:35:48,416 -   842 /  2109 (039%):	 Total:0.4405191	 Acc:0.2187500	 lr:0.0002738	 Mean_Total:0.3846582
2021-11-25 21:35:57,605 -  1263 /  2109 (059%):	 Total:0.6518533	 Acc:0.2187500	 lr:0.0002733	 Mean_Total:0.4110420
2021-11-25 21:36:07,414 -  1684 /  2109 (079%):	 Total:0.7311251	 Acc:0.2812500	 lr:0.0002727	 Mean_Total:0.4573173
2021-11-25 21:36:16,955 -  2105 /  2109 (099%):	 Total:1.0675381	 Acc:0.2187500	 lr:0.0002722	 Mean_Total:0.4984239
2021-11-25 21:36:17,131 - ===============================| start validation |===============================
2021-11-25 21:36:20,291 - 	 Total:0.5028328	 Acc:0.2903312
2021-11-25 21:36:20,296 -    ini file updated    
2021-11-25 21:36:20,305 - Snapshot saved to /data/users/wergillius/UTR_VAE/pth/RL_gru_MTL/1_layer_model/human_k5-model_best_cv2.pth

2021-11-25 21:36:20,305 -    ini file updated    
2021-11-25 21:36:20,305 - ===============================|    epoch 50   |===============================
2021-11-25 21:36:20,874 -     0 /  2109 (000%):	 Total:0.2748595	 Acc:0.3750000	 lr:0.0002722	 Mean_Total:0.2748595
2021-11-25 21:36:30,449 -   421 /  2109 (019%):	 Total:0.2564002	 Acc:0.5000000	 lr:0.0002716	 Mean_Total:0.3597195
2021-11-25 21:36:39,682 -   842 /  2109 (039%):	 Total:0.2939093	 Acc:0.2812500	 lr:0.0002711	 Mean_Total:0.3820076
2021-11-25 21:36:48,929 -  1263 /  2109 (059%):	 Total:0.8979119	 Acc:0.1562500	 lr:0.0002706	 Mean_Total:0.4115071
2021-11-25 21:36:58,632 -  1684 /  2109 (079%):	 Total:0.7812407	 Acc:0.1250000	 lr:0.0002700	 Mean_Total:0.4578521
2021-11-25 21:37:08,031 -  2105 /  2109 (099%):	 Total:0.7741092	 Acc:0.1562500	 lr:0.0002695	 Mean_Total:0.4977807
2021-11-25 21:37:08,213 - ===============================| start validation |===============================
2021-11-25 21:37:11,261 - 	 Total:0.5010311	 Acc:0.2869925
2021-11-25 21:37:11,265 -    ini file updated    
2021-11-25 21:37:11,272 - Snapshot saved to /data/users/wergillius/UTR_VAE/pth/RL_gru_MTL/1_layer_model/human_k5-model_best_cv2.pth

2021-11-25 21:37:11,273 -    ini file updated    
2021-11-25 21:37:11,273 - ===============================|    epoch 51   |===============================
2021-11-25 21:37:11,803 -     0 /  2109 (000%):	 Total:0.2319033	 Acc:0.4062500	 lr:0.0002695	 Mean_Total:0.2319033
2021-11-25 21:37:21,428 -   421 /  2109 (019%):	 Total:0.3258115	 Acc:0.3750000	 lr:0.0002690	 Mean_Total:0.3573672
2021-11-25 21:37:30,666 -   842 /  2109 (039%):	 Total:0.5455815	 Acc:0.2812500	 lr:0.0002685	 Mean_Total:0.3834332
2021-11-25 21:37:40,104 -  1263 /  2109 (059%):	 Total:0.5291971	 Acc:0.1562500	 lr:0.0002679	 Mean_Total:0.4112990
2021-11-25 21:37:49,605 -  1684 /  2109 (079%):	 Total:0.5205812	 Acc:0.2187500	 lr:0.0002674	 Mean_Total:0.4560996
2021-11-25 21:37:58,957 -  2105 /  2109 (099%):	 Total:0.4654925	 Acc:0.3750000	 lr:0.0002669	 Mean_Total:0.4980590
2021-11-25 21:37:59,178 - ===============================| start validation |===============================
2021-11-25 21:38:02,210 - 	 Total:0.5138438	 Acc:0.2865919
2021-11-25 21:38:02,213 -    ini file updated    
2021-11-25 21:38:02,214 - ===============================|    epoch 52   |===============================
2021-11-25 21:38:02,747 -     0 /  2109 (000%):	 Total:0.1064440	 Acc:0.5312500	 lr:0.0002669	 Mean_Total:0.1064440
2021-11-25 21:38:12,255 -   421 /  2109 (019%):	 Total:0.2697669	 Acc:0.2187500	 lr:0.0002664	 Mean_Total:0.3527573
2021-11-25 21:38:21,459 -   842 /  2109 (039%):	 Total:0.4049992	 Acc:0.3125000	 lr:0.0002659	 Mean_Total:0.3814960
2021-11-25 21:38:31,201 -  1263 /  2109 (059%):	 Total:1.2970634	 Acc:0.3125000	 lr:0.0002654	 Mean_Total:0.4093479
2021-11-25 21:38:40,707 -  1684 /  2109 (079%):	 Total:1.1067116	 Acc:0.1875000	 lr:0.0002649	 Mean_Total:0.4571823
2021-11-25 21:38:50,537 -  2105 /  2109 (099%):	 Total:0.4011893	 Acc:0.2812500	 lr:0.0002644	 Mean_Total:0.4979226
2021-11-25 21:38:50,795 - ===============================| start validation |===============================
2021-11-25 21:38:53,922 - 	 Total:0.4983101	 Acc:0.2893964
2021-11-25 21:38:53,926 -    ini file updated    
2021-11-25 21:38:53,932 - Snapshot saved to /data/users/wergillius/UTR_VAE/pth/RL_gru_MTL/1_layer_model/human_k5-model_best_cv2.pth

2021-11-25 21:38:53,932 -    ini file updated    
2021-11-25 21:38:53,933 - ===============================|    epoch 53   |===============================
2021-11-25 21:38:54,571 -     0 /  2109 (000%):	 Total:0.3228775	 Acc:0.3437500	 lr:0.0002644	 Mean_Total:0.3228775
2021-11-25 21:39:04,366 -   421 /  2109 (019%):	 Total:0.3245756	 Acc:0.2812500	 lr:0.0002639	 Mean_Total:0.3579263
2021-11-25 21:39:13,792 -   842 /  2109 (039%):	 Total:0.3559737	 Acc:0.3437500	 lr:0.0002634	 Mean_Total:0.3795383
2021-11-25 21:39:23,578 -  1263 /  2109 (059%):	 Total:0.4639424	 Acc:0.2500000	 lr:0.0002629	 Mean_Total:0.4087044
2021-11-25 21:39:33,057 -  1684 /  2109 (079%):	 Total:0.8665003	 Acc:0.1562500	 lr:0.0002624	 Mean_Total:0.4571818
2021-11-25 21:39:42,582 -  2105 /  2109 (099%):	 Total:0.4616385	 Acc:0.3125000	 lr:0.0002619	 Mean_Total:0.4962104
2021-11-25 21:39:42,810 - ===============================| start validation |===============================
2021-11-25 21:39:46,069 - 	 Total:0.4959284	 Acc:0.2885951
2021-11-25 21:39:46,072 -    ini file updated    
2021-11-25 21:39:46,081 - Snapshot saved to /data/users/wergillius/UTR_VAE/pth/RL_gru_MTL/1_layer_model/human_k5-model_best_cv2.pth

2021-11-25 21:39:46,082 -    ini file updated    
2021-11-25 21:39:46,082 - ===============================|    epoch 54   |===============================
2021-11-25 21:39:46,663 -     0 /  2109 (000%):	 Total:0.2795996	 Acc:0.3437500	 lr:0.0002619	 Mean_Total:0.2795996
2021-11-25 21:39:56,391 -   421 /  2109 (019%):	 Total:0.6785010	 Acc:0.2812500	 lr:0.0002614	 Mean_Total:0.3542666
2021-11-25 21:40:05,357 -   842 /  2109 (039%):	 Total:0.4012329	 Acc:0.3125000	 lr:0.0002610	 Mean_Total:0.3781601
2021-11-25 21:40:14,396 -  1263 /  2109 (059%):	 Total:0.4988981	 Acc:0.2187500	 lr:0.0002605	 Mean_Total:0.4075644
2021-11-25 21:40:23,622 -  1684 /  2109 (079%):	 Total:0.6565216	 Acc:0.1250000	 lr:0.0002600	 Mean_Total:0.4546552
2021-11-25 21:40:33,045 -  2105 /  2109 (099%):	 Total:1.0714238	 Acc:0.2187500	 lr:0.0002595	 Mean_Total:0.4944133
2021-11-25 21:40:33,261 - ===============================| start validation |===============================
2021-11-25 21:40:36,458 - 	 Total:0.5160035	 Acc:0.2860577
2021-11-25 21:40:36,461 -    ini file updated    
2021-11-25 21:40:36,461 - ===============================|    epoch 55   |===============================
2021-11-25 21:40:36,997 -     0 /  2109 (000%):	 Total:0.2113926	 Acc:0.4687500	 lr:0.0002595	 Mean_Total:0.2113926
2021-11-25 21:40:46,196 -   421 /  2109 (019%):	 Total:0.9194235	 Acc:0.2812500	 lr:0.0002591	 Mean_Total:0.3551428
2021-11-25 21:40:55,335 -   842 /  2109 (039%):	 Total:0.5774207	 Acc:0.3125000	 lr:0.0002586	 Mean_Total:0.3773733
2021-11-25 21:41:04,506 -  1263 /  2109 (059%):	 Total:0.4641550	 Acc:0.1875000	 lr:0.0002581	 Mean_Total:0.4036830
2021-11-25 21:41:13,756 -  1684 /  2109 (079%):	 Total:0.5710638	 Acc:0.1875000	 lr:0.0002577	 Mean_Total:0.4523373
2021-11-25 21:41:22,734 -  2105 /  2109 (099%):	 Total:0.7154645	 Acc:0.1562500	 lr:0.0002572	 Mean_Total:0.4915079
2021-11-25 21:41:22,934 - ===============================| start validation |===============================
2021-11-25 21:41:25,801 - 	 Total:0.5127781	 Acc:0.2852564
2021-11-25 21:41:25,804 -    ini file updated    
2021-11-25 21:41:25,804 - ===============================|    epoch 56   |===============================
2021-11-25 21:41:26,342 -     0 /  2109 (000%):	 Total:0.2722188	 Acc:0.2812500	 lr:0.0002572	 Mean_Total:0.2722188
2021-11-25 21:41:35,383 -   421 /  2109 (019%):	 Total:0.2191808	 Acc:0.4375000	 lr:0.0002567	 Mean_Total:0.3505866
2021-11-25 21:41:44,400 -   842 /  2109 (039%):	 Total:0.3096685	 Acc:0.2500000	 lr:0.0002563	 Mean_Total:0.3755151
2021-11-25 21:41:53,825 -  1263 /  2109 (059%):	 Total:0.2711895	 Acc:0.3125000	 lr:0.0002558	 Mean_Total:0.4034823
2021-11-25 21:42:03,204 -  1684 /  2109 (079%):	 Total:0.6556754	 Acc:0.3437500	 lr:0.0002554	 Mean_Total:0.4491518
2021-11-25 21:42:12,396 -  2105 /  2109 (099%):	 Total:0.3843997	 Acc:0.2187500	 lr:0.0002549	 Mean_Total:0.4879026
2021-11-25 21:42:12,630 - ===============================| start validation |===============================
2021-11-25 21:42:15,680 - 	 Total:0.4912190	 Acc:0.2891293
2021-11-25 21:42:15,684 -    ini file updated    
2021-11-25 21:42:15,690 - Snapshot saved to /data/users/wergillius/UTR_VAE/pth/RL_gru_MTL/1_layer_model/human_k5-model_best_cv2.pth

2021-11-25 21:42:15,690 -    ini file updated    
2021-11-25 21:42:15,691 - ===============================|    epoch 57   |===============================
2021-11-25 21:42:16,301 -     0 /  2109 (000%):	 Total:0.2696281	 Acc:0.1562500	 lr:0.0002549	 Mean_Total:0.2696281
2021-11-25 21:42:26,001 -   421 /  2109 (019%):	 Total:0.2964863	 Acc:0.3750000	 lr:0.0002545	 Mean_Total:0.3529921
2021-11-25 21:42:35,613 -   842 /  2109 (039%):	 Total:0.2524493	 Acc:0.3750000	 lr:0.0002540	 Mean_Total:0.3729909
2021-11-25 21:42:45,492 -  1263 /  2109 (059%):	 Total:0.6042653	 Acc:0.1250000	 lr:0.0002536	 Mean_Total:0.4017759
2021-11-25 21:42:55,119 -  1684 /  2109 (079%):	 Total:0.5589434	 Acc:0.1562500	 lr:0.0002532	 Mean_Total:0.4494985
2021-11-25 21:43:04,583 -  2105 /  2109 (099%):	 Total:0.8396565	 Acc:0.2500000	 lr:0.0002527	 Mean_Total:0.4879052
2021-11-25 21:43:04,801 - ===============================| start validation |===============================
2021-11-25 21:43:07,748 - 	 Total:0.4965730	 Acc:0.2887286
2021-11-25 21:43:07,752 -    ini file updated    
2021-11-25 21:43:07,753 - ===============================|    epoch 58   |===============================
2021-11-25 21:43:08,252 -     0 /  2109 (000%):	 Total:0.4700865	 Acc:0.3750000	 lr:0.0002527	 Mean_Total:0.4700865
2021-11-25 21:43:16,298 -   421 /  2109 (019%):	 Total:0.4188344	 Acc:0.3125000	 lr:0.0002523	 Mean_Total:0.3467746
2021-11-25 21:43:24,112 -   842 /  2109 (039%):	 Total:0.1438316	 Acc:0.4062500	 lr:0.0002519	 Mean_Total:0.3732679
2021-11-25 21:43:32,110 -  1263 /  2109 (059%):	 Total:0.7364140	 Acc:0.2812500	 lr:0.0002514	 Mean_Total:0.3996418
2021-11-25 21:43:40,047 -  1684 /  2109 (079%):	 Total:1.0483309	 Acc:0.1250000	 lr:0.0002510	 Mean_Total:0.4478413
2021-11-25 21:43:48,378 -  2105 /  2109 (099%):	 Total:0.7737525	 Acc:0.1875000	 lr:0.0002506	 Mean_Total:0.4884716
2021-11-25 21:43:48,553 - ===============================| start validation |===============================
2021-11-25 21:43:51,367 - 	 Total:0.4926395	 Acc:0.2895299
2021-11-25 21:43:51,371 -    ini file updated    
2021-11-25 21:43:51,371 - ===============================|    epoch 59   |===============================
2021-11-25 21:43:51,914 -     0 /  2109 (000%):	 Total:0.1710233	 Acc:0.4062500	 lr:0.0002506	 Mean_Total:0.1710233
2021-11-25 21:44:00,586 -   421 /  2109 (019%):	 Total:0.8401192	 Acc:0.1875000	 lr:0.0002501	 Mean_Total:0.3469714
2021-11-25 21:44:08,624 -   842 /  2109 (039%):	 Total:0.3609090	 Acc:0.3125000	 lr:0.0002497	 Mean_Total:0.3692223
2021-11-25 21:44:16,852 -  1263 /  2109 (059%):	 Total:0.5018575	 Acc:0.3437500	 lr:0.0002493	 Mean_Total:0.3977953
2021-11-25 21:44:24,668 -  1684 /  2109 (079%):	 Total:0.5565147	 Acc:0.1875000	 lr:0.0002489	 Mean_Total:0.4471010
2021-11-25 21:44:32,725 -  2105 /  2109 (099%):	 Total:0.7007437	 Acc:0.2812500	 lr:0.0002485	 Mean_Total:0.4866644
2021-11-25 21:44:32,911 - ===============================| start validation |===============================
2021-11-25 21:44:35,603 - 	 Total:0.4923589	 Acc:0.2896635
2021-11-25 21:44:35,606 -    ini file updated    
2021-11-25 21:44:35,606 - ===============================|    epoch 60   |===============================
2021-11-25 21:44:36,128 -     0 /  2109 (000%):	 Total:0.1721186	 Acc:0.4062500	 lr:0.0002485	 Mean_Total:0.1721186
2021-11-25 21:44:44,234 -   421 /  2109 (019%):	 Total:0.1432748	 Acc:0.4375000	 lr:0.0002481	 Mean_Total:0.3484956
2021-11-25 21:44:52,081 -   842 /  2109 (039%):	 Total:0.4693643	 Acc:0.2812500	 lr:0.0002477	 Mean_Total:0.3709588
2021-11-25 21:45:00,485 -  1263 /  2109 (059%):	 Total:0.4900120	 Acc:0.1875000	 lr:0.0002472	 Mean_Total:0.4002109
2021-11-25 21:45:08,567 -  1684 /  2109 (079%):	 Total:0.9282832	 Acc:0.1875000	 lr:0.0002468	 Mean_Total:0.4432717
2021-11-25 21:45:15,932 -  2105 /  2109 (099%):	 Total:0.7032883	 Acc:0.1875000	 lr:0.0002464	 Mean_Total:0.4835873
2021-11-25 21:45:16,103 - ===============================| start validation |===============================
2021-11-25 21:45:18,644 - 	 Total:0.4872159	 Acc:0.2907318
2021-11-25 21:45:18,648 -    ini file updated    
2021-11-25 21:45:18,654 - Snapshot saved to /data/users/wergillius/UTR_VAE/pth/RL_gru_MTL/1_layer_model/human_k5-model_best_cv2.pth

2021-11-25 21:45:18,654 -    ini file updated    
