2021-11-27 15:04:18,445 -   	 	 ==============<<< device used: cuda:1  >>>============== 	 	 
2021-11-27 15:04:38,957 - ===============================|    epoch 0   |===============================
2021-11-27 15:04:39,914 -     0 /  2109 (000%):	 Total:35.4891357	 Acc:0.0000000	 lr:0.0009882	 Mean_Total:35.4891357
2021-11-27 15:05:13,798 -   421 /  2109 (019%):	 Total:1.3708297	 Acc:0.1562500	 lr:0.0043027	 Mean_Total:1.9053829
2021-11-27 15:05:47,709 -   842 /  2109 (039%):	 Total:1.0971148	 Acc:0.0937500	 lr:0.0030443	 Mean_Total:1.5396219
2021-11-27 15:06:21,157 -  1263 /  2109 (059%):	 Total:1.1490786	 Acc:0.1562500	 lr:0.0024861	 Mean_Total:1.3937231
2021-11-27 15:06:54,354 -  1684 /  2109 (079%):	 Total:2.5146563	 Acc:0.0937500	 lr:0.0021533	 Mean_Total:1.3336616
2021-11-27 15:07:26,564 -  2105 /  2109 (099%):	 Total:1.3199885	 Acc:0.1562500	 lr:0.0019260	 Mean_Total:1.3075843
2021-11-27 15:07:27,039 - ===============================| start validation |===============================
2021-11-27 15:07:36,636 - 	 Total:0.9691674	 Acc:0.2083333
2021-11-27 15:07:36,645 -    ini file updated    
2021-11-27 15:07:36,653 - Snapshot saved to /data/users/wergillius/UTR_VAE/pth/RL_gru_MTL/1_layer_model/human_k17-model_best_cv5.pth

2021-11-27 15:07:36,654 -    ini file updated    
2021-11-27 15:07:36,654 - ===============================|    epoch 1   |===============================
2021-11-27 15:07:37,401 -     0 /  2109 (000%):	 Total:0.2353182	 Acc:0.3125000	 lr:0.0019242	 Mean_Total:0.2353182
2021-11-27 15:08:10,191 -   421 /  2109 (019%):	 Total:0.4079796	 Acc:0.1875000	 lr:0.0017569	 Mean_Total:0.8596650
2021-11-27 15:08:44,327 -   842 /  2109 (039%):	 Total:0.9744726	 Acc:0.2812500	 lr:0.0016268	 Mean_Total:0.8749951
2021-11-27 15:09:18,853 -  1263 /  2109 (059%):	 Total:1.3481542	 Acc:0.1250000	 lr:0.0015219	 Mean_Total:0.8913434
2021-11-27 15:09:51,621 -  1684 /  2109 (079%):	 Total:0.4426000	 Acc:0.2812500	 lr:0.0014350	 Mean_Total:0.9171808
2021-11-27 15:10:25,040 -  2105 /  2109 (099%):	 Total:0.5758506	 Acc:0.0937500	 lr:0.0013614	 Mean_Total:0.9464325
2021-11-27 15:10:25,545 - ===============================| start validation |===============================
2021-11-27 15:10:35,638 - 	 Total:0.8465515	 Acc:0.2260951
2021-11-27 15:10:35,644 -    ini file updated    
2021-11-27 15:10:35,669 - Snapshot saved to /data/users/wergillius/UTR_VAE/pth/RL_gru_MTL/1_layer_model/human_k17-model_best_cv5.pth

2021-11-27 15:10:35,670 -    ini file updated    
2021-11-27 15:10:35,670 - ===============================|    epoch 2   |===============================
2021-11-27 15:10:36,490 -     0 /  2109 (000%):	 Total:1.4136407	 Acc:0.2812500	 lr:0.0013608	 Mean_Total:1.4136407
2021-11-27 15:11:09,273 -   421 /  2109 (019%):	 Total:2.2020476	 Acc:0.3125000	 lr:0.0012976	 Mean_Total:0.7403380
2021-11-27 15:11:42,031 -   842 /  2109 (039%):	 Total:0.2739786	 Acc:0.1562500	 lr:0.0012424	 Mean_Total:0.7699758
2021-11-27 15:12:15,655 -  1263 /  2109 (059%):	 Total:0.9518777	 Acc:0.1562500	 lr:0.0011938	 Mean_Total:0.7855249
2021-11-27 15:12:50,025 -  1684 /  2109 (079%):	 Total:2.2516479	 Acc:0.0937500	 lr:0.0011504	 Mean_Total:0.8172115
2021-11-27 15:13:23,442 -  2105 /  2109 (099%):	 Total:1.0243037	 Acc:0.2500000	 lr:0.0011115	 Mean_Total:0.8500003
2021-11-27 15:13:23,902 - ===============================| start validation |===============================
2021-11-27 15:13:34,275 - 	 Total:0.7811845	 Acc:0.2453259
2021-11-27 15:13:34,280 -    ini file updated    
2021-11-27 15:13:34,286 - Snapshot saved to /data/users/wergillius/UTR_VAE/pth/RL_gru_MTL/1_layer_model/human_k17-model_best_cv5.pth

2021-11-27 15:13:34,287 -    ini file updated    
2021-11-27 15:13:34,287 - ===============================|    epoch 3   |===============================
2021-11-27 15:13:35,163 -     0 /  2109 (000%):	 Total:0.6090918	 Acc:0.4062500	 lr:0.0011111	 Mean_Total:0.6090918
2021-11-27 15:14:09,169 -   421 /  2109 (019%):	 Total:0.7333307	 Acc:0.0625000	 lr:0.0010759	 Mean_Total:0.6520708
2021-11-27 15:14:40,795 -   842 /  2109 (039%):	 Total:0.5220542	 Acc:0.2187500	 lr:0.0010438	 Mean_Total:0.6879115
2021-11-27 15:15:13,772 -  1263 /  2109 (059%):	 Total:0.7602935	 Acc:0.3750000	 lr:0.0010145	 Mean_Total:0.7145671
2021-11-27 15:15:47,743 -  1684 /  2109 (079%):	 Total:0.5199643	 Acc:0.1562500	 lr:0.0009875	 Mean_Total:0.7521360
2021-11-27 15:16:20,062 -  2105 /  2109 (099%):	 Total:0.9587115	 Acc:0.2500000	 lr:0.0009625	 Mean_Total:0.7847470
2021-11-27 15:16:20,480 - ===============================| start validation |===============================
2021-11-27 15:16:31,624 - 	 Total:0.7406647	 Acc:0.2529380
2021-11-27 15:16:31,629 -    ini file updated    
2021-11-27 15:16:31,635 - Snapshot saved to /data/users/wergillius/UTR_VAE/pth/RL_gru_MTL/1_layer_model/human_k17-model_best_cv5.pth

2021-11-27 15:16:31,636 -    ini file updated    
2021-11-27 15:16:31,636 - ===============================|    epoch 4   |===============================
2021-11-27 15:16:32,430 -     0 /  2109 (000%):	 Total:0.2038177	 Acc:0.4062500	 lr:0.0009623	 Mean_Total:0.2038177
2021-11-27 15:17:07,314 -   421 /  2109 (019%):	 Total:0.4923096	 Acc:0.3437500	 lr:0.0009391	 Mean_Total:0.6037116
2021-11-27 15:17:40,841 -   842 /  2109 (039%):	 Total:0.6211065	 Acc:0.2812500	 lr:0.0009176	 Mean_Total:0.6471299
2021-11-27 15:18:13,902 -  1263 /  2109 (059%):	 Total:0.8817155	 Acc:0.2187500	 lr:0.0008974	 Mean_Total:0.6723635
2021-11-27 15:18:46,238 -  1684 /  2109 (079%):	 Total:0.8192351	 Acc:0.2187500	 lr:0.0008786	 Mean_Total:0.7102029
2021-11-27 15:19:20,705 -  2105 /  2109 (099%):	 Total:0.6102253	 Acc:0.2500000	 lr:0.0008609	 Mean_Total:0.7417854
2021-11-27 15:19:21,075 - ===============================| start validation |===============================
2021-11-27 15:19:31,050 - 	 Total:0.7155731	 Acc:0.2589476
2021-11-27 15:19:31,059 -    ini file updated    
2021-11-27 15:19:31,069 - Snapshot saved to /data/users/wergillius/UTR_VAE/pth/RL_gru_MTL/1_layer_model/human_k17-model_best_cv5.pth

2021-11-27 15:19:31,070 -    ini file updated    
2021-11-27 15:19:31,070 - ===============================|    epoch 5   |===============================
2021-11-27 15:19:31,898 -     0 /  2109 (000%):	 Total:0.3882010	 Acc:0.3750000	 lr:0.0008607	 Mean_Total:0.3882010
2021-11-27 15:20:06,196 -   421 /  2109 (019%):	 Total:0.6383762	 Acc:0.2500000	 lr:0.0008440	 Mean_Total:0.5793079
2021-11-27 15:20:39,563 -   842 /  2109 (039%):	 Total:0.6871638	 Acc:0.2187500	 lr:0.0008283	 Mean_Total:0.6246635
2021-11-27 15:21:13,776 -  1263 /  2109 (059%):	 Total:0.9176007	 Acc:0.1250000	 lr:0.0008134	 Mean_Total:0.6536475
2021-11-27 15:21:48,042 -  1684 /  2109 (079%):	 Total:1.4224396	 Acc:0.1250000	 lr:0.0007992	 Mean_Total:0.6881313
2021-11-27 15:22:22,628 -  2105 /  2109 (099%):	 Total:0.6337424	 Acc:0.1875000	 lr:0.0007858	 Mean_Total:0.7197568
2021-11-27 15:22:23,114 - ===============================| start validation |===============================
2021-11-27 15:22:33,350 - 	 Total:0.7036564	 Acc:0.2550748
2021-11-27 15:22:33,356 -    ini file updated    
2021-11-27 15:22:33,362 - Snapshot saved to /data/users/wergillius/UTR_VAE/pth/RL_gru_MTL/1_layer_model/human_k17-model_best_cv5.pth

2021-11-27 15:22:33,363 -    ini file updated    
2021-11-27 15:22:33,364 - ===============================|    epoch 6   |===============================
2021-11-27 15:22:34,056 -     0 /  2109 (000%):	 Total:0.4193925	 Acc:0.2812500	 lr:0.0007857	 Mean_Total:0.4193925
2021-11-27 15:23:08,681 -   421 /  2109 (019%):	 Total:0.7442142	 Acc:0.2500000	 lr:0.0007730	 Mean_Total:0.5614739
2021-11-27 15:23:42,922 -   842 /  2109 (039%):	 Total:1.1723177	 Acc:0.2812500	 lr:0.0007608	 Mean_Total:0.5997073
2021-11-27 15:24:16,415 -  1263 /  2109 (059%):	 Total:0.5433618	 Acc:0.2187500	 lr:0.0007492	 Mean_Total:0.6309375
2021-11-27 15:24:46,413 -  1684 /  2109 (079%):	 Total:1.1252558	 Acc:0.2500000	 lr:0.0007381	 Mean_Total:0.6649036
2021-11-27 15:25:19,469 -  2105 /  2109 (099%):	 Total:1.0057478	 Acc:0.2187500	 lr:0.0007275	 Mean_Total:0.6997612
2021-11-27 15:25:19,936 - ===============================| start validation |===============================
2021-11-27 15:25:29,580 - 	 Total:0.6885872	 Acc:0.2537393
2021-11-27 15:25:29,589 -    ini file updated    
2021-11-27 15:25:29,596 - Snapshot saved to /data/users/wergillius/UTR_VAE/pth/RL_gru_MTL/1_layer_model/human_k17-model_best_cv5.pth

2021-11-27 15:25:29,597 -    ini file updated    
2021-11-27 15:25:29,597 - ===============================|    epoch 7   |===============================
2021-11-27 15:25:30,366 -     0 /  2109 (000%):	 Total:0.6784054	 Acc:0.2500000	 lr:0.0007274	 Mean_Total:0.6784054
2021-11-27 15:26:04,658 -   421 /  2109 (019%):	 Total:2.0104907	 Acc:0.1250000	 lr:0.0007173	 Mean_Total:0.5370513
2021-11-27 15:26:39,689 -   842 /  2109 (039%):	 Total:0.4471683	 Acc:0.1562500	 lr:0.0007075	 Mean_Total:0.5788983
2021-11-27 15:27:13,217 -  1263 /  2109 (059%):	 Total:0.5546874	 Acc:0.2812500	 lr:0.0006982	 Mean_Total:0.6113869
2021-11-27 15:27:48,310 -  1684 /  2109 (079%):	 Total:0.7561910	 Acc:0.1875000	 lr:0.0006892	 Mean_Total:0.6443223
2021-11-27 15:28:20,050 -  2105 /  2109 (099%):	 Total:0.7269568	 Acc:0.0937500	 lr:0.0006805	 Mean_Total:0.6777929
2021-11-27 15:28:20,548 - ===============================| start validation |===============================
2021-11-27 15:28:30,134 - 	 Total:0.6755986	 Acc:0.2609509
2021-11-27 15:28:30,139 -    ini file updated    
2021-11-27 15:28:30,148 - Snapshot saved to /data/users/wergillius/UTR_VAE/pth/RL_gru_MTL/1_layer_model/human_k17-model_best_cv5.pth

2021-11-27 15:28:30,149 -    ini file updated    
2021-11-27 15:28:30,149 - ===============================|    epoch 8   |===============================
2021-11-27 15:28:30,836 -     0 /  2109 (000%):	 Total:0.2155340	 Acc:0.5312500	 lr:0.0006805	 Mean_Total:0.2155340
2021-11-27 15:29:04,323 -   421 /  2109 (019%):	 Total:0.4470063	 Acc:0.2812500	 lr:0.0006721	 Mean_Total:0.5177622
2021-11-27 15:29:37,884 -   842 /  2109 (039%):	 Total:0.2836471	 Acc:0.1875000	 lr:0.0006641	 Mean_Total:0.5588979
2021-11-27 15:30:11,199 -  1263 /  2109 (059%):	 Total:0.4513446	 Acc:0.1250000	 lr:0.0006563	 Mean_Total:0.5945833
2021-11-27 15:30:44,235 -  1684 /  2109 (079%):	 Total:0.6359460	 Acc:0.0625000	 lr:0.0006488	 Mean_Total:0.6281578
2021-11-27 15:31:18,110 -  2105 /  2109 (099%):	 Total:0.7666609	 Acc:0.3750000	 lr:0.0006416	 Mean_Total:0.6622134
2021-11-27 15:31:18,575 - ===============================| start validation |===============================
2021-11-27 15:31:28,915 - 	 Total:0.6728541	 Acc:0.2598825
2021-11-27 15:31:28,919 -    ini file updated    
2021-11-27 15:31:28,927 - Snapshot saved to /data/users/wergillius/UTR_VAE/pth/RL_gru_MTL/1_layer_model/human_k17-model_best_cv5.pth

2021-11-27 15:31:28,929 -    ini file updated    
2021-11-27 15:31:28,930 - ===============================|    epoch 9   |===============================
2021-11-27 15:31:29,790 -     0 /  2109 (000%):	 Total:0.1458062	 Acc:0.5937500	 lr:0.0006415	 Mean_Total:0.1458062
2021-11-27 15:32:01,594 -   421 /  2109 (019%):	 Total:0.3237749	 Acc:0.5000000	 lr:0.0006345	 Mean_Total:0.4940656
2021-11-27 15:32:34,750 -   842 /  2109 (039%):	 Total:0.6281614	 Acc:0.3750000	 lr:0.0006278	 Mean_Total:0.5414285
2021-11-27 15:33:08,627 -  1263 /  2109 (059%):	 Total:0.6665630	 Acc:0.0937500	 lr:0.0006212	 Mean_Total:0.5797949
2021-11-27 15:33:40,592 -  1684 /  2109 (079%):	 Total:0.5170774	 Acc:0.2500000	 lr:0.0006148	 Mean_Total:0.6129246
2021-11-27 15:34:11,702 -  2105 /  2109 (099%):	 Total:0.9666232	 Acc:0.2500000	 lr:0.0006087	 Mean_Total:0.6451523
2021-11-27 15:34:12,129 - ===============================| start validation |===============================
2021-11-27 15:34:22,288 - 	 Total:0.6601251	 Acc:0.2621528
2021-11-27 15:34:22,295 -    ini file updated    
2021-11-27 15:34:22,314 - Snapshot saved to /data/users/wergillius/UTR_VAE/pth/RL_gru_MTL/1_layer_model/human_k17-model_best_cv5.pth

2021-11-27 15:34:22,315 -    ini file updated    
2021-11-27 15:34:22,316 - ===============================|    epoch 10   |===============================
2021-11-27 15:34:23,006 -     0 /  2109 (000%):	 Total:0.2032205	 Acc:0.4687500	 lr:0.0006086	 Mean_Total:0.2032205
2021-11-27 15:34:55,692 -   421 /  2109 (019%):	 Total:0.6605974	 Acc:0.2500000	 lr:0.0006026	 Mean_Total:0.4918123
2021-11-27 15:35:29,015 -   842 /  2109 (039%):	 Total:0.7513356	 Acc:0.2812500	 lr:0.0005968	 Mean_Total:0.5363094
2021-11-27 15:36:02,360 -  1263 /  2109 (059%):	 Total:0.3368372	 Acc:0.2187500	 lr:0.0005912	 Mean_Total:0.5614444
2021-11-27 15:36:34,942 -  1684 /  2109 (079%):	 Total:0.4365957	 Acc:0.2812500	 lr:0.0005857	 Mean_Total:0.5994478
2021-11-27 15:37:02,241 -  2105 /  2109 (099%):	 Total:0.5172985	 Acc:0.3125000	 lr:0.0005803	 Mean_Total:0.6333316
2021-11-27 15:37:02,767 - ===============================| start validation |===============================
2021-11-27 15:37:12,400 - 	 Total:0.6495630	 Acc:0.2684295
2021-11-27 15:37:12,404 -    ini file updated    
2021-11-27 15:37:12,411 - Snapshot saved to /data/users/wergillius/UTR_VAE/pth/RL_gru_MTL/1_layer_model/human_k17-model_best_cv5.pth

2021-11-27 15:37:12,412 -    ini file updated    
2021-11-27 15:37:12,412 - ===============================|    epoch 11   |===============================
2021-11-27 15:37:13,284 -     0 /  2109 (000%):	 Total:0.5955635	 Acc:0.4375000	 lr:0.0005803	 Mean_Total:0.5955635
2021-11-27 15:37:46,564 -   421 /  2109 (019%):	 Total:0.8925131	 Acc:0.2187500	 lr:0.0005751	 Mean_Total:0.4867197
2021-11-27 15:38:19,452 -   842 /  2109 (039%):	 Total:0.2291456	 Acc:0.3437500	 lr:0.0005700	 Mean_Total:0.5253679
2021-11-27 15:38:51,073 -  1263 /  2109 (059%):	 Total:0.8335090	 Acc:0.2187500	 lr:0.0005651	 Mean_Total:0.5566604
2021-11-27 15:39:21,690 -  1684 /  2109 (079%):	 Total:0.7844526	 Acc:0.2500000	 lr:0.0005603	 Mean_Total:0.5921922
2021-11-27 15:39:53,868 -  2105 /  2109 (099%):	 Total:0.8032109	 Acc:0.2500000	 lr:0.0005556	 Mean_Total:0.6240613
2021-11-27 15:39:54,369 - ===============================| start validation |===============================
2021-11-27 15:40:03,611 - 	 Total:0.6549178	 Acc:0.2558761
2021-11-27 15:40:03,615 -    ini file updated    
2021-11-27 15:40:03,616 - ===============================|    epoch 12   |===============================
2021-11-27 15:40:04,396 -     0 /  2109 (000%):	 Total:0.1724956	 Acc:0.5625000	 lr:0.0005556	 Mean_Total:0.1724956
2021-11-27 15:40:34,918 -   421 /  2109 (019%):	 Total:0.3134450	 Acc:0.2500000	 lr:0.0005510	 Mean_Total:0.4754302
2021-11-27 15:41:07,582 -   842 /  2109 (039%):	 Total:0.9332943	 Acc:0.2812500	 lr:0.0005466	 Mean_Total:0.5179536
2021-11-27 15:41:40,671 -  1263 /  2109 (059%):	 Total:0.6082809	 Acc:0.2500000	 lr:0.0005422	 Mean_Total:0.5478008
2021-11-27 15:42:13,341 -  1684 /  2109 (079%):	 Total:0.7874668	 Acc:0.1875000	 lr:0.0005380	 Mean_Total:0.5824749
2021-11-27 15:42:46,043 -  2105 /  2109 (099%):	 Total:1.3467531	 Acc:0.4062500	 lr:0.0005338	 Mean_Total:0.6163961
2021-11-27 15:42:46,471 - ===============================| start validation |===============================
2021-11-27 15:42:57,472 - 	 Total:0.6400247	 Acc:0.2637553
2021-11-27 15:42:57,481 -    ini file updated    
2021-11-27 15:42:57,489 - Snapshot saved to /data/users/wergillius/UTR_VAE/pth/RL_gru_MTL/1_layer_model/human_k17-model_best_cv5.pth

2021-11-27 15:42:57,490 -    ini file updated    
2021-11-27 15:42:57,490 - ===============================|    epoch 13   |===============================
2021-11-27 15:42:58,306 -     0 /  2109 (000%):	 Total:0.4271163	 Acc:0.3125000	 lr:0.0005338	 Mean_Total:0.4271163
2021-11-27 15:43:32,477 -   421 /  2109 (019%):	 Total:0.3677565	 Acc:0.4687500	 lr:0.0005297	 Mean_Total:0.4581272
2021-11-27 15:44:06,978 -   842 /  2109 (039%):	 Total:0.6023320	 Acc:0.3437500	 lr:0.0005258	 Mean_Total:0.5040276
2021-11-27 15:44:40,422 -  1263 /  2109 (059%):	 Total:0.3600743	 Acc:0.2812500	 lr:0.0005219	 Mean_Total:0.5248594
2021-11-27 15:45:13,097 -  1684 /  2109 (079%):	 Total:0.8207116	 Acc:0.1562500	 lr:0.0005181	 Mean_Total:0.5564430
2021-11-27 15:45:44,448 -  2105 /  2109 (099%):	 Total:0.5788366	 Acc:0.3125000	 lr:0.0005144	 Mean_Total:0.5811910
2021-11-27 15:45:44,960 - ===============================| start validation |===============================
2021-11-27 15:45:54,908 - 	 Total:0.5677173	 Acc:0.2649573
2021-11-27 15:45:54,917 -    ini file updated    
2021-11-27 15:45:54,928 - Snapshot saved to /data/users/wergillius/UTR_VAE/pth/RL_gru_MTL/1_layer_model/human_k17-model_best_cv5.pth

2021-11-27 15:45:54,929 -    ini file updated    
2021-11-27 15:45:54,929 - ===============================|    epoch 14   |===============================
2021-11-27 15:45:55,702 -     0 /  2109 (000%):	 Total:0.3854139	 Acc:0.3750000	 lr:0.0005144	 Mean_Total:0.3854139
2021-11-27 15:46:28,429 -   421 /  2109 (019%):	 Total:0.6937424	 Acc:0.3125000	 lr:0.0005108	 Mean_Total:0.4032182
2021-11-27 15:46:59,359 -   842 /  2109 (039%):	 Total:1.1279465	 Acc:0.2500000	 lr:0.0005072	 Mean_Total:0.4389893
2021-11-27 15:47:32,318 -  1263 /  2109 (059%):	 Total:0.5347281	 Acc:0.1562500	 lr:0.0005037	 Mean_Total:0.4699104
2021-11-27 15:48:04,001 -  1684 /  2109 (079%):	 Total:0.8051519	 Acc:0.2187500	 lr:0.0005003	 Mean_Total:0.5105138
2021-11-27 15:48:40,612 -  2105 /  2109 (099%):	 Total:0.4845989	 Acc:0.2187500	 lr:0.0004970	 Mean_Total:0.5400416
2021-11-27 15:48:40,942 - ===============================| start validation |===============================
2021-11-27 15:48:51,286 - 	 Total:0.5536647	 Acc:0.2706998
2021-11-27 15:48:51,291 -    ini file updated    
2021-11-27 15:48:51,298 - Snapshot saved to /data/users/wergillius/UTR_VAE/pth/RL_gru_MTL/1_layer_model/human_k17-model_best_cv5.pth

2021-11-27 15:48:51,299 -    ini file updated    
2021-11-27 15:48:51,300 - ===============================|    epoch 15   |===============================
2021-11-27 15:48:52,016 -     0 /  2109 (000%):	 Total:0.2219707	 Acc:0.3125000	 lr:0.0004969	 Mean_Total:0.2219707
2021-11-27 15:49:23,723 -   421 /  2109 (019%):	 Total:0.3305544	 Acc:0.2812500	 lr:0.0004937	 Mean_Total:0.3885960
2021-11-27 15:49:55,286 -   842 /  2109 (039%):	 Total:0.3509230	 Acc:0.2812500	 lr:0.0004905	 Mean_Total:0.4193633
2021-11-27 15:50:27,994 -  1263 /  2109 (059%):	 Total:0.4200209	 Acc:0.2500000	 lr:0.0004873	 Mean_Total:0.4536780
2021-11-27 15:51:00,789 -  1684 /  2109 (079%):	 Total:1.0570698	 Acc:0.1875000	 lr:0.0004842	 Mean_Total:0.4927674
2021-11-27 15:51:33,446 -  2105 /  2109 (099%):	 Total:1.2513535	 Acc:0.3437500	 lr:0.0004812	 Mean_Total:0.5256511
2021-11-27 15:51:33,848 - ===============================| start validation |===============================
2021-11-27 15:51:43,227 - 	 Total:0.5490059	 Acc:0.2737714
2021-11-27 15:51:43,231 -    ini file updated    
2021-11-27 15:51:43,239 - Snapshot saved to /data/users/wergillius/UTR_VAE/pth/RL_gru_MTL/1_layer_model/human_k17-model_best_cv5.pth

2021-11-27 15:51:43,240 -    ini file updated    
2021-11-27 15:51:43,240 - ===============================|    epoch 16   |===============================
2021-11-27 15:51:44,009 -     0 /  2109 (000%):	 Total:0.3484796	 Acc:0.4062500	 lr:0.0004812	 Mean_Total:0.3484796
2021-11-27 15:52:17,322 -   421 /  2109 (019%):	 Total:0.3371708	 Acc:0.4062500	 lr:0.0004782	 Mean_Total:0.3779647
2021-11-27 15:52:46,913 -   842 /  2109 (039%):	 Total:0.4615942	 Acc:0.1250000	 lr:0.0004753	 Mean_Total:0.4101428
2021-11-27 15:53:19,152 -  1263 /  2109 (059%):	 Total:0.9878193	 Acc:0.3437500	 lr:0.0004724	 Mean_Total:0.4415386
2021-11-27 15:53:51,793 -  1684 /  2109 (079%):	 Total:0.6732913	 Acc:0.1562500	 lr:0.0004696	 Mean_Total:0.4825927
2021-11-27 15:54:23,612 -  2105 /  2109 (099%):	 Total:0.6707733	 Acc:0.2187500	 lr:0.0004668	 Mean_Total:0.5112880
2021-11-27 15:54:24,043 - ===============================| start validation |===============================
2021-11-27 15:54:34,970 - 	 Total:0.5334283	 Acc:0.2820513
2021-11-27 15:54:34,975 -    ini file updated    
2021-11-27 15:54:34,985 - Snapshot saved to /data/users/wergillius/UTR_VAE/pth/RL_gru_MTL/1_layer_model/human_k17-model_best_cv5.pth

2021-11-27 15:54:34,986 -    ini file updated    
2021-11-27 15:54:34,987 - ===============================|    epoch 17   |===============================
2021-11-27 15:54:35,802 -     0 /  2109 (000%):	 Total:0.2689756	 Acc:0.1875000	 lr:0.0004668	 Mean_Total:0.2689756
2021-11-27 15:55:06,918 -   421 /  2109 (019%):	 Total:0.5036550	 Acc:0.3750000	 lr:0.0004641	 Mean_Total:0.3699633
2021-11-27 15:55:37,683 -   842 /  2109 (039%):	 Total:0.2036050	 Acc:0.2500000	 lr:0.0004614	 Mean_Total:0.4000035
2021-11-27 15:56:09,847 -  1263 /  2109 (059%):	 Total:0.4713661	 Acc:0.2812500	 lr:0.0004588	 Mean_Total:0.4325810
2021-11-27 15:56:42,070 -  1684 /  2109 (079%):	 Total:2.0257506	 Acc:0.0625000	 lr:0.0004562	 Mean_Total:0.4728259
2021-11-27 15:57:12,743 -  2105 /  2109 (099%):	 Total:0.5933918	 Acc:0.2812500	 lr:0.0004537	 Mean_Total:0.5041508
2021-11-27 15:57:13,204 - ===============================| start validation |===============================
2021-11-27 15:57:21,700 - 	 Total:0.5289288	 Acc:0.2817842
2021-11-27 15:57:21,710 -    ini file updated    
2021-11-27 15:57:21,719 - Snapshot saved to /data/users/wergillius/UTR_VAE/pth/RL_gru_MTL/1_layer_model/human_k17-model_best_cv5.pth

2021-11-27 15:57:21,720 -    ini file updated    
2021-11-27 15:57:21,721 - ===============================|    epoch 18   |===============================
2021-11-27 15:57:22,405 -     0 /  2109 (000%):	 Total:0.3050390	 Acc:0.3750000	 lr:0.0004536	 Mean_Total:0.3050390
2021-11-27 15:57:54,290 -   421 /  2109 (019%):	 Total:0.6458917	 Acc:0.2187500	 lr:0.0004511	 Mean_Total:0.3600623
2021-11-27 15:58:27,366 -   842 /  2109 (039%):	 Total:0.4280453	 Acc:0.2187500	 lr:0.0004487	 Mean_Total:0.3962766
2021-11-27 15:58:57,506 -  1263 /  2109 (059%):	 Total:0.5374557	 Acc:0.1875000	 lr:0.0004463	 Mean_Total:0.4299019
2021-11-27 15:59:25,631 -  1684 /  2109 (079%):	 Total:0.4943320	 Acc:0.1875000	 lr:0.0004439	 Mean_Total:0.4721724
2021-11-27 15:59:57,124 -  2105 /  2109 (099%):	 Total:0.4582104	 Acc:0.2812500	 lr:0.0004416	 Mean_Total:0.5039632
2021-11-27 15:59:57,560 - ===============================| start validation |===============================
2021-11-27 16:00:07,627 - 	 Total:0.5360613	 Acc:0.2763088
2021-11-27 16:00:07,632 -    ini file updated    
2021-11-27 16:00:07,633 - ===============================|    epoch 19   |===============================
2021-11-27 16:00:08,420 -     0 /  2109 (000%):	 Total:0.1871371	 Acc:0.3750000	 lr:0.0004415	 Mean_Total:0.1871371
2021-11-27 16:00:41,578 -   421 /  2109 (019%):	 Total:0.4081020	 Acc:0.2812500	 lr:0.0004392	 Mean_Total:0.3622506
2021-11-27 16:01:12,795 -   842 /  2109 (039%):	 Total:0.4738412	 Acc:0.3750000	 lr:0.0004370	 Mean_Total:0.3973736
2021-11-27 16:01:45,185 -  1263 /  2109 (059%):	 Total:0.6109492	 Acc:0.1875000	 lr:0.0004347	 Mean_Total:0.4306615
2021-11-27 16:02:17,689 -  1684 /  2109 (079%):	 Total:0.3106250	 Acc:0.2500000	 lr:0.0004325	 Mean_Total:0.4673414
2021-11-27 16:02:51,145 -  2105 /  2109 (099%):	 Total:0.3972242	 Acc:0.3437500	 lr:0.0004304	 Mean_Total:0.4991304
2021-11-27 16:02:51,688 - ===============================| start validation |===============================
2021-11-27 16:03:02,412 - 	 Total:0.5251542	 Acc:0.2792468
2021-11-27 16:03:02,418 -    ini file updated    
2021-11-27 16:03:02,429 - Snapshot saved to /data/users/wergillius/UTR_VAE/pth/RL_gru_MTL/1_layer_model/human_k17-model_best_cv5.pth

2021-11-27 16:03:02,430 -    ini file updated    
2021-11-27 16:03:02,430 - ===============================|    epoch 20   |===============================
2021-11-27 16:03:03,373 -     0 /  2109 (000%):	 Total:0.1958485	 Acc:0.2812500	 lr:0.0004304	 Mean_Total:0.1958485
2021-11-27 16:03:36,151 -   421 /  2109 (019%):	 Total:0.6503670	 Acc:0.3125000	 lr:0.0004282	 Mean_Total:0.3537337
2021-11-27 16:04:10,169 -   842 /  2109 (039%):	 Total:0.4279530	 Acc:0.2187500	 lr:0.0004261	 Mean_Total:0.3886205
2021-11-27 16:04:43,544 -  1263 /  2109 (059%):	 Total:0.4296641	 Acc:0.2500000	 lr:0.0004241	 Mean_Total:0.4191964
2021-11-27 16:05:16,129 -  1684 /  2109 (079%):	 Total:0.3814961	 Acc:0.2812500	 lr:0.0004220	 Mean_Total:0.4590890
2021-11-27 16:05:47,818 -  2105 /  2109 (099%):	 Total:0.4030131	 Acc:0.2500000	 lr:0.0004200	 Mean_Total:0.4911167
2021-11-27 16:05:48,157 - ===============================| start validation |===============================
2021-11-27 16:05:58,381 - 	 Total:0.5185377	 Acc:0.2875267
2021-11-27 16:05:58,385 -    ini file updated    
2021-11-27 16:05:58,394 - Snapshot saved to /data/users/wergillius/UTR_VAE/pth/RL_gru_MTL/1_layer_model/human_k17-model_best_cv5.pth

2021-11-27 16:05:58,395 -    ini file updated    
2021-11-27 16:05:58,395 - ===============================|    epoch 21   |===============================
2021-11-27 16:05:59,219 -     0 /  2109 (000%):	 Total:0.2274394	 Acc:0.4687500	 lr:0.0004200	 Mean_Total:0.2274394
2021-11-27 16:06:31,588 -   421 /  2109 (019%):	 Total:0.4902981	 Acc:0.4687500	 lr:0.0004180	 Mean_Total:0.3476186
2021-11-27 16:07:04,148 -   842 /  2109 (039%):	 Total:0.3372456	 Acc:0.2187500	 lr:0.0004161	 Mean_Total:0.3806151
2021-11-27 16:07:36,744 -  1263 /  2109 (059%):	 Total:0.4994972	 Acc:0.1875000	 lr:0.0004141	 Mean_Total:0.4122332
2021-11-27 16:08:06,582 -  1684 /  2109 (079%):	 Total:0.9346133	 Acc:0.1562500	 lr:0.0004122	 Mean_Total:0.4533892
2021-11-27 16:08:36,596 -  2105 /  2109 (099%):	 Total:0.3451102	 Acc:0.1875000	 lr:0.0004104	 Mean_Total:0.4852134
2021-11-27 16:08:36,955 - ===============================| start validation |===============================
2021-11-27 16:08:46,435 - 	 Total:0.5146066	 Acc:0.2803152
2021-11-27 16:08:46,443 -    ini file updated    
2021-11-27 16:08:46,450 - Snapshot saved to /data/users/wergillius/UTR_VAE/pth/RL_gru_MTL/1_layer_model/human_k17-model_best_cv5.pth

2021-11-27 16:08:46,450 -    ini file updated    
2021-11-27 16:08:46,451 - ===============================|    epoch 22   |===============================
2021-11-27 16:08:47,227 -     0 /  2109 (000%):	 Total:0.2874475	 Acc:0.4375000	 lr:0.0004103	 Mean_Total:0.2874475
2021-11-27 16:09:19,044 -   421 /  2109 (019%):	 Total:1.0346881	 Acc:0.2187500	 lr:0.0004085	 Mean_Total:0.3489624
2021-11-27 16:09:50,804 -   842 /  2109 (039%):	 Total:0.1496218	 Acc:0.3750000	 lr:0.0004067	 Mean_Total:0.3816533
2021-11-27 16:10:24,114 -  1263 /  2109 (059%):	 Total:0.6994312	 Acc:0.2812500	 lr:0.0004049	 Mean_Total:0.4108871
2021-11-27 16:10:56,533 -  1684 /  2109 (079%):	 Total:0.6685126	 Acc:0.1875000	 lr:0.0004031	 Mean_Total:0.4497582
2021-11-27 16:11:28,416 -  2105 /  2109 (099%):	 Total:0.5950553	 Acc:0.3437500	 lr:0.0004013	 Mean_Total:0.4827300
2021-11-27 16:11:28,946 - ===============================| start validation |===============================
2021-11-27 16:11:38,447 - 	 Total:0.5092589	 Acc:0.2769765
2021-11-27 16:11:38,451 -    ini file updated    
2021-11-27 16:11:38,459 - Snapshot saved to /data/users/wergillius/UTR_VAE/pth/RL_gru_MTL/1_layer_model/human_k17-model_best_cv5.pth

2021-11-27 16:11:38,460 -    ini file updated    
2021-11-27 16:11:38,460 - ===============================|    epoch 23   |===============================
2021-11-27 16:11:39,166 -     0 /  2109 (000%):	 Total:0.2399505	 Acc:0.4062500	 lr:0.0004013	 Mean_Total:0.2399505
2021-11-27 16:12:10,253 -   421 /  2109 (019%):	 Total:0.6190779	 Acc:0.2187500	 lr:0.0003996	 Mean_Total:0.3436496
2021-11-27 16:12:39,529 -   842 /  2109 (039%):	 Total:0.7211175	 Acc:0.2187500	 lr:0.0003979	 Mean_Total:0.3763444
2021-11-27 16:13:10,202 -  1263 /  2109 (059%):	 Total:0.6208303	 Acc:0.0937500	 lr:0.0003962	 Mean_Total:0.4069074
2021-11-27 16:13:41,954 -  1684 /  2109 (079%):	 Total:0.6455120	 Acc:0.1250000	 lr:0.0003945	 Mean_Total:0.4446362
2021-11-27 16:14:12,387 -  2105 /  2109 (099%):	 Total:0.3400384	 Acc:0.4062500	 lr:0.0003929	 Mean_Total:0.4768001
2021-11-27 16:14:12,775 - ===============================| start validation |===============================
2021-11-27 16:14:22,920 - 	 Total:0.5141184	 Acc:0.2841880
2021-11-27 16:14:22,923 -    ini file updated    
2021-11-27 16:14:22,924 - ===============================|    epoch 24   |===============================
2021-11-27 16:14:23,764 -     0 /  2109 (000%):	 Total:0.3897040	 Acc:0.3125000	 lr:0.0003929	 Mean_Total:0.3897040
2021-11-27 16:14:53,810 -   421 /  2109 (019%):	 Total:0.3965147	 Acc:0.2812500	 lr:0.0003912	 Mean_Total:0.3329158
2021-11-27 16:15:26,563 -   842 /  2109 (039%):	 Total:0.4420899	 Acc:0.3437500	 lr:0.0003896	 Mean_Total:0.3705194
2021-11-27 16:15:57,603 -  1263 /  2109 (059%):	 Total:0.3487752	 Acc:0.3437500	 lr:0.0003881	 Mean_Total:0.3995502
2021-11-27 16:16:30,635 -  1684 /  2109 (079%):	 Total:0.6270426	 Acc:0.2187500	 lr:0.0003865	 Mean_Total:0.4394773
2021-11-27 16:17:02,368 -  2105 /  2109 (099%):	 Total:0.4180975	 Acc:0.2812500	 lr:0.0003849	 Mean_Total:0.4724812
2021-11-27 16:17:02,910 - ===============================| start validation |===============================
2021-11-27 16:17:12,215 - 	 Total:0.4987726	 Acc:0.2891293
2021-11-27 16:17:12,220 -    ini file updated    
2021-11-27 16:17:12,230 - Snapshot saved to /data/users/wergillius/UTR_VAE/pth/RL_gru_MTL/1_layer_model/human_k17-model_best_cv5.pth

2021-11-27 16:17:12,231 -    ini file updated    
2021-11-27 16:17:12,231 - ===============================|    epoch 25   |===============================
2021-11-27 16:17:13,071 -     0 /  2109 (000%):	 Total:0.2310749	 Acc:0.3125000	 lr:0.0003849	 Mean_Total:0.2310749
2021-11-27 16:17:44,232 -   421 /  2109 (019%):	 Total:0.4208953	 Acc:0.2500000	 lr:0.0003834	 Mean_Total:0.3295866
2021-11-27 16:18:16,260 -   842 /  2109 (039%):	 Total:0.3350174	 Acc:0.3437500	 lr:0.0003819	 Mean_Total:0.3635914
2021-11-27 16:18:46,057 -  1263 /  2109 (059%):	 Total:0.2215522	 Acc:0.5312500	 lr:0.0003804	 Mean_Total:0.3983349
2021-11-27 16:19:17,668 -  1684 /  2109 (079%):	 Total:0.6169698	 Acc:0.2500000	 lr:0.0003789	 Mean_Total:0.4381364
2021-11-27 16:19:48,432 -  2105 /  2109 (099%):	 Total:0.3749706	 Acc:0.2187500	 lr:0.0003775	 Mean_Total:0.4703902
2021-11-27 16:19:48,949 - ===============================| start validation |===============================
2021-11-27 16:19:58,544 - 	 Total:0.4998421	 Acc:0.2895299
2021-11-27 16:19:58,549 -    ini file updated    
2021-11-27 16:19:58,567 - Snapshot saved to /data/users/wergillius/UTR_VAE/pth/RL_gru_MTL/1_layer_model/human_k17-model_best_cv5.pth

2021-11-27 16:19:58,568 -    ini file updated    
2021-11-27 16:19:58,568 - ===============================|    epoch 26   |===============================
2021-11-27 16:19:59,394 -     0 /  2109 (000%):	 Total:0.3698982	 Acc:0.3125000	 lr:0.0003775	 Mean_Total:0.3698982
2021-11-27 16:20:27,835 -   421 /  2109 (019%):	 Total:0.2019792	 Acc:0.2812500	 lr:0.0003760	 Mean_Total:0.3297021
2021-11-27 16:20:55,923 -   842 /  2109 (039%):	 Total:0.4423268	 Acc:0.3750000	 lr:0.0003746	 Mean_Total:0.3625029
2021-11-27 16:21:27,338 -  1263 /  2109 (059%):	 Total:0.3939175	 Acc:0.2500000	 lr:0.0003732	 Mean_Total:0.3937912
2021-11-27 16:21:59,819 -  1684 /  2109 (079%):	 Total:0.7072738	 Acc:0.1875000	 lr:0.0003718	 Mean_Total:0.4330014
2021-11-27 16:22:30,651 -  2105 /  2109 (099%):	 Total:0.4066485	 Acc:0.3125000	 lr:0.0003704	 Mean_Total:0.4651436
2021-11-27 16:22:31,013 - ===============================| start validation |===============================
2021-11-27 16:22:40,901 - 	 Total:0.4985964	 Acc:0.2893964
2021-11-27 16:22:40,906 -    ini file updated    
2021-11-27 16:22:40,912 - Snapshot saved to /data/users/wergillius/UTR_VAE/pth/RL_gru_MTL/1_layer_model/human_k17-model_best_cv5.pth

2021-11-27 16:22:40,913 -    ini file updated    
2021-11-27 16:22:40,913 - ===============================|    epoch 27   |===============================
2021-11-27 16:22:41,732 -     0 /  2109 (000%):	 Total:0.1029411	 Acc:0.5312500	 lr:0.0003704	 Mean_Total:0.1029411
2021-11-27 16:23:12,811 -   421 /  2109 (019%):	 Total:0.4777511	 Acc:0.2500000	 lr:0.0003690	 Mean_Total:0.3258689
2021-11-27 16:23:44,877 -   842 /  2109 (039%):	 Total:0.2735745	 Acc:0.3437500	 lr:0.0003677	 Mean_Total:0.3586778
2021-11-27 16:24:17,583 -  1263 /  2109 (059%):	 Total:0.4451182	 Acc:0.1562500	 lr:0.0003664	 Mean_Total:0.3932192
2021-11-27 16:24:47,787 -  1684 /  2109 (079%):	 Total:0.5486850	 Acc:0.2187500	 lr:0.0003650	 Mean_Total:0.4336966
2021-11-27 16:25:16,264 -  2105 /  2109 (099%):	 Total:0.3892453	 Acc:0.3437500	 lr:0.0003637	 Mean_Total:0.4633435
2021-11-27 16:25:16,558 - ===============================| start validation |===============================
2021-11-27 16:25:25,333 - 	 Total:0.4970342	 Acc:0.2857906
2021-11-27 16:25:25,337 -    ini file updated    
2021-11-27 16:25:25,351 - Snapshot saved to /data/users/wergillius/UTR_VAE/pth/RL_gru_MTL/1_layer_model/human_k17-model_best_cv5.pth

2021-11-27 16:25:25,352 -    ini file updated    
2021-11-27 16:25:25,352 - ===============================|    epoch 28   |===============================
2021-11-27 16:25:26,083 -     0 /  2109 (000%):	 Total:0.2099832	 Acc:0.4062500	 lr:0.0003637	 Mean_Total:0.2099832
2021-11-27 16:25:56,870 -   421 /  2109 (019%):	 Total:0.5935266	 Acc:0.3125000	 lr:0.0003624	 Mean_Total:0.3244453
2021-11-27 16:26:26,954 -   842 /  2109 (039%):	 Total:0.2713631	 Acc:0.3750000	 lr:0.0003612	 Mean_Total:0.3599188
2021-11-27 16:26:56,489 -  1263 /  2109 (059%):	 Total:0.2806171	 Acc:0.3437500	 lr:0.0003599	 Mean_Total:0.3896098
2021-11-27 16:27:27,444 -  1684 /  2109 (079%):	 Total:0.8021157	 Acc:0.2500000	 lr:0.0003586	 Mean_Total:0.4278407
2021-11-27 16:27:57,817 -  2105 /  2109 (099%):	 Total:0.4156290	 Acc:0.3750000	 lr:0.0003574	 Mean_Total:0.4583810
2021-11-27 16:27:58,157 - ===============================| start validation |===============================
2021-11-27 16:28:06,299 - 	 Total:0.4987274	 Acc:0.2797810
2021-11-27 16:28:06,303 -    ini file updated    
2021-11-27 16:28:06,305 - ===============================|    epoch 29   |===============================
2021-11-27 16:28:07,203 -     0 /  2109 (000%):	 Total:0.4089794	 Acc:0.4375000	 lr:0.0003574	 Mean_Total:0.4089794
2021-11-27 16:28:37,220 -   421 /  2109 (019%):	 Total:0.4637616	 Acc:0.3437500	 lr:0.0003562	 Mean_Total:0.3267089
2021-11-27 16:29:08,225 -   842 /  2109 (039%):	 Total:0.4182261	 Acc:0.2812500	 lr:0.0003550	 Mean_Total:0.3564333
2021-11-27 16:29:38,384 -  1263 /  2109 (059%):	 Total:0.3980410	 Acc:0.1250000	 lr:0.0003538	 Mean_Total:0.3879394
2021-11-27 16:30:08,281 -  1684 /  2109 (079%):	 Total:0.5772006	 Acc:0.2187500	 lr:0.0003526	 Mean_Total:0.4258056
2021-11-27 16:30:37,155 -  2105 /  2109 (099%):	 Total:0.3751916	 Acc:0.2812500	 lr:0.0003514	 Mean_Total:0.4568166
2021-11-27 16:30:37,557 - ===============================| start validation |===============================
2021-11-27 16:30:47,979 - 	 Total:0.4945846	 Acc:0.2916667
2021-11-27 16:30:47,985 -    ini file updated    
2021-11-27 16:30:47,997 - Snapshot saved to /data/users/wergillius/UTR_VAE/pth/RL_gru_MTL/1_layer_model/human_k17-model_best_cv5.pth

2021-11-27 16:30:47,998 -    ini file updated    
2021-11-27 16:30:47,998 - ===============================|    epoch 30   |===============================
2021-11-27 16:30:48,845 -     0 /  2109 (000%):	 Total:0.2455416	 Acc:0.6250000	 lr:0.0003514	 Mean_Total:0.2455416
2021-11-27 16:31:20,358 -   421 /  2109 (019%):	 Total:0.1870810	 Acc:0.2187500	 lr:0.0003502	 Mean_Total:0.3237928
2021-11-27 16:31:51,909 -   842 /  2109 (039%):	 Total:0.2381525	 Acc:0.2812500	 lr:0.0003491	 Mean_Total:0.3554831
2021-11-27 16:32:22,661 -  1263 /  2109 (059%):	 Total:0.5940443	 Acc:0.1562500	 lr:0.0003479	 Mean_Total:0.3874743
2021-11-27 16:32:53,215 -  1684 /  2109 (079%):	 Total:0.7332805	 Acc:0.1875000	 lr:0.0003468	 Mean_Total:0.4244401
2021-11-27 16:33:23,207 -  2105 /  2109 (099%):	 Total:0.3090101	 Acc:0.3125000	 lr:0.0003457	 Mean_Total:0.4561672
2021-11-27 16:33:23,665 - ===============================| start validation |===============================
2021-11-27 16:33:33,710 - 	 Total:0.4847605	 Acc:0.2861912
2021-11-27 16:33:33,714 -    ini file updated    
2021-11-27 16:33:33,734 - Snapshot saved to /data/users/wergillius/UTR_VAE/pth/RL_gru_MTL/1_layer_model/human_k17-model_best_cv5.pth

2021-11-27 16:33:33,735 -    ini file updated    
2021-11-27 16:33:33,735 - ===============================|    epoch 31   |===============================
2021-11-27 16:33:34,530 -     0 /  2109 (000%):	 Total:0.1494216	 Acc:0.5937500	 lr:0.0003457	 Mean_Total:0.1494216
2021-11-27 16:34:04,715 -   421 /  2109 (019%):	 Total:0.2968797	 Acc:0.3437500	 lr:0.0003446	 Mean_Total:0.3254707
2021-11-27 16:34:35,990 -   842 /  2109 (039%):	 Total:0.6139538	 Acc:0.2812500	 lr:0.0003435	 Mean_Total:0.3552221
2021-11-27 16:35:05,971 -  1263 /  2109 (059%):	 Total:0.3031142	 Acc:0.3125000	 lr:0.0003424	 Mean_Total:0.3869370
2021-11-27 16:35:37,129 -  1684 /  2109 (079%):	 Total:0.7863474	 Acc:0.2187500	 lr:0.0003413	 Mean_Total:0.4255950
2021-11-27 16:36:05,736 -  2105 /  2109 (099%):	 Total:0.4158451	 Acc:0.2500000	 lr:0.0003402	 Mean_Total:0.4562996
2021-11-27 16:36:06,181 - ===============================| start validation |===============================
2021-11-27 16:36:15,788 - 	 Total:0.4881653	 Acc:0.2811165
2021-11-27 16:36:15,791 -    ini file updated    
2021-11-27 16:36:15,791 - ===============================|    epoch 32   |===============================
2021-11-27 16:36:16,547 -     0 /  2109 (000%):	 Total:0.1929504	 Acc:0.4687500	 lr:0.0003402	 Mean_Total:0.1929504
2021-11-27 16:36:45,826 -   421 /  2109 (019%):	 Total:0.4113885	 Acc:0.2500000	 lr:0.0003392	 Mean_Total:0.3246786
2021-11-27 16:37:15,282 -   842 /  2109 (039%):	 Total:0.3312620	 Acc:0.3437500	 lr:0.0003381	 Mean_Total:0.3536395
2021-11-27 16:37:46,687 -  1263 /  2109 (059%):	 Total:0.5440502	 Acc:0.1250000	 lr:0.0003371	 Mean_Total:0.3841530
2021-11-27 16:38:20,428 -  1684 /  2109 (079%):	 Total:0.8738859	 Acc:0.3125000	 lr:0.0003361	 Mean_Total:0.4209909
2021-11-27 16:38:53,406 -  2105 /  2109 (099%):	 Total:0.3273116	 Acc:0.3437500	 lr:0.0003350	 Mean_Total:0.4522487
2021-11-27 16:38:53,834 - ===============================| start validation |===============================
2021-11-27 16:39:03,905 - 	 Total:0.4819444	 Acc:0.2891293
2021-11-27 16:39:03,913 -    ini file updated    
2021-11-27 16:39:03,919 - Snapshot saved to /data/users/wergillius/UTR_VAE/pth/RL_gru_MTL/1_layer_model/human_k17-model_best_cv5.pth

2021-11-27 16:39:03,920 -    ini file updated    
2021-11-27 16:39:03,920 - ===============================|    epoch 33   |===============================
2021-11-27 16:39:04,683 -     0 /  2109 (000%):	 Total:0.1307713	 Acc:0.4062500	 lr:0.0003350	 Mean_Total:0.1307713
2021-11-27 16:39:36,777 -   421 /  2109 (019%):	 Total:1.0165278	 Acc:0.2187500	 lr:0.0003340	 Mean_Total:0.3174700
2021-11-27 16:40:10,763 -   842 /  2109 (039%):	 Total:0.2280830	 Acc:0.2500000	 lr:0.0003330	 Mean_Total:0.3468346
2021-11-27 16:40:43,361 -  1263 /  2109 (059%):	 Total:0.5300258	 Acc:0.2812500	 lr:0.0003320	 Mean_Total:0.3783297
2021-11-27 16:41:14,694 -  1684 /  2109 (079%):	 Total:0.4842344	 Acc:0.1562500	 lr:0.0003311	 Mean_Total:0.4158717
2021-11-27 16:41:48,035 -  2105 /  2109 (099%):	 Total:0.5430335	 Acc:0.1562500	 lr:0.0003301	 Mean_Total:0.4475449
2021-11-27 16:41:48,428 - ===============================| start validation |===============================
2021-11-27 16:41:59,126 - 	 Total:0.4795775	 Acc:0.2876603
2021-11-27 16:41:59,130 -    ini file updated    
2021-11-27 16:41:59,136 - Snapshot saved to /data/users/wergillius/UTR_VAE/pth/RL_gru_MTL/1_layer_model/human_k17-model_best_cv5.pth

2021-11-27 16:41:59,137 -    ini file updated    
2021-11-27 16:41:59,137 - ===============================|    epoch 34   |===============================
2021-11-27 16:41:59,922 -     0 /  2109 (000%):	 Total:0.3742216	 Acc:0.3750000	 lr:0.0003301	 Mean_Total:0.3742216
2021-11-27 16:42:32,330 -   421 /  2109 (019%):	 Total:0.2723431	 Acc:0.4062500	 lr:0.0003291	 Mean_Total:0.3083765
2021-11-27 16:43:03,438 -   842 /  2109 (039%):	 Total:0.1489736	 Acc:0.3750000	 lr:0.0003282	 Mean_Total:0.3423150
2021-11-27 16:43:33,684 -  1263 /  2109 (059%):	 Total:0.3688233	 Acc:0.3437500	 lr:0.0003272	 Mean_Total:0.3759829
2021-11-27 16:44:09,026 -  1684 /  2109 (079%):	 Total:0.7252921	 Acc:0.1250000	 lr:0.0003263	 Mean_Total:0.4132242
2021-11-27 16:44:43,230 -  2105 /  2109 (099%):	 Total:0.5192827	 Acc:0.3125000	 lr:0.0003253	 Mean_Total:0.4459322
2021-11-27 16:44:43,688 - ===============================| start validation |===============================
2021-11-27 16:44:54,530 - 	 Total:0.4832857	 Acc:0.2804487
2021-11-27 16:44:54,533 -    ini file updated    
2021-11-27 16:44:54,534 - ===============================|    epoch 35   |===============================
2021-11-27 16:44:55,321 -     0 /  2109 (000%):	 Total:0.2101058	 Acc:0.4687500	 lr:0.0003253	 Mean_Total:0.2101058
2021-11-27 16:45:27,594 -   421 /  2109 (019%):	 Total:0.3502140	 Acc:0.2812500	 lr:0.0003244	 Mean_Total:0.3101871
2021-11-27 16:46:00,238 -   842 /  2109 (039%):	 Total:0.3130625	 Acc:0.3437500	 lr:0.0003235	 Mean_Total:0.3453421
2021-11-27 16:46:35,041 -  1263 /  2109 (059%):	 Total:0.5689669	 Acc:0.1250000	 lr:0.0003226	 Mean_Total:0.3807568
2021-11-27 16:47:07,196 -  1684 /  2109 (079%):	 Total:0.3920480	 Acc:0.3437500	 lr:0.0003217	 Mean_Total:0.4193249
2021-11-27 16:47:38,288 -  2105 /  2109 (099%):	 Total:0.3334467	 Acc:0.3437500	 lr:0.0003208	 Mean_Total:0.4482918
2021-11-27 16:47:38,678 - ===============================| start validation |===============================
2021-11-27 16:47:49,074 - 	 Total:0.4750642	 Acc:0.2942041
2021-11-27 16:47:49,078 -    ini file updated    
2021-11-27 16:47:49,087 - Snapshot saved to /data/users/wergillius/UTR_VAE/pth/RL_gru_MTL/1_layer_model/human_k17-model_best_cv5.pth

2021-11-27 16:47:49,087 -    ini file updated    
2021-11-27 16:47:49,088 - ===============================|    epoch 36   |===============================
2021-11-27 16:47:49,966 -     0 /  2109 (000%):	 Total:0.1357726	 Acc:0.4062500	 lr:0.0003208	 Mean_Total:0.1357726
2021-11-27 16:48:20,995 -   421 /  2109 (019%):	 Total:0.2263583	 Acc:0.4062500	 lr:0.0003199	 Mean_Total:0.3193795
2021-11-27 16:48:52,782 -   842 /  2109 (039%):	 Total:0.4157790	 Acc:0.2812500	 lr:0.0003190	 Mean_Total:0.3464929
2021-11-27 16:49:23,915 -  1263 /  2109 (059%):	 Total:1.3215007	 Acc:0.1562500	 lr:0.0003181	 Mean_Total:0.3778221
2021-11-27 16:49:53,694 -  1684 /  2109 (079%):	 Total:0.6551515	 Acc:0.1562500	 lr:0.0003173	 Mean_Total:0.4130712
2021-11-27 16:50:27,527 -  2105 /  2109 (099%):	 Total:0.4848569	 Acc:0.3750000	 lr:0.0003164	 Mean_Total:0.4447917
2021-11-27 16:50:28,016 - ===============================| start validation |===============================
2021-11-27 16:50:38,154 - 	 Total:0.4803079	 Acc:0.2865919
2021-11-27 16:50:38,158 -    ini file updated    
2021-11-27 16:50:38,158 - ===============================|    epoch 37   |===============================
2021-11-27 16:50:38,914 -     0 /  2109 (000%):	 Total:0.2297086	 Acc:0.4687500	 lr:0.0003164	 Mean_Total:0.2297086
2021-11-27 16:51:12,207 -   421 /  2109 (019%):	 Total:0.3069890	 Acc:0.3437500	 lr:0.0003156	 Mean_Total:0.3093939
2021-11-27 16:51:45,362 -   842 /  2109 (039%):	 Total:0.6890490	 Acc:0.3750000	 lr:0.0003147	 Mean_Total:0.3404373
2021-11-27 16:52:16,382 -  1263 /  2109 (059%):	 Total:0.7332180	 Acc:0.3437500	 lr:0.0003139	 Mean_Total:0.3707438
2021-11-27 16:52:48,473 -  1684 /  2109 (079%):	 Total:0.7483484	 Acc:0.2812500	 lr:0.0003131	 Mean_Total:0.4095544
2021-11-27 16:53:20,799 -  2105 /  2109 (099%):	 Total:0.4410658	 Acc:0.2812500	 lr:0.0003122	 Mean_Total:0.4413363
2021-11-27 16:53:21,298 - ===============================| start validation |===============================
2021-11-27 16:53:30,816 - 	 Total:0.4862621	 Acc:0.2851229
2021-11-27 16:53:30,825 -    ini file updated    
2021-11-27 16:53:30,826 - ===============================|    epoch 38   |===============================
2021-11-27 16:53:31,714 -     0 /  2109 (000%):	 Total:0.2627757	 Acc:0.3125000	 lr:0.0003122	 Mean_Total:0.2627757
2021-11-27 16:54:05,523 -   421 /  2109 (019%):	 Total:0.2792021	 Acc:0.1875000	 lr:0.0003114	 Mean_Total:0.3080912
2021-11-27 16:54:37,061 -   842 /  2109 (039%):	 Total:0.4471955	 Acc:0.2812500	 lr:0.0003106	 Mean_Total:0.3388329
2021-11-27 16:55:07,640 -  1263 /  2109 (059%):	 Total:0.4745003	 Acc:0.4062500	 lr:0.0003098	 Mean_Total:0.3697713
2021-11-27 16:55:38,942 -  1684 /  2109 (079%):	 Total:0.4584253	 Acc:0.1562500	 lr:0.0003090	 Mean_Total:0.4081026
2021-11-27 16:56:12,152 -  2105 /  2109 (099%):	 Total:0.3060179	 Acc:0.4062500	 lr:0.0003082	 Mean_Total:0.4392863
2021-11-27 16:56:12,627 - ===============================| start validation |===============================
2021-11-27 16:56:23,207 - 	 Total:0.4756560	 Acc:0.2948718
2021-11-27 16:56:23,212 -    ini file updated    
2021-11-27 16:56:23,218 - Snapshot saved to /data/users/wergillius/UTR_VAE/pth/RL_gru_MTL/1_layer_model/human_k17-model_best_cv5.pth

2021-11-27 16:56:23,219 -    ini file updated    
2021-11-27 16:56:23,220 - ===============================|    epoch 39   |===============================
2021-11-27 16:56:24,076 -     0 /  2109 (000%):	 Total:0.3521368	 Acc:0.2500000	 lr:0.0003082	 Mean_Total:0.3521368
2021-11-27 16:56:57,909 -   421 /  2109 (019%):	 Total:0.1885102	 Acc:0.4687500	 lr:0.0003074	 Mean_Total:0.3012277
2021-11-27 16:57:31,715 -   842 /  2109 (039%):	 Total:0.4831869	 Acc:0.2500000	 lr:0.0003066	 Mean_Total:0.3390967
2021-11-27 16:58:04,833 -  1263 /  2109 (059%):	 Total:0.3117225	 Acc:0.2500000	 lr:0.0003059	 Mean_Total:0.3709054
2021-11-27 16:58:37,220 -  1684 /  2109 (079%):	 Total:1.5059049	 Acc:0.1250000	 lr:0.0003051	 Mean_Total:0.4092776
2021-11-27 16:59:09,212 -  2105 /  2109 (099%):	 Total:1.0485389	 Acc:0.3437500	 lr:0.0003043	 Mean_Total:0.4390463
2021-11-27 16:59:09,469 - ===============================| start validation |===============================
2021-11-27 16:59:19,948 - 	 Total:0.4832350	 Acc:0.2779113
2021-11-27 16:59:19,956 -    ini file updated    
2021-11-27 16:59:19,957 - ===============================|    epoch 40   |===============================
2021-11-27 16:59:20,661 -     0 /  2109 (000%):	 Total:0.1252462	 Acc:0.5000000	 lr:0.0003043	 Mean_Total:0.1252462
2021-11-27 16:59:53,981 -   421 /  2109 (019%):	 Total:0.2950044	 Acc:0.3437500	 lr:0.0003036	 Mean_Total:0.3120139
2021-11-27 17:00:26,476 -   842 /  2109 (039%):	 Total:0.7456008	 Acc:0.2187500	 lr:0.0003028	 Mean_Total:0.3392336
2021-11-27 17:00:58,045 -  1263 /  2109 (059%):	 Total:0.2856225	 Acc:0.2500000	 lr:0.0003021	 Mean_Total:0.3689110
2021-11-27 17:01:31,162 -  1684 /  2109 (079%):	 Total:0.4035655	 Acc:0.2812500	 lr:0.0003013	 Mean_Total:0.4068424
2021-11-27 17:02:00,679 -  2105 /  2109 (099%):	 Total:0.5458621	 Acc:0.2187500	 lr:0.0003006	 Mean_Total:0.4391174
2021-11-27 17:02:01,228 - ===============================| start validation |===============================
2021-11-27 17:02:10,488 - 	 Total:0.4850649	 Acc:0.2915331
2021-11-27 17:02:10,494 -    ini file updated    
2021-11-27 17:02:10,495 - ===============================|    epoch 41   |===============================
2021-11-27 17:02:11,243 -     0 /  2109 (000%):	 Total:0.1891776	 Acc:0.4687500	 lr:0.0003006	 Mean_Total:0.1891776
2021-11-27 17:02:42,172 -   421 /  2109 (019%):	 Total:0.5774207	 Acc:0.1875000	 lr:0.0002999	 Mean_Total:0.3012765
2021-11-27 17:03:16,390 -   842 /  2109 (039%):	 Total:0.3720747	 Acc:0.2812500	 lr:0.0002991	 Mean_Total:0.3335044
2021-11-27 17:03:49,155 -  1263 /  2109 (059%):	 Total:0.2727471	 Acc:0.3750000	 lr:0.0002984	 Mean_Total:0.3638291
2021-11-27 17:04:22,134 -  1684 /  2109 (079%):	 Total:0.6419291	 Acc:0.1875000	 lr:0.0002977	 Mean_Total:0.4015956
2021-11-27 17:04:55,530 -  2105 /  2109 (099%):	 Total:0.6324465	 Acc:0.1875000	 lr:0.0002970	 Mean_Total:0.4316932
2021-11-27 17:04:56,056 - ===============================| start validation |===============================
2021-11-27 17:05:06,646 - 	 Total:0.4747923	 Acc:0.2958066
2021-11-27 17:05:06,652 -    ini file updated    
2021-11-27 17:05:06,659 - Snapshot saved to /data/users/wergillius/UTR_VAE/pth/RL_gru_MTL/1_layer_model/human_k17-model_best_cv5.pth

2021-11-27 17:05:06,660 -    ini file updated    
2021-11-27 17:05:06,660 - ===============================|    epoch 42   |===============================
2021-11-27 17:05:07,385 -     0 /  2109 (000%):	 Total:0.5625216	 Acc:0.3750000	 lr:0.0002970	 Mean_Total:0.5625216
2021-11-27 17:05:40,030 -   421 /  2109 (019%):	 Total:0.2870120	 Acc:0.2500000	 lr:0.0002963	 Mean_Total:0.3057577
2021-11-27 17:06:14,561 -   842 /  2109 (039%):	 Total:0.3760934	 Acc:0.3437500	 lr:0.0002956	 Mean_Total:0.3339618
2021-11-27 17:06:47,422 -  1263 /  2109 (059%):	 Total:0.3309249	 Acc:0.2812500	 lr:0.0002949	 Mean_Total:0.3647455
2021-11-27 17:07:20,360 -  1684 /  2109 (079%):	 Total:0.5134146	 Acc:0.3125000	 lr:0.0002942	 Mean_Total:0.4032492
2021-11-27 17:07:53,734 -  2105 /  2109 (099%):	 Total:0.3483474	 Acc:0.3750000	 lr:0.0002935	 Mean_Total:0.4334592
2021-11-27 17:07:54,199 - ===============================| start validation |===============================
2021-11-27 17:08:04,785 - 	 Total:0.4791986	 Acc:0.2883280
2021-11-27 17:08:04,790 -    ini file updated    
2021-11-27 17:08:04,790 - ===============================|    epoch 43   |===============================
2021-11-27 17:08:05,452 -     0 /  2109 (000%):	 Total:0.2137857	 Acc:0.1875000	 lr:0.0002935	 Mean_Total:0.2137857
2021-11-27 17:08:36,919 -   421 /  2109 (019%):	 Total:0.3440509	 Acc:0.3125000	 lr:0.0002928	 Mean_Total:0.3068054
2021-11-27 17:09:09,339 -   842 /  2109 (039%):	 Total:0.3975521	 Acc:0.3125000	 lr:0.0002922	 Mean_Total:0.3342002
2021-11-27 17:09:40,465 -  1263 /  2109 (059%):	 Total:0.2178087	 Acc:0.4375000	 lr:0.0002915	 Mean_Total:0.3667856
2021-11-27 17:10:13,048 -  1684 /  2109 (079%):	 Total:1.4897294	 Acc:0.1875000	 lr:0.0002908	 Mean_Total:0.4030301
2021-11-27 17:10:45,022 -  2105 /  2109 (099%):	 Total:0.4229518	 Acc:0.3750000	 lr:0.0002902	 Mean_Total:0.4332128
2021-11-27 17:10:45,580 - ===============================| start validation |===============================
2021-11-27 17:10:56,347 - 	 Total:0.4711824	 Acc:0.2943376
2021-11-27 17:10:56,352 -    ini file updated    
2021-11-27 17:10:56,360 - Snapshot saved to /data/users/wergillius/UTR_VAE/pth/RL_gru_MTL/1_layer_model/human_k17-model_best_cv5.pth

2021-11-27 17:10:56,361 -    ini file updated    
2021-11-27 17:10:56,361 - ===============================|    epoch 44   |===============================
2021-11-27 17:10:57,128 -     0 /  2109 (000%):	 Total:0.3546459	 Acc:0.5000000	 lr:0.0002902	 Mean_Total:0.3546459
2021-11-27 17:11:30,573 -   421 /  2109 (019%):	 Total:0.2372596	 Acc:0.4375000	 lr:0.0002895	 Mean_Total:0.3051971
2021-11-27 17:12:03,849 -   842 /  2109 (039%):	 Total:0.1750729	 Acc:0.3437500	 lr:0.0002888	 Mean_Total:0.3338215
2021-11-27 17:12:36,014 -  1263 /  2109 (059%):	 Total:0.4912271	 Acc:0.1562500	 lr:0.0002882	 Mean_Total:0.3640547
2021-11-27 17:13:05,992 -  1684 /  2109 (079%):	 Total:0.4607904	 Acc:0.2500000	 lr:0.0002876	 Mean_Total:0.4008152
2021-11-27 17:13:36,105 -  2105 /  2109 (099%):	 Total:0.3717130	 Acc:0.2812500	 lr:0.0002869	 Mean_Total:0.4304294
2021-11-27 17:13:36,471 - ===============================| start validation |===============================
2021-11-27 17:13:46,403 - 	 Total:0.4683564	 Acc:0.2936699
2021-11-27 17:13:46,411 -    ini file updated    
2021-11-27 17:13:46,425 - Snapshot saved to /data/users/wergillius/UTR_VAE/pth/RL_gru_MTL/1_layer_model/human_k17-model_best_cv5.pth

2021-11-27 17:13:46,426 -    ini file updated    
2021-11-27 17:13:46,426 - ===============================|    epoch 45   |===============================
2021-11-27 17:13:47,274 -     0 /  2109 (000%):	 Total:0.1204236	 Acc:0.5000000	 lr:0.0002869	 Mean_Total:0.1204236
2021-11-27 17:14:17,374 -   421 /  2109 (019%):	 Total:0.5617540	 Acc:0.3125000	 lr:0.0002863	 Mean_Total:0.2962738
2021-11-27 17:14:47,489 -   842 /  2109 (039%):	 Total:0.5739385	 Acc:0.3125000	 lr:0.0002856	 Mean_Total:0.3308830
2021-11-27 17:15:20,272 -  1263 /  2109 (059%):	 Total:0.5478175	 Acc:0.1562500	 lr:0.0002850	 Mean_Total:0.3618267
2021-11-27 17:15:50,617 -  1684 /  2109 (079%):	 Total:0.3910013	 Acc:0.1250000	 lr:0.0002844	 Mean_Total:0.3973203
2021-11-27 17:16:21,789 -  2105 /  2109 (099%):	 Total:0.5020754	 Acc:0.3125000	 lr:0.0002838	 Mean_Total:0.4286385
2021-11-27 17:16:22,174 - ===============================| start validation |===============================
2021-11-27 17:16:33,473 - 	 Total:0.4657598	 Acc:0.3016827
2021-11-27 17:16:33,486 -    ini file updated    
2021-11-27 17:16:33,493 - Snapshot saved to /data/users/wergillius/UTR_VAE/pth/RL_gru_MTL/1_layer_model/human_k17-model_best_cv5.pth

2021-11-27 17:16:33,494 -    ini file updated    
2021-11-27 17:16:33,494 - ===============================|    epoch 46   |===============================
2021-11-27 17:16:34,324 -     0 /  2109 (000%):	 Total:0.2240090	 Acc:0.4687500	 lr:0.0002838	 Mean_Total:0.2240090
2021-11-27 17:17:04,907 -   421 /  2109 (019%):	 Total:0.1814486	 Acc:0.3750000	 lr:0.0002832	 Mean_Total:0.2968062
2021-11-27 17:17:36,677 -   842 /  2109 (039%):	 Total:0.1953049	 Acc:0.3437500	 lr:0.0002826	 Mean_Total:0.3260409
2021-11-27 17:18:07,452 -  1263 /  2109 (059%):	 Total:0.4019649	 Acc:0.3125000	 lr:0.0002819	 Mean_Total:0.3570770
2021-11-27 17:18:38,842 -  1684 /  2109 (079%):	 Total:1.1773252	 Acc:0.3750000	 lr:0.0002813	 Mean_Total:0.3966548
2021-11-27 17:19:11,384 -  2105 /  2109 (099%):	 Total:0.6161300	 Acc:0.1875000	 lr:0.0002807	 Mean_Total:0.4265229
2021-11-27 17:19:11,853 - ===============================| start validation |===============================
2021-11-27 17:19:22,035 - 	 Total:0.4656094	 Acc:0.2962073
2021-11-27 17:19:22,044 -    ini file updated    
2021-11-27 17:19:22,051 - Snapshot saved to /data/users/wergillius/UTR_VAE/pth/RL_gru_MTL/1_layer_model/human_k17-model_best_cv5.pth

2021-11-27 17:19:22,052 -    ini file updated    
2021-11-27 17:19:22,052 - ===============================|    epoch 47   |===============================
2021-11-27 17:19:22,833 -     0 /  2109 (000%):	 Total:0.1253268	 Acc:0.5937500	 lr:0.0002807	 Mean_Total:0.1253268
2021-11-27 17:19:54,369 -   421 /  2109 (019%):	 Total:0.5515741	 Acc:0.2500000	 lr:0.0002801	 Mean_Total:0.3000524
2021-11-27 17:20:26,523 -   842 /  2109 (039%):	 Total:0.4882554	 Acc:0.3750000	 lr:0.0002796	 Mean_Total:0.3272656
2021-11-27 17:20:57,346 -  1263 /  2109 (059%):	 Total:0.3880067	 Acc:0.1875000	 lr:0.0002790	 Mean_Total:0.3602638
2021-11-27 17:21:27,522 -  1684 /  2109 (079%):	 Total:0.6520607	 Acc:0.1250000	 lr:0.0002784	 Mean_Total:0.3989499
2021-11-27 17:21:58,989 -  2105 /  2109 (099%):	 Total:0.4427539	 Acc:0.2500000	 lr:0.0002778	 Mean_Total:0.4285832
2021-11-27 17:21:59,195 - ===============================| start validation |===============================
2021-11-27 17:22:09,249 - 	 Total:0.4735596	 Acc:0.2940705
2021-11-27 17:22:09,252 -    ini file updated    
2021-11-27 17:22:09,252 - ===============================|    epoch 48   |===============================
2021-11-27 17:22:09,933 -     0 /  2109 (000%):	 Total:0.3473251	 Acc:0.5000000	 lr:0.0002778	 Mean_Total:0.3473251
2021-11-27 17:22:43,155 -   421 /  2109 (019%):	 Total:0.1907646	 Acc:0.3125000	 lr:0.0002772	 Mean_Total:0.2921952
2021-11-27 17:23:14,250 -   842 /  2109 (039%):	 Total:0.3908842	 Acc:0.3437500	 lr:0.0002767	 Mean_Total:0.3260503
2021-11-27 17:23:45,674 -  1263 /  2109 (059%):	 Total:0.3659519	 Acc:0.2500000	 lr:0.0002761	 Mean_Total:0.3580687
2021-11-27 17:24:14,908 -  1684 /  2109 (079%):	 Total:0.4317894	 Acc:0.2500000	 lr:0.0002755	 Mean_Total:0.3933165
2021-11-27 17:24:44,181 -  2105 /  2109 (099%):	 Total:0.3326778	 Acc:0.3750000	 lr:0.0002750	 Mean_Total:0.4259481
2021-11-27 17:24:44,724 - ===============================| start validation |===============================
2021-11-27 17:24:53,891 - 	 Total:0.4661921	 Acc:0.2876603
2021-11-27 17:24:53,896 -    ini file updated    
2021-11-27 17:24:53,897 - ===============================|    epoch 49   |===============================
2021-11-27 17:24:54,677 -     0 /  2109 (000%):	 Total:0.3534610	 Acc:0.3437500	 lr:0.0002750	 Mean_Total:0.3534610
2021-11-27 17:25:25,740 -   421 /  2109 (019%):	 Total:0.3303451	 Acc:0.4062500	 lr:0.0002744	 Mean_Total:0.2904914
2021-11-27 17:25:58,781 -   842 /  2109 (039%):	 Total:0.2907968	 Acc:0.3750000	 lr:0.0002738	 Mean_Total:0.3203589
2021-11-27 17:26:29,933 -  1263 /  2109 (059%):	 Total:0.4195813	 Acc:0.3125000	 lr:0.0002733	 Mean_Total:0.3548486
2021-11-27 17:27:01,451 -  1684 /  2109 (079%):	 Total:0.6570292	 Acc:0.1250000	 lr:0.0002727	 Mean_Total:0.3927148
2021-11-27 17:27:32,490 -  2105 /  2109 (099%):	 Total:0.4556127	 Acc:0.2812500	 lr:0.0002722	 Mean_Total:0.4229701
2021-11-27 17:27:32,919 - ===============================| start validation |===============================
2021-11-27 17:27:42,637 - 	 Total:0.4629243	 Acc:0.3046207
2021-11-27 17:27:42,644 -    ini file updated    
2021-11-27 17:27:42,653 - Snapshot saved to /data/users/wergillius/UTR_VAE/pth/RL_gru_MTL/1_layer_model/human_k17-model_best_cv5.pth

2021-11-27 17:27:42,654 -    ini file updated    
2021-11-27 17:27:42,654 - ===============================|    epoch 50   |===============================
2021-11-27 17:27:43,462 -     0 /  2109 (000%):	 Total:0.1883172	 Acc:0.4687500	 lr:0.0002722	 Mean_Total:0.1883172
2021-11-27 17:28:16,571 -   421 /  2109 (019%):	 Total:0.2796747	 Acc:0.3125000	 lr:0.0002716	 Mean_Total:0.2951518
2021-11-27 17:28:50,978 -   842 /  2109 (039%):	 Total:0.2149185	 Acc:0.3125000	 lr:0.0002711	 Mean_Total:0.3261774
2021-11-27 17:29:25,100 -  1263 /  2109 (059%):	 Total:0.5196609	 Acc:0.2500000	 lr:0.0002706	 Mean_Total:0.3582177
2021-11-27 17:29:58,866 -  1684 /  2109 (079%):	 Total:0.4499906	 Acc:0.3125000	 lr:0.0002700	 Mean_Total:0.3928018
2021-11-27 17:30:33,902 -  2105 /  2109 (099%):	 Total:0.4663206	 Acc:0.2187500	 lr:0.0002695	 Mean_Total:0.4229443
2021-11-27 17:30:34,430 - ===============================| start validation |===============================
2021-11-27 17:30:44,551 - 	 Total:0.4633850	 Acc:0.2974092
2021-11-27 17:30:44,559 -    ini file updated    
2021-11-27 17:30:44,559 - ===============================|    epoch 51   |===============================
2021-11-27 17:30:45,394 -     0 /  2109 (000%):	 Total:0.3639352	 Acc:0.5000000	 lr:0.0002695	 Mean_Total:0.3639352
2021-11-27 17:31:17,415 -   421 /  2109 (019%):	 Total:0.2273729	 Acc:0.3437500	 lr:0.0002690	 Mean_Total:0.2983855
2021-11-27 17:31:50,996 -   842 /  2109 (039%):	 Total:0.1894227	 Acc:0.5937500	 lr:0.0002685	 Mean_Total:0.3233957
2021-11-27 17:32:24,004 -  1263 /  2109 (059%):	 Total:0.5305765	 Acc:0.0937500	 lr:0.0002679	 Mean_Total:0.3542726
2021-11-27 17:32:54,263 -  1684 /  2109 (079%):	 Total:0.5150151	 Acc:0.2500000	 lr:0.0002674	 Mean_Total:0.3921272
2021-11-27 17:33:28,115 -  2105 /  2109 (099%):	 Total:0.3409205	 Acc:0.2500000	 lr:0.0002669	 Mean_Total:0.4223590
2021-11-27 17:33:28,570 - ===============================| start validation |===============================
2021-11-27 17:33:38,464 - 	 Total:0.4654228	 Acc:0.2951389
2021-11-27 17:33:38,468 -    ini file updated    
2021-11-27 17:33:38,473 - ===============================|    epoch 52   |===============================
2021-11-27 17:33:39,287 -     0 /  2109 (000%):	 Total:0.2412978	 Acc:0.4062500	 lr:0.0002669	 Mean_Total:0.2412978
2021-11-27 17:34:11,509 -   421 /  2109 (019%):	 Total:0.2179435	 Acc:0.2187500	 lr:0.0002664	 Mean_Total:0.2855554
2021-11-27 17:34:43,086 -   842 /  2109 (039%):	 Total:0.3699806	 Acc:0.2500000	 lr:0.0002659	 Mean_Total:0.3198972
2021-11-27 17:35:16,148 -  1263 /  2109 (059%):	 Total:0.6887806	 Acc:0.2812500	 lr:0.0002654	 Mean_Total:0.3512221
2021-11-27 17:35:47,735 -  1684 /  2109 (079%):	 Total:0.4244733	 Acc:0.2187500	 lr:0.0002649	 Mean_Total:0.3867182
2021-11-27 17:36:20,602 -  2105 /  2109 (099%):	 Total:0.2067751	 Acc:0.4062500	 lr:0.0002644	 Mean_Total:0.4188680
2021-11-27 17:36:21,065 - ===============================| start validation |===============================
2021-11-27 17:36:31,328 - 	 Total:0.4659996	 Acc:0.2923344
2021-11-27 17:36:31,356 -    ini file updated    
2021-11-27 17:36:31,364 - ===============================|    epoch 53   |===============================
2021-11-27 17:36:32,093 -     0 /  2109 (000%):	 Total:0.2029699	 Acc:0.4687500	 lr:0.0002644	 Mean_Total:0.2029699
2021-11-27 17:37:04,039 -   421 /  2109 (019%):	 Total:0.5676265	 Acc:0.3437500	 lr:0.0002639	 Mean_Total:0.2857009
2021-11-27 17:37:35,891 -   842 /  2109 (039%):	 Total:0.2482669	 Acc:0.3125000	 lr:0.0002634	 Mean_Total:0.3150186
2021-11-27 17:38:10,003 -  1263 /  2109 (059%):	 Total:0.3245131	 Acc:0.3125000	 lr:0.0002629	 Mean_Total:0.3465773
2021-11-27 17:38:40,992 -  1684 /  2109 (079%):	 Total:0.8635055	 Acc:0.2187500	 lr:0.0002624	 Mean_Total:0.3849021
2021-11-27 17:39:14,068 -  2105 /  2109 (099%):	 Total:0.4242232	 Acc:0.3437500	 lr:0.0002619	 Mean_Total:0.4165504
2021-11-27 17:39:14,543 - ===============================| start validation |===============================
2021-11-27 17:39:25,384 - 	 Total:0.4614644	 Acc:0.2982105
2021-11-27 17:39:25,388 -    ini file updated    
2021-11-27 17:39:25,396 - Snapshot saved to /data/users/wergillius/UTR_VAE/pth/RL_gru_MTL/1_layer_model/human_k17-model_best_cv5.pth

2021-11-27 17:39:25,397 -    ini file updated    
2021-11-27 17:39:25,397 - ===============================|    epoch 54   |===============================
2021-11-27 17:39:26,196 -     0 /  2109 (000%):	 Total:0.2133944	 Acc:0.4687500	 lr:0.0002619	 Mean_Total:0.2133944
2021-11-27 17:39:59,437 -   421 /  2109 (019%):	 Total:0.2402180	 Acc:0.2187500	 lr:0.0002614	 Mean_Total:0.2869629
2021-11-27 17:40:32,290 -   842 /  2109 (039%):	 Total:0.3522912	 Acc:0.3437500	 lr:0.0002610	 Mean_Total:0.3180530
2021-11-27 17:41:03,727 -  1263 /  2109 (059%):	 Total:0.6137133	 Acc:0.3437500	 lr:0.0002605	 Mean_Total:0.3490492
2021-11-27 17:41:36,606 -  1684 /  2109 (079%):	 Total:0.5387183	 Acc:0.1875000	 lr:0.0002600	 Mean_Total:0.3862563
2021-11-27 17:42:09,544 -  2105 /  2109 (099%):	 Total:0.3995032	 Acc:0.4375000	 lr:0.0002595	 Mean_Total:0.4166999
2021-11-27 17:42:10,066 - ===============================| start validation |===============================
2021-11-27 17:42:19,525 - 	 Total:0.4570265	 Acc:0.3034188
2021-11-27 17:42:19,530 -    ini file updated    
2021-11-27 17:42:19,539 - Snapshot saved to /data/users/wergillius/UTR_VAE/pth/RL_gru_MTL/1_layer_model/human_k17-model_best_cv5.pth

2021-11-27 17:42:19,539 -    ini file updated    
2021-11-27 17:42:19,540 - ===============================|    epoch 55   |===============================
2021-11-27 17:42:20,404 -     0 /  2109 (000%):	 Total:0.3098996	 Acc:0.5625000	 lr:0.0002595	 Mean_Total:0.3098996
2021-11-27 17:42:52,459 -   421 /  2109 (019%):	 Total:0.4686143	 Acc:0.3750000	 lr:0.0002591	 Mean_Total:0.2821285
2021-11-27 17:43:23,828 -   842 /  2109 (039%):	 Total:0.8490578	 Acc:0.3437500	 lr:0.0002586	 Mean_Total:0.3174069
2021-11-27 17:43:55,049 -  1263 /  2109 (059%):	 Total:0.4991243	 Acc:0.3125000	 lr:0.0002581	 Mean_Total:0.3461543
2021-11-27 17:44:24,960 -  1684 /  2109 (079%):	 Total:0.5013682	 Acc:0.1250000	 lr:0.0002577	 Mean_Total:0.3838000
2021-11-27 17:44:57,389 -  2105 /  2109 (099%):	 Total:0.4880593	 Acc:0.4062500	 lr:0.0002572	 Mean_Total:0.4145132
2021-11-27 17:44:57,715 - ===============================| start validation |===============================
2021-11-27 17:45:07,497 - 	 Total:0.4597149	 Acc:0.2987447
2021-11-27 17:45:07,501 -    ini file updated    
2021-11-27 17:45:07,501 - ===============================|    epoch 56   |===============================
2021-11-27 17:45:08,222 -     0 /  2109 (000%):	 Total:0.1078867	 Acc:0.6250000	 lr:0.0002572	 Mean_Total:0.1078867
2021-11-27 17:45:39,145 -   421 /  2109 (019%):	 Total:0.5166168	 Acc:0.2812500	 lr:0.0002567	 Mean_Total:0.2843675
2021-11-27 17:46:10,608 -   842 /  2109 (039%):	 Total:0.2553588	 Acc:0.4375000	 lr:0.0002563	 Mean_Total:0.3191844
2021-11-27 17:46:43,928 -  1263 /  2109 (059%):	 Total:0.3619902	 Acc:0.1562500	 lr:0.0002558	 Mean_Total:0.3509673
2021-11-27 17:47:15,743 -  1684 /  2109 (079%):	 Total:0.4167634	 Acc:0.3750000	 lr:0.0002554	 Mean_Total:0.3869763
2021-11-27 17:47:45,067 -  2105 /  2109 (099%):	 Total:0.6697785	 Acc:0.2187500	 lr:0.0002549	 Mean_Total:0.4166450
2021-11-27 17:47:45,451 - ===============================| start validation |===============================
2021-11-27 17:47:54,836 - 	 Total:0.4606599	 Acc:0.2966079
2021-11-27 17:47:54,844 -    ini file updated    
2021-11-27 17:47:54,845 - ===============================|    epoch 57   |===============================
2021-11-27 17:47:55,574 -     0 /  2109 (000%):	 Total:0.1828584	 Acc:0.4687500	 lr:0.0002549	 Mean_Total:0.1828584
2021-11-27 17:48:27,071 -   421 /  2109 (019%):	 Total:0.2548080	 Acc:0.4062500	 lr:0.0002545	 Mean_Total:0.2793595
2021-11-27 17:48:59,574 -   842 /  2109 (039%):	 Total:0.2775189	 Acc:0.2812500	 lr:0.0002540	 Mean_Total:0.3134660
2021-11-27 17:49:31,439 -  1263 /  2109 (059%):	 Total:0.3509222	 Acc:0.1875000	 lr:0.0002536	 Mean_Total:0.3463155
2021-11-27 17:50:02,804 -  1684 /  2109 (079%):	 Total:0.6422434	 Acc:0.2812500	 lr:0.0002532	 Mean_Total:0.3835666
2021-11-27 17:50:35,831 -  2105 /  2109 (099%):	 Total:0.3267353	 Acc:0.2812500	 lr:0.0002527	 Mean_Total:0.4128790
2021-11-27 17:50:36,256 - ===============================| start validation |===============================
2021-11-27 17:50:46,797 - 	 Total:0.4554782	 Acc:0.3075588
2021-11-27 17:50:46,802 -    ini file updated    
2021-11-27 17:50:46,813 - Snapshot saved to /data/users/wergillius/UTR_VAE/pth/RL_gru_MTL/1_layer_model/human_k17-model_best_cv5.pth

2021-11-27 17:50:46,814 -    ini file updated    
2021-11-27 17:50:46,814 - ===============================|    epoch 58   |===============================
2021-11-27 17:50:47,679 -     0 /  2109 (000%):	 Total:0.1304908	 Acc:0.4375000	 lr:0.0002527	 Mean_Total:0.1304908
2021-11-27 17:51:18,050 -   421 /  2109 (019%):	 Total:0.4929115	 Acc:0.4375000	 lr:0.0002523	 Mean_Total:0.2870871
2021-11-27 17:51:49,877 -   842 /  2109 (039%):	 Total:0.2397173	 Acc:0.2812500	 lr:0.0002519	 Mean_Total:0.3145824
2021-11-27 17:52:22,986 -  1263 /  2109 (059%):	 Total:0.3412347	 Acc:0.2500000	 lr:0.0002514	 Mean_Total:0.3431877
2021-11-27 17:52:53,448 -  1684 /  2109 (079%):	 Total:0.7929026	 Acc:0.4375000	 lr:0.0002510	 Mean_Total:0.3813450
2021-11-27 17:53:25,602 -  2105 /  2109 (099%):	 Total:0.4223683	 Acc:0.3750000	 lr:0.0002506	 Mean_Total:0.4115004
2021-11-27 17:53:25,876 - ===============================| start validation |===============================
2021-11-27 17:53:36,045 - 	 Total:0.4647735	 Acc:0.2992788
2021-11-27 17:53:36,063 -    ini file updated    
2021-11-27 17:53:36,063 - ===============================|    epoch 59   |===============================
2021-11-27 17:53:36,810 -     0 /  2109 (000%):	 Total:0.2683698	 Acc:0.5000000	 lr:0.0002506	 Mean_Total:0.2683698
2021-11-27 17:54:09,722 -   421 /  2109 (019%):	 Total:0.1968386	 Acc:0.3750000	 lr:0.0002501	 Mean_Total:0.2848871
2021-11-27 17:54:41,777 -   842 /  2109 (039%):	 Total:0.2482264	 Acc:0.2812500	 lr:0.0002497	 Mean_Total:0.3145272
2021-11-27 17:55:11,604 -  1263 /  2109 (059%):	 Total:0.1560409	 Acc:0.4375000	 lr:0.0002493	 Mean_Total:0.3449151
2021-11-27 17:55:42,753 -  1684 /  2109 (079%):	 Total:0.5013267	 Acc:0.2187500	 lr:0.0002489	 Mean_Total:0.3811264
2021-11-27 17:56:15,100 -  2105 /  2109 (099%):	 Total:0.6277477	 Acc:0.1562500	 lr:0.0002485	 Mean_Total:0.4121913
2021-11-27 17:56:15,559 - ===============================| start validation |===============================
2021-11-27 17:56:26,279 - 	 Total:0.4642625	 Acc:0.3008814
2021-11-27 17:56:26,283 -    ini file updated    
2021-11-27 17:56:26,284 - ===============================|    epoch 60   |===============================
2021-11-27 17:56:26,998 -     0 /  2109 (000%):	 Total:0.2497620	 Acc:0.3437500	 lr:0.0002485	 Mean_Total:0.2497620
2021-11-27 17:56:59,063 -   421 /  2109 (019%):	 Total:0.1937358	 Acc:0.3125000	 lr:0.0002481	 Mean_Total:0.2763481
2021-11-27 17:57:33,701 -   842 /  2109 (039%):	 Total:0.2959532	 Acc:0.2187500	 lr:0.0002477	 Mean_Total:0.3132617
2021-11-27 17:58:05,861 -  1263 /  2109 (059%):	 Total:0.2296236	 Acc:0.1875000	 lr:0.0002472	 Mean_Total:0.3469649
2021-11-27 17:58:32,179 -  1684 /  2109 (079%):	 Total:0.5784001	 Acc:0.2500000	 lr:0.0002468	 Mean_Total:0.3828728
2021-11-27 17:58:51,434 -  2105 /  2109 (099%):	 Total:0.4724745	 Acc:0.3125000	 lr:0.0002464	 Mean_Total:0.4120780
2021-11-27 17:58:51,726 - ===============================| start validation |===============================
2021-11-27 17:58:58,170 - 	 Total:0.4693301	 Acc:0.2976763
2021-11-27 17:58:58,174 -    ini file updated    
