2021-11-25 20:53:21,993 -   	 	 ==============<<< device used: cuda:2  >>>============== 	 	 
2021-11-25 20:53:27,910 - ===============================|    epoch 0   |===============================
2021-11-25 20:53:28,641 -     0 /  2109 (000%):	 Total:41.7630005	 Acc:0.0000000	 lr:0.0009882	 Mean_Total:41.7630005
2021-11-25 20:53:35,390 -   421 /  2109 (019%):	 Total:0.5417235	 Acc:0.2500000	 lr:0.0043027	 Mean_Total:1.6938992
2021-11-25 20:53:42,357 -   842 /  2109 (039%):	 Total:0.4744616	 Acc:0.1250000	 lr:0.0030443	 Mean_Total:1.3823921
2021-11-25 20:53:49,252 -  1263 /  2109 (059%):	 Total:0.5484664	 Acc:0.1562500	 lr:0.0024861	 Mean_Total:1.2679882
2021-11-25 20:53:56,447 -  1684 /  2109 (079%):	 Total:0.8971269	 Acc:0.1250000	 lr:0.0021533	 Mean_Total:1.2335214
2021-11-25 20:54:03,587 -  2105 /  2109 (099%):	 Total:0.9451199	 Acc:0.3125000	 lr:0.0019260	 Mean_Total:1.2292081
2021-11-25 20:54:03,790 - ===============================| start validation |===============================
2021-11-25 20:54:06,172 - 	 Total:1.0277489	 Acc:0.2092682
2021-11-25 20:54:06,176 -    ini file updated    
2021-11-25 20:54:06,183 - Snapshot saved to /data/users/wergillius/UTR_VAE/pth/RL_gru_MTL/1_layer_model/human_k5-model_best_cv0.pth

2021-11-25 20:54:06,183 -    ini file updated    
2021-11-25 20:54:06,183 - ===============================|    epoch 1   |===============================
2021-11-25 20:54:06,824 -     0 /  2109 (000%):	 Total:0.7075682	 Acc:0.1562500	 lr:0.0019242	 Mean_Total:0.7075682
2021-11-25 20:54:15,115 -   421 /  2109 (019%):	 Total:0.8954823	 Acc:0.1562500	 lr:0.0017569	 Mean_Total:0.9436758
2021-11-25 20:54:23,983 -   842 /  2109 (039%):	 Total:0.3757850	 Acc:0.2812500	 lr:0.0016268	 Mean_Total:0.9308713
2021-11-25 20:54:33,425 -  1263 /  2109 (059%):	 Total:0.5987347	 Acc:0.2187500	 lr:0.0015219	 Mean_Total:0.9351845
2021-11-25 20:54:42,809 -  1684 /  2109 (079%):	 Total:2.0999596	 Acc:0.1250000	 lr:0.0014350	 Mean_Total:0.9691528
2021-11-25 20:54:51,977 -  2105 /  2109 (099%):	 Total:0.8506157	 Acc:0.1250000	 lr:0.0013614	 Mean_Total:1.0049801
2021-11-25 20:54:52,221 - ===============================| start validation |===============================
2021-11-25 20:54:55,009 - 	 Total:0.9887470	 Acc:0.2148771
2021-11-25 20:54:55,013 -    ini file updated    
2021-11-25 20:54:55,018 - Snapshot saved to /data/users/wergillius/UTR_VAE/pth/RL_gru_MTL/1_layer_model/human_k5-model_best_cv0.pth

2021-11-25 20:54:55,019 -    ini file updated    
2021-11-25 20:54:55,019 - ===============================|    epoch 2   |===============================
2021-11-25 20:54:55,569 -     0 /  2109 (000%):	 Total:0.2516222	 Acc:0.2500000	 lr:0.0013608	 Mean_Total:0.2516222
2021-11-25 20:55:04,320 -   421 /  2109 (019%):	 Total:0.5637515	 Acc:0.1875000	 lr:0.0012976	 Mean_Total:0.8946285
2021-11-25 20:55:12,927 -   842 /  2109 (039%):	 Total:0.4361075	 Acc:0.1875000	 lr:0.0012424	 Mean_Total:0.8896315
2021-11-25 20:55:21,833 -  1263 /  2109 (059%):	 Total:1.0900033	 Acc:0.1562500	 lr:0.0011938	 Mean_Total:0.8931861
2021-11-25 20:55:31,758 -  1684 /  2109 (079%):	 Total:1.4470809	 Acc:0.2187500	 lr:0.0011504	 Mean_Total:0.9253048
2021-11-25 20:55:40,808 -  2105 /  2109 (099%):	 Total:0.8585654	 Acc:0.1562500	 lr:0.0011115	 Mean_Total:0.9594471
2021-11-25 20:55:40,969 - ===============================| start validation |===============================
2021-11-25 20:55:43,642 - 	 Total:0.9423571	 Acc:0.2124733
2021-11-25 20:55:43,646 -    ini file updated    
2021-11-25 20:55:43,651 - Snapshot saved to /data/users/wergillius/UTR_VAE/pth/RL_gru_MTL/1_layer_model/human_k5-model_best_cv0.pth

2021-11-25 20:55:43,652 -    ini file updated    
2021-11-25 20:55:43,652 - ===============================|    epoch 3   |===============================
2021-11-25 20:55:44,130 -     0 /  2109 (000%):	 Total:0.9312521	 Acc:0.2500000	 lr:0.0011111	 Mean_Total:0.9312521
2021-11-25 20:55:53,088 -   421 /  2109 (019%):	 Total:0.9754341	 Acc:0.2187500	 lr:0.0010759	 Mean_Total:0.8613506
2021-11-25 20:56:02,212 -   842 /  2109 (039%):	 Total:0.7720013	 Acc:0.1250000	 lr:0.0010438	 Mean_Total:0.8498297
2021-11-25 20:56:11,587 -  1263 /  2109 (059%):	 Total:0.7152829	 Acc:0.0937500	 lr:0.0010145	 Mean_Total:0.8547784
2021-11-25 20:56:20,706 -  1684 /  2109 (079%):	 Total:1.3039920	 Acc:0.2187500	 lr:0.0009875	 Mean_Total:0.8882388
2021-11-25 20:56:29,655 -  2105 /  2109 (099%):	 Total:1.3172188	 Acc:0.2187500	 lr:0.0009625	 Mean_Total:0.9240917
2021-11-25 20:56:29,837 - ===============================| start validation |===============================
2021-11-25 20:56:32,673 - 	 Total:0.9283800	 Acc:0.2212874
2021-11-25 20:56:32,677 -    ini file updated    
2021-11-25 20:56:32,683 - Snapshot saved to /data/users/wergillius/UTR_VAE/pth/RL_gru_MTL/1_layer_model/human_k5-model_best_cv0.pth

2021-11-25 20:56:32,684 -    ini file updated    
2021-11-25 20:56:32,684 - ===============================|    epoch 4   |===============================
2021-11-25 20:56:33,184 -     0 /  2109 (000%):	 Total:0.9321008	 Acc:0.2812500	 lr:0.0009623	 Mean_Total:0.9321008
2021-11-25 20:56:42,292 -   421 /  2109 (019%):	 Total:0.7924247	 Acc:0.2187500	 lr:0.0009391	 Mean_Total:0.8295068
2021-11-25 20:56:51,550 -   842 /  2109 (039%):	 Total:1.2293890	 Acc:0.1250000	 lr:0.0009176	 Mean_Total:0.8239679
2021-11-25 20:57:01,026 -  1263 /  2109 (059%):	 Total:0.7727180	 Acc:0.1562500	 lr:0.0008974	 Mean_Total:0.8307343
2021-11-25 20:57:10,690 -  1684 /  2109 (079%):	 Total:1.6723719	 Acc:0.2500000	 lr:0.0008786	 Mean_Total:0.8657512
2021-11-25 20:57:20,109 -  2105 /  2109 (099%):	 Total:1.1859086	 Acc:0.1562500	 lr:0.0008609	 Mean_Total:0.9020952
2021-11-25 20:57:20,312 - ===============================| start validation |===============================
2021-11-25 20:57:23,290 - 	 Total:0.9051172	 Acc:0.2207532
2021-11-25 20:57:23,293 -    ini file updated    
2021-11-25 20:57:23,299 - Snapshot saved to /data/users/wergillius/UTR_VAE/pth/RL_gru_MTL/1_layer_model/human_k5-model_best_cv0.pth

2021-11-25 20:57:23,299 -    ini file updated    
2021-11-25 20:57:23,299 - ===============================|    epoch 5   |===============================
2021-11-25 20:57:23,891 -     0 /  2109 (000%):	 Total:0.3098966	 Acc:0.4375000	 lr:0.0008607	 Mean_Total:0.3098966
2021-11-25 20:57:33,439 -   421 /  2109 (019%):	 Total:0.6406192	 Acc:0.2187500	 lr:0.0008440	 Mean_Total:0.7889623
2021-11-25 20:57:42,569 -   842 /  2109 (039%):	 Total:0.7750566	 Acc:0.1562500	 lr:0.0008283	 Mean_Total:0.7899001
2021-11-25 20:57:51,823 -  1263 /  2109 (059%):	 Total:1.4848678	 Acc:0.4062500	 lr:0.0008134	 Mean_Total:0.8018494
2021-11-25 20:58:00,956 -  1684 /  2109 (079%):	 Total:1.4203798	 Acc:0.1562500	 lr:0.0007992	 Mean_Total:0.8364910
2021-11-25 20:58:10,048 -  2105 /  2109 (099%):	 Total:0.7815861	 Acc:0.3125000	 lr:0.0007858	 Mean_Total:0.8722570
2021-11-25 20:58:10,240 - ===============================| start validation |===============================
2021-11-25 20:58:13,181 - 	 Total:0.8716123	 Acc:0.2417201
2021-11-25 20:58:13,185 -    ini file updated    
2021-11-25 20:58:13,191 - Snapshot saved to /data/users/wergillius/UTR_VAE/pth/RL_gru_MTL/1_layer_model/human_k5-model_best_cv0.pth

2021-11-25 20:58:13,192 -    ini file updated    
2021-11-25 20:58:13,192 - ===============================|    epoch 6   |===============================
2021-11-25 20:58:13,686 -     0 /  2109 (000%):	 Total:0.3385670	 Acc:0.4687500	 lr:0.0007857	 Mean_Total:0.3385670
2021-11-25 20:58:22,868 -   421 /  2109 (019%):	 Total:0.5824856	 Acc:0.2812500	 lr:0.0007730	 Mean_Total:0.7478700
2021-11-25 20:58:32,124 -   842 /  2109 (039%):	 Total:1.0924082	 Acc:0.2187500	 lr:0.0007608	 Mean_Total:0.7592905
2021-11-25 20:58:41,036 -  1263 /  2109 (059%):	 Total:1.0345329	 Acc:0.1250000	 lr:0.0007492	 Mean_Total:0.7706493
2021-11-25 20:58:50,166 -  1684 /  2109 (079%):	 Total:0.9193070	 Acc:0.2500000	 lr:0.0007381	 Mean_Total:0.8040539
2021-11-25 20:58:59,293 -  2105 /  2109 (099%):	 Total:1.3200661	 Acc:0.1562500	 lr:0.0007275	 Mean_Total:0.8426792
2021-11-25 20:58:59,526 - ===============================| start validation |===============================
2021-11-25 20:59:02,428 - 	 Total:0.8475461	 Acc:0.2478632
2021-11-25 20:59:02,431 -    ini file updated    
2021-11-25 20:59:02,436 - Snapshot saved to /data/users/wergillius/UTR_VAE/pth/RL_gru_MTL/1_layer_model/human_k5-model_best_cv0.pth

2021-11-25 20:59:02,437 -    ini file updated    
2021-11-25 20:59:02,437 - ===============================|    epoch 7   |===============================
2021-11-25 20:59:02,957 -     0 /  2109 (000%):	 Total:0.8998985	 Acc:0.2500000	 lr:0.0007274	 Mean_Total:0.8998985
2021-11-25 20:59:12,068 -   421 /  2109 (019%):	 Total:0.2891743	 Acc:0.3437500	 lr:0.0007173	 Mean_Total:0.6399116
2021-11-25 20:59:21,282 -   842 /  2109 (039%):	 Total:1.1700697	 Acc:0.2187500	 lr:0.0007075	 Mean_Total:0.6194322
2021-11-25 20:59:30,685 -  1263 /  2109 (059%):	 Total:0.5745349	 Acc:0.1250000	 lr:0.0006982	 Mean_Total:0.6324457
2021-11-25 20:59:39,791 -  1684 /  2109 (079%):	 Total:0.5930558	 Acc:0.2187500	 lr:0.0006892	 Mean_Total:0.6635698
2021-11-25 20:59:48,468 -  2105 /  2109 (099%):	 Total:0.7414504	 Acc:0.2500000	 lr:0.0006805	 Mean_Total:0.7006145
2021-11-25 20:59:48,645 - ===============================| start validation |===============================
2021-11-25 20:59:51,251 - 	 Total:0.6532710	 Acc:0.2656250
2021-11-25 20:59:51,254 -    ini file updated    
2021-11-25 20:59:51,260 - Snapshot saved to /data/users/wergillius/UTR_VAE/pth/RL_gru_MTL/1_layer_model/human_k5-model_best_cv0.pth

2021-11-25 20:59:51,260 -    ini file updated    
2021-11-25 20:59:51,260 - ===============================|    epoch 8   |===============================
2021-11-25 20:59:51,780 -     0 /  2109 (000%):	 Total:0.3894628	 Acc:0.5312500	 lr:0.0006805	 Mean_Total:0.3894628
2021-11-25 21:00:00,750 -   421 /  2109 (019%):	 Total:0.5475771	 Acc:0.2500000	 lr:0.0006721	 Mean_Total:0.5261142
2021-11-25 21:00:09,355 -   842 /  2109 (039%):	 Total:0.5135264	 Acc:0.2500000	 lr:0.0006641	 Mean_Total:0.5551155
2021-11-25 21:00:18,298 -  1263 /  2109 (059%):	 Total:0.4743222	 Acc:0.1875000	 lr:0.0006563	 Mean_Total:0.5720791
2021-11-25 21:00:27,370 -  1684 /  2109 (079%):	 Total:1.4983075	 Acc:0.1875000	 lr:0.0006488	 Mean_Total:0.6128984
2021-11-25 21:00:36,447 -  2105 /  2109 (099%):	 Total:0.3528207	 Acc:0.2812500	 lr:0.0006416	 Mean_Total:0.6488381
2021-11-25 21:00:36,635 - ===============================| start validation |===============================
2021-11-25 21:00:39,512 - 	 Total:0.6285110	 Acc:0.2664263
2021-11-25 21:00:39,517 -    ini file updated    
2021-11-25 21:00:39,523 - Snapshot saved to /data/users/wergillius/UTR_VAE/pth/RL_gru_MTL/1_layer_model/human_k5-model_best_cv0.pth

2021-11-25 21:00:39,524 -    ini file updated    
2021-11-25 21:00:39,524 - ===============================|    epoch 9   |===============================
2021-11-25 21:00:40,022 -     0 /  2109 (000%):	 Total:0.2232985	 Acc:0.4062500	 lr:0.0006415	 Mean_Total:0.2232985
2021-11-25 21:00:48,951 -   421 /  2109 (019%):	 Total:0.2040714	 Acc:0.4062500	 lr:0.0006345	 Mean_Total:0.4902458
2021-11-25 21:00:58,136 -   842 /  2109 (039%):	 Total:0.3269459	 Acc:0.2187500	 lr:0.0006278	 Mean_Total:0.5033704
2021-11-25 21:01:07,004 -  1263 /  2109 (059%):	 Total:0.4151730	 Acc:0.3437500	 lr:0.0006212	 Mean_Total:0.5304366
2021-11-25 21:01:16,411 -  1684 /  2109 (079%):	 Total:0.8211944	 Acc:0.2187500	 lr:0.0006148	 Mean_Total:0.5766062
2021-11-25 21:01:25,521 -  2105 /  2109 (099%):	 Total:0.5052351	 Acc:0.1562500	 lr:0.0006087	 Mean_Total:0.6164864
2021-11-25 21:01:25,712 - ===============================| start validation |===============================
2021-11-25 21:01:28,443 - 	 Total:0.5984613	 Acc:0.2662927
2021-11-25 21:01:28,446 -    ini file updated    
2021-11-25 21:01:28,452 - Snapshot saved to /data/users/wergillius/UTR_VAE/pth/RL_gru_MTL/1_layer_model/human_k5-model_best_cv0.pth

2021-11-25 21:01:28,453 -    ini file updated    
2021-11-25 21:01:28,453 - ===============================|    epoch 10   |===============================
2021-11-25 21:01:28,949 -     0 /  2109 (000%):	 Total:0.4355682	 Acc:0.3125000	 lr:0.0006086	 Mean_Total:0.4355682
2021-11-25 21:01:38,222 -   421 /  2109 (019%):	 Total:0.2750242	 Acc:0.4687500	 lr:0.0006026	 Mean_Total:0.4638190
2021-11-25 21:01:47,098 -   842 /  2109 (039%):	 Total:0.5454926	 Acc:0.2187500	 lr:0.0005968	 Mean_Total:0.4778855
2021-11-25 21:01:55,946 -  1263 /  2109 (059%):	 Total:0.5454239	 Acc:0.2187500	 lr:0.0005912	 Mean_Total:0.5056150
2021-11-25 21:02:05,359 -  1684 /  2109 (079%):	 Total:0.7853587	 Acc:0.1875000	 lr:0.0005857	 Mean_Total:0.5522477
2021-11-25 21:02:14,453 -  2105 /  2109 (099%):	 Total:0.7556597	 Acc:0.2500000	 lr:0.0005803	 Mean_Total:0.5926104
2021-11-25 21:02:14,622 - ===============================| start validation |===============================
2021-11-25 21:02:17,528 - 	 Total:0.5835666	 Acc:0.2694979
2021-11-25 21:02:17,531 -    ini file updated    
2021-11-25 21:02:17,536 - Snapshot saved to /data/users/wergillius/UTR_VAE/pth/RL_gru_MTL/1_layer_model/human_k5-model_best_cv0.pth

2021-11-25 21:02:17,537 -    ini file updated    
2021-11-25 21:02:17,537 - ===============================|    epoch 11   |===============================
2021-11-25 21:02:18,079 -     0 /  2109 (000%):	 Total:0.2319355	 Acc:0.5625000	 lr:0.0005803	 Mean_Total:0.2319355
2021-11-25 21:02:27,090 -   421 /  2109 (019%):	 Total:0.8660057	 Acc:0.2812500	 lr:0.0005751	 Mean_Total:0.4429066
2021-11-25 21:02:35,972 -   842 /  2109 (039%):	 Total:0.3826997	 Acc:0.2500000	 lr:0.0005700	 Mean_Total:0.4617426
2021-11-25 21:02:44,637 -  1263 /  2109 (059%):	 Total:0.6356421	 Acc:0.2812500	 lr:0.0005651	 Mean_Total:0.4884639
2021-11-25 21:02:53,287 -  1684 /  2109 (079%):	 Total:0.5753924	 Acc:0.2500000	 lr:0.0005603	 Mean_Total:0.5361003
2021-11-25 21:03:02,055 -  2105 /  2109 (099%):	 Total:0.4413595	 Acc:0.3437500	 lr:0.0005556	 Mean_Total:0.5761682
2021-11-25 21:03:02,221 - ===============================| start validation |===============================
2021-11-25 21:03:04,939 - 	 Total:0.5848474	 Acc:0.2781784
2021-11-25 21:03:04,943 -    ini file updated    
2021-11-25 21:03:04,949 - Snapshot saved to /data/users/wergillius/UTR_VAE/pth/RL_gru_MTL/1_layer_model/human_k5-model_best_cv0.pth

2021-11-25 21:03:04,949 -    ini file updated    
2021-11-25 21:03:04,950 - ===============================|    epoch 12   |===============================
2021-11-25 21:03:05,442 -     0 /  2109 (000%):	 Total:0.3371263	 Acc:0.3437500	 lr:0.0005556	 Mean_Total:0.3371263
2021-11-25 21:03:14,545 -   421 /  2109 (019%):	 Total:0.7676013	 Acc:0.3437500	 lr:0.0005510	 Mean_Total:0.4372796
2021-11-25 21:03:23,656 -   842 /  2109 (039%):	 Total:0.5458078	 Acc:0.3125000	 lr:0.0005466	 Mean_Total:0.4491236
2021-11-25 21:03:32,693 -  1263 /  2109 (059%):	 Total:0.5457114	 Acc:0.1875000	 lr:0.0005422	 Mean_Total:0.4769393
2021-11-25 21:03:42,213 -  1684 /  2109 (079%):	 Total:0.7248992	 Acc:0.1250000	 lr:0.0005380	 Mean_Total:0.5222167
2021-11-25 21:03:51,697 -  2105 /  2109 (099%):	 Total:1.1393878	 Acc:0.1562500	 lr:0.0005338	 Mean_Total:0.5638838
2021-11-25 21:03:51,940 - ===============================| start validation |===============================
2021-11-25 21:03:55,023 - 	 Total:0.5454981	 Acc:0.2747062
2021-11-25 21:03:55,028 -    ini file updated    
2021-11-25 21:03:55,035 - Snapshot saved to /data/users/wergillius/UTR_VAE/pth/RL_gru_MTL/1_layer_model/human_k5-model_best_cv0.pth

2021-11-25 21:03:55,036 -    ini file updated    
2021-11-25 21:03:55,036 - ===============================|    epoch 13   |===============================
2021-11-25 21:03:55,754 -     0 /  2109 (000%):	 Total:0.2739586	 Acc:0.4375000	 lr:0.0005338	 Mean_Total:0.2739586
2021-11-25 21:04:04,669 -   421 /  2109 (019%):	 Total:0.3625207	 Acc:0.3437500	 lr:0.0005297	 Mean_Total:0.4147790
2021-11-25 21:04:13,194 -   842 /  2109 (039%):	 Total:0.2847780	 Acc:0.3125000	 lr:0.0005258	 Mean_Total:0.4341915
2021-11-25 21:04:22,364 -  1263 /  2109 (059%):	 Total:0.6343307	 Acc:0.2187500	 lr:0.0005219	 Mean_Total:0.4585023
2021-11-25 21:04:30,911 -  1684 /  2109 (079%):	 Total:0.8765655	 Acc:0.2500000	 lr:0.0005181	 Mean_Total:0.5039454
2021-11-25 21:04:40,065 -  2105 /  2109 (099%):	 Total:0.5015037	 Acc:0.2812500	 lr:0.0005144	 Mean_Total:0.5463483
2021-11-25 21:04:40,255 - ===============================| start validation |===============================
2021-11-25 21:04:43,037 - 	 Total:0.5317249	 Acc:0.2779113
2021-11-25 21:04:43,041 -    ini file updated    
2021-11-25 21:04:43,047 - Snapshot saved to /data/users/wergillius/UTR_VAE/pth/RL_gru_MTL/1_layer_model/human_k5-model_best_cv0.pth

2021-11-25 21:04:43,048 -    ini file updated    
2021-11-25 21:04:43,048 - ===============================|    epoch 14   |===============================
2021-11-25 21:04:43,522 -     0 /  2109 (000%):	 Total:0.3938217	 Acc:0.3750000	 lr:0.0005144	 Mean_Total:0.3938217
2021-11-25 21:04:52,437 -   421 /  2109 (019%):	 Total:0.4772716	 Acc:0.1562500	 lr:0.0005108	 Mean_Total:0.4061649
2021-11-25 21:05:01,748 -   842 /  2109 (039%):	 Total:0.8753924	 Acc:0.3437500	 lr:0.0005072	 Mean_Total:0.4253411
2021-11-25 21:05:10,532 -  1263 /  2109 (059%):	 Total:0.5285997	 Acc:0.2812500	 lr:0.0005037	 Mean_Total:0.4543350
2021-11-25 21:05:19,379 -  1684 /  2109 (079%):	 Total:0.5884493	 Acc:0.1875000	 lr:0.0005003	 Mean_Total:0.4988129
2021-11-25 21:05:28,157 -  2105 /  2109 (099%):	 Total:0.7631657	 Acc:0.3125000	 lr:0.0004970	 Mean_Total:0.5408357
2021-11-25 21:05:28,336 - ===============================| start validation |===============================
2021-11-25 21:05:31,153 - 	 Total:0.5289552	 Acc:0.2780449
2021-11-25 21:05:31,156 -    ini file updated    
2021-11-25 21:05:31,162 - Snapshot saved to /data/users/wergillius/UTR_VAE/pth/RL_gru_MTL/1_layer_model/human_k5-model_best_cv0.pth

2021-11-25 21:05:31,162 -    ini file updated    
2021-11-25 21:05:31,162 - ===============================|    epoch 15   |===============================
2021-11-25 21:05:31,723 -     0 /  2109 (000%):	 Total:0.4638743	 Acc:0.4687500	 lr:0.0004969	 Mean_Total:0.4638743
2021-11-25 21:05:40,476 -   421 /  2109 (019%):	 Total:0.4483692	 Acc:0.2187500	 lr:0.0004937	 Mean_Total:0.3834386
2021-11-25 21:05:49,199 -   842 /  2109 (039%):	 Total:0.2233620	 Acc:0.3750000	 lr:0.0004905	 Mean_Total:0.4052893
2021-11-25 21:05:58,085 -  1263 /  2109 (059%):	 Total:0.5088633	 Acc:0.3125000	 lr:0.0004873	 Mean_Total:0.4330639
2021-11-25 21:06:06,991 -  1684 /  2109 (079%):	 Total:0.5431478	 Acc:0.1875000	 lr:0.0004842	 Mean_Total:0.4802448
2021-11-25 21:06:16,412 -  2105 /  2109 (099%):	 Total:0.4571136	 Acc:0.2187500	 lr:0.0004812	 Mean_Total:0.5239008
2021-11-25 21:06:16,643 - ===============================| start validation |===============================
2021-11-25 21:06:19,585 - 	 Total:0.5113053	 Acc:0.2808494
2021-11-25 21:06:19,591 -    ini file updated    
2021-11-25 21:06:19,600 - Snapshot saved to /data/users/wergillius/UTR_VAE/pth/RL_gru_MTL/1_layer_model/human_k5-model_best_cv0.pth

2021-11-25 21:06:19,601 -    ini file updated    
2021-11-25 21:06:19,602 - ===============================|    epoch 16   |===============================
2021-11-25 21:06:20,315 -     0 /  2109 (000%):	 Total:0.2563752	 Acc:0.2812500	 lr:0.0004812	 Mean_Total:0.2563752
2021-11-25 21:06:29,378 -   421 /  2109 (019%):	 Total:0.5143516	 Acc:0.2187500	 lr:0.0004782	 Mean_Total:0.3770082
2021-11-25 21:06:38,339 -   842 /  2109 (039%):	 Total:0.4662967	 Acc:0.1875000	 lr:0.0004753	 Mean_Total:0.4005564
2021-11-25 21:06:47,499 -  1263 /  2109 (059%):	 Total:0.6638172	 Acc:0.3750000	 lr:0.0004724	 Mean_Total:0.4250274
2021-11-25 21:06:56,588 -  1684 /  2109 (079%):	 Total:0.4671344	 Acc:0.1875000	 lr:0.0004696	 Mean_Total:0.4734184
2021-11-25 21:07:05,351 -  2105 /  2109 (099%):	 Total:0.3362666	 Acc:0.2812500	 lr:0.0004668	 Mean_Total:0.5139745
2021-11-25 21:07:05,530 - ===============================| start validation |===============================
2021-11-25 21:07:08,293 - 	 Total:0.5053022	 Acc:0.2781784
2021-11-25 21:07:08,299 -    ini file updated    
2021-11-25 21:07:08,309 - Snapshot saved to /data/users/wergillius/UTR_VAE/pth/RL_gru_MTL/1_layer_model/human_k5-model_best_cv0.pth

2021-11-25 21:07:08,310 -    ini file updated    
2021-11-25 21:07:08,310 - ===============================|    epoch 17   |===============================
2021-11-25 21:07:08,901 -     0 /  2109 (000%):	 Total:0.2519600	 Acc:0.4062500	 lr:0.0004668	 Mean_Total:0.2519600
2021-11-25 21:07:17,643 -   421 /  2109 (019%):	 Total:0.4941055	 Acc:0.2500000	 lr:0.0004641	 Mean_Total:0.3723388
2021-11-25 21:07:26,592 -   842 /  2109 (039%):	 Total:0.3553067	 Acc:0.2812500	 lr:0.0004614	 Mean_Total:0.3856535
2021-11-25 21:07:35,678 -  1263 /  2109 (059%):	 Total:0.3244632	 Acc:0.4062500	 lr:0.0004588	 Mean_Total:0.4200226
2021-11-25 21:07:44,945 -  1684 /  2109 (079%):	 Total:0.5754665	 Acc:0.3750000	 lr:0.0004562	 Mean_Total:0.4651346
2021-11-25 21:07:53,850 -  2105 /  2109 (099%):	 Total:0.4441627	 Acc:0.2187500	 lr:0.0004537	 Mean_Total:0.5075426
2021-11-25 21:07:54,040 - ===============================| start validation |===============================
2021-11-25 21:07:56,823 - 	 Total:0.5063116	 Acc:0.2899306
2021-11-25 21:07:56,827 -    ini file updated    
2021-11-25 21:07:56,832 - Snapshot saved to /data/users/wergillius/UTR_VAE/pth/RL_gru_MTL/1_layer_model/human_k5-model_best_cv0.pth

2021-11-25 21:07:56,832 -    ini file updated    
2021-11-25 21:07:56,833 - ===============================|    epoch 18   |===============================
2021-11-25 21:07:57,289 -     0 /  2109 (000%):	 Total:0.4328703	 Acc:0.3750000	 lr:0.0004536	 Mean_Total:0.4328703
2021-11-25 21:08:06,219 -   421 /  2109 (019%):	 Total:0.3497933	 Acc:0.2187500	 lr:0.0004511	 Mean_Total:0.3549246
2021-11-25 21:08:14,902 -   842 /  2109 (039%):	 Total:0.4466029	 Acc:0.3750000	 lr:0.0004487	 Mean_Total:0.3851691
2021-11-25 21:08:24,041 -  1263 /  2109 (059%):	 Total:0.6790291	 Acc:0.0937500	 lr:0.0004463	 Mean_Total:0.4109966
2021-11-25 21:08:32,644 -  1684 /  2109 (079%):	 Total:0.8126023	 Acc:0.1875000	 lr:0.0004439	 Mean_Total:0.4550861
2021-11-25 21:08:41,511 -  2105 /  2109 (099%):	 Total:0.3399730	 Acc:0.3750000	 lr:0.0004416	 Mean_Total:0.4980201
2021-11-25 21:08:41,726 - ===============================| start validation |===============================
2021-11-25 21:08:44,698 - 	 Total:0.4947230	 Acc:0.2884615
2021-11-25 21:08:44,701 -    ini file updated    
2021-11-25 21:08:44,705 - Snapshot saved to /data/users/wergillius/UTR_VAE/pth/RL_gru_MTL/1_layer_model/human_k5-model_best_cv0.pth

2021-11-25 21:08:44,706 -    ini file updated    
2021-11-25 21:08:44,706 - ===============================|    epoch 19   |===============================
2021-11-25 21:08:45,261 -     0 /  2109 (000%):	 Total:0.3672031	 Acc:0.3437500	 lr:0.0004415	 Mean_Total:0.3672031
2021-11-25 21:08:53,745 -   421 /  2109 (019%):	 Total:0.6642607	 Acc:0.3750000	 lr:0.0004392	 Mean_Total:0.3543666
2021-11-25 21:09:02,656 -   842 /  2109 (039%):	 Total:0.9127161	 Acc:0.2812500	 lr:0.0004370	 Mean_Total:0.3789271
2021-11-25 21:09:11,195 -  1263 /  2109 (059%):	 Total:0.3517491	 Acc:0.2812500	 lr:0.0004347	 Mean_Total:0.4150545
2021-11-25 21:09:19,605 -  1684 /  2109 (079%):	 Total:0.5544298	 Acc:0.2812500	 lr:0.0004325	 Mean_Total:0.4579742
2021-11-25 21:09:28,209 -  2105 /  2109 (099%):	 Total:0.6270005	 Acc:0.3437500	 lr:0.0004304	 Mean_Total:0.4971235
2021-11-25 21:09:28,407 - ===============================| start validation |===============================
2021-11-25 21:09:31,434 - 	 Total:0.4849334	 Acc:0.2857906
2021-11-25 21:09:31,440 -    ini file updated    
2021-11-25 21:09:31,449 - Snapshot saved to /data/users/wergillius/UTR_VAE/pth/RL_gru_MTL/1_layer_model/human_k5-model_best_cv0.pth

2021-11-25 21:09:31,449 -    ini file updated    
2021-11-25 21:09:31,450 - ===============================|    epoch 20   |===============================
2021-11-25 21:09:32,144 -     0 /  2109 (000%):	 Total:0.2346988	 Acc:0.4062500	 lr:0.0004304	 Mean_Total:0.2346988
2021-11-25 21:09:41,272 -   421 /  2109 (019%):	 Total:0.4713608	 Acc:0.2187500	 lr:0.0004282	 Mean_Total:0.3515080
2021-11-25 21:09:50,783 -   842 /  2109 (039%):	 Total:0.4399905	 Acc:0.2812500	 lr:0.0004261	 Mean_Total:0.3750499
2021-11-25 21:09:59,717 -  1263 /  2109 (059%):	 Total:0.4605438	 Acc:0.2812500	 lr:0.0004241	 Mean_Total:0.3982591
2021-11-25 21:10:08,495 -  1684 /  2109 (079%):	 Total:0.7315614	 Acc:0.2500000	 lr:0.0004220	 Mean_Total:0.4459491
2021-11-25 21:10:17,218 -  2105 /  2109 (099%):	 Total:0.3968817	 Acc:0.2812500	 lr:0.0004200	 Mean_Total:0.4864073
2021-11-25 21:10:17,443 - ===============================| start validation |===============================
2021-11-25 21:10:20,673 - 	 Total:0.4807983	 Acc:0.2899306
2021-11-25 21:10:20,677 -    ini file updated    
2021-11-25 21:10:20,686 - Snapshot saved to /data/users/wergillius/UTR_VAE/pth/RL_gru_MTL/1_layer_model/human_k5-model_best_cv0.pth

2021-11-25 21:10:20,687 -    ini file updated    
2021-11-25 21:10:20,687 - ===============================|    epoch 21   |===============================
2021-11-25 21:10:21,175 -     0 /  2109 (000%):	 Total:0.4908474	 Acc:0.3750000	 lr:0.0004200	 Mean_Total:0.4908474
2021-11-25 21:10:30,449 -   421 /  2109 (019%):	 Total:0.2050831	 Acc:0.3750000	 lr:0.0004180	 Mean_Total:0.3467199
2021-11-25 21:10:39,954 -   842 /  2109 (039%):	 Total:0.9910856	 Acc:0.3750000	 lr:0.0004161	 Mean_Total:0.3715464
2021-11-25 21:10:48,908 -  1263 /  2109 (059%):	 Total:0.5858853	 Acc:0.1250000	 lr:0.0004141	 Mean_Total:0.3973511
2021-11-25 21:10:57,909 -  1684 /  2109 (079%):	 Total:0.5361570	 Acc:0.2812500	 lr:0.0004122	 Mean_Total:0.4439638
2021-11-25 21:11:06,824 -  2105 /  2109 (099%):	 Total:0.4908398	 Acc:0.3750000	 lr:0.0004104	 Mean_Total:0.4840832
2021-11-25 21:11:07,007 - ===============================| start validation |===============================
2021-11-25 21:11:09,908 - 	 Total:0.4770585	 Acc:0.2911325
2021-11-25 21:11:09,911 -    ini file updated    
2021-11-25 21:11:09,916 - Snapshot saved to /data/users/wergillius/UTR_VAE/pth/RL_gru_MTL/1_layer_model/human_k5-model_best_cv0.pth

2021-11-25 21:11:09,917 -    ini file updated    
2021-11-25 21:11:09,917 - ===============================|    epoch 22   |===============================
2021-11-25 21:11:10,433 -     0 /  2109 (000%):	 Total:0.4163584	 Acc:0.3125000	 lr:0.0004103	 Mean_Total:0.4163584
2021-11-25 21:11:19,278 -   421 /  2109 (019%):	 Total:0.6130053	 Acc:0.1875000	 lr:0.0004085	 Mean_Total:0.3454194
2021-11-25 21:11:28,250 -   842 /  2109 (039%):	 Total:0.4691966	 Acc:0.3125000	 lr:0.0004067	 Mean_Total:0.3662433
2021-11-25 21:11:37,551 -  1263 /  2109 (059%):	 Total:0.4215605	 Acc:0.1250000	 lr:0.0004049	 Mean_Total:0.3949550
2021-11-25 21:11:46,491 -  1684 /  2109 (079%):	 Total:1.0030367	 Acc:0.2500000	 lr:0.0004031	 Mean_Total:0.4410105
2021-11-25 21:11:55,201 -  2105 /  2109 (099%):	 Total:1.0526978	 Acc:0.2812500	 lr:0.0004013	 Mean_Total:0.4806566
2021-11-25 21:11:55,376 - ===============================| start validation |===============================
2021-11-25 21:11:58,120 - 	 Total:0.4716549	 Acc:0.2913996
2021-11-25 21:11:58,126 -    ini file updated    
2021-11-25 21:11:58,134 - Snapshot saved to /data/users/wergillius/UTR_VAE/pth/RL_gru_MTL/1_layer_model/human_k5-model_best_cv0.pth

2021-11-25 21:11:58,135 -    ini file updated    
2021-11-25 21:11:58,136 - ===============================|    epoch 23   |===============================
2021-11-25 21:11:58,721 -     0 /  2109 (000%):	 Total:0.1117229	 Acc:0.5000000	 lr:0.0004013	 Mean_Total:0.1117229
2021-11-25 21:12:07,763 -   421 /  2109 (019%):	 Total:0.1858674	 Acc:0.2812500	 lr:0.0003996	 Mean_Total:0.3399628
2021-11-25 21:12:17,265 -   842 /  2109 (039%):	 Total:0.2577145	 Acc:0.2812500	 lr:0.0003979	 Mean_Total:0.3622795
2021-11-25 21:12:26,077 -  1263 /  2109 (059%):	 Total:0.4446194	 Acc:0.1875000	 lr:0.0003962	 Mean_Total:0.3881782
2021-11-25 21:12:34,796 -  1684 /  2109 (079%):	 Total:1.0943229	 Acc:0.1562500	 lr:0.0003945	 Mean_Total:0.4344400
2021-11-25 21:12:43,836 -  2105 /  2109 (099%):	 Total:0.2954578	 Acc:0.2187500	 lr:0.0003929	 Mean_Total:0.4760398
2021-11-25 21:12:44,022 - ===============================| start validation |===============================
2021-11-25 21:12:46,822 - 	 Total:0.4919298	 Acc:0.2939370
2021-11-25 21:12:46,825 -    ini file updated    
2021-11-25 21:12:46,831 - Snapshot saved to /data/users/wergillius/UTR_VAE/pth/RL_gru_MTL/1_layer_model/human_k5-model_best_cv0.pth

2021-11-25 21:12:46,832 -    ini file updated    
2021-11-25 21:12:46,832 - ===============================|    epoch 24   |===============================
2021-11-25 21:12:47,330 -     0 /  2109 (000%):	 Total:0.2403748	 Acc:0.4375000	 lr:0.0003929	 Mean_Total:0.2403748
2021-11-25 21:12:56,335 -   421 /  2109 (019%):	 Total:0.2768320	 Acc:0.3125000	 lr:0.0003912	 Mean_Total:0.3401463
2021-11-25 21:13:05,298 -   842 /  2109 (039%):	 Total:0.2782772	 Acc:0.2187500	 lr:0.0003896	 Mean_Total:0.3587923
2021-11-25 21:13:14,273 -  1263 /  2109 (059%):	 Total:0.4994752	 Acc:0.2187500	 lr:0.0003881	 Mean_Total:0.3837674
2021-11-25 21:13:23,121 -  1684 /  2109 (079%):	 Total:0.4637578	 Acc:0.1562500	 lr:0.0003865	 Mean_Total:0.4311157
2021-11-25 21:13:32,660 -  2105 /  2109 (099%):	 Total:1.2104362	 Acc:0.1562500	 lr:0.0003849	 Mean_Total:0.4708032
2021-11-25 21:13:32,894 - ===============================| start validation |===============================
2021-11-25 21:13:35,834 - 	 Total:0.4745762	 Acc:0.2954060
2021-11-25 21:13:35,837 -    ini file updated    
2021-11-25 21:13:35,842 - Snapshot saved to /data/users/wergillius/UTR_VAE/pth/RL_gru_MTL/1_layer_model/human_k5-model_best_cv0.pth

2021-11-25 21:13:35,843 -    ini file updated    
2021-11-25 21:13:35,843 - ===============================|    epoch 25   |===============================
2021-11-25 21:13:36,383 -     0 /  2109 (000%):	 Total:0.2751914	 Acc:0.3437500	 lr:0.0003849	 Mean_Total:0.2751914
2021-11-25 21:13:45,400 -   421 /  2109 (019%):	 Total:0.4623663	 Acc:0.4375000	 lr:0.0003834	 Mean_Total:0.3341917
2021-11-25 21:13:54,678 -   842 /  2109 (039%):	 Total:0.3384898	 Acc:0.3750000	 lr:0.0003819	 Mean_Total:0.3585065
2021-11-25 21:14:04,159 -  1263 /  2109 (059%):	 Total:0.4524466	 Acc:0.3125000	 lr:0.0003804	 Mean_Total:0.3824589
2021-11-25 21:14:13,512 -  1684 /  2109 (079%):	 Total:0.6941601	 Acc:0.1562500	 lr:0.0003789	 Mean_Total:0.4293046
2021-11-25 21:14:22,891 -  2105 /  2109 (099%):	 Total:0.3443931	 Acc:0.3125000	 lr:0.0003775	 Mean_Total:0.4695678
2021-11-25 21:14:23,074 - ===============================| start validation |===============================
2021-11-25 21:14:26,088 - 	 Total:0.4648557	 Acc:0.2928686
2021-11-25 21:14:26,092 -    ini file updated    
2021-11-25 21:14:26,098 - Snapshot saved to /data/users/wergillius/UTR_VAE/pth/RL_gru_MTL/1_layer_model/human_k5-model_best_cv0.pth

2021-11-25 21:14:26,098 -    ini file updated    
2021-11-25 21:14:26,098 - ===============================|    epoch 26   |===============================
2021-11-25 21:14:26,609 -     0 /  2109 (000%):	 Total:0.2417395	 Acc:0.5312500	 lr:0.0003775	 Mean_Total:0.2417395
2021-11-25 21:14:35,801 -   421 /  2109 (019%):	 Total:0.1980744	 Acc:0.3125000	 lr:0.0003760	 Mean_Total:0.3314564
2021-11-25 21:14:45,040 -   842 /  2109 (039%):	 Total:0.2668918	 Acc:0.2812500	 lr:0.0003746	 Mean_Total:0.3509496
2021-11-25 21:14:54,968 -  1263 /  2109 (059%):	 Total:0.3183366	 Acc:0.4062500	 lr:0.0003732	 Mean_Total:0.3811308
2021-11-25 21:15:04,339 -  1684 /  2109 (079%):	 Total:0.3734513	 Acc:0.1250000	 lr:0.0003718	 Mean_Total:0.4270700
2021-11-25 21:15:13,424 -  2105 /  2109 (099%):	 Total:0.5124717	 Acc:0.4062500	 lr:0.0003704	 Mean_Total:0.4683889
2021-11-25 21:15:13,605 - ===============================| start validation |===============================
2021-11-25 21:15:16,658 - 	 Total:0.4639031	 Acc:0.2959402
2021-11-25 21:15:16,661 -    ini file updated    
2021-11-25 21:15:16,669 - Snapshot saved to /data/users/wergillius/UTR_VAE/pth/RL_gru_MTL/1_layer_model/human_k5-model_best_cv0.pth

2021-11-25 21:15:16,670 -    ini file updated    
2021-11-25 21:15:16,670 - ===============================|    epoch 27   |===============================
2021-11-25 21:15:17,217 -     0 /  2109 (000%):	 Total:0.1387602	 Acc:0.4062500	 lr:0.0003704	 Mean_Total:0.1387602
2021-11-25 21:15:26,069 -   421 /  2109 (019%):	 Total:0.4653298	 Acc:0.2812500	 lr:0.0003690	 Mean_Total:0.3270506
2021-11-25 21:15:34,778 -   842 /  2109 (039%):	 Total:0.2473727	 Acc:0.4687500	 lr:0.0003677	 Mean_Total:0.3483881
2021-11-25 21:15:43,392 -  1263 /  2109 (059%):	 Total:0.6197280	 Acc:0.1562500	 lr:0.0003664	 Mean_Total:0.3738199
2021-11-25 21:15:52,659 -  1684 /  2109 (079%):	 Total:1.1314393	 Acc:0.1250000	 lr:0.0003650	 Mean_Total:0.4223479
2021-11-25 21:16:01,406 -  2105 /  2109 (099%):	 Total:1.0716525	 Acc:0.1562500	 lr:0.0003637	 Mean_Total:0.4618568
2021-11-25 21:16:01,643 - ===============================| start validation |===============================
2021-11-25 21:16:04,683 - 	 Total:0.4612670	 Acc:0.3028846
2021-11-25 21:16:04,686 -    ini file updated    
2021-11-25 21:16:04,691 - Snapshot saved to /data/users/wergillius/UTR_VAE/pth/RL_gru_MTL/1_layer_model/human_k5-model_best_cv0.pth

2021-11-25 21:16:04,692 -    ini file updated    
2021-11-25 21:16:04,692 - ===============================|    epoch 28   |===============================
2021-11-25 21:16:05,207 -     0 /  2109 (000%):	 Total:0.4212393	 Acc:0.2812500	 lr:0.0003637	 Mean_Total:0.4212393
2021-11-25 21:16:14,207 -   421 /  2109 (019%):	 Total:0.3981631	 Acc:0.3437500	 lr:0.0003624	 Mean_Total:0.3239284
2021-11-25 21:16:23,732 -   842 /  2109 (039%):	 Total:0.9126726	 Acc:0.3125000	 lr:0.0003612	 Mean_Total:0.3503227
2021-11-25 21:16:33,291 -  1263 /  2109 (059%):	 Total:0.3492023	 Acc:0.2500000	 lr:0.0003599	 Mean_Total:0.3761213
2021-11-25 21:16:43,025 -  1684 /  2109 (079%):	 Total:0.3563253	 Acc:0.1875000	 lr:0.0003586	 Mean_Total:0.4215280
2021-11-25 21:16:52,611 -  2105 /  2109 (099%):	 Total:0.5933606	 Acc:0.1875000	 lr:0.0003574	 Mean_Total:0.4622549
2021-11-25 21:16:52,829 - ===============================| start validation |===============================
2021-11-25 21:16:56,071 - 	 Total:0.4650203	 Acc:0.3016827
2021-11-25 21:16:56,077 -    ini file updated    
2021-11-25 21:16:56,077 - ===============================|    epoch 29   |===============================
2021-11-25 21:16:56,725 -     0 /  2109 (000%):	 Total:0.1404750	 Acc:0.5312500	 lr:0.0003574	 Mean_Total:0.1404750
2021-11-25 21:17:06,128 -   421 /  2109 (019%):	 Total:0.4643481	 Acc:0.3750000	 lr:0.0003562	 Mean_Total:0.3216800
2021-11-25 21:17:15,597 -   842 /  2109 (039%):	 Total:0.2468216	 Acc:0.3750000	 lr:0.0003550	 Mean_Total:0.3449089
2021-11-25 21:17:25,264 -  1263 /  2109 (059%):	 Total:0.2953026	 Acc:0.3750000	 lr:0.0003538	 Mean_Total:0.3726779
2021-11-25 21:17:34,812 -  1684 /  2109 (079%):	 Total:0.5035518	 Acc:0.2500000	 lr:0.0003526	 Mean_Total:0.4174517
2021-11-25 21:17:44,151 -  2105 /  2109 (099%):	 Total:0.8555374	 Acc:0.2187500	 lr:0.0003514	 Mean_Total:0.4566100
2021-11-25 21:17:44,333 - ===============================| start validation |===============================
2021-11-25 21:17:47,454 - 	 Total:0.4545005	 Acc:0.2983440
2021-11-25 21:17:47,458 -    ini file updated    
2021-11-25 21:17:47,465 - Snapshot saved to /data/users/wergillius/UTR_VAE/pth/RL_gru_MTL/1_layer_model/human_k5-model_best_cv0.pth

2021-11-25 21:17:47,466 -    ini file updated    
2021-11-25 21:17:47,466 - ===============================|    epoch 30   |===============================
2021-11-25 21:17:47,996 -     0 /  2109 (000%):	 Total:0.0723591	 Acc:0.5000000	 lr:0.0003514	 Mean_Total:0.0723591
2021-11-25 21:17:57,288 -   421 /  2109 (019%):	 Total:0.2741387	 Acc:0.1875000	 lr:0.0003502	 Mean_Total:0.3251469
2021-11-25 21:18:06,573 -   842 /  2109 (039%):	 Total:0.2294884	 Acc:0.4062500	 lr:0.0003491	 Mean_Total:0.3471801
2021-11-25 21:18:15,827 -  1263 /  2109 (059%):	 Total:0.6221672	 Acc:0.1250000	 lr:0.0003479	 Mean_Total:0.3725195
2021-11-25 21:18:25,200 -  1684 /  2109 (079%):	 Total:0.4796963	 Acc:0.1562500	 lr:0.0003468	 Mean_Total:0.4175005
2021-11-25 21:18:34,468 -  2105 /  2109 (099%):	 Total:0.3415193	 Acc:0.2500000	 lr:0.0003457	 Mean_Total:0.4568505
2021-11-25 21:18:34,660 - ===============================| start validation |===============================
2021-11-25 21:18:37,713 - 	 Total:0.4509928	 Acc:0.3003472
2021-11-25 21:18:37,718 -    ini file updated    
2021-11-25 21:18:37,726 - Snapshot saved to /data/users/wergillius/UTR_VAE/pth/RL_gru_MTL/1_layer_model/human_k5-model_best_cv0.pth

2021-11-25 21:18:37,726 -    ini file updated    
2021-11-25 21:18:37,726 - ===============================|    epoch 31   |===============================
2021-11-25 21:18:38,222 -     0 /  2109 (000%):	 Total:0.1271609	 Acc:0.4687500	 lr:0.0003457	 Mean_Total:0.1271609
2021-11-25 21:18:47,386 -   421 /  2109 (019%):	 Total:0.2538960	 Acc:0.4062500	 lr:0.0003446	 Mean_Total:0.3220092
2021-11-25 21:18:56,486 -   842 /  2109 (039%):	 Total:0.2536986	 Acc:0.3437500	 lr:0.0003435	 Mean_Total:0.3398532
2021-11-25 21:19:05,473 -  1263 /  2109 (059%):	 Total:0.6779750	 Acc:0.0937500	 lr:0.0003424	 Mean_Total:0.3713570
2021-11-25 21:19:14,331 -  1684 /  2109 (079%):	 Total:0.4773556	 Acc:0.1562500	 lr:0.0003413	 Mean_Total:0.4167512
2021-11-25 21:19:23,717 -  2105 /  2109 (099%):	 Total:0.2667461	 Acc:0.2812500	 lr:0.0003402	 Mean_Total:0.4548520
2021-11-25 21:19:23,886 - ===============================| start validation |===============================
2021-11-25 21:19:26,973 - 	 Total:0.4515566	 Acc:0.3022169
2021-11-25 21:19:26,976 -    ini file updated    
2021-11-25 21:19:26,977 - ===============================|    epoch 32   |===============================
2021-11-25 21:19:27,538 -     0 /  2109 (000%):	 Total:0.2114233	 Acc:0.4062500	 lr:0.0003402	 Mean_Total:0.2114233
2021-11-25 21:19:36,536 -   421 /  2109 (019%):	 Total:0.2123160	 Acc:0.2500000	 lr:0.0003392	 Mean_Total:0.3170841
2021-11-25 21:19:45,284 -   842 /  2109 (039%):	 Total:0.1959388	 Acc:0.3125000	 lr:0.0003381	 Mean_Total:0.3392046
2021-11-25 21:19:54,895 -  1263 /  2109 (059%):	 Total:0.3912422	 Acc:0.2187500	 lr:0.0003371	 Mean_Total:0.3679510
2021-11-25 21:20:04,488 -  1684 /  2109 (079%):	 Total:1.2770929	 Acc:0.0625000	 lr:0.0003361	 Mean_Total:0.4127101
2021-11-25 21:20:13,534 -  2105 /  2109 (099%):	 Total:0.6696063	 Acc:0.3125000	 lr:0.0003350	 Mean_Total:0.4651593
2021-11-25 21:20:13,795 - ===============================| start validation |===============================
2021-11-25 21:20:16,548 - 	 Total:0.4538544	 Acc:0.3070246
2021-11-25 21:20:16,551 -    ini file updated    
2021-11-25 21:20:16,558 - Snapshot saved to /data/users/wergillius/UTR_VAE/pth/RL_gru_MTL/1_layer_model/human_k5-model_best_cv0.pth

2021-11-25 21:20:16,558 -    ini file updated    
2021-11-25 21:20:16,558 - ===============================|    epoch 33   |===============================
2021-11-25 21:20:17,208 -     0 /  2109 (000%):	 Total:0.2492515	 Acc:0.3437500	 lr:0.0003350	 Mean_Total:0.2492515
2021-11-25 21:20:26,294 -   421 /  2109 (019%):	 Total:0.4339126	 Acc:0.1562500	 lr:0.0003340	 Mean_Total:0.3150059
2021-11-25 21:20:35,224 -   842 /  2109 (039%):	 Total:0.6010745	 Acc:0.2500000	 lr:0.0003330	 Mean_Total:0.3400641
2021-11-25 21:20:44,514 -  1263 /  2109 (059%):	 Total:0.5982067	 Acc:0.3125000	 lr:0.0003320	 Mean_Total:0.3667027
2021-11-25 21:20:53,710 -  1684 /  2109 (079%):	 Total:0.5122702	 Acc:0.1875000	 lr:0.0003311	 Mean_Total:0.4127722
2021-11-25 21:21:03,018 -  2105 /  2109 (099%):	 Total:0.3499205	 Acc:0.2812500	 lr:0.0003301	 Mean_Total:0.4519431
2021-11-25 21:21:03,199 - ===============================| start validation |===============================
2021-11-25 21:21:06,241 - 	 Total:0.4586509	 Acc:0.3058226
2021-11-25 21:21:06,245 -    ini file updated    
2021-11-25 21:21:06,245 - ===============================|    epoch 34   |===============================
2021-11-25 21:21:06,815 -     0 /  2109 (000%):	 Total:0.1238497	 Acc:0.4687500	 lr:0.0003301	 Mean_Total:0.1238497
2021-11-25 21:21:16,422 -   421 /  2109 (019%):	 Total:0.2789513	 Acc:0.2187500	 lr:0.0003291	 Mean_Total:0.3149111
2021-11-25 21:21:25,344 -   842 /  2109 (039%):	 Total:0.2627108	 Acc:0.2500000	 lr:0.0003282	 Mean_Total:0.3361823
2021-11-25 21:21:34,484 -  1263 /  2109 (059%):	 Total:0.3385793	 Acc:0.1875000	 lr:0.0003272	 Mean_Total:0.3630239
2021-11-25 21:21:43,362 -  1684 /  2109 (079%):	 Total:1.2439317	 Acc:0.2500000	 lr:0.0003263	 Mean_Total:0.4098426
2021-11-25 21:21:52,156 -  2105 /  2109 (099%):	 Total:0.3022966	 Acc:0.3750000	 lr:0.0003253	 Mean_Total:0.4498915
2021-11-25 21:21:52,333 - ===============================| start validation |===============================
2021-11-25 21:21:55,003 - 	 Total:0.4657138	 Acc:0.3074252
2021-11-25 21:21:55,008 -    ini file updated    
2021-11-25 21:21:55,013 - Snapshot saved to /data/users/wergillius/UTR_VAE/pth/RL_gru_MTL/1_layer_model/human_k5-model_best_cv0.pth

2021-11-25 21:21:55,014 -    ini file updated    
2021-11-25 21:21:55,014 - ===============================|    epoch 35   |===============================
2021-11-25 21:21:55,503 -     0 /  2109 (000%):	 Total:0.1166321	 Acc:0.5937500	 lr:0.0003253	 Mean_Total:0.1166321
2021-11-25 21:22:04,600 -   421 /  2109 (019%):	 Total:0.3057829	 Acc:0.2500000	 lr:0.0003244	 Mean_Total:0.3126276
2021-11-25 21:22:13,521 -   842 /  2109 (039%):	 Total:0.3166954	 Acc:0.2812500	 lr:0.0003235	 Mean_Total:0.3336139
2021-11-25 21:22:22,721 -  1263 /  2109 (059%):	 Total:0.3355182	 Acc:0.3125000	 lr:0.0003226	 Mean_Total:0.3634727
2021-11-25 21:22:31,411 -  1684 /  2109 (079%):	 Total:0.4206744	 Acc:0.2500000	 lr:0.0003217	 Mean_Total:0.4089290
2021-11-25 21:22:40,583 -  2105 /  2109 (099%):	 Total:0.3511857	 Acc:0.2500000	 lr:0.0003208	 Mean_Total:0.4478593
2021-11-25 21:22:40,810 - ===============================| start validation |===============================
2021-11-25 21:22:44,221 - 	 Total:0.4496083	 Acc:0.3087607
2021-11-25 21:22:44,225 -    ini file updated    
2021-11-25 21:22:44,236 - Snapshot saved to /data/users/wergillius/UTR_VAE/pth/RL_gru_MTL/1_layer_model/human_k5-model_best_cv0.pth

2021-11-25 21:22:44,237 -    ini file updated    
2021-11-25 21:22:44,237 - ===============================|    epoch 36   |===============================
2021-11-25 21:22:45,016 -     0 /  2109 (000%):	 Total:0.4438671	 Acc:0.5000000	 lr:0.0003208	 Mean_Total:0.4438671
2021-11-25 21:22:53,904 -   421 /  2109 (019%):	 Total:0.4935679	 Acc:0.2812500	 lr:0.0003199	 Mean_Total:0.3041181
2021-11-25 21:23:02,409 -   842 /  2109 (039%):	 Total:0.3267094	 Acc:0.4687500	 lr:0.0003190	 Mean_Total:0.3326701
2021-11-25 21:23:11,195 -  1263 /  2109 (059%):	 Total:0.9355302	 Acc:0.2187500	 lr:0.0003181	 Mean_Total:0.3605472
2021-11-25 21:23:20,030 -  1684 /  2109 (079%):	 Total:0.3174635	 Acc:0.2500000	 lr:0.0003173	 Mean_Total:0.4067255
2021-11-25 21:23:28,836 -  2105 /  2109 (099%):	 Total:0.3888107	 Acc:0.3437500	 lr:0.0003164	 Mean_Total:0.4453166
2021-11-25 21:23:29,006 - ===============================| start validation |===============================
2021-11-25 21:23:31,964 - 	 Total:0.4517528	 Acc:0.3103632
2021-11-25 21:23:31,967 -    ini file updated    
2021-11-25 21:23:31,972 - Snapshot saved to /data/users/wergillius/UTR_VAE/pth/RL_gru_MTL/1_layer_model/human_k5-model_best_cv0.pth

2021-11-25 21:23:31,973 -    ini file updated    
2021-11-25 21:23:31,973 - ===============================|    epoch 37   |===============================
2021-11-25 21:23:32,478 -     0 /  2109 (000%):	 Total:0.4729270	 Acc:0.4375000	 lr:0.0003164	 Mean_Total:0.4729270
2021-11-25 21:23:41,349 -   421 /  2109 (019%):	 Total:0.2139631	 Acc:0.5000000	 lr:0.0003156	 Mean_Total:0.3106045
2021-11-25 21:23:50,646 -   842 /  2109 (039%):	 Total:0.6836171	 Acc:0.2500000	 lr:0.0003147	 Mean_Total:0.3329113
2021-11-25 21:23:59,691 -  1263 /  2109 (059%):	 Total:0.3642351	 Acc:0.0937500	 lr:0.0003139	 Mean_Total:0.3600446
2021-11-25 21:24:08,577 -  1684 /  2109 (079%):	 Total:0.4853790	 Acc:0.2500000	 lr:0.0003131	 Mean_Total:0.4051294
2021-11-25 21:24:17,542 -  2105 /  2109 (099%):	 Total:0.3270858	 Acc:0.2812500	 lr:0.0003122	 Mean_Total:0.4443943
2021-11-25 21:24:17,732 - ===============================| start validation |===============================
2021-11-25 21:24:20,393 - 	 Total:0.4421939	 Acc:0.3020833
2021-11-25 21:24:20,399 -    ini file updated    
2021-11-25 21:24:20,407 - Snapshot saved to /data/users/wergillius/UTR_VAE/pth/RL_gru_MTL/1_layer_model/human_k5-model_best_cv0.pth

2021-11-25 21:24:20,408 -    ini file updated    
2021-11-25 21:24:20,408 - ===============================|    epoch 38   |===============================
2021-11-25 21:24:21,041 -     0 /  2109 (000%):	 Total:0.3118143	 Acc:0.2812500	 lr:0.0003122	 Mean_Total:0.3118143
2021-11-25 21:24:29,806 -   421 /  2109 (019%):	 Total:0.4325817	 Acc:0.2812500	 lr:0.0003114	 Mean_Total:0.3028251
2021-11-25 21:24:38,747 -   842 /  2109 (039%):	 Total:0.2991452	 Acc:0.3437500	 lr:0.0003106	 Mean_Total:0.3305998
2021-11-25 21:24:47,823 -  1263 /  2109 (059%):	 Total:0.4075820	 Acc:0.2500000	 lr:0.0003098	 Mean_Total:0.3580943
2021-11-25 21:24:56,686 -  1684 /  2109 (079%):	 Total:0.4836411	 Acc:0.2187500	 lr:0.0003090	 Mean_Total:0.4040940
2021-11-25 21:25:05,953 -  2105 /  2109 (099%):	 Total:0.6476693	 Acc:0.2812500	 lr:0.0003082	 Mean_Total:0.4426308
2021-11-25 21:25:06,191 - ===============================| start validation |===============================
2021-11-25 21:25:09,054 - 	 Total:0.4548937	 Acc:0.3099626
2021-11-25 21:25:09,057 -    ini file updated    
2021-11-25 21:25:09,057 - ===============================|    epoch 39   |===============================
2021-11-25 21:25:09,579 -     0 /  2109 (000%):	 Total:0.2302331	 Acc:0.4062500	 lr:0.0003082	 Mean_Total:0.2302331
2021-11-25 21:25:18,652 -   421 /  2109 (019%):	 Total:0.3490532	 Acc:0.4062500	 lr:0.0003074	 Mean_Total:0.3099329
2021-11-25 21:25:28,163 -   842 /  2109 (039%):	 Total:0.2387764	 Acc:0.4375000	 lr:0.0003066	 Mean_Total:0.3296041
2021-11-25 21:25:37,303 -  1263 /  2109 (059%):	 Total:0.9443409	 Acc:0.1875000	 lr:0.0003059	 Mean_Total:0.3594024
2021-11-25 21:25:46,214 -  1684 /  2109 (079%):	 Total:0.7528624	 Acc:0.2812500	 lr:0.0003051	 Mean_Total:0.4026642
2021-11-25 21:25:55,100 -  2105 /  2109 (099%):	 Total:0.2772622	 Acc:0.3750000	 lr:0.0003043	 Mean_Total:0.4416426
2021-11-25 21:25:55,272 - ===============================| start validation |===============================
2021-11-25 21:25:58,119 - 	 Total:0.4424766	 Acc:0.3139690
2021-11-25 21:25:58,124 -    ini file updated    
2021-11-25 21:25:58,131 - Snapshot saved to /data/users/wergillius/UTR_VAE/pth/RL_gru_MTL/1_layer_model/human_k5-model_best_cv0.pth

2021-11-25 21:25:58,132 -    ini file updated    
2021-11-25 21:25:58,132 - ===============================|    epoch 40   |===============================
2021-11-25 21:25:58,614 -     0 /  2109 (000%):	 Total:0.3056035	 Acc:0.4062500	 lr:0.0003043	 Mean_Total:0.3056035
2021-11-25 21:26:07,576 -   421 /  2109 (019%):	 Total:0.6664617	 Acc:0.4062500	 lr:0.0003036	 Mean_Total:0.3049852
2021-11-25 21:26:16,438 -   842 /  2109 (039%):	 Total:0.2726429	 Acc:0.4062500	 lr:0.0003028	 Mean_Total:0.3279501
2021-11-25 21:26:25,248 -  1263 /  2109 (059%):	 Total:0.4656180	 Acc:0.2500000	 lr:0.0003021	 Mean_Total:0.3557433
2021-11-25 21:26:33,956 -  1684 /  2109 (079%):	 Total:0.4399863	 Acc:0.2187500	 lr:0.0003013	 Mean_Total:0.4037231
2021-11-25 21:26:42,614 -  2105 /  2109 (099%):	 Total:0.6017443	 Acc:0.1875000	 lr:0.0003006	 Mean_Total:0.4417757
2021-11-25 21:26:42,796 - ===============================| start validation |===============================
2021-11-25 21:26:45,554 - 	 Total:0.4416157	 Acc:0.3032853
2021-11-25 21:26:45,557 -    ini file updated    
2021-11-25 21:26:45,562 - Snapshot saved to /data/users/wergillius/UTR_VAE/pth/RL_gru_MTL/1_layer_model/human_k5-model_best_cv0.pth

2021-11-25 21:26:45,563 -    ini file updated    
2021-11-25 21:26:45,563 - ===============================|    epoch 41   |===============================
2021-11-25 21:26:46,045 -     0 /  2109 (000%):	 Total:0.2303888	 Acc:0.4375000	 lr:0.0003006	 Mean_Total:0.2303888
2021-11-25 21:26:55,223 -   421 /  2109 (019%):	 Total:0.1578901	 Acc:0.3437500	 lr:0.0002999	 Mean_Total:0.3066359
2021-11-25 21:27:04,016 -   842 /  2109 (039%):	 Total:0.2180619	 Acc:0.4375000	 lr:0.0002991	 Mean_Total:0.3290335
2021-11-25 21:27:12,762 -  1263 /  2109 (059%):	 Total:0.3095078	 Acc:0.2812500	 lr:0.0002984	 Mean_Total:0.3555123
2021-11-25 21:27:21,421 -  1684 /  2109 (079%):	 Total:0.2354229	 Acc:0.4062500	 lr:0.0002977	 Mean_Total:0.4007538
2021-11-25 21:27:30,277 -  2105 /  2109 (099%):	 Total:0.3520944	 Acc:0.3125000	 lr:0.0002970	 Mean_Total:0.4399417
2021-11-25 21:27:30,464 - ===============================| start validation |===============================
2021-11-25 21:27:33,573 - 	 Total:0.4518459	 Acc:0.3111645
2021-11-25 21:27:33,576 -    ini file updated    
2021-11-25 21:27:33,577 - ===============================|    epoch 42   |===============================
2021-11-25 21:27:34,127 -     0 /  2109 (000%):	 Total:0.1876083	 Acc:0.3750000	 lr:0.0002970	 Mean_Total:0.1876083
2021-11-25 21:27:43,132 -   421 /  2109 (019%):	 Total:0.2742025	 Acc:0.1250000	 lr:0.0002963	 Mean_Total:0.3079136
2021-11-25 21:27:51,995 -   842 /  2109 (039%):	 Total:0.4054761	 Acc:0.1250000	 lr:0.0002956	 Mean_Total:0.3288609
2021-11-25 21:28:01,086 -  1263 /  2109 (059%):	 Total:0.4750733	 Acc:0.2500000	 lr:0.0002949	 Mean_Total:0.3540761
2021-11-25 21:28:10,427 -  1684 /  2109 (079%):	 Total:0.4028343	 Acc:0.2500000	 lr:0.0002942	 Mean_Total:0.3999948
2021-11-25 21:28:19,560 -  2105 /  2109 (099%):	 Total:0.8362290	 Acc:0.3125000	 lr:0.0002935	 Mean_Total:0.4387323
2021-11-25 21:28:19,803 - ===============================| start validation |===============================
2021-11-25 21:28:22,795 - 	 Total:0.4387419	 Acc:0.3137019
2021-11-25 21:28:22,798 -    ini file updated    
2021-11-25 21:28:22,803 - Snapshot saved to /data/users/wergillius/UTR_VAE/pth/RL_gru_MTL/1_layer_model/human_k5-model_best_cv0.pth

2021-11-25 21:28:22,804 -    ini file updated    
2021-11-25 21:28:22,804 - ===============================|    epoch 43   |===============================
2021-11-25 21:28:23,385 -     0 /  2109 (000%):	 Total:0.3369801	 Acc:0.2812500	 lr:0.0002935	 Mean_Total:0.3369801
2021-11-25 21:28:32,436 -   421 /  2109 (019%):	 Total:0.1672163	 Acc:0.4375000	 lr:0.0002928	 Mean_Total:0.3089841
2021-11-25 21:28:41,525 -   842 /  2109 (039%):	 Total:0.2369460	 Acc:0.4062500	 lr:0.0002922	 Mean_Total:0.3271569
2021-11-25 21:28:50,585 -  1263 /  2109 (059%):	 Total:0.2719821	 Acc:0.2187500	 lr:0.0002915	 Mean_Total:0.3546480
2021-11-25 21:28:59,545 -  1684 /  2109 (079%):	 Total:0.5925210	 Acc:0.2500000	 lr:0.0002908	 Mean_Total:0.3990408
2021-11-25 21:29:08,313 -  2105 /  2109 (099%):	 Total:0.6896415	 Acc:0.2500000	 lr:0.0002902	 Mean_Total:0.4380311
2021-11-25 21:29:08,524 - ===============================| start validation |===============================
2021-11-25 21:29:11,308 - 	 Total:0.4354569	 Acc:0.3095620
2021-11-25 21:29:11,311 -    ini file updated    
2021-11-25 21:29:11,318 - Snapshot saved to /data/users/wergillius/UTR_VAE/pth/RL_gru_MTL/1_layer_model/human_k5-model_best_cv0.pth

2021-11-25 21:29:11,318 -    ini file updated    
2021-11-25 21:29:11,319 - ===============================|    epoch 44   |===============================
2021-11-25 21:29:11,875 -     0 /  2109 (000%):	 Total:0.2288283	 Acc:0.3125000	 lr:0.0002902	 Mean_Total:0.2288283
2021-11-25 21:29:20,511 -   421 /  2109 (019%):	 Total:0.2415875	 Acc:0.4375000	 lr:0.0002895	 Mean_Total:0.3021621
2021-11-25 21:29:29,550 -   842 /  2109 (039%):	 Total:0.8343227	 Acc:0.3750000	 lr:0.0002888	 Mean_Total:0.3249538
2021-11-25 21:29:38,800 -  1263 /  2109 (059%):	 Total:0.7055843	 Acc:0.1562500	 lr:0.0002882	 Mean_Total:0.3548477
2021-11-25 21:29:47,794 -  1684 /  2109 (079%):	 Total:0.4035786	 Acc:0.2187500	 lr:0.0002876	 Mean_Total:0.3987520
2021-11-25 21:29:56,714 -  2105 /  2109 (099%):	 Total:0.3499197	 Acc:0.2812500	 lr:0.0002869	 Mean_Total:0.4367583
2021-11-25 21:29:56,895 - ===============================| start validation |===============================
2021-11-25 21:29:59,685 - 	 Total:0.4355595	 Acc:0.3066239
2021-11-25 21:29:59,690 -    ini file updated    
2021-11-25 21:29:59,691 - ===============================|    epoch 45   |===============================
2021-11-25 21:30:00,128 -     0 /  2109 (000%):	 Total:0.1699135	 Acc:0.3750000	 lr:0.0002869	 Mean_Total:0.1699135
2021-11-25 21:30:09,112 -   421 /  2109 (019%):	 Total:0.5430487	 Acc:0.2187500	 lr:0.0002863	 Mean_Total:0.3040751
2021-11-25 21:30:18,316 -   842 /  2109 (039%):	 Total:0.1926277	 Acc:0.4062500	 lr:0.0002856	 Mean_Total:0.3265319
2021-11-25 21:30:27,385 -  1263 /  2109 (059%):	 Total:0.4655209	 Acc:0.1875000	 lr:0.0002850	 Mean_Total:0.3540323
2021-11-25 21:30:36,714 -  1684 /  2109 (079%):	 Total:0.8845891	 Acc:0.2500000	 lr:0.0002844	 Mean_Total:0.3977202
2021-11-25 21:30:46,336 -  2105 /  2109 (099%):	 Total:0.3312472	 Acc:0.2812500	 lr:0.0002838	 Mean_Total:0.4358763
2021-11-25 21:30:46,614 - ===============================| start validation |===============================
2021-11-25 21:30:49,515 - 	 Total:0.4342626	 Acc:0.3104968
2021-11-25 21:30:49,518 -    ini file updated    
2021-11-25 21:30:49,523 - Snapshot saved to /data/users/wergillius/UTR_VAE/pth/RL_gru_MTL/1_layer_model/human_k5-model_best_cv0.pth

2021-11-25 21:30:49,524 -    ini file updated    
2021-11-25 21:30:49,524 - ===============================|    epoch 46   |===============================
2021-11-25 21:30:50,073 -     0 /  2109 (000%):	 Total:0.1945450	 Acc:0.3125000	 lr:0.0002838	 Mean_Total:0.1945450
2021-11-25 21:30:58,964 -   421 /  2109 (019%):	 Total:0.1691361	 Acc:0.5000000	 lr:0.0002832	 Mean_Total:0.2992333
2021-11-25 21:31:08,335 -   842 /  2109 (039%):	 Total:0.2308440	 Acc:0.2500000	 lr:0.0002826	 Mean_Total:0.3259203
2021-11-25 21:31:17,506 -  1263 /  2109 (059%):	 Total:0.3387947	 Acc:0.2500000	 lr:0.0002819	 Mean_Total:0.3508643
2021-11-25 21:31:26,341 -  1684 /  2109 (079%):	 Total:0.4385076	 Acc:0.2812500	 lr:0.0002813	 Mean_Total:0.3963009
2021-11-25 21:31:35,206 -  2105 /  2109 (099%):	 Total:0.4145332	 Acc:0.2187500	 lr:0.0002807	 Mean_Total:0.4344529
2021-11-25 21:31:35,448 - ===============================| start validation |===============================
2021-11-25 21:31:38,556 - 	 Total:0.4399534	 Acc:0.3147703
2021-11-25 21:31:38,561 -    ini file updated    
2021-11-25 21:31:38,568 - Snapshot saved to /data/users/wergillius/UTR_VAE/pth/RL_gru_MTL/1_layer_model/human_k5-model_best_cv0.pth

2021-11-25 21:31:38,569 -    ini file updated    
2021-11-25 21:31:38,569 - ===============================|    epoch 47   |===============================
2021-11-25 21:31:39,180 -     0 /  2109 (000%):	 Total:0.2864617	 Acc:0.2812500	 lr:0.0002807	 Mean_Total:0.2864617
2021-11-25 21:31:48,271 -   421 /  2109 (019%):	 Total:0.2520418	 Acc:0.2812500	 lr:0.0002801	 Mean_Total:0.2959065
2021-11-25 21:31:57,621 -   842 /  2109 (039%):	 Total:0.2518117	 Acc:0.3750000	 lr:0.0002796	 Mean_Total:0.3216850
2021-11-25 21:32:07,083 -  1263 /  2109 (059%):	 Total:0.5812938	 Acc:0.3125000	 lr:0.0002790	 Mean_Total:0.3492959
2021-11-25 21:32:16,168 -  1684 /  2109 (079%):	 Total:0.3862976	 Acc:0.2500000	 lr:0.0002784	 Mean_Total:0.3937233
2021-11-25 21:32:25,219 -  2105 /  2109 (099%):	 Total:0.2826513	 Acc:0.2187500	 lr:0.0002778	 Mean_Total:0.4324235
2021-11-25 21:32:25,474 - ===============================| start validation |===============================
2021-11-25 21:32:28,549 - 	 Total:0.4403723	 Acc:0.3174412
2021-11-25 21:32:28,552 -    ini file updated    
2021-11-25 21:32:28,560 - Snapshot saved to /data/users/wergillius/UTR_VAE/pth/RL_gru_MTL/1_layer_model/human_k5-model_best_cv0.pth

2021-11-25 21:32:28,560 -    ini file updated    
2021-11-25 21:32:28,561 - ===============================|    epoch 48   |===============================
2021-11-25 21:32:29,158 -     0 /  2109 (000%):	 Total:0.2904872	 Acc:0.4062500	 lr:0.0002778	 Mean_Total:0.2904872
2021-11-25 21:32:38,341 -   421 /  2109 (019%):	 Total:0.9495235	 Acc:0.3437500	 lr:0.0002772	 Mean_Total:0.2975037
2021-11-25 21:32:47,293 -   842 /  2109 (039%):	 Total:0.2007592	 Acc:0.4375000	 lr:0.0002767	 Mean_Total:0.3216039
2021-11-25 21:32:56,176 -  1263 /  2109 (059%):	 Total:0.6369079	 Acc:0.2812500	 lr:0.0002761	 Mean_Total:0.3465631
2021-11-25 21:33:04,985 -  1684 /  2109 (079%):	 Total:0.7784357	 Acc:0.1562500	 lr:0.0002755	 Mean_Total:0.3937119
2021-11-25 21:33:13,969 -  2105 /  2109 (099%):	 Total:0.3707822	 Acc:0.3750000	 lr:0.0002750	 Mean_Total:0.4314431
2021-11-25 21:33:14,152 - ===============================| start validation |===============================
2021-11-25 21:33:17,124 - 	 Total:0.4391164	 Acc:0.3185096
2021-11-25 21:33:17,127 -    ini file updated    
2021-11-25 21:33:17,133 - Snapshot saved to /data/users/wergillius/UTR_VAE/pth/RL_gru_MTL/1_layer_model/human_k5-model_best_cv0.pth

2021-11-25 21:33:17,134 -    ini file updated    
2021-11-25 21:33:17,134 - ===============================|    epoch 49   |===============================
2021-11-25 21:33:17,691 -     0 /  2109 (000%):	 Total:0.3380376	 Acc:0.4062500	 lr:0.0002750	 Mean_Total:0.3380376
2021-11-25 21:33:27,317 -   421 /  2109 (019%):	 Total:0.4686352	 Acc:0.3125000	 lr:0.0002744	 Mean_Total:0.3021880
2021-11-25 21:33:36,545 -   842 /  2109 (039%):	 Total:0.6022325	 Acc:0.1562500	 lr:0.0002738	 Mean_Total:0.3218483
2021-11-25 21:33:45,854 -  1263 /  2109 (059%):	 Total:0.5355379	 Acc:0.3750000	 lr:0.0002733	 Mean_Total:0.3481147
2021-11-25 21:33:55,416 -  1684 /  2109 (079%):	 Total:0.4151759	 Acc:0.2187500	 lr:0.0002727	 Mean_Total:0.3944981
2021-11-25 21:34:05,009 -  2105 /  2109 (099%):	 Total:0.3504422	 Acc:0.3125000	 lr:0.0002722	 Mean_Total:0.4329729
2021-11-25 21:34:05,216 - ===============================| start validation |===============================
2021-11-25 21:34:08,328 - 	 Total:0.4348742	 Acc:0.3149038
2021-11-25 21:34:08,332 -    ini file updated    
2021-11-25 21:34:08,332 - ===============================|    epoch 50   |===============================
2021-11-25 21:34:08,907 -     0 /  2109 (000%):	 Total:0.4681954	 Acc:0.4375000	 lr:0.0002722	 Mean_Total:0.4681954
2021-11-25 21:34:18,179 -   421 /  2109 (019%):	 Total:0.2462913	 Acc:0.3437500	 lr:0.0002716	 Mean_Total:0.2925566
2021-11-25 21:34:27,385 -   842 /  2109 (039%):	 Total:0.1820255	 Acc:0.3437500	 lr:0.0002711	 Mean_Total:0.3221958
2021-11-25 21:34:36,767 -  1263 /  2109 (059%):	 Total:0.4130668	 Acc:0.2187500	 lr:0.0002706	 Mean_Total:0.3477860
2021-11-25 21:34:46,088 -  1684 /  2109 (079%):	 Total:0.2582562	 Acc:0.2500000	 lr:0.0002700	 Mean_Total:0.3919723
2021-11-25 21:34:54,808 -  2105 /  2109 (099%):	 Total:0.2522852	 Acc:0.5000000	 lr:0.0002695	 Mean_Total:0.4311365
2021-11-25 21:34:54,984 - ===============================| start validation |===============================
2021-11-25 21:34:57,748 - 	 Total:0.4407358	 Acc:0.3171741
2021-11-25 21:34:57,751 -    ini file updated    
2021-11-25 21:34:57,751 - ===============================|    epoch 51   |===============================
2021-11-25 21:34:58,243 -     0 /  2109 (000%):	 Total:0.1356274	 Acc:0.4687500	 lr:0.0002695	 Mean_Total:0.1356274
2021-11-25 21:35:07,189 -   421 /  2109 (019%):	 Total:0.6743853	 Acc:0.4375000	 lr:0.0002690	 Mean_Total:0.2991338
2021-11-25 21:35:16,367 -   842 /  2109 (039%):	 Total:0.4299791	 Acc:0.2500000	 lr:0.0002685	 Mean_Total:0.3192822
2021-11-25 21:35:25,429 -  1263 /  2109 (059%):	 Total:0.6146241	 Acc:0.1562500	 lr:0.0002679	 Mean_Total:0.3474233
2021-11-25 21:35:34,174 -  1684 /  2109 (079%):	 Total:0.6721782	 Acc:0.2500000	 lr:0.0002674	 Mean_Total:0.3913954
2021-11-25 21:35:42,982 -  2105 /  2109 (099%):	 Total:0.3293986	 Acc:0.1875000	 lr:0.0002669	 Mean_Total:0.4286237
2021-11-25 21:35:43,159 - ===============================| start validation |===============================
2021-11-25 21:35:46,175 - 	 Total:0.4323402	 Acc:0.3178419
2021-11-25 21:35:46,179 -    ini file updated    
2021-11-25 21:35:46,189 - Snapshot saved to /data/users/wergillius/UTR_VAE/pth/RL_gru_MTL/1_layer_model/human_k5-model_best_cv0.pth

2021-11-25 21:35:46,189 -    ini file updated    
2021-11-25 21:35:46,190 - ===============================|    epoch 52   |===============================
2021-11-25 21:35:46,830 -     0 /  2109 (000%):	 Total:0.4137451	 Acc:0.2812500	 lr:0.0002669	 Mean_Total:0.4137451
2021-11-25 21:35:55,951 -   421 /  2109 (019%):	 Total:0.3194065	 Acc:0.3750000	 lr:0.0002664	 Mean_Total:0.2944184
2021-11-25 21:36:05,136 -   842 /  2109 (039%):	 Total:0.3653602	 Acc:0.3125000	 lr:0.0002659	 Mean_Total:0.3174268
2021-11-25 21:36:14,150 -  1263 /  2109 (059%):	 Total:0.3117839	 Acc:0.4062500	 lr:0.0002654	 Mean_Total:0.3471660
2021-11-25 21:36:23,059 -  1684 /  2109 (079%):	 Total:0.6405343	 Acc:0.2187500	 lr:0.0002649	 Mean_Total:0.3907651
2021-11-25 21:36:31,592 -  2105 /  2109 (099%):	 Total:0.2664943	 Acc:0.3125000	 lr:0.0002644	 Mean_Total:0.4290029
2021-11-25 21:36:31,762 - ===============================| start validation |===============================
2021-11-25 21:36:34,612 - 	 Total:0.4358631	 Acc:0.3185096
2021-11-25 21:36:34,616 -    ini file updated    
2021-11-25 21:36:34,616 - ===============================|    epoch 53   |===============================
2021-11-25 21:36:35,108 -     0 /  2109 (000%):	 Total:0.4903535	 Acc:0.3125000	 lr:0.0002644	 Mean_Total:0.4903535
2021-11-25 21:36:44,041 -   421 /  2109 (019%):	 Total:0.1630810	 Acc:0.3750000	 lr:0.0002639	 Mean_Total:0.2966424
2021-11-25 21:36:53,201 -   842 /  2109 (039%):	 Total:0.2398722	 Acc:0.3125000	 lr:0.0002634	 Mean_Total:0.3182773
2021-11-25 21:37:02,509 -  1263 /  2109 (059%):	 Total:0.4915779	 Acc:0.3125000	 lr:0.0002629	 Mean_Total:0.3458989
2021-11-25 21:37:11,355 -  1684 /  2109 (079%):	 Total:0.4011249	 Acc:0.2187500	 lr:0.0002624	 Mean_Total:0.3914180
2021-11-25 21:37:20,448 -  2105 /  2109 (099%):	 Total:0.6225096	 Acc:0.2812500	 lr:0.0002619	 Mean_Total:0.4303453
2021-11-25 21:37:20,636 - ===============================| start validation |===============================
2021-11-25 21:37:23,472 - 	 Total:0.4392348	 Acc:0.3185096
2021-11-25 21:37:23,475 -    ini file updated    
2021-11-25 21:37:23,475 - ===============================|    epoch 54   |===============================
2021-11-25 21:37:23,962 -     0 /  2109 (000%):	 Total:0.1846003	 Acc:0.4062500	 lr:0.0002619	 Mean_Total:0.1846003
2021-11-25 21:37:32,944 -   421 /  2109 (019%):	 Total:0.2071401	 Acc:0.2500000	 lr:0.0002614	 Mean_Total:0.2909672
2021-11-25 21:37:41,969 -   842 /  2109 (039%):	 Total:0.1804341	 Acc:0.3750000	 lr:0.0002610	 Mean_Total:0.3172317
2021-11-25 21:37:50,868 -  1263 /  2109 (059%):	 Total:0.2947648	 Acc:0.2187500	 lr:0.0002605	 Mean_Total:0.3409097
2021-11-25 21:37:59,743 -  1684 /  2109 (079%):	 Total:0.7873963	 Acc:0.2500000	 lr:0.0002600	 Mean_Total:0.3891754
2021-11-25 21:38:08,772 -  2105 /  2109 (099%):	 Total:0.5718964	 Acc:0.2187500	 lr:0.0002595	 Mean_Total:0.4256427
2021-11-25 21:38:08,940 - ===============================| start validation |===============================
2021-11-25 21:38:12,041 - 	 Total:0.4321791	 Acc:0.3169071
2021-11-25 21:38:12,045 -    ini file updated    
2021-11-25 21:38:12,052 - Snapshot saved to /data/users/wergillius/UTR_VAE/pth/RL_gru_MTL/1_layer_model/human_k5-model_best_cv0.pth

2021-11-25 21:38:12,053 -    ini file updated    
2021-11-25 21:38:12,053 - ===============================|    epoch 55   |===============================
2021-11-25 21:38:12,598 -     0 /  2109 (000%):	 Total:0.4216623	 Acc:0.2812500	 lr:0.0002595	 Mean_Total:0.4216623
2021-11-25 21:38:21,697 -   421 /  2109 (019%):	 Total:0.2534992	 Acc:0.3125000	 lr:0.0002591	 Mean_Total:0.2910525
2021-11-25 21:38:30,508 -   842 /  2109 (039%):	 Total:0.2978954	 Acc:0.4062500	 lr:0.0002586	 Mean_Total:0.3157396
2021-11-25 21:38:39,732 -  1263 /  2109 (059%):	 Total:0.3932718	 Acc:0.2187500	 lr:0.0002581	 Mean_Total:0.3450312
2021-11-25 21:38:48,921 -  1684 /  2109 (079%):	 Total:1.2137064	 Acc:0.1875000	 lr:0.0002577	 Mean_Total:0.3898231
2021-11-25 21:38:58,017 -  2105 /  2109 (099%):	 Total:1.0102475	 Acc:0.2187500	 lr:0.0002572	 Mean_Total:0.4276846
2021-11-25 21:38:58,237 - ===============================| start validation |===============================
2021-11-25 21:39:01,190 - 	 Total:0.4283761	 Acc:0.3145032
2021-11-25 21:39:01,194 -    ini file updated    
2021-11-25 21:39:01,199 - Snapshot saved to /data/users/wergillius/UTR_VAE/pth/RL_gru_MTL/1_layer_model/human_k5-model_best_cv0.pth

2021-11-25 21:39:01,199 -    ini file updated    
2021-11-25 21:39:01,199 - ===============================|    epoch 56   |===============================
2021-11-25 21:39:01,761 -     0 /  2109 (000%):	 Total:0.3621320	 Acc:0.3125000	 lr:0.0002572	 Mean_Total:0.3621320
2021-11-25 21:39:10,586 -   421 /  2109 (019%):	 Total:0.1385548	 Acc:0.3125000	 lr:0.0002567	 Mean_Total:0.2930418
2021-11-25 21:39:19,716 -   842 /  2109 (039%):	 Total:0.5813965	 Acc:0.1250000	 lr:0.0002563	 Mean_Total:0.3130349
2021-11-25 21:39:28,479 -  1263 /  2109 (059%):	 Total:1.0113397	 Acc:0.2812500	 lr:0.0002558	 Mean_Total:0.3431676
2021-11-25 21:39:37,509 -  1684 /  2109 (079%):	 Total:1.3311563	 Acc:0.1875000	 lr:0.0002554	 Mean_Total:0.3880553
2021-11-25 21:39:46,272 -  2105 /  2109 (099%):	 Total:0.2753691	 Acc:0.2812500	 lr:0.0002549	 Mean_Total:0.4250997
2021-11-25 21:39:46,515 - ===============================| start validation |===============================
2021-11-25 21:39:49,492 - 	 Total:0.4351704	 Acc:0.3178419
2021-11-25 21:39:49,495 -    ini file updated    
2021-11-25 21:39:49,495 - ===============================|    epoch 57   |===============================
2021-11-25 21:39:49,971 -     0 /  2109 (000%):	 Total:0.2453505	 Acc:0.4375000	 lr:0.0002549	 Mean_Total:0.2453505
2021-11-25 21:39:59,318 -   421 /  2109 (019%):	 Total:0.4631950	 Acc:0.4062500	 lr:0.0002545	 Mean_Total:0.2931930
2021-11-25 21:40:08,239 -   842 /  2109 (039%):	 Total:0.2527680	 Acc:0.4375000	 lr:0.0002540	 Mean_Total:0.3150457
2021-11-25 21:40:17,365 -  1263 /  2109 (059%):	 Total:0.5344957	 Acc:0.2812500	 lr:0.0002536	 Mean_Total:0.3418913
2021-11-25 21:40:26,319 -  1684 /  2109 (079%):	 Total:0.5897495	 Acc:0.2500000	 lr:0.0002532	 Mean_Total:0.3880039
2021-11-25 21:40:35,142 -  2105 /  2109 (099%):	 Total:0.2952456	 Acc:0.4687500	 lr:0.0002527	 Mean_Total:0.4254070
2021-11-25 21:40:35,351 - ===============================| start validation |===============================
2021-11-25 21:40:38,295 - 	 Total:0.4342923	 Acc:0.3194444
2021-11-25 21:40:38,298 -    ini file updated    
2021-11-25 21:40:38,303 - Snapshot saved to /data/users/wergillius/UTR_VAE/pth/RL_gru_MTL/1_layer_model/human_k5-model_best_cv0.pth

2021-11-25 21:40:38,304 -    ini file updated    
2021-11-25 21:40:38,304 - ===============================|    epoch 58   |===============================
2021-11-25 21:40:38,883 -     0 /  2109 (000%):	 Total:0.2501677	 Acc:0.4687500	 lr:0.0002527	 Mean_Total:0.2501677
2021-11-25 21:40:48,134 -   421 /  2109 (019%):	 Total:0.4100152	 Acc:0.2812500	 lr:0.0002523	 Mean_Total:0.2943588
2021-11-25 21:40:57,246 -   842 /  2109 (039%):	 Total:0.2395173	 Acc:0.3437500	 lr:0.0002519	 Mean_Total:0.3143195
2021-11-25 21:41:06,458 -  1263 /  2109 (059%):	 Total:0.3098969	 Acc:0.2500000	 lr:0.0002514	 Mean_Total:0.3438813
2021-11-25 21:41:15,527 -  1684 /  2109 (079%):	 Total:1.1338704	 Acc:0.1875000	 lr:0.0002510	 Mean_Total:0.3889438
2021-11-25 21:41:24,881 -  2105 /  2109 (099%):	 Total:0.8350899	 Acc:0.2812500	 lr:0.0002506	 Mean_Total:0.4265535
2021-11-25 21:41:25,059 - ===============================| start validation |===============================
2021-11-25 21:41:27,963 - 	 Total:0.4397810	 Acc:0.3193109
2021-11-25 21:41:27,966 -    ini file updated    
2021-11-25 21:41:27,966 - ===============================|    epoch 59   |===============================
2021-11-25 21:41:28,386 -     0 /  2109 (000%):	 Total:0.5284788	 Acc:0.4375000	 lr:0.0002506	 Mean_Total:0.5284788
2021-11-25 21:41:37,514 -   421 /  2109 (019%):	 Total:0.3456828	 Acc:0.2187500	 lr:0.0002501	 Mean_Total:0.2883028
2021-11-25 21:41:46,497 -   842 /  2109 (039%):	 Total:0.1782593	 Acc:0.3437500	 lr:0.0002497	 Mean_Total:0.3130754
2021-11-25 21:41:55,677 -  1263 /  2109 (059%):	 Total:0.3507143	 Acc:0.3750000	 lr:0.0002493	 Mean_Total:0.3398475
2021-11-25 21:42:04,828 -  1684 /  2109 (079%):	 Total:0.4777312	 Acc:0.2812500	 lr:0.0002489	 Mean_Total:0.3851491
2021-11-25 21:42:13,806 -  2105 /  2109 (099%):	 Total:0.7823998	 Acc:0.1875000	 lr:0.0002485	 Mean_Total:0.4236372
2021-11-25 21:42:13,973 - ===============================| start validation |===============================
2021-11-25 21:42:16,907 - 	 Total:0.4368827	 Acc:0.3147703
2021-11-25 21:42:16,911 -    ini file updated    
2021-11-25 21:42:16,912 - ===============================|    epoch 60   |===============================
2021-11-25 21:42:17,424 -     0 /  2109 (000%):	 Total:0.1235691	 Acc:0.4375000	 lr:0.0002485	 Mean_Total:0.1235691
2021-11-25 21:42:26,598 -   421 /  2109 (019%):	 Total:0.1436522	 Acc:0.4062500	 lr:0.0002481	 Mean_Total:0.2906660
2021-11-25 21:42:35,584 -   842 /  2109 (039%):	 Total:0.2171790	 Acc:0.3750000	 lr:0.0002477	 Mean_Total:0.3123581
2021-11-25 21:42:45,163 -  1263 /  2109 (059%):	 Total:0.4363482	 Acc:0.1250000	 lr:0.0002472	 Mean_Total:0.3423206
2021-11-25 21:42:53,991 -  1684 /  2109 (079%):	 Total:0.5286139	 Acc:0.1562500	 lr:0.0002468	 Mean_Total:0.3850125
2021-11-25 21:43:03,009 -  2105 /  2109 (099%):	 Total:0.2798007	 Acc:0.4062500	 lr:0.0002464	 Mean_Total:0.4232918
2021-11-25 21:43:03,232 - ===============================| start validation |===============================
2021-11-25 21:43:06,162 - 	 Total:0.4333984	 Acc:0.3169071
2021-11-25 21:43:06,166 -    ini file updated    
