2021-11-27 10:14:11,460 -   	 	 ==============<<< device used: cuda:1  >>>============== 	 	 
2021-11-27 10:14:31,435 - ===============================|    epoch 0   |===============================
2021-11-27 10:14:32,391 -     0 /  2109 (000%):	 Total:34.6639481	 Acc:0.0000000	 lr:0.0009882	 Mean_Total:34.6639481
2021-11-27 10:15:07,142 -   421 /  2109 (019%):	 Total:0.8348722	 Acc:0.1562500	 lr:0.0043027	 Mean_Total:1.6924513
2021-11-27 10:15:41,919 -   842 /  2109 (039%):	 Total:0.9837759	 Acc:0.3125000	 lr:0.0030443	 Mean_Total:1.3909428
2021-11-27 10:16:16,307 -  1263 /  2109 (059%):	 Total:0.7294171	 Acc:0.2812500	 lr:0.0024861	 Mean_Total:1.2753261
2021-11-27 10:16:51,157 -  1684 /  2109 (079%):	 Total:1.7321606	 Acc:0.1250000	 lr:0.0021533	 Mean_Total:1.2449140
2021-11-27 10:17:25,124 -  2105 /  2109 (099%):	 Total:0.7515525	 Acc:0.1875000	 lr:0.0019260	 Mean_Total:1.2376841
2021-11-27 10:17:25,613 - ===============================| start validation |===============================
2021-11-27 10:17:36,653 - 	 Total:0.9575114	 Acc:0.2111378
2021-11-27 10:17:36,657 -    ini file updated    
2021-11-27 10:17:36,666 - Snapshot saved to /data/users/wergillius/UTR_VAE/pth/RL_gru_MTL/1_layer_model/human_k5-model_best_cv4.pth

2021-11-27 10:17:36,667 -    ini file updated    
2021-11-27 10:17:36,667 - ===============================|    epoch 1   |===============================
2021-11-27 10:17:37,472 -     0 /  2109 (000%):	 Total:0.5839750	 Acc:0.0937500	 lr:0.0019242	 Mean_Total:0.5839750
2021-11-27 10:18:11,811 -   421 /  2109 (019%):	 Total:1.6018420	 Acc:0.1562500	 lr:0.0017569	 Mean_Total:0.9636779
2021-11-27 10:18:44,916 -   842 /  2109 (039%):	 Total:0.5031521	 Acc:0.3125000	 lr:0.0016268	 Mean_Total:0.9588821
2021-11-27 10:19:17,208 -  1263 /  2109 (059%):	 Total:1.1000731	 Acc:0.1875000	 lr:0.0015219	 Mean_Total:0.9635095
2021-11-27 10:19:52,121 -  1684 /  2109 (079%):	 Total:1.5668113	 Acc:0.0937500	 lr:0.0014350	 Mean_Total:0.9910862
2021-11-27 10:20:26,462 -  2105 /  2109 (099%):	 Total:1.1181668	 Acc:0.1250000	 lr:0.0013614	 Mean_Total:1.0241187
2021-11-27 10:20:26,913 - ===============================| start validation |===============================
2021-11-27 10:20:37,375 - 	 Total:0.9244883	 Acc:0.2096688
2021-11-27 10:20:37,387 -    ini file updated    
2021-11-27 10:20:37,394 - Snapshot saved to /data/users/wergillius/UTR_VAE/pth/RL_gru_MTL/1_layer_model/human_k5-model_best_cv4.pth

2021-11-27 10:20:37,395 -    ini file updated    
2021-11-27 10:20:37,395 - ===============================|    epoch 2   |===============================
2021-11-27 10:20:38,303 -     0 /  2109 (000%):	 Total:0.4729803	 Acc:0.2812500	 lr:0.0013608	 Mean_Total:0.4729803
2021-11-27 10:21:13,202 -   421 /  2109 (019%):	 Total:0.8582919	 Acc:0.1562500	 lr:0.0012976	 Mean_Total:0.9155364
2021-11-27 10:21:48,824 -   842 /  2109 (039%):	 Total:0.6508863	 Acc:0.2187500	 lr:0.0012424	 Mean_Total:0.9197503
2021-11-27 10:22:21,827 -  1263 /  2109 (059%):	 Total:0.7558259	 Acc:0.1562500	 lr:0.0011938	 Mean_Total:0.9217711
2021-11-27 10:22:56,976 -  1684 /  2109 (079%):	 Total:0.7002705	 Acc:0.2500000	 lr:0.0011504	 Mean_Total:0.9526543
2021-11-27 10:23:31,238 -  2105 /  2109 (099%):	 Total:0.9935312	 Acc:0.2812500	 lr:0.0011115	 Mean_Total:0.9862530
2021-11-27 10:23:31,688 - ===============================| start validation |===============================
2021-11-27 10:23:42,064 - 	 Total:0.9140355	 Acc:0.2284989
2021-11-27 10:23:42,070 -    ini file updated    
2021-11-27 10:23:42,081 - Snapshot saved to /data/users/wergillius/UTR_VAE/pth/RL_gru_MTL/1_layer_model/human_k5-model_best_cv4.pth

2021-11-27 10:23:42,082 -    ini file updated    
2021-11-27 10:23:42,082 - ===============================|    epoch 3   |===============================
2021-11-27 10:23:42,787 -     0 /  2109 (000%):	 Total:0.8468523	 Acc:0.2187500	 lr:0.0011111	 Mean_Total:0.8468523
2021-11-27 10:24:18,335 -   421 /  2109 (019%):	 Total:1.0208092	 Acc:0.2500000	 lr:0.0010759	 Mean_Total:0.8644854
2021-11-27 10:24:51,077 -   842 /  2109 (039%):	 Total:0.7085998	 Acc:0.1562500	 lr:0.0010438	 Mean_Total:0.8813186
2021-11-27 10:25:22,882 -  1263 /  2109 (059%):	 Total:0.7141858	 Acc:0.2187500	 lr:0.0010145	 Mean_Total:0.8834358
2021-11-27 10:25:55,443 -  1684 /  2109 (079%):	 Total:1.3003786	 Acc:0.2187500	 lr:0.0009875	 Mean_Total:0.9169530
2021-11-27 10:26:29,184 -  2105 /  2109 (099%):	 Total:1.1340388	 Acc:0.1250000	 lr:0.0009625	 Mean_Total:0.9519949
2021-11-27 10:26:29,641 - ===============================| start validation |===============================
2021-11-27 10:26:40,107 - 	 Total:0.8782509	 Acc:0.2343750
2021-11-27 10:26:40,111 -    ini file updated    
2021-11-27 10:26:40,137 - Snapshot saved to /data/users/wergillius/UTR_VAE/pth/RL_gru_MTL/1_layer_model/human_k5-model_best_cv4.pth

2021-11-27 10:26:40,138 -    ini file updated    
2021-11-27 10:26:40,138 - ===============================|    epoch 4   |===============================
2021-11-27 10:26:41,091 -     0 /  2109 (000%):	 Total:1.0442245	 Acc:0.2500000	 lr:0.0009623	 Mean_Total:1.0442245
2021-11-27 10:27:13,792 -   421 /  2109 (019%):	 Total:2.6127813	 Acc:0.2812500	 lr:0.0009391	 Mean_Total:0.8260743
2021-11-27 10:27:47,926 -   842 /  2109 (039%):	 Total:0.6350361	 Acc:0.2500000	 lr:0.0009176	 Mean_Total:0.8426408
2021-11-27 10:28:21,586 -  1263 /  2109 (059%):	 Total:1.0922530	 Acc:0.2187500	 lr:0.0008974	 Mean_Total:0.8537855
2021-11-27 10:28:54,808 -  1684 /  2109 (079%):	 Total:0.9281219	 Acc:0.0937500	 lr:0.0008786	 Mean_Total:0.8884563
2021-11-27 10:29:28,966 -  2105 /  2109 (099%):	 Total:0.5933202	 Acc:0.2812500	 lr:0.0008609	 Mean_Total:0.9253828
2021-11-27 10:29:29,427 - ===============================| start validation |===============================
2021-11-27 10:29:39,430 - 	 Total:0.8687477	 Acc:0.2378472
2021-11-27 10:29:39,435 -    ini file updated    
2021-11-27 10:29:39,440 - Snapshot saved to /data/users/wergillius/UTR_VAE/pth/RL_gru_MTL/1_layer_model/human_k5-model_best_cv4.pth

2021-11-27 10:29:39,441 -    ini file updated    
2021-11-27 10:29:39,441 - ===============================|    epoch 5   |===============================
2021-11-27 10:29:40,225 -     0 /  2109 (000%):	 Total:0.4280022	 Acc:0.4062500	 lr:0.0008607	 Mean_Total:0.4280022
2021-11-27 10:30:14,279 -   421 /  2109 (019%):	 Total:0.6287248	 Acc:0.1875000	 lr:0.0008440	 Mean_Total:0.8016592
2021-11-27 10:30:48,005 -   842 /  2109 (039%):	 Total:1.1975825	 Acc:0.1562500	 lr:0.0008283	 Mean_Total:0.8139309
2021-11-27 10:31:21,652 -  1263 /  2109 (059%):	 Total:0.9791570	 Acc:0.3437500	 lr:0.0008134	 Mean_Total:0.8273226
2021-11-27 10:31:54,603 -  1684 /  2109 (079%):	 Total:0.9756595	 Acc:0.3437500	 lr:0.0007992	 Mean_Total:0.8621211
2021-11-27 10:32:28,591 -  2105 /  2109 (099%):	 Total:0.9369036	 Acc:0.2187500	 lr:0.0007858	 Mean_Total:0.9008457
2021-11-27 10:32:29,095 - ===============================| start validation |===============================
2021-11-27 10:32:40,055 - 	 Total:0.8906247	 Acc:0.2418536
2021-11-27 10:32:40,058 -    ini file updated    
2021-11-27 10:32:40,063 - Snapshot saved to /data/users/wergillius/UTR_VAE/pth/RL_gru_MTL/1_layer_model/human_k5-model_best_cv4.pth

2021-11-27 10:32:40,064 -    ini file updated    
2021-11-27 10:32:40,064 - ===============================|    epoch 6   |===============================
2021-11-27 10:32:40,795 -     0 /  2109 (000%):	 Total:1.1905645	 Acc:0.2500000	 lr:0.0007857	 Mean_Total:1.1905645
2021-11-27 10:33:15,542 -   421 /  2109 (019%):	 Total:0.5864355	 Acc:0.2500000	 lr:0.0007730	 Mean_Total:0.7695434
2021-11-27 10:33:49,199 -   842 /  2109 (039%):	 Total:0.4345720	 Acc:0.2187500	 lr:0.0007608	 Mean_Total:0.7945365
2021-11-27 10:34:21,865 -  1263 /  2109 (059%):	 Total:0.7800031	 Acc:0.2187500	 lr:0.0007492	 Mean_Total:0.8066679
2021-11-27 10:34:53,528 -  1684 /  2109 (079%):	 Total:1.0032308	 Acc:0.1250000	 lr:0.0007381	 Mean_Total:0.8441822
2021-11-27 10:35:24,809 -  2105 /  2109 (099%):	 Total:0.7904896	 Acc:0.1250000	 lr:0.0007275	 Mean_Total:0.8828799
2021-11-27 10:35:25,332 - ===============================| start validation |===============================
2021-11-27 10:35:34,761 - 	 Total:0.8375887	 Acc:0.2466613
2021-11-27 10:35:34,771 -    ini file updated    
2021-11-27 10:35:34,779 - Snapshot saved to /data/users/wergillius/UTR_VAE/pth/RL_gru_MTL/1_layer_model/human_k5-model_best_cv4.pth

2021-11-27 10:35:34,780 -    ini file updated    
2021-11-27 10:35:34,780 - ===============================|    epoch 7   |===============================
2021-11-27 10:35:35,537 -     0 /  2109 (000%):	 Total:1.0405126	 Acc:0.2500000	 lr:0.0007274	 Mean_Total:1.0405126
2021-11-27 10:36:11,440 -   421 /  2109 (019%):	 Total:1.0294168	 Acc:0.2500000	 lr:0.0007173	 Mean_Total:0.7504501
2021-11-27 10:36:44,141 -   842 /  2109 (039%):	 Total:0.6163232	 Acc:0.2187500	 lr:0.0007075	 Mean_Total:0.7768188
2021-11-27 10:37:17,159 -  1263 /  2109 (059%):	 Total:0.9092551	 Acc:0.2812500	 lr:0.0006982	 Mean_Total:0.7869774
2021-11-27 10:37:49,115 -  1684 /  2109 (079%):	 Total:1.2202419	 Acc:0.1250000	 lr:0.0006892	 Mean_Total:0.8261610
2021-11-27 10:38:21,726 -  2105 /  2109 (099%):	 Total:0.7869679	 Acc:0.2500000	 lr:0.0006805	 Mean_Total:0.8654093
2021-11-27 10:38:22,268 - ===============================| start validation |===============================
2021-11-27 10:38:32,589 - 	 Total:0.8256972	 Acc:0.2493323
2021-11-27 10:38:32,594 -    ini file updated    
2021-11-27 10:38:32,615 - Snapshot saved to /data/users/wergillius/UTR_VAE/pth/RL_gru_MTL/1_layer_model/human_k5-model_best_cv4.pth

2021-11-27 10:38:32,615 -    ini file updated    
2021-11-27 10:38:32,616 - ===============================|    epoch 8   |===============================
2021-11-27 10:38:33,708 -     0 /  2109 (000%):	 Total:0.6549872	 Acc:0.2187500	 lr:0.0006805	 Mean_Total:0.6549872
2021-11-27 10:39:05,715 -   421 /  2109 (019%):	 Total:1.0529697	 Acc:0.3125000	 lr:0.0006721	 Mean_Total:0.7336672
2021-11-27 10:39:36,480 -   842 /  2109 (039%):	 Total:0.3891027	 Acc:0.2812500	 lr:0.0006641	 Mean_Total:0.7634914
2021-11-27 10:40:07,783 -  1263 /  2109 (059%):	 Total:0.9441172	 Acc:0.2812500	 lr:0.0006563	 Mean_Total:0.7786625
2021-11-27 10:40:39,403 -  1684 /  2109 (079%):	 Total:1.8669629	 Acc:0.0937500	 lr:0.0006488	 Mean_Total:0.8185940
2021-11-27 10:41:13,565 -  2105 /  2109 (099%):	 Total:0.5349430	 Acc:0.2500000	 lr:0.0006416	 Mean_Total:0.8542467
2021-11-27 10:41:13,946 - ===============================| start validation |===============================
2021-11-27 10:41:24,338 - 	 Total:0.8135560	 Acc:0.2516026
2021-11-27 10:41:24,342 -    ini file updated    
2021-11-27 10:41:24,349 - Snapshot saved to /data/users/wergillius/UTR_VAE/pth/RL_gru_MTL/1_layer_model/human_k5-model_best_cv4.pth

2021-11-27 10:41:24,350 -    ini file updated    
2021-11-27 10:41:24,350 - ===============================|    epoch 9   |===============================
2021-11-27 10:41:25,115 -     0 /  2109 (000%):	 Total:0.6984660	 Acc:0.4062500	 lr:0.0006415	 Mean_Total:0.6984660
2021-11-27 10:41:58,747 -   421 /  2109 (019%):	 Total:0.4848106	 Acc:0.3125000	 lr:0.0006345	 Mean_Total:0.7233645
2021-11-27 10:42:31,134 -   842 /  2109 (039%):	 Total:0.8026025	 Acc:0.1875000	 lr:0.0006278	 Mean_Total:0.7530445
2021-11-27 10:43:02,500 -  1263 /  2109 (059%):	 Total:1.0526512	 Acc:0.2812500	 lr:0.0006212	 Mean_Total:0.7656531
2021-11-27 10:43:33,978 -  1684 /  2109 (079%):	 Total:1.0156882	 Acc:0.1250000	 lr:0.0006148	 Mean_Total:0.8061639
2021-11-27 10:44:06,561 -  2105 /  2109 (099%):	 Total:0.5940681	 Acc:0.3437500	 lr:0.0006087	 Mean_Total:0.8462187
2021-11-27 10:44:07,047 - ===============================| start validation |===============================
2021-11-27 10:44:17,037 - 	 Total:0.8088221	 Acc:0.2560096
2021-11-27 10:44:17,043 -    ini file updated    
2021-11-27 10:44:17,059 - Snapshot saved to /data/users/wergillius/UTR_VAE/pth/RL_gru_MTL/1_layer_model/human_k5-model_best_cv4.pth

2021-11-27 10:44:17,060 -    ini file updated    
2021-11-27 10:44:17,060 - ===============================|    epoch 10   |===============================
2021-11-27 10:44:17,906 -     0 /  2109 (000%):	 Total:0.9932994	 Acc:0.2812500	 lr:0.0006086	 Mean_Total:0.9932994
2021-11-27 10:44:52,160 -   421 /  2109 (019%):	 Total:0.5085933	 Acc:0.3125000	 lr:0.0006026	 Mean_Total:0.7075291
2021-11-27 10:45:24,880 -   842 /  2109 (039%):	 Total:1.1031470	 Acc:0.1875000	 lr:0.0005968	 Mean_Total:0.7409073
2021-11-27 10:45:57,201 -  1263 /  2109 (059%):	 Total:0.6358939	 Acc:0.1562500	 lr:0.0005912	 Mean_Total:0.7553118
2021-11-27 10:46:29,122 -  1684 /  2109 (079%):	 Total:1.4742382	 Acc:0.1250000	 lr:0.0005857	 Mean_Total:0.7989494
2021-11-27 10:47:00,882 -  2105 /  2109 (099%):	 Total:1.2896580	 Acc:0.3750000	 lr:0.0005803	 Mean_Total:0.8377677
2021-11-27 10:47:01,190 - ===============================| start validation |===============================
2021-11-27 10:47:11,310 - 	 Total:0.8070802	 Acc:0.2532051
2021-11-27 10:47:11,324 -    ini file updated    
2021-11-27 10:47:11,330 - Snapshot saved to /data/users/wergillius/UTR_VAE/pth/RL_gru_MTL/1_layer_model/human_k5-model_best_cv4.pth

2021-11-27 10:47:11,331 -    ini file updated    
2021-11-27 10:47:11,331 - ===============================|    epoch 11   |===============================
2021-11-27 10:47:12,064 -     0 /  2109 (000%):	 Total:0.9808592	 Acc:0.4062500	 lr:0.0005803	 Mean_Total:0.9808592
2021-11-27 10:47:45,554 -   421 /  2109 (019%):	 Total:0.8336456	 Acc:0.2500000	 lr:0.0005751	 Mean_Total:0.6993581
2021-11-27 10:48:18,234 -   842 /  2109 (039%):	 Total:0.5644534	 Acc:0.3437500	 lr:0.0005700	 Mean_Total:0.7299703
2021-11-27 10:48:50,337 -  1263 /  2109 (059%):	 Total:0.7581342	 Acc:0.2812500	 lr:0.0005651	 Mean_Total:0.7476634
2021-11-27 10:49:23,021 -  1684 /  2109 (079%):	 Total:0.8302873	 Acc:0.2812500	 lr:0.0005603	 Mean_Total:0.7895975
2021-11-27 10:49:55,400 -  2105 /  2109 (099%):	 Total:0.8388158	 Acc:0.3125000	 lr:0.0005556	 Mean_Total:0.8281451
2021-11-27 10:49:55,956 - ===============================| start validation |===============================
2021-11-27 10:50:05,801 - 	 Total:0.8046485	 Acc:0.2473291
2021-11-27 10:50:05,805 -    ini file updated    
2021-11-27 10:50:05,813 - Snapshot saved to /data/users/wergillius/UTR_VAE/pth/RL_gru_MTL/1_layer_model/human_k5-model_best_cv4.pth

2021-11-27 10:50:05,813 -    ini file updated    
2021-11-27 10:50:05,814 - ===============================|    epoch 12   |===============================
2021-11-27 10:50:06,687 -     0 /  2109 (000%):	 Total:0.5579640	 Acc:0.3750000	 lr:0.0005556	 Mean_Total:0.5579640
2021-11-27 10:50:38,784 -   421 /  2109 (019%):	 Total:0.5429229	 Acc:0.3437500	 lr:0.0005510	 Mean_Total:0.6891688
2021-11-27 10:51:11,055 -   842 /  2109 (039%):	 Total:0.9032593	 Acc:0.1562500	 lr:0.0005466	 Mean_Total:0.7241378
2021-11-27 10:51:44,770 -  1263 /  2109 (059%):	 Total:0.6333585	 Acc:0.2500000	 lr:0.0005422	 Mean_Total:0.7388811
2021-11-27 10:52:15,590 -  1684 /  2109 (079%):	 Total:0.7731543	 Acc:0.2187500	 lr:0.0005380	 Mean_Total:0.7786657
2021-11-27 10:52:47,819 -  2105 /  2109 (099%):	 Total:0.5937270	 Acc:0.1875000	 lr:0.0005338	 Mean_Total:0.8158222
2021-11-27 10:52:48,313 - ===============================| start validation |===============================
2021-11-27 10:52:58,581 - 	 Total:0.8007897	 Acc:0.2576122
2021-11-27 10:52:58,585 -    ini file updated    
2021-11-27 10:52:58,592 - Snapshot saved to /data/users/wergillius/UTR_VAE/pth/RL_gru_MTL/1_layer_model/human_k5-model_best_cv4.pth

2021-11-27 10:52:58,593 -    ini file updated    
2021-11-27 10:52:58,593 - ===============================|    epoch 13   |===============================
2021-11-27 10:52:59,302 -     0 /  2109 (000%):	 Total:0.4540483	 Acc:0.4062500	 lr:0.0005338	 Mean_Total:0.4540483
2021-11-27 10:53:31,325 -   421 /  2109 (019%):	 Total:1.4471843	 Acc:0.3125000	 lr:0.0005297	 Mean_Total:0.6815816
2021-11-27 10:54:02,727 -   842 /  2109 (039%):	 Total:0.6455252	 Acc:0.3750000	 lr:0.0005258	 Mean_Total:0.7094779
2021-11-27 10:54:34,820 -  1263 /  2109 (059%):	 Total:0.5661188	 Acc:0.2500000	 lr:0.0005219	 Mean_Total:0.7274889
2021-11-27 10:55:05,985 -  1684 /  2109 (079%):	 Total:0.5239055	 Acc:0.2187500	 lr:0.0005181	 Mean_Total:0.7646952
2021-11-27 10:55:38,104 -  2105 /  2109 (099%):	 Total:0.8513800	 Acc:0.3437500	 lr:0.0005144	 Mean_Total:0.8044217
2021-11-27 10:55:38,582 - ===============================| start validation |===============================
2021-11-27 10:55:48,339 - 	 Total:0.7804113	 Acc:0.2556090
2021-11-27 10:55:48,343 -    ini file updated    
2021-11-27 10:55:48,370 - Snapshot saved to /data/users/wergillius/UTR_VAE/pth/RL_gru_MTL/1_layer_model/human_k5-model_best_cv4.pth

2021-11-27 10:55:48,371 -    ini file updated    
2021-11-27 10:55:48,371 - ===============================|    epoch 14   |===============================
2021-11-27 10:55:49,144 -     0 /  2109 (000%):	 Total:0.7042139	 Acc:0.2812500	 lr:0.0005144	 Mean_Total:0.7042139
2021-11-27 10:56:21,290 -   421 /  2109 (019%):	 Total:0.6430217	 Acc:0.2187500	 lr:0.0005108	 Mean_Total:0.6582495
2021-11-27 10:56:54,604 -   842 /  2109 (039%):	 Total:0.5876874	 Acc:0.1875000	 lr:0.0005072	 Mean_Total:0.7055559
2021-11-27 10:57:25,762 -  1263 /  2109 (059%):	 Total:0.6110104	 Acc:0.3125000	 lr:0.0005037	 Mean_Total:0.7190882
2021-11-27 10:57:56,200 -  1684 /  2109 (079%):	 Total:1.7808759	 Acc:0.2187500	 lr:0.0005003	 Mean_Total:0.7583499
2021-11-27 10:58:29,145 -  2105 /  2109 (099%):	 Total:1.3795469	 Acc:0.1875000	 lr:0.0004970	 Mean_Total:0.7967853
2021-11-27 10:58:29,628 - ===============================| start validation |===============================
2021-11-27 10:58:39,892 - 	 Total:0.7686852	 Acc:0.2614850
2021-11-27 10:58:39,897 -    ini file updated    
2021-11-27 10:58:39,905 - Snapshot saved to /data/users/wergillius/UTR_VAE/pth/RL_gru_MTL/1_layer_model/human_k5-model_best_cv4.pth

2021-11-27 10:58:39,906 -    ini file updated    
2021-11-27 10:58:39,906 - ===============================|    epoch 15   |===============================
2021-11-27 10:58:41,035 -     0 /  2109 (000%):	 Total:0.4819887	 Acc:0.2812500	 lr:0.0004969	 Mean_Total:0.4819887
2021-11-27 10:59:12,857 -   421 /  2109 (019%):	 Total:0.5816139	 Acc:0.2812500	 lr:0.0004937	 Mean_Total:0.6500555
2021-11-27 10:59:45,831 -   842 /  2109 (039%):	 Total:0.6164710	 Acc:0.2187500	 lr:0.0004905	 Mean_Total:0.6910742
2021-11-27 11:00:18,606 -  1263 /  2109 (059%):	 Total:1.0175008	 Acc:0.2812500	 lr:0.0004873	 Mean_Total:0.7132775
2021-11-27 11:00:51,168 -  1684 /  2109 (079%):	 Total:0.8053285	 Acc:0.3125000	 lr:0.0004842	 Mean_Total:0.7529279
2021-11-27 11:01:22,454 -  2105 /  2109 (099%):	 Total:0.8390666	 Acc:0.2500000	 lr:0.0004812	 Mean_Total:0.7911977
2021-11-27 11:01:22,960 - ===============================| start validation |===============================
2021-11-27 11:01:33,359 - 	 Total:0.7665448	 Acc:0.2581464
2021-11-27 11:01:33,367 -    ini file updated    
2021-11-27 11:01:33,378 - Snapshot saved to /data/users/wergillius/UTR_VAE/pth/RL_gru_MTL/1_layer_model/human_k5-model_best_cv4.pth

2021-11-27 11:01:33,379 -    ini file updated    
2021-11-27 11:01:33,379 - ===============================|    epoch 16   |===============================
2021-11-27 11:01:34,169 -     0 /  2109 (000%):	 Total:0.5852174	 Acc:0.2187500	 lr:0.0004812	 Mean_Total:0.5852174
2021-11-27 11:02:05,503 -   421 /  2109 (019%):	 Total:0.5287994	 Acc:0.4062500	 lr:0.0004782	 Mean_Total:0.6412363
2021-11-27 11:02:37,390 -   842 /  2109 (039%):	 Total:0.5000476	 Acc:0.4375000	 lr:0.0004753	 Mean_Total:0.6865976
2021-11-27 11:03:08,587 -  1263 /  2109 (059%):	 Total:0.5243467	 Acc:0.2812500	 lr:0.0004724	 Mean_Total:0.7035363
2021-11-27 11:03:38,884 -  1684 /  2109 (079%):	 Total:0.8427474	 Acc:0.3125000	 lr:0.0004696	 Mean_Total:0.7433832
2021-11-27 11:04:11,672 -  2105 /  2109 (099%):	 Total:0.6116382	 Acc:0.2812500	 lr:0.0004668	 Mean_Total:0.7822323
2021-11-27 11:04:12,105 - ===============================| start validation |===============================
2021-11-27 11:04:22,457 - 	 Total:0.7548083	 Acc:0.2569444
2021-11-27 11:04:22,464 -    ini file updated    
2021-11-27 11:04:22,490 - Snapshot saved to /data/users/wergillius/UTR_VAE/pth/RL_gru_MTL/1_layer_model/human_k5-model_best_cv4.pth

2021-11-27 11:04:22,491 -    ini file updated    
2021-11-27 11:04:22,491 - ===============================|    epoch 17   |===============================
2021-11-27 11:04:23,388 -     0 /  2109 (000%):	 Total:0.8022022	 Acc:0.2187500	 lr:0.0004668	 Mean_Total:0.8022022
2021-11-27 11:04:54,060 -   421 /  2109 (019%):	 Total:0.9283121	 Acc:0.2187500	 lr:0.0004641	 Mean_Total:0.6339117
2021-11-27 11:05:25,766 -   842 /  2109 (039%):	 Total:0.3859448	 Acc:0.2812500	 lr:0.0004614	 Mean_Total:0.6813004
2021-11-27 11:05:57,690 -  1263 /  2109 (059%):	 Total:0.9084190	 Acc:0.2500000	 lr:0.0004588	 Mean_Total:0.6975874
2021-11-27 11:06:29,292 -  1684 /  2109 (079%):	 Total:0.6542358	 Acc:0.1875000	 lr:0.0004562	 Mean_Total:0.7380925
2021-11-27 11:07:02,093 -  2105 /  2109 (099%):	 Total:0.9530368	 Acc:0.3125000	 lr:0.0004537	 Mean_Total:0.7752800
2021-11-27 11:07:02,574 - ===============================| start validation |===============================
2021-11-27 11:07:12,688 - 	 Total:0.7484704	 Acc:0.2625534
2021-11-27 11:07:12,693 -    ini file updated    
2021-11-27 11:07:12,711 - Snapshot saved to /data/users/wergillius/UTR_VAE/pth/RL_gru_MTL/1_layer_model/human_k5-model_best_cv4.pth

2021-11-27 11:07:12,712 -    ini file updated    
2021-11-27 11:07:12,712 - ===============================|    epoch 18   |===============================
2021-11-27 11:07:13,586 -     0 /  2109 (000%):	 Total:0.2952165	 Acc:0.3437500	 lr:0.0004536	 Mean_Total:0.2952165
2021-11-27 11:07:44,975 -   421 /  2109 (019%):	 Total:0.4868596	 Acc:0.2187500	 lr:0.0004511	 Mean_Total:0.6371109
2021-11-27 11:08:18,432 -   842 /  2109 (039%):	 Total:0.5668275	 Acc:0.2500000	 lr:0.0004487	 Mean_Total:0.6737909
2021-11-27 11:08:52,526 -  1263 /  2109 (059%):	 Total:0.5900663	 Acc:0.2500000	 lr:0.0004463	 Mean_Total:0.6937066
2021-11-27 11:09:24,397 -  1684 /  2109 (079%):	 Total:1.4412675	 Acc:0.1562500	 lr:0.0004439	 Mean_Total:0.7350714
2021-11-27 11:09:57,014 -  2105 /  2109 (099%):	 Total:0.9339269	 Acc:0.2187500	 lr:0.0004416	 Mean_Total:0.7727564
2021-11-27 11:09:57,456 - ===============================| start validation |===============================
2021-11-27 11:10:07,883 - 	 Total:0.7445351	 Acc:0.2697650
2021-11-27 11:10:07,892 -    ini file updated    
2021-11-27 11:10:07,909 - Snapshot saved to /data/users/wergillius/UTR_VAE/pth/RL_gru_MTL/1_layer_model/human_k5-model_best_cv4.pth

2021-11-27 11:10:07,910 -    ini file updated    
2021-11-27 11:10:07,910 - ===============================|    epoch 19   |===============================
2021-11-27 11:10:08,812 -     0 /  2109 (000%):	 Total:0.1975218	 Acc:0.3750000	 lr:0.0004415	 Mean_Total:0.1975218
2021-11-27 11:10:42,537 -   421 /  2109 (019%):	 Total:0.4683675	 Acc:0.4687500	 lr:0.0004392	 Mean_Total:0.6286625
2021-11-27 11:11:15,131 -   842 /  2109 (039%):	 Total:0.6509552	 Acc:0.1562500	 lr:0.0004370	 Mean_Total:0.6712712
2021-11-27 11:11:47,195 -  1263 /  2109 (059%):	 Total:0.3723669	 Acc:0.1562500	 lr:0.0004347	 Mean_Total:0.6892516
2021-11-27 11:12:19,800 -  1684 /  2109 (079%):	 Total:0.5231253	 Acc:0.1562500	 lr:0.0004325	 Mean_Total:0.7299079
2021-11-27 11:12:51,924 -  2105 /  2109 (099%):	 Total:0.8521125	 Acc:0.2812500	 lr:0.0004304	 Mean_Total:0.7665627
2021-11-27 11:12:52,421 - ===============================| start validation |===============================
2021-11-27 11:13:02,589 - 	 Total:0.7405313	 Acc:0.2612179
2021-11-27 11:13:02,593 -    ini file updated    
2021-11-27 11:13:02,602 - Snapshot saved to /data/users/wergillius/UTR_VAE/pth/RL_gru_MTL/1_layer_model/human_k5-model_best_cv4.pth

2021-11-27 11:13:02,603 -    ini file updated    
2021-11-27 11:13:02,603 - ===============================|    epoch 20   |===============================
2021-11-27 11:13:03,348 -     0 /  2109 (000%):	 Total:0.4462456	 Acc:0.3750000	 lr:0.0004304	 Mean_Total:0.4462456
2021-11-27 11:13:36,006 -   421 /  2109 (019%):	 Total:0.6101874	 Acc:0.2500000	 lr:0.0004282	 Mean_Total:0.6168358
2021-11-27 11:14:08,693 -   842 /  2109 (039%):	 Total:0.7000198	 Acc:0.4375000	 lr:0.0004261	 Mean_Total:0.6560655
2021-11-27 11:14:40,280 -  1263 /  2109 (059%):	 Total:0.6844218	 Acc:0.2187500	 lr:0.0004241	 Mean_Total:0.6802884
2021-11-27 11:15:09,552 -  1684 /  2109 (079%):	 Total:1.3254972	 Acc:0.1875000	 lr:0.0004220	 Mean_Total:0.7196008
2021-11-27 11:15:39,547 -  2105 /  2109 (099%):	 Total:1.2579212	 Acc:0.3437500	 lr:0.0004200	 Mean_Total:0.7573633
2021-11-27 11:15:40,124 - ===============================| start validation |===============================
2021-11-27 11:15:49,212 - 	 Total:0.7434876	 Acc:0.2614850
2021-11-27 11:15:49,217 -    ini file updated    
2021-11-27 11:15:49,217 - ===============================|    epoch 21   |===============================
2021-11-27 11:15:50,145 -     0 /  2109 (000%):	 Total:0.4776450	 Acc:0.3750000	 lr:0.0004200	 Mean_Total:0.4776450
2021-11-27 11:16:22,038 -   421 /  2109 (019%):	 Total:1.0256323	 Acc:0.2187500	 lr:0.0004180	 Mean_Total:0.6166590
2021-11-27 11:16:54,343 -   842 /  2109 (039%):	 Total:0.4353379	 Acc:0.3125000	 lr:0.0004161	 Mean_Total:0.6541022
2021-11-27 11:17:27,129 -  1263 /  2109 (059%):	 Total:0.8989910	 Acc:0.1250000	 lr:0.0004141	 Mean_Total:0.6730200
2021-11-27 11:17:59,163 -  1684 /  2109 (079%):	 Total:0.9077267	 Acc:0.2187500	 lr:0.0004122	 Mean_Total:0.7165360
2021-11-27 11:18:32,359 -  2105 /  2109 (099%):	 Total:0.8436300	 Acc:0.1875000	 lr:0.0004104	 Mean_Total:0.7533809
2021-11-27 11:18:32,825 - ===============================| start validation |===============================
2021-11-27 11:18:43,376 - 	 Total:0.7410959	 Acc:0.2729701
2021-11-27 11:18:43,380 -    ini file updated    
2021-11-27 11:18:43,393 - Snapshot saved to /data/users/wergillius/UTR_VAE/pth/RL_gru_MTL/1_layer_model/human_k5-model_best_cv4.pth

2021-11-27 11:18:43,393 -    ini file updated    
2021-11-27 11:18:43,394 - ===============================|    epoch 22   |===============================
2021-11-27 11:18:44,099 -     0 /  2109 (000%):	 Total:0.5041609	 Acc:0.5000000	 lr:0.0004103	 Mean_Total:0.5041609
2021-11-27 11:19:16,959 -   421 /  2109 (019%):	 Total:0.3490566	 Acc:0.3437500	 lr:0.0004085	 Mean_Total:0.6103530
2021-11-27 11:19:49,356 -   842 /  2109 (039%):	 Total:0.1440663	 Acc:0.4375000	 lr:0.0004067	 Mean_Total:0.6485598
2021-11-27 11:20:22,160 -  1263 /  2109 (059%):	 Total:0.4805173	 Acc:0.1562500	 lr:0.0004049	 Mean_Total:0.6722060
2021-11-27 11:20:55,087 -  1684 /  2109 (079%):	 Total:0.5119616	 Acc:0.2812500	 lr:0.0004031	 Mean_Total:0.7096854
2021-11-27 11:21:26,860 -  2105 /  2109 (099%):	 Total:0.7854261	 Acc:0.1875000	 lr:0.0004013	 Mean_Total:0.7464484
2021-11-27 11:21:27,372 - ===============================| start validation |===============================
2021-11-27 11:21:37,064 - 	 Total:0.7332696	 Acc:0.2706998
2021-11-27 11:21:37,069 -    ini file updated    
2021-11-27 11:21:37,095 - Snapshot saved to /data/users/wergillius/UTR_VAE/pth/RL_gru_MTL/1_layer_model/human_k5-model_best_cv4.pth

2021-11-27 11:21:37,096 -    ini file updated    
2021-11-27 11:21:37,096 - ===============================|    epoch 23   |===============================
2021-11-27 11:21:38,126 -     0 /  2109 (000%):	 Total:0.6965148	 Acc:0.3125000	 lr:0.0004013	 Mean_Total:0.6965148
2021-11-27 11:22:10,784 -   421 /  2109 (019%):	 Total:0.5006852	 Acc:0.2500000	 lr:0.0003996	 Mean_Total:0.6045700
2021-11-27 11:22:44,272 -   842 /  2109 (039%):	 Total:0.6647769	 Acc:0.1875000	 lr:0.0003979	 Mean_Total:0.6478131
2021-11-27 11:23:16,494 -  1263 /  2109 (059%):	 Total:0.8191526	 Acc:0.0312500	 lr:0.0003962	 Mean_Total:0.6647188
2021-11-27 11:23:48,481 -  1684 /  2109 (079%):	 Total:1.0142328	 Acc:0.1250000	 lr:0.0003945	 Mean_Total:0.7045364
2021-11-27 11:24:18,850 -  2105 /  2109 (099%):	 Total:0.9026351	 Acc:0.3437500	 lr:0.0003929	 Mean_Total:0.7400744
2021-11-27 11:24:19,383 - ===============================| start validation |===============================
2021-11-27 11:24:28,531 - 	 Total:0.7265190	 Acc:0.2558761
2021-11-27 11:24:28,535 -    ini file updated    
2021-11-27 11:24:28,550 - Snapshot saved to /data/users/wergillius/UTR_VAE/pth/RL_gru_MTL/1_layer_model/human_k5-model_best_cv4.pth

2021-11-27 11:24:28,551 -    ini file updated    
2021-11-27 11:24:28,551 - ===============================|    epoch 24   |===============================
2021-11-27 11:24:29,271 -     0 /  2109 (000%):	 Total:0.8942459	 Acc:0.3437500	 lr:0.0003929	 Mean_Total:0.8942459
2021-11-27 11:25:01,834 -   421 /  2109 (019%):	 Total:0.6876101	 Acc:0.3437500	 lr:0.0003912	 Mean_Total:0.6063697
2021-11-27 11:25:33,836 -   842 /  2109 (039%):	 Total:0.7777917	 Acc:0.2187500	 lr:0.0003896	 Mean_Total:0.6410734
2021-11-27 11:26:05,190 -  1263 /  2109 (059%):	 Total:0.5576032	 Acc:0.1875000	 lr:0.0003881	 Mean_Total:0.6594993
2021-11-27 11:26:36,651 -  1684 /  2109 (079%):	 Total:0.6020440	 Acc:0.1562500	 lr:0.0003865	 Mean_Total:0.6988035
2021-11-27 11:27:06,572 -  2105 /  2109 (099%):	 Total:0.8524430	 Acc:0.3437500	 lr:0.0003849	 Mean_Total:0.7384833
2021-11-27 11:27:07,010 - ===============================| start validation |===============================
2021-11-27 11:27:16,933 - 	 Total:0.7247866	 Acc:0.2669605
2021-11-27 11:27:16,941 -    ini file updated    
2021-11-27 11:27:16,947 - Snapshot saved to /data/users/wergillius/UTR_VAE/pth/RL_gru_MTL/1_layer_model/human_k5-model_best_cv4.pth

2021-11-27 11:27:16,948 -    ini file updated    
2021-11-27 11:27:16,948 - ===============================|    epoch 25   |===============================
2021-11-27 11:27:17,910 -     0 /  2109 (000%):	 Total:0.8633804	 Acc:0.2812500	 lr:0.0003849	 Mean_Total:0.8633804
2021-11-27 11:27:49,799 -   421 /  2109 (019%):	 Total:0.4121917	 Acc:0.2812500	 lr:0.0003834	 Mean_Total:0.5984802
2021-11-27 11:28:22,497 -   842 /  2109 (039%):	 Total:0.5461472	 Acc:0.3750000	 lr:0.0003819	 Mean_Total:0.6333851
2021-11-27 11:28:54,224 -  1263 /  2109 (059%):	 Total:0.3849165	 Acc:0.1875000	 lr:0.0003804	 Mean_Total:0.6527656
2021-11-27 11:29:25,580 -  1684 /  2109 (079%):	 Total:1.0678275	 Acc:0.2500000	 lr:0.0003789	 Mean_Total:0.6915143
2021-11-27 11:29:55,951 -  2105 /  2109 (099%):	 Total:1.0053759	 Acc:0.2812500	 lr:0.0003775	 Mean_Total:0.7305572
2021-11-27 11:29:56,436 - ===============================| start validation |===============================
2021-11-27 11:30:06,495 - 	 Total:0.7228549	 Acc:0.2763088
2021-11-27 11:30:06,502 -    ini file updated    
2021-11-27 11:30:06,512 - Snapshot saved to /data/users/wergillius/UTR_VAE/pth/RL_gru_MTL/1_layer_model/human_k5-model_best_cv4.pth

2021-11-27 11:30:06,513 -    ini file updated    
2021-11-27 11:30:06,522 - ===============================|    epoch 26   |===============================
2021-11-27 11:30:07,373 -     0 /  2109 (000%):	 Total:0.5480404	 Acc:0.3437500	 lr:0.0003775	 Mean_Total:0.5480404
2021-11-27 11:30:39,855 -   421 /  2109 (019%):	 Total:0.4820475	 Acc:0.2187500	 lr:0.0003760	 Mean_Total:0.5900114
2021-11-27 11:31:10,650 -   842 /  2109 (039%):	 Total:0.5657372	 Acc:0.2812500	 lr:0.0003746	 Mean_Total:0.6285900
2021-11-27 11:31:40,150 -  1263 /  2109 (059%):	 Total:0.6624054	 Acc:0.2812500	 lr:0.0003732	 Mean_Total:0.6506168
2021-11-27 11:32:09,964 -  1684 /  2109 (079%):	 Total:0.8138102	 Acc:0.1562500	 lr:0.0003718	 Mean_Total:0.6908927
2021-11-27 11:32:41,844 -  2105 /  2109 (099%):	 Total:0.6318250	 Acc:0.2187500	 lr:0.0003704	 Mean_Total:0.7302690
2021-11-27 11:32:42,361 - ===============================| start validation |===============================
2021-11-27 11:32:52,916 - 	 Total:0.7220177	 Acc:0.2768429
2021-11-27 11:32:52,924 -    ini file updated    
2021-11-27 11:32:52,933 - Snapshot saved to /data/users/wergillius/UTR_VAE/pth/RL_gru_MTL/1_layer_model/human_k5-model_best_cv4.pth

2021-11-27 11:32:52,934 -    ini file updated    
2021-11-27 11:32:52,934 - ===============================|    epoch 27   |===============================
2021-11-27 11:32:53,827 -     0 /  2109 (000%):	 Total:0.6645010	 Acc:0.4687500	 lr:0.0003704	 Mean_Total:0.6645010
2021-11-27 11:33:26,423 -   421 /  2109 (019%):	 Total:0.3710943	 Acc:0.3750000	 lr:0.0003690	 Mean_Total:0.5896242
2021-11-27 11:34:00,296 -   842 /  2109 (039%):	 Total:0.3468919	 Acc:0.3437500	 lr:0.0003677	 Mean_Total:0.6263433
2021-11-27 11:34:33,000 -  1263 /  2109 (059%):	 Total:0.7631118	 Acc:0.1250000	 lr:0.0003664	 Mean_Total:0.6432151
2021-11-27 11:35:04,054 -  1684 /  2109 (079%):	 Total:2.0295558	 Acc:0.0937500	 lr:0.0003650	 Mean_Total:0.6849032
2021-11-27 11:35:34,093 -  2105 /  2109 (099%):	 Total:0.9461136	 Acc:0.3125000	 lr:0.0003637	 Mean_Total:0.7231415
2021-11-27 11:35:34,529 - ===============================| start validation |===============================
2021-11-27 11:35:43,886 - 	 Total:0.7215927	 Acc:0.2749733
2021-11-27 11:35:43,891 -    ini file updated    
2021-11-27 11:35:43,900 - Snapshot saved to /data/users/wergillius/UTR_VAE/pth/RL_gru_MTL/1_layer_model/human_k5-model_best_cv4.pth

2021-11-27 11:35:43,900 -    ini file updated    
2021-11-27 11:35:43,901 - ===============================|    epoch 28   |===============================
2021-11-27 11:35:44,859 -     0 /  2109 (000%):	 Total:0.7045090	 Acc:0.3125000	 lr:0.0003637	 Mean_Total:0.7045090
2021-11-27 11:36:14,185 -   421 /  2109 (019%):	 Total:0.6686507	 Acc:0.1562500	 lr:0.0003624	 Mean_Total:0.5757515
2021-11-27 11:36:46,359 -   842 /  2109 (039%):	 Total:0.5653583	 Acc:0.2500000	 lr:0.0003612	 Mean_Total:0.6187371
2021-11-27 11:37:17,274 -  1263 /  2109 (059%):	 Total:0.5513719	 Acc:0.0937500	 lr:0.0003599	 Mean_Total:0.6397822
2021-11-27 11:37:48,385 -  1684 /  2109 (079%):	 Total:0.6181065	 Acc:0.2812500	 lr:0.0003586	 Mean_Total:0.6803410
2021-11-27 11:38:19,321 -  2105 /  2109 (099%):	 Total:1.3722937	 Acc:0.2187500	 lr:0.0003574	 Mean_Total:0.7185052
2021-11-27 11:38:19,786 - ===============================| start validation |===============================
2021-11-27 11:38:29,662 - 	 Total:0.7129145	 Acc:0.2674947
2021-11-27 11:38:29,673 -    ini file updated    
2021-11-27 11:38:29,685 - Snapshot saved to /data/users/wergillius/UTR_VAE/pth/RL_gru_MTL/1_layer_model/human_k5-model_best_cv4.pth

2021-11-27 11:38:29,685 -    ini file updated    
2021-11-27 11:38:29,686 - ===============================|    epoch 29   |===============================
2021-11-27 11:38:30,873 -     0 /  2109 (000%):	 Total:0.8642418	 Acc:0.2812500	 lr:0.0003574	 Mean_Total:0.8642418
2021-11-27 11:39:02,345 -   421 /  2109 (019%):	 Total:1.1233059	 Acc:0.3125000	 lr:0.0003562	 Mean_Total:0.5831891
2021-11-27 11:39:34,613 -   842 /  2109 (039%):	 Total:1.0546302	 Acc:0.1875000	 lr:0.0003550	 Mean_Total:0.6228797
2021-11-27 11:40:05,470 -  1263 /  2109 (059%):	 Total:1.1309748	 Acc:0.1250000	 lr:0.0003538	 Mean_Total:0.6406526
2021-11-27 11:40:36,305 -  1684 /  2109 (079%):	 Total:0.4811795	 Acc:0.1875000	 lr:0.0003526	 Mean_Total:0.6819592
2021-11-27 11:41:05,315 -  2105 /  2109 (099%):	 Total:0.6299972	 Acc:0.2500000	 lr:0.0003514	 Mean_Total:0.7186865
2021-11-27 11:41:05,812 - ===============================| start validation |===============================
2021-11-27 11:41:14,892 - 	 Total:0.7100228	 Acc:0.2745726
2021-11-27 11:41:14,905 -    ini file updated    
2021-11-27 11:41:14,912 - Snapshot saved to /data/users/wergillius/UTR_VAE/pth/RL_gru_MTL/1_layer_model/human_k5-model_best_cv4.pth

2021-11-27 11:41:14,913 -    ini file updated    
2021-11-27 11:41:14,913 - ===============================|    epoch 30   |===============================
2021-11-27 11:41:15,746 -     0 /  2109 (000%):	 Total:0.9208129	 Acc:0.2187500	 lr:0.0003514	 Mean_Total:0.9208129
2021-11-27 11:41:51,891 -   421 /  2109 (019%):	 Total:0.5271826	 Acc:0.2500000	 lr:0.0003502	 Mean_Total:0.5839325
2021-11-27 11:42:25,272 -   842 /  2109 (039%):	 Total:0.4948112	 Acc:0.3125000	 lr:0.0003491	 Mean_Total:0.6174651
2021-11-27 11:42:56,027 -  1263 /  2109 (059%):	 Total:0.3061485	 Acc:0.3125000	 lr:0.0003479	 Mean_Total:0.6380808
2021-11-27 11:43:29,796 -  1684 /  2109 (079%):	 Total:1.0190383	 Acc:0.2500000	 lr:0.0003468	 Mean_Total:0.6778700
2021-11-27 11:44:00,067 -  2105 /  2109 (099%):	 Total:0.5992444	 Acc:0.3125000	 lr:0.0003457	 Mean_Total:0.7150306
2021-11-27 11:44:00,418 - ===============================| start validation |===============================
2021-11-27 11:44:09,976 - 	 Total:0.7133933	 Acc:0.2745726
2021-11-27 11:44:09,985 -    ini file updated    
2021-11-27 11:44:09,985 - ===============================|    epoch 31   |===============================
2021-11-27 11:44:10,851 -     0 /  2109 (000%):	 Total:0.4276821	 Acc:0.3750000	 lr:0.0003457	 Mean_Total:0.4276821
2021-11-27 11:44:40,923 -   421 /  2109 (019%):	 Total:0.9231267	 Acc:0.3437500	 lr:0.0003446	 Mean_Total:0.5670656
2021-11-27 11:45:10,756 -   842 /  2109 (039%):	 Total:0.8818699	 Acc:0.2500000	 lr:0.0003435	 Mean_Total:0.6072723
2021-11-27 11:45:40,864 -  1263 /  2109 (059%):	 Total:0.5397289	 Acc:0.3750000	 lr:0.0003424	 Mean_Total:0.6318641
2021-11-27 11:46:12,662 -  1684 /  2109 (079%):	 Total:1.1928711	 Acc:0.2812500	 lr:0.0003413	 Mean_Total:0.6708780
2021-11-27 11:46:42,906 -  2105 /  2109 (099%):	 Total:0.6699907	 Acc:0.2187500	 lr:0.0003402	 Mean_Total:0.7102632
2021-11-27 11:46:43,359 - ===============================| start validation |===============================
2021-11-27 11:46:52,734 - 	 Total:0.7061569	 Acc:0.2741720
2021-11-27 11:46:52,738 -    ini file updated    
2021-11-27 11:46:52,747 - Snapshot saved to /data/users/wergillius/UTR_VAE/pth/RL_gru_MTL/1_layer_model/human_k5-model_best_cv4.pth

2021-11-27 11:46:52,747 -    ini file updated    
2021-11-27 11:46:52,747 - ===============================|    epoch 32   |===============================
2021-11-27 11:46:53,716 -     0 /  2109 (000%):	 Total:0.3941972	 Acc:0.4062500	 lr:0.0003402	 Mean_Total:0.3941972
2021-11-27 11:47:26,418 -   421 /  2109 (019%):	 Total:0.6631997	 Acc:0.4062500	 lr:0.0003392	 Mean_Total:0.5673852
2021-11-27 11:47:58,591 -   842 /  2109 (039%):	 Total:0.5784376	 Acc:0.1250000	 lr:0.0003381	 Mean_Total:0.6078041
2021-11-27 11:48:27,874 -  1263 /  2109 (059%):	 Total:0.5046886	 Acc:0.2500000	 lr:0.0003371	 Mean_Total:0.6248602
2021-11-27 11:48:59,966 -  1684 /  2109 (079%):	 Total:0.8889882	 Acc:0.1562500	 lr:0.0003361	 Mean_Total:0.6686058
2021-11-27 11:49:30,728 -  2105 /  2109 (099%):	 Total:0.5477976	 Acc:0.3125000	 lr:0.0003350	 Mean_Total:0.7060534
2021-11-27 11:49:31,218 - ===============================| start validation |===============================
2021-11-27 11:49:40,592 - 	 Total:0.7106076	 Acc:0.2787126
2021-11-27 11:49:40,597 -    ini file updated    
2021-11-27 11:49:40,609 - Snapshot saved to /data/users/wergillius/UTR_VAE/pth/RL_gru_MTL/1_layer_model/human_k5-model_best_cv4.pth

2021-11-27 11:49:40,609 -    ini file updated    
2021-11-27 11:49:40,612 - ===============================|    epoch 33   |===============================
2021-11-27 11:49:41,532 -     0 /  2109 (000%):	 Total:0.4438163	 Acc:0.2500000	 lr:0.0003350	 Mean_Total:0.4438163
2021-11-27 11:50:11,527 -   421 /  2109 (019%):	 Total:1.7787580	 Acc:0.1250000	 lr:0.0003340	 Mean_Total:0.5639057
2021-11-27 11:50:42,512 -   842 /  2109 (039%):	 Total:0.5075652	 Acc:0.1562500	 lr:0.0003330	 Mean_Total:0.6062564
2021-11-27 11:51:13,615 -  1263 /  2109 (059%):	 Total:1.9187701	 Acc:0.2187500	 lr:0.0003320	 Mean_Total:0.6255815
2021-11-27 11:51:43,731 -  1684 /  2109 (079%):	 Total:0.6901637	 Acc:0.1562500	 lr:0.0003311	 Mean_Total:0.6685718
2021-11-27 11:52:14,449 -  2105 /  2109 (099%):	 Total:1.2205949	 Acc:0.2812500	 lr:0.0003301	 Mean_Total:0.7063725
2021-11-27 11:52:14,842 - ===============================| start validation |===============================
2021-11-27 11:52:23,883 - 	 Total:0.7022806	 Acc:0.2791132
2021-11-27 11:52:23,888 -    ini file updated    
2021-11-27 11:52:23,906 - Snapshot saved to /data/users/wergillius/UTR_VAE/pth/RL_gru_MTL/1_layer_model/human_k5-model_best_cv4.pth

2021-11-27 11:52:23,907 -    ini file updated    
2021-11-27 11:52:23,907 - ===============================|    epoch 34   |===============================
2021-11-27 11:52:24,884 -     0 /  2109 (000%):	 Total:0.4928502	 Acc:0.3437500	 lr:0.0003301	 Mean_Total:0.4928502
2021-11-27 11:52:57,152 -   421 /  2109 (019%):	 Total:0.7278622	 Acc:0.2812500	 lr:0.0003291	 Mean_Total:0.5672866
2021-11-27 11:53:29,709 -   842 /  2109 (039%):	 Total:0.2043705	 Acc:0.3437500	 lr:0.0003282	 Mean_Total:0.5990152
2021-11-27 11:54:02,690 -  1263 /  2109 (059%):	 Total:0.5715561	 Acc:0.3125000	 lr:0.0003272	 Mean_Total:0.6235413
2021-11-27 11:54:35,686 -  1684 /  2109 (079%):	 Total:0.9052341	 Acc:0.2500000	 lr:0.0003263	 Mean_Total:0.6637585
2021-11-27 11:55:05,558 -  2105 /  2109 (099%):	 Total:0.9356703	 Acc:0.2500000	 lr:0.0003253	 Mean_Total:0.7024351
2021-11-27 11:55:05,929 - ===============================| start validation |===============================
2021-11-27 11:55:16,551 - 	 Total:0.6994600	 Acc:0.2724359
2021-11-27 11:55:16,559 -    ini file updated    
2021-11-27 11:55:16,565 - Snapshot saved to /data/users/wergillius/UTR_VAE/pth/RL_gru_MTL/1_layer_model/human_k5-model_best_cv4.pth

2021-11-27 11:55:16,565 -    ini file updated    
2021-11-27 11:55:16,570 - ===============================|    epoch 35   |===============================
2021-11-27 11:55:17,338 -     0 /  2109 (000%):	 Total:0.4400305	 Acc:0.3750000	 lr:0.0003253	 Mean_Total:0.4400305
2021-11-27 11:55:53,373 -   421 /  2109 (019%):	 Total:0.8434227	 Acc:0.1875000	 lr:0.0003244	 Mean_Total:0.5633155
2021-11-27 11:56:25,873 -   842 /  2109 (039%):	 Total:0.4766563	 Acc:0.4062500	 lr:0.0003235	 Mean_Total:0.6024817
2021-11-27 11:56:59,826 -  1263 /  2109 (059%):	 Total:0.5924895	 Acc:0.2500000	 lr:0.0003226	 Mean_Total:0.6212601
2021-11-27 11:57:31,095 -  1684 /  2109 (079%):	 Total:1.1280315	 Acc:0.0625000	 lr:0.0003217	 Mean_Total:0.6617216
2021-11-27 11:58:03,439 -  2105 /  2109 (099%):	 Total:0.8915473	 Acc:0.3750000	 lr:0.0003208	 Mean_Total:0.7003433
2021-11-27 11:58:03,959 - ===============================| start validation |===============================
2021-11-27 11:58:13,058 - 	 Total:0.7033850	 Acc:0.2765759
2021-11-27 11:58:13,071 -    ini file updated    
2021-11-27 11:58:13,071 - ===============================|    epoch 36   |===============================
2021-11-27 11:58:14,121 -     0 /  2109 (000%):	 Total:0.1965882	 Acc:0.4375000	 lr:0.0003208	 Mean_Total:0.1965882
2021-11-27 11:58:44,901 -   421 /  2109 (019%):	 Total:0.9679186	 Acc:0.2187500	 lr:0.0003199	 Mean_Total:0.5662590
2021-11-27 11:59:17,667 -   842 /  2109 (039%):	 Total:0.2538444	 Acc:0.3437500	 lr:0.0003190	 Mean_Total:0.5990605
2021-11-27 11:59:50,806 -  1263 /  2109 (059%):	 Total:1.0211476	 Acc:0.2812500	 lr:0.0003181	 Mean_Total:0.6194467
2021-11-27 12:00:24,217 -  1684 /  2109 (079%):	 Total:0.7167587	 Acc:0.3437500	 lr:0.0003173	 Mean_Total:0.6611532
2021-11-27 12:00:57,581 -  2105 /  2109 (099%):	 Total:0.8722250	 Acc:0.3437500	 lr:0.0003164	 Mean_Total:0.6987023
2021-11-27 12:00:58,071 - ===============================| start validation |===============================
2021-11-27 12:01:08,779 - 	 Total:0.7038394	 Acc:0.2781784
2021-11-27 12:01:08,785 -    ini file updated    
2021-11-27 12:01:08,785 - ===============================|    epoch 37   |===============================
2021-11-27 12:01:09,814 -     0 /  2109 (000%):	 Total:0.7104228	 Acc:0.4062500	 lr:0.0003164	 Mean_Total:0.7104228
2021-11-27 12:01:40,320 -   421 /  2109 (019%):	 Total:0.3344681	 Acc:0.3437500	 lr:0.0003156	 Mean_Total:0.5523220
2021-11-27 12:02:13,918 -   842 /  2109 (039%):	 Total:0.5946496	 Acc:0.0937500	 lr:0.0003147	 Mean_Total:0.5947596
2021-11-27 12:02:46,129 -  1263 /  2109 (059%):	 Total:1.5188936	 Acc:0.1875000	 lr:0.0003139	 Mean_Total:0.6188911
2021-11-27 12:03:17,316 -  1684 /  2109 (079%):	 Total:0.5066525	 Acc:0.1875000	 lr:0.0003131	 Mean_Total:0.6583565
2021-11-27 12:03:49,716 -  2105 /  2109 (099%):	 Total:1.0144804	 Acc:0.2500000	 lr:0.0003122	 Mean_Total:0.6953660
2021-11-27 12:03:50,164 - ===============================| start validation |===============================
2021-11-27 12:03:59,343 - 	 Total:0.7069087	 Acc:0.2785791
2021-11-27 12:03:59,348 -    ini file updated    
2021-11-27 12:03:59,348 - ===============================|    epoch 38   |===============================
2021-11-27 12:04:00,176 -     0 /  2109 (000%):	 Total:0.7019472	 Acc:0.2500000	 lr:0.0003122	 Mean_Total:0.7019472
2021-11-27 12:04:31,970 -   421 /  2109 (019%):	 Total:0.9178253	 Acc:0.3437500	 lr:0.0003114	 Mean_Total:0.5552008
2021-11-27 12:05:04,090 -   842 /  2109 (039%):	 Total:0.4795134	 Acc:0.2500000	 lr:0.0003106	 Mean_Total:0.5956672
2021-11-27 12:05:34,751 -  1263 /  2109 (059%):	 Total:0.6667150	 Acc:0.1875000	 lr:0.0003098	 Mean_Total:0.6163979
2021-11-27 12:06:06,846 -  1684 /  2109 (079%):	 Total:0.5854750	 Acc:0.1875000	 lr:0.0003090	 Mean_Total:0.6553004
2021-11-27 12:06:40,612 -  2105 /  2109 (099%):	 Total:0.6997280	 Acc:0.3125000	 lr:0.0003082	 Mean_Total:0.6932649
2021-11-27 12:06:41,003 - ===============================| start validation |===============================
2021-11-27 12:06:51,328 - 	 Total:0.7012372	 Acc:0.2779113
2021-11-27 12:06:51,332 -    ini file updated    
2021-11-27 12:06:51,332 - ===============================|    epoch 39   |===============================
2021-11-27 12:06:52,254 -     0 /  2109 (000%):	 Total:0.2809008	 Acc:0.3437500	 lr:0.0003082	 Mean_Total:0.2809008
2021-11-27 12:07:23,753 -   421 /  2109 (019%):	 Total:0.6601748	 Acc:0.4687500	 lr:0.0003074	 Mean_Total:0.5484621
2021-11-27 12:07:55,347 -   842 /  2109 (039%):	 Total:0.6830643	 Acc:0.2500000	 lr:0.0003066	 Mean_Total:0.5928443
2021-11-27 12:08:28,462 -  1263 /  2109 (059%):	 Total:0.9197871	 Acc:0.1875000	 lr:0.0003059	 Mean_Total:0.6151829
2021-11-27 12:09:01,539 -  1684 /  2109 (079%):	 Total:1.0433536	 Acc:0.1875000	 lr:0.0003051	 Mean_Total:0.6542133
2021-11-27 12:09:34,824 -  2105 /  2109 (099%):	 Total:0.5700251	 Acc:0.3750000	 lr:0.0003043	 Mean_Total:0.6920408
2021-11-27 12:09:35,343 - ===============================| start validation |===============================
2021-11-27 12:09:45,567 - 	 Total:0.7111043	 Acc:0.2783120
2021-11-27 12:09:45,574 -    ini file updated    
2021-11-27 12:09:45,574 - ===============================|    epoch 40   |===============================
2021-11-27 12:09:46,448 -     0 /  2109 (000%):	 Total:0.6174182	 Acc:0.3125000	 lr:0.0003043	 Mean_Total:0.6174182
2021-11-27 12:10:17,944 -   421 /  2109 (019%):	 Total:0.4718343	 Acc:0.5312500	 lr:0.0003036	 Mean_Total:0.5511932
2021-11-27 12:10:51,978 -   842 /  2109 (039%):	 Total:0.6164401	 Acc:0.1875000	 lr:0.0003028	 Mean_Total:0.5943111
2021-11-27 12:11:25,542 -  1263 /  2109 (059%):	 Total:0.7733178	 Acc:0.1875000	 lr:0.0003021	 Mean_Total:0.6129264
2021-11-27 12:11:59,990 -  1684 /  2109 (079%):	 Total:0.9123439	 Acc:0.1250000	 lr:0.0003013	 Mean_Total:0.6525475
2021-11-27 12:12:32,677 -  2105 /  2109 (099%):	 Total:1.2619417	 Acc:0.3125000	 lr:0.0003006	 Mean_Total:0.6892695
2021-11-27 12:12:33,142 - ===============================| start validation |===============================
2021-11-27 12:12:43,495 - 	 Total:0.6973599	 Acc:0.2811165
2021-11-27 12:12:43,503 -    ini file updated    
2021-11-27 12:12:43,531 - Snapshot saved to /data/users/wergillius/UTR_VAE/pth/RL_gru_MTL/1_layer_model/human_k5-model_best_cv4.pth

2021-11-27 12:12:43,532 -    ini file updated    
2021-11-27 12:12:43,532 - ===============================|    epoch 41   |===============================
2021-11-27 12:12:44,392 -     0 /  2109 (000%):	 Total:0.2131371	 Acc:0.5625000	 lr:0.0003006	 Mean_Total:0.2131371
2021-11-27 12:13:15,633 -   421 /  2109 (019%):	 Total:0.7493448	 Acc:0.2812500	 lr:0.0002999	 Mean_Total:0.5457421
2021-11-27 12:13:49,105 -   842 /  2109 (039%):	 Total:0.9391549	 Acc:0.3125000	 lr:0.0002991	 Mean_Total:0.5839962
2021-11-27 12:14:21,190 -  1263 /  2109 (059%):	 Total:0.4224778	 Acc:0.2500000	 lr:0.0002984	 Mean_Total:0.6067023
2021-11-27 12:14:52,862 -  1684 /  2109 (079%):	 Total:0.4567875	 Acc:0.2187500	 lr:0.0002977	 Mean_Total:0.6487266
2021-11-27 12:15:24,870 -  2105 /  2109 (099%):	 Total:0.6965819	 Acc:0.2500000	 lr:0.0002970	 Mean_Total:0.6862735
2021-11-27 12:15:25,262 - ===============================| start validation |===============================
2021-11-27 12:15:34,751 - 	 Total:0.7245178	 Acc:0.2776442
2021-11-27 12:15:34,756 -    ini file updated    
2021-11-27 12:15:34,761 - ===============================|    epoch 42   |===============================
2021-11-27 12:15:35,669 -     0 /  2109 (000%):	 Total:0.1662706	 Acc:0.4375000	 lr:0.0002970	 Mean_Total:0.1662706
2021-11-27 12:16:07,234 -   421 /  2109 (019%):	 Total:0.6592925	 Acc:0.2812500	 lr:0.0002963	 Mean_Total:0.5404779
2021-11-27 12:16:38,756 -   842 /  2109 (039%):	 Total:0.8494660	 Acc:0.2500000	 lr:0.0002956	 Mean_Total:0.5872650
2021-11-27 12:17:08,324 -  1263 /  2109 (059%):	 Total:0.5194252	 Acc:0.1875000	 lr:0.0002949	 Mean_Total:0.6070244
2021-11-27 12:17:38,523 -  1684 /  2109 (079%):	 Total:0.9812211	 Acc:0.1250000	 lr:0.0002942	 Mean_Total:0.6514068
2021-11-27 12:18:11,414 -  2105 /  2109 (099%):	 Total:0.7011742	 Acc:0.2812500	 lr:0.0002935	 Mean_Total:0.6873082
2021-11-27 12:18:11,790 - ===============================| start validation |===============================
2021-11-27 12:18:21,604 - 	 Total:0.6897730	 Acc:0.2800481
2021-11-27 12:18:21,609 -    ini file updated    
2021-11-27 12:18:21,624 - Snapshot saved to /data/users/wergillius/UTR_VAE/pth/RL_gru_MTL/1_layer_model/human_k5-model_best_cv4.pth

2021-11-27 12:18:21,625 -    ini file updated    
2021-11-27 12:18:21,625 - ===============================|    epoch 43   |===============================
2021-11-27 12:18:22,331 -     0 /  2109 (000%):	 Total:0.3392205	 Acc:0.4062500	 lr:0.0002935	 Mean_Total:0.3392205
2021-11-27 12:18:53,321 -   421 /  2109 (019%):	 Total:0.7724960	 Acc:0.2812500	 lr:0.0002928	 Mean_Total:0.5425226
2021-11-27 12:19:24,734 -   842 /  2109 (039%):	 Total:0.2798011	 Acc:0.2187500	 lr:0.0002922	 Mean_Total:0.5822082
2021-11-27 12:19:55,220 -  1263 /  2109 (059%):	 Total:0.9557036	 Acc:0.2500000	 lr:0.0002915	 Mean_Total:0.6059932
2021-11-27 12:20:27,395 -  1684 /  2109 (079%):	 Total:2.1944699	 Acc:0.2187500	 lr:0.0002908	 Mean_Total:0.6482955
2021-11-27 12:20:58,307 -  2105 /  2109 (099%):	 Total:0.8802066	 Acc:0.3437500	 lr:0.0002902	 Mean_Total:0.6854617
2021-11-27 12:20:58,721 - ===============================| start validation |===============================
2021-11-27 12:21:09,058 - 	 Total:0.7051732	 Acc:0.2799145
2021-11-27 12:21:09,064 -    ini file updated    
2021-11-27 12:21:09,064 - ===============================|    epoch 44   |===============================
2021-11-27 12:21:09,869 -     0 /  2109 (000%):	 Total:0.3493858	 Acc:0.4687500	 lr:0.0002902	 Mean_Total:0.3493858
2021-11-27 12:21:40,539 -   421 /  2109 (019%):	 Total:0.2710487	 Acc:0.3750000	 lr:0.0002895	 Mean_Total:0.5401375
2021-11-27 12:22:14,369 -   842 /  2109 (039%):	 Total:0.1762356	 Acc:0.3437500	 lr:0.0002888	 Mean_Total:0.5848644
2021-11-27 12:22:48,270 -  1263 /  2109 (059%):	 Total:0.6696677	 Acc:0.3437500	 lr:0.0002882	 Mean_Total:0.6060113
2021-11-27 12:23:22,134 -  1684 /  2109 (079%):	 Total:0.6223185	 Acc:0.3125000	 lr:0.0002876	 Mean_Total:0.6460339
2021-11-27 12:23:52,951 -  2105 /  2109 (099%):	 Total:0.7526004	 Acc:0.2812500	 lr:0.0002869	 Mean_Total:0.6827547
2021-11-27 12:23:53,424 - ===============================| start validation |===============================
2021-11-27 12:24:03,734 - 	 Total:0.7030333	 Acc:0.2815171
2021-11-27 12:24:03,743 -    ini file updated    
2021-11-27 12:24:03,749 - Snapshot saved to /data/users/wergillius/UTR_VAE/pth/RL_gru_MTL/1_layer_model/human_k5-model_best_cv4.pth

2021-11-27 12:24:03,749 -    ini file updated    
2021-11-27 12:24:03,750 - ===============================|    epoch 45   |===============================
2021-11-27 12:24:04,494 -     0 /  2109 (000%):	 Total:0.2819079	 Acc:0.4062500	 lr:0.0002869	 Mean_Total:0.2819079
2021-11-27 12:24:34,048 -   421 /  2109 (019%):	 Total:0.5935225	 Acc:0.2812500	 lr:0.0002863	 Mean_Total:0.5385179
2021-11-27 12:25:07,022 -   842 /  2109 (039%):	 Total:0.7556728	 Acc:0.2812500	 lr:0.0002856	 Mean_Total:0.5778944
2021-11-27 12:25:39,984 -  1263 /  2109 (059%):	 Total:0.3530824	 Acc:0.3125000	 lr:0.0002850	 Mean_Total:0.6023814
2021-11-27 12:26:11,940 -  1684 /  2109 (079%):	 Total:0.4631849	 Acc:0.2500000	 lr:0.0002844	 Mean_Total:0.6424803
2021-11-27 12:26:44,357 -  2105 /  2109 (099%):	 Total:0.9426038	 Acc:0.2812500	 lr:0.0002838	 Mean_Total:0.6790752
2021-11-27 12:26:44,753 - ===============================| start validation |===============================
2021-11-27 12:26:54,640 - 	 Total:0.7016621	 Acc:0.2813835
2021-11-27 12:26:54,644 -    ini file updated    
2021-11-27 12:26:54,645 - ===============================|    epoch 46   |===============================
2021-11-27 12:26:55,400 -     0 /  2109 (000%):	 Total:0.5934633	 Acc:0.4062500	 lr:0.0002838	 Mean_Total:0.5934633
2021-11-27 12:27:25,812 -   421 /  2109 (019%):	 Total:0.2341627	 Acc:0.3437500	 lr:0.0002832	 Mean_Total:0.5381288
2021-11-27 12:27:56,660 -   842 /  2109 (039%):	 Total:0.3063926	 Acc:0.2500000	 lr:0.0002826	 Mean_Total:0.5779768
2021-11-27 12:28:26,998 -  1263 /  2109 (059%):	 Total:0.2806863	 Acc:0.1875000	 lr:0.0002819	 Mean_Total:0.6011277
2021-11-27 12:29:00,021 -  1684 /  2109 (079%):	 Total:1.2223773	 Acc:0.3125000	 lr:0.0002813	 Mean_Total:0.6427952
2021-11-27 12:29:32,138 -  2105 /  2109 (099%):	 Total:1.1181378	 Acc:0.2500000	 lr:0.0002807	 Mean_Total:0.6797898
2021-11-27 12:29:32,623 - ===============================| start validation |===============================
2021-11-27 12:29:42,512 - 	 Total:0.6978945	 Acc:0.2833868
2021-11-27 12:29:42,516 -    ini file updated    
2021-11-27 12:29:42,528 - Snapshot saved to /data/users/wergillius/UTR_VAE/pth/RL_gru_MTL/1_layer_model/human_k5-model_best_cv4.pth

2021-11-27 12:29:42,529 -    ini file updated    
2021-11-27 12:29:42,529 - ===============================|    epoch 47   |===============================
2021-11-27 12:29:43,317 -     0 /  2109 (000%):	 Total:0.3846145	 Acc:0.4375000	 lr:0.0002807	 Mean_Total:0.3846145
2021-11-27 12:30:15,396 -   421 /  2109 (019%):	 Total:0.5663024	 Acc:0.2812500	 lr:0.0002801	 Mean_Total:0.5381508
2021-11-27 12:30:47,619 -   842 /  2109 (039%):	 Total:0.4370243	 Acc:0.3750000	 lr:0.0002796	 Mean_Total:0.5850010
2021-11-27 12:31:20,428 -  1263 /  2109 (059%):	 Total:0.2741560	 Acc:0.4687500	 lr:0.0002790	 Mean_Total:0.6020161
2021-11-27 12:31:53,614 -  1684 /  2109 (079%):	 Total:0.5762166	 Acc:0.2187500	 lr:0.0002784	 Mean_Total:0.6441868
2021-11-27 12:32:26,744 -  2105 /  2109 (099%):	 Total:1.0412908	 Acc:0.2500000	 lr:0.0002778	 Mean_Total:0.6817607
2021-11-27 12:32:27,209 - ===============================| start validation |===============================
2021-11-27 12:32:37,033 - 	 Total:0.6920373	 Acc:0.2816506
2021-11-27 12:32:37,038 -    ini file updated    
2021-11-27 12:32:37,038 - ===============================|    epoch 48   |===============================
2021-11-27 12:32:37,953 -     0 /  2109 (000%):	 Total:0.1457308	 Acc:0.4687500	 lr:0.0002778	 Mean_Total:0.1457308
2021-11-27 12:33:07,753 -   421 /  2109 (019%):	 Total:0.6075297	 Acc:0.2812500	 lr:0.0002772	 Mean_Total:0.5424079
2021-11-27 12:33:37,386 -   842 /  2109 (039%):	 Total:0.3857575	 Acc:0.1875000	 lr:0.0002767	 Mean_Total:0.5753220
2021-11-27 12:34:05,491 -  1263 /  2109 (059%):	 Total:0.8343676	 Acc:0.3437500	 lr:0.0002761	 Mean_Total:0.5979413
2021-11-27 12:34:36,313 -  1684 /  2109 (079%):	 Total:1.5228105	 Acc:0.1875000	 lr:0.0002755	 Mean_Total:0.6369114
2021-11-27 12:35:06,450 -  2105 /  2109 (099%):	 Total:0.6688397	 Acc:0.1875000	 lr:0.0002750	 Mean_Total:0.6748883
2021-11-27 12:35:06,878 - ===============================| start validation |===============================
2021-11-27 12:35:16,504 - 	 Total:0.6907738	 Acc:0.2815171
2021-11-27 12:35:16,510 -    ini file updated    
2021-11-27 12:35:16,510 - ===============================|    epoch 49   |===============================
2021-11-27 12:35:17,344 -     0 /  2109 (000%):	 Total:0.2512515	 Acc:0.5625000	 lr:0.0002750	 Mean_Total:0.2512515
2021-11-27 12:35:48,274 -   421 /  2109 (019%):	 Total:0.6251923	 Acc:0.4687500	 lr:0.0002744	 Mean_Total:0.5390861
2021-11-27 12:36:19,917 -   842 /  2109 (039%):	 Total:0.7688463	 Acc:0.2812500	 lr:0.0002738	 Mean_Total:0.5725864
2021-11-27 12:36:50,624 -  1263 /  2109 (059%):	 Total:0.7553572	 Acc:0.2187500	 lr:0.0002733	 Mean_Total:0.5938579
2021-11-27 12:37:22,098 -  1684 /  2109 (079%):	 Total:0.7611887	 Acc:0.1875000	 lr:0.0002727	 Mean_Total:0.6363801
2021-11-27 12:37:51,913 -  2105 /  2109 (099%):	 Total:0.7726024	 Acc:0.2500000	 lr:0.0002722	 Mean_Total:0.6732995
2021-11-27 12:37:52,361 - ===============================| start validation |===============================
2021-11-27 12:38:01,896 - 	 Total:0.6871546	 Acc:0.2829861
2021-11-27 12:38:01,904 -    ini file updated    
2021-11-27 12:38:01,911 - Snapshot saved to /data/users/wergillius/UTR_VAE/pth/RL_gru_MTL/1_layer_model/human_k5-model_best_cv4.pth

2021-11-27 12:38:01,911 -    ini file updated    
2021-11-27 12:38:01,912 - ===============================|    epoch 50   |===============================
2021-11-27 12:38:02,737 -     0 /  2109 (000%):	 Total:0.2245396	 Acc:0.3750000	 lr:0.0002722	 Mean_Total:0.2245396
2021-11-27 12:38:33,385 -   421 /  2109 (019%):	 Total:0.3245055	 Acc:0.3437500	 lr:0.0002716	 Mean_Total:0.5224322
2021-11-27 12:39:01,754 -   842 /  2109 (039%):	 Total:1.1642170	 Acc:0.2812500	 lr:0.0002711	 Mean_Total:0.5673993
2021-11-27 12:39:33,481 -  1263 /  2109 (059%):	 Total:0.8138525	 Acc:0.3437500	 lr:0.0002706	 Mean_Total:0.5925473
2021-11-27 12:40:04,332 -  1684 /  2109 (079%):	 Total:1.0269098	 Acc:0.1875000	 lr:0.0002700	 Mean_Total:0.6349019
2021-11-27 12:40:35,712 -  2105 /  2109 (099%):	 Total:0.5550976	 Acc:0.3750000	 lr:0.0002695	 Mean_Total:0.6712257
2021-11-27 12:40:36,146 - ===============================| start validation |===============================
2021-11-27 12:40:45,606 - 	 Total:0.6841005	 Acc:0.2807158
2021-11-27 12:40:45,610 -    ini file updated    
2021-11-27 12:40:45,623 - Snapshot saved to /data/users/wergillius/UTR_VAE/pth/RL_gru_MTL/1_layer_model/human_k5-model_best_cv4.pth

2021-11-27 12:40:45,624 -    ini file updated    
2021-11-27 12:40:45,624 - ===============================|    epoch 51   |===============================
2021-11-27 12:40:46,545 -     0 /  2109 (000%):	 Total:0.3926780	 Acc:0.3437500	 lr:0.0002695	 Mean_Total:0.3926780
2021-11-27 12:41:19,202 -   421 /  2109 (019%):	 Total:0.2823014	 Acc:0.5312500	 lr:0.0002690	 Mean_Total:0.5329823
2021-11-27 12:41:55,610 -   842 /  2109 (039%):	 Total:0.2368492	 Acc:0.3125000	 lr:0.0002685	 Mean_Total:0.5717381
2021-11-27 12:42:31,212 -  1263 /  2109 (059%):	 Total:0.4646630	 Acc:0.3125000	 lr:0.0002679	 Mean_Total:0.5951313
2021-11-27 12:43:04,896 -  1684 /  2109 (079%):	 Total:0.6078305	 Acc:0.2812500	 lr:0.0002674	 Mean_Total:0.6336672
2021-11-27 12:43:36,776 -  2105 /  2109 (099%):	 Total:1.1248186	 Acc:0.1875000	 lr:0.0002669	 Mean_Total:0.6702412
2021-11-27 12:43:37,292 - ===============================| start validation |===============================
2021-11-27 12:43:46,934 - 	 Total:0.6814006	 Acc:0.2835203
2021-11-27 12:43:46,941 -    ini file updated    
2021-11-27 12:43:46,949 - Snapshot saved to /data/users/wergillius/UTR_VAE/pth/RL_gru_MTL/1_layer_model/human_k5-model_best_cv4.pth

2021-11-27 12:43:46,949 -    ini file updated    
2021-11-27 12:43:46,950 - ===============================|    epoch 52   |===============================
2021-11-27 12:43:47,772 -     0 /  2109 (000%):	 Total:0.4073540	 Acc:0.3750000	 lr:0.0002669	 Mean_Total:0.4073540
2021-11-27 12:44:21,433 -   421 /  2109 (019%):	 Total:1.4921988	 Acc:0.2187500	 lr:0.0002664	 Mean_Total:0.5363151
2021-11-27 12:44:52,557 -   842 /  2109 (039%):	 Total:0.2465497	 Acc:0.2187500	 lr:0.0002659	 Mean_Total:0.5773487
2021-11-27 12:45:24,652 -  1263 /  2109 (059%):	 Total:0.4364727	 Acc:0.1875000	 lr:0.0002654	 Mean_Total:0.5990914
2021-11-27 12:45:54,723 -  1684 /  2109 (079%):	 Total:1.2334437	 Acc:0.2187500	 lr:0.0002649	 Mean_Total:0.6413194
2021-11-27 12:46:26,060 -  2105 /  2109 (099%):	 Total:0.8259239	 Acc:0.3437500	 lr:0.0002644	 Mean_Total:0.6759908
2021-11-27 12:46:26,447 - ===============================| start validation |===============================
2021-11-27 12:46:35,922 - 	 Total:0.6808727	 Acc:0.2845887
2021-11-27 12:46:35,930 -    ini file updated    
2021-11-27 12:46:35,943 - Snapshot saved to /data/users/wergillius/UTR_VAE/pth/RL_gru_MTL/1_layer_model/human_k5-model_best_cv4.pth

2021-11-27 12:46:35,944 -    ini file updated    
2021-11-27 12:46:35,944 - ===============================|    epoch 53   |===============================
2021-11-27 12:46:36,748 -     0 /  2109 (000%):	 Total:0.6047334	 Acc:0.3750000	 lr:0.0002644	 Mean_Total:0.6047334
2021-11-27 12:47:10,554 -   421 /  2109 (019%):	 Total:0.6666351	 Acc:0.2812500	 lr:0.0002639	 Mean_Total:0.5250948
2021-11-27 12:47:40,828 -   842 /  2109 (039%):	 Total:0.6190895	 Acc:0.3125000	 lr:0.0002634	 Mean_Total:0.5701212
2021-11-27 12:48:12,825 -  1263 /  2109 (059%):	 Total:0.7023932	 Acc:0.1562500	 lr:0.0002629	 Mean_Total:0.5904248
2021-11-27 12:48:44,472 -  1684 /  2109 (079%):	 Total:0.8708111	 Acc:0.3437500	 lr:0.0002624	 Mean_Total:0.6360417
2021-11-27 12:49:14,626 -  2105 /  2109 (099%):	 Total:0.8665609	 Acc:0.3125000	 lr:0.0002619	 Mean_Total:0.6709288
2021-11-27 12:49:15,117 - ===============================| start validation |===============================
2021-11-27 12:49:25,056 - 	 Total:0.6788089	 Acc:0.2744391
2021-11-27 12:49:25,060 -    ini file updated    
2021-11-27 12:49:25,070 - Snapshot saved to /data/users/wergillius/UTR_VAE/pth/RL_gru_MTL/1_layer_model/human_k5-model_best_cv4.pth

2021-11-27 12:49:25,071 -    ini file updated    
2021-11-27 12:49:25,071 - ===============================|    epoch 54   |===============================
2021-11-27 12:49:25,875 -     0 /  2109 (000%):	 Total:0.4030791	 Acc:0.3125000	 lr:0.0002619	 Mean_Total:0.4030791
2021-11-27 12:49:57,365 -   421 /  2109 (019%):	 Total:0.5171285	 Acc:0.4062500	 lr:0.0002614	 Mean_Total:0.5384402
2021-11-27 12:50:28,789 -   842 /  2109 (039%):	 Total:0.5650482	 Acc:0.2812500	 lr:0.0002610	 Mean_Total:0.5711003
2021-11-27 12:51:02,184 -  1263 /  2109 (059%):	 Total:0.5084571	 Acc:0.2187500	 lr:0.0002605	 Mean_Total:0.5908633
2021-11-27 12:51:33,103 -  1684 /  2109 (079%):	 Total:0.8159524	 Acc:0.1562500	 lr:0.0002600	 Mean_Total:0.6332726
2021-11-27 12:52:06,148 -  2105 /  2109 (099%):	 Total:0.9766133	 Acc:0.2500000	 lr:0.0002595	 Mean_Total:0.6701527
2021-11-27 12:52:06,663 - ===============================| start validation |===============================
2021-11-27 12:52:17,088 - 	 Total:0.6767101	 Acc:0.2825855
2021-11-27 12:52:17,092 -    ini file updated    
2021-11-27 12:52:17,102 - Snapshot saved to /data/users/wergillius/UTR_VAE/pth/RL_gru_MTL/1_layer_model/human_k5-model_best_cv4.pth

2021-11-27 12:52:17,103 -    ini file updated    
2021-11-27 12:52:17,103 - ===============================|    epoch 55   |===============================
2021-11-27 12:52:17,944 -     0 /  2109 (000%):	 Total:0.1070261	 Acc:0.3750000	 lr:0.0002595	 Mean_Total:0.1070261
2021-11-27 12:52:46,809 -   421 /  2109 (019%):	 Total:0.6038879	 Acc:0.3437500	 lr:0.0002591	 Mean_Total:0.5261635
2021-11-27 12:53:18,131 -   842 /  2109 (039%):	 Total:0.3965973	 Acc:0.1875000	 lr:0.0002586	 Mean_Total:0.5668313
2021-11-27 12:53:49,601 -  1263 /  2109 (059%):	 Total:0.8928913	 Acc:0.1562500	 lr:0.0002581	 Mean_Total:0.5901215
2021-11-27 12:54:20,664 -  1684 /  2109 (079%):	 Total:0.7847407	 Acc:0.2187500	 lr:0.0002577	 Mean_Total:0.6309073
2021-11-27 12:54:52,137 -  2105 /  2109 (099%):	 Total:0.9310222	 Acc:0.2500000	 lr:0.0002572	 Mean_Total:0.6656957
2021-11-27 12:54:52,623 - ===============================| start validation |===============================
2021-11-27 12:55:02,011 - 	 Total:0.6750147	 Acc:0.2799145
2021-11-27 12:55:02,015 -    ini file updated    
2021-11-27 12:55:02,022 - Snapshot saved to /data/users/wergillius/UTR_VAE/pth/RL_gru_MTL/1_layer_model/human_k5-model_best_cv4.pth

2021-11-27 12:55:02,023 -    ini file updated    
2021-11-27 12:55:02,023 - ===============================|    epoch 56   |===============================
2021-11-27 12:55:02,839 -     0 /  2109 (000%):	 Total:0.3343319	 Acc:0.4062500	 lr:0.0002572	 Mean_Total:0.3343319
2021-11-27 12:55:34,925 -   421 /  2109 (019%):	 Total:0.3519569	 Acc:0.2812500	 lr:0.0002567	 Mean_Total:0.5275758
2021-11-27 12:56:05,250 -   842 /  2109 (039%):	 Total:0.8268385	 Acc:0.2500000	 lr:0.0002563	 Mean_Total:0.5649498
2021-11-27 12:56:36,979 -  1263 /  2109 (059%):	 Total:0.5723185	 Acc:0.2500000	 lr:0.0002558	 Mean_Total:0.5889673
2021-11-27 12:57:08,764 -  1684 /  2109 (079%):	 Total:0.7061017	 Acc:0.2500000	 lr:0.0002554	 Mean_Total:0.6296078
2021-11-27 12:57:40,119 -  2105 /  2109 (099%):	 Total:0.5316639	 Acc:0.2500000	 lr:0.0002549	 Mean_Total:0.6653490
2021-11-27 12:57:40,589 - ===============================| start validation |===============================
2021-11-27 12:57:50,338 - 	 Total:0.6818346	 Acc:0.2848558
2021-11-27 12:57:50,342 -    ini file updated    
2021-11-27 12:57:50,349 - Snapshot saved to /data/users/wergillius/UTR_VAE/pth/RL_gru_MTL/1_layer_model/human_k5-model_best_cv4.pth

2021-11-27 12:57:50,349 -    ini file updated    
2021-11-27 12:57:50,350 - ===============================|    epoch 57   |===============================
2021-11-27 12:57:51,687 -     0 /  2109 (000%):	 Total:0.5404040	 Acc:0.3437500	 lr:0.0002549	 Mean_Total:0.5404040
2021-11-27 12:58:23,337 -   421 /  2109 (019%):	 Total:1.4348553	 Acc:0.2500000	 lr:0.0002545	 Mean_Total:0.5239034
2021-11-27 12:58:54,472 -   842 /  2109 (039%):	 Total:0.9916915	 Acc:0.3750000	 lr:0.0002540	 Mean_Total:0.5661922
2021-11-27 12:59:25,638 -  1263 /  2109 (059%):	 Total:0.9830017	 Acc:0.1250000	 lr:0.0002536	 Mean_Total:0.5869548
2021-11-27 12:59:54,395 -  1684 /  2109 (079%):	 Total:0.6517437	 Acc:0.1250000	 lr:0.0002532	 Mean_Total:0.6301188
2021-11-27 13:00:25,695 -  2105 /  2109 (099%):	 Total:0.8344151	 Acc:0.2812500	 lr:0.0002527	 Mean_Total:0.6647093
2021-11-27 13:00:26,076 - ===============================| start validation |===============================
2021-11-27 13:00:36,131 - 	 Total:0.6809999	 Acc:0.2813835
2021-11-27 13:00:36,136 -    ini file updated    
2021-11-27 13:00:36,136 - ===============================|    epoch 58   |===============================
2021-11-27 13:00:37,054 -     0 /  2109 (000%):	 Total:0.3393633	 Acc:0.3750000	 lr:0.0002527	 Mean_Total:0.3393633
2021-11-27 13:01:06,949 -   421 /  2109 (019%):	 Total:0.2729982	 Acc:0.2812500	 lr:0.0002523	 Mean_Total:0.5213559
2021-11-27 13:01:37,615 -   842 /  2109 (039%):	 Total:0.3816628	 Acc:0.3125000	 lr:0.0002519	 Mean_Total:0.5607811
2021-11-27 13:02:09,341 -  1263 /  2109 (059%):	 Total:0.5453879	 Acc:0.2187500	 lr:0.0002514	 Mean_Total:0.5862709
2021-11-27 13:02:40,522 -  1684 /  2109 (079%):	 Total:0.8564112	 Acc:0.1875000	 lr:0.0002510	 Mean_Total:0.6290701
2021-11-27 13:03:12,513 -  2105 /  2109 (099%):	 Total:1.2058697	 Acc:0.2812500	 lr:0.0002506	 Mean_Total:0.6634751
2021-11-27 13:03:12,751 - ===============================| start validation |===============================
2021-11-27 13:03:22,545 - 	 Total:0.6807994	 Acc:0.2807158
2021-11-27 13:03:22,549 -    ini file updated    
2021-11-27 13:03:22,549 - ===============================|    epoch 59   |===============================
2021-11-27 13:03:23,403 -     0 /  2109 (000%):	 Total:0.5865875	 Acc:0.4062500	 lr:0.0002506	 Mean_Total:0.5865875
2021-11-27 13:03:57,021 -   421 /  2109 (019%):	 Total:0.7662023	 Acc:0.4062500	 lr:0.0002501	 Mean_Total:0.5205107
2021-11-27 13:04:29,042 -   842 /  2109 (039%):	 Total:0.6856945	 Acc:0.2812500	 lr:0.0002497	 Mean_Total:0.5586762
2021-11-27 13:04:59,555 -  1263 /  2109 (059%):	 Total:0.9876704	 Acc:0.1250000	 lr:0.0002493	 Mean_Total:0.5830921
2021-11-27 13:05:32,097 -  1684 /  2109 (079%):	 Total:0.5511396	 Acc:0.2187500	 lr:0.0002489	 Mean_Total:0.6254622
2021-11-27 13:06:02,582 -  2105 /  2109 (099%):	 Total:0.8816297	 Acc:0.3125000	 lr:0.0002485	 Mean_Total:0.6591400
2021-11-27 13:06:03,090 - ===============================| start validation |===============================
2021-11-27 13:06:12,432 - 	 Total:0.6689667	 Acc:0.2789797
2021-11-27 13:06:12,436 -    ini file updated    
2021-11-27 13:06:12,444 - Snapshot saved to /data/users/wergillius/UTR_VAE/pth/RL_gru_MTL/1_layer_model/human_k5-model_best_cv4.pth

2021-11-27 13:06:12,445 -    ini file updated    
2021-11-27 13:06:12,445 - ===============================|    epoch 60   |===============================
2021-11-27 13:06:13,183 -     0 /  2109 (000%):	 Total:0.4005935	 Acc:0.4062500	 lr:0.0002485	 Mean_Total:0.4005935
2021-11-27 13:06:40,500 -   421 /  2109 (019%):	 Total:0.6517268	 Acc:0.3125000	 lr:0.0002481	 Mean_Total:0.5158437
2021-11-27 13:07:02,823 -   842 /  2109 (039%):	 Total:0.7698914	 Acc:0.1562500	 lr:0.0002477	 Mean_Total:0.5578837
2021-11-27 13:07:19,885 -  1263 /  2109 (059%):	 Total:0.8689231	 Acc:0.2812500	 lr:0.0002472	 Mean_Total:0.5809437
2021-11-27 13:07:34,539 -  1684 /  2109 (079%):	 Total:0.4760784	 Acc:0.4062500	 lr:0.0002468	 Mean_Total:0.6231455
2021-11-27 13:07:50,646 -  2105 /  2109 (099%):	 Total:0.6072164	 Acc:0.1562500	 lr:0.0002464	 Mean_Total:0.6586267
2021-11-27 13:07:51,023 - ===============================| start validation |===============================
2021-11-27 13:07:56,481 - 	 Total:0.6919384	 Acc:0.2824519
2021-11-27 13:07:56,487 -    ini file updated    
