2021-11-25 22:00:30,445 -   	 	 ==============<<< device used: cuda:2  >>>============== 	 	 
2021-11-25 22:00:38,628 - ===============================|    epoch 0   |===============================
2021-11-25 22:00:39,591 -     0 /  7312 (000%):	 Total:40.3582649	 Acc:0.0000000	 lr:0.0009882	 Mean_Total:40.3582649
2021-11-25 22:01:24,142 -  1462 /  7312 (019%):	 Total:0.7737552	 Acc:0.3437500	 lr:0.0023109	 Mean_Total:1.7880352
2021-11-25 22:02:07,786 -  2924 /  7312 (039%):	 Total:1.3420713	 Acc:0.3437500	 lr:0.0016343	 Mean_Total:1.4987503
2021-11-25 22:02:53,760 -  4386 /  7312 (059%):	 Total:0.6806143	 Acc:0.3125000	 lr:0.0013345	 Mean_Total:1.3929563
2021-11-25 22:03:57,545 -  5848 /  7312 (079%):	 Total:1.1470026	 Acc:0.2187500	 lr:0.0011557	 Mean_Total:1.3497247
2021-11-25 22:05:04,300 -  7310 /  7312 (099%):	 Total:1.4235280	 Acc:0.1875000	 lr:0.0010337	 Mean_Total:1.3403982
2021-11-25 22:05:04,701 - ===============================| start validation |===============================
2021-11-25 22:05:24,170 - 	 Total:1.1970405	 Acc:0.2256004
2021-11-25 22:05:24,177 -    ini file updated    
2021-11-25 22:05:24,185 - Snapshot saved to /data/users/wergillius/UTR_VAE/pth/RL_gru_MTL/1_layer_model/unmod1_k5-model_best_cv0.pth

2021-11-25 22:05:24,186 -    ini file updated    
2021-11-25 22:05:24,186 - ===============================|    epoch 1   |===============================
2021-11-25 22:05:25,085 -     0 /  7312 (000%):	 Total:2.2357011	 Acc:0.1562500	 lr:0.0010336	 Mean_Total:2.2357011
2021-11-25 22:06:37,318 -  1462 /  7312 (019%):	 Total:1.3712566	 Acc:0.2187500	 lr:0.0009436	 Mean_Total:1.2199859
2021-11-25 22:07:51,640 -  2924 /  7312 (039%):	 Total:1.6211410	 Acc:0.1875000	 lr:0.0008736	 Mean_Total:1.1738312
2021-11-25 22:09:01,935 -  4386 /  7312 (059%):	 Total:0.8264471	 Acc:0.3750000	 lr:0.0008172	 Mean_Total:1.1529687
2021-11-25 22:10:13,656 -  5848 /  7312 (079%):	 Total:1.4218776	 Acc:0.1562500	 lr:0.0007705	 Mean_Total:1.1542551
2021-11-25 22:11:28,349 -  7310 /  7312 (099%):	 Total:1.3152244	 Acc:0.3750000	 lr:0.0007309	 Mean_Total:1.1727745
2021-11-25 22:11:28,750 - ===============================| start validation |===============================
2021-11-25 22:11:47,042 - 	 Total:1.1527978	 Acc:0.2324892
2021-11-25 22:11:47,053 -    ini file updated    
2021-11-25 22:11:47,067 - Snapshot saved to /data/users/wergillius/UTR_VAE/pth/RL_gru_MTL/1_layer_model/unmod1_k5-model_best_cv0.pth

2021-11-25 22:11:47,068 -    ini file updated    
2021-11-25 22:11:47,068 - ===============================|    epoch 2   |===============================
2021-11-25 22:11:48,252 -     0 /  7312 (000%):	 Total:0.7299224	 Acc:0.3437500	 lr:0.0007309	 Mean_Total:0.7299224
2021-11-25 22:12:59,576 -  1462 /  7312 (019%):	 Total:1.2565681	 Acc:0.1562500	 lr:0.0006969	 Mean_Total:1.1549820
2021-11-25 22:14:13,001 -  2924 /  7312 (039%):	 Total:0.5348049	 Acc:0.4062500	 lr:0.0006672	 Mean_Total:1.1104096
2021-11-25 22:15:20,136 -  4386 /  7312 (059%):	 Total:1.1216668	 Acc:0.2812500	 lr:0.0006411	 Mean_Total:1.0938698
2021-11-25 22:16:28,946 -  5848 /  7312 (079%):	 Total:1.2704083	 Acc:0.2187500	 lr:0.0006177	 Mean_Total:1.0989320
2021-11-25 22:17:42,135 -  7310 /  7312 (099%):	 Total:1.0059147	 Acc:0.2812500	 lr:0.0005968	 Mean_Total:1.1187366
2021-11-25 22:17:42,617 - ===============================| start validation |===============================
2021-11-25 22:18:03,004 - 	 Total:1.0879300	 Acc:0.2630850
2021-11-25 22:18:03,013 -    ini file updated    
2021-11-25 22:18:03,025 - Snapshot saved to /data/users/wergillius/UTR_VAE/pth/RL_gru_MTL/1_layer_model/unmod1_k5-model_best_cv0.pth

2021-11-25 22:18:03,026 -    ini file updated    
2021-11-25 22:18:03,027 - ===============================|    epoch 3   |===============================
2021-11-25 22:18:04,283 -     0 /  7312 (000%):	 Total:1.4844575	 Acc:0.2812500	 lr:0.0005968	 Mean_Total:1.4844575
2021-11-25 22:19:16,095 -  1462 /  7312 (019%):	 Total:1.1193999	 Acc:0.3750000	 lr:0.0005778	 Mean_Total:1.0982803
2021-11-25 22:20:27,579 -  2924 /  7312 (039%):	 Total:0.4695132	 Acc:0.3750000	 lr:0.0005606	 Mean_Total:1.0569608
2021-11-25 22:21:35,641 -  4386 /  7312 (059%):	 Total:0.8239418	 Acc:0.2187500	 lr:0.0005448	 Mean_Total:1.0447328
2021-11-25 22:22:45,444 -  5848 /  7312 (079%):	 Total:0.4834562	 Acc:0.3125000	 lr:0.0005303	 Mean_Total:1.0519598
2021-11-25 22:23:58,960 -  7310 /  7312 (099%):	 Total:1.1567750	 Acc:0.3125000	 lr:0.0005168	 Mean_Total:1.0751961
2021-11-25 22:23:59,363 - ===============================| start validation |===============================
2021-11-25 22:24:18,891 - 	 Total:1.0674268	 Acc:0.2591595
2021-11-25 22:24:18,901 -    ini file updated    
2021-11-25 22:24:18,917 - Snapshot saved to /data/users/wergillius/UTR_VAE/pth/RL_gru_MTL/1_layer_model/unmod1_k5-model_best_cv0.pth

2021-11-25 22:24:18,933 -    ini file updated    
2021-11-25 22:24:18,933 - ===============================|    epoch 4   |===============================
2021-11-25 22:24:20,319 -     0 /  7312 (000%):	 Total:0.8671167	 Acc:0.2812500	 lr:0.0005168	 Mean_Total:0.8671167
2021-11-25 22:25:39,983 -  1462 /  7312 (019%):	 Total:0.7349280	 Acc:0.3750000	 lr:0.0005044	 Mean_Total:1.0707260
2021-11-25 22:26:55,154 -  2924 /  7312 (039%):	 Total:1.4965439	 Acc:0.1250000	 lr:0.0004928	 Mean_Total:1.0361309
2021-11-25 22:28:01,751 -  4386 /  7312 (059%):	 Total:1.7949758	 Acc:0.2187500	 lr:0.0004819	 Mean_Total:1.0240366
2021-11-25 22:29:10,969 -  5848 /  7312 (079%):	 Total:0.7955114	 Acc:0.3750000	 lr:0.0004718	 Mean_Total:1.0345216
2021-11-25 22:30:24,581 -  7310 /  7312 (099%):	 Total:0.9009027	 Acc:0.3125000	 lr:0.0004623	 Mean_Total:1.0584973
2021-11-25 22:30:24,947 - ===============================| start validation |===============================
2021-11-25 22:30:43,786 - 	 Total:1.0582113	 Acc:0.2657020
2021-11-25 22:30:43,794 -    ini file updated    
2021-11-25 22:30:43,810 - Snapshot saved to /data/users/wergillius/UTR_VAE/pth/RL_gru_MTL/1_layer_model/unmod1_k5-model_best_cv0.pth

2021-11-25 22:30:43,812 -    ini file updated    
2021-11-25 22:30:43,812 - ===============================|    epoch 5   |===============================
2021-11-25 22:30:45,067 -     0 /  7312 (000%):	 Total:1.4484495	 Acc:0.2500000	 lr:0.0004623	 Mean_Total:1.4484495
2021-11-25 22:31:57,407 -  1462 /  7312 (019%):	 Total:0.7854422	 Acc:0.3750000	 lr:0.0004533	 Mean_Total:1.0575226
2021-11-25 22:33:10,338 -  2924 /  7312 (039%):	 Total:0.8578162	 Acc:0.3125000	 lr:0.0004448	 Mean_Total:1.0218581
2021-11-25 22:34:18,663 -  4386 /  7312 (059%):	 Total:1.0758587	 Acc:0.1875000	 lr:0.0004368	 Mean_Total:1.0131975
2021-11-25 22:35:21,666 -  5848 /  7312 (079%):	 Total:0.4705419	 Acc:0.2812500	 lr:0.0004292	 Mean_Total:1.0218253
2021-11-25 22:36:33,074 -  7310 /  7312 (099%):	 Total:0.8820794	 Acc:0.3125000	 lr:0.0004220	 Mean_Total:1.0469753
2021-11-25 22:36:33,558 - ===============================| start validation |===============================
2021-11-25 22:36:52,829 - 	 Total:1.0496086	 Acc:0.2645089
2021-11-25 22:36:52,835 -    ini file updated    
2021-11-25 22:36:52,845 - Snapshot saved to /data/users/wergillius/UTR_VAE/pth/RL_gru_MTL/1_layer_model/unmod1_k5-model_best_cv0.pth

2021-11-25 22:36:52,846 -    ini file updated    
2021-11-25 22:36:52,847 - ===============================|    epoch 6   |===============================
2021-11-25 22:36:54,073 -     0 /  7312 (000%):	 Total:1.1394318	 Acc:0.2187500	 lr:0.0004220	 Mean_Total:1.1394318
2021-11-25 22:38:06,187 -  1462 /  7312 (019%):	 Total:1.0170879	 Acc:0.1562500	 lr:0.0004151	 Mean_Total:1.0527964
2021-11-25 22:39:18,081 -  2924 /  7312 (039%):	 Total:1.0328411	 Acc:0.2187500	 lr:0.0004086	 Mean_Total:1.0162439
2021-11-25 22:40:28,504 -  4386 /  7312 (059%):	 Total:1.6903640	 Acc:0.1250000	 lr:0.0004024	 Mean_Total:1.0059787
2021-11-25 22:41:42,134 -  5848 /  7312 (079%):	 Total:0.7783784	 Acc:0.1875000	 lr:0.0003964	 Mean_Total:1.0154486
2021-11-25 22:42:55,573 -  7310 /  7312 (099%):	 Total:1.0641713	 Acc:0.2500000	 lr:0.0003907	 Mean_Total:1.0402339
2021-11-25 22:42:55,863 - ===============================| start validation |===============================
2021-11-25 22:43:14,756 - 	 Total:1.0398817	 Acc:0.2647783
2021-11-25 22:43:14,764 -    ini file updated    
2021-11-25 22:43:14,774 - Snapshot saved to /data/users/wergillius/UTR_VAE/pth/RL_gru_MTL/1_layer_model/unmod1_k5-model_best_cv0.pth

2021-11-25 22:43:14,775 -    ini file updated    
2021-11-25 22:43:14,776 - ===============================|    epoch 7   |===============================
2021-11-25 22:43:16,069 -     0 /  7312 (000%):	 Total:1.1289802	 Acc:0.3125000	 lr:0.0003907	 Mean_Total:1.1289802
2021-11-25 22:44:28,410 -  1462 /  7312 (019%):	 Total:1.2052883	 Acc:0.2812500	 lr:0.0003852	 Mean_Total:1.0401113
2021-11-25 22:45:40,931 -  2924 /  7312 (039%):	 Total:0.6278623	 Acc:0.2812500	 lr:0.0003800	 Mean_Total:1.0066075
2021-11-25 22:46:48,595 -  4386 /  7312 (059%):	 Total:1.2418158	 Acc:0.2500000	 lr:0.0003749	 Mean_Total:0.9979258
2021-11-25 22:47:55,371 -  5848 /  7312 (079%):	 Total:0.9989528	 Acc:0.2187500	 lr:0.0003701	 Mean_Total:1.0074448
2021-11-25 22:49:07,740 -  7310 /  7312 (099%):	 Total:1.0120002	 Acc:0.2812500	 lr:0.0003655	 Mean_Total:1.0321266
2021-11-25 22:49:08,154 - ===============================| start validation |===============================
2021-11-25 22:49:26,555 - 	 Total:1.0343140	 Acc:0.2722445
2021-11-25 22:49:26,561 -    ini file updated    
2021-11-25 22:49:26,568 - Snapshot saved to /data/users/wergillius/UTR_VAE/pth/RL_gru_MTL/1_layer_model/unmod1_k5-model_best_cv0.pth

2021-11-25 22:49:26,571 -    ini file updated    
2021-11-25 22:49:26,571 - ===============================|    epoch 8   |===============================
2021-11-25 22:49:27,767 -     0 /  7312 (000%):	 Total:2.0489690	 Acc:0.3125000	 lr:0.0003655	 Mean_Total:2.0489690
2021-11-25 22:50:35,452 -  1462 /  7312 (019%):	 Total:0.4687244	 Acc:0.4062500	 lr:0.0003610	 Mean_Total:1.0304179
2021-11-25 22:51:46,363 -  2924 /  7312 (039%):	 Total:0.8494596	 Acc:0.2500000	 lr:0.0003566	 Mean_Total:0.9959208
2021-11-25 22:52:53,652 -  4386 /  7312 (059%):	 Total:0.9556847	 Acc:0.3125000	 lr:0.0003525	 Mean_Total:0.9551839
2021-11-25 22:54:03,666 -  5848 /  7312 (079%):	 Total:0.8701137	 Acc:0.2812500	 lr:0.0003484	 Mean_Total:0.8908526
2021-11-25 22:55:16,516 -  7310 /  7312 (099%):	 Total:0.4355708	 Acc:0.1875000	 lr:0.0003446	 Mean_Total:0.8600375
2021-11-25 22:55:16,923 - ===============================| start validation |===============================
2021-11-25 22:55:36,097 - 	 Total:0.5756919	 Acc:0.2918719
2021-11-25 22:55:36,108 -    ini file updated    
2021-11-25 22:55:36,123 - Snapshot saved to /data/users/wergillius/UTR_VAE/pth/RL_gru_MTL/1_layer_model/unmod1_k5-model_best_cv0.pth

2021-11-25 22:55:36,126 -    ini file updated    
2021-11-25 22:55:36,126 - ===============================|    epoch 9   |===============================
2021-11-25 22:55:37,441 -     0 /  7312 (000%):	 Total:0.6942655	 Acc:0.1562500	 lr:0.0003446	 Mean_Total:0.6942655
2021-11-25 22:56:52,373 -  1462 /  7312 (019%):	 Total:0.4065665	 Acc:0.2187500	 lr:0.0003408	 Mean_Total:0.5166847
2021-11-25 22:58:04,429 -  2924 /  7312 (039%):	 Total:0.3372178	 Acc:0.2500000	 lr:0.0003371	 Mean_Total:0.4938399
2021-11-25 22:59:13,441 -  4386 /  7312 (059%):	 Total:0.4645425	 Acc:0.4062500	 lr:0.0003336	 Mean_Total:0.4902524
2021-11-25 23:00:22,162 -  5848 /  7312 (079%):	 Total:0.2792450	 Acc:0.2500000	 lr:0.0003302	 Mean_Total:0.5001740
2021-11-25 23:01:33,713 -  7310 /  7312 (099%):	 Total:0.2979749	 Acc:0.1875000	 lr:0.0003269	 Mean_Total:0.5214250
2021-11-25 23:01:34,014 - ===============================| start validation |===============================
2021-11-25 23:01:51,376 - 	 Total:0.4345534	 Acc:0.3114224
2021-11-25 23:01:51,383 -    ini file updated    
2021-11-25 23:01:51,393 - Snapshot saved to /data/users/wergillius/UTR_VAE/pth/RL_gru_MTL/1_layer_model/unmod1_k5-model_best_cv0.pth

2021-11-25 23:01:51,394 -    ini file updated    
2021-11-25 23:01:51,394 - ===============================|    epoch 10   |===============================
2021-11-25 23:01:52,335 -     0 /  7312 (000%):	 Total:0.2071515	 Acc:0.4375000	 lr:0.0003269	 Mean_Total:0.2071515
2021-11-25 23:03:04,024 -  1462 /  7312 (019%):	 Total:0.3992900	 Acc:0.3125000	 lr:0.0003236	 Mean_Total:0.3840664
2021-11-25 23:04:15,181 -  2924 /  7312 (039%):	 Total:0.4109591	 Acc:0.3437500	 lr:0.0003205	 Mean_Total:0.3756631
2021-11-25 23:05:22,280 -  4386 /  7312 (059%):	 Total:0.1313165	 Acc:0.4062500	 lr:0.0003175	 Mean_Total:0.3826962
2021-11-25 23:06:24,935 -  5848 /  7312 (079%):	 Total:0.3906361	 Acc:0.4375000	 lr:0.0003145	 Mean_Total:0.4072377
2021-11-25 23:07:40,444 -  7310 /  7312 (099%):	 Total:0.2651406	 Acc:0.1875000	 lr:0.0003117	 Mean_Total:0.4342919
2021-11-25 23:07:40,839 - ===============================| start validation |===============================
2021-11-25 23:07:59,170 - 	 Total:0.3815129	 Acc:0.3403633
2021-11-25 23:07:59,182 -    ini file updated    
2021-11-25 23:07:59,196 - Snapshot saved to /data/users/wergillius/UTR_VAE/pth/RL_gru_MTL/1_layer_model/unmod1_k5-model_best_cv0.pth

2021-11-25 23:07:59,198 -    ini file updated    
2021-11-25 23:07:59,199 - ===============================|    epoch 11   |===============================
2021-11-25 23:08:00,617 -     0 /  7312 (000%):	 Total:0.3572744	 Acc:0.3750000	 lr:0.0003117	 Mean_Total:0.3572744
2021-11-25 23:09:14,677 -  1462 /  7312 (019%):	 Total:0.2465102	 Acc:0.3437500	 lr:0.0003089	 Mean_Total:0.3323747
2021-11-25 23:10:28,106 -  2924 /  7312 (039%):	 Total:0.2586881	 Acc:0.2500000	 lr:0.0003061	 Mean_Total:0.3349152
2021-11-25 23:11:35,952 -  4386 /  7312 (059%):	 Total:0.2007079	 Acc:0.4062500	 lr:0.0003035	 Mean_Total:0.3460941
2021-11-25 23:12:44,460 -  5848 /  7312 (079%):	 Total:0.4611423	 Acc:0.3750000	 lr:0.0003009	 Mean_Total:0.3690164
2021-11-25 23:13:56,621 -  7310 /  7312 (099%):	 Total:0.3246664	 Acc:0.2812500	 lr:0.0002984	 Mean_Total:0.4000207
2021-11-25 23:13:57,049 - ===============================| start validation |===============================
2021-11-25 23:14:15,780 - 	 Total:0.3678303	 Acc:0.3349754
2021-11-25 23:14:15,786 -    ini file updated    
2021-11-25 23:14:15,795 - Snapshot saved to /data/users/wergillius/UTR_VAE/pth/RL_gru_MTL/1_layer_model/unmod1_k5-model_best_cv0.pth

2021-11-25 23:14:15,797 -    ini file updated    
2021-11-25 23:14:15,797 - ===============================|    epoch 12   |===============================
2021-11-25 23:14:17,197 -     0 /  7312 (000%):	 Total:0.2504776	 Acc:0.2812500	 lr:0.0002984	 Mean_Total:0.2504776
2021-11-25 23:15:29,224 -  1462 /  7312 (019%):	 Total:0.3424622	 Acc:0.2812500	 lr:0.0002959	 Mean_Total:0.3136719
2021-11-25 23:16:41,840 -  2924 /  7312 (039%):	 Total:0.2350393	 Acc:0.4375000	 lr:0.0002935	 Mean_Total:0.3160843
2021-11-25 23:17:48,747 -  4386 /  7312 (059%):	 Total:0.4659504	 Acc:0.3125000	 lr:0.0002912	 Mean_Total:0.3281563
2021-11-25 23:18:57,025 -  5848 /  7312 (079%):	 Total:0.2916358	 Acc:0.2812500	 lr:0.0002889	 Mean_Total:0.3515719
2021-11-25 23:20:05,945 -  7310 /  7312 (099%):	 Total:0.3985065	 Acc:0.2812500	 lr:0.0002867	 Mean_Total:0.3826698
2021-11-25 23:20:06,257 - ===============================| start validation |===============================
2021-11-25 23:20:23,505 - 	 Total:0.3488025	 Acc:0.3505619
2021-11-25 23:20:23,510 -    ini file updated    
2021-11-25 23:20:23,517 - Snapshot saved to /data/users/wergillius/UTR_VAE/pth/RL_gru_MTL/1_layer_model/unmod1_k5-model_best_cv0.pth

2021-11-25 23:20:23,518 -    ini file updated    
2021-11-25 23:20:23,519 - ===============================|    epoch 13   |===============================
2021-11-25 23:20:24,750 -     0 /  7312 (000%):	 Total:0.8679962	 Acc:0.2812500	 lr:0.0002867	 Mean_Total:0.8679962
2021-11-25 23:21:31,629 -  1462 /  7312 (019%):	 Total:0.1815789	 Acc:0.5000000	 lr:0.0002845	 Mean_Total:0.2965187
2021-11-25 23:22:41,471 -  2924 /  7312 (039%):	 Total:0.2632831	 Acc:0.5000000	 lr:0.0002824	 Mean_Total:0.3019581
2021-11-25 23:23:48,721 -  4386 /  7312 (059%):	 Total:0.8011789	 Acc:0.3750000	 lr:0.0002803	 Mean_Total:0.3159961
2021-11-25 23:24:58,137 -  5848 /  7312 (079%):	 Total:0.4611773	 Acc:0.2500000	 lr:0.0002783	 Mean_Total:0.3412035
2021-11-25 23:26:08,477 -  7310 /  7312 (099%):	 Total:0.1978681	 Acc:0.2812500	 lr:0.0002763	 Mean_Total:0.3728949
2021-11-25 23:26:08,778 - ===============================| start validation |===============================
2021-11-25 23:26:26,731 - 	 Total:0.3513002	 Acc:0.3587592
2021-11-25 23:26:26,737 -    ini file updated    
2021-11-25 23:26:26,748 - Snapshot saved to /data/users/wergillius/UTR_VAE/pth/RL_gru_MTL/1_layer_model/unmod1_k5-model_best_cv0.pth

2021-11-25 23:26:26,749 -    ini file updated    
2021-11-25 23:26:26,749 - ===============================|    epoch 14   |===============================
2021-11-25 23:26:28,174 -     0 /  7312 (000%):	 Total:0.2465834	 Acc:0.3437500	 lr:0.0002763	 Mean_Total:0.2465834
2021-11-25 23:27:40,174 -  1462 /  7312 (019%):	 Total:0.1383059	 Acc:0.3125000	 lr:0.0002743	 Mean_Total:0.2912090
2021-11-25 23:28:53,817 -  2924 /  7312 (039%):	 Total:0.8485249	 Acc:0.3125000	 lr:0.0002724	 Mean_Total:0.2969968
2021-11-25 23:30:00,601 -  4386 /  7312 (059%):	 Total:0.2451403	 Acc:0.2812500	 lr:0.0002705	 Mean_Total:0.3096079
2021-11-25 23:31:07,777 -  5848 /  7312 (079%):	 Total:0.3791154	 Acc:0.3125000	 lr:0.0002687	 Mean_Total:0.3344641
2021-11-25 23:32:20,081 -  7310 /  7312 (099%):	 Total:0.7521201	 Acc:0.2500000	 lr:0.0002669	 Mean_Total:0.3665721
2021-11-25 23:32:20,496 - ===============================| start validation |===============================
2021-11-25 23:32:39,268 - 	 Total:0.3384011	 Acc:0.3574123
2021-11-25 23:32:39,279 -    ini file updated    
2021-11-25 23:32:39,298 - Snapshot saved to /data/users/wergillius/UTR_VAE/pth/RL_gru_MTL/1_layer_model/unmod1_k5-model_best_cv0.pth

2021-11-25 23:32:39,300 -    ini file updated    
2021-11-25 23:32:39,301 - ===============================|    epoch 15   |===============================
2021-11-25 23:32:40,706 -     0 /  7312 (000%):	 Total:0.4647753	 Acc:0.3437500	 lr:0.0002669	 Mean_Total:0.4647753
2021-11-25 23:33:52,596 -  1462 /  7312 (019%):	 Total:0.1966165	 Acc:0.4062500	 lr:0.0002651	 Mean_Total:0.2879251
2021-11-25 23:35:01,898 -  2924 /  7312 (039%):	 Total:0.1787815	 Acc:0.4062500	 lr:0.0002634	 Mean_Total:0.2988188
2021-11-25 23:36:07,483 -  4386 /  7312 (059%):	 Total:0.5089014	 Acc:0.3750000	 lr:0.0002617	 Mean_Total:0.3084930
2021-11-25 23:37:07,440 -  5848 /  7312 (079%):	 Total:1.0078813	 Acc:0.2500000	 lr:0.0002600	 Mean_Total:0.3325414
2021-11-25 23:38:16,587 -  7310 /  7312 (099%):	 Total:0.2275033	 Acc:0.2812500	 lr:0.0002584	 Mean_Total:0.3634275
2021-11-25 23:38:16,885 - ===============================| start validation |===============================
2021-11-25 23:38:35,319 - 	 Total:0.3353144	 Acc:0.3562192
2021-11-25 23:38:35,333 -    ini file updated    
2021-11-25 23:38:35,349 - Snapshot saved to /data/users/wergillius/UTR_VAE/pth/RL_gru_MTL/1_layer_model/unmod1_k5-model_best_cv0.pth

2021-11-25 23:38:35,351 -    ini file updated    
2021-11-25 23:38:35,352 - ===============================|    epoch 16   |===============================
2021-11-25 23:38:36,786 -     0 /  7312 (000%):	 Total:0.2937472	 Acc:0.3750000	 lr:0.0002584	 Mean_Total:0.2937472
2021-11-25 23:39:50,359 -  1462 /  7312 (019%):	 Total:0.3100324	 Acc:0.3125000	 lr:0.0002568	 Mean_Total:0.2812954
2021-11-25 23:41:04,883 -  2924 /  7312 (039%):	 Total:0.3193925	 Acc:0.3750000	 lr:0.0002552	 Mean_Total:0.2857662
2021-11-25 23:42:09,294 -  4386 /  7312 (059%):	 Total:0.3637440	 Acc:0.4062500	 lr:0.0002537	 Mean_Total:0.2983579
2021-11-25 23:43:09,056 -  5848 /  7312 (079%):	 Total:0.3829562	 Acc:0.3437500	 lr:0.0002522	 Mean_Total:0.3244970
2021-11-25 23:44:09,588 -  7310 /  7312 (099%):	 Total:0.3162476	 Acc:0.2812500	 lr:0.0002507	 Mean_Total:0.3564611
2021-11-25 23:44:09,959 - ===============================| start validation |===============================
2021-11-25 23:44:25,895 - 	 Total:0.3344565	 Acc:0.3641857
2021-11-25 23:44:25,905 -    ini file updated    
2021-11-25 23:44:25,919 - Snapshot saved to /data/users/wergillius/UTR_VAE/pth/RL_gru_MTL/1_layer_model/unmod1_k5-model_best_cv0.pth

2021-11-25 23:44:25,921 -    ini file updated    
2021-11-25 23:44:25,921 - ===============================|    epoch 17   |===============================
2021-11-25 23:44:27,283 -     0 /  7312 (000%):	 Total:0.1918939	 Acc:0.3125000	 lr:0.0002507	 Mean_Total:0.1918939
2021-11-25 23:45:27,602 -  1462 /  7312 (019%):	 Total:0.1713589	 Acc:0.3125000	 lr:0.0002492	 Mean_Total:0.2787217
2021-11-25 23:46:29,937 -  2924 /  7312 (039%):	 Total:0.1253582	 Acc:0.4687500	 lr:0.0002478	 Mean_Total:0.2830579
2021-11-25 23:47:24,012 -  4386 /  7312 (059%):	 Total:0.1446481	 Acc:0.4687500	 lr:0.0002464	 Mean_Total:0.2955655
2021-11-25 23:48:23,573 -  5848 /  7312 (079%):	 Total:0.3136297	 Acc:0.2187500	 lr:0.0002450	 Mean_Total:0.3222963
2021-11-25 23:49:19,725 -  7310 /  7312 (099%):	 Total:0.3090896	 Acc:0.4375000	 lr:0.0002436	 Mean_Total:0.3540690
2021-11-25 23:49:20,164 - ===============================| start validation |===============================
2021-11-25 23:49:36,247 - 	 Total:0.3342790	 Acc:0.3648784
2021-11-25 23:49:36,255 -    ini file updated    
2021-11-25 23:49:36,266 - Snapshot saved to /data/users/wergillius/UTR_VAE/pth/RL_gru_MTL/1_layer_model/unmod1_k5-model_best_cv0.pth

2021-11-25 23:49:36,267 -    ini file updated    
2021-11-25 23:49:36,267 - ===============================|    epoch 18   |===============================
2021-11-25 23:49:37,574 -     0 /  7312 (000%):	 Total:0.2885709	 Acc:0.1875000	 lr:0.0002436	 Mean_Total:0.2885709
2021-11-25 23:50:39,680 -  1462 /  7312 (019%):	 Total:0.2697198	 Acc:0.3750000	 lr:0.0002423	 Mean_Total:0.2723899
2021-11-25 23:51:42,375 -  2924 /  7312 (039%):	 Total:0.0821279	 Acc:0.5937500	 lr:0.0002410	 Mean_Total:0.2780464
2021-11-25 23:52:32,678 -  4386 /  7312 (059%):	 Total:0.3865271	 Acc:0.3437500	 lr:0.0002397	 Mean_Total:0.2921285
2021-11-25 23:53:30,933 -  5848 /  7312 (079%):	 Total:0.8128194	 Acc:0.1562500	 lr:0.0002384	 Mean_Total:0.3179052
2021-11-25 23:54:28,732 -  7310 /  7312 (099%):	 Total:0.3329133	 Acc:0.2812500	 lr:0.0002371	 Mean_Total:0.3494360
2021-11-25 23:54:29,122 - ===============================| start validation |===============================
2021-11-25 23:54:45,972 - 	 Total:0.3308816	 Acc:0.3634159
2021-11-25 23:54:45,984 -    ini file updated    
2021-11-25 23:54:46,004 - Snapshot saved to /data/users/wergillius/UTR_VAE/pth/RL_gru_MTL/1_layer_model/unmod1_k5-model_best_cv0.pth

2021-11-25 23:54:46,005 -    ini file updated    
2021-11-25 23:54:46,007 - ===============================|    epoch 19   |===============================
2021-11-25 23:54:47,447 -     0 /  7312 (000%):	 Total:0.2878187	 Acc:0.2500000	 lr:0.0002371	 Mean_Total:0.2878187
2021-11-25 23:55:49,393 -  1462 /  7312 (019%):	 Total:0.2060113	 Acc:0.3125000	 lr:0.0002359	 Mean_Total:0.2716852
2021-11-25 23:56:50,040 -  2924 /  7312 (039%):	 Total:0.2261632	 Acc:0.5625000	 lr:0.0002347	 Mean_Total:0.2764316
2021-11-25 23:57:42,172 -  4386 /  7312 (059%):	 Total:0.2086852	 Acc:0.3750000	 lr:0.0002335	 Mean_Total:0.2899314
2021-11-25 23:58:41,120 -  5848 /  7312 (079%):	 Total:0.3992444	 Acc:0.3437500	 lr:0.0002323	 Mean_Total:0.3155631
2021-11-25 23:59:40,285 -  7310 /  7312 (099%):	 Total:0.3184171	 Acc:0.3750000	 lr:0.0002311	 Mean_Total:0.3474230
2021-11-25 23:59:40,699 - ===============================| start validation |===============================
2021-11-25 23:59:59,743 - 	 Total:0.3284538	 Acc:0.3654942
2021-11-25 23:59:59,753 -    ini file updated    
2021-11-25 23:59:59,768 - Snapshot saved to /data/users/wergillius/UTR_VAE/pth/RL_gru_MTL/1_layer_model/unmod1_k5-model_best_cv0.pth

2021-11-25 23:59:59,770 -    ini file updated    
2021-11-25 23:59:59,771 - ===============================|    epoch 20   |===============================
2021-11-26 00:00:01,321 -     0 /  7312 (000%):	 Total:0.1822278	 Acc:0.5625000	 lr:0.0002311	 Mean_Total:0.1822278
2021-11-26 00:01:02,342 -  1462 /  7312 (019%):	 Total:0.1930917	 Acc:0.2812500	 lr:0.0002300	 Mean_Total:0.2685796
2021-11-26 00:02:02,351 -  2924 /  7312 (039%):	 Total:0.7255725	 Acc:0.3750000	 lr:0.0002289	 Mean_Total:0.2733049
2021-11-26 00:02:56,475 -  4386 /  7312 (059%):	 Total:0.4899787	 Acc:0.1875000	 lr:0.0002277	 Mean_Total:0.2859466
2021-11-26 00:03:55,690 -  5848 /  7312 (079%):	 Total:0.3015241	 Acc:0.3125000	 lr:0.0002266	 Mean_Total:0.3124256
2021-11-26 00:04:55,486 -  7310 /  7312 (099%):	 Total:0.7620755	 Acc:0.3125000	 lr:0.0002256	 Mean_Total:0.3445903
2021-11-26 00:04:55,984 - ===============================| start validation |===============================
2021-11-26 00:05:13,566 - 	 Total:0.3262049	 Acc:0.3659945
2021-11-26 00:05:13,573 -    ini file updated    
2021-11-26 00:05:13,581 - Snapshot saved to /data/users/wergillius/UTR_VAE/pth/RL_gru_MTL/1_layer_model/unmod1_k5-model_best_cv0.pth

2021-11-26 00:05:13,582 -    ini file updated    
2021-11-26 00:05:13,582 - ===============================|    epoch 21   |===============================
2021-11-26 00:05:15,107 -     0 /  7312 (000%):	 Total:0.5664281	 Acc:0.4375000	 lr:0.0002256	 Mean_Total:0.5664281
2021-11-26 00:06:16,421 -  1462 /  7312 (019%):	 Total:0.2556526	 Acc:0.3750000	 lr:0.0002245	 Mean_Total:0.2664804
2021-11-26 00:07:16,229 -  2924 /  7312 (039%):	 Total:0.2965981	 Acc:0.2812500	 lr:0.0002234	 Mean_Total:0.2696771
2021-11-26 00:08:11,043 -  4386 /  7312 (059%):	 Total:0.1290637	 Acc:0.3437500	 lr:0.0002224	 Mean_Total:0.2834608
2021-11-26 00:09:07,210 -  5848 /  7312 (079%):	 Total:0.4095481	 Acc:0.2500000	 lr:0.0002214	 Mean_Total:0.3101989
2021-11-26 00:10:06,985 -  7310 /  7312 (099%):	 Total:0.1636302	 Acc:0.5000000	 lr:0.0002204	 Mean_Total:0.3418868
2021-11-26 00:10:07,402 - ===============================| start validation |===============================
2021-11-26 00:10:24,048 - 	 Total:0.3244559	 Acc:0.3699969
2021-11-26 00:10:24,057 -    ini file updated    
2021-11-26 00:10:24,072 - Snapshot saved to /data/users/wergillius/UTR_VAE/pth/RL_gru_MTL/1_layer_model/unmod1_k5-model_best_cv0.pth

2021-11-26 00:10:24,074 -    ini file updated    
2021-11-26 00:10:24,074 - ===============================|    epoch 22   |===============================
2021-11-26 00:10:25,283 -     0 /  7312 (000%):	 Total:0.2131894	 Acc:0.4062500	 lr:0.0002204	 Mean_Total:0.2131894
2021-11-26 00:11:28,926 -  1462 /  7312 (019%):	 Total:0.1980196	 Acc:0.3437500	 lr:0.0002194	 Mean_Total:0.2650213
2021-11-26 00:12:27,689 -  2924 /  7312 (039%):	 Total:0.2283426	 Acc:0.3437500	 lr:0.0002184	 Mean_Total:0.2695736
2021-11-26 00:13:24,377 -  4386 /  7312 (059%):	 Total:0.1850275	 Acc:0.3437500	 lr:0.0002174	 Mean_Total:0.2827762
2021-11-26 00:14:22,810 -  5848 /  7312 (079%):	 Total:0.2236309	 Acc:0.3437500	 lr:0.0002165	 Mean_Total:0.3086825
2021-11-26 00:15:21,036 -  7310 /  7312 (099%):	 Total:0.7628454	 Acc:0.2812500	 lr:0.0002155	 Mean_Total:0.3402672
2021-11-26 00:15:21,430 - ===============================| start validation |===============================
2021-11-26 00:15:38,492 - 	 Total:0.3201786	 Acc:0.3688424
2021-11-26 00:15:38,499 -    ini file updated    
2021-11-26 00:15:38,508 - Snapshot saved to /data/users/wergillius/UTR_VAE/pth/RL_gru_MTL/1_layer_model/unmod1_k5-model_best_cv0.pth

2021-11-26 00:15:38,509 -    ini file updated    
2021-11-26 00:15:38,509 - ===============================|    epoch 23   |===============================
2021-11-26 00:15:39,861 -     0 /  7312 (000%):	 Total:0.1198127	 Acc:0.5312500	 lr:0.0002155	 Mean_Total:0.1198127
2021-11-26 00:16:37,722 -  1462 /  7312 (019%):	 Total:0.1775903	 Acc:0.4062500	 lr:0.0002146	 Mean_Total:0.2615106
2021-11-26 00:17:33,452 -  2924 /  7312 (039%):	 Total:0.1504716	 Acc:0.4375000	 lr:0.0002137	 Mean_Total:0.2665206
2021-11-26 00:18:32,197 -  4386 /  7312 (059%):	 Total:0.4111618	 Acc:0.4062500	 lr:0.0002128	 Mean_Total:0.2795663
2021-11-26 00:19:31,475 -  5848 /  7312 (079%):	 Total:0.1845235	 Acc:0.3125000	 lr:0.0002119	 Mean_Total:0.3059014
2021-11-26 00:20:31,439 -  7310 /  7312 (099%):	 Total:0.3843251	 Acc:0.4687500	 lr:0.0002110	 Mean_Total:0.3376725
2021-11-26 00:20:31,899 - ===============================| start validation |===============================
2021-11-26 00:20:49,232 - 	 Total:0.3192689	 Acc:0.3723060
2021-11-26 00:20:49,242 -    ini file updated    
2021-11-26 00:20:49,255 - Snapshot saved to /data/users/wergillius/UTR_VAE/pth/RL_gru_MTL/1_layer_model/unmod1_k5-model_best_cv0.pth

2021-11-26 00:20:49,257 -    ini file updated    
2021-11-26 00:20:49,257 - ===============================|    epoch 24   |===============================
2021-11-26 00:20:50,789 -     0 /  7312 (000%):	 Total:0.1780471	 Acc:0.4062500	 lr:0.0002110	 Mean_Total:0.1780471
2021-11-26 00:21:50,074 -  1462 /  7312 (019%):	 Total:0.2790975	 Acc:0.2500000	 lr:0.0002101	 Mean_Total:0.2590266
2021-11-26 00:22:49,469 -  2924 /  7312 (039%):	 Total:0.2662175	 Acc:0.3125000	 lr:0.0002093	 Mean_Total:0.2643925
2021-11-26 00:23:44,919 -  4386 /  7312 (059%):	 Total:0.3674493	 Acc:0.4375000	 lr:0.0002084	 Mean_Total:0.2776903
2021-11-26 00:24:39,454 -  5848 /  7312 (079%):	 Total:0.2924490	 Acc:0.2812500	 lr:0.0002076	 Mean_Total:0.3032776
2021-11-26 00:25:37,779 -  7310 /  7312 (099%):	 Total:0.2251295	 Acc:0.4062500	 lr:0.0002067	 Mean_Total:0.3357969
2021-11-26 00:25:38,116 - ===============================| start validation |===============================
2021-11-26 00:25:55,082 - 	 Total:0.3150671	 Acc:0.3722675
2021-11-26 00:25:55,093 -    ini file updated    
2021-11-26 00:25:55,102 - Snapshot saved to /data/users/wergillius/UTR_VAE/pth/RL_gru_MTL/1_layer_model/unmod1_k5-model_best_cv0.pth

2021-11-26 00:25:55,103 -    ini file updated    
2021-11-26 00:25:55,103 - ===============================|    epoch 25   |===============================
2021-11-26 00:25:56,457 -     0 /  7312 (000%):	 Total:0.1669745	 Acc:0.4062500	 lr:0.0002067	 Mean_Total:0.1669745
2021-11-26 00:26:54,811 -  1462 /  7312 (019%):	 Total:0.1784512	 Acc:0.4062500	 lr:0.0002059	 Mean_Total:0.2578045
2021-11-26 00:27:50,002 -  2924 /  7312 (039%):	 Total:0.3243662	 Acc:0.2500000	 lr:0.0002051	 Mean_Total:0.2626448
2021-11-26 00:28:48,653 -  4386 /  7312 (059%):	 Total:0.2665651	 Acc:0.4062500	 lr:0.0002043	 Mean_Total:0.2763975
2021-11-26 00:29:46,602 -  5848 /  7312 (079%):	 Total:0.2229711	 Acc:0.3437500	 lr:0.0002035	 Mean_Total:0.3025567
2021-11-26 00:30:44,186 -  7310 /  7312 (099%):	 Total:0.3564799	 Acc:0.5625000	 lr:0.0002027	 Mean_Total:0.3346884
2021-11-26 00:30:44,608 - ===============================| start validation |===============================
2021-11-26 00:31:01,571 - 	 Total:0.3139571	 Acc:0.3742303
2021-11-26 00:31:01,577 -    ini file updated    
2021-11-26 00:31:01,587 - Snapshot saved to /data/users/wergillius/UTR_VAE/pth/RL_gru_MTL/1_layer_model/unmod1_k5-model_best_cv0.pth

2021-11-26 00:31:01,589 -    ini file updated    
2021-11-26 00:31:01,589 - ===============================|    epoch 26   |===============================
2021-11-26 00:31:03,016 -     0 /  7312 (000%):	 Total:0.2614841	 Acc:0.4062500	 lr:0.0002027	 Mean_Total:0.2614841
2021-11-26 00:32:01,322 -  1462 /  7312 (019%):	 Total:0.1740960	 Acc:0.5000000	 lr:0.0002019	 Mean_Total:0.2552417
2021-11-26 00:32:58,552 -  2924 /  7312 (039%):	 Total:0.7339827	 Acc:0.4062500	 lr:0.0002012	 Mean_Total:0.2610138
2021-11-26 00:33:56,787 -  4386 /  7312 (059%):	 Total:0.0836841	 Acc:0.5312500	 lr:0.0002004	 Mean_Total:0.2737466
2021-11-26 00:34:56,715 -  5848 /  7312 (079%):	 Total:0.3886532	 Acc:0.2500000	 lr:0.0001997	 Mean_Total:0.3001709
2021-11-26 00:35:55,991 -  7310 /  7312 (099%):	 Total:0.3195850	 Acc:0.4375000	 lr:0.0001989	 Mean_Total:0.3323512
2021-11-26 00:35:56,388 - ===============================| start validation |===============================
2021-11-26 00:36:12,854 - 	 Total:0.3113360	 Acc:0.3700739
2021-11-26 00:36:12,860 -    ini file updated    
2021-11-26 00:36:12,869 - Snapshot saved to /data/users/wergillius/UTR_VAE/pth/RL_gru_MTL/1_layer_model/unmod1_k5-model_best_cv0.pth

2021-11-26 00:36:12,870 -    ini file updated    
2021-11-26 00:36:12,870 - ===============================|    epoch 27   |===============================
2021-11-26 00:36:14,251 -     0 /  7312 (000%):	 Total:0.2941069	 Acc:0.3750000	 lr:0.0001989	 Mean_Total:0.2941069
2021-11-26 00:37:11,993 -  1462 /  7312 (019%):	 Total:0.2624688	 Acc:0.3750000	 lr:0.0001982	 Mean_Total:0.2528068
2021-11-26 00:38:08,341 -  2924 /  7312 (039%):	 Total:0.3116294	 Acc:0.4375000	 lr:0.0001975	 Mean_Total:0.2590013
2021-11-26 00:39:07,598 -  4386 /  7312 (059%):	 Total:0.1496980	 Acc:0.2812500	 lr:0.0001968	 Mean_Total:0.2720632
2021-11-26 00:39:59,510 -  5848 /  7312 (079%):	 Total:0.3056881	 Acc:0.3125000	 lr:0.0001960	 Mean_Total:0.2987570
2021-11-26 00:41:00,619 -  7310 /  7312 (099%):	 Total:0.3069288	 Acc:0.4062500	 lr:0.0001953	 Mean_Total:0.3305180
2021-11-26 00:41:00,975 - ===============================| start validation |===============================
2021-11-26 00:41:16,628 - 	 Total:0.3112280	 Acc:0.3746536
2021-11-26 00:41:16,637 -    ini file updated    
2021-11-26 00:41:16,653 - Snapshot saved to /data/users/wergillius/UTR_VAE/pth/RL_gru_MTL/1_layer_model/unmod1_k5-model_best_cv0.pth

2021-11-26 00:41:16,655 -    ini file updated    
2021-11-26 00:41:16,655 - ===============================|    epoch 28   |===============================
2021-11-26 00:41:18,082 -     0 /  7312 (000%):	 Total:0.1221903	 Acc:0.5000000	 lr:0.0001953	 Mean_Total:0.1221903
2021-11-26 00:42:18,770 -  1462 /  7312 (019%):	 Total:0.1698465	 Acc:0.4375000	 lr:0.0001946	 Mean_Total:0.2539610
2021-11-26 00:43:13,586 -  2924 /  7312 (039%):	 Total:0.1120325	 Acc:0.5000000	 lr:0.0001940	 Mean_Total:0.2582733
2021-11-26 00:44:14,036 -  4386 /  7312 (059%):	 Total:0.1162426	 Acc:0.3125000	 lr:0.0001933	 Mean_Total:0.2707226
2021-11-26 00:45:12,383 -  5848 /  7312 (079%):	 Total:0.7814153	 Acc:0.3437500	 lr:0.0001926	 Mean_Total:0.2968617
2021-11-26 00:46:11,244 -  7310 /  7312 (099%):	 Total:0.3374583	 Acc:0.4062500	 lr:0.0001919	 Mean_Total:0.3292640
2021-11-26 00:46:11,565 - ===============================| start validation |===============================
2021-11-26 00:46:27,110 - 	 Total:0.3110577	 Acc:0.3759621
2021-11-26 00:46:27,118 -    ini file updated    
2021-11-26 00:46:27,133 - Snapshot saved to /data/users/wergillius/UTR_VAE/pth/RL_gru_MTL/1_layer_model/unmod1_k5-model_best_cv0.pth

2021-11-26 00:46:27,134 -    ini file updated    
2021-11-26 00:46:27,134 - ===============================|    epoch 29   |===============================
2021-11-26 00:46:28,549 -     0 /  7312 (000%):	 Total:0.0951453	 Acc:0.5312500	 lr:0.0001919	 Mean_Total:0.0951453
2021-11-26 00:47:25,650 -  1462 /  7312 (019%):	 Total:0.1197020	 Acc:0.5312500	 lr:0.0001913	 Mean_Total:0.2493155
2021-11-26 00:48:23,437 -  2924 /  7312 (039%):	 Total:0.6299955	 Acc:0.3125000	 lr:0.0001906	 Mean_Total:0.2545890
2021-11-26 00:49:22,335 -  4386 /  7312 (059%):	 Total:0.3388366	 Acc:0.4375000	 lr:0.0001900	 Mean_Total:0.2681930
2021-11-26 00:50:18,681 -  5848 /  7312 (079%):	 Total:0.2802985	 Acc:0.3125000	 lr:0.0001894	 Mean_Total:0.2946332
2021-11-26 00:51:14,615 -  7310 /  7312 (099%):	 Total:0.4986813	 Acc:0.3437500	 lr:0.0001887	 Mean_Total:0.3269235
2021-11-26 00:51:14,930 - ===============================| start validation |===============================
2021-11-26 00:51:30,213 - 	 Total:0.3119916	 Acc:0.3758852
2021-11-26 00:51:30,221 -    ini file updated    
2021-11-26 00:51:30,222 - ===============================|    epoch 30   |===============================
2021-11-26 00:51:31,244 -     0 /  7312 (000%):	 Total:0.1719587	 Acc:0.4687500	 lr:0.0001887	 Mean_Total:0.1719587
2021-11-26 00:52:29,217 -  1462 /  7312 (019%):	 Total:0.6986040	 Acc:0.4375000	 lr:0.0001881	 Mean_Total:0.2484149
2021-11-26 00:53:26,333 -  2924 /  7312 (039%):	 Total:0.2311707	 Acc:0.3125000	 lr:0.0001875	 Mean_Total:0.2536577
2021-11-26 00:54:24,352 -  4386 /  7312 (059%):	 Total:0.1488441	 Acc:0.4062500	 lr:0.0001869	 Mean_Total:0.2675861
2021-11-26 00:55:18,114 -  5848 /  7312 (079%):	 Total:0.3240412	 Acc:0.2500000	 lr:0.0001863	 Mean_Total:0.2935684
2021-11-26 00:56:14,146 -  7310 /  7312 (099%):	 Total:0.2583457	 Acc:0.2812500	 lr:0.0001857	 Mean_Total:0.3256509
2021-11-26 00:56:14,597 - ===============================| start validation |===============================
2021-11-26 00:56:32,214 - 	 Total:0.3079633	 Acc:0.3776940
2021-11-26 00:56:32,223 -    ini file updated    
2021-11-26 00:56:32,238 - Snapshot saved to /data/users/wergillius/UTR_VAE/pth/RL_gru_MTL/1_layer_model/unmod1_k5-model_best_cv0.pth

2021-11-26 00:56:32,239 -    ini file updated    
2021-11-26 00:56:32,240 - ===============================|    epoch 31   |===============================
2021-11-26 00:56:33,645 -     0 /  7312 (000%):	 Total:0.1661411	 Acc:0.5000000	 lr:0.0001857	 Mean_Total:0.1661411
2021-11-26 00:57:34,051 -  1462 /  7312 (019%):	 Total:0.2542064	 Acc:0.3437500	 lr:0.0001851	 Mean_Total:0.2486136
2021-11-26 00:58:34,248 -  2924 /  7312 (039%):	 Total:0.3591686	 Acc:0.4375000	 lr:0.0001845	 Mean_Total:0.2530079
2021-11-26 00:59:35,349 -  4386 /  7312 (059%):	 Total:0.2660408	 Acc:0.2187500	 lr:0.0001839	 Mean_Total:0.2659328
2021-11-26 01:00:32,112 -  5848 /  7312 (079%):	 Total:0.1829765	 Acc:0.3125000	 lr:0.0001833	 Mean_Total:0.2921290
2021-11-26 01:01:30,770 -  7310 /  7312 (099%):	 Total:0.1853363	 Acc:0.3125000	 lr:0.0001827	 Mean_Total:0.3244653
2021-11-26 01:01:31,079 - ===============================| start validation |===============================
2021-11-26 01:01:47,719 - 	 Total:0.3145344	 Acc:0.3759621
2021-11-26 01:01:47,730 -    ini file updated    
2021-11-26 01:01:47,731 - ===============================|    epoch 32   |===============================
2021-11-26 01:01:49,109 -     0 /  7312 (000%):	 Total:0.2252834	 Acc:0.2812500	 lr:0.0001827	 Mean_Total:0.2252834
2021-11-26 01:02:46,884 -  1462 /  7312 (019%):	 Total:0.2496314	 Acc:0.2187500	 lr:0.0001822	 Mean_Total:0.2469334
2021-11-26 01:03:43,005 -  2924 /  7312 (039%):	 Total:0.1854311	 Acc:0.3125000	 lr:0.0001816	 Mean_Total:0.2519841
2021-11-26 01:04:46,791 -  4386 /  7312 (059%):	 Total:0.1217064	 Acc:0.4687500	 lr:0.0001810	 Mean_Total:0.2647935
2021-11-26 01:05:43,645 -  5848 /  7312 (079%):	 Total:1.2159772	 Acc:0.2812500	 lr:0.0001805	 Mean_Total:0.2914207
2021-11-26 01:06:41,000 -  7310 /  7312 (099%):	 Total:0.7197965	 Acc:0.4062500	 lr:0.0001799	 Mean_Total:0.3231527
2021-11-26 01:06:41,322 - ===============================| start validation |===============================
2021-11-26 01:06:57,774 - 	 Total:0.3038353	 Acc:0.3774631
2021-11-26 01:06:57,780 -    ini file updated    
2021-11-26 01:06:57,790 - Snapshot saved to /data/users/wergillius/UTR_VAE/pth/RL_gru_MTL/1_layer_model/unmod1_k5-model_best_cv0.pth

2021-11-26 01:06:57,791 -    ini file updated    
2021-11-26 01:06:57,791 - ===============================|    epoch 33   |===============================
2021-11-26 01:06:59,101 -     0 /  7312 (000%):	 Total:0.1352818	 Acc:0.4687500	 lr:0.0001799	 Mean_Total:0.1352818
2021-11-26 01:07:58,013 -  1462 /  7312 (019%):	 Total:0.2120878	 Acc:0.3437500	 lr:0.0001794	 Mean_Total:0.2463259
2021-11-26 01:08:55,014 -  2924 /  7312 (039%):	 Total:0.2292820	 Acc:0.2812500	 lr:0.0001789	 Mean_Total:0.2509132
2021-11-26 01:09:54,267 -  4386 /  7312 (059%):	 Total:0.1440360	 Acc:0.5937500	 lr:0.0001783	 Mean_Total:0.2639944
2021-11-26 01:10:48,768 -  5848 /  7312 (079%):	 Total:0.5515274	 Acc:0.2812500	 lr:0.0001778	 Mean_Total:0.2902884
2021-11-26 01:11:41,926 -  7310 /  7312 (099%):	 Total:0.1851933	 Acc:0.4375000	 lr:0.0001773	 Mean_Total:0.3223263
2021-11-26 01:11:42,235 - ===============================| start validation |===============================
2021-11-26 01:11:58,444 - 	 Total:0.3028756	 Acc:0.3795797
2021-11-26 01:11:58,453 -    ini file updated    
2021-11-26 01:11:58,468 - Snapshot saved to /data/users/wergillius/UTR_VAE/pth/RL_gru_MTL/1_layer_model/unmod1_k5-model_best_cv0.pth

2021-11-26 01:11:58,469 -    ini file updated    
2021-11-26 01:11:58,470 - ===============================|    epoch 34   |===============================
2021-11-26 01:11:59,876 -     0 /  7312 (000%):	 Total:0.1623870	 Acc:0.3437500	 lr:0.0001773	 Mean_Total:0.1623870
2021-11-26 01:12:59,474 -  1462 /  7312 (019%):	 Total:0.1543900	 Acc:0.4375000	 lr:0.0001768	 Mean_Total:0.2454211
2021-11-26 01:13:55,745 -  2924 /  7312 (039%):	 Total:0.1838771	 Acc:0.4687500	 lr:0.0001762	 Mean_Total:0.2496000
2021-11-26 01:14:54,443 -  4386 /  7312 (059%):	 Total:0.1860082	 Acc:0.2812500	 lr:0.0001757	 Mean_Total:0.2625056
2021-11-26 01:15:51,682 -  5848 /  7312 (079%):	 Total:0.2232978	 Acc:0.2812500	 lr:0.0001752	 Mean_Total:0.2892179
2021-11-26 01:16:50,928 -  7310 /  7312 (099%):	 Total:0.2327331	 Acc:0.3125000	 lr:0.0001747	 Mean_Total:0.3214196
2021-11-26 01:16:51,359 - ===============================| start validation |===============================
2021-11-26 01:17:10,108 - 	 Total:0.3044112	 Acc:0.3825431
2021-11-26 01:17:10,115 -    ini file updated    
2021-11-26 01:17:10,126 - Snapshot saved to /data/users/wergillius/UTR_VAE/pth/RL_gru_MTL/1_layer_model/unmod1_k5-model_best_cv0.pth

2021-11-26 01:17:10,127 -    ini file updated    
2021-11-26 01:17:10,128 - ===============================|    epoch 35   |===============================
2021-11-26 01:17:11,703 -     0 /  7312 (000%):	 Total:0.1088097	 Acc:0.5625000	 lr:0.0001747	 Mean_Total:0.1088097
2021-11-26 01:18:10,194 -  1462 /  7312 (019%):	 Total:0.2673648	 Acc:0.4062500	 lr:0.0001742	 Mean_Total:0.2448625
2021-11-26 01:19:07,849 -  2924 /  7312 (039%):	 Total:0.1498804	 Acc:0.4375000	 lr:0.0001737	 Mean_Total:0.2489246
2021-11-26 01:20:07,818 -  4386 /  7312 (059%):	 Total:0.1054203	 Acc:0.4687500	 lr:0.0001732	 Mean_Total:0.2615100
2021-11-26 01:21:05,175 -  5848 /  7312 (079%):	 Total:0.5286518	 Acc:0.2500000	 lr:0.0001728	 Mean_Total:0.2877681
2021-11-26 01:22:03,811 -  7310 /  7312 (099%):	 Total:0.1619867	 Acc:0.3750000	 lr:0.0001723	 Mean_Total:0.3198883
2021-11-26 01:22:04,178 - ===============================| start validation |===============================
2021-11-26 01:22:22,107 - 	 Total:0.3047549	 Acc:0.3822737
2021-11-26 01:22:22,119 -    ini file updated    
2021-11-26 01:22:22,120 - ===============================|    epoch 36   |===============================
2021-11-26 01:22:23,525 -     0 /  7312 (000%):	 Total:0.1761559	 Acc:0.3750000	 lr:0.0001723	 Mean_Total:0.1761559
2021-11-26 01:23:22,158 -  1462 /  7312 (019%):	 Total:0.1123192	 Acc:0.3750000	 lr:0.0001718	 Mean_Total:0.2439168
2021-11-26 01:24:19,457 -  2924 /  7312 (039%):	 Total:0.2473019	 Acc:0.2500000	 lr:0.0001713	 Mean_Total:0.2475543
2021-11-26 01:25:19,722 -  4386 /  7312 (059%):	 Total:0.2508628	 Acc:0.2187500	 lr:0.0001709	 Mean_Total:0.2603261
2021-11-26 01:26:19,187 -  5848 /  7312 (079%):	 Total:0.7787647	 Acc:0.2500000	 lr:0.0001704	 Mean_Total:0.2868796
2021-11-26 01:27:09,139 -  7310 /  7312 (099%):	 Total:0.3006939	 Acc:0.4375000	 lr:0.0001699	 Mean_Total:0.3187355
2021-11-26 01:27:09,367 - ===============================| start validation |===============================
2021-11-26 01:27:24,652 - 	 Total:0.3047736	 Acc:0.3823507
2021-11-26 01:27:24,659 -    ini file updated    
2021-11-26 01:27:24,659 - ===============================|    epoch 37   |===============================
2021-11-26 01:27:25,955 -     0 /  7312 (000%):	 Total:0.3216896	 Acc:0.4062500	 lr:0.0001699	 Mean_Total:0.3216896
2021-11-26 01:28:26,781 -  1462 /  7312 (019%):	 Total:0.1090275	 Acc:0.5625000	 lr:0.0001695	 Mean_Total:0.2417514
2021-11-26 01:29:25,055 -  2924 /  7312 (039%):	 Total:0.9583383	 Acc:0.3750000	 lr:0.0001690	 Mean_Total:0.2470252
2021-11-26 01:30:25,472 -  4386 /  7312 (059%):	 Total:0.4620775	 Acc:0.2187500	 lr:0.0001686	 Mean_Total:0.2592799
2021-11-26 01:31:22,750 -  5848 /  7312 (079%):	 Total:0.4720966	 Acc:0.1562500	 lr:0.0001681	 Mean_Total:0.2855133
2021-11-26 01:32:24,702 -  7310 /  7312 (099%):	 Total:0.1842248	 Acc:0.4062500	 lr:0.0001677	 Mean_Total:0.3177859
2021-11-26 01:32:25,126 - ===============================| start validation |===============================
2021-11-26 01:32:42,532 - 	 Total:0.3046435	 Acc:0.3842365
2021-11-26 01:32:42,540 -    ini file updated    
2021-11-26 01:32:42,550 - Snapshot saved to /data/users/wergillius/UTR_VAE/pth/RL_gru_MTL/1_layer_model/unmod1_k5-model_best_cv0.pth

2021-11-26 01:32:42,551 -    ini file updated    
2021-11-26 01:32:42,551 - ===============================|    epoch 38   |===============================
2021-11-26 01:32:44,276 -     0 /  7312 (000%):	 Total:0.5040635	 Acc:0.4375000	 lr:0.0001677	 Mean_Total:0.5040635
2021-11-26 01:33:44,285 -  1462 /  7312 (019%):	 Total:0.1804630	 Acc:0.3750000	 lr:0.0001672	 Mean_Total:0.2394987
2021-11-26 01:34:44,249 -  2924 /  7312 (039%):	 Total:0.2357435	 Acc:0.3437500	 lr:0.0001668	 Mean_Total:0.2451404
2021-11-26 01:35:41,907 -  4386 /  7312 (059%):	 Total:0.2496546	 Acc:0.3125000	 lr:0.0001664	 Mean_Total:0.2586000
2021-11-26 01:36:41,799 -  5848 /  7312 (079%):	 Total:0.2184020	 Acc:0.4062500	 lr:0.0001659	 Mean_Total:0.2850038
2021-11-26 01:37:39,524 -  7310 /  7312 (099%):	 Total:0.4555604	 Acc:0.3125000	 lr:0.0001655	 Mean_Total:0.3165938
2021-11-26 01:37:39,885 - ===============================| start validation |===============================
2021-11-26 01:37:55,610 - 	 Total:0.3008102	 Acc:0.3849292
2021-11-26 01:37:55,620 -    ini file updated    
2021-11-26 01:37:55,635 - Snapshot saved to /data/users/wergillius/UTR_VAE/pth/RL_gru_MTL/1_layer_model/unmod1_k5-model_best_cv0.pth

2021-11-26 01:37:55,641 -    ini file updated    
2021-11-26 01:37:55,641 - ===============================|    epoch 39   |===============================
2021-11-26 01:37:56,754 -     0 /  7312 (000%):	 Total:0.2144676	 Acc:0.4375000	 lr:0.0001655	 Mean_Total:0.2144676
2021-11-26 01:38:50,233 -  1462 /  7312 (019%):	 Total:0.1402656	 Acc:0.3437500	 lr:0.0001651	 Mean_Total:0.2392226
2021-11-26 01:39:43,892 -  2924 /  7312 (039%):	 Total:0.4086620	 Acc:0.4375000	 lr:0.0001647	 Mean_Total:0.2449348
2021-11-26 01:40:40,472 -  4386 /  7312 (059%):	 Total:0.4176829	 Acc:0.4062500	 lr:0.0001643	 Mean_Total:0.2583181
2021-11-26 01:41:36,962 -  5848 /  7312 (079%):	 Total:0.3178442	 Acc:0.2500000	 lr:0.0001638	 Mean_Total:0.2843742
2021-11-26 01:42:31,034 -  7310 /  7312 (099%):	 Total:0.2726885	 Acc:0.2500000	 lr:0.0001634	 Mean_Total:0.3161845
2021-11-26 01:42:31,353 - ===============================| start validation |===============================
2021-11-26 01:42:47,022 - 	 Total:0.3015772	 Acc:0.3863916
2021-11-26 01:42:47,029 -    ini file updated    
2021-11-26 01:42:47,041 - Snapshot saved to /data/users/wergillius/UTR_VAE/pth/RL_gru_MTL/1_layer_model/unmod1_k5-model_best_cv0.pth

2021-11-26 01:42:47,042 -    ini file updated    
2021-11-26 01:42:47,042 - ===============================|    epoch 40   |===============================
2021-11-26 01:42:47,993 -     0 /  7312 (000%):	 Total:0.2729170	 Acc:0.3437500	 lr:0.0001634	 Mean_Total:0.2729170
2021-11-26 01:43:42,417 -  1462 /  7312 (019%):	 Total:0.2440175	 Acc:0.3125000	 lr:0.0001630	 Mean_Total:0.2366368
2021-11-26 01:44:39,090 -  2924 /  7312 (039%):	 Total:0.1665093	 Acc:0.3125000	 lr:0.0001626	 Mean_Total:0.2431844
2021-11-26 01:45:34,700 -  4386 /  7312 (059%):	 Total:0.3706046	 Acc:0.3437500	 lr:0.0001622	 Mean_Total:0.2569127
2021-11-26 01:46:30,233 -  5848 /  7312 (079%):	 Total:1.0987633	 Acc:0.3437500	 lr:0.0001618	 Mean_Total:0.2829995
2021-11-26 01:47:28,704 -  7310 /  7312 (099%):	 Total:0.2777887	 Acc:0.4687500	 lr:0.0001614	 Mean_Total:0.3152042
2021-11-26 01:47:29,150 - ===============================| start validation |===============================
2021-11-26 01:47:45,491 - 	 Total:0.2983210	 Acc:0.3850446
2021-11-26 01:47:45,502 -    ini file updated    
2021-11-26 01:47:45,518 - Snapshot saved to /data/users/wergillius/UTR_VAE/pth/RL_gru_MTL/1_layer_model/unmod1_k5-model_best_cv0.pth

2021-11-26 01:47:45,520 -    ini file updated    
2021-11-26 01:47:45,521 - ===============================|    epoch 41   |===============================
2021-11-26 01:47:46,882 -     0 /  7312 (000%):	 Total:0.1817764	 Acc:0.4062500	 lr:0.0001614	 Mean_Total:0.1817764
2021-11-26 01:48:48,282 -  1462 /  7312 (019%):	 Total:0.1368646	 Acc:0.3125000	 lr:0.0001610	 Mean_Total:0.2372068
2021-11-26 01:49:47,974 -  2924 /  7312 (039%):	 Total:0.2306160	 Acc:0.4687500	 lr:0.0001606	 Mean_Total:0.2425711
2021-11-26 01:50:46,563 -  4386 /  7312 (059%):	 Total:0.1837044	 Acc:0.3125000	 lr:0.0001603	 Mean_Total:0.2562761
2021-11-26 01:51:44,486 -  5848 /  7312 (079%):	 Total:1.6818361	 Acc:0.2187500	 lr:0.0001599	 Mean_Total:0.2823254
2021-11-26 01:52:41,736 -  7310 /  7312 (099%):	 Total:0.1637711	 Acc:0.3125000	 lr:0.0001595	 Mean_Total:0.3142252
2021-11-26 01:52:42,182 - ===============================| start validation |===============================
2021-11-26 01:53:00,378 - 	 Total:0.3023111	 Acc:0.3848522
2021-11-26 01:53:00,385 -    ini file updated    
2021-11-26 01:53:00,385 - ===============================|    epoch 42   |===============================
2021-11-26 01:53:01,642 -     0 /  7312 (000%):	 Total:0.0853996	 Acc:0.5312500	 lr:0.0001595	 Mean_Total:0.0853996
2021-11-26 01:54:01,509 -  1462 /  7312 (019%):	 Total:0.1911042	 Acc:0.4062500	 lr:0.0001591	 Mean_Total:0.2362108
2021-11-26 01:55:00,979 -  2924 /  7312 (039%):	 Total:0.3502864	 Acc:0.4687500	 lr:0.0001587	 Mean_Total:0.2424244
2021-11-26 01:55:59,660 -  4386 /  7312 (059%):	 Total:0.3141379	 Acc:0.2812500	 lr:0.0001584	 Mean_Total:0.2552555
2021-11-26 01:56:57,740 -  5848 /  7312 (079%):	 Total:0.2924601	 Acc:0.2812500	 lr:0.0001580	 Mean_Total:0.2813284
2021-11-26 01:57:54,954 -  7310 /  7312 (099%):	 Total:0.7201031	 Acc:0.3750000	 lr:0.0001576	 Mean_Total:0.3134116
2021-11-26 01:57:55,359 - ===============================| start validation |===============================
2021-11-26 01:58:10,059 - 	 Total:0.2966400	 Acc:0.3861222
2021-11-26 01:58:10,069 -    ini file updated    
2021-11-26 01:58:10,083 - Snapshot saved to /data/users/wergillius/UTR_VAE/pth/RL_gru_MTL/1_layer_model/unmod1_k5-model_best_cv0.pth

2021-11-26 01:58:10,085 -    ini file updated    
2021-11-26 01:58:10,085 - ===============================|    epoch 43   |===============================
2021-11-26 01:58:11,276 -     0 /  7312 (000%):	 Total:0.2204679	 Acc:0.2500000	 lr:0.0001576	 Mean_Total:0.2204679
2021-11-26 01:59:03,348 -  1462 /  7312 (019%):	 Total:0.2355759	 Acc:0.2812500	 lr:0.0001573	 Mean_Total:0.2340020
2021-11-26 01:59:58,841 -  2924 /  7312 (039%):	 Total:0.7013345	 Acc:0.3750000	 lr:0.0001569	 Mean_Total:0.2410928
2021-11-26 02:00:55,156 -  4386 /  7312 (059%):	 Total:0.2298516	 Acc:0.4062500	 lr:0.0001565	 Mean_Total:0.2542977
2021-11-26 02:01:58,253 -  5848 /  7312 (079%):	 Total:0.8110666	 Acc:0.3437500	 lr:0.0001562	 Mean_Total:0.2810797
2021-11-26 02:02:57,625 -  7310 /  7312 (099%):	 Total:0.1967592	 Acc:0.4062500	 lr:0.0001558	 Mean_Total:0.3126006
2021-11-26 02:02:58,036 - ===============================| start validation |===============================
2021-11-26 02:03:15,006 - 	 Total:0.2997805	 Acc:0.3852756
2021-11-26 02:03:15,014 -    ini file updated    
2021-11-26 02:03:15,015 - ===============================|    epoch 44   |===============================
2021-11-26 02:03:16,053 -     0 /  7312 (000%):	 Total:0.2132413	 Acc:0.3437500	 lr:0.0001558	 Mean_Total:0.2132413
2021-11-26 02:04:13,687 -  1462 /  7312 (019%):	 Total:0.1469387	 Acc:0.5000000	 lr:0.0001555	 Mean_Total:0.2349917
2021-11-26 02:05:10,856 -  2924 /  7312 (039%):	 Total:0.2249622	 Acc:0.4062500	 lr:0.0001551	 Mean_Total:0.2400333
2021-11-26 02:06:08,576 -  4386 /  7312 (059%):	 Total:0.1399886	 Acc:0.4687500	 lr:0.0001548	 Mean_Total:0.2534173
2021-11-26 02:07:03,619 -  5848 /  7312 (079%):	 Total:0.1907263	 Acc:0.3125000	 lr:0.0001544	 Mean_Total:0.2801018
2021-11-26 02:07:59,193 -  7310 /  7312 (099%):	 Total:0.1961834	 Acc:0.3437500	 lr:0.0001541	 Mean_Total:0.3116036
2021-11-26 02:07:59,544 - ===============================| start validation |===============================
2021-11-26 02:08:14,740 - 	 Total:0.2947962	 Acc:0.3875462
2021-11-26 02:08:14,747 -    ini file updated    
2021-11-26 02:08:14,757 - Snapshot saved to /data/users/wergillius/UTR_VAE/pth/RL_gru_MTL/1_layer_model/unmod1_k5-model_best_cv0.pth

2021-11-26 02:08:14,759 -    ini file updated    
2021-11-26 02:08:14,759 - ===============================|    epoch 45   |===============================
2021-11-26 02:08:15,939 -     0 /  7312 (000%):	 Total:0.1856713	 Acc:0.3437500	 lr:0.0001541	 Mean_Total:0.1856713
2021-11-26 02:09:09,584 -  1462 /  7312 (019%):	 Total:0.2011283	 Acc:0.4375000	 lr:0.0001537	 Mean_Total:0.2330925
2021-11-26 02:10:06,215 -  2924 /  7312 (039%):	 Total:0.2560165	 Acc:0.2500000	 lr:0.0001534	 Mean_Total:0.2391450
2021-11-26 02:11:02,180 -  4386 /  7312 (059%):	 Total:0.4296233	 Acc:0.3125000	 lr:0.0001531	 Mean_Total:0.2517294
2021-11-26 02:11:59,336 -  5848 /  7312 (079%):	 Total:0.6461238	 Acc:0.1875000	 lr:0.0001527	 Mean_Total:0.2791935
2021-11-26 02:12:58,015 -  7310 /  7312 (099%):	 Total:0.2190128	 Acc:0.4062500	 lr:0.0001524	 Mean_Total:0.3109229
2021-11-26 02:12:58,381 - ===============================| start validation |===============================
2021-11-26 02:13:14,669 - 	 Total:0.2949033	 Acc:0.3872768
2021-11-26 02:13:14,676 -    ini file updated    
2021-11-26 02:13:14,676 - ===============================|    epoch 46   |===============================
2021-11-26 02:13:15,935 -     0 /  7312 (000%):	 Total:0.2088352	 Acc:0.3125000	 lr:0.0001524	 Mean_Total:0.2088352
2021-11-26 02:14:06,139 -  1462 /  7312 (019%):	 Total:0.1245365	 Acc:0.4062500	 lr:0.0001521	 Mean_Total:0.2332358
2021-11-26 02:14:58,166 -  2924 /  7312 (039%):	 Total:0.2583134	 Acc:0.3125000	 lr:0.0001517	 Mean_Total:0.2371917
2021-11-26 02:15:57,012 -  4386 /  7312 (059%):	 Total:0.1709582	 Acc:0.4687500	 lr:0.0001514	 Mean_Total:0.2512263
2021-11-26 02:16:57,658 -  5848 /  7312 (079%):	 Total:0.2229181	 Acc:0.3437500	 lr:0.0001511	 Mean_Total:0.2777388
2021-11-26 02:17:56,765 -  7310 /  7312 (099%):	 Total:0.4771989	 Acc:0.2812500	 lr:0.0001508	 Mean_Total:0.3096361
2021-11-26 02:17:57,066 - ===============================| start validation |===============================
2021-11-26 02:18:12,192 - 	 Total:0.2948380	 Acc:0.3879310
2021-11-26 02:18:12,200 -    ini file updated    
2021-11-26 02:18:12,211 - Snapshot saved to /data/users/wergillius/UTR_VAE/pth/RL_gru_MTL/1_layer_model/unmod1_k5-model_best_cv0.pth

2021-11-26 02:18:12,212 -    ini file updated    
2021-11-26 02:18:12,212 - ===============================|    epoch 47   |===============================
2021-11-26 02:18:13,227 -     0 /  7312 (000%):	 Total:0.0848352	 Acc:0.5000000	 lr:0.0001508	 Mean_Total:0.0848352
2021-11-26 02:19:12,018 -  1462 /  7312 (019%):	 Total:0.1005142	 Acc:0.5312500	 lr:0.0001505	 Mean_Total:0.2321260
2021-11-26 02:20:06,113 -  2924 /  7312 (039%):	 Total:0.2398060	 Acc:0.2500000	 lr:0.0001501	 Mean_Total:0.2379948
2021-11-26 02:21:06,519 -  4386 /  7312 (059%):	 Total:0.4275880	 Acc:0.4687500	 lr:0.0001498	 Mean_Total:0.2512370
2021-11-26 02:22:06,580 -  5848 /  7312 (079%):	 Total:0.8134707	 Acc:0.1562500	 lr:0.0001495	 Mean_Total:0.2773750
2021-11-26 02:23:08,249 -  7310 /  7312 (099%):	 Total:0.0991813	 Acc:0.5625000	 lr:0.0001492	 Mean_Total:0.3089837
2021-11-26 02:23:08,690 - ===============================| start validation |===============================
2021-11-26 02:23:25,248 - 	 Total:0.2948995	 Acc:0.3884698
2021-11-26 02:23:25,261 -    ini file updated    
2021-11-26 02:23:25,276 - Snapshot saved to /data/users/wergillius/UTR_VAE/pth/RL_gru_MTL/1_layer_model/unmod1_k5-model_best_cv0.pth

2021-11-26 02:23:25,277 -    ini file updated    
2021-11-26 02:23:25,277 - ===============================|    epoch 48   |===============================
2021-11-26 02:23:26,519 -     0 /  7312 (000%):	 Total:0.1877322	 Acc:0.3750000	 lr:0.0001492	 Mean_Total:0.1877322
2021-11-26 02:24:24,116 -  1462 /  7312 (019%):	 Total:0.2438931	 Acc:0.4062500	 lr:0.0001489	 Mean_Total:0.2313983
2021-11-26 02:25:18,879 -  2924 /  7312 (039%):	 Total:0.2348495	 Acc:0.4687500	 lr:0.0001486	 Mean_Total:0.2362468
2021-11-26 02:26:17,764 -  4386 /  7312 (059%):	 Total:0.1742734	 Acc:0.5625000	 lr:0.0001483	 Mean_Total:0.2500788
2021-11-26 02:27:15,541 -  5848 /  7312 (079%):	 Total:1.0583433	 Acc:0.2187500	 lr:0.0001480	 Mean_Total:0.2766400
2021-11-26 02:28:16,668 -  7310 /  7312 (099%):	 Total:0.4665249	 Acc:0.3125000	 lr:0.0001477	 Mean_Total:0.3086422
2021-11-26 02:28:17,023 - ===============================| start validation |===============================
2021-11-26 02:28:32,471 - 	 Total:0.2945001	 Acc:0.3879310
2021-11-26 02:28:32,476 -    ini file updated    
2021-11-26 02:28:32,485 - Snapshot saved to /data/users/wergillius/UTR_VAE/pth/RL_gru_MTL/1_layer_model/unmod1_k5-model_best_cv0.pth

2021-11-26 02:28:32,486 -    ini file updated    
2021-11-26 02:28:32,486 - ===============================|    epoch 49   |===============================
2021-11-26 02:28:33,377 -     0 /  7312 (000%):	 Total:0.0843747	 Acc:0.4687500	 lr:0.0001477	 Mean_Total:0.0843747
2021-11-26 02:29:28,199 -  1462 /  7312 (019%):	 Total:0.1534940	 Acc:0.5937500	 lr:0.0001474	 Mean_Total:0.2307349
2021-11-26 02:30:15,156 -  2924 /  7312 (039%):	 Total:0.2583142	 Acc:0.3750000	 lr:0.0001471	 Mean_Total:0.2356043
2021-11-26 02:31:02,577 -  4386 /  7312 (059%):	 Total:0.2003718	 Acc:0.3125000	 lr:0.0001468	 Mean_Total:0.2489184
2021-11-26 02:31:49,394 -  5848 /  7312 (079%):	 Total:1.3843613	 Acc:0.0937500	 lr:0.0001465	 Mean_Total:0.2754918
2021-11-26 02:32:34,479 -  7310 /  7312 (099%):	 Total:0.7461833	 Acc:0.3750000	 lr:0.0001462	 Mean_Total:0.3070133
2021-11-26 02:32:34,819 - ===============================| start validation |===============================
2021-11-26 02:32:47,605 - 	 Total:0.2892248	 Acc:0.3844674
2021-11-26 02:32:47,612 -    ini file updated    
2021-11-26 02:32:47,647 - Snapshot saved to /data/users/wergillius/UTR_VAE/pth/RL_gru_MTL/1_layer_model/unmod1_k5-model_best_cv0.pth

2021-11-26 02:32:47,648 -    ini file updated    
2021-11-26 02:32:47,648 - ===============================|    epoch 50   |===============================
2021-11-26 02:32:48,450 -     0 /  7312 (000%):	 Total:0.1000426	 Acc:0.6250000	 lr:0.0001462	 Mean_Total:0.1000426
2021-11-26 02:33:54,299 -  1462 /  7312 (019%):	 Total:0.1754307	 Acc:0.3437500	 lr:0.0001459	 Mean_Total:0.2312464
2021-11-26 02:36:39,449 -  2924 /  7312 (039%):	 Total:0.2266506	 Acc:0.3437500	 lr:0.0001456	 Mean_Total:0.2353824
2021-11-26 02:39:24,962 -  4386 /  7312 (059%):	 Total:0.2168045	 Acc:0.3750000	 lr:0.0001453	 Mean_Total:0.2488341
2021-11-26 02:42:09,057 -  5848 /  7312 (079%):	 Total:0.3604015	 Acc:0.2812500	 lr:0.0001450	 Mean_Total:0.2751258
2021-11-26 02:44:52,955 -  7310 /  7312 (099%):	 Total:0.2179191	 Acc:0.3125000	 lr:0.0001447	 Mean_Total:0.3073440
2021-11-26 02:44:53,301 - ===============================| start validation |===============================
2021-11-26 02:45:41,975 - 	 Total:0.2917190	 Acc:0.3906635
2021-11-26 02:45:41,979 -    ini file updated    
2021-11-26 02:45:41,985 - Snapshot saved to /data/users/wergillius/UTR_VAE/pth/RL_gru_MTL/1_layer_model/unmod1_k5-model_best_cv0.pth

2021-11-26 02:45:41,986 -    ini file updated    
2021-11-26 02:45:41,986 - ===============================|    epoch 51   |===============================
2021-11-26 02:45:43,094 -     0 /  7312 (000%):	 Total:0.1550898	 Acc:0.2500000	 lr:0.0001447	 Mean_Total:0.1550898
2021-11-26 02:48:26,797 -  1462 /  7312 (019%):	 Total:0.1552193	 Acc:0.3750000	 lr:0.0001445	 Mean_Total:0.2304989
2021-11-26 02:51:11,385 -  2924 /  7312 (039%):	 Total:0.1596344	 Acc:0.4687500	 lr:0.0001442	 Mean_Total:0.2351665
2021-11-26 02:53:54,676 -  4386 /  7312 (059%):	 Total:0.3039430	 Acc:0.2500000	 lr:0.0001439	 Mean_Total:0.2487397
2021-11-26 02:56:38,199 -  5848 /  7312 (079%):	 Total:0.8036571	 Acc:0.3750000	 lr:0.0001436	 Mean_Total:0.2745349
2021-11-26 02:59:21,678 -  7310 /  7312 (099%):	 Total:0.2220621	 Acc:0.3437500	 lr:0.0001433	 Mean_Total:0.3066830
2021-11-26 02:59:22,061 - ===============================| start validation |===============================
2021-11-26 03:00:09,869 - 	 Total:0.2928201	 Acc:0.3918950
2021-11-26 03:00:09,875 -    ini file updated    
2021-11-26 03:00:09,889 - Snapshot saved to /data/users/wergillius/UTR_VAE/pth/RL_gru_MTL/1_layer_model/unmod1_k5-model_best_cv0.pth

2021-11-26 03:00:09,890 -    ini file updated    
2021-11-26 03:00:09,890 - ===============================|    epoch 52   |===============================
2021-11-26 03:00:10,857 -     0 /  7312 (000%):	 Total:0.1166581	 Acc:0.3437500	 lr:0.0001433	 Mean_Total:0.1166581
2021-11-26 03:02:55,210 -  1462 /  7312 (019%):	 Total:0.0880507	 Acc:0.4062500	 lr:0.0001431	 Mean_Total:0.2296670
2021-11-26 03:05:42,315 -  2924 /  7312 (039%):	 Total:0.5049869	 Acc:0.5000000	 lr:0.0001428	 Mean_Total:0.2339719
2021-11-26 03:08:27,790 -  4386 /  7312 (059%):	 Total:0.6847937	 Acc:0.3125000	 lr:0.0001425	 Mean_Total:0.2479523
2021-11-26 03:11:12,074 -  5848 /  7312 (079%):	 Total:0.7555619	 Acc:0.3750000	 lr:0.0001423	 Mean_Total:0.2738810
2021-11-26 03:13:57,254 -  7310 /  7312 (099%):	 Total:0.1203216	 Acc:0.4375000	 lr:0.0001420	 Mean_Total:0.3058638
2021-11-26 03:13:57,581 - ===============================| start validation |===============================
2021-11-26 03:14:46,597 - 	 Total:0.2901699	 Acc:0.3918950
2021-11-26 03:14:46,606 -    ini file updated    
2021-11-26 03:14:46,607 - ===============================|    epoch 53   |===============================
2021-11-26 03:14:47,593 -     0 /  7312 (000%):	 Total:0.1705576	 Acc:0.4375000	 lr:0.0001420	 Mean_Total:0.1705576
2021-11-26 03:17:31,347 -  1462 /  7312 (019%):	 Total:0.1418759	 Acc:0.5312500	 lr:0.0001417	 Mean_Total:0.2274533
2021-11-26 03:20:13,771 -  2924 /  7312 (039%):	 Total:0.1005994	 Acc:0.6250000	 lr:0.0001415	 Mean_Total:0.2336860
2021-11-26 03:22:57,089 -  4386 /  7312 (059%):	 Total:0.3205203	 Acc:0.2812500	 lr:0.0001412	 Mean_Total:0.2465158
2021-11-26 03:25:40,542 -  5848 /  7312 (079%):	 Total:0.4371076	 Acc:0.3437500	 lr:0.0001409	 Mean_Total:0.2731114
2021-11-26 03:28:25,793 -  7310 /  7312 (099%):	 Total:0.2135564	 Acc:0.3125000	 lr:0.0001407	 Mean_Total:0.3050042
2021-11-26 03:28:26,249 - ===============================| start validation |===============================
2021-11-26 03:29:14,801 - 	 Total:0.2881308	 Acc:0.3900862
2021-11-26 03:29:14,806 -    ini file updated    
2021-11-26 03:29:14,824 - Snapshot saved to /data/users/wergillius/UTR_VAE/pth/RL_gru_MTL/1_layer_model/unmod1_k5-model_best_cv0.pth

2021-11-26 03:29:14,825 -    ini file updated    
2021-11-26 03:29:14,825 - ===============================|    epoch 54   |===============================
2021-11-26 03:29:15,838 -     0 /  7312 (000%):	 Total:0.1824192	 Acc:0.3437500	 lr:0.0001407	 Mean_Total:0.1824192
2021-11-26 03:32:00,810 -  1462 /  7312 (019%):	 Total:0.1954552	 Acc:0.3750000	 lr:0.0001404	 Mean_Total:0.2261064
2021-11-26 03:34:45,937 -  2924 /  7312 (039%):	 Total:0.1595569	 Acc:0.4687500	 lr:0.0001401	 Mean_Total:0.2319953
2021-11-26 03:37:30,476 -  4386 /  7312 (059%):	 Total:0.1730477	 Acc:0.4375000	 lr:0.0001399	 Mean_Total:0.2457442
2021-11-26 03:40:14,950 -  5848 /  7312 (079%):	 Total:0.4269289	 Acc:0.3437500	 lr:0.0001396	 Mean_Total:0.2719964
2021-11-26 03:43:00,088 -  7310 /  7312 (099%):	 Total:0.2485068	 Acc:0.2187500	 lr:0.0001394	 Mean_Total:0.3039690
2021-11-26 03:43:00,460 - ===============================| start validation |===============================
2021-11-26 03:43:49,335 - 	 Total:0.2884901	 Acc:0.3923568
2021-11-26 03:43:49,339 -    ini file updated    
2021-11-26 03:43:49,348 - Snapshot saved to /data/users/wergillius/UTR_VAE/pth/RL_gru_MTL/1_layer_model/unmod1_k5-model_best_cv0.pth

2021-11-26 03:43:49,349 -    ini file updated    
2021-11-26 03:43:49,350 - ===============================|    epoch 55   |===============================
2021-11-26 03:43:50,314 -     0 /  7312 (000%):	 Total:0.1294526	 Acc:0.5312500	 lr:0.0001394	 Mean_Total:0.1294526
2021-11-26 03:46:35,027 -  1462 /  7312 (019%):	 Total:0.2133428	 Acc:0.3125000	 lr:0.0001391	 Mean_Total:0.2276175
2021-11-26 03:49:20,164 -  2924 /  7312 (039%):	 Total:0.1608880	 Acc:0.4062500	 lr:0.0001389	 Mean_Total:0.2322367
2021-11-26 03:52:05,329 -  4386 /  7312 (059%):	 Total:0.1261960	 Acc:0.3125000	 lr:0.0001386	 Mean_Total:0.2458456
2021-11-26 03:54:49,142 -  5848 /  7312 (079%):	 Total:0.7095152	 Acc:0.3125000	 lr:0.0001384	 Mean_Total:0.2725877
2021-11-26 03:57:33,904 -  7310 /  7312 (099%):	 Total:0.1847382	 Acc:0.5312500	 lr:0.0001381	 Mean_Total:0.3042134
2021-11-26 03:57:34,363 - ===============================| start validation |===============================
2021-11-26 03:58:23,306 - 	 Total:0.2903706	 Acc:0.3916256
2021-11-26 03:58:23,314 -    ini file updated    
2021-11-26 03:58:23,314 - ===============================|    epoch 56   |===============================
2021-11-26 03:58:24,462 -     0 /  7312 (000%):	 Total:0.1919712	 Acc:0.3750000	 lr:0.0001381	 Mean_Total:0.1919712
2021-11-26 04:01:09,563 -  1462 /  7312 (019%):	 Total:0.1538243	 Acc:0.4062500	 lr:0.0001379	 Mean_Total:0.2279187
2021-11-26 04:03:53,557 -  2924 /  7312 (039%):	 Total:0.6625634	 Acc:0.4062500	 lr:0.0001376	 Mean_Total:0.2316065
2021-11-26 04:06:40,823 -  4386 /  7312 (059%):	 Total:0.2649035	 Acc:0.3437500	 lr:0.0001374	 Mean_Total:0.2453448
2021-11-26 04:09:26,097 -  5848 /  7312 (079%):	 Total:0.5247854	 Acc:0.3437500	 lr:0.0001372	 Mean_Total:0.2720193
2021-11-26 04:12:09,531 -  7310 /  7312 (099%):	 Total:0.1791440	 Acc:0.3437500	 lr:0.0001369	 Mean_Total:0.3031970
2021-11-26 04:12:09,970 - ===============================| start validation |===============================
2021-11-26 04:12:59,632 - 	 Total:0.2907483	 Acc:0.3942426
2021-11-26 04:12:59,637 -    ini file updated    
2021-11-26 04:12:59,646 - Snapshot saved to /data/users/wergillius/UTR_VAE/pth/RL_gru_MTL/1_layer_model/unmod1_k5-model_best_cv0.pth

2021-11-26 04:12:59,647 -    ini file updated    
2021-11-26 04:12:59,647 - ===============================|    epoch 57   |===============================
2021-11-26 04:13:00,787 -     0 /  7312 (000%):	 Total:0.2678194	 Acc:0.3437500	 lr:0.0001369	 Mean_Total:0.2678194
2021-11-26 04:15:45,025 -  1462 /  7312 (019%):	 Total:0.1642175	 Acc:0.4062500	 lr:0.0001367	 Mean_Total:0.2246446
2021-11-26 04:18:30,091 -  2924 /  7312 (039%):	 Total:0.1517137	 Acc:0.5937500	 lr:0.0001364	 Mean_Total:0.2303238
2021-11-26 04:21:15,005 -  4386 /  7312 (059%):	 Total:0.1035693	 Acc:0.5625000	 lr:0.0001362	 Mean_Total:0.2440528
2021-11-26 04:24:01,541 -  5848 /  7312 (079%):	 Total:0.2924690	 Acc:0.3125000	 lr:0.0001360	 Mean_Total:0.2703547
2021-11-26 04:26:46,480 -  7310 /  7312 (099%):	 Total:0.2479323	 Acc:0.3125000	 lr:0.0001357	 Mean_Total:0.3022481
2021-11-26 04:26:46,835 - ===============================| start validation |===============================
2021-11-26 04:27:36,274 - 	 Total:0.2901488	 Acc:0.3917411
2021-11-26 04:27:36,288 -    ini file updated    
2021-11-26 04:27:36,288 - ===============================|    epoch 58   |===============================
2021-11-26 04:27:37,317 -     0 /  7312 (000%):	 Total:0.1850080	 Acc:0.4687500	 lr:0.0001357	 Mean_Total:0.1850080
2021-11-26 04:30:21,764 -  1462 /  7312 (019%):	 Total:0.1541345	 Acc:0.3437500	 lr:0.0001355	 Mean_Total:0.2240844
2021-11-26 04:33:06,676 -  2924 /  7312 (039%):	 Total:0.7510786	 Acc:0.3437500	 lr:0.0001353	 Mean_Total:0.2300192
2021-11-26 04:35:52,193 -  4386 /  7312 (059%):	 Total:0.2219490	 Acc:0.3125000	 lr:0.0001350	 Mean_Total:0.2439067
2021-11-26 04:38:39,930 -  5848 /  7312 (079%):	 Total:0.7928582	 Acc:0.3437500	 lr:0.0001348	 Mean_Total:0.2698280
2021-11-26 04:41:24,520 -  7310 /  7312 (099%):	 Total:0.1673736	 Acc:0.6250000	 lr:0.0001346	 Mean_Total:0.3021706
2021-11-26 04:41:24,956 - ===============================| start validation |===============================
2021-11-26 04:42:14,700 - 	 Total:0.2906171	 Acc:0.3933959
2021-11-26 04:42:14,705 -    ini file updated    
2021-11-26 04:42:14,705 - ===============================|    epoch 59   |===============================
2021-11-26 04:42:15,784 -     0 /  7312 (000%):	 Total:0.1178729	 Acc:0.5000000	 lr:0.0001346	 Mean_Total:0.1178729
2021-11-26 04:44:59,925 -  1462 /  7312 (019%):	 Total:0.1176420	 Acc:0.4687500	 lr:0.0001343	 Mean_Total:0.2244209
2021-11-26 04:47:15,150 -  2924 /  7312 (039%):	 Total:0.1549162	 Acc:0.4687500	 lr:0.0001341	 Mean_Total:0.2294657
2021-11-26 04:49:13,127 -  4386 /  7312 (059%):	 Total:0.3509466	 Acc:0.4062500	 lr:0.0001339	 Mean_Total:0.2432222
2021-11-26 04:51:06,657 -  5848 /  7312 (079%):	 Total:0.3132777	 Acc:0.2812500	 lr:0.0001337	 Mean_Total:0.2700488
2021-11-26 04:52:58,428 -  7310 /  7312 (099%):	 Total:0.7461436	 Acc:0.3125000	 lr:0.0001334	 Mean_Total:0.3015661
2021-11-26 04:52:58,798 - ===============================| start validation |===============================
2021-11-26 04:53:33,061 - 	 Total:0.2879481	 Acc:0.3920105
2021-11-26 04:53:33,066 -    ini file updated    
2021-11-26 04:53:33,073 - Snapshot saved to /data/users/wergillius/UTR_VAE/pth/RL_gru_MTL/1_layer_model/unmod1_k5-model_best_cv0.pth

2021-11-26 04:53:33,074 -    ini file updated    
2021-11-26 04:53:33,074 - ===============================|    epoch 60   |===============================
2021-11-26 04:53:33,983 -     0 /  7312 (000%):	 Total:0.1209045	 Acc:0.4375000	 lr:0.0001334	 Mean_Total:0.1209045
2021-11-26 04:55:27,452 -  1462 /  7312 (019%):	 Total:0.1196961	 Acc:0.4062500	 lr:0.0001332	 Mean_Total:0.2249858
2021-11-26 04:57:22,443 -  2924 /  7312 (039%):	 Total:0.1426292	 Acc:0.3125000	 lr:0.0001330	 Mean_Total:0.2296914
2021-11-26 04:59:16,327 -  4386 /  7312 (059%):	 Total:0.1535913	 Acc:0.4375000	 lr:0.0001328	 Mean_Total:0.2432024
2021-11-26 05:01:08,242 -  5848 /  7312 (079%):	 Total:0.2705358	 Acc:0.2187500	 lr:0.0001326	 Mean_Total:0.2699258
2021-11-26 05:02:42,125 -  7310 /  7312 (099%):	 Total:0.1953660	 Acc:0.3437500	 lr:0.0001323	 Mean_Total:0.3017333
2021-11-26 05:02:42,527 - ===============================| start validation |===============================
2021-11-26 05:03:08,242 - 	 Total:0.2883321	 Acc:0.3937808
2021-11-26 05:03:08,248 -    ini file updated    
