2021-11-26 11:30:36,242 -   	 	 ==============<<< device used: cuda:1  >>>============== 	 	 
2021-11-26 11:30:51,305 - ===============================|    epoch 0   |===============================
2021-11-26 11:30:52,591 -     0 /  7312 (000%):	 Total:46.9737549	 Acc:0.0000000	 lr:0.0009882	 Mean_Total:46.9737549
2021-11-26 11:34:10,257 -  1462 /  7312 (019%):	 Total:0.7484025	 Acc:0.3125000	 lr:0.0023109	 Mean_Total:1.8583801
2021-11-26 11:37:33,325 -  2924 /  7312 (039%):	 Total:1.0768253	 Acc:0.1250000	 lr:0.0016343	 Mean_Total:1.3791843
2021-11-26 11:40:55,704 -  4386 /  7312 (059%):	 Total:1.0473335	 Acc:0.1562500	 lr:0.0013345	 Mean_Total:1.2321765
2021-11-26 11:44:18,908 -  5848 /  7312 (079%):	 Total:0.8601465	 Acc:0.2812500	 lr:0.0011557	 Mean_Total:1.1792847
2021-11-26 11:47:42,958 -  7310 /  7312 (099%):	 Total:1.5395806	 Acc:0.2187500	 lr:0.0010337	 Mean_Total:1.1618618
2021-11-26 11:47:43,179 - ===============================| start validation |===============================
2021-11-26 11:48:41,826 - 	 Total:0.9066766	 Acc:0.2642780
2021-11-26 11:48:41,831 -    ini file updated    
2021-11-26 11:48:41,842 - Snapshot saved to /data/users/wergillius/UTR_VAE/pth/RL_gru_MTL/1_layer_model/unmod1_k17-model_best_cv2.pth

2021-11-26 11:48:41,843 -    ini file updated    
2021-11-26 11:48:41,843 - ===============================|    epoch 1   |===============================
2021-11-26 11:48:42,905 -     0 /  7312 (000%):	 Total:1.3567110	 Acc:0.1562500	 lr:0.0010336	 Mean_Total:1.3567110
2021-11-26 11:52:04,824 -  1462 /  7312 (019%):	 Total:0.4495643	 Acc:0.3437500	 lr:0.0009436	 Mean_Total:0.7564789
2021-11-26 11:55:27,307 -  2924 /  7312 (039%):	 Total:0.1941847	 Acc:0.4375000	 lr:0.0008736	 Mean_Total:0.6898497
2021-11-26 11:59:01,468 -  4386 /  7312 (059%):	 Total:0.4083328	 Acc:0.3125000	 lr:0.0008172	 Mean_Total:0.6740101
2021-11-26 12:02:24,197 -  5848 /  7312 (079%):	 Total:0.4401928	 Acc:0.3125000	 lr:0.0007705	 Mean_Total:0.6784314
2021-11-26 12:05:50,253 -  7310 /  7312 (099%):	 Total:0.4619936	 Acc:0.2500000	 lr:0.0007309	 Mean_Total:0.6999438
2021-11-26 12:05:50,518 - ===============================| start validation |===============================
2021-11-26 12:06:49,951 - 	 Total:0.6112222	 Acc:0.2892934
2021-11-26 12:06:49,956 -    ini file updated    
2021-11-26 12:06:49,971 - Snapshot saved to /data/users/wergillius/UTR_VAE/pth/RL_gru_MTL/1_layer_model/unmod1_k17-model_best_cv2.pth

2021-11-26 12:06:49,972 -    ini file updated    
2021-11-26 12:06:49,972 - ===============================|    epoch 2   |===============================
2021-11-26 12:06:50,823 -     0 /  7312 (000%):	 Total:0.3258866	 Acc:0.3437500	 lr:0.0007309	 Mean_Total:0.3258866
2021-11-26 12:10:18,936 -  1462 /  7312 (019%):	 Total:0.5254851	 Acc:0.3437500	 lr:0.0006969	 Mean_Total:0.5838380
2021-11-26 12:14:00,660 -  2924 /  7312 (039%):	 Total:0.7933547	 Acc:0.1875000	 lr:0.0006672	 Mean_Total:0.5759684
2021-11-26 12:17:42,555 -  4386 /  7312 (059%):	 Total:1.1530744	 Acc:0.2187500	 lr:0.0006411	 Mean_Total:0.5816591
2021-11-26 12:21:24,339 -  5848 /  7312 (079%):	 Total:0.4371995	 Acc:0.3125000	 lr:0.0006177	 Mean_Total:0.6000496
2021-11-26 12:25:07,115 -  7310 /  7312 (099%):	 Total:0.4655753	 Acc:0.2500000	 lr:0.0005968	 Mean_Total:0.6293394
2021-11-26 12:25:07,561 - ===============================| start validation |===============================
2021-11-26 12:26:10,980 - 	 Total:0.5639407	 Acc:0.2981835
2021-11-26 12:26:10,985 -    ini file updated    
2021-11-26 12:26:10,992 - Snapshot saved to /data/users/wergillius/UTR_VAE/pth/RL_gru_MTL/1_layer_model/unmod1_k17-model_best_cv2.pth

2021-11-26 12:26:10,992 -    ini file updated    
2021-11-26 12:26:10,993 - ===============================|    epoch 3   |===============================
2021-11-26 12:26:11,907 -     0 /  7312 (000%):	 Total:0.4514884	 Acc:0.3750000	 lr:0.0005968	 Mean_Total:0.4514884
2021-11-26 12:29:53,224 -  1462 /  7312 (019%):	 Total:0.4057878	 Acc:0.4375000	 lr:0.0005778	 Mean_Total:0.5371528
2021-11-26 12:33:34,399 -  2924 /  7312 (039%):	 Total:0.8132975	 Acc:0.2187500	 lr:0.0005606	 Mean_Total:0.5273040
2021-11-26 12:37:14,947 -  4386 /  7312 (059%):	 Total:0.8015797	 Acc:0.2187500	 lr:0.0005448	 Mean_Total:0.5316037
2021-11-26 12:40:57,499 -  5848 /  7312 (079%):	 Total:0.9487275	 Acc:0.1562500	 lr:0.0005303	 Mean_Total:0.5498768
2021-11-26 12:44:40,209 -  7310 /  7312 (099%):	 Total:0.3399060	 Acc:0.1562500	 lr:0.0005168	 Mean_Total:0.5781387
2021-11-26 12:44:40,590 - ===============================| start validation |===============================
2021-11-26 12:45:43,969 - 	 Total:0.4860445	 Acc:0.3062654
2021-11-26 12:45:43,974 -    ini file updated    
2021-11-26 12:45:43,982 - Snapshot saved to /data/users/wergillius/UTR_VAE/pth/RL_gru_MTL/1_layer_model/unmod1_k17-model_best_cv2.pth

2021-11-26 12:45:43,983 -    ini file updated    
2021-11-26 12:45:43,983 - ===============================|    epoch 4   |===============================
2021-11-26 12:45:44,792 -     0 /  7312 (000%):	 Total:0.4594031	 Acc:0.3750000	 lr:0.0005168	 Mean_Total:0.4594031
2021-11-26 12:49:27,714 -  1462 /  7312 (019%):	 Total:0.2192651	 Acc:0.2500000	 lr:0.0005044	 Mean_Total:0.4596995
2021-11-26 12:53:10,779 -  2924 /  7312 (039%):	 Total:0.5200406	 Acc:0.2500000	 lr:0.0004928	 Mean_Total:0.4518698
2021-11-26 12:56:52,395 -  4386 /  7312 (059%):	 Total:0.3035384	 Acc:0.2812500	 lr:0.0004819	 Mean_Total:0.4573200
2021-11-26 13:00:30,927 -  5848 /  7312 (079%):	 Total:0.9270035	 Acc:0.1562500	 lr:0.0004718	 Mean_Total:0.4771607
2021-11-26 13:04:15,070 -  7310 /  7312 (099%):	 Total:0.3038062	 Acc:0.4687500	 lr:0.0004623	 Mean_Total:0.5056690
2021-11-26 13:04:15,471 - ===============================| start validation |===============================
2021-11-26 13:05:20,398 - 	 Total:0.4244370	 Acc:0.3169258
2021-11-26 13:05:20,404 -    ini file updated    
2021-11-26 13:05:20,412 - Snapshot saved to /data/users/wergillius/UTR_VAE/pth/RL_gru_MTL/1_layer_model/unmod1_k17-model_best_cv2.pth

2021-11-26 13:05:20,413 -    ini file updated    
2021-11-26 13:05:20,413 - ===============================|    epoch 5   |===============================
2021-11-26 13:05:21,298 -     0 /  7312 (000%):	 Total:0.2200238	 Acc:0.3750000	 lr:0.0004623	 Mean_Total:0.2200238
2021-11-26 13:09:03,700 -  1462 /  7312 (019%):	 Total:0.3310953	 Acc:0.4375000	 lr:0.0004533	 Mean_Total:0.3962543
2021-11-26 13:12:48,151 -  2924 /  7312 (039%):	 Total:0.2311956	 Acc:0.3437500	 lr:0.0004448	 Mean_Total:0.3974184
2021-11-26 13:16:29,179 -  4386 /  7312 (059%):	 Total:0.2661590	 Acc:0.3750000	 lr:0.0004368	 Mean_Total:0.4092344
2021-11-26 13:20:08,857 -  5848 /  7312 (079%):	 Total:0.8528636	 Acc:0.2187500	 lr:0.0004292	 Mean_Total:0.4344008
2021-11-26 13:23:51,404 -  7310 /  7312 (099%):	 Total:0.2723204	 Acc:0.3750000	 lr:0.0004220	 Mean_Total:0.4656919
2021-11-26 13:23:51,943 - ===============================| start validation |===============================
2021-11-26 13:24:55,305 - 	 Total:0.4047358	 Acc:0.3260853
2021-11-26 13:24:55,318 -    ini file updated    
2021-11-26 13:24:55,324 - Snapshot saved to /data/users/wergillius/UTR_VAE/pth/RL_gru_MTL/1_layer_model/unmod1_k17-model_best_cv2.pth

2021-11-26 13:24:55,325 -    ini file updated    
2021-11-26 13:24:55,325 - ===============================|    epoch 6   |===============================
2021-11-26 13:24:56,162 -     0 /  7312 (000%):	 Total:0.2909315	 Acc:0.3750000	 lr:0.0004220	 Mean_Total:0.2909315
2021-11-26 13:28:39,779 -  1462 /  7312 (019%):	 Total:0.5221983	 Acc:0.3750000	 lr:0.0004151	 Mean_Total:0.3744040
2021-11-26 13:32:22,467 -  2924 /  7312 (039%):	 Total:0.2470740	 Acc:0.3125000	 lr:0.0004086	 Mean_Total:0.3753261
2021-11-26 13:36:04,928 -  4386 /  7312 (059%):	 Total:0.3557108	 Acc:0.2500000	 lr:0.0004024	 Mean_Total:0.3878563
2021-11-26 13:39:43,854 -  5848 /  7312 (079%):	 Total:0.4132686	 Acc:0.2812500	 lr:0.0003964	 Mean_Total:0.4138756
2021-11-26 13:43:11,390 -  7310 /  7312 (099%):	 Total:0.5444778	 Acc:0.2500000	 lr:0.0003907	 Mean_Total:0.4454960
2021-11-26 13:43:11,849 - ===============================| start validation |===============================
2021-11-26 13:44:11,812 - 	 Total:0.3981379	 Acc:0.3258929
2021-11-26 13:44:11,817 -    ini file updated    
2021-11-26 13:44:11,834 - Snapshot saved to /data/users/wergillius/UTR_VAE/pth/RL_gru_MTL/1_layer_model/unmod1_k17-model_best_cv2.pth

2021-11-26 13:44:11,834 -    ini file updated    
2021-11-26 13:44:11,835 - ===============================|    epoch 7   |===============================
2021-11-26 13:44:12,936 -     0 /  7312 (000%):	 Total:0.2301432	 Acc:0.3750000	 lr:0.0003907	 Mean_Total:0.2301432
2021-11-26 13:47:36,815 -  1462 /  7312 (019%):	 Total:0.3250150	 Acc:0.2187500	 lr:0.0003852	 Mean_Total:0.3618663
2021-11-26 13:51:03,267 -  2924 /  7312 (039%):	 Total:0.2356946	 Acc:0.3125000	 lr:0.0003800	 Mean_Total:0.3629608
2021-11-26 13:54:27,090 -  4386 /  7312 (059%):	 Total:0.4027573	 Acc:0.2812500	 lr:0.0003749	 Mean_Total:0.3750524
2021-11-26 13:57:52,544 -  5848 /  7312 (079%):	 Total:0.4967360	 Acc:0.4687500	 lr:0.0003701	 Mean_Total:0.4006442
2021-11-26 14:01:16,541 -  7310 /  7312 (099%):	 Total:0.3913192	 Acc:0.2500000	 lr:0.0003655	 Mean_Total:0.4323489
2021-11-26 14:01:16,973 - ===============================| start validation |===============================
2021-11-26 14:02:16,109 - 	 Total:0.3854349	 Acc:0.3331281
2021-11-26 14:02:16,120 -    ini file updated    
2021-11-26 14:02:16,131 - Snapshot saved to /data/users/wergillius/UTR_VAE/pth/RL_gru_MTL/1_layer_model/unmod1_k17-model_best_cv2.pth

2021-11-26 14:02:16,132 -    ini file updated    
2021-11-26 14:02:16,132 - ===============================|    epoch 8   |===============================
2021-11-26 14:02:17,063 -     0 /  7312 (000%):	 Total:0.2660078	 Acc:0.2187500	 lr:0.0003655	 Mean_Total:0.2660078
2021-11-26 14:05:43,762 -  1462 /  7312 (019%):	 Total:0.6977209	 Acc:0.4375000	 lr:0.0003610	 Mean_Total:0.3439197
2021-11-26 14:09:07,703 -  2924 /  7312 (039%):	 Total:0.4076813	 Acc:0.3125000	 lr:0.0003566	 Mean_Total:0.3479733
2021-11-26 14:12:32,094 -  4386 /  7312 (059%):	 Total:0.2633410	 Acc:0.3437500	 lr:0.0003525	 Mean_Total:0.3631232
2021-11-26 14:15:58,092 -  5848 /  7312 (079%):	 Total:0.4799607	 Acc:0.2500000	 lr:0.0003484	 Mean_Total:0.3883313
2021-11-26 14:19:23,095 -  7310 /  7312 (099%):	 Total:0.7423302	 Acc:0.2500000	 lr:0.0003446	 Mean_Total:0.4205394
2021-11-26 14:19:23,501 - ===============================| start validation |===============================
2021-11-26 14:20:22,174 - 	 Total:0.3767500	 Acc:0.3395166
2021-11-26 14:20:22,186 -    ini file updated    
2021-11-26 14:20:22,194 - Snapshot saved to /data/users/wergillius/UTR_VAE/pth/RL_gru_MTL/1_layer_model/unmod1_k17-model_best_cv2.pth

2021-11-26 14:20:22,194 -    ini file updated    
2021-11-26 14:20:22,194 - ===============================|    epoch 9   |===============================
2021-11-26 14:20:23,067 -     0 /  7312 (000%):	 Total:0.6661975	 Acc:0.3750000	 lr:0.0003446	 Mean_Total:0.6661975
2021-11-26 14:23:43,832 -  1462 /  7312 (019%):	 Total:0.2403894	 Acc:0.5312500	 lr:0.0003408	 Mean_Total:0.3362451
2021-11-26 14:27:08,118 -  2924 /  7312 (039%):	 Total:0.4258619	 Acc:0.3437500	 lr:0.0003371	 Mean_Total:0.3417345
2021-11-26 14:30:33,899 -  4386 /  7312 (059%):	 Total:0.2786149	 Acc:0.3750000	 lr:0.0003336	 Mean_Total:0.3556304
2021-11-26 14:33:59,965 -  5848 /  7312 (079%):	 Total:0.5271413	 Acc:0.2500000	 lr:0.0003302	 Mean_Total:0.3808121
2021-11-26 14:37:25,316 -  7310 /  7312 (099%):	 Total:0.5222164	 Acc:0.3125000	 lr:0.0003269	 Mean_Total:0.4126330
2021-11-26 14:37:25,688 - ===============================| start validation |===============================
2021-11-26 14:38:25,020 - 	 Total:0.3767029	 Acc:0.3490610
2021-11-26 14:38:25,028 -    ini file updated    
2021-11-26 14:38:25,038 - Snapshot saved to /data/users/wergillius/UTR_VAE/pth/RL_gru_MTL/1_layer_model/unmod1_k17-model_best_cv2.pth

2021-11-26 14:38:25,039 -    ini file updated    
2021-11-26 14:38:25,039 - ===============================|    epoch 10   |===============================
2021-11-26 14:38:25,976 -     0 /  7312 (000%):	 Total:0.2804599	 Acc:0.3437500	 lr:0.0003269	 Mean_Total:0.2804599
2021-11-26 14:41:48,303 -  1462 /  7312 (019%):	 Total:0.2231040	 Acc:0.4062500	 lr:0.0003236	 Mean_Total:0.3307840
2021-11-26 14:45:16,491 -  2924 /  7312 (039%):	 Total:0.3437976	 Acc:0.2187500	 lr:0.0003205	 Mean_Total:0.3350672
2021-11-26 14:48:42,304 -  4386 /  7312 (059%):	 Total:0.2584496	 Acc:0.5937500	 lr:0.0003175	 Mean_Total:0.3482599
2021-11-26 14:52:06,501 -  5848 /  7312 (079%):	 Total:0.3175188	 Acc:0.2187500	 lr:0.0003145	 Mean_Total:0.3741425
2021-11-26 14:55:30,423 -  7310 /  7312 (099%):	 Total:0.6381258	 Acc:0.3125000	 lr:0.0003117	 Mean_Total:0.4053959
2021-11-26 14:55:30,847 - ===============================| start validation |===============================
2021-11-26 14:56:29,781 - 	 Total:0.3655581	 Acc:0.3471752
2021-11-26 14:56:29,792 -    ini file updated    
2021-11-26 14:56:29,799 - Snapshot saved to /data/users/wergillius/UTR_VAE/pth/RL_gru_MTL/1_layer_model/unmod1_k17-model_best_cv2.pth

2021-11-26 14:56:29,799 -    ini file updated    
2021-11-26 14:56:29,800 - ===============================|    epoch 11   |===============================
2021-11-26 14:56:30,676 -     0 /  7312 (000%):	 Total:0.9862429	 Acc:0.3437500	 lr:0.0003117	 Mean_Total:0.9862429
2021-11-26 14:59:55,747 -  1462 /  7312 (019%):	 Total:0.6511211	 Acc:0.3437500	 lr:0.0003089	 Mean_Total:0.3252127
2021-11-26 15:03:21,669 -  2924 /  7312 (039%):	 Total:0.2482321	 Acc:0.4062500	 lr:0.0003061	 Mean_Total:0.3285478
2021-11-26 15:06:47,004 -  4386 /  7312 (059%):	 Total:0.2925618	 Acc:0.1562500	 lr:0.0003035	 Mean_Total:0.3427804
2021-11-26 15:10:11,931 -  5848 /  7312 (079%):	 Total:0.3843716	 Acc:0.2500000	 lr:0.0003009	 Mean_Total:0.3674772
2021-11-26 15:13:38,296 -  7310 /  7312 (099%):	 Total:0.3280444	 Acc:0.2187500	 lr:0.0002984	 Mean_Total:0.3995850
2021-11-26 15:13:38,724 - ===============================| start validation |===============================
2021-11-26 15:14:39,951 - 	 Total:0.3639980	 Acc:0.3519858
2021-11-26 15:14:39,956 -    ini file updated    
2021-11-26 15:14:39,962 - Snapshot saved to /data/users/wergillius/UTR_VAE/pth/RL_gru_MTL/1_layer_model/unmod1_k17-model_best_cv2.pth

2021-11-26 15:14:39,963 -    ini file updated    
2021-11-26 15:14:39,963 - ===============================|    epoch 12   |===============================
2021-11-26 15:14:40,832 -     0 /  7312 (000%):	 Total:0.3702291	 Acc:0.3125000	 lr:0.0002984	 Mean_Total:0.3702291
2021-11-26 15:18:04,190 -  1462 /  7312 (019%):	 Total:0.2148232	 Acc:0.4375000	 lr:0.0002959	 Mean_Total:0.3197027
2021-11-26 15:21:28,846 -  2924 /  7312 (039%):	 Total:0.4297191	 Acc:0.5000000	 lr:0.0002935	 Mean_Total:0.3239450
2021-11-26 15:24:52,202 -  4386 /  7312 (059%):	 Total:0.2545049	 Acc:0.1562500	 lr:0.0002912	 Mean_Total:0.3362854
2021-11-26 15:28:16,495 -  5848 /  7312 (079%):	 Total:0.6618083	 Acc:0.3125000	 lr:0.0002889	 Mean_Total:0.3618202
2021-11-26 15:31:41,609 -  7310 /  7312 (099%):	 Total:0.6289358	 Acc:0.2500000	 lr:0.0002867	 Mean_Total:0.3939458
2021-11-26 15:31:41,982 - ===============================| start validation |===============================
2021-11-26 15:32:39,733 - 	 Total:0.3571022	 Acc:0.3542180
2021-11-26 15:32:39,739 -    ini file updated    
2021-11-26 15:32:39,754 - Snapshot saved to /data/users/wergillius/UTR_VAE/pth/RL_gru_MTL/1_layer_model/unmod1_k17-model_best_cv2.pth

2021-11-26 15:32:39,754 -    ini file updated    
2021-11-26 15:32:39,755 - ===============================|    epoch 13   |===============================
2021-11-26 15:32:40,703 -     0 /  7312 (000%):	 Total:0.2289904	 Acc:0.2500000	 lr:0.0002867	 Mean_Total:0.2289904
2021-11-26 15:36:07,174 -  1462 /  7312 (019%):	 Total:0.2248400	 Acc:0.4062500	 lr:0.0002845	 Mean_Total:0.3136316
2021-11-26 15:39:32,125 -  2924 /  7312 (039%):	 Total:0.3741369	 Acc:0.3437500	 lr:0.0002824	 Mean_Total:0.3171974
2021-11-26 15:42:57,884 -  4386 /  7312 (059%):	 Total:0.3225412	 Acc:0.3437500	 lr:0.0002803	 Mean_Total:0.3308986
2021-11-26 15:46:23,674 -  5848 /  7312 (079%):	 Total:0.8542640	 Acc:0.1875000	 lr:0.0002783	 Mean_Total:0.3565300
2021-11-26 15:49:47,545 -  7310 /  7312 (099%):	 Total:0.2397110	 Acc:0.3437500	 lr:0.0002763	 Mean_Total:0.3893417
2021-11-26 15:49:47,910 - ===============================| start validation |===============================
2021-11-26 15:50:46,919 - 	 Total:0.3526176	 Acc:0.3506389
2021-11-26 15:50:46,925 -    ini file updated    
2021-11-26 15:50:46,931 - Snapshot saved to /data/users/wergillius/UTR_VAE/pth/RL_gru_MTL/1_layer_model/unmod1_k17-model_best_cv2.pth

2021-11-26 15:50:46,932 -    ini file updated    
2021-11-26 15:50:46,932 - ===============================|    epoch 14   |===============================
2021-11-26 15:50:47,857 -     0 /  7312 (000%):	 Total:0.4062527	 Acc:0.3750000	 lr:0.0002763	 Mean_Total:0.4062527
2021-11-26 15:54:11,900 -  1462 /  7312 (019%):	 Total:0.2588648	 Acc:0.3750000	 lr:0.0002743	 Mean_Total:0.3080042
2021-11-26 15:57:35,046 -  2924 /  7312 (039%):	 Total:0.6978555	 Acc:0.5000000	 lr:0.0002724	 Mean_Total:0.3130541
2021-11-26 16:00:58,624 -  4386 /  7312 (059%):	 Total:0.2546887	 Acc:0.4375000	 lr:0.0002705	 Mean_Total:0.3264838
2021-11-26 16:04:21,212 -  5848 /  7312 (079%):	 Total:0.3939430	 Acc:0.3750000	 lr:0.0002687	 Mean_Total:0.3522342
2021-11-26 16:07:46,088 -  7310 /  7312 (099%):	 Total:0.2503443	 Acc:0.4375000	 lr:0.0002669	 Mean_Total:0.3841603
2021-11-26 16:07:46,490 - ===============================| start validation |===============================
2021-11-26 16:08:45,870 - 	 Total:0.3516150	 Acc:0.3581050
2021-11-26 16:08:45,875 -    ini file updated    
2021-11-26 16:08:45,891 - Snapshot saved to /data/users/wergillius/UTR_VAE/pth/RL_gru_MTL/1_layer_model/unmod1_k17-model_best_cv2.pth

2021-11-26 16:08:45,892 -    ini file updated    
2021-11-26 16:08:45,892 - ===============================|    epoch 15   |===============================
2021-11-26 16:08:46,836 -     0 /  7312 (000%):	 Total:0.1901276	 Acc:0.3750000	 lr:0.0002669	 Mean_Total:0.1901276
2021-11-26 16:12:10,464 -  1462 /  7312 (019%):	 Total:0.1516351	 Acc:0.4375000	 lr:0.0002651	 Mean_Total:0.3048895
2021-11-26 16:15:34,373 -  2924 /  7312 (039%):	 Total:0.2830729	 Acc:0.3125000	 lr:0.0002634	 Mean_Total:0.3096907
2021-11-26 16:18:59,115 -  4386 /  7312 (059%):	 Total:0.2809853	 Acc:0.3437500	 lr:0.0002617	 Mean_Total:0.3221306
2021-11-26 16:22:23,822 -  5848 /  7312 (079%):	 Total:1.0131460	 Acc:0.1875000	 lr:0.0002600	 Mean_Total:0.3481316
2021-11-26 16:25:48,293 -  7310 /  7312 (099%):	 Total:0.2538229	 Acc:0.3437500	 lr:0.0002584	 Mean_Total:0.3796779
2021-11-26 16:25:48,688 - ===============================| start validation |===============================
2021-11-26 16:26:48,092 - 	 Total:0.3450523	 Acc:0.3572968
2021-11-26 16:26:48,099 -    ini file updated    
2021-11-26 16:26:48,106 - Snapshot saved to /data/users/wergillius/UTR_VAE/pth/RL_gru_MTL/1_layer_model/unmod1_k17-model_best_cv2.pth

2021-11-26 16:26:48,107 -    ini file updated    
2021-11-26 16:26:48,107 - ===============================|    epoch 16   |===============================
2021-11-26 16:26:49,090 -     0 /  7312 (000%):	 Total:0.2430864	 Acc:0.2812500	 lr:0.0002584	 Mean_Total:0.2430864
2021-11-26 16:30:13,832 -  1462 /  7312 (019%):	 Total:0.1898914	 Acc:0.4687500	 lr:0.0002568	 Mean_Total:0.2975432
2021-11-26 16:33:36,759 -  2924 /  7312 (039%):	 Total:0.4556201	 Acc:0.2500000	 lr:0.0002552	 Mean_Total:0.3018676
2021-11-26 16:37:02,030 -  4386 /  7312 (059%):	 Total:0.1998952	 Acc:0.3125000	 lr:0.0002537	 Mean_Total:0.3167237
2021-11-26 16:40:24,698 -  5848 /  7312 (079%):	 Total:0.2510673	 Acc:0.1875000	 lr:0.0002522	 Mean_Total:0.3435665
2021-11-26 16:43:50,186 -  7310 /  7312 (099%):	 Total:0.3222035	 Acc:0.2187500	 lr:0.0002507	 Mean_Total:0.3750341
2021-11-26 16:43:50,568 - ===============================| start validation |===============================
2021-11-26 16:44:48,677 - 	 Total:0.3438120	 Acc:0.3603371
2021-11-26 16:44:48,681 -    ini file updated    
2021-11-26 16:44:48,688 - Snapshot saved to /data/users/wergillius/UTR_VAE/pth/RL_gru_MTL/1_layer_model/unmod1_k17-model_best_cv2.pth

2021-11-26 16:44:48,689 -    ini file updated    
2021-11-26 16:44:48,689 - ===============================|    epoch 17   |===============================
2021-11-26 16:44:49,667 -     0 /  7312 (000%):	 Total:0.2565079	 Acc:0.2500000	 lr:0.0002507	 Mean_Total:0.2565079
2021-11-26 16:48:12,658 -  1462 /  7312 (019%):	 Total:0.3377918	 Acc:0.4375000	 lr:0.0002492	 Mean_Total:0.2957414
2021-11-26 16:51:37,521 -  2924 /  7312 (039%):	 Total:0.3195724	 Acc:0.3750000	 lr:0.0002478	 Mean_Total:0.3001205
2021-11-26 16:55:04,059 -  4386 /  7312 (059%):	 Total:1.3650689	 Acc:0.3437500	 lr:0.0002464	 Mean_Total:0.3141418
2021-11-26 16:58:27,106 -  5848 /  7312 (079%):	 Total:0.2171158	 Acc:0.4375000	 lr:0.0002450	 Mean_Total:0.3409926
2021-11-26 17:01:51,002 -  7310 /  7312 (099%):	 Total:0.3011898	 Acc:0.2187500	 lr:0.0002436	 Mean_Total:0.3725634
2021-11-26 17:01:51,397 - ===============================| start validation |===============================
2021-11-26 17:02:50,441 - 	 Total:0.3435306	 Acc:0.3649554
2021-11-26 17:02:50,446 -    ini file updated    
2021-11-26 17:02:50,454 - Snapshot saved to /data/users/wergillius/UTR_VAE/pth/RL_gru_MTL/1_layer_model/unmod1_k17-model_best_cv2.pth

2021-11-26 17:02:50,455 -    ini file updated    
2021-11-26 17:02:50,455 - ===============================|    epoch 18   |===============================
2021-11-26 17:02:51,394 -     0 /  7312 (000%):	 Total:0.1700384	 Acc:0.3125000	 lr:0.0002436	 Mean_Total:0.1700384
2021-11-26 17:06:17,883 -  1462 /  7312 (019%):	 Total:0.2518973	 Acc:0.4062500	 lr:0.0002423	 Mean_Total:0.2945236
2021-11-26 17:09:41,131 -  2924 /  7312 (039%):	 Total:0.4848650	 Acc:0.2812500	 lr:0.0002410	 Mean_Total:0.2988159
2021-11-26 17:13:06,476 -  4386 /  7312 (059%):	 Total:0.2751562	 Acc:0.2500000	 lr:0.0002397	 Mean_Total:0.3124013
2021-11-26 17:16:29,662 -  5848 /  7312 (079%):	 Total:0.3097970	 Acc:0.3437500	 lr:0.0002384	 Mean_Total:0.3384039
2021-11-26 17:19:54,465 -  7310 /  7312 (099%):	 Total:0.2903806	 Acc:0.3125000	 lr:0.0002371	 Mean_Total:0.3707238
2021-11-26 17:19:54,751 - ===============================| start validation |===============================
2021-11-26 17:20:54,657 - 	 Total:0.3371132	 Acc:0.3647244
2021-11-26 17:20:54,662 -    ini file updated    
2021-11-26 17:20:54,672 - Snapshot saved to /data/users/wergillius/UTR_VAE/pth/RL_gru_MTL/1_layer_model/unmod1_k17-model_best_cv2.pth

2021-11-26 17:20:54,674 -    ini file updated    
2021-11-26 17:20:54,674 - ===============================|    epoch 19   |===============================
2021-11-26 17:20:55,616 -     0 /  7312 (000%):	 Total:0.3353488	 Acc:0.3750000	 lr:0.0002371	 Mean_Total:0.3353488
2021-11-26 17:24:19,229 -  1462 /  7312 (019%):	 Total:0.6362398	 Acc:0.2187500	 lr:0.0002359	 Mean_Total:0.2895594
2021-11-26 17:27:43,196 -  2924 /  7312 (039%):	 Total:0.3047331	 Acc:0.2187500	 lr:0.0002347	 Mean_Total:0.2933955
2021-11-26 17:31:06,466 -  4386 /  7312 (059%):	 Total:0.2572441	 Acc:0.4687500	 lr:0.0002335	 Mean_Total:0.3086672
2021-11-26 17:34:31,811 -  5848 /  7312 (079%):	 Total:0.6956463	 Acc:0.1875000	 lr:0.0002323	 Mean_Total:0.3350681
2021-11-26 17:37:56,149 -  7310 /  7312 (099%):	 Total:0.2611919	 Acc:0.2187500	 lr:0.0002311	 Mean_Total:0.3671553
2021-11-26 17:37:56,627 - ===============================| start validation |===============================
2021-11-26 17:38:56,415 - 	 Total:0.3333156	 Acc:0.3629926
2021-11-26 17:38:56,420 -    ini file updated    
2021-11-26 17:38:56,427 - Snapshot saved to /data/users/wergillius/UTR_VAE/pth/RL_gru_MTL/1_layer_model/unmod1_k17-model_best_cv2.pth

2021-11-26 17:38:56,428 -    ini file updated    
2021-11-26 17:38:56,428 - ===============================|    epoch 20   |===============================
2021-11-26 17:38:57,437 -     0 /  7312 (000%):	 Total:0.2676446	 Acc:0.4062500	 lr:0.0002311	 Mean_Total:0.2676446
2021-11-26 17:42:25,719 -  1462 /  7312 (019%):	 Total:0.1713532	 Acc:0.4687500	 lr:0.0002300	 Mean_Total:0.2872266
2021-11-26 17:45:52,190 -  2924 /  7312 (039%):	 Total:0.2709647	 Acc:0.4062500	 lr:0.0002289	 Mean_Total:0.2910485
2021-11-26 17:49:17,369 -  4386 /  7312 (059%):	 Total:1.3804449	 Acc:0.4375000	 lr:0.0002277	 Mean_Total:0.3048175
2021-11-26 17:52:43,578 -  5848 /  7312 (079%):	 Total:0.3834234	 Acc:0.3125000	 lr:0.0002266	 Mean_Total:0.3314732
2021-11-26 17:56:07,644 -  7310 /  7312 (099%):	 Total:0.2878239	 Acc:0.2812500	 lr:0.0002256	 Mean_Total:0.3640681
2021-11-26 17:56:08,127 - ===============================| start validation |===============================
2021-11-26 17:57:07,554 - 	 Total:0.3311947	 Acc:0.3615687
2021-11-26 17:57:07,563 -    ini file updated    
2021-11-26 17:57:07,571 - Snapshot saved to /data/users/wergillius/UTR_VAE/pth/RL_gru_MTL/1_layer_model/unmod1_k17-model_best_cv2.pth

2021-11-26 17:57:07,572 -    ini file updated    
2021-11-26 17:57:07,572 - ===============================|    epoch 21   |===============================
2021-11-26 17:57:08,535 -     0 /  7312 (000%):	 Total:0.2919433	 Acc:0.2812500	 lr:0.0002256	 Mean_Total:0.2919433
2021-11-26 18:00:30,897 -  1462 /  7312 (019%):	 Total:0.3685407	 Acc:0.2812500	 lr:0.0002245	 Mean_Total:0.2833014
2021-11-26 18:03:55,278 -  2924 /  7312 (039%):	 Total:0.1913968	 Acc:0.3750000	 lr:0.0002234	 Mean_Total:0.2887629
2021-11-26 18:07:19,367 -  4386 /  7312 (059%):	 Total:0.2320938	 Acc:0.2500000	 lr:0.0002224	 Mean_Total:0.3027816
2021-11-26 18:10:43,387 -  5848 /  7312 (079%):	 Total:0.4268544	 Acc:0.4062500	 lr:0.0002214	 Mean_Total:0.3288293
2021-11-26 18:14:08,358 -  7310 /  7312 (099%):	 Total:0.1699469	 Acc:0.2812500	 lr:0.0002204	 Mean_Total:0.3606642
2021-11-26 18:14:08,733 - ===============================| start validation |===============================
2021-11-26 18:15:08,552 - 	 Total:0.3319000	 Acc:0.3679957
2021-11-26 18:15:08,557 -    ini file updated    
2021-11-26 18:15:08,567 - Snapshot saved to /data/users/wergillius/UTR_VAE/pth/RL_gru_MTL/1_layer_model/unmod1_k17-model_best_cv2.pth

2021-11-26 18:15:08,568 -    ini file updated    
2021-11-26 18:15:08,568 - ===============================|    epoch 22   |===============================
2021-11-26 18:15:09,505 -     0 /  7312 (000%):	 Total:0.2774780	 Acc:0.2500000	 lr:0.0002204	 Mean_Total:0.2774780
2021-11-26 18:18:34,374 -  1462 /  7312 (019%):	 Total:0.3369441	 Acc:0.4687500	 lr:0.0002194	 Mean_Total:0.2805332
2021-11-26 18:21:58,718 -  2924 /  7312 (039%):	 Total:0.2623419	 Acc:0.4062500	 lr:0.0002184	 Mean_Total:0.2852880
2021-11-26 18:25:22,945 -  4386 /  7312 (059%):	 Total:0.2934333	 Acc:0.3125000	 lr:0.0002174	 Mean_Total:0.2996158
2021-11-26 18:28:48,019 -  5848 /  7312 (079%):	 Total:0.4245742	 Acc:0.3125000	 lr:0.0002165	 Mean_Total:0.3266824
2021-11-26 18:32:12,425 -  7310 /  7312 (099%):	 Total:0.2204717	 Acc:0.3125000	 lr:0.0002155	 Mean_Total:0.3583098
2021-11-26 18:32:12,849 - ===============================| start validation |===============================
2021-11-26 18:33:11,727 - 	 Total:0.3265603	 Acc:0.3644550
2021-11-26 18:33:11,733 -    ini file updated    
2021-11-26 18:33:11,743 - Snapshot saved to /data/users/wergillius/UTR_VAE/pth/RL_gru_MTL/1_layer_model/unmod1_k17-model_best_cv2.pth

2021-11-26 18:33:11,744 -    ini file updated    
2021-11-26 18:33:11,746 - ===============================|    epoch 23   |===============================
2021-11-26 18:33:12,653 -     0 /  7312 (000%):	 Total:0.3180249	 Acc:0.3750000	 lr:0.0002155	 Mean_Total:0.3180249
2021-11-26 18:36:36,477 -  1462 /  7312 (019%):	 Total:0.1653737	 Acc:0.5000000	 lr:0.0002146	 Mean_Total:0.2759669
2021-11-26 18:40:02,032 -  2924 /  7312 (039%):	 Total:0.2712221	 Acc:0.3125000	 lr:0.0002137	 Mean_Total:0.2808829
2021-11-26 18:43:28,980 -  4386 /  7312 (059%):	 Total:0.2475938	 Acc:0.3437500	 lr:0.0002128	 Mean_Total:0.2955334
2021-11-26 18:46:54,407 -  5848 /  7312 (079%):	 Total:0.9259446	 Acc:0.3437500	 lr:0.0002119	 Mean_Total:0.3225006
2021-11-26 18:50:17,791 -  7310 /  7312 (099%):	 Total:0.3361266	 Acc:0.3437500	 lr:0.0002110	 Mean_Total:0.3552015
2021-11-26 18:50:18,209 - ===============================| start validation |===============================
2021-11-26 18:51:18,681 - 	 Total:0.3252790	 Acc:0.3703048
2021-11-26 18:51:18,689 -    ini file updated    
2021-11-26 18:51:18,699 - Snapshot saved to /data/users/wergillius/UTR_VAE/pth/RL_gru_MTL/1_layer_model/unmod1_k17-model_best_cv2.pth

2021-11-26 18:51:18,700 -    ini file updated    
2021-11-26 18:51:18,700 - ===============================|    epoch 24   |===============================
2021-11-26 18:51:19,579 -     0 /  7312 (000%):	 Total:0.1472801	 Acc:0.3125000	 lr:0.0002110	 Mean_Total:0.1472801
2021-11-26 18:54:43,013 -  1462 /  7312 (019%):	 Total:0.3080633	 Acc:0.3125000	 lr:0.0002101	 Mean_Total:0.2737988
2021-11-26 18:58:09,712 -  2924 /  7312 (039%):	 Total:0.1879804	 Acc:0.3437500	 lr:0.0002093	 Mean_Total:0.2790209
2021-11-26 19:01:33,489 -  4386 /  7312 (059%):	 Total:0.3450338	 Acc:0.1875000	 lr:0.0002084	 Mean_Total:0.2937924
2021-11-26 19:04:59,446 -  5848 /  7312 (079%):	 Total:0.5854315	 Acc:0.3125000	 lr:0.0002076	 Mean_Total:0.3205559
2021-11-26 19:08:24,143 -  7310 /  7312 (099%):	 Total:0.7080171	 Acc:0.2812500	 lr:0.0002067	 Mean_Total:0.3528472
2021-11-26 19:08:24,577 - ===============================| start validation |===============================
2021-11-26 19:09:23,847 - 	 Total:0.3240327	 Acc:0.3636084
2021-11-26 19:09:23,852 -    ini file updated    
2021-11-26 19:09:23,862 - Snapshot saved to /data/users/wergillius/UTR_VAE/pth/RL_gru_MTL/1_layer_model/unmod1_k17-model_best_cv2.pth

2021-11-26 19:09:23,863 -    ini file updated    
2021-11-26 19:09:23,863 - ===============================|    epoch 25   |===============================
2021-11-26 19:09:24,715 -     0 /  7312 (000%):	 Total:0.1948687	 Acc:0.3125000	 lr:0.0002067	 Mean_Total:0.1948687
2021-11-26 19:12:51,647 -  1462 /  7312 (019%):	 Total:0.1561038	 Acc:0.4062500	 lr:0.0002059	 Mean_Total:0.2711404
2021-11-26 19:15:47,247 -  2924 /  7312 (039%):	 Total:0.3345412	 Acc:0.3750000	 lr:0.0002051	 Mean_Total:0.2786255
2021-11-26 19:17:44,596 -  4386 /  7312 (059%):	 Total:0.6169152	 Acc:0.2500000	 lr:0.0002043	 Mean_Total:0.2918366
2021-11-26 19:19:40,138 -  5848 /  7312 (079%):	 Total:0.3000389	 Acc:0.3125000	 lr:0.0002035	 Mean_Total:0.3190341
2021-11-26 19:21:32,872 -  7310 /  7312 (099%):	 Total:0.2486097	 Acc:0.3125000	 lr:0.0002027	 Mean_Total:0.3508962
2021-11-26 19:21:33,136 - ===============================| start validation |===============================
2021-11-26 19:22:06,376 - 	 Total:0.3190889	 Acc:0.3693812
2021-11-26 19:22:06,381 -    ini file updated    
2021-11-26 19:22:06,395 - Snapshot saved to /data/users/wergillius/UTR_VAE/pth/RL_gru_MTL/1_layer_model/unmod1_k17-model_best_cv2.pth

2021-11-26 19:22:06,396 -    ini file updated    
2021-11-26 19:22:06,396 - ===============================|    epoch 26   |===============================
2021-11-26 19:22:07,382 -     0 /  7312 (000%):	 Total:0.1953135	 Acc:0.3437500	 lr:0.0002027	 Mean_Total:0.1953135
2021-11-26 19:24:00,949 -  1462 /  7312 (019%):	 Total:0.2422093	 Acc:0.4687500	 lr:0.0002019	 Mean_Total:0.2689134
2021-11-26 19:25:55,856 -  2924 /  7312 (039%):	 Total:0.1285796	 Acc:0.4062500	 lr:0.0002012	 Mean_Total:0.2747639
2021-11-26 19:27:42,042 -  4386 /  7312 (059%):	 Total:0.1259445	 Acc:0.4062500	 lr:0.0002004	 Mean_Total:0.2886870
2021-11-26 19:28:33,873 -  5848 /  7312 (079%):	 Total:0.4488828	 Acc:0.2187500	 lr:0.0001997	 Mean_Total:0.3151277
2021-11-26 19:29:25,982 -  7310 /  7312 (099%):	 Total:0.5217832	 Acc:0.2500000	 lr:0.0001989	 Mean_Total:0.3477119
2021-11-26 19:29:26,211 - ===============================| start validation |===============================
2021-11-26 19:29:41,412 - 	 Total:0.3182445	 Acc:0.3719982
2021-11-26 19:29:41,416 -    ini file updated    
2021-11-26 19:29:41,422 - Snapshot saved to /data/users/wergillius/UTR_VAE/pth/RL_gru_MTL/1_layer_model/unmod1_k17-model_best_cv2.pth

2021-11-26 19:29:41,423 -    ini file updated    
2021-11-26 19:29:41,423 - ===============================|    epoch 27   |===============================
2021-11-26 19:29:42,218 -     0 /  7312 (000%):	 Total:0.2637186	 Acc:0.4687500	 lr:0.0001989	 Mean_Total:0.2637186
2021-11-26 19:30:31,738 -  1462 /  7312 (019%):	 Total:0.1759026	 Acc:0.3437500	 lr:0.0001982	 Mean_Total:0.2706086
2021-11-26 19:31:22,355 -  2924 /  7312 (039%):	 Total:0.4859097	 Acc:0.3125000	 lr:0.0001975	 Mean_Total:0.2747396
2021-11-26 19:32:12,766 -  4386 /  7312 (059%):	 Total:0.3546094	 Acc:0.3125000	 lr:0.0001968	 Mean_Total:0.2881376
2021-11-26 19:33:01,537 -  5848 /  7312 (079%):	 Total:0.6446333	 Acc:0.2187500	 lr:0.0001960	 Mean_Total:0.3153494
2021-11-26 19:33:50,970 -  7310 /  7312 (099%):	 Total:0.2445399	 Acc:0.4687500	 lr:0.0001953	 Mean_Total:0.3472389
2021-11-26 19:33:51,304 - ===============================| start validation |===============================
2021-11-26 19:34:06,080 - 	 Total:0.3149192	 Acc:0.3675724
2021-11-26 19:34:06,085 -    ini file updated    
2021-11-26 19:34:06,094 - Snapshot saved to /data/users/wergillius/UTR_VAE/pth/RL_gru_MTL/1_layer_model/unmod1_k17-model_best_cv2.pth

2021-11-26 19:34:06,095 -    ini file updated    
2021-11-26 19:34:06,096 - ===============================|    epoch 28   |===============================
2021-11-26 19:34:06,997 -     0 /  7312 (000%):	 Total:0.5780934	 Acc:0.4687500	 lr:0.0001953	 Mean_Total:0.5780934
2021-11-26 19:34:58,648 -  1462 /  7312 (019%):	 Total:0.1639911	 Acc:0.3750000	 lr:0.0001946	 Mean_Total:0.2663003
2021-11-26 19:35:46,838 -  2924 /  7312 (039%):	 Total:0.1070340	 Acc:0.4375000	 lr:0.0001940	 Mean_Total:0.2724992
2021-11-26 19:36:40,692 -  4386 /  7312 (059%):	 Total:0.6253800	 Acc:0.3437500	 lr:0.0001933	 Mean_Total:0.2855948
2021-11-26 19:37:30,400 -  5848 /  7312 (079%):	 Total:0.2904460	 Acc:0.4062500	 lr:0.0001926	 Mean_Total:0.3124809
2021-11-26 19:38:21,774 -  7310 /  7312 (099%):	 Total:0.2819020	 Acc:0.3125000	 lr:0.0001919	 Mean_Total:0.3446405
2021-11-26 19:38:22,004 - ===============================| start validation |===============================
2021-11-26 19:38:36,008 - 	 Total:0.3153862	 Acc:0.3759236
2021-11-26 19:38:36,014 -    ini file updated    
2021-11-26 19:38:36,029 - Snapshot saved to /data/users/wergillius/UTR_VAE/pth/RL_gru_MTL/1_layer_model/unmod1_k17-model_best_cv2.pth

2021-11-26 19:38:36,030 -    ini file updated    
2021-11-26 19:38:36,030 - ===============================|    epoch 29   |===============================
2021-11-26 19:38:36,901 -     0 /  7312 (000%):	 Total:0.4249695	 Acc:0.2500000	 lr:0.0001919	 Mean_Total:0.4249695
2021-11-26 19:39:28,905 -  1462 /  7312 (019%):	 Total:0.1640902	 Acc:0.4375000	 lr:0.0001913	 Mean_Total:0.2619439
2021-11-26 19:40:19,187 -  2924 /  7312 (039%):	 Total:0.3002797	 Acc:0.4687500	 lr:0.0001906	 Mean_Total:0.2682993
2021-11-26 19:41:09,455 -  4386 /  7312 (059%):	 Total:0.1504153	 Acc:0.3437500	 lr:0.0001900	 Mean_Total:0.2827651
2021-11-26 19:42:00,125 -  5848 /  7312 (079%):	 Total:0.1633797	 Acc:0.4375000	 lr:0.0001894	 Mean_Total:0.3091735
2021-11-26 19:42:50,790 -  7310 /  7312 (099%):	 Total:0.2613262	 Acc:0.1875000	 lr:0.0001887	 Mean_Total:0.3413029
2021-11-26 19:42:51,014 - ===============================| start validation |===============================
2021-11-26 19:43:06,191 - 	 Total:0.3202169	 Acc:0.3756542
2021-11-26 19:43:06,198 -    ini file updated    
2021-11-26 19:43:06,198 - ===============================|    epoch 30   |===============================
2021-11-26 19:43:07,023 -     0 /  7312 (000%):	 Total:0.1889809	 Acc:0.3750000	 lr:0.0001887	 Mean_Total:0.1889809
2021-11-26 19:43:58,246 -  1462 /  7312 (019%):	 Total:0.2206993	 Acc:0.2812500	 lr:0.0001881	 Mean_Total:0.2595299
2021-11-26 19:44:50,513 -  2924 /  7312 (039%):	 Total:0.1356823	 Acc:0.3750000	 lr:0.0001875	 Mean_Total:0.2663600
2021-11-26 19:45:42,347 -  4386 /  7312 (059%):	 Total:0.2789030	 Acc:0.2500000	 lr:0.0001869	 Mean_Total:0.2796996
2021-11-26 19:46:31,137 -  5848 /  7312 (079%):	 Total:0.4715369	 Acc:0.3750000	 lr:0.0001863	 Mean_Total:0.3058671
2021-11-26 19:47:23,310 -  7310 /  7312 (099%):	 Total:0.2641687	 Acc:0.4062500	 lr:0.0001857	 Mean_Total:0.3385919
2021-11-26 19:47:23,523 - ===============================| start validation |===============================
2021-11-26 19:47:39,204 - 	 Total:0.3144173	 Acc:0.3774246
2021-11-26 19:47:39,210 -    ini file updated    
2021-11-26 19:47:39,217 - Snapshot saved to /data/users/wergillius/UTR_VAE/pth/RL_gru_MTL/1_layer_model/unmod1_k17-model_best_cv2.pth

2021-11-26 19:47:39,218 -    ini file updated    
2021-11-26 19:47:39,218 - ===============================|    epoch 31   |===============================
2021-11-26 19:47:40,121 -     0 /  7312 (000%):	 Total:0.1381602	 Acc:0.4375000	 lr:0.0001857	 Mean_Total:0.1381602
2021-11-26 19:48:30,985 -  1462 /  7312 (019%):	 Total:0.2594602	 Acc:0.3125000	 lr:0.0001851	 Mean_Total:0.2580269
2021-11-26 19:49:20,607 -  2924 /  7312 (039%):	 Total:0.2465198	 Acc:0.2812500	 lr:0.0001845	 Mean_Total:0.2638916
2021-11-26 19:50:13,076 -  4386 /  7312 (059%):	 Total:0.1766378	 Acc:0.3437500	 lr:0.0001839	 Mean_Total:0.2778400
2021-11-26 19:51:04,060 -  5848 /  7312 (079%):	 Total:0.4688643	 Acc:0.2812500	 lr:0.0001833	 Mean_Total:0.3048486
2021-11-26 19:51:57,077 -  7310 /  7312 (099%):	 Total:0.2297434	 Acc:0.2500000	 lr:0.0001827	 Mean_Total:0.3362181
2021-11-26 19:51:57,284 - ===============================| start validation |===============================
2021-11-26 19:52:11,645 - 	 Total:0.3092191	 Acc:0.3793103
2021-11-26 19:52:11,654 -    ini file updated    
2021-11-26 19:52:11,666 - Snapshot saved to /data/users/wergillius/UTR_VAE/pth/RL_gru_MTL/1_layer_model/unmod1_k17-model_best_cv2.pth

2021-11-26 19:52:11,667 -    ini file updated    
2021-11-26 19:52:11,667 - ===============================|    epoch 32   |===============================
2021-11-26 19:52:12,593 -     0 /  7312 (000%):	 Total:0.2460514	 Acc:0.2812500	 lr:0.0001827	 Mean_Total:0.2460514
2021-11-26 19:53:05,400 -  1462 /  7312 (019%):	 Total:0.2262992	 Acc:0.4375000	 lr:0.0001822	 Mean_Total:0.2558726
2021-11-26 19:53:55,735 -  2924 /  7312 (039%):	 Total:0.2379024	 Acc:0.5000000	 lr:0.0001816	 Mean_Total:0.2629945
2021-11-26 19:54:47,032 -  4386 /  7312 (059%):	 Total:0.1648877	 Acc:0.3125000	 lr:0.0001810	 Mean_Total:0.2757104
2021-11-26 19:55:36,495 -  5848 /  7312 (079%):	 Total:0.3586114	 Acc:0.2500000	 lr:0.0001805	 Mean_Total:0.3033490
2021-11-26 19:56:26,112 -  7310 /  7312 (099%):	 Total:0.1862003	 Acc:0.4687500	 lr:0.0001799	 Mean_Total:0.3349401
2021-11-26 19:56:26,354 - ===============================| start validation |===============================
2021-11-26 19:56:40,384 - 	 Total:0.3091394	 Acc:0.3801955
2021-11-26 19:56:40,389 -    ini file updated    
2021-11-26 19:56:40,397 - Snapshot saved to /data/users/wergillius/UTR_VAE/pth/RL_gru_MTL/1_layer_model/unmod1_k17-model_best_cv2.pth

2021-11-26 19:56:40,398 -    ini file updated    
2021-11-26 19:56:40,398 - ===============================|    epoch 33   |===============================
2021-11-26 19:56:41,252 -     0 /  7312 (000%):	 Total:0.1959572	 Acc:0.3750000	 lr:0.0001799	 Mean_Total:0.1959572
2021-11-26 19:57:35,183 -  1462 /  7312 (019%):	 Total:0.2192459	 Acc:0.3125000	 lr:0.0001794	 Mean_Total:0.2539476
2021-11-26 19:58:27,783 -  2924 /  7312 (039%):	 Total:0.2636338	 Acc:0.3750000	 lr:0.0001789	 Mean_Total:0.2591804
2021-11-26 19:59:17,710 -  4386 /  7312 (059%):	 Total:0.3362309	 Acc:0.2500000	 lr:0.0001783	 Mean_Total:0.2740363
2021-11-26 19:59:54,247 -  5848 /  7312 (079%):	 Total:1.2303320	 Acc:0.3125000	 lr:0.0001778	 Mean_Total:0.3007678
2021-11-26 20:00:14,919 -  7310 /  7312 (099%):	 Total:0.2871661	 Acc:0.3125000	 lr:0.0001773	 Mean_Total:0.3330017
2021-11-26 20:00:15,071 - ===============================| start validation |===============================
2021-11-26 20:00:20,431 - 	 Total:0.3061587	 Acc:0.3818119
2021-11-26 20:00:20,435 -    ini file updated    
2021-11-26 20:00:20,439 - Snapshot saved to /data/users/wergillius/UTR_VAE/pth/RL_gru_MTL/1_layer_model/unmod1_k17-model_best_cv2.pth

2021-11-26 20:00:20,439 -    ini file updated    
2021-11-26 20:00:20,440 - ===============================|    epoch 34   |===============================
2021-11-26 20:00:20,999 -     0 /  7312 (000%):	 Total:0.1372771	 Acc:0.4062500	 lr:0.0001773	 Mean_Total:0.1372771
2021-11-26 20:00:50,535 -  1462 /  7312 (019%):	 Total:0.2431473	 Acc:0.5625000	 lr:0.0001768	 Mean_Total:0.2532064
2021-11-26 20:01:11,250 -  2924 /  7312 (039%):	 Total:0.2108999	 Acc:0.3125000	 lr:0.0001762	 Mean_Total:0.2590576
2021-11-26 20:01:31,784 -  4386 /  7312 (059%):	 Total:0.7235303	 Acc:0.5625000	 lr:0.0001757	 Mean_Total:0.2723087
2021-11-26 20:01:57,458 -  5848 /  7312 (079%):	 Total:0.3469235	 Acc:0.4687500	 lr:0.0001752	 Mean_Total:0.2993982
2021-11-26 20:02:20,691 -  7310 /  7312 (099%):	 Total:0.7182240	 Acc:0.2187500	 lr:0.0001747	 Mean_Total:0.3316372
2021-11-26 20:02:20,849 - ===============================| start validation |===============================
2021-11-26 20:02:26,475 - 	 Total:0.3044455	 Acc:0.3830434
2021-11-26 20:02:26,479 -    ini file updated    
2021-11-26 20:02:26,484 - Snapshot saved to /data/users/wergillius/UTR_VAE/pth/RL_gru_MTL/1_layer_model/unmod1_k17-model_best_cv2.pth

2021-11-26 20:02:26,485 -    ini file updated    
2021-11-26 20:02:26,485 - ===============================|    epoch 35   |===============================
2021-11-26 20:02:27,000 -     0 /  7312 (000%):	 Total:0.8924841	 Acc:0.3125000	 lr:0.0001747	 Mean_Total:0.8924841
2021-11-26 20:02:48,489 -  1462 /  7312 (019%):	 Total:0.1088382	 Acc:0.4687500	 lr:0.0001742	 Mean_Total:0.2503697
2021-11-26 20:03:09,706 -  2924 /  7312 (039%):	 Total:0.1457377	 Acc:0.4375000	 lr:0.0001737	 Mean_Total:0.2568637
2021-11-26 20:03:44,937 -  4386 /  7312 (059%):	 Total:0.2954458	 Acc:0.4062500	 lr:0.0001732	 Mean_Total:0.2710634
2021-11-26 20:04:33,576 -  5848 /  7312 (079%):	 Total:0.7991382	 Acc:0.3125000	 lr:0.0001728	 Mean_Total:0.2980541
2021-11-26 20:05:25,284 -  7310 /  7312 (099%):	 Total:0.2508927	 Acc:0.4062500	 lr:0.0001723	 Mean_Total:0.3297731
2021-11-26 20:05:25,559 - ===============================| start validation |===============================
2021-11-26 20:05:39,897 - 	 Total:0.3056266	 Acc:0.3817349
2021-11-26 20:05:39,902 -    ini file updated    
2021-11-26 20:05:39,903 - ===============================|    epoch 36   |===============================
2021-11-26 20:05:40,852 -     0 /  7312 (000%):	 Total:0.1668383	 Acc:0.4375000	 lr:0.0001723	 Mean_Total:0.1668383
2021-11-26 20:06:33,685 -  1462 /  7312 (019%):	 Total:0.0959728	 Acc:0.5312500	 lr:0.0001718	 Mean_Total:0.2460820
2021-11-26 20:07:25,424 -  2924 /  7312 (039%):	 Total:0.7095304	 Acc:0.3125000	 lr:0.0001713	 Mean_Total:0.2533760
2021-11-26 20:08:17,762 -  4386 /  7312 (059%):	 Total:0.1804535	 Acc:0.5312500	 lr:0.0001709	 Mean_Total:0.2677732
2021-11-26 20:09:09,981 -  5848 /  7312 (079%):	 Total:0.2130391	 Acc:0.3125000	 lr:0.0001704	 Mean_Total:0.2944648
2021-11-26 20:10:00,681 -  7310 /  7312 (099%):	 Total:0.7252170	 Acc:0.3437500	 lr:0.0001699	 Mean_Total:0.3265989
2021-11-26 20:10:00,910 - ===============================| start validation |===============================
2021-11-26 20:10:17,441 - 	 Total:0.3029975	 Acc:0.3840055
2021-11-26 20:10:17,446 -    ini file updated    
2021-11-26 20:10:17,453 - Snapshot saved to /data/users/wergillius/UTR_VAE/pth/RL_gru_MTL/1_layer_model/unmod1_k17-model_best_cv2.pth

2021-11-26 20:10:17,454 -    ini file updated    
2021-11-26 20:10:17,454 - ===============================|    epoch 37   |===============================
2021-11-26 20:10:18,353 -     0 /  7312 (000%):	 Total:0.1012399	 Acc:0.5937500	 lr:0.0001699	 Mean_Total:0.1012399
2021-11-26 20:11:09,778 -  1462 /  7312 (019%):	 Total:0.2088271	 Acc:0.3437500	 lr:0.0001695	 Mean_Total:0.2473835
2021-11-26 20:12:01,535 -  2924 /  7312 (039%):	 Total:0.1682335	 Acc:0.4687500	 lr:0.0001690	 Mean_Total:0.2531559
2021-11-26 20:12:54,633 -  4386 /  7312 (059%):	 Total:0.2503392	 Acc:0.3125000	 lr:0.0001686	 Mean_Total:0.2667634
2021-11-26 20:13:47,971 -  5848 /  7312 (079%):	 Total:0.5559670	 Acc:0.2812500	 lr:0.0001681	 Mean_Total:0.2940493
2021-11-26 20:14:40,429 -  7310 /  7312 (099%):	 Total:0.2729449	 Acc:0.3125000	 lr:0.0001677	 Mean_Total:0.3256792
2021-11-26 20:14:40,695 - ===============================| start validation |===============================
2021-11-26 20:14:55,920 - 	 Total:0.2990141	 Acc:0.3771552
2021-11-26 20:14:55,933 -    ini file updated    
2021-11-26 20:14:55,940 - Snapshot saved to /data/users/wergillius/UTR_VAE/pth/RL_gru_MTL/1_layer_model/unmod1_k17-model_best_cv2.pth

2021-11-26 20:14:55,941 -    ini file updated    
2021-11-26 20:14:55,941 - ===============================|    epoch 38   |===============================
2021-11-26 20:14:56,800 -     0 /  7312 (000%):	 Total:0.3721323	 Acc:0.4687500	 lr:0.0001677	 Mean_Total:0.3721323
2021-11-26 20:15:48,255 -  1462 /  7312 (019%):	 Total:0.4459425	 Acc:0.4062500	 lr:0.0001672	 Mean_Total:0.2439251
2021-11-26 20:16:37,951 -  2924 /  7312 (039%):	 Total:0.3283349	 Acc:0.4375000	 lr:0.0001668	 Mean_Total:0.2514802
2021-11-26 20:17:26,804 -  4386 /  7312 (059%):	 Total:0.2487891	 Acc:0.3437500	 lr:0.0001664	 Mean_Total:0.2658848
2021-11-26 20:18:17,437 -  5848 /  7312 (079%):	 Total:0.2565865	 Acc:0.2187500	 lr:0.0001659	 Mean_Total:0.2935396
2021-11-26 20:19:07,555 -  7310 /  7312 (099%):	 Total:0.2641264	 Acc:0.4062500	 lr:0.0001655	 Mean_Total:0.3250290
2021-11-26 20:19:07,786 - ===============================| start validation |===============================
2021-11-26 20:19:22,413 - 	 Total:0.2978475	 Acc:0.3848522
2021-11-26 20:19:22,420 -    ini file updated    
2021-11-26 20:19:22,432 - Snapshot saved to /data/users/wergillius/UTR_VAE/pth/RL_gru_MTL/1_layer_model/unmod1_k17-model_best_cv2.pth

2021-11-26 20:19:22,432 -    ini file updated    
2021-11-26 20:19:22,432 - ===============================|    epoch 39   |===============================
2021-11-26 20:19:23,261 -     0 /  7312 (000%):	 Total:0.1923444	 Acc:0.4375000	 lr:0.0001655	 Mean_Total:0.1923444
2021-11-26 20:20:15,107 -  1462 /  7312 (019%):	 Total:0.1748266	 Acc:0.5000000	 lr:0.0001651	 Mean_Total:0.2429135
2021-11-26 20:21:08,684 -  2924 /  7312 (039%):	 Total:0.2028159	 Acc:0.3125000	 lr:0.0001647	 Mean_Total:0.2499132
2021-11-26 20:22:02,780 -  4386 /  7312 (059%):	 Total:0.2253564	 Acc:0.4375000	 lr:0.0001643	 Mean_Total:0.2642808
2021-11-26 20:22:52,187 -  5848 /  7312 (079%):	 Total:0.3582210	 Acc:0.2500000	 lr:0.0001638	 Mean_Total:0.2914449
2021-11-26 20:23:44,048 -  7310 /  7312 (099%):	 Total:0.1704052	 Acc:0.4687500	 lr:0.0001634	 Mean_Total:0.3231786
2021-11-26 20:23:44,330 - ===============================| start validation |===============================
2021-11-26 20:23:58,704 - 	 Total:0.2972365	 Acc:0.3857759
2021-11-26 20:23:58,714 -    ini file updated    
2021-11-26 20:23:58,725 - Snapshot saved to /data/users/wergillius/UTR_VAE/pth/RL_gru_MTL/1_layer_model/unmod1_k17-model_best_cv2.pth

2021-11-26 20:23:58,726 -    ini file updated    
2021-11-26 20:23:58,726 - ===============================|    epoch 40   |===============================
2021-11-26 20:23:59,602 -     0 /  7312 (000%):	 Total:0.1807343	 Acc:0.4062500	 lr:0.0001634	 Mean_Total:0.1807343
2021-11-26 20:24:52,317 -  1462 /  7312 (019%):	 Total:0.2007425	 Acc:0.3437500	 lr:0.0001630	 Mean_Total:0.2405363
2021-11-26 20:25:42,050 -  2924 /  7312 (039%):	 Total:0.1579334	 Acc:0.4062500	 lr:0.0001626	 Mean_Total:0.2481032
2021-11-26 20:26:32,182 -  4386 /  7312 (059%):	 Total:0.5459735	 Acc:0.5625000	 lr:0.0001622	 Mean_Total:0.2621962
2021-11-26 20:27:21,053 -  5848 /  7312 (079%):	 Total:0.1790769	 Acc:0.3437500	 lr:0.0001618	 Mean_Total:0.2900439
2021-11-26 20:28:08,744 -  7310 /  7312 (099%):	 Total:0.2822431	 Acc:0.1875000	 lr:0.0001614	 Mean_Total:0.3217960
2021-11-26 20:28:09,005 - ===============================| start validation |===============================
2021-11-26 20:28:22,892 - 	 Total:0.2977941	 Acc:0.3853910
2021-11-26 20:28:22,901 -    ini file updated    
2021-11-26 20:28:22,901 - ===============================|    epoch 41   |===============================
2021-11-26 20:28:23,811 -     0 /  7312 (000%):	 Total:0.1493408	 Acc:0.5312500	 lr:0.0001614	 Mean_Total:0.1493408
2021-11-26 20:29:14,117 -  1462 /  7312 (019%):	 Total:0.1704028	 Acc:0.4062500	 lr:0.0001610	 Mean_Total:0.2417451
2021-11-26 20:30:03,360 -  2924 /  7312 (039%):	 Total:0.1754168	 Acc:0.2187500	 lr:0.0001606	 Mean_Total:0.2479844
2021-11-26 20:30:53,733 -  4386 /  7312 (059%):	 Total:0.2454310	 Acc:0.3437500	 lr:0.0001603	 Mean_Total:0.2620322
2021-11-26 20:31:42,791 -  5848 /  7312 (079%):	 Total:0.2385572	 Acc:0.3750000	 lr:0.0001599	 Mean_Total:0.2896154
2021-11-26 20:32:34,304 -  7310 /  7312 (099%):	 Total:0.2414361	 Acc:0.4375000	 lr:0.0001595	 Mean_Total:0.3206935
2021-11-26 20:32:34,590 - ===============================| start validation |===============================
2021-11-26 20:32:48,762 - 	 Total:0.2941185	 Acc:0.3829664
2021-11-26 20:32:48,768 -    ini file updated    
2021-11-26 20:32:48,774 - Snapshot saved to /data/users/wergillius/UTR_VAE/pth/RL_gru_MTL/1_layer_model/unmod1_k17-model_best_cv2.pth

2021-11-26 20:32:48,775 -    ini file updated    
2021-11-26 20:32:48,775 - ===============================|    epoch 42   |===============================
2021-11-26 20:32:49,624 -     0 /  7312 (000%):	 Total:0.3229504	 Acc:0.3125000	 lr:0.0001595	 Mean_Total:0.3229504
2021-11-26 20:33:40,147 -  1462 /  7312 (019%):	 Total:0.1456576	 Acc:0.3750000	 lr:0.0001591	 Mean_Total:0.2398534
2021-11-26 20:34:30,577 -  2924 /  7312 (039%):	 Total:0.1540699	 Acc:0.3437500	 lr:0.0001587	 Mean_Total:0.2468100
2021-11-26 20:35:22,032 -  4386 /  7312 (059%):	 Total:0.5277120	 Acc:0.2500000	 lr:0.0001584	 Mean_Total:0.2618584
2021-11-26 20:36:10,700 -  5848 /  7312 (079%):	 Total:0.4586534	 Acc:0.3125000	 lr:0.0001580	 Mean_Total:0.2877184
2021-11-26 20:37:01,069 -  7310 /  7312 (099%):	 Total:0.5082692	 Acc:0.2812500	 lr:0.0001576	 Mean_Total:0.3199114
2021-11-26 20:37:01,378 - ===============================| start validation |===============================
2021-11-26 20:37:17,016 - 	 Total:0.2943756	 Acc:0.3860068
2021-11-26 20:37:17,020 -    ini file updated    
2021-11-26 20:37:17,025 - Snapshot saved to /data/users/wergillius/UTR_VAE/pth/RL_gru_MTL/1_layer_model/unmod1_k17-model_best_cv2.pth

2021-11-26 20:37:17,026 -    ini file updated    
2021-11-26 20:37:17,026 - ===============================|    epoch 43   |===============================
2021-11-26 20:37:17,836 -     0 /  7312 (000%):	 Total:0.1235629	 Acc:0.3750000	 lr:0.0001576	 Mean_Total:0.1235629
2021-11-26 20:38:04,053 -  1462 /  7312 (019%):	 Total:0.2287338	 Acc:0.4375000	 lr:0.0001573	 Mean_Total:0.2399259
2021-11-26 20:38:51,730 -  2924 /  7312 (039%):	 Total:0.1678789	 Acc:0.4375000	 lr:0.0001569	 Mean_Total:0.2463239
2021-11-26 20:39:39,160 -  4386 /  7312 (059%):	 Total:0.2103523	 Acc:0.3437500	 lr:0.0001565	 Mean_Total:0.2603909
2021-11-26 20:40:26,475 -  5848 /  7312 (079%):	 Total:0.3799439	 Acc:0.2812500	 lr:0.0001562	 Mean_Total:0.2878421
2021-11-26 20:41:17,030 -  7310 /  7312 (099%):	 Total:0.5492360	 Acc:0.3437500	 lr:0.0001558	 Mean_Total:0.3189476
2021-11-26 20:41:17,313 - ===============================| start validation |===============================
2021-11-26 20:41:31,833 - 	 Total:0.2967957	 Acc:0.3885853
2021-11-26 20:41:31,839 -    ini file updated    
2021-11-26 20:41:31,848 - Snapshot saved to /data/users/wergillius/UTR_VAE/pth/RL_gru_MTL/1_layer_model/unmod1_k17-model_best_cv2.pth

2021-11-26 20:41:31,850 -    ini file updated    
2021-11-26 20:41:31,851 - ===============================|    epoch 44   |===============================
2021-11-26 20:41:32,792 -     0 /  7312 (000%):	 Total:0.1709365	 Acc:0.3750000	 lr:0.0001558	 Mean_Total:0.1709365
2021-11-26 20:42:23,594 -  1462 /  7312 (019%):	 Total:0.6297882	 Acc:0.3125000	 lr:0.0001555	 Mean_Total:0.2375815
2021-11-26 20:43:14,309 -  2924 /  7312 (039%):	 Total:0.2135399	 Acc:0.3437500	 lr:0.0001551	 Mean_Total:0.2445464
2021-11-26 20:44:05,496 -  4386 /  7312 (059%):	 Total:0.4885748	 Acc:0.4062500	 lr:0.0001548	 Mean_Total:0.2590268
2021-11-26 20:44:57,291 -  5848 /  7312 (079%):	 Total:0.1613830	 Acc:0.5000000	 lr:0.0001544	 Mean_Total:0.2857825
2021-11-26 20:45:48,108 -  7310 /  7312 (099%):	 Total:0.1477481	 Acc:0.4062500	 lr:0.0001541	 Mean_Total:0.3175430
2021-11-26 20:45:48,384 - ===============================| start validation |===============================
2021-11-26 20:46:03,806 - 	 Total:0.2986801	 Acc:0.3870074
2021-11-26 20:46:03,811 -    ini file updated    
2021-11-26 20:46:03,811 - ===============================|    epoch 45   |===============================
2021-11-26 20:46:04,775 -     0 /  7312 (000%):	 Total:0.1468382	 Acc:0.3437500	 lr:0.0001541	 Mean_Total:0.1468382
2021-11-26 20:46:52,986 -  1462 /  7312 (019%):	 Total:0.1683460	 Acc:0.4062500	 lr:0.0001537	 Mean_Total:0.2370460
2021-11-26 20:47:39,947 -  2924 /  7312 (039%):	 Total:0.4373357	 Acc:0.3125000	 lr:0.0001534	 Mean_Total:0.2434176
2021-11-26 20:48:28,693 -  4386 /  7312 (059%):	 Total:0.2445524	 Acc:0.3437500	 lr:0.0001531	 Mean_Total:0.2566690
2021-11-26 20:49:18,203 -  5848 /  7312 (079%):	 Total:0.3537189	 Acc:0.3437500	 lr:0.0001527	 Mean_Total:0.2845177
2021-11-26 20:50:08,042 -  7310 /  7312 (099%):	 Total:0.2573696	 Acc:0.2187500	 lr:0.0001524	 Mean_Total:0.3162145
2021-11-26 20:50:08,295 - ===============================| start validation |===============================
2021-11-26 20:50:23,368 - 	 Total:0.2922206	 Acc:0.3889701
2021-11-26 20:50:23,376 -    ini file updated    
2021-11-26 20:50:23,388 - Snapshot saved to /data/users/wergillius/UTR_VAE/pth/RL_gru_MTL/1_layer_model/unmod1_k17-model_best_cv2.pth

2021-11-26 20:50:23,389 -    ini file updated    
2021-11-26 20:50:23,390 - ===============================|    epoch 46   |===============================
2021-11-26 20:50:24,232 -     0 /  7312 (000%):	 Total:0.0926453	 Acc:0.4375000	 lr:0.0001524	 Mean_Total:0.0926453
2021-11-26 20:51:13,436 -  1462 /  7312 (019%):	 Total:0.1646757	 Acc:0.3750000	 lr:0.0001521	 Mean_Total:0.2371134
2021-11-26 20:52:02,095 -  2924 /  7312 (039%):	 Total:0.3764994	 Acc:0.3437500	 lr:0.0001517	 Mean_Total:0.2430809
2021-11-26 20:52:49,938 -  4386 /  7312 (059%):	 Total:0.1383405	 Acc:0.3437500	 lr:0.0001514	 Mean_Total:0.2573399
2021-11-26 20:53:40,183 -  5848 /  7312 (079%):	 Total:0.2654492	 Acc:0.3437500	 lr:0.0001511	 Mean_Total:0.2842695
2021-11-26 20:54:28,472 -  7310 /  7312 (099%):	 Total:0.2472132	 Acc:0.3125000	 lr:0.0001508	 Mean_Total:0.3156846
2021-11-26 20:54:28,716 - ===============================| start validation |===============================
2021-11-26 20:54:43,360 - 	 Total:0.2928355	 Acc:0.3886238
2021-11-26 20:54:43,366 -    ini file updated    
2021-11-26 20:54:43,366 - ===============================|    epoch 47   |===============================
2021-11-26 20:54:44,311 -     0 /  7312 (000%):	 Total:0.2539186	 Acc:0.5000000	 lr:0.0001508	 Mean_Total:0.2539186
2021-11-26 20:55:34,223 -  1462 /  7312 (019%):	 Total:0.2246958	 Acc:0.3750000	 lr:0.0001505	 Mean_Total:0.2372508
2021-11-26 20:56:25,696 -  2924 /  7312 (039%):	 Total:0.4039624	 Acc:0.2500000	 lr:0.0001501	 Mean_Total:0.2434799
2021-11-26 20:57:14,807 -  4386 /  7312 (059%):	 Total:0.2280457	 Acc:0.5000000	 lr:0.0001498	 Mean_Total:0.2565509
2021-11-26 20:58:01,545 -  5848 /  7312 (079%):	 Total:0.2779620	 Acc:0.1875000	 lr:0.0001495	 Mean_Total:0.2826338
2021-11-26 20:58:49,197 -  7310 /  7312 (099%):	 Total:0.5227268	 Acc:0.3437500	 lr:0.0001492	 Mean_Total:0.3149592
2021-11-26 20:58:49,457 - ===============================| start validation |===============================
2021-11-26 20:59:03,576 - 	 Total:0.2912622	 Acc:0.3903941
2021-11-26 20:59:03,581 -    ini file updated    
2021-11-26 20:59:03,589 - Snapshot saved to /data/users/wergillius/UTR_VAE/pth/RL_gru_MTL/1_layer_model/unmod1_k17-model_best_cv2.pth

2021-11-26 20:59:03,589 -    ini file updated    
2021-11-26 20:59:03,590 - ===============================|    epoch 48   |===============================
2021-11-26 20:59:04,389 -     0 /  7312 (000%):	 Total:0.1414546	 Acc:0.4375000	 lr:0.0001492	 Mean_Total:0.1414546
2021-11-26 20:59:54,336 -  1462 /  7312 (019%):	 Total:0.1944875	 Acc:0.3437500	 lr:0.0001489	 Mean_Total:0.2354761
2021-11-26 21:00:43,204 -  2924 /  7312 (039%):	 Total:0.8312067	 Acc:0.4062500	 lr:0.0001486	 Mean_Total:0.2419957
2021-11-26 21:01:32,125 -  4386 /  7312 (059%):	 Total:0.1828901	 Acc:0.3437500	 lr:0.0001483	 Mean_Total:0.2559359
2021-11-26 21:02:22,091 -  5848 /  7312 (079%):	 Total:0.2499100	 Acc:0.3750000	 lr:0.0001480	 Mean_Total:0.2821839
2021-11-26 21:03:10,791 -  7310 /  7312 (099%):	 Total:0.1846564	 Acc:0.4062500	 lr:0.0001477	 Mean_Total:0.3139611
2021-11-26 21:03:10,995 - ===============================| start validation |===============================
2021-11-26 21:03:26,515 - 	 Total:0.2973893	 Acc:0.3885083
2021-11-26 21:03:26,534 -    ini file updated    
2021-11-26 21:03:26,534 - ===============================|    epoch 49   |===============================
2021-11-26 21:03:27,437 -     0 /  7312 (000%):	 Total:0.1719956	 Acc:0.4687500	 lr:0.0001477	 Mean_Total:0.1719956
2021-11-26 21:04:21,292 -  1462 /  7312 (019%):	 Total:0.1266903	 Acc:0.3750000	 lr:0.0001474	 Mean_Total:0.2325495
2021-11-26 21:05:12,013 -  2924 /  7312 (039%):	 Total:0.1907399	 Acc:0.3125000	 lr:0.0001471	 Mean_Total:0.2401531
2021-11-26 21:06:05,607 -  4386 /  7312 (059%):	 Total:0.1526992	 Acc:0.4375000	 lr:0.0001468	 Mean_Total:0.2534069
2021-11-26 21:06:56,487 -  5848 /  7312 (079%):	 Total:0.3726306	 Acc:0.4062500	 lr:0.0001465	 Mean_Total:0.2804326
2021-11-26 21:07:47,279 -  7310 /  7312 (099%):	 Total:0.3346850	 Acc:0.3437500	 lr:0.0001462	 Mean_Total:0.3127519
2021-11-26 21:07:47,529 - ===============================| start validation |===============================
2021-11-26 21:08:03,242 - 	 Total:0.2923979	 Acc:0.3895474
2021-11-26 21:08:03,248 -    ini file updated    
2021-11-26 21:08:03,248 - ===============================|    epoch 50   |===============================
2021-11-26 21:08:04,145 -     0 /  7312 (000%):	 Total:0.3243131	 Acc:0.2500000	 lr:0.0001462	 Mean_Total:0.3243131
2021-11-26 21:08:54,175 -  1462 /  7312 (019%):	 Total:0.1345861	 Acc:0.3437500	 lr:0.0001459	 Mean_Total:0.2311147
2021-11-26 21:09:46,495 -  2924 /  7312 (039%):	 Total:0.7305515	 Acc:0.4062500	 lr:0.0001456	 Mean_Total:0.2387513
2021-11-26 21:10:37,711 -  4386 /  7312 (059%):	 Total:0.2627941	 Acc:0.3750000	 lr:0.0001453	 Mean_Total:0.2536989
2021-11-26 21:11:28,907 -  5848 /  7312 (079%):	 Total:0.4521507	 Acc:0.3437500	 lr:0.0001450	 Mean_Total:0.2801632
2021-11-26 21:12:21,002 -  7310 /  7312 (099%):	 Total:0.4625365	 Acc:0.4062500	 lr:0.0001447	 Mean_Total:0.3118459
2021-11-26 21:12:21,282 - ===============================| start validation |===============================
2021-11-26 21:12:35,196 - 	 Total:0.2872563	 Acc:0.3856604
2021-11-26 21:12:35,208 -    ini file updated    
2021-11-26 21:12:35,214 - Snapshot saved to /data/users/wergillius/UTR_VAE/pth/RL_gru_MTL/1_layer_model/unmod1_k17-model_best_cv2.pth

2021-11-26 21:12:35,215 -    ini file updated    
2021-11-26 21:12:35,215 - ===============================|    epoch 51   |===============================
2021-11-26 21:12:36,109 -     0 /  7312 (000%):	 Total:0.1660921	 Acc:0.4062500	 lr:0.0001447	 Mean_Total:0.1660921
2021-11-26 21:13:25,069 -  1462 /  7312 (019%):	 Total:0.1564302	 Acc:0.3750000	 lr:0.0001445	 Mean_Total:0.2325501
2021-11-26 21:14:14,195 -  2924 /  7312 (039%):	 Total:0.1208064	 Acc:0.3437500	 lr:0.0001442	 Mean_Total:0.2394609
2021-11-26 21:15:03,362 -  4386 /  7312 (059%):	 Total:0.1700928	 Acc:0.3750000	 lr:0.0001439	 Mean_Total:0.2528242
2021-11-26 21:15:52,562 -  5848 /  7312 (079%):	 Total:0.2352941	 Acc:0.4687500	 lr:0.0001436	 Mean_Total:0.2798434
2021-11-26 21:16:39,609 -  7310 /  7312 (099%):	 Total:0.2407533	 Acc:0.3125000	 lr:0.0001433	 Mean_Total:0.3111340
2021-11-26 21:16:39,853 - ===============================| start validation |===============================
2021-11-26 21:16:53,577 - 	 Total:0.2901193	 Acc:0.3910483
2021-11-26 21:16:53,583 -    ini file updated    
2021-11-26 21:16:53,589 - Snapshot saved to /data/users/wergillius/UTR_VAE/pth/RL_gru_MTL/1_layer_model/unmod1_k17-model_best_cv2.pth

2021-11-26 21:16:53,590 -    ini file updated    
2021-11-26 21:16:53,590 - ===============================|    epoch 52   |===============================
2021-11-26 21:16:54,364 -     0 /  7312 (000%):	 Total:0.1595514	 Acc:0.3437500	 lr:0.0001433	 Mean_Total:0.1595514
2021-11-26 21:17:43,118 -  1462 /  7312 (019%):	 Total:0.1945928	 Acc:0.3125000	 lr:0.0001431	 Mean_Total:0.2313750
2021-11-26 21:18:32,822 -  2924 /  7312 (039%):	 Total:0.1255731	 Acc:0.3125000	 lr:0.0001428	 Mean_Total:0.2383773
2021-11-26 21:19:26,622 -  4386 /  7312 (059%):	 Total:0.1680820	 Acc:0.3750000	 lr:0.0001425	 Mean_Total:0.2525026
2021-11-26 21:20:19,577 -  5848 /  7312 (079%):	 Total:0.5204574	 Acc:0.4062500	 lr:0.0001423	 Mean_Total:0.2789705
2021-11-26 21:21:10,050 -  7310 /  7312 (099%):	 Total:0.2590217	 Acc:0.3750000	 lr:0.0001420	 Mean_Total:0.3105529
2021-11-26 21:21:10,289 - ===============================| start validation |===============================
2021-11-26 21:21:25,725 - 	 Total:0.2884463	 Acc:0.3909329
2021-11-26 21:21:25,731 -    ini file updated    
2021-11-26 21:21:25,731 - ===============================|    epoch 53   |===============================
2021-11-26 21:21:26,466 -     0 /  7312 (000%):	 Total:0.1646024	 Acc:0.3125000	 lr:0.0001420	 Mean_Total:0.1646024
2021-11-26 21:22:16,682 -  1462 /  7312 (019%):	 Total:0.2009504	 Acc:0.5000000	 lr:0.0001417	 Mean_Total:0.2293034
2021-11-26 21:23:06,611 -  2924 /  7312 (039%):	 Total:0.5047372	 Acc:0.4375000	 lr:0.0001415	 Mean_Total:0.2377755
2021-11-26 21:23:55,996 -  4386 /  7312 (059%):	 Total:0.2815869	 Acc:0.3125000	 lr:0.0001412	 Mean_Total:0.2519392
2021-11-26 21:24:47,558 -  5848 /  7312 (079%):	 Total:0.2335980	 Acc:0.4062500	 lr:0.0001409	 Mean_Total:0.2784205
2021-11-26 21:25:38,490 -  7310 /  7312 (099%):	 Total:0.1523961	 Acc:0.5312500	 lr:0.0001407	 Mean_Total:0.3102628
2021-11-26 21:25:38,763 - ===============================| start validation |===============================
2021-11-26 21:25:53,984 - 	 Total:0.2863179	 Acc:0.3888932
2021-11-26 21:25:53,990 -    ini file updated    
2021-11-26 21:25:54,008 - Snapshot saved to /data/users/wergillius/UTR_VAE/pth/RL_gru_MTL/1_layer_model/unmod1_k17-model_best_cv2.pth

2021-11-26 21:25:54,009 -    ini file updated    
2021-11-26 21:25:54,010 - ===============================|    epoch 54   |===============================
2021-11-26 21:25:54,849 -     0 /  7312 (000%):	 Total:0.1192536	 Acc:0.4687500	 lr:0.0001407	 Mean_Total:0.1192536
2021-11-26 21:26:44,379 -  1462 /  7312 (019%):	 Total:0.1821456	 Acc:0.4375000	 lr:0.0001404	 Mean_Total:0.2295135
2021-11-26 21:27:34,207 -  2924 /  7312 (039%):	 Total:0.2706896	 Acc:0.3750000	 lr:0.0001401	 Mean_Total:0.2363779
2021-11-26 21:28:24,980 -  4386 /  7312 (059%):	 Total:0.1761315	 Acc:0.5000000	 lr:0.0001399	 Mean_Total:0.2507032
2021-11-26 21:29:15,267 -  5848 /  7312 (079%):	 Total:0.5894893	 Acc:0.2500000	 lr:0.0001396	 Mean_Total:0.2768115
2021-11-26 21:30:03,318 -  7310 /  7312 (099%):	 Total:0.3040738	 Acc:0.2812500	 lr:0.0001394	 Mean_Total:0.3092700
2021-11-26 21:30:03,586 - ===============================| start validation |===============================
2021-11-26 21:30:17,936 - 	 Total:0.2877164	 Acc:0.3905480
2021-11-26 21:30:17,946 -    ini file updated    
2021-11-26 21:30:17,946 - ===============================|    epoch 55   |===============================
2021-11-26 21:30:18,775 -     0 /  7312 (000%):	 Total:0.2246841	 Acc:0.3750000	 lr:0.0001394	 Mean_Total:0.2246841
2021-11-26 21:31:07,788 -  1462 /  7312 (019%):	 Total:0.1458573	 Acc:0.4375000	 lr:0.0001391	 Mean_Total:0.2294989
2021-11-26 21:31:59,668 -  2924 /  7312 (039%):	 Total:0.1981159	 Acc:0.2812500	 lr:0.0001389	 Mean_Total:0.2362502
2021-11-26 21:32:50,229 -  4386 /  7312 (059%):	 Total:0.1295236	 Acc:0.4687500	 lr:0.0001386	 Mean_Total:0.2498461
2021-11-26 21:33:41,901 -  5848 /  7312 (079%):	 Total:0.4301181	 Acc:0.3125000	 lr:0.0001384	 Mean_Total:0.2770666
2021-11-26 21:34:31,682 -  7310 /  7312 (099%):	 Total:0.1776313	 Acc:0.4375000	 lr:0.0001381	 Mean_Total:0.3085948
2021-11-26 21:34:31,952 - ===============================| start validation |===============================
2021-11-26 21:34:48,349 - 	 Total:0.2924250	 Acc:0.3919720
2021-11-26 21:34:48,361 -    ini file updated    
2021-11-26 21:34:48,368 - Snapshot saved to /data/users/wergillius/UTR_VAE/pth/RL_gru_MTL/1_layer_model/unmod1_k17-model_best_cv2.pth

2021-11-26 21:34:48,368 -    ini file updated    
2021-11-26 21:34:48,369 - ===============================|    epoch 56   |===============================
2021-11-26 21:34:49,406 -     0 /  7312 (000%):	 Total:0.9210800	 Acc:0.2812500	 lr:0.0001381	 Mean_Total:0.9210800
2021-11-26 21:35:39,855 -  1462 /  7312 (019%):	 Total:0.2565651	 Acc:0.4375000	 lr:0.0001379	 Mean_Total:0.2298143
2021-11-26 21:36:30,227 -  2924 /  7312 (039%):	 Total:0.1673172	 Acc:0.4062500	 lr:0.0001376	 Mean_Total:0.2353561
2021-11-26 21:37:21,653 -  4386 /  7312 (059%):	 Total:0.2897254	 Acc:0.2812500	 lr:0.0001374	 Mean_Total:0.2493585
2021-11-26 21:38:13,466 -  5848 /  7312 (079%):	 Total:0.2656929	 Acc:0.4375000	 lr:0.0001372	 Mean_Total:0.2755848
2021-11-26 21:39:03,154 -  7310 /  7312 (099%):	 Total:0.1706348	 Acc:0.4062500	 lr:0.0001369	 Mean_Total:0.3074951
2021-11-26 21:39:03,445 - ===============================| start validation |===============================
2021-11-26 21:39:17,013 - 	 Total:0.2888273	 Acc:0.3925108
2021-11-26 21:39:17,018 -    ini file updated    
2021-11-26 21:39:17,024 - Snapshot saved to /data/users/wergillius/UTR_VAE/pth/RL_gru_MTL/1_layer_model/unmod1_k17-model_best_cv2.pth

2021-11-26 21:39:17,025 -    ini file updated    
2021-11-26 21:39:17,025 - ===============================|    epoch 57   |===============================
2021-11-26 21:39:17,878 -     0 /  7312 (000%):	 Total:0.1621049	 Acc:0.2187500	 lr:0.0001369	 Mean_Total:0.1621049
2021-11-26 21:40:08,507 -  1462 /  7312 (019%):	 Total:0.1329198	 Acc:0.4687500	 lr:0.0001367	 Mean_Total:0.2283366
2021-11-26 21:40:57,923 -  2924 /  7312 (039%):	 Total:0.3108587	 Acc:0.4062500	 lr:0.0001364	 Mean_Total:0.2358291
2021-11-26 21:41:47,224 -  4386 /  7312 (059%):	 Total:0.1292727	 Acc:0.5000000	 lr:0.0001362	 Mean_Total:0.2490334
2021-11-26 21:42:40,557 -  5848 /  7312 (079%):	 Total:0.4378709	 Acc:0.2812500	 lr:0.0001360	 Mean_Total:0.2757259
2021-11-26 21:43:32,112 -  7310 /  7312 (099%):	 Total:0.1996501	 Acc:0.4375000	 lr:0.0001357	 Mean_Total:0.3073807
2021-11-26 21:43:32,358 - ===============================| start validation |===============================
2021-11-26 21:43:47,195 - 	 Total:0.2859615	 Acc:0.3917411
2021-11-26 21:43:47,203 -    ini file updated    
2021-11-26 21:43:47,212 - Snapshot saved to /data/users/wergillius/UTR_VAE/pth/RL_gru_MTL/1_layer_model/unmod1_k17-model_best_cv2.pth

2021-11-26 21:43:47,213 -    ini file updated    
2021-11-26 21:43:47,213 - ===============================|    epoch 58   |===============================
2021-11-26 21:43:48,148 -     0 /  7312 (000%):	 Total:0.1827454	 Acc:0.4062500	 lr:0.0001357	 Mean_Total:0.1827454
2021-11-26 21:44:39,838 -  1462 /  7312 (019%):	 Total:0.2156385	 Acc:0.2187500	 lr:0.0001355	 Mean_Total:0.2264045
2021-11-26 21:45:29,334 -  2924 /  7312 (039%):	 Total:0.1197176	 Acc:0.4062500	 lr:0.0001353	 Mean_Total:0.2332494
2021-11-26 21:46:20,714 -  4386 /  7312 (059%):	 Total:0.7415502	 Acc:0.3750000	 lr:0.0001350	 Mean_Total:0.2481127
2021-11-26 21:47:14,934 -  5848 /  7312 (079%):	 Total:0.3554300	 Acc:0.2187500	 lr:0.0001348	 Mean_Total:0.2747354
2021-11-26 21:47:58,482 -  7310 /  7312 (099%):	 Total:0.5569200	 Acc:0.3125000	 lr:0.0001346	 Mean_Total:0.3066434
2021-11-26 21:47:58,705 - ===============================| start validation |===============================
2021-11-26 21:48:10,728 - 	 Total:0.2870205	 Acc:0.3945890
2021-11-26 21:48:10,732 -    ini file updated    
2021-11-26 21:48:10,738 - Snapshot saved to /data/users/wergillius/UTR_VAE/pth/RL_gru_MTL/1_layer_model/unmod1_k17-model_best_cv2.pth

2021-11-26 21:48:10,738 -    ini file updated    
2021-11-26 21:48:10,739 - ===============================|    epoch 59   |===============================
2021-11-26 21:48:11,525 -     0 /  7312 (000%):	 Total:0.3826478	 Acc:0.3437500	 lr:0.0001346	 Mean_Total:0.3826478
2021-11-26 21:48:45,921 -  1462 /  7312 (019%):	 Total:0.1241332	 Acc:0.4062500	 lr:0.0001343	 Mean_Total:0.2259123
2021-11-26 21:49:14,111 -  2924 /  7312 (039%):	 Total:0.2494114	 Acc:0.2500000	 lr:0.0001341	 Mean_Total:0.2332478
2021-11-26 21:49:40,757 -  4386 /  7312 (059%):	 Total:0.3563718	 Acc:0.3750000	 lr:0.0001339	 Mean_Total:0.2473638
2021-11-26 21:50:06,987 -  5848 /  7312 (079%):	 Total:0.3395324	 Acc:0.3125000	 lr:0.0001337	 Mean_Total:0.2739431
2021-11-26 21:50:34,753 -  7310 /  7312 (099%):	 Total:0.2487272	 Acc:0.3750000	 lr:0.0001334	 Mean_Total:0.3060262
2021-11-26 21:50:34,943 - ===============================| start validation |===============================
2021-11-26 21:50:44,858 - 	 Total:0.2849369	 Acc:0.3915486
2021-11-26 21:50:44,862 -    ini file updated    
2021-11-26 21:50:44,869 - Snapshot saved to /data/users/wergillius/UTR_VAE/pth/RL_gru_MTL/1_layer_model/unmod1_k17-model_best_cv2.pth

2021-11-26 21:50:44,869 -    ini file updated    
2021-11-26 21:50:44,870 - ===============================|    epoch 60   |===============================
2021-11-26 21:50:45,628 -     0 /  7312 (000%):	 Total:0.1375804	 Acc:0.4687500	 lr:0.0001334	 Mean_Total:0.1375804
2021-11-26 21:51:13,659 -  1462 /  7312 (019%):	 Total:0.2602401	 Acc:0.3437500	 lr:0.0001332	 Mean_Total:0.2241319
2021-11-26 21:51:39,470 -  2924 /  7312 (039%):	 Total:0.2393556	 Acc:0.4062500	 lr:0.0001330	 Mean_Total:0.2317075
2021-11-26 21:52:05,056 -  4386 /  7312 (059%):	 Total:0.3493345	 Acc:0.3750000	 lr:0.0001328	 Mean_Total:0.2458495
2021-11-26 21:52:31,390 -  5848 /  7312 (079%):	 Total:0.2501349	 Acc:0.2187500	 lr:0.0001326	 Mean_Total:0.2727034
2021-11-26 21:52:57,442 -  7310 /  7312 (099%):	 Total:0.2048877	 Acc:0.4062500	 lr:0.0001323	 Mean_Total:0.3046209
2021-11-26 21:52:57,650 - ===============================| start validation |===============================
2021-11-26 21:53:07,818 - 	 Total:0.2871977	 Acc:0.3947044
2021-11-26 21:53:07,823 -    ini file updated    
2021-11-26 21:53:07,830 - Snapshot saved to /data/users/wergillius/UTR_VAE/pth/RL_gru_MTL/1_layer_model/unmod1_k17-model_best_cv2.pth

2021-11-26 21:53:07,831 -    ini file updated    
