2021-11-28 10:35:36,033 -   	 	 ==============<<< device used: cuda:1  >>>============== 	 	 
2021-11-28 10:35:42,545 - ===============================|    epoch 0   |===============================
2021-11-28 10:35:43,115 -     0 /  7312 (000%):	 Total:37.5722275	 Acc:0.0000000	 lr:0.0009882	 Mean_Total:37.5722275
2021-11-28 10:36:18,474 -  1462 /  7312 (019%):	 Total:1.3438915	 Acc:0.1562500	 lr:0.0023109	 Mean_Total:1.7023513
2021-11-28 10:36:56,629 -  2924 /  7312 (039%):	 Total:1.4573073	 Acc:0.2500000	 lr:0.0016343	 Mean_Total:1.4898702
2021-11-28 10:37:33,871 -  4386 /  7312 (059%):	 Total:0.9784516	 Acc:0.2500000	 lr:0.0013345	 Mean_Total:1.4000678
2021-11-28 10:38:10,956 -  5848 /  7312 (079%):	 Total:1.0377450	 Acc:0.3125000	 lr:0.0011557	 Mean_Total:1.3631229
2021-11-28 10:38:59,439 -  7310 /  7312 (099%):	 Total:1.4982160	 Acc:0.2187500	 lr:0.0010337	 Mean_Total:1.3594172
2021-11-28 10:39:00,022 - ===============================| start validation |===============================
2021-11-28 10:39:18,925 - 	 Total:1.2300577	 Acc:0.2314116
2021-11-28 10:39:18,954 -    ini file updated    
2021-11-28 10:39:19,018 - Snapshot saved to /data/users/wergillius/UTR_VAE/pth/RL_gru_MTL/1_layer_model/unmod1_k3-model_best_cv4.pth

2021-11-28 10:39:19,020 -    ini file updated    
2021-11-28 10:39:19,021 - ===============================|    epoch 1   |===============================
2021-11-28 10:39:19,892 -     0 /  7312 (000%):	 Total:1.6550127	 Acc:0.2500000	 lr:0.0010336	 Mean_Total:1.6550127
2021-11-28 10:40:37,108 -  1462 /  7312 (019%):	 Total:0.8697072	 Acc:0.2812500	 lr:0.0009436	 Mean_Total:1.2089497
2021-11-28 10:41:44,839 -  2924 /  7312 (039%):	 Total:0.6315671	 Acc:0.1875000	 lr:0.0008736	 Mean_Total:0.9983389
2021-11-28 10:42:45,990 -  4386 /  7312 (059%):	 Total:0.6131431	 Acc:0.2187500	 lr:0.0008172	 Mean_Total:0.9106259
2021-11-28 10:43:45,642 -  5848 /  7312 (079%):	 Total:0.6120772	 Acc:0.1875000	 lr:0.0007705	 Mean_Total:0.8710606
2021-11-28 10:44:41,118 -  7310 /  7312 (099%):	 Total:0.5698889	 Acc:0.1875000	 lr:0.0007309	 Mean_Total:0.8615630
2021-11-28 10:44:41,452 - ===============================| start validation |===============================
2021-11-28 10:44:55,528 - 	 Total:0.6471559	 Acc:0.2789794
2021-11-28 10:44:55,536 -    ini file updated    
2021-11-28 10:44:55,549 - Snapshot saved to /data/users/wergillius/UTR_VAE/pth/RL_gru_MTL/1_layer_model/unmod1_k3-model_best_cv4.pth

2021-11-28 10:44:55,551 -    ini file updated    
2021-11-28 10:44:55,551 - ===============================|    epoch 2   |===============================
2021-11-28 10:44:56,963 -     0 /  7312 (000%):	 Total:0.7595992	 Acc:0.1875000	 lr:0.0007309	 Mean_Total:0.7595992
2021-11-28 10:45:56,878 -  1462 /  7312 (019%):	 Total:0.7232332	 Acc:0.2187500	 lr:0.0006969	 Mean_Total:0.5977453
2021-11-28 10:46:56,302 -  2924 /  7312 (039%):	 Total:0.6667057	 Acc:0.2187500	 lr:0.0006672	 Mean_Total:0.5827523
2021-11-28 10:47:56,801 -  4386 /  7312 (059%):	 Total:0.7286623	 Acc:0.2500000	 lr:0.0006411	 Mean_Total:0.5811394
2021-11-28 10:48:55,925 -  5848 /  7312 (079%):	 Total:1.1324121	 Acc:0.3125000	 lr:0.0006177	 Mean_Total:0.5967971
2021-11-28 10:49:51,373 -  7310 /  7312 (099%):	 Total:0.2943299	 Acc:0.3125000	 lr:0.0005968	 Mean_Total:0.6230315
2021-11-28 10:49:51,682 - ===============================| start validation |===============================
2021-11-28 10:50:06,674 - 	 Total:0.6094955	 Acc:0.2951432
2021-11-28 10:50:06,683 -    ini file updated    
2021-11-28 10:50:06,697 - Snapshot saved to /data/users/wergillius/UTR_VAE/pth/RL_gru_MTL/1_layer_model/unmod1_k3-model_best_cv4.pth

2021-11-28 10:50:06,699 -    ini file updated    
2021-11-28 10:50:06,700 - ===============================|    epoch 3   |===============================
2021-11-28 10:50:07,938 -     0 /  7312 (000%):	 Total:0.3068618	 Acc:0.3437500	 lr:0.0005968	 Mean_Total:0.3068618
2021-11-28 10:51:06,060 -  1462 /  7312 (019%):	 Total:0.7378825	 Acc:0.1250000	 lr:0.0005778	 Mean_Total:0.5380962
2021-11-28 10:51:59,340 -  2924 /  7312 (039%):	 Total:1.2765760	 Acc:0.2187500	 lr:0.0005606	 Mean_Total:0.5335594
2021-11-28 10:52:58,912 -  4386 /  7312 (059%):	 Total:0.6365295	 Acc:0.2187500	 lr:0.0005448	 Mean_Total:0.5382921
2021-11-28 10:53:58,979 -  5848 /  7312 (079%):	 Total:0.5299405	 Acc:0.3125000	 lr:0.0005303	 Mean_Total:0.5593415
2021-11-28 10:54:52,809 -  7310 /  7312 (099%):	 Total:0.6461279	 Acc:0.1250000	 lr:0.0005168	 Mean_Total:0.5870149
2021-11-28 10:54:53,212 - ===============================| start validation |===============================
2021-11-28 10:55:10,020 - 	 Total:0.5596775	 Acc:0.2961438
2021-11-28 10:55:10,028 -    ini file updated    
2021-11-28 10:55:10,042 - Snapshot saved to /data/users/wergillius/UTR_VAE/pth/RL_gru_MTL/1_layer_model/unmod1_k3-model_best_cv4.pth

2021-11-28 10:55:10,044 -    ini file updated    
2021-11-28 10:55:10,044 - ===============================|    epoch 4   |===============================
2021-11-28 10:55:11,466 -     0 /  7312 (000%):	 Total:0.8057977	 Acc:0.2500000	 lr:0.0005168	 Mean_Total:0.8057977
2021-11-28 10:56:12,442 -  1462 /  7312 (019%):	 Total:0.3430937	 Acc:0.5000000	 lr:0.0005044	 Mean_Total:0.5056687
2021-11-28 10:57:12,900 -  2924 /  7312 (039%):	 Total:0.3373615	 Acc:0.4062500	 lr:0.0004928	 Mean_Total:0.5016186
2021-11-28 10:58:13,465 -  4386 /  7312 (059%):	 Total:0.7492168	 Acc:0.2187500	 lr:0.0004819	 Mean_Total:0.5075757
2021-11-28 10:59:10,525 -  5848 /  7312 (079%):	 Total:0.3527666	 Acc:0.3437500	 lr:0.0004718	 Mean_Total:0.5277441
2021-11-28 11:00:06,735 -  7310 /  7312 (099%):	 Total:0.5835208	 Acc:0.2187500	 lr:0.0004623	 Mean_Total:0.5558149
2021-11-28 11:00:07,021 - ===============================| start validation |===============================
2021-11-28 11:00:23,944 - 	 Total:0.5256205	 Acc:0.2980680
2021-11-28 11:00:23,950 -    ini file updated    
2021-11-28 11:00:23,959 - Snapshot saved to /data/users/wergillius/UTR_VAE/pth/RL_gru_MTL/1_layer_model/unmod1_k3-model_best_cv4.pth

2021-11-28 11:00:23,960 -    ini file updated    
2021-11-28 11:00:23,960 - ===============================|    epoch 5   |===============================
2021-11-28 11:00:25,235 -     0 /  7312 (000%):	 Total:0.4813617	 Acc:0.2812500	 lr:0.0004623	 Mean_Total:0.4813617
2021-11-28 11:01:29,767 -  1462 /  7312 (019%):	 Total:0.4609577	 Acc:0.4375000	 lr:0.0004533	 Mean_Total:0.4691043
2021-11-28 11:02:31,168 -  2924 /  7312 (039%):	 Total:0.2131281	 Acc:0.2187500	 lr:0.0004448	 Mean_Total:0.4598337
2021-11-28 11:03:32,739 -  4386 /  7312 (059%):	 Total:0.3160325	 Acc:0.3437500	 lr:0.0004368	 Mean_Total:0.4626542
2021-11-28 11:04:31,893 -  5848 /  7312 (079%):	 Total:0.3200315	 Acc:0.3125000	 lr:0.0004292	 Mean_Total:0.4790092
2021-11-28 11:05:20,584 -  7310 /  7312 (099%):	 Total:0.3946807	 Acc:0.2812500	 lr:0.0004220	 Mean_Total:0.5064208
2021-11-28 11:05:20,942 - ===============================| start validation |===============================
2021-11-28 11:05:36,566 - 	 Total:0.4741147	 Acc:0.3206974
2021-11-28 11:05:36,573 -    ini file updated    
2021-11-28 11:05:36,582 - Snapshot saved to /data/users/wergillius/UTR_VAE/pth/RL_gru_MTL/1_layer_model/unmod1_k3-model_best_cv4.pth

2021-11-28 11:05:36,583 -    ini file updated    
2021-11-28 11:05:36,583 - ===============================|    epoch 6   |===============================
2021-11-28 11:05:37,529 -     0 /  7312 (000%):	 Total:0.3035262	 Acc:0.2812500	 lr:0.0004220	 Mean_Total:0.3035262
2021-11-28 11:06:32,635 -  1462 /  7312 (019%):	 Total:0.3595694	 Acc:0.2812500	 lr:0.0004151	 Mean_Total:0.4120455
2021-11-28 11:07:31,239 -  2924 /  7312 (039%):	 Total:0.5538409	 Acc:0.2500000	 lr:0.0004086	 Mean_Total:0.4104971
2021-11-28 11:08:27,314 -  4386 /  7312 (059%):	 Total:0.2240212	 Acc:0.4375000	 lr:0.0004024	 Mean_Total:0.4167020
2021-11-28 11:09:23,248 -  5848 /  7312 (079%):	 Total:0.6336384	 Acc:0.0937500	 lr:0.0003964	 Mean_Total:0.4386143
2021-11-28 11:10:16,432 -  7310 /  7312 (099%):	 Total:0.4691454	 Acc:0.2812500	 lr:0.0003907	 Mean_Total:0.4701370
2021-11-28 11:10:16,797 - ===============================| start validation |===============================
2021-11-28 11:10:32,988 - 	 Total:0.4763554	 Acc:0.3220828
2021-11-28 11:10:32,996 -    ini file updated    
2021-11-28 11:10:33,004 - Snapshot saved to /data/users/wergillius/UTR_VAE/pth/RL_gru_MTL/1_layer_model/unmod1_k3-model_best_cv4.pth

2021-11-28 11:10:33,005 -    ini file updated    
2021-11-28 11:10:33,005 - ===============================|    epoch 7   |===============================
2021-11-28 11:10:34,107 -     0 /  7312 (000%):	 Total:0.3338596	 Acc:0.3125000	 lr:0.0003907	 Mean_Total:0.3338596
2021-11-28 11:11:31,739 -  1462 /  7312 (019%):	 Total:0.3735742	 Acc:0.3125000	 lr:0.0003852	 Mean_Total:0.3943012
2021-11-28 11:12:29,002 -  2924 /  7312 (039%):	 Total:1.0157714	 Acc:0.3437500	 lr:0.0003800	 Mean_Total:0.3925090
2021-11-28 11:13:29,182 -  4386 /  7312 (059%):	 Total:0.3055767	 Acc:0.3750000	 lr:0.0003749	 Mean_Total:0.3995812
2021-11-28 11:14:27,773 -  5848 /  7312 (079%):	 Total:0.6815598	 Acc:0.1875000	 lr:0.0003701	 Mean_Total:0.4224779
2021-11-28 11:15:25,067 -  7310 /  7312 (099%):	 Total:0.4245915	 Acc:0.1562500	 lr:0.0003655	 Mean_Total:0.4527822
2021-11-28 11:15:25,446 - ===============================| start validation |===============================
2021-11-28 11:15:42,702 - 	 Total:0.4325579	 Acc:0.3238916
2021-11-28 11:15:42,708 -    ini file updated    
2021-11-28 11:15:42,718 - Snapshot saved to /data/users/wergillius/UTR_VAE/pth/RL_gru_MTL/1_layer_model/unmod1_k3-model_best_cv4.pth

2021-11-28 11:15:42,720 -    ini file updated    
2021-11-28 11:15:42,720 - ===============================|    epoch 8   |===============================
2021-11-28 11:15:44,207 -     0 /  7312 (000%):	 Total:0.2129177	 Acc:0.4062500	 lr:0.0003655	 Mean_Total:0.2129177
2021-11-28 11:16:48,832 -  1462 /  7312 (019%):	 Total:0.2219311	 Acc:0.4375000	 lr:0.0003610	 Mean_Total:0.3820046
2021-11-28 11:17:54,683 -  2924 /  7312 (039%):	 Total:0.2363569	 Acc:0.3437500	 lr:0.0003566	 Mean_Total:0.3782763
2021-11-28 11:18:53,785 -  4386 /  7312 (059%):	 Total:0.3076527	 Acc:0.3750000	 lr:0.0003525	 Mean_Total:0.3871305
2021-11-28 11:19:57,112 -  5848 /  7312 (079%):	 Total:0.3255518	 Acc:0.2812500	 lr:0.0003484	 Mean_Total:0.4091890
2021-11-28 11:20:58,708 -  7310 /  7312 (099%):	 Total:0.5054234	 Acc:0.3437500	 lr:0.0003446	 Mean_Total:0.4393570
2021-11-28 11:20:59,047 - ===============================| start validation |===============================
2021-11-28 11:21:17,781 - 	 Total:0.4219912	 Acc:0.3312038
2021-11-28 11:21:17,802 -    ini file updated    
2021-11-28 11:21:17,826 - Snapshot saved to /data/users/wergillius/UTR_VAE/pth/RL_gru_MTL/1_layer_model/unmod1_k3-model_best_cv4.pth

2021-11-28 11:21:17,829 -    ini file updated    
2021-11-28 11:21:17,830 - ===============================|    epoch 9   |===============================
2021-11-28 11:21:19,355 -     0 /  7312 (000%):	 Total:0.3290524	 Acc:0.3437500	 lr:0.0003446	 Mean_Total:0.3290524
2021-11-28 11:22:20,967 -  1462 /  7312 (019%):	 Total:0.3025399	 Acc:0.2500000	 lr:0.0003408	 Mean_Total:0.3611521
2021-11-28 11:23:31,833 -  2924 /  7312 (039%):	 Total:0.3296493	 Acc:0.4375000	 lr:0.0003371	 Mean_Total:0.3625350
2021-11-28 11:24:38,923 -  4386 /  7312 (059%):	 Total:0.3025262	 Acc:0.3750000	 lr:0.0003336	 Mean_Total:0.3719687
2021-11-28 11:25:43,087 -  5848 /  7312 (079%):	 Total:0.5365598	 Acc:0.2812500	 lr:0.0003302	 Mean_Total:0.3957824
2021-11-28 11:26:39,878 -  7310 /  7312 (099%):	 Total:0.2507591	 Acc:0.4375000	 lr:0.0003269	 Mean_Total:0.4281642
2021-11-28 11:26:40,234 - ===============================| start validation |===============================
2021-11-28 11:26:56,464 - 	 Total:0.4227196	 Acc:0.3347829
2021-11-28 11:26:56,476 -    ini file updated    
2021-11-28 11:26:56,494 - Snapshot saved to /data/users/wergillius/UTR_VAE/pth/RL_gru_MTL/1_layer_model/unmod1_k3-model_best_cv4.pth

2021-11-28 11:26:56,496 -    ini file updated    
2021-11-28 11:26:56,496 - ===============================|    epoch 10   |===============================
2021-11-28 11:26:57,576 -     0 /  7312 (000%):	 Total:0.2113441	 Acc:0.4062500	 lr:0.0003269	 Mean_Total:0.2113441
2021-11-28 11:28:04,702 -  1462 /  7312 (019%):	 Total:0.3351434	 Acc:0.4062500	 lr:0.0003236	 Mean_Total:0.3497912
2021-11-28 11:29:07,143 -  2924 /  7312 (039%):	 Total:0.1977060	 Acc:0.3437500	 lr:0.0003205	 Mean_Total:0.3511822
2021-11-28 11:30:12,647 -  4386 /  7312 (059%):	 Total:0.2945579	 Acc:0.3125000	 lr:0.0003175	 Mean_Total:0.3628610
2021-11-28 11:31:15,216 -  5848 /  7312 (079%):	 Total:0.3009072	 Acc:0.3437500	 lr:0.0003145	 Mean_Total:0.3868762
2021-11-28 11:32:12,774 -  7310 /  7312 (099%):	 Total:0.7520518	 Acc:0.2500000	 lr:0.0003117	 Mean_Total:0.4183813
2021-11-28 11:32:13,197 - ===============================| start validation |===============================
2021-11-28 11:32:29,969 - 	 Total:0.4076476	 Acc:0.3364763
2021-11-28 11:32:29,977 -    ini file updated    
2021-11-28 11:32:29,986 - Snapshot saved to /data/users/wergillius/UTR_VAE/pth/RL_gru_MTL/1_layer_model/unmod1_k3-model_best_cv4.pth

2021-11-28 11:32:29,987 -    ini file updated    
2021-11-28 11:32:29,987 - ===============================|    epoch 11   |===============================
2021-11-28 11:32:31,212 -     0 /  7312 (000%):	 Total:0.3844873	 Acc:0.2812500	 lr:0.0003117	 Mean_Total:0.3844873
2021-11-28 11:33:35,270 -  1462 /  7312 (019%):	 Total:0.3318145	 Acc:0.2500000	 lr:0.0003089	 Mean_Total:0.3415811
2021-11-28 11:34:37,948 -  2924 /  7312 (039%):	 Total:0.4954432	 Acc:0.2500000	 lr:0.0003061	 Mean_Total:0.3440642
2021-11-28 11:35:29,633 -  4386 /  7312 (059%):	 Total:1.6211264	 Acc:0.2187500	 lr:0.0003035	 Mean_Total:0.3537214
2021-11-28 11:36:25,051 -  5848 /  7312 (079%):	 Total:0.6830240	 Acc:0.2187500	 lr:0.0003009	 Mean_Total:0.3768894
2021-11-28 11:37:20,112 -  7310 /  7312 (099%):	 Total:0.6891720	 Acc:0.2500000	 lr:0.0002984	 Mean_Total:0.4088384
2021-11-28 11:37:20,506 - ===============================| start validation |===============================
2021-11-28 11:37:35,219 - 	 Total:0.4043355	 Acc:0.3344751
2021-11-28 11:37:35,225 -    ini file updated    
2021-11-28 11:37:35,231 - Snapshot saved to /data/users/wergillius/UTR_VAE/pth/RL_gru_MTL/1_layer_model/unmod1_k3-model_best_cv4.pth

2021-11-28 11:37:35,232 -    ini file updated    
2021-11-28 11:37:35,232 - ===============================|    epoch 12   |===============================
2021-11-28 11:37:36,352 -     0 /  7312 (000%):	 Total:0.4357639	 Acc:0.2500000	 lr:0.0002984	 Mean_Total:0.4357639
2021-11-28 11:38:33,162 -  1462 /  7312 (019%):	 Total:0.2968662	 Acc:0.3750000	 lr:0.0002959	 Mean_Total:0.3338930
2021-11-28 11:39:30,986 -  2924 /  7312 (039%):	 Total:0.6284961	 Acc:0.4375000	 lr:0.0002935	 Mean_Total:0.3378156
2021-11-28 11:40:26,663 -  4386 /  7312 (059%):	 Total:0.2165327	 Acc:0.4375000	 lr:0.0002912	 Mean_Total:0.3459227
2021-11-28 11:41:22,809 -  5848 /  7312 (079%):	 Total:0.2565971	 Acc:0.3750000	 lr:0.0002889	 Mean_Total:0.3696986
2021-11-28 11:42:14,736 -  7310 /  7312 (099%):	 Total:0.5571109	 Acc:0.2500000	 lr:0.0002867	 Mean_Total:0.4026486
2021-11-28 11:42:15,085 - ===============================| start validation |===============================
2021-11-28 11:42:31,235 - 	 Total:0.3997895	 Acc:0.3323969
2021-11-28 11:42:31,240 -    ini file updated    
2021-11-28 11:42:31,248 - Snapshot saved to /data/users/wergillius/UTR_VAE/pth/RL_gru_MTL/1_layer_model/unmod1_k3-model_best_cv4.pth

2021-11-28 11:42:31,249 -    ini file updated    
2021-11-28 11:42:31,249 - ===============================|    epoch 13   |===============================
2021-11-28 11:42:32,355 -     0 /  7312 (000%):	 Total:0.3613958	 Acc:0.3437500	 lr:0.0002867	 Mean_Total:0.3613958
2021-11-28 11:43:37,872 -  1462 /  7312 (019%):	 Total:0.9767855	 Acc:0.3437500	 lr:0.0002845	 Mean_Total:0.3319595
2021-11-28 11:44:42,608 -  2924 /  7312 (039%):	 Total:0.8401865	 Acc:0.2500000	 lr:0.0002824	 Mean_Total:0.3316959
2021-11-28 11:45:48,772 -  4386 /  7312 (059%):	 Total:0.4522021	 Acc:0.3125000	 lr:0.0002803	 Mean_Total:0.3414326
2021-11-28 11:46:49,470 -  5848 /  7312 (079%):	 Total:0.6216462	 Acc:0.3125000	 lr:0.0002783	 Mean_Total:0.3655016
2021-11-28 11:47:48,114 -  7310 /  7312 (099%):	 Total:0.3878544	 Acc:0.2500000	 lr:0.0002763	 Mean_Total:0.3976274
2021-11-28 11:47:48,404 - ===============================| start validation |===============================
2021-11-28 11:48:04,416 - 	 Total:0.3911542	 Acc:0.3366687
2021-11-28 11:48:04,425 -    ini file updated    
2021-11-28 11:48:04,451 - Snapshot saved to /data/users/wergillius/UTR_VAE/pth/RL_gru_MTL/1_layer_model/unmod1_k3-model_best_cv4.pth

2021-11-28 11:48:04,453 -    ini file updated    
2021-11-28 11:48:04,454 - ===============================|    epoch 14   |===============================
2021-11-28 11:48:05,291 -     0 /  7312 (000%):	 Total:0.4239397	 Acc:0.2812500	 lr:0.0002763	 Mean_Total:0.4239397
2021-11-28 11:49:08,801 -  1462 /  7312 (019%):	 Total:0.2581152	 Acc:0.3437500	 lr:0.0002743	 Mean_Total:0.3243051
2021-11-28 11:50:13,244 -  2924 /  7312 (039%):	 Total:0.6138141	 Acc:0.3750000	 lr:0.0002724	 Mean_Total:0.3253066
2021-11-28 11:51:16,446 -  4386 /  7312 (059%):	 Total:0.1784655	 Acc:0.3437500	 lr:0.0002705	 Mean_Total:0.3362579
2021-11-28 11:52:20,657 -  5848 /  7312 (079%):	 Total:0.2708963	 Acc:0.3125000	 lr:0.0002687	 Mean_Total:0.3603788
2021-11-28 11:53:18,722 -  7310 /  7312 (099%):	 Total:0.2783086	 Acc:0.3750000	 lr:0.0002669	 Mean_Total:0.3917772
2021-11-28 11:53:19,084 - ===============================| start validation |===============================
2021-11-28 11:53:35,596 - 	 Total:0.3893061	 Acc:0.3442503
2021-11-28 11:53:35,603 -    ini file updated    
2021-11-28 11:53:35,615 - Snapshot saved to /data/users/wergillius/UTR_VAE/pth/RL_gru_MTL/1_layer_model/unmod1_k3-model_best_cv4.pth

2021-11-28 11:53:35,616 -    ini file updated    
2021-11-28 11:53:35,617 - ===============================|    epoch 15   |===============================
2021-11-28 11:53:36,644 -     0 /  7312 (000%):	 Total:0.3212231	 Acc:0.2812500	 lr:0.0002669	 Mean_Total:0.3212231
2021-11-28 11:54:39,633 -  1462 /  7312 (019%):	 Total:0.2865543	 Acc:0.3750000	 lr:0.0002651	 Mean_Total:0.3253863
2021-11-28 11:55:44,984 -  2924 /  7312 (039%):	 Total:0.2268420	 Acc:0.3750000	 lr:0.0002634	 Mean_Total:0.3238774
2021-11-28 11:56:51,291 -  4386 /  7312 (059%):	 Total:0.2985924	 Acc:0.3125000	 lr:0.0002617	 Mean_Total:0.3324784
2021-11-28 11:58:04,501 -  5848 /  7312 (079%):	 Total:0.5912237	 Acc:0.3125000	 lr:0.0002600	 Mean_Total:0.3569851
2021-11-28 11:59:09,009 -  7310 /  7312 (099%):	 Total:0.4774587	 Acc:0.1250000	 lr:0.0002584	 Mean_Total:0.3880394
2021-11-28 11:59:09,446 - ===============================| start validation |===============================
2021-11-28 11:59:27,883 - 	 Total:0.3833648	 Acc:0.3459437
2021-11-28 11:59:27,890 -    ini file updated    
2021-11-28 11:59:27,902 - Snapshot saved to /data/users/wergillius/UTR_VAE/pth/RL_gru_MTL/1_layer_model/unmod1_k3-model_best_cv4.pth

2021-11-28 11:59:27,904 -    ini file updated    
2021-11-28 11:59:27,904 - ===============================|    epoch 16   |===============================
2021-11-28 11:59:29,164 -     0 /  7312 (000%):	 Total:0.3512564	 Acc:0.2500000	 lr:0.0002584	 Mean_Total:0.3512564
2021-11-28 12:00:36,371 -  1462 /  7312 (019%):	 Total:0.1956824	 Acc:0.4062500	 lr:0.0002568	 Mean_Total:0.3136206
2021-11-28 12:01:40,518 -  2924 /  7312 (039%):	 Total:0.2308483	 Acc:0.3750000	 lr:0.0002552	 Mean_Total:0.3157325
2021-11-28 12:02:44,133 -  4386 /  7312 (059%):	 Total:0.2289587	 Acc:0.4062500	 lr:0.0002537	 Mean_Total:0.3258904
2021-11-28 12:03:52,274 -  5848 /  7312 (079%):	 Total:1.1181052	 Acc:0.3750000	 lr:0.0002522	 Mean_Total:0.3505041
2021-11-28 12:04:55,685 -  7310 /  7312 (099%):	 Total:0.2834959	 Acc:0.3125000	 lr:0.0002507	 Mean_Total:0.3818402
2021-11-28 12:04:56,091 - ===============================| start validation |===============================
2021-11-28 12:05:15,985 - 	 Total:0.3819694	 Acc:0.3461361
2021-11-28 12:05:15,994 -    ini file updated    
2021-11-28 12:05:16,006 - Snapshot saved to /data/users/wergillius/UTR_VAE/pth/RL_gru_MTL/1_layer_model/unmod1_k3-model_best_cv4.pth

2021-11-28 12:05:16,008 -    ini file updated    
2021-11-28 12:05:16,009 - ===============================|    epoch 17   |===============================
2021-11-28 12:05:17,354 -     0 /  7312 (000%):	 Total:0.3775193	 Acc:0.3437500	 lr:0.0002507	 Mean_Total:0.3775193
2021-11-28 12:06:19,805 -  1462 /  7312 (019%):	 Total:0.2513518	 Acc:0.4062500	 lr:0.0002492	 Mean_Total:0.3104122
2021-11-28 12:07:24,489 -  2924 /  7312 (039%):	 Total:0.2351812	 Acc:0.2812500	 lr:0.0002478	 Mean_Total:0.3121492
2021-11-28 12:08:29,065 -  4386 /  7312 (059%):	 Total:0.3044362	 Acc:0.3125000	 lr:0.0002464	 Mean_Total:0.3229037
2021-11-28 12:09:35,059 -  5848 /  7312 (079%):	 Total:0.4099086	 Acc:0.1562500	 lr:0.0002450	 Mean_Total:0.3474826
2021-11-28 12:10:35,464 -  7310 /  7312 (099%):	 Total:0.1362852	 Acc:0.5937500	 lr:0.0002436	 Mean_Total:0.3793385
2021-11-28 12:10:35,860 - ===============================| start validation |===============================
2021-11-28 12:10:54,457 - 	 Total:0.3809403	 Acc:0.3501385
2021-11-28 12:10:54,466 -    ini file updated    
2021-11-28 12:10:54,480 - Snapshot saved to /data/users/wergillius/UTR_VAE/pth/RL_gru_MTL/1_layer_model/unmod1_k3-model_best_cv4.pth

2021-11-28 12:10:54,482 -    ini file updated    
2021-11-28 12:10:54,482 - ===============================|    epoch 18   |===============================
2021-11-28 12:10:55,514 -     0 /  7312 (000%):	 Total:0.1298349	 Acc:0.3437500	 lr:0.0002436	 Mean_Total:0.1298349
2021-11-28 12:11:55,499 -  1462 /  7312 (019%):	 Total:0.9408276	 Acc:0.4062500	 lr:0.0002423	 Mean_Total:0.3068116
2021-11-28 12:13:01,419 -  2924 /  7312 (039%):	 Total:0.2404345	 Acc:0.4062500	 lr:0.0002410	 Mean_Total:0.3087486
2021-11-28 12:14:04,717 -  4386 /  7312 (059%):	 Total:0.1698911	 Acc:0.3437500	 lr:0.0002397	 Mean_Total:0.3200172
2021-11-28 12:15:18,288 -  5848 /  7312 (079%):	 Total:0.5441747	 Acc:0.3437500	 lr:0.0002384	 Mean_Total:0.3443090
2021-11-28 12:16:28,571 -  7310 /  7312 (099%):	 Total:0.3100813	 Acc:0.2500000	 lr:0.0002371	 Mean_Total:0.3761907
2021-11-28 12:16:29,025 - ===============================| start validation |===============================
2021-11-28 12:16:49,479 - 	 Total:0.3741585	 Acc:0.3496382
2021-11-28 12:16:49,489 -    ini file updated    
2021-11-28 12:16:49,501 - Snapshot saved to /data/users/wergillius/UTR_VAE/pth/RL_gru_MTL/1_layer_model/unmod1_k3-model_best_cv4.pth

2021-11-28 12:16:49,502 -    ini file updated    
2021-11-28 12:16:49,502 - ===============================|    epoch 19   |===============================
2021-11-28 12:16:50,819 -     0 /  7312 (000%):	 Total:0.2592756	 Acc:0.4375000	 lr:0.0002371	 Mean_Total:0.2592756
2021-11-28 12:17:54,605 -  1462 /  7312 (019%):	 Total:0.2108713	 Acc:0.3750000	 lr:0.0002359	 Mean_Total:0.3047438
2021-11-28 12:18:55,499 -  2924 /  7312 (039%):	 Total:0.3309445	 Acc:0.1562500	 lr:0.0002347	 Mean_Total:0.3055559
2021-11-28 12:19:59,646 -  4386 /  7312 (059%):	 Total:0.3615888	 Acc:0.3750000	 lr:0.0002335	 Mean_Total:0.3154933
2021-11-28 12:21:03,814 -  5848 /  7312 (079%):	 Total:1.1403358	 Acc:0.2812500	 lr:0.0002323	 Mean_Total:0.3396263
2021-11-28 12:22:01,054 -  7310 /  7312 (099%):	 Total:0.2531953	 Acc:0.2812500	 lr:0.0002311	 Mean_Total:0.3719407
2021-11-28 12:22:01,612 - ===============================| start validation |===============================
2021-11-28 12:22:20,704 - 	 Total:0.3728441	 Acc:0.3504079
2021-11-28 12:22:20,712 -    ini file updated    
2021-11-28 12:22:20,727 - Snapshot saved to /data/users/wergillius/UTR_VAE/pth/RL_gru_MTL/1_layer_model/unmod1_k3-model_best_cv4.pth

2021-11-28 12:22:20,728 -    ini file updated    
2021-11-28 12:22:20,729 - ===============================|    epoch 20   |===============================
2021-11-28 12:22:22,072 -     0 /  7312 (000%):	 Total:0.2368486	 Acc:0.3750000	 lr:0.0002311	 Mean_Total:0.2368486
2021-11-28 12:23:23,302 -  1462 /  7312 (019%):	 Total:0.3697766	 Acc:0.2812500	 lr:0.0002300	 Mean_Total:0.2982319
2021-11-28 12:24:28,468 -  2924 /  7312 (039%):	 Total:0.3779095	 Acc:0.2500000	 lr:0.0002289	 Mean_Total:0.3018600
2021-11-28 12:25:33,195 -  4386 /  7312 (059%):	 Total:0.1987508	 Acc:0.4062500	 lr:0.0002277	 Mean_Total:0.3112908
2021-11-28 12:26:50,885 -  5848 /  7312 (079%):	 Total:0.5320177	 Acc:0.3437500	 lr:0.0002266	 Mean_Total:0.3363835
2021-11-28 12:27:59,098 -  7310 /  7312 (099%):	 Total:0.1604787	 Acc:0.5000000	 lr:0.0002256	 Mean_Total:0.3682732
2021-11-28 12:27:59,493 - ===============================| start validation |===============================
2021-11-28 12:28:16,459 - 	 Total:0.3696743	 Acc:0.3543719
2021-11-28 12:28:16,466 -    ini file updated    
2021-11-28 12:28:16,478 - Snapshot saved to /data/users/wergillius/UTR_VAE/pth/RL_gru_MTL/1_layer_model/unmod1_k3-model_best_cv4.pth

2021-11-28 12:28:16,479 -    ini file updated    
2021-11-28 12:28:16,479 - ===============================|    epoch 21   |===============================
2021-11-28 12:28:17,636 -     0 /  7312 (000%):	 Total:0.2987604	 Acc:0.2812500	 lr:0.0002256	 Mean_Total:0.2987604
2021-11-28 12:29:14,107 -  1462 /  7312 (019%):	 Total:0.3143649	 Acc:0.3437500	 lr:0.0002245	 Mean_Total:0.2958425
2021-11-28 12:30:15,746 -  2924 /  7312 (039%):	 Total:0.2612017	 Acc:0.4062500	 lr:0.0002234	 Mean_Total:0.2967814
2021-11-28 12:31:17,311 -  4386 /  7312 (059%):	 Total:0.5799203	 Acc:0.3437500	 lr:0.0002224	 Mean_Total:0.3081397
2021-11-28 12:32:22,125 -  5848 /  7312 (079%):	 Total:0.2604550	 Acc:0.2812500	 lr:0.0002214	 Mean_Total:0.3329361
2021-11-28 12:33:21,639 -  7310 /  7312 (099%):	 Total:0.3865187	 Acc:0.2812500	 lr:0.0002204	 Mean_Total:0.3652783
2021-11-28 12:33:22,014 - ===============================| start validation |===============================
2021-11-28 12:33:37,819 - 	 Total:0.3638762	 Acc:0.3546798
2021-11-28 12:33:37,827 -    ini file updated    
2021-11-28 12:33:37,838 - Snapshot saved to /data/users/wergillius/UTR_VAE/pth/RL_gru_MTL/1_layer_model/unmod1_k3-model_best_cv4.pth

2021-11-28 12:33:37,839 -    ini file updated    
2021-11-28 12:33:37,839 - ===============================|    epoch 22   |===============================
2021-11-28 12:33:39,135 -     0 /  7312 (000%):	 Total:0.2265232	 Acc:0.3437500	 lr:0.0002204	 Mean_Total:0.2265232
2021-11-28 12:34:33,829 -  1462 /  7312 (019%):	 Total:0.2807553	 Acc:0.3437500	 lr:0.0002194	 Mean_Total:0.2908953
2021-11-28 12:35:30,266 -  2924 /  7312 (039%):	 Total:0.1760587	 Acc:0.4375000	 lr:0.0002184	 Mean_Total:0.2939486
2021-11-28 12:36:27,963 -  4386 /  7312 (059%):	 Total:1.4177074	 Acc:0.4687500	 lr:0.0002174	 Mean_Total:0.3049964
2021-11-28 12:37:18,832 -  5848 /  7312 (079%):	 Total:0.2197316	 Acc:0.4062500	 lr:0.0002165	 Mean_Total:0.3295992
2021-11-28 12:38:11,317 -  7310 /  7312 (099%):	 Total:0.2392281	 Acc:0.3437500	 lr:0.0002155	 Mean_Total:0.3614788
2021-11-28 12:38:11,686 - ===============================| start validation |===============================
2021-11-28 12:38:26,780 - 	 Total:0.3620662	 Acc:0.3564501
2021-11-28 12:38:26,792 -    ini file updated    
2021-11-28 12:38:26,811 - Snapshot saved to /data/users/wergillius/UTR_VAE/pth/RL_gru_MTL/1_layer_model/unmod1_k3-model_best_cv4.pth

2021-11-28 12:38:26,813 -    ini file updated    
2021-11-28 12:38:26,813 - ===============================|    epoch 23   |===============================
2021-11-28 12:38:27,763 -     0 /  7312 (000%):	 Total:0.2877165	 Acc:0.3437500	 lr:0.0002155	 Mean_Total:0.2877165
2021-11-28 12:39:25,205 -  1462 /  7312 (019%):	 Total:0.1601046	 Acc:0.5000000	 lr:0.0002146	 Mean_Total:0.2874040
2021-11-28 12:40:22,284 -  2924 /  7312 (039%):	 Total:0.3025169	 Acc:0.1875000	 lr:0.0002137	 Mean_Total:0.2904150
2021-11-28 12:41:20,188 -  4386 /  7312 (059%):	 Total:0.4330385	 Acc:0.3125000	 lr:0.0002128	 Mean_Total:0.3012909
2021-11-28 12:42:19,763 -  5848 /  7312 (079%):	 Total:0.4839238	 Acc:0.3125000	 lr:0.0002119	 Mean_Total:0.3261963
2021-11-28 12:43:13,767 -  7310 /  7312 (099%):	 Total:0.4053451	 Acc:0.2812500	 lr:0.0002110	 Mean_Total:0.3580620
2021-11-28 12:43:14,051 - ===============================| start validation |===============================
2021-11-28 12:43:30,831 - 	 Total:0.3567359	 Acc:0.3525246
2021-11-28 12:43:30,837 -    ini file updated    
2021-11-28 12:43:30,848 - Snapshot saved to /data/users/wergillius/UTR_VAE/pth/RL_gru_MTL/1_layer_model/unmod1_k3-model_best_cv4.pth

2021-11-28 12:43:30,849 -    ini file updated    
2021-11-28 12:43:30,849 - ===============================|    epoch 24   |===============================
2021-11-28 12:43:31,995 -     0 /  7312 (000%):	 Total:0.1325204	 Acc:0.5000000	 lr:0.0002110	 Mean_Total:0.1325204
2021-11-28 12:44:26,682 -  1462 /  7312 (019%):	 Total:0.1376202	 Acc:0.4062500	 lr:0.0002101	 Mean_Total:0.2863904
2021-11-28 12:45:25,921 -  2924 /  7312 (039%):	 Total:0.1594218	 Acc:0.4375000	 lr:0.0002093	 Mean_Total:0.2885530
2021-11-28 12:46:22,497 -  4386 /  7312 (059%):	 Total:0.1944050	 Acc:0.4062500	 lr:0.0002084	 Mean_Total:0.2987852
2021-11-28 12:47:22,396 -  5848 /  7312 (079%):	 Total:0.7692876	 Acc:0.3750000	 lr:0.0002076	 Mean_Total:0.3242638
2021-11-28 12:48:18,430 -  7310 /  7312 (099%):	 Total:0.4552474	 Acc:0.3437500	 lr:0.0002067	 Mean_Total:0.3559275
2021-11-28 12:48:18,757 - ===============================| start validation |===============================
2021-11-28 12:48:35,841 - 	 Total:0.3564246	 Acc:0.3612223
2021-11-28 12:48:35,848 -    ini file updated    
2021-11-28 12:48:35,858 - Snapshot saved to /data/users/wergillius/UTR_VAE/pth/RL_gru_MTL/1_layer_model/unmod1_k3-model_best_cv4.pth

2021-11-28 12:48:35,859 -    ini file updated    
2021-11-28 12:48:35,859 - ===============================|    epoch 25   |===============================
2021-11-28 12:48:37,489 -     0 /  7312 (000%):	 Total:0.1595379	 Acc:0.4375000	 lr:0.0002067	 Mean_Total:0.1595379
2021-11-28 12:49:36,358 -  1462 /  7312 (019%):	 Total:0.2370031	 Acc:0.4687500	 lr:0.0002059	 Mean_Total:0.2806432
2021-11-28 12:50:35,292 -  2924 /  7312 (039%):	 Total:0.1558631	 Acc:0.3750000	 lr:0.0002051	 Mean_Total:0.2850229
2021-11-28 12:51:34,325 -  4386 /  7312 (059%):	 Total:0.3036157	 Acc:0.4375000	 lr:0.0002043	 Mean_Total:0.2956198
2021-11-28 12:52:33,983 -  5848 /  7312 (079%):	 Total:0.3823807	 Acc:0.3750000	 lr:0.0002035	 Mean_Total:0.3208261
2021-11-28 12:53:25,146 -  7310 /  7312 (099%):	 Total:0.3083331	 Acc:0.3125000	 lr:0.0002027	 Mean_Total:0.3523811
2021-11-28 12:53:25,556 - ===============================| start validation |===============================
2021-11-28 12:53:43,196 - 	 Total:0.3505449	 Acc:0.3588362
2021-11-28 12:53:43,202 -    ini file updated    
2021-11-28 12:53:43,215 - Snapshot saved to /data/users/wergillius/UTR_VAE/pth/RL_gru_MTL/1_layer_model/unmod1_k3-model_best_cv4.pth

2021-11-28 12:53:43,217 -    ini file updated    
2021-11-28 12:53:43,217 - ===============================|    epoch 26   |===============================
2021-11-28 12:53:44,424 -     0 /  7312 (000%):	 Total:0.3413794	 Acc:0.2187500	 lr:0.0002027	 Mean_Total:0.3413794
2021-11-28 12:54:41,480 -  1462 /  7312 (019%):	 Total:0.2274827	 Acc:0.3125000	 lr:0.0002019	 Mean_Total:0.2792478
2021-11-28 12:55:40,975 -  2924 /  7312 (039%):	 Total:0.2110394	 Acc:0.2187500	 lr:0.0002012	 Mean_Total:0.2828312
2021-11-28 12:56:40,904 -  4386 /  7312 (059%):	 Total:0.2237804	 Acc:0.4062500	 lr:0.0002004	 Mean_Total:0.2936187
2021-11-28 12:57:38,384 -  5848 /  7312 (079%):	 Total:0.4392105	 Acc:0.2812500	 lr:0.0001997	 Mean_Total:0.3184765
2021-11-28 12:58:32,032 -  7310 /  7312 (099%):	 Total:0.4950732	 Acc:0.3437500	 lr:0.0001989	 Mean_Total:0.3501494
2021-11-28 12:58:32,450 - ===============================| start validation |===============================
2021-11-28 12:58:48,842 - 	 Total:0.3533909	 Acc:0.3608759
2021-11-28 12:58:48,848 -    ini file updated    
2021-11-28 12:58:48,848 - ===============================|    epoch 27   |===============================
2021-11-28 12:58:50,062 -     0 /  7312 (000%):	 Total:0.1777167	 Acc:0.3750000	 lr:0.0001989	 Mean_Total:0.1777167
2021-11-28 12:59:49,609 -  1462 /  7312 (019%):	 Total:0.8286070	 Acc:0.2187500	 lr:0.0001982	 Mean_Total:0.2766439
2021-11-28 13:00:49,659 -  2924 /  7312 (039%):	 Total:0.3875776	 Acc:0.1562500	 lr:0.0001975	 Mean_Total:0.2802835
2021-11-28 13:01:47,879 -  4386 /  7312 (059%):	 Total:0.1804302	 Acc:0.3437500	 lr:0.0001968	 Mean_Total:0.2909037
2021-11-28 13:02:46,521 -  5848 /  7312 (079%):	 Total:0.5366030	 Acc:0.5000000	 lr:0.0001960	 Mean_Total:0.3165335
2021-11-28 13:03:43,962 -  7310 /  7312 (099%):	 Total:0.4180078	 Acc:0.2812500	 lr:0.0001953	 Mean_Total:0.3481807
2021-11-28 13:03:44,320 - ===============================| start validation |===============================
2021-11-28 13:04:01,123 - 	 Total:0.3468205	 Acc:0.3576432
2021-11-28 13:04:01,136 -    ini file updated    
2021-11-28 13:04:01,149 - Snapshot saved to /data/users/wergillius/UTR_VAE/pth/RL_gru_MTL/1_layer_model/unmod1_k3-model_best_cv4.pth

2021-11-28 13:04:01,151 -    ini file updated    
2021-11-28 13:04:01,151 - ===============================|    epoch 28   |===============================
2021-11-28 13:04:02,590 -     0 /  7312 (000%):	 Total:0.1302169	 Acc:0.3750000	 lr:0.0001953	 Mean_Total:0.1302169
2021-11-28 13:05:05,612 -  1462 /  7312 (019%):	 Total:0.2282910	 Acc:0.3437500	 lr:0.0001946	 Mean_Total:0.2746314
2021-11-28 13:06:04,591 -  2924 /  7312 (039%):	 Total:0.6332465	 Acc:0.3125000	 lr:0.0001940	 Mean_Total:0.2788572
2021-11-28 13:07:09,802 -  4386 /  7312 (059%):	 Total:0.1949263	 Acc:0.4062500	 lr:0.0001933	 Mean_Total:0.2896868
2021-11-28 13:08:11,719 -  5848 /  7312 (079%):	 Total:0.4087422	 Acc:0.2812500	 lr:0.0001926	 Mean_Total:0.3151949
2021-11-28 13:09:05,748 -  7310 /  7312 (099%):	 Total:0.3409761	 Acc:0.2187500	 lr:0.0001919	 Mean_Total:0.3472988
2021-11-28 13:09:06,117 - ===============================| start validation |===============================
2021-11-28 13:09:20,721 - 	 Total:0.3481822	 Acc:0.3577586
2021-11-28 13:09:20,733 -    ini file updated    
2021-11-28 13:09:20,734 - ===============================|    epoch 29   |===============================
2021-11-28 13:09:22,248 -     0 /  7312 (000%):	 Total:0.7164857	 Acc:0.4062500	 lr:0.0001919	 Mean_Total:0.7164857
2021-11-28 13:10:14,449 -  1462 /  7312 (019%):	 Total:0.3531250	 Acc:0.1875000	 lr:0.0001913	 Mean_Total:0.2749679
2021-11-28 13:11:01,263 -  2924 /  7312 (039%):	 Total:0.2358161	 Acc:0.4375000	 lr:0.0001906	 Mean_Total:0.2767511
2021-11-28 13:11:47,751 -  4386 /  7312 (059%):	 Total:0.2475730	 Acc:0.4687500	 lr:0.0001900	 Mean_Total:0.2868267
2021-11-28 13:12:46,147 -  5848 /  7312 (079%):	 Total:0.6513473	 Acc:0.2187500	 lr:0.0001894	 Mean_Total:0.3129647
2021-11-28 13:13:45,910 -  7310 /  7312 (099%):	 Total:0.3232716	 Acc:0.1875000	 lr:0.0001887	 Mean_Total:0.3446750
2021-11-28 13:13:46,293 - ===============================| start validation |===============================
2021-11-28 13:14:02,157 - 	 Total:0.3472151	 Acc:0.3639547
2021-11-28 13:14:02,167 -    ini file updated    
2021-11-28 13:14:02,175 - Snapshot saved to /data/users/wergillius/UTR_VAE/pth/RL_gru_MTL/1_layer_model/unmod1_k3-model_best_cv4.pth

2021-11-28 13:14:02,176 -    ini file updated    
2021-11-28 13:14:02,177 - ===============================|    epoch 30   |===============================
2021-11-28 13:14:03,621 -     0 /  7312 (000%):	 Total:0.2522773	 Acc:0.4062500	 lr:0.0001887	 Mean_Total:0.2522773
2021-11-28 13:15:12,121 -  1462 /  7312 (019%):	 Total:0.9636766	 Acc:0.3125000	 lr:0.0001881	 Mean_Total:0.2709899
2021-11-28 13:16:19,207 -  2924 /  7312 (039%):	 Total:0.2550682	 Acc:0.2812500	 lr:0.0001875	 Mean_Total:0.2751697
2021-11-28 13:17:24,369 -  4386 /  7312 (059%):	 Total:0.3008182	 Acc:0.2500000	 lr:0.0001869	 Mean_Total:0.2861001
2021-11-28 13:18:25,964 -  5848 /  7312 (079%):	 Total:0.2846255	 Acc:0.2187500	 lr:0.0001863	 Mean_Total:0.3116536
2021-11-28 13:19:23,843 -  7310 /  7312 (099%):	 Total:0.2489233	 Acc:0.3125000	 lr:0.0001857	 Mean_Total:0.3430859
2021-11-28 13:19:24,222 - ===============================| start validation |===============================
2021-11-28 13:19:39,938 - 	 Total:0.3420818	 Acc:0.3649554
2021-11-28 13:19:39,943 -    ini file updated    
2021-11-28 13:19:39,952 - Snapshot saved to /data/users/wergillius/UTR_VAE/pth/RL_gru_MTL/1_layer_model/unmod1_k3-model_best_cv4.pth

2021-11-28 13:19:39,953 -    ini file updated    
2021-11-28 13:19:39,954 - ===============================|    epoch 31   |===============================
2021-11-28 13:19:41,438 -     0 /  7312 (000%):	 Total:0.3604540	 Acc:0.4375000	 lr:0.0001857	 Mean_Total:0.3604540
2021-11-28 13:20:46,716 -  1462 /  7312 (019%):	 Total:0.1394890	 Acc:0.5937500	 lr:0.0001851	 Mean_Total:0.2684811
2021-11-28 13:21:47,154 -  2924 /  7312 (039%):	 Total:0.2364740	 Acc:0.4687500	 lr:0.0001845	 Mean_Total:0.2727756
2021-11-28 13:22:46,448 -  4386 /  7312 (059%):	 Total:0.2142077	 Acc:0.4687500	 lr:0.0001839	 Mean_Total:0.2843135
2021-11-28 13:23:45,284 -  5848 /  7312 (079%):	 Total:0.2858080	 Acc:0.3437500	 lr:0.0001833	 Mean_Total:0.3099762
2021-11-28 13:24:40,216 -  7310 /  7312 (099%):	 Total:0.1409418	 Acc:0.4375000	 lr:0.0001827	 Mean_Total:0.3414391
2021-11-28 13:24:40,610 - ===============================| start validation |===============================
2021-11-28 13:24:57,110 - 	 Total:0.3443391	 Acc:0.3639932
2021-11-28 13:24:57,117 -    ini file updated    
2021-11-28 13:24:57,118 - ===============================|    epoch 32   |===============================
2021-11-28 13:24:58,479 -     0 /  7312 (000%):	 Total:0.1449702	 Acc:0.4062500	 lr:0.0001827	 Mean_Total:0.1449702
2021-11-28 13:25:58,625 -  1462 /  7312 (019%):	 Total:0.2627674	 Acc:0.4687500	 lr:0.0001822	 Mean_Total:0.2688482
2021-11-28 13:26:57,339 -  2924 /  7312 (039%):	 Total:0.1466529	 Acc:0.4375000	 lr:0.0001816	 Mean_Total:0.2708794
2021-11-28 13:27:50,676 -  4386 /  7312 (059%):	 Total:0.2659454	 Acc:0.3750000	 lr:0.0001810	 Mean_Total:0.2824341
2021-11-28 13:28:50,386 -  5848 /  7312 (079%):	 Total:0.3280562	 Acc:0.2187500	 lr:0.0001805	 Mean_Total:0.3084069
2021-11-28 13:29:46,057 -  7310 /  7312 (099%):	 Total:0.4734795	 Acc:0.4375000	 lr:0.0001799	 Mean_Total:0.3399711
2021-11-28 13:29:46,477 - ===============================| start validation |===============================
2021-11-28 13:30:03,216 - 	 Total:0.3417345	 Acc:0.3652632
2021-11-28 13:30:03,224 -    ini file updated    
2021-11-28 13:30:03,236 - Snapshot saved to /data/users/wergillius/UTR_VAE/pth/RL_gru_MTL/1_layer_model/unmod1_k3-model_best_cv4.pth

2021-11-28 13:30:03,237 -    ini file updated    
2021-11-28 13:30:03,238 - ===============================|    epoch 33   |===============================
2021-11-28 13:30:04,699 -     0 /  7312 (000%):	 Total:0.1683912	 Acc:0.4375000	 lr:0.0001799	 Mean_Total:0.1683912
2021-11-28 13:31:04,010 -  1462 /  7312 (019%):	 Total:0.1464321	 Acc:0.3750000	 lr:0.0001794	 Mean_Total:0.2666500
2021-11-28 13:32:06,539 -  2924 /  7312 (039%):	 Total:0.2693985	 Acc:0.3125000	 lr:0.0001789	 Mean_Total:0.2706813
2021-11-28 13:33:06,648 -  4386 /  7312 (059%):	 Total:0.2934620	 Acc:0.2812500	 lr:0.0001783	 Mean_Total:0.2816692
2021-11-28 13:34:06,119 -  5848 /  7312 (079%):	 Total:0.4572660	 Acc:0.4375000	 lr:0.0001778	 Mean_Total:0.3067625
2021-11-28 13:35:01,139 -  7310 /  7312 (099%):	 Total:0.1421774	 Acc:0.5937500	 lr:0.0001773	 Mean_Total:0.3389596
2021-11-28 13:35:01,510 - ===============================| start validation |===============================
2021-11-28 13:35:19,202 - 	 Total:0.3399329	 Acc:0.3659945
2021-11-28 13:35:19,211 -    ini file updated    
2021-11-28 13:35:19,225 - Snapshot saved to /data/users/wergillius/UTR_VAE/pth/RL_gru_MTL/1_layer_model/unmod1_k3-model_best_cv4.pth

2021-11-28 13:35:19,227 -    ini file updated    
2021-11-28 13:35:19,227 - ===============================|    epoch 34   |===============================
2021-11-28 13:35:20,638 -     0 /  7312 (000%):	 Total:0.1178108	 Acc:0.5000000	 lr:0.0001773	 Mean_Total:0.1178108
2021-11-28 13:36:18,757 -  1462 /  7312 (019%):	 Total:0.1917199	 Acc:0.3750000	 lr:0.0001768	 Mean_Total:0.2662564
2021-11-28 13:37:21,084 -  2924 /  7312 (039%):	 Total:0.1673216	 Acc:0.3125000	 lr:0.0001762	 Mean_Total:0.2697673
2021-11-28 13:38:27,447 -  4386 /  7312 (059%):	 Total:0.1840046	 Acc:0.3125000	 lr:0.0001757	 Mean_Total:0.2804133
2021-11-28 13:39:29,247 -  5848 /  7312 (079%):	 Total:0.3931060	 Acc:0.3125000	 lr:0.0001752	 Mean_Total:0.3062924
2021-11-28 13:40:27,516 -  7310 /  7312 (099%):	 Total:0.3373623	 Acc:0.4062500	 lr:0.0001747	 Mean_Total:0.3372429
2021-11-28 13:40:27,893 - ===============================| start validation |===============================
2021-11-28 13:40:45,594 - 	 Total:0.3408158	 Acc:0.3684575
2021-11-28 13:40:45,603 -    ini file updated    
2021-11-28 13:40:45,633 - Snapshot saved to /data/users/wergillius/UTR_VAE/pth/RL_gru_MTL/1_layer_model/unmod1_k3-model_best_cv4.pth

2021-11-28 13:40:45,635 -    ini file updated    
2021-11-28 13:40:45,636 - ===============================|    epoch 35   |===============================
2021-11-28 13:40:47,037 -     0 /  7312 (000%):	 Total:0.1840609	 Acc:0.3437500	 lr:0.0001747	 Mean_Total:0.1840609
2021-11-28 13:41:48,013 -  1462 /  7312 (019%):	 Total:0.2291128	 Acc:0.3750000	 lr:0.0001742	 Mean_Total:0.2637383
2021-11-28 13:42:45,149 -  2924 /  7312 (039%):	 Total:0.2102482	 Acc:0.3750000	 lr:0.0001737	 Mean_Total:0.2683399
2021-11-28 13:43:37,601 -  4386 /  7312 (059%):	 Total:0.1685160	 Acc:0.4375000	 lr:0.0001732	 Mean_Total:0.2791792
2021-11-28 13:44:30,995 -  5848 /  7312 (079%):	 Total:0.2270272	 Acc:0.2500000	 lr:0.0001728	 Mean_Total:0.3045236
2021-11-28 13:45:29,208 -  7310 /  7312 (099%):	 Total:0.2505857	 Acc:0.3437500	 lr:0.0001723	 Mean_Total:0.3360864
2021-11-28 13:45:29,681 - ===============================| start validation |===============================
2021-11-28 13:45:47,713 - 	 Total:0.3372377	 Acc:0.3658020
2021-11-28 13:45:47,719 -    ini file updated    
2021-11-28 13:45:47,733 - Snapshot saved to /data/users/wergillius/UTR_VAE/pth/RL_gru_MTL/1_layer_model/unmod1_k3-model_best_cv4.pth

2021-11-28 13:45:47,735 -    ini file updated    
2021-11-28 13:45:47,735 - ===============================|    epoch 36   |===============================
2021-11-28 13:45:49,282 -     0 /  7312 (000%):	 Total:0.1819524	 Acc:0.4062500	 lr:0.0001723	 Mean_Total:0.1819524
2021-11-28 13:46:56,570 -  1462 /  7312 (019%):	 Total:0.2835599	 Acc:0.2187500	 lr:0.0001718	 Mean_Total:0.2645063
2021-11-28 13:47:59,484 -  2924 /  7312 (039%):	 Total:0.7876038	 Acc:0.4062500	 lr:0.0001713	 Mean_Total:0.2669147
2021-11-28 13:49:01,007 -  4386 /  7312 (059%):	 Total:0.2079192	 Acc:0.4062500	 lr:0.0001709	 Mean_Total:0.2783189
2021-11-28 13:50:08,215 -  5848 /  7312 (079%):	 Total:0.6975045	 Acc:0.3437500	 lr:0.0001704	 Mean_Total:0.3038157
2021-11-28 13:51:14,656 -  7310 /  7312 (099%):	 Total:0.3737681	 Acc:0.2812500	 lr:0.0001699	 Mean_Total:0.3351664
2021-11-28 13:51:15,117 - ===============================| start validation |===============================
2021-11-28 13:51:31,588 - 	 Total:0.3356188	 Acc:0.3677263
2021-11-28 13:51:31,594 -    ini file updated    
2021-11-28 13:51:31,604 - Snapshot saved to /data/users/wergillius/UTR_VAE/pth/RL_gru_MTL/1_layer_model/unmod1_k3-model_best_cv4.pth

2021-11-28 13:51:31,605 -    ini file updated    
2021-11-28 13:51:31,605 - ===============================|    epoch 37   |===============================
2021-11-28 13:51:32,952 -     0 /  7312 (000%):	 Total:0.3732969	 Acc:0.4062500	 lr:0.0001699	 Mean_Total:0.3732969
2021-11-28 13:52:33,345 -  1462 /  7312 (019%):	 Total:0.1926336	 Acc:0.3125000	 lr:0.0001695	 Mean_Total:0.2615131
2021-11-28 13:53:30,629 -  2924 /  7312 (039%):	 Total:0.1401085	 Acc:0.5000000	 lr:0.0001690	 Mean_Total:0.2655145
2021-11-28 13:54:31,365 -  4386 /  7312 (059%):	 Total:0.2699819	 Acc:0.2812500	 lr:0.0001686	 Mean_Total:0.2764833
2021-11-28 13:55:24,021 -  5848 /  7312 (079%):	 Total:0.5268838	 Acc:0.2500000	 lr:0.0001681	 Mean_Total:0.3022140
2021-11-28 13:56:16,252 -  7310 /  7312 (099%):	 Total:0.2511647	 Acc:0.2500000	 lr:0.0001677	 Mean_Total:0.3337616
2021-11-28 13:56:16,681 - ===============================| start validation |===============================
2021-11-28 13:56:32,780 - 	 Total:0.3369315	 Acc:0.3693042
2021-11-28 13:56:32,789 -    ini file updated    
2021-11-28 13:56:32,802 - Snapshot saved to /data/users/wergillius/UTR_VAE/pth/RL_gru_MTL/1_layer_model/unmod1_k3-model_best_cv4.pth

2021-11-28 13:56:32,803 -    ini file updated    
2021-11-28 13:56:32,804 - ===============================|    epoch 38   |===============================
2021-11-28 13:56:33,835 -     0 /  7312 (000%):	 Total:0.2032795	 Acc:0.2812500	 lr:0.0001677	 Mean_Total:0.2032795
2021-11-28 13:57:31,257 -  1462 /  7312 (019%):	 Total:0.2264179	 Acc:0.4062500	 lr:0.0001672	 Mean_Total:0.2600905
2021-11-28 13:58:29,283 -  2924 /  7312 (039%):	 Total:0.1857981	 Acc:0.3437500	 lr:0.0001668	 Mean_Total:0.2642278
2021-11-28 13:59:26,436 -  4386 /  7312 (059%):	 Total:1.1105607	 Acc:0.5000000	 lr:0.0001664	 Mean_Total:0.2758380
2021-11-28 14:00:22,616 -  5848 /  7312 (079%):	 Total:0.3286648	 Acc:0.4375000	 lr:0.0001659	 Mean_Total:0.3013656
2021-11-28 14:01:21,592 -  7310 /  7312 (099%):	 Total:0.2889681	 Acc:0.3750000	 lr:0.0001655	 Mean_Total:0.3323491
2021-11-28 14:01:22,049 - ===============================| start validation |===============================
2021-11-28 14:01:39,647 - 	 Total:0.3319320	 Acc:0.3692657
2021-11-28 14:01:39,659 -    ini file updated    
2021-11-28 14:01:39,679 - Snapshot saved to /data/users/wergillius/UTR_VAE/pth/RL_gru_MTL/1_layer_model/unmod1_k3-model_best_cv4.pth

2021-11-28 14:01:39,681 -    ini file updated    
2021-11-28 14:01:39,682 - ===============================|    epoch 39   |===============================
2021-11-28 14:01:40,941 -     0 /  7312 (000%):	 Total:0.3081994	 Acc:0.3125000	 lr:0.0001655	 Mean_Total:0.3081994
2021-11-28 14:02:45,733 -  1462 /  7312 (019%):	 Total:0.8196149	 Acc:0.2812500	 lr:0.0001651	 Mean_Total:0.2590635
2021-11-28 14:03:49,209 -  2924 /  7312 (039%):	 Total:0.1991800	 Acc:0.2812500	 lr:0.0001647	 Mean_Total:0.2641339
2021-11-28 14:04:42,347 -  4386 /  7312 (059%):	 Total:0.1917713	 Acc:0.3437500	 lr:0.0001643	 Mean_Total:0.2750163
2021-11-28 14:05:38,274 -  5848 /  7312 (079%):	 Total:0.2909665	 Acc:0.3750000	 lr:0.0001638	 Mean_Total:0.3000527
2021-11-28 14:06:39,195 -  7310 /  7312 (099%):	 Total:0.2058790	 Acc:0.2812500	 lr:0.0001634	 Mean_Total:0.3309632
2021-11-28 14:06:39,542 - ===============================| start validation |===============================
2021-11-28 14:06:56,395 - 	 Total:0.3313355	 Acc:0.3668796
2021-11-28 14:06:56,402 -    ini file updated    
2021-11-28 14:06:56,412 - Snapshot saved to /data/users/wergillius/UTR_VAE/pth/RL_gru_MTL/1_layer_model/unmod1_k3-model_best_cv4.pth

2021-11-28 14:06:56,414 -    ini file updated    
2021-11-28 14:06:56,414 - ===============================|    epoch 40   |===============================
2021-11-28 14:06:57,841 -     0 /  7312 (000%):	 Total:0.1767195	 Acc:0.3125000	 lr:0.0001634	 Mean_Total:0.1767195
2021-11-28 14:07:58,478 -  1462 /  7312 (019%):	 Total:0.1405840	 Acc:0.4062500	 lr:0.0001630	 Mean_Total:0.2570945
2021-11-28 14:08:57,493 -  2924 /  7312 (039%):	 Total:0.1173725	 Acc:0.4375000	 lr:0.0001626	 Mean_Total:0.2604313
2021-11-28 14:09:57,084 -  4386 /  7312 (059%):	 Total:0.3020181	 Acc:0.3750000	 lr:0.0001622	 Mean_Total:0.2721636
2021-11-28 14:10:56,488 -  5848 /  7312 (079%):	 Total:0.2970834	 Acc:0.3125000	 lr:0.0001618	 Mean_Total:0.2979850
2021-11-28 14:11:56,947 -  7310 /  7312 (099%):	 Total:0.1945322	 Acc:0.4375000	 lr:0.0001614	 Mean_Total:0.3290031
2021-11-28 14:11:57,403 - ===============================| start validation |===============================
2021-11-28 14:12:14,955 - 	 Total:0.3289567	 Acc:0.3681881
2021-11-28 14:12:14,962 -    ini file updated    
2021-11-28 14:12:14,977 - Snapshot saved to /data/users/wergillius/UTR_VAE/pth/RL_gru_MTL/1_layer_model/unmod1_k3-model_best_cv4.pth

2021-11-28 14:12:14,979 -    ini file updated    
2021-11-28 14:12:14,979 - ===============================|    epoch 41   |===============================
2021-11-28 14:12:16,494 -     0 /  7312 (000%):	 Total:0.2611512	 Acc:0.3125000	 lr:0.0001614	 Mean_Total:0.2611512
2021-11-28 14:13:15,877 -  1462 /  7312 (019%):	 Total:0.1836037	 Acc:0.3437500	 lr:0.0001610	 Mean_Total:0.2547676
2021-11-28 14:14:12,875 -  2924 /  7312 (039%):	 Total:0.1795394	 Acc:0.4375000	 lr:0.0001606	 Mean_Total:0.2586547
2021-11-28 14:15:08,851 -  4386 /  7312 (059%):	 Total:0.1803832	 Acc:0.3125000	 lr:0.0001603	 Mean_Total:0.2707470
2021-11-28 14:16:03,527 -  5848 /  7312 (079%):	 Total:0.4668573	 Acc:0.3437500	 lr:0.0001599	 Mean_Total:0.2965330
2021-11-28 14:17:01,382 -  7310 /  7312 (099%):	 Total:0.2056073	 Acc:0.4375000	 lr:0.0001595	 Mean_Total:0.3280341
2021-11-28 14:17:01,773 - ===============================| start validation |===============================
2021-11-28 14:17:18,774 - 	 Total:0.3297431	 Acc:0.3688808
2021-11-28 14:17:18,781 -    ini file updated    
2021-11-28 14:17:18,781 - ===============================|    epoch 42   |===============================
2021-11-28 14:17:19,984 -     0 /  7312 (000%):	 Total:0.1460038	 Acc:0.4062500	 lr:0.0001595	 Mean_Total:0.1460038
2021-11-28 14:18:19,096 -  1462 /  7312 (019%):	 Total:0.1520474	 Acc:0.2500000	 lr:0.0001591	 Mean_Total:0.2535548
2021-11-28 14:19:15,363 -  2924 /  7312 (039%):	 Total:0.6780103	 Acc:0.3437500	 lr:0.0001587	 Mean_Total:0.2592050
2021-11-28 14:20:12,250 -  4386 /  7312 (059%):	 Total:0.2465694	 Acc:0.3437500	 lr:0.0001584	 Mean_Total:0.2694079
2021-11-28 14:21:12,497 -  5848 /  7312 (079%):	 Total:0.6305849	 Acc:0.4062500	 lr:0.0001580	 Mean_Total:0.2955425
2021-11-28 14:22:08,601 -  7310 /  7312 (099%):	 Total:0.4783435	 Acc:0.2812500	 lr:0.0001576	 Mean_Total:0.3269115
2021-11-28 14:22:08,984 - ===============================| start validation |===============================
2021-11-28 14:22:25,132 - 	 Total:0.3276522	 Acc:0.3722675
2021-11-28 14:22:25,139 -    ini file updated    
2021-11-28 14:22:25,156 - Snapshot saved to /data/users/wergillius/UTR_VAE/pth/RL_gru_MTL/1_layer_model/unmod1_k3-model_best_cv4.pth

2021-11-28 14:22:25,158 -    ini file updated    
2021-11-28 14:22:25,159 - ===============================|    epoch 43   |===============================
2021-11-28 14:22:26,451 -     0 /  7312 (000%):	 Total:0.3572535	 Acc:0.3437500	 lr:0.0001576	 Mean_Total:0.3572535
2021-11-28 14:23:27,995 -  1462 /  7312 (019%):	 Total:0.1573070	 Acc:0.5312500	 lr:0.0001573	 Mean_Total:0.2534193
2021-11-28 14:24:22,482 -  2924 /  7312 (039%):	 Total:0.1367887	 Acc:0.4375000	 lr:0.0001569	 Mean_Total:0.2569252
2021-11-28 14:25:18,629 -  4386 /  7312 (059%):	 Total:0.1952247	 Acc:0.3125000	 lr:0.0001565	 Mean_Total:0.2687358
2021-11-28 14:26:18,302 -  5848 /  7312 (079%):	 Total:0.3553240	 Acc:0.3750000	 lr:0.0001562	 Mean_Total:0.2940509
2021-11-28 14:27:17,050 -  7310 /  7312 (099%):	 Total:0.2843323	 Acc:0.3750000	 lr:0.0001558	 Mean_Total:0.3255867
2021-11-28 14:27:17,355 - ===============================| start validation |===============================
2021-11-28 14:27:33,629 - 	 Total:0.3283503	 Acc:0.3691118
2021-11-28 14:27:33,641 -    ini file updated    
2021-11-28 14:27:33,642 - ===============================|    epoch 44   |===============================
2021-11-28 14:27:35,206 -     0 /  7312 (000%):	 Total:0.2069038	 Acc:0.3125000	 lr:0.0001558	 Mean_Total:0.2069038
2021-11-28 14:28:34,240 -  1462 /  7312 (019%):	 Total:0.3015165	 Acc:0.2812500	 lr:0.0001555	 Mean_Total:0.2521891
2021-11-28 14:29:31,310 -  2924 /  7312 (039%):	 Total:0.1106061	 Acc:0.4062500	 lr:0.0001551	 Mean_Total:0.2556520
2021-11-28 14:30:28,993 -  4386 /  7312 (059%):	 Total:0.2759877	 Acc:0.1875000	 lr:0.0001548	 Mean_Total:0.2677174
2021-11-28 14:31:25,526 -  5848 /  7312 (079%):	 Total:0.6035717	 Acc:0.2812500	 lr:0.0001544	 Mean_Total:0.2926726
2021-11-28 14:32:19,079 -  7310 /  7312 (099%):	 Total:0.2300005	 Acc:0.2812500	 lr:0.0001541	 Mean_Total:0.3245224
2021-11-28 14:32:19,445 - ===============================| start validation |===============================
2021-11-28 14:32:35,820 - 	 Total:0.3247588	 Acc:0.3698045
2021-11-28 14:32:35,837 -    ini file updated    
2021-11-28 14:32:35,851 - Snapshot saved to /data/users/wergillius/UTR_VAE/pth/RL_gru_MTL/1_layer_model/unmod1_k3-model_best_cv4.pth

2021-11-28 14:32:35,852 -    ini file updated    
2021-11-28 14:32:35,853 - ===============================|    epoch 45   |===============================
2021-11-28 14:32:37,426 -     0 /  7312 (000%):	 Total:0.5105953	 Acc:0.5000000	 lr:0.0001541	 Mean_Total:0.5105953
2021-11-28 14:33:40,354 -  1462 /  7312 (019%):	 Total:0.2479527	 Acc:0.1562500	 lr:0.0001537	 Mean_Total:0.2503700
2021-11-28 14:34:37,272 -  2924 /  7312 (039%):	 Total:0.2191461	 Acc:0.2500000	 lr:0.0001534	 Mean_Total:0.2557209
2021-11-28 14:35:37,502 -  4386 /  7312 (059%):	 Total:0.3404779	 Acc:0.2500000	 lr:0.0001531	 Mean_Total:0.2665899
2021-11-28 14:36:35,872 -  5848 /  7312 (079%):	 Total:0.3593290	 Acc:0.2500000	 lr:0.0001527	 Mean_Total:0.2919676
2021-11-28 14:37:33,145 -  7310 /  7312 (099%):	 Total:0.3702840	 Acc:0.1875000	 lr:0.0001524	 Mean_Total:0.3237926
2021-11-28 14:37:33,552 - ===============================| start validation |===============================
2021-11-28 14:37:50,022 - 	 Total:0.3266806	 Acc:0.3721136
2021-11-28 14:37:50,029 -    ini file updated    
2021-11-28 14:37:50,029 - ===============================|    epoch 46   |===============================
2021-11-28 14:37:51,397 -     0 /  7312 (000%):	 Total:0.5442058	 Acc:0.4375000	 lr:0.0001524	 Mean_Total:0.5442058
2021-11-28 14:38:49,119 -  1462 /  7312 (019%):	 Total:0.2174569	 Acc:0.3750000	 lr:0.0001521	 Mean_Total:0.2488194
2021-11-28 14:39:44,519 -  2924 /  7312 (039%):	 Total:0.2580476	 Acc:0.3125000	 lr:0.0001517	 Mean_Total:0.2537162
2021-11-28 14:40:44,059 -  4386 /  7312 (059%):	 Total:0.4752489	 Acc:0.2187500	 lr:0.0001514	 Mean_Total:0.2660151
2021-11-28 14:41:41,800 -  5848 /  7312 (079%):	 Total:0.3168162	 Acc:0.3125000	 lr:0.0001511	 Mean_Total:0.2914493
2021-11-28 14:42:37,870 -  7310 /  7312 (099%):	 Total:0.1526583	 Acc:0.3750000	 lr:0.0001508	 Mean_Total:0.3224729
2021-11-28 14:42:38,241 - ===============================| start validation |===============================
2021-11-28 14:42:56,103 - 	 Total:0.3238969	 Acc:0.3728448
2021-11-28 14:42:56,114 -    ini file updated    
2021-11-28 14:42:56,124 - Snapshot saved to /data/users/wergillius/UTR_VAE/pth/RL_gru_MTL/1_layer_model/unmod1_k3-model_best_cv4.pth

2021-11-28 14:42:56,125 -    ini file updated    
2021-11-28 14:42:56,125 - ===============================|    epoch 47   |===============================
2021-11-28 14:42:57,345 -     0 /  7312 (000%):	 Total:0.1375545	 Acc:0.3750000	 lr:0.0001508	 Mean_Total:0.1375545
2021-11-28 14:43:56,070 -  1462 /  7312 (019%):	 Total:0.1609629	 Acc:0.4375000	 lr:0.0001505	 Mean_Total:0.2479529
2021-11-28 14:44:53,907 -  2924 /  7312 (039%):	 Total:0.4265614	 Acc:0.3437500	 lr:0.0001501	 Mean_Total:0.2528569
2021-11-28 14:45:56,478 -  4386 /  7312 (059%):	 Total:0.2406800	 Acc:0.4062500	 lr:0.0001498	 Mean_Total:0.2644319
2021-11-28 14:46:54,172 -  5848 /  7312 (079%):	 Total:0.7126884	 Acc:0.2187500	 lr:0.0001495	 Mean_Total:0.2899852
2021-11-28 14:47:45,851 -  7310 /  7312 (099%):	 Total:0.2478864	 Acc:0.3750000	 lr:0.0001492	 Mean_Total:0.3212870
2021-11-28 14:47:46,281 - ===============================| start validation |===============================
2021-11-28 14:48:03,149 - 	 Total:0.3248257	 Acc:0.3760391
2021-11-28 14:48:03,155 -    ini file updated    
2021-11-28 14:48:03,166 - Snapshot saved to /data/users/wergillius/UTR_VAE/pth/RL_gru_MTL/1_layer_model/unmod1_k3-model_best_cv4.pth

2021-11-28 14:48:03,168 -    ini file updated    
2021-11-28 14:48:03,168 - ===============================|    epoch 48   |===============================
2021-11-28 14:48:04,203 -     0 /  7312 (000%):	 Total:0.2313471	 Acc:0.4062500	 lr:0.0001492	 Mean_Total:0.2313471
2021-11-28 14:49:03,656 -  1462 /  7312 (019%):	 Total:0.2085581	 Acc:0.4062500	 lr:0.0001489	 Mean_Total:0.2471934
2021-11-28 14:50:00,059 -  2924 /  7312 (039%):	 Total:0.4765367	 Acc:0.2812500	 lr:0.0001486	 Mean_Total:0.2529305
2021-11-28 14:50:58,912 -  4386 /  7312 (059%):	 Total:0.3066073	 Acc:0.3125000	 lr:0.0001483	 Mean_Total:0.2643369
2021-11-28 14:51:58,648 -  5848 /  7312 (079%):	 Total:0.4732987	 Acc:0.3125000	 lr:0.0001480	 Mean_Total:0.2899476
2021-11-28 14:52:55,463 -  7310 /  7312 (099%):	 Total:0.2048042	 Acc:0.3125000	 lr:0.0001477	 Mean_Total:0.3208868
2021-11-28 14:52:55,856 - ===============================| start validation |===============================
2021-11-28 14:53:12,092 - 	 Total:0.3258230	 Acc:0.3714594
2021-11-28 14:53:12,100 -    ini file updated    
2021-11-28 14:53:12,100 - ===============================|    epoch 49   |===============================
2021-11-28 14:53:13,325 -     0 /  7312 (000%):	 Total:0.2580729	 Acc:0.4375000	 lr:0.0001477	 Mean_Total:0.2580729
2021-11-28 14:54:11,488 -  1462 /  7312 (019%):	 Total:0.1475647	 Acc:0.4375000	 lr:0.0001474	 Mean_Total:0.2457735
2021-11-28 14:55:09,734 -  2924 /  7312 (039%):	 Total:0.2432725	 Acc:0.3125000	 lr:0.0001471	 Mean_Total:0.2517534
2021-11-28 14:56:08,782 -  4386 /  7312 (059%):	 Total:0.2350018	 Acc:0.3750000	 lr:0.0001468	 Mean_Total:0.2633187
2021-11-28 14:57:08,130 -  5848 /  7312 (079%):	 Total:0.2195417	 Acc:0.3750000	 lr:0.0001465	 Mean_Total:0.2889291
2021-11-28 14:58:03,764 -  7310 /  7312 (099%):	 Total:0.1583045	 Acc:0.5312500	 lr:0.0001462	 Mean_Total:0.3202759
2021-11-28 14:58:04,115 - ===============================| start validation |===============================
2021-11-28 14:58:20,407 - 	 Total:0.3256434	 Acc:0.3763085
2021-11-28 14:58:20,416 -    ini file updated    
2021-11-28 14:58:20,425 - Snapshot saved to /data/users/wergillius/UTR_VAE/pth/RL_gru_MTL/1_layer_model/unmod1_k3-model_best_cv4.pth

2021-11-28 14:58:20,427 -    ini file updated    
2021-11-28 14:58:20,427 - ===============================|    epoch 50   |===============================
2021-11-28 14:58:21,850 -     0 /  7312 (000%):	 Total:0.2222343	 Acc:0.3125000	 lr:0.0001462	 Mean_Total:0.2222343
2021-11-28 14:59:21,141 -  1462 /  7312 (019%):	 Total:0.3775460	 Acc:0.2500000	 lr:0.0001459	 Mean_Total:0.2469633
2021-11-28 15:00:19,362 -  2924 /  7312 (039%):	 Total:0.2030673	 Acc:0.4062500	 lr:0.0001456	 Mean_Total:0.2515554
2021-11-28 15:01:18,783 -  4386 /  7312 (059%):	 Total:0.5143123	 Acc:0.3437500	 lr:0.0001453	 Mean_Total:0.2629368
2021-11-28 15:02:19,416 -  5848 /  7312 (079%):	 Total:0.2895408	 Acc:0.3125000	 lr:0.0001450	 Mean_Total:0.2885416
2021-11-28 15:03:15,296 -  7310 /  7312 (099%):	 Total:0.2525213	 Acc:0.3125000	 lr:0.0001447	 Mean_Total:0.3197269
2021-11-28 15:03:15,646 - ===============================| start validation |===============================
2021-11-28 15:03:30,821 - 	 Total:0.3224971	 Acc:0.3746151
2021-11-28 15:03:30,826 -    ini file updated    
2021-11-28 15:03:30,834 - Snapshot saved to /data/users/wergillius/UTR_VAE/pth/RL_gru_MTL/1_layer_model/unmod1_k3-model_best_cv4.pth

2021-11-28 15:03:30,836 -    ini file updated    
2021-11-28 15:03:30,836 - ===============================|    epoch 51   |===============================
2021-11-28 15:03:32,133 -     0 /  7312 (000%):	 Total:0.1953500	 Acc:0.3125000	 lr:0.0001447	 Mean_Total:0.1953500
2021-11-28 15:04:30,941 -  1462 /  7312 (019%):	 Total:0.5739750	 Acc:0.1562500	 lr:0.0001445	 Mean_Total:0.2442592
2021-11-28 15:05:29,751 -  2924 /  7312 (039%):	 Total:0.1716722	 Acc:0.4687500	 lr:0.0001442	 Mean_Total:0.2501332
2021-11-28 15:06:28,886 -  4386 /  7312 (059%):	 Total:0.3514396	 Acc:0.2500000	 lr:0.0001439	 Mean_Total:0.2618361
2021-11-28 15:07:26,138 -  5848 /  7312 (079%):	 Total:0.2426386	 Acc:0.3125000	 lr:0.0001436	 Mean_Total:0.2880470
2021-11-28 15:08:22,384 -  7310 /  7312 (099%):	 Total:0.2474391	 Acc:0.2812500	 lr:0.0001433	 Mean_Total:0.3190188
2021-11-28 15:08:22,723 - ===============================| start validation |===============================
2021-11-28 15:08:40,028 - 	 Total:0.3249273	 Acc:0.3788870
2021-11-28 15:08:40,037 -    ini file updated    
2021-11-28 15:08:40,048 - Snapshot saved to /data/users/wergillius/UTR_VAE/pth/RL_gru_MTL/1_layer_model/unmod1_k3-model_best_cv4.pth

2021-11-28 15:08:40,049 -    ini file updated    
2021-11-28 15:08:40,049 - ===============================|    epoch 52   |===============================
2021-11-28 15:08:41,394 -     0 /  7312 (000%):	 Total:0.3701958	 Acc:0.4062500	 lr:0.0001433	 Mean_Total:0.3701958
2021-11-28 15:09:38,515 -  1462 /  7312 (019%):	 Total:0.2137760	 Acc:0.2812500	 lr:0.0001431	 Mean_Total:0.2449434
2021-11-28 15:10:37,740 -  2924 /  7312 (039%):	 Total:0.1504837	 Acc:0.3750000	 lr:0.0001428	 Mean_Total:0.2501981
2021-11-28 15:11:35,368 -  4386 /  7312 (059%):	 Total:0.5110170	 Acc:0.3437500	 lr:0.0001425	 Mean_Total:0.2611773
2021-11-28 15:12:35,010 -  5848 /  7312 (079%):	 Total:0.3497933	 Acc:0.3125000	 lr:0.0001423	 Mean_Total:0.2865145
2021-11-28 15:13:30,829 -  7310 /  7312 (099%):	 Total:0.2911644	 Acc:0.3125000	 lr:0.0001420	 Mean_Total:0.3182743
2021-11-28 15:13:31,176 - ===============================| start validation |===============================
2021-11-28 15:13:48,202 - 	 Total:0.3214958	 Acc:0.3777709
2021-11-28 15:13:48,207 -    ini file updated    
2021-11-28 15:13:48,216 - Snapshot saved to /data/users/wergillius/UTR_VAE/pth/RL_gru_MTL/1_layer_model/unmod1_k3-model_best_cv4.pth

2021-11-28 15:13:48,217 -    ini file updated    
2021-11-28 15:13:48,217 - ===============================|    epoch 53   |===============================
2021-11-28 15:13:49,558 -     0 /  7312 (000%):	 Total:0.0937689	 Acc:0.5625000	 lr:0.0001420	 Mean_Total:0.0937689
2021-11-28 15:14:49,995 -  1462 /  7312 (019%):	 Total:0.2122880	 Acc:0.3750000	 lr:0.0001417	 Mean_Total:0.2439647
2021-11-28 15:15:48,476 -  2924 /  7312 (039%):	 Total:0.2571795	 Acc:0.3750000	 lr:0.0001415	 Mean_Total:0.2489279
2021-11-28 15:16:49,965 -  4386 /  7312 (059%):	 Total:0.1902622	 Acc:0.5000000	 lr:0.0001412	 Mean_Total:0.2605554
2021-11-28 15:17:46,731 -  5848 /  7312 (079%):	 Total:0.2928199	 Acc:0.2812500	 lr:0.0001409	 Mean_Total:0.2864118
2021-11-28 15:18:41,648 -  7310 /  7312 (099%):	 Total:0.1588305	 Acc:0.3437500	 lr:0.0001407	 Mean_Total:0.3179078
2021-11-28 15:18:41,986 - ===============================| start validation |===============================
2021-11-28 15:18:57,401 - 	 Total:0.3230914	 Acc:0.3769627
2021-11-28 15:18:57,409 -    ini file updated    
2021-11-28 15:18:57,409 - ===============================|    epoch 54   |===============================
2021-11-28 15:18:58,598 -     0 /  7312 (000%):	 Total:0.1719559	 Acc:0.5000000	 lr:0.0001407	 Mean_Total:0.1719559
2021-11-28 15:19:51,957 -  1462 /  7312 (019%):	 Total:0.1197042	 Acc:0.4687500	 lr:0.0001404	 Mean_Total:0.2430565
2021-11-28 15:20:48,708 -  2924 /  7312 (039%):	 Total:0.1694606	 Acc:0.3125000	 lr:0.0001401	 Mean_Total:0.2487009
2021-11-28 15:21:46,743 -  4386 /  7312 (059%):	 Total:0.2595993	 Acc:0.3125000	 lr:0.0001399	 Mean_Total:0.2598700
2021-11-28 15:22:42,806 -  5848 /  7312 (079%):	 Total:0.3625405	 Acc:0.1250000	 lr:0.0001396	 Mean_Total:0.2855585
2021-11-28 15:23:39,562 -  7310 /  7312 (099%):	 Total:0.1423409	 Acc:0.4687500	 lr:0.0001394	 Mean_Total:0.3171885
2021-11-28 15:23:39,935 - ===============================| start validation |===============================
2021-11-28 15:23:55,836 - 	 Total:0.3209563	 Acc:0.3738070
2021-11-28 15:23:55,844 -    ini file updated    
2021-11-28 15:23:55,853 - Snapshot saved to /data/users/wergillius/UTR_VAE/pth/RL_gru_MTL/1_layer_model/unmod1_k3-model_best_cv4.pth

2021-11-28 15:23:55,854 -    ini file updated    
2021-11-28 15:23:55,855 - ===============================|    epoch 55   |===============================
2021-11-28 15:23:57,160 -     0 /  7312 (000%):	 Total:0.1783287	 Acc:0.3437500	 lr:0.0001394	 Mean_Total:0.1783287
2021-11-28 15:25:01,652 -  1462 /  7312 (019%):	 Total:0.1561908	 Acc:0.3437500	 lr:0.0001391	 Mean_Total:0.2439119
2021-11-28 15:26:02,461 -  2924 /  7312 (039%):	 Total:0.2222231	 Acc:0.2187500	 lr:0.0001389	 Mean_Total:0.2482094
2021-11-28 15:27:06,251 -  4386 /  7312 (059%):	 Total:0.1413389	 Acc:0.4687500	 lr:0.0001386	 Mean_Total:0.2592766
2021-11-28 15:28:02,966 -  5848 /  7312 (079%):	 Total:0.5413392	 Acc:0.3125000	 lr:0.0001384	 Mean_Total:0.2849333
2021-11-28 15:29:00,872 -  7310 /  7312 (099%):	 Total:0.4569346	 Acc:0.3437500	 lr:0.0001381	 Mean_Total:0.3166298
2021-11-28 15:29:01,209 - ===============================| start validation |===============================
2021-11-28 15:29:17,206 - 	 Total:0.3228716	 Acc:0.3794258
2021-11-28 15:29:17,220 -    ini file updated    
2021-11-28 15:29:17,234 - Snapshot saved to /data/users/wergillius/UTR_VAE/pth/RL_gru_MTL/1_layer_model/unmod1_k3-model_best_cv4.pth

2021-11-28 15:29:17,236 -    ini file updated    
2021-11-28 15:29:17,236 - ===============================|    epoch 56   |===============================
2021-11-28 15:29:18,465 -     0 /  7312 (000%):	 Total:0.2115627	 Acc:0.3437500	 lr:0.0001381	 Mean_Total:0.2115627
2021-11-28 15:30:17,344 -  1462 /  7312 (019%):	 Total:0.1867992	 Acc:0.3750000	 lr:0.0001379	 Mean_Total:0.2429329
2021-11-28 15:31:14,773 -  2924 /  7312 (039%):	 Total:0.3224983	 Acc:0.3437500	 lr:0.0001376	 Mean_Total:0.2479211
2021-11-28 15:32:15,028 -  4386 /  7312 (059%):	 Total:0.2175087	 Acc:0.4375000	 lr:0.0001374	 Mean_Total:0.2596702
2021-11-28 15:33:09,831 -  5848 /  7312 (079%):	 Total:0.4356924	 Acc:0.2187500	 lr:0.0001372	 Mean_Total:0.2847783
2021-11-28 15:34:07,820 -  7310 /  7312 (099%):	 Total:0.2631866	 Acc:0.3125000	 lr:0.0001369	 Mean_Total:0.3164169
2021-11-28 15:34:08,232 - ===============================| start validation |===============================
2021-11-28 15:34:25,349 - 	 Total:0.3226064	 Acc:0.3759236
2021-11-28 15:34:25,356 -    ini file updated    
2021-11-28 15:34:25,356 - ===============================|    epoch 57   |===============================
2021-11-28 15:34:26,580 -     0 /  7312 (000%):	 Total:0.1476376	 Acc:0.4062500	 lr:0.0001369	 Mean_Total:0.1476376
2021-11-28 15:35:22,105 -  1462 /  7312 (019%):	 Total:0.1296950	 Acc:0.3437500	 lr:0.0001367	 Mean_Total:0.2429094
2021-11-28 15:36:19,581 -  2924 /  7312 (039%):	 Total:0.1066703	 Acc:0.4687500	 lr:0.0001364	 Mean_Total:0.2479454
2021-11-28 15:37:19,242 -  4386 /  7312 (059%):	 Total:0.2092414	 Acc:0.4687500	 lr:0.0001362	 Mean_Total:0.2594362
2021-11-28 15:38:13,423 -  5848 /  7312 (079%):	 Total:0.2709084	 Acc:0.3750000	 lr:0.0001360	 Mean_Total:0.2846952
2021-11-28 15:39:14,671 -  7310 /  7312 (099%):	 Total:0.3212329	 Acc:0.3750000	 lr:0.0001357	 Mean_Total:0.3160422
2021-11-28 15:39:15,058 - ===============================| start validation |===============================
2021-11-28 15:39:31,249 - 	 Total:0.3226190	 Acc:0.3805419
2021-11-28 15:39:31,257 -    ini file updated    
2021-11-28 15:39:31,267 - Snapshot saved to /data/users/wergillius/UTR_VAE/pth/RL_gru_MTL/1_layer_model/unmod1_k3-model_best_cv4.pth

2021-11-28 15:39:31,268 -    ini file updated    
2021-11-28 15:39:31,268 - ===============================|    epoch 58   |===============================
2021-11-28 15:39:32,442 -     0 /  7312 (000%):	 Total:0.2742289	 Acc:0.3750000	 lr:0.0001357	 Mean_Total:0.2742289
2021-11-28 15:40:31,183 -  1462 /  7312 (019%):	 Total:0.1781593	 Acc:0.3125000	 lr:0.0001355	 Mean_Total:0.2421796
2021-11-28 15:41:29,149 -  2924 /  7312 (039%):	 Total:0.2621607	 Acc:0.3125000	 lr:0.0001353	 Mean_Total:0.2472565
2021-11-28 15:42:26,466 -  4386 /  7312 (059%):	 Total:0.2412891	 Acc:0.3750000	 lr:0.0001350	 Mean_Total:0.2584558
2021-11-28 15:43:22,082 -  5848 /  7312 (079%):	 Total:0.3837563	 Acc:0.2500000	 lr:0.0001348	 Mean_Total:0.2838977
2021-11-28 15:44:21,526 -  7310 /  7312 (099%):	 Total:0.1010578	 Acc:0.4687500	 lr:0.0001346	 Mean_Total:0.3155201
2021-11-28 15:44:21,937 - ===============================| start validation |===============================
2021-11-28 15:44:38,800 - 	 Total:0.3206420	 Acc:0.3817349
2021-11-28 15:44:38,806 -    ini file updated    
2021-11-28 15:44:38,816 - Snapshot saved to /data/users/wergillius/UTR_VAE/pth/RL_gru_MTL/1_layer_model/unmod1_k3-model_best_cv4.pth

2021-11-28 15:44:38,817 -    ini file updated    
2021-11-28 15:44:38,817 - ===============================|    epoch 59   |===============================
2021-11-28 15:44:40,269 -     0 /  7312 (000%):	 Total:0.2395403	 Acc:0.3125000	 lr:0.0001346	 Mean_Total:0.2395403
2021-11-28 15:45:40,687 -  1462 /  7312 (019%):	 Total:0.1687042	 Acc:0.4375000	 lr:0.0001343	 Mean_Total:0.2405155
2021-11-28 15:46:39,813 -  2924 /  7312 (039%):	 Total:0.1822339	 Acc:0.3750000	 lr:0.0001341	 Mean_Total:0.2460665
2021-11-28 15:47:35,552 -  4386 /  7312 (059%):	 Total:0.3385186	 Acc:0.4687500	 lr:0.0001339	 Mean_Total:0.2578983
2021-11-28 15:48:16,268 -  5848 /  7312 (079%):	 Total:0.2877968	 Acc:0.1875000	 lr:0.0001337	 Mean_Total:0.2829875
2021-11-28 15:48:50,048 -  7310 /  7312 (099%):	 Total:0.3475946	 Acc:0.2812500	 lr:0.0001334	 Mean_Total:0.3146064
2021-11-28 15:48:50,251 - ===============================| start validation |===============================
2021-11-28 15:48:59,968 - 	 Total:0.3222993	 Acc:0.3793103
2021-11-28 15:48:59,973 -    ini file updated    
2021-11-28 15:48:59,973 - ===============================|    epoch 60   |===============================
2021-11-28 15:49:00,812 -     0 /  7312 (000%):	 Total:0.2796826	 Acc:0.2812500	 lr:0.0001334	 Mean_Total:0.2796826
2021-11-28 15:49:29,929 -  1462 /  7312 (019%):	 Total:0.1647691	 Acc:0.3750000	 lr:0.0001332	 Mean_Total:0.2400598
2021-11-28 15:49:53,294 -  2924 /  7312 (039%):	 Total:0.2417585	 Acc:0.2500000	 lr:0.0001330	 Mean_Total:0.2456281
2021-11-28 15:50:16,189 -  4386 /  7312 (059%):	 Total:0.6144527	 Acc:0.1562500	 lr:0.0001328	 Mean_Total:0.2566096
2021-11-28 15:50:37,094 -  5848 /  7312 (079%):	 Total:0.2664571	 Acc:0.3125000	 lr:0.0001326	 Mean_Total:0.2831497
2021-11-28 15:50:57,817 -  7310 /  7312 (099%):	 Total:0.2710546	 Acc:0.4375000	 lr:0.0001323	 Mean_Total:0.3144032
2021-11-28 15:50:57,960 - ===============================| start validation |===============================
2021-11-28 15:51:03,413 - 	 Total:0.3215364	 Acc:0.3783482
2021-11-28 15:51:03,418 -    ini file updated    
