2021-11-25 21:59:27,189 -   	 	 ==============<<< device used: cuda:1  >>>============== 	 	 
2021-11-25 21:59:34,344 - ===============================|    epoch 0   |===============================
2021-11-25 21:59:35,063 -     0 /  7312 (000%):	 Total:44.6813049	 Acc:0.0000000	 lr:0.0009882	 Mean_Total:44.6813049
2021-11-25 22:00:08,868 -  1462 /  7312 (019%):	 Total:0.8279579	 Acc:0.1875000	 lr:0.0023109	 Mean_Total:1.6617235
2021-11-25 22:00:45,825 -  2924 /  7312 (039%):	 Total:1.3451915	 Acc:0.2812500	 lr:0.0016343	 Mean_Total:1.4601415
2021-11-25 22:01:36,359 -  4386 /  7312 (059%):	 Total:1.3367202	 Acc:0.0937500	 lr:0.0013345	 Mean_Total:1.3842325
2021-11-25 22:02:25,848 -  5848 /  7312 (079%):	 Total:1.5140486	 Acc:0.1562500	 lr:0.0011557	 Mean_Total:1.3524509
2021-11-25 22:03:23,759 -  7310 /  7312 (099%):	 Total:1.3707480	 Acc:0.2187500	 lr:0.0010337	 Mean_Total:1.3523897
2021-11-25 22:03:24,029 - ===============================| start validation |===============================
2021-11-25 22:03:40,674 - 	 Total:1.2330848	 Acc:0.2289486
2021-11-25 22:03:40,681 -    ini file updated    
2021-11-25 22:03:40,692 - Snapshot saved to /data/users/wergillius/UTR_VAE/pth/RL_gru_MTL/1_layer_model/unmod1_k3-model_best_cv1.pth

2021-11-25 22:03:40,693 -    ini file updated    
2021-11-25 22:03:40,694 - ===============================|    epoch 1   |===============================
2021-11-25 22:03:41,848 -     0 /  7312 (000%):	 Total:0.9490272	 Acc:0.3125000	 lr:0.0010336	 Mean_Total:0.9490272
2021-11-25 22:04:49,679 -  1462 /  7312 (019%):	 Total:0.8287258	 Acc:0.2812500	 lr:0.0009436	 Mean_Total:1.2769361
2021-11-25 22:05:58,036 -  2924 /  7312 (039%):	 Total:0.5896431	 Acc:0.2812500	 lr:0.0008736	 Mean_Total:1.2266930
2021-11-25 22:07:09,267 -  4386 /  7312 (059%):	 Total:1.1139605	 Acc:0.1875000	 lr:0.0008172	 Mean_Total:1.2052844
2021-11-25 22:08:20,806 -  5848 /  7312 (079%):	 Total:1.0081509	 Acc:0.2500000	 lr:0.0007705	 Mean_Total:1.2052937
2021-11-25 22:09:29,976 -  7310 /  7312 (099%):	 Total:1.4249098	 Acc:0.3125000	 lr:0.0007309	 Mean_Total:1.2115763
2021-11-25 22:09:30,269 - ===============================| start validation |===============================
2021-11-25 22:09:48,968 - 	 Total:1.1838024	 Acc:0.2377232
2021-11-25 22:09:48,977 -    ini file updated    
2021-11-25 22:09:48,990 - Snapshot saved to /data/users/wergillius/UTR_VAE/pth/RL_gru_MTL/1_layer_model/unmod1_k3-model_best_cv1.pth

2021-11-25 22:09:48,992 -    ini file updated    
2021-11-25 22:09:48,992 - ===============================|    epoch 2   |===============================
2021-11-25 22:09:50,206 -     0 /  7312 (000%):	 Total:1.4277277	 Acc:0.2187500	 lr:0.0007309	 Mean_Total:1.4277277
2021-11-25 22:11:04,776 -  1462 /  7312 (019%):	 Total:1.0242537	 Acc:0.0937500	 lr:0.0006969	 Mean_Total:1.0404164
2021-11-25 22:12:14,032 -  2924 /  7312 (039%):	 Total:1.1946726	 Acc:0.3125000	 lr:0.0006672	 Mean_Total:0.9540575
2021-11-25 22:13:27,044 -  4386 /  7312 (059%):	 Total:0.8124798	 Acc:0.2187500	 lr:0.0006411	 Mean_Total:0.9037589
2021-11-25 22:14:40,842 -  5848 /  7312 (079%):	 Total:0.9928039	 Acc:0.1562500	 lr:0.0006177	 Mean_Total:0.8850498
2021-11-25 22:15:47,191 -  7310 /  7312 (099%):	 Total:1.1590818	 Acc:0.1250000	 lr:0.0005968	 Mean_Total:0.9047566
2021-11-25 22:15:47,549 - ===============================| start validation |===============================
2021-11-25 22:16:05,761 - 	 Total:0.7705245	 Acc:0.2500770
2021-11-25 22:16:05,771 -    ini file updated    
2021-11-25 22:16:05,781 - Snapshot saved to /data/users/wergillius/UTR_VAE/pth/RL_gru_MTL/1_layer_model/unmod1_k3-model_best_cv1.pth

2021-11-25 22:16:05,782 -    ini file updated    
2021-11-25 22:16:05,783 - ===============================|    epoch 3   |===============================
2021-11-25 22:16:06,927 -     0 /  7312 (000%):	 Total:0.6222385	 Acc:0.3125000	 lr:0.0005968	 Mean_Total:0.6222385
2021-11-25 22:17:19,213 -  1462 /  7312 (019%):	 Total:1.5807667	 Acc:0.3125000	 lr:0.0005778	 Mean_Total:0.9331865
2021-11-25 22:18:29,789 -  2924 /  7312 (039%):	 Total:1.2104572	 Acc:0.1250000	 lr:0.0005606	 Mean_Total:1.0132148
2021-11-25 22:19:38,059 -  4386 /  7312 (059%):	 Total:0.5391198	 Acc:0.2187500	 lr:0.0005448	 Mean_Total:0.9617872
2021-11-25 22:20:49,294 -  5848 /  7312 (079%):	 Total:1.0711250	 Acc:0.1250000	 lr:0.0005303	 Mean_Total:1.0103796
2021-11-25 22:21:57,684 -  7310 /  7312 (099%):	 Total:1.1515367	 Acc:0.2187500	 lr:0.0005168	 Mean_Total:1.0525384
2021-11-25 22:21:58,000 - ===============================| start validation |===============================
2021-11-25 22:22:16,726 - 	 Total:1.1028172	 Acc:0.2399938
2021-11-25 22:22:16,734 -    ini file updated    
2021-11-25 22:22:16,735 - ===============================|    epoch 4   |===============================
2021-11-25 22:22:17,944 -     0 /  7312 (000%):	 Total:0.9456851	 Acc:0.2812500	 lr:0.0005168	 Mean_Total:0.9456851
2021-11-25 22:23:31,441 -  1462 /  7312 (019%):	 Total:1.0536051	 Acc:0.2187500	 lr:0.0005044	 Mean_Total:1.0970815
2021-11-25 22:24:42,544 -  2924 /  7312 (039%):	 Total:1.7059891	 Acc:0.1250000	 lr:0.0004928	 Mean_Total:1.0464179
2021-11-25 22:26:03,180 -  4386 /  7312 (059%):	 Total:0.5853711	 Acc:0.1875000	 lr:0.0004819	 Mean_Total:1.0274298
2021-11-25 22:27:15,460 -  5848 /  7312 (079%):	 Total:1.8115126	 Acc:0.2500000	 lr:0.0004718	 Mean_Total:1.0295242
2021-11-25 22:28:22,441 -  7310 /  7312 (099%):	 Total:1.8454902	 Acc:0.0625000	 lr:0.0004623	 Mean_Total:1.0479966
2021-11-25 22:28:22,801 - ===============================| start validation |===============================
2021-11-25 22:28:41,375 - 	 Total:1.0241286	 Acc:0.2337208
2021-11-25 22:28:41,381 -    ini file updated    
2021-11-25 22:28:41,381 - ===============================|    epoch 5   |===============================
2021-11-25 22:28:42,546 -     0 /  7312 (000%):	 Total:0.8007183	 Acc:0.2812500	 lr:0.0004623	 Mean_Total:0.8007183
2021-11-25 22:29:54,040 -  1462 /  7312 (019%):	 Total:1.1653481	 Acc:0.1562500	 lr:0.0004533	 Mean_Total:0.9938724
2021-11-25 22:31:03,230 -  2924 /  7312 (039%):	 Total:0.8606398	 Acc:0.2187500	 lr:0.0004448	 Mean_Total:0.9551583
2021-11-25 22:32:16,171 -  4386 /  7312 (059%):	 Total:1.5032523	 Acc:0.3125000	 lr:0.0004368	 Mean_Total:0.9914830
2021-11-25 22:33:28,152 -  5848 /  7312 (079%):	 Total:1.5571713	 Acc:0.0625000	 lr:0.0004292	 Mean_Total:1.0447744
2021-11-25 22:34:36,463 -  7310 /  7312 (099%):	 Total:0.8209331	 Acc:0.2812500	 lr:0.0004220	 Mean_Total:1.0983121
2021-11-25 22:34:36,784 - ===============================| start validation |===============================
2021-11-25 22:34:53,392 - 	 Total:1.2009535	 Acc:0.2334129
2021-11-25 22:34:53,400 -    ini file updated    
2021-11-25 22:34:53,400 - ===============================|    epoch 6   |===============================
2021-11-25 22:34:54,353 -     0 /  7312 (000%):	 Total:1.5178992	 Acc:0.1562500	 lr:0.0004220	 Mean_Total:1.5178992
2021-11-25 22:36:05,221 -  1462 /  7312 (019%):	 Total:1.1907859	 Acc:0.2187500	 lr:0.0004151	 Mean_Total:1.2438103
2021-11-25 22:37:14,954 -  2924 /  7312 (039%):	 Total:1.7026298	 Acc:0.2500000	 lr:0.0004086	 Mean_Total:1.1979074
2021-11-25 22:38:27,023 -  4386 /  7312 (059%):	 Total:1.0961523	 Acc:0.2812500	 lr:0.0004024	 Mean_Total:1.1792084
2021-11-25 22:39:40,683 -  5848 /  7312 (079%):	 Total:1.3899786	 Acc:0.2500000	 lr:0.0003964	 Mean_Total:1.1741889
2021-11-25 22:40:49,464 -  7310 /  7312 (099%):	 Total:1.2823331	 Acc:0.1562500	 lr:0.0003907	 Mean_Total:1.1653151
2021-11-25 22:40:49,749 - ===============================| start validation |===============================
2021-11-25 22:41:08,800 - 	 Total:0.9967003	 Acc:0.2374153
2021-11-25 22:41:08,806 -    ini file updated    
2021-11-25 22:41:08,806 - ===============================|    epoch 7   |===============================
2021-11-25 22:41:10,004 -     0 /  7312 (000%):	 Total:1.2929155	 Acc:0.1875000	 lr:0.0003907	 Mean_Total:1.2929155
2021-11-25 22:42:27,004 -  1462 /  7312 (019%):	 Total:1.1616602	 Acc:0.2500000	 lr:0.0003852	 Mean_Total:0.9898542
2021-11-25 22:43:36,941 -  2924 /  7312 (039%):	 Total:0.9739379	 Acc:0.2812500	 lr:0.0003800	 Mean_Total:0.9610116
2021-11-25 22:44:48,508 -  4386 /  7312 (059%):	 Total:1.7684770	 Acc:0.3125000	 lr:0.0003749	 Mean_Total:0.9428850
2021-11-25 22:46:00,904 -  5848 /  7312 (079%):	 Total:0.7964073	 Acc:0.1250000	 lr:0.0003701	 Mean_Total:0.9682055
2021-11-25 22:47:05,665 -  7310 /  7312 (099%):	 Total:1.2630913	 Acc:0.1562500	 lr:0.0003655	 Mean_Total:1.0356443
2021-11-25 22:47:05,995 - ===============================| start validation |===============================
2021-11-25 22:47:23,799 - 	 Total:1.1878459	 Acc:0.2341056
2021-11-25 22:47:23,805 -    ini file updated    
2021-11-25 22:47:23,806 - ===============================|    epoch 8   |===============================
2021-11-25 22:47:24,890 -     0 /  7312 (000%):	 Total:1.4438879	 Acc:0.2187500	 lr:0.0003655	 Mean_Total:1.4438879
2021-11-25 22:48:36,518 -  1462 /  7312 (019%):	 Total:1.1909045	 Acc:0.3437500	 lr:0.0003610	 Mean_Total:1.2023295
2021-11-25 22:49:44,756 -  2924 /  7312 (039%):	 Total:1.4811395	 Acc:0.0625000	 lr:0.0003566	 Mean_Total:1.1300883
2021-11-25 22:50:48,518 -  4386 /  7312 (059%):	 Total:0.9101366	 Acc:0.1562500	 lr:0.0003525	 Mean_Total:1.0981518
2021-11-25 22:51:57,479 -  5848 /  7312 (079%):	 Total:1.1474817	 Acc:0.0937500	 lr:0.0003484	 Mean_Total:1.0936165
2021-11-25 22:53:02,848 -  7310 /  7312 (099%):	 Total:1.0802500	 Acc:0.1250000	 lr:0.0003446	 Mean_Total:1.1125660
2021-11-25 22:53:03,145 - ===============================| start validation |===============================
2021-11-25 22:53:20,873 - 	 Total:1.0666562	 Acc:0.2378772
2021-11-25 22:53:20,882 -    ini file updated    
2021-11-25 22:53:20,882 - ===============================|    epoch 9   |===============================
2021-11-25 22:53:22,088 -     0 /  7312 (000%):	 Total:0.5327200	 Acc:0.5000000	 lr:0.0003446	 Mean_Total:0.5327200
2021-11-25 22:54:34,196 -  1462 /  7312 (019%):	 Total:0.9022772	 Acc:0.2187500	 lr:0.0003408	 Mean_Total:1.0650070
2021-11-25 22:55:45,010 -  2924 /  7312 (039%):	 Total:0.5906747	 Acc:0.2500000	 lr:0.0003371	 Mean_Total:1.0329176
2021-11-25 22:56:58,548 -  4386 /  7312 (059%):	 Total:0.8079617	 Acc:0.1250000	 lr:0.0003336	 Mean_Total:1.0254111
2021-11-25 22:58:07,751 -  5848 /  7312 (079%):	 Total:1.3181927	 Acc:0.1875000	 lr:0.0003302	 Mean_Total:1.0314567
2021-11-25 22:59:14,268 -  7310 /  7312 (099%):	 Total:0.7303867	 Acc:0.3125000	 lr:0.0003269	 Mean_Total:1.0586386
2021-11-25 22:59:14,578 - ===============================| start validation |===============================
2021-11-25 22:59:32,769 - 	 Total:1.0422272	 Acc:0.2391857
2021-11-25 22:59:32,779 -    ini file updated    
2021-11-25 22:59:32,779 - ===============================|    epoch 10   |===============================
2021-11-25 22:59:33,968 -     0 /  7312 (000%):	 Total:0.6970066	 Acc:0.2812500	 lr:0.0003269	 Mean_Total:0.6970066
2021-11-25 23:00:46,156 -  1462 /  7312 (019%):	 Total:1.0740694	 Acc:0.4062500	 lr:0.0003236	 Mean_Total:1.0371335
2021-11-25 23:01:55,808 -  2924 /  7312 (039%):	 Total:0.7168828	 Acc:0.1250000	 lr:0.0003205	 Mean_Total:1.0059826
2021-11-25 23:03:06,881 -  4386 /  7312 (059%):	 Total:0.7641507	 Acc:0.2500000	 lr:0.0003175	 Mean_Total:0.9982273
2021-11-25 23:04:19,019 -  5848 /  7312 (079%):	 Total:0.8179190	 Acc:0.1875000	 lr:0.0003145	 Mean_Total:1.0065818
2021-11-25 23:05:25,754 -  7310 /  7312 (099%):	 Total:0.9488444	 Acc:0.2500000	 lr:0.0003117	 Mean_Total:1.0339485
2021-11-25 23:05:26,083 - ===============================| start validation |===============================
2021-11-25 23:05:41,514 - 	 Total:1.0123943	 Acc:0.2422645
2021-11-25 23:05:41,521 -    ini file updated    
2021-11-25 23:05:41,521 - ===============================|    epoch 11   |===============================
2021-11-25 23:05:42,840 -     0 /  7312 (000%):	 Total:1.2217108	 Acc:0.2187500	 lr:0.0003117	 Mean_Total:1.2217108
2021-11-25 23:06:52,878 -  1462 /  7312 (019%):	 Total:0.8105716	 Acc:0.2812500	 lr:0.0003089	 Mean_Total:1.0002940
2021-11-25 23:08:05,227 -  2924 /  7312 (039%):	 Total:1.0833821	 Acc:0.2187500	 lr:0.0003061	 Mean_Total:0.9666278
2021-11-25 23:09:19,120 -  4386 /  7312 (059%):	 Total:0.8949009	 Acc:0.2187500	 lr:0.0003035	 Mean_Total:0.9568214
2021-11-25 23:10:32,122 -  5848 /  7312 (079%):	 Total:1.3414841	 Acc:0.1250000	 lr:0.0003009	 Mean_Total:0.9616960
2021-11-25 23:11:38,342 -  7310 /  7312 (099%):	 Total:0.6887933	 Acc:0.2187500	 lr:0.0002984	 Mean_Total:0.9841501
2021-11-25 23:11:38,595 - ===============================| start validation |===============================
2021-11-25 23:11:55,809 - 	 Total:0.9337354	 Acc:0.2386469
2021-11-25 23:11:55,818 -    ini file updated    
2021-11-25 23:11:55,819 - ===============================|    epoch 12   |===============================
2021-11-25 23:11:57,245 -     0 /  7312 (000%):	 Total:1.4820447	 Acc:0.1875000	 lr:0.0002984	 Mean_Total:1.4820447
2021-11-25 23:13:08,393 -  1462 /  7312 (019%):	 Total:0.5535284	 Acc:0.3750000	 lr:0.0002959	 Mean_Total:0.9213213
2021-11-25 23:14:16,379 -  2924 /  7312 (039%):	 Total:0.7659897	 Acc:0.2500000	 lr:0.0002935	 Mean_Total:0.8781262
2021-11-25 23:15:27,999 -  4386 /  7312 (059%):	 Total:1.3126454	 Acc:0.1562500	 lr:0.0002912	 Mean_Total:0.8709861
2021-11-25 23:16:39,848 -  5848 /  7312 (079%):	 Total:2.1151927	 Acc:0.2812500	 lr:0.0002889	 Mean_Total:0.8737343
2021-11-25 23:17:47,971 -  7310 /  7312 (099%):	 Total:1.1537867	 Acc:0.1562500	 lr:0.0002867	 Mean_Total:0.8950981
2021-11-25 23:17:48,195 - ===============================| start validation |===============================
2021-11-25 23:18:05,085 - 	 Total:1.0028974	 Acc:0.2232143
2021-11-25 23:18:05,092 -    ini file updated    
2021-11-25 23:18:05,092 - ===============================|    epoch 13   |===============================
2021-11-25 23:18:06,142 -     0 /  7312 (000%):	 Total:0.5509817	 Acc:0.2500000	 lr:0.0002867	 Mean_Total:0.5509817
2021-11-25 23:19:17,489 -  1462 /  7312 (019%):	 Total:0.7045358	 Acc:0.2812500	 lr:0.0002845	 Mean_Total:0.7997289
2021-11-25 23:20:24,132 -  2924 /  7312 (039%):	 Total:0.5358455	 Acc:0.2812500	 lr:0.0002824	 Mean_Total:0.7712350
2021-11-25 23:21:30,692 -  4386 /  7312 (059%):	 Total:0.7676636	 Acc:0.3125000	 lr:0.0002803	 Mean_Total:0.7633326
2021-11-25 23:22:40,467 -  5848 /  7312 (079%):	 Total:0.6880301	 Acc:0.2500000	 lr:0.0002783	 Mean_Total:0.7752105
2021-11-25 23:23:48,183 -  7310 /  7312 (099%):	 Total:0.5799030	 Acc:0.3750000	 lr:0.0002763	 Mean_Total:0.8059135
2021-11-25 23:23:48,478 - ===============================| start validation |===============================
2021-11-25 23:24:05,617 - 	 Total:0.7596748	 Acc:0.2507312
2021-11-25 23:24:05,628 -    ini file updated    
2021-11-25 23:24:05,644 - Snapshot saved to /data/users/wergillius/UTR_VAE/pth/RL_gru_MTL/1_layer_model/unmod1_k3-model_best_cv1.pth

2021-11-25 23:24:05,645 -    ini file updated    
2021-11-25 23:24:05,646 - ===============================|    epoch 14   |===============================
2021-11-25 23:24:06,623 -     0 /  7312 (000%):	 Total:0.5727178	 Acc:0.3750000	 lr:0.0002763	 Mean_Total:0.5727178
2021-11-25 23:25:17,192 -  1462 /  7312 (019%):	 Total:0.2489963	 Acc:0.3750000	 lr:0.0002743	 Mean_Total:0.7815285
2021-11-25 23:26:25,777 -  2924 /  7312 (039%):	 Total:0.5395475	 Acc:0.3437500	 lr:0.0002724	 Mean_Total:0.7389241
2021-11-25 23:27:37,778 -  4386 /  7312 (059%):	 Total:0.8888292	 Acc:0.2187500	 lr:0.0002705	 Mean_Total:0.7241182
2021-11-25 23:28:51,280 -  5848 /  7312 (079%):	 Total:0.7304407	 Acc:0.2187500	 lr:0.0002687	 Mean_Total:0.7390860
2021-11-25 23:29:58,487 -  7310 /  7312 (099%):	 Total:1.5077816	 Acc:0.1562500	 lr:0.0002669	 Mean_Total:0.7623933
2021-11-25 23:29:58,733 - ===============================| start validation |===============================
2021-11-25 23:30:15,540 - 	 Total:0.7106784	 Acc:0.2620844
2021-11-25 23:30:15,550 -    ini file updated    
2021-11-25 23:30:15,562 - Snapshot saved to /data/users/wergillius/UTR_VAE/pth/RL_gru_MTL/1_layer_model/unmod1_k3-model_best_cv1.pth

2021-11-25 23:30:15,563 -    ini file updated    
2021-11-25 23:30:15,563 - ===============================|    epoch 15   |===============================
2021-11-25 23:30:16,688 -     0 /  7312 (000%):	 Total:0.7236180	 Acc:0.2187500	 lr:0.0002669	 Mean_Total:0.7236180
2021-11-25 23:31:26,577 -  1462 /  7312 (019%):	 Total:0.5827449	 Acc:0.2812500	 lr:0.0002651	 Mean_Total:0.7834148
2021-11-25 23:32:36,488 -  2924 /  7312 (039%):	 Total:0.6701010	 Acc:0.2500000	 lr:0.0002634	 Mean_Total:0.7564976
2021-11-25 23:33:49,103 -  4386 /  7312 (059%):	 Total:0.6134096	 Acc:0.2812500	 lr:0.0002617	 Mean_Total:0.7307503
2021-11-25 23:35:01,690 -  5848 /  7312 (079%):	 Total:1.2509084	 Acc:0.2187500	 lr:0.0002600	 Mean_Total:0.7315769
2021-11-25 23:36:10,966 -  7310 /  7312 (099%):	 Total:0.4616957	 Acc:0.2187500	 lr:0.0002584	 Mean_Total:0.7534554
2021-11-25 23:36:11,232 - ===============================| start validation |===============================
2021-11-25 23:36:27,017 - 	 Total:0.6959415	 Acc:0.2640471
2021-11-25 23:36:27,027 -    ini file updated    
2021-11-25 23:36:27,040 - Snapshot saved to /data/users/wergillius/UTR_VAE/pth/RL_gru_MTL/1_layer_model/unmod1_k3-model_best_cv1.pth

2021-11-25 23:36:27,041 -    ini file updated    
2021-11-25 23:36:27,042 - ===============================|    epoch 16   |===============================
2021-11-25 23:36:27,928 -     0 /  7312 (000%):	 Total:0.6791281	 Acc:0.1250000	 lr:0.0002584	 Mean_Total:0.6791281
2021-11-25 23:37:34,179 -  1462 /  7312 (019%):	 Total:0.8528657	 Acc:0.2812500	 lr:0.0002568	 Mean_Total:0.6732003
2021-11-25 23:38:42,606 -  2924 /  7312 (039%):	 Total:0.9158951	 Acc:0.2500000	 lr:0.0002552	 Mean_Total:0.6582193
2021-11-25 23:39:55,174 -  4386 /  7312 (059%):	 Total:0.6813970	 Acc:0.3437500	 lr:0.0002537	 Mean_Total:0.8019940
2021-11-25 23:41:07,312 -  5848 /  7312 (079%):	 Total:0.6255004	 Acc:0.0625000	 lr:0.0002522	 Mean_Total:0.9042468
2021-11-25 23:42:09,747 -  7310 /  7312 (099%):	 Total:1.2984389	 Acc:0.1875000	 lr:0.0002507	 Mean_Total:0.9869269
2021-11-25 23:42:10,059 - ===============================| start validation |===============================
2021-11-25 23:42:23,963 - 	 Total:1.2064977	 Acc:0.2304110
2021-11-25 23:42:23,973 -    ini file updated    
2021-11-25 23:42:23,974 - ===============================|    epoch 17   |===============================
2021-11-25 23:42:25,038 -     0 /  7312 (000%):	 Total:1.4059715	 Acc:0.2187500	 lr:0.0002507	 Mean_Total:1.4059715
2021-11-25 23:43:24,520 -  1462 /  7312 (019%):	 Total:1.1081473	 Acc:0.1875000	 lr:0.0002492	 Mean_Total:1.2493504
2021-11-25 23:44:20,617 -  2924 /  7312 (039%):	 Total:1.1097716	 Acc:0.4375000	 lr:0.0002478	 Mean_Total:1.2033552
2021-11-25 23:45:15,375 -  4386 /  7312 (059%):	 Total:1.5697111	 Acc:0.3125000	 lr:0.0002464	 Mean_Total:1.1833835
2021-11-25 23:46:13,768 -  5848 /  7312 (079%):	 Total:0.9808005	 Acc:0.1250000	 lr:0.0002450	 Mean_Total:1.1867198
2021-11-25 23:47:09,689 -  7310 /  7312 (099%):	 Total:1.8553848	 Acc:0.1250000	 lr:0.0002436	 Mean_Total:1.2106118
2021-11-25 23:47:09,898 - ===============================| start validation |===============================
2021-11-25 23:47:22,530 - 	 Total:1.1934412	 Acc:0.2306034
2021-11-25 23:47:22,538 -    ini file updated    
2021-11-25 23:47:22,539 - ===============================|    epoch 18   |===============================
2021-11-25 23:47:23,530 -     0 /  7312 (000%):	 Total:1.0862753	 Acc:0.1250000	 lr:0.0002436	 Mean_Total:1.0862753
2021-11-25 23:48:21,736 -  1462 /  7312 (019%):	 Total:1.0965431	 Acc:0.1562500	 lr:0.0002423	 Mean_Total:1.2369835
2021-11-25 23:49:16,895 -  2924 /  7312 (039%):	 Total:0.6755009	 Acc:0.2187500	 lr:0.0002410	 Mean_Total:1.1878908
2021-11-25 23:50:13,619 -  4386 /  7312 (059%):	 Total:0.6388627	 Acc:0.2500000	 lr:0.0002397	 Mean_Total:1.1694164
2021-11-25 23:51:13,241 -  5848 /  7312 (079%):	 Total:0.8173123	 Acc:0.2812500	 lr:0.0002384	 Mean_Total:1.1728859
2021-11-25 23:52:10,731 -  7310 /  7312 (099%):	 Total:1.8273126	 Acc:0.1250000	 lr:0.0002371	 Mean_Total:1.1963896
2021-11-25 23:52:10,985 - ===============================| start validation |===============================
2021-11-25 23:52:21,462 - 	 Total:1.1795117	 Acc:0.2350292
2021-11-25 23:52:21,478 -    ini file updated    
2021-11-25 23:52:21,479 - ===============================|    epoch 19   |===============================
2021-11-25 23:52:22,623 -     0 /  7312 (000%):	 Total:1.1201684	 Acc:0.2187500	 lr:0.0002371	 Mean_Total:1.1201684
2021-11-25 23:53:20,531 -  1462 /  7312 (019%):	 Total:1.2446516	 Acc:0.1250000	 lr:0.0002359	 Mean_Total:1.2240604
2021-11-25 23:54:17,688 -  2924 /  7312 (039%):	 Total:1.2035873	 Acc:0.3750000	 lr:0.0002347	 Mean_Total:1.1731568
2021-11-25 23:55:15,181 -  4386 /  7312 (059%):	 Total:1.2455106	 Acc:0.1562500	 lr:0.0002335	 Mean_Total:1.1520109
2021-11-25 23:56:12,770 -  5848 /  7312 (079%):	 Total:1.1701035	 Acc:0.2187500	 lr:0.0002323	 Mean_Total:1.1507286
2021-11-25 23:57:08,543 -  7310 /  7312 (099%):	 Total:0.6226307	 Acc:0.3125000	 lr:0.0002311	 Mean_Total:1.1141086
2021-11-25 23:57:08,845 - ===============================| start validation |===============================
2021-11-25 23:57:20,773 - 	 Total:0.7650042	 Acc:0.2355296
2021-11-25 23:57:20,783 -    ini file updated    
2021-11-25 23:57:20,783 - ===============================|    epoch 20   |===============================
2021-11-25 23:57:21,795 -     0 /  7312 (000%):	 Total:0.5296253	 Acc:0.2812500	 lr:0.0002311	 Mean_Total:0.5296253
2021-11-25 23:58:18,038 -  1462 /  7312 (019%):	 Total:1.0949621	 Acc:0.3125000	 lr:0.0002300	 Mean_Total:0.7338089
2021-11-25 23:59:16,081 -  2924 /  7312 (039%):	 Total:0.5144970	 Acc:0.3437500	 lr:0.0002289	 Mean_Total:0.6942557
2021-11-26 00:00:13,058 -  4386 /  7312 (059%):	 Total:0.3125197	 Acc:0.3125000	 lr:0.0002277	 Mean_Total:0.6869028
2021-11-26 00:01:11,531 -  5848 /  7312 (079%):	 Total:0.6913301	 Acc:0.1875000	 lr:0.0002266	 Mean_Total:0.6975935
2021-11-26 00:02:07,195 -  7310 /  7312 (099%):	 Total:0.5346635	 Acc:0.2187500	 lr:0.0002256	 Mean_Total:0.7228659
2021-11-26 00:02:07,506 - ===============================| start validation |===============================
2021-11-26 00:02:21,180 - 	 Total:0.6966746	 Acc:0.2737454
2021-11-26 00:02:21,188 -    ini file updated    
2021-11-26 00:02:21,201 - Snapshot saved to /data/users/wergillius/UTR_VAE/pth/RL_gru_MTL/1_layer_model/unmod1_k3-model_best_cv1.pth

2021-11-26 00:02:21,203 -    ini file updated    
2021-11-26 00:02:21,204 - ===============================|    epoch 21   |===============================
2021-11-26 00:02:22,112 -     0 /  7312 (000%):	 Total:0.8097579	 Acc:0.2812500	 lr:0.0002256	 Mean_Total:0.8097579
2021-11-26 00:03:17,894 -  1462 /  7312 (019%):	 Total:0.7107661	 Acc:0.3750000	 lr:0.0002245	 Mean_Total:0.6522876
2021-11-26 00:04:13,210 -  2924 /  7312 (039%):	 Total:0.4205473	 Acc:0.1875000	 lr:0.0002234	 Mean_Total:0.6409992
2021-11-26 00:05:09,758 -  4386 /  7312 (059%):	 Total:0.8034409	 Acc:0.1875000	 lr:0.0002224	 Mean_Total:0.6438620
2021-11-26 00:06:08,394 -  5848 /  7312 (079%):	 Total:0.8212748	 Acc:0.1562500	 lr:0.0002214	 Mean_Total:0.6643046
2021-11-26 00:07:04,694 -  7310 /  7312 (099%):	 Total:0.4581524	 Acc:0.2812500	 lr:0.0002204	 Mean_Total:0.7004489
2021-11-26 00:07:04,957 - ===============================| start validation |===============================
2021-11-26 00:07:19,930 - 	 Total:0.6861671	 Acc:0.2757466
2021-11-26 00:07:19,938 -    ini file updated    
2021-11-26 00:07:19,949 - Snapshot saved to /data/users/wergillius/UTR_VAE/pth/RL_gru_MTL/1_layer_model/unmod1_k3-model_best_cv1.pth

2021-11-26 00:07:19,950 -    ini file updated    
2021-11-26 00:07:19,951 - ===============================|    epoch 22   |===============================
2021-11-26 00:07:20,944 -     0 /  7312 (000%):	 Total:1.0121788	 Acc:0.1875000	 lr:0.0002204	 Mean_Total:1.0121788
2021-11-26 00:08:12,304 -  1462 /  7312 (019%):	 Total:1.2420034	 Acc:0.2812500	 lr:0.0002194	 Mean_Total:1.1429268
2021-11-26 00:09:06,956 -  2924 /  7312 (039%):	 Total:0.6654438	 Acc:0.4062500	 lr:0.0002184	 Mean_Total:1.1403257
2021-11-26 00:10:03,378 -  4386 /  7312 (059%):	 Total:1.4391181	 Acc:0.2187500	 lr:0.0002174	 Mean_Total:1.1384004
2021-11-26 00:11:03,383 -  5848 /  7312 (079%):	 Total:1.2036374	 Acc:0.2187500	 lr:0.0002165	 Mean_Total:1.1497020
2021-11-26 00:11:59,527 -  7310 /  7312 (099%):	 Total:1.1534190	 Acc:0.3125000	 lr:0.0002155	 Mean_Total:1.1777250
2021-11-26 00:11:59,770 - ===============================| start validation |===============================
2021-11-26 00:12:14,202 - 	 Total:1.1787986	 Acc:0.2351447
2021-11-26 00:12:14,214 -    ini file updated    
2021-11-26 00:12:14,215 - ===============================|    epoch 23   |===============================
2021-11-26 00:12:15,307 -     0 /  7312 (000%):	 Total:1.4261134	 Acc:0.2812500	 lr:0.0002155	 Mean_Total:1.4261134
2021-11-26 00:13:08,743 -  1462 /  7312 (019%):	 Total:1.2527534	 Acc:0.3125000	 lr:0.0002146	 Mean_Total:1.2207540
2021-11-26 00:14:05,588 -  2924 /  7312 (039%):	 Total:1.3469007	 Acc:0.1875000	 lr:0.0002137	 Mean_Total:1.1713172
2021-11-26 00:15:02,663 -  4386 /  7312 (059%):	 Total:1.0146992	 Acc:0.3125000	 lr:0.0002128	 Mean_Total:1.1541082
2021-11-26 00:15:57,525 -  5848 /  7312 (079%):	 Total:1.0917521	 Acc:0.1875000	 lr:0.0002119	 Mean_Total:1.1577256
2021-11-26 00:16:51,591 -  7310 /  7312 (099%):	 Total:0.4299650	 Acc:0.2500000	 lr:0.0002110	 Mean_Total:1.1796757
2021-11-26 00:16:51,828 - ===============================| start validation |===============================
2021-11-26 00:17:07,178 - 	 Total:1.1573834	 Acc:0.2371459
2021-11-26 00:17:07,184 -    ini file updated    
2021-11-26 00:17:07,184 - ===============================|    epoch 24   |===============================
2021-11-26 00:17:08,226 -     0 /  7312 (000%):	 Total:0.9705942	 Acc:0.2500000	 lr:0.0002110	 Mean_Total:0.9705942
2021-11-26 00:18:03,228 -  1462 /  7312 (019%):	 Total:1.1890492	 Acc:0.1250000	 lr:0.0002101	 Mean_Total:1.1934824
2021-11-26 00:19:01,922 -  2924 /  7312 (039%):	 Total:0.9771917	 Acc:0.1562500	 lr:0.0002093	 Mean_Total:1.1356738
2021-11-26 00:19:57,986 -  4386 /  7312 (059%):	 Total:0.4234697	 Acc:0.3750000	 lr:0.0002084	 Mean_Total:1.0275415
2021-11-26 00:20:56,037 -  5848 /  7312 (079%):	 Total:0.5659311	 Acc:0.1875000	 lr:0.0002076	 Mean_Total:0.9555410
2021-11-26 00:21:50,447 -  7310 /  7312 (099%):	 Total:0.7871092	 Acc:0.3437500	 lr:0.0002067	 Mean_Total:0.9303291
2021-11-26 00:21:50,731 - ===============================| start validation |===============================
2021-11-26 00:22:06,478 - 	 Total:0.6938247	 Acc:0.2708590
2021-11-26 00:22:06,492 -    ini file updated    
2021-11-26 00:22:06,493 - ===============================|    epoch 25   |===============================
2021-11-26 00:22:07,957 -     0 /  7312 (000%):	 Total:0.7796618	 Acc:0.1562500	 lr:0.0002067	 Mean_Total:0.7796618
2021-11-26 00:23:04,873 -  1462 /  7312 (019%):	 Total:0.7576089	 Acc:0.2812500	 lr:0.0002059	 Mean_Total:0.6558969
2021-11-26 00:24:00,077 -  2924 /  7312 (039%):	 Total:0.3556392	 Acc:0.3437500	 lr:0.0002051	 Mean_Total:0.6428841
2021-11-26 00:24:53,449 -  4386 /  7312 (059%):	 Total:0.5467723	 Acc:0.1875000	 lr:0.0002043	 Mean_Total:0.6457355
2021-11-26 00:25:50,595 -  5848 /  7312 (079%):	 Total:0.9427462	 Acc:0.0312500	 lr:0.0002035	 Mean_Total:0.6631083
2021-11-26 00:26:45,157 -  7310 /  7312 (099%):	 Total:0.7219152	 Acc:0.4062500	 lr:0.0002027	 Mean_Total:0.6912943
2021-11-26 00:26:45,380 - ===============================| start validation |===============================
2021-11-26 00:26:59,661 - 	 Total:0.6772019	 Acc:0.2755542
2021-11-26 00:26:59,669 -    ini file updated    
2021-11-26 00:26:59,678 - Snapshot saved to /data/users/wergillius/UTR_VAE/pth/RL_gru_MTL/1_layer_model/unmod1_k3-model_best_cv1.pth

2021-11-26 00:26:59,679 -    ini file updated    
2021-11-26 00:26:59,679 - ===============================|    epoch 26   |===============================
2021-11-26 00:27:00,861 -     0 /  7312 (000%):	 Total:0.6731302	 Acc:0.4375000	 lr:0.0002027	 Mean_Total:0.6731302
2021-11-26 00:27:55,264 -  1462 /  7312 (019%):	 Total:0.9175127	 Acc:0.2500000	 lr:0.0002019	 Mean_Total:0.6388924
2021-11-26 00:28:53,595 -  2924 /  7312 (039%):	 Total:0.6945271	 Acc:0.1875000	 lr:0.0002012	 Mean_Total:0.6291920
2021-11-26 00:29:49,870 -  4386 /  7312 (059%):	 Total:0.7011062	 Acc:0.3750000	 lr:0.0002004	 Mean_Total:0.6321207
2021-11-26 00:30:45,673 -  5848 /  7312 (079%):	 Total:1.0710557	 Acc:0.1250000	 lr:0.0001997	 Mean_Total:0.6490897
2021-11-26 00:31:38,304 -  7310 /  7312 (099%):	 Total:0.7854071	 Acc:0.4375000	 lr:0.0001989	 Mean_Total:0.6804344
2021-11-26 00:31:38,609 - ===============================| start validation |===============================
2021-11-26 00:31:53,808 - 	 Total:0.6754357	 Acc:0.2735145
2021-11-26 00:31:53,816 -    ini file updated    
2021-11-26 00:31:53,829 - Snapshot saved to /data/users/wergillius/UTR_VAE/pth/RL_gru_MTL/1_layer_model/unmod1_k3-model_best_cv1.pth

2021-11-26 00:31:53,830 -    ini file updated    
2021-11-26 00:31:53,831 - ===============================|    epoch 27   |===============================
2021-11-26 00:31:54,842 -     0 /  7312 (000%):	 Total:0.7559779	 Acc:0.3437500	 lr:0.0001989	 Mean_Total:0.7559779
2021-11-26 00:32:51,532 -  1462 /  7312 (019%):	 Total:0.4751097	 Acc:0.2812500	 lr:0.0001982	 Mean_Total:0.6317549
2021-11-26 00:33:46,172 -  2924 /  7312 (039%):	 Total:0.9638248	 Acc:0.2187500	 lr:0.0001975	 Mean_Total:0.6315857
2021-11-26 00:34:45,406 -  4386 /  7312 (059%):	 Total:0.4847257	 Acc:0.3125000	 lr:0.0001968	 Mean_Total:0.6305929
2021-11-26 00:35:43,566 -  5848 /  7312 (079%):	 Total:1.2961352	 Acc:0.1875000	 lr:0.0001960	 Mean_Total:0.6467811
2021-11-26 00:36:37,973 -  7310 /  7312 (099%):	 Total:1.1921214	 Acc:0.1875000	 lr:0.0001953	 Mean_Total:0.6757375
2021-11-26 00:36:38,322 - ===============================| start validation |===============================
2021-11-26 00:36:55,293 - 	 Total:0.6604733	 Acc:0.2786330
2021-11-26 00:36:55,299 -    ini file updated    
2021-11-26 00:36:55,308 - Snapshot saved to /data/users/wergillius/UTR_VAE/pth/RL_gru_MTL/1_layer_model/unmod1_k3-model_best_cv1.pth

2021-11-26 00:36:55,309 -    ini file updated    
2021-11-26 00:36:55,309 - ===============================|    epoch 28   |===============================
2021-11-26 00:36:56,606 -     0 /  7312 (000%):	 Total:0.5848742	 Acc:0.2187500	 lr:0.0001953	 Mean_Total:0.5848742
2021-11-26 00:37:52,982 -  1462 /  7312 (019%):	 Total:0.4899226	 Acc:0.3125000	 lr:0.0001946	 Mean_Total:0.6228063
2021-11-26 00:38:50,135 -  2924 /  7312 (039%):	 Total:0.5731921	 Acc:0.1562500	 lr:0.0001940	 Mean_Total:0.6140986
2021-11-26 00:39:38,745 -  4386 /  7312 (059%):	 Total:0.9312819	 Acc:0.1250000	 lr:0.0001933	 Mean_Total:0.6198455
2021-11-26 00:40:33,620 -  5848 /  7312 (079%):	 Total:0.6417003	 Acc:0.2812500	 lr:0.0001926	 Mean_Total:0.6396934
2021-11-26 00:41:26,870 -  7310 /  7312 (099%):	 Total:0.6823404	 Acc:0.2500000	 lr:0.0001919	 Mean_Total:0.6718215
2021-11-26 00:41:27,154 - ===============================| start validation |===============================
2021-11-26 00:41:42,482 - 	 Total:0.6589818	 Acc:0.2809421
2021-11-26 00:41:42,491 -    ini file updated    
2021-11-26 00:41:42,500 - Snapshot saved to /data/users/wergillius/UTR_VAE/pth/RL_gru_MTL/1_layer_model/unmod1_k3-model_best_cv1.pth

2021-11-26 00:41:42,501 -    ini file updated    
2021-11-26 00:41:42,501 - ===============================|    epoch 29   |===============================
2021-11-26 00:41:43,486 -     0 /  7312 (000%):	 Total:0.4896112	 Acc:0.2187500	 lr:0.0001919	 Mean_Total:0.4896112
2021-11-26 00:42:39,093 -  1462 /  7312 (019%):	 Total:0.4843887	 Acc:0.3750000	 lr:0.0001913	 Mean_Total:0.6185091
2021-11-26 00:43:35,770 -  2924 /  7312 (039%):	 Total:0.4187827	 Acc:0.2187500	 lr:0.0001906	 Mean_Total:0.6124822
2021-11-26 00:44:34,791 -  4386 /  7312 (059%):	 Total:0.6033352	 Acc:0.3750000	 lr:0.0001900	 Mean_Total:0.6155926
2021-11-26 00:45:30,491 -  5848 /  7312 (079%):	 Total:0.6960260	 Acc:0.0937500	 lr:0.0001894	 Mean_Total:0.6354907
2021-11-26 00:46:23,935 -  7310 /  7312 (099%):	 Total:0.6497145	 Acc:0.3437500	 lr:0.0001887	 Mean_Total:0.6658437
2021-11-26 00:46:24,281 - ===============================| start validation |===============================
2021-11-26 00:46:39,910 - 	 Total:0.6555022	 Acc:0.2827894
2021-11-26 00:46:39,917 -    ini file updated    
2021-11-26 00:46:39,927 - Snapshot saved to /data/users/wergillius/UTR_VAE/pth/RL_gru_MTL/1_layer_model/unmod1_k3-model_best_cv1.pth

2021-11-26 00:46:39,929 -    ini file updated    
2021-11-26 00:46:39,929 - ===============================|    epoch 30   |===============================
2021-11-26 00:46:40,790 -     0 /  7312 (000%):	 Total:0.7726340	 Acc:0.3125000	 lr:0.0001887	 Mean_Total:0.7726340
2021-11-26 00:47:36,379 -  1462 /  7312 (019%):	 Total:0.4114376	 Acc:0.2812500	 lr:0.0001881	 Mean_Total:0.6167161
2021-11-26 00:48:32,800 -  2924 /  7312 (039%):	 Total:0.4746805	 Acc:0.3125000	 lr:0.0001875	 Mean_Total:0.6168863
2021-11-26 00:49:28,143 -  4386 /  7312 (059%):	 Total:0.6838645	 Acc:0.3437500	 lr:0.0001869	 Mean_Total:0.6206999
2021-11-26 00:50:23,742 -  5848 /  7312 (079%):	 Total:0.9924631	 Acc:0.2187500	 lr:0.0001863	 Mean_Total:0.6378506
2021-11-26 00:51:17,756 -  7310 /  7312 (099%):	 Total:0.6711067	 Acc:0.3437500	 lr:0.0001857	 Mean_Total:0.6669716
2021-11-26 00:51:18,063 - ===============================| start validation |===============================
2021-11-26 00:51:32,874 - 	 Total:0.6542708	 Acc:0.2829818
2021-11-26 00:51:32,880 -    ini file updated    
2021-11-26 00:51:32,889 - Snapshot saved to /data/users/wergillius/UTR_VAE/pth/RL_gru_MTL/1_layer_model/unmod1_k3-model_best_cv1.pth

2021-11-26 00:51:32,890 -    ini file updated    
2021-11-26 00:51:32,890 - ===============================|    epoch 31   |===============================
2021-11-26 00:51:34,039 -     0 /  7312 (000%):	 Total:0.5538367	 Acc:0.2187500	 lr:0.0001857	 Mean_Total:0.5538367
2021-11-26 00:52:29,062 -  1462 /  7312 (019%):	 Total:0.4800539	 Acc:0.3750000	 lr:0.0001851	 Mean_Total:0.6125143
2021-11-26 00:53:24,320 -  2924 /  7312 (039%):	 Total:0.3236947	 Acc:0.5312500	 lr:0.0001845	 Mean_Total:0.6065812
2021-11-26 00:54:19,176 -  4386 /  7312 (059%):	 Total:1.1129745	 Acc:0.1562500	 lr:0.0001839	 Mean_Total:0.6104512
2021-11-26 00:55:10,624 -  5848 /  7312 (079%):	 Total:0.7759647	 Acc:0.2187500	 lr:0.0001833	 Mean_Total:0.6313134
2021-11-26 00:56:02,269 -  7310 /  7312 (099%):	 Total:0.7566751	 Acc:0.2187500	 lr:0.0001827	 Mean_Total:0.6615477
2021-11-26 00:56:02,666 - ===============================| start validation |===============================
2021-11-26 00:56:19,543 - 	 Total:0.6532319	 Acc:0.2850600
2021-11-26 00:56:19,551 -    ini file updated    
2021-11-26 00:56:19,561 - Snapshot saved to /data/users/wergillius/UTR_VAE/pth/RL_gru_MTL/1_layer_model/unmod1_k3-model_best_cv1.pth

2021-11-26 00:56:19,563 -    ini file updated    
2021-11-26 00:56:19,563 - ===============================|    epoch 32   |===============================
2021-11-26 00:56:20,676 -     0 /  7312 (000%):	 Total:1.1127107	 Acc:0.1562500	 lr:0.0001827	 Mean_Total:1.1127107
2021-11-26 00:57:18,219 -  1462 /  7312 (019%):	 Total:0.3372488	 Acc:0.3437500	 lr:0.0001822	 Mean_Total:0.6179577
2021-11-26 00:58:14,990 -  2924 /  7312 (039%):	 Total:0.4810219	 Acc:0.2500000	 lr:0.0001816	 Mean_Total:0.6096635
2021-11-26 00:59:14,267 -  4386 /  7312 (059%):	 Total:0.8753379	 Acc:0.2812500	 lr:0.0001810	 Mean_Total:0.6119885
2021-11-26 01:00:12,855 -  5848 /  7312 (079%):	 Total:1.0019407	 Acc:0.1250000	 lr:0.0001805	 Mean_Total:0.6298826
2021-11-26 01:01:09,491 -  7310 /  7312 (099%):	 Total:0.6409109	 Acc:0.2812500	 lr:0.0001799	 Mean_Total:0.6602505
2021-11-26 01:01:09,897 - ===============================| start validation |===============================
2021-11-26 01:01:26,363 - 	 Total:0.6503352	 Acc:0.2812115
2021-11-26 01:01:26,369 -    ini file updated    
2021-11-26 01:01:26,379 - Snapshot saved to /data/users/wergillius/UTR_VAE/pth/RL_gru_MTL/1_layer_model/unmod1_k3-model_best_cv1.pth

2021-11-26 01:01:26,380 -    ini file updated    
2021-11-26 01:01:26,380 - ===============================|    epoch 33   |===============================
2021-11-26 01:01:27,628 -     0 /  7312 (000%):	 Total:0.5154598	 Acc:0.0625000	 lr:0.0001799	 Mean_Total:0.5154598
2021-11-26 01:02:26,815 -  1462 /  7312 (019%):	 Total:0.7348657	 Acc:0.2500000	 lr:0.0001794	 Mean_Total:0.6113903
2021-11-26 01:03:18,553 -  2924 /  7312 (039%):	 Total:0.2928067	 Acc:0.2812500	 lr:0.0001789	 Mean_Total:0.6025370
2021-11-26 01:04:21,081 -  4386 /  7312 (059%):	 Total:0.4085653	 Acc:0.3125000	 lr:0.0001783	 Mean_Total:0.6062416
2021-11-26 01:05:19,979 -  5848 /  7312 (079%):	 Total:0.6513257	 Acc:0.0937500	 lr:0.0001778	 Mean_Total:0.6248079
2021-11-26 01:06:14,119 -  7310 /  7312 (099%):	 Total:0.6568168	 Acc:0.3750000	 lr:0.0001773	 Mean_Total:0.6549758
2021-11-26 01:06:14,455 - ===============================| start validation |===============================
2021-11-26 01:06:31,012 - 	 Total:0.6466197	 Acc:0.2818658
2021-11-26 01:06:31,033 -    ini file updated    
2021-11-26 01:06:31,051 - Snapshot saved to /data/users/wergillius/UTR_VAE/pth/RL_gru_MTL/1_layer_model/unmod1_k3-model_best_cv1.pth

2021-11-26 01:06:31,052 -    ini file updated    
2021-11-26 01:06:31,053 - ===============================|    epoch 34   |===============================
2021-11-26 01:06:32,274 -     0 /  7312 (000%):	 Total:0.3938743	 Acc:0.3750000	 lr:0.0001773	 Mean_Total:0.3938743
2021-11-26 01:07:29,601 -  1462 /  7312 (019%):	 Total:0.7091012	 Acc:0.2812500	 lr:0.0001768	 Mean_Total:0.6068899
2021-11-26 01:08:26,428 -  2924 /  7312 (039%):	 Total:0.7212243	 Acc:0.3437500	 lr:0.0001762	 Mean_Total:0.6004078
2021-11-26 01:09:24,676 -  4386 /  7312 (059%):	 Total:0.7032924	 Acc:0.2812500	 lr:0.0001757	 Mean_Total:0.6047392
2021-11-26 01:10:22,145 -  5848 /  7312 (079%):	 Total:0.4008211	 Acc:0.2812500	 lr:0.0001752	 Mean_Total:0.6233359
2021-11-26 01:11:11,061 -  7310 /  7312 (099%):	 Total:0.5768325	 Acc:0.2812500	 lr:0.0001747	 Mean_Total:0.6540124
2021-11-26 01:11:11,403 - ===============================| start validation |===============================
2021-11-26 01:11:26,187 - 	 Total:0.6458713	 Acc:0.2825200
2021-11-26 01:11:26,197 -    ini file updated    
2021-11-26 01:11:26,208 - Snapshot saved to /data/users/wergillius/UTR_VAE/pth/RL_gru_MTL/1_layer_model/unmod1_k3-model_best_cv1.pth

2021-11-26 01:11:26,209 -    ini file updated    
2021-11-26 01:11:26,209 - ===============================|    epoch 35   |===============================
2021-11-26 01:11:27,475 -     0 /  7312 (000%):	 Total:0.4150077	 Acc:0.3437500	 lr:0.0001747	 Mean_Total:0.4150077
2021-11-26 01:12:25,594 -  1462 /  7312 (019%):	 Total:0.6239564	 Acc:0.3437500	 lr:0.0001742	 Mean_Total:0.6140376
2021-11-26 01:13:21,752 -  2924 /  7312 (039%):	 Total:0.3888050	 Acc:0.1875000	 lr:0.0001737	 Mean_Total:0.6052504
2021-11-26 01:14:19,947 -  4386 /  7312 (059%):	 Total:0.5590909	 Acc:0.2812500	 lr:0.0001732	 Mean_Total:0.6067216
2021-11-26 01:15:17,603 -  5848 /  7312 (079%):	 Total:0.5719143	 Acc:0.3750000	 lr:0.0001728	 Mean_Total:0.6242883
2021-11-26 01:16:14,587 -  7310 /  7312 (099%):	 Total:0.9945337	 Acc:0.1875000	 lr:0.0001723	 Mean_Total:0.6550104
2021-11-26 01:16:14,961 - ===============================| start validation |===============================
2021-11-26 01:16:31,736 - 	 Total:0.6445613	 Acc:0.2845597
2021-11-26 01:16:31,748 -    ini file updated    
2021-11-26 01:16:31,759 - Snapshot saved to /data/users/wergillius/UTR_VAE/pth/RL_gru_MTL/1_layer_model/unmod1_k3-model_best_cv1.pth

2021-11-26 01:16:31,760 -    ini file updated    
2021-11-26 01:16:31,761 - ===============================|    epoch 36   |===============================
2021-11-26 01:16:32,955 -     0 /  7312 (000%):	 Total:1.0521438	 Acc:0.1250000	 lr:0.0001723	 Mean_Total:1.0521438
2021-11-26 01:17:33,109 -  1462 /  7312 (019%):	 Total:0.5950408	 Acc:0.3437500	 lr:0.0001718	 Mean_Total:0.6055914
2021-11-26 01:18:26,433 -  2924 /  7312 (039%):	 Total:0.5171540	 Acc:0.3437500	 lr:0.0001713	 Mean_Total:0.5970151
2021-11-26 01:19:21,717 -  4386 /  7312 (059%):	 Total:0.4667126	 Acc:0.3125000	 lr:0.0001709	 Mean_Total:0.6006401
2021-11-26 01:20:19,207 -  5848 /  7312 (079%):	 Total:0.8560685	 Acc:0.1875000	 lr:0.0001704	 Mean_Total:0.6193300
2021-11-26 01:21:14,192 -  7310 /  7312 (099%):	 Total:0.6680001	 Acc:0.3750000	 lr:0.0001699	 Mean_Total:0.6520243
2021-11-26 01:21:14,550 - ===============================| start validation |===============================
2021-11-26 01:21:29,885 - 	 Total:0.6460738	 Acc:0.2870228
2021-11-26 01:21:29,893 -    ini file updated    
2021-11-26 01:21:29,904 - Snapshot saved to /data/users/wergillius/UTR_VAE/pth/RL_gru_MTL/1_layer_model/unmod1_k3-model_best_cv1.pth

2021-11-26 01:21:29,905 -    ini file updated    
2021-11-26 01:21:29,905 - ===============================|    epoch 37   |===============================
2021-11-26 01:21:31,209 -     0 /  7312 (000%):	 Total:0.7407095	 Acc:0.3125000	 lr:0.0001699	 Mean_Total:0.7407095
2021-11-26 01:22:31,825 -  1462 /  7312 (019%):	 Total:1.2034976	 Acc:0.3125000	 lr:0.0001695	 Mean_Total:0.8752761
2021-11-26 01:23:29,518 -  2924 /  7312 (039%):	 Total:0.8386536	 Acc:0.2187500	 lr:0.0001690	 Mean_Total:1.0094398
2021-11-26 01:24:24,356 -  4386 /  7312 (059%):	 Total:1.5241631	 Acc:0.3437500	 lr:0.0001686	 Mean_Total:1.0490473
2021-11-26 01:25:22,712 -  5848 /  7312 (079%):	 Total:0.5721086	 Acc:0.2812500	 lr:0.0001681	 Mean_Total:1.0818802
2021-11-26 01:26:20,552 -  7310 /  7312 (099%):	 Total:1.4146986	 Acc:0.1875000	 lr:0.0001677	 Mean_Total:1.1228137
2021-11-26 01:26:20,905 - ===============================| start validation |===============================
2021-11-26 01:26:34,460 - 	 Total:1.1750161	 Acc:0.2376847
2021-11-26 01:26:34,470 -    ini file updated    
2021-11-26 01:26:34,470 - ===============================|    epoch 38   |===============================
2021-11-26 01:26:35,589 -     0 /  7312 (000%):	 Total:0.8236053	 Acc:0.1875000	 lr:0.0001677	 Mean_Total:0.8236053
2021-11-26 01:27:27,472 -  1462 /  7312 (019%):	 Total:1.2055621	 Acc:0.2500000	 lr:0.0001672	 Mean_Total:1.2174547
2021-11-26 01:28:25,195 -  2924 /  7312 (039%):	 Total:1.3688498	 Acc:0.2500000	 lr:0.0001668	 Mean_Total:1.1673509
2021-11-26 01:29:21,963 -  4386 /  7312 (059%):	 Total:0.9333363	 Acc:0.3437500	 lr:0.0001664	 Mean_Total:1.1478855
2021-11-26 01:30:20,421 -  5848 /  7312 (079%):	 Total:1.2430331	 Acc:0.2500000	 lr:0.0001659	 Mean_Total:1.1490066
2021-11-26 01:31:17,742 -  7310 /  7312 (099%):	 Total:1.0563252	 Acc:0.1875000	 lr:0.0001655	 Mean_Total:1.1512389
2021-11-26 01:31:18,059 - ===============================| start validation |===============================
2021-11-26 01:31:33,033 - 	 Total:0.7755264	 Acc:0.2550800
2021-11-26 01:31:33,044 -    ini file updated    
2021-11-26 01:31:33,045 - ===============================|    epoch 39   |===============================
2021-11-26 01:31:34,230 -     0 /  7312 (000%):	 Total:1.0578344	 Acc:0.1562500	 lr:0.0001655	 Mean_Total:1.0578344
2021-11-26 01:32:34,217 -  1462 /  7312 (019%):	 Total:1.0187792	 Acc:0.1875000	 lr:0.0001651	 Mean_Total:0.6526252
2021-11-26 01:33:32,884 -  2924 /  7312 (039%):	 Total:0.5971636	 Acc:0.1562500	 lr:0.0001647	 Mean_Total:0.6279718
2021-11-26 01:34:28,323 -  4386 /  7312 (059%):	 Total:0.6753117	 Acc:0.1875000	 lr:0.0001643	 Mean_Total:0.6238147
2021-11-26 01:35:22,364 -  5848 /  7312 (079%):	 Total:1.1382606	 Acc:0.2187500	 lr:0.0001638	 Mean_Total:0.6377856
2021-11-26 01:36:20,965 -  7310 /  7312 (099%):	 Total:1.0528218	 Acc:0.0937500	 lr:0.0001634	 Mean_Total:0.6657351
2021-11-26 01:36:21,334 - ===============================| start validation |===============================
2021-11-26 01:36:36,199 - 	 Total:0.6492857	 Acc:0.2785560
2021-11-26 01:36:36,207 -    ini file updated    
2021-11-26 01:36:36,207 - ===============================|    epoch 40   |===============================
2021-11-26 01:36:37,540 -     0 /  7312 (000%):	 Total:0.8458704	 Acc:0.1250000	 lr:0.0001634	 Mean_Total:0.8458704
2021-11-26 01:37:33,360 -  1462 /  7312 (019%):	 Total:0.3086345	 Acc:0.3125000	 lr:0.0001630	 Mean_Total:0.6105799
2021-11-26 01:38:24,711 -  2924 /  7312 (039%):	 Total:1.2766597	 Acc:0.3125000	 lr:0.0001626	 Mean_Total:0.6028161
2021-11-26 01:39:16,687 -  4386 /  7312 (059%):	 Total:0.4459075	 Acc:0.1875000	 lr:0.0001622	 Mean_Total:0.6057724
2021-11-26 01:40:07,352 -  5848 /  7312 (079%):	 Total:0.9546711	 Acc:0.2500000	 lr:0.0001618	 Mean_Total:0.6239760
2021-11-26 01:41:02,769 -  7310 /  7312 (099%):	 Total:0.5044358	 Acc:0.2500000	 lr:0.0001614	 Mean_Total:0.6536832
2021-11-26 01:41:03,172 - ===============================| start validation |===============================
2021-11-26 01:41:21,848 - 	 Total:0.6467676	 Acc:0.2777863
2021-11-26 01:41:21,858 -    ini file updated    
2021-11-26 01:41:21,859 - ===============================|    epoch 41   |===============================
2021-11-26 01:41:23,124 -     0 /  7312 (000%):	 Total:0.6208318	 Acc:0.3437500	 lr:0.0001614	 Mean_Total:0.6208318
2021-11-26 01:42:16,650 -  1462 /  7312 (019%):	 Total:0.9230321	 Acc:0.3437500	 lr:0.0001610	 Mean_Total:0.6072591
2021-11-26 01:43:05,761 -  2924 /  7312 (039%):	 Total:0.3030006	 Acc:0.3437500	 lr:0.0001606	 Mean_Total:0.5984873
2021-11-26 01:43:57,867 -  4386 /  7312 (059%):	 Total:0.3595245	 Acc:0.3437500	 lr:0.0001603	 Mean_Total:0.6027051
2021-11-26 01:44:53,278 -  5848 /  7312 (079%):	 Total:1.4665773	 Acc:0.1250000	 lr:0.0001599	 Mean_Total:0.6229241
2021-11-26 01:45:46,758 -  7310 /  7312 (099%):	 Total:1.0572029	 Acc:0.1562500	 lr:0.0001595	 Mean_Total:0.6537305
2021-11-26 01:45:47,105 - ===============================| start validation |===============================
2021-11-26 01:46:01,634 - 	 Total:0.6452450	 Acc:0.2812500
2021-11-26 01:46:01,648 -    ini file updated    
2021-11-26 01:46:01,648 - ===============================|    epoch 42   |===============================
2021-11-26 01:46:02,782 -     0 /  7312 (000%):	 Total:0.4011815	 Acc:0.3437500	 lr:0.0001595	 Mean_Total:0.4011815
2021-11-26 01:47:01,293 -  1462 /  7312 (019%):	 Total:0.4370726	 Acc:0.3125000	 lr:0.0001591	 Mean_Total:0.6099601
2021-11-26 01:47:58,430 -  2924 /  7312 (039%):	 Total:0.3872501	 Acc:0.2500000	 lr:0.0001587	 Mean_Total:0.5981545
2021-11-26 01:48:58,342 -  4386 /  7312 (059%):	 Total:0.3356958	 Acc:0.4375000	 lr:0.0001584	 Mean_Total:0.6022437
2021-11-26 01:49:53,181 -  5848 /  7312 (079%):	 Total:0.4383302	 Acc:0.2812500	 lr:0.0001580	 Mean_Total:0.6206289
2021-11-26 01:50:49,176 -  7310 /  7312 (099%):	 Total:0.6847640	 Acc:0.2812500	 lr:0.0001576	 Mean_Total:0.6503619
2021-11-26 01:50:49,504 - ===============================| start validation |===============================
2021-11-26 01:51:04,387 - 	 Total:0.6447619	 Acc:0.2765933
2021-11-26 01:51:04,396 -    ini file updated    
2021-11-26 01:51:04,397 - ===============================|    epoch 43   |===============================
2021-11-26 01:51:05,635 -     0 /  7312 (000%):	 Total:0.4707219	 Acc:0.2812500	 lr:0.0001576	 Mean_Total:0.4707219
2021-11-26 01:52:03,432 -  1462 /  7312 (019%):	 Total:1.0362991	 Acc:0.1875000	 lr:0.0001573	 Mean_Total:0.6057666
2021-11-26 01:53:00,009 -  2924 /  7312 (039%):	 Total:0.6547658	 Acc:0.1250000	 lr:0.0001569	 Mean_Total:0.5973927
2021-11-26 01:53:55,549 -  4386 /  7312 (059%):	 Total:0.6958169	 Acc:0.2500000	 lr:0.0001565	 Mean_Total:0.6003643
2021-11-26 01:54:51,633 -  5848 /  7312 (079%):	 Total:1.5072505	 Acc:0.3125000	 lr:0.0001562	 Mean_Total:0.6188750
2021-11-26 01:55:49,084 -  7310 /  7312 (099%):	 Total:0.5343346	 Acc:0.2812500	 lr:0.0001558	 Mean_Total:0.6490997
2021-11-26 01:55:49,463 - ===============================| start validation |===============================
2021-11-26 01:56:04,617 - 	 Total:0.6425226	 Acc:0.2792873
2021-11-26 01:56:04,629 -    ini file updated    
2021-11-26 01:56:04,646 - Snapshot saved to /data/users/wergillius/UTR_VAE/pth/RL_gru_MTL/1_layer_model/unmod1_k3-model_best_cv1.pth

2021-11-26 01:56:04,648 -    ini file updated    
2021-11-26 01:56:04,648 - ===============================|    epoch 44   |===============================
2021-11-26 01:56:05,650 -     0 /  7312 (000%):	 Total:0.8549616	 Acc:0.2187500	 lr:0.0001558	 Mean_Total:0.8549616
2021-11-26 01:57:03,996 -  1462 /  7312 (019%):	 Total:0.6539919	 Acc:0.3750000	 lr:0.0001555	 Mean_Total:0.6054821
2021-11-26 01:58:00,040 -  2924 /  7312 (039%):	 Total:0.5413584	 Acc:0.2812500	 lr:0.0001551	 Mean_Total:0.5959161
2021-11-26 01:58:48,172 -  4386 /  7312 (059%):	 Total:0.8652594	 Acc:0.2500000	 lr:0.0001548	 Mean_Total:0.5995722
2021-11-26 01:59:45,453 -  5848 /  7312 (079%):	 Total:0.4934074	 Acc:0.3125000	 lr:0.0001544	 Mean_Total:0.6182809
2021-11-26 02:00:41,262 -  7310 /  7312 (099%):	 Total:0.4800776	 Acc:0.3125000	 lr:0.0001541	 Mean_Total:0.6483108
2021-11-26 02:00:41,662 - ===============================| start validation |===============================
2021-11-26 02:00:57,041 - 	 Total:0.6426263	 Acc:0.2789024
2021-11-26 02:00:57,049 -    ini file updated    
2021-11-26 02:00:57,049 - ===============================|    epoch 45   |===============================
2021-11-26 02:00:58,127 -     0 /  7312 (000%):	 Total:0.8167577	 Acc:0.1562500	 lr:0.0001541	 Mean_Total:0.8167577
2021-11-26 02:01:57,104 -  1462 /  7312 (019%):	 Total:0.5690089	 Acc:0.3437500	 lr:0.0001537	 Mean_Total:0.6017837
2021-11-26 02:02:52,601 -  2924 /  7312 (039%):	 Total:0.5746187	 Acc:0.3750000	 lr:0.0001534	 Mean_Total:0.5944770
2021-11-26 02:03:47,534 -  4386 /  7312 (059%):	 Total:0.3423038	 Acc:0.3750000	 lr:0.0001531	 Mean_Total:0.5987515
2021-11-26 02:04:43,548 -  5848 /  7312 (079%):	 Total:0.5483318	 Acc:0.2500000	 lr:0.0001527	 Mean_Total:0.6160943
2021-11-26 02:05:39,524 -  7310 /  7312 (099%):	 Total:0.7647772	 Acc:0.2812500	 lr:0.0001524	 Mean_Total:0.6467717
2021-11-26 02:05:39,897 - ===============================| start validation |===============================
2021-11-26 02:05:55,668 - 	 Total:0.6433717	 Acc:0.2793257
2021-11-26 02:05:55,675 -    ini file updated    
2021-11-26 02:05:55,675 - ===============================|    epoch 46   |===============================
2021-11-26 02:05:56,777 -     0 /  7312 (000%):	 Total:0.8727395	 Acc:0.3125000	 lr:0.0001524	 Mean_Total:0.8727395
2021-11-26 02:06:54,385 -  1462 /  7312 (019%):	 Total:0.7428725	 Acc:0.3125000	 lr:0.0001521	 Mean_Total:0.6037143
2021-11-26 02:07:50,639 -  2924 /  7312 (039%):	 Total:0.5353078	 Acc:0.4062500	 lr:0.0001517	 Mean_Total:0.5941874
2021-11-26 02:08:45,075 -  4386 /  7312 (059%):	 Total:0.7028832	 Acc:0.3125000	 lr:0.0001514	 Mean_Total:0.5983309
2021-11-26 02:09:39,602 -  5848 /  7312 (079%):	 Total:1.0507801	 Acc:0.2500000	 lr:0.0001511	 Mean_Total:0.6161781
2021-11-26 02:10:34,420 -  7310 /  7312 (099%):	 Total:0.9312401	 Acc:0.3125000	 lr:0.0001508	 Mean_Total:0.6466916
2021-11-26 02:10:34,810 - ===============================| start validation |===============================
2021-11-26 02:10:50,675 - 	 Total:0.6412404	 Acc:0.2820197
2021-11-26 02:10:50,680 -    ini file updated    
2021-11-26 02:10:50,689 - Snapshot saved to /data/users/wergillius/UTR_VAE/pth/RL_gru_MTL/1_layer_model/unmod1_k3-model_best_cv1.pth

2021-11-26 02:10:50,690 -    ini file updated    
2021-11-26 02:10:50,691 - ===============================|    epoch 47   |===============================
2021-11-26 02:10:51,595 -     0 /  7312 (000%):	 Total:0.4961775	 Acc:0.2812500	 lr:0.0001508	 Mean_Total:0.4961775
2021-11-26 02:11:47,589 -  1462 /  7312 (019%):	 Total:0.5531162	 Acc:0.2812500	 lr:0.0001505	 Mean_Total:0.6029519
2021-11-26 02:12:44,616 -  2924 /  7312 (039%):	 Total:0.6446723	 Acc:0.2187500	 lr:0.0001501	 Mean_Total:0.5929744
2021-11-26 02:13:37,641 -  4386 /  7312 (059%):	 Total:1.3063979	 Acc:0.2812500	 lr:0.0001498	 Mean_Total:0.5976753
2021-11-26 02:14:29,973 -  5848 /  7312 (079%):	 Total:0.3882524	 Acc:0.1562500	 lr:0.0001495	 Mean_Total:0.6154663
2021-11-26 02:15:24,178 -  7310 /  7312 (099%):	 Total:0.4898610	 Acc:0.2500000	 lr:0.0001492	 Mean_Total:0.6461316
2021-11-26 02:15:24,583 - ===============================| start validation |===============================
2021-11-26 02:15:41,495 - 	 Total:0.6407516	 Acc:0.2824046
2021-11-26 02:15:41,503 -    ini file updated    
2021-11-26 02:15:41,511 - Snapshot saved to /data/users/wergillius/UTR_VAE/pth/RL_gru_MTL/1_layer_model/unmod1_k3-model_best_cv1.pth

2021-11-26 02:15:41,512 -    ini file updated    
2021-11-26 02:15:41,512 - ===============================|    epoch 48   |===============================
2021-11-26 02:15:42,695 -     0 /  7312 (000%):	 Total:0.8041302	 Acc:0.3125000	 lr:0.0001492	 Mean_Total:0.8041302
2021-11-26 02:16:40,700 -  1462 /  7312 (019%):	 Total:0.6173682	 Acc:0.2812500	 lr:0.0001489	 Mean_Total:0.5996203
2021-11-26 02:17:36,975 -  2924 /  7312 (039%):	 Total:0.9943814	 Acc:0.3750000	 lr:0.0001486	 Mean_Total:0.5914121
2021-11-26 02:18:31,785 -  4386 /  7312 (059%):	 Total:0.5776963	 Acc:0.2812500	 lr:0.0001483	 Mean_Total:0.5958157
2021-11-26 02:19:28,512 -  5848 /  7312 (079%):	 Total:0.4308948	 Acc:0.2187500	 lr:0.0001480	 Mean_Total:0.6141297
2021-11-26 02:20:22,315 -  7310 /  7312 (099%):	 Total:0.4346352	 Acc:0.1875000	 lr:0.0001477	 Mean_Total:0.6443193
2021-11-26 02:20:22,646 - ===============================| start validation |===============================
2021-11-26 02:20:39,151 - 	 Total:0.6399512	 Acc:0.2807497
2021-11-26 02:20:39,156 -    ini file updated    
2021-11-26 02:20:39,167 - Snapshot saved to /data/users/wergillius/UTR_VAE/pth/RL_gru_MTL/1_layer_model/unmod1_k3-model_best_cv1.pth

2021-11-26 02:20:39,169 -    ini file updated    
2021-11-26 02:20:39,170 - ===============================|    epoch 49   |===============================
2021-11-26 02:20:40,302 -     0 /  7312 (000%):	 Total:0.7256014	 Acc:0.3437500	 lr:0.0001477	 Mean_Total:0.7256014
2021-11-26 02:21:41,206 -  1462 /  7312 (019%):	 Total:0.7263994	 Acc:0.3750000	 lr:0.0001474	 Mean_Total:0.5980437
2021-11-26 02:22:40,749 -  2924 /  7312 (039%):	 Total:0.4289766	 Acc:0.3125000	 lr:0.0001471	 Mean_Total:0.5895134
2021-11-26 02:23:39,718 -  4386 /  7312 (059%):	 Total:0.4286702	 Acc:0.2500000	 lr:0.0001468	 Mean_Total:0.5937736
2021-11-26 02:24:38,651 -  5848 /  7312 (079%):	 Total:0.7504598	 Acc:0.2812500	 lr:0.0001465	 Mean_Total:0.6128871
2021-11-26 02:25:30,403 -  7310 /  7312 (099%):	 Total:1.0966690	 Acc:0.2500000	 lr:0.0001462	 Mean_Total:0.6442804
2021-11-26 02:25:30,699 - ===============================| start validation |===============================
2021-11-26 02:25:46,422 - 	 Total:0.6430213	 Acc:0.2823661
2021-11-26 02:25:46,435 -    ini file updated    
2021-11-26 02:25:46,435 - ===============================|    epoch 50   |===============================
2021-11-26 02:25:47,500 -     0 /  7312 (000%):	 Total:0.5649681	 Acc:0.1875000	 lr:0.0001462	 Mean_Total:0.5649681
2021-11-26 02:26:45,114 -  1462 /  7312 (019%):	 Total:0.6500418	 Acc:0.2812500	 lr:0.0001459	 Mean_Total:0.6046550
2021-11-26 02:27:41,920 -  2924 /  7312 (039%):	 Total:1.0355742	 Acc:0.1562500	 lr:0.0001456	 Mean_Total:0.5930833
2021-11-26 02:28:37,125 -  4386 /  7312 (059%):	 Total:0.7620046	 Acc:0.2187500	 lr:0.0001453	 Mean_Total:0.5964465
2021-11-26 02:29:31,829 -  5848 /  7312 (079%):	 Total:0.4600798	 Acc:0.4062500	 lr:0.0001450	 Mean_Total:0.6142789
2021-11-26 02:30:18,794 -  7310 /  7312 (099%):	 Total:0.5286756	 Acc:0.1875000	 lr:0.0001447	 Mean_Total:0.6450600
2021-11-26 02:30:19,111 - ===============================| start validation |===============================
2021-11-26 02:30:31,974 - 	 Total:0.6395004	 Acc:0.2840209
2021-11-26 02:30:31,984 -    ini file updated    
2021-11-26 02:30:31,998 - Snapshot saved to /data/users/wergillius/UTR_VAE/pth/RL_gru_MTL/1_layer_model/unmod1_k3-model_best_cv1.pth

2021-11-26 02:30:32,000 -    ini file updated    
2021-11-26 02:30:32,001 - ===============================|    epoch 51   |===============================
2021-11-26 02:30:33,271 -     0 /  7312 (000%):	 Total:0.4245753	 Acc:0.3750000	 lr:0.0001447	 Mean_Total:0.4245753
2021-11-26 02:31:23,792 -  1462 /  7312 (019%):	 Total:0.3627330	 Acc:0.4375000	 lr:0.0001445	 Mean_Total:0.5987735
2021-11-26 02:32:07,594 -  2924 /  7312 (039%):	 Total:0.4999726	 Acc:0.3750000	 lr:0.0001442	 Mean_Total:0.5897765
2021-11-26 02:32:50,820 -  4386 /  7312 (059%):	 Total:0.6251520	 Acc:0.2812500	 lr:0.0001439	 Mean_Total:0.5942422
2021-11-26 02:34:04,976 -  5848 /  7312 (079%):	 Total:1.1707530	 Acc:0.2187500	 lr:0.0001436	 Mean_Total:0.6131336
2021-11-26 02:36:48,456 -  7310 /  7312 (099%):	 Total:0.7394888	 Acc:0.2500000	 lr:0.0001433	 Mean_Total:0.6435801
2021-11-26 02:36:48,808 - ===============================| start validation |===============================
2021-11-26 02:37:35,586 - 	 Total:0.6386038	 Acc:0.2814039
2021-11-26 02:37:35,592 -    ini file updated    
2021-11-26 02:37:35,601 - Snapshot saved to /data/users/wergillius/UTR_VAE/pth/RL_gru_MTL/1_layer_model/unmod1_k3-model_best_cv1.pth

2021-11-26 02:37:35,603 -    ini file updated    
2021-11-26 02:37:35,603 - ===============================|    epoch 52   |===============================
2021-11-26 02:37:36,477 -     0 /  7312 (000%):	 Total:0.4396346	 Acc:0.3125000	 lr:0.0001433	 Mean_Total:0.4396346
2021-11-26 02:40:20,057 -  1462 /  7312 (019%):	 Total:0.5153970	 Acc:0.3750000	 lr:0.0001431	 Mean_Total:0.5977787
2021-11-26 02:43:03,647 -  2924 /  7312 (039%):	 Total:0.9667242	 Acc:0.2812500	 lr:0.0001428	 Mean_Total:0.5887355
2021-11-26 02:45:48,097 -  4386 /  7312 (059%):	 Total:0.7834979	 Acc:0.3437500	 lr:0.0001425	 Mean_Total:0.5922136
2021-11-26 02:48:33,977 -  5848 /  7312 (079%):	 Total:0.6093014	 Acc:0.1875000	 lr:0.0001423	 Mean_Total:0.6110408
2021-11-26 02:51:18,490 -  7310 /  7312 (099%):	 Total:1.0906656	 Acc:0.1875000	 lr:0.0001420	 Mean_Total:0.6415966
2021-11-26 02:51:18,882 - ===============================| start validation |===============================
2021-11-26 02:52:06,533 - 	 Total:0.6378263	 Acc:0.2822506
2021-11-26 02:52:06,541 -    ini file updated    
2021-11-26 02:52:06,547 - Snapshot saved to /data/users/wergillius/UTR_VAE/pth/RL_gru_MTL/1_layer_model/unmod1_k3-model_best_cv1.pth

2021-11-26 02:52:06,548 -    ini file updated    
2021-11-26 02:52:06,548 - ===============================|    epoch 53   |===============================
2021-11-26 02:52:07,461 -     0 /  7312 (000%):	 Total:0.7071328	 Acc:0.2187500	 lr:0.0001420	 Mean_Total:0.7071328
2021-11-26 02:54:50,130 -  1462 /  7312 (019%):	 Total:0.4230801	 Acc:0.4062500	 lr:0.0001417	 Mean_Total:0.5969697
2021-11-26 02:57:34,364 -  2924 /  7312 (039%):	 Total:0.6170197	 Acc:0.1875000	 lr:0.0001415	 Mean_Total:0.5897855
2021-11-26 03:00:18,097 -  4386 /  7312 (059%):	 Total:1.3231068	 Acc:0.1562500	 lr:0.0001412	 Mean_Total:0.5936792
2021-11-26 03:03:02,246 -  5848 /  7312 (079%):	 Total:1.1129400	 Acc:0.2187500	 lr:0.0001409	 Mean_Total:0.6122856
2021-11-26 03:05:48,241 -  7310 /  7312 (099%):	 Total:0.8086264	 Acc:0.3125000	 lr:0.0001407	 Mean_Total:0.6424192
2021-11-26 03:05:48,609 - ===============================| start validation |===============================
2021-11-26 03:06:37,232 - 	 Total:0.6378394	 Acc:0.2827509
2021-11-26 03:06:37,236 -    ini file updated    
2021-11-26 03:06:37,236 - ===============================|    epoch 54   |===============================
2021-11-26 03:06:38,098 -     0 /  7312 (000%):	 Total:0.4014851	 Acc:0.3125000	 lr:0.0001407	 Mean_Total:0.4014851
2021-11-26 03:09:20,273 -  1462 /  7312 (019%):	 Total:0.5662724	 Acc:0.2187500	 lr:0.0001404	 Mean_Total:0.5976990
2021-11-26 03:12:03,891 -  2924 /  7312 (039%):	 Total:0.4180682	 Acc:0.2500000	 lr:0.0001401	 Mean_Total:0.5883415
2021-11-26 03:14:46,679 -  4386 /  7312 (059%):	 Total:0.5697404	 Acc:0.2187500	 lr:0.0001399	 Mean_Total:0.5924013
2021-11-26 03:17:29,535 -  5848 /  7312 (079%):	 Total:1.1747059	 Acc:0.3125000	 lr:0.0001396	 Mean_Total:0.6108969
2021-11-26 03:20:14,691 -  7310 /  7312 (099%):	 Total:0.7308711	 Acc:0.3125000	 lr:0.0001394	 Mean_Total:0.6417190
2021-11-26 03:20:15,063 - ===============================| start validation |===============================
2021-11-26 03:21:03,326 - 	 Total:0.6375840	 Acc:0.2808651
2021-11-26 03:21:03,330 -    ini file updated    
2021-11-26 03:21:03,340 - Snapshot saved to /data/users/wergillius/UTR_VAE/pth/RL_gru_MTL/1_layer_model/unmod1_k3-model_best_cv1.pth

2021-11-26 03:21:03,341 -    ini file updated    
2021-11-26 03:21:03,341 - ===============================|    epoch 55   |===============================
2021-11-26 03:21:04,137 -     0 /  7312 (000%):	 Total:0.9802920	 Acc:0.2187500	 lr:0.0001394	 Mean_Total:0.9802920
2021-11-26 03:23:46,842 -  1462 /  7312 (019%):	 Total:0.6617652	 Acc:0.2812500	 lr:0.0001391	 Mean_Total:0.5993293
2021-11-26 03:26:29,880 -  2924 /  7312 (039%):	 Total:0.5606666	 Acc:0.3750000	 lr:0.0001389	 Mean_Total:0.5902376
2021-11-26 03:29:11,824 -  4386 /  7312 (059%):	 Total:0.3569743	 Acc:0.3125000	 lr:0.0001386	 Mean_Total:0.5937562
2021-11-26 03:31:57,124 -  5848 /  7312 (079%):	 Total:0.6995942	 Acc:0.2500000	 lr:0.0001384	 Mean_Total:0.6131754
2021-11-26 03:34:42,866 -  7310 /  7312 (099%):	 Total:0.8895629	 Acc:0.3750000	 lr:0.0001381	 Mean_Total:0.6435623
2021-11-26 03:34:43,199 - ===============================| start validation |===============================
2021-11-26 03:35:30,483 - 	 Total:0.6371049	 Acc:0.2827124
2021-11-26 03:35:30,504 -    ini file updated    
2021-11-26 03:35:30,517 - Snapshot saved to /data/users/wergillius/UTR_VAE/pth/RL_gru_MTL/1_layer_model/unmod1_k3-model_best_cv1.pth

2021-11-26 03:35:30,518 -    ini file updated    
2021-11-26 03:35:30,518 - ===============================|    epoch 56   |===============================
2021-11-26 03:35:31,496 -     0 /  7312 (000%):	 Total:0.8002222	 Acc:0.2500000	 lr:0.0001381	 Mean_Total:0.8002222
2021-11-26 03:38:16,284 -  1462 /  7312 (019%):	 Total:0.7026526	 Acc:0.3125000	 lr:0.0001379	 Mean_Total:0.5966928
2021-11-26 03:41:01,059 -  2924 /  7312 (039%):	 Total:0.3242993	 Acc:0.3125000	 lr:0.0001376	 Mean_Total:0.5884471
2021-11-26 03:43:45,161 -  4386 /  7312 (059%):	 Total:0.9018739	 Acc:0.2812500	 lr:0.0001374	 Mean_Total:0.5924053
2021-11-26 03:46:30,133 -  5848 /  7312 (079%):	 Total:0.7963845	 Acc:0.1875000	 lr:0.0001372	 Mean_Total:0.6106639
2021-11-26 03:49:16,086 -  7310 /  7312 (099%):	 Total:0.5023357	 Acc:0.2187500	 lr:0.0001369	 Mean_Total:0.6414886
2021-11-26 03:49:16,454 - ===============================| start validation |===============================
2021-11-26 03:50:04,729 - 	 Total:0.6362313	 Acc:0.2794412
2021-11-26 03:50:04,739 -    ini file updated    
2021-11-26 03:50:04,753 - Snapshot saved to /data/users/wergillius/UTR_VAE/pth/RL_gru_MTL/1_layer_model/unmod1_k3-model_best_cv1.pth

2021-11-26 03:50:04,754 -    ini file updated    
2021-11-26 03:50:04,755 - ===============================|    epoch 57   |===============================
2021-11-26 03:50:05,868 -     0 /  7312 (000%):	 Total:0.4973906	 Acc:0.4062500	 lr:0.0001369	 Mean_Total:0.4973906
2021-11-26 03:52:52,538 -  1462 /  7312 (019%):	 Total:0.4896399	 Acc:0.2500000	 lr:0.0001367	 Mean_Total:0.5960808
2021-11-26 03:55:37,119 -  2924 /  7312 (039%):	 Total:0.3982264	 Acc:0.1250000	 lr:0.0001364	 Mean_Total:0.5888551
2021-11-26 03:58:20,005 -  4386 /  7312 (059%):	 Total:0.3306521	 Acc:0.3750000	 lr:0.0001362	 Mean_Total:0.5914380
2021-11-26 04:01:03,232 -  5848 /  7312 (079%):	 Total:0.5663530	 Acc:0.3125000	 lr:0.0001360	 Mean_Total:0.6098733
2021-11-26 04:03:47,766 -  7310 /  7312 (099%):	 Total:0.4768417	 Acc:0.2812500	 lr:0.0001357	 Mean_Total:0.6404466
2021-11-26 04:03:48,131 - ===============================| start validation |===============================
2021-11-26 04:04:36,065 - 	 Total:0.6367759	 Acc:0.2845982
2021-11-26 04:04:36,076 -    ini file updated    
2021-11-26 04:04:36,076 - ===============================|    epoch 58   |===============================
2021-11-26 04:04:36,909 -     0 /  7312 (000%):	 Total:0.7399400	 Acc:0.2187500	 lr:0.0001357	 Mean_Total:0.7399400
2021-11-26 04:07:23,531 -  1462 /  7312 (019%):	 Total:0.7249326	 Acc:0.2500000	 lr:0.0001355	 Mean_Total:0.5979584
2021-11-26 04:10:07,541 -  2924 /  7312 (039%):	 Total:0.3361333	 Acc:0.2812500	 lr:0.0001353	 Mean_Total:0.5884780
2021-11-26 04:12:50,771 -  4386 /  7312 (059%):	 Total:0.4448665	 Acc:0.5000000	 lr:0.0001350	 Mean_Total:0.5925717
2021-11-26 04:15:35,942 -  5848 /  7312 (079%):	 Total:0.8101559	 Acc:0.3750000	 lr:0.0001348	 Mean_Total:0.6103224
2021-11-26 04:18:21,415 -  7310 /  7312 (099%):	 Total:1.0287740	 Acc:0.1250000	 lr:0.0001346	 Mean_Total:0.6409114
2021-11-26 04:18:21,873 - ===============================| start validation |===============================
2021-11-26 04:19:10,076 - 	 Total:0.6359462	 Acc:0.2832127
2021-11-26 04:19:10,082 -    ini file updated    
2021-11-26 04:19:10,090 - Snapshot saved to /data/users/wergillius/UTR_VAE/pth/RL_gru_MTL/1_layer_model/unmod1_k3-model_best_cv1.pth

2021-11-26 04:19:10,091 -    ini file updated    
2021-11-26 04:19:10,091 - ===============================|    epoch 59   |===============================
2021-11-26 04:19:11,163 -     0 /  7312 (000%):	 Total:0.9303521	 Acc:0.1562500	 lr:0.0001346	 Mean_Total:0.9303521
2021-11-26 04:21:56,526 -  1462 /  7312 (019%):	 Total:0.6953653	 Acc:0.2812500	 lr:0.0001343	 Mean_Total:0.6033240
2021-11-26 04:24:41,937 -  2924 /  7312 (039%):	 Total:0.7330586	 Acc:0.2812500	 lr:0.0001341	 Mean_Total:0.5910645
2021-11-26 04:27:26,156 -  4386 /  7312 (059%):	 Total:0.6163727	 Acc:0.1875000	 lr:0.0001339	 Mean_Total:0.5931070
2021-11-26 04:30:11,086 -  5848 /  7312 (079%):	 Total:0.8506647	 Acc:0.2500000	 lr:0.0001337	 Mean_Total:0.6117055
2021-11-26 04:32:56,693 -  7310 /  7312 (099%):	 Total:0.5607566	 Acc:0.3125000	 lr:0.0001334	 Mean_Total:0.6416379
2021-11-26 04:32:57,092 - ===============================| start validation |===============================
2021-11-26 04:33:44,805 - 	 Total:0.6351623	 Acc:0.2835591
2021-11-26 04:33:44,811 -    ini file updated    
2021-11-26 04:33:44,818 - Snapshot saved to /data/users/wergillius/UTR_VAE/pth/RL_gru_MTL/1_layer_model/unmod1_k3-model_best_cv1.pth

2021-11-26 04:33:44,821 -    ini file updated    
2021-11-26 04:33:44,822 - ===============================|    epoch 60   |===============================
2021-11-26 04:33:45,895 -     0 /  7312 (000%):	 Total:0.3459156	 Acc:0.1562500	 lr:0.0001334	 Mean_Total:0.3459156
2021-11-26 04:36:31,698 -  1462 /  7312 (019%):	 Total:0.4783915	 Acc:0.3750000	 lr:0.0001332	 Mean_Total:0.5960305
2021-11-26 04:39:16,128 -  2924 /  7312 (039%):	 Total:0.8847569	 Acc:0.4375000	 lr:0.0001330	 Mean_Total:0.5873733
2021-11-26 04:41:59,220 -  4386 /  7312 (059%):	 Total:0.5001435	 Acc:0.3125000	 lr:0.0001328	 Mean_Total:0.5916978
2021-11-26 04:44:44,720 -  5848 /  7312 (079%):	 Total:0.6890872	 Acc:0.2500000	 lr:0.0001326	 Mean_Total:0.6101851
2021-11-26 04:47:01,124 -  7310 /  7312 (099%):	 Total:0.7308353	 Acc:0.2500000	 lr:0.0001323	 Mean_Total:0.6403029
2021-11-26 04:47:01,526 - ===============================| start validation |===============================
2021-11-26 04:47:38,539 - 	 Total:0.6387478	 Acc:0.2802109
2021-11-26 04:47:38,543 -    ini file updated    
