2021-11-25 22:02:44,223 -   	 	 ==============<<< device used: cuda:2  >>>============== 	 	 
2021-11-25 22:02:59,095 - ===============================|    epoch 0   |===============================
2021-11-25 22:03:00,678 -     0 /  7312 (000%):	 Total:40.3158417	 Acc:0.0000000	 lr:0.0009882	 Mean_Total:40.3158417
2021-11-25 22:04:05,028 -  1462 /  7312 (019%):	 Total:0.9042760	 Acc:0.1562500	 lr:0.0023109	 Mean_Total:2.0203932
2021-11-25 22:05:12,488 -  2924 /  7312 (039%):	 Total:1.4278104	 Acc:0.1875000	 lr:0.0016343	 Mean_Total:1.5581792
2021-11-25 22:06:22,246 -  4386 /  7312 (059%):	 Total:1.3825607	 Acc:0.1875000	 lr:0.0013345	 Mean_Total:1.3920651
2021-11-25 22:07:35,704 -  5848 /  7312 (079%):	 Total:1.1166939	 Acc:0.1875000	 lr:0.0011557	 Mean_Total:1.3182015
2021-11-25 22:08:47,615 -  7310 /  7312 (099%):	 Total:2.5331275	 Acc:0.1250000	 lr:0.0010337	 Mean_Total:1.2925945
2021-11-25 22:08:47,880 - ===============================| start validation |===============================
2021-11-25 22:09:05,305 - 	 Total:1.0552956	 Acc:0.2477294
2021-11-25 22:09:05,315 -    ini file updated    
2021-11-25 22:09:05,325 - Snapshot saved to /data/users/wergillius/UTR_VAE/pth/RL_gru_MTL/1_layer_model/unmod1_k9-model_best_cv1.pth

2021-11-25 22:09:05,326 -    ini file updated    
2021-11-25 22:09:05,326 - ===============================|    epoch 1   |===============================
2021-11-25 22:09:06,343 -     0 /  7312 (000%):	 Total:1.5033119	 Acc:0.1875000	 lr:0.0010336	 Mean_Total:1.5033119
2021-11-25 22:10:17,186 -  1462 /  7312 (019%):	 Total:1.2317429	 Acc:0.2812500	 lr:0.0009436	 Mean_Total:1.0811110
2021-11-25 22:11:30,279 -  2924 /  7312 (039%):	 Total:0.8544461	 Acc:0.2500000	 lr:0.0008736	 Mean_Total:1.0432138
2021-11-25 22:12:36,948 -  4386 /  7312 (059%):	 Total:1.0659323	 Acc:0.2812500	 lr:0.0008172	 Mean_Total:1.0303260
2021-11-25 22:13:48,926 -  5848 /  7312 (079%):	 Total:0.8842588	 Acc:0.2187500	 lr:0.0007705	 Mean_Total:1.0349373
2021-11-25 22:14:59,536 -  7310 /  7312 (099%):	 Total:1.8469980	 Acc:0.1562500	 lr:0.0007309	 Mean_Total:1.0600082
2021-11-25 22:14:59,845 - ===============================| start validation |===============================
2021-11-25 22:15:21,753 - 	 Total:1.0266567	 Acc:0.2582743
2021-11-25 22:15:21,763 -    ini file updated    
2021-11-25 22:15:21,787 - Snapshot saved to /data/users/wergillius/UTR_VAE/pth/RL_gru_MTL/1_layer_model/unmod1_k9-model_best_cv1.pth

2021-11-25 22:15:21,789 -    ini file updated    
2021-11-25 22:15:21,790 - ===============================|    epoch 2   |===============================
2021-11-25 22:15:22,977 -     0 /  7312 (000%):	 Total:0.7434340	 Acc:0.2812500	 lr:0.0007309	 Mean_Total:0.7434340
2021-11-25 22:16:31,004 -  1462 /  7312 (019%):	 Total:0.9742411	 Acc:0.1875000	 lr:0.0006969	 Mean_Total:1.0471553
2021-11-25 22:17:43,128 -  2924 /  7312 (039%):	 Total:0.8205258	 Acc:0.2500000	 lr:0.0006672	 Mean_Total:1.0120817
2021-11-25 22:18:51,924 -  4386 /  7312 (059%):	 Total:0.9108706	 Acc:0.3125000	 lr:0.0006411	 Mean_Total:1.0018453
2021-11-25 22:19:56,107 -  5848 /  7312 (079%):	 Total:0.8503021	 Acc:0.0625000	 lr:0.0006177	 Mean_Total:1.0094782
2021-11-25 22:21:07,699 -  7310 /  7312 (099%):	 Total:2.3387280	 Acc:0.1250000	 lr:0.0005968	 Mean_Total:1.0363468
2021-11-25 22:21:08,058 - ===============================| start validation |===============================
2021-11-25 22:21:31,960 - 	 Total:1.0060893	 Acc:0.2646629
2021-11-25 22:21:31,969 -    ini file updated    
2021-11-25 22:21:31,978 - Snapshot saved to /data/users/wergillius/UTR_VAE/pth/RL_gru_MTL/1_layer_model/unmod1_k9-model_best_cv1.pth

2021-11-25 22:21:31,979 -    ini file updated    
2021-11-25 22:21:31,979 - ===============================|    epoch 3   |===============================
2021-11-25 22:21:33,092 -     0 /  7312 (000%):	 Total:0.9468381	 Acc:0.3125000	 lr:0.0005968	 Mean_Total:0.9468381
2021-11-25 22:22:42,769 -  1462 /  7312 (019%):	 Total:1.1831743	 Acc:0.1875000	 lr:0.0005778	 Mean_Total:1.0264927
2021-11-25 22:23:54,120 -  2924 /  7312 (039%):	 Total:0.5682606	 Acc:0.3750000	 lr:0.0005606	 Mean_Total:0.9939894
2021-11-25 22:25:07,786 -  4386 /  7312 (059%):	 Total:0.6204426	 Acc:0.3125000	 lr:0.0005448	 Mean_Total:0.9843041
2021-11-25 22:26:22,058 -  5848 /  7312 (079%):	 Total:1.3624932	 Acc:0.2187500	 lr:0.0005303	 Mean_Total:0.9932785
2021-11-25 22:27:32,900 -  7310 /  7312 (099%):	 Total:0.5819014	 Acc:0.2500000	 lr:0.0005168	 Mean_Total:1.0199537
2021-11-25 22:27:33,283 - ===============================| start validation |===============================
2021-11-25 22:27:57,186 - 	 Total:0.9936301	 Acc:0.2567349
2021-11-25 22:27:57,191 -    ini file updated    
2021-11-25 22:27:57,201 - Snapshot saved to /data/users/wergillius/UTR_VAE/pth/RL_gru_MTL/1_layer_model/unmod1_k9-model_best_cv1.pth

2021-11-25 22:27:57,203 -    ini file updated    
2021-11-25 22:27:57,203 - ===============================|    epoch 4   |===============================
2021-11-25 22:27:58,178 -     0 /  7312 (000%):	 Total:1.3021827	 Acc:0.3750000	 lr:0.0005168	 Mean_Total:1.3021827
2021-11-25 22:29:06,564 -  1462 /  7312 (019%):	 Total:0.6991886	 Acc:0.3125000	 lr:0.0005044	 Mean_Total:1.0109086
2021-11-25 22:30:19,292 -  2924 /  7312 (039%):	 Total:0.7878708	 Acc:0.2500000	 lr:0.0004928	 Mean_Total:0.9793183
2021-11-25 22:31:29,099 -  4386 /  7312 (059%):	 Total:2.3630314	 Acc:0.3125000	 lr:0.0004819	 Mean_Total:0.9708245
2021-11-25 22:32:42,106 -  5848 /  7312 (079%):	 Total:1.0024807	 Acc:0.2187500	 lr:0.0004718	 Mean_Total:0.9786941
2021-11-25 22:33:57,290 -  7310 /  7312 (099%):	 Total:0.8928832	 Acc:0.2812500	 lr:0.0004623	 Mean_Total:1.0046423
2021-11-25 22:33:57,609 - ===============================| start validation |===============================
2021-11-25 22:34:21,477 - 	 Total:0.9800731	 Acc:0.2612762
2021-11-25 22:34:21,485 -    ini file updated    
2021-11-25 22:34:21,498 - Snapshot saved to /data/users/wergillius/UTR_VAE/pth/RL_gru_MTL/1_layer_model/unmod1_k9-model_best_cv1.pth

2021-11-25 22:34:21,499 -    ini file updated    
2021-11-25 22:34:21,500 - ===============================|    epoch 5   |===============================
2021-11-25 22:34:22,392 -     0 /  7312 (000%):	 Total:1.0841720	 Acc:0.1562500	 lr:0.0004623	 Mean_Total:1.0841720
2021-11-25 22:35:26,779 -  1462 /  7312 (019%):	 Total:0.6140854	 Acc:0.2187500	 lr:0.0004533	 Mean_Total:0.9407586
2021-11-25 22:36:38,330 -  2924 /  7312 (039%):	 Total:0.5159461	 Acc:0.1875000	 lr:0.0004448	 Mean_Total:0.7860929
2021-11-25 22:37:47,209 -  4386 /  7312 (059%):	 Total:0.2975289	 Acc:0.2812500	 lr:0.0004368	 Mean_Total:0.7289175
2021-11-25 22:38:58,755 -  5848 /  7312 (079%):	 Total:0.5955148	 Acc:0.2812500	 lr:0.0004292	 Mean_Total:0.7108002
2021-11-25 22:40:09,766 -  7310 /  7312 (099%):	 Total:0.3859085	 Acc:0.3125000	 lr:0.0004220	 Mean_Total:0.7172102
2021-11-25 22:40:10,110 - ===============================| start validation |===============================
2021-11-25 22:40:32,529 - 	 Total:0.5782280	 Acc:0.2801339
2021-11-25 22:40:32,538 -    ini file updated    
2021-11-25 22:40:32,551 - Snapshot saved to /data/users/wergillius/UTR_VAE/pth/RL_gru_MTL/1_layer_model/unmod1_k9-model_best_cv1.pth

2021-11-25 22:40:32,552 -    ini file updated    
2021-11-25 22:40:32,553 - ===============================|    epoch 6   |===============================
2021-11-25 22:40:33,457 -     0 /  7312 (000%):	 Total:0.3303025	 Acc:0.3437500	 lr:0.0004220	 Mean_Total:0.3303025
2021-11-25 22:41:45,516 -  1462 /  7312 (019%):	 Total:0.6093800	 Acc:0.4062500	 lr:0.0004151	 Mean_Total:0.5300441
2021-11-25 22:42:58,582 -  2924 /  7312 (039%):	 Total:0.6250150	 Acc:0.2812500	 lr:0.0004086	 Mean_Total:0.5261943
2021-11-25 22:44:07,757 -  4386 /  7312 (059%):	 Total:0.4053535	 Acc:0.3437500	 lr:0.0004024	 Mean_Total:0.5276070
2021-11-25 22:45:18,254 -  5848 /  7312 (079%):	 Total:0.4740692	 Acc:0.2812500	 lr:0.0003964	 Mean_Total:0.5424720
2021-11-25 22:46:28,937 -  7310 /  7312 (099%):	 Total:1.0466609	 Acc:0.0937500	 lr:0.0003907	 Mean_Total:0.5681624
2021-11-25 22:46:29,271 - ===============================| start validation |===============================
2021-11-25 22:46:51,341 - 	 Total:0.5021174	 Acc:0.3064963
2021-11-25 22:46:51,349 -    ini file updated    
2021-11-25 22:46:51,361 - Snapshot saved to /data/users/wergillius/UTR_VAE/pth/RL_gru_MTL/1_layer_model/unmod1_k9-model_best_cv1.pth

2021-11-25 22:46:51,362 -    ini file updated    
2021-11-25 22:46:51,362 - ===============================|    epoch 7   |===============================
2021-11-25 22:46:52,426 -     0 /  7312 (000%):	 Total:0.3008779	 Acc:0.3750000	 lr:0.0003907	 Mean_Total:0.3008779
2021-11-25 22:47:59,778 -  1462 /  7312 (019%):	 Total:0.4925704	 Acc:0.3750000	 lr:0.0003852	 Mean_Total:0.4609484
2021-11-25 22:49:10,287 -  2924 /  7312 (039%):	 Total:0.7299684	 Acc:0.1875000	 lr:0.0003800	 Mean_Total:0.4525455
2021-11-25 22:50:16,184 -  4386 /  7312 (059%):	 Total:0.3646764	 Acc:0.2812500	 lr:0.0003749	 Mean_Total:0.4564526
2021-11-25 22:51:24,106 -  5848 /  7312 (079%):	 Total:0.4367374	 Acc:0.2500000	 lr:0.0003701	 Mean_Total:0.4755103
2021-11-25 22:52:35,163 -  7310 /  7312 (099%):	 Total:0.2990031	 Acc:0.3125000	 lr:0.0003655	 Mean_Total:0.5055331
2021-11-25 22:52:35,519 - ===============================| start validation |===============================
2021-11-25 22:52:58,596 - 	 Total:0.4498605	 Acc:0.3185422
2021-11-25 22:52:58,604 -    ini file updated    
2021-11-25 22:52:58,618 - Snapshot saved to /data/users/wergillius/UTR_VAE/pth/RL_gru_MTL/1_layer_model/unmod1_k9-model_best_cv1.pth

2021-11-25 22:52:58,621 -    ini file updated    
2021-11-25 22:52:58,621 - ===============================|    epoch 8   |===============================
2021-11-25 22:52:59,927 -     0 /  7312 (000%):	 Total:0.8228832	 Acc:0.2812500	 lr:0.0003655	 Mean_Total:0.8228832
2021-11-25 22:54:09,865 -  1462 /  7312 (019%):	 Total:0.2480796	 Acc:0.3437500	 lr:0.0003610	 Mean_Total:0.4034516
2021-11-25 22:55:21,639 -  2924 /  7312 (039%):	 Total:0.5328480	 Acc:0.3125000	 lr:0.0003566	 Mean_Total:0.4041177
2021-11-25 22:56:32,733 -  4386 /  7312 (059%):	 Total:0.2803464	 Acc:0.3125000	 lr:0.0003525	 Mean_Total:0.4138652
2021-11-25 22:57:43,302 -  5848 /  7312 (079%):	 Total:0.4430955	 Acc:0.3750000	 lr:0.0003484	 Mean_Total:0.4360674
2021-11-25 22:58:53,261 -  7310 /  7312 (099%):	 Total:0.2857025	 Acc:0.2500000	 lr:0.0003446	 Mean_Total:0.4680876
2021-11-25 22:58:53,572 - ===============================| start validation |===============================
2021-11-25 22:59:15,321 - 	 Total:0.4351395	 Acc:0.3254310
2021-11-25 22:59:15,327 -    ini file updated    
2021-11-25 22:59:15,335 - Snapshot saved to /data/users/wergillius/UTR_VAE/pth/RL_gru_MTL/1_layer_model/unmod1_k9-model_best_cv1.pth

2021-11-25 22:59:15,335 -    ini file updated    
2021-11-25 22:59:15,336 - ===============================|    epoch 9   |===============================
2021-11-25 22:59:16,311 -     0 /  7312 (000%):	 Total:0.3110301	 Acc:0.2812500	 lr:0.0003446	 Mean_Total:0.3110301
2021-11-25 23:00:24,470 -  1462 /  7312 (019%):	 Total:0.7423260	 Acc:0.3125000	 lr:0.0003408	 Mean_Total:0.3764345
2021-11-25 23:01:35,114 -  2924 /  7312 (039%):	 Total:0.2938259	 Acc:0.2812500	 lr:0.0003371	 Mean_Total:0.3781461
2021-11-25 23:02:44,709 -  4386 /  7312 (059%):	 Total:0.2459806	 Acc:0.4062500	 lr:0.0003336	 Mean_Total:0.3993234
2021-11-25 23:03:56,452 -  5848 /  7312 (079%):	 Total:0.4758168	 Acc:0.2812500	 lr:0.0003302	 Mean_Total:0.4253085
2021-11-25 23:05:07,650 -  7310 /  7312 (099%):	 Total:0.6715689	 Acc:0.3437500	 lr:0.0003269	 Mean_Total:0.4533068
2021-11-25 23:05:07,994 - ===============================| start validation |===============================
2021-11-25 23:05:28,845 - 	 Total:0.4152373	 Acc:0.3270474
2021-11-25 23:05:28,850 -    ini file updated    
2021-11-25 23:05:28,859 - Snapshot saved to /data/users/wergillius/UTR_VAE/pth/RL_gru_MTL/1_layer_model/unmod1_k9-model_best_cv1.pth

2021-11-25 23:05:28,860 -    ini file updated    
2021-11-25 23:05:28,861 - ===============================|    epoch 10   |===============================
2021-11-25 23:05:29,789 -     0 /  7312 (000%):	 Total:0.4129273	 Acc:0.3125000	 lr:0.0003269	 Mean_Total:0.4129273
2021-11-25 23:06:34,251 -  1462 /  7312 (019%):	 Total:0.2211719	 Acc:0.3750000	 lr:0.0003236	 Mean_Total:0.3572232
2021-11-25 23:07:45,414 -  2924 /  7312 (039%):	 Total:0.9858158	 Acc:0.1875000	 lr:0.0003205	 Mean_Total:0.3600448
2021-11-25 23:08:56,573 -  4386 /  7312 (059%):	 Total:0.2604185	 Acc:0.3125000	 lr:0.0003175	 Mean_Total:0.3698200
2021-11-25 23:10:09,537 -  5848 /  7312 (079%):	 Total:0.6821157	 Acc:0.2500000	 lr:0.0003145	 Mean_Total:0.3937688
2021-11-25 23:11:20,634 -  7310 /  7312 (099%):	 Total:0.5573193	 Acc:0.3437500	 lr:0.0003117	 Mean_Total:0.4275900
2021-11-25 23:11:20,923 - ===============================| start validation |===============================
2021-11-25 23:11:42,207 - 	 Total:0.5068877	 Acc:0.3233528
2021-11-25 23:11:42,221 -    ini file updated    
2021-11-25 23:11:42,221 - ===============================|    epoch 11   |===============================
2021-11-25 23:11:43,142 -     0 /  7312 (000%):	 Total:0.3930500	 Acc:0.3750000	 lr:0.0003117	 Mean_Total:0.3930500
2021-11-25 23:12:52,890 -  1462 /  7312 (019%):	 Total:0.3113139	 Acc:0.3437500	 lr:0.0003089	 Mean_Total:0.3489992
2021-11-25 23:14:01,921 -  2924 /  7312 (039%):	 Total:0.8641533	 Acc:0.2187500	 lr:0.0003061	 Mean_Total:0.3508016
2021-11-25 23:15:10,154 -  4386 /  7312 (059%):	 Total:0.9751318	 Acc:0.2500000	 lr:0.0003035	 Mean_Total:0.3627719
2021-11-25 23:16:18,498 -  5848 /  7312 (079%):	 Total:0.3556865	 Acc:0.3125000	 lr:0.0003009	 Mean_Total:0.4138928
2021-11-25 23:17:27,375 -  7310 /  7312 (099%):	 Total:0.1900653	 Acc:0.2812500	 lr:0.0002984	 Mean_Total:0.4407998
2021-11-25 23:17:27,672 - ===============================| start validation |===============================
2021-11-25 23:17:48,841 - 	 Total:0.4027379	 Acc:0.3361684
2021-11-25 23:17:48,860 -    ini file updated    
2021-11-25 23:17:48,867 - Snapshot saved to /data/users/wergillius/UTR_VAE/pth/RL_gru_MTL/1_layer_model/unmod1_k9-model_best_cv1.pth

2021-11-25 23:17:48,868 -    ini file updated    
2021-11-25 23:17:48,868 - ===============================|    epoch 12   |===============================
2021-11-25 23:17:49,735 -     0 /  7312 (000%):	 Total:0.2928441	 Acc:0.2187500	 lr:0.0002984	 Mean_Total:0.2928441
2021-11-25 23:18:58,348 -  1462 /  7312 (019%):	 Total:0.3306173	 Acc:0.3437500	 lr:0.0002959	 Mean_Total:0.3381915
2021-11-25 23:20:07,518 -  2924 /  7312 (039%):	 Total:0.7031004	 Acc:0.4687500	 lr:0.0002935	 Mean_Total:0.3416471
2021-11-25 23:21:13,183 -  4386 /  7312 (059%):	 Total:0.7671140	 Acc:0.2187500	 lr:0.0002912	 Mean_Total:0.3551435
2021-11-25 23:22:21,748 -  5848 /  7312 (079%):	 Total:1.1561919	 Acc:0.2812500	 lr:0.0002889	 Mean_Total:0.3784844
2021-11-25 23:23:32,161 -  7310 /  7312 (099%):	 Total:0.5215452	 Acc:0.2812500	 lr:0.0002867	 Mean_Total:0.4101147
2021-11-25 23:23:32,506 - ===============================| start validation |===============================
2021-11-25 23:23:54,382 - 	 Total:0.3992110	 Acc:0.3394781
2021-11-25 23:23:54,391 -    ini file updated    
2021-11-25 23:23:54,403 - Snapshot saved to /data/users/wergillius/UTR_VAE/pth/RL_gru_MTL/1_layer_model/unmod1_k9-model_best_cv1.pth

2021-11-25 23:23:54,404 -    ini file updated    
2021-11-25 23:23:54,404 - ===============================|    epoch 13   |===============================
2021-11-25 23:23:55,521 -     0 /  7312 (000%):	 Total:0.4112906	 Acc:0.3750000	 lr:0.0002867	 Mean_Total:0.4112906
2021-11-25 23:25:04,309 -  1462 /  7312 (019%):	 Total:0.2155254	 Acc:0.2500000	 lr:0.0002845	 Mean_Total:0.3323282
2021-11-25 23:26:13,384 -  2924 /  7312 (039%):	 Total:0.2098740	 Acc:0.3125000	 lr:0.0002824	 Mean_Total:0.3361290
2021-11-25 23:27:22,647 -  4386 /  7312 (059%):	 Total:0.3361146	 Acc:0.1250000	 lr:0.0002803	 Mean_Total:0.3480706
2021-11-25 23:28:34,369 -  5848 /  7312 (079%):	 Total:0.4466350	 Acc:0.1562500	 lr:0.0002783	 Mean_Total:0.3724735
2021-11-25 23:29:43,928 -  7310 /  7312 (099%):	 Total:0.6934844	 Acc:0.1562500	 lr:0.0002763	 Mean_Total:0.4042377
2021-11-25 23:29:44,249 - ===============================| start validation |===============================
2021-11-25 23:30:05,208 - 	 Total:0.3971415	 Acc:0.3403633
2021-11-25 23:30:05,214 -    ini file updated    
2021-11-25 23:30:05,233 - Snapshot saved to /data/users/wergillius/UTR_VAE/pth/RL_gru_MTL/1_layer_model/unmod1_k9-model_best_cv1.pth

2021-11-25 23:30:05,234 -    ini file updated    
2021-11-25 23:30:05,234 - ===============================|    epoch 14   |===============================
2021-11-25 23:30:06,027 -     0 /  7312 (000%):	 Total:0.2534740	 Acc:0.2812500	 lr:0.0002763	 Mean_Total:0.2534740
2021-11-25 23:31:14,085 -  1462 /  7312 (019%):	 Total:0.3226998	 Acc:0.3437500	 lr:0.0002743	 Mean_Total:0.3224775
2021-11-25 23:32:24,712 -  2924 /  7312 (039%):	 Total:0.2699270	 Acc:0.2812500	 lr:0.0002724	 Mean_Total:0.3303008
2021-11-25 23:33:35,437 -  4386 /  7312 (059%):	 Total:0.5182474	 Acc:0.3125000	 lr:0.0002705	 Mean_Total:0.3429457
2021-11-25 23:34:44,756 -  5848 /  7312 (079%):	 Total:0.4752023	 Acc:0.2187500	 lr:0.0002687	 Mean_Total:0.3666105
2021-11-25 23:35:54,620 -  7310 /  7312 (099%):	 Total:0.2709516	 Acc:0.2500000	 lr:0.0002669	 Mean_Total:0.3984593
2021-11-25 23:35:55,012 - ===============================| start validation |===============================
2021-11-25 23:36:15,875 - 	 Total:0.3931672	 Acc:0.3424800
2021-11-25 23:36:15,883 -    ini file updated    
2021-11-25 23:36:15,894 - Snapshot saved to /data/users/wergillius/UTR_VAE/pth/RL_gru_MTL/1_layer_model/unmod1_k9-model_best_cv1.pth

2021-11-25 23:36:15,895 -    ini file updated    
2021-11-25 23:36:15,896 - ===============================|    epoch 15   |===============================
2021-11-25 23:36:16,765 -     0 /  7312 (000%):	 Total:0.4241762	 Acc:0.2500000	 lr:0.0002669	 Mean_Total:0.4241762
2021-11-25 23:37:19,345 -  1462 /  7312 (019%):	 Total:0.2910194	 Acc:0.2812500	 lr:0.0002651	 Mean_Total:0.3291056
2021-11-25 23:38:25,858 -  2924 /  7312 (039%):	 Total:0.4167282	 Acc:0.2500000	 lr:0.0002634	 Mean_Total:0.3295688
2021-11-25 23:39:36,620 -  4386 /  7312 (059%):	 Total:0.2251757	 Acc:0.4375000	 lr:0.0002617	 Mean_Total:0.3421590
2021-11-25 23:40:46,554 -  5848 /  7312 (079%):	 Total:0.3977412	 Acc:0.2812500	 lr:0.0002600	 Mean_Total:0.3649982
2021-11-25 23:41:53,776 -  7310 /  7312 (099%):	 Total:0.4737787	 Acc:0.1562500	 lr:0.0002584	 Mean_Total:0.3978711
2021-11-25 23:41:54,031 - ===============================| start validation |===============================
2021-11-25 23:42:10,200 - 	 Total:0.3883742	 Acc:0.3448661
2021-11-25 23:42:10,205 -    ini file updated    
2021-11-25 23:42:10,211 - Snapshot saved to /data/users/wergillius/UTR_VAE/pth/RL_gru_MTL/1_layer_model/unmod1_k9-model_best_cv1.pth

2021-11-25 23:42:10,212 -    ini file updated    
2021-11-25 23:42:10,212 - ===============================|    epoch 16   |===============================
2021-11-25 23:42:10,973 -     0 /  7312 (000%):	 Total:0.1525391	 Acc:0.4375000	 lr:0.0002584	 Mean_Total:0.1525391
2021-11-25 23:43:10,042 -  1462 /  7312 (019%):	 Total:0.2620162	 Acc:0.3750000	 lr:0.0002568	 Mean_Total:0.3210586
2021-11-25 23:44:07,671 -  2924 /  7312 (039%):	 Total:0.4846430	 Acc:0.3125000	 lr:0.0002552	 Mean_Total:0.3261067
2021-11-25 23:45:03,652 -  4386 /  7312 (059%):	 Total:0.4132130	 Acc:0.3125000	 lr:0.0002537	 Mean_Total:0.3364351
2021-11-25 23:46:02,760 -  5848 /  7312 (079%):	 Total:0.7353985	 Acc:0.3437500	 lr:0.0002522	 Mean_Total:0.3596488
2021-11-25 23:46:58,182 -  7310 /  7312 (099%):	 Total:0.6166224	 Acc:0.2812500	 lr:0.0002507	 Mean_Total:0.3912407
2021-11-25 23:46:58,535 - ===============================| start validation |===============================
2021-11-25 23:47:14,007 - 	 Total:0.3827920	 Acc:0.3440964
2021-11-25 23:47:14,011 -    ini file updated    
2021-11-25 23:47:14,017 - Snapshot saved to /data/users/wergillius/UTR_VAE/pth/RL_gru_MTL/1_layer_model/unmod1_k9-model_best_cv1.pth

2021-11-25 23:47:14,018 -    ini file updated    
2021-11-25 23:47:14,018 - ===============================|    epoch 17   |===============================
2021-11-25 23:47:14,850 -     0 /  7312 (000%):	 Total:0.3353554	 Acc:0.3750000	 lr:0.0002507	 Mean_Total:0.3353554
2021-11-25 23:48:11,549 -  1462 /  7312 (019%):	 Total:0.2331377	 Acc:0.4375000	 lr:0.0002492	 Mean_Total:0.3182259
2021-11-25 23:49:08,752 -  2924 /  7312 (039%):	 Total:0.2332326	 Acc:0.2812500	 lr:0.0002478	 Mean_Total:0.3213948
2021-11-25 23:50:08,011 -  4386 /  7312 (059%):	 Total:0.2264654	 Acc:0.3437500	 lr:0.0002464	 Mean_Total:0.3333364
2021-11-25 23:51:07,457 -  5848 /  7312 (079%):	 Total:0.3223780	 Acc:0.3437500	 lr:0.0002450	 Mean_Total:0.3612379
2021-11-25 23:52:07,403 -  7310 /  7312 (099%):	 Total:0.1862196	 Acc:0.3437500	 lr:0.0002436	 Mean_Total:0.3927222
2021-11-25 23:52:07,689 - ===============================| start validation |===============================
2021-11-25 23:52:21,469 - 	 Total:0.3808391	 Acc:0.3494073
2021-11-25 23:52:21,474 -    ini file updated    
2021-11-25 23:52:21,483 - Snapshot saved to /data/users/wergillius/UTR_VAE/pth/RL_gru_MTL/1_layer_model/unmod1_k9-model_best_cv1.pth

2021-11-25 23:52:21,484 -    ini file updated    
2021-11-25 23:52:21,485 - ===============================|    epoch 18   |===============================
2021-11-25 23:52:22,244 -     0 /  7312 (000%):	 Total:0.1531993	 Acc:0.3750000	 lr:0.0002436	 Mean_Total:0.1531993
2021-11-25 23:53:18,011 -  1462 /  7312 (019%):	 Total:0.1623106	 Acc:0.3750000	 lr:0.0002423	 Mean_Total:0.3133130
2021-11-25 23:54:14,167 -  2924 /  7312 (039%):	 Total:0.2065269	 Acc:0.4062500	 lr:0.0002410	 Mean_Total:0.3198527
2021-11-25 23:55:10,641 -  4386 /  7312 (059%):	 Total:0.3628826	 Acc:0.3125000	 lr:0.0002397	 Mean_Total:0.3321612
2021-11-25 23:56:09,688 -  5848 /  7312 (079%):	 Total:0.6508046	 Acc:0.0937500	 lr:0.0002384	 Mean_Total:0.3557017
2021-11-25 23:57:06,866 -  7310 /  7312 (099%):	 Total:0.3253855	 Acc:0.3125000	 lr:0.0002371	 Mean_Total:0.3884329
2021-11-25 23:57:07,144 - ===============================| start validation |===============================
2021-11-25 23:57:22,878 - 	 Total:0.3770727	 Acc:0.3504464
2021-11-25 23:57:22,888 -    ini file updated    
2021-11-25 23:57:22,900 - Snapshot saved to /data/users/wergillius/UTR_VAE/pth/RL_gru_MTL/1_layer_model/unmod1_k9-model_best_cv1.pth

2021-11-25 23:57:22,901 -    ini file updated    
2021-11-25 23:57:22,902 - ===============================|    epoch 19   |===============================
2021-11-25 23:57:23,983 -     0 /  7312 (000%):	 Total:0.1730183	 Acc:0.4062500	 lr:0.0002371	 Mean_Total:0.1730183
2021-11-25 23:58:21,209 -  1462 /  7312 (019%):	 Total:0.2501961	 Acc:0.2500000	 lr:0.0002359	 Mean_Total:0.3114311
2021-11-25 23:59:20,352 -  2924 /  7312 (039%):	 Total:0.5513686	 Acc:0.2812500	 lr:0.0002347	 Mean_Total:0.3152856
2021-11-26 00:00:18,540 -  4386 /  7312 (059%):	 Total:0.1953383	 Acc:0.3750000	 lr:0.0002335	 Mean_Total:0.3267036
2021-11-26 00:01:17,885 -  5848 /  7312 (079%):	 Total:0.9817210	 Acc:0.1875000	 lr:0.0002323	 Mean_Total:0.3494818
2021-11-26 00:02:13,922 -  7310 /  7312 (099%):	 Total:0.3642729	 Acc:0.3437500	 lr:0.0002311	 Mean_Total:0.3822267
2021-11-26 00:02:14,252 - ===============================| start validation |===============================
2021-11-26 00:02:31,442 - 	 Total:0.3763028	 Acc:0.3492534
2021-11-26 00:02:31,453 -    ini file updated    
2021-11-26 00:02:31,472 - Snapshot saved to /data/users/wergillius/UTR_VAE/pth/RL_gru_MTL/1_layer_model/unmod1_k9-model_best_cv1.pth

2021-11-26 00:02:31,474 -    ini file updated    
2021-11-26 00:02:31,474 - ===============================|    epoch 20   |===============================
2021-11-26 00:02:32,570 -     0 /  7312 (000%):	 Total:0.2232948	 Acc:0.4062500	 lr:0.0002311	 Mean_Total:0.2232948
2021-11-26 00:03:31,657 -  1462 /  7312 (019%):	 Total:0.3169590	 Acc:0.3437500	 lr:0.0002300	 Mean_Total:0.3084223
2021-11-26 00:04:27,613 -  2924 /  7312 (039%):	 Total:0.2154371	 Acc:0.3125000	 lr:0.0002289	 Mean_Total:0.3162053
2021-11-26 00:05:26,678 -  4386 /  7312 (059%):	 Total:0.2086782	 Acc:0.2812500	 lr:0.0002277	 Mean_Total:0.3260175
2021-11-26 00:06:26,362 -  5848 /  7312 (079%):	 Total:0.3043015	 Acc:0.4687500	 lr:0.0002266	 Mean_Total:0.3498248
2021-11-26 00:07:21,857 -  7310 /  7312 (099%):	 Total:0.2244312	 Acc:0.4687500	 lr:0.0002256	 Mean_Total:0.3819907
2021-11-26 00:07:22,171 - ===============================| start validation |===============================
2021-11-26 00:07:41,944 - 	 Total:0.3738905	 Acc:0.3490225
2021-11-26 00:07:41,953 -    ini file updated    
2021-11-26 00:07:41,968 - Snapshot saved to /data/users/wergillius/UTR_VAE/pth/RL_gru_MTL/1_layer_model/unmod1_k9-model_best_cv1.pth

2021-11-26 00:07:41,970 -    ini file updated    
2021-11-26 00:07:41,971 - ===============================|    epoch 21   |===============================
2021-11-26 00:07:43,155 -     0 /  7312 (000%):	 Total:0.4295063	 Acc:0.4062500	 lr:0.0002256	 Mean_Total:0.4295063
2021-11-26 00:08:36,955 -  1462 /  7312 (019%):	 Total:0.2474370	 Acc:0.4062500	 lr:0.0002245	 Mean_Total:0.3060579
2021-11-26 00:09:35,196 -  2924 /  7312 (039%):	 Total:0.1934955	 Acc:0.2812500	 lr:0.0002234	 Mean_Total:0.3106570
2021-11-26 00:10:32,875 -  4386 /  7312 (059%):	 Total:0.2864080	 Acc:0.5000000	 lr:0.0002224	 Mean_Total:0.3229355
2021-11-26 00:11:32,095 -  5848 /  7312 (079%):	 Total:0.2448853	 Acc:0.3437500	 lr:0.0002214	 Mean_Total:0.3473616
2021-11-26 00:12:28,353 -  7310 /  7312 (099%):	 Total:0.6880544	 Acc:0.3750000	 lr:0.0002204	 Mean_Total:0.3787907
2021-11-26 00:12:28,611 - ===============================| start validation |===============================
2021-11-26 00:12:44,174 - 	 Total:0.3785032	 Acc:0.3521013
2021-11-26 00:12:44,185 -    ini file updated    
2021-11-26 00:12:44,200 - Snapshot saved to /data/users/wergillius/UTR_VAE/pth/RL_gru_MTL/1_layer_model/unmod1_k9-model_best_cv1.pth

2021-11-26 00:12:44,201 -    ini file updated    
2021-11-26 00:12:44,202 - ===============================|    epoch 22   |===============================
2021-11-26 00:12:45,103 -     0 /  7312 (000%):	 Total:0.3136907	 Acc:0.5000000	 lr:0.0002204	 Mean_Total:0.3136907
2021-11-26 00:13:42,748 -  1462 /  7312 (019%):	 Total:0.1972518	 Acc:0.2500000	 lr:0.0002194	 Mean_Total:0.3067959
2021-11-26 00:14:37,590 -  2924 /  7312 (039%):	 Total:0.4159982	 Acc:0.3750000	 lr:0.0002184	 Mean_Total:0.3112016
2021-11-26 00:15:31,670 -  4386 /  7312 (059%):	 Total:0.2402191	 Acc:0.2812500	 lr:0.0002174	 Mean_Total:0.3220596
2021-11-26 00:16:26,127 -  5848 /  7312 (079%):	 Total:0.2500290	 Acc:0.2812500	 lr:0.0002165	 Mean_Total:0.3457110
2021-11-26 00:17:22,218 -  7310 /  7312 (099%):	 Total:0.2426931	 Acc:0.5000000	 lr:0.0002155	 Mean_Total:0.3777529
2021-11-26 00:17:22,540 - ===============================| start validation |===============================
2021-11-26 00:17:39,600 - 	 Total:0.3730036	 Acc:0.3540640
2021-11-26 00:17:39,611 -    ini file updated    
2021-11-26 00:17:39,625 - Snapshot saved to /data/users/wergillius/UTR_VAE/pth/RL_gru_MTL/1_layer_model/unmod1_k9-model_best_cv1.pth

2021-11-26 00:17:39,627 -    ini file updated    
2021-11-26 00:17:39,627 - ===============================|    epoch 23   |===============================
2021-11-26 00:17:40,849 -     0 /  7312 (000%):	 Total:0.2080637	 Acc:0.3750000	 lr:0.0002155	 Mean_Total:0.2080637
2021-11-26 00:18:38,037 -  1462 /  7312 (019%):	 Total:0.7885180	 Acc:0.4062500	 lr:0.0002146	 Mean_Total:0.3060988
2021-11-26 00:19:35,331 -  2924 /  7312 (039%):	 Total:0.2061381	 Acc:0.4375000	 lr:0.0002137	 Mean_Total:0.3077814
2021-11-26 00:20:32,130 -  4386 /  7312 (059%):	 Total:0.1744129	 Acc:0.3437500	 lr:0.0002128	 Mean_Total:0.3250324
2021-11-26 00:21:30,365 -  5848 /  7312 (079%):	 Total:0.2376178	 Acc:0.1562500	 lr:0.0002119	 Mean_Total:0.3476366
2021-11-26 00:22:35,128 -  7310 /  7312 (099%):	 Total:0.3771808	 Acc:0.3437500	 lr:0.0002110	 Mean_Total:0.3795804
2021-11-26 00:22:35,459 - ===============================| start validation |===============================
2021-11-26 00:22:51,486 - 	 Total:0.3689312	 Acc:0.3543334
2021-11-26 00:22:51,491 -    ini file updated    
2021-11-26 00:22:51,499 - Snapshot saved to /data/users/wergillius/UTR_VAE/pth/RL_gru_MTL/1_layer_model/unmod1_k9-model_best_cv1.pth

2021-11-26 00:22:51,500 -    ini file updated    
2021-11-26 00:22:51,500 - ===============================|    epoch 24   |===============================
2021-11-26 00:22:52,646 -     0 /  7312 (000%):	 Total:0.1707076	 Acc:0.4062500	 lr:0.0002110	 Mean_Total:0.1707076
2021-11-26 00:23:46,709 -  1462 /  7312 (019%):	 Total:0.7212293	 Acc:0.5000000	 lr:0.0002101	 Mean_Total:0.3021600
2021-11-26 00:24:38,223 -  2924 /  7312 (039%):	 Total:0.2820898	 Acc:0.3750000	 lr:0.0002093	 Mean_Total:0.3222816
2021-11-26 00:25:34,948 -  4386 /  7312 (059%):	 Total:0.3683318	 Acc:0.2812500	 lr:0.0002084	 Mean_Total:0.3285307
2021-11-26 00:26:33,730 -  5848 /  7312 (079%):	 Total:0.3540580	 Acc:0.2500000	 lr:0.0002076	 Mean_Total:0.3497299
2021-11-26 00:27:29,671 -  7310 /  7312 (099%):	 Total:0.3943115	 Acc:0.2187500	 lr:0.0002067	 Mean_Total:0.3805382
2021-11-26 00:27:30,042 - ===============================| start validation |===============================
2021-11-26 00:27:45,860 - 	 Total:0.3698662	 Acc:0.3478679
2021-11-26 00:27:45,868 -    ini file updated    
2021-11-26 00:27:45,868 - ===============================|    epoch 25   |===============================
2021-11-26 00:27:46,648 -     0 /  7312 (000%):	 Total:0.2029690	 Acc:0.3125000	 lr:0.0002067	 Mean_Total:0.2029690
2021-11-26 00:28:45,232 -  1462 /  7312 (019%):	 Total:0.2643471	 Acc:0.2500000	 lr:0.0002059	 Mean_Total:0.3028716
2021-11-26 00:29:41,801 -  2924 /  7312 (039%):	 Total:0.4009457	 Acc:0.2812500	 lr:0.0002051	 Mean_Total:0.3064383
2021-11-26 00:30:37,262 -  4386 /  7312 (059%):	 Total:0.4334017	 Acc:0.4687500	 lr:0.0002043	 Mean_Total:0.3174479
2021-11-26 00:31:34,374 -  5848 /  7312 (079%):	 Total:0.3618559	 Acc:0.3437500	 lr:0.0002035	 Mean_Total:0.3414775
2021-11-26 00:32:35,006 -  7310 /  7312 (099%):	 Total:0.5431497	 Acc:0.2812500	 lr:0.0002027	 Mean_Total:0.3736836
2021-11-26 00:32:35,341 - ===============================| start validation |===============================
2021-11-26 00:32:52,571 - 	 Total:0.3676275	 Acc:0.3577586
2021-11-26 00:32:52,576 -    ini file updated    
2021-11-26 00:32:52,587 - Snapshot saved to /data/users/wergillius/UTR_VAE/pth/RL_gru_MTL/1_layer_model/unmod1_k9-model_best_cv1.pth

2021-11-26 00:32:52,588 -    ini file updated    
2021-11-26 00:32:52,588 - ===============================|    epoch 26   |===============================
2021-11-26 00:32:53,381 -     0 /  7312 (000%):	 Total:0.3558355	 Acc:0.4062500	 lr:0.0002027	 Mean_Total:0.3558355
2021-11-26 00:33:48,986 -  1462 /  7312 (019%):	 Total:0.1865706	 Acc:0.3437500	 lr:0.0002019	 Mean_Total:0.3011507
2021-11-26 00:34:43,656 -  2924 /  7312 (039%):	 Total:0.3497946	 Acc:0.2812500	 lr:0.0002012	 Mean_Total:0.3055810
2021-11-26 00:35:37,698 -  4386 /  7312 (059%):	 Total:0.3200864	 Acc:0.1875000	 lr:0.0002004	 Mean_Total:0.3168181
2021-11-26 00:36:33,068 -  5848 /  7312 (079%):	 Total:0.9812739	 Acc:0.3125000	 lr:0.0001997	 Mean_Total:0.3399868
2021-11-26 00:37:26,903 -  7310 /  7312 (099%):	 Total:0.1906778	 Acc:0.3437500	 lr:0.0001989	 Mean_Total:0.3719583
2021-11-26 00:37:27,267 - ===============================| start validation |===============================
2021-11-26 00:37:45,695 - 	 Total:0.3651863	 Acc:0.3551801
2021-11-26 00:37:45,704 -    ini file updated    
2021-11-26 00:37:45,720 - Snapshot saved to /data/users/wergillius/UTR_VAE/pth/RL_gru_MTL/1_layer_model/unmod1_k9-model_best_cv1.pth

2021-11-26 00:37:45,722 -    ini file updated    
2021-11-26 00:37:45,722 - ===============================|    epoch 27   |===============================
2021-11-26 00:37:46,565 -     0 /  7312 (000%):	 Total:0.2553560	 Acc:0.2500000	 lr:0.0001989	 Mean_Total:0.2553560
2021-11-26 00:38:43,678 -  1462 /  7312 (019%):	 Total:0.3058448	 Acc:0.2187500	 lr:0.0001982	 Mean_Total:0.2998771
2021-11-26 00:39:35,603 -  2924 /  7312 (039%):	 Total:0.4728779	 Acc:0.3125000	 lr:0.0001975	 Mean_Total:0.3037063
2021-11-26 00:40:28,909 -  4386 /  7312 (059%):	 Total:0.4481821	 Acc:0.1250000	 lr:0.0001968	 Mean_Total:0.3158909
2021-11-26 00:41:24,667 -  5848 /  7312 (079%):	 Total:0.3068838	 Acc:0.4062500	 lr:0.0001960	 Mean_Total:0.3396445
2021-11-26 00:42:23,669 -  7310 /  7312 (099%):	 Total:0.4144596	 Acc:0.3125000	 lr:0.0001953	 Mean_Total:0.3713863
2021-11-26 00:42:23,940 - ===============================| start validation |===============================
2021-11-26 00:42:41,507 - 	 Total:0.3725886	 Acc:0.3580280
2021-11-26 00:42:41,514 -    ini file updated    
2021-11-26 00:42:41,529 - Snapshot saved to /data/users/wergillius/UTR_VAE/pth/RL_gru_MTL/1_layer_model/unmod1_k9-model_best_cv1.pth

2021-11-26 00:42:41,531 -    ini file updated    
2021-11-26 00:42:41,531 - ===============================|    epoch 28   |===============================
2021-11-26 00:42:42,661 -     0 /  7312 (000%):	 Total:0.1571728	 Acc:0.3437500	 lr:0.0001953	 Mean_Total:0.1571728
2021-11-26 00:43:35,386 -  1462 /  7312 (019%):	 Total:0.3008734	 Acc:0.3750000	 lr:0.0001946	 Mean_Total:0.3011244
2021-11-26 00:44:30,239 -  2924 /  7312 (039%):	 Total:0.1627803	 Acc:0.4375000	 lr:0.0001940	 Mean_Total:0.3024178
2021-11-26 00:45:27,021 -  4386 /  7312 (059%):	 Total:0.2692769	 Acc:0.2500000	 lr:0.0001933	 Mean_Total:0.3140963
2021-11-26 00:46:23,082 -  5848 /  7312 (079%):	 Total:0.7846628	 Acc:0.3437500	 lr:0.0001926	 Mean_Total:0.3380180
2021-11-26 00:47:19,019 -  7310 /  7312 (099%):	 Total:0.3753317	 Acc:0.2187500	 lr:0.0001919	 Mean_Total:0.3741367
2021-11-26 00:47:19,382 - ===============================| start validation |===============================
2021-11-26 00:47:37,548 - 	 Total:0.3767090	 Acc:0.3569119
2021-11-26 00:47:37,555 -    ini file updated    
2021-11-26 00:47:37,555 - ===============================|    epoch 29   |===============================
2021-11-26 00:47:38,462 -     0 /  7312 (000%):	 Total:0.2491896	 Acc:0.4062500	 lr:0.0001919	 Mean_Total:0.2491896
2021-11-26 00:48:35,751 -  1462 /  7312 (019%):	 Total:0.2516052	 Acc:0.4062500	 lr:0.0001913	 Mean_Total:0.3013546
2021-11-26 00:49:31,180 -  2924 /  7312 (039%):	 Total:0.4204017	 Acc:0.3750000	 lr:0.0001906	 Mean_Total:0.3049041
2021-11-26 00:50:27,470 -  4386 /  7312 (059%):	 Total:0.4730595	 Acc:0.3125000	 lr:0.0001900	 Mean_Total:0.3146669
2021-11-26 00:51:20,943 -  5848 /  7312 (079%):	 Total:0.8078652	 Acc:0.4062500	 lr:0.0001894	 Mean_Total:0.3376890
2021-11-26 00:52:15,517 -  7310 /  7312 (099%):	 Total:0.2344522	 Acc:0.2812500	 lr:0.0001887	 Mean_Total:0.3694844
2021-11-26 00:52:15,798 - ===============================| start validation |===============================
2021-11-26 00:52:33,869 - 	 Total:0.3635060	 Acc:0.3572968
2021-11-26 00:52:33,879 -    ini file updated    
2021-11-26 00:52:33,896 - Snapshot saved to /data/users/wergillius/UTR_VAE/pth/RL_gru_MTL/1_layer_model/unmod1_k9-model_best_cv1.pth

2021-11-26 00:52:33,898 -    ini file updated    
2021-11-26 00:52:33,899 - ===============================|    epoch 30   |===============================
2021-11-26 00:52:34,936 -     0 /  7312 (000%):	 Total:0.1846025	 Acc:0.3437500	 lr:0.0001887	 Mean_Total:0.1846025
2021-11-26 00:53:29,606 -  1462 /  7312 (019%):	 Total:0.1475532	 Acc:0.4375000	 lr:0.0001881	 Mean_Total:0.2953913
2021-11-26 00:54:24,959 -  2924 /  7312 (039%):	 Total:0.1589842	 Acc:0.4062500	 lr:0.0001875	 Mean_Total:0.3004175
2021-11-26 00:55:16,509 -  4386 /  7312 (059%):	 Total:0.4871109	 Acc:0.2500000	 lr:0.0001869	 Mean_Total:0.3119429
2021-11-26 00:56:08,902 -  5848 /  7312 (079%):	 Total:0.4025111	 Acc:0.2187500	 lr:0.0001863	 Mean_Total:0.3364660
2021-11-26 00:57:08,873 -  7310 /  7312 (099%):	 Total:0.3004950	 Acc:0.3125000	 lr:0.0001857	 Mean_Total:0.3675587
2021-11-26 00:57:09,239 - ===============================| start validation |===============================
2021-11-26 00:57:28,435 - 	 Total:0.3639204	 Acc:0.3596829
2021-11-26 00:57:28,444 -    ini file updated    
2021-11-26 00:57:28,457 - Snapshot saved to /data/users/wergillius/UTR_VAE/pth/RL_gru_MTL/1_layer_model/unmod1_k9-model_best_cv1.pth

2021-11-26 00:57:28,459 -    ini file updated    
2021-11-26 00:57:28,459 - ===============================|    epoch 31   |===============================
2021-11-26 00:57:29,453 -     0 /  7312 (000%):	 Total:0.4914319	 Acc:0.4687500	 lr:0.0001857	 Mean_Total:0.4914319
2021-11-26 00:58:28,473 -  1462 /  7312 (019%):	 Total:0.2028538	 Acc:0.4687500	 lr:0.0001851	 Mean_Total:0.2962804
2021-11-26 00:59:29,523 -  2924 /  7312 (039%):	 Total:0.7776982	 Acc:0.3437500	 lr:0.0001845	 Mean_Total:0.3011553
2021-11-26 01:00:25,705 -  4386 /  7312 (059%):	 Total:0.2750843	 Acc:0.3437500	 lr:0.0001839	 Mean_Total:0.3127306
2021-11-26 01:01:22,384 -  5848 /  7312 (079%):	 Total:0.2784126	 Acc:0.4062500	 lr:0.0001833	 Mean_Total:0.3359905
2021-11-26 01:02:21,248 -  7310 /  7312 (099%):	 Total:0.2235124	 Acc:0.3437500	 lr:0.0001827	 Mean_Total:0.3674979
2021-11-26 01:02:21,647 - ===============================| start validation |===============================
2021-11-26 01:02:40,517 - 	 Total:0.3630741	 Acc:0.3570659
2021-11-26 01:02:40,526 -    ini file updated    
2021-11-26 01:02:40,538 - Snapshot saved to /data/users/wergillius/UTR_VAE/pth/RL_gru_MTL/1_layer_model/unmod1_k9-model_best_cv1.pth

2021-11-26 01:02:40,540 -    ini file updated    
2021-11-26 01:02:40,540 - ===============================|    epoch 32   |===============================
2021-11-26 01:02:41,506 -     0 /  7312 (000%):	 Total:0.5579985	 Acc:0.3125000	 lr:0.0001827	 Mean_Total:0.5579985
2021-11-26 01:03:34,815 -  1462 /  7312 (019%):	 Total:0.1955232	 Acc:0.3750000	 lr:0.0001822	 Mean_Total:0.2918875
2021-11-26 01:04:41,168 -  2924 /  7312 (039%):	 Total:0.1544982	 Acc:0.3750000	 lr:0.0001816	 Mean_Total:0.2970747
2021-11-26 01:05:38,808 -  4386 /  7312 (059%):	 Total:0.1825413	 Acc:0.4375000	 lr:0.0001810	 Mean_Total:0.3098926
2021-11-26 01:06:35,012 -  5848 /  7312 (079%):	 Total:0.2325941	 Acc:0.4375000	 lr:0.0001805	 Mean_Total:0.3345191
2021-11-26 01:07:33,673 -  7310 /  7312 (099%):	 Total:0.1902002	 Acc:0.3125000	 lr:0.0001799	 Mean_Total:0.3660792
2021-11-26 01:07:34,081 - ===============================| start validation |===============================
2021-11-26 01:07:52,679 - 	 Total:0.3604338	 Acc:0.3569119
2021-11-26 01:07:52,685 -    ini file updated    
2021-11-26 01:07:52,695 - Snapshot saved to /data/users/wergillius/UTR_VAE/pth/RL_gru_MTL/1_layer_model/unmod1_k9-model_best_cv1.pth

2021-11-26 01:07:52,696 -    ini file updated    
2021-11-26 01:07:52,697 - ===============================|    epoch 33   |===============================
2021-11-26 01:07:53,555 -     0 /  7312 (000%):	 Total:0.2534510	 Acc:0.3750000	 lr:0.0001799	 Mean_Total:0.2534510
2021-11-26 01:08:50,011 -  1462 /  7312 (019%):	 Total:0.1770809	 Acc:0.3125000	 lr:0.0001794	 Mean_Total:0.2956362
2021-11-26 01:09:46,818 -  2924 /  7312 (039%):	 Total:0.2467892	 Acc:0.4062500	 lr:0.0001789	 Mean_Total:0.2990121
2021-11-26 01:10:42,372 -  4386 /  7312 (059%):	 Total:0.1919499	 Acc:0.4375000	 lr:0.0001783	 Mean_Total:0.3099949
2021-11-26 01:11:31,411 -  5848 /  7312 (079%):	 Total:0.3456563	 Acc:0.2812500	 lr:0.0001778	 Mean_Total:0.3334218
2021-11-26 01:12:29,977 -  7310 /  7312 (099%):	 Total:0.1742604	 Acc:0.2812500	 lr:0.0001773	 Mean_Total:0.3654534
2021-11-26 01:12:30,287 - ===============================| start validation |===============================
2021-11-26 01:12:48,265 - 	 Total:0.3683366	 Acc:0.3474061
2021-11-26 01:12:48,274 -    ini file updated    
2021-11-26 01:12:48,275 - ===============================|    epoch 34   |===============================
2021-11-26 01:12:49,102 -     0 /  7312 (000%):	 Total:0.2267827	 Acc:0.5312500	 lr:0.0001773	 Mean_Total:0.2267827
2021-11-26 01:13:47,605 -  1462 /  7312 (019%):	 Total:0.3752872	 Acc:0.2187500	 lr:0.0001768	 Mean_Total:0.2907454
2021-11-26 01:14:46,093 -  2924 /  7312 (039%):	 Total:0.8806026	 Acc:0.2812500	 lr:0.0001762	 Mean_Total:0.2967884
2021-11-26 01:15:43,174 -  4386 /  7312 (059%):	 Total:0.1802296	 Acc:0.4062500	 lr:0.0001757	 Mean_Total:0.3086020
2021-11-26 01:16:42,918 -  5848 /  7312 (079%):	 Total:0.4958181	 Acc:0.3125000	 lr:0.0001752	 Mean_Total:0.3322920
2021-11-26 01:17:42,545 -  7310 /  7312 (099%):	 Total:0.1915426	 Acc:0.2812500	 lr:0.0001747	 Mean_Total:0.3646328
2021-11-26 01:17:42,876 - ===============================| start validation |===============================
2021-11-26 01:18:00,569 - 	 Total:0.3584046	 Acc:0.3592211
2021-11-26 01:18:00,574 -    ini file updated    
2021-11-26 01:18:00,588 - Snapshot saved to /data/users/wergillius/UTR_VAE/pth/RL_gru_MTL/1_layer_model/unmod1_k9-model_best_cv1.pth

2021-11-26 01:18:00,590 -    ini file updated    
2021-11-26 01:18:00,590 - ===============================|    epoch 35   |===============================
2021-11-26 01:18:01,488 -     0 /  7312 (000%):	 Total:0.5249829	 Acc:0.1875000	 lr:0.0001747	 Mean_Total:0.5249829
2021-11-26 01:18:57,117 -  1462 /  7312 (019%):	 Total:0.4539356	 Acc:0.2812500	 lr:0.0001742	 Mean_Total:0.2976591
2021-11-26 01:19:52,851 -  2924 /  7312 (039%):	 Total:0.3082899	 Acc:0.3750000	 lr:0.0001737	 Mean_Total:0.2994924
2021-11-26 01:20:47,961 -  4386 /  7312 (059%):	 Total:0.2648666	 Acc:0.3125000	 lr:0.0001732	 Mean_Total:0.3108331
2021-11-26 01:21:43,849 -  5848 /  7312 (079%):	 Total:0.2909970	 Acc:0.2500000	 lr:0.0001728	 Mean_Total:0.3339069
2021-11-26 01:22:37,546 -  7310 /  7312 (099%):	 Total:0.3724214	 Acc:0.2812500	 lr:0.0001723	 Mean_Total:0.3651488
2021-11-26 01:22:37,925 - ===============================| start validation |===============================
2021-11-26 01:22:57,745 - 	 Total:0.3619190	 Acc:0.3570274
2021-11-26 01:22:57,757 -    ini file updated    
2021-11-26 01:22:57,758 - ===============================|    epoch 36   |===============================
2021-11-26 01:22:59,152 -     0 /  7312 (000%):	 Total:0.2784911	 Acc:0.3437500	 lr:0.0001723	 Mean_Total:0.2784911
2021-11-26 01:23:56,444 -  1462 /  7312 (019%):	 Total:0.3515284	 Acc:0.3437500	 lr:0.0001718	 Mean_Total:0.2932664
2021-11-26 01:24:55,403 -  2924 /  7312 (039%):	 Total:0.2848204	 Acc:0.3125000	 lr:0.0001713	 Mean_Total:0.2962921
2021-11-26 01:25:54,597 -  4386 /  7312 (059%):	 Total:0.1573877	 Acc:0.4062500	 lr:0.0001709	 Mean_Total:0.3077462
2021-11-26 01:26:47,508 -  5848 /  7312 (079%):	 Total:0.7310886	 Acc:0.5000000	 lr:0.0001704	 Mean_Total:0.3317426
2021-11-26 01:27:42,906 -  7310 /  7312 (099%):	 Total:0.5552290	 Acc:0.3437500	 lr:0.0001699	 Mean_Total:0.3640195
2021-11-26 01:27:43,223 - ===============================| start validation |===============================
2021-11-26 01:28:03,765 - 	 Total:0.3584124	 Acc:0.3589901
2021-11-26 01:28:03,772 -    ini file updated    
2021-11-26 01:28:03,772 - ===============================|    epoch 37   |===============================
2021-11-26 01:28:04,790 -     0 /  7312 (000%):	 Total:0.2172634	 Acc:0.4062500	 lr:0.0001699	 Mean_Total:0.2172634
2021-11-26 01:29:03,682 -  1462 /  7312 (019%):	 Total:0.2185874	 Acc:0.4062500	 lr:0.0001695	 Mean_Total:0.2892199
2021-11-26 01:30:03,489 -  2924 /  7312 (039%):	 Total:0.3671861	 Acc:0.4062500	 lr:0.0001690	 Mean_Total:0.2975581
2021-11-26 01:30:59,758 -  4386 /  7312 (059%):	 Total:0.1939657	 Acc:0.4062500	 lr:0.0001686	 Mean_Total:0.3087545
2021-11-26 01:31:56,044 -  5848 /  7312 (079%):	 Total:0.4973096	 Acc:0.2812500	 lr:0.0001681	 Mean_Total:0.3316967
2021-11-26 01:32:56,746 -  7310 /  7312 (099%):	 Total:0.1932216	 Acc:0.3125000	 lr:0.0001677	 Mean_Total:0.3645045
2021-11-26 01:32:57,047 - ===============================| start validation |===============================
2021-11-26 01:33:17,327 - 	 Total:0.3678350	 Acc:0.3554495
2021-11-26 01:33:17,333 -    ini file updated    
2021-11-26 01:33:17,334 - ===============================|    epoch 38   |===============================
2021-11-26 01:33:18,294 -     0 /  7312 (000%):	 Total:0.2088940	 Acc:0.3750000	 lr:0.0001677	 Mean_Total:0.2088940
2021-11-26 01:34:16,246 -  1462 /  7312 (019%):	 Total:0.2282195	 Acc:0.2500000	 lr:0.0001672	 Mean_Total:0.2907653
2021-11-26 01:35:11,419 -  2924 /  7312 (039%):	 Total:0.9278076	 Acc:0.2812500	 lr:0.0001668	 Mean_Total:0.2942733
2021-11-26 01:36:08,687 -  4386 /  7312 (059%):	 Total:0.3672728	 Acc:0.3750000	 lr:0.0001664	 Mean_Total:0.3058595
2021-11-26 01:37:03,121 -  5848 /  7312 (079%):	 Total:0.2920258	 Acc:0.2500000	 lr:0.0001659	 Mean_Total:0.3299814
2021-11-26 01:37:57,328 -  7310 /  7312 (099%):	 Total:0.1960268	 Acc:0.3437500	 lr:0.0001655	 Mean_Total:0.3614114
2021-11-26 01:37:57,580 - ===============================| start validation |===============================
2021-11-26 01:38:15,266 - 	 Total:0.3570934	 Acc:0.3616456
2021-11-26 01:38:15,272 -    ini file updated    
2021-11-26 01:38:15,285 - Snapshot saved to /data/users/wergillius/UTR_VAE/pth/RL_gru_MTL/1_layer_model/unmod1_k9-model_best_cv1.pth

2021-11-26 01:38:15,286 -    ini file updated    
2021-11-26 01:38:15,286 - ===============================|    epoch 39   |===============================
2021-11-26 01:38:16,109 -     0 /  7312 (000%):	 Total:0.3244660	 Acc:0.3437500	 lr:0.0001655	 Mean_Total:0.3244660
2021-11-26 01:39:08,764 -  1462 /  7312 (019%):	 Total:0.1223360	 Acc:0.5625000	 lr:0.0001651	 Mean_Total:0.2893058
2021-11-26 01:40:01,829 -  2924 /  7312 (039%):	 Total:0.2450988	 Acc:0.3437500	 lr:0.0001647	 Mean_Total:0.2944651
2021-11-26 01:40:57,799 -  4386 /  7312 (059%):	 Total:0.2312535	 Acc:0.4687500	 lr:0.0001643	 Mean_Total:0.3059432
2021-11-26 01:41:54,632 -  5848 /  7312 (079%):	 Total:0.3192157	 Acc:0.3437500	 lr:0.0001638	 Mean_Total:0.3294689
2021-11-26 01:42:49,229 -  7310 /  7312 (099%):	 Total:0.4189505	 Acc:0.1250000	 lr:0.0001634	 Mean_Total:0.3616690
2021-11-26 01:42:49,523 - ===============================| start validation |===============================
2021-11-26 01:43:09,556 - 	 Total:0.3570786	 Acc:0.3607990
2021-11-26 01:43:09,576 -    ini file updated    
2021-11-26 01:43:09,599 - Snapshot saved to /data/users/wergillius/UTR_VAE/pth/RL_gru_MTL/1_layer_model/unmod1_k9-model_best_cv1.pth

2021-11-26 01:43:09,601 -    ini file updated    
2021-11-26 01:43:09,602 - ===============================|    epoch 40   |===============================
2021-11-26 01:43:10,870 -     0 /  7312 (000%):	 Total:0.3697072	 Acc:0.3437500	 lr:0.0001634	 Mean_Total:0.3697072
2021-11-26 01:44:07,959 -  1462 /  7312 (019%):	 Total:0.1696304	 Acc:0.3750000	 lr:0.0001630	 Mean_Total:0.2906032
2021-11-26 01:45:07,066 -  2924 /  7312 (039%):	 Total:0.5170013	 Acc:0.4062500	 lr:0.0001626	 Mean_Total:0.2933924
2021-11-26 01:46:02,527 -  4386 /  7312 (059%):	 Total:0.2629965	 Acc:0.4062500	 lr:0.0001622	 Mean_Total:0.3052963
2021-11-26 01:47:01,771 -  5848 /  7312 (079%):	 Total:0.7281958	 Acc:0.3125000	 lr:0.0001618	 Mean_Total:0.3294358
2021-11-26 01:47:58,608 -  7310 /  7312 (099%):	 Total:0.7125297	 Acc:0.2187500	 lr:0.0001614	 Mean_Total:0.3614645
2021-11-26 01:47:58,964 - ===============================| start validation |===============================
2021-11-26 01:48:18,755 - 	 Total:0.3567043	 Acc:0.3575662
2021-11-26 01:48:18,761 -    ini file updated    
2021-11-26 01:48:18,770 - Snapshot saved to /data/users/wergillius/UTR_VAE/pth/RL_gru_MTL/1_layer_model/unmod1_k9-model_best_cv1.pth

2021-11-26 01:48:18,771 -    ini file updated    
2021-11-26 01:48:18,772 - ===============================|    epoch 41   |===============================
2021-11-26 01:48:19,967 -     0 /  7312 (000%):	 Total:0.1911034	 Acc:0.2812500	 lr:0.0001614	 Mean_Total:0.1911034
2021-11-26 01:49:17,957 -  1462 /  7312 (019%):	 Total:0.2766771	 Acc:0.3125000	 lr:0.0001610	 Mean_Total:0.2890483
2021-11-26 01:50:16,547 -  2924 /  7312 (039%):	 Total:0.2569395	 Acc:0.2500000	 lr:0.0001606	 Mean_Total:0.2934919
2021-11-26 01:51:13,032 -  4386 /  7312 (059%):	 Total:0.1996448	 Acc:0.4062500	 lr:0.0001603	 Mean_Total:0.3043876
2021-11-26 01:52:11,902 -  5848 /  7312 (079%):	 Total:0.2884959	 Acc:0.4062500	 lr:0.0001599	 Mean_Total:0.3278799
2021-11-26 01:53:10,520 -  7310 /  7312 (099%):	 Total:0.2319191	 Acc:0.5000000	 lr:0.0001595	 Mean_Total:0.3608816
2021-11-26 01:53:10,959 - ===============================| start validation |===============================
2021-11-26 01:53:29,625 - 	 Total:0.3582114	 Acc:0.3597599
2021-11-26 01:53:29,633 -    ini file updated    
2021-11-26 01:53:29,634 - ===============================|    epoch 42   |===============================
2021-11-26 01:53:30,740 -     0 /  7312 (000%):	 Total:0.5347130	 Acc:0.3125000	 lr:0.0001595	 Mean_Total:0.5347130
2021-11-26 01:54:28,481 -  1462 /  7312 (019%):	 Total:0.2809221	 Acc:0.2812500	 lr:0.0001591	 Mean_Total:0.2857546
2021-11-26 01:55:26,966 -  2924 /  7312 (039%):	 Total:0.8655792	 Acc:0.3125000	 lr:0.0001587	 Mean_Total:0.2906505
2021-11-26 01:56:21,711 -  4386 /  7312 (059%):	 Total:0.7383939	 Acc:0.4687500	 lr:0.0001584	 Mean_Total:0.3030303
2021-11-26 01:57:18,046 -  5848 /  7312 (079%):	 Total:0.1864373	 Acc:0.3437500	 lr:0.0001580	 Mean_Total:0.3274546
2021-11-26 01:58:12,609 -  7310 /  7312 (099%):	 Total:0.1555221	 Acc:0.4062500	 lr:0.0001576	 Mean_Total:0.3596505
2021-11-26 01:58:12,939 - ===============================| start validation |===============================
2021-11-26 01:58:29,309 - 	 Total:0.3562065	 Acc:0.3593750
2021-11-26 01:58:29,320 -    ini file updated    
2021-11-26 01:58:29,336 - Snapshot saved to /data/users/wergillius/UTR_VAE/pth/RL_gru_MTL/1_layer_model/unmod1_k9-model_best_cv1.pth

2021-11-26 01:58:29,337 -    ini file updated    
2021-11-26 01:58:29,338 - ===============================|    epoch 43   |===============================
2021-11-26 01:58:30,461 -     0 /  7312 (000%):	 Total:0.1417065	 Acc:0.4062500	 lr:0.0001576	 Mean_Total:0.1417065
2021-11-26 01:59:27,270 -  1462 /  7312 (019%):	 Total:0.2059445	 Acc:0.3437500	 lr:0.0001573	 Mean_Total:0.2867637
2021-11-26 02:00:25,014 -  2924 /  7312 (039%):	 Total:0.2756994	 Acc:0.3125000	 lr:0.0001569	 Mean_Total:0.2909155
2021-11-26 02:01:25,577 -  4386 /  7312 (059%):	 Total:0.1709337	 Acc:0.3125000	 lr:0.0001565	 Mean_Total:0.3025412
2021-11-26 02:02:26,485 -  5848 /  7312 (079%):	 Total:0.2684104	 Acc:0.3125000	 lr:0.0001562	 Mean_Total:0.3269777
2021-11-26 02:03:23,250 -  7310 /  7312 (099%):	 Total:0.2412516	 Acc:0.3750000	 lr:0.0001558	 Mean_Total:0.3594752
2021-11-26 02:03:23,618 - ===============================| start validation |===============================
2021-11-26 02:03:41,681 - 	 Total:0.3565667	 Acc:0.3610683
2021-11-26 02:03:41,689 -    ini file updated    
2021-11-26 02:03:41,689 - ===============================|    epoch 44   |===============================
2021-11-26 02:03:42,827 -     0 /  7312 (000%):	 Total:0.1922157	 Acc:0.4062500	 lr:0.0001558	 Mean_Total:0.1922157
2021-11-26 02:04:37,561 -  1462 /  7312 (019%):	 Total:0.2101144	 Acc:0.5937500	 lr:0.0001555	 Mean_Total:0.2878622
2021-11-26 02:05:37,171 -  2924 /  7312 (039%):	 Total:0.2185532	 Acc:0.2187500	 lr:0.0001551	 Mean_Total:0.2923480
2021-11-26 02:06:31,386 -  4386 /  7312 (059%):	 Total:0.2333134	 Acc:0.4375000	 lr:0.0001548	 Mean_Total:0.3031222
2021-11-26 02:07:28,411 -  5848 /  7312 (079%):	 Total:0.2424887	 Acc:0.6250000	 lr:0.0001544	 Mean_Total:0.3273472
2021-11-26 02:08:23,592 -  7310 /  7312 (099%):	 Total:0.1581081	 Acc:0.5312500	 lr:0.0001541	 Mean_Total:0.3594038
2021-11-26 02:08:23,840 - ===============================| start validation |===============================
2021-11-26 02:08:42,634 - 	 Total:0.3552802	 Acc:0.3615687
2021-11-26 02:08:42,647 -    ini file updated    
2021-11-26 02:08:42,665 - Snapshot saved to /data/users/wergillius/UTR_VAE/pth/RL_gru_MTL/1_layer_model/unmod1_k9-model_best_cv1.pth

2021-11-26 02:08:42,667 -    ini file updated    
2021-11-26 02:08:42,667 - ===============================|    epoch 45   |===============================
2021-11-26 02:08:43,995 -     0 /  7312 (000%):	 Total:0.1741465	 Acc:0.3125000	 lr:0.0001541	 Mean_Total:0.1741465
2021-11-26 02:09:37,954 -  1462 /  7312 (019%):	 Total:0.2209356	 Acc:0.3437500	 lr:0.0001537	 Mean_Total:0.2840284
2021-11-26 02:10:34,866 -  2924 /  7312 (039%):	 Total:0.2238423	 Acc:0.2812500	 lr:0.0001534	 Mean_Total:0.2903126
2021-11-26 02:11:32,247 -  4386 /  7312 (059%):	 Total:0.4620793	 Acc:0.3437500	 lr:0.0001531	 Mean_Total:0.3018370
2021-11-26 02:12:28,982 -  5848 /  7312 (079%):	 Total:0.5133391	 Acc:0.2187500	 lr:0.0001527	 Mean_Total:0.3250786
2021-11-26 02:13:25,117 -  7310 /  7312 (099%):	 Total:0.1635758	 Acc:0.4375000	 lr:0.0001524	 Mean_Total:0.3570256
2021-11-26 02:13:25,475 - ===============================| start validation |===============================
2021-11-26 02:13:43,465 - 	 Total:0.3559931	 Acc:0.3581050
2021-11-26 02:13:43,472 -    ini file updated    
2021-11-26 02:13:43,472 - ===============================|    epoch 46   |===============================
2021-11-26 02:13:44,482 -     0 /  7312 (000%):	 Total:0.2755093	 Acc:0.3437500	 lr:0.0001524	 Mean_Total:0.2755093
2021-11-26 02:14:34,121 -  1462 /  7312 (019%):	 Total:0.2067316	 Acc:0.4375000	 lr:0.0001521	 Mean_Total:0.2835771
2021-11-26 02:15:29,462 -  2924 /  7312 (039%):	 Total:0.3225832	 Acc:0.5000000	 lr:0.0001517	 Mean_Total:0.2888353
2021-11-26 02:16:30,884 -  4386 /  7312 (059%):	 Total:0.1512408	 Acc:0.5000000	 lr:0.0001514	 Mean_Total:0.3010567
2021-11-26 02:17:29,684 -  5848 /  7312 (079%):	 Total:1.1458738	 Acc:0.3437500	 lr:0.0001511	 Mean_Total:0.3249030
2021-11-26 02:18:25,050 -  7310 /  7312 (099%):	 Total:0.5213919	 Acc:0.3437500	 lr:0.0001508	 Mean_Total:0.3570523
2021-11-26 02:18:25,450 - ===============================| start validation |===============================
2021-11-26 02:18:44,054 - 	 Total:0.3551308	 Acc:0.3617226
2021-11-26 02:18:44,062 -    ini file updated    
2021-11-26 02:18:44,075 - Snapshot saved to /data/users/wergillius/UTR_VAE/pth/RL_gru_MTL/1_layer_model/unmod1_k9-model_best_cv1.pth

2021-11-26 02:18:44,077 -    ini file updated    
2021-11-26 02:18:44,077 - ===============================|    epoch 47   |===============================
2021-11-26 02:18:45,199 -     0 /  7312 (000%):	 Total:0.2601254	 Acc:0.2812500	 lr:0.0001508	 Mean_Total:0.2601254
2021-11-26 02:19:43,108 -  1462 /  7312 (019%):	 Total:0.2176317	 Acc:0.4375000	 lr:0.0001505	 Mean_Total:0.2842362
2021-11-26 02:20:38,238 -  2924 /  7312 (039%):	 Total:0.7378323	 Acc:0.3437500	 lr:0.0001501	 Mean_Total:0.2889528
2021-11-26 02:21:37,974 -  4386 /  7312 (059%):	 Total:0.2046803	 Acc:0.4687500	 lr:0.0001498	 Mean_Total:0.3009413
2021-11-26 02:22:33,878 -  5848 /  7312 (079%):	 Total:1.2952309	 Acc:0.2812500	 lr:0.0001495	 Mean_Total:0.3242622
2021-11-26 02:23:29,816 -  7310 /  7312 (099%):	 Total:0.1973504	 Acc:0.4062500	 lr:0.0001492	 Mean_Total:0.3574364
2021-11-26 02:23:30,096 - ===============================| start validation |===============================
2021-11-26 02:23:48,518 - 	 Total:0.3534232	 Acc:0.3619150
2021-11-26 02:23:48,529 -    ini file updated    
2021-11-26 02:23:48,539 - Snapshot saved to /data/users/wergillius/UTR_VAE/pth/RL_gru_MTL/1_layer_model/unmod1_k9-model_best_cv1.pth

2021-11-26 02:23:48,540 -    ini file updated    
2021-11-26 02:23:48,540 - ===============================|    epoch 48   |===============================
2021-11-26 02:23:49,736 -     0 /  7312 (000%):	 Total:0.2227819	 Acc:0.2187500	 lr:0.0001492	 Mean_Total:0.2227819
2021-11-26 02:24:46,979 -  1462 /  7312 (019%):	 Total:0.3003214	 Acc:0.4687500	 lr:0.0001489	 Mean_Total:0.2854560
2021-11-26 02:25:41,798 -  2924 /  7312 (039%):	 Total:0.4289485	 Acc:0.3125000	 lr:0.0001486	 Mean_Total:0.2901649
2021-11-26 02:26:39,076 -  4386 /  7312 (059%):	 Total:0.1930990	 Acc:0.3750000	 lr:0.0001483	 Mean_Total:0.3016416
2021-11-26 02:27:35,188 -  5848 /  7312 (079%):	 Total:0.2931806	 Acc:0.2500000	 lr:0.0001480	 Mean_Total:0.3253711
2021-11-26 02:28:29,902 -  7310 /  7312 (099%):	 Total:0.2821530	 Acc:0.4687500	 lr:0.0001477	 Mean_Total:0.3573766
2021-11-26 02:28:30,145 - ===============================| start validation |===============================
2021-11-26 02:28:47,281 - 	 Total:0.3545725	 Acc:0.3602986
2021-11-26 02:28:47,288 -    ini file updated    
2021-11-26 02:28:47,288 - ===============================|    epoch 49   |===============================
2021-11-26 02:28:48,359 -     0 /  7312 (000%):	 Total:0.2593365	 Acc:0.4375000	 lr:0.0001477	 Mean_Total:0.2593365
2021-11-26 02:29:43,560 -  1462 /  7312 (019%):	 Total:0.2478192	 Acc:0.3750000	 lr:0.0001474	 Mean_Total:0.2824930
2021-11-26 02:30:30,358 -  2924 /  7312 (039%):	 Total:0.4566213	 Acc:0.4062500	 lr:0.0001471	 Mean_Total:0.2876315
2021-11-26 02:31:18,826 -  4386 /  7312 (059%):	 Total:0.3359679	 Acc:0.4062500	 lr:0.0001468	 Mean_Total:0.2992493
2021-11-26 02:32:03,975 -  5848 /  7312 (079%):	 Total:0.4195714	 Acc:0.1875000	 lr:0.0001465	 Mean_Total:0.3237085
2021-11-26 02:32:47,542 -  7310 /  7312 (099%):	 Total:0.7363802	 Acc:0.3750000	 lr:0.0001462	 Mean_Total:0.3558424
2021-11-26 02:32:47,788 - ===============================| start validation |===============================
2021-11-26 02:33:14,498 - 	 Total:0.3535996	 Acc:0.3601447
2021-11-26 02:33:14,506 -    ini file updated    
2021-11-26 02:33:14,506 - ===============================|    epoch 50   |===============================
2021-11-26 02:33:15,295 -     0 /  7312 (000%):	 Total:0.1749699	 Acc:0.3437500	 lr:0.0001462	 Mean_Total:0.1749699
2021-11-26 02:34:51,352 -  1462 /  7312 (019%):	 Total:0.2288413	 Acc:0.4062500	 lr:0.0001459	 Mean_Total:0.2860950
2021-11-26 02:37:33,376 -  2924 /  7312 (039%):	 Total:0.8151705	 Acc:0.4062500	 lr:0.0001456	 Mean_Total:0.2902283
2021-11-26 02:40:16,527 -  4386 /  7312 (059%):	 Total:0.7450188	 Acc:0.4062500	 lr:0.0001453	 Mean_Total:0.3010005
2021-11-26 02:43:00,510 -  5848 /  7312 (079%):	 Total:0.7305665	 Acc:0.2500000	 lr:0.0001450	 Mean_Total:0.3239469
2021-11-26 02:45:44,790 -  7310 /  7312 (099%):	 Total:0.2821963	 Acc:0.1875000	 lr:0.0001447	 Mean_Total:0.3573938
2021-11-26 02:45:45,112 - ===============================| start validation |===============================
2021-11-26 02:47:06,297 - 	 Total:0.3581221	 Acc:0.3579510
2021-11-26 02:47:06,303 -    ini file updated    
2021-11-26 02:47:06,303 - ===============================|    epoch 51   |===============================
2021-11-26 02:47:07,103 -     0 /  7312 (000%):	 Total:0.2557496	 Acc:0.4375000	 lr:0.0001447	 Mean_Total:0.2557496
2021-11-26 02:49:49,594 -  1462 /  7312 (019%):	 Total:0.8033608	 Acc:0.3437500	 lr:0.0001445	 Mean_Total:0.2872119
2021-11-26 02:52:33,335 -  2924 /  7312 (039%):	 Total:0.3099312	 Acc:0.3750000	 lr:0.0001442	 Mean_Total:0.2897416
2021-11-26 02:55:16,706 -  4386 /  7312 (059%):	 Total:0.3391076	 Acc:0.2812500	 lr:0.0001439	 Mean_Total:0.3006671
2021-11-26 02:58:00,112 -  5848 /  7312 (079%):	 Total:0.7342303	 Acc:0.2812500	 lr:0.0001436	 Mean_Total:0.3240998
2021-11-26 03:00:41,068 -  7310 /  7312 (099%):	 Total:0.1704262	 Acc:0.3750000	 lr:0.0001433	 Mean_Total:0.3559095
2021-11-26 03:00:41,346 - ===============================| start validation |===============================
2021-11-26 03:02:02,660 - 	 Total:0.3540499	 Acc:0.3598368
2021-11-26 03:02:02,666 -    ini file updated    
2021-11-26 03:02:02,666 - ===============================|    epoch 52   |===============================
2021-11-26 03:02:03,587 -     0 /  7312 (000%):	 Total:0.2589794	 Acc:0.3750000	 lr:0.0001433	 Mean_Total:0.2589794
2021-11-26 03:04:48,080 -  1462 /  7312 (019%):	 Total:0.7916061	 Acc:0.4375000	 lr:0.0001431	 Mean_Total:0.2825000
2021-11-26 03:07:33,578 -  2924 /  7312 (039%):	 Total:0.2261666	 Acc:0.0937500	 lr:0.0001428	 Mean_Total:0.2878841
2021-11-26 03:10:17,089 -  4386 /  7312 (059%):	 Total:0.1807976	 Acc:0.4062500	 lr:0.0001425	 Mean_Total:0.3007779
2021-11-26 03:13:00,293 -  5848 /  7312 (079%):	 Total:0.3505210	 Acc:0.3750000	 lr:0.0001423	 Mean_Total:0.3247033
2021-11-26 03:15:42,776 -  7310 /  7312 (099%):	 Total:0.5042563	 Acc:0.3125000	 lr:0.0001420	 Mean_Total:0.3567592
2021-11-26 03:15:43,136 - ===============================| start validation |===============================
2021-11-26 03:17:04,467 - 	 Total:0.3522859	 Acc:0.3606835
2021-11-26 03:17:04,472 -    ini file updated    
2021-11-26 03:17:04,489 - Snapshot saved to /data/users/wergillius/UTR_VAE/pth/RL_gru_MTL/1_layer_model/unmod1_k9-model_best_cv1.pth

2021-11-26 03:17:04,490 -    ini file updated    
2021-11-26 03:17:04,490 - ===============================|    epoch 53   |===============================
2021-11-26 03:17:05,390 -     0 /  7312 (000%):	 Total:0.3262890	 Acc:0.2812500	 lr:0.0001420	 Mean_Total:0.3262890
2021-11-26 03:19:48,512 -  1462 /  7312 (019%):	 Total:0.2414201	 Acc:0.2812500	 lr:0.0001417	 Mean_Total:0.2850086
2021-11-26 03:22:30,497 -  2924 /  7312 (039%):	 Total:0.2317650	 Acc:0.4375000	 lr:0.0001415	 Mean_Total:0.2870720
2021-11-26 03:25:13,335 -  4386 /  7312 (059%):	 Total:0.2280339	 Acc:0.2812500	 lr:0.0001412	 Mean_Total:0.2987141
2021-11-26 03:27:56,507 -  5848 /  7312 (079%):	 Total:0.4004379	 Acc:0.1875000	 lr:0.0001409	 Mean_Total:0.3222398
2021-11-26 03:30:40,091 -  7310 /  7312 (099%):	 Total:0.7222014	 Acc:0.2812500	 lr:0.0001407	 Mean_Total:0.3544341
2021-11-26 03:30:40,373 - ===============================| start validation |===============================
2021-11-26 03:32:00,477 - 	 Total:0.3499413	 Acc:0.3617611
2021-11-26 03:32:00,489 -    ini file updated    
2021-11-26 03:32:00,506 - Snapshot saved to /data/users/wergillius/UTR_VAE/pth/RL_gru_MTL/1_layer_model/unmod1_k9-model_best_cv1.pth

2021-11-26 03:32:00,514 -    ini file updated    
2021-11-26 03:32:00,515 - ===============================|    epoch 54   |===============================
2021-11-26 03:32:01,422 -     0 /  7312 (000%):	 Total:0.1631230	 Acc:0.4375000	 lr:0.0001407	 Mean_Total:0.1631230
2021-11-26 03:34:45,121 -  1462 /  7312 (019%):	 Total:0.1981917	 Acc:0.3437500	 lr:0.0001404	 Mean_Total:0.2830987
2021-11-26 03:37:27,744 -  2924 /  7312 (039%):	 Total:0.3002644	 Acc:0.2812500	 lr:0.0001401	 Mean_Total:0.2868611
2021-11-26 03:40:12,947 -  4386 /  7312 (059%):	 Total:0.1812600	 Acc:0.4687500	 lr:0.0001399	 Mean_Total:0.2985158
2021-11-26 03:42:55,797 -  5848 /  7312 (079%):	 Total:0.3722569	 Acc:0.2500000	 lr:0.0001396	 Mean_Total:0.3212207
2021-11-26 03:45:38,708 -  7310 /  7312 (099%):	 Total:0.1382269	 Acc:0.3437500	 lr:0.0001394	 Mean_Total:0.3540111
2021-11-26 03:45:39,057 - ===============================| start validation |===============================
2021-11-26 03:46:57,943 - 	 Total:0.3500736	 Acc:0.3613377
2021-11-26 03:46:57,949 -    ini file updated    
2021-11-26 03:46:57,949 - ===============================|    epoch 55   |===============================
2021-11-26 03:46:58,731 -     0 /  7312 (000%):	 Total:0.1987328	 Acc:0.3125000	 lr:0.0001394	 Mean_Total:0.1987328
2021-11-26 03:49:42,333 -  1462 /  7312 (019%):	 Total:0.3195446	 Acc:0.4062500	 lr:0.0001391	 Mean_Total:0.2805165
2021-11-26 03:52:26,567 -  2924 /  7312 (039%):	 Total:0.1402145	 Acc:0.4062500	 lr:0.0001389	 Mean_Total:0.2866659
2021-11-26 03:55:10,025 -  4386 /  7312 (059%):	 Total:0.3478059	 Acc:0.3125000	 lr:0.0001386	 Mean_Total:0.2974538
2021-11-26 03:57:53,524 -  5848 /  7312 (079%):	 Total:0.4852325	 Acc:0.3125000	 lr:0.0001384	 Mean_Total:0.3214399
2021-11-26 04:00:37,545 -  7310 /  7312 (099%):	 Total:0.2908553	 Acc:0.3125000	 lr:0.0001381	 Mean_Total:0.3542218
2021-11-26 04:00:37,932 - ===============================| start validation |===============================
2021-11-26 04:01:58,158 - 	 Total:0.3528150	 Acc:0.3641857
2021-11-26 04:01:58,168 -    ini file updated    
2021-11-26 04:01:58,178 - Snapshot saved to /data/users/wergillius/UTR_VAE/pth/RL_gru_MTL/1_layer_model/unmod1_k9-model_best_cv1.pth

2021-11-26 04:01:58,179 -    ini file updated    
2021-11-26 04:01:58,179 - ===============================|    epoch 56   |===============================
2021-11-26 04:01:59,062 -     0 /  7312 (000%):	 Total:0.1744243	 Acc:0.4375000	 lr:0.0001381	 Mean_Total:0.1744243
2021-11-26 04:04:43,065 -  1462 /  7312 (019%):	 Total:0.1290518	 Acc:0.4687500	 lr:0.0001379	 Mean_Total:0.2797374
2021-11-26 04:07:27,033 -  2924 /  7312 (039%):	 Total:0.1118356	 Acc:0.4062500	 lr:0.0001376	 Mean_Total:0.2855704
2021-11-26 04:10:11,143 -  4386 /  7312 (059%):	 Total:0.3532295	 Acc:0.2812500	 lr:0.0001374	 Mean_Total:0.2971494
2021-11-26 04:12:55,139 -  5848 /  7312 (079%):	 Total:0.6660419	 Acc:0.2812500	 lr:0.0001372	 Mean_Total:0.3215304
2021-11-26 04:15:36,656 -  7310 /  7312 (099%):	 Total:0.1325840	 Acc:0.3437500	 lr:0.0001369	 Mean_Total:0.3537162
2021-11-26 04:15:37,016 - ===============================| start validation |===============================
2021-11-26 04:16:56,810 - 	 Total:0.3519950	 Acc:0.3647244
2021-11-26 04:16:56,818 -    ini file updated    
2021-11-26 04:16:56,827 - Snapshot saved to /data/users/wergillius/UTR_VAE/pth/RL_gru_MTL/1_layer_model/unmod1_k9-model_best_cv1.pth

2021-11-26 04:16:56,828 -    ini file updated    
2021-11-26 04:16:56,828 - ===============================|    epoch 57   |===============================
2021-11-26 04:16:57,673 -     0 /  7312 (000%):	 Total:0.1305936	 Acc:0.4687500	 lr:0.0001369	 Mean_Total:0.1305936
2021-11-26 04:19:42,236 -  1462 /  7312 (019%):	 Total:0.2279347	 Acc:0.3437500	 lr:0.0001367	 Mean_Total:0.2804660
2021-11-26 04:22:25,115 -  2924 /  7312 (039%):	 Total:0.7050515	 Acc:0.2812500	 lr:0.0001364	 Mean_Total:0.2841326
2021-11-26 04:25:08,236 -  4386 /  7312 (059%):	 Total:0.1272200	 Acc:0.4375000	 lr:0.0001362	 Mean_Total:0.2963758
2021-11-26 04:27:52,768 -  5848 /  7312 (079%):	 Total:0.3952708	 Acc:0.2812500	 lr:0.0001360	 Mean_Total:0.3205940
2021-11-26 04:30:35,514 -  7310 /  7312 (099%):	 Total:0.5008415	 Acc:0.2500000	 lr:0.0001357	 Mean_Total:0.3529524
2021-11-26 04:30:35,894 - ===============================| start validation |===============================
2021-11-26 04:31:58,396 - 	 Total:0.3555757	 Acc:0.3628772
2021-11-26 04:31:58,404 -    ini file updated    
2021-11-26 04:31:58,404 - ===============================|    epoch 58   |===============================
2021-11-26 04:31:59,306 -     0 /  7312 (000%):	 Total:0.1125661	 Acc:0.4062500	 lr:0.0001357	 Mean_Total:0.1125661
2021-11-26 04:34:41,706 -  1462 /  7312 (019%):	 Total:0.6127533	 Acc:0.4062500	 lr:0.0001355	 Mean_Total:0.2797942
2021-11-26 04:37:26,020 -  2924 /  7312 (039%):	 Total:0.2308603	 Acc:0.4687500	 lr:0.0001353	 Mean_Total:0.2842592
2021-11-26 04:40:10,940 -  4386 /  7312 (059%):	 Total:0.1668989	 Acc:0.3750000	 lr:0.0001350	 Mean_Total:0.2962204
2021-11-26 04:42:54,571 -  5848 /  7312 (079%):	 Total:0.3087158	 Acc:0.2187500	 lr:0.0001348	 Mean_Total:0.3207243
2021-11-26 04:45:37,528 -  7310 /  7312 (099%):	 Total:0.2003318	 Acc:0.5000000	 lr:0.0001346	 Mean_Total:0.3523901
2021-11-26 04:45:37,863 - ===============================| start validation |===============================
2021-11-26 04:46:38,278 - 	 Total:0.3498570	 Acc:0.3635699
2021-11-26 04:46:38,284 -    ini file updated    
2021-11-26 04:46:38,292 - Snapshot saved to /data/users/wergillius/UTR_VAE/pth/RL_gru_MTL/1_layer_model/unmod1_k9-model_best_cv1.pth

2021-11-26 04:46:38,293 -    ini file updated    
2021-11-26 04:46:38,294 - ===============================|    epoch 59   |===============================
2021-11-26 04:46:39,088 -     0 /  7312 (000%):	 Total:0.1857181	 Acc:0.4375000	 lr:0.0001346	 Mean_Total:0.1857181
2021-11-26 04:48:39,038 -  1462 /  7312 (019%):	 Total:0.3765881	 Acc:0.2187500	 lr:0.0001343	 Mean_Total:0.2820115
2021-11-26 04:50:31,276 -  2924 /  7312 (039%):	 Total:0.5165620	 Acc:0.4062500	 lr:0.0001341	 Mean_Total:0.2842566
2021-11-26 04:52:19,669 -  4386 /  7312 (059%):	 Total:0.7834225	 Acc:0.4062500	 lr:0.0001339	 Mean_Total:0.2972093
2021-11-26 04:54:10,305 -  5848 /  7312 (079%):	 Total:0.3298352	 Acc:0.3125000	 lr:0.0001337	 Mean_Total:0.3214298
2021-11-26 04:56:01,534 -  7310 /  7312 (099%):	 Total:0.2565767	 Acc:0.3750000	 lr:0.0001334	 Mean_Total:0.3536213
2021-11-26 04:56:01,776 - ===============================| start validation |===============================
2021-11-26 04:56:53,527 - 	 Total:0.3515786	 Acc:0.3618765
2021-11-26 04:56:53,532 -    ini file updated    
2021-11-26 04:56:53,533 - ===============================|    epoch 60   |===============================
2021-11-26 04:56:54,520 -     0 /  7312 (000%):	 Total:0.2078424	 Acc:0.3750000	 lr:0.0001334	 Mean_Total:0.2078424
2021-11-26 04:58:46,072 -  1462 /  7312 (019%):	 Total:0.3157652	 Acc:0.2812500	 lr:0.0001332	 Mean_Total:0.2800446
2021-11-26 05:00:36,561 -  2924 /  7312 (039%):	 Total:0.1702249	 Acc:0.4062500	 lr:0.0001330	 Mean_Total:0.2841063
2021-11-26 05:02:14,604 -  4386 /  7312 (059%):	 Total:0.2878684	 Acc:0.4062500	 lr:0.0001328	 Mean_Total:0.2959332
2021-11-26 05:03:34,109 -  5848 /  7312 (079%):	 Total:0.2825300	 Acc:0.3125000	 lr:0.0001326	 Mean_Total:0.3202830
2021-11-26 05:04:27,887 -  7310 /  7312 (099%):	 Total:0.1810963	 Acc:0.2500000	 lr:0.0001323	 Mean_Total:0.3521152
2021-11-26 05:04:28,156 - ===============================| start validation |===============================
2021-11-26 05:04:46,854 - 	 Total:0.3499993	 Acc:0.3615302
2021-11-26 05:04:46,860 -    ini file updated    
