2021-11-26 11:31:09,164 -   	 	 ==============<<< device used: cuda:2  >>>============== 	 	 
2021-11-26 11:31:46,216 - ===============================|    epoch 0   |===============================
2021-11-26 11:31:47,786 -     0 /  2146 (000%):	 Total:26.0456619	 Acc:0.0000000	 lr:0.0009882	 Mean_Total:26.0456619
2021-11-26 11:33:03,402 -   429 /  2146 (019%):	 Total:1.2275211	 Acc:0.1250000	 lr:0.0042625	 Mean_Total:1.2092229
2021-11-26 11:34:05,603 -   858 /  2146 (039%):	 Total:1.5771433	 Acc:0.2187500	 lr:0.0030158	 Mean_Total:1.3628816
2021-11-26 11:35:22,683 -  1287 /  2146 (059%):	 Total:1.5165172	 Acc:0.1250000	 lr:0.0024628	 Mean_Total:1.4867273
2021-11-26 11:36:58,647 -  1716 /  2146 (079%):	 Total:1.6978371	 Acc:0.0625000	 lr:0.0021331	 Mean_Total:1.4601401
2021-11-26 11:38:30,627 -  2145 /  2146 (099%):	 Total:1.5355375	 Acc:0.3125000	 lr:0.0019080	 Mean_Total:1.4476876
2021-11-26 11:38:30,869 - ===============================| start validation |===============================
2021-11-26 11:38:49,446 - 	 Total:0.9250434	 Acc:0.2401523
2021-11-26 11:38:49,451 -    ini file updated    
2021-11-26 11:38:49,470 - Snapshot saved to /data/users/wergillius/UTR_VAE/pth/RL_gru_MTL/1_layer_model/vleng_k9-model_best_cv0.pth

2021-11-26 11:38:49,471 -    ini file updated    
2021-11-26 11:38:49,471 - ===============================|    epoch 1   |===============================
2021-11-26 11:38:50,276 -     0 /  2146 (000%):	 Total:0.7248921	 Acc:0.2500000	 lr:0.0019076	 Mean_Total:0.7248921
2021-11-26 11:40:04,793 -   429 /  2146 (019%):	 Total:0.2648881	 Acc:0.4062500	 lr:0.0017415	 Mean_Total:0.5198735
2021-11-26 11:41:08,845 -   858 /  2146 (039%):	 Total:0.7916994	 Acc:0.2500000	 lr:0.0016124	 Mean_Total:0.6341228
2021-11-26 11:42:33,235 -  1287 /  2146 (059%):	 Total:0.7625785	 Acc:0.1875000	 lr:0.0015083	 Mean_Total:0.7390754
2021-11-26 11:44:14,677 -  1716 /  2146 (079%):	 Total:1.2694201	 Acc:0.1250000	 lr:0.0014221	 Mean_Total:0.8476861
2021-11-26 11:45:49,516 -  2145 /  2146 (099%):	 Total:0.4097790	 Acc:0.3750000	 lr:0.0013492	 Mean_Total:0.9401919
2021-11-26 11:45:49,844 - ===============================| start validation |===============================
2021-11-26 11:46:16,946 - 	 Total:0.8770026	 Acc:0.2435662
2021-11-26 11:46:16,950 -    ini file updated    
2021-11-26 11:46:16,958 - Snapshot saved to /data/users/wergillius/UTR_VAE/pth/RL_gru_MTL/1_layer_model/vleng_k9-model_best_cv0.pth

2021-11-26 11:46:16,959 -    ini file updated    
2021-11-26 11:46:16,959 - ===============================|    epoch 2   |===============================
2021-11-26 11:46:17,732 -     0 /  2146 (000%):	 Total:0.4817194	 Acc:0.2500000	 lr:0.0013490	 Mean_Total:0.4817194
2021-11-26 11:47:33,931 -   429 /  2146 (019%):	 Total:0.8570657	 Acc:0.3750000	 lr:0.0012863	 Mean_Total:0.4785583
2021-11-26 11:48:37,593 -   858 /  2146 (039%):	 Total:0.7329513	 Acc:0.2812500	 lr:0.0012315	 Mean_Total:0.5924417
2021-11-26 11:50:00,115 -  1287 /  2146 (059%):	 Total:1.7462137	 Acc:0.2187500	 lr:0.0011833	 Mean_Total:0.6949548
2021-11-26 11:51:39,600 -  1716 /  2146 (079%):	 Total:0.5712838	 Acc:0.2812500	 lr:0.0011402	 Mean_Total:0.8066451
2021-11-26 11:53:13,864 -  2145 /  2146 (099%):	 Total:1.0021747	 Acc:0.1875000	 lr:0.0011016	 Mean_Total:0.9007564
2021-11-26 11:53:14,117 - ===============================| start validation |===============================
2021-11-26 11:53:40,755 - 	 Total:0.8565030	 Acc:0.2464548
2021-11-26 11:53:40,761 -    ini file updated    
2021-11-26 11:53:40,776 - Snapshot saved to /data/users/wergillius/UTR_VAE/pth/RL_gru_MTL/1_layer_model/vleng_k9-model_best_cv0.pth

2021-11-26 11:53:40,781 -    ini file updated    
2021-11-26 11:53:40,781 - ===============================|    epoch 3   |===============================
2021-11-26 11:53:41,610 -     0 /  2146 (000%):	 Total:0.6189679	 Acc:0.3125000	 lr:0.0011015	 Mean_Total:0.6189679
2021-11-26 11:54:56,523 -   429 /  2146 (019%):	 Total:0.9628226	 Acc:0.2500000	 lr:0.0010665	 Mean_Total:0.4516222
2021-11-26 11:56:04,549 -   858 /  2146 (039%):	 Total:1.1288390	 Acc:0.0937500	 lr:0.0010347	 Mean_Total:0.5652040
2021-11-26 11:57:34,593 -  1287 /  2146 (059%):	 Total:1.1833920	 Acc:0.1250000	 lr:0.0010056	 Mean_Total:0.6704566
2021-11-26 11:59:17,774 -  1716 /  2146 (079%):	 Total:0.7405872	 Acc:0.2500000	 lr:0.0009788	 Mean_Total:0.7791379
2021-11-26 12:00:51,749 -  2145 /  2146 (099%):	 Total:0.8928604	 Acc:0.3125000	 lr:0.0009540	 Mean_Total:0.8755391
2021-11-26 12:00:52,035 - ===============================| start validation |===============================
2021-11-26 12:01:18,761 - 	 Total:0.8436655	 Acc:0.2559086
2021-11-26 12:01:18,766 -    ini file updated    
2021-11-26 12:01:18,773 - Snapshot saved to /data/users/wergillius/UTR_VAE/pth/RL_gru_MTL/1_layer_model/vleng_k9-model_best_cv0.pth

2021-11-26 12:01:18,774 -    ini file updated    
2021-11-26 12:01:18,774 - ===============================|    epoch 4   |===============================
2021-11-26 12:01:19,591 -     0 /  2146 (000%):	 Total:0.4644009	 Acc:0.4687500	 lr:0.0009539	 Mean_Total:0.4644009
2021-11-26 12:02:35,100 -   429 /  2146 (019%):	 Total:0.5959312	 Acc:0.3437500	 lr:0.0009310	 Mean_Total:0.4483906
2021-11-26 12:03:38,633 -   858 /  2146 (039%):	 Total:0.8471117	 Acc:0.1875000	 lr:0.0009096	 Mean_Total:0.5551556
2021-11-26 12:05:02,134 -  1287 /  2146 (059%):	 Total:0.8185044	 Acc:0.1875000	 lr:0.0008896	 Mean_Total:0.6592349
2021-11-26 12:06:43,150 -  1716 /  2146 (079%):	 Total:1.7507095	 Acc:0.0937500	 lr:0.0008709	 Mean_Total:0.7701404
2021-11-26 12:08:17,094 -  2145 /  2146 (099%):	 Total:0.5311910	 Acc:0.3125000	 lr:0.0008533	 Mean_Total:0.8619098
2021-11-26 12:08:17,407 - ===============================| start validation |===============================
2021-11-26 12:08:43,555 - 	 Total:0.8344395	 Acc:0.2528887
2021-11-26 12:08:43,560 -    ini file updated    
2021-11-26 12:08:43,567 - Snapshot saved to /data/users/wergillius/UTR_VAE/pth/RL_gru_MTL/1_layer_model/vleng_k9-model_best_cv0.pth

2021-11-26 12:08:43,568 -    ini file updated    
2021-11-26 12:08:43,568 - ===============================|    epoch 5   |===============================
2021-11-26 12:08:44,401 -     0 /  2146 (000%):	 Total:0.2687118	 Acc:0.4687500	 lr:0.0008532	 Mean_Total:0.2687118
2021-11-26 12:10:02,609 -   429 /  2146 (019%):	 Total:0.4209454	 Acc:0.1875000	 lr:0.0008367	 Mean_Total:0.4361550
2021-11-26 12:11:11,624 -   858 /  2146 (039%):	 Total:0.4707618	 Acc:0.3437500	 lr:0.0008211	 Mean_Total:0.5432974
2021-11-26 12:12:44,678 -  1287 /  2146 (059%):	 Total:1.4080212	 Acc:0.1875000	 lr:0.0008063	 Mean_Total:0.6482348
2021-11-26 12:14:35,652 -  1716 /  2146 (079%):	 Total:1.0673857	 Acc:0.1562500	 lr:0.0007923	 Mean_Total:0.7562622
2021-11-26 12:16:18,000 -  2145 /  2146 (099%):	 Total:0.8949763	 Acc:0.1875000	 lr:0.0007789	 Mean_Total:0.8506909
2021-11-26 12:16:18,283 - ===============================| start validation |===============================
2021-11-26 12:16:47,047 - 	 Total:0.8259451	 Acc:0.2640494
2021-11-26 12:16:47,056 -    ini file updated    
2021-11-26 12:16:47,070 - Snapshot saved to /data/users/wergillius/UTR_VAE/pth/RL_gru_MTL/1_layer_model/vleng_k9-model_best_cv0.pth

2021-11-26 12:16:47,071 -    ini file updated    
2021-11-26 12:16:47,071 - ===============================|    epoch 6   |===============================
2021-11-26 12:16:47,878 -     0 /  2146 (000%):	 Total:0.2850646	 Acc:0.4375000	 lr:0.0007789	 Mean_Total:0.2850646
2021-11-26 12:18:11,373 -   429 /  2146 (019%):	 Total:0.6372400	 Acc:0.2187500	 lr:0.0007663	 Mean_Total:0.4271428
2021-11-26 12:19:20,289 -   858 /  2146 (039%):	 Total:0.4580571	 Acc:0.3437500	 lr:0.0007542	 Mean_Total:0.5395013
2021-11-26 12:20:51,061 -  1287 /  2146 (059%):	 Total:0.4269204	 Acc:0.2812500	 lr:0.0007427	 Mean_Total:0.6400549
2021-11-26 12:22:41,626 -  1716 /  2146 (079%):	 Total:0.9680517	 Acc:0.0937500	 lr:0.0007317	 Mean_Total:0.7470297
2021-11-26 12:24:24,255 -  2145 /  2146 (099%):	 Total:0.8526180	 Acc:0.1250000	 lr:0.0007212	 Mean_Total:0.8406603
2021-11-26 12:24:24,491 - ===============================| start validation |===============================
2021-11-26 12:24:54,331 - 	 Total:0.8238108	 Acc:0.2589286
2021-11-26 12:24:54,337 -    ini file updated    
2021-11-26 12:24:54,345 - Snapshot saved to /data/users/wergillius/UTR_VAE/pth/RL_gru_MTL/1_layer_model/vleng_k9-model_best_cv0.pth

2021-11-26 12:24:54,346 -    ini file updated    
2021-11-26 12:24:54,346 - ===============================|    epoch 7   |===============================
2021-11-26 12:24:55,120 -     0 /  2146 (000%):	 Total:0.2552596	 Acc:0.4687500	 lr:0.0007211	 Mean_Total:0.2552596
2021-11-26 12:26:18,321 -   429 /  2146 (019%):	 Total:0.4251150	 Acc:0.3125000	 lr:0.0007111	 Mean_Total:0.4285804
2021-11-26 12:27:28,873 -   858 /  2146 (039%):	 Total:0.3098059	 Acc:0.2812500	 lr:0.0007014	 Mean_Total:0.5327443
2021-11-26 12:29:00,612 -  1287 /  2146 (059%):	 Total:0.6235226	 Acc:0.2187500	 lr:0.0006921	 Mean_Total:0.6367746
2021-11-26 12:30:51,258 -  1716 /  2146 (079%):	 Total:0.9259972	 Acc:0.1875000	 lr:0.0006832	 Mean_Total:0.7454312
2021-11-26 12:32:32,701 -  2145 /  2146 (099%):	 Total:0.9537837	 Acc:0.2500000	 lr:0.0006746	 Mean_Total:0.8384098
2021-11-26 12:32:33,022 - ===============================| start validation |===============================
2021-11-26 12:33:02,329 - 	 Total:0.8464062	 Acc:0.2282038
2021-11-26 12:33:02,334 -    ini file updated    
2021-11-26 12:33:02,339 - ===============================|    epoch 8   |===============================
2021-11-26 12:33:03,191 -     0 /  2146 (000%):	 Total:0.2201439	 Acc:0.3750000	 lr:0.0006746	 Mean_Total:0.2201439
2021-11-26 12:34:26,216 -   429 /  2146 (019%):	 Total:0.4841809	 Acc:0.4062500	 lr:0.0006663	 Mean_Total:0.4143160
2021-11-26 12:35:37,093 -   858 /  2146 (039%):	 Total:0.4860160	 Acc:0.2187500	 lr:0.0006583	 Mean_Total:0.5223785
2021-11-26 12:37:08,591 -  1287 /  2146 (059%):	 Total:1.2829480	 Acc:0.0625000	 lr:0.0006506	 Mean_Total:0.6265966
2021-11-26 12:38:58,590 -  1716 /  2146 (079%):	 Total:0.8172799	 Acc:0.0937500	 lr:0.0006432	 Mean_Total:0.7331879
2021-11-26 12:40:41,273 -  2145 /  2146 (099%):	 Total:1.1691375	 Acc:0.1250000	 lr:0.0006360	 Mean_Total:0.8275680
2021-11-26 12:40:41,539 - ===============================| start validation |===============================
2021-11-26 12:41:10,600 - 	 Total:0.8557344	 Acc:0.2396271
2021-11-26 12:41:10,605 -    ini file updated    
2021-11-26 12:41:10,605 - ===============================|    epoch 9   |===============================
2021-11-26 12:41:11,435 -     0 /  2146 (000%):	 Total:0.2223859	 Acc:0.4687500	 lr:0.0006360	 Mean_Total:0.2223859
2021-11-26 12:42:33,767 -   429 /  2146 (019%):	 Total:0.3042982	 Acc:0.3437500	 lr:0.0006290	 Mean_Total:0.4106189
2021-11-26 12:43:44,510 -   858 /  2146 (039%):	 Total:0.7182009	 Acc:0.1562500	 lr:0.0006223	 Mean_Total:0.5215666
2021-11-26 12:45:16,376 -  1287 /  2146 (059%):	 Total:0.9066328	 Acc:0.2500000	 lr:0.0006158	 Mean_Total:0.6252489
2021-11-26 12:47:07,053 -  1716 /  2146 (079%):	 Total:1.9338360	 Acc:0.1250000	 lr:0.0006095	 Mean_Total:0.7303812
2021-11-26 12:48:48,579 -  2145 /  2146 (099%):	 Total:0.7450489	 Acc:0.1562500	 lr:0.0006034	 Mean_Total:0.8219368
2021-11-26 12:48:48,882 - ===============================| start validation |===============================
2021-11-26 12:49:17,541 - 	 Total:0.8127625	 Acc:0.2587973
2021-11-26 12:49:17,545 -    ini file updated    
2021-11-26 12:49:17,552 - Snapshot saved to /data/users/wergillius/UTR_VAE/pth/RL_gru_MTL/1_layer_model/vleng_k9-model_best_cv0.pth

2021-11-26 12:49:17,553 -    ini file updated    
2021-11-26 12:49:17,553 - ===============================|    epoch 10   |===============================
2021-11-26 12:49:18,556 -     0 /  2146 (000%):	 Total:0.2352447	 Acc:0.3437500	 lr:0.0006034	 Mean_Total:0.2352447
2021-11-26 12:50:41,379 -   429 /  2146 (019%):	 Total:0.5098702	 Acc:0.2187500	 lr:0.0005974	 Mean_Total:0.4029639
2021-11-26 12:51:51,265 -   858 /  2146 (039%):	 Total:0.5317314	 Acc:0.1875000	 lr:0.0005916	 Mean_Total:0.5189192
2021-11-26 12:53:22,901 -  1287 /  2146 (059%):	 Total:0.4767980	 Acc:0.1875000	 lr:0.0005860	 Mean_Total:0.6152999
2021-11-26 12:55:14,567 -  1716 /  2146 (079%):	 Total:1.5645944	 Acc:0.3125000	 lr:0.0005806	 Mean_Total:0.7241507
2021-11-26 12:56:57,631 -  2145 /  2146 (099%):	 Total:1.4010323	 Acc:0.0937500	 lr:0.0005753	 Mean_Total:0.8177916
2021-11-26 12:56:57,906 - ===============================| start validation |===============================
2021-11-26 12:57:25,809 - 	 Total:0.8101813	 Acc:0.2587973
2021-11-26 12:57:25,814 -    ini file updated    
2021-11-26 12:57:25,823 - Snapshot saved to /data/users/wergillius/UTR_VAE/pth/RL_gru_MTL/1_layer_model/vleng_k9-model_best_cv0.pth

2021-11-26 12:57:25,824 -    ini file updated    
2021-11-26 12:57:25,824 - ===============================|    epoch 11   |===============================
2021-11-26 12:57:26,644 -     0 /  2146 (000%):	 Total:0.5725665	 Acc:0.3437500	 lr:0.0005753	 Mean_Total:0.5725665
2021-11-26 12:58:48,294 -   429 /  2146 (019%):	 Total:0.3429664	 Acc:0.4687500	 lr:0.0005701	 Mean_Total:0.4036714
2021-11-26 12:59:57,816 -   858 /  2146 (039%):	 Total:0.3678596	 Acc:0.2187500	 lr:0.0005651	 Mean_Total:0.5112101
2021-11-26 13:01:29,445 -  1287 /  2146 (059%):	 Total:0.6428585	 Acc:0.3125000	 lr:0.0005602	 Mean_Total:0.6165021
2021-11-26 13:03:21,333 -  1716 /  2146 (079%):	 Total:1.5332069	 Acc:0.1562500	 lr:0.0005554	 Mean_Total:0.7226335
2021-11-26 13:05:07,201 -  2145 /  2146 (099%):	 Total:0.7275684	 Acc:0.2812500	 lr:0.0005508	 Mean_Total:0.8133642
2021-11-26 13:05:07,506 - ===============================| start validation |===============================
2021-11-26 13:05:36,098 - 	 Total:0.8357639	 Acc:0.2334559
2021-11-26 13:05:36,103 -    ini file updated    
2021-11-26 13:05:36,104 - ===============================|    epoch 12   |===============================
2021-11-26 13:05:37,002 -     0 /  2146 (000%):	 Total:0.5974206	 Acc:0.3125000	 lr:0.0005508	 Mean_Total:0.5974206
2021-11-26 13:07:00,740 -   429 /  2146 (019%):	 Total:0.6031687	 Acc:0.2187500	 lr:0.0005463	 Mean_Total:0.4002987
2021-11-26 13:08:12,011 -   858 /  2146 (039%):	 Total:0.9718828	 Acc:0.2500000	 lr:0.0005418	 Mean_Total:0.5116592
2021-11-26 13:09:43,741 -  1287 /  2146 (059%):	 Total:0.8082980	 Acc:0.0937500	 lr:0.0005375	 Mean_Total:0.6100827
2021-11-26 13:11:33,100 -  1716 /  2146 (079%):	 Total:1.2443731	 Acc:0.1250000	 lr:0.0005333	 Mean_Total:0.7187859
2021-11-26 13:13:16,526 -  2145 /  2146 (099%):	 Total:0.7018007	 Acc:0.2500000	 lr:0.0005292	 Mean_Total:0.8121669
2021-11-26 13:13:16,735 - ===============================| start validation |===============================
2021-11-26 13:13:45,233 - 	 Total:0.8481705	 Acc:0.2166492
2021-11-26 13:13:45,240 -    ini file updated    
2021-11-26 13:13:45,240 - ===============================|    epoch 13   |===============================
2021-11-26 13:13:46,088 -     0 /  2146 (000%):	 Total:0.1570880	 Acc:0.4687500	 lr:0.0005292	 Mean_Total:0.1570880
2021-11-26 13:15:09,537 -   429 /  2146 (019%):	 Total:0.5153491	 Acc:0.3125000	 lr:0.0005252	 Mean_Total:0.4021613
2021-11-26 13:16:20,270 -   858 /  2146 (039%):	 Total:0.6196395	 Acc:0.2187500	 lr:0.0005212	 Mean_Total:0.5077923
2021-11-26 13:17:52,488 -  1287 /  2146 (059%):	 Total:0.7141467	 Acc:0.3125000	 lr:0.0005174	 Mean_Total:0.6106836
2021-11-26 13:19:42,275 -  1716 /  2146 (079%):	 Total:1.2476922	 Acc:0.1562500	 lr:0.0005136	 Mean_Total:0.7171262
2021-11-26 13:21:25,428 -  2145 /  2146 (099%):	 Total:0.3708248	 Acc:0.3750000	 lr:0.0005099	 Mean_Total:0.8081454
2021-11-26 13:21:25,635 - ===============================| start validation |===============================
2021-11-26 13:21:55,191 - 	 Total:0.8078705	 Acc:0.2548582
2021-11-26 13:21:55,196 -    ini file updated    
2021-11-26 13:21:55,207 - Snapshot saved to /data/users/wergillius/UTR_VAE/pth/RL_gru_MTL/1_layer_model/vleng_k9-model_best_cv0.pth

2021-11-26 13:21:55,208 -    ini file updated    
2021-11-26 13:21:55,208 - ===============================|    epoch 14   |===============================
2021-11-26 13:21:56,101 -     0 /  2146 (000%):	 Total:0.2717833	 Acc:0.5000000	 lr:0.0005099	 Mean_Total:0.2717833
2021-11-26 13:23:19,612 -   429 /  2146 (019%):	 Total:0.2657340	 Acc:0.3437500	 lr:0.0005063	 Mean_Total:0.3938348
2021-11-26 13:24:30,197 -   858 /  2146 (039%):	 Total:0.7471532	 Acc:0.0937500	 lr:0.0005028	 Mean_Total:0.5012203
2021-11-26 13:26:02,613 -  1287 /  2146 (059%):	 Total:0.6752130	 Acc:0.2500000	 lr:0.0004993	 Mean_Total:0.6052408
2021-11-26 13:27:54,027 -  1716 /  2146 (079%):	 Total:1.7434320	 Acc:0.1250000	 lr:0.0004960	 Mean_Total:0.7128987
2021-11-26 13:29:37,682 -  2145 /  2146 (099%):	 Total:0.4888427	 Acc:0.3437500	 lr:0.0004926	 Mean_Total:0.8036317
2021-11-26 13:29:37,984 - ===============================| start validation |===============================
2021-11-26 13:30:08,002 - 	 Total:0.8102311	 Acc:0.2570903
2021-11-26 13:30:08,007 -    ini file updated    
2021-11-26 13:30:08,007 - ===============================|    epoch 15   |===============================
2021-11-26 13:30:08,809 -     0 /  2146 (000%):	 Total:0.2291559	 Acc:0.5312500	 lr:0.0004926	 Mean_Total:0.2291559
2021-11-26 13:31:30,043 -   429 /  2146 (019%):	 Total:0.2436086	 Acc:0.4687500	 lr:0.0004894	 Mean_Total:0.3912227
2021-11-26 13:32:39,511 -   858 /  2146 (039%):	 Total:0.3782857	 Acc:0.0937500	 lr:0.0004862	 Mean_Total:0.5035577
2021-11-26 13:34:11,356 -  1287 /  2146 (059%):	 Total:0.9201252	 Acc:0.2812500	 lr:0.0004831	 Mean_Total:0.6028875
2021-11-26 13:36:02,541 -  1716 /  2146 (079%):	 Total:1.9008558	 Acc:0.0625000	 lr:0.0004800	 Mean_Total:0.7103707
2021-11-26 13:37:45,762 -  2145 /  2146 (099%):	 Total:0.3797150	 Acc:0.4062500	 lr:0.0004770	 Mean_Total:0.8030295
2021-11-26 13:37:46,071 - ===============================| start validation |===============================
2021-11-26 13:38:15,169 - 	 Total:0.8014189	 Acc:0.2538078
2021-11-26 13:38:15,174 -    ini file updated    
2021-11-26 13:38:15,184 - Snapshot saved to /data/users/wergillius/UTR_VAE/pth/RL_gru_MTL/1_layer_model/vleng_k9-model_best_cv0.pth

2021-11-26 13:38:15,185 -    ini file updated    
2021-11-26 13:38:15,185 - ===============================|    epoch 16   |===============================
2021-11-26 13:38:16,058 -     0 /  2146 (000%):	 Total:0.4036722	 Acc:0.4687500	 lr:0.0004770	 Mean_Total:0.4036722
2021-11-26 13:39:37,026 -   429 /  2146 (019%):	 Total:0.8420609	 Acc:0.3437500	 lr:0.0004740	 Mean_Total:0.3925094
2021-11-26 13:40:41,790 -   858 /  2146 (039%):	 Total:0.7706503	 Acc:0.3437500	 lr:0.0004711	 Mean_Total:0.4992145
2021-11-26 13:42:05,659 -  1287 /  2146 (059%):	 Total:0.7038671	 Acc:0.1562500	 lr:0.0004683	 Mean_Total:0.6032588
2021-11-26 13:43:48,114 -  1716 /  2146 (079%):	 Total:1.7020350	 Acc:0.0625000	 lr:0.0004655	 Mean_Total:0.7087238
2021-11-26 13:45:21,874 -  2145 /  2146 (099%):	 Total:0.7812173	 Acc:0.3125000	 lr:0.0004628	 Mean_Total:0.7989441
2021-11-26 13:45:22,086 - ===============================| start validation |===============================
2021-11-26 13:45:48,396 - 	 Total:0.8023344	 Acc:0.2552521
2021-11-26 13:45:48,402 -    ini file updated    
2021-11-26 13:45:48,402 - ===============================|    epoch 17   |===============================
2021-11-26 13:45:49,411 -     0 /  2146 (000%):	 Total:0.1575054	 Acc:0.5000000	 lr:0.0004628	 Mean_Total:0.1575054
2021-11-26 13:47:05,868 -   429 /  2146 (019%):	 Total:0.4720422	 Acc:0.3125000	 lr:0.0004601	 Mean_Total:0.3939219
2021-11-26 13:48:10,801 -   858 /  2146 (039%):	 Total:0.4206128	 Acc:0.3125000	 lr:0.0004574	 Mean_Total:0.4970558
2021-11-26 13:49:35,388 -  1287 /  2146 (059%):	 Total:0.5462990	 Acc:0.2812500	 lr:0.0004548	 Mean_Total:0.5955438
2021-11-26 13:51:16,567 -  1716 /  2146 (079%):	 Total:1.6367073	 Acc:0.1562500	 lr:0.0004522	 Mean_Total:0.7031626
2021-11-26 13:52:49,852 -  2145 /  2146 (099%):	 Total:0.1695712	 Acc:0.5312500	 lr:0.0004497	 Mean_Total:0.7931068
2021-11-26 13:52:50,124 - ===============================| start validation |===============================
2021-11-26 13:53:16,388 - 	 Total:0.7929537	 Acc:0.2607668
2021-11-26 13:53:16,393 -    ini file updated    
2021-11-26 13:53:16,410 - Snapshot saved to /data/users/wergillius/UTR_VAE/pth/RL_gru_MTL/1_layer_model/vleng_k9-model_best_cv0.pth

2021-11-26 13:53:16,411 -    ini file updated    
2021-11-26 13:53:16,411 - ===============================|    epoch 18   |===============================
2021-11-26 13:53:17,402 -     0 /  2146 (000%):	 Total:0.4281673	 Acc:0.4375000	 lr:0.0004497	 Mean_Total:0.4281673
2021-11-26 13:54:31,843 -   429 /  2146 (019%):	 Total:0.3173337	 Acc:0.2500000	 lr:0.0004472	 Mean_Total:0.3818096
2021-11-26 13:55:34,556 -   858 /  2146 (039%):	 Total:1.3161128	 Acc:0.2500000	 lr:0.0004448	 Mean_Total:0.4823100
2021-11-26 13:56:58,007 -  1287 /  2146 (059%):	 Total:1.0711107	 Acc:0.0937500	 lr:0.0004424	 Mean_Total:0.5371965
2021-11-26 13:58:41,122 -  1716 /  2146 (079%):	 Total:1.3674035	 Acc:0.0937500	 lr:0.0004400	 Mean_Total:0.6185866
2021-11-26 14:00:15,496 -  2145 /  2146 (099%):	 Total:1.2271441	 Acc:0.2187500	 lr:0.0004377	 Mean_Total:0.6914046
2021-11-26 14:00:15,808 - ===============================| start validation |===============================
2021-11-26 14:00:41,589 - 	 Total:0.6154084	 Acc:0.2689076
2021-11-26 14:00:41,608 -    ini file updated    
2021-11-26 14:00:41,623 - Snapshot saved to /data/users/wergillius/UTR_VAE/pth/RL_gru_MTL/1_layer_model/vleng_k9-model_best_cv0.pth

2021-11-26 14:00:41,624 -    ini file updated    
2021-11-26 14:00:41,624 - ===============================|    epoch 19   |===============================
2021-11-26 14:00:42,616 -     0 /  2146 (000%):	 Total:0.0985692	 Acc:0.3750000	 lr:0.0004377	 Mean_Total:0.0985692
2021-11-26 14:01:57,809 -   429 /  2146 (019%):	 Total:0.2798713	 Acc:0.3125000	 lr:0.0004354	 Mean_Total:0.2481142
2021-11-26 14:03:03,134 -   858 /  2146 (039%):	 Total:0.4732381	 Acc:0.3125000	 lr:0.0004332	 Mean_Total:0.3175089
2021-11-26 14:04:28,045 -  1287 /  2146 (059%):	 Total:0.6083952	 Acc:0.2187500	 lr:0.0004310	 Mean_Total:0.4040294
2021-11-26 14:06:10,642 -  1716 /  2146 (079%):	 Total:1.2462671	 Acc:0.0937500	 lr:0.0004288	 Mean_Total:0.5057395
2021-11-26 14:07:46,090 -  2145 /  2146 (099%):	 Total:0.5000044	 Acc:0.1562500	 lr:0.0004266	 Mean_Total:0.5944026
2021-11-26 14:07:46,462 - ===============================| start validation |===============================
2021-11-26 14:08:12,460 - 	 Total:0.5856068	 Acc:0.2826943
2021-11-26 14:08:12,469 -    ini file updated    
2021-11-26 14:08:12,476 - Snapshot saved to /data/users/wergillius/UTR_VAE/pth/RL_gru_MTL/1_layer_model/vleng_k9-model_best_cv0.pth

2021-11-26 14:08:12,477 -    ini file updated    
2021-11-26 14:08:12,477 - ===============================|    epoch 20   |===============================
2021-11-26 14:08:13,562 -     0 /  2146 (000%):	 Total:0.4390150	 Acc:0.3437500	 lr:0.0004266	 Mean_Total:0.4390150
2021-11-26 14:09:28,938 -   429 /  2146 (019%):	 Total:0.1773058	 Acc:0.5312500	 lr:0.0004245	 Mean_Total:0.2346450
2021-11-26 14:10:33,100 -   858 /  2146 (039%):	 Total:0.4881918	 Acc:0.3125000	 lr:0.0004224	 Mean_Total:0.3070744
2021-11-26 14:11:57,926 -  1287 /  2146 (059%):	 Total:0.6909264	 Acc:0.1562500	 lr:0.0004204	 Mean_Total:0.3864018
2021-11-26 14:13:40,456 -  1716 /  2146 (079%):	 Total:0.6735862	 Acc:0.1875000	 lr:0.0004184	 Mean_Total:0.4914789
2021-11-26 14:15:14,987 -  2145 /  2146 (099%):	 Total:0.5601128	 Acc:0.4375000	 lr:0.0004164	 Mean_Total:0.5745116
2021-11-26 14:15:15,245 - ===============================| start validation |===============================
2021-11-26 14:15:42,031 - 	 Total:0.5867712	 Acc:0.2798057
2021-11-26 14:15:42,038 -    ini file updated    
2021-11-26 14:15:42,038 - ===============================|    epoch 21   |===============================
2021-11-26 14:15:42,892 -     0 /  2146 (000%):	 Total:0.1883171	 Acc:0.5312500	 lr:0.0004164	 Mean_Total:0.1883171
2021-11-26 14:16:57,195 -   429 /  2146 (019%):	 Total:0.0917695	 Acc:0.4687500	 lr:0.0004144	 Mean_Total:0.2302850
2021-11-26 14:18:01,862 -   858 /  2146 (039%):	 Total:0.2931849	 Acc:0.3750000	 lr:0.0004124	 Mean_Total:0.3004733
2021-11-26 14:19:25,636 -  1287 /  2146 (059%):	 Total:0.5138879	 Acc:0.2812500	 lr:0.0004105	 Mean_Total:0.3795598
2021-11-26 14:21:07,120 -  1716 /  2146 (079%):	 Total:1.0844916	 Acc:0.2187500	 lr:0.0004086	 Mean_Total:0.4826342
2021-11-26 14:22:40,840 -  2145 /  2146 (099%):	 Total:0.4829482	 Acc:0.3437500	 lr:0.0004068	 Mean_Total:0.5660081
2021-11-26 14:22:41,172 - ===============================| start validation |===============================
2021-11-26 14:23:07,543 - 	 Total:0.5813875	 Acc:0.2719275
2021-11-26 14:23:07,547 -    ini file updated    
2021-11-26 14:23:07,558 - Snapshot saved to /data/users/wergillius/UTR_VAE/pth/RL_gru_MTL/1_layer_model/vleng_k9-model_best_cv0.pth

2021-11-26 14:23:07,559 -    ini file updated    
2021-11-26 14:23:07,559 - ===============================|    epoch 22   |===============================
2021-11-26 14:23:08,491 -     0 /  2146 (000%):	 Total:0.3085227	 Acc:0.5000000	 lr:0.0004068	 Mean_Total:0.3085227
2021-11-26 14:24:23,097 -   429 /  2146 (019%):	 Total:0.3727359	 Acc:0.2500000	 lr:0.0004049	 Mean_Total:0.2230397
2021-11-26 14:25:26,517 -   858 /  2146 (039%):	 Total:0.2827944	 Acc:0.3437500	 lr:0.0004031	 Mean_Total:0.2904518
2021-11-26 14:26:50,205 -  1287 /  2146 (059%):	 Total:0.3088861	 Acc:0.3125000	 lr:0.0004014	 Mean_Total:0.3695667
2021-11-26 14:28:31,988 -  1716 /  2146 (079%):	 Total:1.1531203	 Acc:0.1250000	 lr:0.0003996	 Mean_Total:0.4717798
2021-11-26 14:30:06,486 -  2145 /  2146 (099%):	 Total:0.1155550	 Acc:0.5312500	 lr:0.0003978	 Mean_Total:0.5534016
2021-11-26 14:30:06,785 - ===============================| start validation |===============================
2021-11-26 14:30:33,908 - 	 Total:0.5622437	 Acc:0.2850578
2021-11-26 14:30:33,912 -    ini file updated    
2021-11-26 14:30:33,928 - Snapshot saved to /data/users/wergillius/UTR_VAE/pth/RL_gru_MTL/1_layer_model/vleng_k9-model_best_cv0.pth

2021-11-26 14:30:33,929 -    ini file updated    
2021-11-26 14:30:33,929 - ===============================|    epoch 23   |===============================
2021-11-26 14:30:34,949 -     0 /  2146 (000%):	 Total:0.4410559	 Acc:0.2187500	 lr:0.0003978	 Mean_Total:0.4410559
2021-11-26 14:31:50,807 -   429 /  2146 (019%):	 Total:0.1216986	 Acc:0.3750000	 lr:0.0003961	 Mean_Total:0.2248821
2021-11-26 14:32:54,512 -   858 /  2146 (039%):	 Total:0.5906317	 Acc:0.2500000	 lr:0.0003944	 Mean_Total:0.2848396
2021-11-26 14:34:19,955 -  1287 /  2146 (059%):	 Total:0.5866958	 Acc:0.3125000	 lr:0.0003928	 Mean_Total:0.3709307
2021-11-26 14:36:01,930 -  1716 /  2146 (079%):	 Total:1.5527694	 Acc:0.0625000	 lr:0.0003911	 Mean_Total:0.4679179
2021-11-26 14:37:36,712 -  2145 /  2146 (099%):	 Total:0.4282665	 Acc:0.1875000	 lr:0.0003895	 Mean_Total:0.5743434
2021-11-26 14:37:36,995 - ===============================| start validation |===============================
2021-11-26 14:38:04,583 - 	 Total:0.5701200	 Acc:0.2742910
2021-11-26 14:38:04,597 -    ini file updated    
2021-11-26 14:38:04,597 - ===============================|    epoch 24   |===============================
2021-11-26 14:38:05,429 -     0 /  2146 (000%):	 Total:0.3431353	 Acc:0.3437500	 lr:0.0003895	 Mean_Total:0.3431353
2021-11-26 14:39:21,657 -   429 /  2146 (019%):	 Total:0.3087347	 Acc:0.4062500	 lr:0.0003879	 Mean_Total:0.2256354
2021-11-26 14:40:24,837 -   858 /  2146 (039%):	 Total:0.3551584	 Acc:0.2812500	 lr:0.0003863	 Mean_Total:0.2901685
2021-11-26 14:41:48,134 -  1287 /  2146 (059%):	 Total:0.7394670	 Acc:0.3125000	 lr:0.0003847	 Mean_Total:0.3776217
2021-11-26 14:43:31,024 -  1716 /  2146 (079%):	 Total:0.9233205	 Acc:0.1250000	 lr:0.0003831	 Mean_Total:0.4719136
2021-11-26 14:45:06,748 -  2145 /  2146 (099%):	 Total:1.2053453	 Acc:0.4375000	 lr:0.0003816	 Mean_Total:0.5527398
2021-11-26 14:45:07,065 - ===============================| start validation |===============================
2021-11-26 14:45:33,470 - 	 Total:0.5504788	 Acc:0.2884716
2021-11-26 14:45:33,479 -    ini file updated    
2021-11-26 14:45:33,486 - Snapshot saved to /data/users/wergillius/UTR_VAE/pth/RL_gru_MTL/1_layer_model/vleng_k9-model_best_cv0.pth

2021-11-26 14:45:33,487 -    ini file updated    
2021-11-26 14:45:33,487 - ===============================|    epoch 25   |===============================
2021-11-26 14:45:34,306 -     0 /  2146 (000%):	 Total:0.1908367	 Acc:0.4062500	 lr:0.0003816	 Mean_Total:0.1908367
2021-11-26 14:46:49,126 -   429 /  2146 (019%):	 Total:0.0911084	 Acc:0.4687500	 lr:0.0003801	 Mean_Total:0.2172324
2021-11-26 14:47:53,572 -   858 /  2146 (039%):	 Total:0.2174062	 Acc:0.3125000	 lr:0.0003786	 Mean_Total:0.2805212
2021-11-26 14:49:18,295 -  1287 /  2146 (059%):	 Total:0.3368274	 Acc:0.2500000	 lr:0.0003771	 Mean_Total:0.3591259
2021-11-26 14:50:56,908 -  1716 /  2146 (079%):	 Total:0.9024675	 Acc:0.2187500	 lr:0.0003756	 Mean_Total:0.4528606
2021-11-26 14:52:31,019 -  2145 /  2146 (099%):	 Total:0.5515516	 Acc:0.3437500	 lr:0.0003742	 Mean_Total:0.5345035
2021-11-26 14:52:31,288 - ===============================| start validation |===============================
2021-11-26 14:52:57,224 - 	 Total:0.5473965	 Acc:0.2786239
2021-11-26 14:52:57,228 -    ini file updated    
2021-11-26 14:52:57,236 - Snapshot saved to /data/users/wergillius/UTR_VAE/pth/RL_gru_MTL/1_layer_model/vleng_k9-model_best_cv0.pth

2021-11-26 14:52:57,237 -    ini file updated    
2021-11-26 14:52:57,237 - ===============================|    epoch 26   |===============================
2021-11-26 14:52:58,023 -     0 /  2146 (000%):	 Total:0.2012142	 Acc:0.3437500	 lr:0.0003742	 Mean_Total:0.2012142
2021-11-26 14:54:14,150 -   429 /  2146 (019%):	 Total:0.2847673	 Acc:0.3125000	 lr:0.0003728	 Mean_Total:0.2140075
2021-11-26 14:55:17,462 -   858 /  2146 (039%):	 Total:0.5214781	 Acc:0.3125000	 lr:0.0003713	 Mean_Total:0.2770698
2021-11-26 14:56:41,775 -  1287 /  2146 (059%):	 Total:0.9921979	 Acc:0.1562500	 lr:0.0003699	 Mean_Total:0.3515882
2021-11-26 14:58:21,767 -  1716 /  2146 (079%):	 Total:0.6092724	 Acc:0.2500000	 lr:0.0003686	 Mean_Total:0.4480683
2021-11-26 14:59:56,692 -  2145 /  2146 (099%):	 Total:0.8482217	 Acc:0.2187500	 lr:0.0003672	 Mean_Total:0.5352419
2021-11-26 14:59:56,961 - ===============================| start validation |===============================
2021-11-26 15:00:23,898 - 	 Total:0.5468032	 Acc:0.2837447
2021-11-26 15:00:23,907 -    ini file updated    
2021-11-26 15:00:23,913 - Snapshot saved to /data/users/wergillius/UTR_VAE/pth/RL_gru_MTL/1_layer_model/vleng_k9-model_best_cv0.pth

2021-11-26 15:00:23,914 -    ini file updated    
2021-11-26 15:00:23,914 - ===============================|    epoch 27   |===============================
2021-11-26 15:00:24,753 -     0 /  2146 (000%):	 Total:0.2385615	 Acc:0.4062500	 lr:0.0003672	 Mean_Total:0.2385615
2021-11-26 15:01:41,879 -   429 /  2146 (019%):	 Total:0.1012804	 Acc:0.4687500	 lr:0.0003658	 Mean_Total:0.2154639
2021-11-26 15:02:44,879 -   858 /  2146 (039%):	 Total:0.5612410	 Acc:0.2500000	 lr:0.0003645	 Mean_Total:0.2762104
2021-11-26 15:04:09,003 -  1287 /  2146 (059%):	 Total:0.5400991	 Acc:0.2187500	 lr:0.0003632	 Mean_Total:0.3490691
2021-11-26 15:05:50,646 -  1716 /  2146 (079%):	 Total:0.9225941	 Acc:0.1562500	 lr:0.0003619	 Mean_Total:0.4426409
2021-11-26 15:07:25,594 -  2145 /  2146 (099%):	 Total:1.1982229	 Acc:0.0937500	 lr:0.0003606	 Mean_Total:0.5632842
2021-11-26 15:07:25,913 - ===============================| start validation |===============================
2021-11-26 15:07:52,967 - 	 Total:0.7718538	 Acc:0.2513130
2021-11-26 15:07:52,982 -    ini file updated    
2021-11-26 15:07:52,983 - ===============================|    epoch 28   |===============================
2021-11-26 15:07:53,790 -     0 /  2146 (000%):	 Total:0.3411745	 Acc:0.3125000	 lr:0.0003606	 Mean_Total:0.3411745
2021-11-26 15:09:09,363 -   429 /  2146 (019%):	 Total:0.5385745	 Acc:0.3750000	 lr:0.0003593	 Mean_Total:0.3609597
2021-11-26 15:10:14,341 -   858 /  2146 (039%):	 Total:0.5659552	 Acc:0.2812500	 lr:0.0003580	 Mean_Total:0.4384359
2021-11-26 15:11:37,579 -  1287 /  2146 (059%):	 Total:0.5949236	 Acc:0.2812500	 lr:0.0003568	 Mean_Total:0.4877385
2021-11-26 15:13:18,550 -  1716 /  2146 (079%):	 Total:1.4053967	 Acc:0.1250000	 lr:0.0003555	 Mean_Total:0.5549084
2021-11-26 15:14:52,483 -  2145 /  2146 (099%):	 Total:0.2625105	 Acc:0.3437500	 lr:0.0003543	 Mean_Total:0.6157499
2021-11-26 15:14:52,727 - ===============================| start validation |===============================
2021-11-26 15:15:19,497 - 	 Total:0.5512911	 Acc:0.2837447
2021-11-26 15:15:19,505 -    ini file updated    
2021-11-26 15:15:19,506 - ===============================|    epoch 29   |===============================
2021-11-26 15:15:20,394 -     0 /  2146 (000%):	 Total:0.1047213	 Acc:0.6250000	 lr:0.0003543	 Mean_Total:0.1047213
2021-11-26 15:16:35,378 -   429 /  2146 (019%):	 Total:0.1099856	 Acc:0.5000000	 lr:0.0003531	 Mean_Total:0.2112929
2021-11-26 15:17:38,975 -   858 /  2146 (039%):	 Total:0.3402250	 Acc:0.1562500	 lr:0.0003519	 Mean_Total:0.2744131
2021-11-26 15:19:03,065 -  1287 /  2146 (059%):	 Total:0.6305683	 Acc:0.2500000	 lr:0.0003507	 Mean_Total:0.3475703
2021-11-26 15:20:43,846 -  1716 /  2146 (079%):	 Total:0.8809407	 Acc:0.1875000	 lr:0.0003495	 Mean_Total:0.4386440
2021-11-26 15:22:19,237 -  2145 /  2146 (099%):	 Total:0.4846810	 Acc:0.1875000	 lr:0.0003484	 Mean_Total:0.5173449
2021-11-26 15:22:19,505 - ===============================| start validation |===============================
2021-11-26 15:22:46,301 - 	 Total:0.5317895	 Acc:0.2857143
2021-11-26 15:22:46,305 -    ini file updated    
2021-11-26 15:22:46,310 - Snapshot saved to /data/users/wergillius/UTR_VAE/pth/RL_gru_MTL/1_layer_model/vleng_k9-model_best_cv0.pth

2021-11-26 15:22:46,311 -    ini file updated    
2021-11-26 15:22:46,311 - ===============================|    epoch 30   |===============================
2021-11-26 15:22:47,152 -     0 /  2146 (000%):	 Total:0.1226282	 Acc:0.4062500	 lr:0.0003484	 Mean_Total:0.1226282
2021-11-26 15:24:02,732 -   429 /  2146 (019%):	 Total:0.2471789	 Acc:0.3750000	 lr:0.0003472	 Mean_Total:0.2103823
2021-11-26 15:25:07,161 -   858 /  2146 (039%):	 Total:0.2734067	 Acc:0.2812500	 lr:0.0003461	 Mean_Total:0.2698309
2021-11-26 15:26:30,454 -  1287 /  2146 (059%):	 Total:0.5516671	 Acc:0.2812500	 lr:0.0003449	 Mean_Total:0.3402682
2021-11-26 15:28:10,940 -  1716 /  2146 (079%):	 Total:0.9167548	 Acc:0.2187500	 lr:0.0003438	 Mean_Total:0.4325401
2021-11-26 15:29:46,131 -  2145 /  2146 (099%):	 Total:0.1899211	 Acc:0.4687500	 lr:0.0003427	 Mean_Total:0.5105602
2021-11-26 15:29:46,375 - ===============================| start validation |===============================
2021-11-26 15:30:12,753 - 	 Total:0.5376936	 Acc:0.2870273
2021-11-26 15:30:12,757 -    ini file updated    
2021-11-26 15:30:12,758 - ===============================|    epoch 31   |===============================
2021-11-26 15:30:13,593 -     0 /  2146 (000%):	 Total:0.1334718	 Acc:0.4687500	 lr:0.0003427	 Mean_Total:0.1334718
2021-11-26 15:31:28,594 -   429 /  2146 (019%):	 Total:0.3478685	 Acc:0.4375000	 lr:0.0003416	 Mean_Total:0.2041444
2021-11-26 15:32:32,763 -   858 /  2146 (039%):	 Total:0.5326859	 Acc:0.1875000	 lr:0.0003405	 Mean_Total:0.2620510
2021-11-26 15:33:55,113 -  1287 /  2146 (059%):	 Total:0.7317940	 Acc:0.1250000	 lr:0.0003394	 Mean_Total:0.3336829
2021-11-26 15:35:35,640 -  1716 /  2146 (079%):	 Total:0.4895440	 Acc:0.2500000	 lr:0.0003383	 Mean_Total:0.4251376
2021-11-26 15:37:09,997 -  2145 /  2146 (099%):	 Total:0.1966412	 Acc:0.3750000	 lr:0.0003373	 Mean_Total:0.5048662
2021-11-26 15:37:10,223 - ===============================| start validation |===============================
2021-11-26 15:37:36,489 - 	 Total:0.5515444	 Acc:0.2812500
2021-11-26 15:37:36,493 -    ini file updated    
2021-11-26 15:37:36,494 - ===============================|    epoch 32   |===============================
2021-11-26 15:37:37,357 -     0 /  2146 (000%):	 Total:0.2744406	 Acc:0.3750000	 lr:0.0003373	 Mean_Total:0.2744406
2021-11-26 15:38:52,784 -   429 /  2146 (019%):	 Total:0.2073517	 Acc:0.5000000	 lr:0.0003362	 Mean_Total:0.2050298
2021-11-26 15:39:56,487 -   858 /  2146 (039%):	 Total:0.7543478	 Acc:0.1562500	 lr:0.0003352	 Mean_Total:0.2584297
2021-11-26 15:41:21,180 -  1287 /  2146 (059%):	 Total:0.4715217	 Acc:0.2812500	 lr:0.0003342	 Mean_Total:0.3286817
2021-11-26 15:43:01,788 -  1716 /  2146 (079%):	 Total:0.5366470	 Acc:0.2187500	 lr:0.0003332	 Mean_Total:0.4219206
2021-11-26 15:44:36,648 -  2145 /  2146 (099%):	 Total:0.9168115	 Acc:0.1250000	 lr:0.0003321	 Mean_Total:0.5029833
2021-11-26 15:44:36,926 - ===============================| start validation |===============================
2021-11-26 15:45:04,312 - 	 Total:0.5136558	 Acc:0.2892595
2021-11-26 15:45:04,319 -    ini file updated    
2021-11-26 15:45:04,327 - Snapshot saved to /data/users/wergillius/UTR_VAE/pth/RL_gru_MTL/1_layer_model/vleng_k9-model_best_cv0.pth

2021-11-26 15:45:04,328 -    ini file updated    
2021-11-26 15:45:04,329 - ===============================|    epoch 33   |===============================
2021-11-26 15:45:05,172 -     0 /  2146 (000%):	 Total:0.2889261	 Acc:0.4062500	 lr:0.0003321	 Mean_Total:0.2889261
2021-11-26 15:46:21,144 -   429 /  2146 (019%):	 Total:0.2845319	 Acc:0.4375000	 lr:0.0003311	 Mean_Total:0.2014565
2021-11-26 15:47:25,872 -   858 /  2146 (039%):	 Total:0.6405257	 Acc:0.1875000	 lr:0.0003301	 Mean_Total:0.2541589
2021-11-26 15:48:49,518 -  1287 /  2146 (059%):	 Total:0.7030978	 Acc:0.1250000	 lr:0.0003292	 Mean_Total:0.3222680
2021-11-26 15:50:30,496 -  1716 /  2146 (079%):	 Total:0.8258265	 Acc:0.1875000	 lr:0.0003282	 Mean_Total:0.4173351
2021-11-26 15:52:04,581 -  2145 /  2146 (099%):	 Total:0.0863780	 Acc:0.4687500	 lr:0.0003272	 Mean_Total:0.4972705
2021-11-26 15:52:04,887 - ===============================| start validation |===============================
2021-11-26 15:52:31,057 - 	 Total:0.5025924	 Acc:0.2867647
2021-11-26 15:52:31,062 -    ini file updated    
2021-11-26 15:52:31,073 - Snapshot saved to /data/users/wergillius/UTR_VAE/pth/RL_gru_MTL/1_layer_model/vleng_k9-model_best_cv0.pth

2021-11-26 15:52:31,074 -    ini file updated    
2021-11-26 15:52:31,074 - ===============================|    epoch 34   |===============================
2021-11-26 15:52:31,888 -     0 /  2146 (000%):	 Total:0.1522293	 Acc:0.4375000	 lr:0.0003272	 Mean_Total:0.1522293
2021-11-26 15:53:46,854 -   429 /  2146 (019%):	 Total:0.1624174	 Acc:0.4375000	 lr:0.0003263	 Mean_Total:0.2007206
2021-11-26 15:54:52,329 -   858 /  2146 (039%):	 Total:0.2810372	 Acc:0.3125000	 lr:0.0003253	 Mean_Total:0.2519214
2021-11-26 15:56:15,396 -  1287 /  2146 (059%):	 Total:0.7232884	 Acc:0.0625000	 lr:0.0003244	 Mean_Total:0.3229954
2021-11-26 15:57:57,030 -  1716 /  2146 (079%):	 Total:0.8049989	 Acc:0.1875000	 lr:0.0003234	 Mean_Total:0.4117261
2021-11-26 15:59:31,899 -  2145 /  2146 (099%):	 Total:0.3875296	 Acc:0.2500000	 lr:0.0003225	 Mean_Total:0.4930632
2021-11-26 15:59:32,192 - ===============================| start validation |===============================
2021-11-26 15:59:58,283 - 	 Total:0.4987760	 Acc:0.2933298
2021-11-26 15:59:58,287 -    ini file updated    
2021-11-26 15:59:58,294 - Snapshot saved to /data/users/wergillius/UTR_VAE/pth/RL_gru_MTL/1_layer_model/vleng_k9-model_best_cv0.pth

2021-11-26 15:59:58,294 -    ini file updated    
2021-11-26 15:59:58,294 - ===============================|    epoch 35   |===============================
2021-11-26 15:59:59,161 -     0 /  2146 (000%):	 Total:0.1869592	 Acc:0.5000000	 lr:0.0003225	 Mean_Total:0.1869592
2021-11-26 16:01:15,096 -   429 /  2146 (019%):	 Total:0.1506049	 Acc:0.5000000	 lr:0.0003216	 Mean_Total:0.1976963
2021-11-26 16:02:18,911 -   858 /  2146 (039%):	 Total:0.4473274	 Acc:0.3125000	 lr:0.0003207	 Mean_Total:0.2496554
2021-11-26 16:03:43,040 -  1287 /  2146 (059%):	 Total:0.3249007	 Acc:0.2812500	 lr:0.0003198	 Mean_Total:0.3161764
2021-11-26 16:05:26,141 -  1716 /  2146 (079%):	 Total:0.8939281	 Acc:0.1562500	 lr:0.0003189	 Mean_Total:0.4085319
2021-11-26 16:07:00,292 -  2145 /  2146 (099%):	 Total:0.2941591	 Acc:0.3437500	 lr:0.0003180	 Mean_Total:0.4882545
2021-11-26 16:07:00,513 - ===============================| start validation |===============================
2021-11-26 16:07:28,310 - 	 Total:0.4962847	 Acc:0.2931985
2021-11-26 16:07:28,316 -    ini file updated    
2021-11-26 16:07:28,333 - Snapshot saved to /data/users/wergillius/UTR_VAE/pth/RL_gru_MTL/1_layer_model/vleng_k9-model_best_cv0.pth

2021-11-26 16:07:28,334 -    ini file updated    
2021-11-26 16:07:28,334 - ===============================|    epoch 36   |===============================
2021-11-26 16:07:29,186 -     0 /  2146 (000%):	 Total:0.1078172	 Acc:0.4687500	 lr:0.0003180	 Mean_Total:0.1078172
2021-11-26 16:08:44,769 -   429 /  2146 (019%):	 Total:0.2153465	 Acc:0.3125000	 lr:0.0003171	 Mean_Total:0.1932665
2021-11-26 16:09:49,099 -   858 /  2146 (039%):	 Total:0.2324220	 Acc:0.3750000	 lr:0.0003162	 Mean_Total:0.2489308
2021-11-26 16:11:14,104 -  1287 /  2146 (059%):	 Total:0.5054193	 Acc:0.1250000	 lr:0.0003154	 Mean_Total:0.3150741
2021-11-26 16:12:55,126 -  1716 /  2146 (079%):	 Total:0.7978978	 Acc:0.1250000	 lr:0.0003145	 Mean_Total:0.4043185
2021-11-26 16:14:29,178 -  2145 /  2146 (099%):	 Total:0.2091561	 Acc:0.5312500	 lr:0.0003137	 Mean_Total:0.4823525
2021-11-26 16:14:29,400 - ===============================| start validation |===============================
2021-11-26 16:14:55,648 - 	 Total:0.4905868	 Acc:0.2794118
2021-11-26 16:14:55,661 -    ini file updated    
2021-11-26 16:14:55,668 - Snapshot saved to /data/users/wergillius/UTR_VAE/pth/RL_gru_MTL/1_layer_model/vleng_k9-model_best_cv0.pth

2021-11-26 16:14:55,669 -    ini file updated    
2021-11-26 16:14:55,669 - ===============================|    epoch 37   |===============================
2021-11-26 16:14:56,460 -     0 /  2146 (000%):	 Total:0.1611506	 Acc:0.3750000	 lr:0.0003137	 Mean_Total:0.1611506
2021-11-26 16:16:11,858 -   429 /  2146 (019%):	 Total:0.0928000	 Acc:0.4375000	 lr:0.0003128	 Mean_Total:0.1912477
2021-11-26 16:17:16,637 -   858 /  2146 (039%):	 Total:0.3621254	 Acc:0.1875000	 lr:0.0003120	 Mean_Total:0.2427042
2021-11-26 16:18:40,814 -  1287 /  2146 (059%):	 Total:0.3723208	 Acc:0.2812500	 lr:0.0003112	 Mean_Total:0.3105481
2021-11-26 16:20:23,802 -  1716 /  2146 (079%):	 Total:1.0202166	 Acc:0.2187500	 lr:0.0003103	 Mean_Total:0.4237395
2021-11-26 16:21:57,624 -  2145 /  2146 (099%):	 Total:0.5273719	 Acc:0.3125000	 lr:0.0003095	 Mean_Total:0.5079855
2021-11-26 16:21:57,899 - ===============================| start validation |===============================
2021-11-26 16:22:23,755 - 	 Total:0.5205744	 Acc:0.2849265
2021-11-26 16:22:23,759 -    ini file updated    
2021-11-26 16:22:23,759 - ===============================|    epoch 38   |===============================
2021-11-26 16:22:24,465 -     0 /  2146 (000%):	 Total:0.2895901	 Acc:0.5625000	 lr:0.0003095	 Mean_Total:0.2895901
2021-11-26 16:23:39,219 -   429 /  2146 (019%):	 Total:0.2986475	 Acc:0.3125000	 lr:0.0003087	 Mean_Total:0.1975069
2021-11-26 16:24:43,874 -   858 /  2146 (039%):	 Total:0.3608832	 Acc:0.3125000	 lr:0.0003079	 Mean_Total:0.2489012
2021-11-26 16:26:07,583 -  1287 /  2146 (059%):	 Total:0.8049077	 Acc:0.3125000	 lr:0.0003071	 Mean_Total:0.3135942
2021-11-26 16:27:49,295 -  1716 /  2146 (079%):	 Total:1.1274078	 Acc:0.1562500	 lr:0.0003063	 Mean_Total:0.3998315
2021-11-26 16:29:24,654 -  2145 /  2146 (099%):	 Total:0.2725877	 Acc:0.3125000	 lr:0.0003055	 Mean_Total:0.4744200
2021-11-26 16:29:24,903 - ===============================| start validation |===============================
2021-11-26 16:29:51,824 - 	 Total:0.4875099	 Acc:0.2896534
2021-11-26 16:29:51,830 -    ini file updated    
2021-11-26 16:29:51,837 - Snapshot saved to /data/users/wergillius/UTR_VAE/pth/RL_gru_MTL/1_layer_model/vleng_k9-model_best_cv0.pth

2021-11-26 16:29:51,838 -    ini file updated    
2021-11-26 16:29:51,838 - ===============================|    epoch 39   |===============================
2021-11-26 16:29:52,712 -     0 /  2146 (000%):	 Total:0.0962186	 Acc:0.5000000	 lr:0.0003055	 Mean_Total:0.0962186
2021-11-26 16:31:08,222 -   429 /  2146 (019%):	 Total:0.0857864	 Acc:0.5312500	 lr:0.0003047	 Mean_Total:0.1880394
2021-11-26 16:32:11,099 -   858 /  2146 (039%):	 Total:0.3320190	 Acc:0.2500000	 lr:0.0003040	 Mean_Total:0.2363547
2021-11-26 16:33:35,432 -  1287 /  2146 (059%):	 Total:0.7160054	 Acc:0.0937500	 lr:0.0003032	 Mean_Total:0.3015382
2021-11-26 16:35:16,658 -  1716 /  2146 (079%):	 Total:0.7220725	 Acc:0.1875000	 lr:0.0003024	 Mean_Total:0.3866315
2021-11-26 16:36:51,867 -  2145 /  2146 (099%):	 Total:0.2327309	 Acc:0.3437500	 lr:0.0003017	 Mean_Total:0.4650654
2021-11-26 16:36:52,097 - ===============================| start validation |===============================
2021-11-26 16:37:18,946 - 	 Total:0.4677905	 Acc:0.2879464
2021-11-26 16:37:18,953 -    ini file updated    
2021-11-26 16:37:18,966 - Snapshot saved to /data/users/wergillius/UTR_VAE/pth/RL_gru_MTL/1_layer_model/vleng_k9-model_best_cv0.pth

2021-11-26 16:37:18,967 -    ini file updated    
2021-11-26 16:37:18,967 - ===============================|    epoch 40   |===============================
2021-11-26 16:37:19,903 -     0 /  2146 (000%):	 Total:0.0874358	 Acc:0.4375000	 lr:0.0003017	 Mean_Total:0.0874358
2021-11-26 16:38:35,648 -   429 /  2146 (019%):	 Total:0.2565759	 Acc:0.5312500	 lr:0.0003009	 Mean_Total:0.1863224
2021-11-26 16:39:39,274 -   858 /  2146 (039%):	 Total:0.3760676	 Acc:0.2500000	 lr:0.0003002	 Mean_Total:0.2341974
2021-11-26 16:41:02,780 -  1287 /  2146 (059%):	 Total:0.5873986	 Acc:0.2187500	 lr:0.0002994	 Mean_Total:0.2966884
2021-11-26 16:42:43,467 -  1716 /  2146 (079%):	 Total:1.0432513	 Acc:0.0937500	 lr:0.0002987	 Mean_Total:0.3825062
2021-11-26 16:44:19,144 -  2145 /  2146 (099%):	 Total:1.2521495	 Acc:0.1875000	 lr:0.0002980	 Mean_Total:0.4621882
2021-11-26 16:44:19,399 - ===============================| start validation |===============================
2021-11-26 16:44:45,911 - 	 Total:0.4586796	 Acc:0.3048845
2021-11-26 16:44:45,927 -    ini file updated    
2021-11-26 16:44:45,939 - Snapshot saved to /data/users/wergillius/UTR_VAE/pth/RL_gru_MTL/1_layer_model/vleng_k9-model_best_cv0.pth

2021-11-26 16:44:45,940 -    ini file updated    
2021-11-26 16:44:45,940 - ===============================|    epoch 41   |===============================
2021-11-26 16:44:46,895 -     0 /  2146 (000%):	 Total:0.1394717	 Acc:0.5312500	 lr:0.0002980	 Mean_Total:0.1394717
2021-11-26 16:46:02,950 -   429 /  2146 (019%):	 Total:0.2728576	 Acc:0.4062500	 lr:0.0002973	 Mean_Total:0.1830227
2021-11-26 16:47:06,357 -   858 /  2146 (039%):	 Total:0.2078889	 Acc:0.3125000	 lr:0.0002965	 Mean_Total:0.2315012
2021-11-26 16:48:28,982 -  1287 /  2146 (059%):	 Total:0.3897009	 Acc:0.2187500	 lr:0.0002958	 Mean_Total:0.2943365
2021-11-26 16:50:10,176 -  1716 /  2146 (079%):	 Total:0.7386284	 Acc:0.1562500	 lr:0.0002951	 Mean_Total:0.3824648
2021-11-26 16:51:43,839 -  2145 /  2146 (099%):	 Total:0.2633509	 Acc:0.3750000	 lr:0.0002944	 Mean_Total:0.4694669
2021-11-26 16:51:44,080 - ===============================| start validation |===============================
2021-11-26 16:52:11,418 - 	 Total:0.4894619	 Acc:0.2762605
2021-11-26 16:52:11,424 -    ini file updated    
2021-11-26 16:52:11,424 - ===============================|    epoch 42   |===============================
2021-11-26 16:52:12,210 -     0 /  2146 (000%):	 Total:0.1149316	 Acc:0.4687500	 lr:0.0002944	 Mean_Total:0.1149316
2021-11-26 16:53:28,017 -   429 /  2146 (019%):	 Total:0.1666516	 Acc:0.3437500	 lr:0.0002937	 Mean_Total:0.1849018
2021-11-26 16:54:32,935 -   858 /  2146 (039%):	 Total:0.3801923	 Acc:0.3437500	 lr:0.0002930	 Mean_Total:0.2313013
2021-11-26 16:55:56,583 -  1287 /  2146 (059%):	 Total:0.2973881	 Acc:0.3750000	 lr:0.0002923	 Mean_Total:0.3233469
2021-11-26 16:57:36,761 -  1716 /  2146 (079%):	 Total:0.8573742	 Acc:0.2187500	 lr:0.0002916	 Mean_Total:0.4017637
2021-11-26 16:59:10,967 -  2145 /  2146 (099%):	 Total:1.2437534	 Acc:0.2500000	 lr:0.0002910	 Mean_Total:0.4742349
2021-11-26 16:59:11,248 - ===============================| start validation |===============================
2021-11-26 16:59:37,901 - 	 Total:0.4546970	 Acc:0.2993697
2021-11-26 16:59:37,905 -    ini file updated    
2021-11-26 16:59:37,910 - Snapshot saved to /data/users/wergillius/UTR_VAE/pth/RL_gru_MTL/1_layer_model/vleng_k9-model_best_cv0.pth

2021-11-26 16:59:37,911 -    ini file updated    
2021-11-26 16:59:37,911 - ===============================|    epoch 43   |===============================
2021-11-26 16:59:38,732 -     0 /  2146 (000%):	 Total:0.1577279	 Acc:0.4687500	 lr:0.0002910	 Mean_Total:0.1577279
2021-11-26 17:00:53,550 -   429 /  2146 (019%):	 Total:0.3111414	 Acc:0.3125000	 lr:0.0002903	 Mean_Total:0.1806744
2021-11-26 17:01:57,283 -   858 /  2146 (039%):	 Total:0.2082046	 Acc:0.3437500	 lr:0.0002896	 Mean_Total:0.2285632
2021-11-26 17:03:21,122 -  1287 /  2146 (059%):	 Total:0.5051606	 Acc:0.2812500	 lr:0.0002890	 Mean_Total:0.2915276
2021-11-26 17:05:02,932 -  1716 /  2146 (079%):	 Total:1.3807342	 Acc:0.1875000	 lr:0.0002883	 Mean_Total:0.3877737
2021-11-26 17:06:37,723 -  2145 /  2146 (099%):	 Total:0.7056916	 Acc:0.3125000	 lr:0.0002876	 Mean_Total:0.4763884
2021-11-26 17:06:38,039 - ===============================| start validation |===============================
2021-11-26 17:07:04,857 - 	 Total:0.5281586	 Acc:0.2754727
2021-11-26 17:07:04,879 -    ini file updated    
2021-11-26 17:07:04,879 - ===============================|    epoch 44   |===============================
2021-11-26 17:07:05,831 -     0 /  2146 (000%):	 Total:0.1016898	 Acc:0.5000000	 lr:0.0002876	 Mean_Total:0.1016898
2021-11-26 17:08:20,825 -   429 /  2146 (019%):	 Total:0.2425160	 Acc:0.6562500	 lr:0.0002870	 Mean_Total:0.1929614
2021-11-26 17:09:25,028 -   858 /  2146 (039%):	 Total:0.4777958	 Acc:0.2812500	 lr:0.0002863	 Mean_Total:0.2396612
2021-11-26 17:10:47,977 -  1287 /  2146 (059%):	 Total:0.2358899	 Acc:0.3125000	 lr:0.0002857	 Mean_Total:0.2980202
2021-11-26 17:12:29,705 -  1716 /  2146 (079%):	 Total:1.0202844	 Acc:0.2812500	 lr:0.0002851	 Mean_Total:0.3822100
2021-11-26 17:14:03,443 -  2145 /  2146 (099%):	 Total:0.2325960	 Acc:0.2500000	 lr:0.0002844	 Mean_Total:0.4581849
2021-11-26 17:14:03,686 - ===============================| start validation |===============================
2021-11-26 17:14:30,317 - 	 Total:0.4515567	 Acc:0.2872899
2021-11-26 17:14:30,321 -    ini file updated    
2021-11-26 17:14:30,326 - Snapshot saved to /data/users/wergillius/UTR_VAE/pth/RL_gru_MTL/1_layer_model/vleng_k9-model_best_cv0.pth

2021-11-26 17:14:30,326 -    ini file updated    
2021-11-26 17:14:30,327 - ===============================|    epoch 45   |===============================
2021-11-26 17:14:31,220 -     0 /  2146 (000%):	 Total:0.1854225	 Acc:0.5625000	 lr:0.0002844	 Mean_Total:0.1854225
2021-11-26 17:15:46,863 -   429 /  2146 (019%):	 Total:0.2627623	 Acc:0.2812500	 lr:0.0002838	 Mean_Total:0.1771932
2021-11-26 17:16:51,343 -   858 /  2146 (039%):	 Total:0.7401799	 Acc:0.2187500	 lr:0.0002832	 Mean_Total:0.2249901
2021-11-26 17:18:14,615 -  1287 /  2146 (059%):	 Total:0.7347976	 Acc:0.1562500	 lr:0.0002826	 Mean_Total:0.2856265
2021-11-26 17:19:55,717 -  1716 /  2146 (079%):	 Total:1.2013235	 Acc:0.2500000	 lr:0.0002819	 Mean_Total:0.4001517
2021-11-26 17:21:30,410 -  2145 /  2146 (099%):	 Total:0.1911203	 Acc:0.3437500	 lr:0.0002813	 Mean_Total:0.4718173
2021-11-26 17:21:30,680 - ===============================| start validation |===============================
2021-11-26 17:21:57,837 - 	 Total:0.4461804	 Acc:0.2851891
2021-11-26 17:21:57,846 -    ini file updated    
2021-11-26 17:21:57,862 - Snapshot saved to /data/users/wergillius/UTR_VAE/pth/RL_gru_MTL/1_layer_model/vleng_k9-model_best_cv0.pth

2021-11-26 17:21:57,863 -    ini file updated    
2021-11-26 17:21:57,863 - ===============================|    epoch 46   |===============================
2021-11-26 17:21:58,754 -     0 /  2146 (000%):	 Total:0.1477250	 Acc:0.3437500	 lr:0.0002813	 Mean_Total:0.1477250
2021-11-26 17:23:15,082 -   429 /  2146 (019%):	 Total:0.1651439	 Acc:0.4062500	 lr:0.0002807	 Mean_Total:0.1804178
2021-11-26 17:24:19,020 -   858 /  2146 (039%):	 Total:0.1978863	 Acc:0.4062500	 lr:0.0002801	 Mean_Total:0.2226689
2021-11-26 17:25:41,822 -  1287 /  2146 (059%):	 Total:0.6850907	 Acc:0.2500000	 lr:0.0002795	 Mean_Total:0.2826535
2021-11-26 17:27:22,922 -  1716 /  2146 (079%):	 Total:0.6573634	 Acc:0.3125000	 lr:0.0002789	 Mean_Total:0.3664133
2021-11-26 17:28:55,667 -  2145 /  2146 (099%):	 Total:0.7715148	 Acc:0.1562500	 lr:0.0002783	 Mean_Total:0.4433807
2021-11-26 17:28:55,991 - ===============================| start validation |===============================
2021-11-26 17:29:22,730 - 	 Total:0.4435115	 Acc:0.2933298
2021-11-26 17:29:22,734 -    ini file updated    
2021-11-26 17:29:22,745 - Snapshot saved to /data/users/wergillius/UTR_VAE/pth/RL_gru_MTL/1_layer_model/vleng_k9-model_best_cv0.pth

2021-11-26 17:29:22,746 -    ini file updated    
2021-11-26 17:29:22,746 - ===============================|    epoch 47   |===============================
2021-11-26 17:29:23,519 -     0 /  2146 (000%):	 Total:0.1075142	 Acc:0.4375000	 lr:0.0002783	 Mean_Total:0.1075142
2021-11-26 17:30:39,259 -   429 /  2146 (019%):	 Total:0.1259283	 Acc:0.4687500	 lr:0.0002777	 Mean_Total:0.1768015
2021-11-26 17:31:43,910 -   858 /  2146 (039%):	 Total:0.2207018	 Acc:0.4375000	 lr:0.0002771	 Mean_Total:0.2212594
2021-11-26 17:33:08,469 -  1287 /  2146 (059%):	 Total:0.6610161	 Acc:0.1875000	 lr:0.0002766	 Mean_Total:0.2856329
2021-11-26 17:34:49,587 -  1716 /  2146 (079%):	 Total:0.8248118	 Acc:0.2500000	 lr:0.0002760	 Mean_Total:0.3899340
2021-11-26 17:36:25,114 -  2145 /  2146 (099%):	 Total:0.1883865	 Acc:0.4375000	 lr:0.0002754	 Mean_Total:0.4638261
2021-11-26 17:36:25,320 - ===============================| start validation |===============================
2021-11-26 17:36:52,359 - 	 Total:0.4394311	 Acc:0.2968750
2021-11-26 17:36:52,363 -    ini file updated    
2021-11-26 17:36:52,376 - Snapshot saved to /data/users/wergillius/UTR_VAE/pth/RL_gru_MTL/1_layer_model/vleng_k9-model_best_cv0.pth

2021-11-26 17:36:52,377 -    ini file updated    
2021-11-26 17:36:52,377 - ===============================|    epoch 48   |===============================
2021-11-26 17:36:53,145 -     0 /  2146 (000%):	 Total:0.1583530	 Acc:0.4687500	 lr:0.0002754	 Mean_Total:0.1583530
2021-11-26 17:38:08,858 -   429 /  2146 (019%):	 Total:0.1825841	 Acc:0.3437500	 lr:0.0002748	 Mean_Total:0.1759309
2021-11-26 17:39:13,421 -   858 /  2146 (039%):	 Total:0.2574910	 Acc:0.2812500	 lr:0.0002743	 Mean_Total:0.2200270
2021-11-26 17:40:37,765 -  1287 /  2146 (059%):	 Total:0.5274396	 Acc:0.1875000	 lr:0.0002737	 Mean_Total:0.2785449
2021-11-26 17:42:18,960 -  1716 /  2146 (079%):	 Total:0.5801222	 Acc:0.2500000	 lr:0.0002731	 Mean_Total:0.3614435
2021-11-26 17:43:53,569 -  2145 /  2146 (099%):	 Total:0.1768507	 Acc:0.2812500	 lr:0.0002726	 Mean_Total:0.4418807
2021-11-26 17:43:53,803 - ===============================| start validation |===============================
2021-11-26 17:44:20,937 - 	 Total:0.4486352	 Acc:0.3058036
2021-11-26 17:44:20,941 -    ini file updated    
2021-11-26 17:44:20,957 - Snapshot saved to /data/users/wergillius/UTR_VAE/pth/RL_gru_MTL/1_layer_model/vleng_k9-model_best_cv0.pth

2021-11-26 17:44:20,958 -    ini file updated    
2021-11-26 17:44:20,958 - ===============================|    epoch 49   |===============================
2021-11-26 17:44:21,852 -     0 /  2146 (000%):	 Total:0.2329065	 Acc:0.3437500	 lr:0.0002726	 Mean_Total:0.2329065
2021-11-26 17:45:37,877 -   429 /  2146 (019%):	 Total:0.1625618	 Acc:0.3437500	 lr:0.0002720	 Mean_Total:0.1746654
2021-11-26 17:46:42,688 -   858 /  2146 (039%):	 Total:0.1966536	 Acc:0.3750000	 lr:0.0002715	 Mean_Total:0.2194591
2021-11-26 17:48:07,556 -  1287 /  2146 (059%):	 Total:0.4966150	 Acc:0.2187500	 lr:0.0002709	 Mean_Total:0.2783691
2021-11-26 17:49:48,254 -  1716 /  2146 (079%):	 Total:0.7761263	 Acc:0.1250000	 lr:0.0002704	 Mean_Total:0.3589246
2021-11-26 17:51:23,716 -  2145 /  2146 (099%):	 Total:0.2490982	 Acc:0.3750000	 lr:0.0002698	 Mean_Total:0.4500879
2021-11-26 17:51:23,944 - ===============================| start validation |===============================
2021-11-26 17:51:50,698 - 	 Total:0.4498403	 Acc:0.2870273
2021-11-26 17:51:50,702 -    ini file updated    
2021-11-26 17:51:50,702 - ===============================|    epoch 50   |===============================
2021-11-26 17:51:51,551 -     0 /  2146 (000%):	 Total:0.1169837	 Acc:0.5312500	 lr:0.0002698	 Mean_Total:0.1169837
2021-11-26 17:53:08,154 -   429 /  2146 (019%):	 Total:0.2664993	 Acc:0.4375000	 lr:0.0002693	 Mean_Total:0.1765099
2021-11-26 17:54:11,552 -   858 /  2146 (039%):	 Total:0.2678143	 Acc:0.2812500	 lr:0.0002688	 Mean_Total:0.2201474
2021-11-26 17:55:36,836 -  1287 /  2146 (059%):	 Total:0.5447714	 Acc:0.1250000	 lr:0.0002682	 Mean_Total:0.2768037
2021-11-26 17:57:16,942 -  1716 /  2146 (079%):	 Total:0.7775766	 Acc:0.3437500	 lr:0.0002677	 Mean_Total:0.3562983
2021-11-26 17:58:50,967 -  2145 /  2146 (099%):	 Total:0.2428868	 Acc:0.2500000	 lr:0.0002672	 Mean_Total:0.4409114
2021-11-26 17:58:51,199 - ===============================| start validation |===============================
2021-11-26 17:59:17,814 - 	 Total:0.4277397	 Acc:0.3051471
2021-11-26 17:59:17,820 -    ini file updated    
2021-11-26 17:59:17,829 - Snapshot saved to /data/users/wergillius/UTR_VAE/pth/RL_gru_MTL/1_layer_model/vleng_k9-model_best_cv0.pth

2021-11-26 17:59:17,830 -    ini file updated    
2021-11-26 17:59:17,830 - ===============================|    epoch 51   |===============================
2021-11-26 17:59:18,683 -     0 /  2146 (000%):	 Total:0.1159521	 Acc:0.5625000	 lr:0.0002672	 Mean_Total:0.1159521
2021-11-26 18:00:34,897 -   429 /  2146 (019%):	 Total:0.1632374	 Acc:0.5312500	 lr:0.0002667	 Mean_Total:0.1715028
2021-11-26 18:01:37,520 -   858 /  2146 (039%):	 Total:0.4064572	 Acc:0.1875000	 lr:0.0002661	 Mean_Total:0.2140997
2021-11-26 18:03:01,498 -  1287 /  2146 (059%):	 Total:0.3559246	 Acc:0.2812500	 lr:0.0002656	 Mean_Total:0.2710569
2021-11-26 18:04:41,968 -  1716 /  2146 (079%):	 Total:0.4902670	 Acc:0.2500000	 lr:0.0002651	 Mean_Total:0.3526268
2021-11-26 18:06:16,734 -  2145 /  2146 (099%):	 Total:0.6253110	 Acc:0.2812500	 lr:0.0002646	 Mean_Total:0.4421962
2021-11-26 18:06:17,015 - ===============================| start validation |===============================
2021-11-26 18:06:43,692 - 	 Total:0.7503554	 Acc:0.2771796
2021-11-26 18:06:43,696 -    ini file updated    
2021-11-26 18:06:43,696 - ===============================|    epoch 52   |===============================
2021-11-26 18:06:44,665 -     0 /  2146 (000%):	 Total:0.1534733	 Acc:0.3125000	 lr:0.0002646	 Mean_Total:0.1534733
2021-11-26 18:08:00,716 -   429 /  2146 (019%):	 Total:0.2063058	 Acc:0.3125000	 lr:0.0002641	 Mean_Total:0.1820664
2021-11-26 18:09:04,648 -   858 /  2146 (039%):	 Total:0.2594244	 Acc:0.4375000	 lr:0.0002636	 Mean_Total:0.2182120
2021-11-26 18:10:27,347 -  1287 /  2146 (059%):	 Total:0.7421696	 Acc:0.1875000	 lr:0.0002631	 Mean_Total:0.2708859
2021-11-26 18:12:08,688 -  1716 /  2146 (079%):	 Total:1.0157888	 Acc:0.1250000	 lr:0.0002626	 Mean_Total:0.3535226
2021-11-26 18:13:41,987 -  2145 /  2146 (099%):	 Total:0.4142512	 Acc:0.3125000	 lr:0.0002621	 Mean_Total:0.4582683
2021-11-26 18:13:42,208 - ===============================| start validation |===============================
2021-11-26 18:14:08,869 - 	 Total:0.4332708	 Acc:0.2888655
2021-11-26 18:14:08,874 -    ini file updated    
2021-11-26 18:14:08,874 - ===============================|    epoch 53   |===============================
2021-11-26 18:14:09,824 -     0 /  2146 (000%):	 Total:0.3084179	 Acc:0.5312500	 lr:0.0002621	 Mean_Total:0.3084179
2021-11-26 18:15:25,961 -   429 /  2146 (019%):	 Total:0.0721274	 Acc:0.6562500	 lr:0.0002616	 Mean_Total:0.1720769
2021-11-26 18:16:31,015 -   858 /  2146 (039%):	 Total:0.2520748	 Acc:0.3437500	 lr:0.0002611	 Mean_Total:0.2139317
2021-11-26 18:17:54,913 -  1287 /  2146 (059%):	 Total:0.3169058	 Acc:0.2187500	 lr:0.0002606	 Mean_Total:0.2711156
2021-11-26 18:19:35,004 -  1716 /  2146 (079%):	 Total:0.3946608	 Acc:0.1875000	 lr:0.0002601	 Mean_Total:0.3479392
2021-11-26 18:21:08,688 -  2145 /  2146 (099%):	 Total:0.6744802	 Acc:0.3125000	 lr:0.0002596	 Mean_Total:0.4256143
2021-11-26 18:21:09,010 - ===============================| start validation |===============================
2021-11-26 18:21:35,331 - 	 Total:0.4254207	 Acc:0.2996324
2021-11-26 18:21:35,335 -    ini file updated    
2021-11-26 18:21:35,346 - Snapshot saved to /data/users/wergillius/UTR_VAE/pth/RL_gru_MTL/1_layer_model/vleng_k9-model_best_cv0.pth

2021-11-26 18:21:35,346 -    ini file updated    
2021-11-26 18:21:35,346 - ===============================|    epoch 54   |===============================
2021-11-26 18:21:36,120 -     0 /  2146 (000%):	 Total:0.1275400	 Acc:0.5937500	 lr:0.0002596	 Mean_Total:0.1275400
2021-11-26 18:22:52,369 -   429 /  2146 (019%):	 Total:0.2219753	 Acc:0.4062500	 lr:0.0002592	 Mean_Total:0.1699157
2021-11-26 18:23:56,762 -   858 /  2146 (039%):	 Total:0.3580283	 Acc:0.3125000	 lr:0.0002587	 Mean_Total:0.2105252
2021-11-26 18:25:20,902 -  1287 /  2146 (059%):	 Total:0.3517383	 Acc:0.3125000	 lr:0.0002582	 Mean_Total:0.2694875
2021-11-26 18:27:01,616 -  1716 /  2146 (079%):	 Total:0.4204785	 Acc:0.2500000	 lr:0.0002577	 Mean_Total:0.3487638
2021-11-26 18:28:36,422 -  2145 /  2146 (099%):	 Total:0.6331006	 Acc:0.1875000	 lr:0.0002573	 Mean_Total:0.4271484
2021-11-26 18:28:36,705 - ===============================| start validation |===============================
2021-11-26 18:29:03,304 - 	 Total:0.4201564	 Acc:0.2925420
2021-11-26 18:29:03,309 -    ini file updated    
2021-11-26 18:29:03,321 - Snapshot saved to /data/users/wergillius/UTR_VAE/pth/RL_gru_MTL/1_layer_model/vleng_k9-model_best_cv0.pth

2021-11-26 18:29:03,322 -    ini file updated    
2021-11-26 18:29:03,322 - ===============================|    epoch 55   |===============================
2021-11-26 18:29:04,161 -     0 /  2146 (000%):	 Total:0.2738124	 Acc:0.4687500	 lr:0.0002573	 Mean_Total:0.2738124
2021-11-26 18:30:20,877 -   429 /  2146 (019%):	 Total:0.1114740	 Acc:0.4375000	 lr:0.0002568	 Mean_Total:0.1667297
2021-11-26 18:31:24,791 -   858 /  2146 (039%):	 Total:0.3160415	 Acc:0.3125000	 lr:0.0002563	 Mean_Total:0.2076880
2021-11-26 18:32:50,049 -  1287 /  2146 (059%):	 Total:0.4053061	 Acc:0.2500000	 lr:0.0002559	 Mean_Total:0.2640032
2021-11-26 18:34:30,371 -  1716 /  2146 (079%):	 Total:0.9570611	 Acc:0.1562500	 lr:0.0002554	 Mean_Total:0.3438001
2021-11-26 18:36:03,874 -  2145 /  2146 (099%):	 Total:0.1189569	 Acc:0.4062500	 lr:0.0002550	 Mean_Total:0.4189059
2021-11-26 18:36:04,137 - ===============================| start validation |===============================
2021-11-26 18:36:31,373 - 	 Total:0.4185570	 Acc:0.3065914
2021-11-26 18:36:31,377 -    ini file updated    
2021-11-26 18:36:31,383 - Snapshot saved to /data/users/wergillius/UTR_VAE/pth/RL_gru_MTL/1_layer_model/vleng_k9-model_best_cv0.pth

2021-11-26 18:36:31,384 -    ini file updated    
2021-11-26 18:36:31,384 - ===============================|    epoch 56   |===============================
2021-11-26 18:36:32,142 -     0 /  2146 (000%):	 Total:0.0697661	 Acc:0.5625000	 lr:0.0002550	 Mean_Total:0.0697661
2021-11-26 18:37:48,699 -   429 /  2146 (019%):	 Total:0.1846636	 Acc:0.3125000	 lr:0.0002545	 Mean_Total:0.1690304
2021-11-26 18:38:52,029 -   858 /  2146 (039%):	 Total:0.4424635	 Acc:0.1875000	 lr:0.0002541	 Mean_Total:0.2096936
2021-11-26 18:40:16,222 -  1287 /  2146 (059%):	 Total:0.5932628	 Acc:0.3750000	 lr:0.0002536	 Mean_Total:0.2647517
2021-11-26 18:41:57,597 -  1716 /  2146 (079%):	 Total:1.0142401	 Acc:0.2187500	 lr:0.0002532	 Mean_Total:0.3419092
2021-11-26 18:43:33,399 -  2145 /  2146 (099%):	 Total:0.2021681	 Acc:0.3125000	 lr:0.0002527	 Mean_Total:0.4196298
2021-11-26 18:43:33,685 - ===============================| start validation |===============================
2021-11-26 18:44:00,695 - 	 Total:0.4064517	 Acc:0.3086922
2021-11-26 18:44:00,700 -    ini file updated    
2021-11-26 18:44:00,706 - Snapshot saved to /data/users/wergillius/UTR_VAE/pth/RL_gru_MTL/1_layer_model/vleng_k9-model_best_cv0.pth

2021-11-26 18:44:00,707 -    ini file updated    
2021-11-26 18:44:00,707 - ===============================|    epoch 57   |===============================
2021-11-26 18:44:01,612 -     0 /  2146 (000%):	 Total:0.1060237	 Acc:0.5937500	 lr:0.0002527	 Mean_Total:0.1060237
2021-11-26 18:45:16,331 -   429 /  2146 (019%):	 Total:0.2067792	 Acc:0.3750000	 lr:0.0002523	 Mean_Total:0.1720132
2021-11-26 18:46:20,612 -   858 /  2146 (039%):	 Total:0.2581319	 Acc:0.3125000	 lr:0.0002518	 Mean_Total:0.2081068
2021-11-26 18:47:44,320 -  1287 /  2146 (059%):	 Total:0.2935784	 Acc:0.1875000	 lr:0.0002514	 Mean_Total:0.2620592
2021-11-26 18:49:25,590 -  1716 /  2146 (079%):	 Total:1.1272597	 Acc:0.1875000	 lr:0.0002510	 Mean_Total:0.3403886
2021-11-26 18:51:00,309 -  2145 /  2146 (099%):	 Total:0.2925990	 Acc:0.3125000	 lr:0.0002505	 Mean_Total:0.4171601
2021-11-26 18:51:00,561 - ===============================| start validation |===============================
2021-11-26 18:51:27,180 - 	 Total:0.4096696	 Acc:0.2984506
2021-11-26 18:51:27,184 -    ini file updated    
2021-11-26 18:51:27,184 - ===============================|    epoch 58   |===============================
2021-11-26 18:51:27,970 -     0 /  2146 (000%):	 Total:0.1618684	 Acc:0.3750000	 lr:0.0002505	 Mean_Total:0.1618684
2021-11-26 18:52:42,648 -   429 /  2146 (019%):	 Total:0.0927701	 Acc:0.4687500	 lr:0.0002501	 Mean_Total:0.1651242
2021-11-26 18:53:46,359 -   858 /  2146 (039%):	 Total:0.1907594	 Acc:0.4375000	 lr:0.0002497	 Mean_Total:0.2056841
2021-11-26 18:55:09,789 -  1287 /  2146 (059%):	 Total:0.4982346	 Acc:0.1562500	 lr:0.0002492	 Mean_Total:0.2601068
2021-11-26 18:56:52,112 -  1716 /  2146 (079%):	 Total:0.9780332	 Acc:0.0937500	 lr:0.0002488	 Mean_Total:0.3440119
2021-11-26 18:58:25,803 -  2145 /  2146 (099%):	 Total:0.2105419	 Acc:0.5000000	 lr:0.0002484	 Mean_Total:0.4225930
2021-11-26 18:58:26,039 - ===============================| start validation |===============================
2021-11-26 18:58:52,875 - 	 Total:0.4086169	 Acc:0.3022584
2021-11-26 18:58:52,879 -    ini file updated    
2021-11-26 18:58:52,880 - ===============================|    epoch 59   |===============================
2021-11-26 18:58:53,687 -     0 /  2146 (000%):	 Total:0.0776280	 Acc:0.5937500	 lr:0.0002484	 Mean_Total:0.0776280
2021-11-26 19:00:09,668 -   429 /  2146 (019%):	 Total:0.2162985	 Acc:0.4062500	 lr:0.0002480	 Mean_Total:0.1610090
2021-11-26 19:01:13,338 -   858 /  2146 (039%):	 Total:0.2584465	 Acc:0.3437500	 lr:0.0002476	 Mean_Total:0.2036719
2021-11-26 19:02:37,529 -  1287 /  2146 (059%):	 Total:0.6368873	 Acc:0.2812500	 lr:0.0002471	 Mean_Total:0.2597045
2021-11-26 19:04:17,949 -  1716 /  2146 (079%):	 Total:2.0998156	 Acc:0.0625000	 lr:0.0002467	 Mean_Total:0.3412052
2021-11-26 19:05:51,216 -  2145 /  2146 (099%):	 Total:0.7128536	 Acc:0.3437500	 lr:0.0002463	 Mean_Total:0.4243549
2021-11-26 19:05:51,604 - ===============================| start validation |===============================
2021-11-26 19:06:18,933 - 	 Total:0.4773317	 Acc:0.2845326
2021-11-26 19:06:18,937 -    ini file updated    
2021-11-26 19:06:18,937 - ===============================|    epoch 60   |===============================
2021-11-26 19:06:19,775 -     0 /  2146 (000%):	 Total:0.1481725	 Acc:0.5000000	 lr:0.0002463	 Mean_Total:0.1481725
2021-11-26 19:07:37,245 -   429 /  2146 (019%):	 Total:0.1787903	 Acc:0.3125000	 lr:0.0002459	 Mean_Total:0.1698875
2021-11-26 19:08:41,630 -   858 /  2146 (039%):	 Total:0.2810618	 Acc:0.4375000	 lr:0.0002455	 Mean_Total:0.2081734
2021-11-26 19:10:05,923 -  1287 /  2146 (059%):	 Total:0.7420322	 Acc:0.2187500	 lr:0.0002451	 Mean_Total:0.2595560
2021-11-26 19:11:48,222 -  1716 /  2146 (079%):	 Total:0.7305825	 Acc:0.1875000	 lr:0.0002447	 Mean_Total:0.3361566
2021-11-26 19:13:22,230 -  2145 /  2146 (099%):	 Total:0.2381044	 Acc:0.3750000	 lr:0.0002443	 Mean_Total:0.4180814
2021-11-26 19:13:22,476 - ===============================| start validation |===============================
2021-11-26 19:13:49,927 - 	 Total:0.4071608	 Acc:0.3038340
2021-11-26 19:13:49,932 -    ini file updated    
