2021-11-26 11:30:41,088 -   	 	 ==============<<< device used: cuda:1  >>>============== 	 	 
2021-11-26 11:31:00,026 - ===============================|    epoch 0   |===============================
2021-11-26 11:31:01,506 -     0 /  2146 (000%):	 Total:33.1788864	 Acc:0.0000000	 lr:0.0009882	 Mean_Total:33.1788864
2021-11-26 11:32:01,243 -   429 /  2146 (019%):	 Total:0.8244940	 Acc:0.1250000	 lr:0.0042625	 Mean_Total:1.0610399
2021-11-26 11:33:08,963 -   858 /  2146 (039%):	 Total:1.7698301	 Acc:0.1562500	 lr:0.0030158	 Mean_Total:0.9855303
2021-11-26 11:34:31,142 -  1287 /  2146 (059%):	 Total:1.2485862	 Acc:0.1562500	 lr:0.0024628	 Mean_Total:1.0380541
2021-11-26 11:36:07,958 -  1716 /  2146 (079%):	 Total:2.0844283	 Acc:0.0625000	 lr:0.0021331	 Mean_Total:1.1306199
2021-11-26 11:37:36,201 -  2145 /  2146 (099%):	 Total:1.3982381	 Acc:0.1562500	 lr:0.0019080	 Mean_Total:1.1952363
2021-11-26 11:37:36,520 - ===============================| start validation |===============================
2021-11-26 11:37:54,374 - 	 Total:1.0588535	 Acc:0.2174370
2021-11-26 11:37:54,384 -    ini file updated    
2021-11-26 11:37:54,391 - Snapshot saved to /data/users/wergillius/UTR_VAE/pth/RL_gru_MTL/1_layer_model/vleng_k3-model_best_cv1.pth

2021-11-26 11:37:54,392 -    ini file updated    
2021-11-26 11:37:54,392 - ===============================|    epoch 1   |===============================
2021-11-26 11:37:55,265 -     0 /  2146 (000%):	 Total:0.3767725	 Acc:0.3750000	 lr:0.0019076	 Mean_Total:0.3767725
2021-11-26 11:38:54,371 -   429 /  2146 (019%):	 Total:0.8736351	 Acc:0.2500000	 lr:0.0017415	 Mean_Total:0.5478964
2021-11-26 11:40:04,587 -   858 /  2146 (039%):	 Total:0.8543659	 Acc:0.1875000	 lr:0.0016124	 Mean_Total:0.6823483
2021-11-26 11:41:38,888 -  1287 /  2146 (059%):	 Total:1.3963799	 Acc:0.0625000	 lr:0.0015083	 Mean_Total:0.7994736
2021-11-26 11:43:24,375 -  1716 /  2146 (079%):	 Total:1.1986234	 Acc:0.1250000	 lr:0.0014221	 Mean_Total:0.9298405
2021-11-26 11:45:00,756 -  2145 /  2146 (099%):	 Total:0.4085788	 Acc:0.3125000	 lr:0.0013492	 Mean_Total:1.0219195
2021-11-26 11:45:01,040 - ===============================| start validation |===============================
2021-11-26 11:45:25,196 - 	 Total:1.0095809	 Acc:0.2304359
2021-11-26 11:45:25,201 -    ini file updated    
2021-11-26 11:45:25,210 - Snapshot saved to /data/users/wergillius/UTR_VAE/pth/RL_gru_MTL/1_layer_model/vleng_k3-model_best_cv1.pth

2021-11-26 11:45:25,211 -    ini file updated    
2021-11-26 11:45:25,211 - ===============================|    epoch 2   |===============================
2021-11-26 11:45:26,118 -     0 /  2146 (000%):	 Total:0.4655038	 Acc:0.4375000	 lr:0.0013490	 Mean_Total:0.4655038
2021-11-26 11:46:26,587 -   429 /  2146 (019%):	 Total:0.4904162	 Acc:0.3437500	 lr:0.0012863	 Mean_Total:0.5162111
2021-11-26 11:47:35,972 -   858 /  2146 (039%):	 Total:0.6419621	 Acc:0.2500000	 lr:0.0012315	 Mean_Total:0.6473938
2021-11-26 11:49:09,141 -  1287 /  2146 (059%):	 Total:1.0220912	 Acc:0.2187500	 lr:0.0011833	 Mean_Total:0.7587569
2021-11-26 11:50:53,853 -  1716 /  2146 (079%):	 Total:1.3375357	 Acc:0.2500000	 lr:0.0011402	 Mean_Total:0.8810107
2021-11-26 11:52:30,268 -  2145 /  2146 (099%):	 Total:0.3774673	 Acc:0.3750000	 lr:0.0011016	 Mean_Total:0.9698449
2021-11-26 11:52:30,499 - ===============================| start validation |===============================
2021-11-26 11:52:53,966 - 	 Total:0.9367191	 Acc:0.2339811
2021-11-26 11:52:53,969 -    ini file updated    
2021-11-26 11:52:53,975 - Snapshot saved to /data/users/wergillius/UTR_VAE/pth/RL_gru_MTL/1_layer_model/vleng_k3-model_best_cv1.pth

2021-11-26 11:52:53,975 -    ini file updated    
2021-11-26 11:52:53,975 - ===============================|    epoch 3   |===============================
2021-11-26 11:52:54,761 -     0 /  2146 (000%):	 Total:0.2251366	 Acc:0.5312500	 lr:0.0011015	 Mean_Total:0.2251366
2021-11-26 11:53:53,287 -   429 /  2146 (019%):	 Total:0.1468323	 Acc:0.3125000	 lr:0.0010665	 Mean_Total:0.3496080
2021-11-26 11:55:04,458 -   858 /  2146 (039%):	 Total:1.1143087	 Acc:0.0625000	 lr:0.0010347	 Mean_Total:0.4706629
2021-11-26 11:56:45,115 -  1287 /  2146 (059%):	 Total:1.2024165	 Acc:0.3125000	 lr:0.0010056	 Mean_Total:0.6292994
2021-11-26 11:58:34,300 -  1716 /  2146 (079%):	 Total:1.6376235	 Acc:0.0937500	 lr:0.0009788	 Mean_Total:0.7770960
2021-11-26 12:00:10,333 -  2145 /  2146 (099%):	 Total:1.3091645	 Acc:0.1875000	 lr:0.0009540	 Mean_Total:0.8848568
2021-11-26 12:00:10,672 - ===============================| start validation |===============================
2021-11-26 12:00:35,076 - 	 Total:0.9587620	 Acc:0.2440914
2021-11-26 12:00:35,080 -    ini file updated    
2021-11-26 12:00:35,089 - Snapshot saved to /data/users/wergillius/UTR_VAE/pth/RL_gru_MTL/1_layer_model/vleng_k3-model_best_cv1.pth

2021-11-26 12:00:35,089 -    ini file updated    
2021-11-26 12:00:35,090 - ===============================|    epoch 4   |===============================
2021-11-26 12:00:35,953 -     0 /  2146 (000%):	 Total:0.3126734	 Acc:0.5000000	 lr:0.0009539	 Mean_Total:0.3126734
2021-11-26 12:01:35,488 -   429 /  2146 (019%):	 Total:0.7762480	 Acc:0.2812500	 lr:0.0009310	 Mean_Total:0.4881952
2021-11-26 12:02:45,884 -   858 /  2146 (039%):	 Total:0.7845054	 Acc:0.2812500	 lr:0.0009096	 Mean_Total:0.6071887
2021-11-26 12:04:19,208 -  1287 /  2146 (059%):	 Total:0.8067331	 Acc:0.2187500	 lr:0.0008896	 Mean_Total:0.6910690
2021-11-26 12:06:03,592 -  1716 /  2146 (079%):	 Total:1.3204572	 Acc:0.1250000	 lr:0.0008709	 Mean_Total:0.7658746
2021-11-26 12:07:39,559 -  2145 /  2146 (099%):	 Total:1.6587961	 Acc:0.1250000	 lr:0.0008533	 Mean_Total:0.8226034
2021-11-26 12:07:39,822 - ===============================| start validation |===============================
2021-11-26 12:08:02,918 - 	 Total:0.7008681	 Acc:0.2631303
2021-11-26 12:08:02,933 -    ini file updated    
2021-11-26 12:08:02,941 - Snapshot saved to /data/users/wergillius/UTR_VAE/pth/RL_gru_MTL/1_layer_model/vleng_k3-model_best_cv1.pth

2021-11-26 12:08:02,942 -    ini file updated    
2021-11-26 12:08:02,942 - ===============================|    epoch 5   |===============================
2021-11-26 12:08:03,808 -     0 /  2146 (000%):	 Total:0.2209212	 Acc:0.4687500	 lr:0.0008532	 Mean_Total:0.2209212
2021-11-26 12:09:02,412 -   429 /  2146 (019%):	 Total:0.4207940	 Acc:0.4062500	 lr:0.0008367	 Mean_Total:0.2898825
2021-11-26 12:10:15,961 -   858 /  2146 (039%):	 Total:0.3727170	 Acc:0.3125000	 lr:0.0008211	 Mean_Total:0.3711993
2021-11-26 12:12:00,287 -  1287 /  2146 (059%):	 Total:0.6399168	 Acc:0.1562500	 lr:0.0008063	 Mean_Total:0.4746232
2021-11-26 12:13:56,357 -  1716 /  2146 (079%):	 Total:1.0731907	 Acc:0.0937500	 lr:0.0007923	 Mean_Total:0.5963211
2021-11-26 12:15:41,866 -  2145 /  2146 (099%):	 Total:1.0711131	 Acc:0.2500000	 lr:0.0007789	 Mean_Total:0.7347870
2021-11-26 12:15:42,151 - ===============================| start validation |===============================
2021-11-26 12:16:07,553 - 	 Total:0.9577413	 Acc:0.2459296
2021-11-26 12:16:07,556 -    ini file updated    
2021-11-26 12:16:07,556 - ===============================|    epoch 6   |===============================
2021-11-26 12:16:08,304 -     0 /  2146 (000%):	 Total:0.3732356	 Acc:0.2187500	 lr:0.0007789	 Mean_Total:0.3732356
2021-11-26 12:17:13,512 -   429 /  2146 (019%):	 Total:0.1926903	 Acc:0.4062500	 lr:0.0007663	 Mean_Total:0.4872210
2021-11-26 12:18:29,882 -   858 /  2146 (039%):	 Total:0.7283441	 Acc:0.2812500	 lr:0.0007542	 Mean_Total:0.6010796
2021-11-26 12:20:12,284 -  1287 /  2146 (059%):	 Total:0.9670320	 Acc:0.3437500	 lr:0.0007427	 Mean_Total:0.7048340
2021-11-26 12:22:07,795 -  1716 /  2146 (079%):	 Total:1.3886107	 Acc:0.2500000	 lr:0.0007317	 Mean_Total:0.8195757
2021-11-26 12:23:53,682 -  2145 /  2146 (099%):	 Total:0.5285918	 Acc:0.2500000	 lr:0.0007212	 Mean_Total:0.9041673
2021-11-26 12:23:53,891 - ===============================| start validation |===============================
2021-11-26 12:24:19,013 - 	 Total:0.8066622	 Acc:0.2517069
2021-11-26 12:24:19,017 -    ini file updated    
2021-11-26 12:24:19,017 - ===============================|    epoch 7   |===============================
2021-11-26 12:24:19,792 -     0 /  2146 (000%):	 Total:0.2143974	 Acc:0.5625000	 lr:0.0007211	 Mean_Total:0.2143974
2021-11-26 12:25:24,349 -   429 /  2146 (019%):	 Total:0.6339277	 Acc:0.3750000	 lr:0.0007111	 Mean_Total:0.2940688
2021-11-26 12:26:41,012 -   858 /  2146 (039%):	 Total:0.4661801	 Acc:0.3125000	 lr:0.0007014	 Mean_Total:0.3711400
2021-11-26 12:28:24,576 -  1287 /  2146 (059%):	 Total:0.5988726	 Acc:0.2187500	 lr:0.0006921	 Mean_Total:0.4549192
2021-11-26 12:30:18,808 -  1716 /  2146 (079%):	 Total:1.4396915	 Acc:0.1250000	 lr:0.0006832	 Mean_Total:0.5676642
2021-11-26 12:32:02,845 -  2145 /  2146 (099%):	 Total:0.8062341	 Acc:0.1562500	 lr:0.0006746	 Mean_Total:0.6516538
2021-11-26 12:32:03,113 - ===============================| start validation |===============================
2021-11-26 12:32:29,020 - 	 Total:0.6495147	 Acc:0.2723214
2021-11-26 12:32:29,024 -    ini file updated    
2021-11-26 12:32:29,032 - Snapshot saved to /data/users/wergillius/UTR_VAE/pth/RL_gru_MTL/1_layer_model/vleng_k3-model_best_cv1.pth

2021-11-26 12:32:29,033 -    ini file updated    
2021-11-26 12:32:29,033 - ===============================|    epoch 8   |===============================
2021-11-26 12:32:29,840 -     0 /  2146 (000%):	 Total:0.1041848	 Acc:0.5312500	 lr:0.0006746	 Mean_Total:0.1041848
2021-11-26 12:33:34,557 -   429 /  2146 (019%):	 Total:0.3162352	 Acc:0.3125000	 lr:0.0006663	 Mean_Total:0.2671552
2021-11-26 12:34:52,316 -   858 /  2146 (039%):	 Total:0.6030029	 Acc:0.1250000	 lr:0.0006583	 Mean_Total:0.3426089
2021-11-26 12:36:34,752 -  1287 /  2146 (059%):	 Total:0.9787341	 Acc:0.2500000	 lr:0.0006506	 Mean_Total:0.4258583
2021-11-26 12:38:30,406 -  1716 /  2146 (079%):	 Total:0.7940278	 Acc:0.2812500	 lr:0.0006432	 Mean_Total:0.5354983
2021-11-26 12:40:16,190 -  2145 /  2146 (099%):	 Total:0.1541810	 Acc:0.3750000	 lr:0.0006360	 Mean_Total:0.6187086
2021-11-26 12:40:16,427 - ===============================| start validation |===============================
2021-11-26 12:40:42,684 - 	 Total:0.6099527	 Acc:0.2728466
2021-11-26 12:40:42,696 -    ini file updated    
2021-11-26 12:40:42,708 - Snapshot saved to /data/users/wergillius/UTR_VAE/pth/RL_gru_MTL/1_layer_model/vleng_k3-model_best_cv1.pth

2021-11-26 12:40:42,709 -    ini file updated    
2021-11-26 12:40:42,709 - ===============================|    epoch 9   |===============================
2021-11-26 12:40:43,526 -     0 /  2146 (000%):	 Total:0.1225526	 Acc:0.5000000	 lr:0.0006360	 Mean_Total:0.1225526
2021-11-26 12:41:47,313 -   429 /  2146 (019%):	 Total:0.2694652	 Acc:0.5312500	 lr:0.0006290	 Mean_Total:0.2543246
2021-11-26 12:43:03,373 -   858 /  2146 (039%):	 Total:0.5359821	 Acc:0.4375000	 lr:0.0006223	 Mean_Total:0.3288522
2021-11-26 12:44:47,705 -  1287 /  2146 (059%):	 Total:0.6717327	 Acc:0.2187500	 lr:0.0006158	 Mean_Total:0.4054904
2021-11-26 12:46:42,910 -  1716 /  2146 (079%):	 Total:1.4399413	 Acc:0.1875000	 lr:0.0006095	 Mean_Total:0.5119129
2021-11-26 12:48:28,092 -  2145 /  2146 (099%):	 Total:0.3187010	 Acc:0.3750000	 lr:0.0006034	 Mean_Total:0.5950593
2021-11-26 12:48:28,316 - ===============================| start validation |===============================
2021-11-26 12:48:54,846 - 	 Total:0.5908421	 Acc:0.2732405
2021-11-26 12:48:54,851 -    ini file updated    
2021-11-26 12:48:54,858 - Snapshot saved to /data/users/wergillius/UTR_VAE/pth/RL_gru_MTL/1_layer_model/vleng_k3-model_best_cv1.pth

2021-11-26 12:48:54,858 -    ini file updated    
2021-11-26 12:48:54,859 - ===============================|    epoch 10   |===============================
2021-11-26 12:48:55,672 -     0 /  2146 (000%):	 Total:0.1445163	 Acc:0.4375000	 lr:0.0006034	 Mean_Total:0.1445163
2021-11-26 12:50:00,116 -   429 /  2146 (019%):	 Total:0.3574378	 Acc:0.3437500	 lr:0.0005974	 Mean_Total:0.2503552
2021-11-26 12:51:15,629 -   858 /  2146 (039%):	 Total:0.2917426	 Acc:0.2812500	 lr:0.0005916	 Mean_Total:0.3193231
2021-11-26 12:52:59,685 -  1287 /  2146 (059%):	 Total:0.7006824	 Acc:0.2812500	 lr:0.0005860	 Mean_Total:0.3938512
2021-11-26 12:54:53,776 -  1716 /  2146 (079%):	 Total:1.4522154	 Acc:0.1250000	 lr:0.0005806	 Mean_Total:0.4929137
2021-11-26 12:56:38,195 -  2145 /  2146 (099%):	 Total:0.4187063	 Acc:0.2500000	 lr:0.0005753	 Mean_Total:0.5765221
2021-11-26 12:56:38,441 - ===============================| start validation |===============================
2021-11-26 12:57:03,806 - 	 Total:0.5676312	 Acc:0.2769170
2021-11-26 12:57:03,820 -    ini file updated    
2021-11-26 12:57:03,827 - Snapshot saved to /data/users/wergillius/UTR_VAE/pth/RL_gru_MTL/1_layer_model/vleng_k3-model_best_cv1.pth

2021-11-26 12:57:03,828 -    ini file updated    
2021-11-26 12:57:03,828 - ===============================|    epoch 11   |===============================
2021-11-26 12:57:04,717 -     0 /  2146 (000%):	 Total:0.2144231	 Acc:0.3125000	 lr:0.0005753	 Mean_Total:0.2144231
2021-11-26 12:58:09,196 -   429 /  2146 (019%):	 Total:0.1122174	 Acc:0.5000000	 lr:0.0005701	 Mean_Total:0.2381332
2021-11-26 12:59:23,759 -   858 /  2146 (039%):	 Total:0.3238290	 Acc:0.2812500	 lr:0.0005651	 Mean_Total:0.3034759
2021-11-26 13:01:08,067 -  1287 /  2146 (059%):	 Total:0.5933163	 Acc:0.1562500	 lr:0.0005602	 Mean_Total:0.3746003
2021-11-26 13:03:03,600 -  1716 /  2146 (079%):	 Total:1.3029735	 Acc:0.1875000	 lr:0.0005554	 Mean_Total:0.4738093
2021-11-26 13:04:50,704 -  2145 /  2146 (099%):	 Total:0.2705999	 Acc:0.2500000	 lr:0.0005508	 Mean_Total:0.5574941
2021-11-26 13:04:50,898 - ===============================| start validation |===============================
2021-11-26 13:05:15,283 - 	 Total:0.5496847	 Acc:0.2841387
2021-11-26 13:05:15,289 -    ini file updated    
2021-11-26 13:05:15,296 - Snapshot saved to /data/users/wergillius/UTR_VAE/pth/RL_gru_MTL/1_layer_model/vleng_k3-model_best_cv1.pth

2021-11-26 13:05:15,296 -    ini file updated    
2021-11-26 13:05:15,296 - ===============================|    epoch 12   |===============================
2021-11-26 13:05:16,141 -     0 /  2146 (000%):	 Total:0.2224754	 Acc:0.3437500	 lr:0.0005508	 Mean_Total:0.2224754
2021-11-26 13:06:20,460 -   429 /  2146 (019%):	 Total:0.2177546	 Acc:0.4375000	 lr:0.0005463	 Mean_Total:0.2377052
2021-11-26 13:07:37,503 -   858 /  2146 (039%):	 Total:0.4334081	 Acc:0.2500000	 lr:0.0005418	 Mean_Total:0.2966197
2021-11-26 13:09:21,985 -  1287 /  2146 (059%):	 Total:0.4059712	 Acc:0.1875000	 lr:0.0005375	 Mean_Total:0.3684980
2021-11-26 13:11:16,703 -  1716 /  2146 (079%):	 Total:1.3873940	 Acc:0.0937500	 lr:0.0005333	 Mean_Total:0.4946544
2021-11-26 13:13:02,127 -  2145 /  2146 (099%):	 Total:0.4407315	 Acc:0.2500000	 lr:0.0005292	 Mean_Total:0.5760515
2021-11-26 13:13:02,372 - ===============================| start validation |===============================
2021-11-26 13:13:28,220 - 	 Total:0.5559929	 Acc:0.2791492
2021-11-26 13:13:28,238 -    ini file updated    
2021-11-26 13:13:28,239 - ===============================|    epoch 13   |===============================
2021-11-26 13:13:29,062 -     0 /  2146 (000%):	 Total:0.2181313	 Acc:0.4687500	 lr:0.0005292	 Mean_Total:0.2181313
2021-11-26 13:14:33,862 -   429 /  2146 (019%):	 Total:0.5537640	 Acc:0.3750000	 lr:0.0005252	 Mean_Total:0.2310853
2021-11-26 13:15:50,324 -   858 /  2146 (039%):	 Total:0.4660989	 Acc:0.2500000	 lr:0.0005212	 Mean_Total:0.2921745
2021-11-26 13:17:35,532 -  1287 /  2146 (059%):	 Total:0.3144238	 Acc:0.2187500	 lr:0.0005174	 Mean_Total:0.3576228
2021-11-26 13:19:28,844 -  1716 /  2146 (079%):	 Total:0.8913907	 Acc:0.1250000	 lr:0.0005136	 Mean_Total:0.4555082
2021-11-26 13:21:13,941 -  2145 /  2146 (099%):	 Total:0.6059693	 Acc:0.1562500	 lr:0.0005099	 Mean_Total:0.5406007
2021-11-26 13:21:14,249 - ===============================| start validation |===============================
2021-11-26 13:21:39,983 - 	 Total:0.5345726	 Acc:0.2862395
2021-11-26 13:21:39,988 -    ini file updated    
2021-11-26 13:21:39,996 - Snapshot saved to /data/users/wergillius/UTR_VAE/pth/RL_gru_MTL/1_layer_model/vleng_k3-model_best_cv1.pth

2021-11-26 13:21:39,996 -    ini file updated    
2021-11-26 13:21:39,996 - ===============================|    epoch 14   |===============================
2021-11-26 13:21:40,930 -     0 /  2146 (000%):	 Total:0.1143955	 Acc:0.6562500	 lr:0.0005099	 Mean_Total:0.1143955
2021-11-26 13:22:46,144 -   429 /  2146 (019%):	 Total:0.3568512	 Acc:0.4375000	 lr:0.0005063	 Mean_Total:0.2315300
2021-11-26 13:24:03,460 -   858 /  2146 (039%):	 Total:0.2398096	 Acc:0.3750000	 lr:0.0005028	 Mean_Total:0.2851871
2021-11-26 13:25:49,904 -  1287 /  2146 (059%):	 Total:0.7005879	 Acc:0.1875000	 lr:0.0004993	 Mean_Total:0.3521948
2021-11-26 13:27:45,875 -  1716 /  2146 (079%):	 Total:0.6239264	 Acc:0.1250000	 lr:0.0004960	 Mean_Total:0.4462236
2021-11-26 13:29:31,770 -  2145 /  2146 (099%):	 Total:0.3098140	 Acc:0.3437500	 lr:0.0004926	 Mean_Total:0.5275517
2021-11-26 13:29:32,064 - ===============================| start validation |===============================
2021-11-26 13:29:58,061 - 	 Total:0.5440243	 Acc:0.2796744
2021-11-26 13:29:58,065 -    ini file updated    
2021-11-26 13:29:58,065 - ===============================|    epoch 15   |===============================
2021-11-26 13:29:58,869 -     0 /  2146 (000%):	 Total:0.1466181	 Acc:0.4375000	 lr:0.0004926	 Mean_Total:0.1466181
2021-11-26 13:31:02,758 -   429 /  2146 (019%):	 Total:0.2061256	 Acc:0.3437500	 lr:0.0004894	 Mean_Total:0.2275215
2021-11-26 13:32:20,071 -   858 /  2146 (039%):	 Total:0.5408879	 Acc:0.2187500	 lr:0.0004862	 Mean_Total:0.2832194
2021-11-26 13:34:03,932 -  1287 /  2146 (059%):	 Total:0.3460159	 Acc:0.1562500	 lr:0.0004831	 Mean_Total:0.3466841
2021-11-26 13:36:00,340 -  1716 /  2146 (079%):	 Total:0.6539630	 Acc:0.2812500	 lr:0.0004800	 Mean_Total:0.4453318
2021-11-26 13:37:45,312 -  2145 /  2146 (099%):	 Total:0.3130510	 Acc:0.3437500	 lr:0.0004770	 Mean_Total:0.5241071
2021-11-26 13:37:45,540 - ===============================| start validation |===============================
2021-11-26 13:38:10,495 - 	 Total:0.5337342	 Acc:0.2798057
2021-11-26 13:38:10,500 -    ini file updated    
2021-11-26 13:38:10,510 - Snapshot saved to /data/users/wergillius/UTR_VAE/pth/RL_gru_MTL/1_layer_model/vleng_k3-model_best_cv1.pth

2021-11-26 13:38:10,510 -    ini file updated    
2021-11-26 13:38:10,511 - ===============================|    epoch 16   |===============================
2021-11-26 13:38:11,318 -     0 /  2146 (000%):	 Total:0.1939739	 Acc:0.5000000	 lr:0.0004770	 Mean_Total:0.1939739
2021-11-26 13:39:15,692 -   429 /  2146 (019%):	 Total:0.2553015	 Acc:0.2812500	 lr:0.0004740	 Mean_Total:0.2255090
2021-11-26 13:40:26,361 -   858 /  2146 (039%):	 Total:0.4922594	 Acc:0.2812500	 lr:0.0004711	 Mean_Total:0.2760995
2021-11-26 13:42:03,088 -  1287 /  2146 (059%):	 Total:0.8618155	 Acc:0.1875000	 lr:0.0004683	 Mean_Total:0.3455172
2021-11-26 13:43:48,628 -  1716 /  2146 (079%):	 Total:1.4463239	 Acc:0.1562500	 lr:0.0004655	 Mean_Total:0.4380948
2021-11-26 13:45:23,156 -  2145 /  2146 (099%):	 Total:0.4627371	 Acc:0.3125000	 lr:0.0004628	 Mean_Total:0.5171680
2021-11-26 13:45:23,417 - ===============================| start validation |===============================
2021-11-26 13:45:46,984 - 	 Total:0.5629975	 Acc:0.2762605
2021-11-26 13:45:46,989 -    ini file updated    
2021-11-26 13:45:46,989 - ===============================|    epoch 17   |===============================
2021-11-26 13:45:47,796 -     0 /  2146 (000%):	 Total:0.1630055	 Acc:0.4062500	 lr:0.0004628	 Mean_Total:0.1630055
2021-11-26 13:46:47,508 -   429 /  2146 (019%):	 Total:0.2091481	 Acc:0.3750000	 lr:0.0004601	 Mean_Total:0.2183553
2021-11-26 13:47:57,821 -   858 /  2146 (039%):	 Total:0.1802765	 Acc:0.4375000	 lr:0.0004574	 Mean_Total:0.2744769
2021-11-26 13:49:33,815 -  1287 /  2146 (059%):	 Total:0.3177917	 Acc:0.1250000	 lr:0.0004548	 Mean_Total:0.3408957
2021-11-26 13:51:18,296 -  1716 /  2146 (079%):	 Total:0.9368541	 Acc:0.2500000	 lr:0.0004522	 Mean_Total:0.4328431
2021-11-26 13:52:53,138 -  2145 /  2146 (099%):	 Total:0.7883200	 Acc:0.2812500	 lr:0.0004497	 Mean_Total:0.5146854
2021-11-26 13:52:53,412 - ===============================| start validation |===============================
2021-11-26 13:53:16,598 - 	 Total:0.5291922	 Acc:0.2842700
2021-11-26 13:53:16,603 -    ini file updated    
2021-11-26 13:53:16,617 - Snapshot saved to /data/users/wergillius/UTR_VAE/pth/RL_gru_MTL/1_layer_model/vleng_k3-model_best_cv1.pth

2021-11-26 13:53:16,618 -    ini file updated    
2021-11-26 13:53:16,618 - ===============================|    epoch 18   |===============================
2021-11-26 13:53:17,638 -     0 /  2146 (000%):	 Total:0.1457727	 Acc:0.6250000	 lr:0.0004497	 Mean_Total:0.1457727
2021-11-26 13:54:16,160 -   429 /  2146 (019%):	 Total:0.2830468	 Acc:0.4375000	 lr:0.0004472	 Mean_Total:0.2197071
2021-11-26 13:55:25,380 -   858 /  2146 (039%):	 Total:0.1719509	 Acc:0.4375000	 lr:0.0004448	 Mean_Total:0.2725930
2021-11-26 13:57:00,127 -  1287 /  2146 (059%):	 Total:0.4508711	 Acc:0.2812500	 lr:0.0004424	 Mean_Total:0.3379345
2021-11-26 13:58:45,511 -  1716 /  2146 (079%):	 Total:1.5400429	 Acc:0.1562500	 lr:0.0004400	 Mean_Total:0.4391223
2021-11-26 14:00:21,121 -  2145 /  2146 (099%):	 Total:0.2574193	 Acc:0.4375000	 lr:0.0004377	 Mean_Total:0.5269456
2021-11-26 14:00:21,392 - ===============================| start validation |===============================
2021-11-26 14:00:44,564 - 	 Total:0.5030672	 Acc:0.2938550
2021-11-26 14:00:44,568 -    ini file updated    
2021-11-26 14:00:44,575 - Snapshot saved to /data/users/wergillius/UTR_VAE/pth/RL_gru_MTL/1_layer_model/vleng_k3-model_best_cv1.pth

2021-11-26 14:00:44,575 -    ini file updated    
2021-11-26 14:00:44,576 - ===============================|    epoch 19   |===============================
2021-11-26 14:00:45,382 -     0 /  2146 (000%):	 Total:0.1486384	 Acc:0.5625000	 lr:0.0004377	 Mean_Total:0.1486384
2021-11-26 14:01:44,330 -   429 /  2146 (019%):	 Total:0.2595206	 Acc:0.4375000	 lr:0.0004354	 Mean_Total:0.2177201
2021-11-26 14:02:54,752 -   858 /  2146 (039%):	 Total:0.3079028	 Acc:0.4062500	 lr:0.0004332	 Mean_Total:0.2693513
2021-11-26 14:04:31,024 -  1287 /  2146 (059%):	 Total:0.4476964	 Acc:0.1562500	 lr:0.0004310	 Mean_Total:0.3311068
2021-11-26 14:06:17,487 -  1716 /  2146 (079%):	 Total:0.6170348	 Acc:0.0937500	 lr:0.0004288	 Mean_Total:0.4229549
2021-11-26 14:07:54,817 -  2145 /  2146 (099%):	 Total:0.6762868	 Acc:0.3437500	 lr:0.0004266	 Mean_Total:0.5056510
2021-11-26 14:07:55,200 - ===============================| start validation |===============================
2021-11-26 14:08:18,347 - 	 Total:0.5048111	 Acc:0.2975315
2021-11-26 14:08:18,351 -    ini file updated    
2021-11-26 14:08:18,358 - Snapshot saved to /data/users/wergillius/UTR_VAE/pth/RL_gru_MTL/1_layer_model/vleng_k3-model_best_cv1.pth

2021-11-26 14:08:18,359 -    ini file updated    
2021-11-26 14:08:18,359 - ===============================|    epoch 20   |===============================
2021-11-26 14:08:19,156 -     0 /  2146 (000%):	 Total:0.1370024	 Acc:0.4375000	 lr:0.0004266	 Mean_Total:0.1370024
2021-11-26 14:09:17,982 -   429 /  2146 (019%):	 Total:0.1988145	 Acc:0.3125000	 lr:0.0004245	 Mean_Total:0.2167097
2021-11-26 14:10:28,108 -   858 /  2146 (039%):	 Total:0.3457752	 Acc:0.4375000	 lr:0.0004224	 Mean_Total:0.2678586
2021-11-26 14:12:03,948 -  1287 /  2146 (059%):	 Total:0.3797888	 Acc:0.0937500	 lr:0.0004204	 Mean_Total:0.3301365
2021-11-26 14:13:50,879 -  1716 /  2146 (079%):	 Total:0.4003101	 Acc:0.1562500	 lr:0.0004184	 Mean_Total:0.4207161
2021-11-26 14:15:25,779 -  2145 /  2146 (099%):	 Total:0.2968561	 Acc:0.2500000	 lr:0.0004164	 Mean_Total:0.5061965
2021-11-26 14:15:26,018 - ===============================| start validation |===============================
2021-11-26 14:15:50,088 - 	 Total:0.5105266	 Acc:0.2891282
2021-11-26 14:15:50,093 -    ini file updated    
2021-11-26 14:15:50,093 - ===============================|    epoch 21   |===============================
2021-11-26 14:15:51,068 -     0 /  2146 (000%):	 Total:0.0802348	 Acc:0.5312500	 lr:0.0004164	 Mean_Total:0.0802348
2021-11-26 14:16:50,223 -   429 /  2146 (019%):	 Total:0.2541610	 Acc:0.3125000	 lr:0.0004144	 Mean_Total:0.2168240
2021-11-26 14:18:00,399 -   858 /  2146 (039%):	 Total:0.3423878	 Acc:0.4062500	 lr:0.0004124	 Mean_Total:0.2697026
2021-11-26 14:19:35,955 -  1287 /  2146 (059%):	 Total:0.5278323	 Acc:0.1875000	 lr:0.0004105	 Mean_Total:0.3306608
2021-11-26 14:21:20,244 -  1716 /  2146 (079%):	 Total:0.5629853	 Acc:0.3125000	 lr:0.0004086	 Mean_Total:0.4323569
2021-11-26 14:22:57,102 -  2145 /  2146 (099%):	 Total:0.2727220	 Acc:0.2500000	 lr:0.0004068	 Mean_Total:0.5136395
2021-11-26 14:22:57,352 - ===============================| start validation |===============================
2021-11-26 14:23:21,231 - 	 Total:0.5261528	 Acc:0.2872899
2021-11-26 14:23:21,241 -    ini file updated    
2021-11-26 14:23:21,241 - ===============================|    epoch 22   |===============================
2021-11-26 14:23:22,074 -     0 /  2146 (000%):	 Total:0.1601767	 Acc:0.5312500	 lr:0.0004068	 Mean_Total:0.1601767
2021-11-26 14:24:21,602 -   429 /  2146 (019%):	 Total:0.2598415	 Acc:0.2812500	 lr:0.0004049	 Mean_Total:0.2147700
2021-11-26 14:25:30,132 -   858 /  2146 (039%):	 Total:0.2697430	 Acc:0.3750000	 lr:0.0004031	 Mean_Total:0.2653549
2021-11-26 14:27:05,314 -  1287 /  2146 (059%):	 Total:0.7801703	 Acc:0.2187500	 lr:0.0004014	 Mean_Total:0.3270861
2021-11-26 14:28:50,526 -  1716 /  2146 (079%):	 Total:0.5524690	 Acc:0.1250000	 lr:0.0003996	 Mean_Total:0.4178493
2021-11-26 14:30:26,931 -  2145 /  2146 (099%):	 Total:0.4693353	 Acc:0.1562500	 lr:0.0003978	 Mean_Total:0.4964738
2021-11-26 14:30:27,224 - ===============================| start validation |===============================
2021-11-26 14:30:51,275 - 	 Total:0.5053877	 Acc:0.2921481
2021-11-26 14:30:51,282 -    ini file updated    
2021-11-26 14:30:51,282 - ===============================|    epoch 23   |===============================
2021-11-26 14:30:52,097 -     0 /  2146 (000%):	 Total:0.3766984	 Acc:0.5625000	 lr:0.0003978	 Mean_Total:0.3766984
2021-11-26 14:31:51,308 -   429 /  2146 (019%):	 Total:0.2045114	 Acc:0.4687500	 lr:0.0003961	 Mean_Total:0.2124435
2021-11-26 14:33:01,056 -   858 /  2146 (039%):	 Total:0.2400665	 Acc:0.4062500	 lr:0.0003944	 Mean_Total:0.2646823
2021-11-26 14:34:36,854 -  1287 /  2146 (059%):	 Total:0.6307772	 Acc:0.2187500	 lr:0.0003928	 Mean_Total:0.3399540
2021-11-26 14:36:22,957 -  1716 /  2146 (079%):	 Total:1.1357217	 Acc:0.1562500	 lr:0.0003911	 Mean_Total:0.4273678
2021-11-26 14:37:59,779 -  2145 /  2146 (099%):	 Total:0.4597550	 Acc:0.2500000	 lr:0.0003895	 Mean_Total:0.5016187
2021-11-26 14:38:00,075 - ===============================| start validation |===============================
2021-11-26 14:38:23,616 - 	 Total:0.4924317	 Acc:0.3001576
2021-11-26 14:38:23,623 -    ini file updated    
2021-11-26 14:38:23,634 - Snapshot saved to /data/users/wergillius/UTR_VAE/pth/RL_gru_MTL/1_layer_model/vleng_k3-model_best_cv1.pth

2021-11-26 14:38:23,635 -    ini file updated    
2021-11-26 14:38:23,635 - ===============================|    epoch 24   |===============================
2021-11-26 14:38:24,501 -     0 /  2146 (000%):	 Total:0.1106501	 Acc:0.5000000	 lr:0.0003895	 Mean_Total:0.1106501
2021-11-26 14:39:23,718 -   429 /  2146 (019%):	 Total:0.1409522	 Acc:0.4375000	 lr:0.0003879	 Mean_Total:0.2092577
2021-11-26 14:40:33,459 -   858 /  2146 (039%):	 Total:0.2628453	 Acc:0.3125000	 lr:0.0003863	 Mean_Total:0.2629913
2021-11-26 14:42:08,729 -  1287 /  2146 (059%):	 Total:0.3054556	 Acc:0.4062500	 lr:0.0003847	 Mean_Total:0.3230716
2021-11-26 14:43:54,715 -  1716 /  2146 (079%):	 Total:0.6981606	 Acc:0.0312500	 lr:0.0003831	 Mean_Total:0.4115656
2021-11-26 14:45:31,572 -  2145 /  2146 (099%):	 Total:0.2971908	 Acc:0.2500000	 lr:0.0003816	 Mean_Total:0.4911620
2021-11-26 14:45:31,813 - ===============================| start validation |===============================
2021-11-26 14:45:55,739 - 	 Total:0.4964046	 Acc:0.2964811
2021-11-26 14:45:55,748 -    ini file updated    
2021-11-26 14:45:55,748 - ===============================|    epoch 25   |===============================
2021-11-26 14:45:56,505 -     0 /  2146 (000%):	 Total:0.1710221	 Acc:0.5000000	 lr:0.0003816	 Mean_Total:0.1710221
2021-11-26 14:46:55,377 -   429 /  2146 (019%):	 Total:0.2027611	 Acc:0.4375000	 lr:0.0003801	 Mean_Total:0.2075387
2021-11-26 14:48:05,285 -   858 /  2146 (039%):	 Total:0.4068032	 Acc:0.3437500	 lr:0.0003786	 Mean_Total:0.2617862
2021-11-26 14:49:40,506 -  1287 /  2146 (059%):	 Total:0.7079495	 Acc:0.1875000	 lr:0.0003771	 Mean_Total:0.3225121
2021-11-26 14:51:25,434 -  1716 /  2146 (079%):	 Total:0.8738588	 Acc:0.1562500	 lr:0.0003756	 Mean_Total:0.4103048
2021-11-26 14:53:00,915 -  2145 /  2146 (099%):	 Total:0.2952489	 Acc:0.1875000	 lr:0.0003742	 Mean_Total:0.4885453
2021-11-26 14:53:01,245 - ===============================| start validation |===============================
2021-11-26 14:53:25,132 - 	 Total:0.4938007	 Acc:0.2977941
2021-11-26 14:53:25,147 -    ini file updated    
2021-11-26 14:53:25,147 - ===============================|    epoch 26   |===============================
2021-11-26 14:53:26,038 -     0 /  2146 (000%):	 Total:0.1571475	 Acc:0.5625000	 lr:0.0003742	 Mean_Total:0.1571475
2021-11-26 14:54:24,941 -   429 /  2146 (019%):	 Total:0.2660151	 Acc:0.4687500	 lr:0.0003728	 Mean_Total:0.2055634
2021-11-26 14:55:34,288 -   858 /  2146 (039%):	 Total:0.4770528	 Acc:0.3750000	 lr:0.0003713	 Mean_Total:0.2572855
2021-11-26 14:57:08,582 -  1287 /  2146 (059%):	 Total:0.6002921	 Acc:0.2500000	 lr:0.0003699	 Mean_Total:0.3173440
2021-11-26 14:58:53,410 -  1716 /  2146 (079%):	 Total:0.9707931	 Acc:0.1250000	 lr:0.0003686	 Mean_Total:0.4067910
2021-11-26 15:00:30,328 -  2145 /  2146 (099%):	 Total:0.4329451	 Acc:0.1562500	 lr:0.0003672	 Mean_Total:0.4851775
2021-11-26 15:00:30,559 - ===============================| start validation |===============================
2021-11-26 15:00:54,201 - 	 Total:0.4904791	 Acc:0.3012080
2021-11-26 15:00:54,209 -    ini file updated    
2021-11-26 15:00:54,220 - Snapshot saved to /data/users/wergillius/UTR_VAE/pth/RL_gru_MTL/1_layer_model/vleng_k3-model_best_cv1.pth

2021-11-26 15:00:54,220 -    ini file updated    
2021-11-26 15:00:54,221 - ===============================|    epoch 27   |===============================
2021-11-26 15:00:55,081 -     0 /  2146 (000%):	 Total:0.1202259	 Acc:0.3750000	 lr:0.0003672	 Mean_Total:0.1202259
2021-11-26 15:01:54,892 -   429 /  2146 (019%):	 Total:0.3439482	 Acc:0.2812500	 lr:0.0003658	 Mean_Total:0.2056166
2021-11-26 15:03:03,991 -   858 /  2146 (039%):	 Total:0.3784313	 Acc:0.3437500	 lr:0.0003645	 Mean_Total:0.2584824
2021-11-26 15:04:39,511 -  1287 /  2146 (059%):	 Total:0.3631594	 Acc:0.2500000	 lr:0.0003632	 Mean_Total:0.3165033
2021-11-26 15:06:24,897 -  1716 /  2146 (079%):	 Total:1.1221793	 Acc:0.2500000	 lr:0.0003619	 Mean_Total:0.4069514
2021-11-26 15:08:01,317 -  2145 /  2146 (099%):	 Total:0.3380531	 Acc:0.1875000	 lr:0.0003606	 Mean_Total:0.4847178
2021-11-26 15:08:01,561 - ===============================| start validation |===============================
2021-11-26 15:08:25,007 - 	 Total:0.4927072	 Acc:0.2937237
2021-11-26 15:08:25,011 -    ini file updated    
2021-11-26 15:08:25,011 - ===============================|    epoch 28   |===============================
2021-11-26 15:08:25,755 -     0 /  2146 (000%):	 Total:0.0677329	 Acc:0.5937500	 lr:0.0003606	 Mean_Total:0.0677329
2021-11-26 15:09:25,521 -   429 /  2146 (019%):	 Total:0.1387272	 Acc:0.4375000	 lr:0.0003593	 Mean_Total:0.2029526
2021-11-26 15:10:35,064 -   858 /  2146 (039%):	 Total:0.2377466	 Acc:0.2812500	 lr:0.0003580	 Mean_Total:0.2545912
2021-11-26 15:12:10,696 -  1287 /  2146 (059%):	 Total:0.3687087	 Acc:0.3125000	 lr:0.0003568	 Mean_Total:0.3162432
2021-11-26 15:13:55,404 -  1716 /  2146 (079%):	 Total:1.3000667	 Acc:0.2187500	 lr:0.0003555	 Mean_Total:0.4025189
2021-11-26 15:15:31,436 -  2145 /  2146 (099%):	 Total:1.7326479	 Acc:0.1562500	 lr:0.0003543	 Mean_Total:0.4809420
2021-11-26 15:15:31,737 - ===============================| start validation |===============================
2021-11-26 15:15:54,099 - 	 Total:0.6437197	 Acc:0.2858456
2021-11-26 15:15:54,103 -    ini file updated    
2021-11-26 15:15:54,104 - ===============================|    epoch 29   |===============================
2021-11-26 15:15:54,891 -     0 /  2146 (000%):	 Total:0.1384636	 Acc:0.4062500	 lr:0.0003543	 Mean_Total:0.1384636
2021-11-26 15:16:55,204 -   429 /  2146 (019%):	 Total:0.1120739	 Acc:0.5312500	 lr:0.0003531	 Mean_Total:0.2138675
2021-11-26 15:18:04,703 -   858 /  2146 (039%):	 Total:0.2313115	 Acc:0.3125000	 lr:0.0003519	 Mean_Total:0.2616794
2021-11-26 15:19:41,135 -  1287 /  2146 (059%):	 Total:0.6583713	 Acc:0.2500000	 lr:0.0003507	 Mean_Total:0.3199000
2021-11-26 15:21:26,320 -  1716 /  2146 (079%):	 Total:1.6531031	 Acc:0.0625000	 lr:0.0003495	 Mean_Total:0.4063491
2021-11-26 15:23:02,658 -  2145 /  2146 (099%):	 Total:0.3715559	 Acc:0.1250000	 lr:0.0003484	 Mean_Total:0.4836871
2021-11-26 15:23:02,928 - ===============================| start validation |===============================
2021-11-26 15:23:25,880 - 	 Total:0.4904584	 Acc:0.2912290
2021-11-26 15:23:25,883 -    ini file updated    
2021-11-26 15:23:25,891 - Snapshot saved to /data/users/wergillius/UTR_VAE/pth/RL_gru_MTL/1_layer_model/vleng_k3-model_best_cv1.pth

2021-11-26 15:23:25,891 -    ini file updated    
2021-11-26 15:23:25,891 - ===============================|    epoch 30   |===============================
2021-11-26 15:23:26,797 -     0 /  2146 (000%):	 Total:0.1770179	 Acc:0.5000000	 lr:0.0003484	 Mean_Total:0.1770179
2021-11-26 15:24:25,722 -   429 /  2146 (019%):	 Total:0.2542893	 Acc:0.3437500	 lr:0.0003472	 Mean_Total:0.2022639
2021-11-26 15:25:34,521 -   858 /  2146 (039%):	 Total:0.3767942	 Acc:0.3750000	 lr:0.0003461	 Mean_Total:0.2563607
2021-11-26 15:27:09,337 -  1287 /  2146 (059%):	 Total:0.3663805	 Acc:0.0937500	 lr:0.0003449	 Mean_Total:0.3131442
2021-11-26 15:28:54,052 -  1716 /  2146 (079%):	 Total:0.5248635	 Acc:0.1562500	 lr:0.0003438	 Mean_Total:0.4018715
2021-11-26 15:30:30,981 -  2145 /  2146 (099%):	 Total:0.6409563	 Acc:0.1562500	 lr:0.0003427	 Mean_Total:0.4791140
2021-11-26 15:30:31,230 - ===============================| start validation |===============================
2021-11-26 15:30:55,053 - 	 Total:0.4860957	 Acc:0.3001576
2021-11-26 15:30:55,056 -    ini file updated    
2021-11-26 15:30:55,063 - Snapshot saved to /data/users/wergillius/UTR_VAE/pth/RL_gru_MTL/1_layer_model/vleng_k3-model_best_cv1.pth

2021-11-26 15:30:55,064 -    ini file updated    
2021-11-26 15:30:55,064 - ===============================|    epoch 31   |===============================
2021-11-26 15:30:55,846 -     0 /  2146 (000%):	 Total:0.2095392	 Acc:0.6250000	 lr:0.0003427	 Mean_Total:0.2095392
2021-11-26 15:31:54,242 -   429 /  2146 (019%):	 Total:0.2500567	 Acc:0.3125000	 lr:0.0003416	 Mean_Total:0.2061010
2021-11-26 15:33:04,368 -   858 /  2146 (039%):	 Total:0.4985997	 Acc:0.4062500	 lr:0.0003405	 Mean_Total:0.2535619
2021-11-26 15:34:38,365 -  1287 /  2146 (059%):	 Total:0.3045437	 Acc:0.4062500	 lr:0.0003394	 Mean_Total:0.3130378
2021-11-26 15:36:23,798 -  1716 /  2146 (079%):	 Total:1.2231746	 Acc:0.1562500	 lr:0.0003383	 Mean_Total:0.4291559
2021-11-26 15:37:59,100 -  2145 /  2146 (099%):	 Total:1.2206613	 Acc:0.1875000	 lr:0.0003373	 Mean_Total:0.5649837
2021-11-26 15:37:59,347 - ===============================| start validation |===============================
2021-11-26 15:38:22,810 - 	 Total:0.5024239	 Acc:0.2879464
2021-11-26 15:38:22,813 -    ini file updated    
2021-11-26 15:38:22,813 - ===============================|    epoch 32   |===============================
2021-11-26 15:38:23,606 -     0 /  2146 (000%):	 Total:0.1111246	 Acc:0.5312500	 lr:0.0003373	 Mean_Total:0.1111246
2021-11-26 15:39:22,802 -   429 /  2146 (019%):	 Total:0.2466219	 Acc:0.3125000	 lr:0.0003362	 Mean_Total:0.2080370
2021-11-26 15:40:32,982 -   858 /  2146 (039%):	 Total:0.4291909	 Acc:0.2500000	 lr:0.0003352	 Mean_Total:0.2658997
2021-11-26 15:42:10,388 -  1287 /  2146 (059%):	 Total:0.4684982	 Acc:0.1250000	 lr:0.0003342	 Mean_Total:0.3216282
2021-11-26 15:43:55,319 -  1716 /  2146 (079%):	 Total:0.6220211	 Acc:0.1250000	 lr:0.0003332	 Mean_Total:0.4058753
2021-11-26 15:45:31,688 -  2145 /  2146 (099%):	 Total:0.2403466	 Acc:0.4375000	 lr:0.0003321	 Mean_Total:0.4827383
2021-11-26 15:45:31,938 - ===============================| start validation |===============================
2021-11-26 15:45:55,704 - 	 Total:0.4829020	 Acc:0.2996324
2021-11-26 15:45:55,709 -    ini file updated    
2021-11-26 15:45:55,719 - Snapshot saved to /data/users/wergillius/UTR_VAE/pth/RL_gru_MTL/1_layer_model/vleng_k3-model_best_cv1.pth

2021-11-26 15:45:55,720 -    ini file updated    
2021-11-26 15:45:55,720 - ===============================|    epoch 33   |===============================
2021-11-26 15:45:56,511 -     0 /  2146 (000%):	 Total:0.0773652	 Acc:0.7187500	 lr:0.0003321	 Mean_Total:0.0773652
2021-11-26 15:46:57,062 -   429 /  2146 (019%):	 Total:0.6120907	 Acc:0.4062500	 lr:0.0003311	 Mean_Total:0.2003103
2021-11-26 15:48:06,675 -   858 /  2146 (039%):	 Total:0.1869550	 Acc:0.4687500	 lr:0.0003301	 Mean_Total:0.2510983
2021-11-26 15:49:41,773 -  1287 /  2146 (059%):	 Total:0.4073600	 Acc:0.2812500	 lr:0.0003292	 Mean_Total:0.3096299
2021-11-26 15:51:25,935 -  1716 /  2146 (079%):	 Total:1.5047528	 Acc:0.1250000	 lr:0.0003282	 Mean_Total:0.3966777
2021-11-26 15:53:01,946 -  2145 /  2146 (099%):	 Total:0.3111204	 Acc:0.2500000	 lr:0.0003272	 Mean_Total:0.4738977
2021-11-26 15:53:02,159 - ===============================| start validation |===============================
2021-11-26 15:53:25,758 - 	 Total:0.4801347	 Acc:0.2991071
2021-11-26 15:53:25,762 -    ini file updated    
2021-11-26 15:53:25,769 - Snapshot saved to /data/users/wergillius/UTR_VAE/pth/RL_gru_MTL/1_layer_model/vleng_k3-model_best_cv1.pth

2021-11-26 15:53:25,770 -    ini file updated    
2021-11-26 15:53:25,770 - ===============================|    epoch 34   |===============================
2021-11-26 15:53:26,588 -     0 /  2146 (000%):	 Total:0.2004622	 Acc:0.5625000	 lr:0.0003272	 Mean_Total:0.2004622
2021-11-26 15:54:26,840 -   429 /  2146 (019%):	 Total:0.2032027	 Acc:0.3125000	 lr:0.0003263	 Mean_Total:0.1981368
2021-11-26 15:55:36,834 -   858 /  2146 (039%):	 Total:0.3370374	 Acc:0.3125000	 lr:0.0003253	 Mean_Total:0.2514251
2021-11-26 15:57:13,217 -  1287 /  2146 (059%):	 Total:0.7167306	 Acc:0.1562500	 lr:0.0003244	 Mean_Total:0.3089334
2021-11-26 15:58:58,523 -  1716 /  2146 (079%):	 Total:1.7241070	 Acc:0.0625000	 lr:0.0003234	 Mean_Total:0.3949977
2021-11-26 16:00:34,870 -  2145 /  2146 (099%):	 Total:0.5367880	 Acc:0.1875000	 lr:0.0003225	 Mean_Total:0.4716840
2021-11-26 16:00:35,144 - ===============================| start validation |===============================
2021-11-26 16:00:58,823 - 	 Total:0.4745730	 Acc:0.3060662
2021-11-26 16:00:58,832 -    ini file updated    
2021-11-26 16:00:58,842 - Snapshot saved to /data/users/wergillius/UTR_VAE/pth/RL_gru_MTL/1_layer_model/vleng_k3-model_best_cv1.pth

2021-11-26 16:00:58,843 -    ini file updated    
2021-11-26 16:00:58,843 - ===============================|    epoch 35   |===============================
2021-11-26 16:00:59,713 -     0 /  2146 (000%):	 Total:0.1175523	 Acc:0.6562500	 lr:0.0003225	 Mean_Total:0.1175523
2021-11-26 16:01:57,642 -   429 /  2146 (019%):	 Total:0.1610778	 Acc:0.4062500	 lr:0.0003216	 Mean_Total:0.1984155
2021-11-26 16:03:07,483 -   858 /  2146 (039%):	 Total:0.1928652	 Acc:0.3437500	 lr:0.0003207	 Mean_Total:0.2484120
2021-11-26 16:04:43,751 -  1287 /  2146 (059%):	 Total:0.2861849	 Acc:0.1875000	 lr:0.0003198	 Mean_Total:0.3059428
2021-11-26 16:06:28,638 -  1716 /  2146 (079%):	 Total:0.9520934	 Acc:0.1562500	 lr:0.0003189	 Mean_Total:0.3940002
2021-11-26 16:08:04,293 -  2145 /  2146 (099%):	 Total:0.2738979	 Acc:0.3750000	 lr:0.0003180	 Mean_Total:0.4718834
2021-11-26 16:08:04,565 - ===============================| start validation |===============================
2021-11-26 16:08:28,644 - 	 Total:0.4788142	 Acc:0.3043592
2021-11-26 16:08:28,658 -    ini file updated    
2021-11-26 16:08:28,658 - ===============================|    epoch 36   |===============================
2021-11-26 16:08:29,607 -     0 /  2146 (000%):	 Total:0.1487006	 Acc:0.5312500	 lr:0.0003180	 Mean_Total:0.1487006
2021-11-26 16:09:29,385 -   429 /  2146 (019%):	 Total:0.2257172	 Acc:0.2812500	 lr:0.0003171	 Mean_Total:0.1971319
2021-11-26 16:10:39,729 -   858 /  2146 (039%):	 Total:0.3536065	 Acc:0.2187500	 lr:0.0003162	 Mean_Total:0.2531319
2021-11-26 16:12:16,120 -  1287 /  2146 (059%):	 Total:0.4094161	 Acc:0.2500000	 lr:0.0003154	 Mean_Total:0.3104980
2021-11-26 16:14:00,617 -  1716 /  2146 (079%):	 Total:0.8475190	 Acc:0.1875000	 lr:0.0003145	 Mean_Total:0.3955517
2021-11-26 16:15:36,293 -  2145 /  2146 (099%):	 Total:0.7094454	 Acc:0.1250000	 lr:0.0003137	 Mean_Total:0.4722103
2021-11-26 16:15:36,588 - ===============================| start validation |===============================
2021-11-26 16:16:00,346 - 	 Total:0.4860725	 Acc:0.2955620
2021-11-26 16:16:00,351 -    ini file updated    
2021-11-26 16:16:00,351 - ===============================|    epoch 37   |===============================
2021-11-26 16:16:01,199 -     0 /  2146 (000%):	 Total:0.1113053	 Acc:0.4062500	 lr:0.0003137	 Mean_Total:0.1113053
2021-11-26 16:17:00,265 -   429 /  2146 (019%):	 Total:0.2243007	 Acc:0.3437500	 lr:0.0003128	 Mean_Total:0.1976725
2021-11-26 16:18:10,340 -   858 /  2146 (039%):	 Total:0.3598344	 Acc:0.3125000	 lr:0.0003120	 Mean_Total:0.2502754
2021-11-26 16:19:47,034 -  1287 /  2146 (059%):	 Total:0.3063403	 Acc:0.3125000	 lr:0.0003112	 Mean_Total:0.3053752
2021-11-26 16:21:32,570 -  1716 /  2146 (079%):	 Total:1.4750099	 Acc:0.0937500	 lr:0.0003103	 Mean_Total:0.3929271
2021-11-26 16:23:07,419 -  2145 /  2146 (099%):	 Total:0.2682359	 Acc:0.2500000	 lr:0.0003095	 Mean_Total:0.4701937
2021-11-26 16:23:07,644 - ===============================| start validation |===============================
2021-11-26 16:23:31,187 - 	 Total:0.4738527	 Acc:0.3005515
2021-11-26 16:23:31,190 -    ini file updated    
2021-11-26 16:23:31,200 - Snapshot saved to /data/users/wergillius/UTR_VAE/pth/RL_gru_MTL/1_layer_model/vleng_k3-model_best_cv1.pth

2021-11-26 16:23:31,200 -    ini file updated    
2021-11-26 16:23:31,200 - ===============================|    epoch 38   |===============================
2021-11-26 16:23:31,932 -     0 /  2146 (000%):	 Total:0.1228887	 Acc:0.5625000	 lr:0.0003095	 Mean_Total:0.1228887
2021-11-26 16:24:31,717 -   429 /  2146 (019%):	 Total:0.2695493	 Acc:0.2500000	 lr:0.0003087	 Mean_Total:0.1944332
2021-11-26 16:25:42,073 -   858 /  2146 (039%):	 Total:0.2520786	 Acc:0.2812500	 lr:0.0003079	 Mean_Total:0.2478576
2021-11-26 16:27:17,042 -  1287 /  2146 (059%):	 Total:0.3915383	 Acc:0.3437500	 lr:0.0003071	 Mean_Total:0.3040897
2021-11-26 16:29:03,296 -  1716 /  2146 (079%):	 Total:0.7005221	 Acc:0.1562500	 lr:0.0003063	 Mean_Total:0.3931161
2021-11-26 16:30:38,520 -  2145 /  2146 (099%):	 Total:0.2886772	 Acc:0.4375000	 lr:0.0003055	 Mean_Total:0.4689915
2021-11-26 16:30:38,771 - ===============================| start validation |===============================
2021-11-26 16:31:02,489 - 	 Total:0.4745815	 Acc:0.3009454
2021-11-26 16:31:02,494 -    ini file updated    
2021-11-26 16:31:02,494 - ===============================|    epoch 39   |===============================
2021-11-26 16:31:03,341 -     0 /  2146 (000%):	 Total:0.1039194	 Acc:0.4687500	 lr:0.0003055	 Mean_Total:0.1039194
2021-11-26 16:32:03,118 -   429 /  2146 (019%):	 Total:0.2615373	 Acc:0.4062500	 lr:0.0003047	 Mean_Total:0.1969605
2021-11-26 16:33:14,165 -   858 /  2146 (039%):	 Total:0.1588320	 Acc:0.4687500	 lr:0.0003040	 Mean_Total:0.2479831
2021-11-26 16:34:49,254 -  1287 /  2146 (059%):	 Total:0.3245035	 Acc:0.3125000	 lr:0.0003032	 Mean_Total:0.3040670
2021-11-26 16:36:35,153 -  1716 /  2146 (079%):	 Total:1.4463825	 Acc:0.1562500	 lr:0.0003024	 Mean_Total:0.3904646
2021-11-26 16:38:10,794 -  2145 /  2146 (099%):	 Total:0.7264845	 Acc:0.2500000	 lr:0.0003017	 Mean_Total:0.4656850
2021-11-26 16:38:11,071 - ===============================| start validation |===============================
2021-11-26 16:38:34,547 - 	 Total:0.4759134	 Acc:0.3046218
2021-11-26 16:38:34,554 -    ini file updated    
2021-11-26 16:38:34,554 - ===============================|    epoch 40   |===============================
2021-11-26 16:38:35,319 -     0 /  2146 (000%):	 Total:0.1376088	 Acc:0.5000000	 lr:0.0003017	 Mean_Total:0.1376088
2021-11-26 16:39:33,996 -   429 /  2146 (019%):	 Total:0.2697168	 Acc:0.5000000	 lr:0.0003009	 Mean_Total:0.1956674
2021-11-26 16:40:42,870 -   858 /  2146 (039%):	 Total:0.5571536	 Acc:0.1562500	 lr:0.0003002	 Mean_Total:0.2492498
2021-11-26 16:42:20,286 -  1287 /  2146 (059%):	 Total:0.5478573	 Acc:0.2500000	 lr:0.0002994	 Mean_Total:0.3029891
2021-11-26 16:44:05,003 -  1716 /  2146 (079%):	 Total:1.2100194	 Acc:0.0937500	 lr:0.0002987	 Mean_Total:0.3894444
2021-11-26 16:45:41,925 -  2145 /  2146 (099%):	 Total:0.3202474	 Acc:0.3750000	 lr:0.0002980	 Mean_Total:0.4660164
2021-11-26 16:45:42,132 - ===============================| start validation |===============================
2021-11-26 16:46:05,689 - 	 Total:0.4674091	 Acc:0.3013393
2021-11-26 16:46:05,693 -    ini file updated    
2021-11-26 16:46:05,701 - Snapshot saved to /data/users/wergillius/UTR_VAE/pth/RL_gru_MTL/1_layer_model/vleng_k3-model_best_cv1.pth

2021-11-26 16:46:05,702 -    ini file updated    
2021-11-26 16:46:05,702 - ===============================|    epoch 41   |===============================
2021-11-26 16:46:06,551 -     0 /  2146 (000%):	 Total:0.1217475	 Acc:0.4375000	 lr:0.0002980	 Mean_Total:0.1217475
2021-11-26 16:47:04,837 -   429 /  2146 (019%):	 Total:0.2135421	 Acc:0.2812500	 lr:0.0002973	 Mean_Total:0.1942730
2021-11-26 16:48:13,686 -   858 /  2146 (039%):	 Total:0.6940116	 Acc:0.1875000	 lr:0.0002965	 Mean_Total:0.2439096
2021-11-26 16:49:50,372 -  1287 /  2146 (059%):	 Total:0.2268470	 Acc:0.2812500	 lr:0.0002958	 Mean_Total:0.3009992
2021-11-26 16:51:35,143 -  1716 /  2146 (079%):	 Total:1.1204993	 Acc:0.2500000	 lr:0.0002951	 Mean_Total:0.3856915
2021-11-26 16:53:12,224 -  2145 /  2146 (099%):	 Total:0.2975487	 Acc:0.4375000	 lr:0.0002944	 Mean_Total:0.4624699
2021-11-26 16:53:12,442 - ===============================| start validation |===============================
2021-11-26 16:53:36,112 - 	 Total:0.4673911	 Acc:0.3063288
2021-11-26 16:53:36,118 -    ini file updated    
2021-11-26 16:53:36,126 - Snapshot saved to /data/users/wergillius/UTR_VAE/pth/RL_gru_MTL/1_layer_model/vleng_k3-model_best_cv1.pth

2021-11-26 16:53:36,127 -    ini file updated    
2021-11-26 16:53:36,127 - ===============================|    epoch 42   |===============================
2021-11-26 16:53:36,893 -     0 /  2146 (000%):	 Total:0.1634899	 Acc:0.5625000	 lr:0.0002944	 Mean_Total:0.1634899
2021-11-26 16:54:37,893 -   429 /  2146 (019%):	 Total:0.3502359	 Acc:0.3437500	 lr:0.0002937	 Mean_Total:0.1950134
2021-11-26 16:55:48,078 -   858 /  2146 (039%):	 Total:0.4305069	 Acc:0.2187500	 lr:0.0002930	 Mean_Total:0.2433785
2021-11-26 16:57:22,238 -  1287 /  2146 (059%):	 Total:0.3112522	 Acc:0.3125000	 lr:0.0002923	 Mean_Total:0.2986855
2021-11-26 16:59:07,728 -  1716 /  2146 (079%):	 Total:0.4758316	 Acc:0.1562500	 lr:0.0002916	 Mean_Total:0.3865135
2021-11-26 17:00:43,266 -  2145 /  2146 (099%):	 Total:1.1820754	 Acc:0.1562500	 lr:0.0002910	 Mean_Total:0.4634978
2021-11-26 17:00:43,556 - ===============================| start validation |===============================
2021-11-26 17:01:06,970 - 	 Total:0.4696206	 Acc:0.3056723
2021-11-26 17:01:06,976 -    ini file updated    
2021-11-26 17:01:06,976 - ===============================|    epoch 43   |===============================
2021-11-26 17:01:07,812 -     0 /  2146 (000%):	 Total:0.0953507	 Acc:0.5312500	 lr:0.0002910	 Mean_Total:0.0953507
2021-11-26 17:02:06,737 -   429 /  2146 (019%):	 Total:0.1670067	 Acc:0.5625000	 lr:0.0002903	 Mean_Total:0.1944917
2021-11-26 17:03:17,137 -   858 /  2146 (039%):	 Total:0.4366541	 Acc:0.3125000	 lr:0.0002896	 Mean_Total:0.2441685
2021-11-26 17:04:54,384 -  1287 /  2146 (059%):	 Total:0.3807356	 Acc:0.2500000	 lr:0.0002890	 Mean_Total:0.2996107
2021-11-26 17:06:39,800 -  1716 /  2146 (079%):	 Total:0.8363540	 Acc:0.2187500	 lr:0.0002883	 Mean_Total:0.3853765
2021-11-26 17:08:15,708 -  2145 /  2146 (099%):	 Total:0.7832913	 Acc:0.1562500	 lr:0.0002876	 Mean_Total:0.4639156
2021-11-26 17:08:16,065 - ===============================| start validation |===============================
2021-11-26 17:08:39,259 - 	 Total:0.4697883	 Acc:0.3029149
2021-11-26 17:08:39,263 -    ini file updated    
2021-11-26 17:08:39,263 - ===============================|    epoch 44   |===============================
2021-11-26 17:08:40,020 -     0 /  2146 (000%):	 Total:0.3284037	 Acc:0.6250000	 lr:0.0002876	 Mean_Total:0.3284037
2021-11-26 17:09:38,442 -   429 /  2146 (019%):	 Total:0.2375899	 Acc:0.4375000	 lr:0.0002870	 Mean_Total:0.1934958
2021-11-26 17:10:47,763 -   858 /  2146 (039%):	 Total:0.2869227	 Acc:0.3437500	 lr:0.0002863	 Mean_Total:0.2432367
2021-11-26 17:12:23,895 -  1287 /  2146 (059%):	 Total:0.6892872	 Acc:0.2500000	 lr:0.0002857	 Mean_Total:0.2987532
2021-11-26 17:14:09,554 -  1716 /  2146 (079%):	 Total:1.3175797	 Acc:0.0625000	 lr:0.0002851	 Mean_Total:0.3850534
2021-11-26 17:15:45,934 -  2145 /  2146 (099%):	 Total:0.1474835	 Acc:0.4062500	 lr:0.0002844	 Mean_Total:0.4595759
2021-11-26 17:15:46,197 - ===============================| start validation |===============================
2021-11-26 17:16:09,320 - 	 Total:0.4666423	 Acc:0.3077731
2021-11-26 17:16:09,325 -    ini file updated    
2021-11-26 17:16:09,335 - Snapshot saved to /data/users/wergillius/UTR_VAE/pth/RL_gru_MTL/1_layer_model/vleng_k3-model_best_cv1.pth

2021-11-26 17:16:09,336 -    ini file updated    
2021-11-26 17:16:09,336 - ===============================|    epoch 45   |===============================
2021-11-26 17:16:10,165 -     0 /  2146 (000%):	 Total:0.1384579	 Acc:0.5937500	 lr:0.0002844	 Mean_Total:0.1384579
2021-11-26 17:17:09,582 -   429 /  2146 (019%):	 Total:0.0731109	 Acc:0.5937500	 lr:0.0002838	 Mean_Total:0.1904796
2021-11-26 17:18:19,716 -   858 /  2146 (039%):	 Total:0.6341516	 Acc:0.2187500	 lr:0.0002832	 Mean_Total:0.2390196
2021-11-26 17:19:54,479 -  1287 /  2146 (059%):	 Total:0.5193020	 Acc:0.1250000	 lr:0.0002826	 Mean_Total:0.2963526
2021-11-26 17:21:40,180 -  1716 /  2146 (079%):	 Total:0.5532099	 Acc:0.3125000	 lr:0.0002819	 Mean_Total:0.3794777
2021-11-26 17:23:16,205 -  2145 /  2146 (099%):	 Total:0.7150517	 Acc:0.1875000	 lr:0.0002813	 Mean_Total:0.4564330
2021-11-26 17:23:16,506 - ===============================| start validation |===============================
2021-11-26 17:23:40,245 - 	 Total:0.4725681	 Acc:0.2998950
2021-11-26 17:23:40,249 -    ini file updated    
2021-11-26 17:23:40,249 - ===============================|    epoch 46   |===============================
2021-11-26 17:23:41,157 -     0 /  2146 (000%):	 Total:0.1546177	 Acc:0.5312500	 lr:0.0002813	 Mean_Total:0.1546177
2021-11-26 17:24:40,016 -   429 /  2146 (019%):	 Total:0.2359366	 Acc:0.2812500	 lr:0.0002807	 Mean_Total:0.1934245
2021-11-26 17:25:49,451 -   858 /  2146 (039%):	 Total:0.2126656	 Acc:0.2812500	 lr:0.0002801	 Mean_Total:0.2436829
2021-11-26 17:27:24,928 -  1287 /  2146 (059%):	 Total:0.6591743	 Acc:0.1562500	 lr:0.0002795	 Mean_Total:0.2970023
2021-11-26 17:29:09,549 -  1716 /  2146 (079%):	 Total:0.7987708	 Acc:0.0937500	 lr:0.0002789	 Mean_Total:0.3807959
2021-11-26 17:30:45,436 -  2145 /  2146 (099%):	 Total:1.6371969	 Acc:0.1875000	 lr:0.0002783	 Mean_Total:0.4563758
2021-11-26 17:30:45,742 - ===============================| start validation |===============================
2021-11-26 17:31:08,978 - 	 Total:0.4634221	 Acc:0.3063288
2021-11-26 17:31:08,991 -    ini file updated    
2021-11-26 17:31:08,999 - Snapshot saved to /data/users/wergillius/UTR_VAE/pth/RL_gru_MTL/1_layer_model/vleng_k3-model_best_cv1.pth

2021-11-26 17:31:09,000 -    ini file updated    
2021-11-26 17:31:09,000 - ===============================|    epoch 47   |===============================
2021-11-26 17:31:09,827 -     0 /  2146 (000%):	 Total:0.1041979	 Acc:0.5312500	 lr:0.0002783	 Mean_Total:0.1041979
2021-11-26 17:32:09,989 -   429 /  2146 (019%):	 Total:0.2891019	 Acc:0.4062500	 lr:0.0002777	 Mean_Total:0.1889904
2021-11-26 17:33:21,367 -   858 /  2146 (039%):	 Total:0.2269839	 Acc:0.3437500	 lr:0.0002771	 Mean_Total:0.2383204
2021-11-26 17:34:56,171 -  1287 /  2146 (059%):	 Total:0.5509815	 Acc:0.2500000	 lr:0.0002766	 Mean_Total:0.2939247
2021-11-26 17:36:41,320 -  1716 /  2146 (079%):	 Total:0.9671879	 Acc:0.1250000	 lr:0.0002760	 Mean_Total:0.3774046
2021-11-26 17:38:17,460 -  2145 /  2146 (099%):	 Total:0.1371893	 Acc:0.5000000	 lr:0.0002754	 Mean_Total:0.4544215
2021-11-26 17:38:17,750 - ===============================| start validation |===============================
2021-11-26 17:38:41,821 - 	 Total:0.4678833	 Acc:0.2989758
2021-11-26 17:38:41,830 -    ini file updated    
2021-11-26 17:38:41,830 - ===============================|    epoch 48   |===============================
2021-11-26 17:38:42,614 -     0 /  2146 (000%):	 Total:0.0651338	 Acc:0.5312500	 lr:0.0002754	 Mean_Total:0.0651338
2021-11-26 17:39:41,996 -   429 /  2146 (019%):	 Total:0.1432264	 Acc:0.5000000	 lr:0.0002748	 Mean_Total:0.1900914
2021-11-26 17:40:52,535 -   858 /  2146 (039%):	 Total:0.2323533	 Acc:0.4375000	 lr:0.0002743	 Mean_Total:0.2405949
2021-11-26 17:42:28,475 -  1287 /  2146 (059%):	 Total:0.6785616	 Acc:0.2500000	 lr:0.0002737	 Mean_Total:0.2962592
2021-11-26 17:44:14,392 -  1716 /  2146 (079%):	 Total:0.9281022	 Acc:0.1250000	 lr:0.0002731	 Mean_Total:0.3826090
2021-11-26 17:45:48,700 -  2145 /  2146 (099%):	 Total:0.3358890	 Acc:0.3437500	 lr:0.0002726	 Mean_Total:0.4580895
2021-11-26 17:45:49,031 - ===============================| start validation |===============================
2021-11-26 17:46:12,435 - 	 Total:0.4620765	 Acc:0.3005515
2021-11-26 17:46:12,445 -    ini file updated    
2021-11-26 17:46:12,456 - Snapshot saved to /data/users/wergillius/UTR_VAE/pth/RL_gru_MTL/1_layer_model/vleng_k3-model_best_cv1.pth

2021-11-26 17:46:12,457 -    ini file updated    
2021-11-26 17:46:12,457 - ===============================|    epoch 49   |===============================
2021-11-26 17:46:13,276 -     0 /  2146 (000%):	 Total:0.1402281	 Acc:0.4687500	 lr:0.0002726	 Mean_Total:0.1402281
2021-11-26 17:47:13,639 -   429 /  2146 (019%):	 Total:0.1943226	 Acc:0.4687500	 lr:0.0002720	 Mean_Total:0.1900378
2021-11-26 17:48:23,393 -   858 /  2146 (039%):	 Total:0.2333098	 Acc:0.3750000	 lr:0.0002715	 Mean_Total:0.2393605
2021-11-26 17:49:57,906 -  1287 /  2146 (059%):	 Total:0.5421063	 Acc:0.3437500	 lr:0.0002709	 Mean_Total:0.2915271
2021-11-26 17:51:43,920 -  1716 /  2146 (079%):	 Total:1.1116635	 Acc:0.1562500	 lr:0.0002704	 Mean_Total:0.3772811
2021-11-26 17:53:18,879 -  2145 /  2146 (099%):	 Total:0.3171390	 Acc:0.3437500	 lr:0.0002698	 Mean_Total:0.4518883
2021-11-26 17:53:19,142 - ===============================| start validation |===============================
2021-11-26 17:53:43,046 - 	 Total:0.4589354	 Acc:0.3072479
2021-11-26 17:53:43,051 -    ini file updated    
2021-11-26 17:53:43,060 - Snapshot saved to /data/users/wergillius/UTR_VAE/pth/RL_gru_MTL/1_layer_model/vleng_k3-model_best_cv1.pth

2021-11-26 17:53:43,060 -    ini file updated    
2021-11-26 17:53:43,061 - ===============================|    epoch 50   |===============================
2021-11-26 17:53:43,890 -     0 /  2146 (000%):	 Total:0.1157073	 Acc:0.5625000	 lr:0.0002698	 Mean_Total:0.1157073
2021-11-26 17:54:42,805 -   429 /  2146 (019%):	 Total:0.2289498	 Acc:0.3437500	 lr:0.0002693	 Mean_Total:0.1877596
2021-11-26 17:55:52,606 -   858 /  2146 (039%):	 Total:0.2590758	 Acc:0.2812500	 lr:0.0002688	 Mean_Total:0.2354178
2021-11-26 17:57:28,417 -  1287 /  2146 (059%):	 Total:0.4186616	 Acc:0.1250000	 lr:0.0002682	 Mean_Total:0.2913305
2021-11-26 17:59:12,219 -  1716 /  2146 (079%):	 Total:0.8429522	 Acc:0.0625000	 lr:0.0002677	 Mean_Total:0.3753348
2021-11-26 18:00:47,504 -  2145 /  2146 (099%):	 Total:0.6894276	 Acc:0.2187500	 lr:0.0002672	 Mean_Total:0.4525698
2021-11-26 18:00:47,776 - ===============================| start validation |===============================
2021-11-26 18:01:10,912 - 	 Total:0.4597211	 Acc:0.3059349
2021-11-26 18:01:10,916 -    ini file updated    
2021-11-26 18:01:10,917 - ===============================|    epoch 51   |===============================
2021-11-26 18:01:11,790 -     0 /  2146 (000%):	 Total:0.1694816	 Acc:0.4687500	 lr:0.0002672	 Mean_Total:0.1694816
2021-11-26 18:02:11,740 -   429 /  2146 (019%):	 Total:0.1554613	 Acc:0.5000000	 lr:0.0002667	 Mean_Total:0.1907091
2021-11-26 18:03:23,227 -   858 /  2146 (039%):	 Total:0.3118407	 Acc:0.3125000	 lr:0.0002661	 Mean_Total:0.2379219
2021-11-26 18:04:56,895 -  1287 /  2146 (059%):	 Total:0.7208657	 Acc:0.2812500	 lr:0.0002656	 Mean_Total:0.2915739
2021-11-26 18:06:42,871 -  1716 /  2146 (079%):	 Total:0.9753035	 Acc:0.1250000	 lr:0.0002651	 Mean_Total:0.3755523
2021-11-26 18:08:18,889 -  2145 /  2146 (099%):	 Total:0.3544512	 Acc:0.3125000	 lr:0.0002646	 Mean_Total:0.4500048
2021-11-26 18:08:19,124 - ===============================| start validation |===============================
2021-11-26 18:08:42,999 - 	 Total:0.4608145	 Acc:0.3121061
2021-11-26 18:08:43,005 -    ini file updated    
2021-11-26 18:08:43,024 - Snapshot saved to /data/users/wergillius/UTR_VAE/pth/RL_gru_MTL/1_layer_model/vleng_k3-model_best_cv1.pth

2021-11-26 18:08:43,025 -    ini file updated    
2021-11-26 18:08:43,025 - ===============================|    epoch 52   |===============================
2021-11-26 18:08:43,887 -     0 /  2146 (000%):	 Total:0.0979967	 Acc:0.5000000	 lr:0.0002646	 Mean_Total:0.0979967
2021-11-26 18:09:42,921 -   429 /  2146 (019%):	 Total:0.2121712	 Acc:0.5625000	 lr:0.0002641	 Mean_Total:0.1867707
2021-11-26 18:10:53,584 -   858 /  2146 (039%):	 Total:0.2395744	 Acc:0.3125000	 lr:0.0002636	 Mean_Total:0.2352066
2021-11-26 18:12:28,796 -  1287 /  2146 (059%):	 Total:0.6968895	 Acc:0.1562500	 lr:0.0002631	 Mean_Total:0.2900466
2021-11-26 18:14:13,266 -  1716 /  2146 (079%):	 Total:1.1201493	 Acc:0.1250000	 lr:0.0002626	 Mean_Total:0.3740478
2021-11-26 18:15:49,478 -  2145 /  2146 (099%):	 Total:0.2309672	 Acc:0.2812500	 lr:0.0002621	 Mean_Total:0.4489612
2021-11-26 18:15:49,735 - ===============================| start validation |===============================
2021-11-26 18:16:13,290 - 	 Total:0.4613521	 Acc:0.3044905
2021-11-26 18:16:13,294 -    ini file updated    
2021-11-26 18:16:13,294 - ===============================|    epoch 53   |===============================
2021-11-26 18:16:14,124 -     0 /  2146 (000%):	 Total:0.2675948	 Acc:0.3437500	 lr:0.0002621	 Mean_Total:0.2675948
2021-11-26 18:17:13,347 -   429 /  2146 (019%):	 Total:0.1363262	 Acc:0.4687500	 lr:0.0002616	 Mean_Total:0.1877026
2021-11-26 18:18:23,629 -   858 /  2146 (039%):	 Total:0.4015722	 Acc:0.2812500	 lr:0.0002611	 Mean_Total:0.2363296
2021-11-26 18:19:59,050 -  1287 /  2146 (059%):	 Total:0.4454184	 Acc:0.3125000	 lr:0.0002606	 Mean_Total:0.2899114
2021-11-26 18:21:43,261 -  1716 /  2146 (079%):	 Total:0.6843517	 Acc:0.1875000	 lr:0.0002601	 Mean_Total:0.3734347
2021-11-26 18:23:19,457 -  2145 /  2146 (099%):	 Total:0.6568688	 Acc:0.1562500	 lr:0.0002596	 Mean_Total:0.4497190
2021-11-26 18:23:19,738 - ===============================| start validation |===============================
2021-11-26 18:23:42,931 - 	 Total:0.4559287	 Acc:0.3065914
2021-11-26 18:23:42,938 -    ini file updated    
2021-11-26 18:23:42,944 - Snapshot saved to /data/users/wergillius/UTR_VAE/pth/RL_gru_MTL/1_layer_model/vleng_k3-model_best_cv1.pth

2021-11-26 18:23:42,945 -    ini file updated    
2021-11-26 18:23:42,945 - ===============================|    epoch 54   |===============================
2021-11-26 18:23:43,702 -     0 /  2146 (000%):	 Total:0.1697441	 Acc:0.5312500	 lr:0.0002596	 Mean_Total:0.1697441
2021-11-26 18:24:44,854 -   429 /  2146 (019%):	 Total:0.1398529	 Acc:0.4687500	 lr:0.0002592	 Mean_Total:0.1870010
2021-11-26 18:25:54,711 -   858 /  2146 (039%):	 Total:0.4881236	 Acc:0.2812500	 lr:0.0002587	 Mean_Total:0.2359826
2021-11-26 18:27:30,741 -  1287 /  2146 (059%):	 Total:0.5905598	 Acc:0.0937500	 lr:0.0002582	 Mean_Total:0.2905479
2021-11-26 18:29:16,841 -  1716 /  2146 (079%):	 Total:0.6125968	 Acc:0.0312500	 lr:0.0002577	 Mean_Total:0.3730679
2021-11-26 18:30:52,812 -  2145 /  2146 (099%):	 Total:0.2327999	 Acc:0.3437500	 lr:0.0002573	 Mean_Total:0.4487489
2021-11-26 18:30:53,093 - ===============================| start validation |===============================
2021-11-26 18:31:16,709 - 	 Total:0.4527401	 Acc:0.3065914
2021-11-26 18:31:16,714 -    ini file updated    
2021-11-26 18:31:16,754 - Snapshot saved to /data/users/wergillius/UTR_VAE/pth/RL_gru_MTL/1_layer_model/vleng_k3-model_best_cv1.pth

2021-11-26 18:31:16,759 -    ini file updated    
2021-11-26 18:31:16,759 - ===============================|    epoch 55   |===============================
2021-11-26 18:31:17,559 -     0 /  2146 (000%):	 Total:0.1615264	 Acc:0.4062500	 lr:0.0002573	 Mean_Total:0.1615264
2021-11-26 18:32:17,407 -   429 /  2146 (019%):	 Total:0.2717108	 Acc:0.4687500	 lr:0.0002568	 Mean_Total:0.1886447
2021-11-26 18:33:27,448 -   858 /  2146 (039%):	 Total:0.3195595	 Acc:0.3125000	 lr:0.0002563	 Mean_Total:0.2359042
2021-11-26 18:35:02,004 -  1287 /  2146 (059%):	 Total:0.5130187	 Acc:0.1875000	 lr:0.0002559	 Mean_Total:0.2892137
2021-11-26 18:36:46,129 -  1716 /  2146 (079%):	 Total:0.9838328	 Acc:0.2812500	 lr:0.0002554	 Mean_Total:0.3741577
2021-11-26 18:38:21,881 -  2145 /  2146 (099%):	 Total:0.2929232	 Acc:0.3437500	 lr:0.0002550	 Mean_Total:0.4482171
2021-11-26 18:38:22,151 - ===============================| start validation |===============================
2021-11-26 18:38:46,142 - 	 Total:0.4629010	 Acc:0.2916229
2021-11-26 18:38:46,147 -    ini file updated    
2021-11-26 18:38:46,147 - ===============================|    epoch 56   |===============================
2021-11-26 18:38:46,919 -     0 /  2146 (000%):	 Total:0.1895011	 Acc:0.3750000	 lr:0.0002550	 Mean_Total:0.1895011
2021-11-26 18:39:46,942 -   429 /  2146 (019%):	 Total:0.3096976	 Acc:0.2812500	 lr:0.0002545	 Mean_Total:0.1867571
2021-11-26 18:40:56,763 -   858 /  2146 (039%):	 Total:0.1891687	 Acc:0.3750000	 lr:0.0002541	 Mean_Total:0.2334597
2021-11-26 18:42:32,576 -  1287 /  2146 (059%):	 Total:0.3682043	 Acc:0.3437500	 lr:0.0002536	 Mean_Total:0.2868745
2021-11-26 18:44:17,969 -  1716 /  2146 (079%):	 Total:0.7600071	 Acc:0.1875000	 lr:0.0002532	 Mean_Total:0.3720108
2021-11-26 18:45:53,422 -  2145 /  2146 (099%):	 Total:0.6395955	 Acc:0.2187500	 lr:0.0002527	 Mean_Total:0.4456855
2021-11-26 18:45:53,686 - ===============================| start validation |===============================
2021-11-26 18:46:17,113 - 	 Total:0.4577547	 Acc:0.3010767
2021-11-26 18:46:17,118 -    ini file updated    
2021-11-26 18:46:17,120 - ===============================|    epoch 57   |===============================
2021-11-26 18:46:18,075 -     0 /  2146 (000%):	 Total:0.0810590	 Acc:0.4375000	 lr:0.0002527	 Mean_Total:0.0810590
2021-11-26 18:47:17,543 -   429 /  2146 (019%):	 Total:0.2521815	 Acc:0.3125000	 lr:0.0002523	 Mean_Total:0.1873514
2021-11-26 18:48:28,263 -   858 /  2146 (039%):	 Total:0.3001097	 Acc:0.4375000	 lr:0.0002518	 Mean_Total:0.2335556
2021-11-26 18:50:03,628 -  1287 /  2146 (059%):	 Total:0.5380867	 Acc:0.3437500	 lr:0.0002514	 Mean_Total:0.2879155
2021-11-26 18:51:48,403 -  1716 /  2146 (079%):	 Total:0.6053734	 Acc:0.2500000	 lr:0.0002510	 Mean_Total:0.3738430
2021-11-26 18:53:23,780 -  2145 /  2146 (099%):	 Total:0.2586436	 Acc:0.3125000	 lr:0.0002505	 Mean_Total:0.4489168
2021-11-26 18:53:23,983 - ===============================| start validation |===============================
2021-11-26 18:53:47,605 - 	 Total:0.4539372	 Acc:0.3034401
2021-11-26 18:53:47,613 -    ini file updated    
2021-11-26 18:53:47,613 - ===============================|    epoch 58   |===============================
2021-11-26 18:53:48,465 -     0 /  2146 (000%):	 Total:0.1448331	 Acc:0.4687500	 lr:0.0002505	 Mean_Total:0.1448331
2021-11-26 18:54:49,151 -   429 /  2146 (019%):	 Total:0.1475374	 Acc:0.4687500	 lr:0.0002501	 Mean_Total:0.1857610
2021-11-26 18:56:00,386 -   858 /  2146 (039%):	 Total:0.2513274	 Acc:0.4687500	 lr:0.0002497	 Mean_Total:0.2355565
2021-11-26 18:57:36,904 -  1287 /  2146 (059%):	 Total:0.5493418	 Acc:0.2500000	 lr:0.0002492	 Mean_Total:0.2876968
2021-11-26 18:59:22,018 -  1716 /  2146 (079%):	 Total:0.6427757	 Acc:0.2812500	 lr:0.0002488	 Mean_Total:0.3711729
2021-11-26 19:00:58,632 -  2145 /  2146 (099%):	 Total:0.9118103	 Acc:0.2812500	 lr:0.0002484	 Mean_Total:0.4457162
2021-11-26 19:00:58,892 - ===============================| start validation |===============================
2021-11-26 19:01:22,818 - 	 Total:0.4523458	 Acc:0.3098739
2021-11-26 19:01:22,824 -    ini file updated    
2021-11-26 19:01:22,831 - Snapshot saved to /data/users/wergillius/UTR_VAE/pth/RL_gru_MTL/1_layer_model/vleng_k3-model_best_cv1.pth

2021-11-26 19:01:22,832 -    ini file updated    
2021-11-26 19:01:22,832 - ===============================|    epoch 59   |===============================
2021-11-26 19:01:23,809 -     0 /  2146 (000%):	 Total:0.1643021	 Acc:0.4375000	 lr:0.0002484	 Mean_Total:0.1643021
2021-11-26 19:02:24,049 -   429 /  2146 (019%):	 Total:0.2278787	 Acc:0.5000000	 lr:0.0002480	 Mean_Total:0.1859710
2021-11-26 19:03:35,040 -   858 /  2146 (039%):	 Total:0.2561642	 Acc:0.4375000	 lr:0.0002476	 Mean_Total:0.2333707
2021-11-26 19:05:09,175 -  1287 /  2146 (059%):	 Total:0.6726247	 Acc:0.1562500	 lr:0.0002471	 Mean_Total:0.2856583
2021-11-26 19:06:55,426 -  1716 /  2146 (079%):	 Total:0.9723167	 Acc:0.1562500	 lr:0.0002467	 Mean_Total:0.3663801
2021-11-26 19:08:30,101 -  2145 /  2146 (099%):	 Total:0.6379029	 Acc:0.2187500	 lr:0.0002463	 Mean_Total:0.4423014
2021-11-26 19:08:30,387 - ===============================| start validation |===============================
2021-11-26 19:08:53,546 - 	 Total:0.4498867	 Acc:0.3037027
2021-11-26 19:08:53,552 -    ini file updated    
2021-11-26 19:08:53,561 - Snapshot saved to /data/users/wergillius/UTR_VAE/pth/RL_gru_MTL/1_layer_model/vleng_k3-model_best_cv1.pth

2021-11-26 19:08:53,562 -    ini file updated    
2021-11-26 19:08:53,562 - ===============================|    epoch 60   |===============================
2021-11-26 19:08:54,400 -     0 /  2146 (000%):	 Total:0.1929196	 Acc:0.4375000	 lr:0.0002463	 Mean_Total:0.1929196
2021-11-26 19:09:55,270 -   429 /  2146 (019%):	 Total:0.3208029	 Acc:0.2187500	 lr:0.0002459	 Mean_Total:0.1851219
2021-11-26 19:11:06,028 -   858 /  2146 (039%):	 Total:0.2536469	 Acc:0.3437500	 lr:0.0002455	 Mean_Total:0.2326399
2021-11-26 19:12:41,614 -  1287 /  2146 (059%):	 Total:0.5304671	 Acc:0.2812500	 lr:0.0002451	 Mean_Total:0.2859465
2021-11-26 19:14:20,501 -  1716 /  2146 (079%):	 Total:0.8374470	 Acc:0.2812500	 lr:0.0002447	 Mean_Total:0.3664019
2021-11-26 19:15:35,216 -  2145 /  2146 (099%):	 Total:1.4678025	 Acc:0.2500000	 lr:0.0002443	 Mean_Total:0.4414520
2021-11-26 19:15:35,472 - ===============================| start validation |===============================
2021-11-26 19:15:52,492 - 	 Total:0.4435689	 Acc:0.3111870
2021-11-26 19:15:52,498 -    ini file updated    
2021-11-26 19:15:52,526 - Snapshot saved to /data/users/wergillius/UTR_VAE/pth/RL_gru_MTL/1_layer_model/vleng_k3-model_best_cv1.pth

2021-11-26 19:15:52,527 -    ini file updated    
