2021-11-26 11:30:50,969 -   	 	 ==============<<< device used: cuda:2  >>>============== 	 	 
2021-11-26 11:31:18,487 - ===============================|    epoch 0   |===============================
2021-11-26 11:31:19,713 -     0 /  2146 (000%):	 Total:35.7982140	 Acc:0.0000000	 lr:0.0009882	 Mean_Total:35.7982140
2021-11-26 11:32:39,444 -   429 /  2146 (019%):	 Total:0.9658540	 Acc:0.3125000	 lr:0.0042625	 Mean_Total:1.1922462
2021-11-26 11:33:48,091 -   858 /  2146 (039%):	 Total:1.2947493	 Acc:0.2500000	 lr:0.0030158	 Mean_Total:1.0336425
2021-11-26 11:35:10,261 -  1287 /  2146 (059%):	 Total:1.2758231	 Acc:0.3125000	 lr:0.0024628	 Mean_Total:1.0605449
2021-11-26 11:36:45,720 -  1716 /  2146 (079%):	 Total:2.1943603	 Acc:0.0625000	 lr:0.0021331	 Mean_Total:1.1354351
2021-11-26 11:38:15,534 -  2145 /  2146 (099%):	 Total:1.3591635	 Acc:0.0312500	 lr:0.0019080	 Mean_Total:1.1904011
2021-11-26 11:38:15,821 - ===============================| start validation |===============================
2021-11-26 11:38:34,663 - 	 Total:1.0214212	 Acc:0.2330620
2021-11-26 11:38:34,686 -    ini file updated    
2021-11-26 11:38:34,701 - Snapshot saved to /data/users/wergillius/UTR_VAE/pth/RL_gru_MTL/1_layer_model/vleng_k5-model_best_cv2.pth

2021-11-26 11:38:34,702 -    ini file updated    
2021-11-26 11:38:34,702 - ===============================|    epoch 1   |===============================
2021-11-26 11:38:35,605 -     0 /  2146 (000%):	 Total:0.2789268	 Acc:0.4375000	 lr:0.0019076	 Mean_Total:0.2789268
2021-11-26 11:39:52,070 -   429 /  2146 (019%):	 Total:0.4622142	 Acc:0.3125000	 lr:0.0017415	 Mean_Total:0.5162455
2021-11-26 11:41:03,962 -   858 /  2146 (039%):	 Total:0.8229162	 Acc:0.1562500	 lr:0.0016124	 Mean_Total:0.6362702
2021-11-26 11:42:38,682 -  1287 /  2146 (059%):	 Total:1.0235031	 Acc:0.2812500	 lr:0.0015083	 Mean_Total:0.7498699
2021-11-26 11:44:22,342 -  1716 /  2146 (079%):	 Total:1.4197862	 Acc:0.1562500	 lr:0.0014221	 Mean_Total:0.8666890
2021-11-26 11:45:59,564 -  2145 /  2146 (099%):	 Total:1.9763931	 Acc:0.1562500	 lr:0.0013492	 Mean_Total:0.9517645
2021-11-26 11:45:59,853 - ===============================| start validation |===============================
2021-11-26 11:46:27,684 - 	 Total:0.9042416	 Acc:0.2460609
2021-11-26 11:46:27,688 -    ini file updated    
2021-11-26 11:46:27,703 - Snapshot saved to /data/users/wergillius/UTR_VAE/pth/RL_gru_MTL/1_layer_model/vleng_k5-model_best_cv2.pth

2021-11-26 11:46:27,703 -    ini file updated    
2021-11-26 11:46:27,703 - ===============================|    epoch 2   |===============================
2021-11-26 11:46:28,528 -     0 /  2146 (000%):	 Total:0.4109507	 Acc:0.3750000	 lr:0.0013490	 Mean_Total:0.4109507
2021-11-26 11:47:43,159 -   429 /  2146 (019%):	 Total:1.1050937	 Acc:0.2500000	 lr:0.0012863	 Mean_Total:0.4676162
2021-11-26 11:48:54,134 -   858 /  2146 (039%):	 Total:0.9435024	 Acc:0.3437500	 lr:0.0012315	 Mean_Total:0.5782232
2021-11-26 11:50:28,863 -  1287 /  2146 (059%):	 Total:0.7086038	 Acc:0.2187500	 lr:0.0011833	 Mean_Total:0.6889866
2021-11-26 11:52:13,461 -  1716 /  2146 (079%):	 Total:0.5632966	 Acc:0.3437500	 lr:0.0011402	 Mean_Total:0.8039593
2021-11-26 11:53:49,968 -  2145 /  2146 (099%):	 Total:1.4878368	 Acc:0.1875000	 lr:0.0011016	 Mean_Total:0.8961854
2021-11-26 11:53:50,252 - ===============================| start validation |===============================
2021-11-26 11:54:17,979 - 	 Total:0.8802673	 Acc:0.2543330
2021-11-26 11:54:17,983 -    ini file updated    
2021-11-26 11:54:17,991 - Snapshot saved to /data/users/wergillius/UTR_VAE/pth/RL_gru_MTL/1_layer_model/vleng_k5-model_best_cv2.pth

2021-11-26 11:54:17,996 -    ini file updated    
2021-11-26 11:54:17,996 - ===============================|    epoch 3   |===============================
2021-11-26 11:54:18,988 -     0 /  2146 (000%):	 Total:0.3084806	 Acc:0.2812500	 lr:0.0011015	 Mean_Total:0.3084806
2021-11-26 11:55:35,575 -   429 /  2146 (019%):	 Total:0.1722414	 Acc:0.3437500	 lr:0.0010665	 Mean_Total:0.4418332
2021-11-26 11:56:52,949 -   858 /  2146 (039%):	 Total:0.6822146	 Acc:0.3125000	 lr:0.0010347	 Mean_Total:0.5573035
2021-11-26 11:58:32,114 -  1287 /  2146 (059%):	 Total:0.7625444	 Acc:0.1875000	 lr:0.0010056	 Mean_Total:0.6673964
2021-11-26 12:00:17,498 -  1716 /  2146 (079%):	 Total:1.0203617	 Acc:0.1562500	 lr:0.0009788	 Mean_Total:0.7821986
2021-11-26 12:01:54,757 -  2145 /  2146 (099%):	 Total:0.9090758	 Acc:0.1250000	 lr:0.0009540	 Mean_Total:0.8740730
2021-11-26 12:01:55,039 - ===============================| start validation |===============================
2021-11-26 12:02:22,583 - 	 Total:0.8759506	 Acc:0.2577468
2021-11-26 12:02:22,588 -    ini file updated    
2021-11-26 12:02:22,599 - Snapshot saved to /data/users/wergillius/UTR_VAE/pth/RL_gru_MTL/1_layer_model/vleng_k5-model_best_cv2.pth

2021-11-26 12:02:22,600 -    ini file updated    
2021-11-26 12:02:22,600 - ===============================|    epoch 4   |===============================
2021-11-26 12:02:23,481 -     0 /  2146 (000%):	 Total:0.4140546	 Acc:0.3750000	 lr:0.0009539	 Mean_Total:0.4140546
2021-11-26 12:03:39,364 -   429 /  2146 (019%):	 Total:0.6398984	 Acc:0.4375000	 lr:0.0009310	 Mean_Total:0.4297359
2021-11-26 12:04:51,362 -   858 /  2146 (039%):	 Total:1.1041789	 Acc:0.1562500	 lr:0.0009096	 Mean_Total:0.5483362
2021-11-26 12:06:25,841 -  1287 /  2146 (059%):	 Total:0.8439120	 Acc:0.0937500	 lr:0.0008896	 Mean_Total:0.6601746
2021-11-26 12:08:09,969 -  1716 /  2146 (079%):	 Total:1.0189669	 Acc:0.2812500	 lr:0.0008709	 Mean_Total:0.7721473
2021-11-26 12:09:48,125 -  2145 /  2146 (099%):	 Total:0.4169955	 Acc:0.2812500	 lr:0.0008533	 Mean_Total:0.8652480
2021-11-26 12:09:48,408 - ===============================| start validation |===============================
2021-11-26 12:10:19,080 - 	 Total:0.8572822	 Acc:0.2636555
2021-11-26 12:10:19,084 -    ini file updated    
2021-11-26 12:10:19,091 - Snapshot saved to /data/users/wergillius/UTR_VAE/pth/RL_gru_MTL/1_layer_model/vleng_k5-model_best_cv2.pth

2021-11-26 12:10:19,092 -    ini file updated    
2021-11-26 12:10:19,092 - ===============================|    epoch 5   |===============================
2021-11-26 12:10:19,982 -     0 /  2146 (000%):	 Total:0.6528245	 Acc:0.2812500	 lr:0.0008532	 Mean_Total:0.6528245
2021-11-26 12:11:42,922 -   429 /  2146 (019%):	 Total:0.1899816	 Acc:0.4375000	 lr:0.0008367	 Mean_Total:0.4214381
2021-11-26 12:13:00,944 -   858 /  2146 (039%):	 Total:0.4387943	 Acc:0.3437500	 lr:0.0008211	 Mean_Total:0.5402604
2021-11-26 12:14:44,804 -  1287 /  2146 (059%):	 Total:0.6006041	 Acc:0.3750000	 lr:0.0008063	 Mean_Total:0.6475087
2021-11-26 12:16:38,069 -  1716 /  2146 (079%):	 Total:1.0363268	 Acc:0.0625000	 lr:0.0007923	 Mean_Total:0.7611825
2021-11-26 12:18:25,168 -  2145 /  2146 (099%):	 Total:0.4306068	 Acc:0.2812500	 lr:0.0007789	 Mean_Total:0.8539734
2021-11-26 12:18:25,406 - ===============================| start validation |===============================
2021-11-26 12:18:55,244 - 	 Total:0.8610714	 Acc:0.2559086
2021-11-26 12:18:55,249 -    ini file updated    
2021-11-26 12:18:55,249 - ===============================|    epoch 6   |===============================
2021-11-26 12:18:56,149 -     0 /  2146 (000%):	 Total:0.2247542	 Acc:0.4375000	 lr:0.0007789	 Mean_Total:0.2247542
2021-11-26 12:20:18,493 -   429 /  2146 (019%):	 Total:0.3032991	 Acc:0.3437500	 lr:0.0007663	 Mean_Total:0.4167457
2021-11-26 12:21:36,474 -   858 /  2146 (039%):	 Total:1.1163825	 Acc:0.2812500	 lr:0.0007542	 Mean_Total:0.5358683
2021-11-26 12:23:20,895 -  1287 /  2146 (059%):	 Total:0.7999988	 Acc:0.2500000	 lr:0.0007427	 Mean_Total:0.6425882
2021-11-26 12:25:13,254 -  1716 /  2146 (079%):	 Total:1.1219538	 Acc:0.0937500	 lr:0.0007317	 Mean_Total:0.7564998
2021-11-26 12:27:00,530 -  2145 /  2146 (099%):	 Total:0.1385257	 Acc:0.3750000	 lr:0.0007212	 Mean_Total:0.8487254
2021-11-26 12:27:00,877 - ===============================| start validation |===============================
2021-11-26 12:27:30,585 - 	 Total:0.9025544	 Acc:0.2515756
2021-11-26 12:27:30,589 -    ini file updated    
2021-11-26 12:27:30,589 - ===============================|    epoch 7   |===============================
2021-11-26 12:27:31,362 -     0 /  2146 (000%):	 Total:0.3557170	 Acc:0.5000000	 lr:0.0007211	 Mean_Total:0.3557170
2021-11-26 12:28:54,943 -   429 /  2146 (019%):	 Total:0.5729631	 Acc:0.4062500	 lr:0.0007111	 Mean_Total:0.4183118
2021-11-26 12:30:12,845 -   858 /  2146 (039%):	 Total:1.3482132	 Acc:0.1250000	 lr:0.0007014	 Mean_Total:0.5305738
2021-11-26 12:31:56,591 -  1287 /  2146 (059%):	 Total:0.9957762	 Acc:0.1250000	 lr:0.0006921	 Mean_Total:0.6391696
2021-11-26 12:33:50,464 -  1716 /  2146 (079%):	 Total:1.5321736	 Acc:0.0312500	 lr:0.0006832	 Mean_Total:0.7529787
2021-11-26 12:35:37,104 -  2145 /  2146 (099%):	 Total:1.0657120	 Acc:0.1562500	 lr:0.0006746	 Mean_Total:0.8448545
2021-11-26 12:35:37,337 - ===============================| start validation |===============================
2021-11-26 12:36:06,836 - 	 Total:0.8512855	 Acc:0.2612920
2021-11-26 12:36:06,840 -    ini file updated    
2021-11-26 12:36:06,846 - Snapshot saved to /data/users/wergillius/UTR_VAE/pth/RL_gru_MTL/1_layer_model/vleng_k5-model_best_cv2.pth

2021-11-26 12:36:06,847 -    ini file updated    
2021-11-26 12:36:06,847 - ===============================|    epoch 8   |===============================
2021-11-26 12:36:07,751 -     0 /  2146 (000%):	 Total:0.1130528	 Acc:0.5937500	 lr:0.0006746	 Mean_Total:0.1130528
2021-11-26 12:37:30,915 -   429 /  2146 (019%):	 Total:0.5671924	 Acc:0.3750000	 lr:0.0006663	 Mean_Total:0.4159312
2021-11-26 12:38:49,449 -   858 /  2146 (039%):	 Total:0.9001917	 Acc:0.1562500	 lr:0.0006583	 Mean_Total:0.5282577
2021-11-26 12:40:34,211 -  1287 /  2146 (059%):	 Total:1.4803528	 Acc:0.2187500	 lr:0.0006506	 Mean_Total:0.6357652
2021-11-26 12:42:27,152 -  1716 /  2146 (079%):	 Total:1.3320665	 Acc:0.1562500	 lr:0.0006432	 Mean_Total:0.7480108
2021-11-26 12:44:14,054 -  2145 /  2146 (099%):	 Total:1.5794345	 Acc:0.1562500	 lr:0.0006360	 Mean_Total:0.8416295
2021-11-26 12:44:14,346 - ===============================| start validation |===============================
2021-11-26 12:44:44,372 - 	 Total:0.8492417	 Acc:0.2666754
2021-11-26 12:44:44,377 -    ini file updated    
2021-11-26 12:44:44,386 - Snapshot saved to /data/users/wergillius/UTR_VAE/pth/RL_gru_MTL/1_layer_model/vleng_k5-model_best_cv2.pth

2021-11-26 12:44:44,387 -    ini file updated    
2021-11-26 12:44:44,387 - ===============================|    epoch 9   |===============================
2021-11-26 12:44:45,257 -     0 /  2146 (000%):	 Total:0.2036709	 Acc:0.4375000	 lr:0.0006360	 Mean_Total:0.2036709
2021-11-26 12:46:09,333 -   429 /  2146 (019%):	 Total:0.4139205	 Acc:0.3750000	 lr:0.0006290	 Mean_Total:0.4148820
2021-11-26 12:47:28,993 -   858 /  2146 (039%):	 Total:0.6845265	 Acc:0.2812500	 lr:0.0006223	 Mean_Total:0.5262511
2021-11-26 12:49:12,991 -  1287 /  2146 (059%):	 Total:0.7698983	 Acc:0.1562500	 lr:0.0006158	 Mean_Total:0.6339219
2021-11-26 12:51:05,317 -  1716 /  2146 (079%):	 Total:2.2576749	 Acc:0.0625000	 lr:0.0006095	 Mean_Total:0.7471310
2021-11-26 12:52:52,386 -  2145 /  2146 (099%):	 Total:1.5165310	 Acc:0.1562500	 lr:0.0006034	 Mean_Total:0.8386112
2021-11-26 12:52:52,670 - ===============================| start validation |===============================
2021-11-26 12:53:21,890 - 	 Total:0.8388243	 Acc:0.2698267
2021-11-26 12:53:21,895 -    ini file updated    
2021-11-26 12:53:21,902 - Snapshot saved to /data/users/wergillius/UTR_VAE/pth/RL_gru_MTL/1_layer_model/vleng_k5-model_best_cv2.pth

2021-11-26 12:53:21,903 -    ini file updated    
2021-11-26 12:53:21,903 - ===============================|    epoch 10   |===============================
2021-11-26 12:53:22,925 -     0 /  2146 (000%):	 Total:0.2127526	 Acc:0.3437500	 lr:0.0006034	 Mean_Total:0.2127526
2021-11-26 12:54:47,588 -   429 /  2146 (019%):	 Total:0.2021661	 Acc:0.3437500	 lr:0.0005974	 Mean_Total:0.4106186
2021-11-26 12:56:04,495 -   858 /  2146 (039%):	 Total:0.9057482	 Acc:0.0625000	 lr:0.0005916	 Mean_Total:0.5225728
2021-11-26 12:57:45,339 -  1287 /  2146 (059%):	 Total:0.8456303	 Acc:0.1562500	 lr:0.0005860	 Mean_Total:0.6299351
2021-11-26 12:59:37,252 -  1716 /  2146 (079%):	 Total:1.2542835	 Acc:0.0625000	 lr:0.0005806	 Mean_Total:0.7406759
2021-11-26 13:01:24,616 -  2145 /  2146 (099%):	 Total:1.1450025	 Acc:0.1875000	 lr:0.0005753	 Mean_Total:0.8340344
2021-11-26 13:01:24,896 - ===============================| start validation |===============================
2021-11-26 13:01:55,606 - 	 Total:0.8369444	 Acc:0.2674632
2021-11-26 13:01:55,611 -    ini file updated    
2021-11-26 13:01:55,619 - Snapshot saved to /data/users/wergillius/UTR_VAE/pth/RL_gru_MTL/1_layer_model/vleng_k5-model_best_cv2.pth

2021-11-26 13:01:55,619 -    ini file updated    
2021-11-26 13:01:55,620 - ===============================|    epoch 11   |===============================
2021-11-26 13:01:56,692 -     0 /  2146 (000%):	 Total:0.3778538	 Acc:0.4062500	 lr:0.0005753	 Mean_Total:0.3778538
2021-11-26 13:03:20,743 -   429 /  2146 (019%):	 Total:0.4491756	 Acc:0.3750000	 lr:0.0005701	 Mean_Total:0.4097966
2021-11-26 13:04:38,904 -   858 /  2146 (039%):	 Total:0.3942380	 Acc:0.3125000	 lr:0.0005651	 Mean_Total:0.5210261
2021-11-26 13:06:23,037 -  1287 /  2146 (059%):	 Total:1.0662659	 Acc:0.2500000	 lr:0.0005602	 Mean_Total:0.6284028
2021-11-26 13:08:19,516 -  1716 /  2146 (079%):	 Total:0.6970670	 Acc:0.1875000	 lr:0.0005554	 Mean_Total:0.7413127
2021-11-26 13:10:06,103 -  2145 /  2146 (099%):	 Total:1.0407519	 Acc:0.2500000	 lr:0.0005508	 Mean_Total:0.8323463
2021-11-26 13:10:06,387 - ===============================| start validation |===============================
2021-11-26 13:10:36,201 - 	 Total:0.8338684	 Acc:0.2672006
2021-11-26 13:10:36,205 -    ini file updated    
2021-11-26 13:10:36,211 - Snapshot saved to /data/users/wergillius/UTR_VAE/pth/RL_gru_MTL/1_layer_model/vleng_k5-model_best_cv2.pth

2021-11-26 13:10:36,211 -    ini file updated    
2021-11-26 13:10:36,211 - ===============================|    epoch 12   |===============================
2021-11-26 13:10:37,021 -     0 /  2146 (000%):	 Total:0.9914893	 Acc:0.5312500	 lr:0.0005508	 Mean_Total:0.9914893
2021-11-26 13:12:01,209 -   429 /  2146 (019%):	 Total:0.3668458	 Acc:0.5000000	 lr:0.0005463	 Mean_Total:0.4077947
2021-11-26 13:13:19,800 -   858 /  2146 (039%):	 Total:0.7260603	 Acc:0.2500000	 lr:0.0005418	 Mean_Total:0.5163727
2021-11-26 13:15:03,719 -  1287 /  2146 (059%):	 Total:0.7385457	 Acc:0.3125000	 lr:0.0005375	 Mean_Total:0.6248354
2021-11-26 13:16:57,808 -  1716 /  2146 (079%):	 Total:1.4498214	 Acc:0.1250000	 lr:0.0005333	 Mean_Total:0.7366022
2021-11-26 13:18:45,097 -  2145 /  2146 (099%):	 Total:1.2205591	 Acc:0.0937500	 lr:0.0005292	 Mean_Total:0.8288760
2021-11-26 13:18:45,400 - ===============================| start validation |===============================
2021-11-26 13:19:15,409 - 	 Total:0.8391065	 Acc:0.2685137
2021-11-26 13:19:15,414 -    ini file updated    
2021-11-26 13:19:15,414 - ===============================|    epoch 13   |===============================
2021-11-26 13:19:16,252 -     0 /  2146 (000%):	 Total:0.3003638	 Acc:0.4687500	 lr:0.0005292	 Mean_Total:0.3003638
2021-11-26 13:20:39,932 -   429 /  2146 (019%):	 Total:0.4208619	 Acc:0.3125000	 lr:0.0005252	 Mean_Total:0.4037145
2021-11-26 13:21:57,583 -   858 /  2146 (039%):	 Total:0.7898438	 Acc:0.3125000	 lr:0.0005212	 Mean_Total:0.5162536
2021-11-26 13:23:42,206 -  1287 /  2146 (059%):	 Total:0.7898837	 Acc:0.1875000	 lr:0.0005174	 Mean_Total:0.6227880
2021-11-26 13:25:38,086 -  1716 /  2146 (079%):	 Total:1.2892057	 Acc:0.2812500	 lr:0.0005136	 Mean_Total:0.7361025
2021-11-26 13:27:25,453 -  2145 /  2146 (099%):	 Total:1.1060851	 Acc:0.2187500	 lr:0.0005099	 Mean_Total:0.8264023
2021-11-26 13:27:25,771 - ===============================| start validation |===============================
2021-11-26 13:27:55,942 - 	 Total:0.8465856	 Acc:0.2597164
2021-11-26 13:27:55,946 -    ini file updated    
2021-11-26 13:27:55,947 - ===============================|    epoch 14   |===============================
2021-11-26 13:27:56,873 -     0 /  2146 (000%):	 Total:0.4319100	 Acc:0.4375000	 lr:0.0005099	 Mean_Total:0.4319100
2021-11-26 13:29:20,753 -   429 /  2146 (019%):	 Total:0.4346418	 Acc:0.4687500	 lr:0.0005063	 Mean_Total:0.4036786
2021-11-26 13:30:39,199 -   858 /  2146 (039%):	 Total:0.6877208	 Acc:0.5000000	 lr:0.0005028	 Mean_Total:0.5149395
2021-11-26 13:32:22,431 -  1287 /  2146 (059%):	 Total:0.7779678	 Acc:0.2812500	 lr:0.0004993	 Mean_Total:0.6233952
2021-11-26 13:34:17,451 -  1716 /  2146 (079%):	 Total:1.2418443	 Acc:0.1562500	 lr:0.0004960	 Mean_Total:0.7362570
2021-11-26 13:36:05,328 -  2145 /  2146 (099%):	 Total:0.4196673	 Acc:0.1875000	 lr:0.0004926	 Mean_Total:0.8265431
2021-11-26 13:36:05,550 - ===============================| start validation |===============================
2021-11-26 13:36:35,894 - 	 Total:0.8312460	 Acc:0.2661502
2021-11-26 13:36:35,900 -    ini file updated    
2021-11-26 13:36:35,909 - Snapshot saved to /data/users/wergillius/UTR_VAE/pth/RL_gru_MTL/1_layer_model/vleng_k5-model_best_cv2.pth

2021-11-26 13:36:35,910 -    ini file updated    
2021-11-26 13:36:35,910 - ===============================|    epoch 15   |===============================
2021-11-26 13:36:36,617 -     0 /  2146 (000%):	 Total:0.4146483	 Acc:0.3750000	 lr:0.0004926	 Mean_Total:0.4146483
2021-11-26 13:38:00,184 -   429 /  2146 (019%):	 Total:0.3737253	 Acc:0.3125000	 lr:0.0004894	 Mean_Total:0.4044534
2021-11-26 13:39:17,906 -   858 /  2146 (039%):	 Total:0.2308918	 Acc:0.3750000	 lr:0.0004862	 Mean_Total:0.5143771
2021-11-26 13:40:53,543 -  1287 /  2146 (059%):	 Total:0.8674793	 Acc:0.1562500	 lr:0.0004831	 Mean_Total:0.6218427
2021-11-26 13:42:39,295 -  1716 /  2146 (079%):	 Total:0.8380468	 Acc:0.1562500	 lr:0.0004800	 Mean_Total:0.7338217
2021-11-26 13:44:17,931 -  2145 /  2146 (099%):	 Total:0.4075877	 Acc:0.1875000	 lr:0.0004770	 Mean_Total:0.8249440
2021-11-26 13:44:18,201 - ===============================| start validation |===============================
2021-11-26 13:44:45,595 - 	 Total:0.8298663	 Acc:0.2683824
2021-11-26 13:44:45,604 -    ini file updated    
2021-11-26 13:44:45,615 - Snapshot saved to /data/users/wergillius/UTR_VAE/pth/RL_gru_MTL/1_layer_model/vleng_k5-model_best_cv2.pth

2021-11-26 13:44:45,616 -    ini file updated    
2021-11-26 13:44:45,616 - ===============================|    epoch 16   |===============================
2021-11-26 13:44:46,482 -     0 /  2146 (000%):	 Total:0.3143363	 Acc:0.4375000	 lr:0.0004770	 Mean_Total:0.3143363
2021-11-26 13:46:02,172 -   429 /  2146 (019%):	 Total:0.3826711	 Acc:0.4687500	 lr:0.0004740	 Mean_Total:0.3977547
2021-11-26 13:47:14,423 -   858 /  2146 (039%):	 Total:0.6804708	 Acc:0.2500000	 lr:0.0004711	 Mean_Total:0.5117204
2021-11-26 13:48:48,230 -  1287 /  2146 (059%):	 Total:0.8990462	 Acc:0.1562500	 lr:0.0004683	 Mean_Total:0.6216271
2021-11-26 13:50:33,591 -  1716 /  2146 (079%):	 Total:1.9967606	 Acc:0.1562500	 lr:0.0004655	 Mean_Total:0.7328967
2021-11-26 13:52:10,636 -  2145 /  2146 (099%):	 Total:1.1984100	 Acc:0.1875000	 lr:0.0004628	 Mean_Total:0.8223274
2021-11-26 13:52:10,909 - ===============================| start validation |===============================
2021-11-26 13:52:37,972 - 	 Total:0.8329193	 Acc:0.2644433
2021-11-26 13:52:37,982 -    ini file updated    
2021-11-26 13:52:37,982 - ===============================|    epoch 17   |===============================
2021-11-26 13:52:38,766 -     0 /  2146 (000%):	 Total:0.2145689	 Acc:0.4375000	 lr:0.0004628	 Mean_Total:0.2145689
2021-11-26 13:53:52,082 -   429 /  2146 (019%):	 Total:0.8019673	 Acc:0.1875000	 lr:0.0004601	 Mean_Total:0.4014359
2021-11-26 13:55:01,780 -   858 /  2146 (039%):	 Total:0.9064860	 Acc:0.2500000	 lr:0.0004574	 Mean_Total:0.5089498
2021-11-26 13:56:35,775 -  1287 /  2146 (059%):	 Total:0.9780228	 Acc:0.2187500	 lr:0.0004548	 Mean_Total:0.6213925
2021-11-26 13:58:21,442 -  1716 /  2146 (079%):	 Total:1.2451429	 Acc:0.0937500	 lr:0.0004522	 Mean_Total:0.7307097
2021-11-26 13:59:59,662 -  2145 /  2146 (099%):	 Total:0.5260516	 Acc:0.1875000	 lr:0.0004497	 Mean_Total:0.8208564
2021-11-26 13:59:59,862 - ===============================| start validation |===============================
2021-11-26 14:00:27,409 - 	 Total:0.8281204	 Acc:0.2694328
2021-11-26 14:00:27,414 -    ini file updated    
2021-11-26 14:00:27,428 - Snapshot saved to /data/users/wergillius/UTR_VAE/pth/RL_gru_MTL/1_layer_model/vleng_k5-model_best_cv2.pth

2021-11-26 14:00:27,429 -    ini file updated    
2021-11-26 14:00:27,429 - ===============================|    epoch 18   |===============================
2021-11-26 14:00:28,228 -     0 /  2146 (000%):	 Total:0.2924531	 Acc:0.4062500	 lr:0.0004497	 Mean_Total:0.2924531
2021-11-26 14:01:42,193 -   429 /  2146 (019%):	 Total:0.4926437	 Acc:0.3125000	 lr:0.0004472	 Mean_Total:0.3934134
2021-11-26 14:02:53,439 -   858 /  2146 (039%):	 Total:0.3766453	 Acc:0.2812500	 lr:0.0004448	 Mean_Total:0.5100189
2021-11-26 14:04:29,401 -  1287 /  2146 (059%):	 Total:0.8327169	 Acc:0.1562500	 lr:0.0004424	 Mean_Total:0.6189776
2021-11-26 14:06:15,954 -  1716 /  2146 (079%):	 Total:0.9077995	 Acc:0.1562500	 lr:0.0004400	 Mean_Total:0.7290350
2021-11-26 14:07:54,217 -  2145 /  2146 (099%):	 Total:1.2110183	 Acc:0.4062500	 lr:0.0004377	 Mean_Total:0.8209294
2021-11-26 14:07:54,472 - ===============================| start validation |===============================
2021-11-26 14:08:21,032 - 	 Total:0.8295061	 Acc:0.2691702
2021-11-26 14:08:21,036 -    ini file updated    
2021-11-26 14:08:21,036 - ===============================|    epoch 19   |===============================
2021-11-26 14:08:21,890 -     0 /  2146 (000%):	 Total:0.0677706	 Acc:0.5937500	 lr:0.0004377	 Mean_Total:0.0677706
2021-11-26 14:09:38,346 -   429 /  2146 (019%):	 Total:0.6217828	 Acc:0.4687500	 lr:0.0004354	 Mean_Total:0.3975590
2021-11-26 14:10:49,808 -   858 /  2146 (039%):	 Total:0.3942304	 Acc:0.2812500	 lr:0.0004332	 Mean_Total:0.5109252
2021-11-26 14:12:25,662 -  1287 /  2146 (059%):	 Total:0.8776421	 Acc:0.3125000	 lr:0.0004310	 Mean_Total:0.6167274
2021-11-26 14:14:11,770 -  1716 /  2146 (079%):	 Total:1.1082065	 Acc:0.0625000	 lr:0.0004288	 Mean_Total:0.7312379
2021-11-26 14:15:48,103 -  2145 /  2146 (099%):	 Total:1.0668588	 Acc:0.1250000	 lr:0.0004266	 Mean_Total:0.8199503
2021-11-26 14:15:48,422 - ===============================| start validation |===============================
2021-11-26 14:16:15,669 - 	 Total:0.8331762	 Acc:0.2681197
2021-11-26 14:16:15,673 -    ini file updated    
2021-11-26 14:16:15,673 - ===============================|    epoch 20   |===============================
2021-11-26 14:16:16,479 -     0 /  2146 (000%):	 Total:0.2276110	 Acc:0.4375000	 lr:0.0004266	 Mean_Total:0.2276110
2021-11-26 14:17:31,636 -   429 /  2146 (019%):	 Total:0.7199076	 Acc:0.3750000	 lr:0.0004245	 Mean_Total:0.3978771
2021-11-26 14:18:44,893 -   858 /  2146 (039%):	 Total:0.3246189	 Acc:0.3125000	 lr:0.0004224	 Mean_Total:0.5119175
2021-11-26 14:20:18,696 -  1287 /  2146 (059%):	 Total:1.8138711	 Acc:0.1250000	 lr:0.0004204	 Mean_Total:0.6147432
2021-11-26 14:22:02,482 -  1716 /  2146 (079%):	 Total:1.3179970	 Acc:0.1562500	 lr:0.0004184	 Mean_Total:0.7263974
2021-11-26 14:23:38,827 -  2145 /  2146 (099%):	 Total:0.7123997	 Acc:0.2500000	 lr:0.0004164	 Mean_Total:0.8174128
2021-11-26 14:23:39,102 - ===============================| start validation |===============================
2021-11-26 14:24:05,229 - 	 Total:0.8269067	 Acc:0.2712710
2021-11-26 14:24:05,233 -    ini file updated    
2021-11-26 14:24:05,246 - Snapshot saved to /data/users/wergillius/UTR_VAE/pth/RL_gru_MTL/1_layer_model/vleng_k5-model_best_cv2.pth

2021-11-26 14:24:05,247 -    ini file updated    
2021-11-26 14:24:05,247 - ===============================|    epoch 21   |===============================
2021-11-26 14:24:06,129 -     0 /  2146 (000%):	 Total:0.3127616	 Acc:0.5000000	 lr:0.0004164	 Mean_Total:0.3127616
2021-11-26 14:25:21,126 -   429 /  2146 (019%):	 Total:0.3000850	 Acc:0.3437500	 lr:0.0004144	 Mean_Total:0.3982049
2021-11-26 14:26:32,326 -   858 /  2146 (039%):	 Total:1.5229797	 Acc:0.1875000	 lr:0.0004124	 Mean_Total:0.5091470
2021-11-26 14:28:07,520 -  1287 /  2146 (059%):	 Total:0.7107716	 Acc:0.1562500	 lr:0.0004105	 Mean_Total:0.6129789
2021-11-26 14:29:52,993 -  1716 /  2146 (079%):	 Total:2.0317292	 Acc:0.0937500	 lr:0.0004086	 Mean_Total:0.7228405
2021-11-26 14:31:30,732 -  2145 /  2146 (099%):	 Total:0.1409378	 Acc:0.4062500	 lr:0.0004068	 Mean_Total:0.8147566
2021-11-26 14:31:30,993 - ===============================| start validation |===============================
2021-11-26 14:31:58,888 - 	 Total:0.8293553	 Acc:0.2689076
2021-11-26 14:31:58,893 -    ini file updated    
2021-11-26 14:31:58,894 - ===============================|    epoch 22   |===============================
2021-11-26 14:31:59,848 -     0 /  2146 (000%):	 Total:0.4598272	 Acc:0.3437500	 lr:0.0004068	 Mean_Total:0.4598272
2021-11-26 14:33:16,618 -   429 /  2146 (019%):	 Total:0.3910212	 Acc:0.3750000	 lr:0.0004049	 Mean_Total:0.3968021
2021-11-26 14:34:29,135 -   858 /  2146 (039%):	 Total:0.4033637	 Acc:0.3125000	 lr:0.0004031	 Mean_Total:0.5049203
2021-11-26 14:36:05,479 -  1287 /  2146 (059%):	 Total:0.7482350	 Acc:0.3437500	 lr:0.0004014	 Mean_Total:0.6124005
2021-11-26 14:37:49,827 -  1716 /  2146 (079%):	 Total:1.5189313	 Acc:0.1562500	 lr:0.0003996	 Mean_Total:0.7244657
2021-11-26 14:39:27,948 -  2145 /  2146 (099%):	 Total:0.8260374	 Acc:0.1562500	 lr:0.0003978	 Mean_Total:0.8149748
2021-11-26 14:39:28,202 - ===============================| start validation |===============================
2021-11-26 14:39:55,807 - 	 Total:0.8358243	 Acc:0.2669380
2021-11-26 14:39:55,813 -    ini file updated    
2021-11-26 14:39:55,813 - ===============================|    epoch 23   |===============================
2021-11-26 14:39:56,435 -     0 /  2146 (000%):	 Total:0.3378625	 Acc:0.4375000	 lr:0.0003978	 Mean_Total:0.3378625
2021-11-26 14:41:12,231 -   429 /  2146 (019%):	 Total:0.3524289	 Acc:0.3437500	 lr:0.0003961	 Mean_Total:0.3906891
2021-11-26 14:42:24,652 -   858 /  2146 (039%):	 Total:1.3739359	 Acc:0.1250000	 lr:0.0003944	 Mean_Total:0.5049467
2021-11-26 14:44:00,217 -  1287 /  2146 (059%):	 Total:0.8066634	 Acc:0.2187500	 lr:0.0003928	 Mean_Total:0.6092598
2021-11-26 14:45:44,328 -  1716 /  2146 (079%):	 Total:1.3087716	 Acc:0.0937500	 lr:0.0003911	 Mean_Total:0.7212534
2021-11-26 14:47:20,798 -  2145 /  2146 (099%):	 Total:0.3318102	 Acc:0.3437500	 lr:0.0003895	 Mean_Total:0.8116033
2021-11-26 14:47:21,029 - ===============================| start validation |===============================
2021-11-26 14:47:48,639 - 	 Total:0.8200383	 Acc:0.2698267
2021-11-26 14:47:48,648 -    ini file updated    
2021-11-26 14:47:48,654 - Snapshot saved to /data/users/wergillius/UTR_VAE/pth/RL_gru_MTL/1_layer_model/vleng_k5-model_best_cv2.pth

2021-11-26 14:47:48,655 -    ini file updated    
2021-11-26 14:47:48,655 - ===============================|    epoch 24   |===============================
2021-11-26 14:47:49,482 -     0 /  2146 (000%):	 Total:0.2783910	 Acc:0.5625000	 lr:0.0003895	 Mean_Total:0.2783910
2021-11-26 14:49:06,658 -   429 /  2146 (019%):	 Total:0.8637482	 Acc:0.4375000	 lr:0.0003879	 Mean_Total:0.3898845
2021-11-26 14:50:16,801 -   858 /  2146 (039%):	 Total:0.4261583	 Acc:0.1875000	 lr:0.0003863	 Mean_Total:0.4777521
2021-11-26 14:51:52,423 -  1287 /  2146 (059%):	 Total:0.5056903	 Acc:0.2187500	 lr:0.0003847	 Mean_Total:0.5345150
2021-11-26 14:53:35,651 -  1716 /  2146 (079%):	 Total:1.0528445	 Acc:0.1562500	 lr:0.0003831	 Mean_Total:0.6210382
2021-11-26 14:55:12,640 -  2145 /  2146 (099%):	 Total:0.4838903	 Acc:0.2500000	 lr:0.0003816	 Mean_Total:0.6927871
2021-11-26 14:55:12,917 - ===============================| start validation |===============================
2021-11-26 14:55:40,318 - 	 Total:0.6244305	 Acc:0.2805935
2021-11-26 14:55:40,322 -    ini file updated    
2021-11-26 14:55:40,328 - Snapshot saved to /data/users/wergillius/UTR_VAE/pth/RL_gru_MTL/1_layer_model/vleng_k5-model_best_cv2.pth

2021-11-26 14:55:40,329 -    ini file updated    
2021-11-26 14:55:40,329 - ===============================|    epoch 25   |===============================
2021-11-26 14:55:41,279 -     0 /  2146 (000%):	 Total:0.4561950	 Acc:0.5000000	 lr:0.0003816	 Mean_Total:0.4561950
2021-11-26 14:56:58,076 -   429 /  2146 (019%):	 Total:0.2676840	 Acc:0.4375000	 lr:0.0003801	 Mean_Total:0.2468794
2021-11-26 14:58:09,487 -   858 /  2146 (039%):	 Total:0.6810287	 Acc:0.1250000	 lr:0.0003786	 Mean_Total:0.3229850
2021-11-26 14:59:45,051 -  1287 /  2146 (059%):	 Total:0.6755649	 Acc:0.1250000	 lr:0.0003771	 Mean_Total:0.4136039
2021-11-26 15:01:30,073 -  1716 /  2146 (079%):	 Total:0.6424928	 Acc:0.2500000	 lr:0.0003756	 Mean_Total:0.5450091
2021-11-26 15:03:05,821 -  2145 /  2146 (099%):	 Total:0.7991663	 Acc:0.1875000	 lr:0.0003742	 Mean_Total:0.6428104
2021-11-26 15:03:06,121 - ===============================| start validation |===============================
2021-11-26 15:03:34,145 - 	 Total:0.6504539	 Acc:0.2693015
2021-11-26 15:03:34,149 -    ini file updated    
2021-11-26 15:03:34,149 - ===============================|    epoch 26   |===============================
2021-11-26 15:03:34,886 -     0 /  2146 (000%):	 Total:0.1493756	 Acc:0.4687500	 lr:0.0003742	 Mean_Total:0.1493756
2021-11-26 15:04:51,176 -   429 /  2146 (019%):	 Total:0.2863058	 Acc:0.4062500	 lr:0.0003728	 Mean_Total:0.2641632
2021-11-26 15:06:01,993 -   858 /  2146 (039%):	 Total:0.8133907	 Acc:0.1250000	 lr:0.0003713	 Mean_Total:0.3371257
2021-11-26 15:07:37,203 -  1287 /  2146 (059%):	 Total:0.4255842	 Acc:0.3125000	 lr:0.0003699	 Mean_Total:0.4204501
2021-11-26 15:09:21,038 -  1716 /  2146 (079%):	 Total:1.7823496	 Acc:0.1875000	 lr:0.0003686	 Mean_Total:0.5233571
2021-11-26 15:10:57,976 -  2145 /  2146 (099%):	 Total:0.2787354	 Acc:0.3125000	 lr:0.0003672	 Mean_Total:0.6091711
2021-11-26 15:10:58,240 - ===============================| start validation |===============================
2021-11-26 15:11:26,169 - 	 Total:0.6070766	 Acc:0.2779674
2021-11-26 15:11:26,173 -    ini file updated    
2021-11-26 15:11:26,181 - Snapshot saved to /data/users/wergillius/UTR_VAE/pth/RL_gru_MTL/1_layer_model/vleng_k5-model_best_cv2.pth

2021-11-26 15:11:26,182 -    ini file updated    
2021-11-26 15:11:26,182 - ===============================|    epoch 27   |===============================
2021-11-26 15:11:26,970 -     0 /  2146 (000%):	 Total:0.1644324	 Acc:0.5937500	 lr:0.0003672	 Mean_Total:0.1644324
2021-11-26 15:12:43,649 -   429 /  2146 (019%):	 Total:0.3185866	 Acc:0.3750000	 lr:0.0003658	 Mean_Total:0.2379233
2021-11-26 15:13:55,786 -   858 /  2146 (039%):	 Total:0.4150091	 Acc:0.2187500	 lr:0.0003645	 Mean_Total:0.3139393
2021-11-26 15:15:30,615 -  1287 /  2146 (059%):	 Total:0.7100264	 Acc:0.1875000	 lr:0.0003632	 Mean_Total:0.3997601
2021-11-26 15:17:13,351 -  1716 /  2146 (079%):	 Total:1.3975840	 Acc:0.0625000	 lr:0.0003619	 Mean_Total:0.5039489
2021-11-26 15:18:53,043 -  2145 /  2146 (099%):	 Total:0.1554662	 Acc:0.4375000	 lr:0.0003606	 Mean_Total:0.5907133
2021-11-26 15:18:53,291 - ===============================| start validation |===============================
2021-11-26 15:19:20,666 - 	 Total:0.6019439	 Acc:0.2777048
2021-11-26 15:19:20,671 -    ini file updated    
2021-11-26 15:19:20,678 - Snapshot saved to /data/users/wergillius/UTR_VAE/pth/RL_gru_MTL/1_layer_model/vleng_k5-model_best_cv2.pth

2021-11-26 15:19:20,679 -    ini file updated    
2021-11-26 15:19:20,679 - ===============================|    epoch 28   |===============================
2021-11-26 15:19:21,448 -     0 /  2146 (000%):	 Total:0.1517844	 Acc:0.4687500	 lr:0.0003606	 Mean_Total:0.1517844
2021-11-26 15:20:38,519 -   429 /  2146 (019%):	 Total:0.1914898	 Acc:0.3750000	 lr:0.0003593	 Mean_Total:0.2308784
2021-11-26 15:21:51,637 -   858 /  2146 (039%):	 Total:0.2671307	 Acc:0.3750000	 lr:0.0003580	 Mean_Total:0.3056739
2021-11-26 15:23:26,849 -  1287 /  2146 (059%):	 Total:0.5788588	 Acc:0.2187500	 lr:0.0003568	 Mean_Total:0.3897785
2021-11-26 15:25:10,261 -  1716 /  2146 (079%):	 Total:1.1605449	 Acc:0.1562500	 lr:0.0003555	 Mean_Total:0.5052111
2021-11-26 15:26:47,850 -  2145 /  2146 (099%):	 Total:0.3590181	 Acc:0.1875000	 lr:0.0003543	 Mean_Total:0.6125146
2021-11-26 15:26:48,006 - ===============================| start validation |===============================
2021-11-26 15:27:16,554 - 	 Total:0.6375105	 Acc:0.2728466
2021-11-26 15:27:16,558 -    ini file updated    
2021-11-26 15:27:16,558 - ===============================|    epoch 29   |===============================
2021-11-26 15:27:17,392 -     0 /  2146 (000%):	 Total:0.3197509	 Acc:0.3750000	 lr:0.0003543	 Mean_Total:0.3197509
2021-11-26 15:28:32,474 -   429 /  2146 (019%):	 Total:0.4379410	 Acc:0.3125000	 lr:0.0003531	 Mean_Total:0.2673473
2021-11-26 15:29:44,835 -   858 /  2146 (039%):	 Total:0.3300118	 Acc:0.4687500	 lr:0.0003519	 Mean_Total:0.3395001
2021-11-26 15:31:19,117 -  1287 /  2146 (059%):	 Total:0.8545401	 Acc:0.2187500	 lr:0.0003507	 Mean_Total:0.4253407
2021-11-26 15:33:03,038 -  1716 /  2146 (079%):	 Total:1.2560437	 Acc:0.1250000	 lr:0.0003495	 Mean_Total:0.5415449
2021-11-26 15:34:40,370 -  2145 /  2146 (099%):	 Total:1.5926379	 Acc:0.1250000	 lr:0.0003484	 Mean_Total:0.6258222
2021-11-26 15:34:40,692 - ===============================| start validation |===============================
2021-11-26 15:35:07,752 - 	 Total:0.6097636	 Acc:0.2759979
2021-11-26 15:35:07,756 -    ini file updated    
2021-11-26 15:35:07,757 - ===============================|    epoch 30   |===============================
2021-11-26 15:35:08,655 -     0 /  2146 (000%):	 Total:0.1351941	 Acc:0.5312500	 lr:0.0003484	 Mean_Total:0.1351941
2021-11-26 15:36:26,083 -   429 /  2146 (019%):	 Total:0.2262044	 Acc:0.4375000	 lr:0.0003472	 Mean_Total:0.2432487
2021-11-26 15:37:38,626 -   858 /  2146 (039%):	 Total:0.5656053	 Acc:0.3437500	 lr:0.0003461	 Mean_Total:0.3207276
2021-11-26 15:39:12,679 -  1287 /  2146 (059%):	 Total:0.4520695	 Acc:0.1250000	 lr:0.0003449	 Mean_Total:0.4041268
2021-11-26 15:40:56,434 -  1716 /  2146 (079%):	 Total:0.8595624	 Acc:0.2187500	 lr:0.0003438	 Mean_Total:0.5102627
2021-11-26 15:42:35,589 -  2145 /  2146 (099%):	 Total:1.3720962	 Acc:0.1562500	 lr:0.0003427	 Mean_Total:0.5960525
2021-11-26 15:42:35,863 - ===============================| start validation |===============================
2021-11-26 15:43:03,182 - 	 Total:0.6053530	 Acc:0.2777048
2021-11-26 15:43:03,188 -    ini file updated    
2021-11-26 15:43:03,188 - ===============================|    epoch 31   |===============================
2021-11-26 15:43:04,174 -     0 /  2146 (000%):	 Total:0.1415546	 Acc:0.3750000	 lr:0.0003427	 Mean_Total:0.1415546
2021-11-26 15:44:21,265 -   429 /  2146 (019%):	 Total:0.3920503	 Acc:0.2812500	 lr:0.0003416	 Mean_Total:0.2331305
2021-11-26 15:45:31,603 -   858 /  2146 (039%):	 Total:0.2826241	 Acc:0.2187500	 lr:0.0003405	 Mean_Total:0.3119407
2021-11-26 15:47:07,279 -  1287 /  2146 (059%):	 Total:0.6203561	 Acc:0.2812500	 lr:0.0003394	 Mean_Total:0.3985010
2021-11-26 15:48:52,084 -  1716 /  2146 (079%):	 Total:0.9035938	 Acc:0.1250000	 lr:0.0003383	 Mean_Total:0.5034924
2021-11-26 15:50:30,012 -  2145 /  2146 (099%):	 Total:0.1080427	 Acc:0.5312500	 lr:0.0003373	 Mean_Total:0.5914295
2021-11-26 15:50:30,331 - ===============================| start validation |===============================
2021-11-26 15:50:57,574 - 	 Total:0.6004556	 Acc:0.2788866
2021-11-26 15:50:57,582 -    ini file updated    
2021-11-26 15:50:57,594 - Snapshot saved to /data/users/wergillius/UTR_VAE/pth/RL_gru_MTL/1_layer_model/vleng_k5-model_best_cv2.pth

2021-11-26 15:50:57,595 -    ini file updated    
2021-11-26 15:50:57,595 - ===============================|    epoch 32   |===============================
2021-11-26 15:50:58,399 -     0 /  2146 (000%):	 Total:0.3076344	 Acc:0.3437500	 lr:0.0003373	 Mean_Total:0.3076344
2021-11-26 15:52:13,753 -   429 /  2146 (019%):	 Total:0.1809233	 Acc:0.5000000	 lr:0.0003362	 Mean_Total:0.2331660
2021-11-26 15:53:23,246 -   858 /  2146 (039%):	 Total:0.2725260	 Acc:0.3125000	 lr:0.0003352	 Mean_Total:0.3115513
2021-11-26 15:54:58,678 -  1287 /  2146 (059%):	 Total:1.1691585	 Acc:0.0937500	 lr:0.0003342	 Mean_Total:0.3953732
2021-11-26 15:56:43,450 -  1716 /  2146 (079%):	 Total:0.7624429	 Acc:0.1562500	 lr:0.0003332	 Mean_Total:0.5025999
2021-11-26 15:58:21,424 -  2145 /  2146 (099%):	 Total:1.1298380	 Acc:0.1875000	 lr:0.0003321	 Mean_Total:0.5883724
2021-11-26 15:58:21,699 - ===============================| start validation |===============================
2021-11-26 15:58:49,256 - 	 Total:0.5948154	 Acc:0.2817752
2021-11-26 15:58:49,261 -    ini file updated    
2021-11-26 15:58:49,273 - Snapshot saved to /data/users/wergillius/UTR_VAE/pth/RL_gru_MTL/1_layer_model/vleng_k5-model_best_cv2.pth

2021-11-26 15:58:49,274 -    ini file updated    
2021-11-26 15:58:49,274 - ===============================|    epoch 33   |===============================
2021-11-26 15:58:50,121 -     0 /  2146 (000%):	 Total:0.1628499	 Acc:0.5937500	 lr:0.0003321	 Mean_Total:0.1628499
2021-11-26 16:00:05,493 -   429 /  2146 (019%):	 Total:0.2341077	 Acc:0.5625000	 lr:0.0003311	 Mean_Total:0.2323211
2021-11-26 16:01:16,649 -   858 /  2146 (039%):	 Total:0.4110832	 Acc:0.2187500	 lr:0.0003301	 Mean_Total:0.3089930
2021-11-26 16:02:51,386 -  1287 /  2146 (059%):	 Total:0.5252314	 Acc:0.2812500	 lr:0.0003292	 Mean_Total:0.3899891
2021-11-26 16:04:37,441 -  1716 /  2146 (079%):	 Total:1.0190554	 Acc:0.1562500	 lr:0.0003282	 Mean_Total:0.4976387
2021-11-26 16:06:16,149 -  2145 /  2146 (099%):	 Total:0.2109333	 Acc:0.4375000	 lr:0.0003272	 Mean_Total:0.5810346
2021-11-26 16:06:16,292 - ===============================| start validation |===============================
2021-11-26 16:06:44,602 - 	 Total:0.5918848	 Acc:0.2821691
2021-11-26 16:06:44,610 -    ini file updated    
2021-11-26 16:06:44,621 - Snapshot saved to /data/users/wergillius/UTR_VAE/pth/RL_gru_MTL/1_layer_model/vleng_k5-model_best_cv2.pth

2021-11-26 16:06:44,622 -    ini file updated    
2021-11-26 16:06:44,622 - ===============================|    epoch 34   |===============================
2021-11-26 16:06:45,695 -     0 /  2146 (000%):	 Total:0.1631609	 Acc:0.5937500	 lr:0.0003272	 Mean_Total:0.1631609
2021-11-26 16:08:01,464 -   429 /  2146 (019%):	 Total:0.3104680	 Acc:0.3437500	 lr:0.0003263	 Mean_Total:0.2273836
2021-11-26 16:09:11,978 -   858 /  2146 (039%):	 Total:0.2551182	 Acc:0.3437500	 lr:0.0003253	 Mean_Total:0.3019654
2021-11-26 16:10:46,687 -  1287 /  2146 (059%):	 Total:0.4951372	 Acc:0.2500000	 lr:0.0003244	 Mean_Total:0.3881307
2021-11-26 16:12:31,944 -  1716 /  2146 (079%):	 Total:1.0258023	 Acc:0.1250000	 lr:0.0003234	 Mean_Total:0.4949414
2021-11-26 16:14:10,183 -  2145 /  2146 (099%):	 Total:0.4330832	 Acc:0.2500000	 lr:0.0003225	 Mean_Total:0.5859554
2021-11-26 16:14:10,375 - ===============================| start validation |===============================
2021-11-26 16:14:38,028 - 	 Total:0.6423181	 Acc:0.2661502
2021-11-26 16:14:38,034 -    ini file updated    
2021-11-26 16:14:38,034 - ===============================|    epoch 35   |===============================
2021-11-26 16:14:38,847 -     0 /  2146 (000%):	 Total:0.1594735	 Acc:0.5312500	 lr:0.0003225	 Mean_Total:0.1594735
2021-11-26 16:15:54,770 -   429 /  2146 (019%):	 Total:0.0556515	 Acc:0.5937500	 lr:0.0003216	 Mean_Total:0.2501936
2021-11-26 16:17:05,280 -   858 /  2146 (039%):	 Total:0.4895521	 Acc:0.2812500	 lr:0.0003207	 Mean_Total:0.3309043
2021-11-26 16:18:40,751 -  1287 /  2146 (059%):	 Total:0.6115056	 Acc:0.3750000	 lr:0.0003198	 Mean_Total:0.4191199
2021-11-26 16:20:26,259 -  1716 /  2146 (079%):	 Total:0.9508936	 Acc:0.1562500	 lr:0.0003189	 Mean_Total:0.5208588
2021-11-26 16:22:03,865 -  2145 /  2146 (099%):	 Total:0.7986953	 Acc:0.1250000	 lr:0.0003180	 Mean_Total:0.6038748
2021-11-26 16:22:04,074 - ===============================| start validation |===============================
2021-11-26 16:22:31,725 - 	 Total:0.6037873	 Acc:0.2762605
2021-11-26 16:22:31,730 -    ini file updated    
2021-11-26 16:22:31,730 - ===============================|    epoch 36   |===============================
2021-11-26 16:22:32,749 -     0 /  2146 (000%):	 Total:0.4398437	 Acc:0.5000000	 lr:0.0003180	 Mean_Total:0.4398437
2021-11-26 16:23:49,197 -   429 /  2146 (019%):	 Total:0.3092595	 Acc:0.5000000	 lr:0.0003171	 Mean_Total:0.2282930
2021-11-26 16:25:00,008 -   858 /  2146 (039%):	 Total:0.2857631	 Acc:0.3750000	 lr:0.0003162	 Mean_Total:0.3046651
2021-11-26 16:26:35,998 -  1287 /  2146 (059%):	 Total:1.0129507	 Acc:0.2500000	 lr:0.0003154	 Mean_Total:0.3896538
2021-11-26 16:28:21,204 -  1716 /  2146 (079%):	 Total:1.5654085	 Acc:0.1250000	 lr:0.0003145	 Mean_Total:0.4961970
2021-11-26 16:29:58,645 -  2145 /  2146 (099%):	 Total:1.1736655	 Acc:0.1250000	 lr:0.0003137	 Mean_Total:0.5811098
2021-11-26 16:29:58,807 - ===============================| start validation |===============================
2021-11-26 16:30:26,058 - 	 Total:0.5961787	 Acc:0.2826943
2021-11-26 16:30:26,067 -    ini file updated    
2021-11-26 16:30:26,078 - Snapshot saved to /data/users/wergillius/UTR_VAE/pth/RL_gru_MTL/1_layer_model/vleng_k5-model_best_cv2.pth

2021-11-26 16:30:26,078 -    ini file updated    
2021-11-26 16:30:26,078 - ===============================|    epoch 37   |===============================
2021-11-26 16:30:26,924 -     0 /  2146 (000%):	 Total:0.1007493	 Acc:0.4062500	 lr:0.0003137	 Mean_Total:0.1007493
2021-11-26 16:31:42,400 -   429 /  2146 (019%):	 Total:0.3043555	 Acc:0.4687500	 lr:0.0003128	 Mean_Total:0.2271090
2021-11-26 16:32:54,020 -   858 /  2146 (039%):	 Total:0.1573775	 Acc:0.4062500	 lr:0.0003120	 Mean_Total:0.3009873
2021-11-26 16:34:27,521 -  1287 /  2146 (059%):	 Total:0.6708235	 Acc:0.2500000	 lr:0.0003112	 Mean_Total:0.3857409
2021-11-26 16:36:12,852 -  1716 /  2146 (079%):	 Total:0.6275446	 Acc:0.1562500	 lr:0.0003103	 Mean_Total:0.4941943
2021-11-26 16:37:50,172 -  2145 /  2146 (099%):	 Total:0.4515308	 Acc:0.3125000	 lr:0.0003095	 Mean_Total:0.5793640
2021-11-26 16:37:50,367 - ===============================| start validation |===============================
2021-11-26 16:38:17,965 - 	 Total:0.5915263	 Acc:0.2840074
2021-11-26 16:38:17,969 -    ini file updated    
2021-11-26 16:38:17,977 - Snapshot saved to /data/users/wergillius/UTR_VAE/pth/RL_gru_MTL/1_layer_model/vleng_k5-model_best_cv2.pth

2021-11-26 16:38:17,977 -    ini file updated    
2021-11-26 16:38:17,978 - ===============================|    epoch 38   |===============================
2021-11-26 16:38:18,849 -     0 /  2146 (000%):	 Total:0.0620886	 Acc:0.5937500	 lr:0.0003095	 Mean_Total:0.0620886
2021-11-26 16:39:32,765 -   429 /  2146 (019%):	 Total:0.2735305	 Acc:0.4375000	 lr:0.0003087	 Mean_Total:0.2229116
2021-11-26 16:40:44,146 -   858 /  2146 (039%):	 Total:0.4900298	 Acc:0.2812500	 lr:0.0003079	 Mean_Total:0.2997574
2021-11-26 16:42:19,894 -  1287 /  2146 (059%):	 Total:0.3572919	 Acc:0.3750000	 lr:0.0003071	 Mean_Total:0.3819784
2021-11-26 16:44:05,373 -  1716 /  2146 (079%):	 Total:1.1144195	 Acc:0.1562500	 lr:0.0003063	 Mean_Total:0.4879146
2021-11-26 16:45:43,769 -  2145 /  2146 (099%):	 Total:0.1031735	 Acc:0.5000000	 lr:0.0003055	 Mean_Total:0.5754796
2021-11-26 16:45:44,076 - ===============================| start validation |===============================
2021-11-26 16:46:10,821 - 	 Total:0.5828639	 Acc:0.2836134
2021-11-26 16:46:10,825 -    ini file updated    
2021-11-26 16:46:10,832 - Snapshot saved to /data/users/wergillius/UTR_VAE/pth/RL_gru_MTL/1_layer_model/vleng_k5-model_best_cv2.pth

2021-11-26 16:46:10,833 -    ini file updated    
2021-11-26 16:46:10,833 - ===============================|    epoch 39   |===============================
2021-11-26 16:46:11,683 -     0 /  2146 (000%):	 Total:0.2152443	 Acc:0.4687500	 lr:0.0003055	 Mean_Total:0.2152443
2021-11-26 16:47:26,154 -   429 /  2146 (019%):	 Total:0.4481225	 Acc:0.3437500	 lr:0.0003047	 Mean_Total:0.2238947
2021-11-26 16:48:37,682 -   858 /  2146 (039%):	 Total:0.4032298	 Acc:0.3125000	 lr:0.0003040	 Mean_Total:0.2956956
2021-11-26 16:50:13,089 -  1287 /  2146 (059%):	 Total:0.3184514	 Acc:0.2187500	 lr:0.0003032	 Mean_Total:0.3805534
2021-11-26 16:51:57,466 -  1716 /  2146 (079%):	 Total:1.5755689	 Acc:0.1562500	 lr:0.0003024	 Mean_Total:0.4876883
2021-11-26 16:53:34,821 -  2145 /  2146 (099%):	 Total:0.2047480	 Acc:0.3750000	 lr:0.0003017	 Mean_Total:0.5736014
2021-11-26 16:53:35,054 - ===============================| start validation |===============================
2021-11-26 16:54:01,798 - 	 Total:0.5790571	 Acc:0.2859769
2021-11-26 16:54:01,802 -    ini file updated    
2021-11-26 16:54:01,812 - Snapshot saved to /data/users/wergillius/UTR_VAE/pth/RL_gru_MTL/1_layer_model/vleng_k5-model_best_cv2.pth

2021-11-26 16:54:01,813 -    ini file updated    
2021-11-26 16:54:01,813 - ===============================|    epoch 40   |===============================
2021-11-26 16:54:02,634 -     0 /  2146 (000%):	 Total:0.2798258	 Acc:0.3125000	 lr:0.0003017	 Mean_Total:0.2798258
2021-11-26 16:55:20,572 -   429 /  2146 (019%):	 Total:0.1895744	 Acc:0.4062500	 lr:0.0003009	 Mean_Total:0.2207173
2021-11-26 16:56:32,757 -   858 /  2146 (039%):	 Total:0.2686294	 Acc:0.1562500	 lr:0.0003002	 Mean_Total:0.2958479
2021-11-26 16:58:07,932 -  1287 /  2146 (059%):	 Total:0.6124046	 Acc:0.1562500	 lr:0.0002994	 Mean_Total:0.3763086
2021-11-26 16:59:51,070 -  1716 /  2146 (079%):	 Total:0.8507262	 Acc:0.2187500	 lr:0.0002987	 Mean_Total:0.4815128
2021-11-26 17:01:28,218 -  2145 /  2146 (099%):	 Total:1.4839985	 Acc:0.1250000	 lr:0.0002980	 Mean_Total:0.5696946
2021-11-26 17:01:28,557 - ===============================| start validation |===============================
2021-11-26 17:01:56,170 - 	 Total:0.5773501	 Acc:0.2794118
2021-11-26 17:01:56,173 -    ini file updated    
2021-11-26 17:01:56,182 - Snapshot saved to /data/users/wergillius/UTR_VAE/pth/RL_gru_MTL/1_layer_model/vleng_k5-model_best_cv2.pth

2021-11-26 17:01:56,182 -    ini file updated    
2021-11-26 17:01:56,183 - ===============================|    epoch 41   |===============================
2021-11-26 17:01:57,134 -     0 /  2146 (000%):	 Total:0.1324361	 Acc:0.4687500	 lr:0.0002980	 Mean_Total:0.1324361
2021-11-26 17:03:13,635 -   429 /  2146 (019%):	 Total:0.1870762	 Acc:0.3750000	 lr:0.0002973	 Mean_Total:0.2219859
2021-11-26 17:04:26,251 -   858 /  2146 (039%):	 Total:0.3636349	 Acc:0.2500000	 lr:0.0002965	 Mean_Total:0.2922634
2021-11-26 17:06:02,100 -  1287 /  2146 (059%):	 Total:0.6212999	 Acc:0.2500000	 lr:0.0002958	 Mean_Total:0.3748789
2021-11-26 17:07:45,694 -  1716 /  2146 (079%):	 Total:1.0372313	 Acc:0.0937500	 lr:0.0002951	 Mean_Total:0.4840266
2021-11-26 17:09:20,763 -  2145 /  2146 (099%):	 Total:1.0754039	 Acc:0.2187500	 lr:0.0002944	 Mean_Total:0.5721204
2021-11-26 17:09:21,043 - ===============================| start validation |===============================
2021-11-26 17:09:48,621 - 	 Total:0.5788339	 Acc:0.2857143
2021-11-26 17:09:48,625 -    ini file updated    
2021-11-26 17:09:48,625 - ===============================|    epoch 42   |===============================
2021-11-26 17:09:49,494 -     0 /  2146 (000%):	 Total:0.1094973	 Acc:0.5312500	 lr:0.0002944	 Mean_Total:0.1094973
2021-11-26 17:11:04,168 -   429 /  2146 (019%):	 Total:0.2759465	 Acc:0.4375000	 lr:0.0002937	 Mean_Total:0.2237366
2021-11-26 17:12:15,526 -   858 /  2146 (039%):	 Total:0.4596114	 Acc:0.3125000	 lr:0.0002930	 Mean_Total:0.2937325
2021-11-26 17:13:51,725 -  1287 /  2146 (059%):	 Total:0.4526806	 Acc:0.2500000	 lr:0.0002923	 Mean_Total:0.3747955
2021-11-26 17:15:35,649 -  1716 /  2146 (079%):	 Total:0.8178031	 Acc:0.0937500	 lr:0.0002916	 Mean_Total:0.4829721
2021-11-26 17:17:11,957 -  2145 /  2146 (099%):	 Total:0.5227967	 Acc:0.1562500	 lr:0.0002910	 Mean_Total:0.5692357
2021-11-26 17:17:12,206 - ===============================| start validation |===============================
2021-11-26 17:17:39,340 - 	 Total:0.5745107	 Acc:0.2846639
2021-11-26 17:17:39,346 -    ini file updated    
2021-11-26 17:17:39,353 - Snapshot saved to /data/users/wergillius/UTR_VAE/pth/RL_gru_MTL/1_layer_model/vleng_k5-model_best_cv2.pth

2021-11-26 17:17:39,354 -    ini file updated    
2021-11-26 17:17:39,354 - ===============================|    epoch 43   |===============================
2021-11-26 17:17:40,303 -     0 /  2146 (000%):	 Total:0.1282182	 Acc:0.4687500	 lr:0.0002910	 Mean_Total:0.1282182
2021-11-26 17:18:56,997 -   429 /  2146 (019%):	 Total:0.4347075	 Acc:0.3750000	 lr:0.0002903	 Mean_Total:0.2225288
2021-11-26 17:20:08,371 -   858 /  2146 (039%):	 Total:0.6604549	 Acc:0.2187500	 lr:0.0002896	 Mean_Total:0.2917471
2021-11-26 17:21:44,271 -  1287 /  2146 (059%):	 Total:0.5240883	 Acc:0.2812500	 lr:0.0002890	 Mean_Total:0.3721566
2021-11-26 17:23:27,671 -  1716 /  2146 (079%):	 Total:1.2416950	 Acc:0.1562500	 lr:0.0002883	 Mean_Total:0.4797631
2021-11-26 17:25:03,592 -  2145 /  2146 (099%):	 Total:0.2756562	 Acc:0.4062500	 lr:0.0002876	 Mean_Total:0.5669325
2021-11-26 17:25:03,870 - ===============================| start validation |===============================
2021-11-26 17:25:31,025 - 	 Total:0.5726037	 Acc:0.2813813
2021-11-26 17:25:31,035 -    ini file updated    
2021-11-26 17:25:31,051 - Snapshot saved to /data/users/wergillius/UTR_VAE/pth/RL_gru_MTL/1_layer_model/vleng_k5-model_best_cv2.pth

2021-11-26 17:25:31,052 -    ini file updated    
2021-11-26 17:25:31,052 - ===============================|    epoch 44   |===============================
2021-11-26 17:25:31,889 -     0 /  2146 (000%):	 Total:0.1639523	 Acc:0.4687500	 lr:0.0002876	 Mean_Total:0.1639523
2021-11-26 17:26:48,298 -   429 /  2146 (019%):	 Total:0.2918069	 Acc:0.5000000	 lr:0.0002870	 Mean_Total:0.2209538
2021-11-26 17:28:00,215 -   858 /  2146 (039%):	 Total:0.2765630	 Acc:0.3750000	 lr:0.0002863	 Mean_Total:0.2918132
2021-11-26 17:29:34,695 -  1287 /  2146 (059%):	 Total:0.4664693	 Acc:0.2187500	 lr:0.0002857	 Mean_Total:0.3727456
2021-11-26 17:31:18,835 -  1716 /  2146 (079%):	 Total:1.2428381	 Acc:0.0625000	 lr:0.0002851	 Mean_Total:0.4806829
2021-11-26 17:32:56,626 -  2145 /  2146 (099%):	 Total:0.5688063	 Acc:0.2812500	 lr:0.0002844	 Mean_Total:0.5707466
2021-11-26 17:32:56,868 - ===============================| start validation |===============================
2021-11-26 17:33:25,013 - 	 Total:0.5754715	 Acc:0.2842700
2021-11-26 17:33:25,018 -    ini file updated    
2021-11-26 17:33:25,018 - ===============================|    epoch 45   |===============================
2021-11-26 17:33:25,929 -     0 /  2146 (000%):	 Total:0.1515601	 Acc:0.5625000	 lr:0.0002844	 Mean_Total:0.1515601
2021-11-26 17:34:41,735 -   429 /  2146 (019%):	 Total:0.3686941	 Acc:0.2812500	 lr:0.0002838	 Mean_Total:0.2167287
2021-11-26 17:35:54,936 -   858 /  2146 (039%):	 Total:0.2605913	 Acc:0.2812500	 lr:0.0002832	 Mean_Total:0.2906668
2021-11-26 17:37:29,785 -  1287 /  2146 (059%):	 Total:0.5180107	 Acc:0.2187500	 lr:0.0002826	 Mean_Total:0.3715929
2021-11-26 17:39:14,757 -  1716 /  2146 (079%):	 Total:0.4341437	 Acc:0.2812500	 lr:0.0002819	 Mean_Total:0.4783765
2021-11-26 17:40:53,117 -  2145 /  2146 (099%):	 Total:0.3151122	 Acc:0.2187500	 lr:0.0002813	 Mean_Total:0.5647501
2021-11-26 17:40:53,363 - ===============================| start validation |===============================
2021-11-26 17:41:21,016 - 	 Total:0.5699105	 Acc:0.2832195
2021-11-26 17:41:21,021 -    ini file updated    
2021-11-26 17:41:21,033 - Snapshot saved to /data/users/wergillius/UTR_VAE/pth/RL_gru_MTL/1_layer_model/vleng_k5-model_best_cv2.pth

2021-11-26 17:41:21,034 -    ini file updated    
2021-11-26 17:41:21,034 - ===============================|    epoch 46   |===============================
2021-11-26 17:41:21,922 -     0 /  2146 (000%):	 Total:0.2507602	 Acc:0.4062500	 lr:0.0002813	 Mean_Total:0.2507602
2021-11-26 17:42:38,696 -   429 /  2146 (019%):	 Total:0.3148557	 Acc:0.2812500	 lr:0.0002807	 Mean_Total:0.2173449
2021-11-26 17:43:49,887 -   858 /  2146 (039%):	 Total:0.4875718	 Acc:0.3125000	 lr:0.0002801	 Mean_Total:0.2887113
2021-11-26 17:45:24,416 -  1287 /  2146 (059%):	 Total:0.6399497	 Acc:0.1875000	 lr:0.0002795	 Mean_Total:0.3714236
2021-11-26 17:47:08,075 -  1716 /  2146 (079%):	 Total:0.9680659	 Acc:0.0937500	 lr:0.0002789	 Mean_Total:0.4749270
2021-11-26 17:48:46,483 -  2145 /  2146 (099%):	 Total:0.2701986	 Acc:0.4062500	 lr:0.0002783	 Mean_Total:0.5615542
2021-11-26 17:48:46,749 - ===============================| start validation |===============================
2021-11-26 17:49:13,833 - 	 Total:0.5690249	 Acc:0.2862395
2021-11-26 17:49:13,838 -    ini file updated    
2021-11-26 17:49:13,845 - Snapshot saved to /data/users/wergillius/UTR_VAE/pth/RL_gru_MTL/1_layer_model/vleng_k5-model_best_cv2.pth

2021-11-26 17:49:13,846 -    ini file updated    
2021-11-26 17:49:13,846 - ===============================|    epoch 47   |===============================
2021-11-26 17:49:14,683 -     0 /  2146 (000%):	 Total:0.0975952	 Acc:0.6562500	 lr:0.0002783	 Mean_Total:0.0975952
2021-11-26 17:50:30,611 -   429 /  2146 (019%):	 Total:0.2860838	 Acc:0.4687500	 lr:0.0002777	 Mean_Total:0.2179172
2021-11-26 17:51:42,581 -   858 /  2146 (039%):	 Total:0.5423560	 Acc:0.2187500	 lr:0.0002771	 Mean_Total:0.2883900
2021-11-26 17:53:17,335 -  1287 /  2146 (059%):	 Total:0.3610923	 Acc:0.3437500	 lr:0.0002766	 Mean_Total:0.3688158
2021-11-26 17:55:00,290 -  1716 /  2146 (079%):	 Total:0.8499296	 Acc:0.2812500	 lr:0.0002760	 Mean_Total:0.4750484
2021-11-26 17:56:37,045 -  2145 /  2146 (099%):	 Total:0.3458599	 Acc:0.3750000	 lr:0.0002754	 Mean_Total:0.5621059
2021-11-26 17:56:37,261 - ===============================| start validation |===============================
2021-11-26 17:57:05,318 - 	 Total:0.5698342	 Acc:0.2861082
2021-11-26 17:57:05,322 -    ini file updated    
2021-11-26 17:57:05,322 - ===============================|    epoch 48   |===============================
2021-11-26 17:57:06,224 -     0 /  2146 (000%):	 Total:0.1648431	 Acc:0.6250000	 lr:0.0002754	 Mean_Total:0.1648431
2021-11-26 17:58:21,814 -   429 /  2146 (019%):	 Total:0.2971858	 Acc:0.2812500	 lr:0.0002748	 Mean_Total:0.2122377
2021-11-26 17:59:32,726 -   858 /  2146 (039%):	 Total:0.3710998	 Acc:0.2500000	 lr:0.0002743	 Mean_Total:0.2862352
2021-11-26 18:01:07,960 -  1287 /  2146 (059%):	 Total:0.6237840	 Acc:0.2187500	 lr:0.0002737	 Mean_Total:0.3686080
2021-11-26 18:02:52,863 -  1716 /  2146 (079%):	 Total:0.8809468	 Acc:0.1562500	 lr:0.0002731	 Mean_Total:0.4743723
2021-11-26 18:04:29,784 -  2145 /  2146 (099%):	 Total:1.3826858	 Acc:0.1250000	 lr:0.0002726	 Mean_Total:0.5607543
2021-11-26 18:04:30,019 - ===============================| start validation |===============================
2021-11-26 18:04:57,574 - 	 Total:0.5690381	 Acc:0.2863708
2021-11-26 18:04:57,579 -    ini file updated    
2021-11-26 18:04:57,589 - Snapshot saved to /data/users/wergillius/UTR_VAE/pth/RL_gru_MTL/1_layer_model/vleng_k5-model_best_cv2.pth

2021-11-26 18:04:57,590 -    ini file updated    
2021-11-26 18:04:57,590 - ===============================|    epoch 49   |===============================
2021-11-26 18:04:58,412 -     0 /  2146 (000%):	 Total:0.2199214	 Acc:0.4062500	 lr:0.0002726	 Mean_Total:0.2199214
2021-11-26 18:06:14,677 -   429 /  2146 (019%):	 Total:0.0591878	 Acc:0.5625000	 lr:0.0002720	 Mean_Total:0.2162372
2021-11-26 18:07:26,706 -   858 /  2146 (039%):	 Total:0.3068167	 Acc:0.3125000	 lr:0.0002715	 Mean_Total:0.2876039
2021-11-26 18:09:00,622 -  1287 /  2146 (059%):	 Total:0.8674631	 Acc:0.1875000	 lr:0.0002709	 Mean_Total:0.3678170
2021-11-26 18:10:43,493 -  1716 /  2146 (079%):	 Total:0.9348711	 Acc:0.1562500	 lr:0.0002704	 Mean_Total:0.4737911
2021-11-26 18:12:22,129 -  2145 /  2146 (099%):	 Total:0.4887351	 Acc:0.3437500	 lr:0.0002698	 Mean_Total:0.5592272
2021-11-26 18:12:22,346 - ===============================| start validation |===============================
2021-11-26 18:12:49,216 - 	 Total:0.5686176	 Acc:0.2855830
2021-11-26 18:12:49,222 -    ini file updated    
2021-11-26 18:12:49,229 - Snapshot saved to /data/users/wergillius/UTR_VAE/pth/RL_gru_MTL/1_layer_model/vleng_k5-model_best_cv2.pth

2021-11-26 18:12:49,230 -    ini file updated    
2021-11-26 18:12:49,230 - ===============================|    epoch 50   |===============================
2021-11-26 18:12:50,051 -     0 /  2146 (000%):	 Total:0.2399304	 Acc:0.4375000	 lr:0.0002698	 Mean_Total:0.2399304
2021-11-26 18:14:05,361 -   429 /  2146 (019%):	 Total:0.2627538	 Acc:0.5000000	 lr:0.0002693	 Mean_Total:0.2150186
2021-11-26 18:15:18,118 -   858 /  2146 (039%):	 Total:0.4437234	 Acc:0.3750000	 lr:0.0002688	 Mean_Total:0.2844856
2021-11-26 18:16:52,507 -  1287 /  2146 (059%):	 Total:0.6585356	 Acc:0.3125000	 lr:0.0002682	 Mean_Total:0.3664823
2021-11-26 18:18:37,032 -  1716 /  2146 (079%):	 Total:1.0973744	 Acc:0.1875000	 lr:0.0002677	 Mean_Total:0.4717897
2021-11-26 18:20:14,200 -  2145 /  2146 (099%):	 Total:1.0583313	 Acc:0.1250000	 lr:0.0002672	 Mean_Total:0.5593634
2021-11-26 18:20:14,500 - ===============================| start validation |===============================
2021-11-26 18:20:42,052 - 	 Total:0.5681355	 Acc:0.2866334
2021-11-26 18:20:42,058 -    ini file updated    
2021-11-26 18:20:42,069 - Snapshot saved to /data/users/wergillius/UTR_VAE/pth/RL_gru_MTL/1_layer_model/vleng_k5-model_best_cv2.pth

2021-11-26 18:20:42,070 -    ini file updated    
2021-11-26 18:20:42,070 - ===============================|    epoch 51   |===============================
2021-11-26 18:20:42,951 -     0 /  2146 (000%):	 Total:0.1157735	 Acc:0.5312500	 lr:0.0002672	 Mean_Total:0.1157735
2021-11-26 18:21:58,781 -   429 /  2146 (019%):	 Total:0.1999001	 Acc:0.5000000	 lr:0.0002667	 Mean_Total:0.2161183
2021-11-26 18:23:10,365 -   858 /  2146 (039%):	 Total:0.4945781	 Acc:0.2812500	 lr:0.0002661	 Mean_Total:0.2832919
2021-11-26 18:24:45,822 -  1287 /  2146 (059%):	 Total:0.4649029	 Acc:0.2812500	 lr:0.0002656	 Mean_Total:0.3657009
2021-11-26 18:26:29,453 -  1716 /  2146 (079%):	 Total:1.1664498	 Acc:0.1562500	 lr:0.0002651	 Mean_Total:0.4699987
2021-11-26 18:28:07,684 -  2145 /  2146 (099%):	 Total:1.3215039	 Acc:0.2187500	 lr:0.0002646	 Mean_Total:0.5563753
2021-11-26 18:28:07,997 - ===============================| start validation |===============================
2021-11-26 18:28:34,889 - 	 Total:0.5662684	 Acc:0.2846639
2021-11-26 18:28:34,894 -    ini file updated    
2021-11-26 18:28:34,901 - Snapshot saved to /data/users/wergillius/UTR_VAE/pth/RL_gru_MTL/1_layer_model/vleng_k5-model_best_cv2.pth

2021-11-26 18:28:34,902 -    ini file updated    
2021-11-26 18:28:34,902 - ===============================|    epoch 52   |===============================
2021-11-26 18:28:35,717 -     0 /  2146 (000%):	 Total:0.1405205	 Acc:0.4375000	 lr:0.0002646	 Mean_Total:0.1405205
2021-11-26 18:29:52,677 -   429 /  2146 (019%):	 Total:0.2060938	 Acc:0.3125000	 lr:0.0002641	 Mean_Total:0.2136608
2021-11-26 18:31:02,705 -   858 /  2146 (039%):	 Total:0.2434135	 Acc:0.3125000	 lr:0.0002636	 Mean_Total:0.2855880
2021-11-26 18:32:38,860 -  1287 /  2146 (059%):	 Total:0.9353796	 Acc:0.1562500	 lr:0.0002631	 Mean_Total:0.3652341
2021-11-26 18:34:22,849 -  1716 /  2146 (079%):	 Total:0.8963796	 Acc:0.1875000	 lr:0.0002626	 Mean_Total:0.4711223
2021-11-26 18:36:00,689 -  2145 /  2146 (099%):	 Total:0.5694609	 Acc:0.2812500	 lr:0.0002621	 Mean_Total:0.5568585
2021-11-26 18:36:00,922 - ===============================| start validation |===============================
2021-11-26 18:36:28,929 - 	 Total:0.5646318	 Acc:0.2893908
2021-11-26 18:36:28,934 -    ini file updated    
2021-11-26 18:36:28,942 - Snapshot saved to /data/users/wergillius/UTR_VAE/pth/RL_gru_MTL/1_layer_model/vleng_k5-model_best_cv2.pth

2021-11-26 18:36:28,943 -    ini file updated    
2021-11-26 18:36:28,943 - ===============================|    epoch 53   |===============================
2021-11-26 18:36:29,822 -     0 /  2146 (000%):	 Total:0.0842742	 Acc:0.5937500	 lr:0.0002621	 Mean_Total:0.0842742
2021-11-26 18:37:46,369 -   429 /  2146 (019%):	 Total:0.3713551	 Acc:0.2812500	 lr:0.0002616	 Mean_Total:0.2141300
2021-11-26 18:38:56,474 -   858 /  2146 (039%):	 Total:0.3792463	 Acc:0.2500000	 lr:0.0002611	 Mean_Total:0.2831328
2021-11-26 18:40:32,084 -  1287 /  2146 (059%):	 Total:0.5147065	 Acc:0.1250000	 lr:0.0002606	 Mean_Total:0.3647232
2021-11-26 18:42:17,026 -  1716 /  2146 (079%):	 Total:1.1958057	 Acc:0.2812500	 lr:0.0002601	 Mean_Total:0.4684327
2021-11-26 18:43:55,272 -  2145 /  2146 (099%):	 Total:1.1736439	 Acc:0.0312500	 lr:0.0002596	 Mean_Total:0.5542780
2021-11-26 18:43:55,589 - ===============================| start validation |===============================
2021-11-26 18:44:23,696 - 	 Total:0.5630083	 Acc:0.2904412
2021-11-26 18:44:23,701 -    ini file updated    
2021-11-26 18:44:23,710 - Snapshot saved to /data/users/wergillius/UTR_VAE/pth/RL_gru_MTL/1_layer_model/vleng_k5-model_best_cv2.pth

2021-11-26 18:44:23,711 -    ini file updated    
2021-11-26 18:44:23,711 - ===============================|    epoch 54   |===============================
2021-11-26 18:44:24,630 -     0 /  2146 (000%):	 Total:0.1957297	 Acc:0.5000000	 lr:0.0002596	 Mean_Total:0.1957297
2021-11-26 18:45:40,250 -   429 /  2146 (019%):	 Total:0.1178280	 Acc:0.3750000	 lr:0.0002592	 Mean_Total:0.2117444
2021-11-26 18:46:50,659 -   858 /  2146 (039%):	 Total:0.3447620	 Acc:0.1875000	 lr:0.0002587	 Mean_Total:0.2823120
2021-11-26 18:48:25,228 -  1287 /  2146 (059%):	 Total:0.7411861	 Acc:0.2500000	 lr:0.0002582	 Mean_Total:0.3632460
2021-11-26 18:50:08,991 -  1716 /  2146 (079%):	 Total:0.7737608	 Acc:0.1875000	 lr:0.0002577	 Mean_Total:0.4678784
2021-11-26 18:51:46,311 -  2145 /  2146 (099%):	 Total:0.3415591	 Acc:0.3437500	 lr:0.0002573	 Mean_Total:0.5538703
2021-11-26 18:51:46,567 - ===============================| start validation |===============================
2021-11-26 18:52:14,620 - 	 Total:0.5615449	 Acc:0.2874212
2021-11-26 18:52:14,624 -    ini file updated    
2021-11-26 18:52:14,630 - Snapshot saved to /data/users/wergillius/UTR_VAE/pth/RL_gru_MTL/1_layer_model/vleng_k5-model_best_cv2.pth

2021-11-26 18:52:14,630 -    ini file updated    
2021-11-26 18:52:14,631 - ===============================|    epoch 55   |===============================
2021-11-26 18:52:15,431 -     0 /  2146 (000%):	 Total:0.0905578	 Acc:0.5937500	 lr:0.0002573	 Mean_Total:0.0905578
2021-11-26 18:53:31,223 -   429 /  2146 (019%):	 Total:0.1289007	 Acc:0.4375000	 lr:0.0002568	 Mean_Total:0.2134682
2021-11-26 18:54:43,747 -   858 /  2146 (039%):	 Total:0.3665865	 Acc:0.3125000	 lr:0.0002563	 Mean_Total:0.2829030
2021-11-26 18:56:19,168 -  1287 /  2146 (059%):	 Total:0.6086894	 Acc:0.1250000	 lr:0.0002559	 Mean_Total:0.3625266
2021-11-26 18:58:04,970 -  1716 /  2146 (079%):	 Total:1.0023575	 Acc:0.0937500	 lr:0.0002554	 Mean_Total:0.4675499
2021-11-26 18:59:43,084 -  2145 /  2146 (099%):	 Total:0.1568200	 Acc:0.4687500	 lr:0.0002550	 Mean_Total:0.5523460
2021-11-26 18:59:43,294 - ===============================| start validation |===============================
2021-11-26 19:00:10,213 - 	 Total:0.5612770	 Acc:0.2893908
2021-11-26 19:00:10,218 -    ini file updated    
2021-11-26 19:00:10,244 - Snapshot saved to /data/users/wergillius/UTR_VAE/pth/RL_gru_MTL/1_layer_model/vleng_k5-model_best_cv2.pth

2021-11-26 19:00:10,245 -    ini file updated    
2021-11-26 19:00:10,246 - ===============================|    epoch 56   |===============================
2021-11-26 19:00:11,047 -     0 /  2146 (000%):	 Total:0.1414376	 Acc:0.5312500	 lr:0.0002550	 Mean_Total:0.1414376
2021-11-26 19:01:27,453 -   429 /  2146 (019%):	 Total:0.1845066	 Acc:0.3437500	 lr:0.0002545	 Mean_Total:0.2128499
2021-11-26 19:02:38,482 -   858 /  2146 (039%):	 Total:0.5739866	 Acc:0.4375000	 lr:0.0002541	 Mean_Total:0.2834398
2021-11-26 19:04:14,070 -  1287 /  2146 (059%):	 Total:0.5369878	 Acc:0.1875000	 lr:0.0002536	 Mean_Total:0.3619841
2021-11-26 19:05:58,420 -  1716 /  2146 (079%):	 Total:1.5599846	 Acc:0.1562500	 lr:0.0002532	 Mean_Total:0.4658235
2021-11-26 19:07:35,804 -  2145 /  2146 (099%):	 Total:0.3562148	 Acc:0.3125000	 lr:0.0002527	 Mean_Total:0.5513894
2021-11-26 19:07:36,043 - ===============================| start validation |===============================
2021-11-26 19:08:02,898 - 	 Total:0.5608820	 Acc:0.2854517
2021-11-26 19:08:02,902 -    ini file updated    
2021-11-26 19:08:02,914 - Snapshot saved to /data/users/wergillius/UTR_VAE/pth/RL_gru_MTL/1_layer_model/vleng_k5-model_best_cv2.pth

2021-11-26 19:08:02,915 -    ini file updated    
2021-11-26 19:08:02,915 - ===============================|    epoch 57   |===============================
2021-11-26 19:08:03,907 -     0 /  2146 (000%):	 Total:0.1809170	 Acc:0.5000000	 lr:0.0002527	 Mean_Total:0.1809170
2021-11-26 19:09:20,960 -   429 /  2146 (019%):	 Total:0.2640804	 Acc:0.3750000	 lr:0.0002523	 Mean_Total:0.2102550
2021-11-26 19:10:32,981 -   858 /  2146 (039%):	 Total:1.1017951	 Acc:0.1562500	 lr:0.0002518	 Mean_Total:0.2798242
2021-11-26 19:12:09,138 -  1287 /  2146 (059%):	 Total:0.5092912	 Acc:0.1562500	 lr:0.0002514	 Mean_Total:0.3588976
2021-11-26 19:13:52,962 -  1716 /  2146 (079%):	 Total:1.1439304	 Acc:0.1875000	 lr:0.0002510	 Mean_Total:0.4641008
2021-11-26 19:15:11,675 -  2145 /  2146 (099%):	 Total:0.2308788	 Acc:0.5312500	 lr:0.0002505	 Mean_Total:0.5488775
2021-11-26 19:15:11,977 - ===============================| start validation |===============================
2021-11-26 19:15:32,481 - 	 Total:0.5611124	 Acc:0.2921481
2021-11-26 19:15:32,486 -    ini file updated    
2021-11-26 19:15:32,492 - Snapshot saved to /data/users/wergillius/UTR_VAE/pth/RL_gru_MTL/1_layer_model/vleng_k5-model_best_cv2.pth

2021-11-26 19:15:32,492 -    ini file updated    
2021-11-26 19:15:32,492 - ===============================|    epoch 58   |===============================
2021-11-26 19:15:33,280 -     0 /  2146 (000%):	 Total:0.2677431	 Acc:0.4687500	 lr:0.0002505	 Mean_Total:0.2677431
2021-11-26 19:16:19,346 -   429 /  2146 (019%):	 Total:0.3161368	 Acc:0.3750000	 lr:0.0002501	 Mean_Total:0.2110198
2021-11-26 19:16:56,922 -   858 /  2146 (039%):	 Total:0.3407586	 Acc:0.3437500	 lr:0.0002497	 Mean_Total:0.2817979
2021-11-26 19:17:46,160 -  1287 /  2146 (059%):	 Total:0.6767536	 Acc:0.1562500	 lr:0.0002492	 Mean_Total:0.3602351
2021-11-26 19:18:39,473 -  1716 /  2146 (079%):	 Total:0.7157276	 Acc:0.1562500	 lr:0.0002488	 Mean_Total:0.4636975
2021-11-26 19:19:30,119 -  2145 /  2146 (099%):	 Total:1.5778339	 Acc:0.1562500	 lr:0.0002484	 Mean_Total:0.5479244
2021-11-26 19:19:30,329 - ===============================| start validation |===============================
2021-11-26 19:19:44,636 - 	 Total:0.5583940	 Acc:0.2889968
2021-11-26 19:19:44,640 -    ini file updated    
2021-11-26 19:19:44,648 - Snapshot saved to /data/users/wergillius/UTR_VAE/pth/RL_gru_MTL/1_layer_model/vleng_k5-model_best_cv2.pth

2021-11-26 19:19:44,648 -    ini file updated    
2021-11-26 19:19:44,648 - ===============================|    epoch 59   |===============================
2021-11-26 19:19:45,496 -     0 /  2146 (000%):	 Total:0.2613690	 Acc:0.3437500	 lr:0.0002484	 Mean_Total:0.2613690
2021-11-26 19:20:24,218 -   429 /  2146 (019%):	 Total:0.2478713	 Acc:0.3750000	 lr:0.0002480	 Mean_Total:0.2106553
2021-11-26 19:21:01,364 -   858 /  2146 (039%):	 Total:0.2780046	 Acc:0.3437500	 lr:0.0002476	 Mean_Total:0.2788275
2021-11-26 19:21:46,902 -  1287 /  2146 (059%):	 Total:0.8312540	 Acc:0.3125000	 lr:0.0002471	 Mean_Total:0.3585144
2021-11-26 19:22:39,760 -  1716 /  2146 (079%):	 Total:1.1718140	 Acc:0.1250000	 lr:0.0002467	 Mean_Total:0.4627138
2021-11-26 19:23:28,738 -  2145 /  2146 (099%):	 Total:0.3034008	 Acc:0.1562500	 lr:0.0002463	 Mean_Total:0.5483003
2021-11-26 19:23:28,980 - ===============================| start validation |===============================
2021-11-26 19:23:43,351 - 	 Total:0.5577530	 Acc:0.2897847
2021-11-26 19:23:43,357 -    ini file updated    
2021-11-26 19:23:43,364 - Snapshot saved to /data/users/wergillius/UTR_VAE/pth/RL_gru_MTL/1_layer_model/vleng_k5-model_best_cv2.pth

2021-11-26 19:23:43,365 -    ini file updated    
2021-11-26 19:23:43,365 - ===============================|    epoch 60   |===============================
2021-11-26 19:23:44,186 -     0 /  2146 (000%):	 Total:0.1205598	 Acc:0.5937500	 lr:0.0002463	 Mean_Total:0.1205598
2021-11-26 19:24:24,453 -   429 /  2146 (019%):	 Total:0.3267503	 Acc:0.5312500	 lr:0.0002459	 Mean_Total:0.2104453
2021-11-26 19:25:02,802 -   858 /  2146 (039%):	 Total:0.3558608	 Acc:0.3750000	 lr:0.0002455	 Mean_Total:0.2786325
2021-11-26 19:25:52,596 -  1287 /  2146 (059%):	 Total:0.8175969	 Acc:0.1875000	 lr:0.0002451	 Mean_Total:0.3559669
2021-11-26 19:26:46,883 -  1716 /  2146 (079%):	 Total:1.5019338	 Acc:0.1562500	 lr:0.0002447	 Mean_Total:0.4616879
2021-11-26 19:27:30,684 -  2145 /  2146 (099%):	 Total:0.5061022	 Acc:0.2187500	 lr:0.0002443	 Mean_Total:0.5476598
2021-11-26 19:27:30,886 - ===============================| start validation |===============================
2021-11-26 19:27:39,288 - 	 Total:0.5558561	 Acc:0.2889968
2021-11-26 19:27:39,292 -    ini file updated    
2021-11-26 19:27:39,300 - Snapshot saved to /data/users/wergillius/UTR_VAE/pth/RL_gru_MTL/1_layer_model/vleng_k5-model_best_cv2.pth

2021-11-26 19:27:39,302 -    ini file updated    
