2021-11-27 00:24:57,066 -   	 	 ==============<<< device used: cuda:2  >>>============== 	 	 
2021-11-27 00:25:07,371 - ===============================|    epoch 0   |===============================
2021-11-27 00:25:08,252 -     0 /  2146 (000%):	 Total:32.5329704	 Acc:0.0000000	 lr:0.0009882	 Mean_Total:32.5329704
2021-11-27 00:25:26,001 -   429 /  2146 (019%):	 Total:1.7775872	 Acc:0.0625000	 lr:0.0042625	 Mean_Total:1.2549232
2021-11-27 00:25:37,975 -   858 /  2146 (039%):	 Total:1.5076158	 Acc:0.0937500	 lr:0.0030158	 Mean_Total:1.3536222
2021-11-27 00:25:54,889 -  1287 /  2146 (059%):	 Total:1.4935668	 Acc:0.0937500	 lr:0.0024628	 Mean_Total:1.3353639
2021-11-27 00:26:14,868 -  1716 /  2146 (079%):	 Total:2.1496279	 Acc:0.0625000	 lr:0.0021331	 Mean_Total:1.3244004
2021-11-27 00:26:33,578 -  2145 /  2146 (099%):	 Total:1.0002686	 Acc:0.2500000	 lr:0.0019080	 Mean_Total:1.3314024
2021-11-27 00:26:33,781 - ===============================| start validation |===============================
2021-11-27 00:26:39,381 - 	 Total:0.9359605	 Acc:0.2312237
2021-11-27 00:26:39,386 -    ini file updated    
2021-11-27 00:26:39,393 - Snapshot saved to /data/users/wergillius/UTR_VAE/pth/RL_gru_MTL/1_layer_model/vleng_k17-model_best_cv0.pth

2021-11-27 00:26:39,393 -    ini file updated    
2021-11-27 00:26:39,393 - ===============================|    epoch 1   |===============================
2021-11-27 00:26:40,193 -     0 /  2146 (000%):	 Total:0.4472384	 Acc:0.3125000	 lr:0.0019076	 Mean_Total:0.4472384
2021-11-27 00:26:54,161 -   429 /  2146 (019%):	 Total:0.7424392	 Acc:0.2187500	 lr:0.0017415	 Mean_Total:0.5009125
2021-11-27 00:27:06,716 -   858 /  2146 (039%):	 Total:0.7347562	 Acc:0.1875000	 lr:0.0016124	 Mean_Total:0.6126232
2021-11-27 00:27:23,411 -  1287 /  2146 (059%):	 Total:1.4914274	 Acc:0.1250000	 lr:0.0015083	 Mean_Total:0.7123958
2021-11-27 00:27:54,296 -  1716 /  2146 (079%):	 Total:1.3941941	 Acc:0.0937500	 lr:0.0014221	 Mean_Total:0.8217571
2021-11-27 00:28:20,833 -  2145 /  2146 (099%):	 Total:0.8441410	 Acc:0.1250000	 lr:0.0013492	 Mean_Total:0.9108569
2021-11-27 00:28:21,069 - ===============================| start validation |===============================
2021-11-27 00:28:26,826 - 	 Total:0.9258083	 Acc:0.2166492
2021-11-27 00:28:26,830 -    ini file updated    
2021-11-27 00:28:26,835 - Snapshot saved to /data/users/wergillius/UTR_VAE/pth/RL_gru_MTL/1_layer_model/vleng_k17-model_best_cv0.pth

2021-11-27 00:28:26,836 -    ini file updated    
2021-11-27 00:28:26,836 - ===============================|    epoch 2   |===============================
2021-11-27 00:28:27,694 -     0 /  2146 (000%):	 Total:0.4091595	 Acc:0.2500000	 lr:0.0013490	 Mean_Total:0.4091595
2021-11-27 00:28:50,672 -   429 /  2146 (019%):	 Total:0.3590769	 Acc:0.3750000	 lr:0.0012863	 Mean_Total:0.4554322
2021-11-27 00:29:11,640 -   858 /  2146 (039%):	 Total:0.6832470	 Acc:0.2187500	 lr:0.0012315	 Mean_Total:0.5582385
2021-11-27 00:29:35,416 -  1287 /  2146 (059%):	 Total:0.5102271	 Acc:0.3750000	 lr:0.0011833	 Mean_Total:0.6650871
2021-11-27 00:30:01,788 -  1716 /  2146 (079%):	 Total:0.8849523	 Acc:0.1562500	 lr:0.0011402	 Mean_Total:0.7742049
2021-11-27 00:30:28,714 -  2145 /  2146 (099%):	 Total:1.1237272	 Acc:0.2500000	 lr:0.0011016	 Mean_Total:0.8646406
2021-11-27 00:30:28,930 - ===============================| start validation |===============================
2021-11-27 00:30:36,936 - 	 Total:0.8458180	 Acc:0.2477679
2021-11-27 00:30:36,960 -    ini file updated    
2021-11-27 00:30:36,967 - Snapshot saved to /data/users/wergillius/UTR_VAE/pth/RL_gru_MTL/1_layer_model/vleng_k17-model_best_cv0.pth

2021-11-27 00:30:36,968 -    ini file updated    
2021-11-27 00:30:36,968 - ===============================|    epoch 3   |===============================
2021-11-27 00:30:37,804 -     0 /  2146 (000%):	 Total:0.2323764	 Acc:0.3437500	 lr:0.0011015	 Mean_Total:0.2323764
2021-11-27 00:31:04,684 -   429 /  2146 (019%):	 Total:0.3658881	 Acc:0.3750000	 lr:0.0010665	 Mean_Total:0.4240618
2021-11-27 00:31:29,099 -   858 /  2146 (039%):	 Total:0.7600166	 Acc:0.1875000	 lr:0.0010347	 Mean_Total:0.5345468
2021-11-27 00:31:53,838 -  1287 /  2146 (059%):	 Total:0.9691451	 Acc:0.2500000	 lr:0.0010056	 Mean_Total:0.6356097
2021-11-27 00:32:24,512 -  1716 /  2146 (079%):	 Total:1.4079617	 Acc:0.0937500	 lr:0.0009788	 Mean_Total:0.7425457
2021-11-27 00:32:52,317 -  2145 /  2146 (099%):	 Total:0.9253585	 Acc:0.0937500	 lr:0.0009540	 Mean_Total:0.8340826
2021-11-27 00:32:52,543 - ===============================| start validation |===============================
2021-11-27 00:33:01,607 - 	 Total:0.8415231	 Acc:0.2385767
2021-11-27 00:33:01,617 -    ini file updated    
2021-11-27 00:33:01,631 - Snapshot saved to /data/users/wergillius/UTR_VAE/pth/RL_gru_MTL/1_layer_model/vleng_k17-model_best_cv0.pth

2021-11-27 00:33:01,635 -    ini file updated    
2021-11-27 00:33:01,635 - ===============================|    epoch 4   |===============================
2021-11-27 00:33:02,549 -     0 /  2146 (000%):	 Total:0.5418067	 Acc:0.4375000	 lr:0.0009539	 Mean_Total:0.5418067
2021-11-27 00:33:30,890 -   429 /  2146 (019%):	 Total:0.6885465	 Acc:0.2812500	 lr:0.0009310	 Mean_Total:0.4097270
2021-11-27 00:33:53,573 -   858 /  2146 (039%):	 Total:0.7197825	 Acc:0.2187500	 lr:0.0009096	 Mean_Total:0.5221153
2021-11-27 00:34:18,764 -  1287 /  2146 (059%):	 Total:0.8073057	 Acc:0.1875000	 lr:0.0008896	 Mean_Total:0.6196440
2021-11-27 00:34:46,968 -  1716 /  2146 (079%):	 Total:0.5863276	 Acc:0.1250000	 lr:0.0008709	 Mean_Total:0.7297688
2021-11-27 00:35:16,905 -  2145 /  2146 (099%):	 Total:0.9320402	 Acc:0.1562500	 lr:0.0008533	 Mean_Total:0.8186030
2021-11-27 00:35:17,085 - ===============================| start validation |===============================
2021-11-27 00:35:26,026 - 	 Total:0.8109974	 Acc:0.2551208
2021-11-27 00:35:26,031 -    ini file updated    
2021-11-27 00:35:26,071 - Snapshot saved to /data/users/wergillius/UTR_VAE/pth/RL_gru_MTL/1_layer_model/vleng_k17-model_best_cv0.pth

2021-11-27 00:35:26,072 -    ini file updated    
2021-11-27 00:35:26,072 - ===============================|    epoch 5   |===============================
2021-11-27 00:35:26,875 -     0 /  2146 (000%):	 Total:0.3805179	 Acc:0.2500000	 lr:0.0008532	 Mean_Total:0.3805179
2021-11-27 00:35:52,296 -   429 /  2146 (019%):	 Total:0.4691337	 Acc:0.3437500	 lr:0.0008367	 Mean_Total:0.4042608
2021-11-27 00:36:15,008 -   858 /  2146 (039%):	 Total:0.6972660	 Acc:0.3125000	 lr:0.0008211	 Mean_Total:0.5095276
2021-11-27 00:36:39,973 -  1287 /  2146 (059%):	 Total:0.4837325	 Acc:0.3125000	 lr:0.0008063	 Mean_Total:0.6044079
2021-11-27 00:37:09,729 -  1716 /  2146 (079%):	 Total:1.2766763	 Acc:0.0937500	 lr:0.0007923	 Mean_Total:0.7120298
2021-11-27 00:37:40,403 -  2145 /  2146 (099%):	 Total:1.0395335	 Acc:0.2187500	 lr:0.0007789	 Mean_Total:0.8028393
2021-11-27 00:37:40,685 - ===============================| start validation |===============================
2021-11-27 00:37:48,848 - 	 Total:0.8386426	 Acc:0.2301733
2021-11-27 00:37:48,851 -    ini file updated    
2021-11-27 00:37:48,851 - ===============================|    epoch 6   |===============================
2021-11-27 00:37:49,599 -     0 /  2146 (000%):	 Total:0.2690548	 Acc:0.5625000	 lr:0.0007789	 Mean_Total:0.2690548
2021-11-27 00:38:16,142 -   429 /  2146 (019%):	 Total:0.2048372	 Acc:0.3750000	 lr:0.0007663	 Mean_Total:0.3756811
2021-11-27 00:38:37,856 -   858 /  2146 (039%):	 Total:0.5745949	 Acc:0.3125000	 lr:0.0007542	 Mean_Total:0.4268495
2021-11-27 00:39:03,139 -  1287 /  2146 (059%):	 Total:0.7640531	 Acc:0.1250000	 lr:0.0007427	 Mean_Total:0.4913019
2021-11-27 00:39:32,323 -  1716 /  2146 (079%):	 Total:0.9698586	 Acc:0.3750000	 lr:0.0007317	 Mean_Total:0.5879051
2021-11-27 00:39:59,564 -  2145 /  2146 (099%):	 Total:0.2175122	 Acc:0.3750000	 lr:0.0007212	 Mean_Total:0.6614547
2021-11-27 00:39:59,810 - ===============================| start validation |===============================
2021-11-27 00:40:08,356 - 	 Total:0.6219648	 Acc:0.2648372
2021-11-27 00:40:08,361 -    ini file updated    
2021-11-27 00:40:08,369 - Snapshot saved to /data/users/wergillius/UTR_VAE/pth/RL_gru_MTL/1_layer_model/vleng_k17-model_best_cv0.pth

2021-11-27 00:40:08,369 -    ini file updated    
2021-11-27 00:40:08,370 - ===============================|    epoch 7   |===============================
2021-11-27 00:40:09,111 -     0 /  2146 (000%):	 Total:0.1447185	 Acc:0.5312500	 lr:0.0007211	 Mean_Total:0.1447185
2021-11-27 00:40:31,640 -   429 /  2146 (019%):	 Total:0.6350137	 Acc:0.2812500	 lr:0.0007111	 Mean_Total:0.2655714
2021-11-27 00:40:53,368 -   858 /  2146 (039%):	 Total:0.3830104	 Acc:0.3437500	 lr:0.0007014	 Mean_Total:0.3380188
2021-11-27 00:41:18,081 -  1287 /  2146 (059%):	 Total:0.6287501	 Acc:0.3750000	 lr:0.0006921	 Mean_Total:0.4161603
2021-11-27 00:41:50,665 -  1716 /  2146 (079%):	 Total:1.2161298	 Acc:0.0937500	 lr:0.0006832	 Mean_Total:0.5159416
2021-11-27 00:42:19,761 -  2145 /  2146 (099%):	 Total:0.1164003	 Acc:0.3750000	 lr:0.0006746	 Mean_Total:0.6144541
2021-11-27 00:42:19,982 - ===============================| start validation |===============================
2021-11-27 00:42:28,790 - 	 Total:0.6083042	 Acc:0.2699580
2021-11-27 00:42:28,794 -    ini file updated    
2021-11-27 00:42:28,803 - Snapshot saved to /data/users/wergillius/UTR_VAE/pth/RL_gru_MTL/1_layer_model/vleng_k17-model_best_cv0.pth

2021-11-27 00:42:28,804 -    ini file updated    
2021-11-27 00:42:28,804 - ===============================|    epoch 8   |===============================
2021-11-27 00:42:29,589 -     0 /  2146 (000%):	 Total:0.1573304	 Acc:0.3750000	 lr:0.0006746	 Mean_Total:0.1573304
2021-11-27 00:42:53,266 -   429 /  2146 (019%):	 Total:0.2633070	 Acc:0.5625000	 lr:0.0006663	 Mean_Total:0.2589160
2021-11-27 00:43:15,671 -   858 /  2146 (039%):	 Total:0.4234957	 Acc:0.3125000	 lr:0.0006583	 Mean_Total:0.3255166
2021-11-27 00:43:40,783 -  1287 /  2146 (059%):	 Total:1.0576921	 Acc:0.2500000	 lr:0.0006506	 Mean_Total:0.4007925
2021-11-27 00:44:12,716 -  1716 /  2146 (079%):	 Total:1.1630425	 Acc:0.2500000	 lr:0.0006432	 Mean_Total:0.4995216
2021-11-27 00:44:40,803 -  2145 /  2146 (099%):	 Total:0.1513695	 Acc:0.3750000	 lr:0.0006360	 Mean_Total:0.5870142
2021-11-27 00:44:41,017 - ===============================| start validation |===============================
2021-11-27 00:44:49,497 - 	 Total:0.5966557	 Acc:0.2744223
2021-11-27 00:44:49,501 -    ini file updated    
2021-11-27 00:44:49,512 - Snapshot saved to /data/users/wergillius/UTR_VAE/pth/RL_gru_MTL/1_layer_model/vleng_k17-model_best_cv0.pth

2021-11-27 00:44:49,513 -    ini file updated    
2021-11-27 00:44:49,513 - ===============================|    epoch 9   |===============================
2021-11-27 00:44:50,290 -     0 /  2146 (000%):	 Total:0.1418088	 Acc:0.5000000	 lr:0.0006360	 Mean_Total:0.1418088
2021-11-27 00:45:15,659 -   429 /  2146 (019%):	 Total:0.2655212	 Acc:0.2500000	 lr:0.0006290	 Mean_Total:0.2511034
2021-11-27 00:45:37,712 -   858 /  2146 (039%):	 Total:0.3795506	 Acc:0.1875000	 lr:0.0006223	 Mean_Total:0.3190839
2021-11-27 00:46:02,897 -  1287 /  2146 (059%):	 Total:0.4137647	 Acc:0.1875000	 lr:0.0006158	 Mean_Total:0.3953376
2021-11-27 00:46:32,710 -  1716 /  2146 (079%):	 Total:0.9435913	 Acc:0.1562500	 lr:0.0006095	 Mean_Total:0.4937409
2021-11-27 00:47:01,879 -  2145 /  2146 (099%):	 Total:0.4474863	 Acc:0.3125000	 lr:0.0006034	 Mean_Total:0.6013833
2021-11-27 00:47:02,076 - ===============================| start validation |===============================
2021-11-27 00:47:11,727 - 	 Total:0.6092891	 Acc:0.2752101
2021-11-27 00:47:11,736 -    ini file updated    
2021-11-27 00:47:11,743 - Snapshot saved to /data/users/wergillius/UTR_VAE/pth/RL_gru_MTL/1_layer_model/vleng_k17-model_best_cv0.pth

2021-11-27 00:47:11,744 -    ini file updated    
2021-11-27 00:47:11,744 - ===============================|    epoch 10   |===============================
2021-11-27 00:47:12,654 -     0 /  2146 (000%):	 Total:0.2880592	 Acc:0.5312500	 lr:0.0006034	 Mean_Total:0.2880592
2021-11-27 00:47:38,433 -   429 /  2146 (019%):	 Total:0.4589819	 Acc:0.2500000	 lr:0.0005974	 Mean_Total:0.2555754
2021-11-27 00:48:00,562 -   858 /  2146 (039%):	 Total:0.8449258	 Acc:0.3750000	 lr:0.0005916	 Mean_Total:0.3263953
2021-11-27 00:48:25,390 -  1287 /  2146 (059%):	 Total:0.6494596	 Acc:0.2500000	 lr:0.0005860	 Mean_Total:0.4018863
2021-11-27 00:48:55,705 -  1716 /  2146 (079%):	 Total:0.7724133	 Acc:0.1562500	 lr:0.0005806	 Mean_Total:0.4957142
2021-11-27 00:49:25,884 -  2145 /  2146 (099%):	 Total:0.3497170	 Acc:0.3437500	 lr:0.0005753	 Mean_Total:0.5790692
2021-11-27 00:49:26,066 - ===============================| start validation |===============================
2021-11-27 00:49:35,656 - 	 Total:0.6011713	 Acc:0.2699580
2021-11-27 00:49:35,661 -    ini file updated    
2021-11-27 00:49:35,662 - ===============================|    epoch 11   |===============================
2021-11-27 00:49:36,586 -     0 /  2146 (000%):	 Total:0.1658783	 Acc:0.4375000	 lr:0.0005753	 Mean_Total:0.1658783
2021-11-27 00:50:02,775 -   429 /  2146 (019%):	 Total:0.4963564	 Acc:0.5312500	 lr:0.0005701	 Mean_Total:0.2531997
2021-11-27 00:50:23,575 -   858 /  2146 (039%):	 Total:0.4871566	 Acc:0.4375000	 lr:0.0005651	 Mean_Total:0.3193011
2021-11-27 00:50:48,650 -  1287 /  2146 (059%):	 Total:0.4186071	 Acc:0.3437500	 lr:0.0005602	 Mean_Total:0.3917604
2021-11-27 00:51:21,628 -  1716 /  2146 (079%):	 Total:0.8322358	 Acc:0.1875000	 lr:0.0005554	 Mean_Total:0.4821349
2021-11-27 00:51:51,949 -  2145 /  2146 (099%):	 Total:0.4236761	 Acc:0.1250000	 lr:0.0005508	 Mean_Total:0.5612967
2021-11-27 00:51:52,150 - ===============================| start validation |===============================
2021-11-27 00:52:02,484 - 	 Total:0.5839972	 Acc:0.2729779
2021-11-27 00:52:02,489 -    ini file updated    
2021-11-27 00:52:02,497 - Snapshot saved to /data/users/wergillius/UTR_VAE/pth/RL_gru_MTL/1_layer_model/vleng_k17-model_best_cv0.pth

2021-11-27 00:52:02,497 -    ini file updated    
2021-11-27 00:52:02,498 - ===============================|    epoch 12   |===============================
2021-11-27 00:52:03,315 -     0 /  2146 (000%):	 Total:0.1603744	 Acc:0.4375000	 lr:0.0005508	 Mean_Total:0.1603744
2021-11-27 00:52:29,181 -   429 /  2146 (019%):	 Total:0.4542788	 Acc:0.1875000	 lr:0.0005463	 Mean_Total:0.2446686
2021-11-27 00:52:49,234 -   858 /  2146 (039%):	 Total:0.2432980	 Acc:0.2812500	 lr:0.0005418	 Mean_Total:0.3109392
2021-11-27 00:53:13,898 -  1287 /  2146 (059%):	 Total:0.4171110	 Acc:0.3750000	 lr:0.0005375	 Mean_Total:0.3845989
2021-11-27 00:53:46,898 -  1716 /  2146 (079%):	 Total:0.8456631	 Acc:0.1250000	 lr:0.0005333	 Mean_Total:0.4751751
2021-11-27 00:54:16,665 -  2145 /  2146 (099%):	 Total:0.2074568	 Acc:0.5000000	 lr:0.0005292	 Mean_Total:0.5560335
2021-11-27 00:54:16,823 - ===============================| start validation |===============================
2021-11-27 00:54:25,651 - 	 Total:0.5780283	 Acc:0.2767857
2021-11-27 00:54:25,655 -    ini file updated    
2021-11-27 00:54:25,661 - Snapshot saved to /data/users/wergillius/UTR_VAE/pth/RL_gru_MTL/1_layer_model/vleng_k17-model_best_cv0.pth

2021-11-27 00:54:25,662 -    ini file updated    
2021-11-27 00:54:25,663 - ===============================|    epoch 13   |===============================
2021-11-27 00:54:26,428 -     0 /  2146 (000%):	 Total:0.1842562	 Acc:0.4062500	 lr:0.0005292	 Mean_Total:0.1842562
2021-11-27 00:54:50,424 -   429 /  2146 (019%):	 Total:0.1243254	 Acc:0.4062500	 lr:0.0005252	 Mean_Total:0.2434667
2021-11-27 00:55:12,325 -   858 /  2146 (039%):	 Total:0.6585202	 Acc:0.2187500	 lr:0.0005212	 Mean_Total:0.3060055
2021-11-27 00:55:36,859 -  1287 /  2146 (059%):	 Total:0.3838303	 Acc:0.3125000	 lr:0.0005174	 Mean_Total:0.3778724
2021-11-27 00:56:08,442 -  1716 /  2146 (079%):	 Total:1.0798824	 Acc:0.1250000	 lr:0.0005136	 Mean_Total:0.4691619
2021-11-27 00:56:37,367 -  2145 /  2146 (099%):	 Total:0.3069974	 Acc:0.3125000	 lr:0.0005099	 Mean_Total:0.5529514
2021-11-27 00:56:37,574 - ===============================| start validation |===============================
2021-11-27 00:56:47,313 - 	 Total:0.5848625	 Acc:0.2828256
2021-11-27 00:56:47,318 -    ini file updated    
2021-11-27 00:56:47,332 - Snapshot saved to /data/users/wergillius/UTR_VAE/pth/RL_gru_MTL/1_layer_model/vleng_k17-model_best_cv0.pth

2021-11-27 00:56:47,333 -    ini file updated    
2021-11-27 00:56:47,333 - ===============================|    epoch 14   |===============================
2021-11-27 00:56:48,327 -     0 /  2146 (000%):	 Total:0.1572172	 Acc:0.3750000	 lr:0.0005099	 Mean_Total:0.1572172
2021-11-27 00:57:15,700 -   429 /  2146 (019%):	 Total:0.1912054	 Acc:0.2500000	 lr:0.0005063	 Mean_Total:0.2426581
2021-11-27 00:57:36,639 -   858 /  2146 (039%):	 Total:0.3374997	 Acc:0.3125000	 lr:0.0005028	 Mean_Total:0.3075579
2021-11-27 00:58:00,893 -  1287 /  2146 (059%):	 Total:0.8207180	 Acc:0.0937500	 lr:0.0004993	 Mean_Total:0.3771357
2021-11-27 00:58:32,326 -  1716 /  2146 (079%):	 Total:1.3428428	 Acc:0.2187500	 lr:0.0004960	 Mean_Total:0.4742869
2021-11-27 00:59:00,644 -  2145 /  2146 (099%):	 Total:0.4462619	 Acc:0.1875000	 lr:0.0004926	 Mean_Total:0.5566911
2021-11-27 00:59:00,855 - ===============================| start validation |===============================
2021-11-27 00:59:10,896 - 	 Total:0.5793412	 Acc:0.2762605
2021-11-27 00:59:10,900 -    ini file updated    
2021-11-27 00:59:10,900 - ===============================|    epoch 15   |===============================
2021-11-27 00:59:11,738 -     0 /  2146 (000%):	 Total:0.1229075	 Acc:0.5625000	 lr:0.0004926	 Mean_Total:0.1229075
2021-11-27 00:59:39,642 -   429 /  2146 (019%):	 Total:0.3022992	 Acc:0.4062500	 lr:0.0004894	 Mean_Total:0.2434816
2021-11-27 01:00:01,728 -   858 /  2146 (039%):	 Total:0.2561446	 Acc:0.3437500	 lr:0.0004862	 Mean_Total:0.3065152
2021-11-27 01:00:27,709 -  1287 /  2146 (059%):	 Total:0.7155107	 Acc:0.2812500	 lr:0.0004831	 Mean_Total:0.3791574
2021-11-27 01:00:58,786 -  1716 /  2146 (079%):	 Total:1.4991972	 Acc:0.1562500	 lr:0.0004800	 Mean_Total:0.4672776
2021-11-27 01:01:29,390 -  2145 /  2146 (099%):	 Total:0.4433827	 Acc:0.2500000	 lr:0.0004770	 Mean_Total:0.5507125
2021-11-27 01:01:29,604 - ===============================| start validation |===============================
2021-11-27 01:01:38,993 - 	 Total:0.5699967	 Acc:0.2770483
2021-11-27 01:01:39,002 -    ini file updated    
2021-11-27 01:01:39,013 - Snapshot saved to /data/users/wergillius/UTR_VAE/pth/RL_gru_MTL/1_layer_model/vleng_k17-model_best_cv0.pth

2021-11-27 01:01:39,013 -    ini file updated    
2021-11-27 01:01:39,014 - ===============================|    epoch 16   |===============================
2021-11-27 01:01:39,824 -     0 /  2146 (000%):	 Total:0.0748353	 Acc:0.5937500	 lr:0.0004770	 Mean_Total:0.0748353
2021-11-27 01:02:05,945 -   429 /  2146 (019%):	 Total:0.2698658	 Acc:0.4375000	 lr:0.0004740	 Mean_Total:0.2424700
2021-11-27 01:02:26,524 -   858 /  2146 (039%):	 Total:0.2662718	 Acc:0.3125000	 lr:0.0004711	 Mean_Total:0.3023422
2021-11-27 01:02:48,629 -  1287 /  2146 (059%):	 Total:0.5399512	 Acc:0.1250000	 lr:0.0004683	 Mean_Total:0.3762577
2021-11-27 01:03:20,028 -  1716 /  2146 (079%):	 Total:1.0939798	 Acc:0.2187500	 lr:0.0004655	 Mean_Total:0.4679895
2021-11-27 01:03:52,160 -  2145 /  2146 (099%):	 Total:0.3537651	 Acc:0.2187500	 lr:0.0004628	 Mean_Total:0.5559473
2021-11-27 01:03:52,344 - ===============================| start validation |===============================
2021-11-27 01:04:02,295 - 	 Total:0.5744854	 Acc:0.2771796
2021-11-27 01:04:02,301 -    ini file updated    
2021-11-27 01:04:02,301 - ===============================|    epoch 17   |===============================
2021-11-27 01:04:03,169 -     0 /  2146 (000%):	 Total:0.1460611	 Acc:0.6250000	 lr:0.0004628	 Mean_Total:0.1460611
2021-11-27 01:04:29,088 -   429 /  2146 (019%):	 Total:0.3369947	 Acc:0.3437500	 lr:0.0004601	 Mean_Total:0.2353306
2021-11-27 01:04:49,220 -   858 /  2146 (039%):	 Total:0.3239844	 Acc:0.2812500	 lr:0.0004574	 Mean_Total:0.2970799
2021-11-27 01:05:13,325 -  1287 /  2146 (059%):	 Total:0.8836302	 Acc:0.0625000	 lr:0.0004548	 Mean_Total:0.3686153
2021-11-27 01:05:45,334 -  1716 /  2146 (079%):	 Total:1.2243006	 Acc:0.1562500	 lr:0.0004522	 Mean_Total:0.4603858
2021-11-27 01:06:16,152 -  2145 /  2146 (099%):	 Total:0.1933908	 Acc:0.3125000	 lr:0.0004497	 Mean_Total:0.5394424
2021-11-27 01:06:16,376 - ===============================| start validation |===============================
2021-11-27 01:06:25,637 - 	 Total:0.5680628	 Acc:0.2826943
2021-11-27 01:06:25,641 -    ini file updated    
2021-11-27 01:06:25,657 - Snapshot saved to /data/users/wergillius/UTR_VAE/pth/RL_gru_MTL/1_layer_model/vleng_k17-model_best_cv0.pth

2021-11-27 01:06:25,657 -    ini file updated    
2021-11-27 01:06:25,658 - ===============================|    epoch 18   |===============================
2021-11-27 01:06:26,586 -     0 /  2146 (000%):	 Total:0.1966366	 Acc:0.2812500	 lr:0.0004497	 Mean_Total:0.1966366
2021-11-27 01:06:51,684 -   429 /  2146 (019%):	 Total:0.2039599	 Acc:0.3125000	 lr:0.0004472	 Mean_Total:0.2380172
2021-11-27 01:07:13,605 -   858 /  2146 (039%):	 Total:0.2739313	 Acc:0.3437500	 lr:0.0004448	 Mean_Total:0.2991075
2021-11-27 01:07:37,812 -  1287 /  2146 (059%):	 Total:0.8067533	 Acc:0.1875000	 lr:0.0004424	 Mean_Total:0.3693821
2021-11-27 01:08:08,320 -  1716 /  2146 (079%):	 Total:0.7618454	 Acc:0.2187500	 lr:0.0004400	 Mean_Total:0.4568435
2021-11-27 01:08:36,899 -  2145 /  2146 (099%):	 Total:0.5534884	 Acc:0.3125000	 lr:0.0004377	 Mean_Total:0.5344533
2021-11-27 01:08:37,110 - ===============================| start validation |===============================
2021-11-27 01:08:47,043 - 	 Total:0.5615006	 Acc:0.2741597
2021-11-27 01:08:47,053 -    ini file updated    
2021-11-27 01:08:47,062 - Snapshot saved to /data/users/wergillius/UTR_VAE/pth/RL_gru_MTL/1_layer_model/vleng_k17-model_best_cv0.pth

2021-11-27 01:08:47,063 -    ini file updated    
2021-11-27 01:08:47,063 - ===============================|    epoch 19   |===============================
2021-11-27 01:08:47,919 -     0 /  2146 (000%):	 Total:0.0913884	 Acc:0.4062500	 lr:0.0004377	 Mean_Total:0.0913884
2021-11-27 01:09:13,329 -   429 /  2146 (019%):	 Total:0.1271122	 Acc:0.2500000	 lr:0.0004354	 Mean_Total:0.2386081
2021-11-27 01:09:35,144 -   858 /  2146 (039%):	 Total:0.3358948	 Acc:0.1875000	 lr:0.0004332	 Mean_Total:0.2957756
2021-11-27 01:09:58,128 -  1287 /  2146 (059%):	 Total:0.4030448	 Acc:0.2812500	 lr:0.0004310	 Mean_Total:0.3650771
2021-11-27 01:10:29,016 -  1716 /  2146 (079%):	 Total:0.5162481	 Acc:0.2500000	 lr:0.0004288	 Mean_Total:0.4522432
2021-11-27 01:10:57,774 -  2145 /  2146 (099%):	 Total:0.2070027	 Acc:0.2812500	 lr:0.0004266	 Mean_Total:0.5309804
2021-11-27 01:10:57,989 - ===============================| start validation |===============================
2021-11-27 01:11:07,538 - 	 Total:0.5580792	 Acc:0.2763918
2021-11-27 01:11:07,543 -    ini file updated    
2021-11-27 01:11:07,550 - Snapshot saved to /data/users/wergillius/UTR_VAE/pth/RL_gru_MTL/1_layer_model/vleng_k17-model_best_cv0.pth

2021-11-27 01:11:07,551 -    ini file updated    
2021-11-27 01:11:07,551 - ===============================|    epoch 20   |===============================
2021-11-27 01:11:08,316 -     0 /  2146 (000%):	 Total:0.2016263	 Acc:0.5000000	 lr:0.0004266	 Mean_Total:0.2016263
2021-11-27 01:11:35,860 -   429 /  2146 (019%):	 Total:0.3595523	 Acc:0.3437500	 lr:0.0004245	 Mean_Total:0.2302452
2021-11-27 01:11:57,885 -   858 /  2146 (039%):	 Total:0.4840300	 Acc:0.2812500	 lr:0.0004224	 Mean_Total:0.2939114
2021-11-27 01:12:22,720 -  1287 /  2146 (059%):	 Total:0.3413272	 Acc:0.2187500	 lr:0.0004204	 Mean_Total:0.3627897
2021-11-27 01:12:52,294 -  1716 /  2146 (079%):	 Total:1.1612067	 Acc:0.0937500	 lr:0.0004184	 Mean_Total:0.4490413
2021-11-27 01:13:22,482 -  2145 /  2146 (099%):	 Total:1.1334761	 Acc:0.1250000	 lr:0.0004164	 Mean_Total:0.5280852
2021-11-27 01:13:22,686 - ===============================| start validation |===============================
2021-11-27 01:13:31,853 - 	 Total:0.5529787	 Acc:0.2828256
2021-11-27 01:13:31,858 -    ini file updated    
2021-11-27 01:13:31,864 - Snapshot saved to /data/users/wergillius/UTR_VAE/pth/RL_gru_MTL/1_layer_model/vleng_k17-model_best_cv0.pth

2021-11-27 01:13:31,865 -    ini file updated    
2021-11-27 01:13:31,865 - ===============================|    epoch 21   |===============================
2021-11-27 01:13:32,720 -     0 /  2146 (000%):	 Total:0.1627218	 Acc:0.4375000	 lr:0.0004164	 Mean_Total:0.1627218
2021-11-27 01:13:58,740 -   429 /  2146 (019%):	 Total:0.1573909	 Acc:0.4062500	 lr:0.0004144	 Mean_Total:0.2268556
2021-11-27 01:14:21,917 -   858 /  2146 (039%):	 Total:0.3977936	 Acc:0.3750000	 lr:0.0004124	 Mean_Total:0.2882544
2021-11-27 01:14:43,960 -  1287 /  2146 (059%):	 Total:0.5838680	 Acc:0.2187500	 lr:0.0004105	 Mean_Total:0.3564777
2021-11-27 01:15:13,416 -  1716 /  2146 (079%):	 Total:0.6444073	 Acc:0.1250000	 lr:0.0004086	 Mean_Total:0.4425217
2021-11-27 01:15:43,528 -  2145 /  2146 (099%):	 Total:0.3224481	 Acc:0.3125000	 lr:0.0004068	 Mean_Total:0.5247146
2021-11-27 01:15:43,793 - ===============================| start validation |===============================
2021-11-27 01:15:53,207 - 	 Total:0.5671294	 Acc:0.2791492
2021-11-27 01:15:53,214 -    ini file updated    
2021-11-27 01:15:53,214 - ===============================|    epoch 22   |===============================
2021-11-27 01:15:54,143 -     0 /  2146 (000%):	 Total:0.1129326	 Acc:0.4687500	 lr:0.0004068	 Mean_Total:0.1129326
2021-11-27 01:16:22,235 -   429 /  2146 (019%):	 Total:0.1585047	 Acc:0.4062500	 lr:0.0004049	 Mean_Total:0.2349991
2021-11-27 01:16:44,042 -   858 /  2146 (039%):	 Total:0.5603703	 Acc:0.1562500	 lr:0.0004031	 Mean_Total:0.2933202
2021-11-27 01:17:06,897 -  1287 /  2146 (059%):	 Total:0.3941091	 Acc:0.3125000	 lr:0.0004014	 Mean_Total:0.3616307
2021-11-27 01:17:38,115 -  1716 /  2146 (079%):	 Total:0.8496997	 Acc:0.1562500	 lr:0.0003996	 Mean_Total:0.4494735
2021-11-27 01:18:07,992 -  2145 /  2146 (099%):	 Total:0.4504814	 Acc:0.2500000	 lr:0.0003978	 Mean_Total:0.5247573
2021-11-27 01:18:08,210 - ===============================| start validation |===============================
2021-11-27 01:18:18,615 - 	 Total:0.5441730	 Acc:0.2849265
2021-11-27 01:18:18,618 -    ini file updated    
2021-11-27 01:18:18,625 - Snapshot saved to /data/users/wergillius/UTR_VAE/pth/RL_gru_MTL/1_layer_model/vleng_k17-model_best_cv0.pth

2021-11-27 01:18:18,626 -    ini file updated    
2021-11-27 01:18:18,626 - ===============================|    epoch 23   |===============================
2021-11-27 01:18:19,373 -     0 /  2146 (000%):	 Total:0.1433202	 Acc:0.4062500	 lr:0.0003978	 Mean_Total:0.1433202
2021-11-27 01:18:45,866 -   429 /  2146 (019%):	 Total:0.2228801	 Acc:0.3125000	 lr:0.0003961	 Mean_Total:0.2281227
2021-11-27 01:19:07,428 -   858 /  2146 (039%):	 Total:0.2951905	 Acc:0.3125000	 lr:0.0003944	 Mean_Total:0.2873514
2021-11-27 01:19:32,720 -  1287 /  2146 (059%):	 Total:0.9473372	 Acc:0.2812500	 lr:0.0003928	 Mean_Total:0.3509693
2021-11-27 01:20:02,577 -  1716 /  2146 (079%):	 Total:1.5333856	 Acc:0.0937500	 lr:0.0003911	 Mean_Total:0.4402522
2021-11-27 01:20:32,374 -  2145 /  2146 (099%):	 Total:0.4255288	 Acc:0.2187500	 lr:0.0003895	 Mean_Total:0.5162387
2021-11-27 01:20:32,575 - ===============================| start validation |===============================
2021-11-27 01:20:41,926 - 	 Total:0.5454389	 Acc:0.2909664
2021-11-27 01:20:41,935 -    ini file updated    
2021-11-27 01:20:41,945 - Snapshot saved to /data/users/wergillius/UTR_VAE/pth/RL_gru_MTL/1_layer_model/vleng_k17-model_best_cv0.pth

2021-11-27 01:20:41,946 -    ini file updated    
2021-11-27 01:20:41,946 - ===============================|    epoch 24   |===============================
2021-11-27 01:20:42,836 -     0 /  2146 (000%):	 Total:0.1590328	 Acc:0.4687500	 lr:0.0003895	 Mean_Total:0.1590328
2021-11-27 01:21:10,955 -   429 /  2146 (019%):	 Total:0.3145382	 Acc:0.2812500	 lr:0.0003879	 Mean_Total:0.2296578
2021-11-27 01:21:34,553 -   858 /  2146 (039%):	 Total:0.2461150	 Acc:0.2500000	 lr:0.0003863	 Mean_Total:0.2865384
2021-11-27 01:21:58,201 -  1287 /  2146 (059%):	 Total:0.3983842	 Acc:0.3437500	 lr:0.0003847	 Mean_Total:0.3537466
2021-11-27 01:22:29,227 -  1716 /  2146 (079%):	 Total:0.7215843	 Acc:0.3125000	 lr:0.0003831	 Mean_Total:0.4408150
2021-11-27 01:22:58,230 -  2145 /  2146 (099%):	 Total:0.1152625	 Acc:0.4062500	 lr:0.0003816	 Mean_Total:0.5174017
2021-11-27 01:22:58,467 - ===============================| start validation |===============================
2021-11-27 01:23:08,705 - 	 Total:0.5409756	 Acc:0.2859769
2021-11-27 01:23:08,709 -    ini file updated    
2021-11-27 01:23:08,717 - Snapshot saved to /data/users/wergillius/UTR_VAE/pth/RL_gru_MTL/1_layer_model/vleng_k17-model_best_cv0.pth

2021-11-27 01:23:08,718 -    ini file updated    
2021-11-27 01:23:08,718 - ===============================|    epoch 25   |===============================
2021-11-27 01:23:09,741 -     0 /  2146 (000%):	 Total:0.2622483	 Acc:0.3437500	 lr:0.0003816	 Mean_Total:0.2622483
2021-11-27 01:23:37,206 -   429 /  2146 (019%):	 Total:0.3017537	 Acc:0.3437500	 lr:0.0003801	 Mean_Total:0.2262690
2021-11-27 01:23:59,023 -   858 /  2146 (039%):	 Total:0.2647475	 Acc:0.3750000	 lr:0.0003786	 Mean_Total:0.2833436
2021-11-27 01:24:24,550 -  1287 /  2146 (059%):	 Total:0.6004897	 Acc:0.2500000	 lr:0.0003771	 Mean_Total:0.3523067
2021-11-27 01:24:53,412 -  1716 /  2146 (079%):	 Total:0.8023881	 Acc:0.2500000	 lr:0.0003756	 Mean_Total:0.4387435
2021-11-27 01:25:23,906 -  2145 /  2146 (099%):	 Total:0.3728953	 Acc:0.3750000	 lr:0.0003742	 Mean_Total:0.5155750
2021-11-27 01:25:24,120 - ===============================| start validation |===============================
2021-11-27 01:25:34,615 - 	 Total:0.5393785	 Acc:0.2826943
2021-11-27 01:25:34,619 -    ini file updated    
2021-11-27 01:25:34,637 - Snapshot saved to /data/users/wergillius/UTR_VAE/pth/RL_gru_MTL/1_layer_model/vleng_k17-model_best_cv0.pth

2021-11-27 01:25:34,638 -    ini file updated    
2021-11-27 01:25:34,638 - ===============================|    epoch 26   |===============================
2021-11-27 01:25:35,446 -     0 /  2146 (000%):	 Total:0.2589674	 Acc:0.2812500	 lr:0.0003742	 Mean_Total:0.2589674
2021-11-27 01:26:02,215 -   429 /  2146 (019%):	 Total:0.2256870	 Acc:0.3750000	 lr:0.0003728	 Mean_Total:0.2246587
2021-11-27 01:26:24,555 -   858 /  2146 (039%):	 Total:0.2902889	 Acc:0.2187500	 lr:0.0003713	 Mean_Total:0.2826387
2021-11-27 01:26:45,899 -  1287 /  2146 (059%):	 Total:0.8889754	 Acc:0.2500000	 lr:0.0003699	 Mean_Total:0.3494181
2021-11-27 01:27:15,936 -  1716 /  2146 (079%):	 Total:1.2697372	 Acc:0.0937500	 lr:0.0003686	 Mean_Total:0.4342075
2021-11-27 01:27:45,803 -  2145 /  2146 (099%):	 Total:1.0132382	 Acc:0.2187500	 lr:0.0003672	 Mean_Total:0.5106512
2021-11-27 01:27:46,023 - ===============================| start validation |===============================
2021-11-27 01:27:55,106 - 	 Total:0.5364885	 Acc:0.2868960
2021-11-27 01:27:55,112 -    ini file updated    
2021-11-27 01:27:55,119 - Snapshot saved to /data/users/wergillius/UTR_VAE/pth/RL_gru_MTL/1_layer_model/vleng_k17-model_best_cv0.pth

2021-11-27 01:27:55,119 -    ini file updated    
2021-11-27 01:27:55,119 - ===============================|    epoch 27   |===============================
2021-11-27 01:27:55,968 -     0 /  2146 (000%):	 Total:0.1871145	 Acc:0.4062500	 lr:0.0003672	 Mean_Total:0.1871145
2021-11-27 01:28:23,283 -   429 /  2146 (019%):	 Total:0.3273854	 Acc:0.2187500	 lr:0.0003658	 Mean_Total:0.2275299
2021-11-27 01:28:44,400 -   858 /  2146 (039%):	 Total:0.4751080	 Acc:0.3125000	 lr:0.0003645	 Mean_Total:0.2800368
2021-11-27 01:29:08,837 -  1287 /  2146 (059%):	 Total:0.2988798	 Acc:0.2187500	 lr:0.0003632	 Mean_Total:0.3454427
2021-11-27 01:29:41,242 -  1716 /  2146 (079%):	 Total:0.9739679	 Acc:0.1562500	 lr:0.0003619	 Mean_Total:0.4321537
2021-11-27 01:30:12,442 -  2145 /  2146 (099%):	 Total:0.4043481	 Acc:0.2187500	 lr:0.0003606	 Mean_Total:0.5116258
2021-11-27 01:30:12,716 - ===============================| start validation |===============================
2021-11-27 01:30:22,694 - 	 Total:0.5360094	 Acc:0.2791492
2021-11-27 01:30:22,700 -    ini file updated    
2021-11-27 01:30:22,715 - Snapshot saved to /data/users/wergillius/UTR_VAE/pth/RL_gru_MTL/1_layer_model/vleng_k17-model_best_cv0.pth

2021-11-27 01:30:22,716 -    ini file updated    
2021-11-27 01:30:22,717 - ===============================|    epoch 28   |===============================
2021-11-27 01:30:23,564 -     0 /  2146 (000%):	 Total:0.1528989	 Acc:0.5000000	 lr:0.0003606	 Mean_Total:0.1528989
2021-11-27 01:30:49,292 -   429 /  2146 (019%):	 Total:0.1485846	 Acc:0.3437500	 lr:0.0003593	 Mean_Total:0.2216644
2021-11-27 01:31:11,116 -   858 /  2146 (039%):	 Total:0.5885316	 Acc:0.2500000	 lr:0.0003580	 Mean_Total:0.2810820
2021-11-27 01:31:37,471 -  1287 /  2146 (059%):	 Total:0.4095802	 Acc:0.2187500	 lr:0.0003568	 Mean_Total:0.3444048
2021-11-27 01:32:06,220 -  1716 /  2146 (079%):	 Total:0.9138029	 Acc:0.2500000	 lr:0.0003555	 Mean_Total:0.4298924
2021-11-27 01:32:35,829 -  2145 /  2146 (099%):	 Total:0.3370179	 Acc:0.1250000	 lr:0.0003543	 Mean_Total:0.5058848
2021-11-27 01:32:36,072 - ===============================| start validation |===============================
2021-11-27 01:32:44,250 - 	 Total:0.5379126	 Acc:0.2737658
2021-11-27 01:32:44,256 -    ini file updated    
2021-11-27 01:32:44,256 - ===============================|    epoch 29   |===============================
2021-11-27 01:32:45,134 -     0 /  2146 (000%):	 Total:0.2429211	 Acc:0.3750000	 lr:0.0003543	 Mean_Total:0.2429211
2021-11-27 01:33:11,982 -   429 /  2146 (019%):	 Total:0.2193342	 Acc:0.3125000	 lr:0.0003531	 Mean_Total:0.2253228
2021-11-27 01:33:34,281 -   858 /  2146 (039%):	 Total:0.5134646	 Acc:0.3125000	 lr:0.0003519	 Mean_Total:0.2811356
2021-11-27 01:33:58,962 -  1287 /  2146 (059%):	 Total:0.4253802	 Acc:0.2187500	 lr:0.0003507	 Mean_Total:0.3414845
2021-11-27 01:34:29,496 -  1716 /  2146 (079%):	 Total:0.7252153	 Acc:0.1562500	 lr:0.0003495	 Mean_Total:0.4259143
2021-11-27 01:34:57,716 -  2145 /  2146 (099%):	 Total:0.4462254	 Acc:0.2500000	 lr:0.0003484	 Mean_Total:0.5039399
2021-11-27 01:34:57,926 - ===============================| start validation |===============================
2021-11-27 01:35:06,284 - 	 Total:0.5309237	 Acc:0.2791492
2021-11-27 01:35:06,293 -    ini file updated    
2021-11-27 01:35:06,300 - Snapshot saved to /data/users/wergillius/UTR_VAE/pth/RL_gru_MTL/1_layer_model/vleng_k17-model_best_cv0.pth

2021-11-27 01:35:06,300 -    ini file updated    
2021-11-27 01:35:06,301 - ===============================|    epoch 30   |===============================
2021-11-27 01:35:07,201 -     0 /  2146 (000%):	 Total:0.1229302	 Acc:0.3750000	 lr:0.0003484	 Mean_Total:0.1229302
2021-11-27 01:35:34,594 -   429 /  2146 (019%):	 Total:0.2868264	 Acc:0.4375000	 lr:0.0003472	 Mean_Total:0.2165821
2021-11-27 01:35:57,236 -   858 /  2146 (039%):	 Total:0.2924640	 Acc:0.3437500	 lr:0.0003461	 Mean_Total:0.2749745
2021-11-27 01:36:20,827 -  1287 /  2146 (059%):	 Total:0.3240170	 Acc:0.1562500	 lr:0.0003449	 Mean_Total:0.3414898
2021-11-27 01:36:49,714 -  1716 /  2146 (079%):	 Total:0.7998272	 Acc:0.2187500	 lr:0.0003438	 Mean_Total:0.4251280
2021-11-27 01:37:18,560 -  2145 /  2146 (099%):	 Total:1.0052004	 Acc:0.2500000	 lr:0.0003427	 Mean_Total:0.5013575
2021-11-27 01:37:18,748 - ===============================| start validation |===============================
2021-11-27 01:37:28,108 - 	 Total:0.5292865	 Acc:0.2767857
2021-11-27 01:37:28,117 -    ini file updated    
2021-11-27 01:37:28,124 - Snapshot saved to /data/users/wergillius/UTR_VAE/pth/RL_gru_MTL/1_layer_model/vleng_k17-model_best_cv0.pth

2021-11-27 01:37:28,125 -    ini file updated    
2021-11-27 01:37:28,125 - ===============================|    epoch 31   |===============================
2021-11-27 01:37:28,949 -     0 /  2146 (000%):	 Total:0.1930002	 Acc:0.4687500	 lr:0.0003427	 Mean_Total:0.1930002
2021-11-27 01:37:55,109 -   429 /  2146 (019%):	 Total:0.3085850	 Acc:0.3750000	 lr:0.0003416	 Mean_Total:0.2194904
2021-11-27 01:38:18,672 -   858 /  2146 (039%):	 Total:0.4081617	 Acc:0.2812500	 lr:0.0003405	 Mean_Total:0.2749042
2021-11-27 01:38:42,426 -  1287 /  2146 (059%):	 Total:0.3578999	 Acc:0.2187500	 lr:0.0003394	 Mean_Total:0.3398611
2021-11-27 01:39:11,778 -  1716 /  2146 (079%):	 Total:0.8265526	 Acc:0.1875000	 lr:0.0003383	 Mean_Total:0.4243077
2021-11-27 01:39:42,451 -  2145 /  2146 (099%):	 Total:0.3850718	 Acc:0.2812500	 lr:0.0003373	 Mean_Total:0.4999132
2021-11-27 01:39:42,652 - ===============================| start validation |===============================
2021-11-27 01:39:53,621 - 	 Total:0.5272474	 Acc:0.2841387
2021-11-27 01:39:53,624 -    ini file updated    
2021-11-27 01:39:53,629 - Snapshot saved to /data/users/wergillius/UTR_VAE/pth/RL_gru_MTL/1_layer_model/vleng_k17-model_best_cv0.pth

2021-11-27 01:39:53,630 -    ini file updated    
2021-11-27 01:39:53,630 - ===============================|    epoch 32   |===============================
2021-11-27 01:39:54,395 -     0 /  2146 (000%):	 Total:0.1367265	 Acc:0.4375000	 lr:0.0003373	 Mean_Total:0.1367265
2021-11-27 01:40:21,707 -   429 /  2146 (019%):	 Total:0.2678440	 Acc:0.3750000	 lr:0.0003362	 Mean_Total:0.2158331
2021-11-27 01:40:42,878 -   858 /  2146 (039%):	 Total:0.3124081	 Acc:0.3125000	 lr:0.0003352	 Mean_Total:0.2755170
2021-11-27 01:41:06,139 -  1287 /  2146 (059%):	 Total:0.5318428	 Acc:0.2500000	 lr:0.0003342	 Mean_Total:0.3401387
2021-11-27 01:41:37,370 -  1716 /  2146 (079%):	 Total:1.5307045	 Acc:0.1875000	 lr:0.0003332	 Mean_Total:0.4234679
2021-11-27 01:42:05,902 -  2145 /  2146 (099%):	 Total:0.7686118	 Acc:0.2187500	 lr:0.0003321	 Mean_Total:0.4991810
2021-11-27 01:42:06,103 - ===============================| start validation |===============================
2021-11-27 01:42:15,697 - 	 Total:0.5265301	 Acc:0.2871586
2021-11-27 01:42:15,701 -    ini file updated    
2021-11-27 01:42:15,709 - Snapshot saved to /data/users/wergillius/UTR_VAE/pth/RL_gru_MTL/1_layer_model/vleng_k17-model_best_cv0.pth

2021-11-27 01:42:15,710 -    ini file updated    
2021-11-27 01:42:15,710 - ===============================|    epoch 33   |===============================
2021-11-27 01:42:16,593 -     0 /  2146 (000%):	 Total:0.1222160	 Acc:0.4687500	 lr:0.0003321	 Mean_Total:0.1222160
2021-11-27 01:42:43,532 -   429 /  2146 (019%):	 Total:0.3359019	 Acc:0.4062500	 lr:0.0003311	 Mean_Total:0.2187415
2021-11-27 01:43:06,456 -   858 /  2146 (039%):	 Total:0.1221474	 Acc:0.4062500	 lr:0.0003301	 Mean_Total:0.2728370
2021-11-27 01:43:30,432 -  1287 /  2146 (059%):	 Total:1.0441422	 Acc:0.1875000	 lr:0.0003292	 Mean_Total:0.3346252
2021-11-27 01:44:01,840 -  1716 /  2146 (079%):	 Total:1.1534357	 Acc:0.2500000	 lr:0.0003282	 Mean_Total:0.4190301
2021-11-27 01:44:32,439 -  2145 /  2146 (099%):	 Total:0.5744295	 Acc:0.3125000	 lr:0.0003272	 Mean_Total:0.4967597
2021-11-27 01:44:32,614 - ===============================| start validation |===============================
2021-11-27 01:44:41,288 - 	 Total:0.5228645	 Acc:0.2808561
2021-11-27 01:44:41,297 -    ini file updated    
2021-11-27 01:44:41,308 - Snapshot saved to /data/users/wergillius/UTR_VAE/pth/RL_gru_MTL/1_layer_model/vleng_k17-model_best_cv0.pth

2021-11-27 01:44:41,308 -    ini file updated    
2021-11-27 01:44:41,308 - ===============================|    epoch 34   |===============================
2021-11-27 01:44:42,076 -     0 /  2146 (000%):	 Total:0.2823170	 Acc:0.5000000	 lr:0.0003272	 Mean_Total:0.2823170
2021-11-27 01:45:07,460 -   429 /  2146 (019%):	 Total:0.3621447	 Acc:0.2812500	 lr:0.0003263	 Mean_Total:0.2188419
2021-11-27 01:45:31,728 -   858 /  2146 (039%):	 Total:0.3658780	 Acc:0.1250000	 lr:0.0003253	 Mean_Total:0.2735007
2021-11-27 01:45:55,841 -  1287 /  2146 (059%):	 Total:0.2875611	 Acc:0.3437500	 lr:0.0003244	 Mean_Total:0.3348056
2021-11-27 01:46:26,961 -  1716 /  2146 (079%):	 Total:0.4081358	 Acc:0.1562500	 lr:0.0003234	 Mean_Total:0.4182618
2021-11-27 01:46:54,017 -  2145 /  2146 (099%):	 Total:0.4789049	 Acc:0.2187500	 lr:0.0003225	 Mean_Total:0.4944004
2021-11-27 01:46:54,260 - ===============================| start validation |===============================
2021-11-27 01:47:02,754 - 	 Total:0.5200494	 Acc:0.2871586
2021-11-27 01:47:02,759 -    ini file updated    
2021-11-27 01:47:02,764 - Snapshot saved to /data/users/wergillius/UTR_VAE/pth/RL_gru_MTL/1_layer_model/vleng_k17-model_best_cv0.pth

2021-11-27 01:47:02,765 -    ini file updated    
2021-11-27 01:47:02,765 - ===============================|    epoch 35   |===============================
2021-11-27 01:47:03,579 -     0 /  2146 (000%):	 Total:0.1352336	 Acc:0.5312500	 lr:0.0003225	 Mean_Total:0.1352336
2021-11-27 01:47:30,376 -   429 /  2146 (019%):	 Total:0.1258126	 Acc:0.5937500	 lr:0.0003216	 Mean_Total:0.2168919
2021-11-27 01:47:53,268 -   858 /  2146 (039%):	 Total:0.3998023	 Acc:0.3125000	 lr:0.0003207	 Mean_Total:0.2717955
2021-11-27 01:48:17,254 -  1287 /  2146 (059%):	 Total:0.6737282	 Acc:0.2500000	 lr:0.0003198	 Mean_Total:0.3328466
2021-11-27 01:48:46,871 -  1716 /  2146 (079%):	 Total:1.0707479	 Acc:0.1562500	 lr:0.0003189	 Mean_Total:0.4164246
2021-11-27 01:49:13,994 -  2145 /  2146 (099%):	 Total:1.0085878	 Acc:0.1875000	 lr:0.0003180	 Mean_Total:0.4908872
2021-11-27 01:49:14,210 - ===============================| start validation |===============================
2021-11-27 01:49:24,116 - 	 Total:0.5170386	 Acc:0.2850578
2021-11-27 01:49:24,121 -    ini file updated    
2021-11-27 01:49:24,133 - Snapshot saved to /data/users/wergillius/UTR_VAE/pth/RL_gru_MTL/1_layer_model/vleng_k17-model_best_cv0.pth

2021-11-27 01:49:24,134 -    ini file updated    
2021-11-27 01:49:24,134 - ===============================|    epoch 36   |===============================
2021-11-27 01:49:24,993 -     0 /  2146 (000%):	 Total:0.1558897	 Acc:0.4375000	 lr:0.0003180	 Mean_Total:0.1558897
2021-11-27 01:49:53,365 -   429 /  2146 (019%):	 Total:0.1430445	 Acc:0.4062500	 lr:0.0003171	 Mean_Total:0.2173967
2021-11-27 01:50:16,409 -   858 /  2146 (039%):	 Total:0.2350758	 Acc:0.2187500	 lr:0.0003162	 Mean_Total:0.2702030
2021-11-27 01:50:41,466 -  1287 /  2146 (059%):	 Total:0.3849782	 Acc:0.1875000	 lr:0.0003154	 Mean_Total:0.3291586
2021-11-27 01:51:11,466 -  1716 /  2146 (079%):	 Total:1.0821508	 Acc:0.0937500	 lr:0.0003145	 Mean_Total:0.4134623
2021-11-27 01:51:40,955 -  2145 /  2146 (099%):	 Total:0.2258974	 Acc:0.2500000	 lr:0.0003137	 Mean_Total:0.4877785
2021-11-27 01:51:41,163 - ===============================| start validation |===============================
2021-11-27 01:51:50,321 - 	 Total:0.5180776	 Acc:0.2854517
2021-11-27 01:51:50,332 -    ini file updated    
2021-11-27 01:51:50,332 - ===============================|    epoch 37   |===============================
2021-11-27 01:51:51,127 -     0 /  2146 (000%):	 Total:0.3263704	 Acc:0.3437500	 lr:0.0003137	 Mean_Total:0.3263704
2021-11-27 01:52:17,055 -   429 /  2146 (019%):	 Total:0.5747641	 Acc:0.3437500	 lr:0.0003128	 Mean_Total:0.2156300
2021-11-27 01:52:40,462 -   858 /  2146 (039%):	 Total:0.4810279	 Acc:0.3125000	 lr:0.0003120	 Mean_Total:0.2677811
2021-11-27 01:53:03,328 -  1287 /  2146 (059%):	 Total:0.8180745	 Acc:0.1562500	 lr:0.0003112	 Mean_Total:0.3281782
2021-11-27 01:53:34,209 -  1716 /  2146 (079%):	 Total:0.7772369	 Acc:0.2187500	 lr:0.0003103	 Mean_Total:0.4115346
2021-11-27 01:54:04,596 -  2145 /  2146 (099%):	 Total:0.9978219	 Acc:0.2812500	 lr:0.0003095	 Mean_Total:0.4860990
2021-11-27 01:54:04,813 - ===============================| start validation |===============================
2021-11-27 01:54:14,271 - 	 Total:0.5180312	 Acc:0.2888655
2021-11-27 01:54:14,280 -    ini file updated    
2021-11-27 01:54:14,280 - ===============================|    epoch 38   |===============================
2021-11-27 01:54:15,097 -     0 /  2146 (000%):	 Total:0.1737302	 Acc:0.4687500	 lr:0.0003095	 Mean_Total:0.1737302
2021-11-27 01:54:42,527 -   429 /  2146 (019%):	 Total:0.3954335	 Acc:0.4062500	 lr:0.0003087	 Mean_Total:0.2156263
2021-11-27 01:55:02,217 -   858 /  2146 (039%):	 Total:0.4961696	 Acc:0.2187500	 lr:0.0003079	 Mean_Total:0.2656245
2021-11-27 01:55:26,184 -  1287 /  2146 (059%):	 Total:0.4334807	 Acc:0.2500000	 lr:0.0003071	 Mean_Total:0.3273824
2021-11-27 01:55:57,071 -  1716 /  2146 (079%):	 Total:0.9285128	 Acc:0.0937500	 lr:0.0003063	 Mean_Total:0.4092902
2021-11-27 01:56:24,879 -  2145 /  2146 (099%):	 Total:0.9622288	 Acc:0.1562500	 lr:0.0003055	 Mean_Total:0.4833787
2021-11-27 01:56:25,174 - ===============================| start validation |===============================
2021-11-27 01:56:34,183 - 	 Total:0.5129541	 Acc:0.2823004
2021-11-27 01:56:34,187 -    ini file updated    
2021-11-27 01:56:34,193 - Snapshot saved to /data/users/wergillius/UTR_VAE/pth/RL_gru_MTL/1_layer_model/vleng_k17-model_best_cv0.pth

2021-11-27 01:56:34,194 -    ini file updated    
2021-11-27 01:56:34,194 - ===============================|    epoch 39   |===============================
2021-11-27 01:56:34,989 -     0 /  2146 (000%):	 Total:0.1664928	 Acc:0.3437500	 lr:0.0003055	 Mean_Total:0.1664928
2021-11-27 01:56:59,194 -   429 /  2146 (019%):	 Total:0.3137470	 Acc:0.2187500	 lr:0.0003047	 Mean_Total:0.2123745
2021-11-27 01:57:22,048 -   858 /  2146 (039%):	 Total:0.2033219	 Acc:0.2812500	 lr:0.0003040	 Mean_Total:0.2640586
2021-11-27 01:57:47,533 -  1287 /  2146 (059%):	 Total:0.8233428	 Acc:0.2187500	 lr:0.0003032	 Mean_Total:0.3273921
2021-11-27 01:58:18,224 -  1716 /  2146 (079%):	 Total:0.7875861	 Acc:0.1562500	 lr:0.0003024	 Mean_Total:0.4093699
2021-11-27 01:58:47,344 -  2145 /  2146 (099%):	 Total:0.4362501	 Acc:0.1562500	 lr:0.0003017	 Mean_Total:0.4843912
2021-11-27 01:58:47,579 - ===============================| start validation |===============================
2021-11-27 01:58:55,327 - 	 Total:0.5128138	 Acc:0.2813813
2021-11-27 01:58:55,331 -    ini file updated    
2021-11-27 01:58:55,339 - Snapshot saved to /data/users/wergillius/UTR_VAE/pth/RL_gru_MTL/1_layer_model/vleng_k17-model_best_cv0.pth

2021-11-27 01:58:55,340 -    ini file updated    
2021-11-27 01:58:55,341 - ===============================|    epoch 40   |===============================
2021-11-27 01:58:56,218 -     0 /  2146 (000%):	 Total:0.2426075	 Acc:0.4375000	 lr:0.0003017	 Mean_Total:0.2426075
2021-11-27 01:59:21,260 -   429 /  2146 (019%):	 Total:0.3217558	 Acc:0.5000000	 lr:0.0003009	 Mean_Total:0.2110756
2021-11-27 01:59:44,548 -   858 /  2146 (039%):	 Total:0.3676083	 Acc:0.3437500	 lr:0.0003002	 Mean_Total:0.2640143
2021-11-27 02:00:09,993 -  1287 /  2146 (059%):	 Total:0.3251965	 Acc:0.3750000	 lr:0.0002994	 Mean_Total:0.3227701
2021-11-27 02:00:39,664 -  1716 /  2146 (079%):	 Total:0.5437167	 Acc:0.2812500	 lr:0.0002987	 Mean_Total:0.4067698
2021-11-27 02:01:07,471 -  2145 /  2146 (099%):	 Total:0.7576624	 Acc:0.1562500	 lr:0.0002980	 Mean_Total:0.4803940
2021-11-27 02:01:07,692 - ===============================| start validation |===============================
2021-11-27 02:01:15,729 - 	 Total:0.5186241	 Acc:0.2870273
2021-11-27 02:01:15,733 -    ini file updated    
2021-11-27 02:01:15,733 - ===============================|    epoch 41   |===============================
2021-11-27 02:01:16,610 -     0 /  2146 (000%):	 Total:0.2933652	 Acc:0.4375000	 lr:0.0002980	 Mean_Total:0.2933652
2021-11-27 02:01:41,629 -   429 /  2146 (019%):	 Total:0.1348776	 Acc:0.5625000	 lr:0.0002973	 Mean_Total:0.2123715
2021-11-27 02:02:04,673 -   858 /  2146 (039%):	 Total:0.4135701	 Acc:0.2812500	 lr:0.0002965	 Mean_Total:0.2622968
2021-11-27 02:02:30,363 -  1287 /  2146 (059%):	 Total:0.5046265	 Acc:0.2812500	 lr:0.0002958	 Mean_Total:0.3239104
2021-11-27 02:03:00,563 -  1716 /  2146 (079%):	 Total:1.0625184	 Acc:0.0937500	 lr:0.0002951	 Mean_Total:0.4057310
2021-11-27 02:03:28,863 -  2145 /  2146 (099%):	 Total:0.2588704	 Acc:0.2812500	 lr:0.0002944	 Mean_Total:0.4789952
2021-11-27 02:03:29,116 - ===============================| start validation |===============================
2021-11-27 02:03:38,702 - 	 Total:0.5103116	 Acc:0.2892595
2021-11-27 02:03:38,706 -    ini file updated    
2021-11-27 02:03:38,719 - Snapshot saved to /data/users/wergillius/UTR_VAE/pth/RL_gru_MTL/1_layer_model/vleng_k17-model_best_cv0.pth

2021-11-27 02:03:38,720 -    ini file updated    
2021-11-27 02:03:38,720 - ===============================|    epoch 42   |===============================
2021-11-27 02:03:39,642 -     0 /  2146 (000%):	 Total:0.1126883	 Acc:0.5000000	 lr:0.0002944	 Mean_Total:0.1126883
2021-11-27 02:04:05,799 -   429 /  2146 (019%):	 Total:0.2155218	 Acc:0.3125000	 lr:0.0002937	 Mean_Total:0.2106347
2021-11-27 02:04:28,241 -   858 /  2146 (039%):	 Total:0.8949446	 Acc:0.1875000	 lr:0.0002930	 Mean_Total:0.2627338
2021-11-27 02:04:53,768 -  1287 /  2146 (059%):	 Total:0.9638068	 Acc:0.1562500	 lr:0.0002923	 Mean_Total:0.3208393
2021-11-27 02:05:23,628 -  1716 /  2146 (079%):	 Total:0.7423004	 Acc:0.0937500	 lr:0.0002916	 Mean_Total:0.4011009
2021-11-27 02:05:52,979 -  2145 /  2146 (099%):	 Total:0.3745713	 Acc:0.3750000	 lr:0.0002910	 Mean_Total:0.4758318
2021-11-27 02:05:53,168 - ===============================| start validation |===============================
2021-11-27 02:06:03,307 - 	 Total:0.5006228	 Acc:0.2926733
2021-11-27 02:06:03,315 -    ini file updated    
2021-11-27 02:06:03,321 - Snapshot saved to /data/users/wergillius/UTR_VAE/pth/RL_gru_MTL/1_layer_model/vleng_k17-model_best_cv0.pth

2021-11-27 02:06:03,322 -    ini file updated    
2021-11-27 02:06:03,322 - ===============================|    epoch 43   |===============================
2021-11-27 02:06:04,177 -     0 /  2146 (000%):	 Total:0.1228748	 Acc:0.4687500	 lr:0.0002910	 Mean_Total:0.1228748
2021-11-27 02:06:28,367 -   429 /  2146 (019%):	 Total:0.3089008	 Acc:0.2812500	 lr:0.0002903	 Mean_Total:0.2079030
2021-11-27 02:06:50,828 -   858 /  2146 (039%):	 Total:0.2140405	 Acc:0.4062500	 lr:0.0002896	 Mean_Total:0.2619589
2021-11-27 02:07:12,418 -  1287 /  2146 (059%):	 Total:0.5355846	 Acc:0.2500000	 lr:0.0002890	 Mean_Total:0.3189588
2021-11-27 02:07:43,556 -  1716 /  2146 (079%):	 Total:0.9537108	 Acc:0.1562500	 lr:0.0002883	 Mean_Total:0.4000201
2021-11-27 02:08:14,681 -  2145 /  2146 (099%):	 Total:0.5203813	 Acc:0.3750000	 lr:0.0002876	 Mean_Total:0.4743237
2021-11-27 02:08:14,882 - ===============================| start validation |===============================
2021-11-27 02:08:24,109 - 	 Total:0.4986633	 Acc:0.2826943
2021-11-27 02:08:24,114 -    ini file updated    
2021-11-27 02:08:24,122 - Snapshot saved to /data/users/wergillius/UTR_VAE/pth/RL_gru_MTL/1_layer_model/vleng_k17-model_best_cv0.pth

2021-11-27 02:08:24,123 -    ini file updated    
2021-11-27 02:08:24,123 - ===============================|    epoch 44   |===============================
2021-11-27 02:08:24,950 -     0 /  2146 (000%):	 Total:0.3242953	 Acc:0.2812500	 lr:0.0002876	 Mean_Total:0.3242953
2021-11-27 02:08:50,804 -   429 /  2146 (019%):	 Total:0.3587356	 Acc:0.3437500	 lr:0.0002870	 Mean_Total:0.2063693
2021-11-27 02:09:12,022 -   858 /  2146 (039%):	 Total:0.3730647	 Acc:0.1562500	 lr:0.0002863	 Mean_Total:0.2594710
2021-11-27 02:09:35,411 -  1287 /  2146 (059%):	 Total:0.4295429	 Acc:0.3437500	 lr:0.0002857	 Mean_Total:0.3166009
2021-11-27 02:10:06,782 -  1716 /  2146 (079%):	 Total:0.6548144	 Acc:0.1875000	 lr:0.0002851	 Mean_Total:0.3962737
2021-11-27 02:10:36,452 -  2145 /  2146 (099%):	 Total:0.1806021	 Acc:0.3437500	 lr:0.0002844	 Mean_Total:0.4695708
2021-11-27 02:10:36,658 - ===============================| start validation |===============================
2021-11-27 02:10:46,234 - 	 Total:0.4946359	 Acc:0.2884716
2021-11-27 02:10:46,237 -    ini file updated    
2021-11-27 02:10:46,242 - Snapshot saved to /data/users/wergillius/UTR_VAE/pth/RL_gru_MTL/1_layer_model/vleng_k17-model_best_cv0.pth

2021-11-27 02:10:46,243 -    ini file updated    
2021-11-27 02:10:46,243 - ===============================|    epoch 45   |===============================
2021-11-27 02:10:47,037 -     0 /  2146 (000%):	 Total:0.0965718	 Acc:0.4062500	 lr:0.0002844	 Mean_Total:0.0965718
2021-11-27 02:11:11,269 -   429 /  2146 (019%):	 Total:0.3457522	 Acc:0.3125000	 lr:0.0002838	 Mean_Total:0.2087544
2021-11-27 02:11:33,192 -   858 /  2146 (039%):	 Total:0.1803907	 Acc:0.3437500	 lr:0.0002832	 Mean_Total:0.2578460
2021-11-27 02:11:57,609 -  1287 /  2146 (059%):	 Total:0.5688031	 Acc:0.2187500	 lr:0.0002826	 Mean_Total:0.3165144
2021-11-27 02:12:28,644 -  1716 /  2146 (079%):	 Total:0.6162952	 Acc:0.1875000	 lr:0.0002819	 Mean_Total:0.3947415
2021-11-27 02:12:57,617 -  2145 /  2146 (099%):	 Total:0.3564165	 Acc:0.3125000	 lr:0.0002813	 Mean_Total:0.4705280
2021-11-27 02:12:57,838 - ===============================| start validation |===============================
2021-11-27 02:13:06,784 - 	 Total:0.4973960	 Acc:0.2934611
2021-11-27 02:13:06,789 -    ini file updated    
2021-11-27 02:13:06,796 - Snapshot saved to /data/users/wergillius/UTR_VAE/pth/RL_gru_MTL/1_layer_model/vleng_k17-model_best_cv0.pth

2021-11-27 02:13:06,797 -    ini file updated    
2021-11-27 02:13:06,797 - ===============================|    epoch 46   |===============================
2021-11-27 02:13:07,662 -     0 /  2146 (000%):	 Total:0.0995363	 Acc:0.4062500	 lr:0.0002813	 Mean_Total:0.0995363
2021-11-27 02:13:32,040 -   429 /  2146 (019%):	 Total:0.2946268	 Acc:0.5625000	 lr:0.0002807	 Mean_Total:0.2038879
2021-11-27 02:13:54,014 -   858 /  2146 (039%):	 Total:0.2369927	 Acc:0.3750000	 lr:0.0002801	 Mean_Total:0.2561241
2021-11-27 02:14:17,861 -  1287 /  2146 (059%):	 Total:0.3979651	 Acc:0.2812500	 lr:0.0002795	 Mean_Total:0.3141938
2021-11-27 02:14:48,880 -  1716 /  2146 (079%):	 Total:0.5203934	 Acc:0.3125000	 lr:0.0002789	 Mean_Total:0.3952443
2021-11-27 02:15:17,906 -  2145 /  2146 (099%):	 Total:1.1416814	 Acc:0.0937500	 lr:0.0002783	 Mean_Total:0.4675627
2021-11-27 02:15:18,064 - ===============================| start validation |===============================
2021-11-27 02:15:26,929 - 	 Total:0.4900847	 Acc:0.2934611
2021-11-27 02:15:26,935 -    ini file updated    
2021-11-27 02:15:26,947 - Snapshot saved to /data/users/wergillius/UTR_VAE/pth/RL_gru_MTL/1_layer_model/vleng_k17-model_best_cv0.pth

2021-11-27 02:15:26,948 -    ini file updated    
2021-11-27 02:15:26,948 - ===============================|    epoch 47   |===============================
2021-11-27 02:15:27,781 -     0 /  2146 (000%):	 Total:0.1361146	 Acc:0.4062500	 lr:0.0002783	 Mean_Total:0.1361146
2021-11-27 02:15:53,359 -   429 /  2146 (019%):	 Total:0.2946002	 Acc:0.2187500	 lr:0.0002777	 Mean_Total:0.2062509
2021-11-27 02:16:16,776 -   858 /  2146 (039%):	 Total:0.2129932	 Acc:0.3125000	 lr:0.0002771	 Mean_Total:0.2545546
2021-11-27 02:16:40,624 -  1287 /  2146 (059%):	 Total:0.4630028	 Acc:0.2187500	 lr:0.0002766	 Mean_Total:0.3135198
2021-11-27 02:17:11,814 -  1716 /  2146 (079%):	 Total:0.8419172	 Acc:0.1875000	 lr:0.0002760	 Mean_Total:0.3925992
2021-11-27 02:17:40,213 -  2145 /  2146 (099%):	 Total:0.2750381	 Acc:0.2187500	 lr:0.0002754	 Mean_Total:0.4649418
2021-11-27 02:17:40,412 - ===============================| start validation |===============================
2021-11-27 02:17:48,720 - 	 Total:0.4875079	 Acc:0.2866334
2021-11-27 02:17:48,724 -    ini file updated    
2021-11-27 02:17:48,736 - Snapshot saved to /data/users/wergillius/UTR_VAE/pth/RL_gru_MTL/1_layer_model/vleng_k17-model_best_cv0.pth

2021-11-27 02:17:48,737 -    ini file updated    
2021-11-27 02:17:48,737 - ===============================|    epoch 48   |===============================
2021-11-27 02:17:49,562 -     0 /  2146 (000%):	 Total:0.1699058	 Acc:0.3437500	 lr:0.0002754	 Mean_Total:0.1699058
2021-11-27 02:18:16,492 -   429 /  2146 (019%):	 Total:0.2043813	 Acc:0.3750000	 lr:0.0002748	 Mean_Total:0.2052333
2021-11-27 02:18:38,073 -   858 /  2146 (039%):	 Total:0.2976763	 Acc:0.1875000	 lr:0.0002743	 Mean_Total:0.2548190
2021-11-27 02:19:01,676 -  1287 /  2146 (059%):	 Total:0.5096691	 Acc:0.2500000	 lr:0.0002737	 Mean_Total:0.3123556
2021-11-27 02:19:30,987 -  1716 /  2146 (079%):	 Total:0.5820533	 Acc:0.2812500	 lr:0.0002731	 Mean_Total:0.3916104
2021-11-27 02:20:01,984 -  2145 /  2146 (099%):	 Total:0.4041927	 Acc:0.3437500	 lr:0.0002726	 Mean_Total:0.4643855
2021-11-27 02:20:02,200 - ===============================| start validation |===============================
2021-11-27 02:20:12,125 - 	 Total:0.4876761	 Acc:0.2853204
2021-11-27 02:20:12,130 -    ini file updated    
2021-11-27 02:20:12,130 - ===============================|    epoch 49   |===============================
2021-11-27 02:20:12,979 -     0 /  2146 (000%):	 Total:0.2333463	 Acc:0.4062500	 lr:0.0002726	 Mean_Total:0.2333463
2021-11-27 02:20:38,836 -   429 /  2146 (019%):	 Total:0.2047676	 Acc:0.4375000	 lr:0.0002720	 Mean_Total:0.2006791
2021-11-27 02:21:01,465 -   858 /  2146 (039%):	 Total:0.3468816	 Acc:0.2187500	 lr:0.0002715	 Mean_Total:0.2535210
2021-11-27 02:21:25,200 -  1287 /  2146 (059%):	 Total:0.2303573	 Acc:0.5000000	 lr:0.0002709	 Mean_Total:0.3080026
2021-11-27 02:21:56,099 -  1716 /  2146 (079%):	 Total:1.3852878	 Acc:0.1562500	 lr:0.0002704	 Mean_Total:0.3873359
2021-11-27 02:22:28,718 -  2145 /  2146 (099%):	 Total:0.4219179	 Acc:0.2500000	 lr:0.0002698	 Mean_Total:0.4602337
2021-11-27 02:22:28,943 - ===============================| start validation |===============================
2021-11-27 02:22:38,004 - 	 Total:0.4856944	 Acc:0.2959559
2021-11-27 02:22:38,009 -    ini file updated    
2021-11-27 02:22:38,024 - Snapshot saved to /data/users/wergillius/UTR_VAE/pth/RL_gru_MTL/1_layer_model/vleng_k17-model_best_cv0.pth

2021-11-27 02:22:38,025 -    ini file updated    
2021-11-27 02:22:38,026 - ===============================|    epoch 50   |===============================
2021-11-27 02:22:38,860 -     0 /  2146 (000%):	 Total:0.1534752	 Acc:0.4687500	 lr:0.0002698	 Mean_Total:0.1534752
2021-11-27 02:23:06,232 -   429 /  2146 (019%):	 Total:0.2131626	 Acc:0.3437500	 lr:0.0002693	 Mean_Total:0.2005459
2021-11-27 02:23:27,637 -   858 /  2146 (039%):	 Total:0.2476581	 Acc:0.1875000	 lr:0.0002688	 Mean_Total:0.2502798
2021-11-27 02:23:51,157 -  1287 /  2146 (059%):	 Total:0.3868690	 Acc:0.1562500	 lr:0.0002682	 Mean_Total:0.3045375
2021-11-27 02:24:23,127 -  1716 /  2146 (079%):	 Total:1.1368638	 Acc:0.1250000	 lr:0.0002677	 Mean_Total:0.3852813
2021-11-27 02:24:52,628 -  2145 /  2146 (099%):	 Total:0.3967268	 Acc:0.2500000	 lr:0.0002672	 Mean_Total:0.4567676
2021-11-27 02:24:52,847 - ===============================| start validation |===============================
2021-11-27 02:25:02,763 - 	 Total:0.4796474	 Acc:0.2928046
2021-11-27 02:25:02,768 -    ini file updated    
2021-11-27 02:25:02,776 - Snapshot saved to /data/users/wergillius/UTR_VAE/pth/RL_gru_MTL/1_layer_model/vleng_k17-model_best_cv0.pth

2021-11-27 02:25:02,776 -    ini file updated    
2021-11-27 02:25:02,777 - ===============================|    epoch 51   |===============================
2021-11-27 02:25:03,631 -     0 /  2146 (000%):	 Total:0.0624694	 Acc:0.5000000	 lr:0.0002672	 Mean_Total:0.0624694
2021-11-27 02:25:28,184 -   429 /  2146 (019%):	 Total:0.1422520	 Acc:0.5000000	 lr:0.0002667	 Mean_Total:0.1981607
2021-11-27 02:25:49,693 -   858 /  2146 (039%):	 Total:0.3892989	 Acc:0.2500000	 lr:0.0002661	 Mean_Total:0.2463479
2021-11-27 02:26:13,760 -  1287 /  2146 (059%):	 Total:0.6572373	 Acc:0.2812500	 lr:0.0002656	 Mean_Total:0.3036561
2021-11-27 02:26:44,263 -  1716 /  2146 (079%):	 Total:0.5784594	 Acc:0.0937500	 lr:0.0002651	 Mean_Total:0.3828005
2021-11-27 02:27:05,387 -  2145 /  2146 (099%):	 Total:0.3863136	 Acc:0.3125000	 lr:0.0002646	 Mean_Total:0.4563102
2021-11-27 02:27:05,564 - ===============================| start validation |===============================
2021-11-27 02:27:12,875 - 	 Total:0.4838300	 Acc:0.2912290
2021-11-27 02:27:12,880 -    ini file updated    
2021-11-27 02:27:12,881 - ===============================|    epoch 52   |===============================
2021-11-27 02:27:13,602 -     0 /  2146 (000%):	 Total:0.0987817	 Acc:0.4062500	 lr:0.0002646	 Mean_Total:0.0987817
2021-11-27 02:27:31,417 -   429 /  2146 (019%):	 Total:0.1344222	 Acc:0.4375000	 lr:0.0002641	 Mean_Total:0.1979870
2021-11-27 02:27:47,664 -   858 /  2146 (039%):	 Total:0.2301034	 Acc:0.3437500	 lr:0.0002636	 Mean_Total:0.2467345
2021-11-27 02:28:03,567 -  1287 /  2146 (059%):	 Total:0.3716590	 Acc:0.2812500	 lr:0.0002631	 Mean_Total:0.3028490
2021-11-27 02:28:24,726 -  1716 /  2146 (079%):	 Total:1.1620920	 Acc:0.1250000	 lr:0.0002626	 Mean_Total:0.3801853
2021-11-27 02:28:46,460 -  2145 /  2146 (099%):	 Total:0.1696661	 Acc:0.3125000	 lr:0.0002621	 Mean_Total:0.4534729
2021-11-27 02:28:46,667 - ===============================| start validation |===============================
2021-11-27 02:28:53,336 - 	 Total:0.4739795	 Acc:0.2930672
2021-11-27 02:28:53,341 -    ini file updated    
2021-11-27 02:28:53,349 - Snapshot saved to /data/users/wergillius/UTR_VAE/pth/RL_gru_MTL/1_layer_model/vleng_k17-model_best_cv0.pth

2021-11-27 02:28:53,350 -    ini file updated    
2021-11-27 02:28:53,350 - ===============================|    epoch 53   |===============================
2021-11-27 02:28:54,180 -     0 /  2146 (000%):	 Total:0.1627691	 Acc:0.4375000	 lr:0.0002621	 Mean_Total:0.1627691
2021-11-27 02:29:10,561 -   429 /  2146 (019%):	 Total:0.0940401	 Acc:0.5312500	 lr:0.0002616	 Mean_Total:0.2006462
2021-11-27 02:29:27,491 -   858 /  2146 (039%):	 Total:0.3399279	 Acc:0.2812500	 lr:0.0002611	 Mean_Total:0.2479080
2021-11-27 02:29:43,604 -  1287 /  2146 (059%):	 Total:0.4179609	 Acc:0.2500000	 lr:0.0002606	 Mean_Total:0.3040306
2021-11-27 02:30:05,837 -  1716 /  2146 (079%):	 Total:0.6196568	 Acc:0.2187500	 lr:0.0002601	 Mean_Total:0.3817557
2021-11-27 02:30:26,747 -  2145 /  2146 (099%):	 Total:0.5797193	 Acc:0.1875000	 lr:0.0002596	 Mean_Total:0.4537933
2021-11-27 02:30:26,961 - ===============================| start validation |===============================
2021-11-27 02:30:34,291 - 	 Total:0.4730184	 Acc:0.2935924
2021-11-27 02:30:34,296 -    ini file updated    
2021-11-27 02:30:34,302 - Snapshot saved to /data/users/wergillius/UTR_VAE/pth/RL_gru_MTL/1_layer_model/vleng_k17-model_best_cv0.pth

2021-11-27 02:30:34,303 -    ini file updated    
2021-11-27 02:30:34,303 - ===============================|    epoch 54   |===============================
2021-11-27 02:30:34,975 -     0 /  2146 (000%):	 Total:0.0888279	 Acc:0.5937500	 lr:0.0002596	 Mean_Total:0.0888279
2021-11-27 02:30:52,122 -   429 /  2146 (019%):	 Total:0.5081213	 Acc:0.3437500	 lr:0.0002592	 Mean_Total:0.2032246
2021-11-27 02:31:08,652 -   858 /  2146 (039%):	 Total:0.3940822	 Acc:0.3125000	 lr:0.0002587	 Mean_Total:0.2467783
2021-11-27 02:31:25,239 -  1287 /  2146 (059%):	 Total:0.5109555	 Acc:0.2500000	 lr:0.0002582	 Mean_Total:0.3018991
2021-11-27 02:31:44,887 -  1716 /  2146 (079%):	 Total:0.7831335	 Acc:0.1875000	 lr:0.0002577	 Mean_Total:0.3787844
2021-11-27 02:32:06,735 -  2145 /  2146 (099%):	 Total:0.2392582	 Acc:0.1875000	 lr:0.0002573	 Mean_Total:0.4520943
2021-11-27 02:32:07,005 - ===============================| start validation |===============================
2021-11-27 02:32:13,757 - 	 Total:0.4723820	 Acc:0.2862395
2021-11-27 02:32:13,765 -    ini file updated    
2021-11-27 02:32:13,780 - Snapshot saved to /data/users/wergillius/UTR_VAE/pth/RL_gru_MTL/1_layer_model/vleng_k17-model_best_cv0.pth

2021-11-27 02:32:13,781 -    ini file updated    
2021-11-27 02:32:13,781 - ===============================|    epoch 55   |===============================
2021-11-27 02:32:14,553 -     0 /  2146 (000%):	 Total:0.1752530	 Acc:0.4375000	 lr:0.0002573	 Mean_Total:0.1752530
2021-11-27 02:32:31,568 -   429 /  2146 (019%):	 Total:0.2354334	 Acc:0.3125000	 lr:0.0002568	 Mean_Total:0.2022395
2021-11-27 02:32:46,464 -   858 /  2146 (039%):	 Total:0.3536451	 Acc:0.2812500	 lr:0.0002563	 Mean_Total:0.2489339
2021-11-27 02:33:01,791 -  1287 /  2146 (059%):	 Total:0.3437046	 Acc:0.4375000	 lr:0.0002559	 Mean_Total:0.3020435
2021-11-27 02:33:21,415 -  1716 /  2146 (079%):	 Total:0.7205088	 Acc:0.2187500	 lr:0.0002554	 Mean_Total:0.3753641
2021-11-27 02:33:41,492 -  2145 /  2146 (099%):	 Total:0.5045361	 Acc:0.2812500	 lr:0.0002550	 Mean_Total:0.4474371
2021-11-27 02:33:41,706 - ===============================| start validation |===============================
2021-11-27 02:33:48,616 - 	 Total:0.4751606	 Acc:0.3019958
2021-11-27 02:33:48,622 -    ini file updated    
2021-11-27 02:33:48,633 - Snapshot saved to /data/users/wergillius/UTR_VAE/pth/RL_gru_MTL/1_layer_model/vleng_k17-model_best_cv0.pth

2021-11-27 02:33:48,634 -    ini file updated    
2021-11-27 02:33:48,634 - ===============================|    epoch 56   |===============================
2021-11-27 02:33:49,345 -     0 /  2146 (000%):	 Total:0.1308944	 Acc:0.5000000	 lr:0.0002550	 Mean_Total:0.1308944
2021-11-27 02:34:07,017 -   429 /  2146 (019%):	 Total:0.1844317	 Acc:0.3750000	 lr:0.0002545	 Mean_Total:0.1964829
2021-11-27 02:34:23,195 -   858 /  2146 (039%):	 Total:0.1995827	 Acc:0.3750000	 lr:0.0002541	 Mean_Total:0.2445781
2021-11-27 02:34:39,362 -  1287 /  2146 (059%):	 Total:0.7915349	 Acc:0.1250000	 lr:0.0002536	 Mean_Total:0.2977028
2021-11-27 02:34:58,103 -  1716 /  2146 (079%):	 Total:0.5362074	 Acc:0.1562500	 lr:0.0002532	 Mean_Total:0.3718991
2021-11-27 02:35:18,760 -  2145 /  2146 (099%):	 Total:0.2513065	 Acc:0.3437500	 lr:0.0002527	 Mean_Total:0.4461524
2021-11-27 02:35:18,997 - ===============================| start validation |===============================
2021-11-27 02:35:25,634 - 	 Total:0.4620504	 Acc:0.2946429
2021-11-27 02:35:25,639 -    ini file updated    
2021-11-27 02:35:25,647 - Snapshot saved to /data/users/wergillius/UTR_VAE/pth/RL_gru_MTL/1_layer_model/vleng_k17-model_best_cv0.pth

2021-11-27 02:35:25,648 -    ini file updated    
2021-11-27 02:35:25,648 - ===============================|    epoch 57   |===============================
2021-11-27 02:35:26,329 -     0 /  2146 (000%):	 Total:0.0925583	 Acc:0.3437500	 lr:0.0002527	 Mean_Total:0.0925583
2021-11-27 02:35:44,953 -   429 /  2146 (019%):	 Total:0.2222700	 Acc:0.3437500	 lr:0.0002523	 Mean_Total:0.1937802
2021-11-27 02:36:00,917 -   858 /  2146 (039%):	 Total:0.2088471	 Acc:0.3437500	 lr:0.0002518	 Mean_Total:0.2405810
2021-11-27 02:36:17,411 -  1287 /  2146 (059%):	 Total:0.4512362	 Acc:0.1250000	 lr:0.0002514	 Mean_Total:0.2953108
2021-11-27 02:36:37,320 -  1716 /  2146 (079%):	 Total:0.8473411	 Acc:0.1250000	 lr:0.0002510	 Mean_Total:0.3709452
2021-11-27 02:36:56,828 -  2145 /  2146 (099%):	 Total:1.1384206	 Acc:0.1250000	 lr:0.0002505	 Mean_Total:0.4427502
2021-11-27 02:36:57,054 - ===============================| start validation |===============================
2021-11-27 02:37:04,412 - 	 Total:0.4576985	 Acc:0.2966124
2021-11-27 02:37:04,417 -    ini file updated    
2021-11-27 02:37:04,423 - Snapshot saved to /data/users/wergillius/UTR_VAE/pth/RL_gru_MTL/1_layer_model/vleng_k17-model_best_cv0.pth

2021-11-27 02:37:04,428 -    ini file updated    
2021-11-27 02:37:04,428 - ===============================|    epoch 58   |===============================
2021-11-27 02:37:05,233 -     0 /  2146 (000%):	 Total:0.1046405	 Acc:0.5937500	 lr:0.0002505	 Mean_Total:0.1046405
2021-11-27 02:37:23,265 -   429 /  2146 (019%):	 Total:0.1317360	 Acc:0.4062500	 lr:0.0002501	 Mean_Total:0.1950675
2021-11-27 02:37:40,083 -   858 /  2146 (039%):	 Total:0.3246343	 Acc:0.3437500	 lr:0.0002497	 Mean_Total:0.2397739
2021-11-27 02:37:55,085 -  1287 /  2146 (059%):	 Total:0.4991943	 Acc:0.2812500	 lr:0.0002492	 Mean_Total:0.2943905
2021-11-27 02:38:14,651 -  1716 /  2146 (079%):	 Total:0.6270209	 Acc:0.2812500	 lr:0.0002488	 Mean_Total:0.3682782
2021-11-27 02:38:35,171 -  2145 /  2146 (099%):	 Total:0.3879290	 Acc:0.3750000	 lr:0.0002484	 Mean_Total:0.4409163
2021-11-27 02:38:35,377 - ===============================| start validation |===============================
2021-11-27 02:38:41,956 - 	 Total:0.4545492	 Acc:0.2984506
2021-11-27 02:38:41,959 -    ini file updated    
2021-11-27 02:38:41,964 - Snapshot saved to /data/users/wergillius/UTR_VAE/pth/RL_gru_MTL/1_layer_model/vleng_k17-model_best_cv0.pth

2021-11-27 02:38:41,965 -    ini file updated    
2021-11-27 02:38:41,965 - ===============================|    epoch 59   |===============================
2021-11-27 02:38:42,694 -     0 /  2146 (000%):	 Total:0.2706502	 Acc:0.4062500	 lr:0.0002484	 Mean_Total:0.2706502
2021-11-27 02:39:01,120 -   429 /  2146 (019%):	 Total:0.1848055	 Acc:0.3125000	 lr:0.0002480	 Mean_Total:0.1966696
2021-11-27 02:39:16,801 -   858 /  2146 (039%):	 Total:0.3432729	 Acc:0.4375000	 lr:0.0002476	 Mean_Total:0.2382004
2021-11-27 02:39:32,106 -  1287 /  2146 (059%):	 Total:1.0033442	 Acc:0.1562500	 lr:0.0002471	 Mean_Total:0.2938446
2021-11-27 02:39:51,018 -  1716 /  2146 (079%):	 Total:1.0039278	 Acc:0.1562500	 lr:0.0002467	 Mean_Total:0.3673056
2021-11-27 02:40:09,411 -  2145 /  2146 (099%):	 Total:0.1887501	 Acc:0.4687500	 lr:0.0002463	 Mean_Total:0.4401178
2021-11-27 02:40:09,613 - ===============================| start validation |===============================
2021-11-27 02:40:15,237 - 	 Total:0.4550282	 Acc:0.2900473
2021-11-27 02:40:15,245 -    ini file updated    
2021-11-27 02:40:15,245 - ===============================|    epoch 60   |===============================
2021-11-27 02:40:16,070 -     0 /  2146 (000%):	 Total:0.1984210	 Acc:0.4062500	 lr:0.0002463	 Mean_Total:0.1984210
2021-11-27 02:40:34,142 -   429 /  2146 (019%):	 Total:0.3416623	 Acc:0.4375000	 lr:0.0002459	 Mean_Total:0.1943552
2021-11-27 02:40:50,831 -   858 /  2146 (039%):	 Total:0.2070459	 Acc:0.3125000	 lr:0.0002455	 Mean_Total:0.2385090
2021-11-27 02:41:08,217 -  1287 /  2146 (059%):	 Total:0.7312158	 Acc:0.2500000	 lr:0.0002451	 Mean_Total:0.2922291
2021-11-27 02:41:28,288 -  1716 /  2146 (079%):	 Total:0.8354061	 Acc:0.1562500	 lr:0.0002447	 Mean_Total:0.3665698
2021-11-27 02:41:46,731 -  2145 /  2146 (099%):	 Total:0.0825034	 Acc:0.4062500	 lr:0.0002443	 Mean_Total:0.4363685
2021-11-27 02:41:46,921 - ===============================| start validation |===============================
2021-11-27 02:41:52,161 - 	 Total:0.4464739	 Acc:0.2977941
2021-11-27 02:41:52,165 -    ini file updated    
2021-11-27 02:41:52,171 - Snapshot saved to /data/users/wergillius/UTR_VAE/pth/RL_gru_MTL/1_layer_model/vleng_k17-model_best_cv0.pth

2021-11-27 02:41:52,171 -    ini file updated    
