2021-09-14 23:26:45,893 -   	 	 ==============<<< device used: cuda:1  >>>============== 	 	 
2021-09-14 23:26:50,172 -  	 	 ==============<<< encoder load from >>>============== 	 	 
2021-09-14 23:26:50,172 -  	/data/users/wergillius/UTR_VAE/pth/RL_3_data_MTL/iter_by_iter/schedule_relay-model_best.pth
2021-09-14 23:26:56,725 -  	 	 ==============<<< ['soft_share'] part is fixed>>>============== 	 	 

2021-09-14 23:26:56,726 - ===============================|    epoch 0   |===============================
2021-09-14 23:26:58,075 -     0 / 11829 (000%):	 Total:1.0168109	 vleng_Acc:0.2187500	 lr:0.0009882	 Mean_Total:1.0168109
2021-09-14 23:29:20,457 -  2365 / 11829 (019%):	 Total:0.3331356	 vleng_Acc:0.2812500	 lr:0.0018171	 Mean_Total:0.6826679
2021-09-14 23:31:41,862 -  4730 / 11829 (039%):	 Total:0.7942460	 vleng_Acc:0.1250000	 lr:0.0012850	 Mean_Total:0.6650851
2021-09-14 23:34:03,021 -  7095 / 11829 (059%):	 Total:0.8619409	 vleng_Acc:0.1875000	 lr:0.0010493	 Mean_Total:0.6581657
2021-09-14 23:36:24,490 -  9460 / 11829 (079%):	 Total:0.5255814	 vleng_Acc:0.3125000	 lr:0.0009087	 Mean_Total:0.6540747
2021-09-14 23:38:38,724 - 11825 / 11829 (099%):	 Total:0.9262248	 vleng_Acc:0.1250000	 lr:0.0008128	 Mean_Total:0.6516225
2021-09-14 23:38:39,055 - ===============================| start validation |===============================
2021-09-14 23:39:07,895 - 	 Total:0.6120361	 vleng_Acc:0.2026748
2021-09-14 23:39:07,903 -    ini file updated    
2021-09-14 23:39:07,933 - Snapshot saved to /data/users/wergillius/UTR_VAE/pth/RL_3_data_MTL/MDL_pretrain/MDL-model_best_cv3.pth

2021-09-14 23:39:07,934 -    ini file updated    
2021-09-14 23:39:07,935 - ===============================|    epoch 1   |===============================
2021-09-14 23:39:09,271 -     0 / 11829 (000%):	 Total:0.8362744	 vleng_Acc:0.0937500	 lr:0.0008126	 Mean_Total:0.8362744
2021-09-14 23:41:22,022 -  2365 / 11829 (019%):	 Total:0.7127740	 vleng_Acc:0.0937500	 lr:0.0007419	 Mean_Total:0.6340922
2021-09-14 23:43:34,813 -  4730 / 11829 (039%):	 Total:0.7083960	 vleng_Acc:0.1875000	 lr:0.0006869	 Mean_Total:0.6370031
2021-09-14 23:45:47,624 -  7095 / 11829 (059%):	 Total:0.6072114	 vleng_Acc:0.3125000	 lr:0.0006425	 Mean_Total:0.6369462
2021-09-14 23:48:00,373 -  9460 / 11829 (079%):	 Total:0.6322431	 vleng_Acc:0.0937500	 lr:0.0006058	 Mean_Total:0.6355845
2021-09-14 23:50:05,695 - 11825 / 11829 (099%):	 Total:0.7488451	 vleng_Acc:0.1875000	 lr:0.0005747	 Mean_Total:0.6339184
2021-09-14 23:50:05,981 - ===============================| start validation |===============================
2021-09-14 23:50:35,329 - 	 Total:0.6074636	 vleng_Acc:0.2063345
2021-09-14 23:50:35,335 -    ini file updated    
2021-09-14 23:50:35,364 - Snapshot saved to /data/users/wergillius/UTR_VAE/pth/RL_3_data_MTL/MDL_pretrain/MDL-model_best_cv3.pth

2021-09-14 23:50:35,365 -    ini file updated    
2021-09-14 23:50:35,366 - ===============================|    epoch 2   |===============================
2021-09-14 23:50:36,679 -     0 / 11829 (000%):	 Total:0.7801775	 vleng_Acc:0.1562500	 lr:0.0005746	 Mean_Total:0.7801775
2021-09-14 23:52:46,217 -  2365 / 11829 (019%):	 Total:0.7304338	 vleng_Acc:0.1875000	 lr:0.0005479	 Mean_Total:0.6283628
2021-09-14 23:55:04,205 -  4730 / 11829 (039%):	 Total:0.7817838	 vleng_Acc:0.3437500	 lr:0.0005246	 Mean_Total:0.6263731
2021-09-14 23:57:21,210 -  7095 / 11829 (059%):	 Total:0.5427779	 vleng_Acc:0.1562500	 lr:0.0005040	 Mean_Total:0.6273778
2021-09-14 23:59:38,315 -  9460 / 11829 (079%):	 Total:0.5524837	 vleng_Acc:0.2500000	 lr:0.0004857	 Mean_Total:0.6284077
2021-09-15 00:01:48,978 - 11825 / 11829 (099%):	 Total:0.6238953	 vleng_Acc:0.1562500	 lr:0.0004692	 Mean_Total:0.6292251
2021-09-15 00:01:49,323 - ===============================| start validation |===============================
2021-09-15 00:02:21,438 - 	 Total:0.6143232	 vleng_Acc:0.1965331
2021-09-15 00:02:21,443 -    ini file updated    
2021-09-15 00:02:21,444 - ===============================|    epoch 3   |===============================
2021-09-15 00:02:22,994 -     0 / 11829 (000%):	 Total:0.5725054	 vleng_Acc:0.2500000	 lr:0.0004692	 Mean_Total:0.5725054
2021-09-15 00:04:10,579 -  2365 / 11829 (019%):	 Total:0.3004568	 vleng_Acc:0.2812500	 lr:0.0004543	 Mean_Total:0.6254314
2021-09-15 00:06:06,907 -  4730 / 11829 (039%):	 Total:0.4204482	 vleng_Acc:0.1250000	 lr:0.0004407	 Mean_Total:0.6226428
2021-09-15 00:08:03,071 -  7095 / 11829 (059%):	 Total:0.7484810	 vleng_Acc:0.1562500	 lr:0.0004283	 Mean_Total:0.6240030
2021-09-15 00:09:59,267 -  9460 / 11829 (079%):	 Total:0.5351036	 vleng_Acc:0.2500000	 lr:0.0004169	 Mean_Total:0.6246834
2021-09-15 00:11:54,520 - 11825 / 11829 (099%):	 Total:0.8375154	 vleng_Acc:0.2812500	 lr:0.0004064	 Mean_Total:0.6259575
2021-09-15 00:11:54,854 - ===============================| start validation |===============================
2021-09-15 00:12:39,932 - 	 Total:0.6018267	 vleng_Acc:0.2063609
2021-09-15 00:12:39,939 -    ini file updated    
2021-09-15 00:12:39,964 - Snapshot saved to /data/users/wergillius/UTR_VAE/pth/RL_3_data_MTL/MDL_pretrain/MDL-model_best_cv3.pth

2021-09-15 00:12:39,965 -    ini file updated    
2021-09-15 00:12:39,966 - ===============================|    epoch 4   |===============================
2021-09-15 00:12:41,461 -     0 / 11829 (000%):	 Total:0.5723315	 vleng_Acc:0.2500000	 lr:0.0004063	 Mean_Total:0.5723315
2021-09-15 00:14:56,957 -  2365 / 11829 (019%):	 Total:0.5397905	 vleng_Acc:0.1250000	 lr:0.0003965	 Mean_Total:0.6276644
2021-09-15 00:17:11,337 -  4730 / 11829 (039%):	 Total:0.5091865	 vleng_Acc:0.2500000	 lr:0.0003874	 Mean_Total:0.6263190
2021-09-15 00:19:34,396 -  7095 / 11829 (059%):	 Total:0.5008715	 vleng_Acc:0.2187500	 lr:0.0003789	 Mean_Total:0.6249835
2021-09-15 00:21:57,785 -  9460 / 11829 (079%):	 Total:0.6375639	 vleng_Acc:0.1562500	 lr:0.0003709	 Mean_Total:0.6248424
2021-09-15 00:24:18,551 - 11825 / 11829 (099%):	 Total:0.4981106	 vleng_Acc:0.1875000	 lr:0.0003635	 Mean_Total:0.6242463
2021-09-15 00:24:19,001 - ===============================| start validation |===============================
2021-09-15 00:25:03,265 - 	 Total:0.6022591	 vleng_Acc:0.2029494
2021-09-15 00:25:03,271 -    ini file updated    
2021-09-15 00:25:03,271 - ===============================|    epoch 5   |===============================
2021-09-15 00:25:04,756 -     0 / 11829 (000%):	 Total:0.8619082	 vleng_Acc:0.0625000	 lr:0.0003634	 Mean_Total:0.8619082
2021-09-15 00:27:23,520 -  2365 / 11829 (019%):	 Total:0.5898143	 vleng_Acc:0.0625000	 lr:0.0003564	 Mean_Total:0.6224778
2021-09-15 00:29:39,649 -  4730 / 11829 (039%):	 Total:0.5343798	 vleng_Acc:0.2812500	 lr:0.0003497	 Mean_Total:0.6239190
2021-09-15 00:32:00,490 -  7095 / 11829 (059%):	 Total:0.6534067	 vleng_Acc:0.1875000	 lr:0.0003434	 Mean_Total:0.6226116
2021-09-15 00:34:16,972 -  9460 / 11829 (079%):	 Total:0.5034222	 vleng_Acc:0.2500000	 lr:0.0003375	 Mean_Total:0.6227014
2021-09-15 00:36:33,064 - 11825 / 11829 (099%):	 Total:0.5335901	 vleng_Acc:0.2500000	 lr:0.0003318	 Mean_Total:0.6223936
2021-09-15 00:36:33,417 - ===============================| start validation |===============================
2021-09-15 00:37:12,123 - 	 Total:0.6031288	 vleng_Acc:0.2062896
2021-09-15 00:37:12,131 -    ini file updated    
2021-09-15 00:37:12,131 - ===============================|    epoch 6   |===============================
2021-09-15 00:37:13,790 -     0 / 11829 (000%):	 Total:0.5055034	 vleng_Acc:0.2187500	 lr:0.0003318	 Mean_Total:0.5055034
2021-09-15 00:39:29,542 -  2365 / 11829 (019%):	 Total:0.5574797	 vleng_Acc:0.2812500	 lr:0.0003264	 Mean_Total:0.6210434
2021-09-15 00:41:44,791 -  4730 / 11829 (039%):	 Total:0.8321779	 vleng_Acc:0.0937500	 lr:0.0003212	 Mean_Total:0.6245838
2021-09-15 00:44:02,535 -  7095 / 11829 (059%):	 Total:0.9402953	 vleng_Acc:0.0937500	 lr:0.0003163	 Mean_Total:0.6251587
2021-09-15 00:46:19,110 -  9460 / 11829 (079%):	 Total:0.7403524	 vleng_Acc:0.1562500	 lr:0.0003117	 Mean_Total:0.6227726
2021-09-15 00:48:37,323 - 11825 / 11829 (099%):	 Total:0.5232139	 vleng_Acc:0.1875000	 lr:0.0003072	 Mean_Total:0.6212997
2021-09-15 00:48:37,765 - ===============================| start validation |===============================
2021-09-15 00:49:20,355 - 	 Total:0.5996786	 vleng_Acc:0.2050512
2021-09-15 00:49:20,360 -    ini file updated    
2021-09-15 00:49:20,410 - Snapshot saved to /data/users/wergillius/UTR_VAE/pth/RL_3_data_MTL/MDL_pretrain/MDL-model_best_cv3.pth

2021-09-15 00:49:20,412 -    ini file updated    
2021-09-15 00:49:20,412 - ===============================|    epoch 7   |===============================
2021-09-15 00:49:21,795 -     0 / 11829 (000%):	 Total:0.5185238	 vleng_Acc:0.2187500	 lr:0.0003072	 Mean_Total:0.5185238
2021-09-15 00:51:44,098 -  2365 / 11829 (019%):	 Total:0.5511820	 vleng_Acc:0.2812500	 lr:0.0003029	 Mean_Total:0.6141280
2021-09-15 00:54:08,772 -  4730 / 11829 (039%):	 Total:0.6949394	 vleng_Acc:0.1562500	 lr:0.0002987	 Mean_Total:0.6143305
2021-09-15 00:56:36,592 -  7095 / 11829 (059%):	 Total:0.7145988	 vleng_Acc:0.1250000	 lr:0.0002948	 Mean_Total:0.6181804
2021-09-15 00:58:57,114 -  9460 / 11829 (079%):	 Total:0.6104009	 vleng_Acc:0.2500000	 lr:0.0002910	 Mean_Total:0.6191894
2021-09-15 01:01:15,867 - 11825 / 11829 (099%):	 Total:0.8703616	 vleng_Acc:0.0312500	 lr:0.0002873	 Mean_Total:0.6203619
2021-09-15 01:01:16,240 - ===============================| start validation |===============================
2021-09-15 01:01:56,646 - 	 Total:0.5996603	 vleng_Acc:0.2069524
2021-09-15 01:01:56,652 -    ini file updated    
2021-09-15 01:01:56,683 - Snapshot saved to /data/users/wergillius/UTR_VAE/pth/RL_3_data_MTL/MDL_pretrain/MDL-model_best_cv3.pth

2021-09-15 01:01:56,684 -    ini file updated    
2021-09-15 01:01:56,685 - ===============================|    epoch 8   |===============================
2021-09-15 01:01:58,145 -     0 / 11829 (000%):	 Total:0.6756146	 vleng_Acc:0.1250000	 lr:0.0002873	 Mean_Total:0.6756146
2021-09-15 01:04:16,101 -  2365 / 11829 (019%):	 Total:1.1888059	 vleng_Acc:0.1250000	 lr:0.0002838	 Mean_Total:0.6208214
2021-09-15 01:06:30,417 -  4730 / 11829 (039%):	 Total:0.5458740	 vleng_Acc:0.2812500	 lr:0.0002804	 Mean_Total:0.6173909
2021-09-15 01:08:44,881 -  7095 / 11829 (059%):	 Total:1.0410362	 vleng_Acc:0.1562500	 lr:0.0002771	 Mean_Total:0.6195312
2021-09-15 01:10:54,313 -  9460 / 11829 (079%):	 Total:0.7241797	 vleng_Acc:0.2500000	 lr:0.0002740	 Mean_Total:0.6194894
2021-09-15 01:13:05,674 - 11825 / 11829 (099%):	 Total:0.5449261	 vleng_Acc:0.3437500	 lr:0.0002709	 Mean_Total:0.6191297
2021-09-15 01:13:06,135 - ===============================| start validation |===============================
2021-09-15 01:13:48,273 - 	 Total:0.5997142	 vleng_Acc:0.2053760
2021-09-15 01:13:48,279 -    ini file updated    
2021-09-15 01:13:48,280 - ===============================|    epoch 9   |===============================
2021-09-15 01:13:49,772 -     0 / 11829 (000%):	 Total:0.7994967	 vleng_Acc:0.0625000	 lr:0.0002709	 Mean_Total:0.7994967
2021-09-15 01:15:53,716 -  2365 / 11829 (019%):	 Total:0.4784648	 vleng_Acc:0.1875000	 lr:0.0002679	 Mean_Total:0.6168134
2021-09-15 01:17:53,650 -  4730 / 11829 (039%):	 Total:0.8216463	 vleng_Acc:0.1562500	 lr:0.0002651	 Mean_Total:0.6178141
2021-09-15 01:19:54,900 -  7095 / 11829 (059%):	 Total:0.6255487	 vleng_Acc:0.1250000	 lr:0.0002623	 Mean_Total:0.6170322
2021-09-15 01:21:51,011 -  9460 / 11829 (079%):	 Total:0.6261275	 vleng_Acc:0.2500000	 lr:0.0002596	 Mean_Total:0.6169088
2021-09-15 01:23:49,014 - 11825 / 11829 (099%):	 Total:0.6213363	 vleng_Acc:0.1562500	 lr:0.0002570	 Mean_Total:0.6176975
2021-09-15 01:23:49,435 - ===============================| start validation |===============================
2021-09-15 01:24:34,988 - 	 Total:0.5985172	 vleng_Acc:0.2047793
2021-09-15 01:24:34,996 -    ini file updated    
2021-09-15 01:24:35,032 - Snapshot saved to /data/users/wergillius/UTR_VAE/pth/RL_3_data_MTL/MDL_pretrain/MDL-model_best_cv3.pth

2021-09-15 01:24:35,033 -    ini file updated    
2021-09-15 01:24:35,034 - ===============================|    epoch 10   |===============================
2021-09-15 01:24:36,541 -     0 / 11829 (000%):	 Total:0.7664137	 vleng_Acc:0.2812500	 lr:0.0002570	 Mean_Total:0.7664137
2021-09-15 01:26:41,748 -  2365 / 11829 (019%):	 Total:0.6217781	 vleng_Acc:0.1562500	 lr:0.0002545	 Mean_Total:0.6198642
2021-09-15 01:28:53,295 -  4730 / 11829 (039%):	 Total:0.4446993	 vleng_Acc:0.2187500	 lr:0.0002520	 Mean_Total:0.6190387
2021-09-15 01:30:53,541 -  7095 / 11829 (059%):	 Total:0.4781544	 vleng_Acc:0.1562500	 lr:0.0002496	 Mean_Total:0.6185284
2021-09-15 01:32:49,455 -  9460 / 11829 (079%):	 Total:0.5647802	 vleng_Acc:0.2500000	 lr:0.0002473	 Mean_Total:0.6170976
2021-09-15 01:34:47,186 - 11825 / 11829 (099%):	 Total:0.5231003	 vleng_Acc:0.1875000	 lr:0.0002450	 Mean_Total:0.6176113
2021-09-15 01:34:47,649 - ===============================| start validation |===============================
2021-09-15 01:35:31,949 - 	 Total:0.5985204	 vleng_Acc:0.2059886
2021-09-15 01:35:31,957 -    ini file updated    
2021-09-15 01:35:31,957 - ===============================|    epoch 11   |===============================
2021-09-15 01:35:33,383 -     0 / 11829 (000%):	 Total:0.4687673	 vleng_Acc:0.1875000	 lr:0.0002450	 Mean_Total:0.4687673
2021-09-15 01:37:41,564 -  2365 / 11829 (019%):	 Total:0.4677004	 vleng_Acc:0.1875000	 lr:0.0002428	 Mean_Total:0.6175525
2021-09-15 01:39:58,265 -  4730 / 11829 (039%):	 Total:0.6515267	 vleng_Acc:0.2812500	 lr:0.0002407	 Mean_Total:0.6178522
2021-09-15 01:42:10,375 -  7095 / 11829 (059%):	 Total:0.6067383	 vleng_Acc:0.3750000	 lr:0.0002386	 Mean_Total:0.6170283
2021-09-15 01:44:13,682 -  9460 / 11829 (079%):	 Total:0.6264256	 vleng_Acc:0.1562500	 lr:0.0002366	 Mean_Total:0.6178763
2021-09-15 01:46:21,180 - 11825 / 11829 (099%):	 Total:0.6193178	 vleng_Acc:0.0625000	 lr:0.0002346	 Mean_Total:0.6175960
2021-09-15 01:46:21,628 - ===============================| start validation |===============================
2021-09-15 01:47:07,120 - 	 Total:0.5971553	 vleng_Acc:0.2062025
2021-09-15 01:47:07,133 -    ini file updated    
2021-09-15 01:47:07,164 - Snapshot saved to /data/users/wergillius/UTR_VAE/pth/RL_3_data_MTL/MDL_pretrain/MDL-model_best_cv3.pth

2021-09-15 01:47:07,166 -    ini file updated    
2021-09-15 01:47:07,166 - ===============================|    epoch 12   |===============================
2021-09-15 01:47:08,269 -     0 / 11829 (000%):	 Total:0.5949980	 vleng_Acc:0.2500000	 lr:0.0002346	 Mean_Total:0.5949980
2021-09-15 01:49:35,865 -  2365 / 11829 (019%):	 Total:0.4846345	 vleng_Acc:0.2187500	 lr:0.0002327	 Mean_Total:0.6130339
2021-09-15 01:51:55,260 -  4730 / 11829 (039%):	 Total:1.1742215	 vleng_Acc:0.2187500	 lr:0.0002308	 Mean_Total:0.6150266
2021-09-15 01:54:10,517 -  7095 / 11829 (059%):	 Total:0.8964812	 vleng_Acc:0.1875000	 lr:0.0002289	 Mean_Total:0.6148014
2021-09-15 01:56:26,908 -  9460 / 11829 (079%):	 Total:0.3558101	 vleng_Acc:0.2500000	 lr:0.0002272	 Mean_Total:0.6147674
2021-09-15 01:58:43,162 - 11825 / 11829 (099%):	 Total:0.6395736	 vleng_Acc:0.1562500	 lr:0.0002254	 Mean_Total:0.6159525
2021-09-15 01:58:43,589 - ===============================| start validation |===============================
2021-09-15 01:59:29,421 - 	 Total:0.5979598	 vleng_Acc:0.2046472
2021-09-15 01:59:29,426 -    ini file updated    
2021-09-15 01:59:29,426 - ===============================|    epoch 13   |===============================
2021-09-15 01:59:30,944 -     0 / 11829 (000%):	 Total:0.6998796	 vleng_Acc:0.2500000	 lr:0.0002254	 Mean_Total:0.6998796
2021-09-15 02:01:38,696 -  2365 / 11829 (019%):	 Total:0.5943951	 vleng_Acc:0.2500000	 lr:0.0002237	 Mean_Total:0.6180554
2021-09-15 02:03:40,284 -  4730 / 11829 (039%):	 Total:0.4704290	 vleng_Acc:0.1562500	 lr:0.0002220	 Mean_Total:0.6163252
2021-09-15 02:05:40,208 -  7095 / 11829 (059%):	 Total:0.5463708	 vleng_Acc:0.1250000	 lr:0.0002204	 Mean_Total:0.6171385
2021-09-15 02:07:40,279 -  9460 / 11829 (079%):	 Total:0.4017053	 vleng_Acc:0.1562500	 lr:0.0002188	 Mean_Total:0.6169889
2021-09-15 02:09:43,122 - 11825 / 11829 (099%):	 Total:0.5186177	 vleng_Acc:0.1562500	 lr:0.0002172	 Mean_Total:0.6161108
2021-09-15 02:09:43,552 - ===============================| start validation |===============================
2021-09-15 02:10:28,618 - 	 Total:0.6015621	 vleng_Acc:0.2086766
2021-09-15 02:10:28,625 -    ini file updated    
2021-09-15 02:10:28,655 - Snapshot saved to /data/users/wergillius/UTR_VAE/pth/RL_3_data_MTL/MDL_pretrain/MDL-model_best_cv3.pth

2021-09-15 02:10:28,656 -    ini file updated    
2021-09-15 02:10:28,656 - ===============================|    epoch 14   |===============================
2021-09-15 02:10:30,158 -     0 / 11829 (000%):	 Total:0.5289029	 vleng_Acc:0.2500000	 lr:0.0002172	 Mean_Total:0.5289029
2021-09-15 02:12:43,640 -  2365 / 11829 (019%):	 Total:0.5643784	 vleng_Acc:0.1562500	 lr:0.0002157	 Mean_Total:0.6183976
2021-09-15 02:14:52,098 -  4730 / 11829 (039%):	 Total:0.5946484	 vleng_Acc:0.2187500	 lr:0.0002142	 Mean_Total:0.6161718
2021-09-15 02:16:52,720 -  7095 / 11829 (059%):	 Total:0.5005115	 vleng_Acc:0.1250000	 lr:0.0002127	 Mean_Total:0.6163415
2021-09-15 02:18:56,863 -  9460 / 11829 (079%):	 Total:0.6309886	 vleng_Acc:0.2187500	 lr:0.0002112	 Mean_Total:0.6153828
2021-09-15 02:21:03,442 - 11825 / 11829 (099%):	 Total:0.5020321	 vleng_Acc:0.1875000	 lr:0.0002098	 Mean_Total:0.6155409
2021-09-15 02:21:03,967 - ===============================| start validation |===============================
2021-09-15 02:21:45,951 - 	 Total:0.5958969	 vleng_Acc:0.2055529
2021-09-15 02:21:45,959 -    ini file updated    
2021-09-15 02:21:45,989 - Snapshot saved to /data/users/wergillius/UTR_VAE/pth/RL_3_data_MTL/MDL_pretrain/MDL-model_best_cv3.pth

2021-09-15 02:21:45,990 -    ini file updated    
2021-09-15 02:21:45,991 - ===============================|    epoch 15   |===============================
2021-09-15 02:21:47,568 -     0 / 11829 (000%):	 Total:0.7300426	 vleng_Acc:0.1562500	 lr:0.0002098	 Mean_Total:0.7300426
2021-09-15 02:24:05,802 -  2365 / 11829 (019%):	 Total:0.5219941	 vleng_Acc:0.2187500	 lr:0.0002084	 Mean_Total:0.6139006
2021-09-15 02:26:18,059 -  4730 / 11829 (039%):	 Total:0.5731064	 vleng_Acc:0.3750000	 lr:0.0002071	 Mean_Total:0.6146441
2021-09-15 02:28:27,852 -  7095 / 11829 (059%):	 Total:1.1455083	 vleng_Acc:0.1875000	 lr:0.0002058	 Mean_Total:0.6165660
2021-09-15 02:30:42,879 -  9460 / 11829 (079%):	 Total:0.7980570	 vleng_Acc:0.1875000	 lr:0.0002045	 Mean_Total:0.6165044
2021-09-15 02:32:57,000 - 11825 / 11829 (099%):	 Total:0.5573263	 vleng_Acc:0.2187500	 lr:0.0002032	 Mean_Total:0.6152132
2021-09-15 02:32:57,415 - ===============================| start validation |===============================
2021-09-15 02:33:42,905 - 	 Total:0.5962697	 vleng_Acc:0.2061708
2021-09-15 02:33:42,912 -    ini file updated    
2021-09-15 02:33:42,912 - ===============================|    epoch 16   |===============================
2021-09-15 02:33:44,377 -     0 / 11829 (000%):	 Total:0.7479485	 vleng_Acc:0.1875000	 lr:0.0002032	 Mean_Total:0.7479485
2021-09-15 02:35:52,449 -  2365 / 11829 (019%):	 Total:0.8744494	 vleng_Acc:0.0937500	 lr:0.0002019	 Mean_Total:0.6138273
2021-09-15 02:37:58,812 -  4730 / 11829 (039%):	 Total:0.5871980	 vleng_Acc:0.3437500	 lr:0.0002007	 Mean_Total:0.6131075
2021-09-15 02:40:11,294 -  7095 / 11829 (059%):	 Total:0.5516526	 vleng_Acc:0.1250000	 lr:0.0001995	 Mean_Total:0.6135125
2021-09-15 02:42:25,825 -  9460 / 11829 (079%):	 Total:0.7283415	 vleng_Acc:0.1250000	 lr:0.0001983	 Mean_Total:0.6140615
2021-09-15 02:44:35,741 - 11825 / 11829 (099%):	 Total:0.7066115	 vleng_Acc:0.0625000	 lr:0.0001971	 Mean_Total:0.6144318
2021-09-15 02:44:36,174 - ===============================| start validation |===============================
2021-09-15 02:45:21,478 - 	 Total:0.5963160	 vleng_Acc:0.2067623
2021-09-15 02:45:21,485 -    ini file updated    
2021-09-15 02:45:21,485 - ===============================|    epoch 17   |===============================
2021-09-15 02:45:22,689 -     0 / 11829 (000%):	 Total:0.8766412	 vleng_Acc:0.1562500	 lr:0.0001971	 Mean_Total:0.8766412
2021-09-15 02:47:41,813 -  2365 / 11829 (019%):	 Total:0.7359220	 vleng_Acc:0.2187500	 lr:0.0001960	 Mean_Total:0.6170993
2021-09-15 02:50:03,631 -  4730 / 11829 (039%):	 Total:0.7252924	 vleng_Acc:0.2812500	 lr:0.0001948	 Mean_Total:0.6143154
2021-09-15 02:52:21,412 -  7095 / 11829 (059%):	 Total:0.5475367	 vleng_Acc:0.2187500	 lr:0.0001937	 Mean_Total:0.6145531
2021-09-15 02:54:38,582 -  9460 / 11829 (079%):	 Total:0.3144258	 vleng_Acc:0.3750000	 lr:0.0001926	 Mean_Total:0.6150374
2021-09-15 02:56:53,622 - 11825 / 11829 (099%):	 Total:0.6288872	 vleng_Acc:0.2500000	 lr:0.0001916	 Mean_Total:0.6140450
2021-09-15 02:56:54,049 - ===============================| start validation |===============================
2021-09-15 02:57:30,767 - 	 Total:0.5962299	 vleng_Acc:0.2045548
2021-09-15 02:57:30,772 -    ini file updated    
2021-09-15 02:57:30,772 - ===============================|    epoch 18   |===============================
2021-09-15 02:57:32,188 -     0 / 11829 (000%):	 Total:0.7229791	 vleng_Acc:0.0000000	 lr:0.0001916	 Mean_Total:0.7229791
2021-09-15 02:59:07,134 -  2365 / 11829 (019%):	 Total:0.7301976	 vleng_Acc:0.2187500	 lr:0.0001905	 Mean_Total:0.6118404
2021-09-15 03:00:49,618 -  4730 / 11829 (039%):	 Total:0.6375103	 vleng_Acc:0.2187500	 lr:0.0001895	 Mean_Total:0.6155289
2021-09-15 03:02:36,651 -  7095 / 11829 (059%):	 Total:0.5970922	 vleng_Acc:0.1562500	 lr:0.0001884	 Mean_Total:0.6154229
2021-09-15 03:04:30,978 -  9460 / 11829 (079%):	 Total:0.5512559	 vleng_Acc:0.1875000	 lr:0.0001874	 Mean_Total:0.6146162
2021-09-15 03:06:23,292 - 11825 / 11829 (099%):	 Total:0.5776612	 vleng_Acc:0.2812500	 lr:0.0001864	 Mean_Total:0.6136313
2021-09-15 03:06:23,755 - ===============================| start validation |===============================
2021-09-15 03:07:12,955 - 	 Total:0.5944422	 vleng_Acc:0.2051700
2021-09-15 03:07:12,962 -    ini file updated    
2021-09-15 03:07:12,990 - Snapshot saved to /data/users/wergillius/UTR_VAE/pth/RL_3_data_MTL/MDL_pretrain/MDL-model_best_cv3.pth

2021-09-15 03:07:12,991 -    ini file updated    
2021-09-15 03:07:12,992 - ===============================|    epoch 19   |===============================
2021-09-15 03:07:14,184 -     0 / 11829 (000%):	 Total:0.6560876	 vleng_Acc:0.1562500	 lr:0.0001864	 Mean_Total:0.6560876
2021-09-15 03:09:32,682 -  2365 / 11829 (019%):	 Total:0.6655070	 vleng_Acc:0.1875000	 lr:0.0001855	 Mean_Total:0.6086233
2021-09-15 03:11:49,227 -  4730 / 11829 (039%):	 Total:0.5498285	 vleng_Acc:0.2187500	 lr:0.0001845	 Mean_Total:0.6137967
2021-09-15 03:14:13,577 -  7095 / 11829 (059%):	 Total:0.4826995	 vleng_Acc:0.1250000	 lr:0.0001836	 Mean_Total:0.6138468
2021-09-15 03:16:34,833 -  9460 / 11829 (079%):	 Total:0.6724440	 vleng_Acc:0.1875000	 lr:0.0001826	 Mean_Total:0.6127852
2021-09-15 03:18:56,234 - 11825 / 11829 (099%):	 Total:0.5162965	 vleng_Acc:0.1875000	 lr:0.0001817	 Mean_Total:0.6135775
2021-09-15 03:18:56,699 - ===============================| start validation |===============================
2021-09-15 03:19:40,028 - 	 Total:0.5973083	 vleng_Acc:0.2021652
2021-09-15 03:19:40,034 -    ini file updated    
2021-09-15 03:19:40,034 - ===============================|    epoch 20   |===============================
2021-09-15 03:19:41,529 -     0 / 11829 (000%):	 Total:0.6809185	 vleng_Acc:0.1562500	 lr:0.0001817	 Mean_Total:0.6809185
2021-09-15 03:21:51,886 -  2365 / 11829 (019%):	 Total:0.6296486	 vleng_Acc:0.1250000	 lr:0.0001808	 Mean_Total:0.6109984
2021-09-15 03:24:04,224 -  4730 / 11829 (039%):	 Total:0.7063166	 vleng_Acc:0.0937500	 lr:0.0001799	 Mean_Total:0.6118498
2021-09-15 03:26:17,921 -  7095 / 11829 (059%):	 Total:0.8573497	 vleng_Acc:0.1875000	 lr:0.0001791	 Mean_Total:0.6120222
2021-09-15 03:28:29,229 -  9460 / 11829 (079%):	 Total:0.6144348	 vleng_Acc:0.2187500	 lr:0.0001782	 Mean_Total:0.6130488
2021-09-15 03:30:40,214 - 11825 / 11829 (099%):	 Total:0.5733324	 vleng_Acc:0.1250000	 lr:0.0001773	 Mean_Total:0.6131982
2021-09-15 03:30:40,561 - ===============================| start validation |===============================
2021-09-15 03:31:27,869 - 	 Total:0.5983179	 vleng_Acc:0.2073933
2021-09-15 03:31:27,873 -    ini file updated    
2021-09-15 03:31:27,873 - ===============================|    epoch 21   |===============================
2021-09-15 03:31:29,256 -     0 / 11829 (000%):	 Total:0.9001475	 vleng_Acc:0.1562500	 lr:0.0001773	 Mean_Total:0.9001475
2021-09-15 03:33:39,034 -  2365 / 11829 (019%):	 Total:0.6539723	 vleng_Acc:0.1875000	 lr:0.0001765	 Mean_Total:0.6121494
2021-09-15 03:35:50,811 -  4730 / 11829 (039%):	 Total:0.3104875	 vleng_Acc:0.3437500	 lr:0.0001757	 Mean_Total:0.6118094
2021-09-15 03:38:04,164 -  7095 / 11829 (059%):	 Total:0.7460083	 vleng_Acc:0.0625000	 lr:0.0001749	 Mean_Total:0.6126323
2021-09-15 03:40:11,923 -  9460 / 11829 (079%):	 Total:0.3565348	 vleng_Acc:0.2500000	 lr:0.0001741	 Mean_Total:0.6135083
2021-09-15 03:42:17,540 - 11825 / 11829 (099%):	 Total:0.3810875	 vleng_Acc:0.3125000	 lr:0.0001733	 Mean_Total:0.6123992
2021-09-15 03:42:17,943 - ===============================| start validation |===============================
2021-09-15 03:43:00,930 - 	 Total:0.5944597	 vleng_Acc:0.2067042
2021-09-15 03:43:00,936 -    ini file updated    
2021-09-15 03:43:00,936 - ===============================|    epoch 22   |===============================
2021-09-15 03:43:02,440 -     0 / 11829 (000%):	 Total:0.5175821	 vleng_Acc:0.1875000	 lr:0.0001733	 Mean_Total:0.5175821
2021-09-15 03:45:11,738 -  2365 / 11829 (019%):	 Total:0.2651810	 vleng_Acc:0.2812500	 lr:0.0001725	 Mean_Total:0.6094802
2021-09-15 03:47:21,795 -  4730 / 11829 (039%):	 Total:0.6248603	 vleng_Acc:0.1562500	 lr:0.0001717	 Mean_Total:0.6104700
2021-09-15 03:49:32,555 -  7095 / 11829 (059%):	 Total:0.5419189	 vleng_Acc:0.2187500	 lr:0.0001709	 Mean_Total:0.6114913
2021-09-15 03:51:40,907 -  9460 / 11829 (079%):	 Total:0.7220951	 vleng_Acc:0.1562500	 lr:0.0001702	 Mean_Total:0.6128515
2021-09-15 03:53:47,395 - 11825 / 11829 (099%):	 Total:0.3551245	 vleng_Acc:0.2500000	 lr:0.0001695	 Mean_Total:0.6123774
2021-09-15 03:53:47,780 - ===============================| start validation |===============================
2021-09-15 03:54:27,542 - 	 Total:0.6015796	 vleng_Acc:0.2084733
2021-09-15 03:54:27,552 -    ini file updated    
2021-09-15 03:54:27,553 - ===============================|    epoch 23   |===============================
2021-09-15 03:54:28,956 -     0 / 11829 (000%):	 Total:0.4689531	 vleng_Acc:0.2500000	 lr:0.0001695	 Mean_Total:0.4689531
2021-09-15 03:56:47,467 -  2365 / 11829 (019%):	 Total:0.8598819	 vleng_Acc:0.1875000	 lr:0.0001687	 Mean_Total:0.6123096
2021-09-15 03:58:56,268 -  4730 / 11829 (039%):	 Total:0.6543125	 vleng_Acc:0.1562500	 lr:0.0001680	 Mean_Total:0.6125438
2021-09-15 04:01:09,728 -  7095 / 11829 (059%):	 Total:0.6883658	 vleng_Acc:0.1562500	 lr:0.0001673	 Mean_Total:0.6118008
2021-09-15 04:03:16,271 -  9460 / 11829 (079%):	 Total:0.8375382	 vleng_Acc:0.1875000	 lr:0.0001666	 Mean_Total:0.6120520
2021-09-15 04:05:23,606 - 11825 / 11829 (099%):	 Total:0.6860267	 vleng_Acc:0.1562500	 lr:0.0001659	 Mean_Total:0.6117711
2021-09-15 04:05:24,095 - ===============================| start validation |===============================
2021-09-15 04:06:11,880 - 	 Total:0.5960177	 vleng_Acc:0.2089010
2021-09-15 04:06:11,888 -    ini file updated    
2021-09-15 04:06:11,918 - Snapshot saved to /data/users/wergillius/UTR_VAE/pth/RL_3_data_MTL/MDL_pretrain/MDL-model_best_cv3.pth

2021-09-15 04:06:11,920 -    ini file updated    
2021-09-15 04:06:11,920 - ===============================|    epoch 24   |===============================
2021-09-15 04:06:13,461 -     0 / 11829 (000%):	 Total:0.5325329	 vleng_Acc:0.2500000	 lr:0.0001659	 Mean_Total:0.5325329
2021-09-15 04:08:36,207 -  2365 / 11829 (019%):	 Total:0.7564222	 vleng_Acc:0.1875000	 lr:0.0001652	 Mean_Total:0.6090211
2021-09-15 04:10:56,529 -  4730 / 11829 (039%):	 Total:0.4406798	 vleng_Acc:0.2500000	 lr:0.0001645	 Mean_Total:0.6105466
2021-09-15 04:13:10,774 -  7095 / 11829 (059%):	 Total:0.7805078	 vleng_Acc:0.1250000	 lr:0.0001639	 Mean_Total:0.6112386
2021-09-15 04:15:25,479 -  9460 / 11829 (079%):	 Total:0.6604331	 vleng_Acc:0.2500000	 lr:0.0001632	 Mean_Total:0.6121578
2021-09-15 04:17:39,791 - 11825 / 11829 (099%):	 Total:0.6824762	 vleng_Acc:0.1250000	 lr:0.0001625	 Mean_Total:0.6120106
2021-09-15 04:17:40,233 - ===============================| start validation |===============================
2021-09-15 04:18:30,389 - 	 Total:0.5964146	 vleng_Acc:0.2054552
2021-09-15 04:18:30,394 -    ini file updated    
2021-09-15 04:18:30,395 - ===============================|    epoch 25   |===============================
2021-09-15 04:18:31,746 -     0 / 11829 (000%):	 Total:0.5997431	 vleng_Acc:0.1250000	 lr:0.0001625	 Mean_Total:0.5997431
2021-09-15 04:20:24,275 -  2365 / 11829 (019%):	 Total:0.5128845	 vleng_Acc:0.0937500	 lr:0.0001619	 Mean_Total:0.6103345
2021-09-15 04:22:20,249 -  4730 / 11829 (039%):	 Total:0.7055990	 vleng_Acc:0.0937500	 lr:0.0001613	 Mean_Total:0.6142263
2021-09-15 04:24:09,796 -  7095 / 11829 (059%):	 Total:0.8244721	 vleng_Acc:0.1875000	 lr:0.0001606	 Mean_Total:0.6121779
2021-09-15 04:25:48,446 -  9460 / 11829 (079%):	 Total:0.6079556	 vleng_Acc:0.1875000	 lr:0.0001600	 Mean_Total:0.6108392
2021-09-15 04:27:33,816 - 11825 / 11829 (099%):	 Total:0.9402664	 vleng_Acc:0.1875000	 lr:0.0001594	 Mean_Total:0.6116616
2021-09-15 04:27:34,254 - ===============================| start validation |===============================
2021-09-15 04:28:23,220 - 	 Total:0.5985280	 vleng_Acc:0.2060969
2021-09-15 04:28:23,225 -    ini file updated    
2021-09-15 04:28:23,225 - ===============================|    epoch 26   |===============================
2021-09-15 04:28:24,819 -     0 / 11829 (000%):	 Total:0.7187086	 vleng_Acc:0.2500000	 lr:0.0001594	 Mean_Total:0.7187086
2021-09-15 04:30:30,019 -  2365 / 11829 (019%):	 Total:0.5040958	 vleng_Acc:0.1875000	 lr:0.0001588	 Mean_Total:0.6071424
2021-09-15 04:32:44,549 -  4730 / 11829 (039%):	 Total:0.5716028	 vleng_Acc:0.2187500	 lr:0.0001582	 Mean_Total:0.6082451
2021-09-15 04:34:54,266 -  7095 / 11829 (059%):	 Total:0.5686027	 vleng_Acc:0.2187500	 lr:0.0001576	 Mean_Total:0.6077588
2021-09-15 04:36:56,351 -  9460 / 11829 (079%):	 Total:0.4363115	 vleng_Acc:0.1875000	 lr:0.0001570	 Mean_Total:0.6100285
2021-09-15 04:38:52,835 - 11825 / 11829 (099%):	 Total:0.7381617	 vleng_Acc:0.1562500	 lr:0.0001564	 Mean_Total:0.6109936
2021-09-15 04:38:53,257 - ===============================| start validation |===============================
2021-09-15 04:39:40,535 - 	 Total:0.6001466	 vleng_Acc:0.2090568
2021-09-15 04:39:40,539 -    ini file updated    
2021-09-15 04:39:40,574 - Snapshot saved to /data/users/wergillius/UTR_VAE/pth/RL_3_data_MTL/MDL_pretrain/MDL-model_best_cv3.pth

2021-09-15 04:39:40,575 -    ini file updated    
2021-09-15 04:39:40,576 - ===============================|    epoch 27   |===============================
2021-09-15 04:39:42,061 -     0 / 11829 (000%):	 Total:0.4518708	 vleng_Acc:0.3125000	 lr:0.0001564	 Mean_Total:0.4518708
2021-09-15 04:42:03,569 -  2365 / 11829 (019%):	 Total:0.5607330	 vleng_Acc:0.1562500	 lr:0.0001558	 Mean_Total:0.6128290
2021-09-15 04:44:29,890 -  4730 / 11829 (039%):	 Total:1.1235566	 vleng_Acc:0.1562500	 lr:0.0001553	 Mean_Total:0.6126103
2021-09-15 04:46:41,944 -  7095 / 11829 (059%):	 Total:0.7180504	 vleng_Acc:0.2187500	 lr:0.0001547	 Mean_Total:0.6108938
2021-09-15 04:48:58,184 -  9460 / 11829 (079%):	 Total:0.5848286	 vleng_Acc:0.1875000	 lr:0.0001541	 Mean_Total:0.6115351
2021-09-15 04:51:12,631 - 11825 / 11829 (099%):	 Total:0.6726123	 vleng_Acc:0.2812500	 lr:0.0001536	 Mean_Total:0.6113893
2021-09-15 04:51:13,065 - ===============================| start validation |===============================
2021-09-15 04:51:56,006 - 	 Total:0.5949085	 vleng_Acc:0.2079848
2021-09-15 04:51:56,013 -    ini file updated    
2021-09-15 04:51:56,014 - ===============================|    epoch 28   |===============================
2021-09-15 04:51:57,536 -     0 / 11829 (000%):	 Total:0.6201830	 vleng_Acc:0.1562500	 lr:0.0001536	 Mean_Total:0.6201830
2021-09-15 04:53:50,637 -  2365 / 11829 (019%):	 Total:0.4570534	 vleng_Acc:0.2500000	 lr:0.0001530	 Mean_Total:0.6083382
2021-09-15 04:55:37,369 -  4730 / 11829 (039%):	 Total:0.4001689	 vleng_Acc:0.1562500	 lr:0.0001525	 Mean_Total:0.6104415
2021-09-15 04:57:16,171 -  7095 / 11829 (059%):	 Total:0.5884210	 vleng_Acc:0.1250000	 lr:0.0001520	 Mean_Total:0.6114169
2021-09-15 04:58:59,178 -  9460 / 11829 (079%):	 Total:0.8873705	 vleng_Acc:0.0625000	 lr:0.0001514	 Mean_Total:0.6096842
2021-09-15 05:00:44,578 - 11825 / 11829 (099%):	 Total:0.6727126	 vleng_Acc:0.2500000	 lr:0.0001509	 Mean_Total:0.6106696
2021-09-15 05:00:45,016 - ===============================| start validation |===============================
2021-09-15 05:01:30,199 - 	 Total:0.6051144	 vleng_Acc:0.2072243
2021-09-15 05:01:30,204 -    ini file updated    
2021-09-15 05:01:30,204 - ===============================|    epoch 29   |===============================
2021-09-15 05:01:31,832 -     0 / 11829 (000%):	 Total:0.4053444	 vleng_Acc:0.2187500	 lr:0.0001509	 Mean_Total:0.4053444
2021-09-15 05:03:43,710 -  2365 / 11829 (019%):	 Total:0.4051362	 vleng_Acc:0.1875000	 lr:0.0001504	 Mean_Total:0.6088913
2021-09-15 05:06:03,488 -  4730 / 11829 (039%):	 Total:0.7750137	 vleng_Acc:0.2187500	 lr:0.0001499	 Mean_Total:0.6106824
2021-09-15 05:08:07,731 -  7095 / 11829 (059%):	 Total:0.4147676	 vleng_Acc:0.1250000	 lr:0.0001494	 Mean_Total:0.6101383
2021-09-15 05:10:11,606 -  9460 / 11829 (079%):	 Total:0.4307352	 vleng_Acc:0.2187500	 lr:0.0001489	 Mean_Total:0.6117248
2021-09-15 05:12:19,223 - 11825 / 11829 (099%):	 Total:0.6080876	 vleng_Acc:0.0937500	 lr:0.0001484	 Mean_Total:0.6106906
2021-09-15 05:12:19,626 - ===============================| start validation |===============================
2021-09-15 05:13:05,788 - 	 Total:0.5944129	 vleng_Acc:0.2077023
2021-09-15 05:13:05,794 -    ini file updated    
2021-09-15 05:13:05,824 - Snapshot saved to /data/users/wergillius/UTR_VAE/pth/RL_3_data_MTL/MDL_pretrain/MDL-model_best_cv3.pth

2021-09-15 05:13:05,826 -    ini file updated    
2021-09-15 05:13:05,826 - ===============================|    epoch 30   |===============================
2021-09-15 05:13:07,460 -     0 / 11829 (000%):	 Total:0.5230553	 vleng_Acc:0.2812500	 lr:0.0001484	 Mean_Total:0.5230553
2021-09-15 05:15:19,886 -  2365 / 11829 (019%):	 Total:0.7050072	 vleng_Acc:0.2187500	 lr:0.0001479	 Mean_Total:0.6113562
2021-09-15 05:17:29,760 -  4730 / 11829 (039%):	 Total:0.7282271	 vleng_Acc:0.2812500	 lr:0.0001474	 Mean_Total:0.6083769
2021-09-15 05:19:44,466 -  7095 / 11829 (059%):	 Total:0.7213129	 vleng_Acc:0.2187500	 lr:0.0001469	 Mean_Total:0.6091890
2021-09-15 05:22:09,969 -  9460 / 11829 (079%):	 Total:0.3839837	 vleng_Acc:0.2812500	 lr:0.0001464	 Mean_Total:0.6096700
2021-09-15 05:24:31,997 - 11825 / 11829 (099%):	 Total:0.5591298	 vleng_Acc:0.2187500	 lr:0.0001460	 Mean_Total:0.6100478
2021-09-15 05:24:32,495 - ===============================| start validation |===============================
2021-09-15 05:25:19,866 - 	 Total:0.5951164	 vleng_Acc:0.2055635
2021-09-15 05:25:19,873 -    ini file updated    
2021-09-15 05:25:19,873 - ===============================|    epoch 31   |===============================
2021-09-15 05:25:21,326 -     0 / 11829 (000%):	 Total:0.6206102	 vleng_Acc:0.2187500	 lr:0.0001460	 Mean_Total:0.6206102
2021-09-15 05:27:12,242 -  2365 / 11829 (019%):	 Total:0.7101369	 vleng_Acc:0.1562500	 lr:0.0001455	 Mean_Total:0.6069070
2021-09-15 05:29:02,572 -  4730 / 11829 (039%):	 Total:0.6282139	 vleng_Acc:0.2812500	 lr:0.0001450	 Mean_Total:0.6088448
2021-09-15 05:30:34,748 -  7095 / 11829 (059%):	 Total:0.4285114	 vleng_Acc:0.2812500	 lr:0.0001446	 Mean_Total:0.6100447
2021-09-15 05:32:26,357 -  9460 / 11829 (079%):	 Total:0.6316123	 vleng_Acc:0.1250000	 lr:0.0001441	 Mean_Total:0.6095146
2021-09-15 05:34:16,463 - 11825 / 11829 (099%):	 Total:0.5656565	 vleng_Acc:0.2812500	 lr:0.0001437	 Mean_Total:0.6103382
2021-09-15 05:34:16,946 - ===============================| start validation |===============================
2021-09-15 05:35:03,514 - 	 Total:0.5946123	 vleng_Acc:0.2076046
2021-09-15 05:35:03,520 -    ini file updated    
2021-09-15 05:35:03,520 - ===============================|    epoch 32   |===============================
2021-09-15 05:35:05,052 -     0 / 11829 (000%):	 Total:0.6572800	 vleng_Acc:0.1562500	 lr:0.0001437	 Mean_Total:0.6572800
2021-09-15 05:37:12,743 -  2365 / 11829 (019%):	 Total:0.7693284	 vleng_Acc:0.2500000	 lr:0.0001432	 Mean_Total:0.6046703
2021-09-15 05:39:20,595 -  4730 / 11829 (039%):	 Total:0.7903094	 vleng_Acc:0.2500000	 lr:0.0001428	 Mean_Total:0.6054478
2021-09-15 05:41:14,987 -  7095 / 11829 (059%):	 Total:0.4627751	 vleng_Acc:0.0937500	 lr:0.0001423	 Mean_Total:0.6085732
2021-09-15 05:43:22,775 -  9460 / 11829 (079%):	 Total:0.7233104	 vleng_Acc:0.1250000	 lr:0.0001419	 Mean_Total:0.6095680
2021-09-15 05:45:33,611 - 11825 / 11829 (099%):	 Total:0.3494758	 vleng_Acc:0.2187500	 lr:0.0001415	 Mean_Total:0.6090966
2021-09-15 05:45:34,059 - ===============================| start validation |===============================
2021-09-15 05:46:21,144 - 	 Total:0.5959841	 vleng_Acc:0.2060176
2021-09-15 05:46:21,150 -    ini file updated    
2021-09-15 05:46:21,150 - ===============================|    epoch 33   |===============================
2021-09-15 05:46:22,803 -     0 / 11829 (000%):	 Total:0.6126842	 vleng_Acc:0.1562500	 lr:0.0001415	 Mean_Total:0.6126842
2021-09-15 05:48:11,826 -  2365 / 11829 (019%):	 Total:0.4924477	 vleng_Acc:0.2812500	 lr:0.0001410	 Mean_Total:0.6065095
2021-09-15 05:49:58,132 -  4730 / 11829 (039%):	 Total:0.7314343	 vleng_Acc:0.0937500	 lr:0.0001406	 Mean_Total:0.6064072
2021-09-15 05:51:35,698 -  7095 / 11829 (059%):	 Total:0.5767230	 vleng_Acc:0.2187500	 lr:0.0001402	 Mean_Total:0.6073366
2021-09-15 05:53:13,646 -  9460 / 11829 (079%):	 Total:0.7302542	 vleng_Acc:0.1250000	 lr:0.0001398	 Mean_Total:0.6090573
2021-09-15 05:54:56,418 - 11825 / 11829 (099%):	 Total:0.5895146	 vleng_Acc:0.2500000	 lr:0.0001394	 Mean_Total:0.6091584
2021-09-15 05:54:56,861 - ===============================| start validation |===============================
2021-09-15 05:55:39,516 - 	 Total:0.5935341	 vleng_Acc:0.2065721
2021-09-15 05:55:39,522 -    ini file updated    
2021-09-15 05:55:39,550 - Snapshot saved to /data/users/wergillius/UTR_VAE/pth/RL_3_data_MTL/MDL_pretrain/MDL-model_best_cv3.pth

2021-09-15 05:55:39,552 -    ini file updated    
2021-09-15 05:55:39,552 - ===============================|    epoch 34   |===============================
2021-09-15 05:55:41,235 -     0 / 11829 (000%):	 Total:0.6818537	 vleng_Acc:0.1562500	 lr:0.0001394	 Mean_Total:0.6818537
2021-09-15 05:57:54,462 -  2365 / 11829 (019%):	 Total:1.0188019	 vleng_Acc:0.0937500	 lr:0.0001390	 Mean_Total:0.6058054
2021-09-15 06:00:03,425 -  4730 / 11829 (039%):	 Total:0.8406481	 vleng_Acc:0.1875000	 lr:0.0001386	 Mean_Total:0.6082176
2021-09-15 06:02:12,790 -  7095 / 11829 (059%):	 Total:0.5257450	 vleng_Acc:0.2187500	 lr:0.0001382	 Mean_Total:0.6092879
2021-09-15 06:04:30,394 -  9460 / 11829 (079%):	 Total:0.5613589	 vleng_Acc:0.3125000	 lr:0.0001378	 Mean_Total:0.6098380
2021-09-15 06:06:53,987 - 11825 / 11829 (099%):	 Total:0.4225195	 vleng_Acc:0.0937500	 lr:0.0001374	 Mean_Total:0.6094540
2021-09-15 06:06:54,479 - ===============================| start validation |===============================
2021-09-15 06:07:42,842 - 	 Total:0.5936060	 vleng_Acc:0.2061681
2021-09-15 06:07:42,848 -    ini file updated    
2021-09-15 06:07:42,848 - ===============================|    epoch 35   |===============================
2021-09-15 06:07:44,309 -     0 / 11829 (000%):	 Total:0.5603058	 vleng_Acc:0.1562500	 lr:0.0001374	 Mean_Total:0.5603058
2021-09-15 06:09:36,951 -  2365 / 11829 (019%):	 Total:0.4541311	 vleng_Acc:0.1875000	 lr:0.0001370	 Mean_Total:0.6146139
2021-09-15 06:11:33,084 -  4730 / 11829 (039%):	 Total:0.7424108	 vleng_Acc:0.2187500	 lr:0.0001366	 Mean_Total:0.6096346
2021-09-15 06:13:11,285 -  7095 / 11829 (059%):	 Total:0.8260494	 vleng_Acc:0.0937500	 lr:0.0001362	 Mean_Total:0.6089477
2021-09-15 06:14:51,168 -  9460 / 11829 (079%):	 Total:0.6098158	 vleng_Acc:0.1562500	 lr:0.0001358	 Mean_Total:0.6090276
2021-09-15 06:16:34,891 - 11825 / 11829 (099%):	 Total:0.4983523	 vleng_Acc:0.2812500	 lr:0.0001354	 Mean_Total:0.6084412
2021-09-15 06:16:35,396 - ===============================| start validation |===============================
2021-09-15 06:17:19,753 - 	 Total:0.5945939	 vleng_Acc:0.2084390
2021-09-15 06:17:19,758 -    ini file updated    
2021-09-15 06:17:19,759 - ===============================|    epoch 36   |===============================
2021-09-15 06:17:21,405 -     0 / 11829 (000%):	 Total:0.6397752	 vleng_Acc:0.2500000	 lr:0.0001354	 Mean_Total:0.6397752
2021-09-15 06:19:35,613 -  2365 / 11829 (019%):	 Total:0.5840595	 vleng_Acc:0.1562500	 lr:0.0001351	 Mean_Total:0.6103438
2021-09-15 06:21:43,393 -  4730 / 11829 (039%):	 Total:0.6606570	 vleng_Acc:0.2187500	 lr:0.0001347	 Mean_Total:0.6083286
2021-09-15 06:23:53,275 -  7095 / 11829 (059%):	 Total:0.5967587	 vleng_Acc:0.2187500	 lr:0.0001343	 Mean_Total:0.6084763
2021-09-15 06:26:01,797 -  9460 / 11829 (079%):	 Total:0.9752860	 vleng_Acc:0.0937500	 lr:0.0001340	 Mean_Total:0.6081780
2021-09-15 06:28:20,131 - 11825 / 11829 (099%):	 Total:0.4574498	 vleng_Acc:0.1562500	 lr:0.0001336	 Mean_Total:0.6082765
2021-09-15 06:28:20,604 - ===============================| start validation |===============================
2021-09-15 06:29:11,113 - 	 Total:0.5930010	 vleng_Acc:0.2052281
2021-09-15 06:29:11,118 -    ini file updated    
2021-09-15 06:29:11,148 - Snapshot saved to /data/users/wergillius/UTR_VAE/pth/RL_3_data_MTL/MDL_pretrain/MDL-model_best_cv3.pth

2021-09-15 06:29:11,149 -    ini file updated    
2021-09-15 06:29:11,150 - ===============================|    epoch 37   |===============================
2021-09-15 06:29:12,563 -     0 / 11829 (000%):	 Total:0.4958233	 vleng_Acc:0.1875000	 lr:0.0001336	 Mean_Total:0.4958233
2021-09-15 06:31:42,797 -  2365 / 11829 (019%):	 Total:0.6124552	 vleng_Acc:0.1875000	 lr:0.0001332	 Mean_Total:0.6115656
2021-09-15 06:33:58,986 -  4730 / 11829 (039%):	 Total:0.8283807	 vleng_Acc:0.2500000	 lr:0.0001329	 Mean_Total:0.6107749
2021-09-15 06:36:08,649 -  7095 / 11829 (059%):	 Total:0.6242789	 vleng_Acc:0.1875000	 lr:0.0001325	 Mean_Total:0.6076380
2021-09-15 06:38:22,205 -  9460 / 11829 (079%):	 Total:0.7136285	 vleng_Acc:0.1875000	 lr:0.0001322	 Mean_Total:0.6077066
2021-09-15 06:40:33,995 - 11825 / 11829 (099%):	 Total:0.3971373	 vleng_Acc:0.2187500	 lr:0.0001318	 Mean_Total:0.6083548
2021-09-15 06:40:34,426 - ===============================| start validation |===============================
2021-09-15 06:41:17,966 - 	 Total:0.5931374	 vleng_Acc:0.2063107
2021-09-15 06:41:17,971 -    ini file updated    
2021-09-15 06:41:17,971 - ===============================|    epoch 38   |===============================
2021-09-15 06:41:19,237 -     0 / 11829 (000%):	 Total:0.3839431	 vleng_Acc:0.2500000	 lr:0.0001318	 Mean_Total:0.3839431
2021-09-15 06:43:29,497 -  2365 / 11829 (019%):	 Total:0.5577490	 vleng_Acc:0.3125000	 lr:0.0001315	 Mean_Total:0.6087543
2021-09-15 06:45:38,968 -  4730 / 11829 (039%):	 Total:0.6618286	 vleng_Acc:0.2500000	 lr:0.0001311	 Mean_Total:0.6076203
2021-09-15 06:47:57,962 -  7095 / 11829 (059%):	 Total:0.6384689	 vleng_Acc:0.1250000	 lr:0.0001308	 Mean_Total:0.6081356
2021-09-15 06:50:12,947 -  9460 / 11829 (079%):	 Total:0.6975857	 vleng_Acc:0.2187500	 lr:0.0001305	 Mean_Total:0.6087453
2021-09-15 06:52:25,970 - 11825 / 11829 (099%):	 Total:0.2298771	 vleng_Acc:0.4062500	 lr:0.0001301	 Mean_Total:0.6081610
2021-09-15 06:52:26,375 - ===============================| start validation |===============================
2021-09-15 06:53:10,167 - 	 Total:0.5945908	 vleng_Acc:0.2066804
2021-09-15 06:53:10,173 -    ini file updated    
2021-09-15 06:53:10,173 - ===============================|    epoch 39   |===============================
2021-09-15 06:53:11,713 -     0 / 11829 (000%):	 Total:0.3004763	 vleng_Acc:0.1875000	 lr:0.0001301	 Mean_Total:0.3004763
2021-09-15 06:55:18,441 -  2365 / 11829 (019%):	 Total:0.4457715	 vleng_Acc:0.2500000	 lr:0.0001298	 Mean_Total:0.6071356
2021-09-15 06:57:22,143 -  4730 / 11829 (039%):	 Total:0.4411163	 vleng_Acc:0.2187500	 lr:0.0001295	 Mean_Total:0.6083742
2021-09-15 06:59:33,033 -  7095 / 11829 (059%):	 Total:0.6003463	 vleng_Acc:0.2187500	 lr:0.0001291	 Mean_Total:0.6085596
2021-09-15 07:01:47,637 -  9460 / 11829 (079%):	 Total:0.6959472	 vleng_Acc:0.2187500	 lr:0.0001288	 Mean_Total:0.6074939
2021-09-15 07:04:03,764 - 11825 / 11829 (099%):	 Total:0.6702525	 vleng_Acc:0.1250000	 lr:0.0001285	 Mean_Total:0.6084165
2021-09-15 07:04:04,152 - ===============================| start validation |===============================
2021-09-15 07:04:45,452 - 	 Total:0.5976190	 vleng_Acc:0.2067385
2021-09-15 07:04:45,461 -    ini file updated    
2021-09-15 07:04:45,464 - ===============================|    epoch 40   |===============================
2021-09-15 07:04:46,967 -     0 / 11829 (000%):	 Total:0.6014376	 vleng_Acc:0.3125000	 lr:0.0001285	 Mean_Total:0.6014376
2021-09-15 07:06:53,194 -  2365 / 11829 (019%):	 Total:0.4681347	 vleng_Acc:0.3437500	 lr:0.0001282	 Mean_Total:0.6021183
2021-09-15 07:09:01,839 -  4730 / 11829 (039%):	 Total:0.8646081	 vleng_Acc:0.2812500	 lr:0.0001279	 Mean_Total:0.6025328
2021-09-15 07:11:09,627 -  7095 / 11829 (059%):	 Total:0.5162581	 vleng_Acc:0.2500000	 lr:0.0001275	 Mean_Total:0.6062318
2021-09-15 07:13:20,171 -  9460 / 11829 (079%):	 Total:0.5275295	 vleng_Acc:0.1562500	 lr:0.0001272	 Mean_Total:0.6070395
2021-09-15 07:15:25,283 - 11825 / 11829 (099%):	 Total:0.6331462	 vleng_Acc:0.3125000	 lr:0.0001269	 Mean_Total:0.6080045
2021-09-15 07:15:25,745 - ===============================| start validation |===============================
2021-09-15 07:16:08,629 - 	 Total:0.5942657	 vleng_Acc:0.2074039
2021-09-15 07:16:08,635 -    ini file updated    
2021-09-15 07:16:08,635 - ===============================|    epoch 41   |===============================
2021-09-15 07:16:10,187 -     0 / 11829 (000%):	 Total:0.6895390	 vleng_Acc:0.2500000	 lr:0.0001269	 Mean_Total:0.6895390
2021-09-15 07:18:23,814 -  2365 / 11829 (019%):	 Total:0.4775779	 vleng_Acc:0.2812500	 lr:0.0001266	 Mean_Total:0.6104560
2021-09-15 07:20:38,879 -  4730 / 11829 (039%):	 Total:0.5481662	 vleng_Acc:0.2187500	 lr:0.0001263	 Mean_Total:0.6060592
2021-09-15 07:22:54,506 -  7095 / 11829 (059%):	 Total:0.5697841	 vleng_Acc:0.1250000	 lr:0.0001260	 Mean_Total:0.6070583
2021-09-15 07:25:12,150 -  9460 / 11829 (079%):	 Total:0.7213815	 vleng_Acc:0.1562500	 lr:0.0001257	 Mean_Total:0.6066334
2021-09-15 07:27:31,807 - 11825 / 11829 (099%):	 Total:0.6450478	 vleng_Acc:0.1875000	 lr:0.0001254	 Mean_Total:0.6070809
2021-09-15 07:27:32,176 - ===============================| start validation |===============================
2021-09-15 07:28:19,876 - 	 Total:0.5935781	 vleng_Acc:0.2054922
2021-09-15 07:28:19,883 -    ini file updated    
2021-09-15 07:28:19,884 - ===============================|    epoch 42   |===============================
2021-09-15 07:28:21,349 -     0 / 11829 (000%):	 Total:0.5549372	 vleng_Acc:0.1250000	 lr:0.0001254	 Mean_Total:0.5549372
2021-09-15 07:30:24,326 -  2365 / 11829 (019%):	 Total:0.7430983	 vleng_Acc:0.2500000	 lr:0.0001251	 Mean_Total:0.6083289
2021-09-15 07:32:29,653 -  4730 / 11829 (039%):	 Total:0.4429046	 vleng_Acc:0.1562500	 lr:0.0001248	 Mean_Total:0.6071815
2021-09-15 07:34:33,471 -  7095 / 11829 (059%):	 Total:0.5733935	 vleng_Acc:0.3125000	 lr:0.0001245	 Mean_Total:0.6078612
2021-09-15 07:36:38,852 -  9460 / 11829 (079%):	 Total:0.7425697	 vleng_Acc:0.2500000	 lr:0.0001242	 Mean_Total:0.6078047
2021-09-15 07:38:42,761 - 11825 / 11829 (099%):	 Total:0.3753659	 vleng_Acc:0.1875000	 lr:0.0001239	 Mean_Total:0.6072795
2021-09-15 07:38:43,175 - ===============================| start validation |===============================
2021-09-15 07:39:21,977 - 	 Total:0.5946745	 vleng_Acc:0.2084152
2021-09-15 07:39:21,984 -    ini file updated    
2021-09-15 07:39:21,984 - ===============================|    epoch 43   |===============================
2021-09-15 07:39:23,265 -     0 / 11829 (000%):	 Total:0.7656402	 vleng_Acc:0.1562500	 lr:0.0001239	 Mean_Total:0.7656402
2021-09-15 07:41:38,381 -  2365 / 11829 (019%):	 Total:0.3712147	 vleng_Acc:0.0625000	 lr:0.0001236	 Mean_Total:0.6057553
2021-09-15 07:43:53,146 -  4730 / 11829 (039%):	 Total:0.5177352	 vleng_Acc:0.2187500	 lr:0.0001234	 Mean_Total:0.6058463
2021-09-15 07:46:11,944 -  7095 / 11829 (059%):	 Total:0.6690129	 vleng_Acc:0.3437500	 lr:0.0001231	 Mean_Total:0.6067914
2021-09-15 07:48:31,311 -  9460 / 11829 (079%):	 Total:0.3505082	 vleng_Acc:0.2187500	 lr:0.0001228	 Mean_Total:0.6066020
2021-09-15 07:50:47,055 - 11825 / 11829 (099%):	 Total:0.3661419	 vleng_Acc:0.2500000	 lr:0.0001225	 Mean_Total:0.6078546
2021-09-15 07:50:47,413 - ===============================| start validation |===============================
2021-09-15 07:51:20,904 - 	 Total:0.5928341	 vleng_Acc:0.2064163
2021-09-15 07:51:20,912 -    ini file updated    
2021-09-15 07:51:20,943 - Snapshot saved to /data/users/wergillius/UTR_VAE/pth/RL_3_data_MTL/MDL_pretrain/MDL-model_best_cv3.pth

2021-09-15 07:51:20,944 -    ini file updated    
2021-09-15 07:51:20,944 - ===============================|    epoch 44   |===============================
2021-09-15 07:51:22,148 -     0 / 11829 (000%):	 Total:0.8526822	 vleng_Acc:0.1250000	 lr:0.0001225	 Mean_Total:0.8526822
2021-09-15 07:53:49,895 -  2365 / 11829 (019%):	 Total:0.5919107	 vleng_Acc:0.1250000	 lr:0.0001222	 Mean_Total:0.6007124
2021-09-15 07:56:06,910 -  4730 / 11829 (039%):	 Total:0.8763324	 vleng_Acc:0.1250000	 lr:0.0001220	 Mean_Total:0.6036402
2021-09-15 07:58:28,077 -  7095 / 11829 (059%):	 Total:0.5361447	 vleng_Acc:0.0937500	 lr:0.0001217	 Mean_Total:0.6056281
2021-09-15 08:00:47,233 -  9460 / 11829 (079%):	 Total:0.5055227	 vleng_Acc:0.1875000	 lr:0.0001214	 Mean_Total:0.6070908
2021-09-15 08:02:59,073 - 11825 / 11829 (099%):	 Total:0.5850420	 vleng_Acc:0.2500000	 lr:0.0001211	 Mean_Total:0.6066585
2021-09-15 08:02:59,481 - ===============================| start validation |===============================
2021-09-15 08:03:39,932 - 	 Total:0.5930244	 vleng_Acc:0.2041508
2021-09-15 08:03:39,935 -    ini file updated    
2021-09-15 08:03:39,936 - ===============================|    epoch 45   |===============================
2021-09-15 08:03:40,977 -     0 / 11829 (000%):	 Total:0.4329123	 vleng_Acc:0.2812500	 lr:0.0001211	 Mean_Total:0.4329123
2021-09-15 08:05:46,821 -  2365 / 11829 (019%):	 Total:0.7145478	 vleng_Acc:0.2812500	 lr:0.0001209	 Mean_Total:0.6005150
2021-09-15 08:07:48,546 -  4730 / 11829 (039%):	 Total:0.4831828	 vleng_Acc:0.2500000	 lr:0.0001206	 Mean_Total:0.6016906
2021-09-15 08:09:50,325 -  7095 / 11829 (059%):	 Total:0.5393128	 vleng_Acc:0.1875000	 lr:0.0001203	 Mean_Total:0.6048307
2021-09-15 08:11:51,217 -  9460 / 11829 (079%):	 Total:0.5859748	 vleng_Acc:0.1562500	 lr:0.0001201	 Mean_Total:0.6064440
2021-09-15 08:13:50,447 - 11825 / 11829 (099%):	 Total:0.7177799	 vleng_Acc:0.1250000	 lr:0.0001198	 Mean_Total:0.6064298
2021-09-15 08:13:50,827 - ===============================| start validation |===============================
2021-09-15 08:14:35,270 - 	 Total:0.5938205	 vleng_Acc:0.2060150
2021-09-15 08:14:35,275 -    ini file updated    
2021-09-15 08:14:35,275 - ===============================|    epoch 46   |===============================
2021-09-15 08:14:36,449 -     0 / 11829 (000%):	 Total:0.5464005	 vleng_Acc:0.1562500	 lr:0.0001198	 Mean_Total:0.5464005
2021-09-15 08:16:48,283 -  2365 / 11829 (019%):	 Total:0.4529045	 vleng_Acc:0.3437500	 lr:0.0001196	 Mean_Total:0.6030856
2021-09-15 08:19:09,978 -  4730 / 11829 (039%):	 Total:0.5255697	 vleng_Acc:0.1250000	 lr:0.0001193	 Mean_Total:0.6061564
2021-09-15 08:21:21,150 -  7095 / 11829 (059%):	 Total:0.4968496	 vleng_Acc:0.3750000	 lr:0.0001190	 Mean_Total:0.6067217
2021-09-15 08:23:29,983 -  9460 / 11829 (079%):	 Total:0.5781940	 vleng_Acc:0.2187500	 lr:0.0001188	 Mean_Total:0.6070685
2021-09-15 08:25:34,428 - 11825 / 11829 (099%):	 Total:0.6448511	 vleng_Acc:0.3437500	 lr:0.0001185	 Mean_Total:0.6062700
2021-09-15 08:25:34,946 - ===============================| start validation |===============================
2021-09-15 08:26:25,061 - 	 Total:0.5945341	 vleng_Acc:0.2072481
2021-09-15 08:26:25,068 -    ini file updated    
2021-09-15 08:26:25,069 - ===============================|    epoch 47   |===============================
2021-09-15 08:26:26,184 -     0 / 11829 (000%):	 Total:0.5699660	 vleng_Acc:0.2500000	 lr:0.0001185	 Mean_Total:0.5699660
2021-09-15 08:28:36,058 -  2365 / 11829 (019%):	 Total:0.9619838	 vleng_Acc:0.1562500	 lr:0.0001183	 Mean_Total:0.6080049
2021-09-15 08:30:44,418 -  4730 / 11829 (039%):	 Total:0.5846220	 vleng_Acc:0.2187500	 lr:0.0001180	 Mean_Total:0.6053016
2021-09-15 08:32:52,930 -  7095 / 11829 (059%):	 Total:0.3831066	 vleng_Acc:0.2187500	 lr:0.0001178	 Mean_Total:0.6069561
2021-09-15 08:34:59,410 -  9460 / 11829 (079%):	 Total:0.5244185	 vleng_Acc:0.2812500	 lr:0.0001175	 Mean_Total:0.6078891
2021-09-15 08:37:00,526 - 11825 / 11829 (099%):	 Total:0.7464496	 vleng_Acc:0.1875000	 lr:0.0001173	 Mean_Total:0.6066643
2021-09-15 08:37:00,942 - ===============================| start validation |===============================
2021-09-15 08:37:43,242 - 	 Total:0.5945289	 vleng_Acc:0.2012965
2021-09-15 08:37:43,247 -    ini file updated    
2021-09-15 08:37:43,247 - ===============================|    epoch 48   |===============================
2021-09-15 08:37:44,393 -     0 / 11829 (000%):	 Total:0.5156507	 vleng_Acc:0.1562500	 lr:0.0001173	 Mean_Total:0.5156507
2021-09-15 08:40:00,362 -  2365 / 11829 (019%):	 Total:0.5230372	 vleng_Acc:0.1875000	 lr:0.0001171	 Mean_Total:0.6017255
2021-09-15 08:42:11,380 -  4730 / 11829 (039%):	 Total:0.3810036	 vleng_Acc:0.1875000	 lr:0.0001168	 Mean_Total:0.6033993
2021-09-15 08:44:26,541 -  7095 / 11829 (059%):	 Total:0.8618236	 vleng_Acc:0.1250000	 lr:0.0001166	 Mean_Total:0.6043258
2021-09-15 08:46:38,891 -  9460 / 11829 (079%):	 Total:0.3776912	 vleng_Acc:0.1875000	 lr:0.0001163	 Mean_Total:0.6054464
2021-09-15 08:48:51,660 - 11825 / 11829 (099%):	 Total:0.7029009	 vleng_Acc:0.1250000	 lr:0.0001161	 Mean_Total:0.6057208
2021-09-15 08:48:52,133 - ===============================| start validation |===============================
2021-09-15 08:49:35,929 - 	 Total:0.5929386	 vleng_Acc:0.2057668
2021-09-15 08:49:35,935 -    ini file updated    
2021-09-15 08:49:35,935 - ===============================|    epoch 49   |===============================
2021-09-15 08:49:37,248 -     0 / 11829 (000%):	 Total:0.6032479	 vleng_Acc:0.1562500	 lr:0.0001161	 Mean_Total:0.6032479
2021-09-15 08:51:39,310 -  2365 / 11829 (019%):	 Total:0.5417020	 vleng_Acc:0.2187500	 lr:0.0001159	 Mean_Total:0.6061191
2021-09-15 08:53:42,174 -  4730 / 11829 (039%):	 Total:0.5899832	 vleng_Acc:0.1562500	 lr:0.0001156	 Mean_Total:0.6064504
2021-09-15 08:55:37,797 -  7095 / 11829 (059%):	 Total:0.5598145	 vleng_Acc:0.1562500	 lr:0.0001154	 Mean_Total:0.6058918
2021-09-15 08:57:39,285 -  9460 / 11829 (079%):	 Total:0.4205327	 vleng_Acc:0.2500000	 lr:0.0001152	 Mean_Total:0.6058906
2021-09-15 08:59:35,091 - 11825 / 11829 (099%):	 Total:0.8010392	 vleng_Acc:0.1875000	 lr:0.0001149	 Mean_Total:0.6054965
2021-09-15 08:59:35,523 - ===============================| start validation |===============================
2021-09-15 09:00:18,263 - 	 Total:0.5921125	 vleng_Acc:0.2054183
2021-09-15 09:00:18,267 -    ini file updated    
2021-09-15 09:00:18,295 - Snapshot saved to /data/users/wergillius/UTR_VAE/pth/RL_3_data_MTL/MDL_pretrain/MDL-model_best_cv3.pth

2021-09-15 09:00:18,296 -    ini file updated    
2021-09-15 09:00:18,297 - ===============================|    epoch 50   |===============================
2021-09-15 09:00:19,599 -     0 / 11829 (000%):	 Total:0.5022461	 vleng_Acc:0.1250000	 lr:0.0001149	 Mean_Total:0.5022461
2021-09-15 09:02:28,409 -  2365 / 11829 (019%):	 Total:0.8541641	 vleng_Acc:0.1250000	 lr:0.0001147	 Mean_Total:0.6051117
2021-09-15 09:04:31,779 -  4730 / 11829 (039%):	 Total:0.6099796	 vleng_Acc:0.1250000	 lr:0.0001145	 Mean_Total:0.6038559
2021-09-15 09:06:36,449 -  7095 / 11829 (059%):	 Total:0.6861814	 vleng_Acc:0.3125000	 lr:0.0001142	 Mean_Total:0.6042070
2021-09-15 09:08:43,912 -  9460 / 11829 (079%):	 Total:0.6954654	 vleng_Acc:0.1250000	 lr:0.0001140	 Mean_Total:0.6048226
2021-09-15 09:10:58,467 - 11825 / 11829 (099%):	 Total:0.4988214	 vleng_Acc:0.2812500	 lr:0.0001138	 Mean_Total:0.6061344
2021-09-15 09:10:58,936 - ===============================| start validation |===============================
2021-09-15 09:11:51,818 - 	 Total:0.5952343	 vleng_Acc:0.2088192
2021-09-15 09:11:51,825 -    ini file updated    
2021-09-15 09:11:51,825 - ===============================|    epoch 51   |===============================
2021-09-15 09:11:53,061 -     0 / 11829 (000%):	 Total:0.7084652	 vleng_Acc:0.1562500	 lr:0.0001138	 Mean_Total:0.7084652
2021-09-15 09:14:09,185 -  2365 / 11829 (019%):	 Total:0.6784741	 vleng_Acc:0.1250000	 lr:0.0001136	 Mean_Total:0.6052315
2021-09-15 09:16:22,604 -  4730 / 11829 (039%):	 Total:0.5460541	 vleng_Acc:0.2500000	 lr:0.0001134	 Mean_Total:0.6086649
2021-09-15 09:18:32,594 -  7095 / 11829 (059%):	 Total:0.6591016	 vleng_Acc:0.1562500	 lr:0.0001131	 Mean_Total:0.6072078
2021-09-15 09:20:40,679 -  9460 / 11829 (079%):	 Total:0.4770222	 vleng_Acc:0.1875000	 lr:0.0001129	 Mean_Total:0.6071212
2021-09-15 09:22:59,542 - 11825 / 11829 (099%):	 Total:0.4702035	 vleng_Acc:0.2500000	 lr:0.0001127	 Mean_Total:0.6073121
2021-09-15 09:22:59,994 - ===============================| start validation |===============================
2021-09-15 09:23:55,956 - 	 Total:0.5955500	 vleng_Acc:0.2093235
2021-09-15 09:23:55,961 -    ini file updated    
2021-09-15 09:23:55,985 - Snapshot saved to /data/users/wergillius/UTR_VAE/pth/RL_3_data_MTL/MDL_pretrain/MDL-model_best_cv3.pth

2021-09-15 09:23:55,986 -    ini file updated    
2021-09-15 09:23:55,986 - ===============================|    epoch 52   |===============================
2021-09-15 09:23:57,417 -     0 / 11829 (000%):	 Total:0.4789773	 vleng_Acc:0.1875000	 lr:0.0001127	 Mean_Total:0.4789773
2021-09-15 09:26:22,148 -  2365 / 11829 (019%):	 Total:0.5150270	 vleng_Acc:0.1875000	 lr:0.0001125	 Mean_Total:0.6031466
2021-09-15 09:28:39,875 -  4730 / 11829 (039%):	 Total:0.5474015	 vleng_Acc:0.2187500	 lr:0.0001123	 Mean_Total:0.6061649
2021-09-15 09:30:56,176 -  7095 / 11829 (059%):	 Total:0.3551561	 vleng_Acc:0.4062500	 lr:0.0001121	 Mean_Total:0.6066538
2021-09-15 09:33:25,322 -  9460 / 11829 (079%):	 Total:0.4063776	 vleng_Acc:0.1562500	 lr:0.0001118	 Mean_Total:0.6063899
2021-09-15 09:36:19,230 - 11825 / 11829 (099%):	 Total:0.7253255	 vleng_Acc:0.1875000	 lr:0.0001116	 Mean_Total:0.6062124
2021-09-15 09:36:19,682 - ===============================| start validation |===============================
2021-09-15 09:37:11,096 - 	 Total:0.5929955	 vleng_Acc:0.2082594
2021-09-15 09:37:11,103 -    ini file updated    
2021-09-15 09:37:11,103 - ===============================|    epoch 53   |===============================
2021-09-15 09:37:12,579 -     0 / 11829 (000%):	 Total:0.7465149	 vleng_Acc:0.0937500	 lr:0.0001116	 Mean_Total:0.7465149
2021-09-15 09:39:20,400 -  2365 / 11829 (019%):	 Total:0.5610713	 vleng_Acc:0.2187500	 lr:0.0001114	 Mean_Total:0.6058736
2021-09-15 09:41:17,609 -  4730 / 11829 (039%):	 Total:0.4477922	 vleng_Acc:0.1875000	 lr:0.0001112	 Mean_Total:0.6054487
2021-09-15 09:43:07,673 -  7095 / 11829 (059%):	 Total:0.6875937	 vleng_Acc:0.3437500	 lr:0.0001110	 Mean_Total:0.6058963
2021-09-15 09:45:11,809 -  9460 / 11829 (079%):	 Total:0.6044754	 vleng_Acc:0.2187500	 lr:0.0001108	 Mean_Total:0.6047324
2021-09-15 09:46:58,512 - 11825 / 11829 (099%):	 Total:0.4509681	 vleng_Acc:0.2812500	 lr:0.0001106	 Mean_Total:0.6047951
2021-09-15 09:46:58,974 - ===============================| start validation |===============================
2021-09-15 09:47:48,754 - 	 Total:0.6012890	 vleng_Acc:0.2074039
2021-09-15 09:47:48,758 -    ini file updated    
2021-09-15 09:47:48,759 - ===============================|    epoch 54   |===============================
2021-09-15 09:47:50,109 -     0 / 11829 (000%):	 Total:0.5082568	 vleng_Acc:0.2187500	 lr:0.0001106	 Mean_Total:0.5082568
2021-09-15 09:50:10,939 -  2365 / 11829 (019%):	 Total:0.6027088	 vleng_Acc:0.2500000	 lr:0.0001104	 Mean_Total:0.6054286
2021-09-15 09:52:26,475 -  4730 / 11829 (039%):	 Total:0.6122647	 vleng_Acc:0.0625000	 lr:0.0001102	 Mean_Total:0.6052627
2021-09-15 09:54:29,138 -  7095 / 11829 (059%):	 Total:0.7099290	 vleng_Acc:0.2187500	 lr:0.0001100	 Mean_Total:0.6051693
2021-09-15 09:56:55,557 -  9460 / 11829 (079%):	 Total:0.6692313	 vleng_Acc:0.1875000	 lr:0.0001098	 Mean_Total:0.6042167
2021-09-15 09:59:14,642 - 11825 / 11829 (099%):	 Total:0.5004193	 vleng_Acc:0.1562500	 lr:0.0001096	 Mean_Total:0.6046315
2021-09-15 09:59:15,118 - ===============================| start validation |===============================
2021-09-15 10:00:07,260 - 	 Total:0.5922992	 vleng_Acc:0.2068573
2021-09-15 10:00:07,265 -    ini file updated    
2021-09-15 10:00:07,265 - ===============================|    epoch 55   |===============================
2021-09-15 10:00:08,674 -     0 / 11829 (000%):	 Total:0.7222815	 vleng_Acc:0.1562500	 lr:0.0001096	 Mean_Total:0.7222815
2021-09-15 10:02:16,893 -  2365 / 11829 (019%):	 Total:0.6844002	 vleng_Acc:0.1250000	 lr:0.0001094	 Mean_Total:0.6058590
2021-09-15 10:04:21,078 -  4730 / 11829 (039%):	 Total:0.7109573	 vleng_Acc:0.2500000	 lr:0.0001092	 Mean_Total:0.6042593
2021-09-15 10:06:20,492 -  7095 / 11829 (059%):	 Total:0.6179142	 vleng_Acc:0.0937500	 lr:0.0001090	 Mean_Total:0.6062023
2021-09-15 10:08:21,006 -  9460 / 11829 (079%):	 Total:0.6824841	 vleng_Acc:0.1875000	 lr:0.0001088	 Mean_Total:0.6050175
2021-09-15 10:10:19,456 - 11825 / 11829 (099%):	 Total:0.5424185	 vleng_Acc:0.2500000	 lr:0.0001086	 Mean_Total:0.6053979
2021-09-15 10:10:19,929 - ===============================| start validation |===============================
2021-09-15 10:11:09,487 - 	 Total:0.5930130	 vleng_Acc:0.2071319
2021-09-15 10:11:09,492 -    ini file updated    
2021-09-15 10:11:09,492 - ===============================|    epoch 56   |===============================
2021-09-15 10:11:10,882 -     0 / 11829 (000%):	 Total:0.7590711	 vleng_Acc:0.1875000	 lr:0.0001086	 Mean_Total:0.7590711
2021-09-15 10:13:44,225 -  2365 / 11829 (019%):	 Total:0.7545466	 vleng_Acc:0.2500000	 lr:0.0001084	 Mean_Total:0.6068042
2021-09-15 10:16:15,905 -  4730 / 11829 (039%):	 Total:0.5629671	 vleng_Acc:0.3437500	 lr:0.0001082	 Mean_Total:0.6062611
2021-09-15 10:18:35,273 -  7095 / 11829 (059%):	 Total:0.6824287	 vleng_Acc:0.2187500	 lr:0.0001080	 Mean_Total:0.6052325
2021-09-15 10:21:08,126 -  9460 / 11829 (079%):	 Total:0.5402080	 vleng_Acc:0.1250000	 lr:0.0001078	 Mean_Total:0.6042165
2021-09-15 10:23:38,454 - 11825 / 11829 (099%):	 Total:0.6629238	 vleng_Acc:0.1875000	 lr:0.0001076	 Mean_Total:0.6047904
2021-09-15 10:23:38,966 - ===============================| start validation |===============================
2021-09-15 10:24:35,254 - 	 Total:0.5939824	 vleng_Acc:0.2046367
2021-09-15 10:24:35,262 -    ini file updated    
2021-09-15 10:24:35,262 - ===============================|    epoch 57   |===============================
2021-09-15 10:24:36,410 -     0 / 11829 (000%):	 Total:0.5803487	 vleng_Acc:0.1875000	 lr:0.0001076	 Mean_Total:0.5803487
2021-09-15 10:26:45,499 -  2365 / 11829 (019%):	 Total:0.6652036	 vleng_Acc:0.2500000	 lr:0.0001075	 Mean_Total:0.6090014
2021-09-15 10:28:48,370 -  4730 / 11829 (039%):	 Total:0.4971702	 vleng_Acc:0.3125000	 lr:0.0001073	 Mean_Total:0.6016769
2021-09-15 10:30:48,128 -  7095 / 11829 (059%):	 Total:0.8339229	 vleng_Acc:0.1562500	 lr:0.0001071	 Mean_Total:0.6020307
2021-09-15 10:32:54,559 -  9460 / 11829 (079%):	 Total:0.4624070	 vleng_Acc:0.2187500	 lr:0.0001069	 Mean_Total:0.6047011
2021-09-15 10:34:55,760 - 11825 / 11829 (099%):	 Total:0.7291654	 vleng_Acc:0.2812500	 lr:0.0001067	 Mean_Total:0.6048745
2021-09-15 10:34:56,266 - ===============================| start validation |===============================
2021-09-15 10:35:52,761 - 	 Total:0.5947658	 vleng_Acc:0.2087004
2021-09-15 10:35:52,770 -    ini file updated    
2021-09-15 10:35:52,770 - ===============================|    epoch 58   |===============================
2021-09-15 10:35:54,076 -     0 / 11829 (000%):	 Total:0.3582261	 vleng_Acc:0.1875000	 lr:0.0001067	 Mean_Total:0.3582261
2021-09-15 10:38:27,960 -  2365 / 11829 (019%):	 Total:0.3236750	 vleng_Acc:0.2500000	 lr:0.0001065	 Mean_Total:0.6060890
2021-09-15 10:41:11,100 -  4730 / 11829 (039%):	 Total:0.6313307	 vleng_Acc:0.2812500	 lr:0.0001063	 Mean_Total:0.6069873
2021-09-15 10:43:17,577 -  7095 / 11829 (059%):	 Total:0.4704369	 vleng_Acc:0.1250000	 lr:0.0001062	 Mean_Total:0.6059128
2021-09-15 10:45:10,261 -  9460 / 11829 (079%):	 Total:0.8043963	 vleng_Acc:0.1875000	 lr:0.0001060	 Mean_Total:0.6057233
2021-09-15 10:46:48,005 - 11825 / 11829 (099%):	 Total:0.4984910	 vleng_Acc:0.3437500	 lr:0.0001058	 Mean_Total:0.6045248
2021-09-15 10:46:48,251 - ===============================| start validation |===============================
2021-09-15 10:47:06,636 - 	 Total:0.5925657	 vleng_Acc:0.2069101
2021-09-15 10:47:06,640 -    ini file updated    
2021-09-15 10:47:06,640 - ===============================|    epoch 59   |===============================
2021-09-15 10:47:07,613 -     0 / 11829 (000%):	 Total:0.8218982	 vleng_Acc:0.0937500	 lr:0.0001058	 Mean_Total:0.8218982
2021-09-15 10:48:49,923 -  2365 / 11829 (019%):	 Total:0.6777473	 vleng_Acc:0.1562500	 lr:0.0001056	 Mean_Total:0.6090962
2021-09-15 10:50:23,191 -  4730 / 11829 (039%):	 Total:0.5224270	 vleng_Acc:0.2500000	 lr:0.0001054	 Mean_Total:0.6067394
2021-09-15 10:52:04,366 -  7095 / 11829 (059%):	 Total:0.6854006	 vleng_Acc:0.2187500	 lr:0.0001053	 Mean_Total:0.6052520
2021-09-15 10:53:42,212 -  9460 / 11829 (079%):	 Total:0.4982817	 vleng_Acc:0.1562500	 lr:0.0001051	 Mean_Total:0.6045550
2021-09-15 10:55:19,230 - 11825 / 11829 (099%):	 Total:0.6025717	 vleng_Acc:0.2500000	 lr:0.0001049	 Mean_Total:0.6054339
2021-09-15 10:55:19,494 - ===============================| start validation |===============================
2021-09-15 10:55:37,632 - 	 Total:0.5925268	 vleng_Acc:0.2084416
2021-09-15 10:55:37,635 -    ini file updated    
2021-09-15 10:55:37,635 - ===============================|    epoch 60   |===============================
2021-09-15 10:55:38,692 -     0 / 11829 (000%):	 Total:0.6236389	 vleng_Acc:0.1875000	 lr:0.0001049	 Mean_Total:0.6236389
2021-09-15 10:56:46,462 -  2365 / 11829 (019%):	 Total:0.3415146	 vleng_Acc:0.2812500	 lr:0.0001047	 Mean_Total:0.6008749
2021-09-15 10:57:51,822 -  4730 / 11829 (039%):	 Total:0.7443272	 vleng_Acc:0.2187500	 lr:0.0001046	 Mean_Total:0.6024677
2021-09-15 10:58:54,394 -  7095 / 11829 (059%):	 Total:0.3864881	 vleng_Acc:0.1562500	 lr:0.0001044	 Mean_Total:0.6047812
2021-09-15 10:59:58,152 -  9460 / 11829 (079%):	 Total:0.8220215	 vleng_Acc:0.2812500	 lr:0.0001042	 Mean_Total:0.6057607
2021-09-15 11:01:17,335 - 11825 / 11829 (099%):	 Total:0.6082720	 vleng_Acc:0.2500000	 lr:0.0001041	 Mean_Total:0.6042167
2021-09-15 11:01:17,585 - ===============================| start validation |===============================
2021-09-15 11:01:43,372 - 	 Total:0.5983024	 vleng_Acc:0.2092364
2021-09-15 11:01:43,376 -    ini file updated    
