2021-08-20 17:51:11,514 - 
===============================|    epoch 0   |===============================

2021-08-20 17:51:15,780 -     0 /   301 (0.0%):	 Total:0.6406889	 m_precision:1.0000000	 m_recall:1.0000000	 m_f1-score:1.0000000	 m_support:12.0000000	 Mean_Total:0.6406889
2021-08-20 17:51:16,977 -    60 /   301 (19.9%):	 Total:0.8479193	 m_precision:0.3750000	 m_recall:0.5000000	 m_f1-score:0.4285714	 m_support:12.0000000	 Mean_Total:0.7566082
2021-08-20 17:51:18,014 -   120 /   301 (39.9%):	 Total:0.8318394	 m_precision:0.3750000	 m_recall:0.5000000	 m_f1-score:0.4285714	 m_support:12.0000000	 Mean_Total:0.7571727
2021-08-20 17:51:19,372 -   180 /   301 (59.8%):	 Total:0.5421109	 m_precision:1.0000000	 m_recall:1.0000000	 m_f1-score:1.0000000	 m_support:12.0000000	 Mean_Total:0.7534004
2021-08-20 17:51:20,435 -   240 /   301 (79.7%):	 Total:0.6287164	 m_precision:0.4583333	 m_recall:0.5000000	 m_f1-score:0.4782609	 m_support:12.0000000	 Mean_Total:0.7484554
2021-08-20 17:51:21,478 -   300 /   301 (99.7%):	 Total:1.0023061	 m_precision:0.3125000	 m_recall:0.5000000	 m_f1-score:0.3846154	 m_support:8.0000000	 Mean_Total:0.7424388
2021-08-20 17:51:22,857 - 
===============================| start validation |===============================

2021-08-20 17:51:22,858 - 	 Total:0.6914915	 m_precision:0.5095137	 m_recall:0.5813953	 m_f1-score:0.5406469	 m_support:11.9767442
2021-08-20 17:51:22,865 -    ini file updated    
2021-08-20 17:51:22,907 - Snapshot saved to /data/users/wergillius/UTR_VAE/pth/Cross_stitch_classifier_MTL/tune_hidden_size/h10-model_best.pth

2021-08-20 17:51:22,907 -    ini file updated    
2021-08-20 17:51:22,907 - 
===============================|    epoch 1   |===============================

2021-08-20 17:51:23,369 -     0 /   301 (0.0%):	 Total:0.7347033	 m_precision:0.4166667	 m_recall:0.5000000	 m_f1-score:0.4545455	 m_support:12.0000000	 Mean_Total:0.7347033
2021-08-20 17:51:24,745 -    60 /   301 (19.9%):	 Total:0.7143760	 m_precision:0.4166667	 m_recall:0.5000000	 m_f1-score:0.4545455	 m_support:12.0000000	 Mean_Total:0.7116819
2021-08-20 17:51:26,117 -   120 /   301 (39.9%):	 Total:0.7086295	 m_precision:0.4166667	 m_recall:0.5000000	 m_f1-score:0.4545455	 m_support:12.0000000	 Mean_Total:0.7320632
2021-08-20 17:51:27,461 -   180 /   301 (59.8%):	 Total:0.8561041	 m_precision:0.3750000	 m_recall:0.5000000	 m_f1-score:0.4285714	 m_support:12.0000000	 Mean_Total:0.7232071
2021-08-20 17:51:28,749 -   240 /   301 (79.7%):	 Total:0.6941752	 m_precision:0.4166667	 m_recall:0.5000000	 m_f1-score:0.4545455	 m_support:12.0000000	 Mean_Total:0.7153093
2021-08-20 17:51:30,208 -   300 /   301 (99.7%):	 Total:0.3963472	 m_precision:1.0000000	 m_recall:1.0000000	 m_f1-score:1.0000000	 m_support:8.0000000	 Mean_Total:0.7001563
2021-08-20 17:51:31,637 - 
===============================| start validation |===============================

2021-08-20 17:51:31,638 - 	 Total:0.6601317	 m_precision:0.4861698	 m_recall:0.5581395	 m_f1-score:0.5183129	 m_support:11.9767442
2021-08-20 17:51:31,642 -    ini file updated    
2021-08-20 17:51:31,687 - Snapshot saved to /data/users/wergillius/UTR_VAE/pth/Cross_stitch_classifier_MTL/tune_hidden_size/h10-model_best.pth

2021-08-20 17:51:31,687 -    ini file updated    
2021-08-20 17:51:31,687 - 
===============================|    epoch 2   |===============================

2021-08-20 17:51:32,157 -     0 /   301 (0.0%):	 Total:0.7086648	 m_precision:0.4166667	 m_recall:0.5000000	 m_f1-score:0.4545455	 m_support:12.0000000	 Mean_Total:0.7086648
2021-08-20 17:51:33,554 -    60 /   301 (19.9%):	 Total:0.7079459	 m_precision:0.4166667	 m_recall:0.5000000	 m_f1-score:0.4545455	 m_support:12.0000000	 Mean_Total:0.6724788
2021-08-20 17:51:34,854 -   120 /   301 (39.9%):	 Total:0.5372764	 m_precision:0.4583333	 m_recall:0.5000000	 m_f1-score:0.4782609	 m_support:12.0000000	 Mean_Total:0.6718610
2021-08-20 17:51:36,087 -   180 /   301 (59.8%):	 Total:0.6881830	 m_precision:0.4166667	 m_recall:0.5000000	 m_f1-score:0.4545455	 m_support:12.0000000	 Mean_Total:0.6830348
2021-08-20 17:51:37,406 -   240 /   301 (79.7%):	 Total:0.8524408	 m_precision:0.3750000	 m_recall:0.5000000	 m_f1-score:0.4285714	 m_support:12.0000000	 Mean_Total:0.6804130
2021-08-20 17:51:38,643 -   300 /   301 (99.7%):	 Total:1.1221336	 m_precision:0.3125000	 m_recall:0.5000000	 m_f1-score:0.3846154	 m_support:8.0000000	 Mean_Total:0.6872152
2021-08-20 17:51:40,026 - 
===============================| start validation |===============================

2021-08-20 17:51:40,028 - 	 Total:0.6502839	 m_precision:0.5095137	 m_recall:0.5813953	 m_f1-score:0.5409544	 m_support:11.9767442
2021-08-20 17:51:40,032 -    ini file updated    
2021-08-20 17:51:40,073 - Snapshot saved to /data/users/wergillius/UTR_VAE/pth/Cross_stitch_classifier_MTL/tune_hidden_size/h10-model_best.pth

2021-08-20 17:51:40,074 -    ini file updated    
2021-08-20 17:51:40,074 - 
===============================|    epoch 3   |===============================

2021-08-20 17:51:40,547 -     0 /   301 (0.0%):	 Total:0.8580126	 m_precision:0.3750000	 m_recall:0.5000000	 m_f1-score:0.4285714	 m_support:12.0000000	 Mean_Total:0.8580126
2021-08-20 17:51:41,773 -    60 /   301 (19.9%):	 Total:1.0215154	 m_precision:0.3333333	 m_recall:0.5000000	 m_f1-score:0.4000000	 m_support:12.0000000	 Mean_Total:0.6955739
2021-08-20 17:51:43,190 -   120 /   301 (39.9%):	 Total:1.0339854	 m_precision:0.3333333	 m_recall:0.5000000	 m_f1-score:0.4000000	 m_support:12.0000000	 Mean_Total:0.6830724
2021-08-20 17:51:44,429 -   180 /   301 (59.8%):	 Total:0.3513652	 m_precision:1.0000000	 m_recall:1.0000000	 m_f1-score:1.0000000	 m_support:12.0000000	 Mean_Total:0.6906670
2021-08-20 17:51:45,609 -   240 /   301 (79.7%):	 Total:0.8712616	 m_precision:0.3750000	 m_recall:0.5000000	 m_f1-score:0.4285714	 m_support:12.0000000	 Mean_Total:0.6858974
2021-08-20 17:51:46,756 -   300 /   301 (99.7%):	 Total:0.6178614	 m_precision:0.4375000	 m_recall:0.5000000	 m_f1-score:0.4666667	 m_support:8.0000000	 Mean_Total:0.6831728
2021-08-20 17:51:48,029 - 
===============================| start validation |===============================

2021-08-20 17:51:48,031 - 	 Total:0.6470761	 m_precision:0.4979739	 m_recall:0.5697674	 m_f1-score:0.5293598	 m_support:11.9767442
2021-08-20 17:51:48,034 -    ini file updated    
2021-08-20 17:51:48,069 - Snapshot saved to /data/users/wergillius/UTR_VAE/pth/Cross_stitch_classifier_MTL/tune_hidden_size/h10-model_best.pth

2021-08-20 17:51:48,070 -    ini file updated    
2021-08-20 17:51:48,070 - 
===============================|    epoch 4   |===============================

2021-08-20 17:51:48,474 -     0 /   301 (0.0%):	 Total:1.0437003	 m_precision:0.3333333	 m_recall:0.5000000	 m_f1-score:0.4000000	 m_support:12.0000000	 Mean_Total:1.0437003
2021-08-20 17:51:49,619 -    60 /   301 (19.9%):	 Total:0.3466303	 m_precision:1.0000000	 m_recall:1.0000000	 m_f1-score:1.0000000	 m_support:12.0000000	 Mean_Total:0.6829378
2021-08-20 17:51:50,901 -   120 /   301 (39.9%):	 Total:0.7038841	 m_precision:0.4166667	 m_recall:0.5000000	 m_f1-score:0.4545455	 m_support:12.0000000	 Mean_Total:0.6848856
2021-08-20 17:51:52,252 -   180 /   301 (59.8%):	 Total:0.5120073	 m_precision:0.4583333	 m_recall:0.5000000	 m_f1-score:0.4782609	 m_support:12.0000000	 Mean_Total:0.6893761
2021-08-20 17:51:53,587 -   240 /   301 (79.7%):	 Total:0.3376682	 m_precision:1.0000000	 m_recall:1.0000000	 m_f1-score:1.0000000	 m_support:12.0000000	 Mean_Total:0.6832809
2021-08-20 17:51:54,846 -   300 /   301 (99.7%):	 Total:0.8712947	 m_precision:0.3750000	 m_recall:0.5000000	 m_f1-score:0.4285714	 m_support:8.0000000	 Mean_Total:0.6824481
2021-08-20 17:51:56,262 - 
===============================| start validation |===============================

2021-08-20 17:51:56,263 - 	 Total:0.6458386	 m_precision:0.5327696	 m_recall:0.6046512	 m_f1-score:0.5644394	 m_support:11.9767442
2021-08-20 17:51:56,266 -    ini file updated    
2021-08-20 17:51:56,307 - Snapshot saved to /data/users/wergillius/UTR_VAE/pth/Cross_stitch_classifier_MTL/tune_hidden_size/h10-model_best.pth

2021-08-20 17:51:56,308 -    ini file updated    
2021-08-20 17:51:56,308 - 
===============================|    epoch 5   |===============================

2021-08-20 17:51:56,760 -     0 /   301 (0.0%):	 Total:0.5243728	 m_precision:0.4583333	 m_recall:0.5000000	 m_f1-score:0.4782609	 m_support:12.0000000	 Mean_Total:0.5243728
2021-08-20 17:51:58,205 -    60 /   301 (19.9%):	 Total:0.5123366	 m_precision:0.4583333	 m_recall:0.5000000	 m_f1-score:0.4782609	 m_support:12.0000000	 Mean_Total:0.6832215
2021-08-20 17:51:59,581 -   120 /   301 (39.9%):	 Total:0.5136633	 m_precision:0.4583333	 m_recall:0.5000000	 m_f1-score:0.4782609	 m_support:12.0000000	 Mean_Total:0.6779819
2021-08-20 17:52:00,760 -   180 /   301 (59.8%):	 Total:0.6975476	 m_precision:0.4166667	 m_recall:0.5000000	 m_f1-score:0.4545455	 m_support:12.0000000	 Mean_Total:0.6716410
2021-08-20 17:52:01,981 -   240 /   301 (79.7%):	 Total:0.8726115	 m_precision:0.3750000	 m_recall:0.5000000	 m_f1-score:0.4285714	 m_support:12.0000000	 Mean_Total:0.6774479
2021-08-20 17:52:03,349 -   300 /   301 (99.7%):	 Total:0.8835617	 m_precision:0.3750000	 m_recall:0.5000000	 m_f1-score:0.4285714	 m_support:8.0000000	 Mean_Total:0.6822441
2021-08-20 17:52:04,875 - 
===============================| start validation |===============================

2021-08-20 17:52:04,876 - 	 Total:0.6459930	 m_precision:0.4862579	 m_recall:0.5581395	 m_f1-score:0.5183821	 m_support:11.9767442
2021-08-20 17:52:04,879 -    ini file updated    
2021-08-20 17:52:04,880 - 
===============================|    epoch 6   |===============================

2021-08-20 17:52:05,324 -     0 /   301 (0.0%):	 Total:0.8664541	 m_precision:0.3750000	 m_recall:0.5000000	 m_f1-score:0.4285714	 m_support:12.0000000	 Mean_Total:0.8664541
2021-08-20 17:52:06,827 -    60 /   301 (19.9%):	 Total:0.5120977	 m_precision:0.4583333	 m_recall:0.5000000	 m_f1-score:0.4782609	 m_support:12.0000000	 Mean_Total:0.6873277
2021-08-20 17:52:08,189 -   120 /   301 (39.9%):	 Total:0.6795988	 m_precision:0.4166667	 m_recall:0.5000000	 m_f1-score:0.4545455	 m_support:12.0000000	 Mean_Total:0.6816189
2021-08-20 17:52:09,406 -   180 /   301 (59.8%):	 Total:0.8543526	 m_precision:0.3750000	 m_recall:0.5000000	 m_f1-score:0.4285714	 m_support:12.0000000	 Mean_Total:0.6941024
2021-08-20 17:52:10,698 -   240 /   301 (79.7%):	 Total:0.7018282	 m_precision:0.4166667	 m_recall:0.5000000	 m_f1-score:0.4545455	 m_support:12.0000000	 Mean_Total:0.6821220
2021-08-20 17:52:11,914 -   300 /   301 (99.7%):	 Total:0.3418940	 m_precision:1.0000000	 m_recall:1.0000000	 m_f1-score:1.0000000	 m_support:8.0000000	 Mean_Total:0.6813764
2021-08-20 17:52:13,498 - 
===============================| start validation |===============================

2021-08-20 17:52:13,500 - 	 Total:0.6464258	 m_precision:0.4978858	 m_recall:0.5697674	 m_f1-score:0.5297460	 m_support:11.9767442
2021-08-20 17:52:13,503 -    ini file updated    
2021-08-20 17:52:13,503 - 
===============================|    epoch 7   |===============================

2021-08-20 17:52:13,953 -     0 /   301 (0.0%):	 Total:0.8768064	 m_precision:0.3750000	 m_recall:0.5000000	 m_f1-score:0.4285714	 m_support:12.0000000	 Mean_Total:0.8768064
2021-08-20 17:52:15,222 -    60 /   301 (19.9%):	 Total:0.8774115	 m_precision:0.3750000	 m_recall:0.5000000	 m_f1-score:0.4285714	 m_support:12.0000000	 Mean_Total:0.6893848
2021-08-20 17:52:16,409 -   120 /   301 (39.9%):	 Total:1.0496324	 m_precision:0.3333333	 m_recall:0.5000000	 m_f1-score:0.4000000	 m_support:12.0000000	 Mean_Total:0.6962333
2021-08-20 17:52:17,628 -   180 /   301 (59.8%):	 Total:1.0875628	 m_precision:0.3333333	 m_recall:0.5000000	 m_f1-score:0.4000000	 m_support:12.0000000	 Mean_Total:0.6859163
2021-08-20 17:52:18,978 -   240 /   301 (79.7%):	 Total:0.3409705	 m_precision:1.0000000	 m_recall:1.0000000	 m_f1-score:1.0000000	 m_support:12.0000000	 Mean_Total:0.6904698
2021-08-20 17:52:20,157 -   300 /   301 (99.7%):	 Total:0.3318962	 m_precision:1.0000000	 m_recall:1.0000000	 m_f1-score:1.0000000	 m_support:8.0000000	 Mean_Total:0.6806716
2021-08-20 17:52:21,594 - 
===============================| start validation |===============================

2021-08-20 17:52:21,596 - 	 Total:0.6445125	 m_precision:0.5213178	 m_recall:0.5930233	 m_f1-score:0.5527898	 m_support:11.9767442
2021-08-20 17:52:21,602 -    ini file updated    
2021-08-20 17:52:21,666 - Snapshot saved to /data/users/wergillius/UTR_VAE/pth/Cross_stitch_classifier_MTL/tune_hidden_size/h10-model_best.pth

2021-08-20 17:52:21,666 -    ini file updated    
2021-08-20 17:52:21,667 - 
===============================|    epoch 8   |===============================

2021-08-20 17:52:22,162 -     0 /   301 (0.0%):	 Total:0.3362746	 m_precision:1.0000000	 m_recall:1.0000000	 m_f1-score:1.0000000	 m_support:12.0000000	 Mean_Total:0.3362746
2021-08-20 17:52:23,410 -    60 /   301 (19.9%):	 Total:0.6700397	 m_precision:0.4166667	 m_recall:0.5000000	 m_f1-score:0.4545455	 m_support:12.0000000	 Mean_Total:0.6661354
2021-08-20 17:52:24,616 -   120 /   301 (39.9%):	 Total:0.6959831	 m_precision:0.4166667	 m_recall:0.5000000	 m_f1-score:0.4545455	 m_support:12.0000000	 Mean_Total:0.6660127
2021-08-20 17:52:26,044 -   180 /   301 (59.8%):	 Total:0.8765573	 m_precision:0.3750000	 m_recall:0.5000000	 m_f1-score:0.4285714	 m_support:12.0000000	 Mean_Total:0.6736330
2021-08-20 17:52:27,381 -   240 /   301 (79.7%):	 Total:0.3306413	 m_precision:1.0000000	 m_recall:1.0000000	 m_f1-score:1.0000000	 m_support:12.0000000	 Mean_Total:0.6788909
2021-08-20 17:52:28,457 -   300 /   301 (99.7%):	 Total:0.9023582	 m_precision:0.3750000	 m_recall:0.5000000	 m_f1-score:0.4285714	 m_support:8.0000000	 Mean_Total:0.6808357
2021-08-20 17:52:29,830 - 
===============================| start validation |===============================

2021-08-20 17:52:29,831 - 	 Total:0.6454590	 m_precision:0.4630021	 m_recall:0.5348837	 m_f1-score:0.4952103	 m_support:11.9767442
2021-08-20 17:52:29,835 -    ini file updated    
2021-08-20 17:52:29,835 - 
===============================|    epoch 9   |===============================

2021-08-20 17:52:30,295 -     0 /   301 (0.0%):	 Total:0.6766288	 m_precision:0.4166667	 m_recall:0.5000000	 m_f1-score:0.4545455	 m_support:12.0000000	 Mean_Total:0.6766288
2021-08-20 17:52:31,592 -    60 /   301 (19.9%):	 Total:0.7124795	 m_precision:0.4166667	 m_recall:0.5000000	 m_f1-score:0.4545455	 m_support:12.0000000	 Mean_Total:0.7184323
2021-08-20 17:52:32,999 -   120 /   301 (39.9%):	 Total:0.5076922	 m_precision:0.4583333	 m_recall:0.5000000	 m_f1-score:0.4782609	 m_support:12.0000000	 Mean_Total:0.7141711
2021-08-20 17:52:34,345 -   180 /   301 (59.8%):	 Total:0.5078562	 m_precision:0.4583333	 m_recall:0.5000000	 m_f1-score:0.4782609	 m_support:12.0000000	 Mean_Total:0.7066087
2021-08-20 17:52:35,704 -   240 /   301 (79.7%):	 Total:0.5255064	 m_precision:0.4583333	 m_recall:0.5000000	 m_f1-score:0.4782609	 m_support:12.0000000	 Mean_Total:0.6838664
2021-08-20 17:52:37,184 -   300 /   301 (99.7%):	 Total:1.1639193	 m_precision:0.3125000	 m_recall:0.5000000	 m_f1-score:0.3846154	 m_support:8.0000000	 Mean_Total:0.6804730
2021-08-20 17:52:38,801 - 
===============================| start validation |===============================

2021-08-20 17:52:38,802 - 	 Total:0.6440027	 m_precision:0.4863460	 m_recall:0.5581395	 m_f1-score:0.5176143	 m_support:11.9767442
2021-08-20 17:52:38,805 -    ini file updated    
2021-08-20 17:52:38,854 - Snapshot saved to /data/users/wergillius/UTR_VAE/pth/Cross_stitch_classifier_MTL/tune_hidden_size/h10-model_best.pth

2021-08-20 17:52:38,855 -    ini file updated    
2021-08-20 17:52:38,855 - 
===============================|    epoch 10   |===============================

2021-08-20 17:52:39,323 -     0 /   301 (0.0%):	 Total:1.0792605	 m_precision:0.3333333	 m_recall:0.5000000	 m_f1-score:0.4000000	 m_support:12.0000000	 Mean_Total:1.0792605
2021-08-20 17:52:40,552 -    60 /   301 (19.9%):	 Total:0.9020305	 m_precision:0.3750000	 m_recall:0.5000000	 m_f1-score:0.4285714	 m_support:12.0000000	 Mean_Total:0.7072320
2021-08-20 17:52:41,846 -   120 /   301 (39.9%):	 Total:0.8419034	 m_precision:0.3750000	 m_recall:0.5000000	 m_f1-score:0.4285714	 m_support:12.0000000	 Mean_Total:0.7205423
2021-08-20 17:52:43,051 -   180 /   301 (59.8%):	 Total:0.8627645	 m_precision:0.3750000	 m_recall:0.5000000	 m_f1-score:0.4285714	 m_support:12.0000000	 Mean_Total:0.7126343
2021-08-20 17:52:44,332 -   240 /   301 (79.7%):	 Total:0.8878592	 m_precision:0.3750000	 m_recall:0.5000000	 m_f1-score:0.4285714	 m_support:12.0000000	 Mean_Total:0.6993902
2021-08-20 17:52:45,508 -   300 /   301 (99.7%):	 Total:0.5800104	 m_precision:0.4375000	 m_recall:0.5000000	 m_f1-score:0.4666667	 m_support:8.0000000	 Mean_Total:0.6801302
2021-08-20 17:52:47,074 - 
===============================| start validation |===============================

2021-08-20 17:52:47,076 - 	 Total:0.6440989	 m_precision:0.4978858	 m_recall:0.5697674	 m_f1-score:0.5290162	 m_support:11.9767442
2021-08-20 17:52:47,080 -    ini file updated    
2021-08-20 17:52:47,080 - 
===============================|    epoch 11   |===============================

2021-08-20 17:52:47,579 -     0 /   301 (0.0%):	 Total:1.0687395	 m_precision:0.3333333	 m_recall:0.5000000	 m_f1-score:0.4000000	 m_support:12.0000000	 Mean_Total:1.0687395
2021-08-20 17:52:48,972 -    60 /   301 (19.9%):	 Total:0.3128386	 m_precision:1.0000000	 m_recall:1.0000000	 m_f1-score:1.0000000	 m_support:12.0000000	 Mean_Total:0.6628331
2021-08-20 17:52:50,356 -   120 /   301 (39.9%):	 Total:1.0958450	 m_precision:0.3333333	 m_recall:0.5000000	 m_f1-score:0.4000000	 m_support:12.0000000	 Mean_Total:0.6681707
2021-08-20 17:52:51,553 -   180 /   301 (59.8%):	 Total:0.4992480	 m_precision:0.4583333	 m_recall:0.5000000	 m_f1-score:0.4782609	 m_support:12.0000000	 Mean_Total:0.6670874
2021-08-20 17:52:52,831 -   240 /   301 (79.7%):	 Total:0.5021628	 m_precision:0.4583333	 m_recall:0.5000000	 m_f1-score:0.4782609	 m_support:12.0000000	 Mean_Total:0.6802638
2021-08-20 17:52:54,313 -   300 /   301 (99.7%):	 Total:0.3329270	 m_precision:1.0000000	 m_recall:1.0000000	 m_f1-score:1.0000000	 m_support:8.0000000	 Mean_Total:0.6789748
2021-08-20 17:52:55,815 - 
===============================| start validation |===============================

2021-08-20 17:52:55,816 - 	 Total:0.6452119	 m_precision:0.5326815	 m_recall:0.6046512	 m_f1-score:0.5644053	 m_support:11.9767442
2021-08-20 17:52:55,820 -    ini file updated    
2021-08-20 17:52:55,820 - 
===============================|    epoch 12   |===============================

2021-08-20 17:52:56,385 -     0 /   301 (0.0%):	 Total:0.3314835	 m_precision:1.0000000	 m_recall:1.0000000	 m_f1-score:1.0000000	 m_support:12.0000000	 Mean_Total:0.3314835
2021-08-20 17:52:57,712 -    60 /   301 (19.9%):	 Total:0.6842726	 m_precision:0.4166667	 m_recall:0.5000000	 m_f1-score:0.4545455	 m_support:12.0000000	 Mean_Total:0.6285123
2021-08-20 17:52:58,960 -   120 /   301 (39.9%):	 Total:0.6807017	 m_precision:0.4166667	 m_recall:0.5000000	 m_f1-score:0.4545455	 m_support:12.0000000	 Mean_Total:0.6765634
2021-08-20 17:53:00,300 -   180 /   301 (59.8%):	 Total:0.5138069	 m_precision:0.4583333	 m_recall:0.5000000	 m_f1-score:0.4782609	 m_support:12.0000000	 Mean_Total:0.6938554
2021-08-20 17:53:01,603 -   240 /   301 (79.7%):	 Total:0.6865587	 m_precision:0.4166667	 m_recall:0.5000000	 m_f1-score:0.4545455	 m_support:12.0000000	 Mean_Total:0.6830827
2021-08-20 17:53:02,932 -   300 /   301 (99.7%):	 Total:0.6017446	 m_precision:0.4375000	 m_recall:0.5000000	 m_f1-score:0.4666667	 m_support:8.0000000	 Mean_Total:0.6798136
2021-08-20 17:53:04,362 - 
===============================| start validation |===============================

2021-08-20 17:53:04,364 - 	 Total:0.6442341	 m_precision:0.5095137	 m_recall:0.5813953	 m_f1-score:0.5411021	 m_support:11.9767442
2021-08-20 17:53:04,368 -    ini file updated    
2021-08-20 17:53:04,369 - 
===============================|    epoch 13   |===============================

2021-08-20 17:53:04,807 -     0 /   301 (0.0%):	 Total:1.2204311	 m_precision:0.2916667	 m_recall:0.5000000	 m_f1-score:0.3684211	 m_support:12.0000000	 Mean_Total:1.2204311
2021-08-20 17:53:06,114 -    60 /   301 (19.9%):	 Total:0.5030487	 m_precision:0.4583333	 m_recall:0.5000000	 m_f1-score:0.4782609	 m_support:12.0000000	 Mean_Total:0.6855206
2021-08-20 17:53:07,624 -   120 /   301 (39.9%):	 Total:1.0466522	 m_precision:0.3333333	 m_recall:0.5000000	 m_f1-score:0.4000000	 m_support:12.0000000	 Mean_Total:0.6631875
2021-08-20 17:53:09,132 -   180 /   301 (59.8%):	 Total:0.7144405	 m_precision:0.4166667	 m_recall:0.5000000	 m_f1-score:0.4545455	 m_support:12.0000000	 Mean_Total:0.6691726
2021-08-20 17:53:10,583 -   240 /   301 (79.7%):	 Total:1.2648827	 m_precision:0.2916667	 m_recall:0.5000000	 m_f1-score:0.3684211	 m_support:12.0000000	 Mean_Total:0.6710975
2021-08-20 17:53:12,025 -   300 /   301 (99.7%):	 Total:0.3343362	 m_precision:1.0000000	 m_recall:1.0000000	 m_f1-score:1.0000000	 m_support:8.0000000	 Mean_Total:0.6785631
2021-08-20 17:53:13,599 - 
===============================| start validation |===============================

2021-08-20 17:53:13,600 - 	 Total:0.6443360	 m_precision:0.5444856	 m_recall:0.6162791	 m_f1-score:0.5753218	 m_support:11.9767442
2021-08-20 17:53:13,603 -    ini file updated    
2021-08-20 17:53:13,643 - Snapshot saved to /data/users/wergillius/UTR_VAE/pth/Cross_stitch_classifier_MTL/tune_hidden_size/h10-model_best.pth

2021-08-20 17:53:13,644 -    ini file updated    
2021-08-20 17:53:13,644 - 
===============================|    epoch 14   |===============================

2021-08-20 17:53:14,140 -     0 /   301 (0.0%):	 Total:1.0686532	 m_precision:0.3333333	 m_recall:0.5000000	 m_f1-score:0.4000000	 m_support:12.0000000	 Mean_Total:1.0686532
2021-08-20 17:53:15,449 -    60 /   301 (19.9%):	 Total:0.8722944	 m_precision:0.3750000	 m_recall:0.5000000	 m_f1-score:0.4285714	 m_support:12.0000000	 Mean_Total:0.6671839
2021-08-20 17:53:16,805 -   120 /   301 (39.9%):	 Total:0.8676090	 m_precision:0.3750000	 m_recall:0.5000000	 m_f1-score:0.4285714	 m_support:12.0000000	 Mean_Total:0.6608729
2021-08-20 17:53:18,162 -   180 /   301 (59.8%):	 Total:0.6815361	 m_precision:0.4166667	 m_recall:0.5000000	 m_f1-score:0.4545455	 m_support:12.0000000	 Mean_Total:0.6632342
2021-08-20 17:53:19,561 -   240 /   301 (79.7%):	 Total:0.8758547	 m_precision:0.3750000	 m_recall:0.5000000	 m_f1-score:0.4285714	 m_support:12.0000000	 Mean_Total:0.6765583
2021-08-20 17:53:20,973 -   300 /   301 (99.7%):	 Total:0.3297940	 m_precision:1.0000000	 m_recall:1.0000000	 m_f1-score:1.0000000	 m_support:8.0000000	 Mean_Total:0.6784528
2021-08-20 17:53:22,492 - 
===============================| start validation |===============================

2021-08-20 17:53:22,494 - 	 Total:0.6445519	 m_precision:0.4980620	 m_recall:0.5697674	 m_f1-score:0.5296259	 m_support:11.9767442
2021-08-20 17:53:22,497 -    ini file updated    
2021-08-20 17:53:22,497 - 
===============================|    epoch 15   |===============================

2021-08-20 17:53:22,964 -     0 /   301 (0.0%):	 Total:0.6788926	 m_precision:0.4166667	 m_recall:0.5000000	 m_f1-score:0.4545455	 m_support:12.0000000	 Mean_Total:0.6788926
2021-08-20 17:53:24,290 -    60 /   301 (19.9%):	 Total:0.8812635	 m_precision:0.3750000	 m_recall:0.5000000	 m_f1-score:0.4285714	 m_support:12.0000000	 Mean_Total:0.6930326
2021-08-20 17:53:25,595 -   120 /   301 (39.9%):	 Total:0.5182714	 m_precision:0.4583333	 m_recall:0.5000000	 m_f1-score:0.4782609	 m_support:12.0000000	 Mean_Total:0.6651963
2021-08-20 17:53:26,891 -   180 /   301 (59.8%):	 Total:0.8622094	 m_precision:0.3750000	 m_recall:0.5000000	 m_f1-score:0.4285714	 m_support:12.0000000	 Mean_Total:0.6693243
2021-08-20 17:53:28,146 -   240 /   301 (79.7%):	 Total:0.3317906	 m_precision:1.0000000	 m_recall:1.0000000	 m_f1-score:1.0000000	 m_support:12.0000000	 Mean_Total:0.6712307
2021-08-20 17:53:29,384 -   300 /   301 (99.7%):	 Total:1.4610513	 m_precision:0.2500000	 m_recall:0.5000000	 m_f1-score:0.3333333	 m_support:8.0000000	 Mean_Total:0.6795391
2021-08-20 17:53:30,733 - 
===============================| start validation |===============================

2021-08-20 17:53:30,736 - 	 Total:0.6440486	 m_precision:0.4746300	 m_recall:0.5465116	 m_f1-score:0.5065568	 m_support:11.9767442
2021-08-20 17:53:30,743 -    ini file updated    
2021-08-20 17:53:30,743 - 
===============================|    epoch 16   |===============================

2021-08-20 17:53:31,273 -     0 /   301 (0.0%):	 Total:0.5192532	 m_precision:0.4583333	 m_recall:0.5000000	 m_f1-score:0.4782609	 m_support:12.0000000	 Mean_Total:0.5192532
2021-08-20 17:53:32,538 -    60 /   301 (19.9%):	 Total:0.5192826	 m_precision:0.4583333	 m_recall:0.5000000	 m_f1-score:0.4782609	 m_support:12.0000000	 Mean_Total:0.6646014
2021-08-20 17:53:33,855 -   120 /   301 (39.9%):	 Total:0.8935480	 m_precision:0.3750000	 m_recall:0.5000000	 m_f1-score:0.4285714	 m_support:12.0000000	 Mean_Total:0.6630093
2021-08-20 17:53:35,121 -   180 /   301 (59.8%):	 Total:0.6886263	 m_precision:0.4166667	 m_recall:0.5000000	 m_f1-score:0.4545455	 m_support:12.0000000	 Mean_Total:0.6629313
2021-08-20 17:53:36,314 -   240 /   301 (79.7%):	 Total:0.6885383	 m_precision:0.4166667	 m_recall:0.5000000	 m_f1-score:0.4545455	 m_support:12.0000000	 Mean_Total:0.6685287
2021-08-20 17:53:37,579 -   300 /   301 (99.7%):	 Total:0.8571136	 m_precision:0.3750000	 m_recall:0.5000000	 m_f1-score:0.4285714	 m_support:8.0000000	 Mean_Total:0.6786372
2021-08-20 17:53:38,956 - 
===============================| start validation |===============================

2021-08-20 17:53:38,957 - 	 Total:0.6444645	 m_precision:0.4863460	 m_recall:0.5581395	 m_f1-score:0.5180388	 m_support:11.9767442
2021-08-20 17:53:38,960 -    ini file updated    
2021-08-20 17:53:38,960 - 
===============================|    epoch 17   |===============================

2021-08-20 17:53:39,379 -     0 /   301 (0.0%):	 Total:0.3366761	 m_precision:1.0000000	 m_recall:1.0000000	 m_f1-score:1.0000000	 m_support:12.0000000	 Mean_Total:0.3366761
2021-08-20 17:53:40,638 -    60 /   301 (19.9%):	 Total:0.5172093	 m_precision:0.4583333	 m_recall:0.5000000	 m_f1-score:0.4782609	 m_support:12.0000000	 Mean_Total:0.6790977
2021-08-20 17:53:41,787 -   120 /   301 (39.9%):	 Total:0.3370577	 m_precision:1.0000000	 m_recall:1.0000000	 m_f1-score:1.0000000	 m_support:12.0000000	 Mean_Total:0.6822823
2021-08-20 17:53:42,970 -   180 /   301 (59.8%):	 Total:0.3360849	 m_precision:1.0000000	 m_recall:1.0000000	 m_f1-score:1.0000000	 m_support:12.0000000	 Mean_Total:0.6668574
2021-08-20 17:53:44,149 -   240 /   301 (79.7%):	 Total:0.6992962	 m_precision:0.4166667	 m_recall:0.5000000	 m_f1-score:0.4545455	 m_support:12.0000000	 Mean_Total:0.6723278
2021-08-20 17:53:45,343 -   300 /   301 (99.7%):	 Total:0.8930130	 m_precision:0.3750000	 m_recall:0.5000000	 m_f1-score:0.4285714	 m_support:8.0000000	 Mean_Total:0.6786109
2021-08-20 17:53:46,645 - 
===============================| start validation |===============================

2021-08-20 17:53:46,646 - 	 Total:0.6453802	 m_precision:0.5325934	 m_recall:0.6046512	 m_f1-score:0.5636521	 m_support:11.9767442
2021-08-20 17:53:46,649 -    ini file updated    
2021-08-20 17:53:46,649 - 
===============================|    epoch 18   |===============================

2021-08-20 17:53:47,065 -     0 /   301 (0.0%):	 Total:0.5209508	 m_precision:0.4583333	 m_recall:0.5000000	 m_f1-score:0.4782609	 m_support:12.0000000	 Mean_Total:0.5209508
2021-08-20 17:53:48,411 -    60 /   301 (19.9%):	 Total:0.8944135	 m_precision:0.3750000	 m_recall:0.5000000	 m_f1-score:0.4285714	 m_support:12.0000000	 Mean_Total:0.6476560
2021-08-20 17:53:49,736 -   120 /   301 (39.9%):	 Total:0.6815374	 m_precision:0.4166667	 m_recall:0.5000000	 m_f1-score:0.4545455	 m_support:12.0000000	 Mean_Total:0.6661736
2021-08-20 17:53:50,995 -   180 /   301 (59.8%):	 Total:0.5141004	 m_precision:0.4583333	 m_recall:0.5000000	 m_f1-score:0.4782609	 m_support:12.0000000	 Mean_Total:0.6693845
2021-08-20 17:53:52,213 -   240 /   301 (79.7%):	 Total:0.6955154	 m_precision:0.4166667	 m_recall:0.5000000	 m_f1-score:0.4545455	 m_support:12.0000000	 Mean_Total:0.6749707
2021-08-20 17:53:53,510 -   300 /   301 (99.7%):	 Total:0.3296765	 m_precision:1.0000000	 m_recall:1.0000000	 m_f1-score:1.0000000	 m_support:8.0000000	 Mean_Total:0.6778121
2021-08-20 17:53:54,904 - 
===============================| start validation |===============================

2021-08-20 17:53:54,905 - 	 Total:0.6444744	 m_precision:0.5095137	 m_recall:0.5813953	 m_f1-score:0.5412151	 m_support:11.9767442
2021-08-20 17:53:54,908 -    ini file updated    
2021-08-20 17:53:54,908 - 
===============================|    epoch 19   |===============================

2021-08-20 17:53:55,319 -     0 /   301 (0.0%):	 Total:1.0149843	 m_precision:0.3333333	 m_recall:0.5000000	 m_f1-score:0.4000000	 m_support:12.0000000	 Mean_Total:1.0149843
2021-08-20 17:53:56,562 -    60 /   301 (19.9%):	 Total:0.5306380	 m_precision:0.4583333	 m_recall:0.5000000	 m_f1-score:0.4782609	 m_support:12.0000000	 Mean_Total:0.6710819
2021-08-20 17:53:57,921 -   120 /   301 (39.9%):	 Total:0.8648114	 m_precision:0.3750000	 m_recall:0.5000000	 m_f1-score:0.4285714	 m_support:12.0000000	 Mean_Total:0.6694932
2021-08-20 17:53:59,248 -   180 /   301 (59.8%):	 Total:0.5084356	 m_precision:0.4583333	 m_recall:0.5000000	 m_f1-score:0.4782609	 m_support:12.0000000	 Mean_Total:0.6755676
2021-08-20 17:54:00,500 -   240 /   301 (79.7%):	 Total:0.5037049	 m_precision:0.4583333	 m_recall:0.5000000	 m_f1-score:0.4782609	 m_support:12.0000000	 Mean_Total:0.6737143
2021-08-20 17:54:01,710 -   300 /   301 (99.7%):	 Total:0.8465102	 m_precision:0.3750000	 m_recall:0.5000000	 m_f1-score:0.4285714	 m_support:8.0000000	 Mean_Total:0.6773507
2021-08-20 17:54:03,036 - 
===============================| start validation |===============================

2021-08-20 17:54:03,037 - 	 Total:0.6442150	 m_precision:0.5209655	 m_recall:0.5930233	 m_f1-score:0.5523580	 m_support:11.9767442
2021-08-20 17:54:03,040 -    ini file updated    
2021-08-20 17:54:03,041 - 
===============================|    epoch 20   |===============================

2021-08-20 17:54:03,445 -     0 /   301 (0.0%):	 Total:0.4970871	 m_precision:0.4583333	 m_recall:0.5000000	 m_f1-score:0.4782609	 m_support:12.0000000	 Mean_Total:0.4970871
2021-08-20 17:54:04,804 -    60 /   301 (19.9%):	 Total:0.8568456	 m_precision:0.3750000	 m_recall:0.5000000	 m_f1-score:0.4285714	 m_support:12.0000000	 Mean_Total:0.6657918
2021-08-20 17:54:06,012 -   120 /   301 (39.9%):	 Total:0.5036404	 m_precision:0.4583333	 m_recall:0.5000000	 m_f1-score:0.4782609	 m_support:12.0000000	 Mean_Total:0.6746250
2021-08-20 17:54:07,265 -   180 /   301 (59.8%):	 Total:0.7143387	 m_precision:0.4166667	 m_recall:0.5000000	 m_f1-score:0.4545455	 m_support:12.0000000	 Mean_Total:0.6714878
2021-08-20 17:54:08,579 -   240 /   301 (79.7%):	 Total:0.5234517	 m_precision:0.4583333	 m_recall:0.5000000	 m_f1-score:0.4782609	 m_support:12.0000000	 Mean_Total:0.6729737
2021-08-20 17:54:09,768 -   300 /   301 (99.7%):	 Total:0.3313051	 m_precision:1.0000000	 m_recall:1.0000000	 m_f1-score:1.0000000	 m_support:8.0000000	 Mean_Total:0.6768802
2021-08-20 17:54:11,066 - 
===============================| start validation |===============================

2021-08-20 17:54:11,067 - 	 Total:0.6436858	 m_precision:0.5095137	 m_recall:0.5813953	 m_f1-score:0.5407152	 m_support:11.9767442
2021-08-20 17:54:11,070 -    ini file updated    
2021-08-20 17:54:11,115 - Snapshot saved to /data/users/wergillius/UTR_VAE/pth/Cross_stitch_classifier_MTL/tune_hidden_size/h10-model_best.pth

2021-08-20 17:54:11,115 -    ini file updated    
2021-08-20 17:54:11,115 - 
===============================|    epoch 21   |===============================

2021-08-20 17:54:11,519 -     0 /   301 (0.0%):	 Total:0.4987234	 m_precision:0.4583333	 m_recall:0.5000000	 m_f1-score:0.4782609	 m_support:12.0000000	 Mean_Total:0.4987234
2021-08-20 17:54:12,830 -    60 /   301 (19.9%):	 Total:0.9118083	 m_precision:0.3750000	 m_recall:0.5000000	 m_f1-score:0.4285714	 m_support:12.0000000	 Mean_Total:0.6996127
2021-08-20 17:54:14,110 -   120 /   301 (39.9%):	 Total:0.5165684	 m_precision:0.4583333	 m_recall:0.5000000	 m_f1-score:0.4782609	 m_support:12.0000000	 Mean_Total:0.6997386
2021-08-20 17:54:15,298 -   180 /   301 (59.8%):	 Total:0.6922426	 m_precision:0.4166667	 m_recall:0.5000000	 m_f1-score:0.4545455	 m_support:12.0000000	 Mean_Total:0.6972476
2021-08-20 17:54:16,546 -   240 /   301 (79.7%):	 Total:0.3264571	 m_precision:1.0000000	 m_recall:1.0000000	 m_f1-score:1.0000000	 m_support:12.0000000	 Mean_Total:0.6852889
2021-08-20 17:54:17,723 -   300 /   301 (99.7%):	 Total:0.6124446	 m_precision:0.4375000	 m_recall:0.5000000	 m_f1-score:0.4666667	 m_support:8.0000000	 Mean_Total:0.6765142
2021-08-20 17:54:19,151 - 
===============================| start validation |===============================

2021-08-20 17:54:19,152 - 	 Total:0.6423046	 m_precision:0.4863460	 m_recall:0.5581395	 m_f1-score:0.5184922	 m_support:11.9767442
2021-08-20 17:54:19,156 -    ini file updated    
2021-08-20 17:54:19,194 - Snapshot saved to /data/users/wergillius/UTR_VAE/pth/Cross_stitch_classifier_MTL/tune_hidden_size/h10-model_best.pth

2021-08-20 17:54:19,195 -    ini file updated    
2021-08-20 17:54:19,195 - 
===============================|    epoch 22   |===============================

2021-08-20 17:54:19,649 -     0 /   301 (0.0%):	 Total:0.8601656	 m_precision:0.3750000	 m_recall:0.5000000	 m_f1-score:0.4285714	 m_support:12.0000000	 Mean_Total:0.8601656
2021-08-20 17:54:20,966 -    60 /   301 (19.9%):	 Total:0.8801652	 m_precision:0.3750000	 m_recall:0.5000000	 m_f1-score:0.4285714	 m_support:12.0000000	 Mean_Total:0.6993575
2021-08-20 17:54:22,240 -   120 /   301 (39.9%):	 Total:1.0802512	 m_precision:0.3333333	 m_recall:0.5000000	 m_f1-score:0.4000000	 m_support:12.0000000	 Mean_Total:0.6839464
2021-08-20 17:54:23,482 -   180 /   301 (59.8%):	 Total:0.5143396	 m_precision:0.4583333	 m_recall:0.5000000	 m_f1-score:0.4782609	 m_support:12.0000000	 Mean_Total:0.6899369
2021-08-20 17:54:24,752 -   240 /   301 (79.7%):	 Total:0.7093121	 m_precision:0.4166667	 m_recall:0.5000000	 m_f1-score:0.4545455	 m_support:12.0000000	 Mean_Total:0.6838957
2021-08-20 17:54:26,011 -   300 /   301 (99.7%):	 Total:0.3291800	 m_precision:1.0000000	 m_recall:1.0000000	 m_f1-score:1.0000000	 m_support:8.0000000	 Mean_Total:0.6766087
2021-08-20 17:54:27,429 - 
===============================| start validation |===============================

2021-08-20 17:54:27,430 - 	 Total:0.6423742	 m_precision:0.5212297	 m_recall:0.5930233	 m_f1-score:0.5525588	 m_support:11.9767442
2021-08-20 17:54:27,433 -    ini file updated    
2021-08-20 17:54:27,433 - 
===============================|    epoch 23   |===============================

2021-08-20 17:54:27,857 -     0 /   301 (0.0%):	 Total:0.6797795	 m_precision:0.4166667	 m_recall:0.5000000	 m_f1-score:0.4545455	 m_support:12.0000000	 Mean_Total:0.6797795
2021-08-20 17:54:29,068 -    60 /   301 (19.9%):	 Total:0.6976568	 m_precision:0.4166667	 m_recall:0.5000000	 m_f1-score:0.4545455	 m_support:12.0000000	 Mean_Total:0.6482658
2021-08-20 17:54:30,304 -   120 /   301 (39.9%):	 Total:0.6899891	 m_precision:0.4166667	 m_recall:0.5000000	 m_f1-score:0.4545455	 m_support:12.0000000	 Mean_Total:0.6750520
2021-08-20 17:54:31,587 -   180 /   301 (59.8%):	 Total:0.6858956	 m_precision:0.4166667	 m_recall:0.5000000	 m_f1-score:0.4545455	 m_support:12.0000000	 Mean_Total:0.6742087
2021-08-20 17:54:32,837 -   240 /   301 (79.7%):	 Total:0.8594960	 m_precision:0.3750000	 m_recall:0.5000000	 m_f1-score:0.4285714	 m_support:12.0000000	 Mean_Total:0.6771773
2021-08-20 17:54:34,078 -   300 /   301 (99.7%):	 Total:1.1429884	 m_precision:0.3125000	 m_recall:0.5000000	 m_f1-score:0.3846154	 m_support:8.0000000	 Mean_Total:0.6773293
2021-08-20 17:54:35,463 - 
===============================| start validation |===============================

2021-08-20 17:54:35,464 - 	 Total:0.6420047	 m_precision:0.5445736	 m_recall:0.6162791	 m_f1-score:0.5754013	 m_support:11.9767442
2021-08-20 17:54:35,467 -    ini file updated    
2021-08-20 17:54:35,506 - Snapshot saved to /data/users/wergillius/UTR_VAE/pth/Cross_stitch_classifier_MTL/tune_hidden_size/h10-model_best.pth

2021-08-20 17:54:35,507 -    ini file updated    
2021-08-20 17:54:35,507 - 
===============================|    epoch 24   |===============================

2021-08-20 17:54:35,925 -     0 /   301 (0.0%):	 Total:0.8673156	 m_precision:0.3750000	 m_recall:0.5000000	 m_f1-score:0.4285714	 m_support:12.0000000	 Mean_Total:0.8673156
2021-08-20 17:54:37,126 -    60 /   301 (19.9%):	 Total:0.3351587	 m_precision:1.0000000	 m_recall:1.0000000	 m_f1-score:1.0000000	 m_support:12.0000000	 Mean_Total:0.6652345
2021-08-20 17:54:38,343 -   120 /   301 (39.9%):	 Total:0.5240006	 m_precision:0.4583333	 m_recall:0.5000000	 m_f1-score:0.4782609	 m_support:12.0000000	 Mean_Total:0.6822421
2021-08-20 17:54:39,694 -   180 /   301 (59.8%):	 Total:0.4892574	 m_precision:0.4583333	 m_recall:0.5000000	 m_f1-score:0.4782609	 m_support:12.0000000	 Mean_Total:0.6723841
2021-08-20 17:54:40,927 -   240 /   301 (79.7%):	 Total:1.0372647	 m_precision:0.3333333	 m_recall:0.5000000	 m_f1-score:0.4000000	 m_support:12.0000000	 Mean_Total:0.6732665
2021-08-20 17:54:42,248 -   300 /   301 (99.7%):	 Total:0.8451896	 m_precision:0.3750000	 m_recall:0.5000000	 m_f1-score:0.4285714	 m_support:8.0000000	 Mean_Total:0.6768924
2021-08-20 17:54:43,657 - 
===============================| start validation |===============================

2021-08-20 17:54:43,658 - 	 Total:0.6435904	 m_precision:0.5093376	 m_recall:0.5813953	 m_f1-score:0.5407236	 m_support:11.9767442
2021-08-20 17:54:43,661 -    ini file updated    
2021-08-20 17:54:43,661 - 
===============================|    epoch 25   |===============================

2021-08-20 17:54:44,087 -     0 /   301 (0.0%):	 Total:0.3264877	 m_precision:1.0000000	 m_recall:1.0000000	 m_f1-score:1.0000000	 m_support:12.0000000	 Mean_Total:0.3264877
2021-08-20 17:54:45,315 -    60 /   301 (19.9%):	 Total:0.6734710	 m_precision:0.4166667	 m_recall:0.5000000	 m_f1-score:0.4545455	 m_support:12.0000000	 Mean_Total:0.6926372
2021-08-20 17:54:46,564 -   120 /   301 (39.9%):	 Total:0.8552526	 m_precision:0.3750000	 m_recall:0.5000000	 m_f1-score:0.4285714	 m_support:12.0000000	 Mean_Total:0.6767295
2021-08-20 17:54:47,886 -   180 /   301 (59.8%):	 Total:0.5063078	 m_precision:0.4583333	 m_recall:0.5000000	 m_f1-score:0.4782609	 m_support:12.0000000	 Mean_Total:0.6716930
2021-08-20 17:54:49,321 -   240 /   301 (79.7%):	 Total:0.3284034	 m_precision:1.0000000	 m_recall:1.0000000	 m_f1-score:1.0000000	 m_support:12.0000000	 Mean_Total:0.6745628
2021-08-20 17:54:50,604 -   300 /   301 (99.7%):	 Total:0.5957885	 m_precision:0.4375000	 m_recall:0.5000000	 m_f1-score:0.4666667	 m_support:8.0000000	 Mean_Total:0.6753796
2021-08-20 17:54:51,965 - 
===============================| start validation |===============================

2021-08-20 17:54:51,966 - 	 Total:0.6433026	 m_precision:0.5094257	 m_recall:0.5813953	 m_f1-score:0.5412510	 m_support:11.9767442
2021-08-20 17:54:51,969 -    ini file updated    
2021-08-20 17:54:51,969 - 
===============================|    epoch 26   |===============================

2021-08-20 17:54:52,385 -     0 /   301 (0.0%):	 Total:0.4975275	 m_precision:0.4583333	 m_recall:0.5000000	 m_f1-score:0.4782609	 m_support:12.0000000	 Mean_Total:0.4975275
2021-08-20 17:54:53,662 -    60 /   301 (19.9%):	 Total:0.3231940	 m_precision:1.0000000	 m_recall:1.0000000	 m_f1-score:1.0000000	 m_support:12.0000000	 Mean_Total:0.6728907
2021-08-20 17:54:54,956 -   120 /   301 (39.9%):	 Total:0.8549829	 m_precision:0.3750000	 m_recall:0.5000000	 m_f1-score:0.4285714	 m_support:12.0000000	 Mean_Total:0.6803555
2021-08-20 17:54:56,316 -   180 /   301 (59.8%):	 Total:0.4702792	 m_precision:0.4583333	 m_recall:0.5000000	 m_f1-score:0.4782609	 m_support:12.0000000	 Mean_Total:0.6799984
2021-08-20 17:54:57,633 -   240 /   301 (79.7%):	 Total:0.5012529	 m_precision:0.4583333	 m_recall:0.5000000	 m_f1-score:0.4782609	 m_support:12.0000000	 Mean_Total:0.6737557
2021-08-20 17:54:58,959 -   300 /   301 (99.7%):	 Total:0.6001012	 m_precision:0.4375000	 m_recall:0.5000000	 m_f1-score:0.4666667	 m_support:8.0000000	 Mean_Total:0.6751383
2021-08-20 17:55:00,382 - 
===============================| start validation |===============================

2021-08-20 17:55:00,383 - 	 Total:0.6422126	 m_precision:0.4747181	 m_recall:0.5465116	 m_f1-score:0.5066397	 m_support:11.9767442
2021-08-20 17:55:00,386 -    ini file updated    
2021-08-20 17:55:00,386 - 
===============================|    epoch 27   |===============================

2021-08-20 17:55:00,881 -     0 /   301 (0.0%):	 Total:0.4991228	 m_precision:0.4583333	 m_recall:0.5000000	 m_f1-score:0.4782609	 m_support:12.0000000	 Mean_Total:0.4991228
2021-08-20 17:55:02,112 -    60 /   301 (19.9%):	 Total:0.3223825	 m_precision:1.0000000	 m_recall:1.0000000	 m_f1-score:1.0000000	 m_support:12.0000000	 Mean_Total:0.6870697
2021-08-20 17:55:03,310 -   120 /   301 (39.9%):	 Total:0.5151568	 m_precision:0.4583333	 m_recall:0.5000000	 m_f1-score:0.4782609	 m_support:12.0000000	 Mean_Total:0.6855537
2021-08-20 17:55:04,574 -   180 /   301 (59.8%):	 Total:0.3196954	 m_precision:1.0000000	 m_recall:1.0000000	 m_f1-score:1.0000000	 m_support:12.0000000	 Mean_Total:0.6786077
2021-08-20 17:55:05,876 -   240 /   301 (79.7%):	 Total:0.8843898	 m_precision:0.3750000	 m_recall:0.5000000	 m_f1-score:0.4285714	 m_support:12.0000000	 Mean_Total:0.6721615
2021-08-20 17:55:07,066 -   300 /   301 (99.7%):	 Total:0.9088359	 m_precision:0.3750000	 m_recall:0.5000000	 m_f1-score:0.4285714	 m_support:8.0000000	 Mean_Total:0.6753103
2021-08-20 17:55:08,520 - 
===============================| start validation |===============================

2021-08-20 17:55:08,521 - 	 Total:0.6416759	 m_precision:0.4863460	 m_recall:0.5581395	 m_f1-score:0.5182742	 m_support:11.9767442
2021-08-20 17:55:08,524 -    ini file updated    
2021-08-20 17:55:08,563 - Snapshot saved to /data/users/wergillius/UTR_VAE/pth/Cross_stitch_classifier_MTL/tune_hidden_size/h10-model_best.pth

2021-08-20 17:55:08,564 -    ini file updated    
2021-08-20 17:55:08,564 - 
===============================|    epoch 28   |===============================

2021-08-20 17:55:08,977 -     0 /   301 (0.0%):	 Total:0.6769049	 m_precision:0.4166667	 m_recall:0.5000000	 m_f1-score:0.4545455	 m_support:12.0000000	 Mean_Total:0.6769049
2021-08-20 17:55:10,212 -    60 /   301 (19.9%):	 Total:0.5027430	 m_precision:0.4583333	 m_recall:0.5000000	 m_f1-score:0.4782609	 m_support:12.0000000	 Mean_Total:0.6677181
2021-08-20 17:55:11,353 -   120 /   301 (39.9%):	 Total:0.5114651	 m_precision:0.4583333	 m_recall:0.5000000	 m_f1-score:0.4782609	 m_support:12.0000000	 Mean_Total:0.6788862
2021-08-20 17:55:12,515 -   180 /   301 (59.8%):	 Total:0.8575189	 m_precision:0.3750000	 m_recall:0.5000000	 m_f1-score:0.4285714	 m_support:12.0000000	 Mean_Total:0.6786913
2021-08-20 17:55:13,779 -   240 /   301 (79.7%):	 Total:0.4795892	 m_precision:0.4583333	 m_recall:0.5000000	 m_f1-score:0.4782609	 m_support:12.0000000	 Mean_Total:0.6744665
2021-08-20 17:55:14,984 -   300 /   301 (99.7%):	 Total:0.6062202	 m_precision:0.4375000	 m_recall:0.5000000	 m_f1-score:0.4666667	 m_support:8.0000000	 Mean_Total:0.6748226
2021-08-20 17:55:16,473 - 
===============================| start validation |===============================

2021-08-20 17:55:16,474 - 	 Total:0.6423044	 m_precision:0.5094257	 m_recall:0.5813953	 m_f1-score:0.5409630	 m_support:11.9767442
2021-08-20 17:55:16,477 -    ini file updated    
2021-08-20 17:55:16,477 - 
===============================|    epoch 29   |===============================

2021-08-20 17:55:16,892 -     0 /   301 (0.0%):	 Total:0.6884632	 m_precision:0.4166667	 m_recall:0.5000000	 m_f1-score:0.4545455	 m_support:12.0000000	 Mean_Total:0.6884632
2021-08-20 17:55:18,096 -    60 /   301 (19.9%):	 Total:0.8777683	 m_precision:0.3750000	 m_recall:0.5000000	 m_f1-score:0.4285714	 m_support:12.0000000	 Mean_Total:0.6870980
2021-08-20 17:55:19,319 -   120 /   301 (39.9%):	 Total:0.9570708	 m_precision:0.3750000	 m_recall:0.5000000	 m_f1-score:0.4285714	 m_support:12.0000000	 Mean_Total:0.6976574
2021-08-20 17:55:20,515 -   180 /   301 (59.8%):	 Total:0.8941430	 m_precision:0.3750000	 m_recall:0.5000000	 m_f1-score:0.4285714	 m_support:12.0000000	 Mean_Total:0.6928524
2021-08-20 17:55:21,744 -   240 /   301 (79.7%):	 Total:0.6596696	 m_precision:0.4166667	 m_recall:0.5000000	 m_f1-score:0.4545455	 m_support:12.0000000	 Mean_Total:0.6787915
2021-08-20 17:55:23,161 -   300 /   301 (99.7%):	 Total:0.3349613	 m_precision:1.0000000	 m_recall:1.0000000	 m_f1-score:1.0000000	 m_support:8.0000000	 Mean_Total:0.6743569
2021-08-20 17:55:24,567 - 
===============================| start validation |===============================

2021-08-20 17:55:24,568 - 	 Total:0.6407575	 m_precision:0.5096899	 m_recall:0.5813953	 m_f1-score:0.5409646	 m_support:11.9767442
2021-08-20 17:55:24,571 -    ini file updated    
2021-08-20 17:55:24,607 - Snapshot saved to /data/users/wergillius/UTR_VAE/pth/Cross_stitch_classifier_MTL/tune_hidden_size/h10-model_best.pth

2021-08-20 17:55:24,607 -    ini file updated    
2021-08-20 17:55:24,607 - 
===============================|    epoch 30   |===============================

2021-08-20 17:55:25,012 -     0 /   301 (0.0%):	 Total:0.4936091	 m_precision:0.4583333	 m_recall:0.5000000	 m_f1-score:0.4782609	 m_support:12.0000000	 Mean_Total:0.4936091
2021-08-20 17:55:26,314 -    60 /   301 (19.9%):	 Total:1.0585856	 m_precision:0.3333333	 m_recall:0.5000000	 m_f1-score:0.4000000	 m_support:12.0000000	 Mean_Total:0.6567244
2021-08-20 17:55:27,525 -   120 /   301 (39.9%):	 Total:0.6963239	 m_precision:0.4166667	 m_recall:0.5000000	 m_f1-score:0.4545455	 m_support:12.0000000	 Mean_Total:0.6673609
2021-08-20 17:55:28,759 -   180 /   301 (59.8%):	 Total:0.8733448	 m_precision:0.3750000	 m_recall:0.5000000	 m_f1-score:0.4285714	 m_support:12.0000000	 Mean_Total:0.6823597
2021-08-20 17:55:29,920 -   240 /   301 (79.7%):	 Total:0.8821870	 m_precision:0.3750000	 m_recall:0.5000000	 m_f1-score:0.4285714	 m_support:12.0000000	 Mean_Total:0.6846790
2021-08-20 17:55:31,113 -   300 /   301 (99.7%):	 Total:0.8887864	 m_precision:0.3750000	 m_recall:0.5000000	 m_f1-score:0.4285714	 m_support:8.0000000	 Mean_Total:0.6746642
2021-08-20 17:55:32,557 - 
===============================| start validation |===============================

2021-08-20 17:55:32,558 - 	 Total:0.6402914	 m_precision:0.4979739	 m_recall:0.5697674	 m_f1-score:0.5295603	 m_support:11.9767442
2021-08-20 17:55:32,561 -    ini file updated    
2021-08-20 17:55:32,602 - Snapshot saved to /data/users/wergillius/UTR_VAE/pth/Cross_stitch_classifier_MTL/tune_hidden_size/h10-model_best.pth

2021-08-20 17:55:32,603 -    ini file updated    
2021-08-20 17:55:32,603 - 
===============================|    epoch 31   |===============================

2021-08-20 17:55:33,031 -     0 /   301 (0.0%):	 Total:0.6923990	 m_precision:0.4166667	 m_recall:0.5000000	 m_f1-score:0.4545455	 m_support:12.0000000	 Mean_Total:0.6923990
2021-08-20 17:55:34,262 -    60 /   301 (19.9%):	 Total:0.7128847	 m_precision:0.4166667	 m_recall:0.5000000	 m_f1-score:0.4545455	 m_support:12.0000000	 Mean_Total:0.6746045
2021-08-20 17:55:35,517 -   120 /   301 (39.9%):	 Total:0.4796755	 m_precision:0.4583333	 m_recall:0.5000000	 m_f1-score:0.4782609	 m_support:12.0000000	 Mean_Total:0.6686367
2021-08-20 17:55:36,723 -   180 /   301 (59.8%):	 Total:0.3269556	 m_precision:1.0000000	 m_recall:1.0000000	 m_f1-score:1.0000000	 m_support:12.0000000	 Mean_Total:0.6825185
2021-08-20 17:55:37,992 -   240 /   301 (79.7%):	 Total:0.7140326	 m_precision:0.4166667	 m_recall:0.5000000	 m_f1-score:0.4545455	 m_support:12.0000000	 Mean_Total:0.6729865
2021-08-20 17:55:39,280 -   300 /   301 (99.7%):	 Total:0.6356666	 m_precision:0.4375000	 m_recall:0.5000000	 m_f1-score:0.4666667	 m_support:8.0000000	 Mean_Total:0.6740336
2021-08-20 17:55:40,852 - 
===============================| start validation |===============================

2021-08-20 17:55:40,854 - 	 Total:0.6405804	 m_precision:0.4979739	 m_recall:0.5697674	 m_f1-score:0.5293949	 m_support:11.9767442
2021-08-20 17:55:40,859 -    ini file updated    
2021-08-20 17:55:40,859 - 
===============================|    epoch 32   |===============================

2021-08-20 17:55:41,311 -     0 /   301 (0.0%):	 Total:0.6749457	 m_precision:0.4166667	 m_recall:0.5000000	 m_f1-score:0.4545455	 m_support:12.0000000	 Mean_Total:0.6749457
2021-08-20 17:55:42,622 -    60 /   301 (19.9%):	 Total:0.4704138	 m_precision:0.4583333	 m_recall:0.5000000	 m_f1-score:0.4782609	 m_support:12.0000000	 Mean_Total:0.6714286
2021-08-20 17:55:43,897 -   120 /   301 (39.9%):	 Total:1.0840198	 m_precision:0.3333333	 m_recall:0.5000000	 m_f1-score:0.4000000	 m_support:12.0000000	 Mean_Total:0.6653993
2021-08-20 17:55:45,173 -   180 /   301 (59.8%):	 Total:0.5000079	 m_precision:0.4583333	 m_recall:0.5000000	 m_f1-score:0.4782609	 m_support:12.0000000	 Mean_Total:0.6648839
2021-08-20 17:55:46,421 -   240 /   301 (79.7%):	 Total:0.3197499	 m_precision:1.0000000	 m_recall:1.0000000	 m_f1-score:1.0000000	 m_support:12.0000000	 Mean_Total:0.6704186
2021-08-20 17:55:47,682 -   300 /   301 (99.7%):	 Total:0.6097656	 m_precision:0.4375000	 m_recall:0.5000000	 m_f1-score:0.4666667	 m_support:8.0000000	 Mean_Total:0.6736971
2021-08-20 17:55:49,024 - 
===============================| start validation |===============================

2021-08-20 17:55:49,025 - 	 Total:0.6414807	 m_precision:0.5095137	 m_recall:0.5813953	 m_f1-score:0.5405282	 m_support:11.9767442
2021-08-20 17:55:49,028 -    ini file updated    
2021-08-20 17:55:49,028 - 
===============================|    epoch 33   |===============================

2021-08-20 17:55:49,450 -     0 /   301 (0.0%):	 Total:0.3366343	 m_precision:1.0000000	 m_recall:1.0000000	 m_f1-score:1.0000000	 m_support:12.0000000	 Mean_Total:0.3366343
2021-08-20 17:55:50,788 -    60 /   301 (19.9%):	 Total:0.7215170	 m_precision:0.4166667	 m_recall:0.5000000	 m_f1-score:0.4545455	 m_support:12.0000000	 Mean_Total:0.6879967
2021-08-20 17:55:52,023 -   120 /   301 (39.9%):	 Total:0.8324445	 m_precision:0.3750000	 m_recall:0.5000000	 m_f1-score:0.4285714	 m_support:12.0000000	 Mean_Total:0.6822089
2021-08-20 17:55:53,227 -   180 /   301 (59.8%):	 Total:0.4887980	 m_precision:0.4583333	 m_recall:0.5000000	 m_f1-score:0.4782609	 m_support:12.0000000	 Mean_Total:0.6700482
2021-08-20 17:55:54,455 -   240 /   301 (79.7%):	 Total:0.6914492	 m_precision:0.4166667	 m_recall:0.5000000	 m_f1-score:0.4545455	 m_support:12.0000000	 Mean_Total:0.6695787
2021-08-20 17:55:55,734 -   300 /   301 (99.7%):	 Total:0.6106129	 m_precision:0.4375000	 m_recall:0.5000000	 m_f1-score:0.4666667	 m_support:8.0000000	 Mean_Total:0.6733681
2021-08-20 17:55:57,054 - 
===============================| start validation |===============================

2021-08-20 17:55:57,055 - 	 Total:0.6404585	 m_precision:0.4863460	 m_recall:0.5581395	 m_f1-score:0.5180309	 m_support:11.9767442
2021-08-20 17:55:57,058 -    ini file updated    
2021-08-20 17:55:57,058 - 
===============================|    epoch 34   |===============================

2021-08-20 17:55:57,440 -     0 /   301 (0.0%):	 Total:1.0294123	 m_precision:0.3333333	 m_recall:0.5000000	 m_f1-score:0.4000000	 m_support:12.0000000	 Mean_Total:1.0294123
2021-08-20 17:55:58,624 -    60 /   301 (19.9%):	 Total:0.8851005	 m_precision:0.3750000	 m_recall:0.5000000	 m_f1-score:0.4285714	 m_support:12.0000000	 Mean_Total:0.6677844
2021-08-20 17:55:59,797 -   120 /   301 (39.9%):	 Total:0.3204074	 m_precision:1.0000000	 m_recall:1.0000000	 m_f1-score:1.0000000	 m_support:12.0000000	 Mean_Total:0.6631928
2021-08-20 17:56:01,020 -   180 /   301 (59.8%):	 Total:0.6941277	 m_precision:0.4166667	 m_recall:0.5000000	 m_f1-score:0.4545455	 m_support:12.0000000	 Mean_Total:0.6581202
2021-08-20 17:56:02,246 -   240 /   301 (79.7%):	 Total:0.4928877	 m_precision:0.4583333	 m_recall:0.5000000	 m_f1-score:0.4782609	 m_support:12.0000000	 Mean_Total:0.6609648
2021-08-20 17:56:03,445 -   300 /   301 (99.7%):	 Total:0.8758456	 m_precision:0.3750000	 m_recall:0.5000000	 m_f1-score:0.4285714	 m_support:8.0000000	 Mean_Total:0.6728474
2021-08-20 17:56:04,889 - 
===============================| start validation |===============================

2021-08-20 17:56:04,890 - 	 Total:0.6420520	 m_precision:0.4511099	 m_recall:0.5232558	 m_f1-score:0.4829128	 m_support:11.9767442
2021-08-20 17:56:04,894 -    ini file updated    
2021-08-20 17:56:04,894 - 
===============================|    epoch 35   |===============================

2021-08-20 17:56:05,276 -     0 /   301 (0.0%):	 Total:0.5441751	 m_precision:0.4583333	 m_recall:0.5000000	 m_f1-score:0.4782609	 m_support:12.0000000	 Mean_Total:0.5441751
2021-08-20 17:56:06,699 -    60 /   301 (19.9%):	 Total:0.8236060	 m_precision:0.3750000	 m_recall:0.5000000	 m_f1-score:0.4285714	 m_support:12.0000000	 Mean_Total:0.6508911
2021-08-20 17:56:07,943 -   120 /   301 (39.9%):	 Total:0.8126450	 m_precision:0.3750000	 m_recall:0.5000000	 m_f1-score:0.4285714	 m_support:12.0000000	 Mean_Total:0.6656725
2021-08-20 17:56:09,257 -   180 /   301 (59.8%):	 Total:0.9605038	 m_precision:0.3750000	 m_recall:0.5000000	 m_f1-score:0.4285714	 m_support:12.0000000	 Mean_Total:0.6448648
2021-08-20 17:56:10,523 -   240 /   301 (79.7%):	 Total:0.6543037	 m_precision:0.4166667	 m_recall:0.5000000	 m_f1-score:0.4545455	 m_support:12.0000000	 Mean_Total:0.6725791
2021-08-20 17:56:11,746 -   300 /   301 (99.7%):	 Total:0.8626585	 m_precision:0.3750000	 m_recall:0.5000000	 m_f1-score:0.4285714	 m_support:8.0000000	 Mean_Total:0.6733864
2021-08-20 17:56:13,120 - 
===============================| start validation |===============================

2021-08-20 17:56:13,121 - 	 Total:0.6408965	 m_precision:0.4747181	 m_recall:0.5465116	 m_f1-score:0.5062974	 m_support:11.9767442
2021-08-20 17:56:13,125 -    ini file updated    
2021-08-20 17:56:13,125 - 
===============================|    epoch 36   |===============================

2021-08-20 17:56:13,528 -     0 /   301 (0.0%):	 Total:0.3245216	 m_precision:1.0000000	 m_recall:1.0000000	 m_f1-score:1.0000000	 m_support:12.0000000	 Mean_Total:0.3245216
2021-08-20 17:56:14,843 -    60 /   301 (19.9%):	 Total:1.0440459	 m_precision:0.3333333	 m_recall:0.5000000	 m_f1-score:0.4000000	 m_support:12.0000000	 Mean_Total:0.6682985
2021-08-20 17:56:16,143 -   120 /   301 (39.9%):	 Total:0.6609774	 m_precision:0.4166667	 m_recall:0.5000000	 m_f1-score:0.4545455	 m_support:12.0000000	 Mean_Total:0.6700540
2021-08-20 17:56:17,396 -   180 /   301 (59.8%):	 Total:1.2539166	 m_precision:0.2916667	 m_recall:0.5000000	 m_f1-score:0.3684211	 m_support:12.0000000	 Mean_Total:0.6823699
2021-08-20 17:56:18,677 -   240 /   301 (79.7%):	 Total:0.5371976	 m_precision:0.4583333	 m_recall:0.5000000	 m_f1-score:0.4782609	 m_support:12.0000000	 Mean_Total:0.6735687
2021-08-20 17:56:19,947 -   300 /   301 (99.7%):	 Total:0.8501672	 m_precision:0.3750000	 m_recall:0.5000000	 m_f1-score:0.4285714	 m_support:8.0000000	 Mean_Total:0.6731907
2021-08-20 17:56:21,544 - 
===============================| start validation |===============================

2021-08-20 17:56:21,546 - 	 Total:0.6399635	 m_precision:0.5443975	 m_recall:0.6162791	 m_f1-score:0.5760213	 m_support:11.9767442
2021-08-20 17:56:21,554 -    ini file updated    
2021-08-20 17:56:21,601 - Snapshot saved to /data/users/wergillius/UTR_VAE/pth/Cross_stitch_classifier_MTL/tune_hidden_size/h10-model_best.pth

2021-08-20 17:56:21,602 -    ini file updated    
2021-08-20 17:56:21,602 - 
===============================|    epoch 37   |===============================

2021-08-20 17:56:22,019 -     0 /   301 (0.0%):	 Total:0.7029086	 m_precision:0.4166667	 m_recall:0.5000000	 m_f1-score:0.4545455	 m_support:12.0000000	 Mean_Total:0.7029086
2021-08-20 17:56:23,406 -    60 /   301 (19.9%):	 Total:0.6923568	 m_precision:0.4166667	 m_recall:0.5000000	 m_f1-score:0.4545455	 m_support:12.0000000	 Mean_Total:0.7088883
2021-08-20 17:56:24,720 -   120 /   301 (39.9%):	 Total:0.5005587	 m_precision:0.4583333	 m_recall:0.5000000	 m_f1-score:0.4782609	 m_support:12.0000000	 Mean_Total:0.6933891
2021-08-20 17:56:25,955 -   180 /   301 (59.8%):	 Total:0.6659749	 m_precision:0.4166667	 m_recall:0.5000000	 m_f1-score:0.4545455	 m_support:12.0000000	 Mean_Total:0.6894415
2021-08-20 17:56:27,183 -   240 /   301 (79.7%):	 Total:0.5344921	 m_precision:0.4583333	 m_recall:0.5000000	 m_f1-score:0.4782609	 m_support:12.0000000	 Mean_Total:0.6767185
2021-08-20 17:56:28,436 -   300 /   301 (99.7%):	 Total:0.5681325	 m_precision:0.4375000	 m_recall:0.5000000	 m_f1-score:0.4666667	 m_support:8.0000000	 Mean_Total:0.6715272
2021-08-20 17:56:29,766 - 
===============================| start validation |===============================

2021-08-20 17:56:29,767 - 	 Total:0.6386928	 m_precision:0.4397463	 m_recall:0.5116279	 m_f1-score:0.4718810	 m_support:11.9767442
2021-08-20 17:56:29,770 -    ini file updated    
2021-08-20 17:56:29,810 - Snapshot saved to /data/users/wergillius/UTR_VAE/pth/Cross_stitch_classifier_MTL/tune_hidden_size/h10-model_best.pth

2021-08-20 17:56:29,810 -    ini file updated    
2021-08-20 17:56:29,811 - 
===============================|    epoch 38   |===============================

2021-08-20 17:56:30,228 -     0 /   301 (0.0%):	 Total:0.3184150	 m_precision:1.0000000	 m_recall:1.0000000	 m_f1-score:1.0000000	 m_support:12.0000000	 Mean_Total:0.3184150
2021-08-20 17:56:31,448 -    60 /   301 (19.9%):	 Total:0.3058960	 m_precision:1.0000000	 m_recall:1.0000000	 m_f1-score:1.0000000	 m_support:12.0000000	 Mean_Total:0.6633092
2021-08-20 17:56:32,630 -   120 /   301 (39.9%):	 Total:0.7494214	 m_precision:0.4166667	 m_recall:0.5000000	 m_f1-score:0.4545455	 m_support:12.0000000	 Mean_Total:0.6750949
2021-08-20 17:56:33,890 -   180 /   301 (59.8%):	 Total:0.5134397	 m_precision:0.4583333	 m_recall:0.5000000	 m_f1-score:0.4782609	 m_support:12.0000000	 Mean_Total:0.6699939
2021-08-20 17:56:35,062 -   240 /   301 (79.7%):	 Total:0.3329030	 m_precision:1.0000000	 m_recall:1.0000000	 m_f1-score:1.0000000	 m_support:12.0000000	 Mean_Total:0.6696827
2021-08-20 17:56:36,295 -   300 /   301 (99.7%):	 Total:0.6238996	 m_precision:0.4375000	 m_recall:0.5000000	 m_f1-score:0.4666667	 m_support:8.0000000	 Mean_Total:0.6713348
2021-08-20 17:56:37,816 - 
===============================| start validation |===============================

2021-08-20 17:56:37,818 - 	 Total:0.6396059	 m_precision:0.5095137	 m_recall:0.5813953	 m_f1-score:0.5410768	 m_support:11.9767442
2021-08-20 17:56:37,824 -    ini file updated    
2021-08-20 17:56:37,824 - 
===============================|    epoch 39   |===============================

2021-08-20 17:56:38,269 -     0 /   301 (0.0%):	 Total:0.8988657	 m_precision:0.3750000	 m_recall:0.5000000	 m_f1-score:0.4285714	 m_support:12.0000000	 Mean_Total:0.8988657
2021-08-20 17:56:39,539 -    60 /   301 (19.9%):	 Total:0.5232164	 m_precision:0.4583333	 m_recall:0.5000000	 m_f1-score:0.4782609	 m_support:12.0000000	 Mean_Total:0.6975159
2021-08-20 17:56:40,775 -   120 /   301 (39.9%):	 Total:0.3396180	 m_precision:1.0000000	 m_recall:1.0000000	 m_f1-score:1.0000000	 m_support:12.0000000	 Mean_Total:0.6757202
2021-08-20 17:56:42,102 -   180 /   301 (59.8%):	 Total:0.8010900	 m_precision:0.3750000	 m_recall:0.5000000	 m_f1-score:0.4285714	 m_support:12.0000000	 Mean_Total:0.6523029
2021-08-20 17:56:43,387 -   240 /   301 (79.7%):	 Total:1.0088971	 m_precision:0.3333333	 m_recall:0.5000000	 m_f1-score:0.4000000	 m_support:12.0000000	 Mean_Total:0.6690566
2021-08-20 17:56:44,889 -   300 /   301 (99.7%):	 Total:0.8298063	 m_precision:0.3750000	 m_recall:0.5000000	 m_f1-score:0.4285714	 m_support:8.0000000	 Mean_Total:0.6716314
2021-08-20 17:56:46,399 - 
===============================| start validation |===============================

2021-08-20 17:56:46,400 - 	 Total:0.6398352	 m_precision:0.4746300	 m_recall:0.5465116	 m_f1-score:0.5067922	 m_support:11.9767442
2021-08-20 17:56:46,403 -    ini file updated    
2021-08-20 17:56:46,403 - 
===============================|    epoch 40   |===============================

2021-08-20 17:56:46,802 -     0 /   301 (0.0%):	 Total:0.6973807	 m_precision:0.4166667	 m_recall:0.5000000	 m_f1-score:0.4545455	 m_support:12.0000000	 Mean_Total:0.6973807
2021-08-20 17:56:48,070 -    60 /   301 (19.9%):	 Total:0.5113117	 m_precision:0.4583333	 m_recall:0.5000000	 m_f1-score:0.4782609	 m_support:12.0000000	 Mean_Total:0.6661913
2021-08-20 17:56:49,365 -   120 /   301 (39.9%):	 Total:0.6915210	 m_precision:0.4166667	 m_recall:0.5000000	 m_f1-score:0.4545455	 m_support:12.0000000	 Mean_Total:0.6447934
2021-08-20 17:56:50,580 -   180 /   301 (59.8%):	 Total:0.7442174	 m_precision:0.4166667	 m_recall:0.5000000	 m_f1-score:0.4545455	 m_support:12.0000000	 Mean_Total:0.6565252
2021-08-20 17:56:51,832 -   240 /   301 (79.7%):	 Total:0.8605458	 m_precision:0.3750000	 m_recall:0.5000000	 m_f1-score:0.4285714	 m_support:12.0000000	 Mean_Total:0.6675910
2021-08-20 17:56:53,262 -   300 /   301 (99.7%):	 Total:0.5519979	 m_precision:0.4375000	 m_recall:0.5000000	 m_f1-score:0.4666667	 m_support:8.0000000	 Mean_Total:0.6702110
2021-08-20 17:56:54,718 - 
===============================| start validation |===============================

2021-08-20 17:56:54,720 - 	 Total:0.6396537	 m_precision:0.4861698	 m_recall:0.5581395	 m_f1-score:0.5177387	 m_support:11.9767442
2021-08-20 17:56:54,723 -    ini file updated    
2021-08-20 17:56:54,723 - 
===============================|    epoch 41   |===============================

2021-08-20 17:56:55,154 -     0 /   301 (0.0%):	 Total:0.6820664	 m_precision:0.4166667	 m_recall:0.5000000	 m_f1-score:0.4545455	 m_support:12.0000000	 Mean_Total:0.6820664
2021-08-20 17:56:56,306 -    60 /   301 (19.9%):	 Total:0.4547048	 m_precision:0.4583333	 m_recall:0.5000000	 m_f1-score:0.4782609	 m_support:12.0000000	 Mean_Total:0.6436757
2021-08-20 17:56:57,557 -   120 /   301 (39.9%):	 Total:0.6101322	 m_precision:0.4583333	 m_recall:0.5000000	 m_f1-score:0.4782609	 m_support:12.0000000	 Mean_Total:0.6950022
2021-08-20 17:56:58,823 -   180 /   301 (59.8%):	 Total:0.8318605	 m_precision:0.3750000	 m_recall:0.5000000	 m_f1-score:0.4285714	 m_support:12.0000000	 Mean_Total:0.6756284
2021-08-20 17:56:59,987 -   240 /   301 (79.7%):	 Total:0.8618174	 m_precision:0.3750000	 m_recall:0.5000000	 m_f1-score:0.4285714	 m_support:12.0000000	 Mean_Total:0.6758809
2021-08-20 17:57:01,163 -   300 /   301 (99.7%):	 Total:0.5609121	 m_precision:0.4375000	 m_recall:0.5000000	 m_f1-score:0.4666667	 m_support:8.0000000	 Mean_Total:0.6712186
2021-08-20 17:57:02,585 - 
===============================| start validation |===============================

2021-08-20 17:57:02,587 - 	 Total:0.6388599	 m_precision:0.4746300	 m_recall:0.5465116	 m_f1-score:0.5059844	 m_support:11.9767442
2021-08-20 17:57:02,590 -    ini file updated    
2021-08-20 17:57:02,590 - 
===============================|    epoch 42   |===============================

2021-08-20 17:57:03,001 -     0 /   301 (0.0%):	 Total:0.5648204	 m_precision:0.4583333	 m_recall:0.5000000	 m_f1-score:0.4782609	 m_support:12.0000000	 Mean_Total:0.5648204
2021-08-20 17:57:04,248 -    60 /   301 (19.9%):	 Total:0.4962370	 m_precision:0.4583333	 m_recall:0.5000000	 m_f1-score:0.4782609	 m_support:12.0000000	 Mean_Total:0.6940858
2021-08-20 17:57:05,518 -   120 /   301 (39.9%):	 Total:0.5074316	 m_precision:0.4583333	 m_recall:0.5000000	 m_f1-score:0.4782609	 m_support:12.0000000	 Mean_Total:0.6804850
2021-08-20 17:57:06,702 -   180 /   301 (59.8%):	 Total:0.6692002	 m_precision:0.4166667	 m_recall:0.5000000	 m_f1-score:0.4545455	 m_support:12.0000000	 Mean_Total:0.6766363
2021-08-20 17:57:07,966 -   240 /   301 (79.7%):	 Total:0.4811361	 m_precision:0.4583333	 m_recall:0.5000000	 m_f1-score:0.4782609	 m_support:12.0000000	 Mean_Total:0.6696502
2021-08-20 17:57:09,232 -   300 /   301 (99.7%):	 Total:0.6651818	 m_precision:0.4375000	 m_recall:0.5000000	 m_f1-score:0.4666667	 m_support:8.0000000	 Mean_Total:0.6708221
2021-08-20 17:57:10,569 - 
===============================| start validation |===============================

2021-08-20 17:57:10,571 - 	 Total:0.6384055	 m_precision:0.5094257	 m_recall:0.5813953	 m_f1-score:0.5412063	 m_support:11.9767442
2021-08-20 17:57:10,576 -    ini file updated    
2021-08-20 17:57:10,619 - Snapshot saved to /data/users/wergillius/UTR_VAE/pth/Cross_stitch_classifier_MTL/tune_hidden_size/h10-model_best.pth

2021-08-20 17:57:10,620 -    ini file updated    
2021-08-20 17:57:10,620 - 
===============================|    epoch 43   |===============================

2021-08-20 17:57:11,058 -     0 /   301 (0.0%):	 Total:0.4956189	 m_precision:0.4583333	 m_recall:0.5000000	 m_f1-score:0.4782609	 m_support:12.0000000	 Mean_Total:0.4956189
2021-08-20 17:57:12,316 -    60 /   301 (19.9%):	 Total:0.9638019	 m_precision:0.3750000	 m_recall:0.5000000	 m_f1-score:0.4285714	 m_support:12.0000000	 Mean_Total:0.6247370
2021-08-20 17:57:13,549 -   120 /   301 (39.9%):	 Total:0.6835036	 m_precision:0.4166667	 m_recall:0.5000000	 m_f1-score:0.4545455	 m_support:12.0000000	 Mean_Total:0.6645912
2021-08-20 17:57:14,772 -   180 /   301 (59.8%):	 Total:0.4701464	 m_precision:0.4583333	 m_recall:0.5000000	 m_f1-score:0.4782609	 m_support:12.0000000	 Mean_Total:0.6655951
2021-08-20 17:57:15,974 -   240 /   301 (79.7%):	 Total:0.6673126	 m_precision:0.4166667	 m_recall:0.5000000	 m_f1-score:0.4545455	 m_support:12.0000000	 Mean_Total:0.6678367
2021-08-20 17:57:17,187 -   300 /   301 (99.7%):	 Total:0.5841496	 m_precision:0.4375000	 m_recall:0.5000000	 m_f1-score:0.4666667	 m_support:8.0000000	 Mean_Total:0.6687891
2021-08-20 17:57:18,507 - 
===============================| start validation |===============================

2021-08-20 17:57:18,508 - 	 Total:0.6377218	 m_precision:0.4979739	 m_recall:0.5697674	 m_f1-score:0.5288637	 m_support:11.9767442
2021-08-20 17:57:18,511 -    ini file updated    
2021-08-20 17:57:18,549 - Snapshot saved to /data/users/wergillius/UTR_VAE/pth/Cross_stitch_classifier_MTL/tune_hidden_size/h10-model_best.pth

2021-08-20 17:57:18,550 -    ini file updated    
2021-08-20 17:57:18,550 - 
===============================|    epoch 44   |===============================

2021-08-20 17:57:18,988 -     0 /   301 (0.0%):	 Total:0.8461565	 m_precision:0.3750000	 m_recall:0.5000000	 m_f1-score:0.4285714	 m_support:12.0000000	 Mean_Total:0.8461565
2021-08-20 17:57:20,368 -    60 /   301 (19.9%):	 Total:0.4768530	 m_precision:0.4583333	 m_recall:0.5000000	 m_f1-score:0.4782609	 m_support:12.0000000	 Mean_Total:0.6827791
2021-08-20 17:57:21,556 -   120 /   301 (39.9%):	 Total:0.6389891	 m_precision:0.4166667	 m_recall:0.5000000	 m_f1-score:0.4545455	 m_support:12.0000000	 Mean_Total:0.6879202
2021-08-20 17:57:22,735 -   180 /   301 (59.8%):	 Total:0.4740906	 m_precision:0.4583333	 m_recall:0.5000000	 m_f1-score:0.4782609	 m_support:12.0000000	 Mean_Total:0.6642418
2021-08-20 17:57:23,936 -   240 /   301 (79.7%):	 Total:0.8638069	 m_precision:0.3750000	 m_recall:0.5000000	 m_f1-score:0.4285714	 m_support:12.0000000	 Mean_Total:0.6632683
2021-08-20 17:57:25,244 -   300 /   301 (99.7%):	 Total:0.5458174	 m_precision:0.4375000	 m_recall:0.5000000	 m_f1-score:0.4666667	 m_support:8.0000000	 Mean_Total:0.6675280
2021-08-20 17:57:26,667 - 
===============================| start validation |===============================

2021-08-20 17:57:26,668 - 	 Total:0.6375653	 m_precision:0.4746300	 m_recall:0.5465116	 m_f1-score:0.5063914	 m_support:11.9767442
2021-08-20 17:57:26,672 -    ini file updated    
2021-08-20 17:57:26,715 - Snapshot saved to /data/users/wergillius/UTR_VAE/pth/Cross_stitch_classifier_MTL/tune_hidden_size/h10-model_best.pth

2021-08-20 17:57:26,715 -    ini file updated    
2021-08-20 17:57:26,715 - 
===============================|    epoch 45   |===============================

2021-08-20 17:57:27,117 -     0 /   301 (0.0%):	 Total:0.4659154	 m_precision:0.4583333	 m_recall:0.5000000	 m_f1-score:0.4782609	 m_support:12.0000000	 Mean_Total:0.4659154
2021-08-20 17:57:28,414 -    60 /   301 (19.9%):	 Total:0.5017170	 m_precision:0.4583333	 m_recall:0.5000000	 m_f1-score:0.4782609	 m_support:12.0000000	 Mean_Total:0.6549819
2021-08-20 17:57:29,637 -   120 /   301 (39.9%):	 Total:0.3177697	 m_precision:1.0000000	 m_recall:1.0000000	 m_f1-score:1.0000000	 m_support:12.0000000	 Mean_Total:0.6700153
2021-08-20 17:57:30,794 -   180 /   301 (59.8%):	 Total:0.7291641	 m_precision:0.4166667	 m_recall:0.5000000	 m_f1-score:0.4545455	 m_support:12.0000000	 Mean_Total:0.6798320
2021-08-20 17:57:32,023 -   240 /   301 (79.7%):	 Total:0.7109385	 m_precision:0.4166667	 m_recall:0.5000000	 m_f1-score:0.4545455	 m_support:12.0000000	 Mean_Total:0.6766777
2021-08-20 17:57:33,389 -   300 /   301 (99.7%):	 Total:0.8318830	 m_precision:0.3750000	 m_recall:0.5000000	 m_f1-score:0.4285714	 m_support:8.0000000	 Mean_Total:0.6695625
2021-08-20 17:57:34,798 - 
===============================| start validation |===============================

2021-08-20 17:57:34,799 - 	 Total:0.6359841	 m_precision:0.4863460	 m_recall:0.5581395	 m_f1-score:0.5180230	 m_support:11.9767442
2021-08-20 17:57:34,805 -    ini file updated    
2021-08-20 17:57:34,846 - Snapshot saved to /data/users/wergillius/UTR_VAE/pth/Cross_stitch_classifier_MTL/tune_hidden_size/h10-model_best.pth

2021-08-20 17:57:34,847 -    ini file updated    
2021-08-20 17:57:34,847 - 
===============================|    epoch 46   |===============================

2021-08-20 17:57:35,269 -     0 /   301 (0.0%):	 Total:0.9086918	 m_precision:0.3750000	 m_recall:0.5000000	 m_f1-score:0.4285714	 m_support:12.0000000	 Mean_Total:0.9086918
2021-08-20 17:57:36,519 -    60 /   301 (19.9%):	 Total:0.6617079	 m_precision:0.4166667	 m_recall:0.5000000	 m_f1-score:0.4545455	 m_support:12.0000000	 Mean_Total:0.6807687
2021-08-20 17:57:37,706 -   120 /   301 (39.9%):	 Total:0.7642664	 m_precision:0.4166667	 m_recall:0.5000000	 m_f1-score:0.4545455	 m_support:12.0000000	 Mean_Total:0.6762716
2021-08-20 17:57:38,902 -   180 /   301 (59.8%):	 Total:0.5022005	 m_precision:0.4583333	 m_recall:0.5000000	 m_f1-score:0.4782609	 m_support:12.0000000	 Mean_Total:0.6720309
2021-08-20 17:57:40,259 -   240 /   301 (79.7%):	 Total:0.4438086	 m_precision:0.4583333	 m_recall:0.5000000	 m_f1-score:0.4782609	 m_support:12.0000000	 Mean_Total:0.6686724
2021-08-20 17:57:41,616 -   300 /   301 (99.7%):	 Total:0.8447734	 m_precision:0.3750000	 m_recall:0.5000000	 m_f1-score:0.4285714	 m_support:8.0000000	 Mean_Total:0.6663694
2021-08-20 17:57:43,143 - 
===============================| start validation |===============================

2021-08-20 17:57:43,144 - 	 Total:0.6354477	 m_precision:0.4863460	 m_recall:0.5581395	 m_f1-score:0.5180483	 m_support:11.9767442
2021-08-20 17:57:43,148 -    ini file updated    
2021-08-20 17:57:43,190 - Snapshot saved to /data/users/wergillius/UTR_VAE/pth/Cross_stitch_classifier_MTL/tune_hidden_size/h10-model_best.pth

2021-08-20 17:57:43,191 -    ini file updated    
2021-08-20 17:57:43,191 - 
===============================|    epoch 47   |===============================

2021-08-20 17:57:43,633 -     0 /   301 (0.0%):	 Total:0.6662118	 m_precision:0.4166667	 m_recall:0.5000000	 m_f1-score:0.4545455	 m_support:12.0000000	 Mean_Total:0.6662118
2021-08-20 17:57:44,999 -    60 /   301 (19.9%):	 Total:0.6316555	 m_precision:0.4166667	 m_recall:0.5000000	 m_f1-score:0.4545455	 m_support:12.0000000	 Mean_Total:0.6148583
2021-08-20 17:57:46,368 -   120 /   301 (39.9%):	 Total:0.9999027	 m_precision:0.3333333	 m_recall:0.5000000	 m_f1-score:0.4000000	 m_support:12.0000000	 Mean_Total:0.6468454
2021-08-20 17:57:47,561 -   180 /   301 (59.8%):	 Total:0.7087852	 m_precision:0.4166667	 m_recall:0.5000000	 m_f1-score:0.4545455	 m_support:12.0000000	 Mean_Total:0.6630632
2021-08-20 17:57:48,900 -   240 /   301 (79.7%):	 Total:0.6781849	 m_precision:0.4166667	 m_recall:0.5000000	 m_f1-score:0.4545455	 m_support:12.0000000	 Mean_Total:0.6604818
2021-08-20 17:57:50,159 -   300 /   301 (99.7%):	 Total:0.5345961	 m_precision:0.4375000	 m_recall:0.5000000	 m_f1-score:0.4666667	 m_support:8.0000000	 Mean_Total:0.6668582
2021-08-20 17:57:51,653 - 
===============================| start validation |===============================

2021-08-20 17:57:51,655 - 	 Total:0.6370876	 m_precision:0.5213178	 m_recall:0.5930233	 m_f1-score:0.5525544	 m_support:11.9767442
2021-08-20 17:57:51,661 -    ini file updated    
2021-08-20 17:57:51,661 - 
===============================|    epoch 48   |===============================

2021-08-20 17:57:52,104 -     0 /   301 (0.0%):	 Total:0.4778764	 m_precision:0.4583333	 m_recall:0.5000000	 m_f1-score:0.4782609	 m_support:12.0000000	 Mean_Total:0.4778764
2021-08-20 17:57:53,342 -    60 /   301 (19.9%):	 Total:0.6218647	 m_precision:0.4166667	 m_recall:0.5000000	 m_f1-score:0.4545455	 m_support:12.0000000	 Mean_Total:0.6817505
2021-08-20 17:57:54,568 -   120 /   301 (39.9%):	 Total:0.7684020	 m_precision:0.4166667	 m_recall:0.5000000	 m_f1-score:0.4545455	 m_support:12.0000000	 Mean_Total:0.6589607
2021-08-20 17:57:55,913 -   180 /   301 (59.8%):	 Total:0.6775085	 m_precision:0.4166667	 m_recall:0.5000000	 m_f1-score:0.4545455	 m_support:12.0000000	 Mean_Total:0.6729239
2021-08-20 17:57:57,263 -   240 /   301 (79.7%):	 Total:1.0584636	 m_precision:0.3333333	 m_recall:0.5000000	 m_f1-score:0.4000000	 m_support:12.0000000	 Mean_Total:0.6737278
2021-08-20 17:57:58,609 -   300 /   301 (99.7%):	 Total:0.5675234	 m_precision:0.4375000	 m_recall:0.5000000	 m_f1-score:0.4666667	 m_support:8.0000000	 Mean_Total:0.6651666
2021-08-20 17:57:59,951 - 
===============================| start validation |===============================

2021-08-20 17:57:59,952 - 	 Total:0.6356961	 m_precision:0.4979739	 m_recall:0.5697674	 m_f1-score:0.5293870	 m_support:11.9767442
2021-08-20 17:57:59,954 -    ini file updated    
2021-08-20 17:57:59,955 - 
===============================|    epoch 49   |===============================

2021-08-20 17:58:00,351 -     0 /   301 (0.0%):	 Total:0.4892618	 m_precision:0.4583333	 m_recall:0.5000000	 m_f1-score:0.4782609	 m_support:12.0000000	 Mean_Total:0.4892618
2021-08-20 17:58:01,712 -    60 /   301 (19.9%):	 Total:0.3174776	 m_precision:1.0000000	 m_recall:1.0000000	 m_f1-score:1.0000000	 m_support:12.0000000	 Mean_Total:0.6781751
2021-08-20 17:58:02,901 -   120 /   301 (39.9%):	 Total:0.7015715	 m_precision:0.4166667	 m_recall:0.5000000	 m_f1-score:0.4545455	 m_support:12.0000000	 Mean_Total:0.6691538
2021-08-20 17:58:04,163 -   180 /   301 (59.8%):	 Total:1.0061784	 m_precision:0.3333333	 m_recall:0.5000000	 m_f1-score:0.4000000	 m_support:12.0000000	 Mean_Total:0.6673914
2021-08-20 17:58:05,435 -   240 /   301 (79.7%):	 Total:0.5407181	 m_precision:0.4583333	 m_recall:0.5000000	 m_f1-score:0.4782609	 m_support:12.0000000	 Mean_Total:0.6672719
2021-08-20 17:58:06,766 -   300 /   301 (99.7%):	 Total:0.8338320	 m_precision:0.3750000	 m_recall:0.5000000	 m_f1-score:0.4285714	 m_support:8.0000000	 Mean_Total:0.6644478
2021-08-20 17:58:08,189 - 
===============================| start validation |===============================

2021-08-20 17:58:08,191 - 	 Total:0.6348248	 m_precision:0.4630902	 m_recall:0.5348837	 m_f1-score:0.4952757	 m_support:11.9767442
2021-08-20 17:58:08,194 -    ini file updated    
2021-08-20 17:58:08,237 - Snapshot saved to /data/users/wergillius/UTR_VAE/pth/Cross_stitch_classifier_MTL/tune_hidden_size/h10-model_best.pth

2021-08-20 17:58:08,237 -    ini file updated    
2021-08-20 17:58:08,237 - 
===============================|    epoch 50   |===============================

2021-08-20 17:58:08,673 -     0 /   301 (0.0%):	 Total:0.3359219	 m_precision:1.0000000	 m_recall:1.0000000	 m_f1-score:1.0000000	 m_support:12.0000000	 Mean_Total:0.3359219
2021-08-20 17:58:09,894 -    60 /   301 (19.9%):	 Total:0.4496397	 m_precision:0.4583333	 m_recall:0.5000000	 m_f1-score:0.4782609	 m_support:12.0000000	 Mean_Total:0.6897028
2021-08-20 17:58:11,135 -   120 /   301 (39.9%):	 Total:0.7888014	 m_precision:0.3750000	 m_recall:0.5000000	 m_f1-score:0.4285714	 m_support:12.0000000	 Mean_Total:0.6957215
2021-08-20 17:58:12,331 -   180 /   301 (59.8%):	 Total:0.3257135	 m_precision:1.0000000	 m_recall:1.0000000	 m_f1-score:1.0000000	 m_support:12.0000000	 Mean_Total:0.6839038
2021-08-20 17:58:13,628 -   240 /   301 (79.7%):	 Total:1.3780093	 m_precision:0.2500000	 m_recall:0.5000000	 m_f1-score:0.3333333	 m_support:12.0000000	 Mean_Total:0.6695743
2021-08-20 17:58:14,790 -   300 /   301 (99.7%):	 Total:0.5628959	 m_precision:0.4375000	 m_recall:0.5000000	 m_f1-score:0.4666667	 m_support:8.0000000	 Mean_Total:0.6652227
2021-08-20 17:58:16,245 - 
===============================| start validation |===============================

2021-08-20 17:58:16,246 - 	 Total:0.6346457	 m_precision:0.5096018	 m_recall:0.5813953	 m_f1-score:0.5405994	 m_support:11.9767442
2021-08-20 17:58:16,253 -    ini file updated    
2021-08-20 17:58:16,293 - Snapshot saved to /data/users/wergillius/UTR_VAE/pth/Cross_stitch_classifier_MTL/tune_hidden_size/h10-model_best.pth

2021-08-20 17:58:16,294 -    ini file updated    
2021-08-20 17:58:16,294 - 
===============================|    epoch 51   |===============================

2021-08-20 17:58:16,712 -     0 /   301 (0.0%):	 Total:0.6988453	 m_precision:0.4166667	 m_recall:0.5000000	 m_f1-score:0.4545455	 m_support:12.0000000	 Mean_Total:0.6988453
2021-08-20 17:58:17,966 -    60 /   301 (19.9%):	 Total:0.6458506	 m_precision:0.4166667	 m_recall:0.5000000	 m_f1-score:0.4545455	 m_support:12.0000000	 Mean_Total:0.6685949
2021-08-20 17:58:19,193 -   120 /   301 (39.9%):	 Total:0.5192525	 m_precision:0.4583333	 m_recall:0.5000000	 m_f1-score:0.4782609	 m_support:12.0000000	 Mean_Total:0.6817318
2021-08-20 17:58:20,387 -   180 /   301 (59.8%):	 Total:0.9354381	 m_precision:0.3750000	 m_recall:0.5000000	 m_f1-score:0.4285714	 m_support:12.0000000	 Mean_Total:0.6577344
2021-08-20 17:58:21,648 -   240 /   301 (79.7%):	 Total:0.4623041	 m_precision:0.4583333	 m_recall:0.5000000	 m_f1-score:0.4782609	 m_support:12.0000000	 Mean_Total:0.6621012
2021-08-20 17:58:22,855 -   300 /   301 (99.7%):	 Total:0.3494467	 m_precision:1.0000000	 m_recall:1.0000000	 m_f1-score:1.0000000	 m_support:8.0000000	 Mean_Total:0.6645359
2021-08-20 17:58:24,321 - 
===============================| start validation |===============================

2021-08-20 17:58:24,322 - 	 Total:0.6358913	 m_precision:0.5209655	 m_recall:0.5930233	 m_f1-score:0.5517357	 m_support:11.9767442
2021-08-20 17:58:24,326 -    ini file updated    
2021-08-20 17:58:24,326 - 
===============================|    epoch 52   |===============================

2021-08-20 17:58:24,778 -     0 /   301 (0.0%):	 Total:0.4858803	 m_precision:0.4583333	 m_recall:0.5000000	 m_f1-score:0.4782609	 m_support:12.0000000	 Mean_Total:0.4858803
2021-08-20 17:58:26,205 -    60 /   301 (19.9%):	 Total:0.7910340	 m_precision:0.4166667	 m_recall:0.5000000	 m_f1-score:0.4545455	 m_support:12.0000000	 Mean_Total:0.6832483
2021-08-20 17:58:27,443 -   120 /   301 (39.9%):	 Total:0.5280482	 m_precision:0.4583333	 m_recall:0.5000000	 m_f1-score:0.4782609	 m_support:12.0000000	 Mean_Total:0.6721299
2021-08-20 17:58:28,674 -   180 /   301 (59.8%):	 Total:0.3471023	 m_precision:1.0000000	 m_recall:1.0000000	 m_f1-score:1.0000000	 m_support:12.0000000	 Mean_Total:0.6659458
2021-08-20 17:58:29,973 -   240 /   301 (79.7%):	 Total:0.9014193	 m_precision:0.3750000	 m_recall:0.5000000	 m_f1-score:0.4285714	 m_support:12.0000000	 Mean_Total:0.6613670
2021-08-20 17:58:31,155 -   300 /   301 (99.7%):	 Total:0.8432627	 m_precision:0.3750000	 m_recall:0.5000000	 m_f1-score:0.4285714	 m_support:8.0000000	 Mean_Total:0.6637028
2021-08-20 17:58:32,550 - 
===============================| start validation |===============================

2021-08-20 17:58:32,552 - 	 Total:0.6342985	 m_precision:0.4978858	 m_recall:0.5697674	 m_f1-score:0.5300244	 m_support:11.9767442
2021-08-20 17:58:32,557 -    ini file updated    
2021-08-20 17:58:32,611 - Snapshot saved to /data/users/wergillius/UTR_VAE/pth/Cross_stitch_classifier_MTL/tune_hidden_size/h10-model_best.pth

2021-08-20 17:58:32,612 -    ini file updated    
2021-08-20 17:58:32,612 - 
===============================|    epoch 53   |===============================

2021-08-20 17:58:33,050 -     0 /   301 (0.0%):	 Total:0.8634419	 m_precision:0.3750000	 m_recall:0.5000000	 m_f1-score:0.4285714	 m_support:12.0000000	 Mean_Total:0.8634419
2021-08-20 17:58:34,215 -    60 /   301 (19.9%):	 Total:0.4827453	 m_precision:0.4583333	 m_recall:0.5000000	 m_f1-score:0.4782609	 m_support:12.0000000	 Mean_Total:0.6369610
2021-08-20 17:58:35,426 -   120 /   301 (39.9%):	 Total:1.0265476	 m_precision:0.3750000	 m_recall:0.5000000	 m_f1-score:0.4285714	 m_support:12.0000000	 Mean_Total:0.6843562
2021-08-20 17:58:36,598 -   180 /   301 (59.8%):	 Total:0.3523588	 m_precision:1.0000000	 m_recall:1.0000000	 m_f1-score:1.0000000	 m_support:12.0000000	 Mean_Total:0.6753931
2021-08-20 17:58:37,790 -   240 /   301 (79.7%):	 Total:0.6611775	 m_precision:0.4166667	 m_recall:0.5000000	 m_f1-score:0.4545455	 m_support:12.0000000	 Mean_Total:0.6632400
2021-08-20 17:58:38,949 -   300 /   301 (99.7%):	 Total:0.5056748	 m_precision:0.4375000	 m_recall:0.5000000	 m_f1-score:0.4666667	 m_support:8.0000000	 Mean_Total:0.6647011
2021-08-20 17:58:40,334 - 
===============================| start validation |===============================

2021-08-20 17:58:40,336 - 	 Total:0.6343138	 m_precision:0.4860817	 m_recall:0.5581395	 m_f1-score:0.5177077	 m_support:11.9767442
2021-08-20 17:58:40,342 -    ini file updated    
2021-08-20 17:58:40,342 - 
===============================|    epoch 54   |===============================

2021-08-20 17:58:40,857 -     0 /   301 (0.0%):	 Total:0.9738130	 m_precision:0.3750000	 m_recall:0.5000000	 m_f1-score:0.4285714	 m_support:12.0000000	 Mean_Total:0.9738130
2021-08-20 17:58:42,088 -    60 /   301 (19.9%):	 Total:0.7637882	 m_precision:0.4166667	 m_recall:0.5000000	 m_f1-score:0.4545455	 m_support:12.0000000	 Mean_Total:0.6740908
2021-08-20 17:58:43,306 -   120 /   301 (39.9%):	 Total:0.7254440	 m_precision:0.4166667	 m_recall:0.5000000	 m_f1-score:0.4545455	 m_support:12.0000000	 Mean_Total:0.6372513
2021-08-20 17:58:44,619 -   180 /   301 (59.8%):	 Total:0.5317092	 m_precision:0.4583333	 m_recall:0.5000000	 m_f1-score:0.4782609	 m_support:12.0000000	 Mean_Total:0.6602290
2021-08-20 17:58:45,937 -   240 /   301 (79.7%):	 Total:0.6236101	 m_precision:0.4583333	 m_recall:0.5000000	 m_f1-score:0.4782609	 m_support:12.0000000	 Mean_Total:0.6640556
2021-08-20 17:58:47,344 -   300 /   301 (99.7%):	 Total:0.5698856	 m_precision:0.4375000	 m_recall:0.5000000	 m_f1-score:0.4666667	 m_support:8.0000000	 Mean_Total:0.6622849
2021-08-20 17:58:48,768 - 
===============================| start validation |===============================

2021-08-20 17:58:48,770 - 	 Total:0.6335932	 m_precision:0.4630902	 m_recall:0.5348837	 m_f1-score:0.4952679	 m_support:11.9767442
2021-08-20 17:58:48,773 -    ini file updated    
2021-08-20 17:58:48,811 - Snapshot saved to /data/users/wergillius/UTR_VAE/pth/Cross_stitch_classifier_MTL/tune_hidden_size/h10-model_best.pth

2021-08-20 17:58:48,812 -    ini file updated    
2021-08-20 17:58:48,812 - 
===============================|    epoch 55   |===============================

2021-08-20 17:58:49,227 -     0 /   301 (0.0%):	 Total:1.0615584	 m_precision:0.3333333	 m_recall:0.5000000	 m_f1-score:0.4000000	 m_support:12.0000000	 Mean_Total:1.0615584
2021-08-20 17:58:50,482 -    60 /   301 (19.9%):	 Total:0.9340166	 m_precision:0.3750000	 m_recall:0.5000000	 m_f1-score:0.4285714	 m_support:12.0000000	 Mean_Total:0.6379163
2021-08-20 17:58:51,682 -   120 /   301 (39.9%):	 Total:0.6625388	 m_precision:0.4166667	 m_recall:0.5000000	 m_f1-score:0.4545455	 m_support:12.0000000	 Mean_Total:0.6468392
2021-08-20 17:58:52,864 -   180 /   301 (59.8%):	 Total:0.8265349	 m_precision:0.3750000	 m_recall:0.5000000	 m_f1-score:0.4285714	 m_support:12.0000000	 Mean_Total:0.6561139
2021-08-20 17:58:54,108 -   240 /   301 (79.7%):	 Total:1.2892164	 m_precision:0.2916667	 m_recall:0.5000000	 m_f1-score:0.3684211	 m_support:12.0000000	 Mean_Total:0.6467194
2021-08-20 17:58:55,405 -   300 /   301 (99.7%):	 Total:1.0743725	 m_precision:0.3125000	 m_recall:0.5000000	 m_f1-score:0.3846154	 m_support:8.0000000	 Mean_Total:0.6635964
2021-08-20 17:58:56,847 - 
===============================| start validation |===============================

2021-08-20 17:58:56,848 - 	 Total:0.6351736	 m_precision:0.5328576	 m_recall:0.6046512	 m_f1-score:0.5637398	 m_support:11.9767442
2021-08-20 17:58:56,851 -    ini file updated    
2021-08-20 17:58:56,851 - 
===============================|    epoch 56   |===============================

2021-08-20 17:58:57,293 -     0 /   301 (0.0%):	 Total:0.4851534	 m_precision:0.4583333	 m_recall:0.5000000	 m_f1-score:0.4782609	 m_support:12.0000000	 Mean_Total:0.4851534
2021-08-20 17:58:58,551 -    60 /   301 (19.9%):	 Total:0.3208702	 m_precision:1.0000000	 m_recall:1.0000000	 m_f1-score:1.0000000	 m_support:12.0000000	 Mean_Total:0.6450455
2021-08-20 17:58:59,804 -   120 /   301 (39.9%):	 Total:0.4565019	 m_precision:0.4583333	 m_recall:0.5000000	 m_f1-score:0.4782609	 m_support:12.0000000	 Mean_Total:0.6405265
2021-08-20 17:59:01,079 -   180 /   301 (59.8%):	 Total:0.4334337	 m_precision:0.4583333	 m_recall:0.5000000	 m_f1-score:0.4782609	 m_support:12.0000000	 Mean_Total:0.6516173
2021-08-20 17:59:02,298 -   240 /   301 (79.7%):	 Total:1.0806749	 m_precision:0.3333333	 m_recall:0.5000000	 m_f1-score:0.4000000	 m_support:12.0000000	 Mean_Total:0.6640651
2021-08-20 17:59:03,492 -   300 /   301 (99.7%):	 Total:0.3180570	 m_precision:1.0000000	 m_recall:1.0000000	 m_f1-score:1.0000000	 m_support:8.0000000	 Mean_Total:0.6612218
2021-08-20 17:59:04,894 - 
===============================| start validation |===============================

2021-08-20 17:59:04,895 - 	 Total:0.6340009	 m_precision:0.4861698	 m_recall:0.5581395	 m_f1-score:0.5180871	 m_support:11.9767442
2021-08-20 17:59:04,898 -    ini file updated    
2021-08-20 17:59:04,898 - 
===============================|    epoch 57   |===============================

2021-08-20 17:59:05,316 -     0 /   301 (0.0%):	 Total:0.3475894	 m_precision:1.0000000	 m_recall:1.0000000	 m_f1-score:1.0000000	 m_support:12.0000000	 Mean_Total:0.3475894
2021-08-20 17:59:06,562 -    60 /   301 (19.9%):	 Total:0.4371382	 m_precision:0.4583333	 m_recall:0.5000000	 m_f1-score:0.4782609	 m_support:12.0000000	 Mean_Total:0.6832288
2021-08-20 17:59:07,826 -   120 /   301 (39.9%):	 Total:0.9357371	 m_precision:0.3333333	 m_recall:0.5000000	 m_f1-score:0.4000000	 m_support:12.0000000	 Mean_Total:0.6759577
2021-08-20 17:59:09,074 -   180 /   301 (59.8%):	 Total:0.8502628	 m_precision:0.3750000	 m_recall:0.5000000	 m_f1-score:0.4285714	 m_support:12.0000000	 Mean_Total:0.6656300
2021-08-20 17:59:10,331 -   240 /   301 (79.7%):	 Total:0.5533811	 m_precision:0.4583333	 m_recall:0.5000000	 m_f1-score:0.4782609	 m_support:12.0000000	 Mean_Total:0.6573593
2021-08-20 17:59:11,587 -   300 /   301 (99.7%):	 Total:0.3313631	 m_precision:1.0000000	 m_recall:1.0000000	 m_f1-score:1.0000000	 m_support:8.0000000	 Mean_Total:0.6625964
2021-08-20 17:59:13,026 - 
===============================| start validation |===============================

2021-08-20 17:59:13,028 - 	 Total:0.6322890	 m_precision:0.5212297	 m_recall:0.5930233	 m_f1-score:0.5527846	 m_support:11.9767442
2021-08-20 17:59:13,032 -    ini file updated    
2021-08-20 17:59:13,070 - Snapshot saved to /data/users/wergillius/UTR_VAE/pth/Cross_stitch_classifier_MTL/tune_hidden_size/h10-model_best.pth

2021-08-20 17:59:13,071 -    ini file updated    
2021-08-20 17:59:13,071 - 
===============================|    epoch 58   |===============================

2021-08-20 17:59:13,522 -     0 /   301 (0.0%):	 Total:0.6937355	 m_precision:0.4166667	 m_recall:0.5000000	 m_f1-score:0.4545455	 m_support:12.0000000	 Mean_Total:0.6937355
2021-08-20 17:59:14,775 -    60 /   301 (19.9%):	 Total:0.6713128	 m_precision:0.4166667	 m_recall:0.5000000	 m_f1-score:0.4545455	 m_support:12.0000000	 Mean_Total:0.6362122
2021-08-20 17:59:15,989 -   120 /   301 (39.9%):	 Total:0.7279916	 m_precision:0.4166667	 m_recall:0.5000000	 m_f1-score:0.4545455	 m_support:12.0000000	 Mean_Total:0.6357734
2021-08-20 17:59:17,201 -   180 /   301 (59.8%):	 Total:0.3363442	 m_precision:1.0000000	 m_recall:1.0000000	 m_f1-score:1.0000000	 m_support:12.0000000	 Mean_Total:0.6440441
2021-08-20 17:59:18,372 -   240 /   301 (79.7%):	 Total:0.8141331	 m_precision:0.3750000	 m_recall:0.5000000	 m_f1-score:0.4285714	 m_support:12.0000000	 Mean_Total:0.6481945
2021-08-20 17:59:19,511 -   300 /   301 (99.7%):	 Total:0.5389746	 m_precision:0.4375000	 m_recall:0.5000000	 m_f1-score:0.4666667	 m_support:8.0000000	 Mean_Total:0.6596654
2021-08-20 17:59:20,939 - 
===============================| start validation |===============================

2021-08-20 17:59:20,940 - 	 Total:0.6329652	 m_precision:0.5096018	 m_recall:0.5813953	 m_f1-score:0.5414207	 m_support:11.9767442
2021-08-20 17:59:20,945 -    ini file updated    
2021-08-20 17:59:20,945 - 
===============================|    epoch 59   |===============================

2021-08-20 17:59:21,387 -     0 /   301 (0.0%):	 Total:0.6774945	 m_precision:0.4166667	 m_recall:0.5000000	 m_f1-score:0.4545455	 m_support:12.0000000	 Mean_Total:0.6774945
2021-08-20 17:59:22,575 -    60 /   301 (19.9%):	 Total:1.0104775	 m_precision:0.3333333	 m_recall:0.5000000	 m_f1-score:0.4000000	 m_support:12.0000000	 Mean_Total:0.6845632
2021-08-20 17:59:23,839 -   120 /   301 (39.9%):	 Total:0.6182235	 m_precision:0.4166667	 m_recall:0.5000000	 m_f1-score:0.4545455	 m_support:12.0000000	 Mean_Total:0.6710498
2021-08-20 17:59:25,101 -   180 /   301 (59.8%):	 Total:0.6160653	 m_precision:0.4166667	 m_recall:0.5000000	 m_f1-score:0.4545455	 m_support:12.0000000	 Mean_Total:0.6650198
2021-08-20 17:59:26,371 -   240 /   301 (79.7%):	 Total:0.7083745	 m_precision:0.3750000	 m_recall:0.5000000	 m_f1-score:0.4285714	 m_support:12.0000000	 Mean_Total:0.6620272
2021-08-20 17:59:27,567 -   300 /   301 (99.7%):	 Total:0.8261585	 m_precision:0.3750000	 m_recall:0.5000000	 m_f1-score:0.4285714	 m_support:8.0000000	 Mean_Total:0.6616812
2021-08-20 17:59:29,020 - 
===============================| start validation |===============================

2021-08-20 17:59:29,021 - 	 Total:0.6312403	 m_precision:0.5328576	 m_recall:0.6046512	 m_f1-score:0.5641056	 m_support:11.9767442
2021-08-20 17:59:29,025 -    ini file updated    
2021-08-20 17:59:29,063 - Snapshot saved to /data/users/wergillius/UTR_VAE/pth/Cross_stitch_classifier_MTL/tune_hidden_size/h10-model_best.pth

2021-08-20 17:59:29,063 -    ini file updated    
2021-08-20 17:59:29,063 - 
===============================|    epoch 60   |===============================

2021-08-20 17:59:29,521 -     0 /   301 (0.0%):	 Total:0.8208553	 m_precision:0.3750000	 m_recall:0.5000000	 m_f1-score:0.4285714	 m_support:12.0000000	 Mean_Total:0.8208553
2021-08-20 17:59:30,682 -    60 /   301 (19.9%):	 Total:0.4889492	 m_precision:0.4583333	 m_recall:0.5000000	 m_f1-score:0.4782609	 m_support:12.0000000	 Mean_Total:0.6642715
2021-08-20 17:59:31,900 -   120 /   301 (39.9%):	 Total:0.7096723	 m_precision:0.4166667	 m_recall:0.5000000	 m_f1-score:0.4545455	 m_support:12.0000000	 Mean_Total:0.6418918
2021-08-20 17:59:33,162 -   180 /   301 (59.8%):	 Total:0.3156825	 m_precision:1.0000000	 m_recall:1.0000000	 m_f1-score:1.0000000	 m_support:12.0000000	 Mean_Total:0.6524222
2021-08-20 17:59:34,415 -   240 /   301 (79.7%):	 Total:0.6465546	 m_precision:0.4583333	 m_recall:0.5000000	 m_f1-score:0.4782609	 m_support:12.0000000	 Mean_Total:0.6505168
2021-08-20 17:59:35,592 -   300 /   301 (99.7%):	 Total:0.6113154	 m_precision:0.4375000	 m_recall:0.5000000	 m_f1-score:0.4666667	 m_support:8.0000000	 Mean_Total:0.6594921
2021-08-20 17:59:36,918 - 
===============================| start validation |===============================

2021-08-20 17:59:36,920 - 	 Total:0.6313688	 m_precision:0.4979739	 m_recall:0.5697674	 m_f1-score:0.5288172	 m_support:11.9767442
2021-08-20 17:59:36,925 -    ini file updated    
