2021-08-20 17:51:11,714 - 
===============================|    epoch 0   |===============================

2021-08-20 17:51:16,483 -     0 /   301 (0.0%):	 Total:0.6663691	 m_precision:0.5000000	 m_recall:0.4583333	 m_f1-score:0.4782609	 m_support:12.0000000	 Mean_Total:0.6663691
2021-08-20 17:51:17,913 -    60 /   301 (19.9%):	 Total:0.8608910	 m_precision:0.3636364	 m_recall:0.4444444	 m_f1-score:0.4000000	 m_support:12.0000000	 Mean_Total:0.7787274
2021-08-20 17:51:19,204 -   120 /   301 (39.9%):	 Total:0.8492343	 m_precision:0.3750000	 m_recall:0.5000000	 m_f1-score:0.4285714	 m_support:12.0000000	 Mean_Total:0.7847617
2021-08-20 17:51:20,490 -   180 /   301 (59.8%):	 Total:0.6511714	 m_precision:1.0000000	 m_recall:1.0000000	 m_f1-score:1.0000000	 m_support:12.0000000	 Mean_Total:0.7867527
2021-08-20 17:51:21,949 -   240 /   301 (79.7%):	 Total:0.7325100	 m_precision:0.4545455	 m_recall:0.4545455	 m_f1-score:0.4545455	 m_support:12.0000000	 Mean_Total:0.7876971
2021-08-20 17:51:23,203 -   300 /   301 (99.7%):	 Total:0.9652532	 m_precision:0.3125000	 m_recall:0.5000000	 m_f1-score:0.3846154	 m_support:8.0000000	 Mean_Total:0.7870895
2021-08-20 17:51:24,589 - 
===============================| start validation |===============================

2021-08-20 17:51:24,591 - 	 Total:0.7744140	 m_precision:0.5343552	 m_recall:0.5740486	 m_f1-score:0.5428251	 m_support:11.9767442
2021-08-20 17:51:24,599 -    ini file updated    
2021-08-20 17:51:24,643 - Snapshot saved to /data/users/wergillius/UTR_VAE/pth/Cross_stitch_classifier_MTL/tune_hidden_size/h20-model_best.pth

2021-08-20 17:51:24,644 -    ini file updated    
2021-08-20 17:51:24,644 - 
===============================|    epoch 1   |===============================

2021-08-20 17:51:25,136 -     0 /   301 (0.0%):	 Total:0.7992369	 m_precision:0.4090909	 m_recall:0.4500000	 m_f1-score:0.4285714	 m_support:12.0000000	 Mean_Total:0.7992369
2021-08-20 17:51:26,570 -    60 /   301 (19.9%):	 Total:0.7840356	 m_precision:0.4166667	 m_recall:0.5000000	 m_f1-score:0.4545455	 m_support:12.0000000	 Mean_Total:0.7865696
2021-08-20 17:51:27,732 -   120 /   301 (39.9%):	 Total:0.7841322	 m_precision:0.4166667	 m_recall:0.5000000	 m_f1-score:0.4545455	 m_support:12.0000000	 Mean_Total:0.7983894
2021-08-20 17:51:28,924 -   180 /   301 (59.8%):	 Total:0.8524836	 m_precision:0.9090909	 m_recall:0.6666667	 m_f1-score:0.7000000	 m_support:12.0000000	 Mean_Total:0.7955258
2021-08-20 17:51:30,108 -   240 /   301 (79.7%):	 Total:0.7800903	 m_precision:0.4166667	 m_recall:0.5000000	 m_f1-score:0.4545455	 m_support:12.0000000	 Mean_Total:0.7925908
2021-08-20 17:51:31,568 -   300 /   301 (99.7%):	 Total:0.6514583	 m_precision:1.0000000	 m_recall:1.0000000	 m_f1-score:1.0000000	 m_support:8.0000000	 Mean_Total:0.7864616
2021-08-20 17:51:32,956 - 
===============================| start validation |===============================

2021-08-20 17:51:32,957 - 	 Total:0.7743090	 m_precision:0.4991191	 m_recall:0.5576638	 m_f1-score:0.5228656	 m_support:11.9767442
2021-08-20 17:51:32,962 -    ini file updated    
2021-08-20 17:51:33,022 - Snapshot saved to /data/users/wergillius/UTR_VAE/pth/Cross_stitch_classifier_MTL/tune_hidden_size/h20-model_best.pth

2021-08-20 17:51:33,023 -    ini file updated    
2021-08-20 17:51:33,023 - 
===============================|    epoch 2   |===============================

2021-08-20 17:51:33,494 -     0 /   301 (0.0%):	 Total:0.8015339	 m_precision:0.4000000	 m_recall:0.4000000	 m_f1-score:0.4000000	 m_support:12.0000000	 Mean_Total:0.8015339
2021-08-20 17:51:34,645 -    60 /   301 (19.9%):	 Total:0.7955310	 m_precision:0.4166667	 m_recall:0.5000000	 m_f1-score:0.4545455	 m_support:12.0000000	 Mean_Total:0.7794000
2021-08-20 17:51:35,902 -   120 /   301 (39.9%):	 Total:0.7216129	 m_precision:0.4583333	 m_recall:0.5000000	 m_f1-score:0.4782609	 m_support:12.0000000	 Mean_Total:0.7794060
2021-08-20 17:51:37,192 -   180 /   301 (59.8%):	 Total:0.7868740	 m_precision:0.4166667	 m_recall:0.5000000	 m_f1-score:0.4545455	 m_support:12.0000000	 Mean_Total:0.7843368
2021-08-20 17:51:38,595 -   240 /   301 (79.7%):	 Total:0.8439943	 m_precision:0.3750000	 m_recall:0.5000000	 m_f1-score:0.4285714	 m_support:12.0000000	 Mean_Total:0.7836933
2021-08-20 17:51:39,776 -   300 /   301 (99.7%):	 Total:0.9688272	 m_precision:0.3125000	 m_recall:0.5000000	 m_f1-score:0.3846154	 m_support:8.0000000	 Mean_Total:0.7867625
2021-08-20 17:51:41,158 - 
===============================| start validation |===============================

2021-08-20 17:51:41,161 - 	 Total:0.7737122	 m_precision:0.5343552	 m_recall:0.5751879	 m_f1-score:0.5448174	 m_support:11.9767442
2021-08-20 17:51:41,167 -    ini file updated    
2021-08-20 17:51:41,225 - Snapshot saved to /data/users/wergillius/UTR_VAE/pth/Cross_stitch_classifier_MTL/tune_hidden_size/h20-model_best.pth

2021-08-20 17:51:41,226 -    ini file updated    
2021-08-20 17:51:41,226 - 
===============================|    epoch 3   |===============================

2021-08-20 17:51:41,701 -     0 /   301 (0.0%):	 Total:0.8560612	 m_precision:0.3750000	 m_recall:0.5000000	 m_f1-score:0.4285714	 m_support:12.0000000	 Mean_Total:0.8560612
2021-08-20 17:51:43,117 -    60 /   301 (19.9%):	 Total:0.9131047	 m_precision:0.3333333	 m_recall:0.5000000	 m_f1-score:0.4000000	 m_support:12.0000000	 Mean_Total:0.7911635
2021-08-20 17:51:44,424 -   120 /   301 (39.9%):	 Total:0.9286140	 m_precision:0.3181818	 m_recall:0.4375000	 m_f1-score:0.3684211	 m_support:12.0000000	 Mean_Total:0.7858745
2021-08-20 17:51:45,778 -   180 /   301 (59.8%):	 Total:0.6559787	 m_precision:1.0000000	 m_recall:1.0000000	 m_f1-score:1.0000000	 m_support:12.0000000	 Mean_Total:0.7887543
2021-08-20 17:51:47,068 -   240 /   301 (79.7%):	 Total:0.8513421	 m_precision:0.3750000	 m_recall:0.5000000	 m_f1-score:0.4285714	 m_support:12.0000000	 Mean_Total:0.7871516
2021-08-20 17:51:48,392 -   300 /   301 (99.7%):	 Total:0.7729518	 m_precision:0.4375000	 m_recall:0.5000000	 m_f1-score:0.4666667	 m_support:8.0000000	 Mean_Total:0.7862293
2021-08-20 17:51:49,740 - 
===============================| start validation |===============================

2021-08-20 17:51:49,742 - 	 Total:0.7748113	 m_precision:0.5122093	 m_recall:0.5686781	 m_f1-score:0.5355909	 m_support:11.9767442
2021-08-20 17:51:49,747 -    ini file updated    
2021-08-20 17:51:49,747 - 
===============================|    epoch 4   |===============================

2021-08-20 17:51:50,217 -     0 /   301 (0.0%):	 Total:0.9225990	 m_precision:0.3333333	 m_recall:0.5000000	 m_f1-score:0.4000000	 m_support:12.0000000	 Mean_Total:0.9225990
2021-08-20 17:51:51,669 -    60 /   301 (19.9%):	 Total:0.6571492	 m_precision:1.0000000	 m_recall:1.0000000	 m_f1-score:1.0000000	 m_support:12.0000000	 Mean_Total:0.7858021
2021-08-20 17:51:52,992 -   120 /   301 (39.9%):	 Total:0.8001803	 m_precision:0.4166667	 m_recall:0.5000000	 m_f1-score:0.4545455	 m_support:12.0000000	 Mean_Total:0.7868933
2021-08-20 17:51:54,336 -   180 /   301 (59.8%):	 Total:0.7267941	 m_precision:0.4583333	 m_recall:0.5000000	 m_f1-score:0.4782609	 m_support:12.0000000	 Mean_Total:0.7889768
2021-08-20 17:51:55,670 -   240 /   301 (79.7%):	 Total:0.6565815	 m_precision:1.0000000	 m_recall:1.0000000	 m_f1-score:1.0000000	 m_support:12.0000000	 Mean_Total:0.7864918
2021-08-20 17:51:56,941 -   300 /   301 (99.7%):	 Total:0.8558428	 m_precision:0.3750000	 m_recall:0.5000000	 m_f1-score:0.4285714	 m_support:8.0000000	 Mean_Total:0.7863462
2021-08-20 17:51:58,464 - 
===============================| start validation |===============================

2021-08-20 17:51:58,467 - 	 Total:0.7742046	 m_precision:0.5570825	 m_recall:0.6145525	 m_f1-score:0.5799699	 m_support:11.9767442
2021-08-20 17:51:58,473 -    ini file updated    
2021-08-20 17:51:58,528 - Snapshot saved to /data/users/wergillius/UTR_VAE/pth/Cross_stitch_classifier_MTL/tune_hidden_size/h20-model_best.pth

2021-08-20 17:51:58,529 -    ini file updated    
2021-08-20 17:51:58,529 - 
===============================|    epoch 5   |===============================

2021-08-20 17:51:59,042 -     0 /   301 (0.0%):	 Total:0.7269733	 m_precision:0.4583333	 m_recall:0.5000000	 m_f1-score:0.4782609	 m_support:12.0000000	 Mean_Total:0.7269733
2021-08-20 17:52:00,166 -    60 /   301 (19.9%):	 Total:0.7308072	 m_precision:0.4545455	 m_recall:0.4545455	 m_f1-score:0.4545455	 m_support:12.0000000	 Mean_Total:0.7865300
2021-08-20 17:52:01,480 -   120 /   301 (39.9%):	 Total:0.7236986	 m_precision:0.4583333	 m_recall:0.5000000	 m_f1-score:0.4782609	 m_support:12.0000000	 Mean_Total:0.7849015
2021-08-20 17:52:02,842 -   180 /   301 (59.8%):	 Total:0.7909547	 m_precision:0.4166667	 m_recall:0.5000000	 m_f1-score:0.4545455	 m_support:12.0000000	 Mean_Total:0.7820873
2021-08-20 17:52:04,250 -   240 /   301 (79.7%):	 Total:0.8530928	 m_precision:0.3636364	 m_recall:0.4444444	 m_f1-score:0.4000000	 m_support:12.0000000	 Mean_Total:0.7842425
2021-08-20 17:52:05,444 -   300 /   301 (99.7%):	 Total:0.8654287	 m_precision:0.3750000	 m_recall:0.5000000	 m_f1-score:0.4285714	 m_support:8.0000000	 Mean_Total:0.7862510
2021-08-20 17:52:06,874 - 
===============================| start validation |===============================

2021-08-20 17:52:06,875 - 	 Total:0.7750423	 m_precision:0.4987667	 m_recall:0.5494597	 m_f1-score:0.5177802	 m_support:11.9767442
2021-08-20 17:52:06,879 -    ini file updated    
2021-08-20 17:52:06,879 - 
===============================|    epoch 6   |===============================

2021-08-20 17:52:07,335 -     0 /   301 (0.0%):	 Total:0.8471959	 m_precision:0.3636364	 m_recall:0.4444444	 m_f1-score:0.4000000	 m_support:12.0000000	 Mean_Total:0.8471959
2021-08-20 17:52:08,588 -    60 /   301 (19.9%):	 Total:0.7179367	 m_precision:0.4583333	 m_recall:0.5000000	 m_f1-score:0.4782609	 m_support:12.0000000	 Mean_Total:0.7876009
2021-08-20 17:52:10,029 -   120 /   301 (39.9%):	 Total:0.7879132	 m_precision:0.4166667	 m_recall:0.5000000	 m_f1-score:0.4545455	 m_support:12.0000000	 Mean_Total:0.7858079
2021-08-20 17:52:11,209 -   180 /   301 (59.8%):	 Total:0.8533198	 m_precision:0.3750000	 m_recall:0.5000000	 m_f1-score:0.4285714	 m_support:12.0000000	 Mean_Total:0.7907316
2021-08-20 17:52:12,647 -   240 /   301 (79.7%):	 Total:0.8030931	 m_precision:0.4166667	 m_recall:0.5000000	 m_f1-score:0.4545455	 m_support:12.0000000	 Mean_Total:0.7860220
2021-08-20 17:52:14,101 -   300 /   301 (99.7%):	 Total:0.6588391	 m_precision:1.0000000	 m_recall:1.0000000	 m_f1-score:1.0000000	 m_support:8.0000000	 Mean_Total:0.7859363
2021-08-20 17:52:15,539 - 
===============================| start validation |===============================

2021-08-20 17:52:15,541 - 	 Total:0.7753656	 m_precision:0.5216702	 m_recall:0.5797892	 m_f1-score:0.5463119	 m_support:11.9767442
2021-08-20 17:52:15,545 -    ini file updated    
2021-08-20 17:52:15,545 - 
===============================|    epoch 7   |===============================

2021-08-20 17:52:16,025 -     0 /   301 (0.0%):	 Total:0.8629620	 m_precision:0.3750000	 m_recall:0.5000000	 m_f1-score:0.4285714	 m_support:12.0000000	 Mean_Total:0.8629620
2021-08-20 17:52:17,345 -    60 /   301 (19.9%):	 Total:0.8636834	 m_precision:0.3750000	 m_recall:0.5000000	 m_f1-score:0.4285714	 m_support:12.0000000	 Mean_Total:0.7888673
2021-08-20 17:52:18,764 -   120 /   301 (39.9%):	 Total:0.9313919	 m_precision:0.3333333	 m_recall:0.5000000	 m_f1-score:0.4000000	 m_support:12.0000000	 Mean_Total:0.7917063
2021-08-20 17:52:19,943 -   180 /   301 (59.8%):	 Total:0.9371435	 m_precision:0.3333333	 m_recall:0.5000000	 m_f1-score:0.4000000	 m_support:12.0000000	 Mean_Total:0.7878522
2021-08-20 17:52:21,293 -   240 /   301 (79.7%):	 Total:0.6646823	 m_precision:1.0000000	 m_recall:1.0000000	 m_f1-score:1.0000000	 m_support:12.0000000	 Mean_Total:0.7893697
2021-08-20 17:52:22,619 -   300 /   301 (99.7%):	 Total:0.6493068	 m_precision:1.0000000	 m_recall:1.0000000	 m_f1-score:1.0000000	 m_support:8.0000000	 Mean_Total:0.7858194
2021-08-20 17:52:24,114 - 
===============================| start validation |===============================

2021-08-20 17:52:24,116 - 	 Total:0.7741096	 m_precision:0.5393587	 m_recall:0.5956072	 m_f1-score:0.5617297	 m_support:11.9767442
2021-08-20 17:52:24,120 -    ini file updated    
2021-08-20 17:52:24,120 - 
===============================|    epoch 8   |===============================

2021-08-20 17:52:24,578 -     0 /   301 (0.0%):	 Total:0.6690025	 m_precision:1.0000000	 m_recall:1.0000000	 m_f1-score:1.0000000	 m_support:12.0000000	 Mean_Total:0.6690025
2021-08-20 17:52:25,747 -    60 /   301 (19.9%):	 Total:0.7765848	 m_precision:0.4166667	 m_recall:0.5000000	 m_f1-score:0.4545455	 m_support:12.0000000	 Mean_Total:0.7792841
2021-08-20 17:52:27,191 -   120 /   301 (39.9%):	 Total:0.7958975	 m_precision:0.4166667	 m_recall:0.5000000	 m_f1-score:0.4545455	 m_support:12.0000000	 Mean_Total:0.7798358
2021-08-20 17:52:28,588 -   180 /   301 (59.8%):	 Total:0.8546864	 m_precision:0.3750000	 m_recall:0.5000000	 m_f1-score:0.4285714	 m_support:12.0000000	 Mean_Total:0.7831881
2021-08-20 17:52:29,899 -   240 /   301 (79.7%):	 Total:0.6541937	 m_precision:1.0000000	 m_recall:1.0000000	 m_f1-score:1.0000000	 m_support:12.0000000	 Mean_Total:0.7850170
2021-08-20 17:52:31,167 -   300 /   301 (99.7%):	 Total:0.8562393	 m_precision:0.3750000	 m_recall:0.5000000	 m_f1-score:0.4285714	 m_support:8.0000000	 Mean_Total:0.7858303
2021-08-20 17:52:32,593 - 
===============================| start validation |===============================

2021-08-20 17:52:32,595 - 	 Total:0.7742601	 m_precision:0.4870507	 m_recall:0.5388243	 m_f1-score:0.5061298	 m_support:11.9767442
2021-08-20 17:52:32,600 -    ini file updated    
2021-08-20 17:52:32,601 - 
===============================|    epoch 9   |===============================

2021-08-20 17:52:33,050 -     0 /   301 (0.0%):	 Total:0.7842979	 m_precision:0.4166667	 m_recall:0.5000000	 m_f1-score:0.4545455	 m_support:12.0000000	 Mean_Total:0.7842979
2021-08-20 17:52:34,476 -    60 /   301 (19.9%):	 Total:0.7886894	 m_precision:0.4166667	 m_recall:0.5000000	 m_f1-score:0.4545455	 m_support:12.0000000	 Mean_Total:0.7995513
2021-08-20 17:52:35,668 -   120 /   301 (39.9%):	 Total:0.7170149	 m_precision:0.4583333	 m_recall:0.5000000	 m_f1-score:0.4782609	 m_support:12.0000000	 Mean_Total:0.7974406
2021-08-20 17:52:36,823 -   180 /   301 (59.8%):	 Total:0.7172896	 m_precision:0.4583333	 m_recall:0.5000000	 m_f1-score:0.4782609	 m_support:12.0000000	 Mean_Total:0.7950640
2021-08-20 17:52:38,111 -   240 /   301 (79.7%):	 Total:0.7323519	 m_precision:0.4583333	 m_recall:0.5000000	 m_f1-score:0.4782609	 m_support:12.0000000	 Mean_Total:0.7868686
2021-08-20 17:52:39,408 -   300 /   301 (99.7%):	 Total:0.9751596	 m_precision:0.3125000	 m_recall:0.5000000	 m_f1-score:0.3846154	 m_support:8.0000000	 Mean_Total:0.7855889
2021-08-20 17:52:40,920 - 
===============================| start validation |===============================

2021-08-20 17:52:40,922 - 	 Total:0.7728878	 m_precision:0.5109232	 m_recall:0.5663848	 m_f1-score:0.5323653	 m_support:11.9767442
2021-08-20 17:52:40,926 -    ini file updated    
2021-08-20 17:52:40,974 - Snapshot saved to /data/users/wergillius/UTR_VAE/pth/Cross_stitch_classifier_MTL/tune_hidden_size/h20-model_best.pth

2021-08-20 17:52:40,974 -    ini file updated    
2021-08-20 17:52:40,974 - 
===============================|    epoch 10   |===============================

2021-08-20 17:52:41,482 -     0 /   301 (0.0%):	 Total:0.9245601	 m_precision:0.3333333	 m_recall:0.5000000	 m_f1-score:0.4000000	 m_support:12.0000000	 Mean_Total:0.9245601
2021-08-20 17:52:42,720 -    60 /   301 (19.9%):	 Total:0.8557434	 m_precision:0.3750000	 m_recall:0.5000000	 m_f1-score:0.4285714	 m_support:12.0000000	 Mean_Total:0.7956057
2021-08-20 17:52:44,093 -   120 /   301 (39.9%):	 Total:0.8598193	 m_precision:0.3750000	 m_recall:0.5000000	 m_f1-score:0.4285714	 m_support:12.0000000	 Mean_Total:0.8013037
2021-08-20 17:52:45,404 -   180 /   301 (59.8%):	 Total:0.8487582	 m_precision:0.3750000	 m_recall:0.5000000	 m_f1-score:0.4285714	 m_support:12.0000000	 Mean_Total:0.7981219
2021-08-20 17:52:46,643 -   240 /   301 (79.7%):	 Total:0.8635974	 m_precision:0.3750000	 m_recall:0.5000000	 m_f1-score:0.4285714	 m_support:12.0000000	 Mean_Total:0.7928632
2021-08-20 17:52:47,979 -   300 /   301 (99.7%):	 Total:0.7437489	 m_precision:0.4375000	 m_recall:0.5000000	 m_f1-score:0.4666667	 m_support:8.0000000	 Mean_Total:0.7855771
2021-08-20 17:52:49,452 - 
===============================| start validation |===============================

2021-08-20 17:52:49,454 - 	 Total:0.7744921	 m_precision:0.5215469	 m_recall:0.5715712	 m_f1-score:0.5383747	 m_support:11.9767442
2021-08-20 17:52:49,460 -    ini file updated    
2021-08-20 17:52:49,460 - 
===============================|    epoch 11   |===============================

2021-08-20 17:52:49,969 -     0 /   301 (0.0%):	 Total:0.9185616	 m_precision:0.3333333	 m_recall:0.5000000	 m_f1-score:0.4000000	 m_support:12.0000000	 Mean_Total:0.9185616
2021-08-20 17:52:51,480 -    60 /   301 (19.9%):	 Total:0.6541969	 m_precision:1.0000000	 m_recall:1.0000000	 m_f1-score:1.0000000	 m_support:12.0000000	 Mean_Total:0.7782811
2021-08-20 17:52:52,764 -   120 /   301 (39.9%):	 Total:0.9291686	 m_precision:0.3333333	 m_recall:0.5000000	 m_f1-score:0.4000000	 m_support:12.0000000	 Mean_Total:0.7810018
2021-08-20 17:52:53,993 -   180 /   301 (59.8%):	 Total:0.7242017	 m_precision:0.4583333	 m_recall:0.5000000	 m_f1-score:0.4782609	 m_support:12.0000000	 Mean_Total:0.7805266
2021-08-20 17:52:55,243 -   240 /   301 (79.7%):	 Total:0.7238806	 m_precision:0.4583333	 m_recall:0.5000000	 m_f1-score:0.4782609	 m_support:12.0000000	 Mean_Total:0.7856417
2021-08-20 17:52:56,633 -   300 /   301 (99.7%):	 Total:0.6626350	 m_precision:1.0000000	 m_recall:1.0000000	 m_f1-score:1.0000000	 m_support:8.0000000	 Mean_Total:0.7852847
2021-08-20 17:52:58,088 - 
===============================| start validation |===============================

2021-08-20 17:52:58,089 - 	 Total:0.7737691	 m_precision:0.5456307	 m_recall:0.5994186	 m_f1-score:0.5656314	 m_support:11.9767442
2021-08-20 17:52:58,092 -    ini file updated    
2021-08-20 17:52:58,092 - 
===============================|    epoch 12   |===============================

2021-08-20 17:52:58,491 -     0 /   301 (0.0%):	 Total:0.6627028	 m_precision:0.5000000	 m_recall:0.4583333	 m_f1-score:0.4782609	 m_support:12.0000000	 Mean_Total:0.6627028
2021-08-20 17:52:59,873 -    60 /   301 (19.9%):	 Total:0.7849951	 m_precision:0.4166667	 m_recall:0.5000000	 m_f1-score:0.4545455	 m_support:12.0000000	 Mean_Total:0.7661327
2021-08-20 17:53:01,177 -   120 /   301 (39.9%):	 Total:0.7875084	 m_precision:0.4166667	 m_recall:0.5000000	 m_f1-score:0.4545455	 m_support:12.0000000	 Mean_Total:0.7848074
2021-08-20 17:53:02,437 -   180 /   301 (59.8%):	 Total:0.7260553	 m_precision:0.4583333	 m_recall:0.5000000	 m_f1-score:0.4782609	 m_support:12.0000000	 Mean_Total:0.7911533
2021-08-20 17:53:03,705 -   240 /   301 (79.7%):	 Total:0.7828269	 m_precision:0.4166667	 m_recall:0.5000000	 m_f1-score:0.4545455	 m_support:12.0000000	 Mean_Total:0.7867461
2021-08-20 17:53:04,947 -   300 /   301 (99.7%):	 Total:0.7521250	 m_precision:0.4375000	 m_recall:0.5000000	 m_f1-score:0.4666667	 m_support:8.0000000	 Mean_Total:0.7853875
2021-08-20 17:53:06,275 - 
===============================| start validation |===============================

2021-08-20 17:53:06,276 - 	 Total:0.7728852	 m_precision:0.5279774	 m_recall:0.5846664	 m_f1-score:0.5495636	 m_support:11.9767442
2021-08-20 17:53:06,281 -    ini file updated    
2021-08-20 17:53:06,330 - Snapshot saved to /data/users/wergillius/UTR_VAE/pth/Cross_stitch_classifier_MTL/tune_hidden_size/h20-model_best.pth

2021-08-20 17:53:06,331 -    ini file updated    
2021-08-20 17:53:06,331 - 
===============================|    epoch 13   |===============================

2021-08-20 17:53:06,736 -     0 /   301 (0.0%):	 Total:0.9796054	 m_precision:0.2916667	 m_recall:0.5000000	 m_f1-score:0.3684211	 m_support:12.0000000	 Mean_Total:0.9796054
2021-08-20 17:53:08,058 -    60 /   301 (19.9%):	 Total:0.7237658	 m_precision:0.4583333	 m_recall:0.5000000	 m_f1-score:0.4782609	 m_support:12.0000000	 Mean_Total:0.7865689
2021-08-20 17:53:09,338 -   120 /   301 (39.9%):	 Total:0.9173178	 m_precision:0.3333333	 m_recall:0.5000000	 m_f1-score:0.4000000	 m_support:12.0000000	 Mean_Total:0.7788489
2021-08-20 17:53:10,555 -   180 /   301 (59.8%):	 Total:0.8055985	 m_precision:0.4166667	 m_recall:0.5000000	 m_f1-score:0.4545455	 m_support:12.0000000	 Mean_Total:0.7815311
2021-08-20 17:53:11,773 -   240 /   301 (79.7%):	 Total:0.9955772	 m_precision:0.2916667	 m_recall:0.5000000	 m_f1-score:0.3684211	 m_support:12.0000000	 Mean_Total:0.7819558
2021-08-20 17:53:13,013 -   300 /   301 (99.7%):	 Total:0.6542460	 m_precision:1.0000000	 m_recall:1.0000000	 m_f1-score:1.0000000	 m_support:8.0000000	 Mean_Total:0.7848092
2021-08-20 17:53:14,279 - 
===============================| start validation |===============================

2021-08-20 17:53:14,280 - 	 Total:0.7742397	 m_precision:0.5625969	 m_recall:0.6172011	 m_f1-score:0.5825673	 m_support:11.9767442
2021-08-20 17:53:14,284 -    ini file updated    
2021-08-20 17:53:14,325 - Snapshot saved to /data/users/wergillius/UTR_VAE/pth/Cross_stitch_classifier_MTL/tune_hidden_size/h20-model_best.pth

2021-08-20 17:53:14,326 -    ini file updated    
2021-08-20 17:53:14,326 - 
===============================|    epoch 14   |===============================

2021-08-20 17:53:14,730 -     0 /   301 (0.0%):	 Total:0.9206104	 m_precision:0.3333333	 m_recall:0.5000000	 m_f1-score:0.4000000	 m_support:12.0000000	 Mean_Total:0.9206104
2021-08-20 17:53:16,013 -    60 /   301 (19.9%):	 Total:0.8651282	 m_precision:0.3750000	 m_recall:0.5000000	 m_f1-score:0.4285714	 m_support:12.0000000	 Mean_Total:0.7807518
2021-08-20 17:53:17,323 -   120 /   301 (39.9%):	 Total:0.8544160	 m_precision:0.3750000	 m_recall:0.5000000	 m_f1-score:0.4285714	 m_support:12.0000000	 Mean_Total:0.7785441
2021-08-20 17:53:18,563 -   180 /   301 (59.8%):	 Total:0.7938479	 m_precision:0.4166667	 m_recall:0.5000000	 m_f1-score:0.4545455	 m_support:12.0000000	 Mean_Total:0.7791131
2021-08-20 17:53:19,831 -   240 /   301 (79.7%):	 Total:0.8637362	 m_precision:0.3750000	 m_recall:0.5000000	 m_f1-score:0.4285714	 m_support:12.0000000	 Mean_Total:0.7839622
2021-08-20 17:53:21,080 -   300 /   301 (99.7%):	 Total:0.6563330	 m_precision:1.0000000	 m_recall:1.0000000	 m_f1-score:1.0000000	 m_support:8.0000000	 Mean_Total:0.7849445
2021-08-20 17:53:22,463 - 
===============================| start validation |===============================

2021-08-20 17:53:22,464 - 	 Total:0.7741178	 m_precision:0.5224630	 m_recall:0.5732030	 m_f1-score:0.5402643	 m_support:11.9767442
2021-08-20 17:53:22,467 -    ini file updated    
2021-08-20 17:53:22,467 - 
===============================|    epoch 15   |===============================

2021-08-20 17:53:22,939 -     0 /   301 (0.0%):	 Total:0.7897050	 m_precision:0.4166667	 m_recall:0.5000000	 m_f1-score:0.4545455	 m_support:12.0000000	 Mean_Total:0.7897050
2021-08-20 17:53:24,305 -    60 /   301 (19.9%):	 Total:0.8608989	 m_precision:0.3750000	 m_recall:0.5000000	 m_f1-score:0.4285714	 m_support:12.0000000	 Mean_Total:0.7910116
2021-08-20 17:53:25,538 -   120 /   301 (39.9%):	 Total:0.7196676	 m_precision:0.4583333	 m_recall:0.5000000	 m_f1-score:0.4782609	 m_support:12.0000000	 Mean_Total:0.7802211
2021-08-20 17:53:26,720 -   180 /   301 (59.8%):	 Total:0.8472654	 m_precision:0.3750000	 m_recall:0.5000000	 m_f1-score:0.4285714	 m_support:12.0000000	 Mean_Total:0.7821923
2021-08-20 17:53:27,956 -   240 /   301 (79.7%):	 Total:0.6604180	 m_precision:0.5000000	 m_recall:0.4583333	 m_f1-score:0.4782609	 m_support:12.0000000	 Mean_Total:0.7826285
2021-08-20 17:53:29,178 -   300 /   301 (99.7%):	 Total:1.0743985	 m_precision:0.2500000	 m_recall:0.5000000	 m_f1-score:0.3333333	 m_support:8.0000000	 Mean_Total:0.7853855
2021-08-20 17:53:30,646 - 
===============================| start validation |===============================

2021-08-20 17:53:30,647 - 	 Total:0.7728605	 m_precision:0.4877555	 m_recall:0.5490310	 m_f1-score:0.5136041	 m_support:11.9767442
2021-08-20 17:53:30,650 -    ini file updated    
2021-08-20 17:53:30,688 - Snapshot saved to /data/users/wergillius/UTR_VAE/pth/Cross_stitch_classifier_MTL/tune_hidden_size/h20-model_best.pth

2021-08-20 17:53:30,688 -    ini file updated    
2021-08-20 17:53:30,688 - 
===============================|    epoch 16   |===============================

2021-08-20 17:53:31,216 -     0 /   301 (0.0%):	 Total:0.7230825	 m_precision:0.4583333	 m_recall:0.5000000	 m_f1-score:0.4782609	 m_support:12.0000000	 Mean_Total:0.7230825
2021-08-20 17:53:32,639 -    60 /   301 (19.9%):	 Total:0.7237025	 m_precision:0.4583333	 m_recall:0.5000000	 m_f1-score:0.4782609	 m_support:12.0000000	 Mean_Total:0.7807757
2021-08-20 17:53:34,118 -   120 /   301 (39.9%):	 Total:0.8595764	 m_precision:0.3750000	 m_recall:0.5000000	 m_f1-score:0.4285714	 m_support:12.0000000	 Mean_Total:0.7790933
2021-08-20 17:53:35,386 -   180 /   301 (59.8%):	 Total:0.7870773	 m_precision:0.4166667	 m_recall:0.5000000	 m_f1-score:0.4545455	 m_support:12.0000000	 Mean_Total:0.7787878
2021-08-20 17:53:36,645 -   240 /   301 (79.7%):	 Total:0.7965130	 m_precision:0.4166667	 m_recall:0.5000000	 m_f1-score:0.4545455	 m_support:12.0000000	 Mean_Total:0.7811253
2021-08-20 17:53:37,890 -   300 /   301 (99.7%):	 Total:0.8482293	 m_precision:0.3750000	 m_recall:0.5000000	 m_f1-score:0.4285714	 m_support:8.0000000	 Mean_Total:0.7849602
2021-08-20 17:53:39,276 - 
===============================| start validation |===============================

2021-08-20 17:53:39,277 - 	 Total:0.7716671	 m_precision:0.5110994	 m_recall:0.5665962	 m_f1-score:0.5328948	 m_support:11.9767442
2021-08-20 17:53:39,280 -    ini file updated    
2021-08-20 17:53:39,319 - Snapshot saved to /data/users/wergillius/UTR_VAE/pth/Cross_stitch_classifier_MTL/tune_hidden_size/h20-model_best.pth

2021-08-20 17:53:39,320 -    ini file updated    
2021-08-20 17:53:39,320 - 
===============================|    epoch 17   |===============================

2021-08-20 17:53:39,711 -     0 /   301 (0.0%):	 Total:0.6530128	 m_precision:1.0000000	 m_recall:1.0000000	 m_f1-score:1.0000000	 m_support:12.0000000	 Mean_Total:0.6530128
2021-08-20 17:53:41,001 -    60 /   301 (19.9%):	 Total:0.7258991	 m_precision:0.4583333	 m_recall:0.5000000	 m_f1-score:0.4782609	 m_support:12.0000000	 Mean_Total:0.7852258
2021-08-20 17:53:42,224 -   120 /   301 (39.9%):	 Total:0.6532065	 m_precision:1.0000000	 m_recall:1.0000000	 m_f1-score:1.0000000	 m_support:12.0000000	 Mean_Total:0.7864592
2021-08-20 17:53:43,487 -   180 /   301 (59.8%):	 Total:0.6564424	 m_precision:1.0000000	 m_recall:1.0000000	 m_f1-score:1.0000000	 m_support:12.0000000	 Mean_Total:0.7805367
2021-08-20 17:53:44,695 -   240 /   301 (79.7%):	 Total:0.7974564	 m_precision:0.4166667	 m_recall:0.5000000	 m_f1-score:0.4545455	 m_support:12.0000000	 Mean_Total:0.7823890
2021-08-20 17:53:45,885 -   300 /   301 (99.7%):	 Total:0.8681527	 m_precision:0.3750000	 m_recall:0.5000000	 m_f1-score:0.4285714	 m_support:8.0000000	 Mean_Total:0.7847522
2021-08-20 17:53:47,197 - 
===============================| start validation |===============================

2021-08-20 17:53:47,197 - 	 Total:0.7724532	 m_precision:0.5570825	 m_recall:0.6153277	 m_f1-score:0.5784304	 m_support:11.9767442
2021-08-20 17:53:47,200 -    ini file updated    
2021-08-20 17:53:47,201 - 
===============================|    epoch 18   |===============================

2021-08-20 17:53:47,596 -     0 /   301 (0.0%):	 Total:0.7271465	 m_precision:0.4583333	 m_recall:0.5000000	 m_f1-score:0.4782609	 m_support:12.0000000	 Mean_Total:0.7271465
2021-08-20 17:53:48,826 -    60 /   301 (19.9%):	 Total:0.8709933	 m_precision:0.3750000	 m_recall:0.5000000	 m_f1-score:0.4285714	 m_support:12.0000000	 Mean_Total:0.7749563
2021-08-20 17:53:50,080 -   120 /   301 (39.9%):	 Total:0.7892603	 m_precision:0.4166667	 m_recall:0.5000000	 m_f1-score:0.4545455	 m_support:12.0000000	 Mean_Total:0.7805521
2021-08-20 17:53:51,317 -   180 /   301 (59.8%):	 Total:0.7258880	 m_precision:0.4583333	 m_recall:0.5000000	 m_f1-score:0.4782609	 m_support:12.0000000	 Mean_Total:0.7814130
2021-08-20 17:53:52,537 -   240 /   301 (79.7%):	 Total:0.7958400	 m_precision:0.4166667	 m_recall:0.5000000	 m_f1-score:0.4545455	 m_support:12.0000000	 Mean_Total:0.7832892
2021-08-20 17:53:53,780 -   300 /   301 (99.7%):	 Total:0.6581216	 m_precision:1.0000000	 m_recall:1.0000000	 m_f1-score:1.0000000	 m_support:8.0000000	 Mean_Total:0.7845494
2021-08-20 17:53:55,113 - 
===============================| start validation |===============================

2021-08-20 17:53:55,115 - 	 Total:0.7736735	 m_precision:0.5258339	 m_recall:0.5917313	 m_f1-score:0.5549640	 m_support:11.9767442
2021-08-20 17:53:55,119 -    ini file updated    
2021-08-20 17:53:55,119 - 
===============================|    epoch 19   |===============================

2021-08-20 17:53:55,561 -     0 /   301 (0.0%):	 Total:0.9168538	 m_precision:0.3333333	 m_recall:0.5000000	 m_f1-score:0.4000000	 m_support:12.0000000	 Mean_Total:0.9168538
2021-08-20 17:53:56,877 -    60 /   301 (19.9%):	 Total:0.7259323	 m_precision:0.4583333	 m_recall:0.5000000	 m_f1-score:0.4782609	 m_support:12.0000000	 Mean_Total:0.7810555
2021-08-20 17:53:58,284 -   120 /   301 (39.9%):	 Total:0.8502979	 m_precision:0.3636364	 m_recall:0.4444444	 m_f1-score:0.4000000	 m_support:12.0000000	 Mean_Total:0.7816230
2021-08-20 17:53:59,638 -   180 /   301 (59.8%):	 Total:0.7265471	 m_precision:0.4583333	 m_recall:0.5000000	 m_f1-score:0.4782609	 m_support:12.0000000	 Mean_Total:0.7840154
2021-08-20 17:54:00,889 -   240 /   301 (79.7%):	 Total:0.7257285	 m_precision:0.4545455	 m_recall:0.4545455	 m_f1-score:0.4545455	 m_support:12.0000000	 Mean_Total:0.7833514
2021-08-20 17:54:02,098 -   300 /   301 (99.7%):	 Total:0.8548975	 m_precision:0.3750000	 m_recall:0.5000000	 m_f1-score:0.4285714	 m_support:8.0000000	 Mean_Total:0.7843981
2021-08-20 17:54:03,432 - 
===============================| start validation |===============================

2021-08-20 17:54:03,433 - 	 Total:0.7723225	 m_precision:0.5283474	 m_recall:0.5898344	 m_f1-score:0.5536366	 m_support:11.9767442
2021-08-20 17:54:03,437 -    ini file updated    
2021-08-20 17:54:03,437 - 
===============================|    epoch 20   |===============================

2021-08-20 17:54:03,841 -     0 /   301 (0.0%):	 Total:0.7182804	 m_precision:0.4583333	 m_recall:0.5000000	 m_f1-score:0.4782609	 m_support:12.0000000	 Mean_Total:0.7182804
2021-08-20 17:54:05,120 -    60 /   301 (19.9%):	 Total:0.8578734	 m_precision:0.3750000	 m_recall:0.5000000	 m_f1-score:0.4285714	 m_support:12.0000000	 Mean_Total:0.7809565
2021-08-20 17:54:06,499 -   120 /   301 (39.9%):	 Total:0.7289962	 m_precision:0.4583333	 m_recall:0.5000000	 m_f1-score:0.4782609	 m_support:12.0000000	 Mean_Total:0.7838916
2021-08-20 17:54:07,889 -   180 /   301 (59.8%):	 Total:0.7986159	 m_precision:0.4166667	 m_recall:0.5000000	 m_f1-score:0.4545455	 m_support:12.0000000	 Mean_Total:0.7821401
2021-08-20 17:54:09,196 -   240 /   301 (79.7%):	 Total:0.7257885	 m_precision:0.4583333	 m_recall:0.5000000	 m_f1-score:0.4782609	 m_support:12.0000000	 Mean_Total:0.7826576
2021-08-20 17:54:10,480 -   300 /   301 (99.7%):	 Total:0.6620346	 m_precision:1.0000000	 m_recall:1.0000000	 m_f1-score:1.0000000	 m_support:8.0000000	 Mean_Total:0.7842261
2021-08-20 17:54:11,819 - 
===============================| start validation |===============================

2021-08-20 17:54:11,820 - 	 Total:0.7725205	 m_precision:0.5338266	 m_recall:0.5874442	 m_f1-score:0.5534024	 m_support:11.9767442
2021-08-20 17:54:11,823 -    ini file updated    
2021-08-20 17:54:11,823 - 
===============================|    epoch 21   |===============================

2021-08-20 17:54:12,216 -     0 /   301 (0.0%):	 Total:0.7209151	 m_precision:0.4583333	 m_recall:0.5000000	 m_f1-score:0.4782609	 m_support:12.0000000	 Mean_Total:0.7209151
2021-08-20 17:54:13,486 -    60 /   301 (19.9%):	 Total:0.8501123	 m_precision:0.3750000	 m_recall:0.5000000	 m_f1-score:0.4285714	 m_support:12.0000000	 Mean_Total:0.7944278
2021-08-20 17:54:14,899 -   120 /   301 (39.9%):	 Total:0.7245195	 m_precision:0.4583333	 m_recall:0.5000000	 m_f1-score:0.4782609	 m_support:12.0000000	 Mean_Total:0.7945902
2021-08-20 17:54:16,171 -   180 /   301 (59.8%):	 Total:0.7897715	 m_precision:0.4166667	 m_recall:0.5000000	 m_f1-score:0.4545455	 m_support:12.0000000	 Mean_Total:0.7929346
2021-08-20 17:54:17,424 -   240 /   301 (79.7%):	 Total:0.6459911	 m_precision:1.0000000	 m_recall:1.0000000	 m_f1-score:1.0000000	 m_support:12.0000000	 Mean_Total:0.7880739
2021-08-20 17:54:18,661 -   300 /   301 (99.7%):	 Total:0.7552028	 m_precision:0.4375000	 m_recall:0.5000000	 m_f1-score:0.4666667	 m_support:8.0000000	 Mean_Total:0.7842182
2021-08-20 17:54:20,067 - 
===============================| start validation |===============================

2021-08-20 17:54:20,068 - 	 Total:0.7726189	 m_precision:0.5106589	 m_recall:0.5633721	 m_f1-score:0.5300761	 m_support:11.9767442
2021-08-20 17:54:20,073 -    ini file updated    
2021-08-20 17:54:20,074 - 
===============================|    epoch 22   |===============================

2021-08-20 17:54:20,451 -     0 /   301 (0.0%):	 Total:0.8518826	 m_precision:0.3750000	 m_recall:0.5000000	 m_f1-score:0.4285714	 m_support:12.0000000	 Mean_Total:0.8518826
2021-08-20 17:54:21,859 -    60 /   301 (19.9%):	 Total:0.8611914	 m_precision:0.3750000	 m_recall:0.5000000	 m_f1-score:0.4285714	 m_support:12.0000000	 Mean_Total:0.7940717
2021-08-20 17:54:23,104 -   120 /   301 (39.9%):	 Total:0.9283360	 m_precision:0.3333333	 m_recall:0.5000000	 m_f1-score:0.4000000	 m_support:12.0000000	 Mean_Total:0.7875902
2021-08-20 17:54:24,358 -   180 /   301 (59.8%):	 Total:0.7182374	 m_precision:0.4583333	 m_recall:0.5000000	 m_f1-score:0.4782609	 m_support:12.0000000	 Mean_Total:0.7890258
2021-08-20 17:54:25,658 -   240 /   301 (79.7%):	 Total:0.7929549	 m_precision:0.4166667	 m_recall:0.5000000	 m_f1-score:0.4545455	 m_support:12.0000000	 Mean_Total:0.7869068
2021-08-20 17:54:26,868 -   300 /   301 (99.7%):	 Total:0.6554152	 m_precision:1.0000000	 m_recall:1.0000000	 m_f1-score:1.0000000	 m_support:8.0000000	 Mean_Total:0.7840683
2021-08-20 17:54:28,196 - 
===============================| start validation |===============================

2021-08-20 17:54:28,197 - 	 Total:0.7726661	 m_precision:0.5341790	 m_recall:0.5895995	 m_f1-score:0.5556674	 m_support:11.9767442
2021-08-20 17:54:28,200 -    ini file updated    
2021-08-20 17:54:28,200 - 
===============================|    epoch 23   |===============================

2021-08-20 17:54:28,614 -     0 /   301 (0.0%):	 Total:0.7862414	 m_precision:0.4166667	 m_recall:0.5000000	 m_f1-score:0.4545455	 m_support:12.0000000	 Mean_Total:0.7862414
2021-08-20 17:54:29,916 -    60 /   301 (19.9%):	 Total:0.7934850	 m_precision:0.4166667	 m_recall:0.5000000	 m_f1-score:0.4545455	 m_support:12.0000000	 Mean_Total:0.7747313
2021-08-20 17:54:31,100 -   120 /   301 (39.9%):	 Total:0.7856840	 m_precision:0.4166667	 m_recall:0.5000000	 m_f1-score:0.4545455	 m_support:12.0000000	 Mean_Total:0.7843418
2021-08-20 17:54:32,305 -   180 /   301 (59.8%):	 Total:0.7806762	 m_precision:0.4166667	 m_recall:0.5000000	 m_f1-score:0.4545455	 m_support:12.0000000	 Mean_Total:0.7836531
2021-08-20 17:54:33,527 -   240 /   301 (79.7%):	 Total:0.8492696	 m_precision:0.3750000	 m_recall:0.5000000	 m_f1-score:0.4285714	 m_support:12.0000000	 Mean_Total:0.7840430
2021-08-20 17:54:34,858 -   300 /   301 (99.7%):	 Total:0.9436518	 m_precision:0.3125000	 m_recall:0.5000000	 m_f1-score:0.3846154	 m_support:8.0000000	 Mean_Total:0.7840711
2021-08-20 17:54:36,236 - 
===============================| start validation |===============================

2021-08-20 17:54:36,237 - 	 Total:0.7726140	 m_precision:0.5690627	 m_recall:0.6266737	 m_f1-score:0.5896584	 m_support:11.9767442
2021-08-20 17:54:36,240 -    ini file updated    
2021-08-20 17:54:36,277 - Snapshot saved to /data/users/wergillius/UTR_VAE/pth/Cross_stitch_classifier_MTL/tune_hidden_size/h20-model_best.pth

2021-08-20 17:54:36,278 -    ini file updated    
2021-08-20 17:54:36,278 - 
===============================|    epoch 24   |===============================

2021-08-20 17:54:36,694 -     0 /   301 (0.0%):	 Total:0.8624673	 m_precision:0.3750000	 m_recall:0.5000000	 m_f1-score:0.4285714	 m_support:12.0000000	 Mean_Total:0.8624673
2021-08-20 17:54:37,974 -    60 /   301 (19.9%):	 Total:0.6593547	 m_precision:1.0000000	 m_recall:1.0000000	 m_f1-score:1.0000000	 m_support:12.0000000	 Mean_Total:0.7790284
2021-08-20 17:54:39,269 -   120 /   301 (39.9%):	 Total:0.7356679	 m_precision:0.4583333	 m_recall:0.5000000	 m_f1-score:0.4782609	 m_support:12.0000000	 Mean_Total:0.7852227
2021-08-20 17:54:40,710 -   180 /   301 (59.8%):	 Total:0.7223548	 m_precision:0.4583333	 m_recall:0.5000000	 m_f1-score:0.4782609	 m_support:12.0000000	 Mean_Total:0.7822809
2021-08-20 17:54:41,899 -   240 /   301 (79.7%):	 Total:0.9221331	 m_precision:0.3333333	 m_recall:0.5000000	 m_f1-score:0.4000000	 m_support:12.0000000	 Mean_Total:0.7825849
2021-08-20 17:54:43,114 -   300 /   301 (99.7%):	 Total:0.8550193	 m_precision:0.3750000	 m_recall:0.5000000	 m_f1-score:0.4285714	 m_support:8.0000000	 Mean_Total:0.7841334
2021-08-20 17:54:44,535 - 
===============================| start validation |===============================

2021-08-20 17:54:44,536 - 	 Total:0.7721903	 m_precision:0.5224630	 m_recall:0.5820825	 m_f1-score:0.5458803	 m_support:11.9767442
2021-08-20 17:54:44,539 -    ini file updated    
2021-08-20 17:54:44,539 - 
===============================|    epoch 25   |===============================

2021-08-20 17:54:44,941 -     0 /   301 (0.0%):	 Total:0.6549699	 m_precision:1.0000000	 m_recall:1.0000000	 m_f1-score:1.0000000	 m_support:12.0000000	 Mean_Total:0.6549699
2021-08-20 17:54:46,159 -    60 /   301 (19.9%):	 Total:0.7837725	 m_precision:0.4166667	 m_recall:0.5000000	 m_f1-score:0.4545455	 m_support:12.0000000	 Mean_Total:0.7898636
2021-08-20 17:54:47,482 -   120 /   301 (39.9%):	 Total:0.8461857	 m_precision:0.3750000	 m_recall:0.5000000	 m_f1-score:0.4285714	 m_support:12.0000000	 Mean_Total:0.7844622
2021-08-20 17:54:48,700 -   180 /   301 (59.8%):	 Total:0.7117691	 m_precision:0.4583333	 m_recall:0.5000000	 m_f1-score:0.4782609	 m_support:12.0000000	 Mean_Total:0.7821805
2021-08-20 17:54:49,937 -   240 /   301 (79.7%):	 Total:0.6555614	 m_precision:1.0000000	 m_recall:1.0000000	 m_f1-score:1.0000000	 m_support:12.0000000	 Mean_Total:0.7835128
2021-08-20 17:54:51,175 -   300 /   301 (99.7%):	 Total:0.7592884	 m_precision:0.4375000	 m_recall:0.5000000	 m_f1-score:0.4666667	 m_support:8.0000000	 Mean_Total:0.7837419
2021-08-20 17:54:52,570 - 
===============================| start validation |===============================

2021-08-20 17:54:52,571 - 	 Total:0.7721525	 m_precision:0.5337385	 m_recall:0.5866044	 m_f1-score:0.5528270	 m_support:11.9767442
2021-08-20 17:54:52,574 -    ini file updated    
2021-08-20 17:54:52,574 - 
===============================|    epoch 26   |===============================

2021-08-20 17:54:52,976 -     0 /   301 (0.0%):	 Total:0.7235966	 m_precision:0.4583333	 m_recall:0.5000000	 m_f1-score:0.4782609	 m_support:12.0000000	 Mean_Total:0.7235966
2021-08-20 17:54:54,258 -    60 /   301 (19.9%):	 Total:0.6459663	 m_precision:1.0000000	 m_recall:1.0000000	 m_f1-score:1.0000000	 m_support:12.0000000	 Mean_Total:0.7835390
2021-08-20 17:54:55,533 -   120 /   301 (39.9%):	 Total:0.8565704	 m_precision:0.3750000	 m_recall:0.5000000	 m_f1-score:0.4285714	 m_support:12.0000000	 Mean_Total:0.7856058
2021-08-20 17:54:56,844 -   180 /   301 (59.8%):	 Total:0.7144904	 m_precision:0.4583333	 m_recall:0.5000000	 m_f1-score:0.4782609	 m_support:12.0000000	 Mean_Total:0.7857396
2021-08-20 17:54:58,238 -   240 /   301 (79.7%):	 Total:0.7171100	 m_precision:0.4583333	 m_recall:0.5000000	 m_f1-score:0.4782609	 m_support:12.0000000	 Mean_Total:0.7832216
2021-08-20 17:54:59,569 -   300 /   301 (99.7%):	 Total:0.7659662	 m_precision:0.4375000	 m_recall:0.5000000	 m_f1-score:0.4666667	 m_support:8.0000000	 Mean_Total:0.7838153
2021-08-20 17:55:00,878 - 
===============================| start validation |===============================

2021-08-20 17:55:00,879 - 	 Total:0.7718852	 m_precision:0.4876498	 m_recall:0.5468023	 m_f1-score:0.5116085	 m_support:11.9767442
2021-08-20 17:55:00,882 -    ini file updated    
2021-08-20 17:55:00,882 - 
===============================|    epoch 27   |===============================

2021-08-20 17:55:01,327 -     0 /   301 (0.0%):	 Total:0.7264699	 m_precision:0.4583333	 m_recall:0.5000000	 m_f1-score:0.4782609	 m_support:12.0000000	 Mean_Total:0.7264699
2021-08-20 17:55:02,704 -    60 /   301 (19.9%):	 Total:0.6431832	 m_precision:1.0000000	 m_recall:1.0000000	 m_f1-score:1.0000000	 m_support:12.0000000	 Mean_Total:0.7890401
2021-08-20 17:55:04,196 -   120 /   301 (39.9%):	 Total:0.7310300	 m_precision:0.4583333	 m_recall:0.5000000	 m_f1-score:0.4782609	 m_support:12.0000000	 Mean_Total:0.7875269
2021-08-20 17:55:05,489 -   180 /   301 (59.8%):	 Total:0.6437171	 m_precision:1.0000000	 m_recall:1.0000000	 m_f1-score:1.0000000	 m_support:12.0000000	 Mean_Total:0.7851248
2021-08-20 17:55:06,862 -   240 /   301 (79.7%):	 Total:0.8606601	 m_precision:0.3750000	 m_recall:0.5000000	 m_f1-score:0.4285714	 m_support:12.0000000	 Mean_Total:0.7827028
2021-08-20 17:55:08,179 -   300 /   301 (99.7%):	 Total:0.8662634	 m_precision:0.3750000	 m_recall:0.5000000	 m_f1-score:0.4285714	 m_support:8.0000000	 Mean_Total:0.7835544
2021-08-20 17:55:09,590 - 
===============================| start validation |===============================

2021-08-20 17:55:09,591 - 	 Total:0.7713472	 m_precision:0.4989429	 m_recall:0.5489018	 m_f1-score:0.5151537	 m_support:11.9767442
2021-08-20 17:55:09,594 -    ini file updated    
2021-08-20 17:55:09,630 - Snapshot saved to /data/users/wergillius/UTR_VAE/pth/Cross_stitch_classifier_MTL/tune_hidden_size/h20-model_best.pth

2021-08-20 17:55:09,631 -    ini file updated    
2021-08-20 17:55:09,631 - 
===============================|    epoch 28   |===============================

2021-08-20 17:55:10,058 -     0 /   301 (0.0%):	 Total:0.7830238	 m_precision:0.4166667	 m_recall:0.5000000	 m_f1-score:0.4545455	 m_support:12.0000000	 Mean_Total:0.7830238
2021-08-20 17:55:11,308 -    60 /   301 (19.9%):	 Total:0.7172425	 m_precision:0.4583333	 m_recall:0.5000000	 m_f1-score:0.4782609	 m_support:12.0000000	 Mean_Total:0.7805753
2021-08-20 17:55:12,529 -   120 /   301 (39.9%):	 Total:0.7250715	 m_precision:0.4583333	 m_recall:0.5000000	 m_f1-score:0.4782609	 m_support:12.0000000	 Mean_Total:0.7845426
2021-08-20 17:55:13,801 -   180 /   301 (59.8%):	 Total:0.8476157	 m_precision:0.3750000	 m_recall:0.5000000	 m_f1-score:0.4285714	 m_support:12.0000000	 Mean_Total:0.7844756
2021-08-20 17:55:15,085 -   240 /   301 (79.7%):	 Total:0.7205595	 m_precision:0.4583333	 m_recall:0.5000000	 m_f1-score:0.4782609	 m_support:12.0000000	 Mean_Total:0.7830922
2021-08-20 17:55:16,385 -   300 /   301 (99.7%):	 Total:0.7634267	 m_precision:0.4375000	 m_recall:0.5000000	 m_f1-score:0.4666667	 m_support:8.0000000	 Mean_Total:0.7834540
2021-08-20 17:55:17,910 - 
===============================| start validation |===============================

2021-08-20 17:55:17,912 - 	 Total:0.7711605	 m_precision:0.5340381	 m_recall:0.5905127	 m_f1-score:0.5561741	 m_support:11.9767442
2021-08-20 17:55:17,921 -    ini file updated    
2021-08-20 17:55:17,983 - Snapshot saved to /data/users/wergillius/UTR_VAE/pth/Cross_stitch_classifier_MTL/tune_hidden_size/h20-model_best.pth

2021-08-20 17:55:17,983 -    ini file updated    
2021-08-20 17:55:17,984 - 
===============================|    epoch 29   |===============================

2021-08-20 17:55:18,417 -     0 /   301 (0.0%):	 Total:0.7900338	 m_precision:0.4166667	 m_recall:0.5000000	 m_f1-score:0.4545455	 m_support:12.0000000	 Mean_Total:0.7900338
2021-08-20 17:55:19,777 -    60 /   301 (19.9%):	 Total:0.8587715	 m_precision:0.3750000	 m_recall:0.5000000	 m_f1-score:0.4285714	 m_support:12.0000000	 Mean_Total:0.7879188
2021-08-20 17:55:21,045 -   120 /   301 (39.9%):	 Total:0.8506482	 m_precision:0.9090909	 m_recall:0.6666667	 m_f1-score:0.7000000	 m_support:12.0000000	 Mean_Total:0.7913297
2021-08-20 17:55:22,324 -   180 /   301 (59.8%):	 Total:0.8609265	 m_precision:0.3750000	 m_recall:0.5000000	 m_f1-score:0.4285714	 m_support:12.0000000	 Mean_Total:0.7897244
2021-08-20 17:55:23,518 -   240 /   301 (79.7%):	 Total:0.7965430	 m_precision:0.4166667	 m_recall:0.5000000	 m_f1-score:0.4545455	 m_support:12.0000000	 Mean_Total:0.7847371
2021-08-20 17:55:24,852 -   300 /   301 (99.7%):	 Total:0.6616064	 m_precision:1.0000000	 m_recall:1.0000000	 m_f1-score:1.0000000	 m_support:8.0000000	 Mean_Total:0.7831943
2021-08-20 17:55:26,322 - 
===============================| start validation |===============================

2021-08-20 17:55:26,323 - 	 Total:0.7718869	 m_precision:0.5343552	 m_recall:0.5897463	 m_f1-score:0.5557681	 m_support:11.9767442
2021-08-20 17:55:26,327 -    ini file updated    
2021-08-20 17:55:26,327 - 
===============================|    epoch 30   |===============================

2021-08-20 17:55:26,797 -     0 /   301 (0.0%):	 Total:0.7137801	 m_precision:0.4545455	 m_recall:0.4545455	 m_f1-score:0.4545455	 m_support:12.0000000	 Mean_Total:0.7137801
2021-08-20 17:55:28,217 -    60 /   301 (19.9%):	 Total:0.9284272	 m_precision:0.3333333	 m_recall:0.5000000	 m_f1-score:0.4000000	 m_support:12.0000000	 Mean_Total:0.7779912
2021-08-20 17:55:29,532 -   120 /   301 (39.9%):	 Total:0.7902579	 m_precision:0.4166667	 m_recall:0.5000000	 m_f1-score:0.4545455	 m_support:12.0000000	 Mean_Total:0.7808899
2021-08-20 17:55:30,878 -   180 /   301 (59.8%):	 Total:0.8777303	 m_precision:0.3750000	 m_recall:0.5000000	 m_f1-score:0.4285714	 m_support:12.0000000	 Mean_Total:0.7865306
2021-08-20 17:55:32,144 -   240 /   301 (79.7%):	 Total:0.8533797	 m_precision:0.3636364	 m_recall:0.4444444	 m_f1-score:0.4000000	 m_support:12.0000000	 Mean_Total:0.7868945
2021-08-20 17:55:33,418 -   300 /   301 (99.7%):	 Total:0.8602315	 m_precision:0.3750000	 m_recall:0.5000000	 m_f1-score:0.4285714	 m_support:8.0000000	 Mean_Total:0.7833513
2021-08-20 17:55:34,729 - 
===============================| start validation |===============================

2021-08-20 17:55:34,730 - 	 Total:0.7706704	 m_precision:0.5110994	 m_recall:0.5638654	 m_f1-score:0.5294999	 m_support:11.9767442
2021-08-20 17:55:34,733 -    ini file updated    
2021-08-20 17:55:34,770 - Snapshot saved to /data/users/wergillius/UTR_VAE/pth/Cross_stitch_classifier_MTL/tune_hidden_size/h20-model_best.pth

2021-08-20 17:55:34,771 -    ini file updated    
2021-08-20 17:55:34,771 - 
===============================|    epoch 31   |===============================

2021-08-20 17:55:35,225 -     0 /   301 (0.0%):	 Total:0.7930357	 m_precision:0.4166667	 m_recall:0.5000000	 m_f1-score:0.4545455	 m_support:12.0000000	 Mean_Total:0.7930357
2021-08-20 17:55:36,575 -    60 /   301 (19.9%):	 Total:0.7936141	 m_precision:0.4166667	 m_recall:0.5000000	 m_f1-score:0.4545455	 m_support:12.0000000	 Mean_Total:0.7821645
2021-08-20 17:55:37,856 -   120 /   301 (39.9%):	 Total:0.7227685	 m_precision:0.4583333	 m_recall:0.5000000	 m_f1-score:0.4782609	 m_support:12.0000000	 Mean_Total:0.7810364
2021-08-20 17:55:39,208 -   180 /   301 (59.8%):	 Total:0.6401804	 m_precision:1.0000000	 m_recall:1.0000000	 m_f1-score:1.0000000	 m_support:12.0000000	 Mean_Total:0.7864151
2021-08-20 17:55:40,535 -   240 /   301 (79.7%):	 Total:0.7882819	 m_precision:0.4166667	 m_recall:0.5000000	 m_f1-score:0.4545455	 m_support:12.0000000	 Mean_Total:0.7823043
2021-08-20 17:55:41,832 -   300 /   301 (99.7%):	 Total:0.7609930	 m_precision:0.4375000	 m_recall:0.5000000	 m_f1-score:0.4666667	 m_support:8.0000000	 Mean_Total:0.7830424
2021-08-20 17:55:43,244 - 
===============================| start validation |===============================

2021-08-20 17:55:43,245 - 	 Total:0.7709378	 m_precision:0.5109937	 m_recall:0.5751703	 m_f1-score:0.5385304	 m_support:11.9767442
2021-08-20 17:55:43,249 -    ini file updated    
2021-08-20 17:55:43,249 - 
===============================|    epoch 32   |===============================

2021-08-20 17:55:43,667 -     0 /   301 (0.0%):	 Total:0.7869810	 m_precision:0.4166667	 m_recall:0.5000000	 m_f1-score:0.4545455	 m_support:12.0000000	 Mean_Total:0.7869810
2021-08-20 17:55:44,905 -    60 /   301 (19.9%):	 Total:0.7225294	 m_precision:0.4545455	 m_recall:0.4545455	 m_f1-score:0.4545455	 m_support:12.0000000	 Mean_Total:0.7824007
2021-08-20 17:55:46,183 -   120 /   301 (39.9%):	 Total:0.9332528	 m_precision:0.3181818	 m_recall:0.4375000	 m_f1-score:0.3684211	 m_support:12.0000000	 Mean_Total:0.7803057
2021-08-20 17:55:47,488 -   180 /   301 (59.8%):	 Total:0.7179462	 m_precision:0.4583333	 m_recall:0.5000000	 m_f1-score:0.4782609	 m_support:12.0000000	 Mean_Total:0.7796999
2021-08-20 17:55:48,769 -   240 /   301 (79.7%):	 Total:0.6411737	 m_precision:1.0000000	 m_recall:1.0000000	 m_f1-score:1.0000000	 m_support:12.0000000	 Mean_Total:0.7818808
2021-08-20 17:55:50,031 -   300 /   301 (99.7%):	 Total:0.7692852	 m_precision:0.4375000	 m_recall:0.5000000	 m_f1-score:0.4666667	 m_support:8.0000000	 Mean_Total:0.7831449
2021-08-20 17:55:51,426 - 
===============================| start validation |===============================

2021-08-20 17:55:51,427 - 	 Total:0.7700846	 m_precision:0.5217583	 m_recall:0.5849894	 m_f1-score:0.5476280	 m_support:11.9767442
2021-08-20 17:55:51,430 -    ini file updated    
2021-08-20 17:55:51,475 - Snapshot saved to /data/users/wergillius/UTR_VAE/pth/Cross_stitch_classifier_MTL/tune_hidden_size/h20-model_best.pth

2021-08-20 17:55:51,475 -    ini file updated    
2021-08-20 17:55:51,475 - 
===============================|    epoch 33   |===============================

2021-08-20 17:55:51,946 -     0 /   301 (0.0%):	 Total:0.6555703	 m_precision:1.0000000	 m_recall:1.0000000	 m_f1-score:1.0000000	 m_support:12.0000000	 Mean_Total:0.6555703
2021-08-20 17:55:53,259 -    60 /   301 (19.9%):	 Total:0.7819378	 m_precision:0.4166667	 m_recall:0.5000000	 m_f1-score:0.4545455	 m_support:12.0000000	 Mean_Total:0.7888440
2021-08-20 17:55:54,629 -   120 /   301 (39.9%):	 Total:0.8589308	 m_precision:0.3750000	 m_recall:0.5000000	 m_f1-score:0.4285714	 m_support:12.0000000	 Mean_Total:0.7867443
2021-08-20 17:55:55,837 -   180 /   301 (59.8%):	 Total:0.7173323	 m_precision:0.4583333	 m_recall:0.5000000	 m_f1-score:0.4782609	 m_support:12.0000000	 Mean_Total:0.7821393
2021-08-20 17:55:57,051 -   240 /   301 (79.7%):	 Total:0.7860931	 m_precision:0.4166667	 m_recall:0.5000000	 m_f1-score:0.4545455	 m_support:12.0000000	 Mean_Total:0.7821634
2021-08-20 17:55:58,292 -   300 /   301 (99.7%):	 Total:0.7571247	 m_precision:0.4375000	 m_recall:0.5000000	 m_f1-score:0.4666667	 m_support:8.0000000	 Mean_Total:0.7830382
2021-08-20 17:55:59,700 - 
===============================| start validation |===============================

2021-08-20 17:55:59,701 - 	 Total:0.7698770	 m_precision:0.4985729	 m_recall:0.5597956	 m_f1-score:0.5231826	 m_support:11.9767442
2021-08-20 17:55:59,705 -    ini file updated    
2021-08-20 17:55:59,743 - Snapshot saved to /data/users/wergillius/UTR_VAE/pth/Cross_stitch_classifier_MTL/tune_hidden_size/h20-model_best.pth

2021-08-20 17:55:59,743 -    ini file updated    
2021-08-20 17:55:59,743 - 
===============================|    epoch 34   |===============================

2021-08-20 17:56:00,176 -     0 /   301 (0.0%):	 Total:0.9303722	 m_precision:0.3333333	 m_recall:0.5000000	 m_f1-score:0.4000000	 m_support:12.0000000	 Mean_Total:0.9303722
2021-08-20 17:56:01,523 -    60 /   301 (19.9%):	 Total:0.8647656	 m_precision:0.3750000	 m_recall:0.5000000	 m_f1-score:0.4285714	 m_support:12.0000000	 Mean_Total:0.7808744
2021-08-20 17:56:02,809 -   120 /   301 (39.9%):	 Total:0.6491697	 m_precision:1.0000000	 m_recall:1.0000000	 m_f1-score:1.0000000	 m_support:12.0000000	 Mean_Total:0.7795231
2021-08-20 17:56:04,028 -   180 /   301 (59.8%):	 Total:0.7827021	 m_precision:0.4166667	 m_recall:0.5000000	 m_f1-score:0.4545455	 m_support:12.0000000	 Mean_Total:0.7769560
2021-08-20 17:56:05,234 -   240 /   301 (79.7%):	 Total:0.7221684	 m_precision:0.4583333	 m_recall:0.5000000	 m_f1-score:0.4782609	 m_support:12.0000000	 Mean_Total:0.7783842
2021-08-20 17:56:06,452 -   300 /   301 (99.7%):	 Total:0.8471704	 m_precision:0.3750000	 m_recall:0.5000000	 m_f1-score:0.4285714	 m_support:8.0000000	 Mean_Total:0.7828946
2021-08-20 17:56:07,860 - 
===============================| start validation |===============================

2021-08-20 17:56:07,863 - 	 Total:0.7708274	 m_precision:0.4758633	 m_recall:0.5374207	 m_f1-score:0.5015945	 m_support:11.9767442
2021-08-20 17:56:07,869 -    ini file updated    
2021-08-20 17:56:07,869 - 
===============================|    epoch 35   |===============================

2021-08-20 17:56:08,269 -     0 /   301 (0.0%):	 Total:0.7137720	 m_precision:0.4583333	 m_recall:0.5000000	 m_f1-score:0.4782609	 m_support:12.0000000	 Mean_Total:0.7137720
2021-08-20 17:56:09,579 -    60 /   301 (19.9%):	 Total:0.8512713	 m_precision:0.3750000	 m_recall:0.5000000	 m_f1-score:0.4285714	 m_support:12.0000000	 Mean_Total:0.7738707
2021-08-20 17:56:10,873 -   120 /   301 (39.9%):	 Total:0.8484010	 m_precision:0.3750000	 m_recall:0.5000000	 m_f1-score:0.4285714	 m_support:12.0000000	 Mean_Total:0.7802367
2021-08-20 17:56:12,130 -   180 /   301 (59.8%):	 Total:0.8581879	 m_precision:0.3750000	 m_recall:0.5000000	 m_f1-score:0.4285714	 m_support:12.0000000	 Mean_Total:0.7724457
2021-08-20 17:56:13,351 -   240 /   301 (79.7%):	 Total:0.7893741	 m_precision:0.4166667	 m_recall:0.5000000	 m_f1-score:0.4545455	 m_support:12.0000000	 Mean_Total:0.7828602
2021-08-20 17:56:14,565 -   300 /   301 (99.7%):	 Total:0.8597804	 m_precision:0.3750000	 m_recall:0.5000000	 m_f1-score:0.4285714	 m_support:8.0000000	 Mean_Total:0.7828248
2021-08-20 17:56:15,969 - 
===============================| start validation |===============================

2021-08-20 17:56:15,971 - 	 Total:0.7699907	 m_precision:0.4872269	 m_recall:0.5570825	 m_f1-score:0.5178794	 m_support:11.9767442
2021-08-20 17:56:15,978 -    ini file updated    
2021-08-20 17:56:15,978 - 
===============================|    epoch 36   |===============================

2021-08-20 17:56:16,385 -     0 /   301 (0.0%):	 Total:0.6394792	 m_precision:1.0000000	 m_recall:1.0000000	 m_f1-score:1.0000000	 m_support:12.0000000	 Mean_Total:0.6394792
2021-08-20 17:56:17,624 -    60 /   301 (19.9%):	 Total:0.9267530	 m_precision:0.3333333	 m_recall:0.5000000	 m_f1-score:0.4000000	 m_support:12.0000000	 Mean_Total:0.7819716
2021-08-20 17:56:18,897 -   120 /   301 (39.9%):	 Total:0.7883947	 m_precision:0.4166667	 m_recall:0.5000000	 m_f1-score:0.4545455	 m_support:12.0000000	 Mean_Total:0.7821697
2021-08-20 17:56:20,173 -   180 /   301 (59.8%):	 Total:1.0058016	 m_precision:0.2916667	 m_recall:0.5000000	 m_f1-score:0.3684211	 m_support:12.0000000	 Mean_Total:0.7870349
2021-08-20 17:56:21,471 -   240 /   301 (79.7%):	 Total:0.7210755	 m_precision:0.4583333	 m_recall:0.5000000	 m_f1-score:0.4782609	 m_support:12.0000000	 Mean_Total:0.7832302
2021-08-20 17:56:22,761 -   300 /   301 (99.7%):	 Total:0.8696340	 m_precision:0.3750000	 m_recall:0.5000000	 m_f1-score:0.4285714	 m_support:8.0000000	 Mean_Total:0.7827062
2021-08-20 17:56:24,174 - 
===============================| start validation |===============================

2021-08-20 17:56:24,176 - 	 Total:0.7705539	 m_precision:0.5688865	 m_recall:0.6235142	 m_f1-score:0.5893204	 m_support:11.9767442
2021-08-20 17:56:24,179 -    ini file updated    
2021-08-20 17:56:24,179 - 
===============================|    epoch 37   |===============================

2021-08-20 17:56:24,592 -     0 /   301 (0.0%):	 Total:0.7951312	 m_precision:0.4166667	 m_recall:0.5000000	 m_f1-score:0.4545455	 m_support:12.0000000	 Mean_Total:0.7951312
2021-08-20 17:56:25,944 -    60 /   301 (19.9%):	 Total:0.7833559	 m_precision:0.4166667	 m_recall:0.5000000	 m_f1-score:0.4545455	 m_support:12.0000000	 Mean_Total:0.7961778
2021-08-20 17:56:27,162 -   120 /   301 (39.9%):	 Total:0.7279553	 m_precision:0.4583333	 m_recall:0.5000000	 m_f1-score:0.4782609	 m_support:12.0000000	 Mean_Total:0.7911690
2021-08-20 17:56:28,541 -   180 /   301 (59.8%):	 Total:0.7892575	 m_precision:0.4166667	 m_recall:0.5000000	 m_f1-score:0.4545455	 m_support:12.0000000	 Mean_Total:0.7895315
2021-08-20 17:56:29,834 -   240 /   301 (79.7%):	 Total:0.7182568	 m_precision:0.4583333	 m_recall:0.5000000	 m_f1-score:0.4782609	 m_support:12.0000000	 Mean_Total:0.7841921
2021-08-20 17:56:31,076 -   300 /   301 (99.7%):	 Total:0.7416489	 m_precision:0.4375000	 m_recall:0.5000000	 m_f1-score:0.4666667	 m_support:8.0000000	 Mean_Total:0.7822922
2021-08-20 17:56:32,515 - 
===============================| start validation |===============================

2021-08-20 17:56:32,516 - 	 Total:0.7688983	 m_precision:0.4519908	 m_recall:0.5152220	 m_f1-score:0.4789807	 m_support:11.9767442
2021-08-20 17:56:32,520 -    ini file updated    
2021-08-20 17:56:32,569 - Snapshot saved to /data/users/wergillius/UTR_VAE/pth/Cross_stitch_classifier_MTL/tune_hidden_size/h20-model_best.pth

2021-08-20 17:56:32,569 -    ini file updated    
2021-08-20 17:56:32,569 - 
===============================|    epoch 38   |===============================

2021-08-20 17:56:33,007 -     0 /   301 (0.0%):	 Total:0.6489249	 m_precision:1.0000000	 m_recall:1.0000000	 m_f1-score:1.0000000	 m_support:12.0000000	 Mean_Total:0.6489249
2021-08-20 17:56:34,323 -    60 /   301 (19.9%):	 Total:0.6501276	 m_precision:1.0000000	 m_recall:1.0000000	 m_f1-score:1.0000000	 m_support:12.0000000	 Mean_Total:0.7821270
2021-08-20 17:56:35,618 -   120 /   301 (39.9%):	 Total:0.7853124	 m_precision:0.4166667	 m_recall:0.5000000	 m_f1-score:0.4545455	 m_support:12.0000000	 Mean_Total:0.7849346
2021-08-20 17:56:36,866 -   180 /   301 (59.8%):	 Total:0.7230788	 m_precision:0.4583333	 m_recall:0.5000000	 m_f1-score:0.4782609	 m_support:12.0000000	 Mean_Total:0.7822491
2021-08-20 17:56:38,148 -   240 /   301 (79.7%):	 Total:0.6498697	 m_precision:1.0000000	 m_recall:1.0000000	 m_f1-score:1.0000000	 m_support:12.0000000	 Mean_Total:0.7819669
2021-08-20 17:56:39,372 -   300 /   301 (99.7%):	 Total:0.7600987	 m_precision:0.4375000	 m_recall:0.5000000	 m_f1-score:0.4666667	 m_support:8.0000000	 Mean_Total:0.7824230
2021-08-20 17:56:40,721 - 
===============================| start validation |===============================

2021-08-20 17:56:40,722 - 	 Total:0.7706769	 m_precision:0.5225511	 m_recall:0.5815891	 m_f1-score:0.5448247	 m_support:11.9767442
2021-08-20 17:56:40,725 -    ini file updated    
2021-08-20 17:56:40,725 - 
===============================|    epoch 39   |===============================

2021-08-20 17:56:41,118 -     0 /   301 (0.0%):	 Total:0.8623184	 m_precision:0.3750000	 m_recall:0.5000000	 m_f1-score:0.4285714	 m_support:12.0000000	 Mean_Total:0.8623184
2021-08-20 17:56:42,370 -    60 /   301 (19.9%):	 Total:0.7179308	 m_precision:0.4583333	 m_recall:0.5000000	 m_f1-score:0.4782609	 m_support:12.0000000	 Mean_Total:0.7916090
2021-08-20 17:56:43,698 -   120 /   301 (39.9%):	 Total:0.6472577	 m_precision:1.0000000	 m_recall:1.0000000	 m_f1-score:1.0000000	 m_support:12.0000000	 Mean_Total:0.7829709
2021-08-20 17:56:45,035 -   180 /   301 (59.8%):	 Total:0.8437644	 m_precision:0.3750000	 m_recall:0.5000000	 m_f1-score:0.4285714	 m_support:12.0000000	 Mean_Total:0.7742522
2021-08-20 17:56:46,264 -   240 /   301 (79.7%):	 Total:0.9264358	 m_precision:0.3333333	 m_recall:0.5000000	 m_f1-score:0.4000000	 m_support:12.0000000	 Mean_Total:0.7811094
2021-08-20 17:56:47,485 -   300 /   301 (99.7%):	 Total:0.8649698	 m_precision:0.3750000	 m_recall:0.5000000	 m_f1-score:0.4285714	 m_support:8.0000000	 Mean_Total:0.7822142
2021-08-20 17:56:48,890 - 
===============================| start validation |===============================

2021-08-20 17:56:48,891 - 	 Total:0.7689756	 m_precision:0.4868746	 m_recall:0.5557905	 m_f1-score:0.5177097	 m_support:11.9767442
2021-08-20 17:56:48,894 -    ini file updated    
2021-08-20 17:56:48,894 - 
===============================|    epoch 40   |===============================

2021-08-20 17:56:49,282 -     0 /   301 (0.0%):	 Total:0.7889664	 m_precision:0.4166667	 m_recall:0.5000000	 m_f1-score:0.4545455	 m_support:12.0000000	 Mean_Total:0.7889664
2021-08-20 17:56:50,620 -    60 /   301 (19.9%):	 Total:0.7229266	 m_precision:0.4583333	 m_recall:0.5000000	 m_f1-score:0.4782609	 m_support:12.0000000	 Mean_Total:0.7801060
2021-08-20 17:56:51,978 -   120 /   301 (39.9%):	 Total:0.7822430	 m_precision:0.4166667	 m_recall:0.5000000	 m_f1-score:0.4545455	 m_support:12.0000000	 Mean_Total:0.7722562
2021-08-20 17:56:53,252 -   180 /   301 (59.8%):	 Total:0.7960272	 m_precision:0.4166667	 m_recall:0.5000000	 m_f1-score:0.4545455	 m_support:12.0000000	 Mean_Total:0.7764981
2021-08-20 17:56:54,445 -   240 /   301 (79.7%):	 Total:0.8459640	 m_precision:0.3750000	 m_recall:0.5000000	 m_f1-score:0.4285714	 m_support:12.0000000	 Mean_Total:0.7808816
2021-08-20 17:56:55,672 -   300 /   301 (99.7%):	 Total:0.7521902	 m_precision:0.4375000	 m_recall:0.5000000	 m_f1-score:0.4666667	 m_support:8.0000000	 Mean_Total:0.7819719
2021-08-20 17:56:57,053 - 
===============================| start validation |===============================

2021-08-20 17:56:57,054 - 	 Total:0.7689582	 m_precision:0.4982382	 m_recall:0.5596899	 m_f1-score:0.5228429	 m_support:11.9767442
2021-08-20 17:56:57,057 -    ini file updated    
2021-08-20 17:56:57,057 - 
===============================|    epoch 41   |===============================

2021-08-20 17:56:57,471 -     0 /   301 (0.0%):	 Total:0.7846321	 m_precision:0.4166667	 m_recall:0.5000000	 m_f1-score:0.4545455	 m_support:12.0000000	 Mean_Total:0.7846321
2021-08-20 17:56:58,827 -    60 /   301 (19.9%):	 Total:0.7174236	 m_precision:0.4583333	 m_recall:0.5000000	 m_f1-score:0.4782609	 m_support:12.0000000	 Mean_Total:0.7719787
2021-08-20 17:57:00,048 -   120 /   301 (39.9%):	 Total:0.7107080	 m_precision:0.4583333	 m_recall:0.5000000	 m_f1-score:0.4782609	 m_support:12.0000000	 Mean_Total:0.7910228
2021-08-20 17:57:01,315 -   180 /   301 (59.8%):	 Total:0.8579637	 m_precision:0.3750000	 m_recall:0.5000000	 m_f1-score:0.4285714	 m_support:12.0000000	 Mean_Total:0.7846172
2021-08-20 17:57:02,589 -   240 /   301 (79.7%):	 Total:0.8466269	 m_precision:0.3750000	 m_recall:0.5000000	 m_f1-score:0.4285714	 m_support:12.0000000	 Mean_Total:0.7838844
2021-08-20 17:57:03,870 -   300 /   301 (99.7%):	 Total:0.7460661	 m_precision:0.4375000	 m_recall:0.5000000	 m_f1-score:0.4666667	 m_support:8.0000000	 Mean_Total:0.7821128
2021-08-20 17:57:05,187 - 
===============================| start validation |===============================

2021-08-20 17:57:05,188 - 	 Total:0.7698225	 m_precision:0.4868746	 m_recall:0.5501057	 m_f1-score:0.5130842	 m_support:11.9767442
2021-08-20 17:57:05,191 -    ini file updated    
2021-08-20 17:57:05,191 - 
===============================|    epoch 42   |===============================

2021-08-20 17:57:05,597 -     0 /   301 (0.0%):	 Total:0.7228214	 m_precision:0.4583333	 m_recall:0.5000000	 m_f1-score:0.4782609	 m_support:12.0000000	 Mean_Total:0.7228214
2021-08-20 17:57:06,851 -    60 /   301 (19.9%):	 Total:0.7242486	 m_precision:0.4583333	 m_recall:0.5000000	 m_f1-score:0.4782609	 m_support:12.0000000	 Mean_Total:0.7897586
2021-08-20 17:57:08,176 -   120 /   301 (39.9%):	 Total:0.7271187	 m_precision:0.4583333	 m_recall:0.5000000	 m_f1-score:0.4782609	 m_support:12.0000000	 Mean_Total:0.7851064
2021-08-20 17:57:09,424 -   180 /   301 (59.8%):	 Total:0.7876981	 m_precision:0.4166667	 m_recall:0.5000000	 m_f1-score:0.4545455	 m_support:12.0000000	 Mean_Total:0.7835762
2021-08-20 17:57:10,708 -   240 /   301 (79.7%):	 Total:0.7108078	 m_precision:0.4583333	 m_recall:0.5000000	 m_f1-score:0.4782609	 m_support:12.0000000	 Mean_Total:0.7814560
2021-08-20 17:57:12,008 -   300 /   301 (99.7%):	 Total:0.7560868	 m_precision:0.4375000	 m_recall:0.5000000	 m_f1-score:0.4666667	 m_support:8.0000000	 Mean_Total:0.7819739
2021-08-20 17:57:13,426 - 
===============================| start validation |===============================

2021-08-20 17:57:13,427 - 	 Total:0.7701485	 m_precision:0.5214940	 m_recall:0.5829457	 m_f1-score:0.5463105	 m_support:11.9767442
2021-08-20 17:57:13,430 -    ini file updated    
2021-08-20 17:57:13,430 - 
===============================|    epoch 43   |===============================

2021-08-20 17:57:13,846 -     0 /   301 (0.0%):	 Total:0.7243404	 m_precision:0.4583333	 m_recall:0.5000000	 m_f1-score:0.4782609	 m_support:12.0000000	 Mean_Total:0.7243404
2021-08-20 17:57:15,080 -    60 /   301 (19.9%):	 Total:0.8530352	 m_precision:0.3750000	 m_recall:0.5000000	 m_f1-score:0.4285714	 m_support:12.0000000	 Mean_Total:0.7656455
2021-08-20 17:57:16,350 -   120 /   301 (39.9%):	 Total:0.7851502	 m_precision:0.4166667	 m_recall:0.5000000	 m_f1-score:0.4545455	 m_support:12.0000000	 Mean_Total:0.7811171
2021-08-20 17:57:17,635 -   180 /   301 (59.8%):	 Total:0.7205839	 m_precision:0.4583333	 m_recall:0.5000000	 m_f1-score:0.4782609	 m_support:12.0000000	 Mean_Total:0.7816950
2021-08-20 17:57:18,853 -   240 /   301 (79.7%):	 Total:0.7848409	 m_precision:0.4166667	 m_recall:0.5000000	 m_f1-score:0.4545455	 m_support:12.0000000	 Mean_Total:0.7811129
2021-08-20 17:57:20,060 -   300 /   301 (99.7%):	 Total:0.7473861	 m_precision:0.4375000	 m_recall:0.5000000	 m_f1-score:0.4666667	 m_support:8.0000000	 Mean_Total:0.7813465
2021-08-20 17:57:21,344 - 
===============================| start validation |===============================

2021-08-20 17:57:21,344 - 	 Total:0.7706318	 m_precision:0.5225511	 m_recall:0.5844911	 m_f1-score:0.5478849	 m_support:11.9767442
2021-08-20 17:57:21,347 -    ini file updated    
2021-08-20 17:57:21,348 - 
===============================|    epoch 44   |===============================

2021-08-20 17:57:21,756 -     0 /   301 (0.0%):	 Total:0.8497964	 m_precision:0.3750000	 m_recall:0.5000000	 m_f1-score:0.4285714	 m_support:12.0000000	 Mean_Total:0.8497964
2021-08-20 17:57:23,033 -    60 /   301 (19.9%):	 Total:0.7184546	 m_precision:0.4583333	 m_recall:0.5000000	 m_f1-score:0.4782609	 m_support:12.0000000	 Mean_Total:0.7886927
2021-08-20 17:57:24,294 -   120 /   301 (39.9%):	 Total:0.7805961	 m_precision:0.4166667	 m_recall:0.5000000	 m_f1-score:0.4545455	 m_support:12.0000000	 Mean_Total:0.7904299
2021-08-20 17:57:25,538 -   180 /   301 (59.8%):	 Total:0.7142771	 m_precision:0.4545455	 m_recall:0.4545455	 m_f1-score:0.4545455	 m_support:12.0000000	 Mean_Total:0.7809723
2021-08-20 17:57:26,719 -   240 /   301 (79.7%):	 Total:0.8647623	 m_precision:0.3750000	 m_recall:0.5000000	 m_f1-score:0.4285714	 m_support:12.0000000	 Mean_Total:0.7799560
2021-08-20 17:57:27,964 -   300 /   301 (99.7%):	 Total:0.7408834	 m_precision:0.4375000	 m_recall:0.5000000	 m_f1-score:0.4666667	 m_support:8.0000000	 Mean_Total:0.7814914
2021-08-20 17:57:29,255 - 
===============================| start validation |===============================

2021-08-20 17:57:29,256 - 	 Total:0.7686452	 m_precision:0.4869626	 m_recall:0.5559197	 m_f1-score:0.5173693	 m_support:11.9767442
2021-08-20 17:57:29,260 -    ini file updated    
2021-08-20 17:57:29,303 - Snapshot saved to /data/users/wergillius/UTR_VAE/pth/Cross_stitch_classifier_MTL/tune_hidden_size/h20-model_best.pth

2021-08-20 17:57:29,303 -    ini file updated    
2021-08-20 17:57:29,303 - 
===============================|    epoch 45   |===============================

2021-08-20 17:57:29,802 -     0 /   301 (0.0%):	 Total:0.7257175	 m_precision:0.4583333	 m_recall:0.5000000	 m_f1-score:0.4782609	 m_support:12.0000000	 Mean_Total:0.7257175
2021-08-20 17:57:31,103 -    60 /   301 (19.9%):	 Total:0.7135471	 m_precision:0.4583333	 m_recall:0.5000000	 m_f1-score:0.4782609	 m_support:12.0000000	 Mean_Total:0.7771327
2021-08-20 17:57:32,496 -   120 /   301 (39.9%):	 Total:0.6522241	 m_precision:1.0000000	 m_recall:1.0000000	 m_f1-score:1.0000000	 m_support:12.0000000	 Mean_Total:0.7814474
2021-08-20 17:57:33,760 -   180 /   301 (59.8%):	 Total:0.7945679	 m_precision:0.4166667	 m_recall:0.5000000	 m_f1-score:0.4545455	 m_support:12.0000000	 Mean_Total:0.7854202
2021-08-20 17:57:34,940 -   240 /   301 (79.7%):	 Total:0.7904474	 m_precision:0.4166667	 m_recall:0.5000000	 m_f1-score:0.4545455	 m_support:12.0000000	 Mean_Total:0.7849541
2021-08-20 17:57:36,164 -   300 /   301 (99.7%):	 Total:0.8456861	 m_precision:0.3750000	 m_recall:0.5000000	 m_f1-score:0.4285714	 m_support:8.0000000	 Mean_Total:0.7818227
2021-08-20 17:57:37,453 - 
===============================| start validation |===============================

2021-08-20 17:57:37,455 - 	 Total:0.7688380	 m_precision:0.4869626	 m_recall:0.5482558	 m_f1-score:0.5115978	 m_support:11.9767442
2021-08-20 17:57:37,460 -    ini file updated    
2021-08-20 17:57:37,460 - 
===============================|    epoch 46   |===============================

2021-08-20 17:57:37,878 -     0 /   301 (0.0%):	 Total:0.8641972	 m_precision:0.3750000	 m_recall:0.5000000	 m_f1-score:0.4285714	 m_support:12.0000000	 Mean_Total:0.8641972
2021-08-20 17:57:39,226 -    60 /   301 (19.9%):	 Total:0.7830101	 m_precision:0.4166667	 m_recall:0.5000000	 m_f1-score:0.4545455	 m_support:12.0000000	 Mean_Total:0.7855819
2021-08-20 17:57:40,595 -   120 /   301 (39.9%):	 Total:0.7730057	 m_precision:0.9545455	 m_recall:0.7500000	 m_f1-score:0.8095238	 m_support:12.0000000	 Mean_Total:0.7837684
2021-08-20 17:57:41,976 -   180 /   301 (59.8%):	 Total:0.7210779	 m_precision:0.4583333	 m_recall:0.5000000	 m_f1-score:0.4782609	 m_support:12.0000000	 Mean_Total:0.7826154
2021-08-20 17:57:43,211 -   240 /   301 (79.7%):	 Total:0.7110845	 m_precision:0.4583333	 m_recall:0.5000000	 m_f1-score:0.4782609	 m_support:12.0000000	 Mean_Total:0.7823391
2021-08-20 17:57:44,562 -   300 /   301 (99.7%):	 Total:0.8589449	 m_precision:0.3750000	 m_recall:0.5000000	 m_f1-score:0.4285714	 m_support:8.0000000	 Mean_Total:0.7815983
2021-08-20 17:57:46,096 - 
===============================| start validation |===============================

2021-08-20 17:57:46,097 - 	 Total:0.7679356	 m_precision:0.4987667	 m_recall:0.5686047	 m_f1-score:0.5295777	 m_support:11.9767442
2021-08-20 17:57:46,100 -    ini file updated    
2021-08-20 17:57:46,138 - Snapshot saved to /data/users/wergillius/UTR_VAE/pth/Cross_stitch_classifier_MTL/tune_hidden_size/h20-model_best.pth

2021-08-20 17:57:46,139 -    ini file updated    
2021-08-20 17:57:46,139 - 
===============================|    epoch 47   |===============================

2021-08-20 17:57:46,560 -     0 /   301 (0.0%):	 Total:0.7766771	 m_precision:0.4166667	 m_recall:0.5000000	 m_f1-score:0.4545455	 m_support:12.0000000	 Mean_Total:0.7766771
2021-08-20 17:57:47,858 -    60 /   301 (19.9%):	 Total:0.7815558	 m_precision:0.4166667	 m_recall:0.5000000	 m_f1-score:0.4545455	 m_support:12.0000000	 Mean_Total:0.7632600
2021-08-20 17:57:49,109 -   120 /   301 (39.9%):	 Total:0.9294671	 m_precision:0.3333333	 m_recall:0.5000000	 m_f1-score:0.4000000	 m_support:12.0000000	 Mean_Total:0.7741273
2021-08-20 17:57:50,308 -   180 /   301 (59.8%):	 Total:0.7849852	 m_precision:0.4166667	 m_recall:0.5000000	 m_f1-score:0.4545455	 m_support:12.0000000	 Mean_Total:0.7804939
2021-08-20 17:57:51,531 -   240 /   301 (79.7%):	 Total:0.7883121	 m_precision:0.4166667	 m_recall:0.5000000	 m_f1-score:0.4545455	 m_support:12.0000000	 Mean_Total:0.7792582
2021-08-20 17:57:52,777 -   300 /   301 (99.7%):	 Total:0.7468574	 m_precision:0.4375000	 m_recall:0.5000000	 m_f1-score:0.4666667	 m_support:8.0000000	 Mean_Total:0.7812123
2021-08-20 17:57:54,242 - 
===============================| start validation |===============================

2021-08-20 17:57:54,243 - 	 Total:0.7692372	 m_precision:0.5336505	 m_recall:0.5958421	 m_f1-score:0.5583152	 m_support:11.9767442
2021-08-20 17:57:54,245 -    ini file updated    
2021-08-20 17:57:54,246 - 
===============================|    epoch 48   |===============================

2021-08-20 17:57:54,628 -     0 /   301 (0.0%):	 Total:0.7166990	 m_precision:0.4583333	 m_recall:0.5000000	 m_f1-score:0.4782609	 m_support:12.0000000	 Mean_Total:0.7166990
2021-08-20 17:57:55,914 -    60 /   301 (19.9%):	 Total:0.7808530	 m_precision:0.4090909	 m_recall:0.4500000	 m_f1-score:0.4285714	 m_support:12.0000000	 Mean_Total:0.7858706
2021-08-20 17:57:57,383 -   120 /   301 (39.9%):	 Total:0.7776078	 m_precision:0.4166667	 m_recall:0.5000000	 m_f1-score:0.4545455	 m_support:12.0000000	 Mean_Total:0.7774729
2021-08-20 17:57:58,871 -   180 /   301 (59.8%):	 Total:0.7879270	 m_precision:0.4166667	 m_recall:0.5000000	 m_f1-score:0.4545455	 m_support:12.0000000	 Mean_Total:0.7844968
2021-08-20 17:58:00,257 -   240 /   301 (79.7%):	 Total:0.9114645	 m_precision:0.3333333	 m_recall:0.5000000	 m_f1-score:0.4000000	 m_support:12.0000000	 Mean_Total:0.7849249
2021-08-20 17:58:01,617 -   300 /   301 (99.7%):	 Total:0.7465869	 m_precision:0.4375000	 m_recall:0.5000000	 m_f1-score:0.4666667	 m_support:8.0000000	 Mean_Total:0.7812271
2021-08-20 17:58:02,989 - 
===============================| start validation |===============================

2021-08-20 17:58:02,991 - 	 Total:0.7693586	 m_precision:0.5101304	 m_recall:0.5715116	 m_f1-score:0.5339237	 m_support:11.9767442
2021-08-20 17:58:02,994 -    ini file updated    
2021-08-20 17:58:02,994 - 
===============================|    epoch 49   |===============================

2021-08-20 17:58:03,390 -     0 /   301 (0.0%):	 Total:0.7166128	 m_precision:0.4583333	 m_recall:0.5000000	 m_f1-score:0.4782609	 m_support:12.0000000	 Mean_Total:0.7166128
2021-08-20 17:58:04,647 -    60 /   301 (19.9%):	 Total:0.6450719	 m_precision:1.0000000	 m_recall:1.0000000	 m_f1-score:1.0000000	 m_support:12.0000000	 Mean_Total:0.7867130
2021-08-20 17:58:05,921 -   120 /   301 (39.9%):	 Total:0.7790290	 m_precision:0.4166667	 m_recall:0.5000000	 m_f1-score:0.4545455	 m_support:12.0000000	 Mean_Total:0.7826064
2021-08-20 17:58:07,162 -   180 /   301 (59.8%):	 Total:0.9112803	 m_precision:0.3333333	 m_recall:0.5000000	 m_f1-score:0.4000000	 m_support:12.0000000	 Mean_Total:0.7817259
2021-08-20 17:58:08,407 -   240 /   301 (79.7%):	 Total:0.7217277	 m_precision:0.4583333	 m_recall:0.5000000	 m_f1-score:0.4782609	 m_support:12.0000000	 Mean_Total:0.7819791
2021-08-20 17:58:09,695 -   300 /   301 (99.7%):	 Total:0.8785155	 m_precision:0.3750000	 m_recall:0.5000000	 m_f1-score:0.4285714	 m_support:8.0000000	 Mean_Total:0.7811586
2021-08-20 17:58:11,077 - 
===============================| start validation |===============================

2021-08-20 17:58:11,079 - 	 Total:0.7681849	 m_precision:0.4752467	 m_recall:0.5365398	 m_f1-score:0.5004325	 m_support:11.9767442
2021-08-20 17:58:11,085 -    ini file updated    
2021-08-20 17:58:11,085 - 
===============================|    epoch 50   |===============================

2021-08-20 17:58:11,492 -     0 /   301 (0.0%):	 Total:0.6528523	 m_precision:1.0000000	 m_recall:1.0000000	 m_f1-score:1.0000000	 m_support:12.0000000	 Mean_Total:0.6528523
2021-08-20 17:58:12,815 -    60 /   301 (19.9%):	 Total:0.7148108	 m_precision:0.4583333	 m_recall:0.5000000	 m_f1-score:0.4782609	 m_support:12.0000000	 Mean_Total:0.7889954
2021-08-20 17:58:14,274 -   120 /   301 (39.9%):	 Total:0.8523199	 m_precision:0.3750000	 m_recall:0.5000000	 m_f1-score:0.4285714	 m_support:12.0000000	 Mean_Total:0.7905109
2021-08-20 17:58:15,652 -   180 /   301 (59.8%):	 Total:0.6479517	 m_precision:1.0000000	 m_recall:1.0000000	 m_f1-score:1.0000000	 m_support:12.0000000	 Mean_Total:0.7866631
2021-08-20 17:58:16,993 -   240 /   301 (79.7%):	 Total:1.0584514	 m_precision:0.2500000	 m_recall:0.5000000	 m_f1-score:0.3333333	 m_support:12.0000000	 Mean_Total:0.7820616
2021-08-20 17:58:18,288 -   300 /   301 (99.7%):	 Total:0.7490756	 m_precision:0.4375000	 m_recall:0.5000000	 m_f1-score:0.4666667	 m_support:8.0000000	 Mean_Total:0.7810055
2021-08-20 17:58:19,741 - 
===============================| start validation |===============================

2021-08-20 17:58:19,743 - 	 Total:0.7694541	 m_precision:0.5219345	 m_recall:0.5860465	 m_f1-score:0.5482507	 m_support:11.9767442
2021-08-20 17:58:19,747 -    ini file updated    
2021-08-20 17:58:19,747 - 
===============================|    epoch 51   |===============================

2021-08-20 17:58:20,125 -     0 /   301 (0.0%):	 Total:0.7948235	 m_precision:0.4166667	 m_recall:0.5000000	 m_f1-score:0.4545455	 m_support:12.0000000	 Mean_Total:0.7948235
2021-08-20 17:58:21,480 -    60 /   301 (19.9%):	 Total:0.7820145	 m_precision:0.4166667	 m_recall:0.5000000	 m_f1-score:0.4545455	 m_support:12.0000000	 Mean_Total:0.7811544
2021-08-20 17:58:22,707 -   120 /   301 (39.9%):	 Total:0.7128096	 m_precision:0.4583333	 m_recall:0.5000000	 m_f1-score:0.4782609	 m_support:12.0000000	 Mean_Total:0.7859384
2021-08-20 17:58:24,023 -   180 /   301 (59.8%):	 Total:0.8424586	 m_precision:0.3750000	 m_recall:0.5000000	 m_f1-score:0.4285714	 m_support:12.0000000	 Mean_Total:0.7774381
2021-08-20 17:58:25,300 -   240 /   301 (79.7%):	 Total:0.7148136	 m_precision:0.4583333	 m_recall:0.5000000	 m_f1-score:0.4782609	 m_support:12.0000000	 Mean_Total:0.7798441
2021-08-20 17:58:26,582 -   300 /   301 (99.7%):	 Total:0.6548101	 m_precision:1.0000000	 m_recall:1.0000000	 m_f1-score:1.0000000	 m_support:8.0000000	 Mean_Total:0.7805462
2021-08-20 17:58:28,050 - 
===============================| start validation |===============================

2021-08-20 17:58:28,051 - 	 Total:0.7693685	 m_precision:0.5216702	 m_recall:0.5850775	 m_f1-score:0.5472535	 m_support:11.9767442
2021-08-20 17:58:28,054 -    ini file updated    
2021-08-20 17:58:28,054 - 
===============================|    epoch 52   |===============================

2021-08-20 17:58:28,476 -     0 /   301 (0.0%):	 Total:0.7125465	 m_precision:0.4583333	 m_recall:0.5000000	 m_f1-score:0.4782609	 m_support:12.0000000	 Mean_Total:0.7125465
2021-08-20 17:58:29,785 -    60 /   301 (19.9%):	 Total:0.7749863	 m_precision:0.9545455	 m_recall:0.7500000	 m_f1-score:0.8095238	 m_support:12.0000000	 Mean_Total:0.7882150
2021-08-20 17:58:31,139 -   120 /   301 (39.9%):	 Total:0.7204399	 m_precision:0.4583333	 m_recall:0.5000000	 m_f1-score:0.4782609	 m_support:12.0000000	 Mean_Total:0.7837498
2021-08-20 17:58:32,437 -   180 /   301 (59.8%):	 Total:0.6480146	 m_precision:1.0000000	 m_recall:1.0000000	 m_f1-score:1.0000000	 m_support:12.0000000	 Mean_Total:0.7818456
2021-08-20 17:58:33,619 -   240 /   301 (79.7%):	 Total:0.8557794	 m_precision:0.3750000	 m_recall:0.5000000	 m_f1-score:0.4285714	 m_support:12.0000000	 Mean_Total:0.7795018
2021-08-20 17:58:34,838 -   300 /   301 (99.7%):	 Total:0.8699411	 m_precision:0.3750000	 m_recall:0.5000000	 m_f1-score:0.4285714	 m_support:8.0000000	 Mean_Total:0.7807835
2021-08-20 17:58:36,169 - 
===============================| start validation |===============================

2021-08-20 17:58:36,171 - 	 Total:0.7684770	 m_precision:0.5098309	 m_recall:0.5710594	 m_f1-score:0.5349991	 m_support:11.9767442
2021-08-20 17:58:36,174 -    ini file updated    
2021-08-20 17:58:36,174 - 
===============================|    epoch 53   |===============================

2021-08-20 17:58:36,566 -     0 /   301 (0.0%):	 Total:0.8619503	 m_precision:0.3750000	 m_recall:0.5000000	 m_f1-score:0.4285714	 m_support:12.0000000	 Mean_Total:0.8619503
2021-08-20 17:58:37,838 -    60 /   301 (19.9%):	 Total:0.7150843	 m_precision:0.4583333	 m_recall:0.5000000	 m_f1-score:0.4782609	 m_support:12.0000000	 Mean_Total:0.7693438
2021-08-20 17:58:39,184 -   120 /   301 (39.9%):	 Total:0.8596684	 m_precision:0.3750000	 m_recall:0.5000000	 m_f1-score:0.4285714	 m_support:12.0000000	 Mean_Total:0.7866163
2021-08-20 17:58:40,521 -   180 /   301 (59.8%):	 Total:0.6511959	 m_precision:1.0000000	 m_recall:1.0000000	 m_f1-score:1.0000000	 m_support:12.0000000	 Mean_Total:0.7833794
2021-08-20 17:58:41,762 -   240 /   301 (79.7%):	 Total:0.7901162	 m_precision:0.4166667	 m_recall:0.5000000	 m_f1-score:0.4545455	 m_support:12.0000000	 Mean_Total:0.7798492
2021-08-20 17:58:42,956 -   300 /   301 (99.7%):	 Total:0.7403033	 m_precision:0.4375000	 m_recall:0.5000000	 m_f1-score:0.4666667	 m_support:8.0000000	 Mean_Total:0.7808958
2021-08-20 17:58:44,326 - 
===============================| start validation |===============================

2021-08-20 17:58:44,328 - 	 Total:0.7671286	 m_precision:0.4859937	 m_recall:0.5570825	 m_f1-score:0.5171562	 m_support:11.9767442
2021-08-20 17:58:44,333 -    ini file updated    
2021-08-20 17:58:44,371 - Snapshot saved to /data/users/wergillius/UTR_VAE/pth/Cross_stitch_classifier_MTL/tune_hidden_size/h20-model_best.pth

2021-08-20 17:58:44,371 -    ini file updated    
2021-08-20 17:58:44,371 - 
===============================|    epoch 54   |===============================

2021-08-20 17:58:44,774 -     0 /   301 (0.0%):	 Total:0.8545227	 m_precision:0.3750000	 m_recall:0.5000000	 m_f1-score:0.4285714	 m_support:12.0000000	 Mean_Total:0.8545227
2021-08-20 17:58:46,112 -    60 /   301 (19.9%):	 Total:0.7948706	 m_precision:0.4166667	 m_recall:0.5000000	 m_f1-score:0.4545455	 m_support:12.0000000	 Mean_Total:0.7851765
2021-08-20 17:58:47,396 -   120 /   301 (39.9%):	 Total:0.7814426	 m_precision:0.4166667	 m_recall:0.5000000	 m_f1-score:0.4545455	 m_support:12.0000000	 Mean_Total:0.7712571
2021-08-20 17:58:48,650 -   180 /   301 (59.8%):	 Total:0.7199625	 m_precision:0.4583333	 m_recall:0.5000000	 m_f1-score:0.4782609	 m_support:12.0000000	 Mean_Total:0.7800952
2021-08-20 17:58:49,929 -   240 /   301 (79.7%):	 Total:0.7102920	 m_precision:0.4583333	 m_recall:0.5000000	 m_f1-score:0.4782609	 m_support:12.0000000	 Mean_Total:0.7811297
2021-08-20 17:58:51,168 -   300 /   301 (99.7%):	 Total:0.7531422	 m_precision:0.4375000	 m_recall:0.5000000	 m_f1-score:0.4666667	 m_support:8.0000000	 Mean_Total:0.7802943
2021-08-20 17:58:52,567 - 
===============================| start validation |===============================

2021-08-20 17:58:52,568 - 	 Total:0.7672773	 m_precision:0.4754228	 m_recall:0.5395349	 m_f1-score:0.5029191	 m_support:11.9767442
2021-08-20 17:58:52,571 -    ini file updated    
2021-08-20 17:58:52,571 - 
===============================|    epoch 55   |===============================

2021-08-20 17:58:52,966 -     0 /   301 (0.0%):	 Total:0.9308410	 m_precision:0.3333333	 m_recall:0.5000000	 m_f1-score:0.4000000	 m_support:12.0000000	 Mean_Total:0.9308410
2021-08-20 17:58:54,265 -    60 /   301 (19.9%):	 Total:0.8496790	 m_precision:0.3750000	 m_recall:0.5000000	 m_f1-score:0.4285714	 m_support:12.0000000	 Mean_Total:0.7693320
2021-08-20 17:58:55,560 -   120 /   301 (39.9%):	 Total:0.7912747	 m_precision:0.4166667	 m_recall:0.5000000	 m_f1-score:0.4545455	 m_support:12.0000000	 Mean_Total:0.7734388
2021-08-20 17:58:56,820 -   180 /   301 (59.8%):	 Total:0.8588408	 m_precision:0.3750000	 m_recall:0.5000000	 m_f1-score:0.4285714	 m_support:12.0000000	 Mean_Total:0.7772629
2021-08-20 17:58:58,012 -   240 /   301 (79.7%):	 Total:0.9958152	 m_precision:0.2916667	 m_recall:0.5000000	 m_f1-score:0.3684211	 m_support:12.0000000	 Mean_Total:0.7744537
2021-08-20 17:58:59,400 -   300 /   301 (99.7%):	 Total:0.9398704	 m_precision:0.3125000	 m_recall:0.5000000	 m_f1-score:0.3846154	 m_support:8.0000000	 Mean_Total:0.7809709
2021-08-20 17:59:00,756 - 
===============================| start validation |===============================

2021-08-20 17:59:00,757 - 	 Total:0.7680872	 m_precision:0.5324172	 m_recall:0.6029900	 m_f1-score:0.5629239	 m_support:11.9767442
2021-08-20 17:59:00,760 -    ini file updated    
2021-08-20 17:59:00,761 - 
===============================|    epoch 56   |===============================

2021-08-20 17:59:01,150 -     0 /   301 (0.0%):	 Total:0.7039798	 m_precision:0.4583333	 m_recall:0.5000000	 m_f1-score:0.4782609	 m_support:12.0000000	 Mean_Total:0.7039798
2021-08-20 17:59:02,565 -    60 /   301 (19.9%):	 Total:0.6466350	 m_precision:1.0000000	 m_recall:1.0000000	 m_f1-score:1.0000000	 m_support:12.0000000	 Mean_Total:0.7711557
2021-08-20 17:59:03,985 -   120 /   301 (39.9%):	 Total:0.7148260	 m_precision:0.4583333	 m_recall:0.5000000	 m_f1-score:0.4782609	 m_support:12.0000000	 Mean_Total:0.7706907
2021-08-20 17:59:05,225 -   180 /   301 (59.8%):	 Total:0.7030854	 m_precision:0.4583333	 m_recall:0.5000000	 m_f1-score:0.4782609	 m_support:12.0000000	 Mean_Total:0.7749397
2021-08-20 17:59:06,502 -   240 /   301 (79.7%):	 Total:0.9204017	 m_precision:0.3333333	 m_recall:0.5000000	 m_f1-score:0.4000000	 m_support:12.0000000	 Mean_Total:0.7807054
2021-08-20 17:59:07,742 -   300 /   301 (99.7%):	 Total:0.6406240	 m_precision:1.0000000	 m_recall:1.0000000	 m_f1-score:1.0000000	 m_support:8.0000000	 Mean_Total:0.7801007
2021-08-20 17:59:09,060 - 
===============================| start validation |===============================

2021-08-20 17:59:09,062 - 	 Total:0.7689520	 m_precision:0.4870507	 m_recall:0.5513566	 m_f1-score:0.5142089	 m_support:11.9767442
2021-08-20 17:59:09,068 -    ini file updated    
2021-08-20 17:59:09,069 - 
===============================|    epoch 57   |===============================

2021-08-20 17:59:09,495 -     0 /   301 (0.0%):	 Total:0.6524271	 m_precision:1.0000000	 m_recall:1.0000000	 m_f1-score:1.0000000	 m_support:12.0000000	 Mean_Total:0.6524271
2021-08-20 17:59:10,774 -    60 /   301 (19.9%):	 Total:0.7147418	 m_precision:0.4583333	 m_recall:0.5000000	 m_f1-score:0.4782609	 m_support:12.0000000	 Mean_Total:0.7918924
2021-08-20 17:59:12,050 -   120 /   301 (39.9%):	 Total:0.9245821	 m_precision:0.3333333	 m_recall:0.5000000	 m_f1-score:0.4000000	 m_support:12.0000000	 Mean_Total:0.7862119
2021-08-20 17:59:13,348 -   180 /   301 (59.8%):	 Total:0.8571945	 m_precision:0.3750000	 m_recall:0.5000000	 m_f1-score:0.4285714	 m_support:12.0000000	 Mean_Total:0.7817446
2021-08-20 17:59:14,676 -   240 /   301 (79.7%):	 Total:0.7287099	 m_precision:0.4583333	 m_recall:0.5000000	 m_f1-score:0.4782609	 m_support:12.0000000	 Mean_Total:0.7782260
2021-08-20 17:59:16,100 -   300 /   301 (99.7%):	 Total:0.6492820	 m_precision:1.0000000	 m_recall:1.0000000	 m_f1-score:1.0000000	 m_support:8.0000000	 Mean_Total:0.7798587
2021-08-20 17:59:17,587 - 
===============================| start validation |===============================

2021-08-20 17:59:17,590 - 	 Total:0.7680056	 m_precision:0.5332981	 m_recall:0.5941860	 m_f1-score:0.5565325	 m_support:11.9767442
2021-08-20 17:59:17,596 -    ini file updated    
2021-08-20 17:59:17,597 - 
===============================|    epoch 58   |===============================

2021-08-20 17:59:18,001 -     0 /   301 (0.0%):	 Total:0.7828321	 m_precision:0.4166667	 m_recall:0.5000000	 m_f1-score:0.4545455	 m_support:12.0000000	 Mean_Total:0.7828321
2021-08-20 17:59:19,284 -    60 /   301 (19.9%):	 Total:0.7673485	 m_precision:0.4166667	 m_recall:0.5000000	 m_f1-score:0.4545455	 m_support:12.0000000	 Mean_Total:0.7692648
2021-08-20 17:59:20,629 -   120 /   301 (39.9%):	 Total:0.7869503	 m_precision:0.4166667	 m_recall:0.5000000	 m_f1-score:0.4545455	 m_support:12.0000000	 Mean_Total:0.7704121
2021-08-20 17:59:21,857 -   180 /   301 (59.8%):	 Total:0.6484458	 m_precision:1.0000000	 m_recall:1.0000000	 m_f1-score:1.0000000	 m_support:12.0000000	 Mean_Total:0.7734700
2021-08-20 17:59:23,246 -   240 /   301 (79.7%):	 Total:0.8490810	 m_precision:0.3750000	 m_recall:0.5000000	 m_f1-score:0.4285714	 m_support:12.0000000	 Mean_Total:0.7752016
2021-08-20 17:59:24,518 -   300 /   301 (99.7%):	 Total:0.7451726	 m_precision:0.4375000	 m_recall:0.5000000	 m_f1-score:0.4666667	 m_support:8.0000000	 Mean_Total:0.7797252
2021-08-20 17:59:25,876 - 
===============================| start validation |===============================

2021-08-20 17:59:25,878 - 	 Total:0.7682373	 m_precision:0.5094257	 m_recall:0.5802326	 m_f1-score:0.5408166	 m_support:11.9767442
2021-08-20 17:59:25,882 -    ini file updated    
2021-08-20 17:59:25,882 - 
===============================|    epoch 59   |===============================

2021-08-20 17:59:26,369 -     0 /   301 (0.0%):	 Total:0.7850108	 m_precision:0.4166667	 m_recall:0.5000000	 m_f1-score:0.4545455	 m_support:12.0000000	 Mean_Total:0.7850108
2021-08-20 17:59:27,785 -    60 /   301 (19.9%):	 Total:0.9212817	 m_precision:0.3333333	 m_recall:0.5000000	 m_f1-score:0.4000000	 m_support:12.0000000	 Mean_Total:0.7916315
2021-08-20 17:59:29,125 -   120 /   301 (39.9%):	 Total:0.7851843	 m_precision:0.4166667	 m_recall:0.5000000	 m_f1-score:0.4545455	 m_support:12.0000000	 Mean_Total:0.7844294
2021-08-20 17:59:30,424 -   180 /   301 (59.8%):	 Total:0.7826020	 m_precision:0.4166667	 m_recall:0.5000000	 m_f1-score:0.4545455	 m_support:12.0000000	 Mean_Total:0.7820090
2021-08-20 17:59:31,723 -   240 /   301 (79.7%):	 Total:0.8474064	 m_precision:0.3750000	 m_recall:0.5000000	 m_f1-score:0.4285714	 m_support:12.0000000	 Mean_Total:0.7799441
2021-08-20 17:59:33,001 -   300 /   301 (99.7%):	 Total:0.8452939	 m_precision:0.3750000	 m_recall:0.5000000	 m_f1-score:0.4285714	 m_support:8.0000000	 Mean_Total:0.7797381
2021-08-20 17:59:34,427 - 
===============================| start validation |===============================

2021-08-20 17:59:34,430 - 	 Total:0.7677018	 m_precision:0.5325934	 m_recall:0.6033592	 m_f1-score:0.5634411	 m_support:11.9767442
2021-08-20 17:59:34,436 -    ini file updated    
2021-08-20 17:59:34,436 - 
===============================|    epoch 60   |===============================

2021-08-20 17:59:34,854 -     0 /   301 (0.0%):	 Total:0.8444581	 m_precision:0.3750000	 m_recall:0.5000000	 m_f1-score:0.4285714	 m_support:12.0000000	 Mean_Total:0.8444581
2021-08-20 17:59:36,055 -    60 /   301 (19.9%):	 Total:0.7182257	 m_precision:0.4583333	 m_recall:0.5000000	 m_f1-score:0.4782609	 m_support:12.0000000	 Mean_Total:0.7812728
2021-08-20 17:59:37,285 -   120 /   301 (39.9%):	 Total:0.7736201	 m_precision:0.4166667	 m_recall:0.5000000	 m_f1-score:0.4545455	 m_support:12.0000000	 Mean_Total:0.7724568
2021-08-20 17:59:38,663 -   180 /   301 (59.8%):	 Total:0.6483477	 m_precision:1.0000000	 m_recall:1.0000000	 m_f1-score:1.0000000	 m_support:12.0000000	 Mean_Total:0.7780045
2021-08-20 17:59:39,961 -   240 /   301 (79.7%):	 Total:0.7248936	 m_precision:0.4583333	 m_recall:0.5000000	 m_f1-score:0.4782609	 m_support:12.0000000	 Mean_Total:0.7767877
2021-08-20 17:59:41,314 -   300 /   301 (99.7%):	 Total:0.7623694	 m_precision:0.4375000	 m_recall:0.5000000	 m_f1-score:0.4666667	 m_support:8.0000000	 Mean_Total:0.7799563
2021-08-20 17:59:42,758 - 
===============================| start validation |===============================

2021-08-20 17:59:42,760 - 	 Total:0.7667747	 m_precision:0.4979739	 m_recall:0.5697674	 m_f1-score:0.5288172	 m_support:11.9767442
2021-08-20 17:59:42,767 -    ini file updated    
2021-08-20 17:59:42,825 - Snapshot saved to /data/users/wergillius/UTR_VAE/pth/Cross_stitch_classifier_MTL/tune_hidden_size/h20-model_best.pth

2021-08-20 17:59:42,825 -    ini file updated    
