2021-09-11 22:14:06,637 -     ===========================| device cuda0 |===========================    
2021-09-11 22:14:17,843 - ===============================|    epoch 0   |===============================
2021-09-11 22:14:19,509 -     0 /  2973 (000%):	 Total:2.5967655	 Andrev2015_Acc:0.0000000	 Mean_Total:2.5967655
2021-09-11 22:14:36,851 -   594 /  2973 (019%):	 Total:0.9755038	 Andrev2015_Acc:0.0833333	 Mean_Total:5.5658907
2021-09-11 22:14:54,533 -  1188 /  2973 (039%):	 Total:0.5058899	 Andrev2015_Acc:0.0000000	 Mean_Total:13.4226960
2021-09-11 22:15:15,439 -  1782 /  2973 (059%):	 Total:0.2453421	 Andrev2015_Acc:0.1666667	 Mean_Total:10.1418915
2021-09-11 22:15:35,385 -  2376 /  2973 (079%):	 Total:0.2452125	 Andrev2015_Acc:0.0833333	 Mean_Total:8.7251644
2021-09-11 22:15:56,839 -  2970 /  2973 (099%):	 Total:0.0610024	 Andrev2015_Acc:0.0000000	 Mean_Total:11.2466869
2021-09-11 22:15:57,377 - ===============================| start validation |===============================
2021-09-11 22:16:02,384 - 	 Total:20.0976509	 Andrev2015_loss:37.3991190	 Andrev2015_Acc:0.1377688	 muscle_loss:9.4705806	 muscle_Acc:0.0454545	 pc3_loss:1.3153891	 pc3_Acc:0.0956790
2021-09-11 22:16:02,390 -    ini file updated    
2021-09-11 22:16:02,451 - Snapshot saved to /data/users/wergillius/UTR_VAE/pth/RL_celline_MTL/adam_MTL/adam-model_best_cv6.pth

2021-09-11 22:16:02,452 -    ini file updated    
2021-09-11 22:16:02,452 - ===============================|    epoch 1   |===============================
2021-09-11 22:16:03,831 -     0 /  2973 (000%):	 Total:0.6334049	 Andrev2015_Acc:0.0833333	 Mean_Total:0.6334049
2021-09-11 22:16:23,911 -   594 /  2973 (019%):	 Total:0.1192336	 Andrev2015_Acc:0.3333333	 Mean_Total:3.1411339
2021-09-11 22:16:45,236 -  1188 /  2973 (039%):	 Total:0.7253532	 Andrev2015_Acc:0.2500000	 Mean_Total:10.0871547
2021-09-11 22:17:06,060 -  1782 /  2973 (059%):	 Total:1.4688632	 Andrev2015_Acc:0.0000000	 Mean_Total:13.7557404
2021-09-11 22:17:26,354 -  2376 /  2973 (079%):	 Total:0.9248807	 Andrev2015_Acc:0.1666667	 Mean_Total:10.7995034
2021-09-11 22:17:48,111 -  2970 /  2973 (099%):	 Total:0.6919616	 Andrev2015_Acc:0.0000000	 Mean_Total:9.3636717
2021-09-11 22:17:48,554 - ===============================| start validation |===============================
2021-09-11 22:17:53,395 - 	 Total:19.8000158	 Andrev2015_loss:37.2397237	 Andrev2015_Acc:0.0947581	 muscle_loss:4.8337148	 muscle_Acc:0.1060606	 pc3_loss:1.3009930	 pc3_Acc:0.0902778
2021-09-11 22:17:53,398 -    ini file updated    
2021-09-11 22:17:53,431 - Snapshot saved to /data/users/wergillius/UTR_VAE/pth/RL_celline_MTL/adam_MTL/adam-model_best_cv6.pth

2021-09-11 22:17:53,432 -    ini file updated    
2021-09-11 22:17:53,432 - ===============================|    epoch 2   |===============================
2021-09-11 22:17:54,714 -     0 /  2973 (000%):	 Total:0.3072633	 Andrev2015_Acc:0.0833333	 Mean_Total:0.3072633
2021-09-11 22:18:15,500 -   594 /  2973 (019%):	 Total:0.2882379	 Andrev2015_Acc:0.0833333	 Mean_Total:2.0670857
2021-09-11 22:18:36,342 -  1188 /  2973 (039%):	 Total:0.1681839	 Andrev2015_Acc:0.1666667	 Mean_Total:2.1074744
2021-09-11 22:18:56,853 -  1782 /  2973 (059%):	 Total:0.5096911	 Andrev2015_Acc:0.0000000	 Mean_Total:13.2703036
2021-09-11 22:19:17,479 -  2376 /  2973 (079%):	 Total:0.4710221	 Andrev2015_Acc:0.0833333	 Mean_Total:10.4237784
2021-09-11 22:19:39,847 -  2970 /  2973 (099%):	 Total:0.1149123	 Andrev2015_Acc:0.0000000	 Mean_Total:8.7543924
2021-09-11 22:19:40,287 - ===============================| start validation |===============================
2021-09-11 22:19:45,248 - 	 Total:19.8780479	 Andrev2015_loss:37.3263828	 Andrev2015_Acc:0.1370968	 muscle_loss:5.9188860	 muscle_Acc:0.0909091	 pc3_loss:1.2665410	 pc3_Acc:0.1049383
2021-09-11 22:19:45,252 -    ini file updated    
2021-09-11 22:19:45,252 - ===============================|    epoch 3   |===============================
2021-09-11 22:19:46,353 -     0 /  2973 (000%):	 Total:0.2791936	 Andrev2015_Acc:0.0833333	 Mean_Total:0.2791936
2021-09-11 22:20:07,490 -   594 /  2973 (019%):	 Total:0.4241459	 Andrev2015_Acc:0.1666667	 Mean_Total:1.1759350
2021-09-11 22:20:27,857 -  1188 /  2973 (039%):	 Total:0.3497825	 Andrev2015_Acc:0.0000000	 Mean_Total:1.4402973
2021-09-11 22:20:49,032 -  1782 /  2973 (059%):	 Total:0.5647776	 Andrev2015_Acc:0.0000000	 Mean_Total:6.3183633
2021-09-11 22:21:09,637 -  2376 /  2973 (079%):	 Total:1.1269088	 Andrev2015_Acc:0.1666667	 Mean_Total:9.7979917
2021-09-11 22:21:32,257 -  2970 /  2973 (099%):	 Total:0.0989808	 Andrev2015_Acc:0.0000000	 Mean_Total:8.3288903
2021-09-11 22:21:32,683 - ===============================| start validation |===============================
2021-09-11 22:21:37,723 - 	 Total:19.8216766	 Andrev2015_loss:37.2355752	 Andrev2015_Acc:0.1232079	 muscle_loss:5.4137225	 muscle_Acc:0.0833333	 pc3_loss:1.2954179	 pc3_Acc:0.1299383
2021-09-11 22:21:37,727 -    ini file updated    
2021-09-11 22:21:37,728 - ===============================|    epoch 4   |===============================
2021-09-11 22:21:38,768 -     0 /  2973 (000%):	 Total:0.6428325	 Andrev2015_Acc:0.0833333	 Mean_Total:0.6428325
2021-09-11 22:21:59,384 -   594 /  2973 (019%):	 Total:0.1286355	 Andrev2015_Acc:0.4166667	 Mean_Total:19.6201621
2021-09-11 22:22:19,782 -  1188 /  2973 (039%):	 Total:0.2090912	 Andrev2015_Acc:0.3333333	 Mean_Total:10.8621238
2021-09-11 22:22:41,012 -  1782 /  2973 (059%):	 Total:0.4550031	 Andrev2015_Acc:0.2500000	 Mean_Total:7.6631219
2021-09-11 22:23:02,015 -  2376 /  2973 (079%):	 Total:0.2075206	 Andrev2015_Acc:0.0833333	 Mean_Total:9.9302208
2021-09-11 22:23:24,298 -  2970 /  2973 (099%):	 Total:0.2537906	 Andrev2015_Acc:0.0000000	 Mean_Total:8.2693281
2021-09-11 22:23:24,724 - ===============================| start validation |===============================
2021-09-11 22:23:29,501 - 	 Total:19.8052483	 Andrev2015_loss:37.2691213	 Andrev2015_Acc:0.1223118	 muscle_loss:5.2502657	 muscle_Acc:0.1893939	 pc3_loss:1.2365867	 pc3_Acc:0.1055556
2021-09-11 22:23:29,505 -    ini file updated    
2021-09-11 22:23:29,505 - ===============================|    epoch 5   |===============================
2021-09-11 22:23:30,548 -     0 /  2973 (000%):	 Total:0.5008851	 Andrev2015_Acc:0.2500000	 Mean_Total:0.5008851
2021-09-11 22:23:51,090 -   594 /  2973 (019%):	 Total:0.3946679	 Andrev2015_Acc:0.0833333	 Mean_Total:20.7275566
2021-09-11 22:24:11,611 -  1188 /  2973 (039%):	 Total:0.3007217	 Andrev2015_Acc:0.0833333	 Mean_Total:11.2999415
2021-09-11 22:24:32,535 -  1782 /  2973 (059%):	 Total:0.4955723	 Andrev2015_Acc:0.0833333	 Mean_Total:12.7789803
2021-09-11 22:24:53,871 -  2376 /  2973 (079%):	 Total:0.4414952	 Andrev2015_Acc:0.0000000	 Mean_Total:9.7559849
2021-09-11 22:25:15,902 -  2970 /  2973 (099%):	 Total:0.4107029	 Andrev2015_Acc:0.0000000	 Mean_Total:7.9847890
2021-09-11 22:25:16,334 - ===============================| start validation |===============================
2021-09-11 22:25:21,114 - 	 Total:19.9381075	 Andrev2015_loss:37.3184196	 Andrev2015_Acc:0.1377688	 muscle_loss:7.9713879	 muscle_Acc:0.0606061	 pc3_loss:1.2017669	 pc3_Acc:0.1219136
2021-09-11 22:25:21,118 -    ini file updated    
2021-09-11 22:25:21,118 - ===============================|    epoch 6   |===============================
2021-09-11 22:25:22,288 -     0 /  2973 (000%):	 Total:0.1606839	 Andrev2015_Acc:0.3333333	 Mean_Total:0.1606839
2021-09-11 22:25:42,879 -   594 /  2973 (019%):	 Total:0.4499598	 Andrev2015_Acc:0.1666667	 Mean_Total:0.9085004
2021-09-11 22:26:03,644 -  1188 /  2973 (039%):	 Total:0.2860727	 Andrev2015_Acc:0.0833333	 Mean_Total:1.2512566
2021-09-11 22:26:25,482 -  1782 /  2973 (059%):	 Total:2.6633172	 Andrev2015_Acc:0.1666667	 Mean_Total:12.4626080
2021-09-11 22:26:46,269 -  2376 /  2973 (079%):	 Total:0.5226344	 Andrev2015_Acc:0.0833333	 Mean_Total:9.6045341
2021-09-11 22:27:08,098 -  2970 /  2973 (099%):	 Total:0.2581103	 Andrev2015_Acc:0.0000000	 Mean_Total:7.8580683
2021-09-11 22:27:08,519 - ===============================| start validation |===============================
2021-09-11 22:27:13,473 - 	 Total:19.7487490	 Andrev2015_loss:37.2147664	 Andrev2015_Acc:0.1243280	 muscle_loss:4.7835575	 muscle_Acc:0.0757576	 pc3_loss:1.2194059	 pc3_Acc:0.1118827
2021-09-11 22:27:13,476 -    ini file updated    
2021-09-11 22:27:13,513 - Snapshot saved to /data/users/wergillius/UTR_VAE/pth/RL_celline_MTL/adam_MTL/adam-model_best_cv6.pth

2021-09-11 22:27:13,514 -    ini file updated    
2021-09-11 22:27:13,514 - ===============================|    epoch 7   |===============================
2021-09-11 22:27:14,737 -     0 /  2973 (000%):	 Total:0.2219163	 Andrev2015_Acc:0.1666667	 Mean_Total:0.2219163
2021-09-11 22:27:35,005 -   594 /  2973 (019%):	 Total:0.4369930	 Andrev2015_Acc:0.3333333	 Mean_Total:1.1317134
2021-09-11 22:27:55,759 -  1188 /  2973 (039%):	 Total:0.2295577	 Andrev2015_Acc:0.0833333	 Mean_Total:1.9363327
2021-09-11 22:28:16,088 -  1782 /  2973 (059%):	 Total:0.9468811	 Andrev2015_Acc:0.2500000	 Mean_Total:1.5119138
2021-09-11 22:28:36,742 -  2376 /  2973 (079%):	 Total:0.3608797	 Andrev2015_Acc:0.1666667	 Mean_Total:9.4998059
2021-09-11 22:28:58,057 -  2970 /  2973 (099%):	 Total:0.1439187	 Andrev2015_Acc:0.0000000	 Mean_Total:7.7222585
2021-09-11 22:28:58,470 - ===============================| start validation |===============================
2021-09-11 22:29:03,676 - 	 Total:19.8154277	 Andrev2015_loss:37.2987608	 Andrev2015_Acc:0.1270161	 muscle_loss:4.7258589	 muscle_Acc:0.1212121	 pc3_loss:1.2788718	 pc3_Acc:0.1376543
2021-09-11 22:29:03,679 -    ini file updated    
2021-09-11 22:29:03,679 - ===============================|    epoch 8   |===============================
2021-09-11 22:29:04,846 -     0 /  2973 (000%):	 Total:0.5997200	 Andrev2015_Acc:0.2500000	 Mean_Total:0.5997200
2021-09-11 22:29:25,120 -   594 /  2973 (019%):	 Total:0.1119806	 Andrev2015_Acc:0.1666667	 Mean_Total:2.0417490
2021-09-11 22:29:45,128 -  1188 /  2973 (039%):	 Total:0.2784377	 Andrev2015_Acc:0.0833333	 Mean_Total:1.3366915
2021-09-11 22:30:05,601 -  1782 /  2973 (059%):	 Total:0.5204544	 Andrev2015_Acc:0.0000000	 Mean_Total:7.2397614
2021-09-11 22:30:25,966 -  2376 /  2973 (079%):	 Total:0.4366286	 Andrev2015_Acc:0.0833333	 Mean_Total:9.2431107
2021-09-11 22:30:46,774 -  2970 /  2973 (099%):	 Total:0.0911485	 Andrev2015_Acc:0.0000000	 Mean_Total:7.6220123
2021-09-11 22:30:47,227 - ===============================| start validation |===============================
2021-09-11 22:30:52,205 - 	 Total:19.7727321	 Andrev2015_loss:37.2662927	 Andrev2015_Acc:0.1301523	 muscle_loss:4.7179375	 muscle_Acc:0.1439394	 pc3_loss:1.2208916	 pc3_Acc:0.1157407
2021-09-11 22:30:52,208 -    ini file updated    
2021-09-11 22:30:52,208 - ===============================|    epoch 9   |===============================
2021-09-11 22:30:53,499 -     0 /  2973 (000%):	 Total:0.1862420	 Andrev2015_Acc:0.1666667	 Mean_Total:0.1862420
2021-09-11 22:31:13,611 -   594 /  2973 (019%):	 Total:2.1609826	 Andrev2015_Acc:0.2500000	 Mean_Total:1.0778640
2021-09-11 22:31:32,874 -  1188 /  2973 (039%):	 Total:1.0724214	 Andrev2015_Acc:0.1666667	 Mean_Total:0.7822196
2021-09-11 22:31:52,805 -  1782 /  2973 (059%):	 Total:1.0196137	 Andrev2015_Acc:0.0833333	 Mean_Total:6.7935846
2021-09-11 22:32:12,805 -  2376 /  2973 (079%):	 Total:0.4646413	 Andrev2015_Acc:0.0833333	 Mean_Total:9.0783298
2021-09-11 22:32:33,816 -  2970 /  2973 (099%):	 Total:0.1222398	 Andrev2015_Acc:0.0000000	 Mean_Total:7.6924741
2021-09-11 22:32:34,254 - ===============================| start validation |===============================
2021-09-11 22:32:39,402 - 	 Total:19.8008436	 Andrev2015_loss:37.2654563	 Andrev2015_Acc:0.1626344	 muscle_loss:5.3969050	 muscle_Acc:0.1136364	 pc3_loss:1.2159486	 pc3_Acc:0.1422840
2021-09-11 22:32:39,405 -    ini file updated    
2021-09-11 22:32:39,405 - ===============================|    epoch 10   |===============================
2021-09-11 22:32:40,634 -     0 /  2973 (000%):	 Total:0.1629642	 Andrev2015_Acc:0.3333333	 Mean_Total:0.1629642
2021-09-11 22:33:00,679 -   594 /  2973 (019%):	 Total:0.9088616	 Andrev2015_Acc:0.0833333	 Mean_Total:1.7444500
2021-09-11 22:33:20,536 -  1188 /  2973 (039%):	 Total:0.8848812	 Andrev2015_Acc:0.0000000	 Mean_Total:10.4675789
2021-09-11 22:33:41,168 -  1782 /  2973 (059%):	 Total:0.4028164	 Andrev2015_Acc:0.1666667	 Mean_Total:7.2048048
2021-09-11 22:34:01,289 -  2376 /  2973 (079%):	 Total:0.2986348	 Andrev2015_Acc:0.2500000	 Mean_Total:5.5480653
2021-09-11 22:34:23,009 -  2970 /  2973 (099%):	 Total:0.1292437	 Andrev2015_Acc:0.0000000	 Mean_Total:7.4613968
2021-09-11 22:34:23,346 - ===============================| start validation |===============================
2021-09-11 22:34:28,131 - 	 Total:19.7350366	 Andrev2015_loss:37.2073814	 Andrev2015_Acc:0.1323925	 muscle_loss:4.9521278	 muscle_Acc:0.2121212	 pc3_loss:1.1798628	 pc3_Acc:0.1211420
2021-09-11 22:34:28,134 -    ini file updated    
2021-09-11 22:34:28,167 - Snapshot saved to /data/users/wergillius/UTR_VAE/pth/RL_celline_MTL/adam_MTL/adam-model_best_cv6.pth

2021-09-11 22:34:28,168 -    ini file updated    
2021-09-11 22:34:28,168 - ===============================|    epoch 11   |===============================
2021-09-11 22:34:29,559 -     0 /  2973 (000%):	 Total:0.2980931	 Andrev2015_Acc:0.0000000	 Mean_Total:0.2980931
2021-09-11 22:34:49,114 -   594 /  2973 (019%):	 Total:0.4059473	 Andrev2015_Acc:0.0000000	 Mean_Total:0.9266743
2021-09-11 22:35:08,686 -  1188 /  2973 (039%):	 Total:0.2487414	 Andrev2015_Acc:0.0000000	 Mean_Total:1.2598287
2021-09-11 22:35:28,675 -  1782 /  2973 (059%):	 Total:0.3652570	 Andrev2015_Acc:0.0833333	 Mean_Total:5.8346152
2021-09-11 22:35:48,909 -  2376 /  2973 (079%):	 Total:0.2577158	 Andrev2015_Acc:0.3333333	 Mean_Total:9.0961715
2021-09-11 22:36:10,138 -  2970 /  2973 (099%):	 Total:0.0396550	 Andrev2015_Acc:0.0000000	 Mean_Total:7.3771528
2021-09-11 22:36:10,514 - ===============================| start validation |===============================
2021-09-11 22:36:15,292 - 	 Total:19.7687435	 Andrev2015_loss:37.2281772	 Andrev2015_Acc:0.1664427	 muscle_loss:4.8545797	 muscle_Acc:0.1060606	 pc3_loss:1.2417622	 pc3_Acc:0.1322531
2021-09-11 22:36:15,295 -    ini file updated    
2021-09-11 22:36:15,295 - ===============================|    epoch 12   |===============================
2021-09-11 22:36:16,639 -     0 /  2973 (000%):	 Total:0.2914262	 Andrev2015_Acc:0.2500000	 Mean_Total:0.2914262
2021-09-11 22:36:36,103 -   594 /  2973 (019%):	 Total:0.8901965	 Andrev2015_Acc:0.0000000	 Mean_Total:1.8184037
2021-09-11 22:36:55,832 -  1188 /  2973 (039%):	 Total:0.2499656	 Andrev2015_Acc:0.1666667	 Mean_Total:1.2170962
2021-09-11 22:37:16,123 -  1782 /  2973 (059%):	 Total:0.1624894	 Andrev2015_Acc:0.0833333	 Mean_Total:5.8925857
2021-09-11 22:37:36,336 -  2376 /  2973 (079%):	 Total:0.1702926	 Andrev2015_Acc:0.1666667	 Mean_Total:8.9942116
2021-09-11 22:37:57,200 -  2970 /  2973 (099%):	 Total:0.0126982	 Andrev2015_Acc:0.0000000	 Mean_Total:7.3247491
2021-09-11 22:37:57,642 - ===============================| start validation |===============================
2021-09-11 22:38:02,367 - 	 Total:19.7452420	 Andrev2015_loss:37.2056337	 Andrev2015_Acc:0.1536738	 muscle_loss:4.6777508	 muscle_Acc:0.1136364	 pc3_loss:1.2327774	 pc3_Acc:0.1334877
2021-09-11 22:38:02,370 -    ini file updated    
2021-09-11 22:38:02,371 - ===============================|    epoch 13   |===============================
2021-09-11 22:38:03,477 -     0 /  2973 (000%):	 Total:0.5303662	 Andrev2015_Acc:0.0000000	 Mean_Total:0.5303662
2021-09-11 22:38:23,038 -   594 /  2973 (019%):	 Total:0.3244014	 Andrev2015_Acc:0.2500000	 Mean_Total:0.6224088
2021-09-11 22:38:42,711 -  1188 /  2973 (039%):	 Total:0.3059014	 Andrev2015_Acc:0.2500000	 Mean_Total:0.9106949
2021-09-11 22:39:03,637 -  1782 /  2973 (059%):	 Total:0.1765460	 Andrev2015_Acc:0.0833333	 Mean_Total:5.7952847
2021-09-11 22:39:24,200 -  2376 /  2973 (079%):	 Total:1.1281449	 Andrev2015_Acc:0.1666667	 Mean_Total:4.4471633
2021-09-11 22:39:45,395 -  2970 /  2973 (099%):	 Total:0.2626504	 Andrev2015_Acc:0.0000000	 Mean_Total:7.2682021
2021-09-11 22:39:45,835 - ===============================| start validation |===============================
2021-09-11 22:39:50,590 - 	 Total:19.7379751	 Andrev2015_loss:37.2126040	 Andrev2015_Acc:0.1756272	 muscle_loss:4.8829454	 muscle_Acc:0.1363636	 pc3_loss:1.1875247	 pc3_Acc:0.1260802
2021-09-11 22:39:50,593 -    ini file updated    
2021-09-11 22:39:50,593 - ===============================|    epoch 14   |===============================
2021-09-11 22:39:51,926 -     0 /  2973 (000%):	 Total:0.6572918	 Andrev2015_Acc:0.0833333	 Mean_Total:0.6572918
2021-09-11 22:40:11,124 -   594 /  2973 (019%):	 Total:0.3621331	 Andrev2015_Acc:0.0833333	 Mean_Total:0.7031975
2021-09-11 22:40:31,129 -  1188 /  2973 (039%):	 Total:0.2955270	 Andrev2015_Acc:0.2500000	 Mean_Total:0.5350773
2021-09-11 22:40:52,282 -  1782 /  2973 (059%):	 Total:0.2861255	 Andrev2015_Acc:0.2500000	 Mean_Total:0.7788872
2021-09-11 22:41:12,208 -  2376 /  2973 (079%):	 Total:0.0927874	 Andrev2015_Acc:0.3333333	 Mean_Total:4.3178637
2021-09-11 22:41:32,849 -  2970 /  2973 (099%):	 Total:0.3739201	 Andrev2015_Acc:0.0000000	 Mean_Total:7.2293258
2021-09-11 22:41:33,246 - ===============================| start validation |===============================
2021-09-11 22:41:37,982 - 	 Total:19.7242925	 Andrev2015_loss:37.0855816	 Andrev2015_Acc:0.1532258	 muscle_loss:5.2568914	 muscle_Acc:0.1287879	 pc3_loss:1.2644921	 pc3_Acc:0.0972222
2021-09-11 22:41:37,985 -    ini file updated    
2021-09-11 22:41:38,017 - Snapshot saved to /data/users/wergillius/UTR_VAE/pth/RL_celline_MTL/adam_MTL/adam-model_best_cv6.pth

2021-09-11 22:41:38,018 -    ini file updated    
2021-09-11 22:41:38,018 - ===============================|    epoch 15   |===============================
2021-09-11 22:41:39,191 -     0 /  2973 (000%):	 Total:0.4379309	 Andrev2015_Acc:0.1666667	 Mean_Total:0.4379309
2021-09-11 22:41:58,972 -   594 /  2973 (019%):	 Total:0.4952725	 Andrev2015_Acc:0.2500000	 Mean_Total:0.5382047
2021-09-11 22:42:19,382 -  1188 /  2973 (039%):	 Total:0.1396328	 Andrev2015_Acc:0.0833333	 Mean_Total:0.5965372
2021-09-11 22:42:39,933 -  1782 /  2973 (059%):	 Total:0.2107228	 Andrev2015_Acc:0.4166667	 Mean_Total:0.5296135
2021-09-11 22:43:00,701 -  2376 /  2973 (079%):	 Total:0.1526183	 Andrev2015_Acc:0.3333333	 Mean_Total:5.1053005
2021-09-11 22:43:21,856 -  2970 /  2973 (099%):	 Total:0.0639451	 Andrev2015_Acc:0.0000000	 Mean_Total:7.1533082
2021-09-11 22:43:22,305 - ===============================| start validation |===============================
2021-09-11 22:43:27,427 - 	 Total:19.7262047	 Andrev2015_loss:37.1260012	 Andrev2015_Acc:0.1586022	 muscle_loss:5.1145806	 muscle_Acc:0.1060606	 pc3_loss:1.2368816	 pc3_Acc:0.1669753
2021-09-11 22:43:27,431 -    ini file updated    
2021-09-11 22:43:27,431 - ===============================|    epoch 16   |===============================
2021-09-11 22:43:28,780 -     0 /  2973 (000%):	 Total:0.1285267	 Andrev2015_Acc:0.1666667	 Mean_Total:0.1285267
2021-09-11 22:43:48,977 -   594 /  2973 (019%):	 Total:0.2859270	 Andrev2015_Acc:0.0000000	 Mean_Total:1.5351304
2021-09-11 22:44:09,482 -  1188 /  2973 (039%):	 Total:0.4579186	 Andrev2015_Acc:0.2500000	 Mean_Total:9.9524112
2021-09-11 22:44:30,417 -  1782 /  2973 (059%):	 Total:0.2720459	 Andrev2015_Acc:0.0833333	 Mean_Total:6.8439706
2021-09-11 22:44:51,252 -  2376 /  2973 (079%):	 Total:0.2573835	 Andrev2015_Acc:0.1666667	 Mean_Total:8.7065138
2021-09-11 22:45:12,827 -  2970 /  2973 (099%):	 Total:0.0581839	 Andrev2015_Acc:0.0000000	 Mean_Total:7.0531095
2021-09-11 22:45:13,250 - ===============================| start validation |===============================
2021-09-11 22:45:17,949 - 	 Total:19.6732308	 Andrev2015_loss:37.0912412	 Andrev2015_Acc:0.1552419	 muscle_loss:4.9054317	 muscle_Acc:0.1515152	 pc3_loss:1.1789021	 pc3_Acc:0.1188272
2021-09-11 22:45:17,952 -    ini file updated    
2021-09-11 22:45:18,011 - Snapshot saved to /data/users/wergillius/UTR_VAE/pth/RL_celline_MTL/adam_MTL/adam-model_best_cv6.pth

2021-09-11 22:45:18,012 -    ini file updated    
2021-09-11 22:45:18,012 - ===============================|    epoch 17   |===============================
2021-09-11 22:45:19,307 -     0 /  2973 (000%):	 Total:0.3889401	 Andrev2015_Acc:0.0833333	 Mean_Total:0.3889401
2021-09-11 22:45:40,021 -   594 /  2973 (019%):	 Total:0.1284539	 Andrev2015_Acc:0.2500000	 Mean_Total:18.7580443
2021-09-11 22:46:00,397 -  1188 /  2973 (039%):	 Total:0.2718184	 Andrev2015_Acc:0.0833333	 Mean_Total:9.7763269
2021-09-11 22:46:21,218 -  1782 /  2973 (059%):	 Total:0.7535686	 Andrev2015_Acc:0.0833333	 Mean_Total:6.6341192
2021-09-11 22:46:41,992 -  2376 /  2973 (079%):	 Total:0.5558600	 Andrev2015_Acc:0.1666667	 Mean_Total:8.6628339
2021-09-11 22:47:04,343 -  2970 /  2973 (099%):	 Total:0.2823263	 Andrev2015_Acc:0.0000000	 Mean_Total:7.0568020
2021-09-11 22:47:04,820 - ===============================| start validation |===============================
2021-09-11 22:47:09,795 - 	 Total:19.6592548	 Andrev2015_loss:37.0465653	 Andrev2015_Acc:0.1359767	 muscle_loss:4.7505170	 muscle_Acc:0.2272727	 pc3_loss:1.2145291	 pc3_Acc:0.1350309
2021-09-11 22:47:09,799 -    ini file updated    
2021-09-11 22:47:09,854 - Snapshot saved to /data/users/wergillius/UTR_VAE/pth/RL_celline_MTL/adam_MTL/adam-model_best_cv6.pth

2021-09-11 22:47:09,855 -    ini file updated    
2021-09-11 22:47:09,855 - ===============================|    epoch 18   |===============================
2021-09-11 22:47:11,142 -     0 /  2973 (000%):	 Total:0.4921263	 Andrev2015_Acc:0.0833333	 Mean_Total:0.4921263
2021-09-11 22:47:32,044 -   594 /  2973 (019%):	 Total:0.2320659	 Andrev2015_Acc:0.0000000	 Mean_Total:0.5266832
2021-09-11 22:47:52,656 -  1188 /  2973 (039%):	 Total:0.3367650	 Andrev2015_Acc:0.0833333	 Mean_Total:0.5058143
2021-09-11 22:48:13,992 -  1782 /  2973 (059%):	 Total:1.9782957	 Andrev2015_Acc:0.0000000	 Mean_Total:0.5556219
2021-09-11 22:48:34,746 -  2376 /  2973 (079%):	 Total:0.8119699	 Andrev2015_Acc:0.2500000	 Mean_Total:4.0264953
2021-09-11 22:48:56,592 -  2970 /  2973 (099%):	 Total:0.1251585	 Andrev2015_Acc:0.0000000	 Mean_Total:6.9891185
2021-09-11 22:48:57,040 - ===============================| start validation |===============================
2021-09-11 22:49:02,068 - 	 Total:19.6663454	 Andrev2015_loss:37.0241998	 Andrev2015_Acc:0.1787634	 muscle_loss:4.9568072	 muscle_Acc:0.1515152	 pc3_loss:1.2351507	 pc3_Acc:0.1592593
2021-09-11 22:49:02,072 -    ini file updated    
2021-09-11 22:49:02,072 - ===============================|    epoch 19   |===============================
2021-09-11 22:49:03,154 -     0 /  2973 (000%):	 Total:0.4157274	 Andrev2015_Acc:0.2500000	 Mean_Total:0.4157274
2021-09-11 22:49:23,512 -   594 /  2973 (019%):	 Total:0.1781128	 Andrev2015_Acc:0.3333333	 Mean_Total:18.6926536
2021-09-11 22:49:44,102 -  1188 /  2973 (039%):	 Total:0.1472535	 Andrev2015_Acc:0.2500000	 Mean_Total:9.5663128
2021-09-11 22:50:05,877 -  1782 /  2973 (059%):	 Total:0.1240182	 Andrev2015_Acc:0.2500000	 Mean_Total:11.1947058
2021-09-11 22:50:26,046 -  2376 /  2973 (079%):	 Total:0.0983853	 Andrev2015_Acc:0.5833333	 Mean_Total:8.5842025
2021-09-11 22:50:47,628 -  2970 /  2973 (099%):	 Total:0.0121718	 Andrev2015_Acc:0.0000000	 Mean_Total:6.9294152
2021-09-11 22:50:48,068 - ===============================| start validation |===============================
2021-09-11 22:50:52,968 - 	 Total:19.7154583	 Andrev2015_loss:37.0850361	 Andrev2015_Acc:0.1487455	 muscle_loss:5.4750841	 muscle_Acc:0.1590909	 pc3_loss:1.2230182	 pc3_Acc:0.1381173
2021-09-11 22:50:52,973 -    ini file updated    
2021-09-11 22:50:52,973 - ===============================|    epoch 20   |===============================
2021-09-11 22:50:54,417 -     0 /  2973 (000%):	 Total:0.3238587	 Andrev2015_Acc:0.1666667	 Mean_Total:0.3238587
2021-09-11 22:51:14,540 -   594 /  2973 (019%):	 Total:0.1917377	 Andrev2015_Acc:0.5000000	 Mean_Total:0.6846090
2021-09-11 22:51:34,578 -  1188 /  2973 (039%):	 Total:0.2590602	 Andrev2015_Acc:0.1666667	 Mean_Total:0.4741371
2021-09-11 22:51:55,692 -  1782 /  2973 (059%):	 Total:0.0927652	 Andrev2015_Acc:0.3333333	 Mean_Total:6.2966942
2021-09-11 22:52:15,708 -  2376 /  2973 (079%):	 Total:0.2131421	 Andrev2015_Acc:0.0833333	 Mean_Total:5.0902927
2021-09-11 22:52:37,102 -  2970 /  2973 (099%):	 Total:0.0503239	 Andrev2015_Acc:0.0000000	 Mean_Total:6.9108911
2021-09-11 22:52:37,478 - ===============================| start validation |===============================
2021-09-11 22:52:42,149 - 	 Total:19.9374647	 Andrev2015_loss:37.1445134	 Andrev2015_Acc:0.1433692	 muscle_loss:9.6535578	 muscle_Acc:0.0833333	 pc3_loss:1.2286585	 pc3_Acc:0.1276235
2021-09-11 22:52:42,153 -    ini file updated    
2021-09-11 22:52:42,153 - ===============================|    epoch 21   |===============================
2021-09-11 22:52:43,473 -     0 /  2973 (000%):	 Total:0.1721262	 Andrev2015_Acc:0.1666667	 Mean_Total:0.1721262
2021-09-11 22:53:03,565 -   594 /  2973 (019%):	 Total:0.2348237	 Andrev2015_Acc:0.0833333	 Mean_Total:0.6136878
2021-09-11 22:53:23,964 -  1188 /  2973 (039%):	 Total:0.1451734	 Andrev2015_Acc:0.1666667	 Mean_Total:1.0369207
2021-09-11 22:53:45,037 -  1782 /  2973 (059%):	 Total:0.2018340	 Andrev2015_Acc:0.2500000	 Mean_Total:11.2589026
2021-09-11 22:54:05,450 -  2376 /  2973 (079%):	 Total:0.2110141	 Andrev2015_Acc:0.2500000	 Mean_Total:8.5118496
2021-09-11 22:54:26,706 -  2970 /  2973 (099%):	 Total:0.0251432	 Andrev2015_Acc:0.0000000	 Mean_Total:6.8615898
2021-09-11 22:54:27,131 - ===============================| start validation |===============================
2021-09-11 22:54:32,194 - 	 Total:19.6673565	 Andrev2015_loss:37.0830217	 Andrev2015_Acc:0.1402330	 muscle_loss:4.7227974	 muscle_Acc:0.2500000	 pc3_loss:1.1937237	 pc3_Acc:0.1430556
2021-09-11 22:54:32,198 -    ini file updated    
2021-09-11 22:54:32,198 - ===============================|    epoch 22   |===============================
2021-09-11 22:54:33,396 -     0 /  2973 (000%):	 Total:0.2732404	 Andrev2015_Acc:0.1666667	 Mean_Total:0.2732404
2021-09-11 22:54:53,463 -   594 /  2973 (019%):	 Total:0.3492928	 Andrev2015_Acc:0.2500000	 Mean_Total:1.1647459
2021-09-11 22:55:13,872 -  1188 /  2973 (039%):	 Total:0.1154764	 Andrev2015_Acc:0.3333333	 Mean_Total:9.5282440
2021-09-11 22:55:34,294 -  1782 /  2973 (059%):	 Total:0.2888500	 Andrev2015_Acc:0.4166667	 Mean_Total:6.4905095
2021-09-11 22:55:54,418 -  2376 /  2973 (079%):	 Total:0.3268481	 Andrev2015_Acc:0.0833333	 Mean_Total:8.4384393
2021-09-11 22:56:15,731 -  2970 /  2973 (099%):	 Total:0.1270573	 Andrev2015_Acc:0.0000000	 Mean_Total:6.8649425
2021-09-11 22:56:16,155 - ===============================| start validation |===============================
2021-09-11 22:56:21,129 - 	 Total:19.7566600	 Andrev2015_loss:37.2130350	 Andrev2015_Acc:0.1821237	 muscle_loss:5.0924282	 muscle_Acc:0.1590909	 pc3_loss:1.2077345	 pc3_Acc:0.1396605
2021-09-11 22:56:21,134 -    ini file updated    
2021-09-11 22:56:21,134 - ===============================|    epoch 23   |===============================
2021-09-11 22:56:22,386 -     0 /  2973 (000%):	 Total:0.2470195	 Andrev2015_Acc:0.1666667	 Mean_Total:0.2470195
2021-09-11 22:56:43,504 -   594 /  2973 (019%):	 Total:0.1066603	 Andrev2015_Acc:0.3333333	 Mean_Total:0.5306682
2021-09-11 22:57:03,771 -  1188 /  2973 (039%):	 Total:0.7986273	 Andrev2015_Acc:0.0833333	 Mean_Total:0.4479165
2021-09-11 22:57:24,435 -  1782 /  2973 (059%):	 Total:0.5005752	 Andrev2015_Acc:0.0000000	 Mean_Total:6.5482944
2021-09-11 22:57:44,695 -  2376 /  2973 (079%):	 Total:0.3648846	 Andrev2015_Acc:0.0000000	 Mean_Total:4.9961920
2021-09-11 22:58:05,729 -  2970 /  2973 (099%):	 Total:0.3903628	 Andrev2015_Acc:0.0000000	 Mean_Total:6.8104397
2021-09-11 22:58:06,155 - ===============================| start validation |===============================
2021-09-11 22:58:11,154 - 	 Total:20.0695996	 Andrev2015_loss:37.1392622	 Andrev2015_Acc:0.1702509	 muscle_loss:13.0082042	 muscle_Acc:0.1287879	 pc3_loss:1.1903144	 pc3_Acc:0.1705247
2021-09-11 22:58:11,158 -    ini file updated    
2021-09-11 22:58:11,158 - ===============================|    epoch 24   |===============================
2021-09-11 22:58:12,262 -     0 /  2973 (000%):	 Total:0.1807714	 Andrev2015_Acc:0.0000000	 Mean_Total:0.1807714
2021-09-11 22:58:32,661 -   594 /  2973 (019%):	 Total:0.2542219	 Andrev2015_Acc:0.1666667	 Mean_Total:14.2311114
2021-09-11 22:58:52,210 -  1188 /  2973 (039%):	 Total:0.1209030	 Andrev2015_Acc:0.1666667	 Mean_Total:7.7425263
2021-09-11 22:59:12,966 -  1782 /  2973 (059%):	 Total:0.2509089	 Andrev2015_Acc:0.1666667	 Mean_Total:11.0888390
2021-09-11 22:59:33,609 -  2376 /  2973 (079%):	 Total:0.1068963	 Andrev2015_Acc:0.2500000	 Mean_Total:8.4198098
2021-09-11 22:59:55,531 -  2970 /  2973 (099%):	 Total:0.0454849	 Andrev2015_Acc:0.0000000	 Mean_Total:6.8147988
2021-09-11 22:59:55,906 - ===============================| start validation |===============================
2021-09-11 23:00:00,783 - 	 Total:19.6337411	 Andrev2015_loss:36.9978411	 Andrev2015_Acc:0.1901882	 muscle_loss:4.9802093	 muscle_Acc:0.1590909	 pc3_loss:1.1896712	 pc3_Acc:0.1564815
2021-09-11 23:00:00,786 -    ini file updated    
2021-09-11 23:00:00,826 - Snapshot saved to /data/users/wergillius/UTR_VAE/pth/RL_celline_MTL/adam_MTL/adam-model_best_cv6.pth

2021-09-11 23:00:00,827 -    ini file updated    
2021-09-11 23:00:00,827 - ===============================|    epoch 25   |===============================
2021-09-11 23:00:02,145 -     0 /  2973 (000%):	 Total:1.1114177	 Andrev2015_Acc:0.1666667	 Mean_Total:1.1114177
2021-09-11 23:00:22,808 -   594 /  2973 (019%):	 Total:0.1519536	 Andrev2015_Acc:0.1666667	 Mean_Total:31.5100951
2021-09-11 23:00:42,912 -  1188 /  2973 (039%):	 Total:0.3154781	 Andrev2015_Acc:0.0000000	 Mean_Total:15.8909090
2021-09-11 23:01:03,994 -  1782 /  2973 (059%):	 Total:0.1520023	 Andrev2015_Acc:0.0000000	 Mean_Total:10.7415876
2021-09-11 23:01:23,931 -  2376 /  2973 (079%):	 Total:0.2234446	 Andrev2015_Acc:0.0833333	 Mean_Total:8.3916689
2021-09-11 23:01:45,403 -  2970 /  2973 (099%):	 Total:0.0540844	 Andrev2015_Acc:0.0000000	 Mean_Total:6.7771029
2021-09-11 23:01:45,835 - ===============================| start validation |===============================
2021-09-11 23:01:50,649 - 	 Total:19.6751681	 Andrev2015_loss:37.1304880	 Andrev2015_Acc:0.2051971	 muscle_loss:4.7018770	 muscle_Acc:0.2121212	 pc3_loss:1.1589323	 pc3_Acc:0.1419753
2021-09-11 23:01:50,652 -    ini file updated    
2021-09-11 23:01:50,653 - ===============================|    epoch 26   |===============================
2021-09-11 23:01:52,049 -     0 /  2973 (000%):	 Total:0.3897682	 Andrev2015_Acc:0.0833333	 Mean_Total:0.3897682
2021-09-11 23:02:12,087 -   594 /  2973 (019%):	 Total:0.1276968	 Andrev2015_Acc:0.1666667	 Mean_Total:14.1548308
2021-09-11 23:02:32,655 -  1188 /  2973 (039%):	 Total:0.1307791	 Andrev2015_Acc:0.3333333	 Mean_Total:7.5711232
2021-09-11 23:02:53,380 -  1782 /  2973 (059%):	 Total:0.1691160	 Andrev2015_Acc:0.0833333	 Mean_Total:5.2017691
2021-09-11 23:03:13,598 -  2376 /  2973 (079%):	 Total:0.0600064	 Andrev2015_Acc:0.2500000	 Mean_Total:3.9590034
2021-09-11 23:03:34,693 -  2970 /  2973 (099%):	 Total:0.0006463	 Andrev2015_Acc:1.0000000	 Mean_Total:6.7864496
2021-09-11 23:03:35,061 - ===============================| start validation |===============================
2021-09-11 23:03:40,108 - 	 Total:19.7156439	 Andrev2015_loss:37.0831461	 Andrev2015_Acc:0.1787634	 muscle_loss:5.5906556	 muscle_Acc:0.1666667	 pc3_loss:1.2138347	 pc3_Acc:0.1770062
2021-09-11 23:03:40,112 -    ini file updated    
2021-09-11 23:03:40,112 - ===============================|    epoch 27   |===============================
2021-09-11 23:03:41,377 -     0 /  2973 (000%):	 Total:0.1728805	 Andrev2015_Acc:0.0833333	 Mean_Total:0.1728805
2021-09-11 23:04:02,000 -   594 /  2973 (019%):	 Total:0.1606449	 Andrev2015_Acc:0.0833333	 Mean_Total:17.8635526
2021-09-11 23:04:21,707 -  1188 /  2973 (039%):	 Total:0.1747397	 Andrev2015_Acc:0.0833333	 Mean_Total:9.4372319
2021-09-11 23:04:42,489 -  1782 /  2973 (059%):	 Total:0.2948476	 Andrev2015_Acc:0.3333333	 Mean_Total:6.4241473
2021-09-11 23:05:03,358 -  2376 /  2973 (079%):	 Total:0.0663190	 Andrev2015_Acc:0.2500000	 Mean_Total:8.3012133
2021-09-11 23:05:24,158 -  2970 /  2973 (099%):	 Total:0.1004265	 Andrev2015_Acc:0.0000000	 Mean_Total:6.7592558
2021-09-11 23:05:24,589 - ===============================| start validation |===============================
2021-09-11 23:05:29,418 - 	 Total:19.7164302	 Andrev2015_loss:37.1205770	 Andrev2015_Acc:0.1886201	 muscle_loss:4.8639908	 muscle_Acc:0.1742424	 pc3_loss:1.2466398	 pc3_Acc:0.1692901
2021-09-11 23:05:29,424 -    ini file updated    
2021-09-11 23:05:29,424 - ===============================|    epoch 28   |===============================
2021-09-11 23:05:30,865 -     0 /  2973 (000%):	 Total:0.1317930	 Andrev2015_Acc:0.1666667	 Mean_Total:0.1317930
2021-09-11 23:05:50,897 -   594 /  2973 (019%):	 Total:0.1984497	 Andrev2015_Acc:0.0833333	 Mean_Total:0.3828746
2021-09-11 23:06:10,662 -  1188 /  2973 (039%):	 Total:0.1751108	 Andrev2015_Acc:0.1666667	 Mean_Total:7.1704636
2021-09-11 23:06:31,227 -  1782 /  2973 (059%):	 Total:0.0586877	 Andrev2015_Acc:0.3333333	 Mean_Total:4.9608294
2021-09-11 23:06:51,467 -  2376 /  2973 (079%):	 Total:0.1749006	 Andrev2015_Acc:0.3333333	 Mean_Total:3.9671460
2021-09-11 23:07:12,308 -  2970 /  2973 (099%):	 Total:0.4095352	 Andrev2015_Acc:0.0000000	 Mean_Total:6.6862752
2021-09-11 23:07:12,758 - ===============================| start validation |===============================
2021-09-11 23:07:17,573 - 	 Total:19.6845197	 Andrev2015_loss:37.0858759	 Andrev2015_Acc:0.1969086	 muscle_loss:4.6776725	 muscle_Acc:0.1287879	 pc3_loss:1.2336600	 pc3_Acc:0.1612654
2021-09-11 23:07:17,577 -    ini file updated    
2021-09-11 23:07:17,577 - ===============================|    epoch 29   |===============================
2021-09-11 23:07:18,895 -     0 /  2973 (000%):	 Total:0.2878272	 Andrev2015_Acc:0.0833333	 Mean_Total:0.2878272
2021-09-11 23:07:38,715 -   594 /  2973 (019%):	 Total:0.2680174	 Andrev2015_Acc:0.4166667	 Mean_Total:0.3669728
2021-09-11 23:07:58,649 -  1188 /  2973 (039%):	 Total:0.2592361	 Andrev2015_Acc:0.1666667	 Mean_Total:0.2841253
2021-09-11 23:08:19,454 -  1782 /  2973 (059%):	 Total:0.1114449	 Andrev2015_Acc:0.4166667	 Mean_Total:4.8639692
2021-09-11 23:08:38,987 -  2376 /  2973 (079%):	 Total:0.1440105	 Andrev2015_Acc:0.0833333	 Mean_Total:8.2620312
2021-09-11 23:08:59,872 -  2970 /  2973 (099%):	 Total:0.0522546	 Andrev2015_Acc:0.0000000	 Mean_Total:6.6558331
2021-09-11 23:09:00,266 - ===============================| start validation |===============================
2021-09-11 23:09:05,340 - 	 Total:19.6434677	 Andrev2015_loss:37.0687192	 Andrev2015_Acc:0.1875000	 muscle_loss:4.5966106	 muscle_Acc:0.1515152	 pc3_loss:1.1692477	 pc3_Acc:0.1484568
2021-09-11 23:09:05,343 -    ini file updated    
2021-09-11 23:09:05,343 - ===============================|    epoch 30   |===============================
2021-09-11 23:09:06,621 -     0 /  2973 (000%):	 Total:0.0864167	 Andrev2015_Acc:0.0833333	 Mean_Total:0.0864167
2021-09-11 23:09:26,492 -   594 /  2973 (019%):	 Total:0.1219483	 Andrev2015_Acc:0.0833333	 Mean_Total:0.2112672
2021-09-11 23:09:46,779 -  1188 /  2973 (039%):	 Total:0.1879832	 Andrev2015_Acc:0.2500000	 Mean_Total:15.7515130
2021-09-11 23:10:08,327 -  1782 /  2973 (059%):	 Total:0.3664896	 Andrev2015_Acc:0.1666667	 Mean_Total:10.8164283
2021-09-11 23:10:28,215 -  2376 /  2973 (079%):	 Total:0.2346391	 Andrev2015_Acc:0.2500000	 Mean_Total:8.2401115
2021-09-11 23:10:49,575 -  2970 /  2973 (099%):	 Total:0.0146662	 Andrev2015_Acc:0.0000000	 Mean_Total:6.6575911
2021-09-11 23:10:49,959 - ===============================| start validation |===============================
2021-09-11 23:10:54,988 - 	 Total:19.5844189	 Andrev2015_loss:36.9823419	 Andrev2015_Acc:0.1738351	 muscle_loss:4.6593215	 muscle_Acc:0.1439394	 pc3_loss:1.1291746	 pc3_Acc:0.1280864
2021-09-11 23:10:54,992 -    ini file updated    
2021-09-11 23:10:55,038 - Snapshot saved to /data/users/wergillius/UTR_VAE/pth/RL_celline_MTL/adam_MTL/adam-model_best_cv6.pth

2021-09-11 23:10:55,039 -    ini file updated    
2021-09-11 23:10:55,039 - ===============================|    epoch 31   |===============================
2021-09-11 23:10:56,299 -     0 /  2973 (000%):	 Total:0.2288750	 Andrev2015_Acc:0.2500000	 Mean_Total:0.2288750
2021-09-11 23:11:16,599 -   594 /  2973 (019%):	 Total:0.1085902	 Andrev2015_Acc:0.3333333	 Mean_Total:17.7036565
2021-09-11 23:11:36,935 -  1188 /  2973 (039%):	 Total:0.1033543	 Andrev2015_Acc:0.0833333	 Mean_Total:9.0360980
2021-09-11 23:11:57,376 -  1782 /  2973 (059%):	 Total:0.0645575	 Andrev2015_Acc:0.1666667	 Mean_Total:6.3424689
2021-09-11 23:12:17,366 -  2376 /  2973 (079%):	 Total:0.1894015	 Andrev2015_Acc:0.0833333	 Mean_Total:4.8043309
2021-09-11 23:12:38,432 -  2970 /  2973 (099%):	 Total:0.0168400	 Andrev2015_Acc:0.0000000	 Mean_Total:6.6423506
2021-09-11 23:12:38,929 - ===============================| start validation |===============================
2021-09-11 23:12:43,919 - 	 Total:19.6077070	 Andrev2015_loss:37.0628834	 Andrev2015_Acc:0.1827957	 muscle_loss:4.6252075	 muscle_Acc:0.2045455	 pc3_loss:1.0925738	 pc3_Acc:0.1381173
2021-09-11 23:12:43,924 -    ini file updated    
2021-09-11 23:12:43,924 - ===============================|    epoch 32   |===============================
2021-09-11 23:12:45,269 -     0 /  2973 (000%):	 Total:0.2518134	 Andrev2015_Acc:0.2500000	 Mean_Total:0.2518134
2021-09-11 23:13:05,071 -   594 /  2973 (019%):	 Total:0.0566153	 Andrev2015_Acc:0.2500000	 Mean_Total:13.8278981
2021-09-11 23:13:25,094 -  1188 /  2973 (039%):	 Total:0.1932894	 Andrev2015_Acc:0.3333333	 Mean_Total:7.0586888
2021-09-11 23:13:45,486 -  1782 /  2973 (059%):	 Total:0.2106119	 Andrev2015_Acc:0.0833333	 Mean_Total:4.8038935
2021-09-11 23:14:06,169 -  2376 /  2973 (079%):	 Total:0.1285716	 Andrev2015_Acc:0.2500000	 Mean_Total:8.1870293
2021-09-11 23:14:27,714 -  2970 /  2973 (099%):	 Total:0.1881106	 Andrev2015_Acc:0.0000000	 Mean_Total:6.5885841
2021-09-11 23:14:28,170 - ===============================| start validation |===============================
2021-09-11 23:14:32,955 - 	 Total:19.6101654	 Andrev2015_loss:37.1020107	 Andrev2015_Acc:0.2009409	 muscle_loss:4.7936335	 muscle_Acc:0.1742424	 pc3_loss:1.0360267	 pc3_Acc:0.1635802
2021-09-11 23:14:32,958 -    ini file updated    
2021-09-11 23:14:32,958 - ===============================|    epoch 33   |===============================
2021-09-11 23:14:34,122 -     0 /  2973 (000%):	 Total:0.0569932	 Andrev2015_Acc:0.3333333	 Mean_Total:0.0569932
2021-09-11 23:14:54,570 -   594 /  2973 (019%):	 Total:0.1498312	 Andrev2015_Acc:0.3333333	 Mean_Total:30.9129205
2021-09-11 23:15:14,572 -  1188 /  2973 (039%):	 Total:0.0556052	 Andrev2015_Acc:0.5000000	 Mean_Total:15.7168991
2021-09-11 23:15:35,094 -  1782 /  2973 (059%):	 Total:0.0963840	 Andrev2015_Acc:0.3333333	 Mean_Total:10.5745317
2021-09-11 23:15:55,820 -  2376 /  2973 (079%):	 Total:0.1007985	 Andrev2015_Acc:0.0000000	 Mean_Total:8.1592803
2021-09-11 23:16:17,415 -  2970 /  2973 (099%):	 Total:0.5423594	 Andrev2015_Acc:0.0000000	 Mean_Total:6.5847503
2021-09-11 23:16:17,851 - ===============================| start validation |===============================
2021-09-11 23:16:22,591 - 	 Total:19.6251893	 Andrev2015_loss:37.0598971	 Andrev2015_Acc:0.1924283	 muscle_loss:4.7630772	 muscle_Acc:0.1893939	 pc3_loss:1.1212954	 pc3_Acc:0.1566358
2021-09-11 23:16:22,596 -    ini file updated    
2021-09-11 23:16:22,596 - ===============================|    epoch 34   |===============================
2021-09-11 23:16:23,928 -     0 /  2973 (000%):	 Total:0.2550741	 Andrev2015_Acc:0.1666667	 Mean_Total:0.2550741
2021-09-11 23:16:44,336 -   594 /  2973 (019%):	 Total:0.1810246	 Andrev2015_Acc:0.1666667	 Mean_Total:0.1609426
2021-09-11 23:17:04,676 -  1188 /  2973 (039%):	 Total:0.1548037	 Andrev2015_Acc:0.0833333	 Mean_Total:7.1052925
2021-09-11 23:17:26,090 -  1782 /  2973 (059%):	 Total:0.1368415	 Andrev2015_Acc:0.2500000	 Mean_Total:10.5638218
2021-09-11 23:17:46,533 -  2376 /  2973 (079%):	 Total:0.0954372	 Andrev2015_Acc:0.2500000	 Mean_Total:7.9653843
2021-09-11 23:18:08,595 -  2970 /  2973 (099%):	 Total:0.0076199	 Andrev2015_Acc:1.0000000	 Mean_Total:6.5624441
2021-09-11 23:18:08,993 - ===============================| start validation |===============================
2021-09-11 23:18:14,040 - 	 Total:19.6286098	 Andrev2015_loss:37.1324685	 Andrev2015_Acc:0.1962366	 muscle_loss:4.7588383	 muscle_Acc:0.2196970	 pc3_loss:1.0461007	 pc3_Acc:0.1535494
2021-09-11 23:18:14,043 -    ini file updated    
2021-09-11 23:18:14,043 - ===============================|    epoch 35   |===============================
2021-09-11 23:18:15,345 -     0 /  2973 (000%):	 Total:0.0424007	 Andrev2015_Acc:0.2500000	 Mean_Total:0.0424007
2021-09-11 23:18:35,173 -   594 /  2973 (019%):	 Total:0.1486882	 Andrev2015_Acc:0.2500000	 Mean_Total:0.2391198
2021-09-11 23:18:55,570 -  1188 /  2973 (039%):	 Total:0.2149617	 Andrev2015_Acc:0.1666667	 Mean_Total:0.2070473
2021-09-11 23:19:16,591 -  1782 /  2973 (059%):	 Total:0.1806428	 Andrev2015_Acc:0.0833333	 Mean_Total:6.1919270
2021-09-11 23:19:37,049 -  2376 /  2973 (079%):	 Total:0.0611105	 Andrev2015_Acc:0.3333333	 Mean_Total:4.7049295
2021-09-11 23:19:59,110 -  2970 /  2973 (099%):	 Total:0.1486439	 Andrev2015_Acc:0.0000000	 Mean_Total:6.5327174
2021-09-11 23:19:59,522 - ===============================| start validation |===============================
2021-09-11 23:20:04,598 - 	 Total:19.6183147	 Andrev2015_loss:37.0401216	 Andrev2015_Acc:0.1881720	 muscle_loss:4.6995918	 muscle_Acc:0.1969697	 pc3_loss:1.1349990	 pc3_Acc:0.1757716
2021-09-11 23:20:04,601 -    ini file updated    
2021-09-11 23:20:04,602 - ===============================|    epoch 36   |===============================
2021-09-11 23:20:05,652 -     0 /  2973 (000%):	 Total:0.1779284	 Andrev2015_Acc:0.1666667	 Mean_Total:0.1779284
2021-09-11 23:20:26,421 -   594 /  2973 (019%):	 Total:0.0446937	 Andrev2015_Acc:0.3333333	 Mean_Total:0.1982651
2021-09-11 23:20:47,521 -  1188 /  2973 (039%):	 Total:0.0253989	 Andrev2015_Acc:0.7500000	 Mean_Total:0.2135423
2021-09-11 23:21:08,712 -  1782 /  2973 (059%):	 Total:0.0878135	 Andrev2015_Acc:0.4166667	 Mean_Total:4.7109976
2021-09-11 23:21:29,691 -  2376 /  2973 (079%):	 Total:0.3081513	 Andrev2015_Acc:0.0833333	 Mean_Total:7.8939131
2021-09-11 23:21:51,327 -  2970 /  2973 (099%):	 Total:0.4456147	 Andrev2015_Acc:0.0000000	 Mean_Total:6.5255419
2021-09-11 23:21:51,707 - ===============================| start validation |===============================
2021-09-11 23:21:56,307 - 	 Total:19.9509018	 Andrev2015_loss:37.1060532	 Andrev2015_Acc:0.2152778	 muscle_loss:11.3828363	 muscle_Acc:0.1515152	 pc3_loss:1.1269198	 pc3_Acc:0.1615741
2021-09-11 23:21:56,310 -    ini file updated    
2021-09-11 23:21:56,310 - ===============================|    epoch 37   |===============================
2021-09-11 23:21:57,531 -     0 /  2973 (000%):	 Total:0.1204148	 Andrev2015_Acc:0.3333333	 Mean_Total:0.1204148
2021-09-11 23:22:18,594 -   594 /  2973 (019%):	 Total:0.1612231	 Andrev2015_Acc:0.1666667	 Mean_Total:0.2424460
2021-09-11 23:22:39,248 -  1188 /  2973 (039%):	 Total:0.0685806	 Andrev2015_Acc:0.4166667	 Mean_Total:0.2364208
2021-09-11 23:23:00,521 -  1782 /  2973 (059%):	 Total:0.1125883	 Andrev2015_Acc:0.1666667	 Mean_Total:0.2598137
2021-09-11 23:23:20,813 -  2376 /  2973 (079%):	 Total:0.0808723	 Andrev2015_Acc:0.3333333	 Mean_Total:4.5231649
2021-09-11 23:23:43,055 -  2970 /  2973 (099%):	 Total:0.0006658	 Andrev2015_Acc:1.0000000	 Mean_Total:6.4871511
2021-09-11 23:23:43,475 - ===============================| start validation |===============================
2021-09-11 23:23:48,301 - 	 Total:19.6619769	 Andrev2015_loss:37.0887084	 Andrev2015_Acc:0.2069892	 muscle_loss:4.6606355	 muscle_Acc:0.1666667	 pc3_loss:1.1814216	 pc3_Acc:0.1535494
2021-09-11 23:23:48,304 -    ini file updated    
2021-09-11 23:23:48,304 - ===============================|    epoch 38   |===============================
2021-09-11 23:23:49,654 -     0 /  2973 (000%):	 Total:0.1630074	 Andrev2015_Acc:0.2500000	 Mean_Total:0.1630074
2021-09-11 23:24:10,450 -   594 /  2973 (019%):	 Total:0.1374913	 Andrev2015_Acc:0.3333333	 Mean_Total:0.9294155
2021-09-11 23:24:30,240 -  1188 /  2973 (039%):	 Total:0.1663827	 Andrev2015_Acc:0.0833333	 Mean_Total:9.0816455
2021-09-11 23:24:50,717 -  1782 /  2973 (059%):	 Total:0.2015911	 Andrev2015_Acc:0.0833333	 Mean_Total:10.6363396
2021-09-11 23:25:10,999 -  2376 /  2973 (079%):	 Total:0.4866156	 Andrev2015_Acc:0.0833333	 Mean_Total:8.0369472
2021-09-11 23:25:31,973 -  2970 /  2973 (099%):	 Total:0.4251106	 Andrev2015_Acc:0.0000000	 Mean_Total:6.4855251
2021-09-11 23:25:32,349 - ===============================| start validation |===============================
2021-09-11 23:25:37,502 - 	 Total:19.5969174	 Andrev2015_loss:36.9811179	 Andrev2015_Acc:0.1998208	 muscle_loss:4.7522797	 muscle_Acc:0.1893939	 pc3_loss:1.1492337	 pc3_Acc:0.1126543
2021-09-11 23:25:37,506 -    ini file updated    
2021-09-11 23:25:37,506 - ===============================|    epoch 39   |===============================
2021-09-11 23:25:38,841 -     0 /  2973 (000%):	 Total:0.1535208	 Andrev2015_Acc:0.2500000	 Mean_Total:0.1535208
2021-09-11 23:25:59,199 -   594 /  2973 (019%):	 Total:0.2640919	 Andrev2015_Acc:0.1666667	 Mean_Total:0.1920612
2021-09-11 23:26:19,637 -  1188 /  2973 (039%):	 Total:0.3116431	 Andrev2015_Acc:0.1666667	 Mean_Total:0.2166190
2021-09-11 23:26:39,911 -  1782 /  2973 (059%):	 Total:0.0689868	 Andrev2015_Acc:0.4166667	 Mean_Total:5.9017272
2021-09-11 23:27:00,018 -  2376 /  2973 (079%):	 Total:0.0713812	 Andrev2015_Acc:0.1666667	 Mean_Total:8.0342794
2021-09-11 23:27:22,164 -  2970 /  2973 (099%):	 Total:0.0150167	 Andrev2015_Acc:0.0000000	 Mean_Total:6.4606614
2021-09-11 23:27:22,640 - ===============================| start validation |===============================
2021-09-11 23:27:27,560 - 	 Total:19.6261211	 Andrev2015_loss:37.0674559	 Andrev2015_Acc:0.2063172	 muscle_loss:4.4579225	 muscle_Acc:0.1742424	 pc3_loss:1.1457940	 pc3_Acc:0.1307099
2021-09-11 23:27:27,564 -    ini file updated    
2021-09-11 23:27:27,564 - ===============================|    epoch 40   |===============================
2021-09-11 23:27:28,844 -     0 /  2973 (000%):	 Total:0.1877608	 Andrev2015_Acc:0.3333333	 Mean_Total:0.1877608
2021-09-11 23:27:49,614 -   594 /  2973 (019%):	 Total:0.0535270	 Andrev2015_Acc:0.2500000	 Mean_Total:0.1661960
2021-09-11 23:28:09,816 -  1188 /  2973 (039%):	 Total:0.0716962	 Andrev2015_Acc:0.1666667	 Mean_Total:0.2470377
2021-09-11 23:28:30,410 -  1782 /  2973 (059%):	 Total:0.0864106	 Andrev2015_Acc:0.1666667	 Mean_Total:0.2436567
2021-09-11 23:28:50,534 -  2376 /  2973 (079%):	 Total:0.1987546	 Andrev2015_Acc:0.0833333	 Mean_Total:7.8335153
2021-09-11 23:29:11,695 -  2970 /  2973 (099%):	 Total:0.0905583	 Andrev2015_Acc:0.0000000	 Mean_Total:6.4427898
2021-09-11 23:29:12,084 - ===============================| start validation |===============================
2021-09-11 23:29:17,082 - 	 Total:19.6180292	 Andrev2015_loss:37.0628648	 Andrev2015_Acc:0.1995968	 muscle_loss:5.1512806	 muscle_Acc:0.1893939	 pc3_loss:1.0622386	 pc3_Acc:0.1720679
2021-09-11 23:29:17,086 -    ini file updated    
2021-09-11 23:29:17,087 - ===============================|    epoch 41   |===============================
2021-09-11 23:29:18,350 -     0 /  2973 (000%):	 Total:0.1707295	 Andrev2015_Acc:0.1666667	 Mean_Total:0.1707295
2021-09-11 23:29:39,233 -   594 /  2973 (019%):	 Total:0.0521444	 Andrev2015_Acc:0.5000000	 Mean_Total:17.2095301
2021-09-11 23:29:59,772 -  1188 /  2973 (039%):	 Total:0.1329354	 Andrev2015_Acc:0.2500000	 Mean_Total:15.3987193
2021-09-11 23:30:20,054 -  1782 /  2973 (059%):	 Total:0.1614463	 Andrev2015_Acc:0.1666667	 Mean_Total:10.5751523
2021-09-11 23:30:40,387 -  2376 /  2973 (079%):	 Total:0.3165104	 Andrev2015_Acc:0.0833333	 Mean_Total:7.9826076
2021-09-11 23:31:02,612 -  2970 /  2973 (099%):	 Total:0.2558846	 Andrev2015_Acc:0.0000000	 Mean_Total:6.4246886
2021-09-11 23:31:02,969 - ===============================| start validation |===============================
2021-09-11 23:31:07,948 - 	 Total:19.7902118	 Andrev2015_loss:37.0191018	 Andrev2015_Acc:0.2074373	 muscle_loss:8.3911705	 muscle_Acc:0.1969697	 pc3_loss:1.1699071	 pc3_Acc:0.1101852
2021-09-11 23:31:07,953 -    ini file updated    
2021-09-11 23:31:07,953 - ===============================|    epoch 42   |===============================
2021-09-11 23:31:09,276 -     0 /  2973 (000%):	 Total:0.0719595	 Andrev2015_Acc:0.2500000	 Mean_Total:0.0719595
2021-09-11 23:31:29,527 -   594 /  2973 (019%):	 Total:0.2582447	 Andrev2015_Acc:0.0833333	 Mean_Total:0.1528801
2021-09-11 23:31:49,849 -  1188 /  2973 (039%):	 Total:0.1235924	 Andrev2015_Acc:0.3333333	 Mean_Total:6.8426821
2021-09-11 23:32:11,099 -  1782 /  2973 (059%):	 Total:0.0842264	 Andrev2015_Acc:0.2500000	 Mean_Total:10.3400011
2021-09-11 23:32:31,230 -  2376 /  2973 (079%):	 Total:0.2052940	 Andrev2015_Acc:0.0833333	 Mean_Total:7.8228484
2021-09-11 23:32:52,454 -  2970 /  2973 (099%):	 Total:0.0538089	 Andrev2015_Acc:0.0000000	 Mean_Total:6.4360528
2021-09-11 23:32:52,830 - ===============================| start validation |===============================
2021-09-11 23:32:57,733 - 	 Total:19.6110663	 Andrev2015_loss:37.0155819	 Andrev2015_Acc:0.1962366	 muscle_loss:4.7093833	 muscle_Acc:0.2651515	 pc3_loss:1.1458679	 pc3_Acc:0.1782407
2021-09-11 23:32:57,737 -    ini file updated    
2021-09-11 23:32:57,737 - ===============================|    epoch 43   |===============================
2021-09-11 23:32:59,135 -     0 /  2973 (000%):	 Total:0.2665480	 Andrev2015_Acc:0.0833333	 Mean_Total:0.2665480
2021-09-11 23:33:18,985 -   594 /  2973 (019%):	 Total:0.3888455	 Andrev2015_Acc:0.0833333	 Mean_Total:0.2674735
2021-09-11 23:33:40,064 -  1188 /  2973 (039%):	 Total:0.0354461	 Andrev2015_Acc:0.5000000	 Mean_Total:0.2428654
2021-09-11 23:34:01,102 -  1782 /  2973 (059%):	 Total:0.1517251	 Andrev2015_Acc:0.1666667	 Mean_Total:0.2212761
2021-09-11 23:34:21,703 -  2376 /  2973 (079%):	 Total:0.1313752	 Andrev2015_Acc:0.1666667	 Mean_Total:7.9428635
2021-09-11 23:34:43,271 -  2970 /  2973 (099%):	 Total:0.0008148	 Andrev2015_Acc:1.0000000	 Mean_Total:6.3848865
2021-09-11 23:34:43,698 - ===============================| start validation |===============================
2021-09-11 23:34:48,545 - 	 Total:19.6240980	 Andrev2015_loss:37.0686844	 Andrev2015_Acc:0.1995968	 muscle_loss:4.7468244	 muscle_Acc:0.1742424	 pc3_loss:1.1104064	 pc3_Acc:0.1623457
2021-09-11 23:34:48,548 -    ini file updated    
2021-09-11 23:34:48,548 - ===============================|    epoch 44   |===============================
2021-09-11 23:34:49,806 -     0 /  2973 (000%):	 Total:0.1473688	 Andrev2015_Acc:0.1666667	 Mean_Total:0.1473688
2021-09-11 23:35:10,953 -   594 /  2973 (019%):	 Total:0.7793546	 Andrev2015_Acc:0.0833333	 Mean_Total:17.7554631
2021-09-11 23:35:31,841 -  1188 /  2973 (039%):	 Total:0.2032514	 Andrev2015_Acc:0.1666667	 Mean_Total:8.9766482
2021-09-11 23:35:52,854 -  1782 /  2973 (059%):	 Total:0.1107863	 Andrev2015_Acc:0.2500000	 Mean_Total:10.4602745
2021-09-11 23:36:13,381 -  2376 /  2973 (079%):	 Total:0.1127064	 Andrev2015_Acc:0.3333333	 Mean_Total:7.9090786
2021-09-11 23:36:34,224 -  2970 /  2973 (099%):	 Total:0.3704426	 Andrev2015_Acc:0.0000000	 Mean_Total:6.3605166
2021-09-11 23:36:34,655 - ===============================| start validation |===============================
2021-09-11 23:36:39,474 - 	 Total:19.5947297	 Andrev2015_loss:36.9755996	 Andrev2015_Acc:0.1962366	 muscle_loss:4.5924701	 muscle_Acc:0.1742424	 pc3_loss:1.1669240	 pc3_Acc:0.1620370
2021-09-11 23:36:39,478 -    ini file updated    
2021-09-11 23:36:39,478 - ===============================|    epoch 45   |===============================
2021-09-11 23:36:40,614 -     0 /  2973 (000%):	 Total:0.0771258	 Andrev2015_Acc:0.4166667	 Mean_Total:0.0771258
2021-09-11 23:37:01,829 -   594 /  2973 (019%):	 Total:0.0847498	 Andrev2015_Acc:0.0833333	 Mean_Total:14.1233242
2021-09-11 23:37:22,381 -  1188 /  2973 (039%):	 Total:0.1210066	 Andrev2015_Acc:0.3333333	 Mean_Total:7.1778806
2021-09-11 23:37:43,596 -  1782 /  2973 (059%):	 Total:0.1492739	 Andrev2015_Acc:0.3333333	 Mean_Total:4.8377388
2021-09-11 23:38:03,761 -  2376 /  2973 (079%):	 Total:0.1137245	 Andrev2015_Acc:0.0833333	 Mean_Total:3.6754625
2021-09-11 23:38:25,253 -  2970 /  2973 (099%):	 Total:0.0081404	 Andrev2015_Acc:1.0000000	 Mean_Total:6.3429194
2021-09-11 23:38:25,750 - ===============================| start validation |===============================
2021-09-11 23:38:30,775 - 	 Total:19.5234081	 Andrev2015_loss:36.8383162	 Andrev2015_Acc:0.2128136	 muscle_loss:4.8977457	 muscle_Acc:0.1363636	 pc3_loss:1.1329793	 pc3_Acc:0.1645062
2021-09-11 23:38:30,781 -    ini file updated    
2021-09-11 23:38:30,823 - Snapshot saved to /data/users/wergillius/UTR_VAE/pth/RL_celline_MTL/adam_MTL/adam-model_best_cv6.pth

2021-09-11 23:38:30,825 -    ini file updated    
2021-09-11 23:38:30,825 - ===============================|    epoch 46   |===============================
2021-09-11 23:38:31,977 -     0 /  2973 (000%):	 Total:0.0828603	 Andrev2015_Acc:0.1666667	 Mean_Total:0.0828603
2021-09-11 23:38:52,975 -   594 /  2973 (019%):	 Total:0.1393218	 Andrev2015_Acc:0.1666667	 Mean_Total:0.8108543
2021-09-11 23:39:13,338 -  1188 /  2973 (039%):	 Total:0.0895385	 Andrev2015_Acc:0.1666667	 Mean_Total:0.4735261
2021-09-11 23:39:34,369 -  1782 /  2973 (059%):	 Total:0.3767026	 Andrev2015_Acc:0.0833333	 Mean_Total:5.9952101
2021-09-11 23:39:54,564 -  2376 /  2973 (079%):	 Total:0.0955394	 Andrev2015_Acc:0.1666667	 Mean_Total:7.8674517
2021-09-11 23:40:16,744 -  2970 /  2973 (099%):	 Total:2.8769000	 Andrev2015_Acc:0.0000000	 Mean_Total:6.3340244
2021-09-11 23:40:17,206 - ===============================| start validation |===============================
2021-09-11 23:40:21,964 - 	 Total:19.5760775	 Andrev2015_loss:37.0071779	 Andrev2015_Acc:0.2096774	 muscle_loss:4.6812719	 muscle_Acc:0.1818182	 pc3_loss:1.0796555	 pc3_Acc:0.1736111
2021-09-11 23:40:21,968 -    ini file updated    
2021-09-11 23:40:21,969 - ===============================|    epoch 47   |===============================
2021-09-11 23:40:23,452 -     0 /  2973 (000%):	 Total:0.0645463	 Andrev2015_Acc:0.4166667	 Mean_Total:0.0645463
2021-09-11 23:40:43,986 -   594 /  2973 (019%):	 Total:0.1169774	 Andrev2015_Acc:0.2500000	 Mean_Total:0.1889705
2021-09-11 23:41:04,379 -  1188 /  2973 (039%):	 Total:0.0956401	 Andrev2015_Acc:0.1666667	 Mean_Total:0.5286426
2021-09-11 23:41:25,141 -  1782 /  2973 (059%):	 Total:0.1500401	 Andrev2015_Acc:0.0833333	 Mean_Total:4.8144267
2021-09-11 23:41:45,969 -  2376 /  2973 (079%):	 Total:0.1253173	 Andrev2015_Acc:0.3333333	 Mean_Total:7.8578025
2021-09-11 23:42:07,791 -  2970 /  2973 (099%):	 Total:0.3797387	 Andrev2015_Acc:0.0000000	 Mean_Total:6.3365352
2021-09-11 23:42:08,152 - ===============================| start validation |===============================
2021-09-11 23:42:12,963 - 	 Total:19.6092940	 Andrev2015_loss:36.9707957	 Andrev2015_Acc:0.1836918	 muscle_loss:5.6216527	 muscle_Acc:0.1287879	 pc3_loss:1.1003852	 pc3_Acc:0.1600309
2021-09-11 23:42:12,966 -    ini file updated    
2021-09-11 23:42:12,966 - ===============================|    epoch 48   |===============================
2021-09-11 23:42:14,010 -     0 /  2973 (000%):	 Total:0.1902786	 Andrev2015_Acc:0.1666667	 Mean_Total:0.1902786
2021-09-11 23:42:34,681 -   594 /  2973 (019%):	 Total:0.0908316	 Andrev2015_Acc:0.2500000	 Mean_Total:13.4985279
2021-09-11 23:42:54,797 -  1188 /  2973 (039%):	 Total:0.1176572	 Andrev2015_Acc:0.3333333	 Mean_Total:6.8461376
2021-09-11 23:43:15,873 -  1782 /  2973 (059%):	 Total:0.0664474	 Andrev2015_Acc:0.2500000	 Mean_Total:4.6128056
2021-09-11 23:43:36,289 -  2376 /  2973 (079%):	 Total:0.1807085	 Andrev2015_Acc:0.1666667	 Mean_Total:7.8468582
2021-09-11 23:43:58,199 -  2970 /  2973 (099%):	 Total:0.4958487	 Andrev2015_Acc:0.0000000	 Mean_Total:6.3057714
2021-09-11 23:43:58,619 - ===============================| start validation |===============================
2021-09-11 23:44:03,249 - 	 Total:19.6097954	 Andrev2015_loss:37.0056025	 Andrev2015_Acc:0.2119176	 muscle_loss:4.7740917	 muscle_Acc:0.1515152	 pc3_loss:1.1478755	 pc3_Acc:0.1674383
2021-09-11 23:44:03,253 -    ini file updated    
2021-09-11 23:44:03,253 - ===============================|    epoch 49   |===============================
2021-09-11 23:44:04,482 -     0 /  2973 (000%):	 Total:0.1293573	 Andrev2015_Acc:0.3333333	 Mean_Total:0.1293573
2021-09-11 23:44:24,967 -   594 /  2973 (019%):	 Total:0.0557404	 Andrev2015_Acc:0.3333333	 Mean_Total:16.9223765
2021-09-11 23:44:45,692 -  1188 /  2973 (039%):	 Total:0.0609662	 Andrev2015_Acc:0.4166667	 Mean_Total:8.5331135
2021-09-11 23:45:06,792 -  1782 /  2973 (059%):	 Total:0.1229115	 Andrev2015_Acc:0.0833333	 Mean_Total:10.1387862
2021-09-11 23:45:27,315 -  2376 /  2973 (079%):	 Total:0.1912609	 Andrev2015_Acc:0.5000000	 Mean_Total:7.8009744
2021-09-11 23:45:48,930 -  2970 /  2973 (099%):	 Total:0.1476551	 Andrev2015_Acc:0.0000000	 Mean_Total:6.2857524
2021-09-11 23:45:49,430 - ===============================| start validation |===============================
2021-09-11 23:45:54,268 - 	 Total:19.5972870	 Andrev2015_loss:36.9615198	 Andrev2015_Acc:0.2202061	 muscle_loss:4.6179329	 muscle_Acc:0.2121212	 pc3_loss:1.1862502	 pc3_Acc:0.1700617
2021-09-11 23:45:54,273 -    ini file updated    
2021-09-11 23:45:54,273 - ===============================|    epoch 50   |===============================
2021-09-11 23:45:55,412 -     0 /  2973 (000%):	 Total:0.0779583	 Andrev2015_Acc:0.2500000	 Mean_Total:0.0779583
2021-09-11 23:46:15,612 -   594 /  2973 (019%):	 Total:0.1666676	 Andrev2015_Acc:0.2500000	 Mean_Total:0.1353849
2021-09-11 23:46:36,164 -  1188 /  2973 (039%):	 Total:0.1720783	 Andrev2015_Acc:0.2500000	 Mean_Total:15.0652269
2021-09-11 23:46:57,425 -  1782 /  2973 (059%):	 Total:0.0822284	 Andrev2015_Acc:0.1666667	 Mean_Total:10.1083387
2021-09-11 23:47:18,356 -  2376 /  2973 (079%):	 Total:0.1055530	 Andrev2015_Acc:0.3333333	 Mean_Total:7.6533582
2021-09-11 23:47:39,724 -  2970 /  2973 (099%):	 Total:0.1681409	 Andrev2015_Acc:0.0000000	 Mean_Total:6.2902411
2021-09-11 23:47:40,202 - ===============================| start validation |===============================
2021-09-11 23:47:44,889 - 	 Total:19.5844994	 Andrev2015_loss:36.9901381	 Andrev2015_Acc:0.2034050	 muscle_loss:4.5424875	 muscle_Acc:0.1212121	 pc3_loss:1.1323044	 pc3_Acc:0.1754630
2021-09-11 23:47:44,893 -    ini file updated    
2021-09-11 23:47:44,894 - ===============================|    epoch 51   |===============================
2021-09-11 23:47:45,989 -     0 /  2973 (000%):	 Total:0.1106752	 Andrev2015_Acc:0.2500000	 Mean_Total:0.1106752
2021-09-11 23:48:06,673 -   594 /  2973 (019%):	 Total:0.0676981	 Andrev2015_Acc:0.3333333	 Mean_Total:0.1788345
2021-09-11 23:48:27,570 -  1188 /  2973 (039%):	 Total:0.1137432	 Andrev2015_Acc:0.2500000	 Mean_Total:0.4690925
2021-09-11 23:48:48,895 -  1782 /  2973 (059%):	 Total:0.0467394	 Andrev2015_Acc:0.4166667	 Mean_Total:4.7233722
2021-09-11 23:49:09,108 -  2376 /  2973 (079%):	 Total:0.0273972	 Andrev2015_Acc:0.5833333	 Mean_Total:7.7654649
2021-09-11 23:49:30,181 -  2970 /  2973 (099%):	 Total:0.1783314	 Andrev2015_Acc:0.0000000	 Mean_Total:6.2439831
2021-09-11 23:49:30,614 - ===============================| start validation |===============================
2021-09-11 23:49:35,456 - 	 Total:25.9133679	 Andrev2015_loss:49.3558510	 Andrev2015_Acc:0.2217742	 muscle_loss:4.5793418	 muscle_Acc:0.2121212	 pc3_loss:1.1708344	 pc3_Acc:0.1785494
2021-09-11 23:49:35,462 -    ini file updated    
2021-09-11 23:49:35,463 - ===============================|    epoch 52   |===============================
2021-09-11 23:49:36,736 -     0 /  2973 (000%):	 Total:0.1310871	 Andrev2015_Acc:0.3333333	 Mean_Total:0.1310871
2021-09-11 23:49:56,442 -   594 /  2973 (019%):	 Total:0.0350482	 Andrev2015_Acc:0.3333333	 Mean_Total:0.1368805
2021-09-11 23:50:16,598 -  1188 /  2973 (039%):	 Total:0.1954375	 Andrev2015_Acc:0.2500000	 Mean_Total:6.7070917
2021-09-11 23:50:37,830 -  1782 /  2973 (059%):	 Total:0.0545502	 Andrev2015_Acc:0.6666667	 Mean_Total:10.0642213
2021-09-11 23:50:57,640 -  2376 /  2973 (079%):	 Total:0.0873626	 Andrev2015_Acc:0.1666667	 Mean_Total:7.5974558
2021-09-11 23:51:19,098 -  2970 /  2973 (099%):	 Total:0.4215781	 Andrev2015_Acc:0.0000000	 Mean_Total:6.2367508
2021-09-11 23:51:19,523 - ===============================| start validation |===============================
2021-09-11 23:51:25,535 - 	 Total:19.8148021	 Andrev2015_loss:37.0699809	 Andrev2015_Acc:0.2009409	 muscle_loss:8.3160962	 muscle_Acc:0.2121212	 pc3_loss:1.1744651	 pc3_Acc:0.1962963
2021-09-11 23:51:25,538 -    ini file updated    
2021-09-11 23:51:25,539 - ===============================|    epoch 53   |===============================
2021-09-11 23:51:26,835 -     0 /  2973 (000%):	 Total:0.0614490	 Andrev2015_Acc:0.2500000	 Mean_Total:0.0614490
2021-09-11 23:51:47,619 -   594 /  2973 (019%):	 Total:0.1439378	 Andrev2015_Acc:0.2500000	 Mean_Total:0.2144857
2021-09-11 23:52:08,156 -  1188 /  2973 (039%):	 Total:0.0766916	 Andrev2015_Acc:0.4166667	 Mean_Total:8.7816339
2021-09-11 23:52:29,093 -  1782 /  2973 (059%):	 Total:0.0537362	 Andrev2015_Acc:0.3333333	 Mean_Total:5.9029964
2021-09-11 23:52:49,521 -  2376 /  2973 (079%):	 Total:0.1385567	 Andrev2015_Acc:0.0833333	 Mean_Total:7.7209087
2021-09-11 23:53:11,467 -  2970 /  2973 (099%):	 Total:0.0003033	 Andrev2015_Acc:1.0000000	 Mean_Total:6.2061282
2021-09-11 23:53:11,904 - ===============================| start validation |===============================
2021-09-11 23:53:16,692 - 	 Total:19.6592533	 Andrev2015_loss:37.0445711	 Andrev2015_Acc:0.1901882	 muscle_loss:4.8024265	 muscle_Acc:0.1439394	 pc3_loss:1.2115281	 pc3_Acc:0.1796296
2021-09-11 23:53:16,696 -    ini file updated    
2021-09-11 23:53:16,696 - ===============================|    epoch 54   |===============================
2021-09-11 23:53:17,973 -     0 /  2973 (000%):	 Total:0.1336338	 Andrev2015_Acc:0.2500000	 Mean_Total:0.1336338
2021-09-11 23:53:39,047 -   594 /  2973 (019%):	 Total:0.1426377	 Andrev2015_Acc:0.1666667	 Mean_Total:0.1741046
2021-09-11 23:53:59,246 -  1188 /  2973 (039%):	 Total:0.1264725	 Andrev2015_Acc:0.0833333	 Mean_Total:0.1556950
2021-09-11 23:54:20,246 -  1782 /  2973 (059%):	 Total:0.0907379	 Andrev2015_Acc:0.3333333	 Mean_Total:0.3604588
2021-09-11 23:54:41,128 -  2376 /  2973 (079%):	 Total:0.0863456	 Andrev2015_Acc:0.2500000	 Mean_Total:4.4646719
2021-09-11 23:55:02,814 -  2970 /  2973 (099%):	 Total:0.0067466	 Andrev2015_Acc:1.0000000	 Mean_Total:6.1972757
2021-09-11 23:55:03,285 - ===============================| start validation |===============================
2021-09-11 23:55:08,284 - 	 Total:19.6062575	 Andrev2015_loss:36.9837860	 Andrev2015_Acc:0.2123656	 muscle_loss:4.5708856	 muscle_Acc:0.1818182	 pc3_loss:1.1856609	 pc3_Acc:0.1816358
2021-09-11 23:55:08,288 -    ini file updated    
2021-09-11 23:55:08,288 - ===============================|    epoch 55   |===============================
2021-09-11 23:55:09,575 -     0 /  2973 (000%):	 Total:0.1136748	 Andrev2015_Acc:0.4166667	 Mean_Total:0.1136748
2021-09-11 23:55:30,282 -   594 /  2973 (019%):	 Total:0.0741425	 Andrev2015_Acc:0.2500000	 Mean_Total:0.7254827
2021-09-11 23:55:50,505 -  1188 /  2973 (039%):	 Total:0.1122392	 Andrev2015_Acc:0.3333333	 Mean_Total:15.1798965
2021-09-11 23:56:10,958 -  1782 /  2973 (059%):	 Total:0.0868738	 Andrev2015_Acc:0.2500000	 Mean_Total:10.1707021
2021-09-11 23:56:31,128 -  2376 /  2973 (079%):	 Total:0.1044888	 Andrev2015_Acc:0.3333333	 Mean_Total:7.6778367
2021-09-11 23:56:53,084 -  2970 /  2973 (099%):	 Total:0.0595079	 Andrev2015_Acc:0.0000000	 Mean_Total:6.1696548
2021-09-11 23:56:53,493 - ===============================| start validation |===============================
2021-09-11 23:56:58,396 - 	 Total:19.5687426	 Andrev2015_loss:36.9847089	 Andrev2015_Acc:0.2060932	 muscle_loss:4.6497517	 muscle_Acc:0.2196970	 pc3_loss:1.0921601	 pc3_Acc:0.1739198
2021-09-11 23:56:58,399 -    ini file updated    
2021-09-11 23:56:58,400 - ===============================|    epoch 56   |===============================
2021-09-11 23:56:59,665 -     0 /  2973 (000%):	 Total:0.0700469	 Andrev2015_Acc:0.3333333	 Mean_Total:0.0700469
2021-09-11 23:57:19,832 -   594 /  2973 (019%):	 Total:0.1510209	 Andrev2015_Acc:0.0833333	 Mean_Total:0.1306189
2021-09-11 23:57:40,229 -  1188 /  2973 (039%):	 Total:0.1065636	 Andrev2015_Acc:0.0833333	 Mean_Total:8.4009898
2021-09-11 23:58:01,980 -  1782 /  2973 (059%):	 Total:0.0544425	 Andrev2015_Acc:0.1666667	 Mean_Total:5.6582522
2021-09-11 23:58:23,226 -  2376 /  2973 (079%):	 Total:0.0823559	 Andrev2015_Acc:0.3333333	 Mean_Total:7.6757130
2021-09-11 23:58:44,774 -  2970 /  2973 (099%):	 Total:0.2926475	 Andrev2015_Acc:0.0000000	 Mean_Total:6.1734670
2021-09-11 23:58:45,186 - ===============================| start validation |===============================
2021-09-11 23:58:49,962 - 	 Total:19.5628359	 Andrev2015_loss:36.9788239	 Andrev2015_Acc:0.1953405	 muscle_loss:4.6554937	 muscle_Acc:0.1515152	 pc3_loss:1.0850420	 pc3_Acc:0.1646605
2021-09-11 23:58:49,966 -    ini file updated    
2021-09-11 23:58:49,967 - ===============================|    epoch 57   |===============================
2021-09-11 23:58:51,251 -     0 /  2973 (000%):	 Total:0.1251498	 Andrev2015_Acc:0.0833333	 Mean_Total:0.1251498
2021-09-11 23:59:11,507 -   594 /  2973 (019%):	 Total:0.0703518	 Andrev2015_Acc:0.4166667	 Mean_Total:0.7030623
2021-09-11 23:59:31,871 -  1188 /  2973 (039%):	 Total:0.2406308	 Andrev2015_Acc:0.1666667	 Mean_Total:0.4529807
2021-09-11 23:59:52,407 -  1782 /  2973 (059%):	 Total:0.1215060	 Andrev2015_Acc:0.1666667	 Mean_Total:5.8331881
2021-09-12 00:00:13,004 -  2376 /  2973 (079%):	 Total:0.1268912	 Andrev2015_Acc:0.4166667	 Mean_Total:7.6411039
2021-09-12 00:00:35,297 -  2970 /  2973 (099%):	 Total:0.0015241	 Andrev2015_Acc:1.0000000	 Mean_Total:6.1451677
2021-09-12 00:00:35,659 - ===============================| start validation |===============================
2021-09-12 00:00:40,736 - 	 Total:19.6189965	 Andrev2015_loss:37.0195756	 Andrev2015_Acc:0.2128136	 muscle_loss:5.0381291	 muscle_Acc:0.1742424	 pc3_loss:1.1256423	 pc3_Acc:0.1672840
2021-09-12 00:00:40,739 -    ini file updated    
2021-09-12 00:00:40,740 - ===============================|    epoch 58   |===============================
2021-09-12 00:00:42,025 -     0 /  2973 (000%):	 Total:0.0406985	 Andrev2015_Acc:0.4166667	 Mean_Total:0.0406985
2021-09-12 00:01:02,515 -   594 /  2973 (019%):	 Total:0.1405468	 Andrev2015_Acc:0.0833333	 Mean_Total:0.7472084
2021-09-12 00:01:22,933 -  1188 /  2973 (039%):	 Total:0.1019122	 Andrev2015_Acc:0.3333333	 Mean_Total:0.4364026
2021-09-12 00:01:44,413 -  1782 /  2973 (059%):	 Total:0.0587026	 Andrev2015_Acc:0.4166667	 Mean_Total:0.3386248
2021-09-12 00:02:04,961 -  2376 /  2973 (079%):	 Total:0.1590316	 Andrev2015_Acc:0.1666667	 Mean_Total:3.5069057
2021-09-12 00:02:26,927 -  2970 /  2973 (099%):	 Total:0.2488177	 Andrev2015_Acc:0.0000000	 Mean_Total:6.1129589
2021-09-12 00:02:27,329 - ===============================| start validation |===============================
2021-09-12 00:02:32,264 - 	 Total:19.6795471	 Andrev2015_loss:37.1403496	 Andrev2015_Acc:0.2114695	 muscle_loss:4.7756161	 muscle_Acc:0.1439394	 pc3_loss:1.1499520	 pc3_Acc:0.1481481
2021-09-12 00:02:32,272 -    ini file updated    
2021-09-12 00:02:32,272 - ===============================|    epoch 59   |===============================
2021-09-12 00:02:33,673 -     0 /  2973 (000%):	 Total:0.0784265	 Andrev2015_Acc:0.2500000	 Mean_Total:0.0784265
2021-09-12 00:02:53,874 -   594 /  2973 (019%):	 Total:0.0462676	 Andrev2015_Acc:0.5833333	 Mean_Total:12.9603277
2021-09-12 00:03:14,149 -  1188 /  2973 (039%):	 Total:0.0529640	 Andrev2015_Acc:0.2500000	 Mean_Total:6.5792291
2021-09-12 00:03:34,845 -  1782 /  2973 (059%):	 Total:0.0638285	 Andrev2015_Acc:0.5833333	 Mean_Total:4.4407236
2021-09-12 00:03:55,222 -  2376 /  2973 (079%):	 Total:0.0940431	 Andrev2015_Acc:0.3333333	 Mean_Total:3.3620977
2021-09-12 00:04:17,563 -  2970 /  2973 (099%):	 Total:0.4509634	 Andrev2015_Acc:0.0000000	 Mean_Total:6.1055405
2021-09-12 00:04:18,009 - ===============================| start validation |===============================
2021-09-12 00:04:23,315 - 	 Total:19.5959993	 Andrev2015_loss:36.9931773	 Andrev2015_Acc:0.2155018	 muscle_loss:4.8248479	 muscle_Acc:0.2575758	 pc3_loss:1.1259306	 pc3_Acc:0.1859568
2021-09-12 00:04:23,318 -    ini file updated    
2021-09-12 00:04:23,318 - ===============================|    epoch 60   |===============================
2021-09-12 00:04:24,546 -     0 /  2973 (000%):	 Total:0.1178186	 Andrev2015_Acc:0.3333333	 Mean_Total:0.1178186
2021-09-12 00:04:44,903 -   594 /  2973 (019%):	 Total:0.1223852	 Andrev2015_Acc:0.4166667	 Mean_Total:16.5888614
2021-09-12 00:05:05,205 -  1188 /  2973 (039%):	 Total:0.1688727	 Andrev2015_Acc:0.2500000	 Mean_Total:14.7660482
2021-09-12 00:05:26,190 -  1782 /  2973 (059%):	 Total:0.1295310	 Andrev2015_Acc:0.2500000	 Mean_Total:9.8998328
2021-09-12 00:05:46,767 -  2376 /  2973 (079%):	 Total:0.1580404	 Andrev2015_Acc:0.4166667	 Mean_Total:7.6054638
2021-09-12 00:06:08,582 -  2970 /  2973 (099%):	 Total:0.0110713	 Andrev2015_Acc:0.0000000	 Mean_Total:6.1087222
2021-09-12 00:06:09,080 - ===============================| start validation |===============================
2021-09-12 00:06:13,992 - 	 Total:19.5443228	 Andrev2015_loss:36.9426584	 Andrev2015_Acc:0.2365591	 muscle_loss:4.5563383	 muscle_Acc:0.1742424	 pc3_loss:1.0950100	 pc3_Acc:0.1873457
2021-09-12 00:06:13,995 -    ini file updated    
2021-09-12 00:06:13,995 - ===============================|    epoch 61   |===============================
2021-09-12 00:06:15,233 -     0 /  2973 (000%):	 Total:0.0704786	 Andrev2015_Acc:0.1666667	 Mean_Total:0.0704786
2021-09-12 00:06:35,412 -   594 /  2973 (019%):	 Total:0.1136472	 Andrev2015_Acc:0.3333333	 Mean_Total:17.0289233
2021-09-12 00:06:55,280 -  1188 /  2973 (039%):	 Total:0.0753151	 Andrev2015_Acc:0.4166667	 Mean_Total:14.9782376
2021-09-12 00:07:16,081 -  1782 /  2973 (059%):	 Total:0.0529449	 Andrev2015_Acc:0.2500000	 Mean_Total:10.0285102
2021-09-12 00:07:36,359 -  2376 /  2973 (079%):	 Total:0.2929403	 Andrev2015_Acc:0.0833333	 Mean_Total:7.5552494
2021-09-12 00:07:57,668 -  2970 /  2973 (099%):	 Total:0.0057465	 Andrev2015_Acc:1.0000000	 Mean_Total:6.0694900
2021-09-12 00:07:58,025 - ===============================| start validation |===============================
2021-09-12 00:08:03,062 - 	 Total:19.9173857	 Andrev2015_loss:37.0493454	 Andrev2015_Acc:0.2271505	 muscle_loss:11.1738685	 muscle_Acc:0.1742424	 pc3_loss:1.1379014	 pc3_Acc:0.1805556
2021-09-12 00:08:03,065 -    ini file updated    
2021-09-12 00:08:03,065 - ===============================|    epoch 62   |===============================
2021-09-12 00:08:04,605 -     0 /  2973 (000%):	 Total:0.0480446	 Andrev2015_Acc:0.2500000	 Mean_Total:0.0480446
2021-09-12 00:08:25,018 -   594 /  2973 (019%):	 Total:0.3077263	 Andrev2015_Acc:0.3333333	 Mean_Total:0.1185088
2021-09-12 00:08:45,219 -  1188 /  2973 (039%):	 Total:0.0484273	 Andrev2015_Acc:0.4166667	 Mean_Total:0.3936390
2021-09-12 00:09:06,241 -  1782 /  2973 (059%):	 Total:0.1367827	 Andrev2015_Acc:0.1666667	 Mean_Total:4.5914926
2021-09-12 00:09:26,864 -  2376 /  2973 (079%):	 Total:0.1356689	 Andrev2015_Acc:0.2500000	 Mean_Total:7.5534935
2021-09-12 00:09:48,689 -  2970 /  2973 (099%):	 Total:0.0065747	 Andrev2015_Acc:1.0000000	 Mean_Total:6.0703091
2021-09-12 00:09:49,100 - ===============================| start validation |===============================
2021-09-12 00:09:54,011 - 	 Total:19.6455650	 Andrev2015_loss:37.0914085	 Andrev2015_Acc:0.2146057	 muscle_loss:4.6421330	 muscle_Acc:0.1818182	 pc3_loss:1.1432795	 pc3_Acc:0.1944444
2021-09-12 00:09:54,014 -    ini file updated    
2021-09-12 00:09:54,015 - ===============================|    epoch 63   |===============================
2021-09-12 00:09:55,273 -     0 /  2973 (000%):	 Total:0.0533050	 Andrev2015_Acc:0.2500000	 Mean_Total:0.0533050
2021-09-12 00:10:15,473 -   594 /  2973 (019%):	 Total:0.0280377	 Andrev2015_Acc:0.4166667	 Mean_Total:0.1710158
2021-09-12 00:10:35,745 -  1188 /  2973 (039%):	 Total:0.1631449	 Andrev2015_Acc:0.0000000	 Mean_Total:0.4179384
2021-09-12 00:10:56,850 -  1782 /  2973 (059%):	 Total:0.1436132	 Andrev2015_Acc:0.2500000	 Mean_Total:5.7380711
2021-09-12 00:11:17,806 -  2376 /  2973 (079%):	 Total:0.0382164	 Andrev2015_Acc:0.3333333	 Mean_Total:4.3361316
2021-09-12 00:11:39,466 -  2970 /  2973 (099%):	 Total:0.1413748	 Andrev2015_Acc:0.0000000	 Mean_Total:6.0410718
2021-09-12 00:11:39,859 - ===============================| start validation |===============================
2021-09-12 00:11:45,288 - 	 Total:19.6289464	 Andrev2015_loss:36.9811341	 Andrev2015_Acc:0.2137097	 muscle_loss:5.1395059	 muscle_Acc:0.1969697	 pc3_loss:1.1818405	 pc3_Acc:0.1692901
2021-09-12 00:11:45,291 -    ini file updated    
2021-09-12 00:11:45,291 - ===============================|    epoch 64   |===============================
2021-09-12 00:11:46,519 -     0 /  2973 (000%):	 Total:0.0800101	 Andrev2015_Acc:0.3333333	 Mean_Total:0.0800101
2021-09-12 00:12:06,799 -   594 /  2973 (019%):	 Total:0.0795734	 Andrev2015_Acc:0.5833333	 Mean_Total:0.1120912
2021-09-12 00:12:27,210 -  1188 /  2973 (039%):	 Total:0.0645629	 Andrev2015_Acc:0.4166667	 Mean_Total:0.1445824
2021-09-12 00:12:47,719 -  1782 /  2973 (059%):	 Total:0.0743926	 Andrev2015_Acc:0.2500000	 Mean_Total:0.1362878
2021-09-12 00:13:08,243 -  2376 /  2973 (079%):	 Total:0.0982236	 Andrev2015_Acc:0.2500000	 Mean_Total:4.3331559
2021-09-12 00:13:29,607 -  2970 /  2973 (099%):	 Total:0.3788709	 Andrev2015_Acc:0.0000000	 Mean_Total:6.0314229
2021-09-12 00:13:30,113 - ===============================| start validation |===============================
2021-09-12 00:13:35,027 - 	 Total:19.5761446	 Andrev2015_loss:36.9748656	 Andrev2015_Acc:0.2063172	 muscle_loss:4.5457052	 muscle_Acc:0.1363636	 pc3_loss:1.1307134	 pc3_Acc:0.1785494
2021-09-12 00:13:35,031 -    ini file updated    
2021-09-12 00:13:35,031 - ===============================|    epoch 65   |===============================
2021-09-12 00:13:36,337 -     0 /  2973 (000%):	 Total:0.0624131	 Andrev2015_Acc:0.3333333	 Mean_Total:0.0624131
2021-09-12 00:13:56,505 -   594 /  2973 (019%):	 Total:0.1386541	 Andrev2015_Acc:0.3333333	 Mean_Total:0.1380147
2021-09-12 00:14:17,491 -  1188 /  2973 (039%):	 Total:0.0774593	 Andrev2015_Acc:0.4166667	 Mean_Total:0.3978865
2021-09-12 00:14:38,204 -  1782 /  2973 (059%):	 Total:0.1953469	 Andrev2015_Acc:0.2500000	 Mean_Total:4.5315487
2021-09-12 00:14:58,557 -  2376 /  2973 (079%):	 Total:0.0771838	 Andrev2015_Acc:0.2500000	 Mean_Total:7.4854056
2021-09-12 00:15:19,794 -  2970 /  2973 (099%):	 Total:0.0621749	 Andrev2015_Acc:0.0000000	 Mean_Total:6.0139977
2021-09-12 00:15:20,232 - ===============================| start validation |===============================
2021-09-12 00:15:25,027 - 	 Total:19.5950705	 Andrev2015_loss:37.0088269	 Andrev2015_Acc:0.2199821	 muscle_loss:4.6659440	 muscle_Acc:0.1742424	 pc3_loss:1.1220576	 pc3_Acc:0.1819444
2021-09-12 00:15:25,031 -    ini file updated    
2021-09-12 00:15:25,031 - ===============================|    epoch 66   |===============================
2021-09-12 00:15:26,333 -     0 /  2973 (000%):	 Total:0.1102835	 Andrev2015_Acc:0.3333333	 Mean_Total:0.1102835
2021-09-12 00:15:47,027 -   594 /  2973 (019%):	 Total:0.0737863	 Andrev2015_Acc:0.1666667	 Mean_Total:0.6737093
2021-09-12 00:16:07,926 -  1188 /  2973 (039%):	 Total:0.1331592	 Andrev2015_Acc:0.0000000	 Mean_Total:8.4776664
2021-09-12 00:16:28,809 -  1782 /  2973 (059%):	 Total:0.1368980	 Andrev2015_Acc:0.0833333	 Mean_Total:5.7048573
2021-09-12 00:16:49,416 -  2376 /  2973 (079%):	 Total:0.0640081	 Andrev2015_Acc:0.3333333	 Mean_Total:4.3104833
2021-09-12 00:17:11,091 -  2970 /  2973 (099%):	 Total:2.2940574	 Andrev2015_Acc:0.0000000	 Mean_Total:6.0055917
2021-09-12 00:17:11,465 - ===============================| start validation |===============================
2021-09-12 00:17:16,518 - 	 Total:19.5880011	 Andrev2015_loss:37.0262861	 Andrev2015_Acc:0.2094534	 muscle_loss:4.7272310	 muscle_Acc:0.1893939	 pc3_loss:1.0798633	 pc3_Acc:0.1427469
2021-09-12 00:17:16,523 -    ini file updated    
2021-09-12 00:17:16,524 - ===============================|    epoch 67   |===============================
2021-09-12 00:17:17,576 -     0 /  2973 (000%):	 Total:0.0928757	 Andrev2015_Acc:0.5000000	 Mean_Total:0.0928757
2021-09-12 00:17:38,586 -   594 /  2973 (019%):	 Total:0.0785369	 Andrev2015_Acc:0.3333333	 Mean_Total:0.1316660
2021-09-12 00:17:59,485 -  1188 /  2973 (039%):	 Total:0.0225269	 Andrev2015_Acc:0.2500000	 Mean_Total:8.1860609
2021-09-12 00:18:20,560 -  1782 /  2973 (059%):	 Total:0.3243004	 Andrev2015_Acc:0.2500000	 Mean_Total:9.7011100
2021-09-12 00:18:41,114 -  2376 /  2973 (079%):	 Total:0.0468253	 Andrev2015_Acc:0.1666667	 Mean_Total:7.4423281
2021-09-12 00:19:02,662 -  2970 /  2973 (099%):	 Total:0.4779648	 Andrev2015_Acc:0.0000000	 Mean_Total:5.9822311
2021-09-12 00:19:03,132 - ===============================| start validation |===============================
2021-09-12 00:19:08,063 - 	 Total:19.6362242	 Andrev2015_loss:37.0866625	 Andrev2015_Acc:0.2081093	 muscle_loss:4.6220285	 muscle_Acc:0.1742424	 pc3_loss:1.1297593	 pc3_Acc:0.1646605
2021-09-12 00:19:08,066 -    ini file updated    
2021-09-12 00:19:08,066 - ===============================|    epoch 68   |===============================
2021-09-12 00:19:09,329 -     0 /  2973 (000%):	 Total:0.0712890	 Andrev2015_Acc:0.0833333	 Mean_Total:0.0712890
2021-09-12 00:19:29,542 -   594 /  2973 (019%):	 Total:0.0930477	 Andrev2015_Acc:0.2500000	 Mean_Total:0.1286793
2021-09-12 00:19:49,025 -  1188 /  2973 (039%):	 Total:0.1126074	 Andrev2015_Acc:0.3333333	 Mean_Total:0.3892722
2021-09-12 00:20:09,622 -  1782 /  2973 (059%):	 Total:0.2888785	 Andrev2015_Acc:0.4166667	 Mean_Total:0.3044319
2021-09-12 00:20:30,148 -  2376 /  2973 (079%):	 Total:0.0478658	 Andrev2015_Acc:0.4166667	 Mean_Total:0.2625422
2021-09-12 00:20:50,942 -  2970 /  2973 (099%):	 Total:0.0120118	 Andrev2015_Acc:0.0000000	 Mean_Total:5.9665823
2021-09-12 00:20:51,347 - ===============================| start validation |===============================
2021-09-12 00:20:56,325 - 	 Total:19.5857972	 Andrev2015_loss:37.0577242	 Andrev2015_Acc:0.2022849	 muscle_loss:4.5840584	 muscle_Acc:0.2500000	 pc3_loss:1.0533916	 pc3_Acc:0.1734568
2021-09-12 00:20:56,330 -    ini file updated    
2021-09-12 00:20:56,330 - ===============================|    epoch 69   |===============================
2021-09-12 00:20:57,683 -     0 /  2973 (000%):	 Total:0.2030314	 Andrev2015_Acc:0.2500000	 Mean_Total:0.2030314
2021-09-12 00:21:16,906 -   594 /  2973 (019%):	 Total:0.0830917	 Andrev2015_Acc:0.2500000	 Mean_Total:0.1190833
2021-09-12 00:21:36,862 -  1188 /  2973 (039%):	 Total:0.0629971	 Andrev2015_Acc:0.0833333	 Mean_Total:8.1461118
2021-09-12 00:21:57,821 -  1782 /  2973 (059%):	 Total:0.0539795	 Andrev2015_Acc:0.2500000	 Mean_Total:5.4811966
2021-09-12 00:22:17,914 -  2376 /  2973 (079%):	 Total:0.0745162	 Andrev2015_Acc:0.5000000	 Mean_Total:4.2732189
2021-09-12 00:22:39,213 -  2970 /  2973 (099%):	 Total:0.1256584	 Andrev2015_Acc:0.0000000	 Mean_Total:5.9597779
2021-09-12 00:22:39,637 - ===============================| start validation |===============================
2021-09-12 00:22:44,520 - 	 Total:19.6440391	 Andrev2015_loss:37.1272368	 Andrev2015_Acc:0.2204301	 muscle_loss:4.5972868	 muscle_Acc:0.1818182	 pc3_loss:1.1032775	 pc3_Acc:0.1881173
2021-09-12 00:22:44,523 -    ini file updated    
2021-09-12 00:22:44,523 - ===============================|    epoch 70   |===============================
2021-09-12 00:22:45,925 -     0 /  2973 (000%):	 Total:0.1314064	 Andrev2015_Acc:0.1666667	 Mean_Total:0.1314064
2021-09-12 00:23:05,663 -   594 /  2973 (019%):	 Total:0.0513727	 Andrev2015_Acc:0.3333333	 Mean_Total:0.1447009
2021-09-12 00:23:25,967 -  1188 /  2973 (039%):	 Total:0.1757765	 Andrev2015_Acc:0.2500000	 Mean_Total:8.1733829
2021-09-12 00:23:46,857 -  1782 /  2973 (059%):	 Total:0.0501880	 Andrev2015_Acc:0.4166667	 Mean_Total:9.6610551
2021-09-12 00:24:06,875 -  2376 /  2973 (079%):	 Total:0.0844470	 Andrev2015_Acc:0.1666667	 Mean_Total:7.2756349
2021-09-12 00:24:28,104 -  2970 /  2973 (099%):	 Total:0.5544760	 Andrev2015_Acc:0.0000000	 Mean_Total:5.9444540
2021-09-12 00:24:28,460 - ===============================| start validation |===============================
2021-09-12 00:24:33,285 - 	 Total:19.6629457	 Andrev2015_loss:37.1065721	 Andrev2015_Acc:0.2175179	 muscle_loss:4.6805360	 muscle_Acc:0.1666667	 pc3_loss:1.1610645	 pc3_Acc:0.1703704
2021-09-12 00:24:33,289 -    ini file updated    
2021-09-12 00:24:33,289 - ===============================|    epoch 71   |===============================
2021-09-12 00:24:34,484 -     0 /  2973 (000%):	 Total:0.1053097	 Andrev2015_Acc:0.1666667	 Mean_Total:0.1053097
2021-09-12 00:24:54,490 -   594 /  2973 (019%):	 Total:0.1748910	 Andrev2015_Acc:0.1666667	 Mean_Total:0.1370277
2021-09-12 00:25:15,697 -  1188 /  2973 (039%):	 Total:0.0701916	 Andrev2015_Acc:0.3333333	 Mean_Total:6.3742516
2021-09-12 00:25:36,428 -  1782 /  2973 (059%):	 Total:0.0376983	 Andrev2015_Acc:0.2500000	 Mean_Total:9.7836257
2021-09-12 00:25:56,994 -  2376 /  2973 (079%):	 Total:2.1088891	 Andrev2015_Acc:0.0833333	 Mean_Total:7.3720595
2021-09-12 00:26:18,437 -  2970 /  2973 (099%):	 Total:0.0438698	 Andrev2015_Acc:0.0000000	 Mean_Total:5.9266057
2021-09-12 00:26:18,831 - ===============================| start validation |===============================
2021-09-12 00:26:23,765 - 	 Total:19.6852982	 Andrev2015_loss:37.1555698	 Andrev2015_Acc:0.2197581	 muscle_loss:4.6761750	 muscle_Acc:0.1666667	 pc3_loss:1.1555451	 pc3_Acc:0.1611111
2021-09-12 00:26:23,770 -    ini file updated    
2021-09-12 00:26:23,770 - ===============================|    epoch 72   |===============================
2021-09-12 00:26:24,983 -     0 /  2973 (000%):	 Total:0.0687982	 Andrev2015_Acc:0.0833333	 Mean_Total:0.0687982
2021-09-12 00:26:45,389 -   594 /  2973 (019%):	 Total:0.1026675	 Andrev2015_Acc:0.0833333	 Mean_Total:16.1059821
2021-09-12 00:27:05,617 -  1188 /  2973 (039%):	 Total:0.0512928	 Andrev2015_Acc:0.2500000	 Mean_Total:8.1146432
2021-09-12 00:27:26,570 -  1782 /  2973 (059%):	 Total:0.4509852	 Andrev2015_Acc:0.2500000	 Mean_Total:5.4490695
2021-09-12 00:27:47,242 -  2376 /  2973 (079%):	 Total:0.1314106	 Andrev2015_Acc:0.2500000	 Mean_Total:4.2458918
2021-09-12 00:28:08,728 -  2970 /  2973 (099%):	 Total:0.0029861	 Andrev2015_Acc:1.0000000	 Mean_Total:5.9145328
2021-09-12 00:28:09,215 - ===============================| start validation |===============================
2021-09-12 00:28:14,335 - 	 Total:19.9474904	 Andrev2015_loss:37.0053432	 Andrev2015_Acc:0.2193100	 muscle_loss:12.5906533	 muscle_Acc:0.1893939	 pc3_loss:1.1118557	 pc3_Acc:0.1469136
2021-09-12 00:28:14,338 -    ini file updated    
2021-09-12 00:28:14,338 - ===============================|    epoch 73   |===============================
2021-09-12 00:28:15,727 -     0 /  2973 (000%):	 Total:0.0433545	 Andrev2015_Acc:0.2500000	 Mean_Total:0.0433545
2021-09-12 00:28:36,006 -   594 /  2973 (019%):	 Total:0.0297416	 Andrev2015_Acc:0.3333333	 Mean_Total:0.1182112
2021-09-12 00:28:55,949 -  1188 /  2973 (039%):	 Total:0.0750388	 Andrev2015_Acc:0.0000000	 Mean_Total:8.3182024
2021-09-12 00:29:16,497 -  1782 /  2973 (059%):	 Total:0.0548200	 Andrev2015_Acc:0.2500000	 Mean_Total:9.7344970
2021-09-12 00:29:36,654 -  2376 /  2973 (079%):	 Total:0.0302157	 Andrev2015_Acc:0.3333333	 Mean_Total:7.3301028
2021-09-12 00:29:57,855 -  2970 /  2973 (099%):	 Total:0.0750091	 Andrev2015_Acc:0.0000000	 Mean_Total:5.8923002
2021-09-12 00:29:58,280 - ===============================| start validation |===============================
2021-09-12 00:30:03,274 - 	 Total:19.6822798	 Andrev2015_loss:37.1070108	 Andrev2015_Acc:0.2139337	 muscle_loss:4.8708457	 muscle_Acc:0.1287879	 pc3_loss:1.1846790	 pc3_Acc:0.1692901
2021-09-12 00:30:03,278 -    ini file updated    
2021-09-12 00:30:03,279 - ===============================|    epoch 74   |===============================
2021-09-12 00:30:04,511 -     0 /  2973 (000%):	 Total:0.0855067	 Andrev2015_Acc:0.1666667	 Mean_Total:0.0855067
2021-09-12 00:30:24,893 -   594 /  2973 (019%):	 Total:0.1047741	 Andrev2015_Acc:0.3333333	 Mean_Total:0.1108512
2021-09-12 00:30:45,483 -  1188 /  2973 (039%):	 Total:0.1298815	 Andrev2015_Acc:0.1666667	 Mean_Total:8.3161447
2021-09-12 00:31:06,122 -  1782 /  2973 (059%):	 Total:0.2074411	 Andrev2015_Acc:0.3333333	 Mean_Total:9.7114583
2021-09-12 00:31:26,982 -  2376 /  2973 (079%):	 Total:0.1174776	 Andrev2015_Acc:0.3333333	 Mean_Total:7.3166531
2021-09-12 00:31:48,451 -  2970 /  2973 (099%):	 Total:0.0856905	 Andrev2015_Acc:0.0000000	 Mean_Total:5.8748558
2021-09-12 00:31:48,844 - ===============================| start validation |===============================
2021-09-12 00:31:53,800 - 	 Total:19.6744097	 Andrev2015_loss:37.1196358	 Andrev2015_Acc:0.2072133	 muscle_loss:4.5745424	 muscle_Acc:0.1363636	 pc3_loss:1.1826551	 pc3_Acc:0.1705247
2021-09-12 00:31:53,805 -    ini file updated    
2021-09-12 00:31:53,806 - ===============================|    epoch 75   |===============================
2021-09-12 00:31:55,110 -     0 /  2973 (000%):	 Total:0.1297087	 Andrev2015_Acc:0.2500000	 Mean_Total:0.1297087
2021-09-12 00:32:15,209 -   594 /  2973 (019%):	 Total:0.0885922	 Andrev2015_Acc:0.0833333	 Mean_Total:12.4936750
2021-09-12 00:32:35,011 -  1188 /  2973 (039%):	 Total:0.0734938	 Andrev2015_Acc:0.2500000	 Mean_Total:14.2293203
2021-09-12 00:32:56,039 -  1782 /  2973 (059%):	 Total:0.1049282	 Andrev2015_Acc:0.3333333	 Mean_Total:9.5274876
2021-09-12 00:33:16,655 -  2376 /  2973 (079%):	 Total:0.1566406	 Andrev2015_Acc:0.2500000	 Mean_Total:7.2951817
2021-09-12 00:33:37,927 -  2970 /  2973 (099%):	 Total:0.0135842	 Andrev2015_Acc:0.0000000	 Mean_Total:5.8635874
2021-09-12 00:33:38,342 - ===============================| start validation |===============================
2021-09-12 00:33:43,225 - 	 Total:19.6720237	 Andrev2015_loss:37.1315938	 Andrev2015_Acc:0.2318548	 muscle_loss:4.7071028	 muscle_Acc:0.2803030	 pc3_loss:1.1500555	 pc3_Acc:0.2089506
2021-09-12 00:33:43,229 -    ini file updated    
2021-09-12 00:33:43,229 - ===============================|    epoch 76   |===============================
2021-09-12 00:33:44,558 -     0 /  2973 (000%):	 Total:0.1451203	 Andrev2015_Acc:0.1666667	 Mean_Total:0.1451203
2021-09-12 00:34:04,397 -   594 /  2973 (019%):	 Total:0.0536223	 Andrev2015_Acc:0.4166667	 Mean_Total:15.9229008
2021-09-12 00:34:23,979 -  1188 /  2973 (039%):	 Total:0.0656837	 Andrev2015_Acc:0.4166667	 Mean_Total:8.0396861
2021-09-12 00:34:44,728 -  1782 /  2973 (059%):	 Total:0.1268727	 Andrev2015_Acc:0.2500000	 Mean_Total:5.4024115
2021-09-12 00:35:05,105 -  2376 /  2973 (079%):	 Total:0.1414815	 Andrev2015_Acc:0.4166667	 Mean_Total:4.1981236
2021-09-12 00:35:26,529 -  2970 /  2973 (099%):	 Total:0.1831618	 Andrev2015_Acc:0.0000000	 Mean_Total:5.8501902
2021-09-12 00:35:26,928 - ===============================| start validation |===============================
2021-09-12 00:35:31,937 - 	 Total:19.6079052	 Andrev2015_loss:37.0130959	 Andrev2015_Acc:0.2361111	 muscle_loss:4.5368611	 muscle_Acc:0.2500000	 pc3_loss:1.1591816	 pc3_Acc:0.2044753
2021-09-12 00:35:31,944 -    ini file updated    
2021-09-12 00:35:31,944 - ===============================|    epoch 77   |===============================
2021-09-12 00:35:33,053 -     0 /  2973 (000%):	 Total:0.0225889	 Andrev2015_Acc:0.5000000	 Mean_Total:0.0225889
2021-09-12 00:35:52,763 -   594 /  2973 (019%):	 Total:0.0347530	 Andrev2015_Acc:0.2500000	 Mean_Total:12.4214960
2021-09-12 00:36:12,838 -  1188 /  2973 (039%):	 Total:0.0811887	 Andrev2015_Acc:0.1666667	 Mean_Total:6.5080107
2021-09-12 00:36:33,650 -  1782 /  2973 (059%):	 Total:0.0302602	 Andrev2015_Acc:0.5000000	 Mean_Total:9.6420454
2021-09-12 00:36:53,790 -  2376 /  2973 (079%):	 Total:0.1310404	 Andrev2015_Acc:0.3333333	 Mean_Total:7.2602467
2021-09-12 00:37:14,821 -  2970 /  2973 (099%):	 Total:0.0223919	 Andrev2015_Acc:0.0000000	 Mean_Total:5.8276916
2021-09-12 00:37:15,233 - ===============================| start validation |===============================
2021-09-12 00:37:20,004 - 	 Total:19.6141225	 Andrev2015_loss:37.0358958	 Andrev2015_Acc:0.2114695	 muscle_loss:4.8331879	 muscle_Acc:0.1818182	 pc3_loss:1.1168113	 pc3_Acc:0.1708333
2021-09-12 00:37:20,008 -    ini file updated    
2021-09-12 00:37:20,008 - ===============================|    epoch 78   |===============================
2021-09-12 00:37:21,275 -     0 /  2973 (000%):	 Total:0.0559118	 Andrev2015_Acc:0.2500000	 Mean_Total:0.0559118
2021-09-12 00:37:41,585 -   594 /  2973 (019%):	 Total:0.0474630	 Andrev2015_Acc:0.3333333	 Mean_Total:0.1063020
2021-09-12 00:38:01,615 -  1188 /  2973 (039%):	 Total:0.0581648	 Andrev2015_Acc:0.2500000	 Mean_Total:0.1079039
2021-09-12 00:38:22,269 -  1782 /  2973 (059%):	 Total:0.0766327	 Andrev2015_Acc:0.5000000	 Mean_Total:0.1099007
2021-09-12 00:38:42,775 -  2376 /  2973 (079%):	 Total:0.1837655	 Andrev2015_Acc:0.2500000	 Mean_Total:4.0640924
2021-09-12 00:39:04,797 -  2970 /  2973 (099%):	 Total:0.2394038	 Andrev2015_Acc:0.0000000	 Mean_Total:5.8248516
2021-09-12 00:39:05,204 - ===============================| start validation |===============================
2021-09-12 00:39:10,127 - 	 Total:19.5898907	 Andrev2015_loss:37.0191562	 Andrev2015_Acc:0.2302867	 muscle_loss:4.8669953	 muscle_Acc:0.1666667	 pc3_loss:1.0780661	 pc3_Acc:0.1742284
2021-09-12 00:39:10,132 -    ini file updated    
2021-09-12 00:39:10,133 - ===============================|    epoch 79   |===============================
2021-09-12 00:39:11,414 -     0 /  2973 (000%):	 Total:0.1359029	 Andrev2015_Acc:0.1666667	 Mean_Total:0.1359029
2021-09-12 00:39:31,999 -   594 /  2973 (019%):	 Total:0.0468426	 Andrev2015_Acc:0.3333333	 Mean_Total:0.1107232
2021-09-12 00:39:52,677 -  1188 /  2973 (039%):	 Total:0.0889877	 Andrev2015_Acc:0.1666667	 Mean_Total:0.3309629
2021-09-12 00:40:14,092 -  1782 /  2973 (059%):	 Total:0.0452865	 Andrev2015_Acc:0.2500000	 Mean_Total:0.2635352
2021-09-12 00:40:34,941 -  2376 /  2973 (079%):	 Total:0.0341841	 Andrev2015_Acc:0.2500000	 Mean_Total:7.2197564
2021-09-12 00:40:56,390 -  2970 /  2973 (099%):	 Total:2.5204892	 Andrev2015_Acc:0.0000000	 Mean_Total:5.8053011
2021-09-12 00:40:56,777 - ===============================| start validation |===============================
2021-09-12 00:41:01,741 - 	 Total:19.7759456	 Andrev2015_loss:37.0086146	 Andrev2015_Acc:0.2396953	 muscle_loss:8.1582606	 muscle_Acc:0.1818182	 pc3_loss:1.1735713	 pc3_Acc:0.1773148
2021-09-12 00:41:01,744 -    ini file updated    
2021-09-12 00:41:01,744 - ===============================|    epoch 80   |===============================
2021-09-12 00:41:02,862 -     0 /  2973 (000%):	 Total:0.0607681	 Andrev2015_Acc:0.5833333	 Mean_Total:0.0607681
2021-09-12 00:41:23,307 -   594 /  2973 (019%):	 Total:0.0806736	 Andrev2015_Acc:0.2500000	 Mean_Total:15.7931653
2021-09-12 00:41:43,509 -  1188 /  2973 (039%):	 Total:0.1629060	 Andrev2015_Acc:0.1666667	 Mean_Total:7.9592983
