2022-03-18 16:16:01,195 -   	 	 ==============<<< device used: cuda:1  >>>============== 	 	 
2022-03-18 16:16:01,342 -  	 	 ==============<<< encoder load from >>>============== 	 	 
2022-03-18 16:16:01,343 -  	/data/users/wergillius/UTR_VAE/pth/RL_6_data_MTL/1M2C/Human_no_M-model_best.pth
2022-03-18 16:16:06,138 -  	 	 ==============<<< ['soft_share'] part is fixed>>>============== 	 	 

2022-03-18 16:16:06,139 - ===============================|    epoch 0   |===============================
2022-03-18 16:16:14,325 -     0 /    98 (000%):	 Total:6.3426647	 Acc:0.0000000	 lr:0.0009882	 Mean_Total:6.3426647
2022-03-18 16:16:14,853 -    19 /    98 (019%):	 Total:0.0974553	 Acc:0.5312500	 lr:0.0197642	 Mean_Total:1.1440504
2022-03-18 16:16:15,226 -    38 /    98 (038%):	 Total:0.0712808	 Acc:0.4062500	 lr:0.0141535	 Mean_Total:0.6352835
2022-03-18 16:16:15,592 -    57 /    98 (058%):	 Total:0.0700859	 Acc:0.5312500	 lr:0.0116060	 Mean_Total:0.4551627
2022-03-18 16:16:15,946 -    76 /    98 (077%):	 Total:0.0749668	 Acc:0.4375000	 lr:0.0100728	 Mean_Total:0.3599209
2022-03-18 16:16:16,261 -    95 /    98 (096%):	 Total:0.0933190	 Acc:0.3750000	 lr:0.0090211	 Mean_Total:0.3016669
2022-03-18 16:16:17,101 - ===============================| start validation |===============================
2022-03-18 16:16:18,976 - 	 Total:0.0623983	 Acc:0.5992445
2022-03-18 16:16:18,987 -    ini file updated    
2022-03-18 16:16:19,019 - Snapshot saved to /data/users/wergillius/UTR_VAE/pth/RL_gru_MTL/new_JF/MDL-model_best_cv0.pth

2022-03-18 16:16:19,021 -    ini file updated    
2022-03-18 16:16:19,021 - ===============================|    epoch 1   |===============================
2022-03-18 16:16:19,751 -     0 /    98 (000%):	 Total:0.0493987	 Acc:0.6875000	 lr:0.0088834	 Mean_Total:0.0493987
2022-03-18 16:16:20,259 -    19 /    98 (019%):	 Total:0.0568964	 Acc:0.5312500	 lr:0.0081368	 Mean_Total:0.0717915
2022-03-18 16:16:20,598 -    38 /    98 (038%):	 Total:0.0663138	 Acc:0.5625000	 lr:0.0075515	 Mean_Total:0.0711935
2022-03-18 16:16:21,002 -    57 /    98 (058%):	 Total:0.0758303	 Acc:0.4062500	 lr:0.0070767	 Mean_Total:0.0731091
2022-03-18 16:16:21,306 -    76 /    98 (077%):	 Total:0.1005588	 Acc:0.3437500	 lr:0.0066815	 Mean_Total:0.0720445
2022-03-18 16:16:21,566 -    95 /    98 (096%):	 Total:0.0750862	 Acc:0.6250000	 lr:0.0063459	 Mean_Total:0.0722410
2022-03-18 16:16:22,439 - ===============================| start validation |===============================
2022-03-18 16:16:24,380 - 	 Total:0.0624095	 Acc:0.5834478
2022-03-18 16:16:24,387 -    ini file updated    
2022-03-18 16:16:24,387 - ===============================|    epoch 2   |===============================
2022-03-18 16:16:25,097 -     0 /    98 (000%):	 Total:0.0733428	 Acc:0.4375000	 lr:0.0062974	 Mean_Total:0.0733428
2022-03-18 16:16:25,650 -    19 /    98 (019%):	 Total:0.0887772	 Acc:0.4687500	 lr:0.0060141	 Mean_Total:0.0692658
2022-03-18 16:16:26,031 -    38 /    98 (038%):	 Total:0.0646171	 Acc:0.4687500	 lr:0.0057658	 Mean_Total:0.0696110
2022-03-18 16:16:26,274 -    57 /    98 (058%):	 Total:0.0856442	 Acc:0.4375000	 lr:0.0055460	 Mean_Total:0.0701058
2022-03-18 16:16:26,547 -    76 /    98 (077%):	 Total:0.1040296	 Acc:0.4062500	 lr:0.0053495	 Mean_Total:0.0714670
2022-03-18 16:16:26,925 -    95 /    98 (096%):	 Total:0.0811646	 Acc:0.5625000	 lr:0.0051725	 Mean_Total:0.0715330
2022-03-18 16:16:27,853 - ===============================| start validation |===============================
2022-03-18 16:16:29,821 - 	 Total:0.0616033	 Acc:0.6078297
2022-03-18 16:16:29,829 -    ini file updated    
2022-03-18 16:16:29,856 - Snapshot saved to /data/users/wergillius/UTR_VAE/pth/RL_gru_MTL/new_JF/MDL-model_best_cv0.pth

2022-03-18 16:16:29,857 -    ini file updated    
2022-03-18 16:16:29,857 - ===============================|    epoch 3   |===============================
2022-03-18 16:16:30,622 -     0 /    98 (000%):	 Total:0.0617782	 Acc:0.6250000	 lr:0.0051462	 Mean_Total:0.0617782
2022-03-18 16:16:31,219 -    19 /    98 (019%):	 Total:0.0579317	 Acc:0.6562500	 lr:0.0049880	 Mean_Total:0.0698778
2022-03-18 16:16:31,502 -    38 /    98 (038%):	 Total:0.0659104	 Acc:0.3125000	 lr:0.0048437	 Mean_Total:0.0720628
2022-03-18 16:16:31,775 -    57 /    98 (058%):	 Total:0.0711297	 Acc:0.5312500	 lr:0.0047111	 Mean_Total:0.0701027
2022-03-18 16:16:32,191 -    76 /    98 (077%):	 Total:0.0691855	 Acc:0.5312500	 lr:0.0045889	 Mean_Total:0.0707007
2022-03-18 16:16:32,539 -    95 /    98 (096%):	 Total:0.0584254	 Acc:0.5937500	 lr:0.0044757	 Mean_Total:0.0718022
2022-03-18 16:16:33,362 - ===============================| start validation |===============================
2022-03-18 16:16:35,263 - 	 Total:0.0594175	 Acc:0.6164148
2022-03-18 16:16:35,273 -    ini file updated    
2022-03-18 16:16:35,307 - Snapshot saved to /data/users/wergillius/UTR_VAE/pth/RL_gru_MTL/new_JF/MDL-model_best_cv0.pth

2022-03-18 16:16:35,309 -    ini file updated    
2022-03-18 16:16:35,309 - ===============================|    epoch 4   |===============================
2022-03-18 16:16:36,069 -     0 /    98 (000%):	 Total:0.0456496	 Acc:0.5937500	 lr:0.0044586	 Mean_Total:0.0456496
2022-03-18 16:16:36,577 -    19 /    98 (019%):	 Total:0.0850255	 Acc:0.5625000	 lr:0.0043546	 Mean_Total:0.0769734
2022-03-18 16:16:37,008 -    38 /    98 (038%):	 Total:0.0732834	 Acc:0.3437500	 lr:0.0042575	 Mean_Total:0.0738570
2022-03-18 16:16:37,373 -    57 /    98 (058%):	 Total:0.0523091	 Acc:0.5937500	 lr:0.0041667	 Mean_Total:0.0723482
2022-03-18 16:16:37,781 -    76 /    98 (077%):	 Total:0.0556821	 Acc:0.6562500	 lr:0.0040814	 Mean_Total:0.0725230
2022-03-18 16:16:38,068 -    95 /    98 (096%):	 Total:0.0827896	 Acc:0.4687500	 lr:0.0040012	 Mean_Total:0.0712915
2022-03-18 16:16:38,992 - ===============================| start validation |===============================
2022-03-18 16:16:40,960 - 	 Total:0.0657686	 Acc:0.5810440
2022-03-18 16:16:40,966 -    ini file updated    
2022-03-18 16:16:40,966 - ===============================|    epoch 5   |===============================
2022-03-18 16:16:41,681 -     0 /    98 (000%):	 Total:0.0902958	 Acc:0.4062500	 lr:0.0039889	 Mean_Total:0.0902958
2022-03-18 16:16:42,292 -    19 /    98 (019%):	 Total:0.0686775	 Acc:0.5312500	 lr:0.0039139	 Mean_Total:0.0759787
2022-03-18 16:16:42,572 -    38 /    98 (038%):	 Total:0.0851396	 Acc:0.4687500	 lr:0.0038430	 Mean_Total:0.0771087
2022-03-18 16:16:42,859 -    57 /    98 (058%):	 Total:0.0835787	 Acc:0.5625000	 lr:0.0037758	 Mean_Total:0.0750443
2022-03-18 16:16:43,116 -    76 /    98 (077%):	 Total:0.0733540	 Acc:0.4062500	 lr:0.0037120	 Mean_Total:0.0730273
2022-03-18 16:16:43,347 -    95 /    98 (096%):	 Total:0.0689083	 Acc:0.5625000	 lr:0.0036513	 Mean_Total:0.0714154
2022-03-18 16:16:44,193 - ===============================| start validation |===============================
2022-03-18 16:16:46,214 - 	 Total:0.0616885	 Acc:0.5858516
2022-03-18 16:16:46,224 -    ini file updated    
2022-03-18 16:16:46,224 - ===============================|    epoch 6   |===============================
