2022-03-19 14:21:58,199 -   	 	 ==============<<< device used: cuda:2  >>>============== 	 	 
2022-03-19 14:22:02,384 - ===============================|    epoch 0   |===============================
2022-03-19 14:22:02,929 -     0 /    98 (000%):	 Total:2.9825342	 Acc:0.0000000	 lr:0.0009882	 Mean_Total:2.9825342
2022-03-19 14:22:03,270 -    19 /    98 (019%):	 Total:0.1656645	 Acc:0.3437500	 lr:0.0197642	 Mean_Total:0.4243040
2022-03-19 14:22:03,588 -    38 /    98 (038%):	 Total:0.0667894	 Acc:0.5000000	 lr:0.0141535	 Mean_Total:0.2615145
2022-03-19 14:22:03,883 -    57 /    98 (058%):	 Total:0.0683561	 Acc:0.5937500	 lr:0.0116060	 Mean_Total:0.2032588
2022-03-19 14:22:04,151 -    76 /    98 (077%):	 Total:0.0814060	 Acc:0.4687500	 lr:0.0100728	 Mean_Total:0.1702216
2022-03-19 14:22:04,383 -    95 /    98 (096%):	 Total:0.0943540	 Acc:0.4687500	 lr:0.0090211	 Mean_Total:0.1495534
2022-03-19 14:22:04,541 - ===============================| start validation |===============================
2022-03-19 14:22:05,041 - 	 Total:0.0599473	 Acc:0.5728022
2022-03-19 14:22:05,046 -    ini file updated    
2022-03-19 14:22:05,100 - Snapshot saved to /data/users/wergillius/UTR_VAE/pth/RL_gru_MTL/new_JF/MDL_from_scratch-model_best_cv0.pth

2022-03-19 14:22:05,101 -    ini file updated    
2022-03-19 14:22:05,101 - ===============================|    epoch 1   |===============================
2022-03-19 14:22:05,556 -     0 /    98 (000%):	 Total:0.0441895	 Acc:0.7187500	 lr:0.0088834	 Mean_Total:0.0441895
2022-03-19 14:22:05,876 -    19 /    98 (019%):	 Total:0.0554846	 Acc:0.5625000	 lr:0.0081368	 Mean_Total:0.0713594
2022-03-19 14:22:06,184 -    38 /    98 (038%):	 Total:0.0674206	 Acc:0.4687500	 lr:0.0075515	 Mean_Total:0.0707360
2022-03-19 14:22:06,487 -    57 /    98 (058%):	 Total:0.0704246	 Acc:0.5000000	 lr:0.0070767	 Mean_Total:0.0726020
2022-03-19 14:22:06,778 -    76 /    98 (077%):	 Total:0.0905956	 Acc:0.3437500	 lr:0.0066815	 Mean_Total:0.0722965
2022-03-19 14:22:07,076 -    95 /    98 (096%):	 Total:0.0704931	 Acc:0.5937500	 lr:0.0063459	 Mean_Total:0.0724876
2022-03-19 14:22:07,248 - ===============================| start validation |===============================
2022-03-19 14:22:07,889 - 	 Total:0.0602085	 Acc:0.5810440
2022-03-19 14:22:07,892 -    ini file updated    
2022-03-19 14:22:07,904 - Snapshot saved to /data/users/wergillius/UTR_VAE/pth/RL_gru_MTL/new_JF/MDL_from_scratch-model_best_cv0.pth

2022-03-19 14:22:07,905 -    ini file updated    
2022-03-19 14:22:07,905 - ===============================|    epoch 2   |===============================
2022-03-19 14:22:08,271 -     0 /    98 (000%):	 Total:0.0736766	 Acc:0.4062500	 lr:0.0062974	 Mean_Total:0.0736766
2022-03-19 14:22:08,582 -    19 /    98 (019%):	 Total:0.0818138	 Acc:0.3750000	 lr:0.0060141	 Mean_Total:0.0658022
2022-03-19 14:22:08,909 -    38 /    98 (038%):	 Total:0.0635311	 Acc:0.5937500	 lr:0.0057658	 Mean_Total:0.0658997
2022-03-19 14:22:09,204 -    57 /    98 (058%):	 Total:0.0828603	 Acc:0.5312500	 lr:0.0055460	 Mean_Total:0.0673344
2022-03-19 14:22:09,504 -    76 /    98 (077%):	 Total:0.0907471	 Acc:0.4062500	 lr:0.0053495	 Mean_Total:0.0688418
2022-03-19 14:22:09,799 -    95 /    98 (096%):	 Total:0.0760917	 Acc:0.5000000	 lr:0.0051725	 Mean_Total:0.0688157
2022-03-19 14:22:09,971 - ===============================| start validation |===============================
2022-03-19 14:22:10,619 - 	 Total:0.0583805	 Acc:0.5982143
2022-03-19 14:22:10,622 -    ini file updated    
2022-03-19 14:22:10,634 - Snapshot saved to /data/users/wergillius/UTR_VAE/pth/RL_gru_MTL/new_JF/MDL_from_scratch-model_best_cv0.pth

2022-03-19 14:22:10,635 -    ini file updated    
2022-03-19 14:22:10,635 - ===============================|    epoch 3   |===============================
2022-03-19 14:22:11,071 -     0 /    98 (000%):	 Total:0.0525724	 Acc:0.6875000	 lr:0.0051462	 Mean_Total:0.0525724
2022-03-19 14:22:11,377 -    19 /    98 (019%):	 Total:0.0549973	 Acc:0.6562500	 lr:0.0049880	 Mean_Total:0.0664868
2022-03-19 14:22:11,679 -    38 /    98 (038%):	 Total:0.0643091	 Acc:0.4687500	 lr:0.0048437	 Mean_Total:0.0692362
2022-03-19 14:22:11,986 -    57 /    98 (058%):	 Total:0.0722947	 Acc:0.6562500	 lr:0.0047111	 Mean_Total:0.0676797
2022-03-19 14:22:12,277 -    76 /    98 (077%):	 Total:0.0688497	 Acc:0.5312500	 lr:0.0045889	 Mean_Total:0.0683207
2022-03-19 14:22:12,615 -    95 /    98 (096%):	 Total:0.0537505	 Acc:0.5625000	 lr:0.0044757	 Mean_Total:0.0697949
2022-03-19 14:22:12,800 - ===============================| start validation |===============================
2022-03-19 14:22:13,475 - 	 Total:0.0584353	 Acc:0.6054258
2022-03-19 14:22:13,481 -    ini file updated    
2022-03-19 14:22:13,501 - Snapshot saved to /data/users/wergillius/UTR_VAE/pth/RL_gru_MTL/new_JF/MDL_from_scratch-model_best_cv0.pth

2022-03-19 14:22:13,502 -    ini file updated    
2022-03-19 14:22:13,502 - ===============================|    epoch 4   |===============================
2022-03-19 14:22:13,949 -     0 /    98 (000%):	 Total:0.0385575	 Acc:0.6875000	 lr:0.0044586	 Mean_Total:0.0385575
2022-03-19 14:22:14,262 -    19 /    98 (019%):	 Total:0.0737052	 Acc:0.6250000	 lr:0.0043546	 Mean_Total:0.0699095
2022-03-19 14:22:14,627 -    38 /    98 (038%):	 Total:0.0667596	 Acc:0.4062500	 lr:0.0042575	 Mean_Total:0.0682187
2022-03-19 14:22:14,945 -    57 /    98 (058%):	 Total:0.0563087	 Acc:0.6562500	 lr:0.0041667	 Mean_Total:0.0675295
2022-03-19 14:22:15,242 -    76 /    98 (077%):	 Total:0.0458209	 Acc:0.6875000	 lr:0.0040814	 Mean_Total:0.0679050
2022-03-19 14:22:15,520 -    95 /    98 (096%):	 Total:0.0865225	 Acc:0.5312500	 lr:0.0040012	 Mean_Total:0.0666287
2022-03-19 14:22:15,677 - ===============================| start validation |===============================
2022-03-19 14:22:16,210 - 	 Total:0.0624860	 Acc:0.5676511
2022-03-19 14:22:16,214 -    ini file updated    
2022-03-19 14:22:16,215 - ===============================|    epoch 5   |===============================
2022-03-19 14:22:16,571 -     0 /    98 (000%):	 Total:0.0901487	 Acc:0.4375000	 lr:0.0039889	 Mean_Total:0.0901487
2022-03-19 14:22:16,854 -    19 /    98 (019%):	 Total:0.0671657	 Acc:0.4375000	 lr:0.0039139	 Mean_Total:0.0715906
2022-03-19 14:22:17,139 -    38 /    98 (038%):	 Total:0.0786484	 Acc:0.5000000	 lr:0.0038430	 Mean_Total:0.0708672
2022-03-19 14:22:17,380 -    57 /    98 (058%):	 Total:0.0719520	 Acc:0.5937500	 lr:0.0037758	 Mean_Total:0.0681697
2022-03-19 14:22:17,616 -    76 /    98 (077%):	 Total:0.0674786	 Acc:0.5937500	 lr:0.0037120	 Mean_Total:0.0680566
2022-03-19 14:22:17,866 -    95 /    98 (096%):	 Total:0.0640358	 Acc:0.6562500	 lr:0.0036513	 Mean_Total:0.0665440
2022-03-19 14:22:18,013 - ===============================| start validation |===============================
2022-03-19 14:22:18,574 - 	 Total:0.0579526	 Acc:0.5738324
2022-03-19 14:22:18,579 -    ini file updated    
2022-03-19 14:22:18,599 - Snapshot saved to /data/users/wergillius/UTR_VAE/pth/RL_gru_MTL/new_JF/MDL_from_scratch-model_best_cv0.pth

2022-03-19 14:22:18,600 -    ini file updated    
2022-03-19 14:22:18,600 - ===============================|    epoch 6   |===============================
2022-03-19 14:22:18,967 -     0 /    98 (000%):	 Total:0.0590815	 Acc:0.6250000	 lr:0.0036420	 Mean_Total:0.0590815
2022-03-19 14:22:19,293 -    19 /    98 (019%):	 Total:0.0512032	 Acc:0.5937500	 lr:0.0035846	 Mean_Total:0.0590726
2022-03-19 14:22:19,570 -    38 /    98 (038%):	 Total:0.0576618	 Acc:0.5937500	 lr:0.0035299	 Mean_Total:0.0628071
2022-03-19 14:22:19,844 -    57 /    98 (058%):	 Total:0.0538282	 Acc:0.4687500	 lr:0.0034776	 Mean_Total:0.0631991
2022-03-19 14:22:20,171 -    76 /    98 (077%):	 Total:0.0629240	 Acc:0.6250000	 lr:0.0034276	 Mean_Total:0.0631856
2022-03-19 14:22:20,512 -    95 /    98 (096%):	 Total:0.0610106	 Acc:0.6875000	 lr:0.0033796	 Mean_Total:0.0637832
2022-03-19 14:22:20,701 - ===============================| start validation |===============================
2022-03-19 14:22:21,323 - 	 Total:0.0557442	 Acc:0.5913462
2022-03-19 14:22:21,326 -    ini file updated    
2022-03-19 14:22:21,345 - Snapshot saved to /data/users/wergillius/UTR_VAE/pth/RL_gru_MTL/new_JF/MDL_from_scratch-model_best_cv0.pth

2022-03-19 14:22:21,345 -    ini file updated    
2022-03-19 14:22:21,345 - ===============================|    epoch 7   |===============================
2022-03-19 14:22:21,728 -     0 /    98 (000%):	 Total:0.0473625	 Acc:0.5937500	 lr:0.0033722	 Mean_Total:0.0473625
2022-03-19 14:22:22,016 -    19 /    98 (019%):	 Total:0.0878590	 Acc:0.4062500	 lr:0.0033265	 Mean_Total:0.0584710
2022-03-19 14:22:22,297 -    38 /    98 (038%):	 Total:0.0668520	 Acc:0.6250000	 lr:0.0032827	 Mean_Total:0.0606494
2022-03-19 14:22:22,574 -    57 /    98 (058%):	 Total:0.0737568	 Acc:0.4375000	 lr:0.0032405	 Mean_Total:0.0622426
2022-03-19 14:22:22,819 -    76 /    98 (077%):	 Total:0.0628217	 Acc:0.5625000	 lr:0.0031999	 Mean_Total:0.0629680
2022-03-19 14:22:23,060 -    95 /    98 (096%):	 Total:0.0818190	 Acc:0.5000000	 lr:0.0031608	 Mean_Total:0.0642343
2022-03-19 14:22:23,202 - ===============================| start validation |===============================
2022-03-19 14:22:23,768 - 	 Total:0.0608301	 Acc:0.5827610
2022-03-19 14:22:23,773 -    ini file updated    
2022-03-19 14:22:23,774 - ===============================|    epoch 8   |===============================
2022-03-19 14:22:24,114 -     0 /    98 (000%):	 Total:0.0871201	 Acc:0.6250000	 lr:0.0031547	 Mean_Total:0.0871201
2022-03-19 14:22:24,422 -    19 /    98 (019%):	 Total:0.0542616	 Acc:0.5000000	 lr:0.0031172	 Mean_Total:0.0602757
2022-03-19 14:22:24,699 -    38 /    98 (038%):	 Total:0.0821607	 Acc:0.4375000	 lr:0.0030810	 Mean_Total:0.0606153
2022-03-19 14:22:24,962 -    57 /    98 (058%):	 Total:0.0731905	 Acc:0.5625000	 lr:0.0030461	 Mean_Total:0.0637449
2022-03-19 14:22:25,222 -    76 /    98 (077%):	 Total:0.0479852	 Acc:0.6562500	 lr:0.0030123	 Mean_Total:0.0622069
2022-03-19 14:22:25,497 -    95 /    98 (096%):	 Total:0.0763231	 Acc:0.5000000	 lr:0.0029796	 Mean_Total:0.0637281
2022-03-19 14:22:25,672 - ===============================| start validation |===============================
2022-03-19 14:22:26,248 - 	 Total:0.0582778	 Acc:0.5728022
2022-03-19 14:22:26,251 -    ini file updated    
2022-03-19 14:22:26,251 - ===============================|    epoch 9   |===============================
2022-03-19 14:22:26,607 -     0 /    98 (000%):	 Total:0.0676245	 Acc:0.5937500	 lr:0.0029745	 Mean_Total:0.0676245
2022-03-19 14:22:26,948 -    19 /    98 (019%):	 Total:0.0323515	 Acc:0.7187500	 lr:0.0029430	 Mean_Total:0.0619309
2022-03-19 14:22:27,298 -    38 /    98 (038%):	 Total:0.0663842	 Acc:0.5937500	 lr:0.0029125	 Mean_Total:0.0623336
2022-03-19 14:22:27,641 -    57 /    98 (058%):	 Total:0.0606814	 Acc:0.5625000	 lr:0.0028829	 Mean_Total:0.0628633
2022-03-19 14:22:27,936 -    76 /    98 (077%):	 Total:0.0588006	 Acc:0.5000000	 lr:0.0028542	 Mean_Total:0.0620075
2022-03-19 14:22:28,229 -    95 /    98 (096%):	 Total:0.0537933	 Acc:0.5937500	 lr:0.0028263	 Mean_Total:0.0618359
2022-03-19 14:22:28,396 - ===============================| start validation |===============================
2022-03-19 14:22:28,927 - 	 Total:0.0585935	 Acc:0.5837912
2022-03-19 14:22:28,933 -    ini file updated    
2022-03-19 14:22:28,933 - ===============================|    epoch 10   |===============================
2022-03-19 14:22:29,304 -     0 /    98 (000%):	 Total:0.0763261	 Acc:0.4687500	 lr:0.0028220	 Mean_Total:0.0763261
2022-03-19 14:22:29,590 -    19 /    98 (019%):	 Total:0.0631220	 Acc:0.5625000	 lr:0.0027951	 Mean_Total:0.0652947
2022-03-19 14:22:29,871 -    38 /    98 (038%):	 Total:0.0964642	 Acc:0.3750000	 lr:0.0027689	 Mean_Total:0.0613175
2022-03-19 14:22:30,199 -    57 /    98 (058%):	 Total:0.0442505	 Acc:0.7812500	 lr:0.0027434	 Mean_Total:0.0603238
2022-03-19 14:22:30,480 -    76 /    98 (077%):	 Total:0.0655600	 Acc:0.5937500	 lr:0.0027187	 Mean_Total:0.0594176
2022-03-19 14:22:30,749 -    95 /    98 (096%):	 Total:0.0511014	 Acc:0.6875000	 lr:0.0026946	 Mean_Total:0.0600572
2022-03-19 14:22:30,903 - ===============================| start validation |===============================
2022-03-19 14:22:31,446 - 	 Total:0.0736849	 Acc:0.5364011
2022-03-19 14:22:31,449 -    ini file updated    
2022-03-19 14:22:31,449 - ===============================|    epoch 11   |===============================
2022-03-19 14:22:31,876 -     0 /    98 (000%):	 Total:0.0659367	 Acc:0.5000000	 lr:0.0026908	 Mean_Total:0.0659367
2022-03-19 14:22:32,217 -    19 /    98 (019%):	 Total:0.0768251	 Acc:0.6250000	 lr:0.0026674	 Mean_Total:0.0609366
2022-03-19 14:22:32,508 -    38 /    98 (038%):	 Total:0.0605002	 Acc:0.6250000	 lr:0.0026447	 Mean_Total:0.0612455
2022-03-19 14:22:32,792 -    57 /    98 (058%):	 Total:0.0446302	 Acc:0.6875000	 lr:0.0026224	 Mean_Total:0.0600486
2022-03-19 14:22:33,062 -    76 /    98 (077%):	 Total:0.0387489	 Acc:0.6875000	 lr:0.0026008	 Mean_Total:0.0595987
2022-03-19 14:22:33,304 -    95 /    98 (096%):	 Total:0.0540037	 Acc:0.5625000	 lr:0.0025797	 Mean_Total:0.0599726
2022-03-19 14:22:33,463 - ===============================| start validation |===============================
2022-03-19 14:22:33,968 - 	 Total:0.0633639	 Acc:0.5717720
2022-03-19 14:22:33,973 -    ini file updated    
2022-03-19 14:22:33,973 - ===============================|    epoch 12   |===============================
2022-03-19 14:22:34,396 -     0 /    98 (000%):	 Total:0.0392310	 Acc:0.7812500	 lr:0.0025764	 Mean_Total:0.0392310
2022-03-19 14:22:34,712 -    19 /    98 (019%):	 Total:0.0516661	 Acc:0.5625000	 lr:0.0025558	 Mean_Total:0.0521522
2022-03-19 14:22:34,988 -    38 /    98 (038%):	 Total:0.0449831	 Acc:0.6562500	 lr:0.0025358	 Mean_Total:0.0518517
2022-03-19 14:22:35,230 -    57 /    98 (058%):	 Total:0.0726299	 Acc:0.5312500	 lr:0.0025162	 Mean_Total:0.0540425
2022-03-19 14:22:35,468 -    76 /    98 (077%):	 Total:0.0762206	 Acc:0.4375000	 lr:0.0024970	 Mean_Total:0.0561261
2022-03-19 14:22:35,716 -    95 /    98 (096%):	 Total:0.1137543	 Acc:0.3750000	 lr:0.0024783	 Mean_Total:0.0578236
2022-03-19 14:22:35,876 - ===============================| start validation |===============================
2022-03-19 14:22:36,427 - 	 Total:0.0642698	 Acc:0.5484203
2022-03-19 14:22:36,431 -    ini file updated    
2022-03-19 14:22:36,432 - ===============================|    epoch 13   |===============================
2022-03-19 14:22:36,804 -     0 /    98 (000%):	 Total:0.0430510	 Acc:0.5625000	 lr:0.0024754	 Mean_Total:0.0430510
2022-03-19 14:22:37,144 -    19 /    98 (019%):	 Total:0.0562976	 Acc:0.5000000	 lr:0.0024571	 Mean_Total:0.0524628
2022-03-19 14:22:37,426 -    38 /    98 (038%):	 Total:0.0587794	 Acc:0.5625000	 lr:0.0024393	 Mean_Total:0.0559046
2022-03-19 14:22:37,710 -    57 /    98 (058%):	 Total:0.0664548	 Acc:0.4687500	 lr:0.0024218	 Mean_Total:0.0575733
2022-03-19 14:22:37,992 -    76 /    98 (077%):	 Total:0.0489970	 Acc:0.7500000	 lr:0.0024047	 Mean_Total:0.0567397
2022-03-19 14:22:38,276 -    95 /    98 (096%):	 Total:0.0657646	 Acc:0.5937500	 lr:0.0023880	 Mean_Total:0.0568147
2022-03-19 14:22:38,453 - ===============================| start validation |===============================
2022-03-19 14:22:39,082 - 	 Total:0.0636534	 Acc:0.5631868
2022-03-19 14:22:39,087 -    ini file updated    
2022-03-19 14:22:39,087 - ===============================|    epoch 14   |===============================
2022-03-19 14:22:39,520 -     0 /    98 (000%):	 Total:0.0566152	 Acc:0.4687500	 lr:0.0023854	 Mean_Total:0.0566152
2022-03-19 14:22:39,853 -    19 /    98 (019%):	 Total:0.0470448	 Acc:0.5937500	 lr:0.0023691	 Mean_Total:0.0534773
2022-03-19 14:22:40,178 -    38 /    98 (038%):	 Total:0.0454122	 Acc:0.6250000	 lr:0.0023531	 Mean_Total:0.0556543
2022-03-19 14:22:40,463 -    57 /    98 (058%):	 Total:0.0415156	 Acc:0.6562500	 lr:0.0023374	 Mean_Total:0.0546226
2022-03-19 14:22:40,750 -    76 /    98 (077%):	 Total:0.0652492	 Acc:0.4687500	 lr:0.0023220	 Mean_Total:0.0565201
2022-03-19 14:22:41,032 -    95 /    98 (096%):	 Total:0.0694401	 Acc:0.4687500	 lr:0.0023069	 Mean_Total:0.0563296
2022-03-19 14:22:41,206 - ===============================| start validation |===============================
2022-03-19 14:22:41,835 - 	 Total:0.0618616	 Acc:0.5813874
2022-03-19 14:22:41,840 -    ini file updated    
2022-03-19 14:22:41,841 - ===============================|    epoch 15   |===============================
2022-03-19 14:22:42,222 -     0 /    98 (000%):	 Total:0.0597652	 Acc:0.5937500	 lr:0.0023046	 Mean_Total:0.0597652
2022-03-19 14:22:42,537 -    19 /    98 (019%):	 Total:0.0826814	 Acc:0.4375000	 lr:0.0022898	 Mean_Total:0.0540904
2022-03-19 14:22:42,903 -    38 /    98 (038%):	 Total:0.0622200	 Acc:0.4062500	 lr:0.0022754	 Mean_Total:0.0539752
2022-03-19 14:22:43,204 -    57 /    98 (058%):	 Total:0.0726485	 Acc:0.5000000	 lr:0.0022612	 Mean_Total:0.0549047
2022-03-19 14:22:43,550 -    76 /    98 (077%):	 Total:0.0778432	 Acc:0.5625000	 lr:0.0022472	 Mean_Total:0.0572335
2022-03-19 14:22:43,904 -    95 /    98 (096%):	 Total:0.0572408	 Acc:0.5312500	 lr:0.0022336	 Mean_Total:0.0568437
2022-03-19 14:22:44,072 - ===============================| start validation |===============================
2022-03-19 14:22:44,638 - 	 Total:0.0610224	 Acc:0.5910027
2022-03-19 14:22:44,643 -    ini file updated    
2022-03-19 14:22:44,644 - ===============================|    epoch 16   |===============================
2022-03-19 14:22:45,012 -     0 /    98 (000%):	 Total:0.0443482	 Acc:0.7187500	 lr:0.0022314	 Mean_Total:0.0443482
2022-03-19 14:22:45,339 -    19 /    98 (019%):	 Total:0.0418751	 Acc:0.6250000	 lr:0.0022180	 Mean_Total:0.0501338
2022-03-19 14:22:45,616 -    38 /    98 (038%):	 Total:0.0499589	 Acc:0.5937500	 lr:0.0022049	 Mean_Total:0.0502592
2022-03-19 14:22:45,898 -    57 /    98 (058%):	 Total:0.0460478	 Acc:0.6250000	 lr:0.0021920	 Mean_Total:0.0518567
2022-03-19 14:22:46,196 -    76 /    98 (077%):	 Total:0.0598662	 Acc:0.5625000	 lr:0.0021793	 Mean_Total:0.0522689
2022-03-19 14:22:46,465 -    95 /    98 (096%):	 Total:0.0600859	 Acc:0.5937500	 lr:0.0021668	 Mean_Total:0.0541764
2022-03-19 14:22:46,632 - ===============================| start validation |===============================
2022-03-19 14:22:47,199 - 	 Total:0.0631151	 Acc:0.5813874
2022-03-19 14:22:47,202 -    ini file updated    
2022-03-19 14:22:47,202 - ===============================|    epoch 17   |===============================
2022-03-19 14:22:47,562 -     0 /    98 (000%):	 Total:0.0673331	 Acc:0.4062500	 lr:0.0021648	 Mean_Total:0.0673331
2022-03-19 14:22:47,882 -    19 /    98 (019%):	 Total:0.0595173	 Acc:0.7187500	 lr:0.0021526	 Mean_Total:0.0531013
2022-03-19 14:22:48,167 -    38 /    98 (038%):	 Total:0.0618486	 Acc:0.5937500	 lr:0.0021406	 Mean_Total:0.0549466
2022-03-19 14:22:48,441 -    57 /    98 (058%):	 Total:0.0534216	 Acc:0.5937500	 lr:0.0021288	 Mean_Total:0.0556195
2022-03-19 14:22:48,682 -    76 /    98 (077%):	 Total:0.0431660	 Acc:0.6562500	 lr:0.0021171	 Mean_Total:0.0545997
2022-03-19 14:22:48,916 -    95 /    98 (096%):	 Total:0.0514344	 Acc:0.6250000	 lr:0.0021057	 Mean_Total:0.0535361
2022-03-19 14:22:49,041 - ===============================| start validation |===============================
2022-03-19 14:22:49,591 - 	 Total:0.0645665	 Acc:0.5800137
2022-03-19 14:22:49,594 -    ini file updated    
2022-03-19 14:22:49,594 - ===============================|    epoch 18   |===============================
2022-03-19 14:22:49,912 -     0 /    98 (000%):	 Total:0.0749654	 Acc:0.4687500	 lr:0.0021039	 Mean_Total:0.0749654
2022-03-19 14:22:50,165 -    19 /    98 (019%):	 Total:0.0567369	 Acc:0.5625000	 lr:0.0020927	 Mean_Total:0.0512823
2022-03-19 14:22:50,413 -    38 /    98 (038%):	 Total:0.0435275	 Acc:0.6250000	 lr:0.0020816	 Mean_Total:0.0521685
2022-03-19 14:22:50,636 -    57 /    98 (058%):	 Total:0.0525579	 Acc:0.5312500	 lr:0.0020707	 Mean_Total:0.0520955
2022-03-19 14:22:50,857 -    76 /    98 (077%):	 Total:0.0261482	 Acc:0.8125000	 lr:0.0020600	 Mean_Total:0.0517641
2022-03-19 14:22:51,078 -    95 /    98 (096%):	 Total:0.0499556	 Acc:0.5937500	 lr:0.0020495	 Mean_Total:0.0521136
2022-03-19 14:22:51,217 - ===============================| start validation |===============================
2022-03-19 14:22:51,713 - 	 Total:0.0630066	 Acc:0.5837912
2022-03-19 14:22:51,718 -    ini file updated    
2022-03-19 14:22:51,719 - ===============================|    epoch 19   |===============================
2022-03-19 14:22:52,061 -     0 /    98 (000%):	 Total:0.0352931	 Acc:0.7187500	 lr:0.0020478	 Mean_Total:0.0352931
2022-03-19 14:22:52,304 -    19 /    98 (019%):	 Total:0.0264530	 Acc:0.8125000	 lr:0.0020374	 Mean_Total:0.0497894
2022-03-19 14:22:52,527 -    38 /    98 (038%):	 Total:0.0581955	 Acc:0.4687500	 lr:0.0020272	 Mean_Total:0.0494166
2022-03-19 14:22:52,759 -    57 /    98 (058%):	 Total:0.0405594	 Acc:0.6875000	 lr:0.0020172	 Mean_Total:0.0495653
2022-03-19 14:22:52,980 -    76 /    98 (077%):	 Total:0.0476972	 Acc:0.5937500	 lr:0.0020073	 Mean_Total:0.0508018
2022-03-19 14:22:53,202 -    95 /    98 (096%):	 Total:0.0719438	 Acc:0.5312500	 lr:0.0019975	 Mean_Total:0.0515665
2022-03-19 14:22:53,352 - ===============================| start validation |===============================
2022-03-19 14:22:53,904 - 	 Total:0.0631726	 Acc:0.6043956
2022-03-19 14:22:53,908 -    ini file updated    
2022-03-19 14:22:53,909 - ===============================|    epoch 20   |===============================
2022-03-19 14:22:54,324 -     0 /    98 (000%):	 Total:0.0384217	 Acc:0.6562500	 lr:0.0019960	 Mean_Total:0.0384217
2022-03-19 14:22:54,630 -    19 /    98 (019%):	 Total:0.0563021	 Acc:0.6562500	 lr:0.0019864	 Mean_Total:0.0443205
2022-03-19 14:22:54,927 -    38 /    98 (038%):	 Total:0.0278083	 Acc:0.7812500	 lr:0.0019769	 Mean_Total:0.0477697
2022-03-19 14:22:55,242 -    57 /    98 (058%):	 Total:0.0757067	 Acc:0.5000000	 lr:0.0019676	 Mean_Total:0.0502077
2022-03-19 14:22:55,525 -    76 /    98 (077%):	 Total:0.0496675	 Acc:0.5625000	 lr:0.0019584	 Mean_Total:0.0500597
2022-03-19 14:22:55,809 -    95 /    98 (096%):	 Total:0.0337559	 Acc:0.6562500	 lr:0.0019493	 Mean_Total:0.0503365
2022-03-19 14:22:55,976 - ===============================| start validation |===============================
2022-03-19 14:22:56,591 - 	 Total:0.0630873	 Acc:0.5779533
2022-03-19 14:22:56,597 -    ini file updated    
2022-03-19 14:22:56,597 - ===============================|    epoch 21   |===============================
2022-03-19 14:22:56,964 -     0 /    98 (000%):	 Total:0.0437843	 Acc:0.6562500	 lr:0.0019479	 Mean_Total:0.0437843
2022-03-19 14:22:57,263 -    19 /    98 (019%):	 Total:0.0337316	 Acc:0.6562500	 lr:0.0019390	 Mean_Total:0.0522162
2022-03-19 14:22:57,538 -    38 /    98 (038%):	 Total:0.0543704	 Acc:0.6250000	 lr:0.0019302	 Mean_Total:0.0532036
2022-03-19 14:22:57,890 -    57 /    98 (058%):	 Total:0.0508082	 Acc:0.5000000	 lr:0.0019215	 Mean_Total:0.0516433
2022-03-19 14:22:58,220 -    76 /    98 (077%):	 Total:0.0374394	 Acc:0.6875000	 lr:0.0019129	 Mean_Total:0.0507391
2022-03-19 14:22:58,558 -    95 /    98 (096%):	 Total:0.0593562	 Acc:0.5000000	 lr:0.0019045	 Mean_Total:0.0509790
2022-03-19 14:22:58,729 - ===============================| start validation |===============================
2022-03-19 14:22:59,308 - 	 Total:0.0749608	 Acc:0.5508242
2022-03-19 14:22:59,311 -    ini file updated    
2022-03-19 14:22:59,312 - ===============================|    epoch 22   |===============================
2022-03-19 14:22:59,668 -     0 /    98 (000%):	 Total:0.0571514	 Acc:0.6250000	 lr:0.0019031	 Mean_Total:0.0571514
2022-03-19 14:22:59,979 -    19 /    98 (019%):	 Total:0.0528003	 Acc:0.5625000	 lr:0.0018948	 Mean_Total:0.0515475
2022-03-19 14:23:00,314 -    38 /    98 (038%):	 Total:0.0687650	 Acc:0.4687500	 lr:0.0018866	 Mean_Total:0.0493178
2022-03-19 14:23:00,639 -    57 /    98 (058%):	 Total:0.0509707	 Acc:0.7187500	 lr:0.0018785	 Mean_Total:0.0499238
2022-03-19 14:23:00,918 -    76 /    98 (077%):	 Total:0.0480265	 Acc:0.7187500	 lr:0.0018705	 Mean_Total:0.0498875
2022-03-19 14:23:01,197 -    95 /    98 (096%):	 Total:0.0457740	 Acc:0.5937500	 lr:0.0018626	 Mean_Total:0.0505014
2022-03-19 14:23:01,366 - ===============================| start validation |===============================
2022-03-19 14:23:01,949 - 	 Total:0.0672441	 Acc:0.5851648
2022-03-19 14:23:01,954 -    ini file updated    
2022-03-19 14:23:01,954 - ===============================|    epoch 23   |===============================
2022-03-19 14:23:02,320 -     0 /    98 (000%):	 Total:0.0441579	 Acc:0.5312500	 lr:0.0018613	 Mean_Total:0.0441579
2022-03-19 14:23:02,615 -    19 /    98 (019%):	 Total:0.0427091	 Acc:0.5937500	 lr:0.0018535	 Mean_Total:0.0454011
2022-03-19 14:23:02,891 -    38 /    98 (038%):	 Total:0.0685285	 Acc:0.5312500	 lr:0.0018458	 Mean_Total:0.0462634
2022-03-19 14:23:03,164 -    57 /    98 (058%):	 Total:0.0442494	 Acc:0.6875000	 lr:0.0018382	 Mean_Total:0.0466360
2022-03-19 14:23:03,424 -    76 /    98 (077%):	 Total:0.0305851	 Acc:0.7187500	 lr:0.0018307	 Mean_Total:0.0465823
2022-03-19 14:23:03,668 -    95 /    98 (096%):	 Total:0.0265269	 Acc:0.7187500	 lr:0.0018233	 Mean_Total:0.0473313
2022-03-19 14:23:03,830 - ===============================| start validation |===============================
2022-03-19 14:23:04,411 - 	 Total:0.0703757	 Acc:0.5642170
2022-03-19 14:23:04,414 -    ini file updated    
2022-03-19 14:23:04,414 - ===============================|    epoch 24   |===============================
2022-03-19 14:23:04,761 -     0 /    98 (000%):	 Total:0.0576211	 Acc:0.6250000	 lr:0.0018221	 Mean_Total:0.0576211
2022-03-19 14:23:05,053 -    19 /    98 (019%):	 Total:0.0473595	 Acc:0.6562500	 lr:0.0018148	 Mean_Total:0.0419569
2022-03-19 14:23:05,321 -    38 /    98 (038%):	 Total:0.0348876	 Acc:0.7187500	 lr:0.0018076	 Mean_Total:0.0430779
2022-03-19 14:23:05,560 -    57 /    98 (058%):	 Total:0.0712704	 Acc:0.4687500	 lr:0.0018005	 Mean_Total:0.0454182
2022-03-19 14:23:05,806 -    76 /    98 (077%):	 Total:0.0309928	 Acc:0.7187500	 lr:0.0017934	 Mean_Total:0.0460078
2022-03-19 14:23:06,048 -    95 /    98 (096%):	 Total:0.0644865	 Acc:0.5625000	 lr:0.0017864	 Mean_Total:0.0471731
2022-03-19 14:23:06,191 - ===============================| start validation |===============================
2022-03-19 14:23:06,725 - 	 Total:0.0754920	 Acc:0.5305632
2022-03-19 14:23:06,728 -    ini file updated    
2022-03-19 14:23:06,728 - ===============================|    epoch 25   |===============================
2022-03-19 14:23:07,090 -     0 /    98 (000%):	 Total:0.0304190	 Acc:0.7187500	 lr:0.0017853	 Mean_Total:0.0304190
2022-03-19 14:23:07,410 -    19 /    98 (019%):	 Total:0.0278555	 Acc:0.7500000	 lr:0.0017785	 Mean_Total:0.0384989
2022-03-19 14:23:07,683 -    38 /    98 (038%):	 Total:0.0625449	 Acc:0.6250000	 lr:0.0017717	 Mean_Total:0.0428603
2022-03-19 14:23:07,959 -    57 /    98 (058%):	 Total:0.0379695	 Acc:0.7187500	 lr:0.0017649	 Mean_Total:0.0434930
2022-03-19 14:23:08,216 -    76 /    98 (077%):	 Total:0.0368718	 Acc:0.7187500	 lr:0.0017583	 Mean_Total:0.0450921
2022-03-19 14:23:08,473 -    95 /    98 (096%):	 Total:0.0555574	 Acc:0.5312500	 lr:0.0017517	 Mean_Total:0.0460198
2022-03-19 14:23:08,638 - ===============================| start validation |===============================
2022-03-19 14:23:09,255 - 	 Total:0.0710605	 Acc:0.5607830
2022-03-19 14:23:09,259 -    ini file updated    
2022-03-19 14:23:09,259 - ===============================|    epoch 26   |===============================
2022-03-19 14:23:09,619 -     0 /    98 (000%):	 Total:0.0561431	 Acc:0.6250000	 lr:0.0017507	 Mean_Total:0.0561431
2022-03-19 14:23:09,974 -    19 /    98 (019%):	 Total:0.0332623	 Acc:0.8125000	 lr:0.0017442	 Mean_Total:0.0454473
2022-03-19 14:23:10,296 -    38 /    98 (038%):	 Total:0.0341443	 Acc:0.5937500	 lr:0.0017378	 Mean_Total:0.0438202
2022-03-19 14:23:10,604 -    57 /    98 (058%):	 Total:0.0576812	 Acc:0.6562500	 lr:0.0017314	 Mean_Total:0.0447982
2022-03-19 14:23:10,870 -    76 /    98 (077%):	 Total:0.0366388	 Acc:0.7500000	 lr:0.0017252	 Mean_Total:0.0452636
2022-03-19 14:23:11,126 -    95 /    98 (096%):	 Total:0.0329760	 Acc:0.7187500	 lr:0.0017190	 Mean_Total:0.0455305
2022-03-19 14:23:11,277 - ===============================| start validation |===============================
2022-03-19 14:23:11,806 - 	 Total:0.0713519	 Acc:0.5535714
2022-03-19 14:23:11,810 -    ini file updated    
2022-03-19 14:23:11,811 - ===============================|    epoch 27   |===============================
2022-03-19 14:23:12,160 -     0 /    98 (000%):	 Total:0.0325156	 Acc:0.7500000	 lr:0.0017180	 Mean_Total:0.0325156
2022-03-19 14:23:12,500 -    19 /    98 (019%):	 Total:0.0420112	 Acc:0.6250000	 lr:0.0017118	 Mean_Total:0.0399170
2022-03-19 14:23:12,812 -    38 /    98 (038%):	 Total:0.0459141	 Acc:0.6562500	 lr:0.0017058	 Mean_Total:0.0404159
2022-03-19 14:23:13,099 -    57 /    98 (058%):	 Total:0.0691698	 Acc:0.5937500	 lr:0.0016998	 Mean_Total:0.0413745
2022-03-19 14:23:13,360 -    76 /    98 (077%):	 Total:0.0434803	 Acc:0.5937500	 lr:0.0016938	 Mean_Total:0.0428892
2022-03-19 14:23:13,628 -    95 /    98 (096%):	 Total:0.0495725	 Acc:0.6562500	 lr:0.0016880	 Mean_Total:0.0437524
2022-03-19 14:23:13,784 - ===============================| start validation |===============================
2022-03-19 14:23:14,334 - 	 Total:0.0697675	 Acc:0.5415522
2022-03-19 14:23:14,336 -    ini file updated    
2022-03-19 14:23:14,336 - ===============================|    epoch 28   |===============================
2022-03-19 14:23:14,677 -     0 /    98 (000%):	 Total:0.0551543	 Acc:0.5937500	 lr:0.0016870	 Mean_Total:0.0551543
2022-03-19 14:23:14,957 -    19 /    98 (019%):	 Total:0.0377480	 Acc:0.7812500	 lr:0.0016812	 Mean_Total:0.0425167
2022-03-19 14:23:15,191 -    38 /    98 (038%):	 Total:0.0306651	 Acc:0.7812500	 lr:0.0016755	 Mean_Total:0.0424437
2022-03-19 14:23:15,432 -    57 /    98 (058%):	 Total:0.0308364	 Acc:0.7500000	 lr:0.0016698	 Mean_Total:0.0417376
2022-03-19 14:23:15,666 -    76 /    98 (077%):	 Total:0.0184579	 Acc:0.8437500	 lr:0.0016642	 Mean_Total:0.0424300
2022-03-19 14:23:15,897 -    95 /    98 (096%):	 Total:0.0682332	 Acc:0.5000000	 lr:0.0016586	 Mean_Total:0.0429716
2022-03-19 14:23:16,036 - ===============================| start validation |===============================
2022-03-19 14:23:16,586 - 	 Total:0.0779392	 Acc:0.5291896
2022-03-19 14:23:16,591 -    ini file updated    
2022-03-19 14:23:16,591 - ===============================|    epoch 29   |===============================
2022-03-19 14:23:17,010 -     0 /    98 (000%):	 Total:0.0379183	 Acc:0.6562500	 lr:0.0016577	 Mean_Total:0.0379183
2022-03-19 14:23:17,326 -    19 /    98 (019%):	 Total:0.0417613	 Acc:0.6875000	 lr:0.0016522	 Mean_Total:0.0393430
2022-03-19 14:23:17,677 -    38 /    98 (038%):	 Total:0.0320172	 Acc:0.7187500	 lr:0.0016467	 Mean_Total:0.0420189
2022-03-19 14:23:18,010 -    57 /    98 (058%):	 Total:0.0433160	 Acc:0.7500000	 lr:0.0016413	 Mean_Total:0.0417286
2022-03-19 14:23:18,351 -    76 /    98 (077%):	 Total:0.0549456	 Acc:0.5937500	 lr:0.0016360	 Mean_Total:0.0427943
2022-03-19 14:23:18,689 -    95 /    98 (096%):	 Total:0.0328501	 Acc:0.6875000	 lr:0.0016307	 Mean_Total:0.0425520
2022-03-19 14:23:18,849 - ===============================| start validation |===============================
2022-03-19 14:23:19,459 - 	 Total:0.0681435	 Acc:0.5583791
2022-03-19 14:23:19,464 -    ini file updated    
2022-03-19 14:23:19,464 - ===============================|    epoch 30   |===============================
2022-03-19 14:23:19,838 -     0 /    98 (000%):	 Total:0.0393474	 Acc:0.6875000	 lr:0.0016298	 Mean_Total:0.0393474
2022-03-19 14:23:20,130 -    19 /    98 (019%):	 Total:0.0235101	 Acc:0.8437500	 lr:0.0016246	 Mean_Total:0.0427695
2022-03-19 14:23:20,410 -    38 /    98 (038%):	 Total:0.0413151	 Acc:0.7500000	 lr:0.0016194	 Mean_Total:0.0408899
2022-03-19 14:23:20,687 -    57 /    98 (058%):	 Total:0.0538611	 Acc:0.5937500	 lr:0.0016143	 Mean_Total:0.0409136
2022-03-19 14:23:20,941 -    76 /    98 (077%):	 Total:0.0494399	 Acc:0.6562500	 lr:0.0016092	 Mean_Total:0.0407561
2022-03-19 14:23:21,286 -    95 /    98 (096%):	 Total:0.0416581	 Acc:0.6875000	 lr:0.0016041	 Mean_Total:0.0411366
2022-03-19 14:23:21,456 - ===============================| start validation |===============================
2022-03-19 14:23:22,023 - 	 Total:0.0720671	 Acc:0.5789835
2022-03-19 14:23:22,027 -    ini file updated    
2022-03-19 14:23:22,027 - ===============================|    epoch 31   |===============================
2022-03-19 14:23:22,379 -     0 /    98 (000%):	 Total:0.0539009	 Acc:0.5625000	 lr:0.0016034	 Mean_Total:0.0539009
2022-03-19 14:23:22,691 -    19 /    98 (019%):	 Total:0.0270560	 Acc:0.7187500	 lr:0.0015984	 Mean_Total:0.0395117
2022-03-19 14:23:22,971 -    38 /    98 (038%):	 Total:0.0394373	 Acc:0.6875000	 lr:0.0015934	 Mean_Total:0.0423021
2022-03-19 14:23:23,247 -    57 /    98 (058%):	 Total:0.0537896	 Acc:0.5312500	 lr:0.0015885	 Mean_Total:0.0427809
2022-03-19 14:23:23,535 -    76 /    98 (077%):	 Total:0.0304777	 Acc:0.8125000	 lr:0.0015837	 Mean_Total:0.0418447
2022-03-19 14:23:23,890 -    95 /    98 (096%):	 Total:0.0433378	 Acc:0.7187500	 lr:0.0015789	 Mean_Total:0.0413980
2022-03-19 14:23:24,061 - ===============================| start validation |===============================
2022-03-19 14:23:24,665 - 	 Total:0.0750434	 Acc:0.5473901
2022-03-19 14:23:24,670 -    ini file updated    
2022-03-19 14:23:24,670 - ===============================|    epoch 32   |===============================
2022-03-19 14:23:25,098 -     0 /    98 (000%):	 Total:0.0281671	 Acc:0.7500000	 lr:0.0015781	 Mean_Total:0.0281671
2022-03-19 14:23:25,483 -    19 /    98 (019%):	 Total:0.0471432	 Acc:0.6562500	 lr:0.0015734	 Mean_Total:0.0397590
2022-03-19 14:23:25,820 -    38 /    98 (038%):	 Total:0.0297298	 Acc:0.6875000	 lr:0.0015686	 Mean_Total:0.0407014
2022-03-19 14:23:26,137 -    57 /    98 (058%):	 Total:0.0487672	 Acc:0.5937500	 lr:0.0015640	 Mean_Total:0.0394172
2022-03-19 14:23:26,409 -    76 /    98 (077%):	 Total:0.0426655	 Acc:0.7187500	 lr:0.0015593	 Mean_Total:0.0402397
2022-03-19 14:23:26,684 -    95 /    98 (096%):	 Total:0.0297341	 Acc:0.7187500	 lr:0.0015547	 Mean_Total:0.0404076
2022-03-19 14:23:26,829 - ===============================| start validation |===============================
2022-03-19 14:23:27,448 - 	 Total:0.0707877	 Acc:0.5594093
2022-03-19 14:23:27,453 -    ini file updated    
2022-03-19 14:23:27,453 - ===============================|    epoch 33   |===============================
2022-03-19 14:23:27,802 -     0 /    98 (000%):	 Total:0.0453211	 Acc:0.5937500	 lr:0.0015540	 Mean_Total:0.0453211
2022-03-19 14:23:28,119 -    19 /    98 (019%):	 Total:0.0454282	 Acc:0.5937500	 lr:0.0015495	 Mean_Total:0.0372712
2022-03-19 14:23:28,392 -    38 /    98 (038%):	 Total:0.0340277	 Acc:0.7500000	 lr:0.0015450	 Mean_Total:0.0378234
2022-03-19 14:23:28,709 -    57 /    98 (058%):	 Total:0.0404684	 Acc:0.6562500	 lr:0.0015405	 Mean_Total:0.0393366
2022-03-19 14:23:29,010 -    76 /    98 (077%):	 Total:0.0337504	 Acc:0.6875000	 lr:0.0015361	 Mean_Total:0.0398481
2022-03-19 14:23:29,361 -    95 /    98 (096%):	 Total:0.0346364	 Acc:0.6562500	 lr:0.0015317	 Mean_Total:0.0401297
2022-03-19 14:23:29,505 - ===============================| start validation |===============================
2022-03-19 14:23:30,077 - 	 Total:0.0760383	 Acc:0.5257555
2022-03-19 14:23:30,081 -    ini file updated    
2022-03-19 14:23:30,081 - ===============================|    epoch 34   |===============================
2022-03-19 14:23:30,477 -     0 /    98 (000%):	 Total:0.0364652	 Acc:0.6875000	 lr:0.0015310	 Mean_Total:0.0364652
2022-03-19 14:23:30,782 -    19 /    98 (019%):	 Total:0.0247530	 Acc:0.7812500	 lr:0.0015267	 Mean_Total:0.0366434
2022-03-19 14:23:31,055 -    38 /    98 (038%):	 Total:0.0284119	 Acc:0.7500000	 lr:0.0015224	 Mean_Total:0.0394870
2022-03-19 14:23:31,335 -    57 /    98 (058%):	 Total:0.0416762	 Acc:0.7500000	 lr:0.0015181	 Mean_Total:0.0377021
2022-03-19 14:23:31,628 -    76 /    98 (077%):	 Total:0.0418837	 Acc:0.6875000	 lr:0.0015138	 Mean_Total:0.0375530
2022-03-19 14:23:31,889 -    95 /    98 (096%):	 Total:0.0259745	 Acc:0.8125000	 lr:0.0015096	 Mean_Total:0.0373126
2022-03-19 14:23:32,042 - ===============================| start validation |===============================
2022-03-19 14:23:32,627 - 	 Total:0.0738919	 Acc:0.5607830
2022-03-19 14:23:32,631 -    ini file updated    
2022-03-19 14:23:32,631 - ===============================|    epoch 35   |===============================
2022-03-19 14:23:32,980 -     0 /    98 (000%):	 Total:0.0319755	 Acc:0.7812500	 lr:0.0015090	 Mean_Total:0.0319755
2022-03-19 14:23:33,263 -    19 /    98 (019%):	 Total:0.0393840	 Acc:0.7500000	 lr:0.0015048	 Mean_Total:0.0365884
2022-03-19 14:23:33,552 -    38 /    98 (038%):	 Total:0.0329548	 Acc:0.7187500	 lr:0.0015007	 Mean_Total:0.0353904
2022-03-19 14:23:33,862 -    57 /    98 (058%):	 Total:0.0241802	 Acc:0.7812500	 lr:0.0014966	 Mean_Total:0.0354131
2022-03-19 14:23:34,181 -    76 /    98 (077%):	 Total:0.0426270	 Acc:0.6875000	 lr:0.0014925	 Mean_Total:0.0362575
2022-03-19 14:23:34,471 -    95 /    98 (096%):	 Total:0.0403521	 Acc:0.7187500	 lr:0.0014885	 Mean_Total:0.0359094
2022-03-19 14:23:34,638 - ===============================| start validation |===============================
2022-03-19 14:23:35,278 - 	 Total:0.0791342	 Acc:0.5473901
2022-03-19 14:23:35,283 -    ini file updated    
2022-03-19 14:23:35,283 - ===============================|    epoch 36   |===============================
2022-03-19 14:23:35,617 -     0 /    98 (000%):	 Total:0.0313149	 Acc:0.7812500	 lr:0.0014879	 Mean_Total:0.0313149
2022-03-19 14:23:35,901 -    19 /    98 (019%):	 Total:0.0371629	 Acc:0.6875000	 lr:0.0014839	 Mean_Total:0.0327191
2022-03-19 14:23:36,193 -    38 /    98 (038%):	 Total:0.0488782	 Acc:0.6250000	 lr:0.0014799	 Mean_Total:0.0346996
2022-03-19 14:23:36,452 -    57 /    98 (058%):	 Total:0.0400491	 Acc:0.6562500	 lr:0.0014760	 Mean_Total:0.0353673
2022-03-19 14:23:36,738 -    76 /    98 (077%):	 Total:0.0382114	 Acc:0.6875000	 lr:0.0014721	 Mean_Total:0.0357230
2022-03-19 14:23:37,072 -    95 /    98 (096%):	 Total:0.0589252	 Acc:0.5937500	 lr:0.0014683	 Mean_Total:0.0364011
2022-03-19 14:23:37,239 - ===============================| start validation |===============================
2022-03-19 14:23:37,803 - 	 Total:0.0765737	 Acc:0.5703984
2022-03-19 14:23:37,805 -    ini file updated    
2022-03-19 14:23:37,806 - ===============================|    epoch 37   |===============================
2022-03-19 14:23:38,158 -     0 /    98 (000%):	 Total:0.0205708	 Acc:0.7812500	 lr:0.0014674	 Mean_Total:0.0205708
2022-03-19 14:23:38,524 -    19 /    98 (019%):	 Total:0.0371896	 Acc:0.6562500	 lr:0.0014598	 Mean_Total:0.0352596
2022-03-19 14:23:38,836 -    38 /    98 (038%):	 Total:0.0601372	 Acc:0.6250000	 lr:0.0014523	 Mean_Total:0.0364021
2022-03-19 14:23:39,130 -    57 /    98 (058%):	 Total:0.0330513	 Acc:0.6875000	 lr:0.0014449	 Mean_Total:0.0362427
2022-03-19 14:23:39,426 -    76 /    98 (077%):	 Total:0.0357692	 Acc:0.7187500	 lr:0.0014376	 Mean_Total:0.0361842
2022-03-19 14:23:39,705 -    95 /    98 (096%):	 Total:0.0397455	 Acc:0.7187500	 lr:0.0014305	 Mean_Total:0.0363921
2022-03-19 14:23:39,844 - ===============================| start validation |===============================
2022-03-19 14:23:40,437 - 	 Total:0.0779444	 Acc:0.5487637
2022-03-19 14:23:40,441 -    ini file updated    
2022-03-19 14:23:40,441 - ===============================|    epoch 38   |===============================
2022-03-19 14:23:40,852 -     0 /    98 (000%):	 Total:0.0295766	 Acc:0.8125000	 lr:0.0014290	 Mean_Total:0.0295766
2022-03-19 14:23:41,180 -    19 /    98 (019%):	 Total:0.0521306	 Acc:0.5625000	 lr:0.0014150	 Mean_Total:0.0343601
2022-03-19 14:23:41,474 -    38 /    98 (038%):	 Total:0.0499852	 Acc:0.6562500	 lr:0.0014014	 Mean_Total:0.0352424
2022-03-19 14:23:41,762 -    57 /    98 (058%):	 Total:0.0280085	 Acc:0.7812500	 lr:0.0013882	 Mean_Total:0.0363435
2022-03-19 14:23:42,011 -    76 /    98 (077%):	 Total:0.0304421	 Acc:0.8125000	 lr:0.0013754	 Mean_Total:0.0358412
2022-03-19 14:23:42,241 -    95 /    98 (096%):	 Total:0.0356868	 Acc:0.6562500	 lr:0.0013629	 Mean_Total:0.0354018
2022-03-19 14:23:42,393 - ===============================| start validation |===============================
2022-03-19 14:23:42,952 - 	 Total:0.0731103	 Acc:0.5631868
2022-03-19 14:23:42,957 -    ini file updated    
2022-03-19 14:23:42,957 - ===============================|    epoch 39   |===============================
2022-03-19 14:23:43,308 -     0 /    98 (000%):	 Total:0.0179408	 Acc:0.8437500	 lr:0.0013603	 Mean_Total:0.0179408
2022-03-19 14:23:43,618 -    19 /    98 (019%):	 Total:0.0281910	 Acc:0.7500000	 lr:0.0013365	 Mean_Total:0.0323998
2022-03-19 14:23:43,906 -    38 /    98 (038%):	 Total:0.0298071	 Acc:0.7187500	 lr:0.0013138	 Mean_Total:0.0341204
2022-03-19 14:23:44,197 -    57 /    98 (058%):	 Total:0.0524757	 Acc:0.6250000	 lr:0.0012923	 Mean_Total:0.0349814
2022-03-19 14:23:44,474 -    76 /    98 (077%):	 Total:0.0344038	 Acc:0.7500000	 lr:0.0012718	 Mean_Total:0.0353116
2022-03-19 14:23:44,730 -    95 /    98 (096%):	 Total:0.0438429	 Acc:0.6875000	 lr:0.0012523	 Mean_Total:0.0355613
2022-03-19 14:23:44,878 - ===============================| start validation |===============================
2022-03-19 14:23:45,491 - 	 Total:0.0773319	 Acc:0.5449863
2022-03-19 14:23:45,494 -    ini file updated    
2022-03-19 14:23:45,494 - ===============================|    epoch 40   |===============================
2022-03-19 14:23:45,852 -     0 /    98 (000%):	 Total:0.0267095	 Acc:0.7187500	 lr:0.0012483	 Mean_Total:0.0267095
2022-03-19 14:23:46,217 -    19 /    98 (019%):	 Total:0.0175695	 Acc:0.8125000	 lr:0.0012121	 Mean_Total:0.0295476
2022-03-19 14:23:46,553 -    38 /    98 (038%):	 Total:0.0344488	 Acc:0.6875000	 lr:0.0011788	 Mean_Total:0.0309533
2022-03-19 14:23:46,851 -    57 /    98 (058%):	 Total:0.0262087	 Acc:0.8125000	 lr:0.0011482	 Mean_Total:0.0318828
2022-03-19 14:23:47,154 -    76 /    98 (077%):	 Total:0.0312041	 Acc:0.7500000	 lr:0.0011198	 Mean_Total:0.0319831
2022-03-19 14:23:47,461 -    95 /    98 (096%):	 Total:0.0411844	 Acc:0.6562500	 lr:0.0010935	 Mean_Total:0.0317377
2022-03-19 14:23:47,632 - ===============================| start validation |===============================
2022-03-19 14:23:48,231 - 	 Total:0.0836961	 Acc:0.5521978
2022-03-19 14:23:48,236 -    ini file updated    
2022-03-19 14:23:48,236 - ===============================|    epoch 41   |===============================
2022-03-19 14:23:48,594 -     0 /    98 (000%):	 Total:0.0242839	 Acc:0.8125000	 lr:0.0010882	 Mean_Total:0.0242839
2022-03-19 14:23:48,906 -    19 /    98 (019%):	 Total:0.0215419	 Acc:0.7500000	 lr:0.0010412	 Mean_Total:0.0299969
2022-03-19 14:23:49,164 -    38 /    98 (038%):	 Total:0.0372364	 Acc:0.6250000	 lr:0.0009999	 Mean_Total:0.0318344
2022-03-19 14:23:49,458 -    57 /    98 (058%):	 Total:0.0403985	 Acc:0.7812500	 lr:0.0009631	 Mean_Total:0.0318772
2022-03-19 14:23:49,720 -    76 /    98 (077%):	 Total:0.0331977	 Acc:0.6875000	 lr:0.0009301	 Mean_Total:0.0315486
2022-03-19 14:23:49,989 -    95 /    98 (096%):	 Total:0.0302873	 Acc:0.8125000	 lr:0.0009003	 Mean_Total:0.0315058
2022-03-19 14:23:50,123 - ===============================| start validation |===============================
2022-03-19 14:23:50,640 - 	 Total:0.0772902	 Acc:0.5573489
2022-03-19 14:23:50,644 -    ini file updated    
2022-03-19 14:23:50,644 - ===============================|    epoch 42   |===============================
2022-03-19 14:23:51,009 -     0 /    98 (000%):	 Total:0.0220447	 Acc:0.8125000	 lr:0.0008944	 Mean_Total:0.0220447
2022-03-19 14:23:51,288 -    19 /    98 (019%):	 Total:0.0394293	 Acc:0.6562500	 lr:0.0008434	 Mean_Total:0.0305468
2022-03-19 14:23:51,565 -    38 /    98 (038%):	 Total:0.0277871	 Acc:0.7812500	 lr:0.0008003	 Mean_Total:0.0318672
2022-03-19 14:23:51,813 -    57 /    98 (058%):	 Total:0.0413596	 Acc:0.6875000	 lr:0.0007632	 Mean_Total:0.0315343
2022-03-19 14:23:52,054 -    76 /    98 (077%):	 Total:0.0206607	 Acc:0.8437500	 lr:0.0007308	 Mean_Total:0.0314557
2022-03-19 14:23:52,291 -    95 /    98 (096%):	 Total:0.0376071	 Acc:0.6562500	 lr:0.0007022	 Mean_Total:0.0306420
2022-03-19 14:23:52,438 - ===============================| start validation |===============================
2022-03-19 14:23:52,922 - 	 Total:0.0763465	 Acc:0.5741758
2022-03-19 14:23:52,926 -    ini file updated    
2022-03-19 14:23:52,927 - ===============================|    epoch 43   |===============================
2022-03-19 14:23:53,311 -     0 /    98 (000%):	 Total:0.0290686	 Acc:0.8437500	 lr:0.0006966	 Mean_Total:0.0290686
2022-03-19 14:23:53,656 -    19 /    98 (019%):	 Total:0.0368538	 Acc:0.6562500	 lr:0.0006492	 Mean_Total:0.0316092
2022-03-19 14:23:53,952 -    38 /    98 (038%):	 Total:0.0232253	 Acc:0.8437500	 lr:0.0006104	 Mean_Total:0.0299803
2022-03-19 14:23:54,213 -    57 /    98 (058%):	 Total:0.0443670	 Acc:0.5937500	 lr:0.0005778	 Mean_Total:0.0295069
2022-03-19 14:23:54,468 -    76 /    98 (077%):	 Total:0.0261442	 Acc:0.7812500	 lr:0.0005500	 Mean_Total:0.0295545
2022-03-19 14:23:54,721 -    95 /    98 (096%):	 Total:0.0224454	 Acc:0.8437500	 lr:0.0005258	 Mean_Total:0.0295925
2022-03-19 14:23:54,877 - ===============================| start validation |===============================
2022-03-19 14:23:55,412 - 	 Total:0.0743182	 Acc:0.5813874
2022-03-19 14:23:55,415 -    ini file updated    
2022-03-19 14:23:55,415 - ===============================|    epoch 44   |===============================
2022-03-19 14:23:55,770 -     0 /    98 (000%):	 Total:0.0324984	 Acc:0.7812500	 lr:0.0005211	 Mean_Total:0.0324984
2022-03-19 14:23:56,059 -    19 /    98 (019%):	 Total:0.0218713	 Acc:0.8750000	 lr:0.0004819	 Mean_Total:0.0288324
2022-03-19 14:23:56,338 -    38 /    98 (038%):	 Total:0.0196592	 Acc:0.8750000	 lr:0.0004505	 Mean_Total:0.0286329
2022-03-19 14:23:56,692 -    57 /    98 (058%):	 Total:0.0424697	 Acc:0.6562500	 lr:0.0004244	 Mean_Total:0.0286749
2022-03-19 14:23:57,034 -    76 /    98 (077%):	 Total:0.0352650	 Acc:0.6562500	 lr:0.0004025	 Mean_Total:0.0282034
2022-03-19 14:23:57,380 -    95 /    98 (096%):	 Total:0.0309245	 Acc:0.7812500	 lr:0.0003836	 Mean_Total:0.0287108
2022-03-19 14:23:57,560 - ===============================| start validation |===============================
2022-03-19 14:23:58,106 - 	 Total:0.0749970	 Acc:0.5607830
2022-03-19 14:23:58,111 -    ini file updated    
2022-03-19 14:23:58,111 - ===============================|    epoch 45   |===============================
2022-03-19 14:23:58,455 -     0 /    98 (000%):	 Total:0.0262613	 Acc:0.8125000	 lr:0.0003799	 Mean_Total:0.0262613
2022-03-19 14:23:58,728 -    19 /    98 (019%):	 Total:0.0405911	 Acc:0.7187500	 lr:0.0003498	 Mean_Total:0.0274535
2022-03-19 14:23:58,997 -    38 /    98 (038%):	 Total:0.0263716	 Acc:0.7812500	 lr:0.0003259	 Mean_Total:0.0281246
2022-03-19 14:23:59,265 -    57 /    98 (058%):	 Total:0.0335545	 Acc:0.7500000	 lr:0.0003062	 Mean_Total:0.0276888
2022-03-19 14:23:59,576 -    76 /    98 (077%):	 Total:0.0419193	 Acc:0.7187500	 lr:0.0002898	 Mean_Total:0.0278314
2022-03-19 14:23:59,946 -    95 /    98 (096%):	 Total:0.0221790	 Acc:0.8125000	 lr:0.0002757	 Mean_Total:0.0278186
2022-03-19 14:24:00,108 - ===============================| start validation |===============================
2022-03-19 14:24:00,669 - 	 Total:0.0760952	 Acc:0.5655907
2022-03-19 14:24:00,675 -    ini file updated    
2022-03-19 14:24:00,676 - ===============================|    epoch 46   |===============================
2022-03-19 14:24:01,125 -     0 /    98 (000%):	 Total:0.0128028	 Acc:0.9375000	 lr:0.0002730	 Mean_Total:0.0128028
2022-03-19 14:24:01,470 -    19 /    98 (019%):	 Total:0.0318392	 Acc:0.7187500	 lr:0.0002507	 Mean_Total:0.0280859
2022-03-19 14:24:01,808 -    38 /    98 (038%):	 Total:0.0215670	 Acc:0.8750000	 lr:0.0002332	 Mean_Total:0.0275067
2022-03-19 14:24:02,098 -    57 /    98 (058%):	 Total:0.0331206	 Acc:0.6875000	 lr:0.0002188	 Mean_Total:0.0279559
2022-03-19 14:24:02,433 -    76 /    98 (077%):	 Total:0.0386864	 Acc:0.5937500	 lr:0.0002068	 Mean_Total:0.0287907
2022-03-19 14:24:02,767 -    95 /    98 (096%):	 Total:0.0398012	 Acc:0.6250000	 lr:0.0001966	 Mean_Total:0.0286448
2022-03-19 14:24:02,909 - ===============================| start validation |===============================
2022-03-19 14:24:03,578 - 	 Total:0.0768218	 Acc:0.5728022
2022-03-19 14:24:03,582 -    ini file updated    
2022-03-19 14:24:03,582 - ===============================|    epoch 47   |===============================
2022-03-19 14:24:03,940 -     0 /    98 (000%):	 Total:0.0191882	 Acc:0.8437500	 lr:0.0001951	 Mean_Total:0.0191882
2022-03-19 14:24:04,258 -    19 /    98 (019%):	 Total:0.0250774	 Acc:0.8125000	 lr:0.0001865	 Mean_Total:0.0258825
2022-03-19 14:24:04,533 -    38 /    98 (038%):	 Total:0.0191106	 Acc:0.8750000	 lr:0.0001789	 Mean_Total:0.0271588
2022-03-19 14:24:04,818 -    57 /    98 (058%):	 Total:0.0322324	 Acc:0.7187500	 lr:0.0001722	 Mean_Total:0.0266976
2022-03-19 14:24:05,077 -    76 /    98 (077%):	 Total:0.0189189	 Acc:0.8125000	 lr:0.0001662	 Mean_Total:0.0277316
2022-03-19 14:24:05,338 -    95 /    98 (096%):	 Total:0.0367554	 Acc:0.7500000	 lr:0.0001607	 Mean_Total:0.0272482
2022-03-19 14:24:05,482 - ===============================| start validation |===============================
2022-03-19 14:24:06,015 - 	 Total:0.0760555	 Acc:0.5813874
2022-03-19 14:24:06,018 -    ini file updated    
2022-03-19 14:24:06,018 - ===============================|    epoch 48   |===============================
2022-03-19 14:24:06,383 -     0 /    98 (000%):	 Total:0.0330798	 Acc:0.7500000	 lr:0.0001599	 Mean_Total:0.0330798
2022-03-19 14:24:06,674 -    19 /    98 (019%):	 Total:0.0223826	 Acc:0.8750000	 lr:0.0001551	 Mean_Total:0.0268768
2022-03-19 14:24:06,947 -    38 /    98 (038%):	 Total:0.0149493	 Acc:0.9375000	 lr:0.0001506	 Mean_Total:0.0265032
2022-03-19 14:24:07,218 -    57 /    98 (058%):	 Total:0.0160333	 Acc:0.8750000	 lr:0.0001465	 Mean_Total:0.0275750
2022-03-19 14:24:07,467 -    76 /    98 (077%):	 Total:0.0258494	 Acc:0.8750000	 lr:0.0001428	 Mean_Total:0.0273609
2022-03-19 14:24:07,702 -    95 /    98 (096%):	 Total:0.0154225	 Acc:0.9062500	 lr:0.0001393	 Mean_Total:0.0274402
2022-03-19 14:24:07,870 - ===============================| start validation |===============================
2022-03-19 14:24:08,431 - 	 Total:0.0754240	 Acc:0.5923764
2022-03-19 14:24:08,435 -    ini file updated    
2022-03-19 14:24:08,435 - ===============================|    epoch 49   |===============================
2022-03-19 14:24:08,804 -     0 /    98 (000%):	 Total:0.0293496	 Acc:0.6875000	 lr:0.0001387	 Mean_Total:0.0293496
2022-03-19 14:24:09,116 -    19 /    98 (019%):	 Total:0.0253481	 Acc:0.7812500	 lr:0.0001355	 Mean_Total:0.0286045
2022-03-19 14:24:09,356 -    38 /    98 (038%):	 Total:0.0209601	 Acc:0.8437500	 lr:0.0001325	 Mean_Total:0.0269562
2022-03-19 14:24:09,577 -    57 /    98 (058%):	 Total:0.0211375	 Acc:0.7812500	 lr:0.0001297	 Mean_Total:0.0268852
2022-03-19 14:24:09,797 -    76 /    98 (077%):	 Total:0.0243005	 Acc:0.7500000	 lr:0.0001271	 Mean_Total:0.0265512
2022-03-19 14:24:10,013 -    95 /    98 (096%):	 Total:0.0386169	 Acc:0.7500000	 lr:0.0001246	 Mean_Total:0.0268262
2022-03-19 14:24:10,153 - ===============================| start validation |===============================
2022-03-19 14:24:10,627 - 	 Total:0.0763583	 Acc:0.5899725
2022-03-19 14:24:10,631 -    ini file updated    
2022-03-19 14:24:10,631 - ===============================|    epoch 50   |===============================
2022-03-19 14:24:10,959 -     0 /    98 (000%):	 Total:0.0246677	 Acc:0.8125000	 lr:0.0001242	 Mean_Total:0.0246677
2022-03-19 14:24:11,223 -    19 /    98 (019%):	 Total:0.0312442	 Acc:0.8125000	 lr:0.0001219	 Mean_Total:0.0265095
2022-03-19 14:24:11,445 -    38 /    98 (038%):	 Total:0.0330477	 Acc:0.6562500	 lr:0.0001197	 Mean_Total:0.0262192
2022-03-19 14:24:11,668 -    57 /    98 (058%):	 Total:0.0299483	 Acc:0.7500000	 lr:0.0001176	 Mean_Total:0.0259748
2022-03-19 14:24:11,893 -    76 /    98 (077%):	 Total:0.0272106	 Acc:0.7500000	 lr:0.0001157	 Mean_Total:0.0265276
2022-03-19 14:24:12,114 -    95 /    98 (096%):	 Total:0.0324836	 Acc:0.6562500	 lr:0.0001138	 Mean_Total:0.0267661
2022-03-19 14:24:12,260 - ===============================| start validation |===============================
2022-03-19 14:24:12,772 - 	 Total:0.0740762	 Acc:0.5875687
2022-03-19 14:24:12,777 -    ini file updated    
2022-03-19 14:24:12,778 - ===============================|    epoch 51   |===============================
2022-03-19 14:24:13,157 -     0 /    98 (000%):	 Total:0.0290044	 Acc:0.8437500	 lr:0.0001135	 Mean_Total:0.0290044
2022-03-19 14:24:13,468 -    19 /    98 (019%):	 Total:0.0245157	 Acc:0.7500000	 lr:0.0001117	 Mean_Total:0.0232185
2022-03-19 14:24:13,751 -    38 /    98 (038%):	 Total:0.0187553	 Acc:0.8437500	 lr:0.0001100	 Mean_Total:0.0251269
2022-03-19 14:24:14,032 -    57 /    98 (058%):	 Total:0.0371596	 Acc:0.6875000	 lr:0.0001084	 Mean_Total:0.0263390
2022-03-19 14:24:14,310 -    76 /    98 (077%):	 Total:0.0188688	 Acc:0.8437500	 lr:0.0001068	 Mean_Total:0.0264114
2022-03-19 14:24:14,543 -    95 /    98 (096%):	 Total:0.0389215	 Acc:0.5937500	 lr:0.0001054	 Mean_Total:0.0267732
2022-03-19 14:24:14,686 - ===============================| start validation |===============================
2022-03-19 14:24:15,229 - 	 Total:0.0831884	 Acc:0.5508242
2022-03-19 14:24:15,232 -    ini file updated    
2022-03-19 14:24:15,232 - ===============================|    epoch 52   |===============================
2022-03-19 14:24:15,570 -     0 /    98 (000%):	 Total:0.0240377	 Acc:0.8125000	 lr:0.0001051	 Mean_Total:0.0240377
2022-03-19 14:24:15,850 -    19 /    98 (019%):	 Total:0.0176392	 Acc:0.8437500	 lr:0.0001037	 Mean_Total:0.0232817
2022-03-19 14:24:16,087 -    38 /    98 (038%):	 Total:0.0280510	 Acc:0.8125000	 lr:0.0001023	 Mean_Total:0.0240735
2022-03-19 14:24:16,318 -    57 /    98 (058%):	 Total:0.0189731	 Acc:0.8437500	 lr:0.0001010	 Mean_Total:0.0248905
2022-03-19 14:24:16,549 -    76 /    98 (077%):	 Total:0.0300904	 Acc:0.8125000	 lr:0.0000998	 Mean_Total:0.0258633
2022-03-19 14:24:16,776 -    95 /    98 (096%):	 Total:0.0283719	 Acc:0.7500000	 lr:0.0000986	 Mean_Total:0.0262262
2022-03-19 14:24:16,914 - ===============================| start validation |===============================
2022-03-19 14:24:17,450 - 	 Total:0.0779675	 Acc:0.5618132
2022-03-19 14:24:17,454 -    ini file updated    
2022-03-19 14:24:17,454 - ===============================|    epoch 53   |===============================
2022-03-19 14:24:17,796 -     0 /    98 (000%):	 Total:0.0241454	 Acc:0.8125000	 lr:0.0000984	 Mean_Total:0.0241454
2022-03-19 14:24:18,085 -    19 /    98 (019%):	 Total:0.0321351	 Acc:0.7187500	 lr:0.0000972	 Mean_Total:0.0261328
2022-03-19 14:24:18,361 -    38 /    98 (038%):	 Total:0.0440826	 Acc:0.6875000	 lr:0.0000961	 Mean_Total:0.0269618
2022-03-19 14:24:18,607 -    57 /    98 (058%):	 Total:0.0178623	 Acc:0.8437500	 lr:0.0000950	 Mean_Total:0.0254711
2022-03-19 14:24:18,903 -    76 /    98 (077%):	 Total:0.0224949	 Acc:0.8125000	 lr:0.0000940	 Mean_Total:0.0254070
2022-03-19 14:24:19,216 -    95 /    98 (096%):	 Total:0.0198742	 Acc:0.8125000	 lr:0.0000929	 Mean_Total:0.0260961
2022-03-19 14:24:19,391 - ===============================| start validation |===============================
2022-03-19 14:24:19,961 - 	 Total:0.0759623	 Acc:0.5607830
2022-03-19 14:24:19,966 -    ini file updated    
2022-03-19 14:24:19,966 - ===============================|    epoch 54   |===============================
2022-03-19 14:24:20,323 -     0 /    98 (000%):	 Total:0.0199355	 Acc:0.8437500	 lr:0.0000928	 Mean_Total:0.0199355
2022-03-19 14:24:20,642 -    19 /    98 (019%):	 Total:0.0234471	 Acc:0.7812500	 lr:0.0000918	 Mean_Total:0.0283117
2022-03-19 14:24:20,942 -    38 /    98 (038%):	 Total:0.0213198	 Acc:0.8125000	 lr:0.0000909	 Mean_Total:0.0283310
2022-03-19 14:24:21,220 -    57 /    98 (058%):	 Total:0.0155440	 Acc:0.8750000	 lr:0.0000899	 Mean_Total:0.0281527
2022-03-19 14:24:21,494 -    76 /    98 (077%):	 Total:0.0243656	 Acc:0.7500000	 lr:0.0000890	 Mean_Total:0.0273739
2022-03-19 14:24:21,768 -    95 /    98 (096%):	 Total:0.0327763	 Acc:0.6875000	 lr:0.0000882	 Mean_Total:0.0271442
2022-03-19 14:24:21,923 - ===============================| start validation |===============================
2022-03-19 14:24:22,486 - 	 Total:0.0784354	 Acc:0.5631868
2022-03-19 14:24:22,492 -    ini file updated    
2022-03-19 14:24:22,492 - ===============================|    epoch 55   |===============================
2022-03-19 14:24:22,856 -     0 /    98 (000%):	 Total:0.0198314	 Acc:0.8125000	 lr:0.0000880	 Mean_Total:0.0198314
2022-03-19 14:24:23,144 -    19 /    98 (019%):	 Total:0.0215600	 Acc:0.8125000	 lr:0.0000872	 Mean_Total:0.0278603
2022-03-19 14:24:23,432 -    38 /    98 (038%):	 Total:0.0452787	 Acc:0.6250000	 lr:0.0000864	 Mean_Total:0.0274006
2022-03-19 14:24:23,716 -    57 /    98 (058%):	 Total:0.0262932	 Acc:0.8125000	 lr:0.0000856	 Mean_Total:0.0276089
2022-03-19 14:24:23,997 -    76 /    98 (077%):	 Total:0.0324705	 Acc:0.7500000	 lr:0.0000848	 Mean_Total:0.0271424
2022-03-19 14:24:24,305 -    95 /    98 (096%):	 Total:0.0190518	 Acc:0.8750000	 lr:0.0000841	 Mean_Total:0.0267818
2022-03-19 14:24:24,476 - ===============================| start validation |===============================
2022-03-19 14:24:25,049 - 	 Total:0.0757095	 Acc:0.5827610
2022-03-19 14:24:25,052 -    ini file updated    
2022-03-19 14:24:25,053 - ===============================|    epoch 56   |===============================
2022-03-19 14:24:25,381 -     0 /    98 (000%):	 Total:0.0258781	 Acc:0.7812500	 lr:0.0000840	 Mean_Total:0.0258781
2022-03-19 14:24:25,667 -    19 /    98 (019%):	 Total:0.0183262	 Acc:0.8437500	 lr:0.0000832	 Mean_Total:0.0255151
2022-03-19 14:24:25,944 -    38 /    98 (038%):	 Total:0.0281498	 Acc:0.7500000	 lr:0.0000825	 Mean_Total:0.0263740
2022-03-19 14:24:26,219 -    57 /    98 (058%):	 Total:0.0308638	 Acc:0.6875000	 lr:0.0000818	 Mean_Total:0.0257023
2022-03-19 14:24:26,510 -    76 /    98 (077%):	 Total:0.0251037	 Acc:0.7187500	 lr:0.0000812	 Mean_Total:0.0258829
2022-03-19 14:24:26,776 -    95 /    98 (096%):	 Total:0.0358457	 Acc:0.7187500	 lr:0.0000805	 Mean_Total:0.0258266
2022-03-19 14:24:26,939 - ===============================| start validation |===============================
2022-03-19 14:24:27,512 - 	 Total:0.0777958	 Acc:0.5703984
2022-03-19 14:24:27,516 -    ini file updated    
2022-03-19 14:24:27,516 - ===============================|    epoch 57   |===============================
2022-03-19 14:24:27,901 -     0 /    98 (000%):	 Total:0.0250860	 Acc:0.9375000	 lr:0.0000804	 Mean_Total:0.0250860
2022-03-19 14:24:28,195 -    19 /    98 (019%):	 Total:0.0331843	 Acc:0.6875000	 lr:0.0000798	 Mean_Total:0.0277263
2022-03-19 14:24:28,464 -    38 /    98 (038%):	 Total:0.0283039	 Acc:0.6562500	 lr:0.0000791	 Mean_Total:0.0264323
2022-03-19 14:24:28,732 -    57 /    98 (058%):	 Total:0.0282894	 Acc:0.7187500	 lr:0.0000785	 Mean_Total:0.0267610
2022-03-19 14:24:29,011 -    76 /    98 (077%):	 Total:0.0203119	 Acc:0.8750000	 lr:0.0000779	 Mean_Total:0.0270958
2022-03-19 14:24:29,266 -    95 /    98 (096%):	 Total:0.0308190	 Acc:0.7812500	 lr:0.0000773	 Mean_Total:0.0266705
2022-03-19 14:24:29,415 - ===============================| start validation |===============================
2022-03-19 14:24:29,955 - 	 Total:0.0734709	 Acc:0.5961538
2022-03-19 14:24:29,958 -    ini file updated    
2022-03-19 14:24:29,958 - ===============================|    epoch 58   |===============================
2022-03-19 14:24:30,288 -     0 /    98 (000%):	 Total:0.0166514	 Acc:0.8750000	 lr:0.0000773	 Mean_Total:0.0166514
2022-03-19 14:24:30,562 -    19 /    98 (019%):	 Total:0.0173136	 Acc:0.8750000	 lr:0.0000767	 Mean_Total:0.0228096
2022-03-19 14:24:30,786 -    38 /    98 (038%):	 Total:0.0234407	 Acc:0.8125000	 lr:0.0000761	 Mean_Total:0.0238914
2022-03-19 14:24:31,043 -    57 /    98 (058%):	 Total:0.0265290	 Acc:0.7812500	 lr:0.0000756	 Mean_Total:0.0240772
2022-03-19 14:24:31,348 -    76 /    98 (077%):	 Total:0.0184397	 Acc:0.8750000	 lr:0.0000751	 Mean_Total:0.0251387
2022-03-19 14:24:31,642 -    95 /    98 (096%):	 Total:0.0319214	 Acc:0.7187500	 lr:0.0000745	 Mean_Total:0.0248825
2022-03-19 14:24:31,802 - ===============================| start validation |===============================
2022-03-19 14:24:32,406 - 	 Total:0.0776732	 Acc:0.5580357
2022-03-19 14:24:32,411 -    ini file updated    
2022-03-19 14:24:32,411 - ===============================|    epoch 59   |===============================
2022-03-19 14:24:32,760 -     0 /    98 (000%):	 Total:0.0314105	 Acc:0.7812500	 lr:0.0000745	 Mean_Total:0.0314105
2022-03-19 14:24:33,058 -    19 /    98 (019%):	 Total:0.0225556	 Acc:0.8125000	 lr:0.0000739	 Mean_Total:0.0257081
2022-03-19 14:24:33,379 -    38 /    98 (038%):	 Total:0.0364392	 Acc:0.7500000	 lr:0.0000734	 Mean_Total:0.0251355
2022-03-19 14:24:33,676 -    57 /    98 (058%):	 Total:0.0247611	 Acc:0.7812500	 lr:0.0000730	 Mean_Total:0.0256681
2022-03-19 14:24:33,974 -    76 /    98 (077%):	 Total:0.0235995	 Acc:0.7812500	 lr:0.0000725	 Mean_Total:0.0262910
2022-03-19 14:24:34,257 -    95 /    98 (096%):	 Total:0.0319934	 Acc:0.7500000	 lr:0.0000720	 Mean_Total:0.0262031
2022-03-19 14:24:34,425 - ===============================| start validation |===============================
2022-03-19 14:24:35,008 - 	 Total:0.0793850	 Acc:0.5679945
2022-03-19 14:24:35,011 -    ini file updated    
2022-03-19 14:24:35,011 - ===============================|    epoch 60   |===============================
2022-03-19 14:24:35,367 -     0 /    98 (000%):	 Total:0.0205017	 Acc:0.8437500	 lr:0.0000719	 Mean_Total:0.0205017
2022-03-19 14:24:35,670 -    19 /    98 (019%):	 Total:0.0304931	 Acc:0.7812500	 lr:0.0000715	 Mean_Total:0.0258291
2022-03-19 14:24:35,925 -    38 /    98 (038%):	 Total:0.0179518	 Acc:0.9062500	 lr:0.0000710	 Mean_Total:0.0252783
2022-03-19 14:24:36,162 -    57 /    98 (058%):	 Total:0.0353183	 Acc:0.6875000	 lr:0.0000706	 Mean_Total:0.0247506
2022-03-19 14:24:36,400 -    76 /    98 (077%):	 Total:0.0239528	 Acc:0.7812500	 lr:0.0000702	 Mean_Total:0.0253500
2022-03-19 14:24:36,660 -    95 /    98 (096%):	 Total:0.0390707	 Acc:0.6562500	 lr:0.0000697	 Mean_Total:0.0255861
2022-03-19 14:24:36,811 - ===============================| start validation |===============================
2022-03-19 14:24:37,329 - 	 Total:0.0792387	 Acc:0.5484203
2022-03-19 14:24:37,332 -    ini file updated    
