2021-09-14 10:14:13,148 -   	 	 ==============<<< device used: cuda:3  >>>============== 	 	 
2021-09-14 10:14:14,103 -  	 	 ==============<<< encoder load from >>>============== 	 	 
2021-09-14 10:14:14,103 -  	/data/users/wergillius/UTR_VAE/pth/RL_gru_MTL/ds4rl_unmod1_new/schdule_cv-model_best.pth
2021-09-14 10:14:18,606 -  	 	 ==============<<< ['soft_share'] part is fixed>>>============== 	 	 

2021-09-14 10:14:18,606 - ===============================|    epoch 0   |===============================
2021-09-14 10:14:19,293 -     0 / 11829 (000%):	 Total:53.4273796	 Acc:0.0000000	 lr:0.0009882	 Mean_Total:53.4273796
2021-09-14 10:15:24,521 -  2365 / 11829 (019%):	 Total:0.8332432	 Acc:0.1875000	 lr:0.0018171	 Mean_Total:0.8756388
2021-09-14 10:16:29,011 -  4730 / 11829 (039%):	 Total:0.7987930	 Acc:0.0937500	 lr:0.0012850	 Mean_Total:0.7777912
2021-09-14 10:17:40,216 -  7095 / 11829 (059%):	 Total:0.9140701	 Acc:0.0937500	 lr:0.0010493	 Mean_Total:0.7418329
2021-09-14 10:20:44,750 -  9460 / 11829 (079%):	 Total:0.9450590	 Acc:0.2812500	 lr:0.0009087	 Mean_Total:0.7225125
2021-09-14 10:24:12,279 - 11825 / 11829 (099%):	 Total:0.6292878	 Acc:0.1875000	 lr:0.0008128	 Mean_Total:0.7101223
2021-09-14 10:24:12,841 - ===============================| start validation |===============================
2021-09-14 10:25:38,103 - 	 Total:0.6468085	 Acc:0.1986243
2021-09-14 10:25:38,109 -    ini file updated    
2021-09-14 10:25:38,126 - Snapshot saved to /data/users/wergillius/UTR_VAE/pth/RL_gru_MTL/unmod_pretrain/unmod-model_best_cv1.pth

2021-09-14 10:25:38,128 -    ini file updated    
2021-09-14 10:25:38,128 - ===============================|    epoch 1   |===============================
2021-09-14 10:25:39,509 -     0 / 11829 (000%):	 Total:0.3234810	 Acc:0.3125000	 lr:0.0008126	 Mean_Total:0.3234810
2021-09-14 10:29:01,028 -  2365 / 11829 (019%):	 Total:0.6374466	 Acc:0.1562500	 lr:0.0007419	 Mean_Total:0.6539635
2021-09-14 10:32:44,812 -  4730 / 11829 (039%):	 Total:0.7123597	 Acc:0.1875000	 lr:0.0006869	 Mean_Total:0.6532958
2021-09-14 10:35:52,596 -  7095 / 11829 (059%):	 Total:0.4497437	 Acc:0.2187500	 lr:0.0006425	 Mean_Total:0.6531044
2021-09-14 10:38:58,284 -  9460 / 11829 (079%):	 Total:0.7413942	 Acc:0.1875000	 lr:0.0006058	 Mean_Total:0.6536081
2021-09-14 10:42:30,855 - 11825 / 11829 (099%):	 Total:0.9425303	 Acc:0.0937500	 lr:0.0005747	 Mean_Total:0.6526843
2021-09-14 10:42:31,521 - ===============================| start validation |===============================
2021-09-14 10:44:03,989 - 	 Total:0.6338364	 Acc:0.2028887
2021-09-14 10:44:03,994 -    ini file updated    
2021-09-14 10:44:04,014 - Snapshot saved to /data/users/wergillius/UTR_VAE/pth/RL_gru_MTL/unmod_pretrain/unmod-model_best_cv1.pth

2021-09-14 10:44:04,015 -    ini file updated    
2021-09-14 10:44:04,016 - ===============================|    epoch 2   |===============================
2021-09-14 10:44:05,353 -     0 / 11829 (000%):	 Total:0.7017999	 Acc:0.1250000	 lr:0.0005746	 Mean_Total:0.7017999
2021-09-14 10:47:31,513 -  2365 / 11829 (019%):	 Total:0.6919154	 Acc:0.0312500	 lr:0.0005479	 Mean_Total:0.6479888
2021-09-14 10:51:02,927 -  4730 / 11829 (039%):	 Total:0.6185420	 Acc:0.1875000	 lr:0.0005246	 Mean_Total:0.6458888
2021-09-14 10:54:12,550 -  7095 / 11829 (059%):	 Total:0.5521587	 Acc:0.3125000	 lr:0.0005040	 Mean_Total:0.6458845
2021-09-14 10:57:18,204 -  9460 / 11829 (079%):	 Total:0.4609662	 Acc:0.2500000	 lr:0.0004857	 Mean_Total:0.6474378
2021-09-14 11:00:58,110 - 11825 / 11829 (099%):	 Total:1.1329920	 Acc:0.0625000	 lr:0.0004692	 Mean_Total:0.6470169
2021-09-14 11:00:58,881 - ===============================| start validation |===============================
2021-09-14 11:02:32,561 - 	 Total:0.6217712	 Acc:0.2012859
2021-09-14 11:02:32,567 -    ini file updated    
2021-09-14 11:02:32,585 - Snapshot saved to /data/users/wergillius/UTR_VAE/pth/RL_gru_MTL/unmod_pretrain/unmod-model_best_cv1.pth

2021-09-14 11:02:32,586 -    ini file updated    
2021-09-14 11:02:32,586 - ===============================|    epoch 3   |===============================
2021-09-14 11:02:33,824 -     0 / 11829 (000%):	 Total:0.6016193	 Acc:0.1250000	 lr:0.0004692	 Mean_Total:0.6016193
2021-09-14 11:06:00,819 -  2365 / 11829 (019%):	 Total:0.4071021	 Acc:0.2500000	 lr:0.0004543	 Mean_Total:0.6489229
2021-09-14 11:09:42,697 -  4730 / 11829 (039%):	 Total:0.4351652	 Acc:0.3125000	 lr:0.0004407	 Mean_Total:0.6462407
2021-09-14 11:12:58,695 -  7095 / 11829 (059%):	 Total:0.8005589	 Acc:0.3750000	 lr:0.0004283	 Mean_Total:0.6454755
2021-09-14 11:16:03,532 -  9460 / 11829 (079%):	 Total:0.5387806	 Acc:0.2187500	 lr:0.0004169	 Mean_Total:0.6444928
2021-09-14 11:19:56,031 - 11825 / 11829 (099%):	 Total:0.6596518	 Acc:0.0937500	 lr:0.0004064	 Mean_Total:0.6434074
2021-09-14 11:19:56,807 - ===============================| start validation |===============================
2021-09-14 11:21:33,133 - 	 Total:0.6241254	 Acc:0.2002033
2021-09-14 11:21:33,142 -    ini file updated    
2021-09-14 11:21:33,143 - ===============================|    epoch 4   |===============================
2021-09-14 11:21:34,564 -     0 / 11829 (000%):	 Total:0.5830926	 Acc:0.1562500	 lr:0.0004063	 Mean_Total:0.5830926
2021-09-14 11:25:06,529 -  2365 / 11829 (019%):	 Total:0.5371915	 Acc:0.2500000	 lr:0.0003965	 Mean_Total:0.6444497
2021-09-14 11:28:52,225 -  4730 / 11829 (039%):	 Total:0.6475058	 Acc:0.2187500	 lr:0.0003874	 Mean_Total:0.6433546
2021-09-14 11:32:17,997 -  7095 / 11829 (059%):	 Total:0.6739262	 Acc:0.1250000	 lr:0.0003789	 Mean_Total:0.6425469
2021-09-14 11:35:18,908 -  9460 / 11829 (079%):	 Total:0.9127825	 Acc:0.1875000	 lr:0.0003709	 Mean_Total:0.6409956
2021-09-14 11:38:52,833 - 11825 / 11829 (099%):	 Total:0.4148385	 Acc:0.2812500	 lr:0.0003635	 Mean_Total:0.6419541
2021-09-14 11:38:53,510 - ===============================| start validation |===============================
2021-09-14 11:40:30,290 - 	 Total:0.6238146	 Acc:0.2014496
2021-09-14 11:40:30,293 -    ini file updated    
2021-09-14 11:40:30,294 - ===============================|    epoch 5   |===============================
2021-09-14 11:40:31,763 -     0 / 11829 (000%):	 Total:1.1377674	 Acc:0.1250000	 lr:0.0003634	 Mean_Total:1.1377674
2021-09-14 11:43:53,968 -  2365 / 11829 (019%):	 Total:0.3589262	 Acc:0.3125000	 lr:0.0003564	 Mean_Total:0.6411219
2021-09-14 11:47:25,912 -  4730 / 11829 (039%):	 Total:0.6898062	 Acc:0.2187500	 lr:0.0003497	 Mean_Total:0.6413399
2021-09-14 11:50:43,230 -  7095 / 11829 (059%):	 Total:0.8805404	 Acc:0.0937500	 lr:0.0003434	 Mean_Total:0.6398847
2021-09-14 11:53:43,665 -  9460 / 11829 (079%):	 Total:0.6485425	 Acc:0.3437500	 lr:0.0003375	 Mean_Total:0.6401823
2021-09-14 11:57:27,484 - 11825 / 11829 (099%):	 Total:0.8855628	 Acc:0.2187500	 lr:0.0003318	 Mean_Total:0.6397821
2021-09-14 11:57:28,215 - ===============================| start validation |===============================
2021-09-14 11:59:11,894 - 	 Total:0.6224343	 Acc:0.2043040
2021-09-14 11:59:11,898 -    ini file updated    
2021-09-14 11:59:11,932 - Snapshot saved to /data/users/wergillius/UTR_VAE/pth/RL_gru_MTL/unmod_pretrain/unmod-model_best_cv1.pth

2021-09-14 11:59:11,934 -    ini file updated    
2021-09-14 11:59:11,934 - ===============================|    epoch 6   |===============================
2021-09-14 11:59:13,161 -     0 / 11829 (000%):	 Total:0.6843627	 Acc:0.2187500	 lr:0.0003318	 Mean_Total:0.6843627
2021-09-14 12:02:38,891 -  2365 / 11829 (019%):	 Total:0.3304981	 Acc:0.2812500	 lr:0.0003264	 Mean_Total:0.6396143
2021-09-14 12:06:13,609 -  4730 / 11829 (039%):	 Total:0.6294193	 Acc:0.1875000	 lr:0.0003212	 Mean_Total:0.6393617
2021-09-14 12:09:37,727 -  7095 / 11829 (059%):	 Total:0.3950008	 Acc:0.2500000	 lr:0.0003163	 Mean_Total:0.6393303
2021-09-14 12:12:35,642 -  9460 / 11829 (079%):	 Total:0.4397789	 Acc:0.2500000	 lr:0.0003117	 Mean_Total:0.6403542
2021-09-14 12:16:41,180 - 11825 / 11829 (099%):	 Total:0.7835206	 Acc:0.1250000	 lr:0.0003072	 Mean_Total:0.6392170
2021-09-14 12:16:42,712 - ===============================| start validation |===============================
2021-09-14 12:18:31,613 - 	 Total:0.6213628	 Acc:0.2029124
2021-09-14 12:18:31,627 -    ini file updated    
2021-09-14 12:18:31,650 - Snapshot saved to /data/users/wergillius/UTR_VAE/pth/RL_gru_MTL/unmod_pretrain/unmod-model_best_cv1.pth

2021-09-14 12:18:31,655 -    ini file updated    
2021-09-14 12:18:31,656 - ===============================|    epoch 7   |===============================
2021-09-14 12:18:33,148 -     0 / 11829 (000%):	 Total:0.6385667	 Acc:0.1875000	 lr:0.0003072	 Mean_Total:0.6385667
2021-09-14 12:24:31,214 -  2365 / 11829 (019%):	 Total:0.6205443	 Acc:0.2187500	 lr:0.0003029	 Mean_Total:0.6342244
2021-09-14 12:29:01,971 -  4730 / 11829 (039%):	 Total:0.5661124	 Acc:0.1562500	 lr:0.0002987	 Mean_Total:0.6362736
2021-09-14 12:35:03,134 -  7095 / 11829 (059%):	 Total:0.7622172	 Acc:0.0937500	 lr:0.0002948	 Mean_Total:0.6360342
2021-09-14 12:40:54,542 -  9460 / 11829 (079%):	 Total:0.9527094	 Acc:0.1562500	 lr:0.0002910	 Mean_Total:0.6372373
2021-09-14 12:45:09,059 - 11825 / 11829 (099%):	 Total:0.7892232	 Acc:0.1562500	 lr:0.0002873	 Mean_Total:0.6372019
2021-09-14 12:45:09,683 - ===============================| start validation |===============================
2021-09-14 12:46:49,047 - 	 Total:0.6161271	 Acc:0.2010984
2021-09-14 12:46:49,053 -    ini file updated    
2021-09-14 12:46:49,110 - Snapshot saved to /data/users/wergillius/UTR_VAE/pth/RL_gru_MTL/unmod_pretrain/unmod-model_best_cv1.pth

2021-09-14 12:46:49,111 -    ini file updated    
2021-09-14 12:46:49,112 - ===============================|    epoch 8   |===============================
2021-09-14 12:46:50,950 -     0 / 11829 (000%):	 Total:0.8367231	 Acc:0.1562500	 lr:0.0002873	 Mean_Total:0.8367231
2021-09-14 12:50:22,227 -  2365 / 11829 (019%):	 Total:0.5652618	 Acc:0.1562500	 lr:0.0002838	 Mean_Total:0.6356981
2021-09-14 12:53:48,599 -  4730 / 11829 (039%):	 Total:0.5702456	 Acc:0.3437500	 lr:0.0002804	 Mean_Total:0.6352986
2021-09-14 12:57:10,685 -  7095 / 11829 (059%):	 Total:0.4992087	 Acc:0.2500000	 lr:0.0002771	 Mean_Total:0.6360936
2021-09-14 13:00:35,689 -  9460 / 11829 (079%):	 Total:0.5612520	 Acc:0.0937500	 lr:0.0002740	 Mean_Total:0.6374150
2021-09-14 13:03:41,281 - 11825 / 11829 (099%):	 Total:0.4406950	 Acc:0.1250000	 lr:0.0002709	 Mean_Total:0.6372792
2021-09-14 13:03:41,874 - ===============================| start validation |===============================
2021-09-14 13:05:21,296 - 	 Total:0.6193682	 Acc:0.2044730
2021-09-14 13:05:21,301 -    ini file updated    
2021-09-14 13:05:21,324 - Snapshot saved to /data/users/wergillius/UTR_VAE/pth/RL_gru_MTL/unmod_pretrain/unmod-model_best_cv1.pth

2021-09-14 13:05:21,325 -    ini file updated    
2021-09-14 13:05:21,325 - ===============================|    epoch 9   |===============================
2021-09-14 13:05:22,760 -     0 / 11829 (000%):	 Total:0.7991659	 Acc:0.2500000	 lr:0.0002709	 Mean_Total:0.7991659
2021-09-14 13:08:52,117 -  2365 / 11829 (019%):	 Total:0.5405580	 Acc:0.2812500	 lr:0.0002679	 Mean_Total:0.6378338
2021-09-14 13:10:40,645 -  4730 / 11829 (039%):	 Total:0.7277400	 Acc:0.3125000	 lr:0.0002651	 Mean_Total:0.6358623
2021-09-14 13:12:24,256 -  7095 / 11829 (059%):	 Total:0.7241291	 Acc:0.2187500	 lr:0.0002623	 Mean_Total:0.6349680
2021-09-14 13:14:10,484 -  9460 / 11829 (079%):	 Total:0.4185855	 Acc:0.3437500	 lr:0.0002596	 Mean_Total:0.6358135
2021-09-14 13:15:55,094 - 11825 / 11829 (099%):	 Total:0.6334870	 Acc:0.0937500	 lr:0.0002570	 Mean_Total:0.6357158
2021-09-14 13:15:55,430 - ===============================| start validation |===============================
2021-09-14 13:16:18,447 - 	 Total:0.6208967	 Acc:0.2055027
2021-09-14 13:16:18,452 -    ini file updated    
2021-09-14 13:16:18,465 - Snapshot saved to /data/users/wergillius/UTR_VAE/pth/RL_gru_MTL/unmod_pretrain/unmod-model_best_cv1.pth

2021-09-14 13:16:18,466 -    ini file updated    
2021-09-14 13:16:18,466 - ===============================|    epoch 10   |===============================
2021-09-14 13:16:19,624 -     0 / 11829 (000%):	 Total:0.9077979	 Acc:0.1875000	 lr:0.0002570	 Mean_Total:0.9077979
2021-09-14 13:18:05,671 -  2365 / 11829 (019%):	 Total:0.7619464	 Acc:0.0937500	 lr:0.0002545	 Mean_Total:0.6331243
2021-09-14 13:19:51,778 -  4730 / 11829 (039%):	 Total:0.8756554	 Acc:0.1562500	 lr:0.0002520	 Mean_Total:0.6366166
2021-09-14 13:21:33,282 -  7095 / 11829 (059%):	 Total:0.5047588	 Acc:0.2812500	 lr:0.0002496	 Mean_Total:0.6367829
2021-09-14 13:23:19,025 -  9460 / 11829 (079%):	 Total:0.6704308	 Acc:0.1875000	 lr:0.0002473	 Mean_Total:0.6362156
2021-09-14 13:25:03,077 - 11825 / 11829 (099%):	 Total:0.4947578	 Acc:0.2812500	 lr:0.0002450	 Mean_Total:0.6355401
2021-09-14 13:25:03,466 - ===============================| start validation |===============================
2021-09-14 13:25:31,206 - 	 Total:0.6492964	 Acc:0.2021177
2021-09-14 13:25:31,212 -    ini file updated    
2021-09-14 13:25:31,213 - ===============================|    epoch 11   |===============================
2021-09-14 13:25:32,489 -     0 / 11829 (000%):	 Total:0.5000134	 Acc:0.2812500	 lr:0.0002450	 Mean_Total:0.5000134
2021-09-14 13:27:19,398 -  2365 / 11829 (019%):	 Total:0.9028040	 Acc:0.1562500	 lr:0.0002428	 Mean_Total:0.6346713
2021-09-14 13:29:02,043 -  4730 / 11829 (039%):	 Total:0.6886644	 Acc:0.1250000	 lr:0.0002407	 Mean_Total:0.6351757
2021-09-14 13:30:42,413 -  7095 / 11829 (059%):	 Total:0.5695786	 Acc:0.0625000	 lr:0.0002386	 Mean_Total:0.6354803
2021-09-14 13:32:26,593 -  9460 / 11829 (079%):	 Total:0.5814876	 Acc:0.3750000	 lr:0.0002366	 Mean_Total:0.6353602
2021-09-14 13:34:11,055 - 11825 / 11829 (099%):	 Total:0.9754443	 Acc:0.2500000	 lr:0.0002346	 Mean_Total:0.6349544
2021-09-14 13:34:11,411 - ===============================| start validation |===============================
2021-09-14 13:34:34,447 - 	 Total:0.6199355	 Acc:0.2032082
2021-09-14 13:34:34,451 -    ini file updated    
2021-09-14 13:34:34,451 - ===============================|    epoch 12   |===============================
2021-09-14 13:34:35,695 -     0 / 11829 (000%):	 Total:0.9049026	 Acc:0.1250000	 lr:0.0002346	 Mean_Total:0.9049026
2021-09-14 13:36:21,248 -  2365 / 11829 (019%):	 Total:0.7202047	 Acc:0.0937500	 lr:0.0002327	 Mean_Total:0.6319360
2021-09-14 13:38:05,215 -  4730 / 11829 (039%):	 Total:0.6071212	 Acc:0.1875000	 lr:0.0002308	 Mean_Total:0.6304485
2021-09-14 13:39:47,641 -  7095 / 11829 (059%):	 Total:0.7888299	 Acc:0.1562500	 lr:0.0002289	 Mean_Total:0.6330380
2021-09-14 13:41:33,826 -  9460 / 11829 (079%):	 Total:0.7696108	 Acc:0.2187500	 lr:0.0002272	 Mean_Total:0.6337879
2021-09-14 13:43:32,835 - 11825 / 11829 (099%):	 Total:0.7348853	 Acc:0.0625000	 lr:0.0002254	 Mean_Total:0.6340073
2021-09-14 13:43:33,181 - ===============================| start validation |===============================
2021-09-14 13:44:06,142 - 	 Total:0.6132759	 Acc:0.2018774
2021-09-14 13:44:06,147 -    ini file updated    
2021-09-14 13:44:06,165 - Snapshot saved to /data/users/wergillius/UTR_VAE/pth/RL_gru_MTL/unmod_pretrain/unmod-model_best_cv1.pth

2021-09-14 13:44:06,166 -    ini file updated    
2021-09-14 13:44:06,166 - ===============================|    epoch 13   |===============================
2021-09-14 13:44:08,091 -     0 / 11829 (000%):	 Total:0.5395075	 Acc:0.1562500	 lr:0.0002254	 Mean_Total:0.5395075
2021-09-14 13:46:05,485 -  2365 / 11829 (019%):	 Total:0.8315102	 Acc:0.1875000	 lr:0.0002237	 Mean_Total:0.6369327
2021-09-14 13:48:04,703 -  4730 / 11829 (039%):	 Total:0.7513337	 Acc:0.0937500	 lr:0.0002220	 Mean_Total:0.6363075
2021-09-14 13:49:49,672 -  7095 / 11829 (059%):	 Total:0.7515141	 Acc:0.1562500	 lr:0.0002204	 Mean_Total:0.6345849
2021-09-14 13:51:38,015 -  9460 / 11829 (079%):	 Total:0.6810739	 Acc:0.2187500	 lr:0.0002188	 Mean_Total:0.6344285
2021-09-14 13:53:21,597 - 11825 / 11829 (099%):	 Total:0.5609399	 Acc:0.1562500	 lr:0.0002172	 Mean_Total:0.6338847
2021-09-14 13:53:21,945 - ===============================| start validation |===============================
2021-09-14 13:53:44,172 - 	 Total:0.6200770	 Acc:0.2032715
2021-09-14 13:53:44,177 -    ini file updated    
2021-09-14 13:53:44,177 - ===============================|    epoch 14   |===============================
2021-09-14 13:53:45,240 -     0 / 11829 (000%):	 Total:1.1057149	 Acc:0.2500000	 lr:0.0002172	 Mean_Total:1.1057149
2021-09-14 13:55:30,719 -  2365 / 11829 (019%):	 Total:0.5664052	 Acc:0.2187500	 lr:0.0002157	 Mean_Total:0.6342199
2021-09-14 13:57:12,418 -  4730 / 11829 (039%):	 Total:0.5717313	 Acc:0.2187500	 lr:0.0002142	 Mean_Total:0.6330945
2021-09-14 13:58:52,235 -  7095 / 11829 (059%):	 Total:0.5428910	 Acc:0.1875000	 lr:0.0002127	 Mean_Total:0.6328479
2021-09-14 14:00:33,958 -  9460 / 11829 (079%):	 Total:0.7533075	 Acc:0.1875000	 lr:0.0002112	 Mean_Total:0.6344090
2021-09-14 14:02:15,841 - 11825 / 11829 (099%):	 Total:0.7732517	 Acc:0.2500000	 lr:0.0002098	 Mean_Total:0.6340213
2021-09-14 14:02:16,223 - ===============================| start validation |===============================
2021-09-14 14:02:40,812 - 	 Total:0.6258645	 Acc:0.2034009
2021-09-14 14:02:40,817 -    ini file updated    
2021-09-14 14:02:40,817 - ===============================|    epoch 15   |===============================
2021-09-14 14:02:41,950 -     0 / 11829 (000%):	 Total:0.5697082	 Acc:0.0625000	 lr:0.0002098	 Mean_Total:0.5697082
2021-09-14 14:04:27,063 -  2365 / 11829 (019%):	 Total:0.7702069	 Acc:0.0937500	 lr:0.0002084	 Mean_Total:0.6311454
2021-09-14 14:06:10,252 -  4730 / 11829 (039%):	 Total:0.6308277	 Acc:0.2187500	 lr:0.0002071	 Mean_Total:0.6331877
2021-09-14 14:07:51,507 -  7095 / 11829 (059%):	 Total:0.4990173	 Acc:0.0937500	 lr:0.0002058	 Mean_Total:0.6316926
2021-09-14 14:09:34,703 -  9460 / 11829 (079%):	 Total:0.6486911	 Acc:0.2187500	 lr:0.0002045	 Mean_Total:0.6315980
2021-09-14 14:11:17,220 - 11825 / 11829 (099%):	 Total:0.5053384	 Acc:0.2500000	 lr:0.0002032	 Mean_Total:0.6330145
2021-09-14 14:11:17,559 - ===============================| start validation |===============================
2021-09-14 14:11:41,237 - 	 Total:0.6216758	 Acc:0.2038049
2021-09-14 14:11:41,242 -    ini file updated    
2021-09-14 14:11:41,243 - ===============================|    epoch 16   |===============================
2021-09-14 14:11:42,333 -     0 / 11829 (000%):	 Total:0.8023881	 Acc:0.3125000	 lr:0.0002032	 Mean_Total:0.8023881
2021-09-14 14:13:26,967 -  2365 / 11829 (019%):	 Total:0.5667477	 Acc:0.1250000	 lr:0.0002019	 Mean_Total:0.6296110
2021-09-14 14:15:08,158 -  4730 / 11829 (039%):	 Total:0.6091782	 Acc:0.1562500	 lr:0.0002007	 Mean_Total:0.6320471
2021-09-14 14:16:48,299 -  7095 / 11829 (059%):	 Total:0.6615973	 Acc:0.1875000	 lr:0.0001995	 Mean_Total:0.6339535
2021-09-14 14:18:32,391 -  9460 / 11829 (079%):	 Total:0.7274182	 Acc:0.2187500	 lr:0.0001983	 Mean_Total:0.6344163
2021-09-14 14:20:15,015 - 11825 / 11829 (099%):	 Total:0.7397810	 Acc:0.1562500	 lr:0.0001971	 Mean_Total:0.6331920
2021-09-14 14:20:15,357 - ===============================| start validation |===============================
2021-09-14 14:20:40,214 - 	 Total:0.6131990	 Acc:0.2045284
2021-09-14 14:20:40,219 -    ini file updated    
2021-09-14 14:20:40,234 - Snapshot saved to /data/users/wergillius/UTR_VAE/pth/RL_gru_MTL/unmod_pretrain/unmod-model_best_cv1.pth

2021-09-14 14:20:40,236 -    ini file updated    
2021-09-14 14:20:40,236 - ===============================|    epoch 17   |===============================
2021-09-14 14:20:41,321 -     0 / 11829 (000%):	 Total:0.6806864	 Acc:0.3125000	 lr:0.0001971	 Mean_Total:0.6806864
2021-09-14 14:22:30,904 -  2365 / 11829 (019%):	 Total:0.5671647	 Acc:0.0937500	 lr:0.0001960	 Mean_Total:0.6332045
2021-09-14 14:24:12,489 -  4730 / 11829 (039%):	 Total:0.6706547	 Acc:0.1250000	 lr:0.0001948	 Mean_Total:0.6342145
2021-09-14 14:25:54,354 -  7095 / 11829 (059%):	 Total:0.6160750	 Acc:0.1875000	 lr:0.0001937	 Mean_Total:0.6318905
2021-09-14 14:27:38,074 -  9460 / 11829 (079%):	 Total:0.5594071	 Acc:0.1562500	 lr:0.0001926	 Mean_Total:0.6319254
2021-09-14 14:29:17,480 - 11825 / 11829 (099%):	 Total:0.8957515	 Acc:0.1250000	 lr:0.0001916	 Mean_Total:0.6329201
2021-09-14 14:29:17,900 - ===============================| start validation |===============================
2021-09-14 14:29:45,187 - 	 Total:0.6244880	 Acc:0.2044703
2021-09-14 14:29:45,192 -    ini file updated    
2021-09-14 14:29:45,192 - ===============================|    epoch 18   |===============================
2021-09-14 14:29:46,284 -     0 / 11829 (000%):	 Total:0.5502156	 Acc:0.1875000	 lr:0.0001916	 Mean_Total:0.5502156
2021-09-14 14:31:31,232 -  2365 / 11829 (019%):	 Total:0.5642421	 Acc:0.3437500	 lr:0.0001905	 Mean_Total:0.6347301
2021-09-14 14:33:11,998 -  4730 / 11829 (039%):	 Total:0.4211559	 Acc:0.2187500	 lr:0.0001895	 Mean_Total:0.6335184
2021-09-14 14:34:51,872 -  7095 / 11829 (059%):	 Total:0.5059543	 Acc:0.2187500	 lr:0.0001884	 Mean_Total:0.6332349
2021-09-14 14:36:29,259 -  9460 / 11829 (079%):	 Total:0.7361478	 Acc:0.1250000	 lr:0.0001874	 Mean_Total:0.6327173
2021-09-14 14:38:08,763 - 11825 / 11829 (099%):	 Total:0.5519519	 Acc:0.1562500	 lr:0.0001864	 Mean_Total:0.6320671
2021-09-14 14:38:09,027 - ===============================| start validation |===============================
2021-09-14 14:38:30,801 - 	 Total:0.6120670	 Acc:0.2040769
2021-09-14 14:38:30,807 -    ini file updated    
2021-09-14 14:38:30,831 - Snapshot saved to /data/users/wergillius/UTR_VAE/pth/RL_gru_MTL/unmod_pretrain/unmod-model_best_cv1.pth

2021-09-14 14:38:30,832 -    ini file updated    
2021-09-14 14:38:30,832 - ===============================|    epoch 19   |===============================
2021-09-14 14:38:32,189 -     0 / 11829 (000%):	 Total:0.5775533	 Acc:0.2187500	 lr:0.0001864	 Mean_Total:0.5775533
2021-09-14 14:40:14,481 -  2365 / 11829 (019%):	 Total:0.3942195	 Acc:0.2187500	 lr:0.0001855	 Mean_Total:0.6304312
2021-09-14 14:41:53,380 -  4730 / 11829 (039%):	 Total:0.5284595	 Acc:0.1250000	 lr:0.0001845	 Mean_Total:0.6280605
2021-09-14 14:43:35,538 -  7095 / 11829 (059%):	 Total:0.6196470	 Acc:0.1875000	 lr:0.0001836	 Mean_Total:0.6294419
2021-09-14 14:45:21,136 -  9460 / 11829 (079%):	 Total:0.6058444	 Acc:0.2812500	 lr:0.0001826	 Mean_Total:0.6307360
2021-09-14 14:47:04,144 - 11825 / 11829 (099%):	 Total:0.6354941	 Acc:0.2187500	 lr:0.0001817	 Mean_Total:0.6317397
2021-09-14 14:47:04,470 - ===============================| start validation |===============================
2021-09-14 14:47:24,837 - 	 Total:0.6156823	 Acc:0.2050169
2021-09-14 14:47:24,842 -    ini file updated    
2021-09-14 14:47:24,843 - ===============================|    epoch 20   |===============================
2021-09-14 14:47:26,010 -     0 / 11829 (000%):	 Total:0.7649691	 Acc:0.1875000	 lr:0.0001817	 Mean_Total:0.7649691
2021-09-14 14:49:10,057 -  2365 / 11829 (019%):	 Total:0.3830800	 Acc:0.2500000	 lr:0.0001808	 Mean_Total:0.6265859
2021-09-14 14:50:49,918 -  4730 / 11829 (039%):	 Total:0.6417599	 Acc:0.1875000	 lr:0.0001799	 Mean_Total:0.6258633
2021-09-14 14:52:26,695 -  7095 / 11829 (059%):	 Total:0.5321625	 Acc:0.1250000	 lr:0.0001791	 Mean_Total:0.6278606
2021-09-14 14:54:06,496 -  9460 / 11829 (079%):	 Total:0.6982352	 Acc:0.2187500	 lr:0.0001782	 Mean_Total:0.6292562
2021-09-14 14:55:49,835 - 11825 / 11829 (099%):	 Total:1.0592287	 Acc:0.0937500	 lr:0.0001773	 Mean_Total:0.6309089
2021-09-14 14:55:50,246 - ===============================| start validation |===============================
2021-09-14 14:56:13,525 - 	 Total:0.6156685	 Acc:0.2060731
2021-09-14 14:56:13,529 -    ini file updated    
2021-09-14 14:56:13,550 - Snapshot saved to /data/users/wergillius/UTR_VAE/pth/RL_gru_MTL/unmod_pretrain/unmod-model_best_cv1.pth

2021-09-14 14:56:13,551 -    ini file updated    
2021-09-14 14:56:13,552 - ===============================|    epoch 21   |===============================
2021-09-14 14:56:14,725 -     0 / 11829 (000%):	 Total:0.6109218	 Acc:0.1562500	 lr:0.0001773	 Mean_Total:0.6109218
2021-09-14 14:58:05,604 -  2365 / 11829 (019%):	 Total:0.7686875	 Acc:0.2187500	 lr:0.0001765	 Mean_Total:0.6338727
2021-09-14 14:59:52,871 -  4730 / 11829 (039%):	 Total:0.5158400	 Acc:0.1250000	 lr:0.0001757	 Mean_Total:0.6317010
2021-09-14 15:01:33,192 -  7095 / 11829 (059%):	 Total:0.6938188	 Acc:0.1562500	 lr:0.0001749	 Mean_Total:0.6309415
2021-09-14 15:03:19,775 -  9460 / 11829 (079%):	 Total:0.7283742	 Acc:0.1250000	 lr:0.0001741	 Mean_Total:0.6309917
2021-09-14 15:05:02,855 - 11825 / 11829 (099%):	 Total:0.6043042	 Acc:0.1875000	 lr:0.0001733	 Mean_Total:0.6313348
2021-09-14 15:05:03,180 - ===============================| start validation |===============================
2021-09-14 15:05:26,135 - 	 Total:0.6176441	 Acc:0.2042802
2021-09-14 15:05:26,140 -    ini file updated    
2021-09-14 15:05:26,140 - ===============================|    epoch 22   |===============================
2021-09-14 15:05:27,163 -     0 / 11829 (000%):	 Total:0.3592680	 Acc:0.3125000	 lr:0.0001733	 Mean_Total:0.3592680
2021-09-14 15:07:14,402 -  2365 / 11829 (019%):	 Total:0.4969485	 Acc:0.2812500	 lr:0.0001725	 Mean_Total:0.6333365
2021-09-14 15:08:58,177 -  4730 / 11829 (039%):	 Total:0.7005631	 Acc:0.1562500	 lr:0.0001717	 Mean_Total:0.6341436
2021-09-14 15:10:42,434 -  7095 / 11829 (059%):	 Total:0.7530674	 Acc:0.2500000	 lr:0.0001709	 Mean_Total:0.6308542
2021-09-14 15:12:23,941 -  9460 / 11829 (079%):	 Total:0.6243522	 Acc:0.1875000	 lr:0.0001702	 Mean_Total:0.6303319
2021-09-14 15:14:06,933 - 11825 / 11829 (099%):	 Total:0.4966747	 Acc:0.1562500	 lr:0.0001695	 Mean_Total:0.6309949
2021-09-14 15:14:07,273 - ===============================| start validation |===============================
2021-09-14 15:14:32,002 - 	 Total:0.6171327	 Acc:0.2052677
2021-09-14 15:14:32,007 -    ini file updated    
2021-09-14 15:14:32,007 - ===============================|    epoch 23   |===============================
2021-09-14 15:14:33,283 -     0 / 11829 (000%):	 Total:0.5920516	 Acc:0.0937500	 lr:0.0001695	 Mean_Total:0.5920516
2021-09-14 15:16:13,380 -  2365 / 11829 (019%):	 Total:0.6049584	 Acc:0.2187500	 lr:0.0001687	 Mean_Total:0.6361761
2021-09-14 15:17:49,059 -  4730 / 11829 (039%):	 Total:0.3801144	 Acc:0.2187500	 lr:0.0001680	 Mean_Total:0.6317488
2021-09-14 15:19:28,235 -  7095 / 11829 (059%):	 Total:0.4185190	 Acc:0.1250000	 lr:0.0001673	 Mean_Total:0.6319166
2021-09-14 15:21:07,658 -  9460 / 11829 (079%):	 Total:0.3817017	 Acc:0.2187500	 lr:0.0001666	 Mean_Total:0.6306345
2021-09-14 15:22:48,366 - 11825 / 11829 (099%):	 Total:0.4457501	 Acc:0.2812500	 lr:0.0001659	 Mean_Total:0.6307795
2021-09-14 15:22:48,707 - ===============================| start validation |===============================
2021-09-14 15:23:14,181 - 	 Total:0.6216099	 Acc:0.2048611
2021-09-14 15:23:14,186 -    ini file updated    
2021-09-14 15:23:14,186 - ===============================|    epoch 24   |===============================
2021-09-14 15:23:15,303 -     0 / 11829 (000%):	 Total:0.4328481	 Acc:0.1562500	 lr:0.0001659	 Mean_Total:0.4328481
2021-09-14 15:24:56,784 -  2365 / 11829 (019%):	 Total:0.6887394	 Acc:0.1875000	 lr:0.0001652	 Mean_Total:0.6274425
2021-09-14 15:26:42,268 -  4730 / 11829 (039%):	 Total:0.4727956	 Acc:0.3437500	 lr:0.0001645	 Mean_Total:0.6276798
2021-09-14 15:28:20,493 -  7095 / 11829 (059%):	 Total:0.7845550	 Acc:0.0625000	 lr:0.0001639	 Mean_Total:0.6283002
2021-09-14 15:29:56,828 -  9460 / 11829 (079%):	 Total:0.4930305	 Acc:0.2500000	 lr:0.0001632	 Mean_Total:0.6294972
2021-09-14 15:31:44,670 - 11825 / 11829 (099%):	 Total:0.5397076	 Acc:0.2500000	 lr:0.0001625	 Mean_Total:0.6296384
2021-09-14 15:31:45,022 - ===============================| start validation |===============================
2021-09-14 15:32:12,973 - 	 Total:0.6210653	 Acc:0.2052308
2021-09-14 15:32:12,978 -    ini file updated    
2021-09-14 15:32:12,978 - ===============================|    epoch 25   |===============================
2021-09-14 15:32:14,130 -     0 / 11829 (000%):	 Total:0.8761165	 Acc:0.2187500	 lr:0.0001625	 Mean_Total:0.8761165
2021-09-14 15:34:00,034 -  2365 / 11829 (019%):	 Total:0.8466401	 Acc:0.0937500	 lr:0.0001619	 Mean_Total:0.6285551
2021-09-14 15:35:41,395 -  4730 / 11829 (039%):	 Total:0.4215385	 Acc:0.2500000	 lr:0.0001613	 Mean_Total:0.6302786
2021-09-14 15:37:24,636 -  7095 / 11829 (059%):	 Total:0.6003983	 Acc:0.2187500	 lr:0.0001606	 Mean_Total:0.6309209
2021-09-14 15:39:01,041 -  9460 / 11829 (079%):	 Total:0.5648160	 Acc:0.3125000	 lr:0.0001600	 Mean_Total:0.6314572
2021-09-14 15:40:37,663 - 11825 / 11829 (099%):	 Total:0.7704940	 Acc:0.2187500	 lr:0.0001594	 Mean_Total:0.6304139
2021-09-14 15:40:37,953 - ===============================| start validation |===============================
2021-09-14 15:40:59,993 - 	 Total:0.6200160	 Acc:0.2043990
2021-09-14 15:41:00,000 -    ini file updated    
2021-09-14 15:41:00,003 - ===============================|    epoch 26   |===============================
2021-09-14 15:41:01,049 -     0 / 11829 (000%):	 Total:0.9561669	 Acc:0.0937500	 lr:0.0001594	 Mean_Total:0.9561669
2021-09-14 15:42:41,071 -  2365 / 11829 (019%):	 Total:1.0037644	 Acc:0.0937500	 lr:0.0001588	 Mean_Total:0.6295261
2021-09-14 15:44:25,164 -  4730 / 11829 (039%):	 Total:0.6234725	 Acc:0.0625000	 lr:0.0001582	 Mean_Total:0.6299085
2021-09-14 15:46:11,521 -  7095 / 11829 (059%):	 Total:0.6339528	 Acc:0.3125000	 lr:0.0001576	 Mean_Total:0.6306567
2021-09-14 15:48:00,836 -  9460 / 11829 (079%):	 Total:0.5256705	 Acc:0.1875000	 lr:0.0001570	 Mean_Total:0.6307738
2021-09-14 15:50:00,528 - 11825 / 11829 (099%):	 Total:0.5817807	 Acc:0.2500000	 lr:0.0001564	 Mean_Total:0.6304536
2021-09-14 15:50:00,825 - ===============================| start validation |===============================
2021-09-14 15:50:27,729 - 	 Total:0.6252880	 Acc:0.2037099
2021-09-14 15:50:27,734 -    ini file updated    
2021-09-14 15:50:27,735 - ===============================|    epoch 27   |===============================
2021-09-14 15:50:28,750 -     0 / 11829 (000%):	 Total:0.7423324	 Acc:0.3125000	 lr:0.0001564	 Mean_Total:0.7423324
2021-09-14 15:52:17,479 -  2365 / 11829 (019%):	 Total:0.6299497	 Acc:0.1875000	 lr:0.0001558	 Mean_Total:0.6309367
2021-09-14 15:54:03,191 -  4730 / 11829 (039%):	 Total:0.6028012	 Acc:0.1875000	 lr:0.0001553	 Mean_Total:0.6318664
2021-09-14 15:55:49,397 -  7095 / 11829 (059%):	 Total:0.7044653	 Acc:0.0937500	 lr:0.0001547	 Mean_Total:0.6292293
2021-09-14 15:58:13,499 -  9460 / 11829 (079%):	 Total:0.7265525	 Acc:0.1250000	 lr:0.0001541	 Mean_Total:0.6297285
2021-09-14 16:00:44,786 - 11825 / 11829 (099%):	 Total:0.7633808	 Acc:0.1250000	 lr:0.0001536	 Mean_Total:0.6299066
2021-09-14 16:00:45,235 - ===============================| start validation |===============================
2021-09-14 16:01:34,463 - 	 Total:0.6151059	 Acc:0.2038181
2021-09-14 16:01:34,468 -    ini file updated    
2021-09-14 16:01:34,468 - ===============================|    epoch 28   |===============================
2021-09-14 16:01:35,944 -     0 / 11829 (000%):	 Total:0.7148174	 Acc:0.3125000	 lr:0.0001536	 Mean_Total:0.7148174
2021-09-14 16:03:40,977 -  2365 / 11829 (019%):	 Total:0.7716271	 Acc:0.1875000	 lr:0.0001530	 Mean_Total:0.6284014
2021-09-14 16:05:36,947 -  4730 / 11829 (039%):	 Total:0.3625733	 Acc:0.2812500	 lr:0.0001525	 Mean_Total:0.6291383
2021-09-14 16:07:58,034 -  7095 / 11829 (059%):	 Total:0.6238024	 Acc:0.1875000	 lr:0.0001520	 Mean_Total:0.6292953
2021-09-14 16:10:18,148 -  9460 / 11829 (079%):	 Total:0.6965120	 Acc:0.1562500	 lr:0.0001514	 Mean_Total:0.6286763
2021-09-14 16:12:30,230 - 11825 / 11829 (099%):	 Total:0.5159882	 Acc:0.2812500	 lr:0.0001509	 Mean_Total:0.6292519
2021-09-14 16:12:30,599 - ===============================| start validation |===============================
2021-09-14 16:13:14,226 - 	 Total:0.6108112	 Acc:0.2047080
2021-09-14 16:13:14,247 -    ini file updated    
2021-09-14 16:13:14,313 - Snapshot saved to /data/users/wergillius/UTR_VAE/pth/RL_gru_MTL/unmod_pretrain/unmod-model_best_cv1.pth

2021-09-14 16:13:14,327 -    ini file updated    
2021-09-14 16:13:14,328 - ===============================|    epoch 29   |===============================
2021-09-14 16:13:16,308 -     0 / 11829 (000%):	 Total:0.5835631	 Acc:0.0937500	 lr:0.0001509	 Mean_Total:0.5835631
2021-09-14 16:15:16,328 -  2365 / 11829 (019%):	 Total:0.5977930	 Acc:0.1875000	 lr:0.0001504	 Mean_Total:0.6287216
2021-09-14 16:17:26,634 -  4730 / 11829 (039%):	 Total:0.9635299	 Acc:0.1875000	 lr:0.0001499	 Mean_Total:0.6278415
2021-09-14 16:19:30,417 -  7095 / 11829 (059%):	 Total:0.5288477	 Acc:0.3125000	 lr:0.0001494	 Mean_Total:0.6263738
2021-09-14 16:21:55,710 -  9460 / 11829 (079%):	 Total:0.5183743	 Acc:0.2187500	 lr:0.0001489	 Mean_Total:0.6282769
2021-09-14 16:24:13,819 - 11825 / 11829 (099%):	 Total:0.6006712	 Acc:0.1562500	 lr:0.0001484	 Mean_Total:0.6295987
2021-09-14 16:24:14,448 - ===============================| start validation |===============================
2021-09-14 16:25:18,392 - 	 Total:0.6108168	 Acc:0.2060863
2021-09-14 16:25:18,411 -    ini file updated    
2021-09-14 16:25:18,434 - Snapshot saved to /data/users/wergillius/UTR_VAE/pth/RL_gru_MTL/unmod_pretrain/unmod-model_best_cv1.pth

2021-09-14 16:25:18,436 -    ini file updated    
2021-09-14 16:25:18,436 - ===============================|    epoch 30   |===============================
2021-09-14 16:25:20,225 -     0 / 11829 (000%):	 Total:0.7229659	 Acc:0.0937500	 lr:0.0001484	 Mean_Total:0.7229659
2021-09-14 16:27:56,068 -  2365 / 11829 (019%):	 Total:0.6471815	 Acc:0.1875000	 lr:0.0001479	 Mean_Total:0.6323666
2021-09-14 16:29:59,746 -  4730 / 11829 (039%):	 Total:0.7922130	 Acc:0.2500000	 lr:0.0001474	 Mean_Total:0.6311254
2021-09-14 16:31:51,155 -  7095 / 11829 (059%):	 Total:0.7303624	 Acc:0.2187500	 lr:0.0001469	 Mean_Total:0.6297214
2021-09-14 16:34:08,458 -  9460 / 11829 (079%):	 Total:0.6974787	 Acc:0.2500000	 lr:0.0001464	 Mean_Total:0.6295625
2021-09-14 16:36:33,603 - 11825 / 11829 (099%):	 Total:0.7349370	 Acc:0.1562500	 lr:0.0001460	 Mean_Total:0.6297713
2021-09-14 16:36:34,127 - ===============================| start validation |===============================
2021-09-14 16:37:01,722 - 	 Total:0.6178507	 Acc:0.2029600
2021-09-14 16:37:01,736 -    ini file updated    
2021-09-14 16:37:01,737 - ===============================|    epoch 31   |===============================
2021-09-14 16:37:03,165 -     0 / 11829 (000%):	 Total:0.6407759	 Acc:0.1875000	 lr:0.0001460	 Mean_Total:0.6407759
2021-09-14 16:39:01,251 -  2365 / 11829 (019%):	 Total:0.3946554	 Acc:0.2812500	 lr:0.0001455	 Mean_Total:0.6250660
2021-09-14 16:40:50,467 -  4730 / 11829 (039%):	 Total:0.6461542	 Acc:0.1250000	 lr:0.0001450	 Mean_Total:0.6267520
2021-09-14 16:42:46,910 -  7095 / 11829 (059%):	 Total:0.7052482	 Acc:0.1250000	 lr:0.0001446	 Mean_Total:0.6278109
2021-09-14 16:44:40,094 -  9460 / 11829 (079%):	 Total:0.7599325	 Acc:0.1875000	 lr:0.0001441	 Mean_Total:0.6288679
2021-09-14 16:46:31,307 - 11825 / 11829 (099%):	 Total:0.6358455	 Acc:0.1875000	 lr:0.0001437	 Mean_Total:0.6297424
2021-09-14 16:46:31,640 - ===============================| start validation |===============================
2021-09-14 16:47:07,056 - 	 Total:0.6264763	 Acc:0.2044228
2021-09-14 16:47:07,063 -    ini file updated    
2021-09-14 16:47:07,063 - ===============================|    epoch 32   |===============================
2021-09-14 16:47:08,359 -     0 / 11829 (000%):	 Total:0.4510241	 Acc:0.1562500	 lr:0.0001437	 Mean_Total:0.4510241
2021-09-14 16:49:04,544 -  2365 / 11829 (019%):	 Total:0.4958727	 Acc:0.1562500	 lr:0.0001432	 Mean_Total:0.6245862
2021-09-14 16:50:48,410 -  4730 / 11829 (039%):	 Total:0.4712995	 Acc:0.0937500	 lr:0.0001428	 Mean_Total:0.6263118
2021-09-14 16:52:45,555 -  7095 / 11829 (059%):	 Total:0.6370497	 Acc:0.1875000	 lr:0.0001423	 Mean_Total:0.6269742
2021-09-14 16:54:45,439 -  9460 / 11829 (079%):	 Total:0.5818310	 Acc:0.0937500	 lr:0.0001419	 Mean_Total:0.6290574
2021-09-14 16:56:41,387 - 11825 / 11829 (099%):	 Total:0.5945047	 Acc:0.2187500	 lr:0.0001415	 Mean_Total:0.6293248
2021-09-14 16:56:41,782 - ===============================| start validation |===============================
2021-09-14 16:57:18,309 - 	 Total:0.6215490	 Acc:0.2052308
2021-09-14 16:57:18,314 -    ini file updated    
2021-09-14 16:57:18,315 - ===============================|    epoch 33   |===============================
2021-09-14 16:57:19,523 -     0 / 11829 (000%):	 Total:0.5853207	 Acc:0.1875000	 lr:0.0001415	 Mean_Total:0.5853207
2021-09-14 16:59:16,703 -  2365 / 11829 (019%):	 Total:0.6530200	 Acc:0.1875000	 lr:0.0001410	 Mean_Total:0.6240762
2021-09-14 17:01:08,245 -  4730 / 11829 (039%):	 Total:0.8612608	 Acc:0.2500000	 lr:0.0001406	 Mean_Total:0.6256944
2021-09-14 17:03:02,188 -  7095 / 11829 (059%):	 Total:0.7736535	 Acc:0.1250000	 lr:0.0001402	 Mean_Total:0.6259145
2021-09-14 17:04:52,351 -  9460 / 11829 (079%):	 Total:0.4834429	 Acc:0.1562500	 lr:0.0001398	 Mean_Total:0.6280785
2021-09-14 17:06:42,823 - 11825 / 11829 (099%):	 Total:1.0398310	 Acc:0.0625000	 lr:0.0001394	 Mean_Total:0.6291212
2021-09-14 17:06:43,264 - ===============================| start validation |===============================
2021-09-14 17:07:24,149 - 	 Total:0.6135697	 Acc:0.2042564
2021-09-14 17:07:24,153 -    ini file updated    
2021-09-14 17:07:24,153 - ===============================|    epoch 34   |===============================
2021-09-14 17:07:25,240 -     0 / 11829 (000%):	 Total:0.7470625	 Acc:0.1250000	 lr:0.0001394	 Mean_Total:0.7470625
2021-09-14 17:09:27,003 -  2365 / 11829 (019%):	 Total:0.5505762	 Acc:0.2812500	 lr:0.0001390	 Mean_Total:0.6289654
2021-09-14 17:11:15,796 -  4730 / 11829 (039%):	 Total:0.7138623	 Acc:0.1250000	 lr:0.0001386	 Mean_Total:0.6302164
2021-09-14 17:13:08,301 -  7095 / 11829 (059%):	 Total:0.6160870	 Acc:0.2187500	 lr:0.0001382	 Mean_Total:0.6296119
2021-09-14 17:14:56,580 -  9460 / 11829 (079%):	 Total:0.7404143	 Acc:0.2500000	 lr:0.0001378	 Mean_Total:0.6303101
2021-09-14 17:16:50,495 - 11825 / 11829 (099%):	 Total:0.6673068	 Acc:0.1875000	 lr:0.0001374	 Mean_Total:0.6293406
2021-09-14 17:16:50,864 - ===============================| start validation |===============================
2021-09-14 17:17:27,651 - 	 Total:0.6105065	 Acc:0.2046948
2021-09-14 17:17:27,658 -    ini file updated    
2021-09-14 17:17:27,700 - Snapshot saved to /data/users/wergillius/UTR_VAE/pth/RL_gru_MTL/unmod_pretrain/unmod-model_best_cv1.pth

2021-09-14 17:17:27,703 -    ini file updated    
2021-09-14 17:17:27,703 - ===============================|    epoch 35   |===============================
2021-09-14 17:17:28,859 -     0 / 11829 (000%):	 Total:0.7333651	 Acc:0.1875000	 lr:0.0001374	 Mean_Total:0.7333651
2021-09-14 17:19:21,985 -  2365 / 11829 (019%):	 Total:0.7300395	 Acc:0.1875000	 lr:0.0001370	 Mean_Total:0.6243001
2021-09-14 17:21:10,969 -  4730 / 11829 (039%):	 Total:0.6250154	 Acc:0.1875000	 lr:0.0001366	 Mean_Total:0.6275705
2021-09-14 17:23:06,123 -  7095 / 11829 (059%):	 Total:0.5566930	 Acc:0.2812500	 lr:0.0001362	 Mean_Total:0.6267356
2021-09-14 17:25:00,686 -  9460 / 11829 (079%):	 Total:0.6845248	 Acc:0.1250000	 lr:0.0001358	 Mean_Total:0.6281331
2021-09-14 17:26:50,981 - 11825 / 11829 (099%):	 Total:0.4495469	 Acc:0.1250000	 lr:0.0001354	 Mean_Total:0.6280842
2021-09-14 17:26:51,286 - ===============================| start validation |===============================
2021-09-14 17:27:20,323 - 	 Total:0.6126031	 Acc:0.2060969
2021-09-14 17:27:20,328 -    ini file updated    
2021-09-14 17:27:20,347 - Snapshot saved to /data/users/wergillius/UTR_VAE/pth/RL_gru_MTL/unmod_pretrain/unmod-model_best_cv1.pth

2021-09-14 17:27:20,348 -    ini file updated    
2021-09-14 17:27:20,348 - ===============================|    epoch 36   |===============================
2021-09-14 17:27:21,520 -     0 / 11829 (000%):	 Total:0.6372089	 Acc:0.2500000	 lr:0.0001354	 Mean_Total:0.6372089
2021-09-14 17:29:08,686 -  2365 / 11829 (019%):	 Total:0.4712864	 Acc:0.2500000	 lr:0.0001351	 Mean_Total:0.6291606
2021-09-14 17:30:55,430 -  4730 / 11829 (039%):	 Total:0.6454251	 Acc:0.2812500	 lr:0.0001347	 Mean_Total:0.6274067
2021-09-14 17:32:44,064 -  7095 / 11829 (059%):	 Total:0.9964839	 Acc:0.1250000	 lr:0.0001343	 Mean_Total:0.6264321
2021-09-14 17:34:30,531 -  9460 / 11829 (079%):	 Total:0.4447328	 Acc:0.1562500	 lr:0.0001340	 Mean_Total:0.6285268
2021-09-14 17:36:16,727 - 11825 / 11829 (099%):	 Total:0.9190786	 Acc:0.1562500	 lr:0.0001336	 Mean_Total:0.6279408
2021-09-14 17:36:17,101 - ===============================| start validation |===============================
2021-09-14 17:36:46,206 - 	 Total:0.6115156	 Acc:0.2046472
2021-09-14 17:36:46,212 -    ini file updated    
2021-09-14 17:36:46,213 - ===============================|    epoch 37   |===============================
2021-09-14 17:36:47,530 -     0 / 11829 (000%):	 Total:0.5501149	 Acc:0.2187500	 lr:0.0001336	 Mean_Total:0.5501149
2021-09-14 17:38:39,964 -  2365 / 11829 (019%):	 Total:0.4941099	 Acc:0.1250000	 lr:0.0001332	 Mean_Total:0.6283603
2021-09-14 17:40:24,907 -  4730 / 11829 (039%):	 Total:0.4525124	 Acc:0.2500000	 lr:0.0001329	 Mean_Total:0.6271128
2021-09-14 17:42:14,417 -  7095 / 11829 (059%):	 Total:0.7068307	 Acc:0.0625000	 lr:0.0001325	 Mean_Total:0.6287982
2021-09-14 17:44:02,285 -  9460 / 11829 (079%):	 Total:0.7236137	 Acc:0.1562500	 lr:0.0001322	 Mean_Total:0.6287786
2021-09-14 17:45:50,517 - 11825 / 11829 (099%):	 Total:0.4013633	 Acc:0.3125000	 lr:0.0001318	 Mean_Total:0.6272313
2021-09-14 17:45:50,833 - ===============================| start validation |===============================
2021-09-14 17:46:20,302 - 	 Total:0.6111129	 Acc:0.2038525
2021-09-14 17:46:20,307 -    ini file updated    
2021-09-14 17:46:20,307 - ===============================|    epoch 38   |===============================
2021-09-14 17:46:21,547 -     0 / 11829 (000%):	 Total:0.7006586	 Acc:0.2500000	 lr:0.0001318	 Mean_Total:0.7006586
2021-09-14 17:48:12,411 -  2365 / 11829 (019%):	 Total:0.7326237	 Acc:0.1875000	 lr:0.0001315	 Mean_Total:0.6285419
2021-09-14 17:50:07,681 -  4730 / 11829 (039%):	 Total:0.6426143	 Acc:0.1875000	 lr:0.0001311	 Mean_Total:0.6260951
2021-09-14 17:52:45,385 -  7095 / 11829 (059%):	 Total:0.3968528	 Acc:0.0000000	 lr:0.0001308	 Mean_Total:0.6280366
2021-09-14 17:54:27,045 -  9460 / 11829 (079%):	 Total:0.4340416	 Acc:0.3125000	 lr:0.0001305	 Mean_Total:0.6281902
2021-09-14 17:56:11,757 - 11825 / 11829 (099%):	 Total:1.1121964	 Acc:0.0937500	 lr:0.0001301	 Mean_Total:0.6284978
2021-09-14 17:56:12,099 - ===============================| start validation |===============================
2021-09-14 17:56:37,458 - 	 Total:0.6158444	 Acc:0.2064771
2021-09-14 17:56:37,464 -    ini file updated    
2021-09-14 17:56:37,488 - Snapshot saved to /data/users/wergillius/UTR_VAE/pth/RL_gru_MTL/unmod_pretrain/unmod-model_best_cv1.pth

2021-09-14 17:56:37,494 -    ini file updated    
2021-09-14 17:56:37,496 - ===============================|    epoch 39   |===============================
2021-09-14 17:56:38,665 -     0 / 11829 (000%):	 Total:0.5445187	 Acc:0.2187500	 lr:0.0001301	 Mean_Total:0.5445187
2021-09-14 17:58:26,160 -  2365 / 11829 (019%):	 Total:0.6743466	 Acc:0.1250000	 lr:0.0001298	 Mean_Total:0.6258075
2021-09-14 18:00:09,386 -  4730 / 11829 (039%):	 Total:0.6710557	 Acc:0.1562500	 lr:0.0001295	 Mean_Total:0.6259797
2021-09-14 18:01:53,575 -  7095 / 11829 (059%):	 Total:0.8982302	 Acc:0.0625000	 lr:0.0001291	 Mean_Total:0.6277498
2021-09-14 18:03:35,995 -  9460 / 11829 (079%):	 Total:0.4639401	 Acc:0.2812500	 lr:0.0001288	 Mean_Total:0.6280713
2021-09-14 18:05:18,441 - 11825 / 11829 (099%):	 Total:0.5746387	 Acc:0.1562500	 lr:0.0001285	 Mean_Total:0.6274439
2021-09-14 18:05:18,794 - ===============================| start validation |===============================
2021-09-14 18:05:43,712 - 	 Total:0.6108416	 Acc:0.2058513
2021-09-14 18:05:43,716 -    ini file updated    
2021-09-14 18:05:43,716 - ===============================|    epoch 40   |===============================
2021-09-14 18:05:44,962 -     0 / 11829 (000%):	 Total:0.6878306	 Acc:0.2187500	 lr:0.0001285	 Mean_Total:0.6878306
2021-09-14 18:07:30,891 -  2365 / 11829 (019%):	 Total:0.4620882	 Acc:0.1875000	 lr:0.0001282	 Mean_Total:0.6275645
2021-09-14 18:09:14,047 -  4730 / 11829 (039%):	 Total:0.5074198	 Acc:0.2187500	 lr:0.0001279	 Mean_Total:0.6277779
2021-09-14 18:11:00,558 -  7095 / 11829 (059%):	 Total:0.6964681	 Acc:0.1875000	 lr:0.0001275	 Mean_Total:0.6281632
2021-09-14 18:12:41,611 -  9460 / 11829 (079%):	 Total:0.9468332	 Acc:0.0625000	 lr:0.0001272	 Mean_Total:0.6269617
2021-09-14 18:14:24,419 - 11825 / 11829 (099%):	 Total:0.6951724	 Acc:0.1562500	 lr:0.0001269	 Mean_Total:0.6276645
2021-09-14 18:14:24,753 - ===============================| start validation |===============================
2021-09-14 18:14:50,045 - 	 Total:0.6153160	 Acc:0.2048849
2021-09-14 18:14:50,052 -    ini file updated    
2021-09-14 18:14:50,052 - ===============================|    epoch 41   |===============================
2021-09-14 18:14:51,371 -     0 / 11829 (000%):	 Total:0.7425187	 Acc:0.2187500	 lr:0.0001269	 Mean_Total:0.7425187
2021-09-14 18:16:35,946 -  2365 / 11829 (019%):	 Total:0.7319567	 Acc:0.2500000	 lr:0.0001266	 Mean_Total:0.6242961
2021-09-14 18:18:15,176 -  4730 / 11829 (039%):	 Total:0.7576978	 Acc:0.3437500	 lr:0.0001263	 Mean_Total:0.6286049
2021-09-14 18:19:57,507 -  7095 / 11829 (059%):	 Total:0.4526862	 Acc:0.1562500	 lr:0.0001260	 Mean_Total:0.6284890
2021-09-14 18:21:38,720 -  9460 / 11829 (079%):	 Total:0.5539010	 Acc:0.1562500	 lr:0.0001257	 Mean_Total:0.6278400
2021-09-14 18:23:20,405 - 11825 / 11829 (099%):	 Total:0.5497270	 Acc:0.2500000	 lr:0.0001254	 Mean_Total:0.6282222
2021-09-14 18:23:20,683 - ===============================| start validation |===============================
2021-09-14 18:23:44,595 - 	 Total:0.6122346	 Acc:0.2053258
2021-09-14 18:23:44,604 -    ini file updated    
2021-09-14 18:23:44,604 - ===============================|    epoch 42   |===============================
2021-09-14 18:23:45,812 -     0 / 11829 (000%):	 Total:0.7518212	 Acc:0.1875000	 lr:0.0001254	 Mean_Total:0.7518212
2021-09-14 18:25:28,176 -  2365 / 11829 (019%):	 Total:0.2880242	 Acc:0.3125000	 lr:0.0001251	 Mean_Total:0.6228724
2021-09-14 18:27:06,008 -  4730 / 11829 (039%):	 Total:0.3839162	 Acc:0.2500000	 lr:0.0001248	 Mean_Total:0.6269955
2021-09-14 18:28:45,895 -  7095 / 11829 (059%):	 Total:0.9790525	 Acc:0.0937500	 lr:0.0001245	 Mean_Total:0.6286573
2021-09-14 18:30:22,085 -  9460 / 11829 (079%):	 Total:0.4004323	 Acc:0.2812500	 lr:0.0001242	 Mean_Total:0.6282606
2021-09-14 18:32:01,724 - 11825 / 11829 (099%):	 Total:0.5427873	 Acc:0.2500000	 lr:0.0001239	 Mean_Total:0.6276552
2021-09-14 18:32:01,985 - ===============================| start validation |===============================
2021-09-14 18:32:24,990 - 	 Total:0.6108580	 Acc:0.2042432
2021-09-14 18:32:24,994 -    ini file updated    
2021-09-14 18:32:24,994 - ===============================|    epoch 43   |===============================
2021-09-14 18:32:26,171 -     0 / 11829 (000%):	 Total:0.3398701	 Acc:0.1875000	 lr:0.0001239	 Mean_Total:0.3398701
2021-09-14 18:34:10,929 -  2365 / 11829 (019%):	 Total:0.9098738	 Acc:0.0937500	 lr:0.0001236	 Mean_Total:0.6257800
2021-09-14 18:35:53,124 -  4730 / 11829 (039%):	 Total:0.7015098	 Acc:0.1875000	 lr:0.0001234	 Mean_Total:0.6260857
2021-09-14 18:37:34,759 -  7095 / 11829 (059%):	 Total:0.6844579	 Acc:0.2500000	 lr:0.0001231	 Mean_Total:0.6263393
2021-09-14 18:39:19,739 -  9460 / 11829 (079%):	 Total:0.5274552	 Acc:0.3750000	 lr:0.0001228	 Mean_Total:0.6265585
2021-09-14 18:41:03,696 - 11825 / 11829 (099%):	 Total:0.2678800	 Acc:0.3125000	 lr:0.0001225	 Mean_Total:0.6268797
2021-09-14 18:41:03,991 - ===============================| start validation |===============================
2021-09-14 18:41:26,640 - 	 Total:0.6133719	 Acc:0.2049218
2021-09-14 18:41:26,644 -    ini file updated    
2021-09-14 18:41:26,644 - ===============================|    epoch 44   |===============================
2021-09-14 18:41:27,863 -     0 / 11829 (000%):	 Total:0.4209894	 Acc:0.2812500	 lr:0.0001225	 Mean_Total:0.4209894
2021-09-14 18:43:14,431 -  2365 / 11829 (019%):	 Total:0.5528779	 Acc:0.2812500	 lr:0.0001222	 Mean_Total:0.6222957
2021-09-14 18:44:57,501 -  4730 / 11829 (039%):	 Total:0.5342985	 Acc:0.2187500	 lr:0.0001220	 Mean_Total:0.6228435
2021-09-14 18:46:41,619 -  7095 / 11829 (059%):	 Total:0.6300289	 Acc:0.1562500	 lr:0.0001217	 Mean_Total:0.6236533
2021-09-14 18:48:24,982 -  9460 / 11829 (079%):	 Total:0.5994872	 Acc:0.2187500	 lr:0.0001214	 Mean_Total:0.6242707
2021-09-14 18:50:09,176 - 11825 / 11829 (099%):	 Total:0.7950076	 Acc:0.1875000	 lr:0.0001211	 Mean_Total:0.6269234
2021-09-14 18:50:09,545 - ===============================| start validation |===============================
2021-09-14 18:50:34,348 - 	 Total:0.6100965	 Acc:0.2031871
2021-09-14 18:50:34,353 -    ini file updated    
2021-09-14 18:50:34,374 - Snapshot saved to /data/users/wergillius/UTR_VAE/pth/RL_gru_MTL/unmod_pretrain/unmod-model_best_cv1.pth

2021-09-14 18:50:34,376 -    ini file updated    
2021-09-14 18:50:34,376 - ===============================|    epoch 45   |===============================
2021-09-14 18:50:35,671 -     0 / 11829 (000%):	 Total:0.5283923	 Acc:0.1875000	 lr:0.0001211	 Mean_Total:0.5283923
2021-09-14 18:52:23,869 -  2365 / 11829 (019%):	 Total:0.8594369	 Acc:0.1875000	 lr:0.0001209	 Mean_Total:0.6287029
2021-09-14 18:54:02,647 -  4730 / 11829 (039%):	 Total:0.7767025	 Acc:0.1250000	 lr:0.0001206	 Mean_Total:0.6265647
2021-09-14 18:55:43,372 -  7095 / 11829 (059%):	 Total:0.7654525	 Acc:0.2187500	 lr:0.0001203	 Mean_Total:0.6279852
2021-09-14 18:57:20,104 -  9460 / 11829 (079%):	 Total:0.5829400	 Acc:0.1250000	 lr:0.0001201	 Mean_Total:0.6277511
2021-09-14 18:59:00,435 - 11825 / 11829 (099%):	 Total:0.6373696	 Acc:0.1250000	 lr:0.0001198	 Mean_Total:0.6265232
2021-09-14 18:59:00,721 - ===============================| start validation |===============================
2021-09-14 18:59:24,060 - 	 Total:0.6098500	 Acc:0.2057510
2021-09-14 18:59:24,063 -    ini file updated    
2021-09-14 18:59:24,077 - Snapshot saved to /data/users/wergillius/UTR_VAE/pth/RL_gru_MTL/unmod_pretrain/unmod-model_best_cv1.pth

2021-09-14 18:59:24,079 -    ini file updated    
2021-09-14 18:59:24,080 - ===============================|    epoch 46   |===============================
2021-09-14 18:59:25,334 -     0 / 11829 (000%):	 Total:0.8614750	 Acc:0.2187500	 lr:0.0001198	 Mean_Total:0.8614750
2021-09-14 19:01:08,640 -  2365 / 11829 (019%):	 Total:0.5396857	 Acc:0.1875000	 lr:0.0001196	 Mean_Total:0.6270916
2021-09-14 19:02:47,928 -  4730 / 11829 (039%):	 Total:0.6432177	 Acc:0.2187500	 lr:0.0001193	 Mean_Total:0.6271745
2021-09-14 19:04:32,781 -  7095 / 11829 (059%):	 Total:0.7063066	 Acc:0.1250000	 lr:0.0001190	 Mean_Total:0.6278446
2021-09-14 19:06:13,526 -  9460 / 11829 (079%):	 Total:0.8909489	 Acc:0.1875000	 lr:0.0001188	 Mean_Total:0.6271671
2021-09-14 19:07:55,608 - 11825 / 11829 (099%):	 Total:0.4167245	 Acc:0.1875000	 lr:0.0001185	 Mean_Total:0.6277930
2021-09-14 19:07:55,927 - ===============================| start validation |===============================
2021-09-14 19:08:18,616 - 	 Total:0.6137253	 Acc:0.2048268
2021-09-14 19:08:18,622 -    ini file updated    
2021-09-14 19:08:18,622 - ===============================|    epoch 47   |===============================
2021-09-14 19:08:19,870 -     0 / 11829 (000%):	 Total:0.9056294	 Acc:0.1562500	 lr:0.0001185	 Mean_Total:0.9056294
2021-09-14 19:10:02,693 -  2365 / 11829 (019%):	 Total:0.6311228	 Acc:0.2187500	 lr:0.0001183	 Mean_Total:0.6259663
2021-09-14 19:11:42,143 -  4730 / 11829 (039%):	 Total:0.7990047	 Acc:0.2187500	 lr:0.0001180	 Mean_Total:0.6256287
2021-09-14 19:13:21,144 -  7095 / 11829 (059%):	 Total:0.5668224	 Acc:0.2187500	 lr:0.0001178	 Mean_Total:0.6259140
2021-09-14 19:14:58,315 -  9460 / 11829 (079%):	 Total:0.5953625	 Acc:0.1875000	 lr:0.0001175	 Mean_Total:0.6259361
2021-09-14 19:16:36,437 - 11825 / 11829 (099%):	 Total:0.6607574	 Acc:0.1875000	 lr:0.0001173	 Mean_Total:0.6264928
2021-09-14 19:16:36,755 - ===============================| start validation |===============================
2021-09-14 19:17:00,659 - 	 Total:0.6126867	 Acc:0.2057906
2021-09-14 19:17:00,665 -    ini file updated    
2021-09-14 19:17:00,665 - ===============================|    epoch 48   |===============================
2021-09-14 19:17:01,706 -     0 / 11829 (000%):	 Total:0.3814541	 Acc:0.2500000	 lr:0.0001173	 Mean_Total:0.3814541
2021-09-14 19:18:43,242 -  2365 / 11829 (019%):	 Total:0.3480089	 Acc:0.3125000	 lr:0.0001171	 Mean_Total:0.6277388
2021-09-14 19:20:23,388 -  4730 / 11829 (039%):	 Total:0.7764329	 Acc:0.1562500	 lr:0.0001168	 Mean_Total:0.6270716
2021-09-14 19:22:00,151 -  7095 / 11829 (059%):	 Total:0.5622823	 Acc:0.1875000	 lr:0.0001166	 Mean_Total:0.6261715
2021-09-14 19:23:36,362 -  9460 / 11829 (079%):	 Total:0.5380566	 Acc:0.1562500	 lr:0.0001163	 Mean_Total:0.6269609
2021-09-14 19:25:12,494 - 11825 / 11829 (099%):	 Total:0.7524703	 Acc:0.1250000	 lr:0.0001161	 Mean_Total:0.6263894
2021-09-14 19:25:12,826 - ===============================| start validation |===============================
2021-09-14 19:25:32,167 - 	 Total:0.6185073	 Acc:0.2042221
2021-09-14 19:25:32,172 -    ini file updated    
2021-09-14 19:25:32,172 - ===============================|    epoch 49   |===============================
2021-09-14 19:25:33,193 -     0 / 11829 (000%):	 Total:0.3754396	 Acc:0.1875000	 lr:0.0001161	 Mean_Total:0.3754396
2021-09-14 19:27:13,886 -  2365 / 11829 (019%):	 Total:0.6286252	 Acc:0.3125000	 lr:0.0001159	 Mean_Total:0.6258250
2021-09-14 19:28:54,483 -  4730 / 11829 (039%):	 Total:0.5880151	 Acc:0.1875000	 lr:0.0001156	 Mean_Total:0.6258225
2021-09-14 19:30:34,526 -  7095 / 11829 (059%):	 Total:0.6984370	 Acc:0.1562500	 lr:0.0001154	 Mean_Total:0.6247810
2021-09-14 19:32:17,820 -  9460 / 11829 (079%):	 Total:1.0138886	 Acc:0.2187500	 lr:0.0001152	 Mean_Total:0.6264621
2021-09-14 19:33:55,764 - 11825 / 11829 (099%):	 Total:0.8094977	 Acc:0.1250000	 lr:0.0001149	 Mean_Total:0.6262275
2021-09-14 19:33:56,072 - ===============================| start validation |===============================
2021-09-14 19:34:19,157 - 	 Total:0.6082157	 Acc:0.2064771
2021-09-14 19:34:19,163 -    ini file updated    
2021-09-14 19:34:19,185 - Snapshot saved to /data/users/wergillius/UTR_VAE/pth/RL_gru_MTL/unmod_pretrain/unmod-model_best_cv1.pth

2021-09-14 19:34:19,186 -    ini file updated    
2021-09-14 19:34:19,186 - ===============================|    epoch 50   |===============================
2021-09-14 19:34:20,356 -     0 / 11829 (000%):	 Total:0.6557281	 Acc:0.2187500	 lr:0.0001149	 Mean_Total:0.6557281
2021-09-14 19:36:04,986 -  2365 / 11829 (019%):	 Total:0.6931441	 Acc:0.2187500	 lr:0.0001147	 Mean_Total:0.6267570
2021-09-14 19:37:46,379 -  4730 / 11829 (039%):	 Total:0.5363819	 Acc:0.1875000	 lr:0.0001145	 Mean_Total:0.6292405
2021-09-14 19:39:27,366 -  7095 / 11829 (059%):	 Total:0.6579106	 Acc:0.2187500	 lr:0.0001142	 Mean_Total:0.6281744
2021-09-14 19:41:07,971 -  9460 / 11829 (079%):	 Total:0.6720562	 Acc:0.3125000	 lr:0.0001140	 Mean_Total:0.6259036
2021-09-14 19:42:48,110 - 11825 / 11829 (099%):	 Total:0.3952764	 Acc:0.2187500	 lr:0.0001138	 Mean_Total:0.6267109
2021-09-14 19:42:48,529 - ===============================| start validation |===============================
2021-09-14 19:43:12,221 - 	 Total:0.6141982	 Acc:0.2056849
2021-09-14 19:43:12,226 -    ini file updated    
2021-09-14 19:43:12,226 - ===============================|    epoch 51   |===============================
2021-09-14 19:43:13,533 -     0 / 11829 (000%):	 Total:0.5406915	 Acc:0.3437500	 lr:0.0001138	 Mean_Total:0.5406915
2021-09-14 19:44:57,883 -  2365 / 11829 (019%):	 Total:0.6220138	 Acc:0.1562500	 lr:0.0001136	 Mean_Total:0.6286942
2021-09-14 19:46:39,087 -  4730 / 11829 (039%):	 Total:0.6790661	 Acc:0.1250000	 lr:0.0001134	 Mean_Total:0.6267893
2021-09-14 19:48:20,328 -  7095 / 11829 (059%):	 Total:0.4585849	 Acc:0.1562500	 lr:0.0001131	 Mean_Total:0.6252182
2021-09-14 19:50:01,918 -  9460 / 11829 (079%):	 Total:0.4777691	 Acc:0.2500000	 lr:0.0001129	 Mean_Total:0.6260446
2021-09-14 19:51:41,506 - 11825 / 11829 (099%):	 Total:0.5606232	 Acc:0.0625000	 lr:0.0001127	 Mean_Total:0.6260255
2021-09-14 19:51:41,775 - ===============================| start validation |===============================
2021-09-14 19:52:03,687 - 	 Total:0.6101694	 Acc:0.2047212
2021-09-14 19:52:03,692 -    ini file updated    
2021-09-14 19:52:03,692 - ===============================|    epoch 52   |===============================
2021-09-14 19:52:04,877 -     0 / 11829 (000%):	 Total:0.7285064	 Acc:0.2187500	 lr:0.0001127	 Mean_Total:0.7285064
2021-09-14 19:53:43,463 -  2365 / 11829 (019%):	 Total:0.6064078	 Acc:0.1250000	 lr:0.0001125	 Mean_Total:0.6195189
2021-09-14 19:55:23,259 -  4730 / 11829 (039%):	 Total:0.5597550	 Acc:0.1562500	 lr:0.0001123	 Mean_Total:0.6225236
2021-09-14 19:57:00,682 -  7095 / 11829 (059%):	 Total:0.8652313	 Acc:0.0625000	 lr:0.0001121	 Mean_Total:0.6233231
2021-09-14 19:58:40,043 -  9460 / 11829 (079%):	 Total:0.3539523	 Acc:0.2500000	 lr:0.0001118	 Mean_Total:0.6236558
2021-09-14 20:00:18,929 - 11825 / 11829 (099%):	 Total:0.3905939	 Acc:0.3125000	 lr:0.0001116	 Mean_Total:0.6255808
2021-09-14 20:00:19,299 - ===============================| start validation |===============================
2021-09-14 20:00:42,025 - 	 Total:0.6171931	 Acc:0.2059912
2021-09-14 20:00:42,029 -    ini file updated    
2021-09-14 20:00:42,029 - ===============================|    epoch 53   |===============================
2021-09-14 20:00:43,369 -     0 / 11829 (000%):	 Total:0.6418030	 Acc:0.2812500	 lr:0.0001116	 Mean_Total:0.6418030
2021-09-14 20:02:28,275 -  2365 / 11829 (019%):	 Total:0.3782995	 Acc:0.2812500	 lr:0.0001114	 Mean_Total:0.6284171
2021-09-14 20:04:10,182 -  4730 / 11829 (039%):	 Total:0.4585737	 Acc:0.1562500	 lr:0.0001112	 Mean_Total:0.6272782
2021-09-14 20:05:51,698 -  7095 / 11829 (059%):	 Total:0.4423899	 Acc:0.2812500	 lr:0.0001110	 Mean_Total:0.6268239
2021-09-14 20:07:33,964 -  9460 / 11829 (079%):	 Total:1.0044647	 Acc:0.0937500	 lr:0.0001108	 Mean_Total:0.6263328
2021-09-14 20:09:15,499 - 11825 / 11829 (099%):	 Total:0.6837547	 Acc:0.1250000	 lr:0.0001106	 Mean_Total:0.6260146
2021-09-14 20:09:15,882 - ===============================| start validation |===============================
2021-09-14 20:09:39,731 - 	 Total:0.6131817	 Acc:0.2039475
2021-09-14 20:09:39,740 -    ini file updated    
2021-09-14 20:09:39,741 - ===============================|    epoch 54   |===============================
2021-09-14 20:09:41,109 -     0 / 11829 (000%):	 Total:0.8040249	 Acc:0.2187500	 lr:0.0001106	 Mean_Total:0.8040249
2021-09-14 20:11:27,273 -  2365 / 11829 (019%):	 Total:0.5840344	 Acc:0.3125000	 lr:0.0001104	 Mean_Total:0.6211526
2021-09-14 20:13:09,367 -  4730 / 11829 (039%):	 Total:0.6761292	 Acc:0.1875000	 lr:0.0001102	 Mean_Total:0.6241730
2021-09-14 20:14:52,109 -  7095 / 11829 (059%):	 Total:0.6495913	 Acc:0.2187500	 lr:0.0001100	 Mean_Total:0.6255010
2021-09-14 20:16:32,460 -  9460 / 11829 (079%):	 Total:0.8501893	 Acc:0.0312500	 lr:0.0001098	 Mean_Total:0.6246575
2021-09-14 20:18:13,369 - 11825 / 11829 (099%):	 Total:0.7856311	 Acc:0.1875000	 lr:0.0001096	 Mean_Total:0.6257175
2021-09-14 20:18:13,659 - ===============================| start validation |===============================
2021-09-14 20:18:37,696 - 	 Total:0.6111236	 Acc:0.2044228
2021-09-14 20:18:37,701 -    ini file updated    
2021-09-14 20:18:37,702 - ===============================|    epoch 55   |===============================
2021-09-14 20:18:38,987 -     0 / 11829 (000%):	 Total:0.4443358	 Acc:0.2812500	 lr:0.0001096	 Mean_Total:0.4443358
2021-09-14 20:20:24,662 -  2365 / 11829 (019%):	 Total:0.3893139	 Acc:0.1562500	 lr:0.0001094	 Mean_Total:0.6247333
2021-09-14 20:22:06,962 -  4730 / 11829 (039%):	 Total:0.9730451	 Acc:0.1875000	 lr:0.0001092	 Mean_Total:0.6238948
2021-09-14 20:23:50,526 -  7095 / 11829 (059%):	 Total:0.6839697	 Acc:0.0937500	 lr:0.0001090	 Mean_Total:0.6257319
2021-09-14 20:25:31,321 -  9460 / 11829 (079%):	 Total:0.4933360	 Acc:0.2187500	 lr:0.0001088	 Mean_Total:0.6255423
2021-09-14 20:27:13,389 - 11825 / 11829 (099%):	 Total:0.7208298	 Acc:0.0625000	 lr:0.0001086	 Mean_Total:0.6256986
2021-09-14 20:27:13,740 - ===============================| start validation |===============================
2021-09-14 20:27:36,935 - 	 Total:0.6144117	 Acc:0.2074752
2021-09-14 20:27:36,940 -    ini file updated    
2021-09-14 20:27:36,960 - Snapshot saved to /data/users/wergillius/UTR_VAE/pth/RL_gru_MTL/unmod_pretrain/unmod-model_best_cv1.pth

2021-09-14 20:27:36,961 -    ini file updated    
2021-09-14 20:27:36,961 - ===============================|    epoch 56   |===============================
2021-09-14 20:27:38,224 -     0 / 11829 (000%):	 Total:0.4816990	 Acc:0.1562500	 lr:0.0001086	 Mean_Total:0.4816990
2021-09-14 20:29:22,312 -  2365 / 11829 (019%):	 Total:0.4913482	 Acc:0.2812500	 lr:0.0001084	 Mean_Total:0.6231480
2021-09-14 20:31:05,104 -  4730 / 11829 (039%):	 Total:0.6362516	 Acc:0.0937500	 lr:0.0001082	 Mean_Total:0.6236006
2021-09-14 20:32:48,597 -  7095 / 11829 (059%):	 Total:1.0341034	 Acc:0.1562500	 lr:0.0001080	 Mean_Total:0.6241028
2021-09-14 20:34:30,851 -  9460 / 11829 (079%):	 Total:0.7583982	 Acc:0.1875000	 lr:0.0001078	 Mean_Total:0.6250915
2021-09-14 20:36:13,986 - 11825 / 11829 (099%):	 Total:0.3770506	 Acc:0.1875000	 lr:0.0001076	 Mean_Total:0.6251625
2021-09-14 20:36:14,391 - ===============================| start validation |===============================
2021-09-14 20:36:38,666 - 	 Total:0.6135437	 Acc:0.2046340
2021-09-14 20:36:38,671 -    ini file updated    
2021-09-14 20:36:38,672 - ===============================|    epoch 57   |===============================
2021-09-14 20:36:39,994 -     0 / 11829 (000%):	 Total:0.4109339	 Acc:0.2500000	 lr:0.0001076	 Mean_Total:0.4109339
2021-09-14 20:38:26,241 -  2365 / 11829 (019%):	 Total:0.7047874	 Acc:0.2187500	 lr:0.0001075	 Mean_Total:0.6216127
2021-09-14 20:40:10,880 -  4730 / 11829 (039%):	 Total:0.3763140	 Acc:0.2812500	 lr:0.0001073	 Mean_Total:0.6220793
2021-09-14 20:41:55,978 -  7095 / 11829 (059%):	 Total:0.5102848	 Acc:0.1875000	 lr:0.0001071	 Mean_Total:0.6247647
2021-09-14 20:43:40,675 -  9460 / 11829 (079%):	 Total:0.7229332	 Acc:0.2187500	 lr:0.0001069	 Mean_Total:0.6258943
2021-09-14 20:45:30,346 - 11825 / 11829 (099%):	 Total:0.5424270	 Acc:0.2187500	 lr:0.0001067	 Mean_Total:0.6260073
2021-09-14 20:45:30,707 - ===============================| start validation |===============================
2021-09-14 20:45:55,106 - 	 Total:0.6111647	 Acc:0.2053258
2021-09-14 20:45:55,111 -    ini file updated    
2021-09-14 20:45:55,111 - ===============================|    epoch 58   |===============================
2021-09-14 20:45:56,222 -     0 / 11829 (000%):	 Total:0.5830892	 Acc:0.3125000	 lr:0.0001067	 Mean_Total:0.5830892
2021-09-14 20:47:46,029 -  2365 / 11829 (019%):	 Total:0.7088030	 Acc:0.2187500	 lr:0.0001065	 Mean_Total:0.6261880
2021-09-14 20:49:29,701 -  4730 / 11829 (039%):	 Total:0.5050075	 Acc:0.2500000	 lr:0.0001063	 Mean_Total:0.6263794
2021-09-14 20:51:14,908 -  7095 / 11829 (059%):	 Total:0.8383179	 Acc:0.0000000	 lr:0.0001062	 Mean_Total:0.6256232
2021-09-14 20:52:59,168 -  9460 / 11829 (079%):	 Total:0.4482186	 Acc:0.1875000	 lr:0.0001060	 Mean_Total:0.6252167
2021-09-14 20:54:44,712 - 11825 / 11829 (099%):	 Total:0.4477352	 Acc:0.2500000	 lr:0.0001058	 Mean_Total:0.6247277
2021-09-14 20:54:45,061 - ===============================| start validation |===============================
2021-09-14 20:55:11,510 - 	 Total:0.6081317	 Acc:0.2051357
2021-09-14 20:55:11,516 -    ini file updated    
2021-09-14 20:55:11,542 - Snapshot saved to /data/users/wergillius/UTR_VAE/pth/RL_gru_MTL/unmod_pretrain/unmod-model_best_cv1.pth

2021-09-14 20:55:11,543 -    ini file updated    
2021-09-14 20:55:11,544 - ===============================|    epoch 59   |===============================
2021-09-14 20:55:13,036 -     0 / 11829 (000%):	 Total:0.4163570	 Acc:0.2187500	 lr:0.0001058	 Mean_Total:0.4163570
2021-09-14 20:57:03,255 -  2365 / 11829 (019%):	 Total:0.6220597	 Acc:0.1875000	 lr:0.0001056	 Mean_Total:0.6285109
2021-09-14 20:58:51,249 -  4730 / 11829 (039%):	 Total:0.4637280	 Acc:0.2187500	 lr:0.0001054	 Mean_Total:0.6266768
2021-09-14 21:00:38,495 -  7095 / 11829 (059%):	 Total:0.4989078	 Acc:0.1250000	 lr:0.0001053	 Mean_Total:0.6280873
2021-09-14 21:02:25,468 -  9460 / 11829 (079%):	 Total:0.7041122	 Acc:0.2812500	 lr:0.0001051	 Mean_Total:0.6272976
2021-09-14 21:04:17,620 - 11825 / 11829 (099%):	 Total:0.2320018	 Acc:0.3125000	 lr:0.0001049	 Mean_Total:0.6257752
2021-09-14 21:04:17,978 - ===============================| start validation |===============================
2021-09-14 21:04:41,858 - 	 Total:0.6096916	 Acc:0.2055503
2021-09-14 21:04:41,863 -    ini file updated    
2021-09-14 21:04:41,864 - ===============================|    epoch 60   |===============================
2021-09-14 21:04:43,105 -     0 / 11829 (000%):	 Total:0.6600672	 Acc:0.1562500	 lr:0.0001049	 Mean_Total:0.6600672
2021-09-14 21:06:35,559 -  2365 / 11829 (019%):	 Total:0.5220811	 Acc:0.2812500	 lr:0.0001047	 Mean_Total:0.6254570
2021-09-14 21:08:23,265 -  4730 / 11829 (039%):	 Total:0.3879885	 Acc:0.3125000	 lr:0.0001046	 Mean_Total:0.6230010
2021-09-14 21:10:10,157 -  7095 / 11829 (059%):	 Total:0.5820986	 Acc:0.1250000	 lr:0.0001044	 Mean_Total:0.6247789
2021-09-14 21:11:55,264 -  9460 / 11829 (079%):	 Total:0.5614948	 Acc:0.2187500	 lr:0.0001042	 Mean_Total:0.6250435
2021-09-14 21:13:40,220 - 11825 / 11829 (099%):	 Total:0.7461941	 Acc:0.0937500	 lr:0.0001041	 Mean_Total:0.6253188
2021-09-14 21:13:40,548 - ===============================| start validation |===============================
2021-09-14 21:14:05,550 - 	 Total:0.6116241	 Acc:0.2054341
2021-09-14 21:14:05,555 -    ini file updated    
