2021-09-19 00:17:54,268 -   	 	 ==============<<< device used: cuda:3  >>>============== 	 	 
2021-09-19 00:17:59,756 -  	 	 ==============<<< encoder load from >>>============== 	 	 
2021-09-19 00:17:59,757 -  	/data/users/wergillius/UTR_VAE/pth/RL_gru_MTL/ds4rl_vleng_new/schdule_cv-model_best.pth
2021-09-19 00:18:11,427 -  	 	 ==============<<< ['soft_share'] part is fixed>>>============== 	 	 

2021-09-19 00:18:11,428 - ===============================|    epoch 0   |===============================
2021-09-19 00:18:13,116 -     0 / 11829 (000%):	 Total:34.6853333	 Acc:0.0000000	 lr:0.0009882	 Mean_Total:34.6853333
2021-09-19 00:20:53,865 -  2365 / 11829 (019%):	 Total:0.4719114	 Acc:0.2812500	 lr:0.0018171	 Mean_Total:0.8842622
2021-09-19 00:23:37,715 -  4730 / 11829 (039%):	 Total:0.6484973	 Acc:0.2812500	 lr:0.0012850	 Mean_Total:0.7936101
2021-09-19 00:26:19,943 -  7095 / 11829 (059%):	 Total:0.5430889	 Acc:0.1562500	 lr:0.0010493	 Mean_Total:0.7580783
2021-09-19 00:28:50,696 -  9460 / 11829 (079%):	 Total:0.6426227	 Acc:0.2187500	 lr:0.0009087	 Mean_Total:0.7374851
2021-09-19 00:31:07,981 - 11825 / 11829 (099%):	 Total:0.8716974	 Acc:0.2187500	 lr:0.0008128	 Mean_Total:0.7253320
2021-09-19 00:31:08,391 - ===============================| start validation |===============================
2021-09-19 00:32:02,436 - 	 Total:0.6418688	 Acc:0.1981966
2021-09-19 00:32:02,443 -    ini file updated    
2021-09-19 00:32:02,472 - Snapshot saved to /data/users/wergillius/UTR_VAE/pth/RL_gru_MTL/vleng_pretrain/vleng-model_best_cv6.pth

2021-09-19 00:32:02,473 -    ini file updated    
2021-09-19 00:32:02,473 - ===============================|    epoch 1   |===============================
2021-09-19 00:32:03,750 -     0 / 11829 (000%):	 Total:0.6750453	 Acc:0.0937500	 lr:0.0008126	 Mean_Total:0.6750453
2021-09-19 00:34:46,715 -  2365 / 11829 (019%):	 Total:0.5996324	 Acc:0.3125000	 lr:0.0007419	 Mean_Total:0.6634645
2021-09-19 00:37:28,865 -  4730 / 11829 (039%):	 Total:0.8578368	 Acc:0.0937500	 lr:0.0006869	 Mean_Total:0.6665218
2021-09-19 00:40:12,204 -  7095 / 11829 (059%):	 Total:0.4733407	 Acc:0.2187500	 lr:0.0006425	 Mean_Total:0.6652808
2021-09-19 00:42:52,247 -  9460 / 11829 (079%):	 Total:0.8599062	 Acc:0.1250000	 lr:0.0006058	 Mean_Total:0.6643476
2021-09-19 00:45:12,400 - 11825 / 11829 (099%):	 Total:0.6868566	 Acc:0.2500000	 lr:0.0005747	 Mean_Total:0.6646298
2021-09-19 00:45:12,765 - ===============================| start validation |===============================
2021-09-19 00:46:10,742 - 	 Total:0.6299603	 Acc:0.2002640
2021-09-19 00:46:10,748 -    ini file updated    
2021-09-19 00:46:10,771 - Snapshot saved to /data/users/wergillius/UTR_VAE/pth/RL_gru_MTL/vleng_pretrain/vleng-model_best_cv6.pth

2021-09-19 00:46:10,773 -    ini file updated    
2021-09-19 00:46:10,773 - ===============================|    epoch 2   |===============================
2021-09-19 00:46:12,068 -     0 / 11829 (000%):	 Total:0.7174945	 Acc:0.0937500	 lr:0.0005746	 Mean_Total:0.7174945
2021-09-19 00:48:47,027 -  2365 / 11829 (019%):	 Total:0.8128098	 Acc:0.3125000	 lr:0.0005479	 Mean_Total:0.6562925
2021-09-19 00:51:31,401 -  4730 / 11829 (039%):	 Total:0.5884688	 Acc:0.2187500	 lr:0.0005246	 Mean_Total:0.6577187
2021-09-19 00:54:16,046 -  7095 / 11829 (059%):	 Total:0.7122619	 Acc:0.1875000	 lr:0.0005040	 Mean_Total:0.6587944
2021-09-19 00:56:56,986 -  9460 / 11829 (079%):	 Total:0.7395808	 Acc:0.3125000	 lr:0.0004857	 Mean_Total:0.6592930
2021-09-19 00:59:25,071 - 11825 / 11829 (099%):	 Total:0.4750317	 Acc:0.3437500	 lr:0.0004692	 Mean_Total:0.6581593
2021-09-19 00:59:25,522 - ===============================| start validation |===============================
2021-09-19 01:00:19,762 - 	 Total:0.6361755	 Acc:0.2033270
2021-09-19 01:00:19,767 -    ini file updated    
2021-09-19 01:00:19,791 - Snapshot saved to /data/users/wergillius/UTR_VAE/pth/RL_gru_MTL/vleng_pretrain/vleng-model_best_cv6.pth

2021-09-19 01:00:19,792 -    ini file updated    
2021-09-19 01:00:19,793 - ===============================|    epoch 3   |===============================
2021-09-19 01:00:21,242 -     0 / 11829 (000%):	 Total:0.5281506	 Acc:0.1875000	 lr:0.0004692	 Mean_Total:0.5281506
2021-09-19 01:02:53,272 -  2365 / 11829 (019%):	 Total:0.5540171	 Acc:0.1875000	 lr:0.0004543	 Mean_Total:0.6563571
2021-09-19 01:05:37,725 -  4730 / 11829 (039%):	 Total:0.6643845	 Acc:0.2500000	 lr:0.0004407	 Mean_Total:0.6558623
2021-09-19 01:08:22,049 -  7095 / 11829 (059%):	 Total:0.5432998	 Acc:0.2500000	 lr:0.0004283	 Mean_Total:0.6539951
2021-09-19 01:11:03,096 -  9460 / 11829 (079%):	 Total:0.8360307	 Acc:0.2187500	 lr:0.0004169	 Mean_Total:0.6529944
2021-09-19 01:13:34,555 - 11825 / 11829 (099%):	 Total:0.5280824	 Acc:0.1875000	 lr:0.0004064	 Mean_Total:0.6537804
2021-09-19 01:13:34,980 - ===============================| start validation |===============================
2021-09-19 01:14:28,014 - 	 Total:0.6263948	 Acc:0.2031026
2021-09-19 01:14:28,018 -    ini file updated    
2021-09-19 01:14:28,043 - Snapshot saved to /data/users/wergillius/UTR_VAE/pth/RL_gru_MTL/vleng_pretrain/vleng-model_best_cv6.pth

2021-09-19 01:14:28,044 -    ini file updated    
2021-09-19 01:14:28,044 - ===============================|    epoch 4   |===============================
2021-09-19 01:14:29,271 -     0 / 11829 (000%):	 Total:0.6793810	 Acc:0.3125000	 lr:0.0004063	 Mean_Total:0.6793810
2021-09-19 01:16:59,018 -  2365 / 11829 (019%):	 Total:0.6357758	 Acc:0.2187500	 lr:0.0003965	 Mean_Total:0.6564438
2021-09-19 01:19:39,757 -  4730 / 11829 (039%):	 Total:0.6260854	 Acc:0.2187500	 lr:0.0003874	 Mean_Total:0.6510372
2021-09-19 01:22:22,854 -  7095 / 11829 (059%):	 Total:0.7994765	 Acc:0.1875000	 lr:0.0003789	 Mean_Total:0.6525246
2021-09-19 01:25:03,068 -  9460 / 11829 (079%):	 Total:0.6648415	 Acc:0.1250000	 lr:0.0003709	 Mean_Total:0.6506825
2021-09-19 01:27:42,471 - 11825 / 11829 (099%):	 Total:0.6746837	 Acc:0.2187500	 lr:0.0003635	 Mean_Total:0.6512053
2021-09-19 01:27:42,857 - ===============================| start validation |===============================
2021-09-19 01:28:41,338 - 	 Total:0.6253467	 Acc:0.2017876
2021-09-19 01:28:41,345 -    ini file updated    
2021-09-19 01:28:41,367 - Snapshot saved to /data/users/wergillius/UTR_VAE/pth/RL_gru_MTL/vleng_pretrain/vleng-model_best_cv6.pth

2021-09-19 01:28:41,368 -    ini file updated    
2021-09-19 01:28:41,368 - ===============================|    epoch 5   |===============================
2021-09-19 01:28:42,895 -     0 / 11829 (000%):	 Total:0.7900144	 Acc:0.1562500	 lr:0.0003634	 Mean_Total:0.7900144
2021-09-19 01:31:08,737 -  2365 / 11829 (019%):	 Total:0.6298892	 Acc:0.0937500	 lr:0.0003564	 Mean_Total:0.6479498
2021-09-19 01:33:47,720 -  4730 / 11829 (039%):	 Total:0.5521585	 Acc:0.1562500	 lr:0.0003497	 Mean_Total:0.6517338
2021-09-19 01:36:31,304 -  7095 / 11829 (059%):	 Total:0.6016500	 Acc:0.2187500	 lr:0.0003434	 Mean_Total:0.6515071
2021-09-19 01:39:13,456 -  9460 / 11829 (079%):	 Total:0.5413621	 Acc:0.0937500	 lr:0.0003375	 Mean_Total:0.6504614
2021-09-19 01:41:51,215 - 11825 / 11829 (099%):	 Total:0.5938708	 Acc:0.0937500	 lr:0.0003318	 Mean_Total:0.6496622
2021-09-19 01:41:51,684 - ===============================| start validation |===============================
2021-09-19 01:42:59,588 - 	 Total:0.6210108	 Acc:0.2018906
2021-09-19 01:42:59,594 -    ini file updated    
2021-09-19 01:42:59,620 - Snapshot saved to /data/users/wergillius/UTR_VAE/pth/RL_gru_MTL/vleng_pretrain/vleng-model_best_cv6.pth

2021-09-19 01:42:59,621 -    ini file updated    
2021-09-19 01:42:59,622 - ===============================|    epoch 6   |===============================
2021-09-19 01:43:00,838 -     0 / 11829 (000%):	 Total:0.7413931	 Acc:0.0625000	 lr:0.0003318	 Mean_Total:0.7413931
2021-09-19 01:45:18,727 -  2365 / 11829 (019%):	 Total:0.7278688	 Acc:0.1250000	 lr:0.0003264	 Mean_Total:0.6492161
2021-09-19 01:47:54,332 -  4730 / 11829 (039%):	 Total:0.6885417	 Acc:0.2187500	 lr:0.0003212	 Mean_Total:0.6483017
2021-09-19 01:50:37,451 -  7095 / 11829 (059%):	 Total:0.4950588	 Acc:0.1875000	 lr:0.0003163	 Mean_Total:0.6476669
2021-09-19 01:53:18,760 -  9460 / 11829 (079%):	 Total:0.5701047	 Acc:0.1562500	 lr:0.0003117	 Mean_Total:0.6495631
2021-09-19 01:55:57,172 - 11825 / 11829 (099%):	 Total:0.5281634	 Acc:0.2187500	 lr:0.0003072	 Mean_Total:0.6485982
2021-09-19 01:55:57,661 - ===============================| start validation |===============================
2021-09-19 01:57:09,206 - 	 Total:0.6277659	 Acc:0.2055186
2021-09-19 01:57:09,211 -    ini file updated    
2021-09-19 01:57:09,229 - Snapshot saved to /data/users/wergillius/UTR_VAE/pth/RL_gru_MTL/vleng_pretrain/vleng-model_best_cv6.pth

2021-09-19 01:57:09,230 -    ini file updated    
2021-09-19 01:57:09,230 - ===============================|    epoch 7   |===============================
2021-09-19 01:57:10,736 -     0 / 11829 (000%):	 Total:0.6414432	 Acc:0.1250000	 lr:0.0003072	 Mean_Total:0.6414432
2021-09-19 01:59:30,940 -  2365 / 11829 (019%):	 Total:0.5512007	 Acc:0.2500000	 lr:0.0003029	 Mean_Total:0.6501042
2021-09-19 02:02:07,988 -  4730 / 11829 (039%):	 Total:0.6086152	 Acc:0.0937500	 lr:0.0002987	 Mean_Total:0.6484110
2021-09-19 02:04:52,987 -  7095 / 11829 (059%):	 Total:0.6486582	 Acc:0.2187500	 lr:0.0002948	 Mean_Total:0.6483524
2021-09-19 02:07:34,355 -  9460 / 11829 (079%):	 Total:0.7498649	 Acc:0.1562500	 lr:0.0002910	 Mean_Total:0.6476454
2021-09-19 02:10:13,331 - 11825 / 11829 (099%):	 Total:0.8295665	 Acc:0.2812500	 lr:0.0002873	 Mean_Total:0.6473660
2021-09-19 02:10:13,811 - ===============================| start validation |===============================
2021-09-19 02:11:25,665 - 	 Total:0.6197617	 Acc:0.2036254
2021-09-19 02:11:25,670 -    ini file updated    
2021-09-19 02:11:25,691 - Snapshot saved to /data/users/wergillius/UTR_VAE/pth/RL_gru_MTL/vleng_pretrain/vleng-model_best_cv6.pth

2021-09-19 02:11:25,693 -    ini file updated    
2021-09-19 02:11:25,693 - ===============================|    epoch 8   |===============================
2021-09-19 02:11:27,111 -     0 / 11829 (000%):	 Total:0.6010914	 Acc:0.2187500	 lr:0.0002873	 Mean_Total:0.6010914
2021-09-19 02:13:53,123 -  2365 / 11829 (019%):	 Total:0.7016456	 Acc:0.1875000	 lr:0.0002838	 Mean_Total:0.6467994
2021-09-19 02:16:28,649 -  4730 / 11829 (039%):	 Total:0.6933467	 Acc:0.1875000	 lr:0.0002804	 Mean_Total:0.6430284
2021-09-19 02:19:08,340 -  7095 / 11829 (059%):	 Total:0.3984317	 Acc:0.3125000	 lr:0.0002771	 Mean_Total:0.6444703
2021-09-19 02:21:48,722 -  9460 / 11829 (079%):	 Total:0.6118895	 Acc:0.1875000	 lr:0.0002740	 Mean_Total:0.6462834
2021-09-19 02:24:26,268 - 11825 / 11829 (099%):	 Total:0.6245614	 Acc:0.0937500	 lr:0.0002709	 Mean_Total:0.6463873
2021-09-19 02:24:26,736 - ===============================| start validation |===============================
2021-09-19 02:25:37,961 - 	 Total:0.6198752	 Acc:0.2015579
2021-09-19 02:25:37,967 -    ini file updated    
2021-09-19 02:25:37,967 - ===============================|    epoch 9   |===============================
2021-09-19 02:25:39,380 -     0 / 11829 (000%):	 Total:0.6933311	 Acc:0.1562500	 lr:0.0002709	 Mean_Total:0.6933311
2021-09-19 02:28:04,044 -  2365 / 11829 (019%):	 Total:0.7916247	 Acc:0.1875000	 lr:0.0002679	 Mean_Total:0.6424419
2021-09-19 02:30:34,818 -  4730 / 11829 (039%):	 Total:0.6675850	 Acc:0.0937500	 lr:0.0002651	 Mean_Total:0.6437556
2021-09-19 02:33:14,516 -  7095 / 11829 (059%):	 Total:0.5843426	 Acc:0.1875000	 lr:0.0002623	 Mean_Total:0.6443750
2021-09-19 02:35:54,802 -  9460 / 11829 (079%):	 Total:0.6183171	 Acc:0.0937500	 lr:0.0002596	 Mean_Total:0.6435823
2021-09-19 02:38:33,575 - 11825 / 11829 (099%):	 Total:1.2302358	 Acc:0.0937500	 lr:0.0002570	 Mean_Total:0.6455609
2021-09-19 02:38:34,100 - ===============================| start validation |===============================
2021-09-19 02:39:46,200 - 	 Total:0.6242308	 Acc:0.2034854
2021-09-19 02:39:46,205 -    ini file updated    
2021-09-19 02:39:46,205 - ===============================|    epoch 10   |===============================
2021-09-19 02:39:47,685 -     0 / 11829 (000%):	 Total:0.7828867	 Acc:0.1875000	 lr:0.0002570	 Mean_Total:0.7828867
2021-09-19 02:42:16,202 -  2365 / 11829 (019%):	 Total:0.5107708	 Acc:0.1250000	 lr:0.0002545	 Mean_Total:0.6469439
2021-09-19 02:44:45,038 -  4730 / 11829 (039%):	 Total:0.5879881	 Acc:0.2187500	 lr:0.0002520	 Mean_Total:0.6446812
2021-09-19 02:47:23,637 -  7095 / 11829 (059%):	 Total:0.5162187	 Acc:0.2187500	 lr:0.0002496	 Mean_Total:0.6460007
2021-09-19 02:50:01,869 -  9460 / 11829 (079%):	 Total:0.9954216	 Acc:0.2187500	 lr:0.0002473	 Mean_Total:0.6443225
2021-09-19 02:52:38,903 - 11825 / 11829 (099%):	 Total:0.5032810	 Acc:0.1875000	 lr:0.0002450	 Mean_Total:0.6451853
2021-09-19 02:52:39,364 - ===============================| start validation |===============================
2021-09-19 02:53:49,544 - 	 Total:0.6199043	 Acc:0.2044703
2021-09-19 02:53:49,551 -    ini file updated    
2021-09-19 02:53:49,551 - ===============================|    epoch 11   |===============================
2021-09-19 02:53:50,975 -     0 / 11829 (000%):	 Total:0.7551901	 Acc:0.1562500	 lr:0.0002450	 Mean_Total:0.7551901
2021-09-19 02:56:26,148 -  2365 / 11829 (019%):	 Total:0.4384542	 Acc:0.2500000	 lr:0.0002428	 Mean_Total:0.6458284
2021-09-19 02:58:50,444 -  4730 / 11829 (039%):	 Total:0.6688741	 Acc:0.2812500	 lr:0.0002407	 Mean_Total:0.6453862
2021-09-19 03:01:28,357 -  7095 / 11829 (059%):	 Total:0.8303123	 Acc:0.2187500	 lr:0.0002386	 Mean_Total:0.6445711
2021-09-19 03:04:06,651 -  9460 / 11829 (079%):	 Total:0.6656233	 Acc:0.0625000	 lr:0.0002366	 Mean_Total:0.6443567
2021-09-19 03:06:44,551 - 11825 / 11829 (099%):	 Total:0.7482307	 Acc:0.2812500	 lr:0.0002346	 Mean_Total:0.6437094
2021-09-19 03:06:45,012 - ===============================| start validation |===============================
2021-09-19 03:07:55,888 - 	 Total:0.6181110	 Acc:0.2023210
2021-09-19 03:07:55,893 -    ini file updated    
2021-09-19 03:07:55,907 - Snapshot saved to /data/users/wergillius/UTR_VAE/pth/RL_gru_MTL/vleng_pretrain/vleng-model_best_cv6.pth

2021-09-19 03:07:55,908 -    ini file updated    
2021-09-19 03:07:55,908 - ===============================|    epoch 12   |===============================
2021-09-19 03:07:57,294 -     0 / 11829 (000%):	 Total:0.9426743	 Acc:0.0937500	 lr:0.0002346	 Mean_Total:0.9426743
2021-09-19 03:10:38,483 -  2365 / 11829 (019%):	 Total:1.2027209	 Acc:0.1250000	 lr:0.0002327	 Mean_Total:0.6403281
2021-09-19 03:13:02,322 -  4730 / 11829 (039%):	 Total:0.5400272	 Acc:0.1875000	 lr:0.0002308	 Mean_Total:0.6398325
2021-09-19 03:15:36,379 -  7095 / 11829 (059%):	 Total:0.6211922	 Acc:0.1562500	 lr:0.0002289	 Mean_Total:0.6420010
2021-09-19 03:18:12,703 -  9460 / 11829 (079%):	 Total:0.5538329	 Acc:0.1875000	 lr:0.0002272	 Mean_Total:0.6429210
2021-09-19 03:20:49,621 - 11825 / 11829 (099%):	 Total:0.6589195	 Acc:0.2187500	 lr:0.0002254	 Mean_Total:0.6425728
2021-09-19 03:20:50,123 - ===============================| start validation |===============================
2021-09-19 03:22:00,313 - 	 Total:0.6181279	 Acc:0.2030894
2021-09-19 03:22:00,319 -    ini file updated    
2021-09-19 03:22:00,321 - ===============================|    epoch 13   |===============================
2021-09-19 03:22:01,720 -     0 / 11829 (000%):	 Total:0.9136717	 Acc:0.1562500	 lr:0.0002254	 Mean_Total:0.9136717
2021-09-19 03:24:44,639 -  2365 / 11829 (019%):	 Total:0.7294557	 Acc:0.1562500	 lr:0.0002237	 Mean_Total:0.6398896
2021-09-19 03:27:12,873 -  4730 / 11829 (039%):	 Total:0.5552888	 Acc:0.2500000	 lr:0.0002220	 Mean_Total:0.6411585
2021-09-19 03:29:43,725 -  7095 / 11829 (059%):	 Total:0.7015811	 Acc:0.2500000	 lr:0.0002204	 Mean_Total:0.6413901
2021-09-19 03:32:18,488 -  9460 / 11829 (079%):	 Total:0.6154778	 Acc:0.0312500	 lr:0.0002188	 Mean_Total:0.6422710
2021-09-19 03:34:57,224 - 11825 / 11829 (099%):	 Total:0.8013611	 Acc:0.1562500	 lr:0.0002172	 Mean_Total:0.6434790
2021-09-19 03:34:57,708 - ===============================| start validation |===============================
2021-09-19 03:36:09,152 - 	 Total:0.6157415	 Acc:0.2040531
2021-09-19 03:36:09,161 -    ini file updated    
2021-09-19 03:36:09,184 - Snapshot saved to /data/users/wergillius/UTR_VAE/pth/RL_gru_MTL/vleng_pretrain/vleng-model_best_cv6.pth

2021-09-19 03:36:09,185 -    ini file updated    
2021-09-19 03:36:09,186 - ===============================|    epoch 14   |===============================
2021-09-19 03:36:10,819 -     0 / 11829 (000%):	 Total:0.4630220	 Acc:0.1875000	 lr:0.0002172	 Mean_Total:0.4630220
2021-09-19 03:38:52,975 -  2365 / 11829 (019%):	 Total:0.4799970	 Acc:0.2187500	 lr:0.0002157	 Mean_Total:0.6456517
2021-09-19 03:41:24,575 -  4730 / 11829 (039%):	 Total:0.4000993	 Acc:0.2187500	 lr:0.0002142	 Mean_Total:0.6428150
2021-09-19 03:43:53,047 -  7095 / 11829 (059%):	 Total:0.9321834	 Acc:0.2187500	 lr:0.0002127	 Mean_Total:0.6432271
2021-09-19 03:46:25,993 -  9460 / 11829 (079%):	 Total:0.5607150	 Acc:0.2187500	 lr:0.0002112	 Mean_Total:0.6428516
2021-09-19 03:49:03,180 - 11825 / 11829 (099%):	 Total:0.5736484	 Acc:0.3437500	 lr:0.0002098	 Mean_Total:0.6425665
2021-09-19 03:49:03,682 - ===============================| start validation |===============================
2021-09-19 03:50:16,029 - 	 Total:0.6178925	 Acc:0.2046472
2021-09-19 03:50:16,038 -    ini file updated    
2021-09-19 03:50:16,038 - ===============================|    epoch 15   |===============================
2021-09-19 03:50:17,499 -     0 / 11829 (000%):	 Total:0.4232636	 Acc:0.2187500	 lr:0.0002098	 Mean_Total:0.4232636
2021-09-19 03:53:00,148 -  2365 / 11829 (019%):	 Total:1.0751351	 Acc:0.0625000	 lr:0.0002084	 Mean_Total:0.6435906
2021-09-19 03:55:33,832 -  4730 / 11829 (039%):	 Total:0.6649722	 Acc:0.1250000	 lr:0.0002071	 Mean_Total:0.6432034
2021-09-19 03:58:02,251 -  7095 / 11829 (059%):	 Total:0.5964224	 Acc:0.1562500	 lr:0.0002058	 Mean_Total:0.6420492
2021-09-19 04:00:36,594 -  9460 / 11829 (079%):	 Total:0.6362140	 Acc:0.3125000	 lr:0.0002045	 Mean_Total:0.6406020
2021-09-19 04:03:11,719 - 11825 / 11829 (099%):	 Total:0.6331378	 Acc:0.1562500	 lr:0.0002032	 Mean_Total:0.6415263
2021-09-19 04:03:12,174 - ===============================| start validation |===============================
2021-09-19 04:04:24,941 - 	 Total:0.6161057	 Acc:0.2043277
2021-09-19 04:04:24,948 -    ini file updated    
2021-09-19 04:04:24,949 - ===============================|    epoch 16   |===============================
2021-09-19 04:04:26,362 -     0 / 11829 (000%):	 Total:0.4695522	 Acc:0.2500000	 lr:0.0002032	 Mean_Total:0.4695522
2021-09-19 04:07:07,881 -  2365 / 11829 (019%):	 Total:0.4271328	 Acc:0.3125000	 lr:0.0002019	 Mean_Total:0.6428244
2021-09-19 04:09:47,272 -  4730 / 11829 (039%):	 Total:0.5464279	 Acc:0.1250000	 lr:0.0002007	 Mean_Total:0.6394525
2021-09-19 04:12:14,820 -  7095 / 11829 (059%):	 Total:0.3724874	 Acc:0.1562500	 lr:0.0001995	 Mean_Total:0.6405740
2021-09-19 04:14:48,657 -  9460 / 11829 (079%):	 Total:0.7771034	 Acc:0.2187500	 lr:0.0001983	 Mean_Total:0.6398967
2021-09-19 04:17:22,656 - 11825 / 11829 (099%):	 Total:0.5293736	 Acc:0.2500000	 lr:0.0001971	 Mean_Total:0.6408385
2021-09-19 04:17:23,159 - ===============================| start validation |===============================
2021-09-19 04:18:37,355 - 	 Total:0.6231719	 Acc:0.2037917
2021-09-19 04:18:37,360 -    ini file updated    
2021-09-19 04:18:37,361 - ===============================|    epoch 17   |===============================
2021-09-19 04:18:38,807 -     0 / 11829 (000%):	 Total:0.4845612	 Acc:0.1562500	 lr:0.0001971	 Mean_Total:0.4845612
2021-09-19 04:21:21,949 -  2365 / 11829 (019%):	 Total:0.6022515	 Acc:0.0937500	 lr:0.0001960	 Mean_Total:0.6389640
2021-09-19 04:24:04,627 -  4730 / 11829 (039%):	 Total:0.5949656	 Acc:0.0937500	 lr:0.0001948	 Mean_Total:0.6408623
2021-09-19 04:26:33,806 -  7095 / 11829 (059%):	 Total:0.7588198	 Acc:0.1562500	 lr:0.0001937	 Mean_Total:0.6407185
2021-09-19 04:29:07,822 -  9460 / 11829 (079%):	 Total:0.7073312	 Acc:0.0937500	 lr:0.0001926	 Mean_Total:0.6414985
2021-09-19 04:31:41,104 - 11825 / 11829 (099%):	 Total:0.6487924	 Acc:0.1875000	 lr:0.0001916	 Mean_Total:0.6410119
2021-09-19 04:31:41,578 - ===============================| start validation |===============================
2021-09-19 04:32:54,344 - 	 Total:0.6159375	 Acc:0.2035910
2021-09-19 04:32:54,349 -    ini file updated    
2021-09-19 04:32:54,349 - ===============================|    epoch 18   |===============================
2021-09-19 04:32:55,697 -     0 / 11829 (000%):	 Total:0.6655467	 Acc:0.2500000	 lr:0.0001916	 Mean_Total:0.6655467
2021-09-19 04:35:37,969 -  2365 / 11829 (019%):	 Total:0.4603558	 Acc:0.2812500	 lr:0.0001905	 Mean_Total:0.6440538
2021-09-19 04:38:19,714 -  4730 / 11829 (039%):	 Total:0.6999565	 Acc:0.0937500	 lr:0.0001895	 Mean_Total:0.6418717
2021-09-19 04:40:49,959 -  7095 / 11829 (059%):	 Total:0.3969271	 Acc:0.2812500	 lr:0.0001884	 Mean_Total:0.6394510
2021-09-19 04:43:16,747 -  9460 / 11829 (079%):	 Total:0.6276320	 Acc:0.2187500	 lr:0.0001874	 Mean_Total:0.6407526
2021-09-19 04:45:49,282 - 11825 / 11829 (099%):	 Total:0.4489906	 Acc:0.2500000	 lr:0.0001864	 Mean_Total:0.6407183
2021-09-19 04:45:49,722 - ===============================| start validation |===============================
2021-09-19 04:47:02,648 - 	 Total:0.6166191	 Acc:0.2051093
2021-09-19 04:47:02,655 -    ini file updated    
2021-09-19 04:47:02,655 - ===============================|    epoch 19   |===============================
2021-09-19 04:47:04,150 -     0 / 11829 (000%):	 Total:0.6810292	 Acc:0.2187500	 lr:0.0001864	 Mean_Total:0.6810292
2021-09-19 04:49:47,345 -  2365 / 11829 (019%):	 Total:1.0258914	 Acc:0.2187500	 lr:0.0001855	 Mean_Total:0.6427781
2021-09-19 04:52:27,217 -  4730 / 11829 (039%):	 Total:0.3118131	 Acc:0.2812500	 lr:0.0001845	 Mean_Total:0.6399096
2021-09-19 04:54:57,292 -  7095 / 11829 (059%):	 Total:0.3553498	 Acc:0.2500000	 lr:0.0001836	 Mean_Total:0.6393278
2021-09-19 04:57:21,152 -  9460 / 11829 (079%):	 Total:0.6979559	 Acc:0.3125000	 lr:0.0001826	 Mean_Total:0.6396725
2021-09-19 04:59:53,306 - 11825 / 11829 (099%):	 Total:0.7434967	 Acc:0.2500000	 lr:0.0001817	 Mean_Total:0.6398064
2021-09-19 04:59:53,758 - ===============================| start validation |===============================
2021-09-19 05:01:04,567 - 	 Total:0.6158645	 Acc:0.2041112
2021-09-19 05:01:04,572 -    ini file updated    
2021-09-19 05:01:04,572 - ===============================|    epoch 20   |===============================
2021-09-19 05:01:06,155 -     0 / 11829 (000%):	 Total:0.6219592	 Acc:0.1875000	 lr:0.0001817	 Mean_Total:0.6219592
2021-09-19 05:03:49,357 -  2365 / 11829 (019%):	 Total:0.2394592	 Acc:0.3125000	 lr:0.0001808	 Mean_Total:0.6357706
2021-09-19 05:06:29,532 -  4730 / 11829 (039%):	 Total:0.6983624	 Acc:0.2500000	 lr:0.0001799	 Mean_Total:0.6380969
2021-09-19 05:09:06,582 -  7095 / 11829 (059%):	 Total:0.8629359	 Acc:0.2500000	 lr:0.0001791	 Mean_Total:0.6390612
2021-09-19 05:11:28,064 -  9460 / 11829 (079%):	 Total:0.6568231	 Acc:0.1250000	 lr:0.0001782	 Mean_Total:0.6394972
2021-09-19 05:14:02,572 - 11825 / 11829 (099%):	 Total:0.7919296	 Acc:0.1250000	 lr:0.0001773	 Mean_Total:0.6407526
2021-09-19 05:14:03,057 - ===============================| start validation |===============================
2021-09-19 05:15:11,202 - 	 Total:0.6143118	 Acc:0.2062157
2021-09-19 05:15:11,207 -    ini file updated    
2021-09-19 05:15:11,225 - Snapshot saved to /data/users/wergillius/UTR_VAE/pth/RL_gru_MTL/vleng_pretrain/vleng-model_best_cv6.pth

2021-09-19 05:15:11,226 -    ini file updated    
2021-09-19 05:15:11,227 - ===============================|    epoch 21   |===============================
2021-09-19 05:15:12,573 -     0 / 11829 (000%):	 Total:0.3259482	 Acc:0.2812500	 lr:0.0001773	 Mean_Total:0.3259482
2021-09-19 05:17:56,531 -  2365 / 11829 (019%):	 Total:0.5626568	 Acc:0.1250000	 lr:0.0001765	 Mean_Total:0.6360339
2021-09-19 05:20:36,526 -  4730 / 11829 (039%):	 Total:0.6232325	 Acc:0.2187500	 lr:0.0001757	 Mean_Total:0.6374692
2021-09-19 05:23:19,136 -  7095 / 11829 (059%):	 Total:1.0838286	 Acc:0.2187500	 lr:0.0001749	 Mean_Total:0.6403312
2021-09-19 05:25:39,620 -  9460 / 11829 (079%):	 Total:0.7373376	 Acc:0.1562500	 lr:0.0001741	 Mean_Total:0.6393945
2021-09-19 05:28:08,944 - 11825 / 11829 (099%):	 Total:0.3222352	 Acc:0.2187500	 lr:0.0001733	 Mean_Total:0.6392794
2021-09-19 05:28:09,442 - ===============================| start validation |===============================
2021-09-19 05:29:19,909 - 	 Total:0.6165655	 Acc:0.2067517
2021-09-19 05:29:19,914 -    ini file updated    
2021-09-19 05:29:19,943 - Snapshot saved to /data/users/wergillius/UTR_VAE/pth/RL_gru_MTL/vleng_pretrain/vleng-model_best_cv6.pth

2021-09-19 05:29:19,945 -    ini file updated    
2021-09-19 05:29:19,945 - ===============================|    epoch 22   |===============================
2021-09-19 05:29:21,377 -     0 / 11829 (000%):	 Total:0.8589481	 Acc:0.2812500	 lr:0.0001733	 Mean_Total:0.8589481
2021-09-19 05:32:03,801 -  2365 / 11829 (019%):	 Total:0.5830669	 Acc:0.3437500	 lr:0.0001725	 Mean_Total:0.6416174
2021-09-19 05:34:46,663 -  4730 / 11829 (039%):	 Total:0.7379109	 Acc:0.1875000	 lr:0.0001717	 Mean_Total:0.6399486
2021-09-19 05:37:30,495 -  7095 / 11829 (059%):	 Total:0.6802939	 Acc:0.1250000	 lr:0.0001709	 Mean_Total:0.6389964
2021-09-19 05:39:52,172 -  9460 / 11829 (079%):	 Total:0.6309010	 Acc:0.1875000	 lr:0.0001702	 Mean_Total:0.6390068
2021-09-19 05:42:18,240 - 11825 / 11829 (099%):	 Total:0.4448721	 Acc:0.2500000	 lr:0.0001695	 Mean_Total:0.6393636
2021-09-19 05:42:18,696 - ===============================| start validation |===============================
2021-09-19 05:43:32,963 - 	 Total:0.6170745	 Acc:0.2008476
2021-09-19 05:43:32,969 -    ini file updated    
2021-09-19 05:43:32,969 - ===============================|    epoch 23   |===============================
2021-09-19 05:43:34,317 -     0 / 11829 (000%):	 Total:0.6326673	 Acc:0.2812500	 lr:0.0001695	 Mean_Total:0.6326673
2021-09-19 05:46:14,114 -  2365 / 11829 (019%):	 Total:0.3840584	 Acc:0.1875000	 lr:0.0001687	 Mean_Total:0.6421224
2021-09-19 05:48:56,043 -  4730 / 11829 (039%):	 Total:0.7335345	 Acc:0.1875000	 lr:0.0001680	 Mean_Total:0.6386514
2021-09-19 05:51:40,131 -  7095 / 11829 (059%):	 Total:0.5729859	 Acc:0.3125000	 lr:0.0001673	 Mean_Total:0.6385219
2021-09-19 05:54:02,363 -  9460 / 11829 (079%):	 Total:0.4656612	 Acc:0.0625000	 lr:0.0001666	 Mean_Total:0.6387182
2021-09-19 05:56:25,586 - 11825 / 11829 (099%):	 Total:1.1015623	 Acc:0.0937500	 lr:0.0001659	 Mean_Total:0.6389470
2021-09-19 05:56:26,020 - ===============================| start validation |===============================
2021-09-19 05:57:37,489 - 	 Total:0.6139022	 Acc:0.2041614
2021-09-19 05:57:37,495 -    ini file updated    
2021-09-19 05:57:37,531 - Snapshot saved to /data/users/wergillius/UTR_VAE/pth/RL_gru_MTL/vleng_pretrain/vleng-model_best_cv6.pth

2021-09-19 05:57:37,533 -    ini file updated    
2021-09-19 05:57:37,533 - ===============================|    epoch 24   |===============================
2021-09-19 05:57:38,859 -     0 / 11829 (000%):	 Total:0.6510499	 Acc:0.1562500	 lr:0.0001659	 Mean_Total:0.6510499
2021-09-19 06:00:18,706 -  2365 / 11829 (019%):	 Total:0.9776112	 Acc:0.1875000	 lr:0.0001652	 Mean_Total:0.6392767
2021-09-19 06:03:00,947 -  4730 / 11829 (039%):	 Total:0.8119881	 Acc:0.2500000	 lr:0.0001645	 Mean_Total:0.6397068
2021-09-19 06:05:46,333 -  7095 / 11829 (059%):	 Total:0.6649147	 Acc:0.0625000	 lr:0.0001639	 Mean_Total:0.6388928
2021-09-19 06:08:15,634 -  9460 / 11829 (079%):	 Total:0.8084452	 Acc:0.1562500	 lr:0.0001632	 Mean_Total:0.6389617
2021-09-19 06:10:40,606 - 11825 / 11829 (099%):	 Total:0.6139398	 Acc:0.2812500	 lr:0.0001625	 Mean_Total:0.6391792
2021-09-19 06:10:41,057 - ===============================| start validation |===============================
2021-09-19 06:11:51,544 - 	 Total:0.6145507	 Acc:0.2067517
2021-09-19 06:11:51,549 -    ini file updated    
2021-09-19 06:11:51,549 - ===============================|    epoch 25   |===============================
2021-09-19 06:11:53,138 -     0 / 11829 (000%):	 Total:0.5758219	 Acc:0.1875000	 lr:0.0001625	 Mean_Total:0.5758219
2021-09-19 06:14:31,817 -  2365 / 11829 (019%):	 Total:0.6466649	 Acc:0.1562500	 lr:0.0001619	 Mean_Total:0.6343396
2021-09-19 06:17:14,250 -  4730 / 11829 (039%):	 Total:0.6814809	 Acc:0.0937500	 lr:0.0001613	 Mean_Total:0.6360196
2021-09-19 06:19:59,001 -  7095 / 11829 (059%):	 Total:0.8069546	 Acc:0.1875000	 lr:0.0001606	 Mean_Total:0.6371267
2021-09-19 06:22:32,946 -  9460 / 11829 (079%):	 Total:0.4709288	 Acc:0.1250000	 lr:0.0001600	 Mean_Total:0.6386965
2021-09-19 06:24:52,268 - 11825 / 11829 (099%):	 Total:1.2535305	 Acc:0.3437500	 lr:0.0001594	 Mean_Total:0.6383488
2021-09-19 06:24:52,724 - ===============================| start validation |===============================
2021-09-19 06:26:00,581 - 	 Total:0.6146287	 Acc:0.2032583
2021-09-19 06:26:00,585 -    ini file updated    
2021-09-19 06:26:00,585 - ===============================|    epoch 26   |===============================
2021-09-19 06:26:01,904 -     0 / 11829 (000%):	 Total:0.9342629	 Acc:0.1562500	 lr:0.0001594	 Mean_Total:0.9342629
2021-09-19 06:28:43,708 -  2365 / 11829 (019%):	 Total:0.2891310	 Acc:0.3125000	 lr:0.0001588	 Mean_Total:0.6364202
2021-09-19 06:31:22,050 -  4730 / 11829 (039%):	 Total:0.6737022	 Acc:0.1875000	 lr:0.0001582	 Mean_Total:0.6375408
2021-09-19 06:34:06,158 -  7095 / 11829 (059%):	 Total:0.7227794	 Acc:0.2187500	 lr:0.0001576	 Mean_Total:0.6374800
2021-09-19 06:36:44,731 -  9460 / 11829 (079%):	 Total:0.6576173	 Acc:0.1875000	 lr:0.0001570	 Mean_Total:0.6379621
2021-09-19 06:39:02,428 - 11825 / 11829 (099%):	 Total:0.7618136	 Acc:0.2500000	 lr:0.0001564	 Mean_Total:0.6376693
2021-09-19 06:39:02,885 - ===============================| start validation |===============================
2021-09-19 06:40:12,048 - 	 Total:0.6119816	 Acc:0.2071557
2021-09-19 06:40:12,051 -    ini file updated    
2021-09-19 06:40:12,071 - Snapshot saved to /data/users/wergillius/UTR_VAE/pth/RL_gru_MTL/vleng_pretrain/vleng-model_best_cv6.pth

2021-09-19 06:40:12,073 -    ini file updated    
2021-09-19 06:40:12,073 - ===============================|    epoch 27   |===============================
2021-09-19 06:40:13,497 -     0 / 11829 (000%):	 Total:0.7837794	 Acc:0.0937500	 lr:0.0001564	 Mean_Total:0.7837794
2021-09-19 06:42:55,287 -  2365 / 11829 (019%):	 Total:0.5778031	 Acc:0.1875000	 lr:0.0001558	 Mean_Total:0.6365565
2021-09-19 06:45:29,074 -  4730 / 11829 (039%):	 Total:0.8280895	 Acc:0.2187500	 lr:0.0001553	 Mean_Total:0.6371180
2021-09-19 06:48:10,707 -  7095 / 11829 (059%):	 Total:0.4364983	 Acc:0.2500000	 lr:0.0001547	 Mean_Total:0.6389759
2021-09-19 06:50:50,932 -  9460 / 11829 (079%):	 Total:0.9144399	 Acc:0.1875000	 lr:0.0001541	 Mean_Total:0.6387276
2021-09-19 06:53:12,187 - 11825 / 11829 (099%):	 Total:0.8369553	 Acc:0.1562500	 lr:0.0001536	 Mean_Total:0.6372787
2021-09-19 06:53:12,658 - ===============================| start validation |===============================
2021-09-19 06:54:20,876 - 	 Total:0.6145869	 Acc:0.2067755
2021-09-19 06:54:20,880 -    ini file updated    
2021-09-19 06:54:20,880 - ===============================|    epoch 28   |===============================
2021-09-19 06:54:22,210 -     0 / 11829 (000%):	 Total:0.4951504	 Acc:0.2500000	 lr:0.0001536	 Mean_Total:0.4951504
2021-09-19 06:56:59,388 -  2365 / 11829 (019%):	 Total:0.7124550	 Acc:0.2187500	 lr:0.0001530	 Mean_Total:0.6353094
2021-09-19 06:59:34,015 -  4730 / 11829 (039%):	 Total:0.7841442	 Acc:0.1562500	 lr:0.0001525	 Mean_Total:0.6377972
2021-09-19 07:02:15,880 -  7095 / 11829 (059%):	 Total:0.4756134	 Acc:0.2500000	 lr:0.0001520	 Mean_Total:0.6392960
2021-09-19 07:04:54,737 -  9460 / 11829 (079%):	 Total:0.9132992	 Acc:0.2187500	 lr:0.0001514	 Mean_Total:0.6375830
2021-09-19 07:07:17,727 - 11825 / 11829 (099%):	 Total:0.4780960	 Acc:0.3437500	 lr:0.0001509	 Mean_Total:0.6384828
2021-09-19 07:07:18,172 - ===============================| start validation |===============================
2021-09-19 07:08:28,533 - 	 Total:0.6129621	 Acc:0.2052413
2021-09-19 07:08:28,538 -    ini file updated    
2021-09-19 07:08:28,538 - ===============================|    epoch 29   |===============================
2021-09-19 07:08:29,891 -     0 / 11829 (000%):	 Total:0.8169566	 Acc:0.1875000	 lr:0.0001509	 Mean_Total:0.8169566
2021-09-19 07:11:04,123 -  2365 / 11829 (019%):	 Total:0.7491740	 Acc:0.1562500	 lr:0.0001504	 Mean_Total:0.6394624
2021-09-19 07:13:42,535 -  4730 / 11829 (039%):	 Total:0.6586879	 Acc:0.2812500	 lr:0.0001499	 Mean_Total:0.6376344
2021-09-19 07:16:16,973 -  7095 / 11829 (059%):	 Total:0.5129162	 Acc:0.2187500	 lr:0.0001494	 Mean_Total:0.6381205
2021-09-19 07:18:54,201 -  9460 / 11829 (079%):	 Total:0.9035915	 Acc:0.0937500	 lr:0.0001489	 Mean_Total:0.6383618
2021-09-19 07:21:28,337 - 11825 / 11829 (099%):	 Total:0.5246514	 Acc:0.1562500	 lr:0.0001484	 Mean_Total:0.6380967
2021-09-19 07:21:28,766 - ===============================| start validation |===============================
2021-09-19 07:22:31,967 - 	 Total:0.6133265	 Acc:0.2071794
2021-09-19 07:22:31,972 -    ini file updated    
2021-09-19 07:22:31,993 - Snapshot saved to /data/users/wergillius/UTR_VAE/pth/RL_gru_MTL/vleng_pretrain/vleng-model_best_cv6.pth

2021-09-19 07:22:31,994 -    ini file updated    
2021-09-19 07:22:31,994 - ===============================|    epoch 30   |===============================
2021-09-19 07:22:33,473 -     0 / 11829 (000%):	 Total:0.4087484	 Acc:0.2812500	 lr:0.0001484	 Mean_Total:0.4087484
2021-09-19 07:25:09,557 -  2365 / 11829 (019%):	 Total:0.4376441	 Acc:0.1875000	 lr:0.0001479	 Mean_Total:0.6379434
2021-09-19 07:27:47,801 -  4730 / 11829 (039%):	 Total:0.8780736	 Acc:0.0312500	 lr:0.0001474	 Mean_Total:0.6364244
2021-09-19 07:30:22,590 -  7095 / 11829 (059%):	 Total:0.6918649	 Acc:0.1250000	 lr:0.0001469	 Mean_Total:0.6379936
2021-09-19 07:33:00,542 -  9460 / 11829 (079%):	 Total:0.7110068	 Acc:0.2500000	 lr:0.0001464	 Mean_Total:0.6374671
2021-09-19 07:35:38,979 - 11825 / 11829 (099%):	 Total:0.5476598	 Acc:0.3125000	 lr:0.0001460	 Mean_Total:0.6372425
2021-09-19 07:35:39,510 - ===============================| start validation |===============================
2021-09-19 07:36:42,588 - 	 Total:0.6126821	 Acc:0.2055872
2021-09-19 07:36:42,595 -    ini file updated    
2021-09-19 07:36:42,595 - ===============================|    epoch 31   |===============================
2021-09-19 07:36:43,956 -     0 / 11829 (000%):	 Total:0.5696316	 Acc:0.2187500	 lr:0.0001460	 Mean_Total:0.5696316
2021-09-19 07:39:17,510 -  2365 / 11829 (019%):	 Total:0.7693489	 Acc:0.1250000	 lr:0.0001455	 Mean_Total:0.6367636
2021-09-19 07:41:54,273 -  4730 / 11829 (039%):	 Total:0.3093217	 Acc:0.3125000	 lr:0.0001450	 Mean_Total:0.6362570
2021-09-19 07:44:29,443 -  7095 / 11829 (059%):	 Total:0.6156775	 Acc:0.1562500	 lr:0.0001446	 Mean_Total:0.6378288
2021-09-19 07:47:05,278 -  9460 / 11829 (079%):	 Total:0.6220446	 Acc:0.1562500	 lr:0.0001441	 Mean_Total:0.6371986
2021-09-19 07:49:44,081 - 11825 / 11829 (099%):	 Total:0.4436917	 Acc:0.1250000	 lr:0.0001437	 Mean_Total:0.6374831
2021-09-19 07:49:44,647 - ===============================| start validation |===============================
2021-09-19 07:50:58,041 - 	 Total:0.6137409	 Acc:0.2055635
2021-09-19 07:50:58,045 -    ini file updated    
2021-09-19 07:50:58,045 - ===============================|    epoch 32   |===============================
2021-09-19 07:50:59,565 -     0 / 11829 (000%):	 Total:0.5349037	 Acc:0.2187500	 lr:0.0001437	 Mean_Total:0.5349037
2021-09-19 07:53:32,846 -  2365 / 11829 (019%):	 Total:0.7530793	 Acc:0.1562500	 lr:0.0001432	 Mean_Total:0.6303429
2021-09-19 07:56:09,567 -  4730 / 11829 (039%):	 Total:0.6923478	 Acc:0.1562500	 lr:0.0001428	 Mean_Total:0.6352521
2021-09-19 07:58:45,854 -  7095 / 11829 (059%):	 Total:0.3926511	 Acc:0.4375000	 lr:0.0001423	 Mean_Total:0.6356967
2021-09-19 08:01:17,758 -  9460 / 11829 (079%):	 Total:0.6219913	 Acc:0.1875000	 lr:0.0001419	 Mean_Total:0.6357651
2021-09-19 08:03:54,429 - 11825 / 11829 (099%):	 Total:0.6554042	 Acc:0.1875000	 lr:0.0001415	 Mean_Total:0.6364765
2021-09-19 08:03:54,958 - ===============================| start validation |===============================
2021-09-19 08:05:07,193 - 	 Total:0.6138208	 Acc:0.2058381
2021-09-19 08:05:07,199 -    ini file updated    
2021-09-19 08:05:07,199 - ===============================|    epoch 33   |===============================
2021-09-19 08:05:08,919 -     0 / 11829 (000%):	 Total:0.9298359	 Acc:0.1250000	 lr:0.0001415	 Mean_Total:0.9298359
2021-09-19 08:07:39,196 -  2365 / 11829 (019%):	 Total:0.7431077	 Acc:0.1250000	 lr:0.0001410	 Mean_Total:0.6398787
2021-09-19 08:10:15,284 -  4730 / 11829 (039%):	 Total:0.8102262	 Acc:0.1562500	 lr:0.0001406	 Mean_Total:0.6349281
2021-09-19 08:12:52,949 -  7095 / 11829 (059%):	 Total:0.4498658	 Acc:0.2812500	 lr:0.0001402	 Mean_Total:0.6357531
2021-09-19 08:15:22,332 -  9460 / 11829 (079%):	 Total:0.7195107	 Acc:0.1250000	 lr:0.0001398	 Mean_Total:0.6360531
2021-09-19 08:17:58,444 - 11825 / 11829 (099%):	 Total:0.9469206	 Acc:0.2500000	 lr:0.0001394	 Mean_Total:0.6369105
2021-09-19 08:17:59,022 - ===============================| start validation |===============================
2021-09-19 08:19:11,754 - 	 Total:0.6109687	 Acc:0.2060493
2021-09-19 08:19:11,760 -    ini file updated    
2021-09-19 08:19:11,783 - Snapshot saved to /data/users/wergillius/UTR_VAE/pth/RL_gru_MTL/vleng_pretrain/vleng-model_best_cv6.pth

2021-09-19 08:19:11,784 -    ini file updated    
2021-09-19 08:19:11,784 - ===============================|    epoch 34   |===============================
2021-09-19 08:19:13,356 -     0 / 11829 (000%):	 Total:0.8647519	 Acc:0.3125000	 lr:0.0001394	 Mean_Total:0.8647519
2021-09-19 08:21:45,375 -  2365 / 11829 (019%):	 Total:0.5928732	 Acc:0.0937500	 lr:0.0001390	 Mean_Total:0.6381511
2021-09-19 08:24:21,967 -  4730 / 11829 (039%):	 Total:0.7844911	 Acc:0.1875000	 lr:0.0001386	 Mean_Total:0.6365001
2021-09-19 08:26:56,130 -  7095 / 11829 (059%):	 Total:0.5899811	 Acc:0.3437500	 lr:0.0001382	 Mean_Total:0.6371335
2021-09-19 08:29:26,075 -  9460 / 11829 (079%):	 Total:0.5242993	 Acc:0.2187500	 lr:0.0001378	 Mean_Total:0.6365489
2021-09-19 08:32:03,573 - 11825 / 11829 (099%):	 Total:0.4494691	 Acc:0.2187500	 lr:0.0001374	 Mean_Total:0.6363332
2021-09-19 08:32:04,121 - ===============================| start validation |===============================
2021-09-19 08:33:19,057 - 	 Total:0.6187391	 Acc:0.2066672
2021-09-19 08:33:19,063 -    ini file updated    
2021-09-19 08:33:19,063 - ===============================|    epoch 35   |===============================
2021-09-19 08:33:20,695 -     0 / 11829 (000%):	 Total:0.4541300	 Acc:0.1875000	 lr:0.0001374	 Mean_Total:0.4541300
2021-09-19 08:36:00,890 -  2365 / 11829 (019%):	 Total:0.8808536	 Acc:0.2500000	 lr:0.0001370	 Mean_Total:0.6383068
2021-09-19 08:38:33,066 -  4730 / 11829 (039%):	 Total:0.7175964	 Acc:0.2500000	 lr:0.0001366	 Mean_Total:0.6364567
2021-09-19 08:41:09,533 -  7095 / 11829 (059%):	 Total:0.5693004	 Acc:0.2500000	 lr:0.0001362	 Mean_Total:0.6359381
2021-09-19 08:43:40,702 -  9460 / 11829 (079%):	 Total:0.7656473	 Acc:0.2187500	 lr:0.0001358	 Mean_Total:0.6351037
2021-09-19 08:46:14,043 - 11825 / 11829 (099%):	 Total:0.5604678	 Acc:0.1562500	 lr:0.0001354	 Mean_Total:0.6359447
2021-09-19 08:46:14,615 - ===============================| start validation |===============================
2021-09-19 08:47:28,677 - 	 Total:0.6142335	 Acc:0.2048268
2021-09-19 08:47:28,682 -    ini file updated    
2021-09-19 08:47:28,683 - ===============================|    epoch 36   |===============================
2021-09-19 08:47:30,192 -     0 / 11829 (000%):	 Total:0.7919984	 Acc:0.2812500	 lr:0.0001354	 Mean_Total:0.7919984
2021-09-19 08:50:14,981 -  2365 / 11829 (019%):	 Total:0.5961201	 Acc:0.1875000	 lr:0.0001351	 Mean_Total:0.6360813
2021-09-19 08:52:43,387 -  4730 / 11829 (039%):	 Total:0.4348482	 Acc:0.3125000	 lr:0.0001347	 Mean_Total:0.6358209
2021-09-19 08:55:15,888 -  7095 / 11829 (059%):	 Total:0.7534767	 Acc:0.1562500	 lr:0.0001343	 Mean_Total:0.6365240
2021-09-19 08:57:51,617 -  9460 / 11829 (079%):	 Total:0.5704383	 Acc:0.2187500	 lr:0.0001340	 Mean_Total:0.6355661
2021-09-19 09:00:22,659 - 11825 / 11829 (099%):	 Total:0.6160505	 Acc:0.1562500	 lr:0.0001336	 Mean_Total:0.6361298
2021-09-19 09:00:23,157 - ===============================| start validation |===============================
2021-09-19 09:01:36,476 - 	 Total:0.6164809	 Acc:0.2070105
2021-09-19 09:01:36,481 -    ini file updated    
2021-09-19 09:01:36,481 - ===============================|    epoch 37   |===============================
2021-09-19 09:01:37,959 -     0 / 11829 (000%):	 Total:0.6018901	 Acc:0.1250000	 lr:0.0001336	 Mean_Total:0.6018901
2021-09-19 09:04:20,141 -  2365 / 11829 (019%):	 Total:0.5032720	 Acc:0.2500000	 lr:0.0001332	 Mean_Total:0.6322235
2021-09-19 09:06:46,994 -  4730 / 11829 (039%):	 Total:0.5133076	 Acc:0.2187500	 lr:0.0001329	 Mean_Total:0.6344245
2021-09-19 09:09:14,815 -  7095 / 11829 (059%):	 Total:0.7400395	 Acc:0.2187500	 lr:0.0001325	 Mean_Total:0.6345646
2021-09-19 09:11:44,839 -  9460 / 11829 (079%):	 Total:0.7216747	 Acc:0.1562500	 lr:0.0001322	 Mean_Total:0.6355055
2021-09-19 09:14:14,671 - 11825 / 11829 (099%):	 Total:0.6835618	 Acc:0.1250000	 lr:0.0001318	 Mean_Total:0.6360564
2021-09-19 09:14:15,133 - ===============================| start validation |===============================
2021-09-19 09:15:29,564 - 	 Total:0.6135137	 Acc:0.2072983
2021-09-19 09:15:29,570 -    ini file updated    
2021-09-19 09:15:29,591 - Snapshot saved to /data/users/wergillius/UTR_VAE/pth/RL_gru_MTL/vleng_pretrain/vleng-model_best_cv6.pth

2021-09-19 09:15:29,593 -    ini file updated    
2021-09-19 09:15:29,593 - ===============================|    epoch 38   |===============================
2021-09-19 09:15:30,930 -     0 / 11829 (000%):	 Total:0.4181369	 Acc:0.1250000	 lr:0.0001318	 Mean_Total:0.4181369
2021-09-19 09:18:15,707 -  2365 / 11829 (019%):	 Total:0.7762010	 Acc:0.2187500	 lr:0.0001315	 Mean_Total:0.6405415
2021-09-19 09:20:55,512 -  4730 / 11829 (039%):	 Total:0.7738318	 Acc:0.2187500	 lr:0.0001311	 Mean_Total:0.6389928
2021-09-19 09:23:23,697 -  7095 / 11829 (059%):	 Total:0.6994660	 Acc:0.1875000	 lr:0.0001308	 Mean_Total:0.6375194
2021-09-19 09:25:56,091 -  9460 / 11829 (079%):	 Total:0.8060781	 Acc:0.2500000	 lr:0.0001305	 Mean_Total:0.6371955
2021-09-19 09:28:25,767 - 11825 / 11829 (099%):	 Total:0.6576309	 Acc:0.1875000	 lr:0.0001301	 Mean_Total:0.6371600
2021-09-19 09:28:26,242 - ===============================| start validation |===============================
2021-09-19 09:29:37,354 - 	 Total:0.6106014	 Acc:0.2047423
2021-09-19 09:29:37,360 -    ini file updated    
2021-09-19 09:29:37,382 - Snapshot saved to /data/users/wergillius/UTR_VAE/pth/RL_gru_MTL/vleng_pretrain/vleng-model_best_cv6.pth

2021-09-19 09:29:37,383 -    ini file updated    
2021-09-19 09:29:37,383 - ===============================|    epoch 39   |===============================
2021-09-19 09:29:38,775 -     0 / 11829 (000%):	 Total:0.4681375	 Acc:0.1875000	 lr:0.0001301	 Mean_Total:0.4681375
2021-09-19 09:32:22,145 -  2365 / 11829 (019%):	 Total:0.5205801	 Acc:0.1250000	 lr:0.0001298	 Mean_Total:0.6385387
2021-09-19 09:35:04,912 -  4730 / 11829 (039%):	 Total:0.5880849	 Acc:0.1250000	 lr:0.0001295	 Mean_Total:0.6375424
2021-09-19 09:37:29,786 -  7095 / 11829 (059%):	 Total:0.5510948	 Acc:0.0312500	 lr:0.0001291	 Mean_Total:0.6375992
2021-09-19 09:40:00,633 -  9460 / 11829 (079%):	 Total:0.8163100	 Acc:0.1562500	 lr:0.0001288	 Mean_Total:0.6366657
2021-09-19 09:42:29,913 - 11825 / 11829 (099%):	 Total:0.6592531	 Acc:0.2500000	 lr:0.0001285	 Mean_Total:0.6365034
2021-09-19 09:42:30,427 - ===============================| start validation |===============================
2021-09-19 09:43:41,264 - 	 Total:0.6111990	 Acc:0.2069286
2021-09-19 09:43:41,269 -    ini file updated    
2021-09-19 09:43:41,269 - ===============================|    epoch 40   |===============================
2021-09-19 09:43:42,610 -     0 / 11829 (000%):	 Total:0.6318370	 Acc:0.3125000	 lr:0.0001285	 Mean_Total:0.6318370
2021-09-19 09:46:26,319 -  2365 / 11829 (019%):	 Total:0.5879969	 Acc:0.2812500	 lr:0.0001282	 Mean_Total:0.6409865
2021-09-19 09:49:11,427 -  4730 / 11829 (039%):	 Total:0.5035408	 Acc:0.2187500	 lr:0.0001279	 Mean_Total:0.6382584
2021-09-19 09:51:37,308 -  7095 / 11829 (059%):	 Total:0.3803261	 Acc:0.2812500	 lr:0.0001275	 Mean_Total:0.6347366
2021-09-19 09:54:09,962 -  9460 / 11829 (079%):	 Total:0.3702179	 Acc:0.2187500	 lr:0.0001272	 Mean_Total:0.6357954
2021-09-19 09:56:39,901 - 11825 / 11829 (099%):	 Total:0.3931180	 Acc:0.1875000	 lr:0.0001269	 Mean_Total:0.6359652
2021-09-19 09:56:40,443 - ===============================| start validation |===============================
2021-09-19 09:57:53,831 - 	 Total:0.6127436	 Acc:0.2064771
2021-09-19 09:57:53,840 -    ini file updated    
2021-09-19 09:57:53,840 - ===============================|    epoch 41   |===============================
2021-09-19 09:57:55,265 -     0 / 11829 (000%):	 Total:0.7506598	 Acc:0.1250000	 lr:0.0001269	 Mean_Total:0.7506598
2021-09-19 10:00:34,158 -  2365 / 11829 (019%):	 Total:0.5326610	 Acc:0.1875000	 lr:0.0001266	 Mean_Total:0.6355902
2021-09-19 10:03:17,543 -  4730 / 11829 (039%):	 Total:0.7146333	 Acc:0.3125000	 lr:0.0001263	 Mean_Total:0.6327418
2021-09-19 10:05:49,205 -  7095 / 11829 (059%):	 Total:0.5573421	 Acc:0.1250000	 lr:0.0001260	 Mean_Total:0.6343405
2021-09-19 10:08:17,005 -  9460 / 11829 (079%):	 Total:0.6760601	 Acc:0.0937500	 lr:0.0001257	 Mean_Total:0.6349564
2021-09-19 10:10:49,072 - 11825 / 11829 (099%):	 Total:0.6100651	 Acc:0.1250000	 lr:0.0001254	 Mean_Total:0.6347146
2021-09-19 10:10:49,564 - ===============================| start validation |===============================
2021-09-19 10:11:57,591 - 	 Total:0.6194716	 Acc:0.2070369
2021-09-19 10:11:57,597 -    ini file updated    
2021-09-19 10:11:57,597 - ===============================|    epoch 42   |===============================
2021-09-19 10:11:59,120 -     0 / 11829 (000%):	 Total:0.8061568	 Acc:0.1875000	 lr:0.0001254	 Mean_Total:0.8061568
2021-09-19 10:14:38,761 -  2365 / 11829 (019%):	 Total:0.5856370	 Acc:0.2500000	 lr:0.0001251	 Mean_Total:0.6352522
2021-09-19 10:17:20,079 -  4730 / 11829 (039%):	 Total:0.6621591	 Acc:0.3437500	 lr:0.0001248	 Mean_Total:0.6342906
2021-09-19 10:19:59,272 -  7095 / 11829 (059%):	 Total:0.6008671	 Acc:0.1875000	 lr:0.0001245	 Mean_Total:0.6339088
2021-09-19 10:22:25,218 -  9460 / 11829 (079%):	 Total:0.7657405	 Acc:0.1875000	 lr:0.0001242	 Mean_Total:0.6347524
2021-09-19 10:24:58,372 - 11825 / 11829 (099%):	 Total:0.4093205	 Acc:0.2812500	 lr:0.0001239	 Mean_Total:0.6349778
2021-09-19 10:24:58,954 - ===============================| start validation |===============================
2021-09-19 10:26:07,902 - 	 Total:0.6128440	 Acc:0.2065246
2021-09-19 10:26:07,917 -    ini file updated    
2021-09-19 10:26:07,917 - ===============================|    epoch 43   |===============================
2021-09-19 10:26:09,220 -     0 / 11829 (000%):	 Total:0.6396968	 Acc:0.1875000	 lr:0.0001239	 Mean_Total:0.6396968
2021-09-19 10:28:46,917 -  2365 / 11829 (019%):	 Total:0.7054054	 Acc:0.1875000	 lr:0.0001236	 Mean_Total:0.6362887
2021-09-19 10:31:27,847 -  4730 / 11829 (039%):	 Total:0.5138067	 Acc:0.2812500	 lr:0.0001234	 Mean_Total:0.6355223
2021-09-19 10:34:06,604 -  7095 / 11829 (059%):	 Total:0.4908360	 Acc:0.2500000	 lr:0.0001231	 Mean_Total:0.6350780
2021-09-19 10:36:29,964 -  9460 / 11829 (079%):	 Total:0.5734944	 Acc:0.2812500	 lr:0.0001228	 Mean_Total:0.6345360
2021-09-19 10:39:02,952 - 11825 / 11829 (099%):	 Total:0.8328429	 Acc:0.1250000	 lr:0.0001225	 Mean_Total:0.6357769
2021-09-19 10:39:03,470 - ===============================| start validation |===============================
2021-09-19 10:40:15,948 - 	 Total:0.6119479	 Acc:0.2038287
2021-09-19 10:40:15,953 -    ini file updated    
2021-09-19 10:40:15,954 - ===============================|    epoch 44   |===============================
2021-09-19 10:40:17,397 -     0 / 11829 (000%):	 Total:0.5970174	 Acc:0.1562500	 lr:0.0001225	 Mean_Total:0.5970174
2021-09-19 10:42:54,589 -  2365 / 11829 (019%):	 Total:1.2435105	 Acc:0.1250000	 lr:0.0001222	 Mean_Total:0.6321594
2021-09-19 10:45:33,770 -  4730 / 11829 (039%):	 Total:0.3704084	 Acc:0.2812500	 lr:0.0001220	 Mean_Total:0.6349131
2021-09-19 10:48:12,103 -  7095 / 11829 (059%):	 Total:0.8037640	 Acc:0.2187500	 lr:0.0001217	 Mean_Total:0.6352363
2021-09-19 10:50:42,096 -  9460 / 11829 (079%):	 Total:0.7833161	 Acc:0.2812500	 lr:0.0001214	 Mean_Total:0.6355635
2021-09-19 10:53:13,058 - 11825 / 11829 (099%):	 Total:0.3691062	 Acc:0.3125000	 lr:0.0001211	 Mean_Total:0.6357644
2021-09-19 10:53:13,543 - ===============================| start validation |===============================
2021-09-19 10:54:24,953 - 	 Total:0.6102702	 Acc:0.2078924
2021-09-19 10:54:24,958 -    ini file updated    
2021-09-19 10:54:24,986 - Snapshot saved to /data/users/wergillius/UTR_VAE/pth/RL_gru_MTL/vleng_pretrain/vleng-model_best_cv6.pth

2021-09-19 10:54:24,987 -    ini file updated    
2021-09-19 10:54:25,000 - ===============================|    epoch 45   |===============================
2021-09-19 10:54:26,413 -     0 / 11829 (000%):	 Total:0.7102791	 Acc:0.2812500	 lr:0.0001211	 Mean_Total:0.7102791
2021-09-19 10:56:56,878 -  2365 / 11829 (019%):	 Total:0.4619384	 Acc:0.1250000	 lr:0.0001209	 Mean_Total:0.6306486
2021-09-19 10:59:32,524 -  4730 / 11829 (039%):	 Total:0.5277067	 Acc:0.1250000	 lr:0.0001206	 Mean_Total:0.6328618
2021-09-19 11:02:10,391 -  7095 / 11829 (059%):	 Total:0.5067761	 Acc:0.2812500	 lr:0.0001203	 Mean_Total:0.6335552
2021-09-19 11:04:47,936 -  9460 / 11829 (079%):	 Total:0.5361480	 Acc:0.0937500	 lr:0.0001201	 Mean_Total:0.6333106
2021-09-19 11:07:10,499 - 11825 / 11829 (099%):	 Total:0.3001598	 Acc:0.3750000	 lr:0.0001198	 Mean_Total:0.6351911
2021-09-19 11:07:10,968 - ===============================| start validation |===============================
2021-09-19 11:08:20,006 - 	 Total:0.6111620	 Acc:0.2055054
2021-09-19 11:08:20,014 -    ini file updated    
2021-09-19 11:08:20,014 - ===============================|    epoch 46   |===============================
2021-09-19 11:08:21,532 -     0 / 11829 (000%):	 Total:0.6578630	 Acc:0.1875000	 lr:0.0001198	 Mean_Total:0.6578630
2021-09-19 11:10:56,567 -  2365 / 11829 (019%):	 Total:0.6120987	 Acc:0.1562500	 lr:0.0001196	 Mean_Total:0.6370451
2021-09-19 11:13:31,785 -  4730 / 11829 (039%):	 Total:0.3139462	 Acc:0.3125000	 lr:0.0001193	 Mean_Total:0.6358331
2021-09-19 11:16:07,019 -  7095 / 11829 (059%):	 Total:0.5635551	 Acc:0.2187500	 lr:0.0001190	 Mean_Total:0.6350783
2021-09-19 11:18:45,596 -  9460 / 11829 (079%):	 Total:0.5802948	 Acc:0.2812500	 lr:0.0001188	 Mean_Total:0.6348342
2021-09-19 11:21:10,625 - 11825 / 11829 (099%):	 Total:0.4426691	 Acc:0.1562500	 lr:0.0001185	 Mean_Total:0.6346809
2021-09-19 11:21:11,186 - ===============================| start validation |===============================
2021-09-19 11:22:23,413 - 	 Total:0.6107148	 Acc:0.2039818
2021-09-19 11:22:23,421 -    ini file updated    
2021-09-19 11:22:23,421 - ===============================|    epoch 47   |===============================
2021-09-19 11:22:25,054 -     0 / 11829 (000%):	 Total:0.7188931	 Acc:0.1875000	 lr:0.0001185	 Mean_Total:0.7188931
2021-09-19 11:25:03,685 -  2365 / 11829 (019%):	 Total:0.7453305	 Acc:0.2187500	 lr:0.0001183	 Mean_Total:0.6423222
2021-09-19 11:27:39,317 -  4730 / 11829 (039%):	 Total:0.8025854	 Acc:0.2500000	 lr:0.0001180	 Mean_Total:0.6391683
2021-09-19 11:30:15,493 -  7095 / 11829 (059%):	 Total:0.4848457	 Acc:0.2187500	 lr:0.0001178	 Mean_Total:0.6369969
2021-09-19 11:32:56,601 -  9460 / 11829 (079%):	 Total:0.5833372	 Acc:0.1875000	 lr:0.0001175	 Mean_Total:0.6349066
2021-09-19 11:35:25,419 - 11825 / 11829 (099%):	 Total:0.2520177	 Acc:0.1875000	 lr:0.0001173	 Mean_Total:0.6349337
2021-09-19 11:35:25,854 - ===============================| start validation |===============================
2021-09-19 11:36:35,327 - 	 Total:0.6145863	 Acc:0.2088218
2021-09-19 11:36:35,332 -    ini file updated    
2021-09-19 11:36:35,370 - Snapshot saved to /data/users/wergillius/UTR_VAE/pth/RL_gru_MTL/vleng_pretrain/vleng-model_best_cv6.pth

2021-09-19 11:36:35,371 -    ini file updated    
2021-09-19 11:36:35,371 - ===============================|    epoch 48   |===============================
2021-09-19 11:36:36,940 -     0 / 11829 (000%):	 Total:0.6339292	 Acc:0.2187500	 lr:0.0001173	 Mean_Total:0.6339292
2021-09-19 11:39:13,205 -  2365 / 11829 (019%):	 Total:0.4692719	 Acc:0.3125000	 lr:0.0001171	 Mean_Total:0.6322847
2021-09-19 11:41:45,889 -  4730 / 11829 (039%):	 Total:0.6158981	 Acc:0.2187500	 lr:0.0001168	 Mean_Total:0.6334030
2021-09-19 11:44:21,980 -  7095 / 11829 (059%):	 Total:0.3295380	 Acc:0.2500000	 lr:0.0001166	 Mean_Total:0.6330220
2021-09-19 11:47:01,519 -  9460 / 11829 (079%):	 Total:0.4443812	 Acc:0.2187500	 lr:0.0001163	 Mean_Total:0.6338882
2021-09-19 11:49:35,937 - 11825 / 11829 (099%):	 Total:0.6786847	 Acc:0.1562500	 lr:0.0001161	 Mean_Total:0.6342863
2021-09-19 11:49:36,317 - ===============================| start validation |===============================
2021-09-19 11:50:39,689 - 	 Total:0.6106248	 Acc:0.2041139
2021-09-19 11:50:39,700 -    ini file updated    
2021-09-19 11:50:39,701 - ===============================|    epoch 49   |===============================
2021-09-19 11:50:41,271 -     0 / 11829 (000%):	 Total:0.5411199	 Acc:0.2500000	 lr:0.0001161	 Mean_Total:0.5411199
2021-09-19 11:53:20,151 -  2365 / 11829 (019%):	 Total:0.5323284	 Acc:0.3125000	 lr:0.0001159	 Mean_Total:0.6338209
2021-09-19 11:55:52,594 -  4730 / 11829 (039%):	 Total:0.5693942	 Acc:0.1562500	 lr:0.0001156	 Mean_Total:0.6363994
2021-09-19 11:58:28,501 -  7095 / 11829 (059%):	 Total:0.6304785	 Acc:0.2187500	 lr:0.0001154	 Mean_Total:0.6363026
2021-09-19 12:01:04,603 -  9460 / 11829 (079%):	 Total:0.6492450	 Acc:0.2500000	 lr:0.0001152	 Mean_Total:0.6347638
2021-09-19 12:03:42,834 - 11825 / 11829 (099%):	 Total:0.2961256	 Acc:0.3125000	 lr:0.0001149	 Mean_Total:0.6349212
2021-09-19 12:03:43,342 - ===============================| start validation |===============================
2021-09-19 12:04:42,186 - 	 Total:0.6103193	 Acc:0.2077630
2021-09-19 12:04:42,193 -    ini file updated    
2021-09-19 12:04:42,194 - ===============================|    epoch 50   |===============================
2021-09-19 12:04:43,602 -     0 / 11829 (000%):	 Total:0.4234612	 Acc:0.2812500	 lr:0.0001149	 Mean_Total:0.4234612
2021-09-19 12:07:25,712 -  2365 / 11829 (019%):	 Total:0.7386331	 Acc:0.2812500	 lr:0.0001147	 Mean_Total:0.6340649
2021-09-19 12:09:58,370 -  4730 / 11829 (039%):	 Total:0.6936683	 Acc:0.2812500	 lr:0.0001145	 Mean_Total:0.6344876
2021-09-19 12:12:33,804 -  7095 / 11829 (059%):	 Total:0.5142664	 Acc:0.2812500	 lr:0.0001142	 Mean_Total:0.6333847
2021-09-19 12:15:10,159 -  9460 / 11829 (079%):	 Total:0.6214502	 Acc:0.1250000	 lr:0.0001140	 Mean_Total:0.6345064
2021-09-19 12:17:48,451 - 11825 / 11829 (099%):	 Total:0.4144835	 Acc:0.2187500	 lr:0.0001138	 Mean_Total:0.6344120
2021-09-19 12:17:48,926 - ===============================| start validation |===============================
2021-09-19 12:18:54,469 - 	 Total:0.6095857	 Acc:0.2059305
2021-09-19 12:18:54,474 -    ini file updated    
2021-09-19 12:18:54,492 - Snapshot saved to /data/users/wergillius/UTR_VAE/pth/RL_gru_MTL/vleng_pretrain/vleng-model_best_cv6.pth

2021-09-19 12:18:54,493 -    ini file updated    
2021-09-19 12:18:54,494 - ===============================|    epoch 51   |===============================
2021-09-19 12:18:55,939 -     0 / 11829 (000%):	 Total:0.7887194	 Acc:0.2500000	 lr:0.0001138	 Mean_Total:0.7887194
2021-09-19 12:21:30,264 -  2365 / 11829 (019%):	 Total:0.7001209	 Acc:0.1562500	 lr:0.0001136	 Mean_Total:0.6342517
2021-09-19 12:24:01,794 -  4730 / 11829 (039%):	 Total:1.1594100	 Acc:0.1875000	 lr:0.0001134	 Mean_Total:0.6332885
2021-09-19 12:26:37,629 -  7095 / 11829 (059%):	 Total:0.5615323	 Acc:0.1875000	 lr:0.0001131	 Mean_Total:0.6335980
2021-09-19 12:29:14,178 -  9460 / 11829 (079%):	 Total:0.7933222	 Acc:0.1875000	 lr:0.0001129	 Mean_Total:0.6339871
2021-09-19 12:31:53,186 - 11825 / 11829 (099%):	 Total:0.4336303	 Acc:0.2500000	 lr:0.0001127	 Mean_Total:0.6348563
2021-09-19 12:31:53,733 - ===============================| start validation |===============================
2021-09-19 12:33:07,268 - 	 Total:0.6162024	 Acc:0.2090911
2021-09-19 12:33:07,273 -    ini file updated    
2021-09-19 12:33:07,296 - Snapshot saved to /data/users/wergillius/UTR_VAE/pth/RL_gru_MTL/vleng_pretrain/vleng-model_best_cv6.pth

2021-09-19 12:33:07,298 -    ini file updated    
2021-09-19 12:33:07,298 - ===============================|    epoch 52   |===============================
2021-09-19 12:33:08,962 -     0 / 11829 (000%):	 Total:0.5606980	 Acc:0.2500000	 lr:0.0001127	 Mean_Total:0.5606980
2021-09-19 12:35:39,156 -  2365 / 11829 (019%):	 Total:0.4570842	 Acc:0.2500000	 lr:0.0001125	 Mean_Total:0.6362694
2021-09-19 12:38:12,410 -  4730 / 11829 (039%):	 Total:0.7409546	 Acc:0.1875000	 lr:0.0001123	 Mean_Total:0.6360878
2021-09-19 12:40:45,602 -  7095 / 11829 (059%):	 Total:0.8932567	 Acc:0.1250000	 lr:0.0001121	 Mean_Total:0.6342744
2021-09-19 12:43:21,672 -  9460 / 11829 (079%):	 Total:0.3337753	 Acc:0.3437500	 lr:0.0001118	 Mean_Total:0.6334920
2021-09-19 12:45:50,019 - 11825 / 11829 (099%):	 Total:0.7405777	 Acc:0.2187500	 lr:0.0001116	 Mean_Total:0.6336139
2021-09-19 12:45:50,502 - ===============================| start validation |===============================
2021-09-19 12:46:51,152 - 	 Total:0.6148837	 Acc:0.2070474
2021-09-19 12:46:51,158 -    ini file updated    
2021-09-19 12:46:51,158 - ===============================|    epoch 53   |===============================
2021-09-19 12:46:52,547 -     0 / 11829 (000%):	 Total:0.5361357	 Acc:0.1875000	 lr:0.0001116	 Mean_Total:0.5361357
2021-09-19 12:49:03,727 -  2365 / 11829 (019%):	 Total:0.8191156	 Acc:0.0937500	 lr:0.0001114	 Mean_Total:0.6294423
2021-09-19 12:51:20,127 -  4730 / 11829 (039%):	 Total:0.4456945	 Acc:0.2187500	 lr:0.0001112	 Mean_Total:0.6340217
2021-09-19 12:53:34,989 -  7095 / 11829 (059%):	 Total:0.6213062	 Acc:0.1562500	 lr:0.0001110	 Mean_Total:0.6334483
2021-09-19 12:55:50,862 -  9460 / 11829 (079%):	 Total:0.5735640	 Acc:0.1875000	 lr:0.0001108	 Mean_Total:0.6332700
2021-09-19 12:58:11,500 - 11825 / 11829 (099%):	 Total:0.6630237	 Acc:0.1562500	 lr:0.0001106	 Mean_Total:0.6331855
2021-09-19 12:58:12,008 - ===============================| start validation |===============================
2021-09-19 12:59:14,322 - 	 Total:0.6112789	 Acc:0.2064322
2021-09-19 12:59:14,327 -    ini file updated    
2021-09-19 12:59:14,328 - ===============================|    epoch 54   |===============================
2021-09-19 12:59:15,819 -     0 / 11829 (000%):	 Total:0.7913625	 Acc:0.1875000	 lr:0.0001106	 Mean_Total:0.7913625
2021-09-19 13:01:37,742 -  2365 / 11829 (019%):	 Total:0.6651300	 Acc:0.2500000	 lr:0.0001104	 Mean_Total:0.6381591
2021-09-19 13:03:46,652 -  4730 / 11829 (039%):	 Total:0.8761868	 Acc:0.1562500	 lr:0.0001102	 Mean_Total:0.6356300
2021-09-19 13:06:00,359 -  7095 / 11829 (059%):	 Total:0.2993008	 Acc:0.2500000	 lr:0.0001100	 Mean_Total:0.6335195
2021-09-19 13:08:15,692 -  9460 / 11829 (079%):	 Total:0.6505926	 Acc:0.2500000	 lr:0.0001098	 Mean_Total:0.6353224
2021-09-19 13:10:41,060 - 11825 / 11829 (099%):	 Total:0.7709470	 Acc:0.1562500	 lr:0.0001096	 Mean_Total:0.6348103
2021-09-19 13:10:41,490 - ===============================| start validation |===============================
2021-09-19 13:11:39,625 - 	 Total:0.6121212	 Acc:0.2078079
2021-09-19 13:11:39,630 -    ini file updated    
2021-09-19 13:11:39,630 - ===============================|    epoch 55   |===============================
2021-09-19 13:11:41,004 -     0 / 11829 (000%):	 Total:0.4805688	 Acc:0.1875000	 lr:0.0001096	 Mean_Total:0.4805688
2021-09-19 13:14:09,152 -  2365 / 11829 (019%):	 Total:0.4357235	 Acc:0.2500000	 lr:0.0001094	 Mean_Total:0.6343777
2021-09-19 13:16:10,293 -  4730 / 11829 (039%):	 Total:0.4738291	 Acc:0.2500000	 lr:0.0001092	 Mean_Total:0.6354576
2021-09-19 13:17:51,806 -  7095 / 11829 (059%):	 Total:0.6189370	 Acc:0.1875000	 lr:0.0001090	 Mean_Total:0.6359514
2021-09-19 13:19:30,050 -  9460 / 11829 (079%):	 Total:0.5182835	 Acc:0.1875000	 lr:0.0001088	 Mean_Total:0.6353131
2021-09-19 13:21:03,566 - 11825 / 11829 (099%):	 Total:0.5743710	 Acc:0.1875000	 lr:0.0001086	 Mean_Total:0.6344757
2021-09-19 13:21:03,864 - ===============================| start validation |===============================
2021-09-19 13:21:22,228 - 	 Total:0.6128947	 Acc:0.2030946
2021-09-19 13:21:22,233 -    ini file updated    
2021-09-19 13:21:22,233 - ===============================|    epoch 56   |===============================
2021-09-19 13:21:23,380 -     0 / 11829 (000%):	 Total:0.6147530	 Acc:0.2500000	 lr:0.0001086	 Mean_Total:0.6147530
2021-09-19 13:22:57,309 -  2365 / 11829 (019%):	 Total:0.7581360	 Acc:0.2500000	 lr:0.0001084	 Mean_Total:0.6332574
2021-09-19 13:24:28,247 -  4730 / 11829 (039%):	 Total:0.3849237	 Acc:0.3750000	 lr:0.0001082	 Mean_Total:0.6329945
2021-09-19 13:25:59,711 -  7095 / 11829 (059%):	 Total:0.7567817	 Acc:0.0625000	 lr:0.0001080	 Mean_Total:0.6344699
2021-09-19 13:27:31,179 -  9460 / 11829 (079%):	 Total:0.6979145	 Acc:0.2500000	 lr:0.0001078	 Mean_Total:0.6335477
2021-09-19 13:29:03,073 - 11825 / 11829 (099%):	 Total:0.2913687	 Acc:0.1562500	 lr:0.0001076	 Mean_Total:0.6338692
2021-09-19 13:29:03,351 - ===============================| start validation |===============================
2021-09-19 13:29:18,603 - 	 Total:0.6111900	 Acc:0.2045548
2021-09-19 13:29:18,609 -    ini file updated    
2021-09-19 13:29:18,609 - ===============================|    epoch 57   |===============================
2021-09-19 13:29:19,549 -     0 / 11829 (000%):	 Total:0.9110868	 Acc:0.2812500	 lr:0.0001076	 Mean_Total:0.9110868
2021-09-19 13:30:40,450 -  2365 / 11829 (019%):	 Total:0.7559206	 Acc:0.1875000	 lr:0.0001075	 Mean_Total:0.6363044
2021-09-19 13:32:02,397 -  4730 / 11829 (039%):	 Total:0.4735652	 Acc:0.1875000	 lr:0.0001073	 Mean_Total:0.6341166
2021-09-19 13:33:22,790 -  7095 / 11829 (059%):	 Total:0.7033602	 Acc:0.2812500	 lr:0.0001071	 Mean_Total:0.6341471
2021-09-19 13:34:39,940 -  9460 / 11829 (079%):	 Total:1.0691118	 Acc:0.1875000	 lr:0.0001069	 Mean_Total:0.6342441
2021-09-19 13:35:54,732 - 11825 / 11829 (099%):	 Total:0.6732026	 Acc:0.1875000	 lr:0.0001067	 Mean_Total:0.6338384
2021-09-19 13:35:54,945 - ===============================| start validation |===============================
2021-09-19 13:36:08,936 - 	 Total:0.6118929	 Acc:0.2077973
2021-09-19 13:36:08,941 -    ini file updated    
2021-09-19 13:36:08,941 - ===============================|    epoch 58   |===============================
2021-09-19 13:36:09,808 -     0 / 11829 (000%):	 Total:0.7710965	 Acc:0.2187500	 lr:0.0001067	 Mean_Total:0.7710965
2021-09-19 13:37:25,314 -  2365 / 11829 (019%):	 Total:0.4896489	 Acc:0.3750000	 lr:0.0001065	 Mean_Total:0.6282541
2021-09-19 13:38:39,495 -  4730 / 11829 (039%):	 Total:0.7033136	 Acc:0.2500000	 lr:0.0001063	 Mean_Total:0.6312456
2021-09-19 13:39:52,059 -  7095 / 11829 (059%):	 Total:0.5647654	 Acc:0.2187500	 lr:0.0001062	 Mean_Total:0.6329630
2021-09-19 13:41:09,654 -  9460 / 11829 (079%):	 Total:0.5391136	 Acc:0.2187500	 lr:0.0001060	 Mean_Total:0.6333769
2021-09-19 13:42:25,670 - 11825 / 11829 (099%):	 Total:0.6172518	 Acc:0.1875000	 lr:0.0001058	 Mean_Total:0.6331268
2021-09-19 13:42:25,877 - ===============================| start validation |===============================
2021-09-19 13:42:40,174 - 	 Total:0.6091956	 Acc:0.2040663
2021-09-19 13:42:40,177 -    ini file updated    
2021-09-19 13:42:40,194 - Snapshot saved to /data/users/wergillius/UTR_VAE/pth/RL_gru_MTL/vleng_pretrain/vleng-model_best_cv6.pth

2021-09-19 13:42:40,195 -    ini file updated    
2021-09-19 13:42:40,195 - ===============================|    epoch 59   |===============================
2021-09-19 13:42:41,154 -     0 / 11829 (000%):	 Total:0.4970078	 Acc:0.2500000	 lr:0.0001058	 Mean_Total:0.4970078
2021-09-19 13:43:59,933 -  2365 / 11829 (019%):	 Total:0.7462709	 Acc:0.2187500	 lr:0.0001056	 Mean_Total:0.6350731
2021-09-19 13:45:16,631 -  4730 / 11829 (039%):	 Total:0.5782019	 Acc:0.0937500	 lr:0.0001054	 Mean_Total:0.6334420
2021-09-19 13:46:27,849 -  7095 / 11829 (059%):	 Total:0.5980679	 Acc:0.2187500	 lr:0.0001053	 Mean_Total:0.6346031
2021-09-19 13:47:42,988 -  9460 / 11829 (079%):	 Total:0.6430875	 Acc:0.2500000	 lr:0.0001051	 Mean_Total:0.6334464
2021-09-19 13:48:58,245 - 11825 / 11829 (099%):	 Total:0.5477076	 Acc:0.2187500	 lr:0.0001049	 Mean_Total:0.6331296
2021-09-19 13:48:58,511 - ===============================| start validation |===============================
2021-09-19 13:49:12,549 - 	 Total:0.6102249	 Acc:0.2065721
2021-09-19 13:49:12,553 -    ini file updated    
2021-09-19 13:49:12,554 - ===============================|    epoch 60   |===============================
2021-09-19 13:49:13,392 -     0 / 11829 (000%):	 Total:0.2740182	 Acc:0.2500000	 lr:0.0001049	 Mean_Total:0.2740182
2021-09-19 13:50:28,495 -  2365 / 11829 (019%):	 Total:0.4263495	 Acc:0.3437500	 lr:0.0001047	 Mean_Total:0.6288317
2021-09-19 13:51:40,818 -  4730 / 11829 (039%):	 Total:0.4930827	 Acc:0.0937500	 lr:0.0001046	 Mean_Total:0.6321703
2021-09-19 13:52:48,279 -  7095 / 11829 (059%):	 Total:0.8159118	 Acc:0.1562500	 lr:0.0001044	 Mean_Total:0.6346859
2021-09-19 13:53:49,916 -  9460 / 11829 (079%):	 Total:0.5570565	 Acc:0.3437500	 lr:0.0001042	 Mean_Total:0.6335052
2021-09-19 13:54:46,337 - 11825 / 11829 (099%):	 Total:0.6395612	 Acc:0.0937500	 lr:0.0001041	 Mean_Total:0.6339343
2021-09-19 13:54:46,513 - ===============================| start validation |===============================
2021-09-19 13:54:57,786 - 	 Total:0.6099835	 Acc:0.2054816
2021-09-19 13:54:57,789 -    ini file updated    
