2021-09-14 10:18:20,824 -   	 	 ==============<<< device used: cuda:1  >>>============== 	 	 
2021-09-14 10:18:26,049 -  	 	 ==============<<< encoder load from >>>============== 	 	 
2021-09-14 10:18:26,056 -  	/data/users/wergillius/UTR_VAE/pth/RL_gru_MTL/ds4rl_vleng_new/schdule_cv-model_best.pth
2021-09-14 10:18:47,981 -  	 	 ==============<<< ['soft_share'] part is fixed>>>============== 	 	 

2021-09-14 10:18:47,982 - ===============================|    epoch 0   |===============================
2021-09-14 10:18:50,224 -     0 / 11829 (000%):	 Total:33.5404510	 Acc:0.0000000	 lr:0.0009882	 Mean_Total:33.5404510
2021-09-14 10:22:20,619 -  2365 / 11829 (019%):	 Total:0.4203306	 Acc:0.1875000	 lr:0.0018171	 Mean_Total:0.8842634
2021-09-14 10:25:33,025 -  4730 / 11829 (039%):	 Total:0.8419648	 Acc:0.0937500	 lr:0.0012850	 Mean_Total:0.7997120
2021-09-14 10:28:53,259 -  7095 / 11829 (059%):	 Total:0.7780167	 Acc:0.1250000	 lr:0.0010493	 Mean_Total:0.7612323
2021-09-14 10:32:35,354 -  9460 / 11829 (079%):	 Total:0.5229593	 Acc:0.2500000	 lr:0.0009087	 Mean_Total:0.7412390
2021-09-14 10:35:50,099 - 11825 / 11829 (099%):	 Total:0.7770278	 Acc:0.2500000	 lr:0.0008128	 Mean_Total:0.7290361
2021-09-14 10:35:50,703 - ===============================| start validation |===============================
2021-09-14 10:37:10,106 - 	 Total:0.6369918	 Acc:0.1964855
2021-09-14 10:37:10,115 -    ini file updated    
2021-09-14 10:37:10,137 - Snapshot saved to /data/users/wergillius/UTR_VAE/pth/RL_gru_MTL/vleng_pretrain/vleng-model_best_cv3.pth

2021-09-14 10:37:10,138 -    ini file updated    
2021-09-14 10:37:10,138 - ===============================|    epoch 1   |===============================
2021-09-14 10:37:11,627 -     0 / 11829 (000%):	 Total:0.9388983	 Acc:0.0937500	 lr:0.0008126	 Mean_Total:0.9388983
2021-09-14 10:40:50,196 -  2365 / 11829 (019%):	 Total:0.6284291	 Acc:0.0937500	 lr:0.0007419	 Mean_Total:0.6698923
2021-09-14 10:44:13,933 -  4730 / 11829 (039%):	 Total:0.8415553	 Acc:0.1250000	 lr:0.0006869	 Mean_Total:0.6716392
2021-09-14 10:47:41,600 -  7095 / 11829 (059%):	 Total:0.7731539	 Acc:0.2187500	 lr:0.0006425	 Mean_Total:0.6701334
2021-09-14 10:51:14,459 -  9460 / 11829 (079%):	 Total:0.7014190	 Acc:0.2500000	 lr:0.0006058	 Mean_Total:0.6683488
2021-09-14 10:54:23,993 - 11825 / 11829 (099%):	 Total:0.8151093	 Acc:0.1562500	 lr:0.0005747	 Mean_Total:0.6668868
2021-09-14 10:54:24,492 - ===============================| start validation |===============================
2021-09-14 10:55:43,903 - 	 Total:0.6313276	 Acc:0.1993821
2021-09-14 10:55:43,912 -    ini file updated    
2021-09-14 10:55:43,931 - Snapshot saved to /data/users/wergillius/UTR_VAE/pth/RL_gru_MTL/vleng_pretrain/vleng-model_best_cv3.pth

2021-09-14 10:55:43,935 -    ini file updated    
2021-09-14 10:55:43,935 - ===============================|    epoch 2   |===============================
2021-09-14 10:55:45,632 -     0 / 11829 (000%):	 Total:0.7395943	 Acc:0.2500000	 lr:0.0005746	 Mean_Total:0.7395943
2021-09-14 10:59:19,522 -  2365 / 11829 (019%):	 Total:0.9164466	 Acc:0.1250000	 lr:0.0005479	 Mean_Total:0.6619128
2021-09-14 11:02:44,690 -  4730 / 11829 (039%):	 Total:0.8506891	 Acc:0.1875000	 lr:0.0005246	 Mean_Total:0.6588357
2021-09-14 11:06:11,597 -  7095 / 11829 (059%):	 Total:0.5850856	 Acc:0.2812500	 lr:0.0005040	 Mean_Total:0.6587889
2021-09-14 11:09:55,025 -  9460 / 11829 (079%):	 Total:0.6443986	 Acc:0.2187500	 lr:0.0004857	 Mean_Total:0.6593838
2021-09-14 11:13:11,491 - 11825 / 11829 (099%):	 Total:0.6851271	 Acc:0.1875000	 lr:0.0004692	 Mean_Total:0.6599966
2021-09-14 11:13:11,979 - ===============================| start validation |===============================
2021-09-14 11:14:32,072 - 	 Total:0.6473856	 Acc:0.1930397
2021-09-14 11:14:32,079 -    ini file updated    
2021-09-14 11:14:32,080 - ===============================|    epoch 3   |===============================
2021-09-14 11:14:33,432 -     0 / 11829 (000%):	 Total:0.5914401	 Acc:0.2187500	 lr:0.0004692	 Mean_Total:0.5914401
2021-09-14 11:18:13,714 -  2365 / 11829 (019%):	 Total:0.4279624	 Acc:0.2500000	 lr:0.0004543	 Mean_Total:0.6552592
2021-09-14 11:21:50,932 -  4730 / 11829 (039%):	 Total:0.4999303	 Acc:0.1250000	 lr:0.0004407	 Mean_Total:0.6540477
2021-09-14 11:25:24,264 -  7095 / 11829 (059%):	 Total:0.5913501	 Acc:0.1562500	 lr:0.0004283	 Mean_Total:0.6549325
2021-09-14 11:29:11,107 -  9460 / 11829 (079%):	 Total:0.5519598	 Acc:0.1875000	 lr:0.0004169	 Mean_Total:0.6555766
2021-09-14 11:32:30,485 - 11825 / 11829 (099%):	 Total:0.8351603	 Acc:0.3750000	 lr:0.0004064	 Mean_Total:0.6563677
2021-09-14 11:32:30,984 - ===============================| start validation |===============================
2021-09-14 11:33:53,263 - 	 Total:0.6254980	 Acc:0.2017374
2021-09-14 11:33:53,274 -    ini file updated    
2021-09-14 11:33:53,313 - Snapshot saved to /data/users/wergillius/UTR_VAE/pth/RL_gru_MTL/vleng_pretrain/vleng-model_best_cv3.pth

2021-09-14 11:33:53,314 -    ini file updated    
2021-09-14 11:33:53,315 - ===============================|    epoch 4   |===============================
2021-09-14 11:33:54,667 -     0 / 11829 (000%):	 Total:0.5674807	 Acc:0.1250000	 lr:0.0004063	 Mean_Total:0.5674807
2021-09-14 11:37:21,051 -  2365 / 11829 (019%):	 Total:0.5737034	 Acc:0.1875000	 lr:0.0003965	 Mean_Total:0.6593718
2021-09-14 11:40:41,324 -  4730 / 11829 (039%):	 Total:0.6083481	 Acc:0.2812500	 lr:0.0003874	 Mean_Total:0.6582524
2021-09-14 11:44:01,376 -  7095 / 11829 (059%):	 Total:0.5741041	 Acc:0.1875000	 lr:0.0003789	 Mean_Total:0.6566725
2021-09-14 11:47:31,370 -  9460 / 11829 (079%):	 Total:0.7740380	 Acc:0.1562500	 lr:0.0003709	 Mean_Total:0.6566109
2021-09-14 11:50:46,229 - 11825 / 11829 (099%):	 Total:0.7426122	 Acc:0.0937500	 lr:0.0003635	 Mean_Total:0.6552724
2021-09-14 11:50:46,703 - ===============================| start validation |===============================
2021-09-14 11:52:07,840 - 	 Total:0.6212471	 Acc:0.1988250
2021-09-14 11:52:07,846 -    ini file updated    
2021-09-14 11:52:07,869 - Snapshot saved to /data/users/wergillius/UTR_VAE/pth/RL_gru_MTL/vleng_pretrain/vleng-model_best_cv3.pth

2021-09-14 11:52:07,875 -    ini file updated    
2021-09-14 11:52:07,875 - ===============================|    epoch 5   |===============================
2021-09-14 11:52:09,357 -     0 / 11829 (000%):	 Total:0.7676649	 Acc:0.0937500	 lr:0.0003634	 Mean_Total:0.7676649
2021-09-14 11:55:36,555 -  2365 / 11829 (019%):	 Total:0.7121021	 Acc:0.2187500	 lr:0.0003564	 Mean_Total:0.6532260
2021-09-14 11:59:16,015 -  4730 / 11829 (039%):	 Total:0.5724173	 Acc:0.1562500	 lr:0.0003497	 Mean_Total:0.6545680
2021-09-14 12:02:41,360 -  7095 / 11829 (059%):	 Total:0.7338266	 Acc:0.2812500	 lr:0.0003434	 Mean_Total:0.6525203
2021-09-14 12:06:16,895 -  9460 / 11829 (079%):	 Total:0.6724027	 Acc:0.2500000	 lr:0.0003375	 Mean_Total:0.6525499
2021-09-14 12:09:40,155 - 11825 / 11829 (099%):	 Total:0.5455347	 Acc:0.2187500	 lr:0.0003318	 Mean_Total:0.6519458
2021-09-14 12:09:40,627 - ===============================| start validation |===============================
2021-09-14 12:11:03,734 - 	 Total:0.6202106	 Acc:0.1992422
2021-09-14 12:11:03,739 -    ini file updated    
2021-09-14 12:11:03,759 - Snapshot saved to /data/users/wergillius/UTR_VAE/pth/RL_gru_MTL/vleng_pretrain/vleng-model_best_cv3.pth

2021-09-14 12:11:03,760 -    ini file updated    
2021-09-14 12:11:03,761 - ===============================|    epoch 6   |===============================
2021-09-14 12:11:05,081 -     0 / 11829 (000%):	 Total:0.5242747	 Acc:0.1562500	 lr:0.0003318	 Mean_Total:0.5242747
2021-09-14 12:14:26,949 -  2365 / 11829 (019%):	 Total:0.4696152	 Acc:0.3437500	 lr:0.0003264	 Mean_Total:0.6534991
2021-09-14 12:18:44,936 -  4730 / 11829 (039%):	 Total:0.8562626	 Acc:0.1250000	 lr:0.0003212	 Mean_Total:0.6562641
2021-09-14 12:24:40,795 -  7095 / 11829 (059%):	 Total:0.9296039	 Acc:0.0625000	 lr:0.0003163	 Mean_Total:0.6562506
2021-09-14 12:29:10,046 -  9460 / 11829 (079%):	 Total:0.7350584	 Acc:0.1875000	 lr:0.0003117	 Mean_Total:0.6535444
2021-09-14 12:35:09,396 - 11825 / 11829 (099%):	 Total:0.5272371	 Acc:0.1250000	 lr:0.0003072	 Mean_Total:0.6516206
2021-09-14 12:35:10,348 - ===============================| start validation |===============================
2021-09-14 12:37:06,012 - 	 Total:0.6196942	 Acc:0.2021071
2021-09-14 12:37:06,046 -    ini file updated    
2021-09-14 12:37:06,105 - Snapshot saved to /data/users/wergillius/UTR_VAE/pth/RL_gru_MTL/vleng_pretrain/vleng-model_best_cv3.pth

2021-09-14 12:37:06,114 -    ini file updated    
2021-09-14 12:37:06,117 - ===============================|    epoch 7   |===============================
2021-09-14 12:37:09,053 -     0 / 11829 (000%):	 Total:0.6438724	 Acc:0.2500000	 lr:0.0003072	 Mean_Total:0.6438724
2021-09-14 12:43:00,508 -  2365 / 11829 (019%):	 Total:0.6159551	 Acc:0.1250000	 lr:0.0003029	 Mean_Total:0.6454247
2021-09-14 12:46:25,727 -  4730 / 11829 (039%):	 Total:0.7425213	 Acc:0.2187500	 lr:0.0002987	 Mean_Total:0.6460971
2021-09-14 12:49:57,944 -  7095 / 11829 (059%):	 Total:0.8125278	 Acc:0.1250000	 lr:0.0002948	 Mean_Total:0.6482423
2021-09-14 12:53:25,523 -  9460 / 11829 (079%):	 Total:0.6150105	 Acc:0.3125000	 lr:0.0002910	 Mean_Total:0.6495190
2021-09-14 12:56:49,092 - 11825 / 11829 (099%):	 Total:0.9165527	 Acc:0.0937500	 lr:0.0002873	 Mean_Total:0.6504431
2021-09-14 12:56:49,671 - ===============================| start validation |===============================
2021-09-14 12:58:31,404 - 	 Total:0.6210406	 Acc:0.2017955
2021-09-14 12:58:31,408 -    ini file updated    
2021-09-14 12:58:31,409 - ===============================|    epoch 8   |===============================
2021-09-14 12:58:33,082 -     0 / 11829 (000%):	 Total:0.7501472	 Acc:0.2187500	 lr:0.0002873	 Mean_Total:0.7501472
2021-09-14 13:01:48,490 -  2365 / 11829 (019%):	 Total:1.0866596	 Acc:0.1250000	 lr:0.0002838	 Mean_Total:0.6533031
2021-09-14 13:04:59,957 -  4730 / 11829 (039%):	 Total:0.5460242	 Acc:0.2812500	 lr:0.0002804	 Mean_Total:0.6489174
2021-09-14 13:08:28,220 -  7095 / 11829 (059%):	 Total:1.0750265	 Acc:0.0625000	 lr:0.0002771	 Mean_Total:0.6500273
2021-09-19 00:17:54,473 -   	 	 ==============<<< device used: cuda:3  >>>============== 	 	 
2021-09-19 00:17:54,502 -  	 	 ==============<<<  Experiment detected  >>>============== 	 	 

2021-09-19 00:17:59,713 -  	 	 ==============<<< encoder load from >>>============== 	 	 
2021-09-19 00:17:59,713 -  	/data/users/wergillius/UTR_VAE/pth/RL_gru_MTL/ds4rl_vleng_new/schdule_cv-model_best.pth
2021-09-19 00:18:11,821 -  	 	 ==============<<< encoder load from >>>============== 	 	 
2021-09-19 00:18:11,823 -  	/data/users/wergillius/UTR_VAE/pth/RL_gru_MTL/vleng_pretrain/vleng-model_best_cv3.pth
2021-09-19 00:18:11,825 -  	 	 ==============<<< ['soft_share'] part is fixed>>>============== 	 	 

2021-09-19 00:18:11,835 -  	 	 ========================================================= 	 	 
2021-09-19 00:18:11,836 -  	 	 ==============<<< Resume from checkpoint>>>============== 	 	 

2021-09-19 00:18:11,836 -  	/data/users/wergillius/UTR_VAE/pth/RL_gru_MTL/vleng_pretrain/vleng-model_best_cv3.pth

2021-09-19 00:18:11,836 -  	 	 ========================================================= 	 	 

2021-09-19 00:18:11,836 - ===============================|    epoch 7   |===============================
2021-09-19 00:18:13,557 -     0 / 11829 (000%):	 Total:0.7424321	 Acc:0.1875000	 lr:0.0001041	 Mean_Total:0.7424321
2021-09-19 00:20:57,508 -  2365 / 11829 (019%):	 Total:0.3421422	 Acc:0.2187500	 lr:0.0001039	 Mean_Total:0.6515824
2021-09-19 00:23:38,589 -  4730 / 11829 (039%):	 Total:0.8134858	 Acc:0.1562500	 lr:0.0001037	 Mean_Total:0.6488101
2021-09-19 00:26:18,916 -  7095 / 11829 (059%):	 Total:0.6551359	 Acc:0.1875000	 lr:0.0001035	 Mean_Total:0.6481086
2021-09-19 00:28:52,308 -  9460 / 11829 (079%):	 Total:0.5283358	 Acc:0.2500000	 lr:0.0001034	 Mean_Total:0.6477337
2021-09-19 00:31:16,575 - 11825 / 11829 (099%):	 Total:0.7390835	 Acc:0.1875000	 lr:0.0001032	 Mean_Total:0.6483953
2021-09-19 00:31:17,009 - ===============================| start validation |===============================
2021-09-19 00:32:15,026 - 	 Total:0.6168356	 Acc:0.2016054
2021-09-19 00:32:15,034 -    ini file updated    
2021-09-19 00:32:15,075 - Snapshot saved to /data/users/wergillius/UTR_VAE/pth/RL_gru_MTL/vleng_pretrain/vleng-model_best_cv3.pth

2021-09-19 00:32:15,077 -    ini file updated    
2021-09-19 00:32:15,077 - ===============================|    epoch 8   |===============================
2021-09-19 00:32:16,764 -     0 / 11829 (000%):	 Total:0.9379487	 Acc:0.0937500	 lr:0.0001032	 Mean_Total:0.9379487
2021-09-19 00:35:12,780 -  2365 / 11829 (019%):	 Total:0.5559199	 Acc:0.0625000	 lr:0.0001030	 Mean_Total:0.6470292
2021-09-19 00:38:07,926 -  4730 / 11829 (039%):	 Total:0.7889775	 Acc:0.2187500	 lr:0.0001029	 Mean_Total:0.6486647
2021-09-19 00:41:03,311 -  7095 / 11829 (059%):	 Total:0.7810624	 Acc:0.2187500	 lr:0.0001027	 Mean_Total:0.6494890
2021-09-19 00:43:47,329 -  9460 / 11829 (079%):	 Total:0.6878901	 Acc:0.2500000	 lr:0.0001026	 Mean_Total:0.6483758
2021-09-19 00:46:08,700 - 11825 / 11829 (099%):	 Total:0.7932486	 Acc:0.0937500	 lr:0.0001024	 Mean_Total:0.6476731
2021-09-19 00:46:09,076 - ===============================| start validation |===============================
2021-09-19 00:47:17,542 - 	 Total:0.6159014	 Acc:0.2022708
2021-09-19 00:47:17,548 -    ini file updated    
2021-09-19 00:47:17,571 - Snapshot saved to /data/users/wergillius/UTR_VAE/pth/RL_gru_MTL/vleng_pretrain/vleng-model_best_cv3.pth

2021-09-19 00:47:17,572 -    ini file updated    
2021-09-19 00:47:17,572 - ===============================|    epoch 9   |===============================
2021-09-19 00:47:19,001 -     0 / 11829 (000%):	 Total:0.7066224	 Acc:0.1250000	 lr:0.0001024	 Mean_Total:0.7066224
2021-09-19 00:50:16,593 -  2365 / 11829 (019%):	 Total:0.8494205	 Acc:0.0625000	 lr:0.0001022	 Mean_Total:0.6490531
2021-09-19 00:53:08,639 -  4730 / 11829 (039%):	 Total:0.7497467	 Acc:0.3125000	 lr:0.0001021	 Mean_Total:0.6449098
2021-09-19 00:56:00,649 -  7095 / 11829 (059%):	 Total:0.5612341	 Acc:0.3125000	 lr:0.0001019	 Mean_Total:0.6454967
2021-09-19 00:58:43,320 -  9460 / 11829 (079%):	 Total:0.6316228	 Acc:0.1562500	 lr:0.0001017	 Mean_Total:0.6459463
2021-09-19 01:01:06,348 - 11825 / 11829 (099%):	 Total:0.6760220	 Acc:0.1875000	 lr:0.0001016	 Mean_Total:0.6465891
2021-09-19 01:01:06,781 - ===============================| start validation |===============================
2021-09-19 01:02:18,625 - 	 Total:0.6219249	 Acc:0.1982811
2021-09-19 01:02:18,630 -    ini file updated    
2021-09-19 01:02:18,630 - ===============================|    epoch 10   |===============================
2021-09-19 01:02:20,086 -     0 / 11829 (000%):	 Total:0.6964477	 Acc:0.2500000	 lr:0.0001016	 Mean_Total:0.6964477
2021-09-19 01:05:13,751 -  2365 / 11829 (019%):	 Total:0.3159124	 Acc:0.2187500	 lr:0.0001014	 Mean_Total:0.6465967
2021-09-19 01:08:06,826 -  4730 / 11829 (039%):	 Total:0.4513348	 Acc:0.1875000	 lr:0.0001013	 Mean_Total:0.6434779
2021-09-19 01:10:55,861 -  7095 / 11829 (059%):	 Total:0.6674731	 Acc:0.1562500	 lr:0.0001011	 Mean_Total:0.6448596
2021-09-19 01:13:36,906 -  9460 / 11829 (079%):	 Total:0.5863143	 Acc:0.3437500	 lr:0.0001010	 Mean_Total:0.6452227
2021-09-19 01:16:01,115 - 11825 / 11829 (099%):	 Total:0.7991062	 Acc:0.2812500	 lr:0.0001008	 Mean_Total:0.6467591
2021-09-19 01:16:01,575 - ===============================| start validation |===============================
2021-09-19 01:17:15,014 - 	 Total:0.6147180	 Acc:0.2023553
2021-09-19 01:17:15,019 -    ini file updated    
2021-09-19 01:17:15,041 - Snapshot saved to /data/users/wergillius/UTR_VAE/pth/RL_gru_MTL/vleng_pretrain/vleng-model_best_cv3.pth

2021-09-19 01:17:15,043 -    ini file updated    
2021-09-19 01:17:15,043 - ===============================|    epoch 11   |===============================
2021-09-19 01:17:16,579 -     0 / 11829 (000%):	 Total:0.5868052	 Acc:0.3125000	 lr:0.0001008	 Mean_Total:0.5868052
2021-09-19 01:20:14,039 -  2365 / 11829 (019%):	 Total:0.4998175	 Acc:0.2187500	 lr:0.0001006	 Mean_Total:0.6474534
2021-09-19 01:23:07,858 -  4730 / 11829 (039%):	 Total:0.6351260	 Acc:0.1562500	 lr:0.0001005	 Mean_Total:0.6471633
2021-09-19 01:25:57,062 -  7095 / 11829 (059%):	 Total:0.6473992	 Acc:0.1562500	 lr:0.0001003	 Mean_Total:0.6462284
2021-09-19 01:28:33,405 -  9460 / 11829 (079%):	 Total:0.7210331	 Acc:0.2187500	 lr:0.0001002	 Mean_Total:0.6468084
2021-09-19 01:31:07,619 - 11825 / 11829 (099%):	 Total:0.6863970	 Acc:0.1562500	 lr:0.0001000	 Mean_Total:0.6463042
2021-09-19 01:31:08,095 - ===============================| start validation |===============================
2021-09-19 01:32:21,133 - 	 Total:0.6185065	 Acc:0.2003934
2021-09-19 01:32:21,137 -    ini file updated    
2021-09-19 01:32:21,137 - ===============================|    epoch 12   |===============================
2021-09-19 01:32:22,510 -     0 / 11829 (000%):	 Total:0.7722265	 Acc:0.1562500	 lr:0.0001000	 Mean_Total:0.7722265
2021-09-19 01:35:20,223 -  2365 / 11829 (019%):	 Total:0.6237368	 Acc:0.1562500	 lr:0.0000999	 Mean_Total:0.6468060
2021-09-19 01:38:14,517 -  4730 / 11829 (039%):	 Total:0.4970554	 Acc:0.1875000	 lr:0.0000997	 Mean_Total:0.6481139
2021-09-19 01:41:06,356 -  7095 / 11829 (059%):	 Total:0.5996706	 Acc:0.1875000	 lr:0.0000996	 Mean_Total:0.6465063
2021-09-19 01:43:36,397 -  9460 / 11829 (079%):	 Total:0.5750841	 Acc:0.1875000	 lr:0.0000994	 Mean_Total:0.6462141
2021-09-19 01:46:10,291 - 11825 / 11829 (099%):	 Total:0.5775695	 Acc:0.2812500	 lr:0.0000993	 Mean_Total:0.6455821
2021-09-19 01:46:10,750 - ===============================| start validation |===============================
2021-09-19 01:47:26,093 - 	 Total:0.6136003	 Acc:0.2019513
2021-09-19 01:47:26,099 -    ini file updated    
2021-09-19 01:47:26,125 - Snapshot saved to /data/users/wergillius/UTR_VAE/pth/RL_gru_MTL/vleng_pretrain/vleng-model_best_cv3.pth

2021-09-19 01:47:26,127 -    ini file updated    
2021-09-19 01:47:26,127 - ===============================|    epoch 13   |===============================
2021-09-19 01:47:27,540 -     0 / 11829 (000%):	 Total:0.5758039	 Acc:0.1250000	 lr:0.0000993	 Mean_Total:0.5758039
2021-09-19 01:50:23,918 -  2365 / 11829 (019%):	 Total:0.5207788	 Acc:0.2812500	 lr:0.0000991	 Mean_Total:0.6449092
2021-09-19 01:53:15,619 -  4730 / 11829 (039%):	 Total:0.7118589	 Acc:0.2187500	 lr:0.0000990	 Mean_Total:0.6475704
2021-09-19 01:56:04,132 -  7095 / 11829 (059%):	 Total:0.9843234	 Acc:0.1250000	 lr:0.0000988	 Mean_Total:0.6482047
2021-09-19 01:58:38,912 -  9460 / 11829 (079%):	 Total:0.6350770	 Acc:0.2187500	 lr:0.0000987	 Mean_Total:0.6459868
2021-09-19 02:01:18,621 - 11825 / 11829 (099%):	 Total:0.5277025	 Acc:0.1562500	 lr:0.0000986	 Mean_Total:0.6446445
2021-09-19 02:01:19,118 - ===============================| start validation |===============================
2021-09-19 02:02:33,802 - 	 Total:0.6133968	 Acc:0.2026774
2021-09-19 02:02:33,806 -    ini file updated    
2021-09-19 02:02:33,826 - Snapshot saved to /data/users/wergillius/UTR_VAE/pth/RL_gru_MTL/vleng_pretrain/vleng-model_best_cv3.pth

2021-09-19 02:02:33,827 -    ini file updated    
2021-09-19 02:02:33,827 - ===============================|    epoch 14   |===============================
2021-09-19 02:02:35,225 -     0 / 11829 (000%):	 Total:0.5599146	 Acc:0.2500000	 lr:0.0000986	 Mean_Total:0.5599146
2021-09-19 02:05:33,512 -  2365 / 11829 (019%):	 Total:0.5810660	 Acc:0.2187500	 lr:0.0000984	 Mean_Total:0.6404991
2021-09-19 02:08:21,158 -  4730 / 11829 (039%):	 Total:0.6649219	 Acc:0.2812500	 lr:0.0000983	 Mean_Total:0.6406915
2021-09-19 02:11:01,197 -  7095 / 11829 (059%):	 Total:0.7386417	 Acc:0.1250000	 lr:0.0000981	 Mean_Total:0.6428682
2021-09-19 02:13:42,253 -  9460 / 11829 (079%):	 Total:0.5727484	 Acc:0.2812500	 lr:0.0000980	 Mean_Total:0.6439165
2021-09-19 02:16:24,770 - 11825 / 11829 (099%):	 Total:0.9170171	 Acc:0.0937500	 lr:0.0000978	 Mean_Total:0.6447846
2021-09-19 02:16:25,288 - ===============================| start validation |===============================
2021-09-19 02:17:40,424 - 	 Total:0.6132823	 Acc:0.2026273
2021-09-19 02:17:40,430 -    ini file updated    
2021-09-19 02:17:40,454 - Snapshot saved to /data/users/wergillius/UTR_VAE/pth/RL_gru_MTL/vleng_pretrain/vleng-model_best_cv3.pth

2021-09-19 02:17:40,456 -    ini file updated    
2021-09-19 02:17:40,456 - ===============================|    epoch 15   |===============================
2021-09-19 02:17:41,979 -     0 / 11829 (000%):	 Total:0.6181038	 Acc:0.1562500	 lr:0.0000978	 Mean_Total:0.6181038
2021-09-19 02:20:37,078 -  2365 / 11829 (019%):	 Total:1.1842687	 Acc:0.1875000	 lr:0.0000977	 Mean_Total:0.6461832
2021-09-19 02:23:23,740 -  4730 / 11829 (039%):	 Total:0.5996200	 Acc:0.2187500	 lr:0.0000976	 Mean_Total:0.6430541
2021-09-19 02:26:04,087 -  7095 / 11829 (059%):	 Total:1.0196311	 Acc:0.1250000	 lr:0.0000974	 Mean_Total:0.6449833
2021-09-19 02:28:36,962 -  9460 / 11829 (079%):	 Total:0.7138104	 Acc:0.1875000	 lr:0.0000973	 Mean_Total:0.6443331
2021-09-19 02:31:19,549 - 11825 / 11829 (099%):	 Total:0.5137203	 Acc:0.3125000	 lr:0.0000971	 Mean_Total:0.6443740
2021-09-19 02:31:20,017 - ===============================| start validation |===============================
2021-09-19 02:32:34,266 - 	 Total:0.6152548	 Acc:0.2028702
2021-09-19 02:32:34,272 -    ini file updated    
2021-09-19 02:32:34,293 - Snapshot saved to /data/users/wergillius/UTR_VAE/pth/RL_gru_MTL/vleng_pretrain/vleng-model_best_cv3.pth

2021-09-19 02:32:34,294 -    ini file updated    
2021-09-19 02:32:34,294 - ===============================|    epoch 16   |===============================
2021-09-19 02:32:35,933 -     0 / 11829 (000%):	 Total:0.8511513	 Acc:0.0625000	 lr:0.0000971	 Mean_Total:0.8511513
2021-09-19 02:35:25,788 -  2365 / 11829 (019%):	 Total:0.4417666	 Acc:0.2812500	 lr:0.0000970	 Mean_Total:0.6444826
2021-09-19 02:38:10,456 -  4730 / 11829 (039%):	 Total:0.8205708	 Acc:0.0937500	 lr:0.0000969	 Mean_Total:0.6435321
2021-09-19 02:40:52,808 -  7095 / 11829 (059%):	 Total:0.5386243	 Acc:0.0937500	 lr:0.0000967	 Mean_Total:0.6426449
2021-09-19 02:43:22,097 -  9460 / 11829 (079%):	 Total:0.8745564	 Acc:0.2187500	 lr:0.0000966	 Mean_Total:0.6423372
2021-09-19 02:46:07,138 - 11825 / 11829 (099%):	 Total:0.6684092	 Acc:0.1562500	 lr:0.0000964	 Mean_Total:0.6427604
2021-09-19 02:46:07,591 - ===============================| start validation |===============================
2021-09-19 02:47:22,390 - 	 Total:0.6161907	 Acc:0.2034247
2021-09-19 02:47:22,395 -    ini file updated    
2021-09-19 02:47:22,419 - Snapshot saved to /data/users/wergillius/UTR_VAE/pth/RL_gru_MTL/vleng_pretrain/vleng-model_best_cv3.pth

2021-09-19 02:47:22,420 -    ini file updated    
2021-09-19 02:47:22,420 - ===============================|    epoch 17   |===============================
2021-09-19 02:47:23,833 -     0 / 11829 (000%):	 Total:0.7014357	 Acc:0.1875000	 lr:0.0000964	 Mean_Total:0.7014357
2021-09-19 02:50:14,483 -  2365 / 11829 (019%):	 Total:0.7067226	 Acc:0.1562500	 lr:0.0000963	 Mean_Total:0.6443237
2021-09-19 02:52:58,438 -  4730 / 11829 (039%):	 Total:0.5467843	 Acc:0.1875000	 lr:0.0000962	 Mean_Total:0.6441111
2021-09-19 02:55:44,879 -  7095 / 11829 (059%):	 Total:0.5111179	 Acc:0.0312500	 lr:0.0000960	 Mean_Total:0.6437405
2021-09-19 02:58:12,836 -  9460 / 11829 (079%):	 Total:0.6509814	 Acc:0.1562500	 lr:0.0000959	 Mean_Total:0.6423759
2021-09-19 03:00:53,484 - 11825 / 11829 (099%):	 Total:0.5821304	 Acc:0.1875000	 lr:0.0000958	 Mean_Total:0.6427685
2021-09-19 03:00:54,006 - ===============================| start validation |===============================
2021-09-19 03:02:08,351 - 	 Total:0.6115685	 Acc:0.2017586
2021-09-19 03:02:08,357 -    ini file updated    
2021-09-19 03:02:08,385 - Snapshot saved to /data/users/wergillius/UTR_VAE/pth/RL_gru_MTL/vleng_pretrain/vleng-model_best_cv3.pth

2021-09-19 03:02:08,386 -    ini file updated    
2021-09-19 03:02:08,387 - ===============================|    epoch 18   |===============================
2021-09-19 03:02:10,082 -     0 / 11829 (000%):	 Total:0.4806809	 Acc:0.2500000	 lr:0.0000958	 Mean_Total:0.4806809
2021-09-19 03:05:00,381 -  2365 / 11829 (019%):	 Total:0.5557212	 Acc:0.1250000	 lr:0.0000956	 Mean_Total:0.6457094
2021-09-19 03:07:39,682 -  4730 / 11829 (039%):	 Total:0.6226010	 Acc:0.1250000	 lr:0.0000955	 Mean_Total:0.6443645
2021-09-19 03:10:28,344 -  7095 / 11829 (059%):	 Total:0.5881085	 Acc:0.2500000	 lr:0.0000954	 Mean_Total:0.6438465
2021-09-19 03:12:57,620 -  9460 / 11829 (079%):	 Total:0.5185493	 Acc:0.2500000	 lr:0.0000952	 Mean_Total:0.6441692
2021-09-19 03:15:39,303 - 11825 / 11829 (099%):	 Total:0.6708105	 Acc:0.1562500	 lr:0.0000951	 Mean_Total:0.6440561
2021-09-19 03:15:39,773 - ===============================| start validation |===============================
2021-09-19 03:16:52,035 - 	 Total:0.6131810	 Acc:0.2032082
2021-09-19 03:16:52,042 -    ini file updated    
2021-09-19 03:16:52,042 - ===============================|    epoch 19   |===============================
2021-09-19 03:16:53,271 -     0 / 11829 (000%):	 Total:0.6600800	 Acc:0.1250000	 lr:0.0000951	 Mean_Total:0.6600800
2021-09-19 03:19:42,140 -  2365 / 11829 (019%):	 Total:0.4111763	 Acc:0.3125000	 lr:0.0000950	 Mean_Total:0.6403020
2021-09-19 03:22:26,938 -  4730 / 11829 (039%):	 Total:1.1726968	 Acc:0.1875000	 lr:0.0000949	 Mean_Total:0.6418330
2021-09-19 03:25:15,911 -  7095 / 11829 (059%):	 Total:1.0961423	 Acc:0.0312500	 lr:0.0000947	 Mean_Total:0.6419494
2021-09-19 03:27:50,801 -  9460 / 11829 (079%):	 Total:0.4888762	 Acc:0.3437500	 lr:0.0000946	 Mean_Total:0.6417943
2021-09-19 03:30:35,342 - 11825 / 11829 (099%):	 Total:0.7474652	 Acc:0.1875000	 lr:0.0000945	 Mean_Total:0.6430868
2021-09-19 03:30:35,876 - ===============================| start validation |===============================
2021-09-19 03:31:47,031 - 	 Total:0.6117053	 Acc:0.2022127
2021-09-19 03:31:47,036 -    ini file updated    
2021-09-19 03:31:47,037 - ===============================|    epoch 20   |===============================
2021-09-19 03:31:48,424 -     0 / 11829 (000%):	 Total:0.7836818	 Acc:0.1562500	 lr:0.0000945	 Mean_Total:0.7836818
2021-09-19 03:34:34,836 -  2365 / 11829 (019%):	 Total:0.7221117	 Acc:0.1562500	 lr:0.0000943	 Mean_Total:0.6442759
2021-09-19 03:37:16,682 -  4730 / 11829 (039%):	 Total:0.6796927	 Acc:0.2187500	 lr:0.0000942	 Mean_Total:0.6426999
2021-09-19 03:40:01,748 -  7095 / 11829 (059%):	 Total:0.4962721	 Acc:0.3125000	 lr:0.0000941	 Mean_Total:0.6436211
2021-09-19 03:42:32,123 -  9460 / 11829 (079%):	 Total:0.4796870	 Acc:0.2500000	 lr:0.0000940	 Mean_Total:0.6435037
2021-09-19 03:45:15,119 - 11825 / 11829 (099%):	 Total:0.5227223	 Acc:0.2500000	 lr:0.0000938	 Mean_Total:0.6426946
2021-09-19 03:45:15,561 - ===============================| start validation |===============================
2021-09-19 03:46:25,800 - 	 Total:0.6174595	 Acc:0.2031501
2021-09-19 03:46:25,807 -    ini file updated    
2021-09-19 03:46:25,807 - ===============================|    epoch 21   |===============================
2021-09-19 03:46:27,262 -     0 / 11829 (000%):	 Total:0.6803446	 Acc:0.2187500	 lr:0.0000938	 Mean_Total:0.6803446
2021-09-19 03:49:13,119 -  2365 / 11829 (019%):	 Total:0.6650422	 Acc:0.2500000	 lr:0.0000937	 Mean_Total:0.6452890
2021-09-19 03:51:59,047 -  4730 / 11829 (039%):	 Total:0.4785035	 Acc:0.1875000	 lr:0.0000936	 Mean_Total:0.6424886
2021-09-19 03:54:43,523 -  7095 / 11829 (059%):	 Total:0.5234498	 Acc:0.1250000	 lr:0.0000935	 Mean_Total:0.6425665
2021-09-19 03:57:13,806 -  9460 / 11829 (079%):	 Total:0.5524064	 Acc:0.1562500	 lr:0.0000933	 Mean_Total:0.6421942
2021-09-19 03:59:55,759 - 11825 / 11829 (099%):	 Total:0.4287086	 Acc:0.2187500	 lr:0.0000932	 Mean_Total:0.6423863
2021-09-19 03:59:56,189 - ===============================| start validation |===============================
2021-09-19 04:01:09,632 - 	 Total:0.6113054	 Acc:0.2027487
2021-09-19 04:01:09,638 -    ini file updated    
2021-09-19 04:01:09,657 - Snapshot saved to /data/users/wergillius/UTR_VAE/pth/RL_gru_MTL/vleng_pretrain/vleng-model_best_cv3.pth

2021-09-19 04:01:09,658 -    ini file updated    
2021-09-19 04:01:09,658 - ===============================|    epoch 22   |===============================
2021-09-19 04:01:11,091 -     0 / 11829 (000%):	 Total:0.6686289	 Acc:0.2500000	 lr:0.0000932	 Mean_Total:0.6686289
2021-09-19 04:03:53,490 -  2365 / 11829 (019%):	 Total:0.6452087	 Acc:0.1875000	 lr:0.0000931	 Mean_Total:0.6412200
2021-09-19 04:06:42,171 -  4730 / 11829 (039%):	 Total:0.5116117	 Acc:0.2812500	 lr:0.0000930	 Mean_Total:0.6419394
2021-09-19 04:09:31,048 -  7095 / 11829 (059%):	 Total:1.2686210	 Acc:0.2187500	 lr:0.0000929	 Mean_Total:0.6441092
2021-09-19 04:12:05,682 -  9460 / 11829 (079%):	 Total:0.6945317	 Acc:0.1250000	 lr:0.0000927	 Mean_Total:0.6435396
2021-09-19 04:14:47,005 - 11825 / 11829 (099%):	 Total:0.5833573	 Acc:0.2500000	 lr:0.0000926	 Mean_Total:0.6419127
2021-09-19 04:14:47,592 - ===============================| start validation |===============================
2021-09-19 04:16:00,364 - 	 Total:0.6116637	 Acc:0.2036623
2021-09-19 04:16:00,368 -    ini file updated    
2021-09-19 04:16:00,389 - Snapshot saved to /data/users/wergillius/UTR_VAE/pth/RL_gru_MTL/vleng_pretrain/vleng-model_best_cv3.pth

2021-09-19 04:16:00,390 -    ini file updated    
2021-09-19 04:16:00,390 - ===============================|    epoch 23   |===============================
2021-09-19 04:16:01,700 -     0 / 11829 (000%):	 Total:0.6690183	 Acc:0.1875000	 lr:0.0000926	 Mean_Total:0.6690183
2021-09-19 04:18:44,332 -  2365 / 11829 (019%):	 Total:1.0126104	 Acc:0.0625000	 lr:0.0000925	 Mean_Total:0.6435076
2021-09-19 04:21:36,137 -  4730 / 11829 (039%):	 Total:0.6429240	 Acc:0.2812500	 lr:0.0000924	 Mean_Total:0.6415455
2021-09-19 04:24:31,642 -  7095 / 11829 (059%):	 Total:0.6573415	 Acc:0.0937500	 lr:0.0000923	 Mean_Total:0.6422272
2021-09-19 04:27:10,313 -  9460 / 11829 (079%):	 Total:0.8597488	 Acc:0.0937500	 lr:0.0000921	 Mean_Total:0.6425360
2021-09-19 04:29:54,559 - 11825 / 11829 (099%):	 Total:0.6665048	 Acc:0.2187500	 lr:0.0000920	 Mean_Total:0.6422226
2021-09-19 04:29:55,058 - ===============================| start validation |===============================
2021-09-19 04:31:04,751 - 	 Total:0.6110058	 Acc:0.2022708
2021-09-19 04:31:04,757 -    ini file updated    
2021-09-19 04:31:04,780 - Snapshot saved to /data/users/wergillius/UTR_VAE/pth/RL_gru_MTL/vleng_pretrain/vleng-model_best_cv3.pth

2021-09-19 04:31:04,781 -    ini file updated    
2021-09-19 04:31:04,781 - ===============================|    epoch 24   |===============================
2021-09-19 04:31:06,212 -     0 / 11829 (000%):	 Total:0.7612885	 Acc:0.2187500	 lr:0.0000920	 Mean_Total:0.7612885
2021-09-19 04:33:54,138 -  2365 / 11829 (019%):	 Total:0.8015772	 Acc:0.0937500	 lr:0.0000919	 Mean_Total:0.6450992
2021-09-19 04:36:41,981 -  4730 / 11829 (039%):	 Total:0.7564470	 Acc:0.1875000	 lr:0.0000918	 Mean_Total:0.6414948
2021-09-19 04:39:31,637 -  7095 / 11829 (059%):	 Total:0.4352512	 Acc:0.3125000	 lr:0.0000917	 Mean_Total:0.6408061
2021-09-19 04:42:05,343 -  9460 / 11829 (079%):	 Total:0.4544734	 Acc:0.3125000	 lr:0.0000916	 Mean_Total:0.6414311
2021-09-19 04:44:46,421 - 11825 / 11829 (099%):	 Total:0.5524914	 Acc:0.1562500	 lr:0.0000914	 Mean_Total:0.6408705
2021-09-19 04:44:46,916 - ===============================| start validation |===============================
2021-09-19 04:45:55,395 - 	 Total:0.6106636	 Acc:0.2025217
2021-09-19 04:45:55,400 -    ini file updated    
2021-09-19 04:45:55,422 - Snapshot saved to /data/users/wergillius/UTR_VAE/pth/RL_gru_MTL/vleng_pretrain/vleng-model_best_cv3.pth

2021-09-19 04:45:55,423 -    ini file updated    
2021-09-19 04:45:55,424 - ===============================|    epoch 25   |===============================
2021-09-19 04:45:56,699 -     0 / 11829 (000%):	 Total:0.6995500	 Acc:0.0625000	 lr:0.0000914	 Mean_Total:0.6995500
2021-09-19 04:48:43,029 -  2365 / 11829 (019%):	 Total:0.5794706	 Acc:0.2812500	 lr:0.0000913	 Mean_Total:0.6407498
2021-09-19 04:51:27,782 -  4730 / 11829 (039%):	 Total:0.7822785	 Acc:0.1562500	 lr:0.0000912	 Mean_Total:0.6436980
2021-09-19 04:54:15,052 -  7095 / 11829 (059%):	 Total:0.8252350	 Acc:0.1875000	 lr:0.0000911	 Mean_Total:0.6434126
2021-09-19 04:56:43,183 -  9460 / 11829 (079%):	 Total:0.5627753	 Acc:0.2812500	 lr:0.0000910	 Mean_Total:0.6422195
2021-09-19 04:59:21,269 - 11825 / 11829 (099%):	 Total:0.5882028	 Acc:0.2812500	 lr:0.0000909	 Mean_Total:0.6412150
2021-09-19 04:59:21,720 - ===============================| start validation |===============================
2021-09-19 05:00:29,280 - 	 Total:0.6099793	 Acc:0.2026510
2021-09-19 05:00:29,285 -    ini file updated    
2021-09-19 05:00:29,305 - Snapshot saved to /data/users/wergillius/UTR_VAE/pth/RL_gru_MTL/vleng_pretrain/vleng-model_best_cv3.pth

2021-09-19 05:00:29,306 -    ini file updated    
2021-09-19 05:00:29,306 - ===============================|    epoch 26   |===============================
2021-09-19 05:00:30,702 -     0 / 11829 (000%):	 Total:0.6263077	 Acc:0.1250000	 lr:0.0000909	 Mean_Total:0.6263077
2021-09-19 05:03:19,707 -  2365 / 11829 (019%):	 Total:0.6966392	 Acc:0.1875000	 lr:0.0000907	 Mean_Total:0.6383316
2021-09-19 05:06:05,718 -  4730 / 11829 (039%):	 Total:0.5850421	 Acc:0.2187500	 lr:0.0000906	 Mean_Total:0.6415784
2021-09-19 05:08:53,487 -  7095 / 11829 (059%):	 Total:0.4945167	 Acc:0.1562500	 lr:0.0000905	 Mean_Total:0.6413740
2021-09-19 05:11:22,661 -  9460 / 11829 (079%):	 Total:0.7704066	 Acc:0.1562500	 lr:0.0000904	 Mean_Total:0.6405848
2021-09-19 05:14:04,688 - 11825 / 11829 (099%):	 Total:0.6135985	 Acc:0.1250000	 lr:0.0000903	 Mean_Total:0.6411051
2021-09-19 05:14:05,060 - ===============================| start validation |===============================
2021-09-19 05:15:12,493 - 	 Total:0.6118763	 Acc:0.2014153
2021-09-19 05:15:12,499 -    ini file updated    
2021-09-19 05:15:12,499 - ===============================|    epoch 27   |===============================
2021-09-19 05:15:13,972 -     0 / 11829 (000%):	 Total:0.7120675	 Acc:0.1250000	 lr:0.0000903	 Mean_Total:0.7120675
2021-09-19 05:18:04,482 -  2365 / 11829 (019%):	 Total:0.6526459	 Acc:0.1250000	 lr:0.0000902	 Mean_Total:0.6368721
2021-09-19 05:20:52,619 -  4730 / 11829 (039%):	 Total:0.6713095	 Acc:0.1562500	 lr:0.0000901	 Mean_Total:0.6391828
2021-09-19 05:23:40,285 -  7095 / 11829 (059%):	 Total:0.8568105	 Acc:0.1875000	 lr:0.0000900	 Mean_Total:0.6399180
2021-09-19 05:26:11,247 -  9460 / 11829 (079%):	 Total:0.6440279	 Acc:0.1875000	 lr:0.0000899	 Mean_Total:0.6408268
2021-09-19 05:28:47,684 - 11825 / 11829 (099%):	 Total:0.6029440	 Acc:0.1562500	 lr:0.0000897	 Mean_Total:0.6407824
2021-09-19 05:28:48,155 - ===============================| start validation |===============================
2021-09-19 05:29:58,922 - 	 Total:0.6163560	 Acc:0.2033772
2021-09-19 05:29:58,928 -    ini file updated    
2021-09-19 05:29:58,928 - ===============================|    epoch 28   |===============================
2021-09-19 05:30:00,263 -     0 / 11829 (000%):	 Total:1.0205629	 Acc:0.0937500	 lr:0.0000897	 Mean_Total:1.0205629
2021-09-19 05:32:55,335 -  2365 / 11829 (019%):	 Total:0.6873275	 Acc:0.2500000	 lr:0.0000896	 Mean_Total:0.6425213
2021-09-19 05:35:54,710 -  4730 / 11829 (039%):	 Total:0.4212261	 Acc:0.4375000	 lr:0.0000895	 Mean_Total:0.6419870
2021-09-19 05:38:40,719 -  7095 / 11829 (059%):	 Total:0.6942703	 Acc:0.1562500	 lr:0.0000894	 Mean_Total:0.6410974
2021-09-19 05:41:12,563 -  9460 / 11829 (079%):	 Total:0.4828927	 Acc:0.2812500	 lr:0.0000893	 Mean_Total:0.6410498
2021-09-19 05:43:50,666 - 11825 / 11829 (099%):	 Total:0.4520411	 Acc:0.2187500	 lr:0.0000892	 Mean_Total:0.6402604
2021-09-19 05:43:51,149 - ===============================| start validation |===============================
2021-09-19 05:45:05,014 - 	 Total:0.6105031	 Acc:0.2033164
2021-09-19 05:45:05,020 -    ini file updated    
2021-09-19 05:45:05,020 - ===============================|    epoch 29   |===============================
2021-09-19 05:45:06,357 -     0 / 11829 (000%):	 Total:0.4945775	 Acc:0.2500000	 lr:0.0000892	 Mean_Total:0.4945775
2021-09-19 05:47:54,717 -  2365 / 11829 (019%):	 Total:0.2252457	 Acc:0.3437500	 lr:0.0000891	 Mean_Total:0.6373713
2021-09-19 05:50:44,959 -  4730 / 11829 (039%):	 Total:0.6926472	 Acc:0.0937500	 lr:0.0000890	 Mean_Total:0.6384194
2021-09-19 05:53:25,755 -  7095 / 11829 (059%):	 Total:0.5809681	 Acc:0.2187500	 lr:0.0000889	 Mean_Total:0.6396766
2021-09-19 05:55:53,794 -  9460 / 11829 (079%):	 Total:0.8107220	 Acc:0.0937500	 lr:0.0000888	 Mean_Total:0.6401640
2021-09-19 05:58:31,934 - 11825 / 11829 (099%):	 Total:0.4512841	 Acc:0.3125000	 lr:0.0000887	 Mean_Total:0.6399825
2021-09-19 05:58:32,395 - ===============================| start validation |===============================
2021-09-19 05:59:45,784 - 	 Total:0.6165494	 Acc:0.2043040
2021-09-19 05:59:45,792 -    ini file updated    
2021-09-19 05:59:45,815 - Snapshot saved to /data/users/wergillius/UTR_VAE/pth/RL_gru_MTL/vleng_pretrain/vleng-model_best_cv3.pth

2021-09-19 05:59:45,817 -    ini file updated    
2021-09-19 05:59:45,817 - ===============================|    epoch 30   |===============================
2021-09-19 05:59:47,261 -     0 / 11829 (000%):	 Total:0.5509605	 Acc:0.2500000	 lr:0.0000887	 Mean_Total:0.5509605
2021-09-19 06:02:36,786 -  2365 / 11829 (019%):	 Total:0.8651918	 Acc:0.1875000	 lr:0.0000886	 Mean_Total:0.6402256
2021-09-19 06:05:26,143 -  4730 / 11829 (039%):	 Total:0.7409602	 Acc:0.1250000	 lr:0.0000885	 Mean_Total:0.6401571
2021-09-19 06:08:02,612 -  7095 / 11829 (059%):	 Total:0.7039629	 Acc:0.1250000	 lr:0.0000884	 Mean_Total:0.6393256
2021-09-19 06:10:33,100 -  9460 / 11829 (079%):	 Total:0.7283563	 Acc:0.2500000	 lr:0.0000883	 Mean_Total:0.6397992
2021-09-19 06:13:15,924 - 11825 / 11829 (099%):	 Total:0.7135676	 Acc:0.1562500	 lr:0.0000881	 Mean_Total:0.6396327
2021-09-19 06:13:16,383 - ===============================| start validation |===============================
2021-09-19 06:14:29,891 - 	 Total:0.6122355	 Acc:0.2032319
2021-09-19 06:14:29,897 -    ini file updated    
2021-09-19 06:14:29,901 - ===============================|    epoch 31   |===============================
2021-09-19 06:14:31,324 -     0 / 11829 (000%):	 Total:0.6506569	 Acc:0.3437500	 lr:0.0000881	 Mean_Total:0.6506569
2021-09-19 06:17:21,683 -  2365 / 11829 (019%):	 Total:0.6318498	 Acc:0.1250000	 lr:0.0000880	 Mean_Total:0.6351108
2021-09-19 06:20:13,591 -  4730 / 11829 (039%):	 Total:0.5009211	 Acc:0.2500000	 lr:0.0000879	 Mean_Total:0.6362787
2021-09-19 06:22:52,905 -  7095 / 11829 (059%):	 Total:0.9206468	 Acc:0.1250000	 lr:0.0000878	 Mean_Total:0.6375351
2021-09-19 06:25:25,024 -  9460 / 11829 (079%):	 Total:0.7404842	 Acc:0.2187500	 lr:0.0000877	 Mean_Total:0.6387095
2021-09-19 06:28:12,926 - 11825 / 11829 (099%):	 Total:0.6759157	 Acc:0.0937500	 lr:0.0000876	 Mean_Total:0.6389964
2021-09-19 06:28:13,464 - ===============================| start validation |===============================
2021-09-19 06:29:24,381 - 	 Total:0.6127358	 Acc:0.2019724
2021-09-19 06:29:24,388 -    ini file updated    
2021-09-19 06:29:24,388 - ===============================|    epoch 32   |===============================
2021-09-19 06:29:25,726 -     0 / 11829 (000%):	 Total:0.7256576	 Acc:0.1875000	 lr:0.0000876	 Mean_Total:0.7256576
2021-09-19 06:32:23,784 -  2365 / 11829 (019%):	 Total:0.6027524	 Acc:0.0625000	 lr:0.0000875	 Mean_Total:0.6404107
2021-09-19 06:35:17,623 -  4730 / 11829 (039%):	 Total:0.6501929	 Acc:0.2187500	 lr:0.0000874	 Mean_Total:0.6427362
2021-09-19 06:37:53,931 -  7095 / 11829 (059%):	 Total:0.8315056	 Acc:0.2812500	 lr:0.0000873	 Mean_Total:0.6408515
2021-09-19 06:40:24,672 -  9460 / 11829 (079%):	 Total:0.5803357	 Acc:0.1875000	 lr:0.0000872	 Mean_Total:0.6391134
2021-09-19 06:43:14,869 - 11825 / 11829 (099%):	 Total:1.0272236	 Acc:0.1250000	 lr:0.0000871	 Mean_Total:0.6395521
2021-09-19 06:43:15,375 - ===============================| start validation |===============================
2021-09-19 06:44:23,775 - 	 Total:0.6141004	 Acc:0.2020094
2021-09-19 06:44:23,780 -    ini file updated    
2021-09-19 06:44:23,780 - ===============================|    epoch 33   |===============================
2021-09-19 06:44:24,973 -     0 / 11829 (000%):	 Total:0.7491285	 Acc:0.2812500	 lr:0.0000871	 Mean_Total:0.7491285
2021-09-19 06:47:26,645 -  2365 / 11829 (019%):	 Total:0.5718918	 Acc:0.2500000	 lr:0.0000870	 Mean_Total:0.6366799
2021-09-19 06:50:17,826 -  4730 / 11829 (039%):	 Total:0.7418875	 Acc:0.0937500	 lr:0.0000869	 Mean_Total:0.6356370
2021-09-19 06:52:53,875 -  7095 / 11829 (059%):	 Total:0.5913519	 Acc:0.2500000	 lr:0.0000868	 Mean_Total:0.6360576
2021-09-19 06:55:30,221 -  9460 / 11829 (079%):	 Total:0.5671930	 Acc:0.1250000	 lr:0.0000867	 Mean_Total:0.6374814
2021-09-19 06:58:22,127 - 11825 / 11829 (099%):	 Total:0.7279158	 Acc:0.2187500	 lr:0.0000866	 Mean_Total:0.6387824
2021-09-19 06:58:22,613 - ===============================| start validation |===============================
2021-09-19 06:59:32,635 - 	 Total:0.6143484	 Acc:0.2046129
2021-09-19 06:59:32,642 -    ini file updated    
2021-09-19 06:59:32,670 - Snapshot saved to /data/users/wergillius/UTR_VAE/pth/RL_gru_MTL/vleng_pretrain/vleng-model_best_cv3.pth

2021-09-19 06:59:32,671 -    ini file updated    
2021-09-19 06:59:32,671 - ===============================|    epoch 34   |===============================
2021-09-19 06:59:34,112 -     0 / 11829 (000%):	 Total:0.4699002	 Acc:0.3437500	 lr:0.0000866	 Mean_Total:0.4699002
2021-09-19 07:02:33,411 -  2365 / 11829 (019%):	 Total:0.4838794	 Acc:0.1875000	 lr:0.0000865	 Mean_Total:0.6396872
2021-09-19 07:05:22,157 -  4730 / 11829 (039%):	 Total:1.0641307	 Acc:0.1250000	 lr:0.0000864	 Mean_Total:0.6392264
2021-09-19 07:07:52,377 -  7095 / 11829 (059%):	 Total:0.6305971	 Acc:0.2187500	 lr:0.0000863	 Mean_Total:0.6374054
2021-09-19 07:10:30,082 -  9460 / 11829 (079%):	 Total:0.5322398	 Acc:0.1875000	 lr:0.0000862	 Mean_Total:0.6381796
2021-09-19 07:13:21,244 - 11825 / 11829 (099%):	 Total:0.5922745	 Acc:0.1250000	 lr:0.0000861	 Mean_Total:0.6377379
2021-09-19 07:13:21,663 - ===============================| start validation |===============================
2021-09-19 07:14:30,715 - 	 Total:0.6110868	 Acc:0.2048004
2021-09-19 07:14:30,721 -    ini file updated    
2021-09-19 07:14:30,745 - Snapshot saved to /data/users/wergillius/UTR_VAE/pth/RL_gru_MTL/vleng_pretrain/vleng-model_best_cv3.pth

2021-09-19 07:14:30,746 -    ini file updated    
2021-09-19 07:14:30,747 - ===============================|    epoch 35   |===============================
2021-09-19 07:14:32,042 -     0 / 11829 (000%):	 Total:0.6633484	 Acc:0.0937500	 lr:0.0000861	 Mean_Total:0.6633484
2021-09-19 07:17:24,460 -  2365 / 11829 (019%):	 Total:0.4947367	 Acc:0.2500000	 lr:0.0000860	 Mean_Total:0.6377055
2021-09-19 07:20:10,845 -  4730 / 11829 (039%):	 Total:0.2983479	 Acc:0.2500000	 lr:0.0000860	 Mean_Total:0.6376096
2021-09-19 07:22:40,940 -  7095 / 11829 (059%):	 Total:0.6772392	 Acc:0.2187500	 lr:0.0000859	 Mean_Total:0.6393076
2021-09-19 07:25:25,619 -  9460 / 11829 (079%):	 Total:1.0095599	 Acc:0.1875000	 lr:0.0000858	 Mean_Total:0.6374494
2021-09-19 07:28:16,125 - 11825 / 11829 (099%):	 Total:0.7997822	 Acc:0.1875000	 lr:0.0000857	 Mean_Total:0.6383491
2021-09-19 07:28:16,568 - ===============================| start validation |===============================
2021-09-19 07:29:26,309 - 	 Total:0.6229939	 Acc:0.2033508
2021-09-19 07:29:26,317 -    ini file updated    
2021-09-19 07:29:26,317 - ===============================|    epoch 36   |===============================
2021-09-19 07:29:27,828 -     0 / 11829 (000%):	 Total:0.5781206	 Acc:0.1250000	 lr:0.0000857	 Mean_Total:0.5781206
2021-09-19 07:32:16,760 -  2365 / 11829 (019%):	 Total:0.4983664	 Acc:0.2187500	 lr:0.0000856	 Mean_Total:0.6374607
2021-09-19 07:35:04,159 -  4730 / 11829 (039%):	 Total:0.8351512	 Acc:0.1250000	 lr:0.0000855	 Mean_Total:0.6396687
2021-09-19 07:37:39,659 -  7095 / 11829 (059%):	 Total:0.5098649	 Acc:0.0312500	 lr:0.0000854	 Mean_Total:0.6377076
2021-09-19 07:40:22,332 -  9460 / 11829 (079%):	 Total:0.4727168	 Acc:0.3125000	 lr:0.0000853	 Mean_Total:0.6390872
2021-09-19 07:43:12,040 - 11825 / 11829 (099%):	 Total:0.6001499	 Acc:0.1875000	 lr:0.0000852	 Mean_Total:0.6383133
2021-09-19 07:43:12,590 - ===============================| start validation |===============================
2021-09-19 07:44:23,713 - 	 Total:0.6077526	 Acc:0.2025903
2021-09-19 07:44:23,719 -    ini file updated    
2021-09-19 07:44:23,748 - Snapshot saved to /data/users/wergillius/UTR_VAE/pth/RL_gru_MTL/vleng_pretrain/vleng-model_best_cv3.pth

2021-09-19 07:44:23,750 -    ini file updated    
2021-09-19 07:44:23,750 - ===============================|    epoch 37   |===============================
2021-09-19 07:44:25,079 -     0 / 11829 (000%):	 Total:0.6670282	 Acc:0.2500000	 lr:0.0000852	 Mean_Total:0.6670282
2021-09-19 07:47:11,094 -  2365 / 11829 (019%):	 Total:0.8104477	 Acc:0.1562500	 lr:0.0000851	 Mean_Total:0.6402094
2021-09-19 07:49:55,338 -  4730 / 11829 (039%):	 Total:0.7038656	 Acc:0.1250000	 lr:0.0000850	 Mean_Total:0.6377653
2021-09-19 07:52:30,032 -  7095 / 11829 (059%):	 Total:0.7967501	 Acc:0.2187500	 lr:0.0000849	 Mean_Total:0.6380535
2021-09-19 07:55:12,804 -  9460 / 11829 (079%):	 Total:0.3716593	 Acc:0.3750000	 lr:0.0000848	 Mean_Total:0.6381841
2021-09-19 07:58:01,497 - 11825 / 11829 (099%):	 Total:0.4577111	 Acc:0.1562500	 lr:0.0000847	 Mean_Total:0.6381242
2021-09-19 07:58:01,941 - ===============================| start validation |===============================
2021-09-19 07:59:07,186 - 	 Total:0.6116337	 Acc:0.2036518
2021-09-19 07:59:07,192 -    ini file updated    
2021-09-19 07:59:07,192 - ===============================|    epoch 38   |===============================
2021-09-19 07:59:08,616 -     0 / 11829 (000%):	 Total:0.6185665	 Acc:0.1562500	 lr:0.0000847	 Mean_Total:0.6185665
2021-09-19 08:01:56,521 -  2365 / 11829 (019%):	 Total:0.5942579	 Acc:0.2812500	 lr:0.0000846	 Mean_Total:0.6344792
2021-09-19 08:04:45,328 -  4730 / 11829 (039%):	 Total:0.7454710	 Acc:0.1562500	 lr:0.0000845	 Mean_Total:0.6355355
2021-09-19 08:07:25,559 -  7095 / 11829 (059%):	 Total:0.5141885	 Acc:0.2500000	 lr:0.0000845	 Mean_Total:0.6374682
2021-09-19 08:10:10,445 -  9460 / 11829 (079%):	 Total:0.6631097	 Acc:0.0937500	 lr:0.0000844	 Mean_Total:0.6371141
2021-09-19 08:12:58,706 - 11825 / 11829 (099%):	 Total:0.5122119	 Acc:0.1875000	 lr:0.0000843	 Mean_Total:0.6377764
2021-09-19 08:12:59,140 - ===============================| start validation |===============================
2021-09-19 08:14:06,650 - 	 Total:0.6082041	 Acc:0.2021995
2021-09-19 08:14:06,656 -    ini file updated    
2021-09-19 08:14:06,656 - ===============================|    epoch 39   |===============================
2021-09-19 08:14:07,980 -     0 / 11829 (000%):	 Total:0.8631123	 Acc:0.2500000	 lr:0.0000843	 Mean_Total:0.8631123
2021-09-19 08:16:57,098 -  2365 / 11829 (019%):	 Total:0.7621561	 Acc:0.1562500	 lr:0.0000842	 Mean_Total:0.6332422
2021-09-19 08:19:44,701 -  4730 / 11829 (039%):	 Total:0.7954570	 Acc:0.1562500	 lr:0.0000841	 Mean_Total:0.6347736
2021-09-19 08:22:27,529 -  7095 / 11829 (059%):	 Total:0.5395606	 Acc:0.1250000	 lr:0.0000840	 Mean_Total:0.6370535
2021-09-19 08:25:14,832 -  9460 / 11829 (079%):	 Total:0.7954370	 Acc:0.1562500	 lr:0.0000839	 Mean_Total:0.6381787
2021-09-19 08:27:59,137 - 11825 / 11829 (099%):	 Total:0.3459967	 Acc:0.2500000	 lr:0.0000838	 Mean_Total:0.6376468
2021-09-19 08:27:59,665 - ===============================| start validation |===============================
2021-09-19 08:29:08,590 - 	 Total:0.6112145	 Acc:0.2026193
2021-09-19 08:29:08,595 -    ini file updated    
2021-09-19 08:29:08,595 - ===============================|    epoch 40   |===============================
2021-09-19 08:29:09,969 -     0 / 11829 (000%):	 Total:0.5960233	 Acc:0.1562500	 lr:0.0000838	 Mean_Total:0.5960233
2021-09-19 08:31:59,252 -  2365 / 11829 (019%):	 Total:0.5229185	 Acc:0.2812500	 lr:0.0000837	 Mean_Total:0.6336361
2021-09-19 08:34:51,274 -  4730 / 11829 (039%):	 Total:0.6402274	 Acc:0.1250000	 lr:0.0000836	 Mean_Total:0.6349620
2021-09-19 08:37:33,302 -  7095 / 11829 (059%):	 Total:0.7359846	 Acc:0.2500000	 lr:0.0000836	 Mean_Total:0.6364380
2021-09-19 08:40:18,574 -  9460 / 11829 (079%):	 Total:0.7365770	 Acc:0.1562500	 lr:0.0000835	 Mean_Total:0.6379350
2021-09-19 08:43:03,241 - 11825 / 11829 (099%):	 Total:0.6033943	 Acc:0.2500000	 lr:0.0000834	 Mean_Total:0.6378314
2021-09-19 08:43:03,695 - ===============================| start validation |===============================
2021-09-19 08:44:11,149 - 	 Total:0.6090845	 Acc:0.2021995
2021-09-19 08:44:11,154 -    ini file updated    
2021-09-19 08:44:11,154 - ===============================|    epoch 41   |===============================
2021-09-19 08:44:12,632 -     0 / 11829 (000%):	 Total:0.5677006	 Acc:0.1250000	 lr:0.0000834	 Mean_Total:0.5677006
2021-09-19 08:46:59,969 -  2365 / 11829 (019%):	 Total:1.1064534	 Acc:0.0937500	 lr:0.0000833	 Mean_Total:0.6364520
2021-09-19 08:49:53,910 -  4730 / 11829 (039%):	 Total:0.9330872	 Acc:0.1250000	 lr:0.0000832	 Mean_Total:0.6386656
2021-09-19 08:52:35,094 -  7095 / 11829 (059%):	 Total:0.6137195	 Acc:0.1562500	 lr:0.0000831	 Mean_Total:0.6392998
2021-09-19 08:55:18,075 -  9460 / 11829 (079%):	 Total:0.6117403	 Acc:0.2187500	 lr:0.0000830	 Mean_Total:0.6394071
2021-09-19 08:58:02,439 - 11825 / 11829 (099%):	 Total:0.4667833	 Acc:0.1562500	 lr:0.0000829	 Mean_Total:0.6384838
2021-09-19 08:58:02,918 - ===============================| start validation |===============================
2021-09-19 08:59:10,945 - 	 Total:0.6091224	 Acc:0.2032108
2021-09-19 08:59:10,952 -    ini file updated    
2021-09-19 08:59:10,952 - ===============================|    epoch 42   |===============================
2021-09-19 08:59:12,397 -     0 / 11829 (000%):	 Total:0.5670004	 Acc:0.2187500	 lr:0.0000829	 Mean_Total:0.5670004
2021-09-19 09:02:01,356 -  2365 / 11829 (019%):	 Total:0.5783536	 Acc:0.1875000	 lr:0.0000829	 Mean_Total:0.6450604
2021-09-19 09:04:58,091 -  4730 / 11829 (039%):	 Total:0.7286309	 Acc:0.2500000	 lr:0.0000828	 Mean_Total:0.6389687
2021-09-19 09:07:43,145 -  7095 / 11829 (059%):	 Total:0.7717798	 Acc:0.0312500	 lr:0.0000827	 Mean_Total:0.6376620
2021-09-19 09:10:26,657 -  9460 / 11829 (079%):	 Total:0.5696602	 Acc:0.2500000	 lr:0.0000826	 Mean_Total:0.6370361
2021-09-19 09:13:04,322 - 11825 / 11829 (099%):	 Total:0.5091363	 Acc:0.2187500	 lr:0.0000825	 Mean_Total:0.6369820
2021-09-19 09:13:04,730 - ===============================| start validation |===============================
2021-09-19 09:14:15,784 - 	 Total:0.6072548	 Acc:0.2025560
2021-09-19 09:14:15,790 -    ini file updated    
2021-09-19 09:14:15,827 - Snapshot saved to /data/users/wergillius/UTR_VAE/pth/RL_gru_MTL/vleng_pretrain/vleng-model_best_cv3.pth

2021-09-19 09:14:15,828 -    ini file updated    
2021-09-19 09:14:15,828 - ===============================|    epoch 43   |===============================
2021-09-19 09:14:17,265 -     0 / 11829 (000%):	 Total:0.6194241	 Acc:0.2812500	 lr:0.0000825	 Mean_Total:0.6194241
2021-09-19 09:17:08,774 -  2365 / 11829 (019%):	 Total:0.6969116	 Acc:0.2500000	 lr:0.0000824	 Mean_Total:0.6394899
2021-09-19 09:20:03,587 -  4730 / 11829 (039%):	 Total:0.8553497	 Acc:0.1875000	 lr:0.0000823	 Mean_Total:0.6369735
2021-09-19 09:22:42,204 -  7095 / 11829 (059%):	 Total:0.5011053	 Acc:0.1875000	 lr:0.0000823	 Mean_Total:0.6370726
2021-09-19 09:25:18,816 -  9460 / 11829 (079%):	 Total:0.8967545	 Acc:0.1562500	 lr:0.0000822	 Mean_Total:0.6362431
2021-09-19 09:27:55,457 - 11825 / 11829 (099%):	 Total:0.5807413	 Acc:0.1875000	 lr:0.0000821	 Mean_Total:0.6360166
2021-09-19 09:27:55,924 - ===============================| start validation |===============================
2021-09-19 09:29:07,014 - 	 Total:0.6070537	 Acc:0.2012252
2021-09-19 09:29:07,019 -    ini file updated    
2021-09-19 09:29:07,043 - Snapshot saved to /data/users/wergillius/UTR_VAE/pth/RL_gru_MTL/vleng_pretrain/vleng-model_best_cv3.pth

2021-09-19 09:29:07,044 -    ini file updated    
2021-09-19 09:29:07,045 - ===============================|    epoch 44   |===============================
2021-09-19 09:29:08,617 -     0 / 11829 (000%):	 Total:0.5243000	 Acc:0.1562500	 lr:0.0000821	 Mean_Total:0.5243000
2021-09-19 09:32:02,638 -  2365 / 11829 (019%):	 Total:0.6493695	 Acc:0.1875000	 lr:0.0000820	 Mean_Total:0.6376179
2021-09-19 09:34:56,537 -  4730 / 11829 (039%):	 Total:0.8240564	 Acc:0.1875000	 lr:0.0000819	 Mean_Total:0.6385552
2021-09-19 09:37:32,747 -  7095 / 11829 (059%):	 Total:0.7231468	 Acc:0.1562500	 lr:0.0000818	 Mean_Total:0.6365555
2021-09-19 09:40:14,044 -  9460 / 11829 (079%):	 Total:0.6872348	 Acc:0.2187500	 lr:0.0000818	 Mean_Total:0.6360967
2021-09-19 09:42:53,783 - 11825 / 11829 (099%):	 Total:0.4082038	 Acc:0.2187500	 lr:0.0000817	 Mean_Total:0.6366299
2021-09-19 09:42:54,198 - ===============================| start validation |===============================
2021-09-19 09:44:06,291 - 	 Total:0.6106427	 Acc:0.2032214
2021-09-19 09:44:06,298 -    ini file updated    
2021-09-19 09:44:06,298 - ===============================|    epoch 45   |===============================
2021-09-19 09:44:07,929 -     0 / 11829 (000%):	 Total:0.5120261	 Acc:0.1562500	 lr:0.0000817	 Mean_Total:0.5120261
2021-09-19 09:47:05,354 -  2365 / 11829 (019%):	 Total:0.5625302	 Acc:0.2812500	 lr:0.0000816	 Mean_Total:0.6352702
2021-09-19 09:49:59,498 -  4730 / 11829 (039%):	 Total:0.5727384	 Acc:0.2812500	 lr:0.0000815	 Mean_Total:0.6338901
2021-09-19 09:52:38,065 -  7095 / 11829 (059%):	 Total:0.7250679	 Acc:0.1875000	 lr:0.0000814	 Mean_Total:0.6356105
2021-09-19 09:55:17,580 -  9460 / 11829 (079%):	 Total:0.6488502	 Acc:0.2187500	 lr:0.0000813	 Mean_Total:0.6367810
2021-09-19 09:57:56,195 - 11825 / 11829 (099%):	 Total:0.3471892	 Acc:0.1562500	 lr:0.0000813	 Mean_Total:0.6357440
2021-09-19 09:57:56,690 - ===============================| start validation |===============================
2021-09-19 09:59:10,327 - 	 Total:0.6123043	 Acc:0.2031052
2021-09-19 09:59:10,337 -    ini file updated    
2021-09-19 09:59:10,337 - ===============================|    epoch 46   |===============================
2021-09-19 09:59:11,707 -     0 / 11829 (000%):	 Total:0.3380881	 Acc:0.2812500	 lr:0.0000813	 Mean_Total:0.3380881
2021-09-19 10:02:07,104 -  2365 / 11829 (019%):	 Total:0.4242752	 Acc:0.2187500	 lr:0.0000812	 Mean_Total:0.6355575
2021-09-19 10:05:00,908 -  4730 / 11829 (039%):	 Total:0.5540553	 Acc:0.2187500	 lr:0.0000811	 Mean_Total:0.6372666
2021-09-19 10:07:36,561 -  7095 / 11829 (059%):	 Total:0.5886019	 Acc:0.1875000	 lr:0.0000810	 Mean_Total:0.6371489
2021-09-19 10:10:15,613 -  9460 / 11829 (079%):	 Total:0.7841402	 Acc:0.1875000	 lr:0.0000809	 Mean_Total:0.6366084
2021-09-19 10:12:56,834 - 11825 / 11829 (099%):	 Total:0.5910783	 Acc:0.2500000	 lr:0.0000809	 Mean_Total:0.6371034
2021-09-19 10:12:57,317 - ===============================| start validation |===============================
2021-09-19 10:14:11,829 - 	 Total:0.6110624	 Acc:0.2043621
2021-09-19 10:14:11,835 -    ini file updated    
2021-09-19 10:14:11,835 - ===============================|    epoch 47   |===============================
2021-09-19 10:14:13,254 -     0 / 11829 (000%):	 Total:0.7577718	 Acc:0.2500000	 lr:0.0000809	 Mean_Total:0.7577718
2021-09-19 10:17:10,444 -  2365 / 11829 (019%):	 Total:0.4204492	 Acc:0.3125000	 lr:0.0000808	 Mean_Total:0.6325577
2021-09-19 10:20:01,796 -  4730 / 11829 (039%):	 Total:0.9161387	 Acc:0.1875000	 lr:0.0000807	 Mean_Total:0.6329992
2021-09-19 10:22:34,265 -  7095 / 11829 (059%):	 Total:0.5206499	 Acc:0.3750000	 lr:0.0000806	 Mean_Total:0.6352856
2021-09-19 10:25:12,676 -  9460 / 11829 (079%):	 Total:0.5840439	 Acc:0.2500000	 lr:0.0000805	 Mean_Total:0.6362428
2021-09-19 10:27:54,492 - 11825 / 11829 (099%):	 Total:0.6729385	 Acc:0.1875000	 lr:0.0000805	 Mean_Total:0.6364438
2021-09-19 10:27:55,014 - ===============================| start validation |===============================
2021-09-19 10:29:09,845 - 	 Total:0.6117699	 Acc:0.2038525
2021-09-19 10:29:09,851 -    ini file updated    
2021-09-19 10:29:09,851 - ===============================|    epoch 48   |===============================
2021-09-19 10:29:11,533 -     0 / 11829 (000%):	 Total:0.7319111	 Acc:0.2187500	 lr:0.0000805	 Mean_Total:0.7319111
2021-09-19 10:32:10,336 -  2365 / 11829 (019%):	 Total:0.4302749	 Acc:0.1250000	 lr:0.0000804	 Mean_Total:0.6405016
2021-09-19 10:35:03,726 -  4730 / 11829 (039%):	 Total:0.6213323	 Acc:0.3125000	 lr:0.0000803	 Mean_Total:0.6348119
2021-09-19 10:37:38,720 -  7095 / 11829 (059%):	 Total:0.6729978	 Acc:0.1250000	 lr:0.0000802	 Mean_Total:0.6360712
2021-09-19 10:40:20,821 -  9460 / 11829 (079%):	 Total:0.6860938	 Acc:0.2187500	 lr:0.0000802	 Mean_Total:0.6356958
2021-09-19 10:43:06,739 - 11825 / 11829 (099%):	 Total:0.7984101	 Acc:0.1875000	 lr:0.0000801	 Mean_Total:0.6362389
2021-09-19 10:43:07,249 - ===============================| start validation |===============================
2021-09-19 10:44:22,386 - 	 Total:0.6066668	 Acc:0.2024372
2021-09-19 10:44:22,392 -    ini file updated    
2021-09-19 10:44:22,410 - Snapshot saved to /data/users/wergillius/UTR_VAE/pth/RL_gru_MTL/vleng_pretrain/vleng-model_best_cv3.pth

2021-09-19 10:44:22,411 -    ini file updated    
2021-09-19 10:44:22,412 - ===============================|    epoch 49   |===============================
2021-09-19 10:44:23,850 -     0 / 11829 (000%):	 Total:0.5551163	 Acc:0.1250000	 lr:0.0000801	 Mean_Total:0.5551163
2021-09-19 10:47:19,431 -  2365 / 11829 (019%):	 Total:0.7997568	 Acc:0.0937500	 lr:0.0000800	 Mean_Total:0.6363504
2021-09-19 10:50:10,050 -  4730 / 11829 (039%):	 Total:0.5120325	 Acc:0.2187500	 lr:0.0000799	 Mean_Total:0.6345815
2021-09-19 10:52:44,530 -  7095 / 11829 (059%):	 Total:0.5999420	 Acc:0.2500000	 lr:0.0000798	 Mean_Total:0.6366100
2021-09-19 10:55:27,930 -  9460 / 11829 (079%):	 Total:0.7483231	 Acc:0.2500000	 lr:0.0000798	 Mean_Total:0.6370100
2021-09-19 10:58:12,420 - 11825 / 11829 (099%):	 Total:0.4127076	 Acc:0.2187500	 lr:0.0000797	 Mean_Total:0.6361173
2021-09-19 10:58:12,897 - ===============================| start validation |===============================
2021-09-19 10:59:27,603 - 	 Total:0.6089926	 Acc:0.2048162
2021-09-19 10:59:27,610 -    ini file updated    
2021-09-19 10:59:27,638 - Snapshot saved to /data/users/wergillius/UTR_VAE/pth/RL_gru_MTL/vleng_pretrain/vleng-model_best_cv3.pth

2021-09-19 10:59:27,639 -    ini file updated    
2021-09-19 10:59:27,640 - ===============================|    epoch 50   |===============================
2021-09-19 10:59:29,216 -     0 / 11829 (000%):	 Total:0.7230745	 Acc:0.1250000	 lr:0.0000797	 Mean_Total:0.7230745
2021-09-19 11:02:22,937 -  2365 / 11829 (019%):	 Total:0.3535587	 Acc:0.1875000	 lr:0.0000796	 Mean_Total:0.6349336
2021-09-19 11:05:10,522 -  4730 / 11829 (039%):	 Total:0.4321811	 Acc:0.1875000	 lr:0.0000795	 Mean_Total:0.6338783
2021-09-19 11:07:47,617 -  7095 / 11829 (059%):	 Total:0.6554003	 Acc:0.2187500	 lr:0.0000795	 Mean_Total:0.6348234
2021-09-19 11:10:37,346 -  9460 / 11829 (079%):	 Total:0.3880791	 Acc:0.2812500	 lr:0.0000794	 Mean_Total:0.6348619
2021-09-19 11:13:24,959 - 11825 / 11829 (099%):	 Total:0.4486325	 Acc:0.2500000	 lr:0.0000793	 Mean_Total:0.6360687
2021-09-19 11:13:25,491 - ===============================| start validation |===============================
2021-09-19 11:14:36,347 - 	 Total:0.6062287	 Acc:0.2031026
2021-09-19 11:14:36,354 -    ini file updated    
2021-09-19 11:14:36,374 - Snapshot saved to /data/users/wergillius/UTR_VAE/pth/RL_gru_MTL/vleng_pretrain/vleng-model_best_cv3.pth

2021-09-19 11:14:36,376 -    ini file updated    
2021-09-19 11:14:36,376 - ===============================|    epoch 51   |===============================
2021-09-19 11:14:37,807 -     0 / 11829 (000%):	 Total:0.8128985	 Acc:0.0937500	 lr:0.0000793	 Mean_Total:0.8128985
2021-09-19 11:17:30,382 -  2365 / 11829 (019%):	 Total:0.6362629	 Acc:0.0937500	 lr:0.0000792	 Mean_Total:0.6290108
2021-09-19 11:20:15,307 -  4730 / 11829 (039%):	 Total:0.6673214	 Acc:0.2187500	 lr:0.0000792	 Mean_Total:0.6330402
2021-09-19 11:22:55,537 -  7095 / 11829 (059%):	 Total:0.6411588	 Acc:0.1562500	 lr:0.0000791	 Mean_Total:0.6363400
2021-09-19 11:25:43,255 -  9460 / 11829 (079%):	 Total:0.5968028	 Acc:0.1562500	 lr:0.0000790	 Mean_Total:0.6370526
2021-09-19 11:28:25,514 - 11825 / 11829 (099%):	 Total:0.6109740	 Acc:0.2812500	 lr:0.0000789	 Mean_Total:0.6357636
2021-09-19 11:28:25,966 - ===============================| start validation |===============================
2021-09-19 11:29:36,304 - 	 Total:0.6060427	 Acc:0.2016080
2021-09-19 11:29:36,311 -    ini file updated    
2021-09-19 11:29:36,333 - Snapshot saved to /data/users/wergillius/UTR_VAE/pth/RL_gru_MTL/vleng_pretrain/vleng-model_best_cv3.pth

2021-09-19 11:29:36,334 -    ini file updated    
2021-09-19 11:29:36,335 - ===============================|    epoch 52   |===============================
2021-09-19 11:29:37,639 -     0 / 11829 (000%):	 Total:0.4747917	 Acc:0.2500000	 lr:0.0000789	 Mean_Total:0.4747917
2021-09-19 11:32:34,005 -  2365 / 11829 (019%):	 Total:0.7806272	 Acc:0.0937500	 lr:0.0000789	 Mean_Total:0.6318223
2021-09-19 11:35:16,583 -  4730 / 11829 (039%):	 Total:0.4113574	 Acc:0.1250000	 lr:0.0000788	 Mean_Total:0.6312010
2021-09-19 11:37:54,195 -  7095 / 11829 (059%):	 Total:0.5462756	 Acc:0.2812500	 lr:0.0000787	 Mean_Total:0.6332483
2021-09-19 11:40:34,696 -  9460 / 11829 (079%):	 Total:0.6145636	 Acc:0.2187500	 lr:0.0000786	 Mean_Total:0.6350996
2021-09-19 11:43:16,023 - 11825 / 11829 (099%):	 Total:0.7685566	 Acc:0.1250000	 lr:0.0000786	 Mean_Total:0.6352770
2021-09-19 11:43:16,471 - ===============================| start validation |===============================
2021-09-19 11:44:31,482 - 	 Total:0.6086087	 Acc:0.2039818
2021-09-19 11:44:31,490 -    ini file updated    
2021-09-19 11:44:31,490 - ===============================|    epoch 53   |===============================
2021-09-19 11:44:33,095 -     0 / 11829 (000%):	 Total:0.5808995	 Acc:0.2812500	 lr:0.0000786	 Mean_Total:0.5808995
2021-09-19 11:47:20,495 -  2365 / 11829 (019%):	 Total:0.5048252	 Acc:0.2187500	 lr:0.0000785	 Mean_Total:0.6335073
2021-09-19 11:49:56,192 -  4730 / 11829 (039%):	 Total:0.6019011	 Acc:0.1250000	 lr:0.0000784	 Mean_Total:0.6365356
2021-09-19 11:52:38,363 -  7095 / 11829 (059%):	 Total:0.4871795	 Acc:0.1562500	 lr:0.0000783	 Mean_Total:0.6364553
2021-09-19 11:55:17,496 -  9460 / 11829 (079%):	 Total:0.6864840	 Acc:0.2500000	 lr:0.0000783	 Mean_Total:0.6370193
2021-09-19 11:58:01,891 - 11825 / 11829 (099%):	 Total:0.6248524	 Acc:0.1562500	 lr:0.0000782	 Mean_Total:0.6358914
2021-09-19 11:58:02,351 - ===============================| start validation |===============================
2021-09-19 11:59:15,674 - 	 Total:0.6079820	 Acc:0.2025190
2021-09-19 11:59:15,680 -    ini file updated    
2021-09-19 11:59:15,681 - ===============================|    epoch 54   |===============================
2021-09-19 11:59:17,236 -     0 / 11829 (000%):	 Total:0.8205858	 Acc:0.1875000	 lr:0.0000782	 Mean_Total:0.8205858
2021-09-19 12:02:02,873 -  2365 / 11829 (019%):	 Total:1.0035232	 Acc:0.1562500	 lr:0.0000781	 Mean_Total:0.6390610
2021-09-19 12:04:37,478 -  4730 / 11829 (039%):	 Total:0.6213716	 Acc:0.1250000	 lr:0.0000781	 Mean_Total:0.6352164
2021-09-19 12:07:24,540 -  7095 / 11829 (059%):	 Total:0.4160264	 Acc:0.2812500	 lr:0.0000780	 Mean_Total:0.6353657
2021-09-19 12:10:07,150 -  9460 / 11829 (079%):	 Total:0.5280800	 Acc:0.3125000	 lr:0.0000779	 Mean_Total:0.6364394
2021-09-19 12:12:55,425 - 11825 / 11829 (099%):	 Total:0.8369504	 Acc:0.0937500	 lr:0.0000778	 Mean_Total:0.6353559
2021-09-19 12:12:55,901 - ===============================| start validation |===============================
2021-09-19 12:14:06,235 - 	 Total:0.6080985	 Acc:0.2026986
2021-09-19 12:14:06,241 -    ini file updated    
2021-09-19 12:14:06,241 - ===============================|    epoch 55   |===============================
2021-09-19 12:14:07,610 -     0 / 11829 (000%):	 Total:0.4800738	 Acc:0.3437500	 lr:0.0000778	 Mean_Total:0.4800738
2021-09-19 12:16:54,111 -  2365 / 11829 (019%):	 Total:0.6150464	 Acc:0.1562500	 lr:0.0000778	 Mean_Total:0.6353182
2021-09-19 12:19:29,560 -  4730 / 11829 (039%):	 Total:0.3832926	 Acc:0.2187500	 lr:0.0000777	 Mean_Total:0.6350889
2021-09-19 12:22:15,427 -  7095 / 11829 (059%):	 Total:0.8229185	 Acc:0.0625000	 lr:0.0000776	 Mean_Total:0.6355282
2021-09-19 12:24:52,437 -  9460 / 11829 (079%):	 Total:0.3715013	 Acc:0.1875000	 lr:0.0000776	 Mean_Total:0.6359717
2021-09-19 12:27:38,031 - 11825 / 11829 (099%):	 Total:0.6718891	 Acc:0.1875000	 lr:0.0000775	 Mean_Total:0.6359742
2021-09-19 12:27:38,498 - ===============================| start validation |===============================
2021-09-19 12:28:49,213 - 	 Total:0.6061713	 Acc:0.2027593
2021-09-19 12:28:49,223 -    ini file updated    
2021-09-19 12:28:49,225 - ===============================|    epoch 56   |===============================
2021-09-19 12:28:50,729 -     0 / 11829 (000%):	 Total:0.6722738	 Acc:0.1562500	 lr:0.0000775	 Mean_Total:0.6722738
2021-09-19 12:31:41,848 -  2365 / 11829 (019%):	 Total:0.6302218	 Acc:0.1562500	 lr:0.0000774	 Mean_Total:0.6347322
2021-09-19 12:34:17,902 -  4730 / 11829 (039%):	 Total:0.5507925	 Acc:0.2187500	 lr:0.0000773	 Mean_Total:0.6363869
2021-09-19 12:37:05,193 -  7095 / 11829 (059%):	 Total:0.5554658	 Acc:0.1250000	 lr:0.0000773	 Mean_Total:0.6352794
2021-09-19 12:39:46,012 -  9460 / 11829 (079%):	 Total:0.4606417	 Acc:0.1875000	 lr:0.0000772	 Mean_Total:0.6356882
2021-09-19 12:42:33,528 - 11825 / 11829 (099%):	 Total:0.7569956	 Acc:0.1875000	 lr:0.0000771	 Mean_Total:0.6351053
2021-09-19 12:42:34,048 - ===============================| start validation |===============================
2021-09-19 12:43:47,172 - 	 Total:0.6069413	 Acc:0.2022101
2021-09-19 12:43:47,179 -    ini file updated    
2021-09-19 12:43:47,179 - ===============================|    epoch 57   |===============================
2021-09-19 12:43:48,666 -     0 / 11829 (000%):	 Total:0.5202212	 Acc:0.2187500	 lr:0.0000771	 Mean_Total:0.5202212
2021-09-19 12:46:30,481 -  2365 / 11829 (019%):	 Total:1.0110785	 Acc:0.0937500	 lr:0.0000771	 Mean_Total:0.6351551
2021-09-19 12:49:02,855 -  4730 / 11829 (039%):	 Total:0.6466416	 Acc:0.1250000	 lr:0.0000770	 Mean_Total:0.6333484
2021-09-19 12:51:36,140 -  7095 / 11829 (059%):	 Total:0.6590660	 Acc:0.2187500	 lr:0.0000769	 Mean_Total:0.6331550
2021-09-19 12:54:05,695 -  9460 / 11829 (079%):	 Total:0.7952335	 Acc:0.0937500	 lr:0.0000769	 Mean_Total:0.6333616
2021-09-19 12:56:40,810 - 11825 / 11829 (099%):	 Total:0.5515563	 Acc:0.1562500	 lr:0.0000768	 Mean_Total:0.6345811
2021-09-19 12:56:41,282 - ===============================| start validation |===============================
2021-09-19 12:57:44,429 - 	 Total:0.6089131	 Acc:0.2046842
2021-09-19 12:57:44,433 -    ini file updated    
2021-09-19 12:57:44,434 - ===============================|    epoch 58   |===============================
2021-09-19 12:57:45,828 -     0 / 11829 (000%):	 Total:0.7036336	 Acc:0.1562500	 lr:0.0000768	 Mean_Total:0.7036336
2021-09-19 13:00:23,850 -  2365 / 11829 (019%):	 Total:0.7998236	 Acc:0.1250000	 lr:0.0000767	 Mean_Total:0.6330568
2021-09-19 13:02:52,619 -  4730 / 11829 (039%):	 Total:0.5518078	 Acc:0.2500000	 lr:0.0000767	 Mean_Total:0.6360121
2021-09-19 13:05:24,404 -  7095 / 11829 (059%):	 Total:0.7006661	 Acc:0.1250000	 lr:0.0000766	 Mean_Total:0.6354663
2021-09-19 13:07:56,523 -  9460 / 11829 (079%):	 Total:0.4671533	 Acc:0.1562500	 lr:0.0000765	 Mean_Total:0.6344538
2021-09-19 13:10:34,352 - 11825 / 11829 (099%):	 Total:0.5037564	 Acc:0.1875000	 lr:0.0000765	 Mean_Total:0.6345834
2021-09-19 13:10:34,748 - ===============================| start validation |===============================
2021-09-19 13:11:33,049 - 	 Total:0.6085978	 Acc:0.2044386
2021-09-19 13:11:33,054 -    ini file updated    
2021-09-19 13:11:33,054 - ===============================|    epoch 59   |===============================
2021-09-19 13:11:34,447 -     0 / 11829 (000%):	 Total:0.5091823	 Acc:0.1250000	 lr:0.0000765	 Mean_Total:0.5091823
2021-09-19 13:14:17,276 -  2365 / 11829 (019%):	 Total:0.4108907	 Acc:0.1875000	 lr:0.0000764	 Mean_Total:0.6309731
2021-09-19 13:16:38,812 -  4730 / 11829 (039%):	 Total:0.5160373	 Acc:0.2500000	 lr:0.0000763	 Mean_Total:0.6343061
2021-09-19 13:18:55,486 -  7095 / 11829 (059%):	 Total:0.5130015	 Acc:0.3437500	 lr:0.0000762	 Mean_Total:0.6351859
2021-09-19 13:21:02,477 -  9460 / 11829 (079%):	 Total:0.4657585	 Acc:0.1562500	 lr:0.0000762	 Mean_Total:0.6344437
2021-09-19 13:23:09,200 - 11825 / 11829 (099%):	 Total:0.7894348	 Acc:0.1250000	 lr:0.0000761	 Mean_Total:0.6346661
2021-09-19 13:23:09,502 - ===============================| start validation |===============================
2021-09-19 13:23:28,769 - 	 Total:0.6078460	 Acc:0.2039000
2021-09-19 13:23:28,775 -    ini file updated    
2021-09-19 13:23:28,775 - ===============================|    epoch 60   |===============================
2021-09-19 13:23:30,124 -     0 / 11829 (000%):	 Total:0.7951422	 Acc:0.0625000	 lr:0.0000761	 Mean_Total:0.7951422
2021-09-19 13:25:40,337 -  2365 / 11829 (019%):	 Total:0.6702780	 Acc:0.1562500	 lr:0.0000760	 Mean_Total:0.6368310
2021-09-19 13:27:47,007 -  4730 / 11829 (039%):	 Total:0.5284687	 Acc:0.1875000	 lr:0.0000760	 Mean_Total:0.6348857
2021-09-19 13:29:50,681 -  7095 / 11829 (059%):	 Total:0.6857066	 Acc:0.2500000	 lr:0.0000759	 Mean_Total:0.6357766
2021-09-19 13:31:46,331 -  9460 / 11829 (079%):	 Total:0.7248272	 Acc:0.2500000	 lr:0.0000758	 Mean_Total:0.6350356
2021-09-19 13:33:41,915 - 11825 / 11829 (099%):	 Total:0.4659909	 Acc:0.3437500	 lr:0.0000758	 Mean_Total:0.6350243
2021-09-19 13:33:42,169 - ===============================| start validation |===============================
2021-09-19 13:33:57,676 - 	 Total:0.6205376	 Acc:0.2036148
2021-09-19 13:33:57,680 -    ini file updated    
