2021-09-19 00:17:54,349 -   	 	 ==============<<< device used: cuda:3  >>>============== 	 	 
2021-09-19 00:17:58,827 -  	 	 ==============<<< encoder load from >>>============== 	 	 
2021-09-19 00:17:58,828 -  	/data/users/wergillius/UTR_VAE/pth/RL_gru_MTL/ds4rl_vleng_new/schdule_cv-model_best.pth
2021-09-19 00:18:10,984 -  	 	 ==============<<< ['soft_share'] part is fixed>>>============== 	 	 

2021-09-19 00:18:10,986 - ===============================|    epoch 0   |===============================
2021-09-19 00:18:12,861 -     0 / 11829 (000%):	 Total:34.7182236	 Acc:0.0000000	 lr:0.0009882	 Mean_Total:34.7182236
2021-09-19 00:20:54,696 -  2365 / 11829 (019%):	 Total:1.0141170	 Acc:0.1250000	 lr:0.0018171	 Mean_Total:0.8696367
2021-09-19 00:23:37,841 -  4730 / 11829 (039%):	 Total:0.5847296	 Acc:0.2812500	 lr:0.0012850	 Mean_Total:0.7870681
2021-09-19 00:26:19,173 -  7095 / 11829 (059%):	 Total:1.1158431	 Acc:0.1875000	 lr:0.0010493	 Mean_Total:0.7527196
2021-09-19 00:28:49,728 -  9460 / 11829 (079%):	 Total:0.6595743	 Acc:0.0625000	 lr:0.0009087	 Mean_Total:0.7333174
2021-09-19 00:31:06,242 - 11825 / 11829 (099%):	 Total:0.6496142	 Acc:0.4062500	 lr:0.0008128	 Mean_Total:0.7211194
2021-09-19 00:31:06,609 - ===============================| start validation |===============================
2021-09-19 00:32:00,983 - 	 Total:0.6344386	 Acc:0.1963905
2021-09-19 00:32:00,993 -    ini file updated    
2021-09-19 00:32:01,010 - Snapshot saved to /data/users/wergillius/UTR_VAE/pth/RL_gru_MTL/vleng_pretrain/vleng-model_best_cv5.pth

2021-09-19 00:32:01,011 -    ini file updated    
2021-09-19 00:32:01,012 - ===============================|    epoch 1   |===============================
2021-09-19 00:32:02,275 -     0 / 11829 (000%):	 Total:0.5038548	 Acc:0.3437500	 lr:0.0008126	 Mean_Total:0.5038548
2021-09-19 00:34:56,695 -  2365 / 11829 (019%):	 Total:0.7369148	 Acc:0.2187500	 lr:0.0007419	 Mean_Total:0.6684829
2021-09-19 00:37:50,414 -  4730 / 11829 (039%):	 Total:0.5483919	 Acc:0.1562500	 lr:0.0006869	 Mean_Total:0.6661291
2021-09-19 00:40:43,945 -  7095 / 11829 (059%):	 Total:0.4839807	 Acc:0.2812500	 lr:0.0006425	 Mean_Total:0.6662954
2021-09-19 00:43:29,993 -  9460 / 11829 (079%):	 Total:0.6020353	 Acc:0.2500000	 lr:0.0006058	 Mean_Total:0.6656275
2021-09-19 00:45:54,239 - 11825 / 11829 (099%):	 Total:0.4756284	 Acc:0.2500000	 lr:0.0005747	 Mean_Total:0.6656934
2021-09-19 00:45:54,638 - ===============================| start validation |===============================
2021-09-19 00:46:58,185 - 	 Total:0.6261663	 Acc:0.1965304
2021-09-19 00:46:58,189 -    ini file updated    
2021-09-19 00:46:58,204 - Snapshot saved to /data/users/wergillius/UTR_VAE/pth/RL_gru_MTL/vleng_pretrain/vleng-model_best_cv5.pth

2021-09-19 00:46:58,205 -    ini file updated    
2021-09-19 00:46:58,205 - ===============================|    epoch 2   |===============================
2021-09-19 00:46:59,502 -     0 / 11829 (000%):	 Total:0.8606416	 Acc:0.0625000	 lr:0.0005746	 Mean_Total:0.8606416
2021-09-19 00:49:43,995 -  2365 / 11829 (019%):	 Total:0.3395715	 Acc:0.2500000	 lr:0.0005479	 Mean_Total:0.6636111
2021-09-19 00:52:28,525 -  4730 / 11829 (039%):	 Total:0.4501653	 Acc:0.1875000	 lr:0.0005246	 Mean_Total:0.6615388
2021-09-19 00:55:12,437 -  7095 / 11829 (059%):	 Total:0.8150734	 Acc:0.1875000	 lr:0.0005040	 Mean_Total:0.6604037
2021-09-19 00:57:52,441 -  9460 / 11829 (079%):	 Total:0.7761487	 Acc:0.1875000	 lr:0.0004857	 Mean_Total:0.6614577
2021-09-19 01:00:02,594 - 11825 / 11829 (099%):	 Total:0.8626080	 Acc:0.1562500	 lr:0.0004692	 Mean_Total:0.6597185
2021-09-19 01:00:02,980 - ===============================| start validation |===============================
2021-09-19 01:01:08,555 - 	 Total:0.6245373	 Acc:0.1949277
2021-09-19 01:01:08,561 -    ini file updated    
2021-09-19 01:01:08,584 - Snapshot saved to /data/users/wergillius/UTR_VAE/pth/RL_gru_MTL/vleng_pretrain/vleng-model_best_cv5.pth

2021-09-19 01:01:08,586 -    ini file updated    
2021-09-19 01:01:08,586 - ===============================|    epoch 3   |===============================
2021-09-19 01:01:09,882 -     0 / 11829 (000%):	 Total:0.5086625	 Acc:0.2812500	 lr:0.0004692	 Mean_Total:0.5086625
2021-09-19 01:03:47,803 -  2365 / 11829 (019%):	 Total:0.4849126	 Acc:0.1875000	 lr:0.0004543	 Mean_Total:0.6582767
2021-09-19 01:06:31,628 -  4730 / 11829 (039%):	 Total:0.4708698	 Acc:0.2187500	 lr:0.0004407	 Mean_Total:0.6566116
2021-09-19 01:09:15,046 -  7095 / 11829 (059%):	 Total:0.6394262	 Acc:0.1562500	 lr:0.0004283	 Mean_Total:0.6564056
2021-09-19 01:11:56,692 -  9460 / 11829 (079%):	 Total:0.7331374	 Acc:0.1250000	 lr:0.0004169	 Mean_Total:0.6561199
2021-09-19 01:14:13,544 - 11825 / 11829 (099%):	 Total:0.6988823	 Acc:0.1250000	 lr:0.0004064	 Mean_Total:0.6563932
2021-09-19 01:14:13,902 - ===============================| start validation |===============================
2021-09-19 01:15:14,969 - 	 Total:0.6192513	 Acc:0.1980883
2021-09-19 01:15:14,974 -    ini file updated    
2021-09-19 01:15:14,995 - Snapshot saved to /data/users/wergillius/UTR_VAE/pth/RL_gru_MTL/vleng_pretrain/vleng-model_best_cv5.pth

2021-09-19 01:15:14,996 -    ini file updated    
2021-09-19 01:15:14,997 - ===============================|    epoch 4   |===============================
2021-09-19 01:15:16,529 -     0 / 11829 (000%):	 Total:0.4819978	 Acc:0.2187500	 lr:0.0004063	 Mean_Total:0.4819978
2021-09-19 01:18:01,478 -  2365 / 11829 (019%):	 Total:0.7796797	 Acc:0.1875000	 lr:0.0003965	 Mean_Total:0.6528751
2021-09-19 01:20:54,724 -  4730 / 11829 (039%):	 Total:0.4882790	 Acc:0.2812500	 lr:0.0003874	 Mean_Total:0.6567328
2021-09-19 01:23:45,418 -  7095 / 11829 (059%):	 Total:0.5295898	 Acc:0.1562500	 lr:0.0003789	 Mean_Total:0.6550680
2021-09-19 01:26:32,927 -  9460 / 11829 (079%):	 Total:0.9673631	 Acc:0.1250000	 lr:0.0003709	 Mean_Total:0.6545488
2021-09-19 01:28:57,948 - 11825 / 11829 (099%):	 Total:0.7119150	 Acc:0.2187500	 lr:0.0003635	 Mean_Total:0.6545205
2021-09-19 01:28:58,338 - ===============================| start validation |===============================
2021-09-19 01:30:02,752 - 	 Total:0.6214136	 Acc:0.1967469
2021-09-19 01:30:02,779 -    ini file updated    
2021-09-19 01:30:02,779 - ===============================|    epoch 5   |===============================
2021-09-19 01:30:04,202 -     0 / 11829 (000%):	 Total:0.5333035	 Acc:0.1875000	 lr:0.0003634	 Mean_Total:0.5333035
2021-09-19 01:32:47,915 -  2365 / 11829 (019%):	 Total:0.8198090	 Acc:0.1250000	 lr:0.0003564	 Mean_Total:0.6491723
2021-09-19 01:35:39,608 -  4730 / 11829 (039%):	 Total:0.7569029	 Acc:0.0937500	 lr:0.0003497	 Mean_Total:0.6513511
2021-09-19 01:38:31,004 -  7095 / 11829 (059%):	 Total:0.4873562	 Acc:0.1250000	 lr:0.0003434	 Mean_Total:0.6512504
2021-09-19 01:41:18,292 -  9460 / 11829 (079%):	 Total:0.6235775	 Acc:0.1875000	 lr:0.0003375	 Mean_Total:0.6520324
2021-09-19 01:43:46,759 - 11825 / 11829 (099%):	 Total:0.6097456	 Acc:0.2500000	 lr:0.0003318	 Mean_Total:0.6522900
2021-09-19 01:43:47,157 - ===============================| start validation |===============================
2021-09-19 01:44:50,973 - 	 Total:0.6236085	 Acc:0.2003353
2021-09-19 01:44:50,979 -    ini file updated    
2021-09-19 01:44:50,999 - Snapshot saved to /data/users/wergillius/UTR_VAE/pth/RL_gru_MTL/vleng_pretrain/vleng-model_best_cv5.pth

2021-09-19 01:44:50,999 -    ini file updated    
2021-09-19 01:44:51,000 - ===============================|    epoch 6   |===============================
2021-09-19 01:44:52,554 -     0 / 11829 (000%):	 Total:0.6747895	 Acc:0.1562500	 lr:0.0003318	 Mean_Total:0.6747895
2021-09-19 01:47:35,466 -  2365 / 11829 (019%):	 Total:0.9271271	 Acc:0.1562500	 lr:0.0003264	 Mean_Total:0.6486298
2021-09-19 01:50:27,231 -  4730 / 11829 (039%):	 Total:0.5978656	 Acc:0.2812500	 lr:0.0003212	 Mean_Total:0.6490326
2021-09-19 01:53:15,949 -  7095 / 11829 (059%):	 Total:0.4586934	 Acc:0.3437500	 lr:0.0003163	 Mean_Total:0.6497973
2021-09-19 01:56:01,547 -  9460 / 11829 (079%):	 Total:0.9626649	 Acc:0.2187500	 lr:0.0003117	 Mean_Total:0.6500520
2021-09-19 01:58:31,976 - 11825 / 11829 (099%):	 Total:0.6290201	 Acc:0.1875000	 lr:0.0003072	 Mean_Total:0.6502766
2021-09-19 01:58:32,354 - ===============================| start validation |===============================
2021-09-19 01:59:36,961 - 	 Total:0.6208289	 Acc:0.1964829
2021-09-19 01:59:36,965 -    ini file updated    
2021-09-19 01:59:36,965 - ===============================|    epoch 7   |===============================
2021-09-19 01:59:38,324 -     0 / 11829 (000%):	 Total:0.5073432	 Acc:0.1875000	 lr:0.0003072	 Mean_Total:0.5073432
2021-09-19 02:02:13,392 -  2365 / 11829 (019%):	 Total:1.2465727	 Acc:0.1875000	 lr:0.0003029	 Mean_Total:0.6501010
2021-09-19 02:04:55,398 -  4730 / 11829 (039%):	 Total:0.7980365	 Acc:0.3125000	 lr:0.0002987	 Mean_Total:0.6498398
2021-09-19 02:07:34,308 -  7095 / 11829 (059%):	 Total:0.7342180	 Acc:0.1875000	 lr:0.0002948	 Mean_Total:0.6496477
2021-09-19 02:10:11,950 -  9460 / 11829 (079%):	 Total:0.5514790	 Acc:0.2500000	 lr:0.0002910	 Mean_Total:0.6500155
2021-09-19 02:12:41,724 - 11825 / 11829 (099%):	 Total:0.5939920	 Acc:0.1250000	 lr:0.0002873	 Mean_Total:0.6497435
2021-09-19 02:12:42,128 - ===============================| start validation |===============================
2021-09-19 02:13:43,390 - 	 Total:0.6173212	 Acc:0.1998152
2021-09-19 02:13:43,395 -    ini file updated    
2021-09-19 02:13:43,418 - Snapshot saved to /data/users/wergillius/UTR_VAE/pth/RL_gru_MTL/vleng_pretrain/vleng-model_best_cv5.pth

2021-09-19 02:13:43,419 -    ini file updated    
2021-09-19 02:13:43,420 - ===============================|    epoch 8   |===============================
2021-09-19 02:13:44,840 -     0 / 11829 (000%):	 Total:1.0043688	 Acc:0.1875000	 lr:0.0002873	 Mean_Total:1.0043688
2021-09-19 02:16:17,744 -  2365 / 11829 (019%):	 Total:0.5548581	 Acc:0.1875000	 lr:0.0002838	 Mean_Total:0.6490499
2021-09-19 02:18:56,337 -  4730 / 11829 (039%):	 Total:0.6458421	 Acc:0.0937500	 lr:0.0002804	 Mean_Total:0.6468131
2021-09-19 02:21:36,243 -  7095 / 11829 (059%):	 Total:1.3174044	 Acc:0.0937500	 lr:0.0002771	 Mean_Total:0.6494919
2021-09-19 02:24:13,561 -  9460 / 11829 (079%):	 Total:0.5617039	 Acc:0.2187500	 lr:0.0002740	 Mean_Total:0.6499878
2021-09-19 02:26:44,852 - 11825 / 11829 (099%):	 Total:0.6535506	 Acc:0.1875000	 lr:0.0002709	 Mean_Total:0.6480699
2021-09-19 02:26:45,249 - ===============================| start validation |===============================
2021-09-19 02:27:44,983 - 	 Total:0.6176916	 Acc:0.1999525
2021-09-19 02:27:44,988 -    ini file updated    
2021-09-19 02:27:44,988 - ===============================|    epoch 9   |===============================
2021-09-19 02:27:46,252 -     0 / 11829 (000%):	 Total:0.9737090	 Acc:0.1562500	 lr:0.0002709	 Mean_Total:0.9737090
2021-09-19 02:30:12,686 -  2365 / 11829 (019%):	 Total:0.8184428	 Acc:0.1250000	 lr:0.0002679	 Mean_Total:0.6517855
2021-09-19 02:32:50,976 -  4730 / 11829 (039%):	 Total:0.4363437	 Acc:0.1875000	 lr:0.0002651	 Mean_Total:0.6492714
2021-09-19 02:35:30,944 -  7095 / 11829 (059%):	 Total:0.6801456	 Acc:0.2187500	 lr:0.0002623	 Mean_Total:0.6499015
2021-09-19 02:38:10,116 -  9460 / 11829 (079%):	 Total:0.7419111	 Acc:0.1562500	 lr:0.0002596	 Mean_Total:0.6486890
2021-09-19 02:40:44,074 - 11825 / 11829 (099%):	 Total:0.4952138	 Acc:0.2187500	 lr:0.0002570	 Mean_Total:0.6487277
2021-09-19 02:40:44,540 - ===============================| start validation |===============================
2021-09-19 02:41:50,469 - 	 Total:0.6174942	 Acc:0.2025217
2021-09-19 02:41:50,476 -    ini file updated    
2021-09-19 02:41:50,504 - Snapshot saved to /data/users/wergillius/UTR_VAE/pth/RL_gru_MTL/vleng_pretrain/vleng-model_best_cv5.pth

2021-09-19 02:41:50,505 -    ini file updated    
2021-09-19 02:41:50,506 - ===============================|    epoch 10   |===============================
2021-09-19 02:41:51,911 -     0 / 11829 (000%):	 Total:0.4248769	 Acc:0.1562500	 lr:0.0002570	 Mean_Total:0.4248769
2021-09-19 02:44:22,884 -  2365 / 11829 (019%):	 Total:0.5864845	 Acc:0.0625000	 lr:0.0002545	 Mean_Total:0.6507559
2021-09-19 02:47:08,004 -  4730 / 11829 (039%):	 Total:0.7488887	 Acc:0.1562500	 lr:0.0002520	 Mean_Total:0.6463009
2021-09-19 02:49:54,223 -  7095 / 11829 (059%):	 Total:0.5097223	 Acc:0.2812500	 lr:0.0002496	 Mean_Total:0.6467913
2021-09-19 02:52:40,278 -  9460 / 11829 (079%):	 Total:0.7064664	 Acc:0.1562500	 lr:0.0002473	 Mean_Total:0.6463835
2021-09-19 02:55:26,339 - 11825 / 11829 (099%):	 Total:0.4790222	 Acc:0.0625000	 lr:0.0002450	 Mean_Total:0.6469700
2021-09-19 02:55:26,799 - ===============================| start validation |===============================
2021-09-19 02:56:33,695 - 	 Total:0.6236471	 Acc:0.2040531
2021-09-19 02:56:33,700 -    ini file updated    
2021-09-19 02:56:33,723 - Snapshot saved to /data/users/wergillius/UTR_VAE/pth/RL_gru_MTL/vleng_pretrain/vleng-model_best_cv5.pth

2021-09-19 02:56:33,724 -    ini file updated    
2021-09-19 02:56:33,724 - ===============================|    epoch 11   |===============================
2021-09-19 02:56:34,980 -     0 / 11829 (000%):	 Total:1.1296042	 Acc:0.0312500	 lr:0.0002450	 Mean_Total:1.1296042
2021-09-19 02:59:02,833 -  2365 / 11829 (019%):	 Total:0.5076562	 Acc:0.2187500	 lr:0.0002428	 Mean_Total:0.6433700
2021-09-19 03:01:42,152 -  4730 / 11829 (039%):	 Total:0.6177011	 Acc:0.2187500	 lr:0.0002407	 Mean_Total:0.6456129
2021-09-19 03:04:20,704 -  7095 / 11829 (059%):	 Total:0.3856440	 Acc:0.3437500	 lr:0.0002386	 Mean_Total:0.6463264
2021-09-19 03:06:57,738 -  9460 / 11829 (079%):	 Total:0.8311734	 Acc:0.1875000	 lr:0.0002366	 Mean_Total:0.6461926
2021-09-19 03:09:36,068 - 11825 / 11829 (099%):	 Total:0.5675526	 Acc:0.1562500	 lr:0.0002346	 Mean_Total:0.6472693
2021-09-19 03:09:36,604 - ===============================| start validation |===============================
2021-09-19 03:10:47,778 - 	 Total:0.6119778	 Acc:0.2004066
2021-09-19 03:10:47,783 -    ini file updated    
2021-09-19 03:10:47,804 - Snapshot saved to /data/users/wergillius/UTR_VAE/pth/RL_gru_MTL/vleng_pretrain/vleng-model_best_cv5.pth

2021-09-19 03:10:47,806 -    ini file updated    
2021-09-19 03:10:47,806 - ===============================|    epoch 12   |===============================
2021-09-19 03:10:49,082 -     0 / 11829 (000%):	 Total:0.6082177	 Acc:0.2812500	 lr:0.0002346	 Mean_Total:0.6082177
2021-09-19 03:13:13,482 -  2365 / 11829 (019%):	 Total:0.8320633	 Acc:0.1250000	 lr:0.0002327	 Mean_Total:0.6480236
2021-09-19 03:15:47,348 -  4730 / 11829 (039%):	 Total:0.5046179	 Acc:0.2500000	 lr:0.0002308	 Mean_Total:0.6453841
2021-09-19 03:18:21,893 -  7095 / 11829 (059%):	 Total:0.7180275	 Acc:0.1875000	 lr:0.0002289	 Mean_Total:0.6467931
2021-09-19 03:21:00,251 -  9460 / 11829 (079%):	 Total:0.5616285	 Acc:0.2187500	 lr:0.0002272	 Mean_Total:0.6475843
2021-09-19 03:23:42,276 - 11825 / 11829 (099%):	 Total:0.6025501	 Acc:0.2500000	 lr:0.0002254	 Mean_Total:0.6460552
2021-09-19 03:23:42,830 - ===============================| start validation |===============================
2021-09-19 03:24:58,099 - 	 Total:0.6128677	 Acc:0.1998812
2021-09-19 03:24:58,105 -    ini file updated    
2021-09-19 03:24:58,105 - ===============================|    epoch 13   |===============================
2021-09-19 03:24:59,490 -     0 / 11829 (000%):	 Total:0.6913848	 Acc:0.1875000	 lr:0.0002254	 Mean_Total:0.6913848
2021-09-19 03:27:27,136 -  2365 / 11829 (019%):	 Total:0.6072977	 Acc:0.2187500	 lr:0.0002237	 Mean_Total:0.6495214
2021-09-19 03:30:01,397 -  4730 / 11829 (039%):	 Total:0.7120805	 Acc:0.1875000	 lr:0.0002220	 Mean_Total:0.6450343
2021-09-19 03:32:35,324 -  7095 / 11829 (059%):	 Total:0.7054583	 Acc:0.1562500	 lr:0.0002204	 Mean_Total:0.6451243
2021-09-19 03:35:12,244 -  9460 / 11829 (079%):	 Total:0.6353030	 Acc:0.1562500	 lr:0.0002188	 Mean_Total:0.6454817
2021-09-19 03:37:51,634 - 11825 / 11829 (099%):	 Total:0.7174250	 Acc:0.1562500	 lr:0.0002172	 Mean_Total:0.6452792
2021-09-19 03:37:52,165 - ===============================| start validation |===============================
2021-09-19 03:39:06,327 - 	 Total:0.6140239	 Acc:0.1988725
2021-09-19 03:39:06,332 -    ini file updated    
2021-09-19 03:39:06,333 - ===============================|    epoch 14   |===============================
2021-09-19 03:39:07,915 -     0 / 11829 (000%):	 Total:0.7965074	 Acc:0.1250000	 lr:0.0002172	 Mean_Total:0.7965074
2021-09-19 03:41:37,479 -  2365 / 11829 (019%):	 Total:0.7921790	 Acc:0.1562500	 lr:0.0002157	 Mean_Total:0.6436661
2021-09-19 03:44:08,819 -  4730 / 11829 (039%):	 Total:0.4223220	 Acc:0.1250000	 lr:0.0002142	 Mean_Total:0.6442755
2021-09-19 03:46:43,034 -  7095 / 11829 (059%):	 Total:0.5004581	 Acc:0.1875000	 lr:0.0002127	 Mean_Total:0.6442669
2021-09-19 03:49:18,690 -  9460 / 11829 (079%):	 Total:0.3535535	 Acc:0.3125000	 lr:0.0002112	 Mean_Total:0.6456163
2021-09-19 03:51:58,524 - 11825 / 11829 (099%):	 Total:0.4786579	 Acc:0.3750000	 lr:0.0002098	 Mean_Total:0.6451558
2021-09-19 03:51:59,096 - ===============================| start validation |===============================
2021-09-19 03:53:14,201 - 	 Total:0.6310485	 Acc:0.2026167
2021-09-19 03:53:14,205 -    ini file updated    
2021-09-19 03:53:14,205 - ===============================|    epoch 15   |===============================
2021-09-19 03:53:15,570 -     0 / 11829 (000%):	 Total:0.6224002	 Acc:0.2187500	 lr:0.0002098	 Mean_Total:0.6224002
2021-09-19 03:55:48,662 -  2365 / 11829 (019%):	 Total:0.6794752	 Acc:0.1875000	 lr:0.0002084	 Mean_Total:0.6426493
2021-09-19 03:58:17,605 -  4730 / 11829 (039%):	 Total:0.6653507	 Acc:0.2500000	 lr:0.0002071	 Mean_Total:0.6449367
2021-09-19 04:00:51,916 -  7095 / 11829 (059%):	 Total:0.8039821	 Acc:0.1562500	 lr:0.0002058	 Mean_Total:0.6456628
2021-09-19 04:03:25,614 -  9460 / 11829 (079%):	 Total:0.4797246	 Acc:0.3437500	 lr:0.0002045	 Mean_Total:0.6453269
2021-09-19 04:06:05,503 - 11825 / 11829 (099%):	 Total:0.8546032	 Acc:0.1875000	 lr:0.0002032	 Mean_Total:0.6446673
2021-09-19 04:06:05,967 - ===============================| start validation |===============================
2021-09-19 04:07:19,866 - 	 Total:0.6122813	 Acc:0.2013334
2021-09-19 04:07:19,870 -    ini file updated    
2021-09-19 04:07:19,870 - ===============================|    epoch 16   |===============================
2021-09-19 04:07:21,402 -     0 / 11829 (000%):	 Total:0.6285605	 Acc:0.2812500	 lr:0.0002032	 Mean_Total:0.6285605
2021-09-19 04:10:00,911 -  2365 / 11829 (019%):	 Total:0.6444981	 Acc:0.1562500	 lr:0.0002019	 Mean_Total:0.6487789
2021-09-19 04:12:29,069 -  4730 / 11829 (039%):	 Total:0.4600050	 Acc:0.1875000	 lr:0.0002007	 Mean_Total:0.6438117
2021-09-19 04:15:02,979 -  7095 / 11829 (059%):	 Total:0.6636404	 Acc:0.1875000	 lr:0.0001995	 Mean_Total:0.6432449
2021-09-19 04:17:35,276 -  9460 / 11829 (079%):	 Total:0.7420807	 Acc:0.1562500	 lr:0.0001983	 Mean_Total:0.6422738
2021-09-19 04:20:16,447 - 11825 / 11829 (099%):	 Total:0.5756763	 Acc:0.2812500	 lr:0.0001971	 Mean_Total:0.6431585
2021-09-19 04:20:16,941 - ===============================| start validation |===============================
2021-09-19 04:21:32,014 - 	 Total:0.6113454	 Acc:0.1994429
2021-09-19 04:21:32,021 -    ini file updated    
2021-09-19 04:21:32,046 - Snapshot saved to /data/users/wergillius/UTR_VAE/pth/RL_gru_MTL/vleng_pretrain/vleng-model_best_cv5.pth

2021-09-19 04:21:32,048 -    ini file updated    
2021-09-19 04:21:32,048 - ===============================|    epoch 17   |===============================
2021-09-19 04:21:33,353 -     0 / 11829 (000%):	 Total:0.7304875	 Acc:0.1562500	 lr:0.0001971	 Mean_Total:0.7304875
2021-09-19 04:24:30,416 -  2365 / 11829 (019%):	 Total:0.4371364	 Acc:0.2812500	 lr:0.0001960	 Mean_Total:0.6397559
2021-09-19 04:27:10,336 -  4730 / 11829 (039%):	 Total:0.5663075	 Acc:0.2187500	 lr:0.0001948	 Mean_Total:0.6410127
2021-09-19 04:29:56,558 -  7095 / 11829 (059%):	 Total:0.5052954	 Acc:0.1250000	 lr:0.0001937	 Mean_Total:0.6420266
2021-09-19 04:32:34,976 -  9460 / 11829 (079%):	 Total:0.6211898	 Acc:0.1562500	 lr:0.0001926	 Mean_Total:0.6427388
2021-09-19 04:35:28,624 - 11825 / 11829 (099%):	 Total:0.6143342	 Acc:0.2187500	 lr:0.0001916	 Mean_Total:0.6435117
2021-09-19 04:35:29,185 - ===============================| start validation |===============================
2021-09-19 04:36:44,634 - 	 Total:0.6108712	 Acc:0.1983761
2021-09-19 04:36:44,638 -    ini file updated    
2021-09-19 04:36:44,658 - Snapshot saved to /data/users/wergillius/UTR_VAE/pth/RL_gru_MTL/vleng_pretrain/vleng-model_best_cv5.pth

2021-09-19 04:36:44,659 -    ini file updated    
2021-09-19 04:36:44,659 - ===============================|    epoch 18   |===============================
2021-09-19 04:36:46,137 -     0 / 11829 (000%):	 Total:0.5564423	 Acc:0.2500000	 lr:0.0001916	 Mean_Total:0.5564423
2021-09-19 04:39:28,868 -  2365 / 11829 (019%):	 Total:0.8486867	 Acc:0.2187500	 lr:0.0001905	 Mean_Total:0.6474436
2021-09-19 04:41:53,908 -  4730 / 11829 (039%):	 Total:0.5117407	 Acc:0.3125000	 lr:0.0001895	 Mean_Total:0.6435473
2021-09-19 04:44:25,594 -  7095 / 11829 (059%):	 Total:0.6880944	 Acc:0.1562500	 lr:0.0001884	 Mean_Total:0.6425491
2021-09-19 04:46:53,928 -  9460 / 11829 (079%):	 Total:0.5042087	 Acc:0.2187500	 lr:0.0001874	 Mean_Total:0.6422265
2021-09-19 04:49:36,173 - 11825 / 11829 (099%):	 Total:0.6144351	 Acc:0.0937500	 lr:0.0001864	 Mean_Total:0.6426726
2021-09-19 04:49:36,726 - ===============================| start validation |===============================
2021-09-19 04:50:51,249 - 	 Total:0.6109696	 Acc:0.2022233
2021-09-19 04:50:51,257 -    ini file updated    
2021-09-19 04:50:51,258 - ===============================|    epoch 19   |===============================
2021-09-19 04:50:52,817 -     0 / 11829 (000%):	 Total:0.6770537	 Acc:0.1562500	 lr:0.0001864	 Mean_Total:0.6770537
2021-09-19 04:53:35,990 -  2365 / 11829 (019%):	 Total:0.6661868	 Acc:0.1875000	 lr:0.0001855	 Mean_Total:0.6453034
2021-09-19 04:55:59,187 -  4730 / 11829 (039%):	 Total:0.3628264	 Acc:0.2187500	 lr:0.0001845	 Mean_Total:0.6423532
2021-09-19 04:58:24,615 -  7095 / 11829 (059%):	 Total:1.0058334	 Acc:0.2812500	 lr:0.0001836	 Mean_Total:0.6423808
2021-09-19 05:00:52,913 -  9460 / 11829 (079%):	 Total:0.6695474	 Acc:0.2187500	 lr:0.0001826	 Mean_Total:0.6421295
2021-09-19 05:03:35,510 - 11825 / 11829 (099%):	 Total:0.7909604	 Acc:0.1562500	 lr:0.0001817	 Mean_Total:0.6419354
2021-09-19 05:03:36,052 - ===============================| start validation |===============================
2021-09-19 05:04:50,031 - 	 Total:0.6135121	 Acc:0.2016397
2021-09-19 05:04:50,034 -    ini file updated    
2021-09-19 05:04:50,035 - ===============================|    epoch 20   |===============================
2021-09-19 05:04:51,525 -     0 / 11829 (000%):	 Total:0.5751202	 Acc:0.0937500	 lr:0.0001817	 Mean_Total:0.5751202
2021-09-19 05:07:36,117 -  2365 / 11829 (019%):	 Total:0.6263945	 Acc:0.2500000	 lr:0.0001808	 Mean_Total:0.6469335
2021-09-19 05:10:03,493 -  4730 / 11829 (039%):	 Total:0.3467034	 Acc:0.3750000	 lr:0.0001799	 Mean_Total:0.6438377
2021-09-19 05:12:28,468 -  7095 / 11829 (059%):	 Total:0.8015791	 Acc:0.1562500	 lr:0.0001791	 Mean_Total:0.6415291
2021-09-19 05:14:58,871 -  9460 / 11829 (079%):	 Total:0.6679233	 Acc:0.2187500	 lr:0.0001782	 Mean_Total:0.6428610
2021-09-19 05:17:39,314 - 11825 / 11829 (099%):	 Total:0.4286438	 Acc:0.2812500	 lr:0.0001773	 Mean_Total:0.6422338
2021-09-19 05:17:39,830 - ===============================| start validation |===============================
2021-09-19 05:18:53,896 - 	 Total:0.6103129	 Acc:0.1998469
2021-09-19 05:18:53,902 -    ini file updated    
2021-09-19 05:18:53,925 - Snapshot saved to /data/users/wergillius/UTR_VAE/pth/RL_gru_MTL/vleng_pretrain/vleng-model_best_cv5.pth

2021-09-19 05:18:53,927 -    ini file updated    
2021-09-19 05:18:53,927 - ===============================|    epoch 21   |===============================
2021-09-19 05:18:55,434 -     0 / 11829 (000%):	 Total:0.5999618	 Acc:0.1562500	 lr:0.0001773	 Mean_Total:0.5999618
2021-09-19 05:21:39,813 -  2365 / 11829 (019%):	 Total:0.3812644	 Acc:0.2187500	 lr:0.0001765	 Mean_Total:0.6376289
2021-09-19 05:24:11,492 -  4730 / 11829 (039%):	 Total:0.6835890	 Acc:0.1562500	 lr:0.0001757	 Mean_Total:0.6425599
2021-09-19 05:26:35,533 -  7095 / 11829 (059%):	 Total:0.6840342	 Acc:0.0937500	 lr:0.0001749	 Mean_Total:0.6425310
2021-09-19 05:29:06,561 -  9460 / 11829 (079%):	 Total:0.7973653	 Acc:0.2187500	 lr:0.0001741	 Mean_Total:0.6419130
2021-09-19 05:31:47,594 - 11825 / 11829 (099%):	 Total:0.3471637	 Acc:0.2500000	 lr:0.0001733	 Mean_Total:0.6418941
2021-09-19 05:31:48,090 - ===============================| start validation |===============================
2021-09-19 05:33:04,048 - 	 Total:0.6111352	 Acc:0.1991577
2021-09-19 05:33:04,053 -    ini file updated    
2021-09-19 05:33:04,053 - ===============================|    epoch 22   |===============================
2021-09-19 05:33:05,429 -     0 / 11829 (000%):	 Total:0.4888607	 Acc:0.3125000	 lr:0.0001733	 Mean_Total:0.4888607
2021-09-19 05:35:53,109 -  2365 / 11829 (019%):	 Total:0.5457265	 Acc:0.1875000	 lr:0.0001725	 Mean_Total:0.6410396
2021-09-19 05:38:30,353 -  4730 / 11829 (039%):	 Total:0.7705777	 Acc:0.1875000	 lr:0.0001717	 Mean_Total:0.6401168
2021-09-19 05:40:49,132 -  7095 / 11829 (059%):	 Total:0.5222521	 Acc:0.1562500	 lr:0.0001709	 Mean_Total:0.6384520
2021-09-19 05:43:16,811 -  9460 / 11829 (079%):	 Total:0.5821403	 Acc:0.1875000	 lr:0.0001702	 Mean_Total:0.6401162
2021-09-19 05:45:55,879 - 11825 / 11829 (099%):	 Total:0.6771663	 Acc:0.2187500	 lr:0.0001695	 Mean_Total:0.6408735
2021-09-19 05:45:56,395 - ===============================| start validation |===============================
2021-09-19 05:47:11,151 - 	 Total:0.6099706	 Acc:0.2008925
2021-09-19 05:47:11,160 -    ini file updated    
2021-09-19 05:47:11,184 - Snapshot saved to /data/users/wergillius/UTR_VAE/pth/RL_gru_MTL/vleng_pretrain/vleng-model_best_cv5.pth

2021-09-19 05:47:11,186 -    ini file updated    
2021-09-19 05:47:11,186 - ===============================|    epoch 23   |===============================
2021-09-19 05:47:12,575 -     0 / 11829 (000%):	 Total:1.1054831	 Acc:0.1562500	 lr:0.0001695	 Mean_Total:1.1054831
2021-09-19 05:49:59,101 -  2365 / 11829 (019%):	 Total:0.5781593	 Acc:0.2500000	 lr:0.0001687	 Mean_Total:0.6423086
2021-09-19 05:52:40,769 -  4730 / 11829 (039%):	 Total:0.5562802	 Acc:0.1250000	 lr:0.0001680	 Mean_Total:0.6399581
2021-09-19 05:54:55,544 -  7095 / 11829 (059%):	 Total:0.4747184	 Acc:0.2812500	 lr:0.0001673	 Mean_Total:0.6399958
2021-09-19 05:57:21,675 -  9460 / 11829 (079%):	 Total:0.4152766	 Acc:0.0937500	 lr:0.0001666	 Mean_Total:0.6417071
2021-09-19 06:00:00,547 - 11825 / 11829 (099%):	 Total:1.2036066	 Acc:0.1562500	 lr:0.0001659	 Mean_Total:0.6417771
2021-09-19 06:00:01,032 - ===============================| start validation |===============================
2021-09-19 06:01:15,648 - 	 Total:0.6115442	 Acc:0.2015262
2021-09-19 06:01:15,658 -    ini file updated    
2021-09-19 06:01:15,659 - ===============================|    epoch 24   |===============================
2021-09-19 06:01:17,074 -     0 / 11829 (000%):	 Total:0.4942197	 Acc:0.0625000	 lr:0.0001659	 Mean_Total:0.4942197
2021-09-19 06:04:01,097 -  2365 / 11829 (019%):	 Total:0.5501146	 Acc:0.2187500	 lr:0.0001652	 Mean_Total:0.6389438
2021-09-19 06:06:45,899 -  4730 / 11829 (039%):	 Total:0.7775064	 Acc:0.1875000	 lr:0.0001645	 Mean_Total:0.6371233
2021-09-19 06:09:06,212 -  7095 / 11829 (059%):	 Total:0.5479376	 Acc:0.0937500	 lr:0.0001639	 Mean_Total:0.6384709
2021-09-19 06:11:29,244 -  9460 / 11829 (079%):	 Total:0.5945557	 Acc:0.1562500	 lr:0.0001632	 Mean_Total:0.6395668
2021-09-19 06:14:08,771 - 11825 / 11829 (099%):	 Total:0.5291076	 Acc:0.2187500	 lr:0.0001625	 Mean_Total:0.6410552
2021-09-19 06:14:09,258 - ===============================| start validation |===============================
2021-09-19 06:15:22,528 - 	 Total:0.6100387	 Acc:0.1999657
2021-09-19 06:15:22,538 -    ini file updated    
2021-09-19 06:15:22,539 - ===============================|    epoch 25   |===============================
2021-09-19 06:15:24,029 -     0 / 11829 (000%):	 Total:0.5492746	 Acc:0.2500000	 lr:0.0001625	 Mean_Total:0.5492746
2021-09-19 06:18:08,797 -  2365 / 11829 (019%):	 Total:0.6074697	 Acc:0.1875000	 lr:0.0001619	 Mean_Total:0.6420070
2021-09-19 06:20:51,912 -  4730 / 11829 (039%):	 Total:0.4513140	 Acc:0.2500000	 lr:0.0001613	 Mean_Total:0.6386664
2021-09-19 06:23:15,030 -  7095 / 11829 (059%):	 Total:0.6065456	 Acc:0.2187500	 lr:0.0001606	 Mean_Total:0.6402896
2021-09-19 06:25:38,338 -  9460 / 11829 (079%):	 Total:0.4921524	 Acc:0.1875000	 lr:0.0001600	 Mean_Total:0.6396590
2021-09-19 06:28:18,636 - 11825 / 11829 (099%):	 Total:0.4756623	 Acc:0.2187500	 lr:0.0001594	 Mean_Total:0.6405728
2021-09-19 06:28:19,098 - ===============================| start validation |===============================
2021-09-19 06:29:29,814 - 	 Total:0.6070432	 Acc:0.2016556
2021-09-19 06:29:29,822 -    ini file updated    
2021-09-19 06:29:29,851 - Snapshot saved to /data/users/wergillius/UTR_VAE/pth/RL_gru_MTL/vleng_pretrain/vleng-model_best_cv5.pth

2021-09-19 06:29:29,852 -    ini file updated    
2021-09-19 06:29:29,852 - ===============================|    epoch 26   |===============================
2021-09-19 06:29:31,418 -     0 / 11829 (000%):	 Total:0.6339598	 Acc:0.1250000	 lr:0.0001594	 Mean_Total:0.6339598
2021-09-19 06:32:27,375 -  2365 / 11829 (019%):	 Total:0.8262115	 Acc:0.0312500	 lr:0.0001588	 Mean_Total:0.6328008
2021-09-19 06:35:20,576 -  4730 / 11829 (039%):	 Total:0.9002774	 Acc:0.2500000	 lr:0.0001582	 Mean_Total:0.6403281
2021-09-19 06:37:55,942 -  7095 / 11829 (059%):	 Total:0.5994134	 Acc:0.3125000	 lr:0.0001576	 Mean_Total:0.6413359
2021-09-19 06:40:26,380 -  9460 / 11829 (079%):	 Total:0.5967366	 Acc:0.0625000	 lr:0.0001570	 Mean_Total:0.6407568
2021-09-19 06:43:16,450 - 11825 / 11829 (099%):	 Total:0.6715834	 Acc:0.2500000	 lr:0.0001564	 Mean_Total:0.6407047
2021-09-19 06:43:16,875 - ===============================| start validation |===============================
2021-09-19 06:44:26,161 - 	 Total:0.6090988	 Acc:0.2005730
2021-09-19 06:44:26,165 -    ini file updated    
2021-09-19 06:44:26,165 - ===============================|    epoch 27   |===============================
2021-09-19 06:44:27,727 -     0 / 11829 (000%):	 Total:0.7450130	 Acc:0.1562500	 lr:0.0001564	 Mean_Total:0.7450130
2021-09-19 06:47:29,218 -  2365 / 11829 (019%):	 Total:0.6499461	 Acc:0.1875000	 lr:0.0001558	 Mean_Total:0.6357980
2021-09-19 06:50:20,670 -  4730 / 11829 (039%):	 Total:0.9442912	 Acc:0.1250000	 lr:0.0001553	 Mean_Total:0.6397692
2021-09-19 06:52:56,489 -  7095 / 11829 (059%):	 Total:0.4828771	 Acc:0.2187500	 lr:0.0001547	 Mean_Total:0.6429622
2021-09-19 06:55:33,298 -  9460 / 11829 (079%):	 Total:0.6039090	 Acc:0.1875000	 lr:0.0001541	 Mean_Total:0.6419021
2021-09-19 06:58:25,451 - 11825 / 11829 (099%):	 Total:0.7644458	 Acc:0.0937500	 lr:0.0001536	 Mean_Total:0.6411729
2021-09-19 06:58:25,917 - ===============================| start validation |===============================
2021-09-19 06:59:35,414 - 	 Total:0.6168122	 Acc:0.2036755
2021-09-19 06:59:35,419 -    ini file updated    
2021-09-19 06:59:35,420 - ===============================|    epoch 28   |===============================
2021-09-19 06:59:37,062 -     0 / 11829 (000%):	 Total:0.7844126	 Acc:0.2812500	 lr:0.0001536	 Mean_Total:0.7844126
2021-09-19 07:02:36,924 -  2365 / 11829 (019%):	 Total:0.7019868	 Acc:0.1562500	 lr:0.0001530	 Mean_Total:0.6382427
2021-09-19 07:05:25,321 -  4730 / 11829 (039%):	 Total:0.5134221	 Acc:0.2187500	 lr:0.0001525	 Mean_Total:0.6402643
2021-09-19 07:07:58,477 -  7095 / 11829 (059%):	 Total:0.6273621	 Acc:0.1875000	 lr:0.0001520	 Mean_Total:0.6410849
2021-09-19 07:10:39,546 -  9460 / 11829 (079%):	 Total:0.5797523	 Acc:0.1875000	 lr:0.0001514	 Mean_Total:0.6394751
2021-09-19 07:13:31,767 - 11825 / 11829 (099%):	 Total:0.3728463	 Acc:0.2812500	 lr:0.0001509	 Mean_Total:0.6396103
2021-09-19 07:13:32,256 - ===============================| start validation |===============================
2021-09-19 07:14:42,546 - 	 Total:0.6071719	 Acc:0.2013308
2021-09-19 07:14:42,552 -    ini file updated    
2021-09-19 07:14:42,553 - ===============================|    epoch 29   |===============================
2021-09-19 07:14:43,895 -     0 / 11829 (000%):	 Total:0.5918846	 Acc:0.0937500	 lr:0.0001509	 Mean_Total:0.5918846
2021-09-19 07:17:37,871 -  2365 / 11829 (019%):	 Total:0.5303432	 Acc:0.0937500	 lr:0.0001504	 Mean_Total:0.6413037
2021-09-19 07:20:26,306 -  4730 / 11829 (039%):	 Total:1.0737083	 Acc:0.1875000	 lr:0.0001499	 Mean_Total:0.6406304
2021-09-19 07:22:59,136 -  7095 / 11829 (059%):	 Total:0.6554559	 Acc:0.3125000	 lr:0.0001494	 Mean_Total:0.6418415
2021-09-19 07:25:42,081 -  9460 / 11829 (079%):	 Total:0.5598967	 Acc:0.1875000	 lr:0.0001489	 Mean_Total:0.6403132
2021-09-19 07:28:31,586 - 11825 / 11829 (099%):	 Total:0.6419293	 Acc:0.1562500	 lr:0.0001484	 Mean_Total:0.6399110
2021-09-19 07:28:32,033 - ===============================| start validation |===============================
2021-09-19 07:29:42,060 - 	 Total:0.6092337	 Acc:0.1993346
2021-09-19 07:29:42,070 -    ini file updated    
2021-09-19 07:29:42,070 - ===============================|    epoch 30   |===============================
2021-09-19 07:29:43,550 -     0 / 11829 (000%):	 Total:0.7135686	 Acc:0.1875000	 lr:0.0001484	 Mean_Total:0.7135686
2021-09-19 07:32:35,577 -  2365 / 11829 (019%):	 Total:0.5796229	 Acc:0.1250000	 lr:0.0001479	 Mean_Total:0.6418831
2021-09-19 07:35:21,411 -  4730 / 11829 (039%):	 Total:0.5285437	 Acc:0.2500000	 lr:0.0001474	 Mean_Total:0.6406432
2021-09-19 07:37:58,653 -  7095 / 11829 (059%):	 Total:0.4419186	 Acc:0.1875000	 lr:0.0001469	 Mean_Total:0.6409682
2021-09-19 07:40:40,973 -  9460 / 11829 (079%):	 Total:0.5268461	 Acc:0.0937500	 lr:0.0001464	 Mean_Total:0.6403188
2021-09-19 07:43:29,092 - 11825 / 11829 (099%):	 Total:0.8290808	 Acc:0.2187500	 lr:0.0001460	 Mean_Total:0.6400515
2021-09-19 07:43:29,565 - ===============================| start validation |===============================
2021-09-19 07:44:38,107 - 	 Total:0.6076363	 Acc:0.2003248
2021-09-19 07:44:38,112 -    ini file updated    
2021-09-19 07:44:38,112 - ===============================|    epoch 31   |===============================
2021-09-19 07:44:39,691 -     0 / 11829 (000%):	 Total:0.8196063	 Acc:0.1250000	 lr:0.0001460	 Mean_Total:0.8196063
2021-09-19 07:47:26,804 -  2365 / 11829 (019%):	 Total:0.3853273	 Acc:0.2812500	 lr:0.0001455	 Mean_Total:0.6373496
2021-09-19 07:50:13,905 -  4730 / 11829 (039%):	 Total:0.5492854	 Acc:0.3125000	 lr:0.0001450	 Mean_Total:0.6407911
2021-09-19 07:52:52,599 -  7095 / 11829 (059%):	 Total:0.4418058	 Acc:0.3125000	 lr:0.0001446	 Mean_Total:0.6404437
2021-09-19 07:55:34,194 -  9460 / 11829 (079%):	 Total:0.4936522	 Acc:0.1250000	 lr:0.0001441	 Mean_Total:0.6389956
2021-09-19 07:58:22,575 - 11825 / 11829 (099%):	 Total:0.5693004	 Acc:0.3125000	 lr:0.0001437	 Mean_Total:0.6391897
2021-09-19 07:58:23,042 - ===============================| start validation |===============================
2021-09-19 07:59:28,111 - 	 Total:0.6089533	 Acc:0.1995881
2021-09-19 07:59:28,117 -    ini file updated    
2021-09-19 07:59:28,117 - ===============================|    epoch 32   |===============================
2021-09-19 07:59:29,686 -     0 / 11829 (000%):	 Total:0.4471989	 Acc:0.1250000	 lr:0.0001437	 Mean_Total:0.4471989
2021-09-19 08:02:22,259 -  2365 / 11829 (019%):	 Total:0.5300320	 Acc:0.0937500	 lr:0.0001432	 Mean_Total:0.6430224
2021-09-19 08:05:10,025 -  4730 / 11829 (039%):	 Total:0.9223858	 Acc:0.1562500	 lr:0.0001428	 Mean_Total:0.6415688
2021-09-19 08:07:53,206 -  7095 / 11829 (059%):	 Total:0.6376655	 Acc:0.2187500	 lr:0.0001423	 Mean_Total:0.6393639
2021-09-19 08:10:37,321 -  9460 / 11829 (079%):	 Total:1.0857570	 Acc:0.0625000	 lr:0.0001419	 Mean_Total:0.6396058
2021-09-19 08:13:22,270 - 11825 / 11829 (099%):	 Total:0.4947479	 Acc:0.1875000	 lr:0.0001415	 Mean_Total:0.6393063
2021-09-19 08:13:22,716 - ===============================| start validation |===============================
2021-09-19 08:14:32,075 - 	 Total:0.6075419	 Acc:0.2004647
2021-09-19 08:14:32,086 -    ini file updated    
2021-09-19 08:14:32,087 - ===============================|    epoch 33   |===============================
2021-09-19 08:14:33,497 -     0 / 11829 (000%):	 Total:0.4872630	 Acc:0.1562500	 lr:0.0001415	 Mean_Total:0.4872630
2021-09-19 08:17:20,418 -  2365 / 11829 (019%):	 Total:0.3973716	 Acc:0.2812500	 lr:0.0001410	 Mean_Total:0.6427528
2021-09-19 08:20:08,834 -  4730 / 11829 (039%):	 Total:0.6890087	 Acc:0.2500000	 lr:0.0001406	 Mean_Total:0.6392084
2021-09-19 08:22:48,506 -  7095 / 11829 (059%):	 Total:0.9007841	 Acc:0.2187500	 lr:0.0001402	 Mean_Total:0.6383513
2021-09-19 08:25:33,983 -  9460 / 11829 (079%):	 Total:0.7467668	 Acc:0.1250000	 lr:0.0001398	 Mean_Total:0.6379683
2021-09-19 08:28:18,280 - 11825 / 11829 (099%):	 Total:0.4438668	 Acc:0.2500000	 lr:0.0001394	 Mean_Total:0.6385504
2021-09-19 08:28:18,731 - ===============================| start validation |===============================
2021-09-19 08:29:26,650 - 	 Total:0.6078327	 Acc:0.2009400
2021-09-19 08:29:26,655 -    ini file updated    
2021-09-19 08:29:26,655 - ===============================|    epoch 34   |===============================
2021-09-19 08:29:28,052 -     0 / 11829 (000%):	 Total:0.7094055	 Acc:0.1562500	 lr:0.0001394	 Mean_Total:0.7094055
2021-09-19 08:32:22,969 -  2365 / 11829 (019%):	 Total:0.7461357	 Acc:0.1250000	 lr:0.0001390	 Mean_Total:0.6385876
2021-09-19 08:35:16,670 -  4730 / 11829 (039%):	 Total:0.8059035	 Acc:0.0937500	 lr:0.0001386	 Mean_Total:0.6396797
2021-09-19 08:37:59,046 -  7095 / 11829 (059%):	 Total:0.5116705	 Acc:0.1250000	 lr:0.0001382	 Mean_Total:0.6410429
2021-09-19 08:40:45,860 -  9460 / 11829 (079%):	 Total:0.5941113	 Acc:0.3125000	 lr:0.0001378	 Mean_Total:0.6384718
2021-09-19 08:43:28,307 - 11825 / 11829 (099%):	 Total:0.6585599	 Acc:0.2187500	 lr:0.0001374	 Mean_Total:0.6387135
2021-09-19 08:43:28,732 - ===============================| start validation |===============================
2021-09-19 08:44:36,431 - 	 Total:0.6075199	 Acc:0.2008001
2021-09-19 08:44:36,445 -    ini file updated    
2021-09-19 08:44:36,445 - ===============================|    epoch 35   |===============================
2021-09-19 08:44:37,973 -     0 / 11829 (000%):	 Total:1.1102805	 Acc:0.1875000	 lr:0.0001374	 Mean_Total:1.1102805
2021-09-19 08:47:26,182 -  2365 / 11829 (019%):	 Total:0.5779669	 Acc:0.1562500	 lr:0.0001370	 Mean_Total:0.6392402
2021-09-19 08:50:25,417 -  4730 / 11829 (039%):	 Total:0.7435767	 Acc:0.2812500	 lr:0.0001366	 Mean_Total:0.6397885
2021-09-19 08:53:05,773 -  7095 / 11829 (059%):	 Total:0.5166125	 Acc:0.2500000	 lr:0.0001362	 Mean_Total:0.6393768
2021-09-19 08:55:47,217 -  9460 / 11829 (079%):	 Total:0.7050702	 Acc:0.1875000	 lr:0.0001358	 Mean_Total:0.6382153
2021-09-19 08:58:33,659 - 11825 / 11829 (099%):	 Total:0.8410395	 Acc:0.3125000	 lr:0.0001354	 Mean_Total:0.6387566
2021-09-19 08:58:34,118 - ===============================| start validation |===============================
2021-09-19 08:59:41,858 - 	 Total:0.6068558	 Acc:0.2017242
2021-09-19 08:59:41,864 -    ini file updated    
2021-09-19 08:59:41,886 - Snapshot saved to /data/users/wergillius/UTR_VAE/pth/RL_gru_MTL/vleng_pretrain/vleng-model_best_cv5.pth

2021-09-19 08:59:41,887 -    ini file updated    
2021-09-19 08:59:41,887 - ===============================|    epoch 36   |===============================
2021-09-19 08:59:43,368 -     0 / 11829 (000%):	 Total:0.3670179	 Acc:0.2812500	 lr:0.0001354	 Mean_Total:0.3670179
2021-09-19 09:02:22,555 -  2365 / 11829 (019%):	 Total:0.5412663	 Acc:0.1875000	 lr:0.0001351	 Mean_Total:0.6419500
2021-09-19 09:05:00,869 -  4730 / 11829 (039%):	 Total:0.7198832	 Acc:0.1562500	 lr:0.0001347	 Mean_Total:0.6397529
2021-09-19 09:07:26,216 -  7095 / 11829 (059%):	 Total:0.4135301	 Acc:0.1562500	 lr:0.0001343	 Mean_Total:0.6389233
2021-09-19 09:09:52,029 -  9460 / 11829 (079%):	 Total:0.4300379	 Acc:0.1250000	 lr:0.0001340	 Mean_Total:0.6385285
2021-09-19 09:12:24,186 - 11825 / 11829 (099%):	 Total:0.5861803	 Acc:0.2500000	 lr:0.0001336	 Mean_Total:0.6381668
2021-09-19 09:12:24,641 - ===============================| start validation |===============================
2021-09-19 09:13:33,112 - 	 Total:0.6068292	 Acc:0.2027276
2021-09-19 09:13:33,117 -    ini file updated    
2021-09-19 09:13:33,144 - Snapshot saved to /data/users/wergillius/UTR_VAE/pth/RL_gru_MTL/vleng_pretrain/vleng-model_best_cv5.pth

2021-09-19 09:13:33,147 -    ini file updated    
2021-09-19 09:13:33,147 - ===============================|    epoch 37   |===============================
2021-09-19 09:13:34,690 -     0 / 11829 (000%):	 Total:0.8790607	 Acc:0.2500000	 lr:0.0001336	 Mean_Total:0.8790607
2021-09-19 09:16:13,263 -  2365 / 11829 (019%):	 Total:0.6629006	 Acc:0.1562500	 lr:0.0001332	 Mean_Total:0.6339428
2021-09-19 09:18:57,905 -  4730 / 11829 (039%):	 Total:0.8516345	 Acc:0.1875000	 lr:0.0001329	 Mean_Total:0.6369794
2021-09-19 09:21:30,228 -  7095 / 11829 (059%):	 Total:0.4568684	 Acc:0.3750000	 lr:0.0001325	 Mean_Total:0.6376014
2021-09-19 09:24:00,880 -  9460 / 11829 (079%):	 Total:0.7847111	 Acc:0.2500000	 lr:0.0001322	 Mean_Total:0.6379777
2021-09-19 09:26:32,998 - 11825 / 11829 (099%):	 Total:0.4760842	 Acc:0.1875000	 lr:0.0001318	 Mean_Total:0.6382579
2021-09-19 09:26:33,457 - ===============================| start validation |===============================
2021-09-19 09:27:42,918 - 	 Total:0.6082972	 Acc:0.2016767
2021-09-19 09:27:42,923 -    ini file updated    
2021-09-19 09:27:42,923 - ===============================|    epoch 38   |===============================
2021-09-19 09:27:44,463 -     0 / 11829 (000%):	 Total:0.5116625	 Acc:0.3125000	 lr:0.0001318	 Mean_Total:0.5116625
2021-09-19 09:30:20,432 -  2365 / 11829 (019%):	 Total:0.3465855	 Acc:0.1875000	 lr:0.0001315	 Mean_Total:0.6401201
2021-09-19 09:33:03,226 -  4730 / 11829 (039%):	 Total:0.8522446	 Acc:0.1250000	 lr:0.0001311	 Mean_Total:0.6372078
2021-09-19 09:35:42,276 -  7095 / 11829 (059%):	 Total:0.7958250	 Acc:0.1562500	 lr:0.0001308	 Mean_Total:0.6385032
2021-09-19 09:38:03,668 -  9460 / 11829 (079%):	 Total:0.5723122	 Acc:0.1250000	 lr:0.0001305	 Mean_Total:0.6392395
2021-09-19 09:40:33,521 - 11825 / 11829 (099%):	 Total:0.4675687	 Acc:0.2187500	 lr:0.0001301	 Mean_Total:0.6383807
2021-09-19 09:40:34,022 - ===============================| start validation |===============================
2021-09-19 09:41:38,812 - 	 Total:0.6056058	 Acc:0.2013915
2021-09-19 09:41:38,818 -    ini file updated    
2021-09-19 09:41:38,840 - Snapshot saved to /data/users/wergillius/UTR_VAE/pth/RL_gru_MTL/vleng_pretrain/vleng-model_best_cv5.pth

2021-09-19 09:41:38,842 -    ini file updated    
2021-09-19 09:41:38,842 - ===============================|    epoch 39   |===============================
2021-09-19 09:41:40,243 -     0 / 11829 (000%):	 Total:0.6046934	 Acc:0.2187500	 lr:0.0001301	 Mean_Total:0.6046934
2021-09-19 09:44:26,108 -  2365 / 11829 (019%):	 Total:0.4761984	 Acc:0.1875000	 lr:0.0001298	 Mean_Total:0.6368842
2021-09-19 09:47:18,773 -  4730 / 11829 (039%):	 Total:0.5144945	 Acc:0.0625000	 lr:0.0001295	 Mean_Total:0.6399263
2021-09-19 09:50:12,521 -  7095 / 11829 (059%):	 Total:0.7990065	 Acc:0.2500000	 lr:0.0001291	 Mean_Total:0.6396991
2021-09-19 09:52:49,104 -  9460 / 11829 (079%):	 Total:0.9832426	 Acc:0.1875000	 lr:0.0001288	 Mean_Total:0.6393022
2021-09-19 09:55:27,301 - 11825 / 11829 (099%):	 Total:0.5263072	 Acc:0.2812500	 lr:0.0001285	 Mean_Total:0.6377529
2021-09-19 09:55:27,788 - ===============================| start validation |===============================
2021-09-19 09:56:37,773 - 	 Total:0.6076609	 Acc:0.2013466
2021-09-19 09:56:37,778 -    ini file updated    
2021-09-19 09:56:37,779 - ===============================|    epoch 40   |===============================
2021-09-19 09:56:39,231 -     0 / 11829 (000%):	 Total:0.8962023	 Acc:0.2187500	 lr:0.0001285	 Mean_Total:0.8962023
2021-09-19 09:59:27,797 -  2365 / 11829 (019%):	 Total:0.8030435	 Acc:0.2187500	 lr:0.0001282	 Mean_Total:0.6398005
2021-09-19 10:02:23,266 -  4730 / 11829 (039%):	 Total:0.6129237	 Acc:0.1562500	 lr:0.0001279	 Mean_Total:0.6389123
2021-09-19 10:05:15,031 -  7095 / 11829 (059%):	 Total:0.3825049	 Acc:0.3437500	 lr:0.0001275	 Mean_Total:0.6391398
2021-09-19 10:07:49,117 -  9460 / 11829 (079%):	 Total:0.2731205	 Acc:0.2187500	 lr:0.0001272	 Mean_Total:0.6382990
2021-09-19 10:10:30,462 - 11825 / 11829 (099%):	 Total:0.9900738	 Acc:0.1562500	 lr:0.0001269	 Mean_Total:0.6377077
2021-09-19 10:10:30,957 - ===============================| start validation |===============================
2021-09-19 10:11:37,772 - 	 Total:0.6113909	 Acc:0.2037099
2021-09-19 10:11:37,777 -    ini file updated    
2021-09-19 10:11:37,777 - ===============================|    epoch 41   |===============================
2021-09-19 10:11:39,074 -     0 / 11829 (000%):	 Total:0.6241242	 Acc:0.1562500	 lr:0.0001269	 Mean_Total:0.6241242
2021-09-19 10:14:31,419 -  2365 / 11829 (019%):	 Total:0.8607495	 Acc:0.1875000	 lr:0.0001266	 Mean_Total:0.6338651
2021-09-19 10:17:28,484 -  4730 / 11829 (039%):	 Total:0.5518963	 Acc:0.1250000	 lr:0.0001263	 Mean_Total:0.6359062
2021-09-19 10:20:28,153 -  7095 / 11829 (059%):	 Total:0.4175199	 Acc:0.1875000	 lr:0.0001260	 Mean_Total:0.6364313
2021-09-19 10:23:04,910 -  9460 / 11829 (079%):	 Total:0.6471197	 Acc:0.1875000	 lr:0.0001257	 Mean_Total:0.6367866
2021-09-19 10:25:44,647 - 11825 / 11829 (099%):	 Total:0.5066825	 Acc:0.1562500	 lr:0.0001254	 Mean_Total:0.6374339
2021-09-19 10:25:45,046 - ===============================| start validation |===============================
2021-09-19 10:26:52,114 - 	 Total:0.6080942	 Acc:0.2013070
2021-09-19 10:26:52,120 -    ini file updated    
2021-09-19 10:26:52,121 - ===============================|    epoch 42   |===============================
2021-09-19 10:26:53,600 -     0 / 11829 (000%):	 Total:0.8827555	 Acc:0.1250000	 lr:0.0001254	 Mean_Total:0.8827555
2021-09-19 10:29:46,738 -  2365 / 11829 (019%):	 Total:0.8516178	 Acc:0.1562500	 lr:0.0001251	 Mean_Total:0.6375757
2021-09-19 10:32:40,922 -  4730 / 11829 (039%):	 Total:0.4493791	 Acc:0.2500000	 lr:0.0001248	 Mean_Total:0.6372965
2021-09-19 10:35:29,012 -  7095 / 11829 (059%):	 Total:0.6336565	 Acc:0.1875000	 lr:0.0001245	 Mean_Total:0.6373285
2021-09-19 10:38:05,177 -  9460 / 11829 (079%):	 Total:0.7744247	 Acc:0.1875000	 lr:0.0001242	 Mean_Total:0.6378203
2021-09-19 10:40:49,180 - 11825 / 11829 (099%):	 Total:0.5726525	 Acc:0.1875000	 lr:0.0001239	 Mean_Total:0.6386878
2021-09-19 10:40:49,660 - ===============================| start validation |===============================
2021-09-19 10:42:00,037 - 	 Total:0.6076172	 Acc:0.2014285
2021-09-19 10:42:00,054 -    ini file updated    
2021-09-19 10:42:00,055 - ===============================|    epoch 43   |===============================
2021-09-19 10:42:01,660 -     0 / 11829 (000%):	 Total:0.6671184	 Acc:0.2812500	 lr:0.0001239	 Mean_Total:0.6671184
2021-09-19 10:44:50,901 -  2365 / 11829 (019%):	 Total:0.7562658	 Acc:0.1250000	 lr:0.0001236	 Mean_Total:0.6399421
2021-09-19 10:47:42,495 -  4730 / 11829 (039%):	 Total:0.5645493	 Acc:0.3437500	 lr:0.0001234	 Mean_Total:0.6343025
2021-09-19 10:50:28,637 -  7095 / 11829 (059%):	 Total:0.4618943	 Acc:0.2812500	 lr:0.0001231	 Mean_Total:0.6347738
2021-09-19 10:53:04,144 -  9460 / 11829 (079%):	 Total:0.8461151	 Acc:0.2500000	 lr:0.0001228	 Mean_Total:0.6365787
2021-09-19 10:55:43,014 - 11825 / 11829 (099%):	 Total:0.5496545	 Acc:0.2500000	 lr:0.0001225	 Mean_Total:0.6368611
2021-09-19 10:55:43,456 - ===============================| start validation |===============================
2021-09-19 10:56:52,844 - 	 Total:0.6072610	 Acc:0.2013678
2021-09-19 10:56:52,849 -    ini file updated    
2021-09-19 10:56:52,849 - ===============================|    epoch 44   |===============================
2021-09-19 10:56:54,255 -     0 / 11829 (000%):	 Total:0.3699968	 Acc:0.1875000	 lr:0.0001225	 Mean_Total:0.3699968
2021-09-19 10:59:43,974 -  2365 / 11829 (019%):	 Total:0.6282501	 Acc:0.2500000	 lr:0.0001222	 Mean_Total:0.6398682
2021-09-19 11:02:31,663 -  4730 / 11829 (039%):	 Total:0.4486710	 Acc:0.2812500	 lr:0.0001220	 Mean_Total:0.6399664
2021-09-19 11:05:18,970 -  7095 / 11829 (059%):	 Total:0.7960225	 Acc:0.1562500	 lr:0.0001217	 Mean_Total:0.6386397
2021-09-19 11:07:54,829 -  9460 / 11829 (079%):	 Total:0.6696562	 Acc:0.0937500	 lr:0.0001214	 Mean_Total:0.6373809
2021-09-19 11:10:39,776 - 11825 / 11829 (099%):	 Total:0.7515249	 Acc:0.2187500	 lr:0.0001211	 Mean_Total:0.6379552
2021-09-19 11:10:40,194 - ===============================| start validation |===============================
2021-09-19 11:11:49,554 - 	 Total:0.6064094	 Acc:0.2003327
2021-09-19 11:11:49,559 -    ini file updated    
2021-09-19 11:11:49,563 - ===============================|    epoch 45   |===============================
2021-09-19 11:11:50,957 -     0 / 11829 (000%):	 Total:0.5629611	 Acc:0.2187500	 lr:0.0001211	 Mean_Total:0.5629611
2021-09-19 11:14:42,112 -  2365 / 11829 (019%):	 Total:0.5179136	 Acc:0.2187500	 lr:0.0001209	 Mean_Total:0.6360436
2021-09-19 11:17:33,336 -  4730 / 11829 (039%):	 Total:0.7435634	 Acc:0.1562500	 lr:0.0001206	 Mean_Total:0.6361154
2021-09-19 11:20:16,730 -  7095 / 11829 (059%):	 Total:0.5120465	 Acc:0.3125000	 lr:0.0001203	 Mean_Total:0.6358123
2021-09-19 11:22:57,823 -  9460 / 11829 (079%):	 Total:0.5409021	 Acc:0.1250000	 lr:0.0001201	 Mean_Total:0.6370701
2021-09-19 11:25:45,942 - 11825 / 11829 (099%):	 Total:0.4486830	 Acc:0.2187500	 lr:0.0001198	 Mean_Total:0.6365564
2021-09-19 11:25:46,376 - ===============================| start validation |===============================
2021-09-19 11:26:57,165 - 	 Total:0.6055384	 Acc:0.2015447
2021-09-19 11:26:57,171 -    ini file updated    
2021-09-19 11:26:57,198 - Snapshot saved to /data/users/wergillius/UTR_VAE/pth/RL_gru_MTL/vleng_pretrain/vleng-model_best_cv5.pth

2021-09-19 11:26:57,199 -    ini file updated    
2021-09-19 11:26:57,199 - ===============================|    epoch 46   |===============================
2021-09-19 11:26:58,641 -     0 / 11829 (000%):	 Total:0.6539254	 Acc:0.2812500	 lr:0.0001198	 Mean_Total:0.6539254
2021-09-19 11:29:33,633 -  2365 / 11829 (019%):	 Total:0.8000363	 Acc:0.2187500	 lr:0.0001196	 Mean_Total:0.6296361
2021-09-19 11:32:16,416 -  4730 / 11829 (039%):	 Total:0.5866973	 Acc:0.1562500	 lr:0.0001193	 Mean_Total:0.6325475
2021-09-19 11:34:52,865 -  7095 / 11829 (059%):	 Total:0.6322122	 Acc:0.0937500	 lr:0.0001190	 Mean_Total:0.6347268
2021-09-19 11:37:15,876 -  9460 / 11829 (079%):	 Total:0.8718428	 Acc:0.2500000	 lr:0.0001188	 Mean_Total:0.6367361
2021-09-19 11:39:50,981 - 11825 / 11829 (099%):	 Total:0.6462955	 Acc:0.1250000	 lr:0.0001185	 Mean_Total:0.6359919
2021-09-19 11:39:51,503 - ===============================| start validation |===============================
2021-09-19 11:41:01,661 - 	 Total:0.6073684	 Acc:0.2016899
2021-09-19 11:41:01,668 -    ini file updated    
2021-09-19 11:41:01,668 - ===============================|    epoch 47   |===============================
2021-09-19 11:41:03,103 -     0 / 11829 (000%):	 Total:0.6502241	 Acc:0.1875000	 lr:0.0001185	 Mean_Total:0.6502241
2021-09-19 11:43:38,967 -  2365 / 11829 (019%):	 Total:0.6289952	 Acc:0.2812500	 lr:0.0001183	 Mean_Total:0.6342380
2021-09-19 11:46:16,398 -  4730 / 11829 (039%):	 Total:0.6467229	 Acc:0.1875000	 lr:0.0001180	 Mean_Total:0.6375381
2021-09-19 11:48:54,564 -  7095 / 11829 (059%):	 Total:0.7779413	 Acc:0.0312500	 lr:0.0001178	 Mean_Total:0.6374117
2021-09-19 11:51:17,563 -  9460 / 11829 (079%):	 Total:0.4766203	 Acc:0.1250000	 lr:0.0001175	 Mean_Total:0.6377437
2021-09-19 11:53:55,289 - 11825 / 11829 (099%):	 Total:0.5104082	 Acc:0.0937500	 lr:0.0001173	 Mean_Total:0.6367232
2021-09-19 11:53:55,809 - ===============================| start validation |===============================
2021-09-19 11:55:07,525 - 	 Total:0.6147330	 Acc:0.2052915
2021-09-19 11:55:07,529 -    ini file updated    
2021-09-19 11:55:07,547 - Snapshot saved to /data/users/wergillius/UTR_VAE/pth/RL_gru_MTL/vleng_pretrain/vleng-model_best_cv5.pth

2021-09-19 11:55:07,548 -    ini file updated    
2021-09-19 11:55:07,548 - ===============================|    epoch 48   |===============================
2021-09-19 11:55:09,024 -     0 / 11829 (000%):	 Total:0.8239247	 Acc:0.1875000	 lr:0.0001173	 Mean_Total:0.8239247
2021-09-19 11:57:44,461 -  2365 / 11829 (019%):	 Total:0.5530853	 Acc:0.1250000	 lr:0.0001171	 Mean_Total:0.6388255
2021-09-19 12:00:18,321 -  4730 / 11829 (039%):	 Total:0.7396073	 Acc:0.1562500	 lr:0.0001168	 Mean_Total:0.6386739
2021-09-19 12:02:57,020 -  7095 / 11829 (059%):	 Total:0.4444753	 Acc:0.2187500	 lr:0.0001166	 Mean_Total:0.6370690
2021-09-19 12:05:18,347 -  9460 / 11829 (079%):	 Total:0.5578564	 Acc:0.2187500	 lr:0.0001163	 Mean_Total:0.6376637
2021-09-19 12:07:59,662 - 11825 / 11829 (099%):	 Total:0.5177343	 Acc:0.1875000	 lr:0.0001161	 Mean_Total:0.6372968
2021-09-19 12:08:00,105 - ===============================| start validation |===============================
2021-09-19 12:09:10,066 - 	 Total:0.6088158	 Acc:0.2034485
2021-09-19 12:09:10,072 -    ini file updated    
2021-09-19 12:09:10,072 - ===============================|    epoch 49   |===============================
2021-09-19 12:09:11,482 -     0 / 11829 (000%):	 Total:0.6224806	 Acc:0.1562500	 lr:0.0001161	 Mean_Total:0.6224806
2021-09-19 12:11:47,615 -  2365 / 11829 (019%):	 Total:0.5762143	 Acc:0.1250000	 lr:0.0001159	 Mean_Total:0.6355745
2021-09-19 12:14:20,292 -  4730 / 11829 (039%):	 Total:0.5993326	 Acc:0.2812500	 lr:0.0001156	 Mean_Total:0.6346921
2021-09-19 12:16:58,713 -  7095 / 11829 (059%):	 Total:0.5516374	 Acc:0.1250000	 lr:0.0001154	 Mean_Total:0.6369083
2021-09-19 12:19:23,288 -  9460 / 11829 (079%):	 Total:0.5065767	 Acc:0.0625000	 lr:0.0001152	 Mean_Total:0.6367764
2021-09-19 12:22:01,747 - 11825 / 11829 (099%):	 Total:0.8823637	 Acc:0.1562500	 lr:0.0001149	 Mean_Total:0.6363603
2021-09-19 12:22:02,248 - ===============================| start validation |===============================
2021-09-19 12:23:11,917 - 	 Total:0.6057540	 Acc:0.2024979
2021-09-19 12:23:11,921 -    ini file updated    
2021-09-19 12:23:11,921 - ===============================|    epoch 50   |===============================
2021-09-19 12:23:13,266 -     0 / 11829 (000%):	 Total:0.7813287	 Acc:0.2812500	 lr:0.0001149	 Mean_Total:0.7813287
2021-09-19 12:25:46,783 -  2365 / 11829 (019%):	 Total:0.5114291	 Acc:0.2812500	 lr:0.0001147	 Mean_Total:0.6333644
2021-09-19 12:28:24,705 -  4730 / 11829 (039%):	 Total:0.5678834	 Acc:0.2187500	 lr:0.0001145	 Mean_Total:0.6339091
2021-09-19 12:31:02,625 -  7095 / 11829 (059%):	 Total:0.8185755	 Acc:0.1250000	 lr:0.0001142	 Mean_Total:0.6365904
2021-09-19 12:33:37,324 -  9460 / 11829 (079%):	 Total:0.5369877	 Acc:0.1562500	 lr:0.0001140	 Mean_Total:0.6354364
2021-09-19 12:36:11,883 - 11825 / 11829 (099%):	 Total:0.6527129	 Acc:0.2500000	 lr:0.0001138	 Mean_Total:0.6363150
2021-09-19 12:36:12,352 - ===============================| start validation |===============================
2021-09-19 12:37:22,435 - 	 Total:0.6057705	 Acc:0.2001584
2021-09-19 12:37:22,440 -    ini file updated    
2021-09-19 12:37:22,440 - ===============================|    epoch 51   |===============================
2021-09-19 12:37:24,135 -     0 / 11829 (000%):	 Total:0.4482782	 Acc:0.3437500	 lr:0.0001138	 Mean_Total:0.4482782
2021-09-19 12:39:58,486 -  2365 / 11829 (019%):	 Total:0.7939568	 Acc:0.1562500	 lr:0.0001136	 Mean_Total:0.6326928
2021-09-19 12:42:36,022 -  4730 / 11829 (039%):	 Total:0.6190927	 Acc:0.1562500	 lr:0.0001134	 Mean_Total:0.6326461
2021-09-19 12:45:06,847 -  7095 / 11829 (059%):	 Total:0.5988600	 Acc:0.1875000	 lr:0.0001131	 Mean_Total:0.6332551
2021-09-19 12:47:27,762 -  9460 / 11829 (079%):	 Total:0.5381758	 Acc:0.0937500	 lr:0.0001129	 Mean_Total:0.6348449
2021-09-19 12:49:37,796 - 11825 / 11829 (099%):	 Total:0.6072167	 Acc:0.2187500	 lr:0.0001127	 Mean_Total:0.6360182
2021-09-19 12:49:38,278 - ===============================| start validation |===============================
2021-09-19 12:50:37,229 - 	 Total:0.6062577	 Acc:0.2005123
2021-09-19 12:50:37,234 -    ini file updated    
2021-09-19 12:50:37,234 - ===============================|    epoch 52   |===============================
2021-09-19 12:50:38,470 -     0 / 11829 (000%):	 Total:0.4474992	 Acc:0.1875000	 lr:0.0001127	 Mean_Total:0.4474992
2021-09-19 12:52:51,657 -  2365 / 11829 (019%):	 Total:0.5355329	 Acc:0.3125000	 lr:0.0001125	 Mean_Total:0.6404386
2021-09-19 12:55:06,502 -  4730 / 11829 (039%):	 Total:0.5545279	 Acc:0.2187500	 lr:0.0001123	 Mean_Total:0.6376324
2021-09-19 12:57:27,386 -  7095 / 11829 (059%):	 Total:0.7047448	 Acc:0.1562500	 lr:0.0001121	 Mean_Total:0.6387302
2021-09-19 12:59:46,594 -  9460 / 11829 (079%):	 Total:0.8699363	 Acc:0.1250000	 lr:0.0001118	 Mean_Total:0.6377825
2021-09-19 13:02:01,505 - 11825 / 11829 (099%):	 Total:0.5463510	 Acc:0.1562500	 lr:0.0001116	 Mean_Total:0.6367837
2021-09-19 13:02:01,841 - ===============================| start validation |===============================
2021-09-19 13:02:57,210 - 	 Total:0.6112091	 Acc:0.2039950
2021-09-19 13:02:57,215 -    ini file updated    
2021-09-19 13:02:57,215 - ===============================|    epoch 53   |===============================
2021-09-19 13:02:58,548 -     0 / 11829 (000%):	 Total:0.6256790	 Acc:0.2187500	 lr:0.0001116	 Mean_Total:0.6256790
2021-09-19 13:05:16,989 -  2365 / 11829 (019%):	 Total:0.5162509	 Acc:0.2187500	 lr:0.0001114	 Mean_Total:0.6319695
2021-09-19 13:07:33,140 -  4730 / 11829 (039%):	 Total:0.7879031	 Acc:0.2812500	 lr:0.0001112	 Mean_Total:0.6334435
2021-09-19 13:09:55,110 -  7095 / 11829 (059%):	 Total:0.6646270	 Acc:0.1562500	 lr:0.0001110	 Mean_Total:0.6337741
2021-09-19 13:12:10,037 -  9460 / 11829 (079%):	 Total:0.3766715	 Acc:0.2187500	 lr:0.0001108	 Mean_Total:0.6360658
2021-09-19 13:14:36,947 - 11825 / 11829 (099%):	 Total:0.5509560	 Acc:0.2500000	 lr:0.0001106	 Mean_Total:0.6360145
2021-09-19 13:14:37,428 - ===============================| start validation |===============================
2021-09-19 13:15:29,759 - 	 Total:0.6086544	 Acc:0.2019038
2021-09-19 13:15:29,766 -    ini file updated    
2021-09-19 13:15:29,766 - ===============================|    epoch 54   |===============================
2021-09-19 13:15:30,940 -     0 / 11829 (000%):	 Total:0.8567303	 Acc:0.0937500	 lr:0.0001106	 Mean_Total:0.8567303
2021-09-19 13:17:17,687 -  2365 / 11829 (019%):	 Total:0.8530395	 Acc:0.2187500	 lr:0.0001104	 Mean_Total:0.6406065
2021-09-19 13:18:58,002 -  4730 / 11829 (039%):	 Total:1.0253903	 Acc:0.0937500	 lr:0.0001102	 Mean_Total:0.6377285
2021-09-19 13:20:30,193 -  7095 / 11829 (059%):	 Total:0.6691765	 Acc:0.1250000	 lr:0.0001100	 Mean_Total:0.6358414
2021-09-19 13:22:01,513 -  9460 / 11829 (079%):	 Total:0.6017395	 Acc:0.2500000	 lr:0.0001098	 Mean_Total:0.6345802
2021-09-19 13:23:33,864 - 11825 / 11829 (099%):	 Total:0.2949771	 Acc:0.4375000	 lr:0.0001096	 Mean_Total:0.6352125
2021-09-19 13:23:34,141 - ===============================| start validation |===============================
2021-09-19 13:23:51,336 - 	 Total:0.6074578	 Acc:0.2020939
2021-09-19 13:23:51,341 -    ini file updated    
2021-09-19 13:23:51,341 - ===============================|    epoch 55   |===============================
2021-09-19 13:23:52,525 -     0 / 11829 (000%):	 Total:0.3653677	 Acc:0.2812500	 lr:0.0001096	 Mean_Total:0.3653677
2021-09-19 13:25:24,307 -  2365 / 11829 (019%):	 Total:0.6824863	 Acc:0.2500000	 lr:0.0001094	 Mean_Total:0.6339112
2021-09-19 13:26:54,448 -  4730 / 11829 (039%):	 Total:0.5134733	 Acc:0.2500000	 lr:0.0001092	 Mean_Total:0.6328481
2021-09-19 13:28:23,627 -  7095 / 11829 (059%):	 Total:0.6581910	 Acc:0.3125000	 lr:0.0001090	 Mean_Total:0.6343024
2021-09-19 13:29:51,097 -  9460 / 11829 (079%):	 Total:0.7227462	 Acc:0.1875000	 lr:0.0001088	 Mean_Total:0.6350501
2021-09-19 13:31:14,424 - 11825 / 11829 (099%):	 Total:0.6673779	 Acc:0.2500000	 lr:0.0001086	 Mean_Total:0.6355315
2021-09-19 13:31:14,609 - ===============================| start validation |===============================
2021-09-19 13:31:29,627 - 	 Total:0.6059096	 Acc:0.2013229
2021-09-19 13:31:29,630 -    ini file updated    
2021-09-19 13:31:29,630 - ===============================|    epoch 56   |===============================
2021-09-19 13:31:30,568 -     0 / 11829 (000%):	 Total:0.3773862	 Acc:0.1875000	 lr:0.0001086	 Mean_Total:0.3773862
2021-09-19 13:32:56,025 -  2365 / 11829 (019%):	 Total:0.5207798	 Acc:0.2187500	 lr:0.0001084	 Mean_Total:0.6403242
2021-09-19 13:34:15,251 -  4730 / 11829 (039%):	 Total:0.4515945	 Acc:0.1875000	 lr:0.0001082	 Mean_Total:0.6393447
2021-09-19 13:35:32,607 -  7095 / 11829 (059%):	 Total:0.3569747	 Acc:0.2812500	 lr:0.0001080	 Mean_Total:0.6398748
2021-09-19 13:36:47,924 -  9460 / 11829 (079%):	 Total:0.3738399	 Acc:0.2187500	 lr:0.0001078	 Mean_Total:0.6364323
2021-09-19 13:38:04,286 - 11825 / 11829 (099%):	 Total:0.7761456	 Acc:0.2187500	 lr:0.0001076	 Mean_Total:0.6360250
2021-09-19 13:38:04,488 - ===============================| start validation |===============================
2021-09-19 13:38:18,675 - 	 Total:0.6077522	 Acc:0.2021150
2021-09-19 13:38:18,678 -    ini file updated    
2021-09-19 13:38:18,678 - ===============================|    epoch 57   |===============================
2021-09-19 13:38:19,587 -     0 / 11829 (000%):	 Total:0.5536149	 Acc:0.1875000	 lr:0.0001076	 Mean_Total:0.5536149
2021-09-19 13:39:35,541 -  2365 / 11829 (019%):	 Total:0.8254589	 Acc:0.3437500	 lr:0.0001075	 Mean_Total:0.6420907
2021-09-19 13:40:46,003 -  4730 / 11829 (039%):	 Total:0.6959456	 Acc:0.1562500	 lr:0.0001073	 Mean_Total:0.6369041
2021-09-19 13:41:58,863 -  7095 / 11829 (059%):	 Total:0.4023688	 Acc:0.2187500	 lr:0.0001071	 Mean_Total:0.6367853
2021-09-19 13:43:11,481 -  9460 / 11829 (079%):	 Total:1.0044816	 Acc:0.1250000	 lr:0.0001069	 Mean_Total:0.6348075
2021-09-19 13:44:27,609 - 11825 / 11829 (099%):	 Total:0.8792050	 Acc:0.1875000	 lr:0.0001067	 Mean_Total:0.6351556
2021-09-19 13:44:27,832 - ===============================| start validation |===============================
2021-09-19 13:44:41,633 - 	 Total:0.6079556	 Acc:0.2022734
2021-09-19 13:44:41,638 -    ini file updated    
2021-09-19 13:44:41,638 - ===============================|    epoch 58   |===============================
2021-09-19 13:44:42,450 -     0 / 11829 (000%):	 Total:0.6350664	 Acc:0.0937500	 lr:0.0001067	 Mean_Total:0.6350664
2021-09-19 13:45:55,573 -  2365 / 11829 (019%):	 Total:0.5469854	 Acc:0.1875000	 lr:0.0001065	 Mean_Total:0.6357088
2021-09-19 13:47:09,213 -  4730 / 11829 (039%):	 Total:0.6875858	 Acc:0.2500000	 lr:0.0001063	 Mean_Total:0.6367025
2021-09-19 13:48:20,517 -  7095 / 11829 (059%):	 Total:1.2443902	 Acc:0.1562500	 lr:0.0001062	 Mean_Total:0.6376096
2021-09-19 13:49:33,058 -  9460 / 11829 (079%):	 Total:0.5232565	 Acc:0.2812500	 lr:0.0001060	 Mean_Total:0.6373256
2021-09-19 13:50:48,144 - 11825 / 11829 (099%):	 Total:0.5600205	 Acc:0.1562500	 lr:0.0001058	 Mean_Total:0.6358864
2021-09-19 13:50:48,348 - ===============================| start validation |===============================
2021-09-19 13:51:02,612 - 	 Total:0.6045795	 Acc:0.2023289
2021-09-19 13:51:02,617 -    ini file updated    
2021-09-19 13:51:02,633 - Snapshot saved to /data/users/wergillius/UTR_VAE/pth/RL_gru_MTL/vleng_pretrain/vleng-model_best_cv5.pth

2021-09-19 13:51:02,634 -    ini file updated    
2021-09-19 13:51:02,634 - ===============================|    epoch 59   |===============================
2021-09-19 13:51:03,466 -     0 / 11829 (000%):	 Total:0.7562573	 Acc:0.2187500	 lr:0.0001058	 Mean_Total:0.7562573
2021-09-19 13:52:16,500 -  2365 / 11829 (019%):	 Total:0.3893647	 Acc:0.2812500	 lr:0.0001056	 Mean_Total:0.6370739
2021-09-19 13:53:24,863 -  4730 / 11829 (039%):	 Total:0.6687881	 Acc:0.1562500	 lr:0.0001054	 Mean_Total:0.6372679
2021-09-19 13:54:26,701 -  7095 / 11829 (059%):	 Total:0.5628345	 Acc:0.1875000	 lr:0.0001053	 Mean_Total:0.6364604
2021-09-19 13:55:26,632 -  9460 / 11829 (079%):	 Total:0.6970440	 Acc:0.0937500	 lr:0.0001051	 Mean_Total:0.6363973
2021-09-19 13:56:28,992 - 11825 / 11829 (099%):	 Total:0.3141329	 Acc:0.2500000	 lr:0.0001049	 Mean_Total:0.6354195
2021-09-19 13:56:29,155 - ===============================| start validation |===============================
2021-09-19 13:56:41,099 - 	 Total:0.6044275	 Acc:0.2017137
2021-09-19 13:56:41,103 -    ini file updated    
2021-09-19 13:56:41,121 - Snapshot saved to /data/users/wergillius/UTR_VAE/pth/RL_gru_MTL/vleng_pretrain/vleng-model_best_cv5.pth

2021-09-19 13:56:41,122 -    ini file updated    
2021-09-19 13:56:41,122 - ===============================|    epoch 60   |===============================
2021-09-19 13:56:41,834 -     0 / 11829 (000%):	 Total:0.4541802	 Acc:0.3125000	 lr:0.0001049	 Mean_Total:0.4541802
2021-09-19 13:57:45,846 -  2365 / 11829 (019%):	 Total:0.5683523	 Acc:0.1562500	 lr:0.0001047	 Mean_Total:0.6407931
2021-09-19 13:58:49,462 -  4730 / 11829 (039%):	 Total:0.6342881	 Acc:0.1562500	 lr:0.0001046	 Mean_Total:0.6359148
2021-09-19 13:59:53,525 -  7095 / 11829 (059%):	 Total:0.6036720	 Acc:0.2187500	 lr:0.0001044	 Mean_Total:0.6365526
2021-09-19 14:00:56,074 -  9460 / 11829 (079%):	 Total:0.5664589	 Acc:0.1562500	 lr:0.0001042	 Mean_Total:0.6341798
2021-09-19 14:01:57,995 - 11825 / 11829 (099%):	 Total:0.4549822	 Acc:0.2500000	 lr:0.0001041	 Mean_Total:0.6350042
2021-09-19 14:01:58,135 - ===============================| start validation |===============================
2021-09-19 14:02:09,106 - 	 Total:0.6058725	 Acc:0.2030233
2021-09-19 14:02:09,110 -    ini file updated    
