2021-09-19 14:31:11,987 -   	 	 ==============<<< device used: cuda:0  >>>============== 	 	 
2021-09-19 14:31:15,475 -  	 	 ==============<<< encoder load from >>>============== 	 	 
2021-09-19 14:31:15,476 -  	/data/users/wergillius/UTR_VAE/pth/RL_gru_MTL/ds4rl_vleng_new/schdule_cv-model_best.pth
2021-09-19 14:33:58,168 -   	 	 ==============<<< device used: cuda:3  >>>============== 	 	 
2021-09-19 14:33:59,841 -  	 	 ==============<<< encoder load from >>>============== 	 	 
2021-09-19 14:33:59,841 -  	/data/users/wergillius/UTR_VAE/pth/RL_gru_MTL/ds4rl_vleng_new/schdule_cv-model_best.pth
2021-09-19 14:34:07,356 -  	 	 ==============<<< ['soft_share'] part is fixed>>>============== 	 	 

2021-09-19 14:34:07,357 - ===============================|    epoch 0   |===============================
2021-09-19 14:34:08,535 -     0 / 11829 (000%):	 Total:34.8578110	 Acc:0.0000000	 lr:0.0009882	 Mean_Total:34.8578110
2021-09-19 14:36:27,257 -  2365 / 11829 (019%):	 Total:0.7533112	 Acc:0.1875000	 lr:0.0018171	 Mean_Total:0.8946746
2021-09-19 14:38:41,661 -  4730 / 11829 (039%):	 Total:0.6685541	 Acc:0.1875000	 lr:0.0012850	 Mean_Total:0.8087070
2021-09-19 14:40:55,521 -  7095 / 11829 (059%):	 Total:0.8584206	 Acc:0.1875000	 lr:0.0010493	 Mean_Total:0.7712435
2021-09-19 14:43:11,823 -  9460 / 11829 (079%):	 Total:0.3417539	 Acc:0.2187500	 lr:0.0009087	 Mean_Total:0.7473740
2021-09-19 14:45:24,543 - 11825 / 11829 (099%):	 Total:1.0080225	 Acc:0.2187500	 lr:0.0008128	 Mean_Total:0.7334633
2021-09-19 14:45:24,818 - ===============================| start validation |===============================
2021-09-19 14:45:49,703 - 	 Total:0.6428987	 Acc:0.1990494
2021-09-19 14:45:49,708 -    ini file updated    
2021-09-19 14:45:49,723 - Snapshot saved to /data/users/wergillius/UTR_VAE/pth/RL_gru_MTL/vleng_pretrain/vleng-model_best_cv8.pth

2021-09-19 14:45:49,724 -    ini file updated    
2021-09-19 14:45:49,724 - ===============================|    epoch 1   |===============================
2021-09-19 14:45:50,839 -     0 / 11829 (000%):	 Total:0.3578144	 Acc:0.2812500	 lr:0.0008126	 Mean_Total:0.3578144
2021-09-19 14:48:04,210 -  2365 / 11829 (019%):	 Total:0.4555775	 Acc:0.2500000	 lr:0.0007419	 Mean_Total:0.6660448
2021-09-19 14:50:19,887 -  4730 / 11829 (039%):	 Total:0.4836909	 Acc:0.2500000	 lr:0.0006869	 Mean_Total:0.6658308
2021-09-19 14:52:32,562 -  7095 / 11829 (059%):	 Total:0.8092349	 Acc:0.2812500	 lr:0.0006425	 Mean_Total:0.6649811
2021-09-19 14:54:51,490 -  9460 / 11829 (079%):	 Total:1.0332763	 Acc:0.2500000	 lr:0.0006058	 Mean_Total:0.6649132
2021-09-19 14:57:04,929 - 11825 / 11829 (099%):	 Total:0.6458077	 Acc:0.0937500	 lr:0.0005747	 Mean_Total:0.6641501
2021-09-19 14:57:05,242 - ===============================| start validation |===============================
2021-09-19 14:57:30,578 - 	 Total:0.6376335	 Acc:0.1993821
2021-09-19 14:57:30,584 -    ini file updated    
2021-09-19 14:57:30,604 - Snapshot saved to /data/users/wergillius/UTR_VAE/pth/RL_gru_MTL/vleng_pretrain/vleng-model_best_cv8.pth

2021-09-19 14:57:30,605 -    ini file updated    
2021-09-19 14:57:30,605 - ===============================|    epoch 2   |===============================
2021-09-19 14:57:31,881 -     0 / 11829 (000%):	 Total:0.8295991	 Acc:0.3125000	 lr:0.0005746	 Mean_Total:0.8295991
2021-09-19 14:59:52,181 -  2365 / 11829 (019%):	 Total:0.5833603	 Acc:0.2187500	 lr:0.0005479	 Mean_Total:0.6600936
2021-09-19 15:02:11,099 -  4730 / 11829 (039%):	 Total:0.6561351	 Acc:0.1875000	 lr:0.0005246	 Mean_Total:0.6572965
2021-09-19 15:04:32,667 -  7095 / 11829 (059%):	 Total:0.9482076	 Acc:0.0937500	 lr:0.0005040	 Mean_Total:0.6572196
2021-09-19 15:06:46,484 -  9460 / 11829 (079%):	 Total:0.7052346	 Acc:0.1562500	 lr:0.0004857	 Mean_Total:0.6567140
2021-09-19 15:08:56,546 - 11825 / 11829 (099%):	 Total:0.7465771	 Acc:0.1562500	 lr:0.0004692	 Mean_Total:0.6575829
2021-09-19 15:08:56,790 - ===============================| start validation |===============================
2021-09-19 15:09:20,552 - 	 Total:0.6322614	 Acc:0.2006654
2021-09-19 15:09:20,555 -    ini file updated    
2021-09-19 15:09:20,569 - Snapshot saved to /data/users/wergillius/UTR_VAE/pth/RL_gru_MTL/vleng_pretrain/vleng-model_best_cv8.pth

2021-09-19 15:09:20,570 -    ini file updated    
2021-09-19 15:09:20,570 - ===============================|    epoch 3   |===============================
2021-09-19 15:09:21,631 -     0 / 11829 (000%):	 Total:0.5786630	 Acc:0.1562500	 lr:0.0004692	 Mean_Total:0.5786630
2021-09-19 15:11:33,908 -  2365 / 11829 (019%):	 Total:0.6013997	 Acc:0.1250000	 lr:0.0004543	 Mean_Total:0.6571830
2021-09-19 15:13:45,996 -  4730 / 11829 (039%):	 Total:0.7573232	 Acc:0.1875000	 lr:0.0004407	 Mean_Total:0.6558771
2021-09-19 15:16:03,588 -  7095 / 11829 (059%):	 Total:0.8656194	 Acc:0.1562500	 lr:0.0004283	 Mean_Total:0.6544689
2021-09-19 15:18:13,572 -  9460 / 11829 (079%):	 Total:0.5606841	 Acc:0.3125000	 lr:0.0004169	 Mean_Total:0.6533802
2021-09-19 15:20:23,675 - 11825 / 11829 (099%):	 Total:0.4441537	 Acc:0.3125000	 lr:0.0004064	 Mean_Total:0.6532883
2021-09-19 15:20:23,903 - ===============================| start validation |===============================
2021-09-19 15:20:47,786 - 	 Total:0.6283243	 Acc:0.1985979
2021-09-19 15:20:47,793 -    ini file updated    
2021-09-19 15:20:47,813 - Snapshot saved to /data/users/wergillius/UTR_VAE/pth/RL_gru_MTL/vleng_pretrain/vleng-model_best_cv8.pth

2021-09-19 15:20:47,814 -    ini file updated    
2021-09-19 15:20:47,814 - ===============================|    epoch 4   |===============================
2021-09-19 15:20:49,030 -     0 / 11829 (000%):	 Total:0.9990535	 Acc:0.2500000	 lr:0.0004063	 Mean_Total:0.9990535
2021-09-19 15:23:04,088 -  2365 / 11829 (019%):	 Total:0.5746914	 Acc:0.3125000	 lr:0.0003965	 Mean_Total:0.6433550
2021-09-19 15:25:19,000 -  4730 / 11829 (039%):	 Total:0.5197616	 Acc:0.2812500	 lr:0.0003874	 Mean_Total:0.6487504
2021-09-19 15:27:33,428 -  7095 / 11829 (059%):	 Total:1.0234666	 Acc:0.1875000	 lr:0.0003789	 Mean_Total:0.6513762
2021-09-19 15:29:45,296 -  9460 / 11829 (079%):	 Total:0.5687004	 Acc:0.1875000	 lr:0.0003709	 Mean_Total:0.6511661
2021-09-19 15:31:54,771 - 11825 / 11829 (099%):	 Total:0.5415231	 Acc:0.1875000	 lr:0.0003635	 Mean_Total:0.6517248
2021-09-19 15:31:55,032 - ===============================| start validation |===============================
2021-09-19 15:32:19,609 - 	 Total:0.6274276	 Acc:0.1995010
2021-09-19 15:32:19,614 -    ini file updated    
2021-09-19 15:32:19,635 - Snapshot saved to /data/users/wergillius/UTR_VAE/pth/RL_gru_MTL/vleng_pretrain/vleng-model_best_cv8.pth

2021-09-19 15:32:19,636 -    ini file updated    
2021-09-19 15:32:19,636 - ===============================|    epoch 5   |===============================
2021-09-19 15:32:20,786 -     0 / 11829 (000%):	 Total:0.8765433	 Acc:0.1875000	 lr:0.0003634	 Mean_Total:0.8765433
2021-09-19 15:34:39,181 -  2365 / 11829 (019%):	 Total:0.5044729	 Acc:0.2812500	 lr:0.0003564	 Mean_Total:0.6506807
2021-09-19 15:36:55,909 -  4730 / 11829 (039%):	 Total:0.4177221	 Acc:0.1562500	 lr:0.0003497	 Mean_Total:0.6495030
2021-09-19 15:39:13,729 -  7095 / 11829 (059%):	 Total:0.4915660	 Acc:0.2187500	 lr:0.0003434	 Mean_Total:0.6501838
2021-09-19 15:41:25,378 -  9460 / 11829 (079%):	 Total:0.7545772	 Acc:0.2187500	 lr:0.0003375	 Mean_Total:0.6507746
2021-09-19 15:43:38,422 - 11825 / 11829 (099%):	 Total:0.4316322	 Acc:0.3750000	 lr:0.0003318	 Mean_Total:0.6506458
2021-09-19 15:43:38,733 - ===============================| start validation |===============================
2021-09-19 15:44:00,116 - 	 Total:0.6263823	 Acc:0.2005941
2021-09-19 15:44:00,122 -    ini file updated    
2021-09-19 15:44:00,142 - Snapshot saved to /data/users/wergillius/UTR_VAE/pth/RL_gru_MTL/vleng_pretrain/vleng-model_best_cv8.pth

2021-09-19 15:44:00,143 -    ini file updated    
2021-09-19 15:44:00,143 - ===============================|    epoch 6   |===============================
2021-09-19 15:44:01,321 -     0 / 11829 (000%):	 Total:0.4557784	 Acc:0.2500000	 lr:0.0003318	 Mean_Total:0.4557784
2021-09-19 15:46:18,337 -  2365 / 11829 (019%):	 Total:0.6839572	 Acc:0.1875000	 lr:0.0003264	 Mean_Total:0.6478980
2021-09-19 15:48:38,551 -  4730 / 11829 (039%):	 Total:0.5129837	 Acc:0.2500000	 lr:0.0003212	 Mean_Total:0.6481172
2021-09-19 15:51:00,157 -  7095 / 11829 (059%):	 Total:0.3614911	 Acc:0.3437500	 lr:0.0003163	 Mean_Total:0.6487609
2021-09-19 15:53:18,270 -  9460 / 11829 (079%):	 Total:0.5107158	 Acc:0.1562500	 lr:0.0003117	 Mean_Total:0.6485603
2021-09-19 15:55:32,139 - 11825 / 11829 (099%):	 Total:0.6310182	 Acc:0.3750000	 lr:0.0003072	 Mean_Total:0.6484730
2021-09-19 15:55:32,457 - ===============================| start validation |===============================
2021-09-19 15:55:56,391 - 	 Total:0.6243272	 Acc:0.2004040
2021-09-19 15:55:56,396 -    ini file updated    
2021-09-19 15:55:56,416 - Snapshot saved to /data/users/wergillius/UTR_VAE/pth/RL_gru_MTL/vleng_pretrain/vleng-model_best_cv8.pth

2021-09-19 15:55:56,417 -    ini file updated    
2021-09-19 15:55:56,417 - ===============================|    epoch 7   |===============================
2021-09-19 15:55:57,732 -     0 / 11829 (000%):	 Total:0.7618479	 Acc:0.1875000	 lr:0.0003072	 Mean_Total:0.7618479
2021-09-19 15:58:13,248 -  2365 / 11829 (019%):	 Total:0.7768008	 Acc:0.1250000	 lr:0.0003029	 Mean_Total:0.6449053
2021-09-19 16:00:33,567 -  4730 / 11829 (039%):	 Total:0.4611259	 Acc:0.3750000	 lr:0.0002987	 Mean_Total:0.6474549
2021-09-19 16:02:47,998 -  7095 / 11829 (059%):	 Total:0.4873200	 Acc:0.1562500	 lr:0.0002948	 Mean_Total:0.6484692
2021-09-19 16:05:02,141 -  9460 / 11829 (079%):	 Total:0.6216086	 Acc:0.2187500	 lr:0.0002910	 Mean_Total:0.6482405
2021-09-19 16:07:11,352 - 11825 / 11829 (099%):	 Total:0.6751640	 Acc:0.0000000	 lr:0.0002873	 Mean_Total:0.6473063
2021-09-19 16:07:11,608 - ===============================| start validation |===============================
2021-09-19 16:07:36,731 - 	 Total:0.6231648	 Acc:0.2007605
2021-09-19 16:07:36,736 -    ini file updated    
2021-09-19 16:07:36,756 - Snapshot saved to /data/users/wergillius/UTR_VAE/pth/RL_gru_MTL/vleng_pretrain/vleng-model_best_cv8.pth

2021-09-19 16:07:36,757 -    ini file updated    
2021-09-19 16:07:36,757 - ===============================|    epoch 8   |===============================
2021-09-19 16:07:38,027 -     0 / 11829 (000%):	 Total:0.6873860	 Acc:0.3125000	 lr:0.0002873	 Mean_Total:0.6873860
2021-09-19 16:09:54,755 -  2365 / 11829 (019%):	 Total:0.4382621	 Acc:0.3125000	 lr:0.0002838	 Mean_Total:0.6464572
2021-09-19 16:12:07,128 -  4730 / 11829 (039%):	 Total:0.8932204	 Acc:0.0937500	 lr:0.0002804	 Mean_Total:0.6456517
2021-09-19 16:14:26,046 -  7095 / 11829 (059%):	 Total:0.7425233	 Acc:0.1562500	 lr:0.0002771	 Mean_Total:0.6488512
2021-09-19 16:16:40,801 -  9460 / 11829 (079%):	 Total:0.4910990	 Acc:0.0625000	 lr:0.0002740	 Mean_Total:0.6483669
2021-09-19 16:18:59,445 - 11825 / 11829 (099%):	 Total:0.4823242	 Acc:0.1562500	 lr:0.0002709	 Mean_Total:0.6470639
2021-09-19 16:18:59,694 - ===============================| start validation |===============================
2021-09-19 16:19:23,313 - 	 Total:0.6233676	 Acc:0.1995485
2021-09-19 16:19:23,318 -    ini file updated    
2021-09-19 16:19:23,318 - ===============================|    epoch 9   |===============================
2021-09-19 16:19:24,427 -     0 / 11829 (000%):	 Total:0.8402404	 Acc:0.1250000	 lr:0.0002709	 Mean_Total:0.8402404
2021-09-19 16:21:37,053 -  2365 / 11829 (019%):	 Total:0.6123067	 Acc:0.2187500	 lr:0.0002679	 Mean_Total:0.6502123
2021-09-19 16:23:53,339 -  4730 / 11829 (039%):	 Total:0.8390222	 Acc:0.1250000	 lr:0.0002651	 Mean_Total:0.6457838
2021-09-19 16:26:15,842 -  7095 / 11829 (059%):	 Total:0.7255482	 Acc:0.1875000	 lr:0.0002623	 Mean_Total:0.6469458
2021-09-19 16:28:40,417 -  9460 / 11829 (079%):	 Total:0.4851786	 Acc:0.1875000	 lr:0.0002596	 Mean_Total:0.6454372
2021-09-19 16:30:53,872 - 11825 / 11829 (099%):	 Total:0.7197021	 Acc:0.1250000	 lr:0.0002570	 Mean_Total:0.6455369
2021-09-19 16:30:54,147 - ===============================| start validation |===============================
2021-09-19 16:31:18,656 - 	 Total:0.6232841	 Acc:0.2014021
2021-09-19 16:31:18,661 -    ini file updated    
2021-09-19 16:31:18,681 - Snapshot saved to /data/users/wergillius/UTR_VAE/pth/RL_gru_MTL/vleng_pretrain/vleng-model_best_cv8.pth

2021-09-19 16:31:18,682 -    ini file updated    
2021-09-19 16:31:18,682 - ===============================|    epoch 10   |===============================
2021-09-19 16:31:20,019 -     0 / 11829 (000%):	 Total:0.6195049	 Acc:0.1562500	 lr:0.0002570	 Mean_Total:0.6195049
2021-09-19 16:33:36,065 -  2365 / 11829 (019%):	 Total:0.6365020	 Acc:0.1875000	 lr:0.0002545	 Mean_Total:0.6422314
2021-09-19 16:35:53,310 -  4730 / 11829 (039%):	 Total:0.4932926	 Acc:0.2812500	 lr:0.0002520	 Mean_Total:0.6457525
2021-09-19 16:38:07,232 -  7095 / 11829 (059%):	 Total:0.4367415	 Acc:0.1875000	 lr:0.0002496	 Mean_Total:0.6453388
2021-09-19 16:40:22,475 -  9460 / 11829 (079%):	 Total:0.5062199	 Acc:0.1250000	 lr:0.0002473	 Mean_Total:0.6450240
2021-09-19 16:42:38,820 - 11825 / 11829 (099%):	 Total:0.3058053	 Acc:0.2187500	 lr:0.0002450	 Mean_Total:0.6447161
2021-09-19 16:42:39,150 - ===============================| start validation |===============================
2021-09-19 16:43:10,870 - 	 Total:0.6248134	 Acc:0.2016397
2021-09-19 16:43:10,875 -    ini file updated    
2021-09-19 16:43:10,895 - Snapshot saved to /data/users/wergillius/UTR_VAE/pth/RL_gru_MTL/vleng_pretrain/vleng-model_best_cv8.pth

2021-09-19 16:43:10,897 -    ini file updated    
2021-09-19 16:43:10,897 - ===============================|    epoch 11   |===============================
2021-09-19 16:43:12,226 -     0 / 11829 (000%):	 Total:0.5254672	 Acc:0.2500000	 lr:0.0002450	 Mean_Total:0.5254672
2021-09-19 16:45:32,325 -  2365 / 11829 (019%):	 Total:0.7649446	 Acc:0.0937500	 lr:0.0002428	 Mean_Total:0.6460488
2021-09-19 16:47:46,855 -  4730 / 11829 (039%):	 Total:0.5782386	 Acc:0.1875000	 lr:0.0002407	 Mean_Total:0.6437109
2021-09-19 16:50:01,158 -  7095 / 11829 (059%):	 Total:0.6665348	 Acc:0.0937500	 lr:0.0002386	 Mean_Total:0.6456723
2021-09-19 16:52:21,089 -  9460 / 11829 (079%):	 Total:0.7236707	 Acc:0.1875000	 lr:0.0002366	 Mean_Total:0.6448786
2021-09-19 16:54:37,141 - 11825 / 11829 (099%):	 Total:0.6504028	 Acc:0.1562500	 lr:0.0002346	 Mean_Total:0.6442428
2021-09-19 16:54:37,434 - ===============================| start validation |===============================
2021-09-19 16:55:00,990 - 	 Total:0.6232577	 Acc:0.1998574
2021-09-19 16:55:00,993 -    ini file updated    
2021-09-19 16:55:00,993 - ===============================|    epoch 12   |===============================
2021-09-19 16:55:02,133 -     0 / 11829 (000%):	 Total:0.6702330	 Acc:0.2187500	 lr:0.0002346	 Mean_Total:0.6702330
2021-09-19 16:57:12,717 -  2365 / 11829 (019%):	 Total:0.5308088	 Acc:0.1875000	 lr:0.0002327	 Mean_Total:0.6436191
2021-09-19 16:59:25,832 -  4730 / 11829 (039%):	 Total:0.8661785	 Acc:0.2500000	 lr:0.0002308	 Mean_Total:0.6438935
2021-09-19 17:01:45,565 -  7095 / 11829 (059%):	 Total:0.6808202	 Acc:0.0625000	 lr:0.0002289	 Mean_Total:0.6435465
2021-09-19 17:04:05,168 -  9460 / 11829 (079%):	 Total:0.4290611	 Acc:0.1875000	 lr:0.0002272	 Mean_Total:0.6437486
2021-09-19 17:06:24,009 - 11825 / 11829 (099%):	 Total:0.6820778	 Acc:0.2500000	 lr:0.0002254	 Mean_Total:0.6435091
2021-09-19 17:06:24,314 - ===============================| start validation |===============================
2021-09-19 17:06:52,272 - 	 Total:0.6250168	 Acc:0.2019011
2021-09-19 17:06:52,276 -    ini file updated    
2021-09-19 17:06:52,293 - Snapshot saved to /data/users/wergillius/UTR_VAE/pth/RL_gru_MTL/vleng_pretrain/vleng-model_best_cv8.pth

2021-09-19 17:06:52,294 -    ini file updated    
2021-09-19 17:06:52,294 - ===============================|    epoch 13   |===============================
2021-09-19 17:06:53,513 -     0 / 11829 (000%):	 Total:0.8122630	 Acc:0.0625000	 lr:0.0002254	 Mean_Total:0.8122630
2021-09-19 17:09:12,758 -  2365 / 11829 (019%):	 Total:0.4110148	 Acc:0.1250000	 lr:0.0002237	 Mean_Total:0.6464046
2021-09-19 17:11:31,051 -  4730 / 11829 (039%):	 Total:0.3912818	 Acc:0.2812500	 lr:0.0002220	 Mean_Total:0.6454509
2021-09-19 17:13:44,353 -  7095 / 11829 (059%):	 Total:0.9712732	 Acc:0.1875000	 lr:0.0002204	 Mean_Total:0.6427207
2021-09-19 17:16:00,228 -  9460 / 11829 (079%):	 Total:0.6083931	 Acc:0.2500000	 lr:0.0002188	 Mean_Total:0.6438695
2021-09-19 17:18:17,966 - 11825 / 11829 (099%):	 Total:0.7562541	 Acc:0.1250000	 lr:0.0002172	 Mean_Total:0.6434221
2021-09-19 17:18:18,277 - ===============================| start validation |===============================
2021-09-19 17:18:45,253 - 	 Total:0.6238669	 Acc:0.2012357
2021-09-19 17:18:45,257 -    ini file updated    
2021-09-19 17:18:45,257 - ===============================|    epoch 14   |===============================
2021-09-19 17:18:46,546 -     0 / 11829 (000%):	 Total:0.5731014	 Acc:0.1562500	 lr:0.0002172	 Mean_Total:0.5731014
2021-09-19 17:21:07,260 -  2365 / 11829 (019%):	 Total:0.8007275	 Acc:0.1875000	 lr:0.0002157	 Mean_Total:0.6471916
2021-09-19 17:23:22,372 -  4730 / 11829 (039%):	 Total:0.7977110	 Acc:0.0937500	 lr:0.0002142	 Mean_Total:0.6420402
2021-09-19 17:25:32,805 -  7095 / 11829 (059%):	 Total:0.3168952	 Acc:0.2500000	 lr:0.0002127	 Mean_Total:0.6428050
2021-09-19 17:27:45,464 -  9460 / 11829 (079%):	 Total:0.6343178	 Acc:0.1875000	 lr:0.0002112	 Mean_Total:0.6437636
2021-09-19 17:29:59,994 - 11825 / 11829 (099%):	 Total:0.7269114	 Acc:0.1562500	 lr:0.0002098	 Mean_Total:0.6431104
2021-09-19 17:30:00,405 - ===============================| start validation |===============================
2021-09-19 17:30:27,002 - 	 Total:0.6236376	 Acc:0.2028042
2021-09-19 17:30:27,007 -    ini file updated    
2021-09-19 17:30:27,031 - Snapshot saved to /data/users/wergillius/UTR_VAE/pth/RL_gru_MTL/vleng_pretrain/vleng-model_best_cv8.pth

2021-09-19 17:30:27,032 -    ini file updated    
2021-09-19 17:30:27,032 - ===============================|    epoch 15   |===============================
2021-09-19 17:30:28,177 -     0 / 11829 (000%):	 Total:0.7768530	 Acc:0.3125000	 lr:0.0002098	 Mean_Total:0.7768530
2021-09-19 17:32:42,388 -  2365 / 11829 (019%):	 Total:0.8825281	 Acc:0.2187500	 lr:0.0002084	 Mean_Total:0.6363846
2021-09-19 17:34:55,587 -  4730 / 11829 (039%):	 Total:0.5520812	 Acc:0.1562500	 lr:0.0002071	 Mean_Total:0.6395860
2021-09-19 17:37:08,744 -  7095 / 11829 (059%):	 Total:0.7936683	 Acc:0.1562500	 lr:0.0002058	 Mean_Total:0.6413193
2021-09-19 17:39:28,027 -  9460 / 11829 (079%):	 Total:0.8874251	 Acc:0.1562500	 lr:0.0002045	 Mean_Total:0.6426985
2021-09-19 17:41:42,574 - 11825 / 11829 (099%):	 Total:0.4113835	 Acc:0.1875000	 lr:0.0002032	 Mean_Total:0.6424897
2021-09-19 17:41:42,855 - ===============================| start validation |===============================
2021-09-19 17:42:08,695 - 	 Total:0.6243997	 Acc:0.2016397
2021-09-19 17:42:08,700 -    ini file updated    
2021-09-19 17:42:08,700 - ===============================|    epoch 16   |===============================
2021-09-19 17:42:09,938 -     0 / 11829 (000%):	 Total:0.6791005	 Acc:0.2187500	 lr:0.0002032	 Mean_Total:0.6791005
2021-09-19 17:44:31,015 -  2365 / 11829 (019%):	 Total:0.6780189	 Acc:0.1562500	 lr:0.0002019	 Mean_Total:0.6372228
2021-09-19 17:46:49,225 -  4730 / 11829 (039%):	 Total:0.7911392	 Acc:0.1562500	 lr:0.0002007	 Mean_Total:0.6389424
2021-09-19 17:49:09,655 -  7095 / 11829 (059%):	 Total:0.2968955	 Acc:0.1562500	 lr:0.0001995	 Mean_Total:0.6417176
2021-09-19 17:51:28,468 -  9460 / 11829 (079%):	 Total:0.7128949	 Acc:0.2812500	 lr:0.0001983	 Mean_Total:0.6418368
2021-09-19 17:53:43,811 - 11825 / 11829 (099%):	 Total:0.6538063	 Acc:0.1562500	 lr:0.0001971	 Mean_Total:0.6417397
2021-09-19 17:53:44,114 - ===============================| start validation |===============================
2021-09-19 17:54:11,948 - 	 Total:0.6219712	 Acc:0.2020913
2021-09-19 17:54:11,953 -    ini file updated    
2021-09-19 17:54:11,977 - Snapshot saved to /data/users/wergillius/UTR_VAE/pth/RL_gru_MTL/vleng_pretrain/vleng-model_best_cv8.pth

2021-09-19 17:54:11,979 -    ini file updated    
2021-09-19 17:54:11,979 - ===============================|    epoch 17   |===============================
2021-09-19 17:54:13,311 -     0 / 11829 (000%):	 Total:0.3606144	 Acc:0.1562500	 lr:0.0001971	 Mean_Total:0.3606144
2021-09-19 17:56:31,542 -  2365 / 11829 (019%):	 Total:1.1136562	 Acc:0.1562500	 lr:0.0001960	 Mean_Total:0.6439978
2021-09-19 17:58:49,548 -  4730 / 11829 (039%):	 Total:0.4876832	 Acc:0.1875000	 lr:0.0001948	 Mean_Total:0.6424702
2021-09-19 18:01:07,650 -  7095 / 11829 (059%):	 Total:0.5884308	 Acc:0.1875000	 lr:0.0001937	 Mean_Total:0.6414745
2021-09-19 18:03:21,491 -  9460 / 11829 (079%):	 Total:0.8382347	 Acc:0.0312500	 lr:0.0001926	 Mean_Total:0.6402173
2021-09-19 18:05:34,811 - 11825 / 11829 (099%):	 Total:0.8084047	 Acc:0.1875000	 lr:0.0001916	 Mean_Total:0.6415405
2021-09-19 18:05:35,053 - ===============================| start validation |===============================
2021-09-19 18:06:01,233 - 	 Total:0.6191971	 Acc:0.2008793
2021-09-19 18:06:01,248 -    ini file updated    
2021-09-19 18:06:01,268 - Snapshot saved to /data/users/wergillius/UTR_VAE/pth/RL_gru_MTL/vleng_pretrain/vleng-model_best_cv8.pth

2021-09-19 18:06:01,269 -    ini file updated    
2021-09-19 18:06:01,269 - ===============================|    epoch 18   |===============================
2021-09-19 18:06:02,473 -     0 / 11829 (000%):	 Total:0.4906098	 Acc:0.2187500	 lr:0.0001916	 Mean_Total:0.4906098
2021-09-19 18:08:13,558 -  2365 / 11829 (019%):	 Total:0.4720031	 Acc:0.3125000	 lr:0.0001905	 Mean_Total:0.6386864
2021-09-19 18:10:22,597 -  4730 / 11829 (039%):	 Total:0.4419734	 Acc:0.1562500	 lr:0.0001895	 Mean_Total:0.6392746
2021-09-19 18:12:38,465 -  7095 / 11829 (059%):	 Total:0.6562106	 Acc:0.0937500	 lr:0.0001884	 Mean_Total:0.6403045
2021-09-19 18:14:54,112 -  9460 / 11829 (079%):	 Total:0.5143381	 Acc:0.1875000	 lr:0.0001874	 Mean_Total:0.6397709
2021-09-19 18:17:12,384 - 11825 / 11829 (099%):	 Total:0.6536208	 Acc:0.1875000	 lr:0.0001864	 Mean_Total:0.6407198
2021-09-19 18:17:12,666 - ===============================| start validation |===============================
2021-09-19 18:17:40,794 - 	 Total:0.6252278	 Acc:0.2037785
2021-09-19 18:17:40,800 -    ini file updated    
2021-09-19 18:17:40,822 - Snapshot saved to /data/users/wergillius/UTR_VAE/pth/RL_gru_MTL/vleng_pretrain/vleng-model_best_cv8.pth

2021-09-19 18:17:40,823 -    ini file updated    
2021-09-19 18:17:40,823 - ===============================|    epoch 19   |===============================
2021-09-19 18:17:41,893 -     0 / 11829 (000%):	 Total:0.8488550	 Acc:0.1562500	 lr:0.0001864	 Mean_Total:0.8488550
2021-09-19 18:19:59,172 -  2365 / 11829 (019%):	 Total:1.0552956	 Acc:0.3437500	 lr:0.0001855	 Mean_Total:0.6394130
2021-09-19 18:22:15,940 -  4730 / 11829 (039%):	 Total:0.7889400	 Acc:0.1562500	 lr:0.0001845	 Mean_Total:0.6397650
2021-09-19 18:24:38,006 -  7095 / 11829 (059%):	 Total:0.9484673	 Acc:0.1875000	 lr:0.0001836	 Mean_Total:0.6399406
2021-09-19 18:26:56,721 -  9460 / 11829 (079%):	 Total:0.5889763	 Acc:0.2187500	 lr:0.0001826	 Mean_Total:0.6403186
2021-09-19 18:29:09,251 - 11825 / 11829 (099%):	 Total:0.8395869	 Acc:0.0937500	 lr:0.0001817	 Mean_Total:0.6407645
2021-09-19 18:29:09,615 - ===============================| start validation |===============================
2021-09-19 18:29:34,791 - 	 Total:0.6201245	 Acc:0.1993584
2021-09-19 18:29:34,794 -    ini file updated    
2021-09-19 18:29:34,794 - ===============================|    epoch 20   |===============================
2021-09-19 18:29:36,019 -     0 / 11829 (000%):	 Total:0.7261262	 Acc:0.1562500	 lr:0.0001817	 Mean_Total:0.7261262
2021-09-19 18:31:57,917 -  2365 / 11829 (019%):	 Total:0.7348524	 Acc:0.1562500	 lr:0.0001808	 Mean_Total:0.6393574
2021-09-19 18:34:13,078 -  4730 / 11829 (039%):	 Total:1.0117697	 Acc:0.1250000	 lr:0.0001799	 Mean_Total:0.6392844
2021-09-19 18:36:26,540 -  7095 / 11829 (059%):	 Total:0.6559980	 Acc:0.1250000	 lr:0.0001791	 Mean_Total:0.6408610
2021-09-19 18:38:41,706 -  9460 / 11829 (079%):	 Total:0.6807285	 Acc:0.1562500	 lr:0.0001782	 Mean_Total:0.6399798
2021-09-19 18:40:54,746 - 11825 / 11829 (099%):	 Total:0.7251549	 Acc:0.1875000	 lr:0.0001773	 Mean_Total:0.6401033
2021-09-19 18:40:55,025 - ===============================| start validation |===============================
2021-09-19 18:41:19,466 - 	 Total:0.6224023	 Acc:0.2022101
2021-09-19 18:41:19,470 -    ini file updated    
2021-09-19 18:41:19,471 - ===============================|    epoch 21   |===============================
2021-09-19 18:41:20,605 -     0 / 11829 (000%):	 Total:0.7931136	 Acc:0.3125000	 lr:0.0001773	 Mean_Total:0.7931136
2021-09-19 18:43:44,327 -  2365 / 11829 (019%):	 Total:0.5136673	 Acc:0.3125000	 lr:0.0001765	 Mean_Total:0.6386839
2021-09-19 18:46:02,958 -  4730 / 11829 (039%):	 Total:0.7234491	 Acc:0.2187500	 lr:0.0001757	 Mean_Total:0.6394445
2021-09-19 18:48:20,255 -  7095 / 11829 (059%):	 Total:0.5116686	 Acc:0.1875000	 lr:0.0001749	 Mean_Total:0.6394552
2021-09-19 18:50:35,751 -  9460 / 11829 (079%):	 Total:0.8262374	 Acc:0.0937500	 lr:0.0001741	 Mean_Total:0.6403155
2021-09-19 18:52:49,089 - 11825 / 11829 (099%):	 Total:0.5359948	 Acc:0.1875000	 lr:0.0001733	 Mean_Total:0.6403636
2021-09-19 18:52:49,409 - ===============================| start validation |===============================
2021-09-19 18:53:15,397 - 	 Total:0.6191168	 Acc:0.2028042
2021-09-19 18:53:15,404 -    ini file updated    
2021-09-19 18:53:15,424 - Snapshot saved to /data/users/wergillius/UTR_VAE/pth/RL_gru_MTL/vleng_pretrain/vleng-model_best_cv8.pth

2021-09-19 18:53:15,425 -    ini file updated    
2021-09-19 18:53:15,425 - ===============================|    epoch 22   |===============================
2021-09-19 18:53:16,686 -     0 / 11829 (000%):	 Total:0.8247393	 Acc:0.0937500	 lr:0.0001733	 Mean_Total:0.8247393
2021-09-19 18:55:38,806 -  2365 / 11829 (019%):	 Total:0.8344465	 Acc:0.1250000	 lr:0.0001725	 Mean_Total:0.6371892
2021-09-19 18:57:59,622 -  4730 / 11829 (039%):	 Total:0.8208983	 Acc:0.1562500	 lr:0.0001717	 Mean_Total:0.6419518
2021-09-19 19:00:19,808 -  7095 / 11829 (059%):	 Total:0.6196569	 Acc:0.2187500	 lr:0.0001709	 Mean_Total:0.6415528
2021-09-19 19:02:37,954 -  9460 / 11829 (079%):	 Total:0.6755506	 Acc:0.2500000	 lr:0.0001702	 Mean_Total:0.6396929
2021-09-19 19:04:58,791 - 11825 / 11829 (099%):	 Total:0.6278486	 Acc:0.1562500	 lr:0.0001695	 Mean_Total:0.6390139
2021-09-19 19:04:59,095 - ===============================| start validation |===============================
2021-09-19 19:05:25,381 - 	 Total:0.6192079	 Acc:0.2023527
2021-09-19 19:05:25,389 -    ini file updated    
2021-09-19 19:05:25,390 - ===============================|    epoch 23   |===============================
2021-09-19 19:05:26,553 -     0 / 11829 (000%):	 Total:0.6577314	 Acc:0.1562500	 lr:0.0001695	 Mean_Total:0.6577314
2021-09-19 19:07:40,286 -  2365 / 11829 (019%):	 Total:0.8296748	 Acc:0.1875000	 lr:0.0001687	 Mean_Total:0.6405405
2021-09-19 19:09:49,279 -  4730 / 11829 (039%):	 Total:0.7444960	 Acc:0.1875000	 lr:0.0001680	 Mean_Total:0.6401501
2021-09-19 19:11:59,622 -  7095 / 11829 (059%):	 Total:0.7725691	 Acc:0.0312500	 lr:0.0001673	 Mean_Total:0.6395939
2021-09-19 19:14:07,682 -  9460 / 11829 (079%):	 Total:0.7841377	 Acc:0.1562500	 lr:0.0001666	 Mean_Total:0.6387725
2021-09-19 19:16:16,919 - 11825 / 11829 (099%):	 Total:0.7818958	 Acc:0.0625000	 lr:0.0001659	 Mean_Total:0.6388077
2021-09-19 19:16:17,159 - ===============================| start validation |===============================
2021-09-19 19:16:41,146 - 	 Total:0.6174814	 Acc:0.2014259
2021-09-19 19:16:41,151 -    ini file updated    
2021-09-19 19:16:41,168 - Snapshot saved to /data/users/wergillius/UTR_VAE/pth/RL_gru_MTL/vleng_pretrain/vleng-model_best_cv8.pth

2021-09-19 19:16:41,169 -    ini file updated    
2021-09-19 19:16:41,169 - ===============================|    epoch 24   |===============================
2021-09-19 19:16:42,386 -     0 / 11829 (000%):	 Total:0.8435456	 Acc:0.1562500	 lr:0.0001659	 Mean_Total:0.8435456
2021-09-19 19:18:52,770 -  2365 / 11829 (019%):	 Total:0.4463522	 Acc:0.2187500	 lr:0.0001652	 Mean_Total:0.6416756
2021-09-19 19:21:03,890 -  4730 / 11829 (039%):	 Total:0.6901847	 Acc:0.2500000	 lr:0.0001645	 Mean_Total:0.6409476
2021-09-19 19:23:23,360 -  7095 / 11829 (059%):	 Total:0.7910637	 Acc:0.2187500	 lr:0.0001639	 Mean_Total:0.6389941
2021-09-19 19:25:39,734 -  9460 / 11829 (079%):	 Total:0.8291907	 Acc:0.2187500	 lr:0.0001632	 Mean_Total:0.6386264
2021-09-19 19:27:53,628 - 11825 / 11829 (099%):	 Total:0.6975121	 Acc:0.1250000	 lr:0.0001625	 Mean_Total:0.6388718
2021-09-19 19:27:53,956 - ===============================| start validation |===============================
2021-09-19 19:28:15,621 - 	 Total:0.6178258	 Acc:0.2030656
2021-09-19 19:28:15,624 -    ini file updated    
2021-09-19 19:28:15,624 - ===============================|    epoch 25   |===============================
2021-09-19 19:28:16,916 -     0 / 11829 (000%):	 Total:0.4826697	 Acc:0.2187500	 lr:0.0001625	 Mean_Total:0.4826697
2021-09-19 19:30:28,301 -  2365 / 11829 (019%):	 Total:0.5617795	 Acc:0.1875000	 lr:0.0001619	 Mean_Total:0.6409410
2021-09-19 19:32:37,337 -  4730 / 11829 (039%):	 Total:0.7318135	 Acc:0.0937500	 lr:0.0001613	 Mean_Total:0.6399778
2021-09-19 19:34:48,984 -  7095 / 11829 (059%):	 Total:0.4272015	 Acc:0.1875000	 lr:0.0001606	 Mean_Total:0.6402054
2021-09-19 19:37:00,062 -  9460 / 11829 (079%):	 Total:0.5289695	 Acc:0.1562500	 lr:0.0001600	 Mean_Total:0.6402288
2021-09-19 19:39:11,511 - 11825 / 11829 (099%):	 Total:0.8498048	 Acc:0.0937500	 lr:0.0001594	 Mean_Total:0.6387175
2021-09-19 19:39:11,803 - ===============================| start validation |===============================
2021-09-19 19:39:36,420 - 	 Total:0.6196838	 Acc:0.2018774
2021-09-19 19:39:36,426 -    ini file updated    
2021-09-19 19:39:36,426 - ===============================|    epoch 26   |===============================
2021-09-19 19:39:37,524 -     0 / 11829 (000%):	 Total:0.4725898	 Acc:0.3125000	 lr:0.0001594	 Mean_Total:0.4725898
2021-09-19 19:41:50,023 -  2365 / 11829 (019%):	 Total:0.8536918	 Acc:0.2187500	 lr:0.0001588	 Mean_Total:0.6407275
2021-09-19 19:43:57,461 -  4730 / 11829 (039%):	 Total:0.4451917	 Acc:0.3125000	 lr:0.0001582	 Mean_Total:0.6370848
2021-09-19 19:46:09,701 -  7095 / 11829 (059%):	 Total:0.5715817	 Acc:0.1562500	 lr:0.0001576	 Mean_Total:0.6393048
2021-09-19 19:48:20,236 -  9460 / 11829 (079%):	 Total:0.5689083	 Acc:0.2500000	 lr:0.0001570	 Mean_Total:0.6385568
2021-09-19 19:50:33,206 - 11825 / 11829 (099%):	 Total:0.5208606	 Acc:0.0937500	 lr:0.0001564	 Mean_Total:0.6381762
2021-09-19 19:50:33,442 - ===============================| start validation |===============================
2021-09-19 19:50:56,450 - 	 Total:0.6235597	 Acc:0.2037310
2021-09-19 19:50:56,453 -    ini file updated    
2021-09-19 19:50:56,453 - ===============================|    epoch 27   |===============================
2021-09-19 19:50:57,661 -     0 / 11829 (000%):	 Total:0.5191203	 Acc:0.1562500	 lr:0.0001564	 Mean_Total:0.5191203
2021-09-19 19:53:09,768 -  2365 / 11829 (019%):	 Total:0.7965648	 Acc:0.1875000	 lr:0.0001558	 Mean_Total:0.6353838
2021-09-19 19:55:16,782 -  4730 / 11829 (039%):	 Total:1.0848014	 Acc:0.1562500	 lr:0.0001553	 Mean_Total:0.6371360
2021-09-19 19:57:24,544 -  7095 / 11829 (059%):	 Total:0.5714145	 Acc:0.1875000	 lr:0.0001547	 Mean_Total:0.6381127
2021-09-19 19:59:32,717 -  9460 / 11829 (079%):	 Total:0.5086245	 Acc:0.3437500	 lr:0.0001541	 Mean_Total:0.6374926
2021-09-19 20:01:45,442 - 11825 / 11829 (099%):	 Total:0.4946267	 Acc:0.1875000	 lr:0.0001536	 Mean_Total:0.6378774
2021-09-19 20:01:45,752 - ===============================| start validation |===============================
2021-09-19 20:02:10,000 - 	 Total:0.6166611	 Acc:0.2015684
2021-09-19 20:02:10,004 -    ini file updated    
2021-09-19 20:02:10,022 - Snapshot saved to /data/users/wergillius/UTR_VAE/pth/RL_gru_MTL/vleng_pretrain/vleng-model_best_cv8.pth

2021-09-19 20:02:10,023 -    ini file updated    
2021-09-19 20:02:10,023 - ===============================|    epoch 28   |===============================
2021-09-19 20:02:11,102 -     0 / 11829 (000%):	 Total:0.7586638	 Acc:0.1875000	 lr:0.0001536	 Mean_Total:0.7586638
2021-09-19 20:04:25,583 -  2365 / 11829 (019%):	 Total:0.6232490	 Acc:0.1562500	 lr:0.0001530	 Mean_Total:0.6342160
2021-09-19 20:06:37,057 -  4730 / 11829 (039%):	 Total:0.5390065	 Acc:0.2187500	 lr:0.0001525	 Mean_Total:0.6387873
2021-09-19 20:08:53,219 -  7095 / 11829 (059%):	 Total:0.5172551	 Acc:0.2187500	 lr:0.0001520	 Mean_Total:0.6375901
2021-09-19 20:11:08,243 -  9460 / 11829 (079%):	 Total:0.7439414	 Acc:0.1250000	 lr:0.0001514	 Mean_Total:0.6373065
2021-09-19 20:13:18,683 - 11825 / 11829 (099%):	 Total:0.4332414	 Acc:0.2812500	 lr:0.0001509	 Mean_Total:0.6380277
2021-09-19 20:13:18,925 - ===============================| start validation |===============================
2021-09-19 20:13:43,993 - 	 Total:0.6216640	 Acc:0.2028042
2021-09-19 20:13:44,000 -    ini file updated    
2021-09-19 20:13:44,000 - ===============================|    epoch 29   |===============================
2021-09-19 20:13:45,291 -     0 / 11829 (000%):	 Total:0.3402467	 Acc:0.1875000	 lr:0.0001509	 Mean_Total:0.3402467
2021-09-19 20:15:58,603 -  2365 / 11829 (019%):	 Total:1.0521764	 Acc:0.2187500	 lr:0.0001504	 Mean_Total:0.6364638
2021-09-19 20:18:08,609 -  4730 / 11829 (039%):	 Total:0.6526042	 Acc:0.1875000	 lr:0.0001499	 Mean_Total:0.6370434
2021-09-19 20:20:20,726 -  7095 / 11829 (059%):	 Total:0.5619214	 Acc:0.2500000	 lr:0.0001494	 Mean_Total:0.6362313
2021-09-19 20:22:30,471 -  9460 / 11829 (079%):	 Total:0.6465443	 Acc:0.2812500	 lr:0.0001489	 Mean_Total:0.6372041
2021-09-19 20:24:43,448 - 11825 / 11829 (099%):	 Total:0.3712840	 Acc:0.3125000	 lr:0.0001484	 Mean_Total:0.6374477
2021-09-19 20:24:43,766 - ===============================| start validation |===============================
2021-09-19 20:25:06,973 - 	 Total:0.6173049	 Acc:0.2027329
2021-09-19 20:25:06,980 -    ini file updated    
2021-09-19 20:25:06,981 - ===============================|    epoch 30   |===============================
2021-09-19 20:25:08,181 -     0 / 11829 (000%):	 Total:0.7118530	 Acc:0.1875000	 lr:0.0001484	 Mean_Total:0.7118530
2021-09-19 20:27:21,148 -  2365 / 11829 (019%):	 Total:0.8340611	 Acc:0.2500000	 lr:0.0001479	 Mean_Total:0.6395661
2021-09-19 20:29:27,836 -  4730 / 11829 (039%):	 Total:0.8173688	 Acc:0.0937500	 lr:0.0001474	 Mean_Total:0.6370428
2021-09-19 20:31:38,152 -  7095 / 11829 (059%):	 Total:0.4239657	 Acc:0.2500000	 lr:0.0001469	 Mean_Total:0.6372590
2021-09-19 20:33:49,806 -  9460 / 11829 (079%):	 Total:0.4786016	 Acc:0.0625000	 lr:0.0001464	 Mean_Total:0.6378311
2021-09-19 20:36:02,697 - 11825 / 11829 (099%):	 Total:0.8633100	 Acc:0.1250000	 lr:0.0001460	 Mean_Total:0.6378822
2021-09-19 20:36:02,991 - ===============================| start validation |===============================
2021-09-19 20:36:27,255 - 	 Total:0.6199861	 Acc:0.2023764
2021-09-19 20:36:27,260 -    ini file updated    
2021-09-19 20:36:27,260 - ===============================|    epoch 31   |===============================
2021-09-19 20:36:28,553 -     0 / 11829 (000%):	 Total:0.5114367	 Acc:0.2812500	 lr:0.0001460	 Mean_Total:0.5114367
2021-09-19 20:38:40,676 -  2365 / 11829 (019%):	 Total:0.3733629	 Acc:0.2187500	 lr:0.0001455	 Mean_Total:0.6358654
2021-09-19 20:40:48,644 -  4730 / 11829 (039%):	 Total:0.6328426	 Acc:0.2812500	 lr:0.0001450	 Mean_Total:0.6355684
2021-09-19 20:42:59,133 -  7095 / 11829 (059%):	 Total:0.3948767	 Acc:0.3125000	 lr:0.0001446	 Mean_Total:0.6362687
2021-09-19 20:45:08,263 -  9460 / 11829 (079%):	 Total:0.7347190	 Acc:0.1562500	 lr:0.0001441	 Mean_Total:0.6368059
2021-09-19 20:47:19,028 - 11825 / 11829 (099%):	 Total:0.4233832	 Acc:0.3750000	 lr:0.0001437	 Mean_Total:0.6370305
2021-09-19 20:47:19,303 - ===============================| start validation |===============================
2021-09-19 20:47:42,636 - 	 Total:0.6188298	 Acc:0.2031844
2021-09-19 20:47:42,641 -    ini file updated    
2021-09-19 20:47:42,641 - ===============================|    epoch 32   |===============================
2021-09-19 20:47:43,852 -     0 / 11829 (000%):	 Total:0.6806067	 Acc:0.2500000	 lr:0.0001437	 Mean_Total:0.6806067
2021-09-19 20:49:53,133 -  2365 / 11829 (019%):	 Total:0.7846878	 Acc:0.1562500	 lr:0.0001432	 Mean_Total:0.6341010
2021-09-19 20:52:03,187 -  4730 / 11829 (039%):	 Total:0.4645360	 Acc:0.1875000	 lr:0.0001428	 Mean_Total:0.6346212
2021-09-19 20:54:12,395 -  7095 / 11829 (059%):	 Total:0.9617032	 Acc:0.0625000	 lr:0.0001423	 Mean_Total:0.6367879
2021-09-19 20:56:21,588 -  9460 / 11829 (079%):	 Total:0.7254944	 Acc:0.0625000	 lr:0.0001419	 Mean_Total:0.6374201
2021-09-19 20:58:35,796 - 11825 / 11829 (099%):	 Total:0.8358839	 Acc:0.1562500	 lr:0.0001415	 Mean_Total:0.6373368
2021-09-19 20:58:36,059 - ===============================| start validation |===============================
2021-09-19 20:59:00,669 - 	 Total:0.6220077	 Acc:0.2055608
2021-09-19 20:59:00,675 -    ini file updated    
2021-09-19 20:59:00,698 - Snapshot saved to /data/users/wergillius/UTR_VAE/pth/RL_gru_MTL/vleng_pretrain/vleng-model_best_cv8.pth

2021-09-19 20:59:00,699 -    ini file updated    
2021-09-19 20:59:00,699 - ===============================|    epoch 33   |===============================
2021-09-19 20:59:01,757 -     0 / 11829 (000%):	 Total:0.9173154	 Acc:0.0625000	 lr:0.0001415	 Mean_Total:0.9173154
2021-09-19 21:01:18,501 -  2365 / 11829 (019%):	 Total:0.5703576	 Acc:0.0937500	 lr:0.0001410	 Mean_Total:0.6384796
2021-09-19 21:03:33,563 -  4730 / 11829 (039%):	 Total:0.4917554	 Acc:0.2500000	 lr:0.0001406	 Mean_Total:0.6345140
2021-09-19 21:05:46,667 -  7095 / 11829 (059%):	 Total:0.4907284	 Acc:0.2812500	 lr:0.0001402	 Mean_Total:0.6353156
2021-09-19 21:07:51,576 -  9460 / 11829 (079%):	 Total:0.6634501	 Acc:0.2500000	 lr:0.0001398	 Mean_Total:0.6365454
2021-09-19 21:10:04,551 - 11825 / 11829 (099%):	 Total:0.6449820	 Acc:0.1875000	 lr:0.0001394	 Mean_Total:0.6369422
2021-09-19 21:10:04,817 - ===============================| start validation |===============================
2021-09-19 21:10:28,344 - 	 Total:0.6164335	 Acc:0.2019724
2021-09-19 21:10:28,349 -    ini file updated    
2021-09-19 21:10:28,369 - Snapshot saved to /data/users/wergillius/UTR_VAE/pth/RL_gru_MTL/vleng_pretrain/vleng-model_best_cv8.pth

2021-09-19 21:10:28,370 -    ini file updated    
2021-09-19 21:10:28,371 - ===============================|    epoch 34   |===============================
2021-09-19 21:10:29,627 -     0 / 11829 (000%):	 Total:0.7431569	 Acc:0.2812500	 lr:0.0001394	 Mean_Total:0.7431569
2021-09-19 21:12:42,191 -  2365 / 11829 (019%):	 Total:0.4930181	 Acc:0.2187500	 lr:0.0001390	 Mean_Total:0.6429258
2021-09-19 21:14:55,364 -  4730 / 11829 (039%):	 Total:0.5988453	 Acc:0.0625000	 lr:0.0001386	 Mean_Total:0.6379467
2021-09-19 21:17:04,906 -  7095 / 11829 (059%):	 Total:0.4901688	 Acc:0.0937500	 lr:0.0001382	 Mean_Total:0.6379018
2021-09-19 21:19:15,870 -  9460 / 11829 (079%):	 Total:0.6797616	 Acc:0.2812500	 lr:0.0001378	 Mean_Total:0.6363766
2021-09-19 21:21:31,480 - 11825 / 11829 (099%):	 Total:0.4934790	 Acc:0.2500000	 lr:0.0001374	 Mean_Total:0.6357818
2021-09-19 21:21:31,803 - ===============================| start validation |===============================
2021-09-19 21:21:57,108 - 	 Total:0.6155583	 Acc:0.2019962
2021-09-19 21:21:57,112 -    ini file updated    
2021-09-19 21:21:57,143 - Snapshot saved to /data/users/wergillius/UTR_VAE/pth/RL_gru_MTL/vleng_pretrain/vleng-model_best_cv8.pth

2021-09-19 21:21:57,144 -    ini file updated    
2021-09-19 21:21:57,144 - ===============================|    epoch 35   |===============================
2021-09-19 21:21:58,355 -     0 / 11829 (000%):	 Total:0.6543363	 Acc:0.0937500	 lr:0.0001374	 Mean_Total:0.6543363
2021-09-19 21:24:12,874 -  2365 / 11829 (019%):	 Total:0.7708211	 Acc:0.3437500	 lr:0.0001370	 Mean_Total:0.6347667
2021-09-19 21:26:20,884 -  4730 / 11829 (039%):	 Total:0.5073920	 Acc:0.2812500	 lr:0.0001366	 Mean_Total:0.6383426
2021-09-19 21:28:38,783 -  7095 / 11829 (059%):	 Total:0.5011331	 Acc:0.1250000	 lr:0.0001362	 Mean_Total:0.6376964
2021-09-19 21:30:51,524 -  9460 / 11829 (079%):	 Total:1.0361013	 Acc:0.1250000	 lr:0.0001358	 Mean_Total:0.6376221
2021-09-19 21:33:07,817 - 11825 / 11829 (099%):	 Total:0.5294849	 Acc:0.2187500	 lr:0.0001354	 Mean_Total:0.6360804
2021-09-19 21:33:08,153 - ===============================| start validation |===============================
2021-09-19 21:33:34,125 - 	 Total:0.6172207	 Acc:0.1997148
2021-09-19 21:33:34,129 -    ini file updated    
2021-09-19 21:33:34,129 - ===============================|    epoch 36   |===============================
2021-09-19 21:33:35,453 -     0 / 11829 (000%):	 Total:0.7406899	 Acc:0.2187500	 lr:0.0001354	 Mean_Total:0.7406899
2021-09-19 21:35:51,711 -  2365 / 11829 (019%):	 Total:0.6621890	 Acc:0.2500000	 lr:0.0001351	 Mean_Total:0.6279777
2021-09-19 21:38:05,182 -  4730 / 11829 (039%):	 Total:0.3926544	 Acc:0.2187500	 lr:0.0001347	 Mean_Total:0.6328866
2021-09-19 21:40:18,687 -  7095 / 11829 (059%):	 Total:0.6564355	 Acc:0.2187500	 lr:0.0001343	 Mean_Total:0.6353505
2021-09-19 21:42:31,044 -  9460 / 11829 (079%):	 Total:0.5566811	 Acc:0.2500000	 lr:0.0001340	 Mean_Total:0.6361826
2021-09-19 21:44:42,735 - 11825 / 11829 (099%):	 Total:0.5855903	 Acc:0.0937500	 lr:0.0001336	 Mean_Total:0.6368845
2021-09-19 21:44:43,061 - ===============================| start validation |===============================
2021-09-19 21:45:10,451 - 	 Total:0.6169478	 Acc:0.2028517
2021-09-19 21:45:10,457 -    ini file updated    
2021-09-19 21:45:10,458 - ===============================|    epoch 37   |===============================
2021-09-19 21:45:12,020 -     0 / 11829 (000%):	 Total:0.5453919	 Acc:0.1562500	 lr:0.0001336	 Mean_Total:0.5453919
2021-09-19 21:47:26,971 -  2365 / 11829 (019%):	 Total:0.7762816	 Acc:0.2187500	 lr:0.0001332	 Mean_Total:0.6387546
2021-09-19 21:49:40,039 -  4730 / 11829 (039%):	 Total:0.6373147	 Acc:0.1562500	 lr:0.0001329	 Mean_Total:0.6388273
2021-09-19 21:51:56,418 -  7095 / 11829 (059%):	 Total:1.1552351	 Acc:0.1875000	 lr:0.0001325	 Mean_Total:0.6391653
2021-09-19 21:54:12,548 -  9460 / 11829 (079%):	 Total:0.4697680	 Acc:0.3125000	 lr:0.0001322	 Mean_Total:0.6375778
2021-09-19 21:56:34,482 - 11825 / 11829 (099%):	 Total:0.8019369	 Acc:0.2500000	 lr:0.0001318	 Mean_Total:0.6365790
2021-09-19 21:56:34,769 - ===============================| start validation |===============================
2021-09-19 21:57:01,052 - 	 Total:0.6151591	 Acc:0.2021625
2021-09-19 21:57:01,057 -    ini file updated    
2021-09-19 21:57:01,077 - Snapshot saved to /data/users/wergillius/UTR_VAE/pth/RL_gru_MTL/vleng_pretrain/vleng-model_best_cv8.pth

2021-09-19 21:57:01,078 -    ini file updated    
2021-09-19 21:57:01,079 - ===============================|    epoch 38   |===============================
2021-09-19 21:57:02,281 -     0 / 11829 (000%):	 Total:0.8746914	 Acc:0.1875000	 lr:0.0001318	 Mean_Total:0.8746914
2021-09-19 21:59:22,265 -  2365 / 11829 (019%):	 Total:0.9245276	 Acc:0.2187500	 lr:0.0001315	 Mean_Total:0.6380230
2021-09-19 22:01:35,151 -  4730 / 11829 (039%):	 Total:0.6326623	 Acc:0.3750000	 lr:0.0001311	 Mean_Total:0.6367241
2021-09-19 22:03:45,907 -  7095 / 11829 (059%):	 Total:0.7885208	 Acc:0.1250000	 lr:0.0001308	 Mean_Total:0.6359603
2021-09-19 22:05:58,216 -  9460 / 11829 (079%):	 Total:0.5714608	 Acc:0.2187500	 lr:0.0001305	 Mean_Total:0.6355048
2021-09-19 22:08:07,304 - 11825 / 11829 (099%):	 Total:0.3337314	 Acc:0.1875000	 lr:0.0001301	 Mean_Total:0.6359276
2021-09-19 22:08:07,564 - ===============================| start validation |===============================
2021-09-19 22:08:31,601 - 	 Total:0.6169869	 Acc:0.2043013
2021-09-19 22:08:31,606 -    ini file updated    
2021-09-19 22:08:31,606 - ===============================|    epoch 39   |===============================
2021-09-19 22:08:32,705 -     0 / 11829 (000%):	 Total:0.9642568	 Acc:0.1250000	 lr:0.0001301	 Mean_Total:0.9642568
2021-09-19 22:10:46,032 -  2365 / 11829 (019%):	 Total:0.4127038	 Acc:0.3437500	 lr:0.0001298	 Mean_Total:0.6327134
2021-09-19 22:12:57,540 -  4730 / 11829 (039%):	 Total:0.5550975	 Acc:0.1250000	 lr:0.0001295	 Mean_Total:0.6353142
2021-09-19 22:15:16,311 -  7095 / 11829 (059%):	 Total:0.7148097	 Acc:0.2187500	 lr:0.0001291	 Mean_Total:0.6374031
2021-09-19 22:17:31,659 -  9460 / 11829 (079%):	 Total:0.4466952	 Acc:0.2812500	 lr:0.0001288	 Mean_Total:0.6376315
2021-09-19 22:19:43,020 - 11825 / 11829 (099%):	 Total:0.4144353	 Acc:0.2500000	 lr:0.0001285	 Mean_Total:0.6361488
2021-09-19 22:19:43,251 - ===============================| start validation |===============================
2021-09-19 22:20:06,793 - 	 Total:0.6203646	 Acc:0.2041587
2021-09-19 22:20:06,797 -    ini file updated    
2021-09-19 22:20:06,797 - ===============================|    epoch 40   |===============================
2021-09-19 22:20:08,044 -     0 / 11829 (000%):	 Total:0.8049631	 Acc:0.1875000	 lr:0.0001285	 Mean_Total:0.8049631
2021-09-19 22:22:25,717 -  2365 / 11829 (019%):	 Total:0.5796533	 Acc:0.1562500	 lr:0.0001282	 Mean_Total:0.6391756
2021-09-19 22:24:36,639 -  4730 / 11829 (039%):	 Total:0.7650679	 Acc:0.1875000	 lr:0.0001279	 Mean_Total:0.6377783
2021-09-19 22:26:50,041 -  7095 / 11829 (059%):	 Total:0.5339729	 Acc:0.2187500	 lr:0.0001275	 Mean_Total:0.6358361
2021-09-19 22:29:02,803 -  9460 / 11829 (079%):	 Total:0.6097537	 Acc:0.2500000	 lr:0.0001272	 Mean_Total:0.6360820
2021-09-19 22:31:18,694 - 11825 / 11829 (099%):	 Total:0.9977019	 Acc:0.1875000	 lr:0.0001269	 Mean_Total:0.6357977
2021-09-19 22:31:19,016 - ===============================| start validation |===============================
2021-09-19 22:31:44,333 - 	 Total:0.6172131	 Acc:0.2034933
2021-09-19 22:31:44,338 -    ini file updated    
2021-09-19 22:31:44,338 - ===============================|    epoch 41   |===============================
2021-09-19 22:31:45,573 -     0 / 11829 (000%):	 Total:0.5006537	 Acc:0.1875000	 lr:0.0001269	 Mean_Total:0.5006537
2021-09-19 22:34:03,931 -  2365 / 11829 (019%):	 Total:0.7689998	 Acc:0.1562500	 lr:0.0001266	 Mean_Total:0.6409786
2021-09-19 22:36:16,419 -  4730 / 11829 (039%):	 Total:0.8143182	 Acc:0.0625000	 lr:0.0001263	 Mean_Total:0.6351869
2021-09-19 22:38:24,537 -  7095 / 11829 (059%):	 Total:0.5850032	 Acc:0.1875000	 lr:0.0001260	 Mean_Total:0.6359707
2021-09-19 22:40:37,003 -  9460 / 11829 (079%):	 Total:0.2544693	 Acc:0.3125000	 lr:0.0001257	 Mean_Total:0.6357805
2021-09-19 22:42:49,733 - 11825 / 11829 (099%):	 Total:0.7073250	 Acc:0.2187500	 lr:0.0001254	 Mean_Total:0.6354558
2021-09-19 22:42:49,991 - ===============================| start validation |===============================
2021-09-19 22:43:14,091 - 	 Total:0.6150524	 Acc:0.2025665
2021-09-19 22:43:14,097 -    ini file updated    
2021-09-19 22:43:14,118 - Snapshot saved to /data/users/wergillius/UTR_VAE/pth/RL_gru_MTL/vleng_pretrain/vleng-model_best_cv8.pth

2021-09-19 22:43:14,120 -    ini file updated    
2021-09-19 22:43:14,120 - ===============================|    epoch 42   |===============================
2021-09-19 22:43:15,302 -     0 / 11829 (000%):	 Total:0.4099608	 Acc:0.3437500	 lr:0.0001254	 Mean_Total:0.4099608
2021-09-19 22:45:28,493 -  2365 / 11829 (019%):	 Total:0.8310747	 Acc:0.1562500	 lr:0.0001251	 Mean_Total:0.6349598
2021-09-19 22:47:38,059 -  4730 / 11829 (039%):	 Total:0.7881806	 Acc:0.0625000	 lr:0.0001248	 Mean_Total:0.6359147
2021-09-19 22:49:53,058 -  7095 / 11829 (059%):	 Total:0.5379231	 Acc:0.1250000	 lr:0.0001245	 Mean_Total:0.6360953
2021-09-19 22:52:05,880 -  9460 / 11829 (079%):	 Total:0.8660154	 Acc:0.1875000	 lr:0.0001242	 Mean_Total:0.6358550
2021-09-19 22:54:17,242 - 11825 / 11829 (099%):	 Total:0.5204222	 Acc:0.1562500	 lr:0.0001239	 Mean_Total:0.6354841
2021-09-19 22:54:17,524 - ===============================| start validation |===============================
2021-09-19 22:54:41,640 - 	 Total:0.6183552	 Acc:0.2023289
2021-09-19 22:54:41,644 -    ini file updated    
2021-09-19 22:54:41,644 - ===============================|    epoch 43   |===============================
2021-09-19 22:54:42,813 -     0 / 11829 (000%):	 Total:0.8899557	 Acc:0.1250000	 lr:0.0001239	 Mean_Total:0.8899557
2021-09-19 22:57:04,285 -  2365 / 11829 (019%):	 Total:0.5044709	 Acc:0.1875000	 lr:0.0001236	 Mean_Total:0.6353744
2021-09-19 22:59:26,048 -  4730 / 11829 (039%):	 Total:0.7961569	 Acc:0.0937500	 lr:0.0001234	 Mean_Total:0.6356975
2021-09-19 23:01:45,426 -  7095 / 11829 (059%):	 Total:0.5438591	 Acc:0.1562500	 lr:0.0001231	 Mean_Total:0.6358580
2021-09-19 23:04:02,417 -  9460 / 11829 (079%):	 Total:0.5295085	 Acc:0.2812500	 lr:0.0001228	 Mean_Total:0.6345954
2021-09-19 23:06:20,393 - 11825 / 11829 (099%):	 Total:0.7977589	 Acc:0.1562500	 lr:0.0001225	 Mean_Total:0.6348466
2021-09-19 23:06:20,771 - ===============================| start validation |===============================
2021-09-19 23:06:48,012 - 	 Total:0.6138084	 Acc:0.2014259
2021-09-19 23:06:48,018 -    ini file updated    
2021-09-19 23:06:48,049 - Snapshot saved to /data/users/wergillius/UTR_VAE/pth/RL_gru_MTL/vleng_pretrain/vleng-model_best_cv8.pth

2021-09-19 23:06:48,050 -    ini file updated    
2021-09-19 23:06:48,051 - ===============================|    epoch 44   |===============================
2021-09-19 23:06:49,202 -     0 / 11829 (000%):	 Total:0.5730819	 Acc:0.3125000	 lr:0.0001225	 Mean_Total:0.5730819
2021-09-19 23:09:16,188 -  2365 / 11829 (019%):	 Total:0.7033455	 Acc:0.1250000	 lr:0.0001222	 Mean_Total:0.6302159
2021-09-19 23:11:32,502 -  4730 / 11829 (039%):	 Total:0.5905105	 Acc:0.2812500	 lr:0.0001220	 Mean_Total:0.6334210
2021-09-19 23:13:43,689 -  7095 / 11829 (059%):	 Total:0.9713039	 Acc:0.1250000	 lr:0.0001217	 Mean_Total:0.6348593
2021-09-19 23:16:00,262 -  9460 / 11829 (079%):	 Total:0.4223584	 Acc:0.2187500	 lr:0.0001214	 Mean_Total:0.6353026
2021-09-19 23:18:19,683 - 11825 / 11829 (099%):	 Total:0.6177480	 Acc:0.3125000	 lr:0.0001211	 Mean_Total:0.6351108
2021-09-19 23:18:19,995 - ===============================| start validation |===============================
2021-09-19 23:18:45,272 - 	 Total:0.6164331	 Acc:0.2024477
2021-09-19 23:18:45,278 -    ini file updated    
2021-09-19 23:18:45,278 - ===============================|    epoch 45   |===============================
2021-09-19 23:18:46,520 -     0 / 11829 (000%):	 Total:0.7532656	 Acc:0.1562500	 lr:0.0001211	 Mean_Total:0.7532656
2021-09-19 23:21:10,124 -  2365 / 11829 (019%):	 Total:0.5477691	 Acc:0.2812500	 lr:0.0001209	 Mean_Total:0.6351317
2021-09-19 23:23:24,556 -  4730 / 11829 (039%):	 Total:0.5772783	 Acc:0.2812500	 lr:0.0001206	 Mean_Total:0.6340275
2021-09-19 23:25:40,043 -  7095 / 11829 (059%):	 Total:0.6196390	 Acc:0.2812500	 lr:0.0001203	 Mean_Total:0.6345854
2021-09-19 23:27:55,152 -  9460 / 11829 (079%):	 Total:0.5856359	 Acc:0.1562500	 lr:0.0001201	 Mean_Total:0.6344038
2021-09-19 23:30:12,685 - 11825 / 11829 (099%):	 Total:0.8120569	 Acc:0.1875000	 lr:0.0001198	 Mean_Total:0.6348862
2021-09-19 23:30:12,936 - ===============================| start validation |===============================
2021-09-19 23:30:33,949 - 	 Total:0.6148799	 Acc:0.2032795
2021-09-19 23:30:33,954 -    ini file updated    
2021-09-19 23:30:33,954 - ===============================|    epoch 46   |===============================
2021-09-19 23:30:34,988 -     0 / 11829 (000%):	 Total:0.9768459	 Acc:0.0937500	 lr:0.0001198	 Mean_Total:0.9768459
2021-09-19 23:32:37,251 -  2365 / 11829 (019%):	 Total:0.5672952	 Acc:0.1562500	 lr:0.0001196	 Mean_Total:0.6351020
2021-09-19 23:34:41,687 -  4730 / 11829 (039%):	 Total:0.8345578	 Acc:0.1562500	 lr:0.0001193	 Mean_Total:0.6367654
2021-09-19 23:36:41,756 -  7095 / 11829 (059%):	 Total:0.4553981	 Acc:0.2500000	 lr:0.0001190	 Mean_Total:0.6374554
2021-09-19 23:38:33,001 -  9460 / 11829 (079%):	 Total:0.4536013	 Acc:0.0625000	 lr:0.0001188	 Mean_Total:0.6369370
2021-09-19 23:40:26,420 - 11825 / 11829 (099%):	 Total:0.6897836	 Acc:0.1562500	 lr:0.0001185	 Mean_Total:0.6357699
2021-09-19 23:40:26,630 - ===============================| start validation |===============================
2021-09-19 23:40:41,936 - 	 Total:0.6167158	 Acc:0.2037785
2021-09-19 23:40:41,939 -    ini file updated    
2021-09-19 23:40:41,940 - ===============================|    epoch 47   |===============================
2021-09-19 23:40:42,838 -     0 / 11829 (000%):	 Total:0.5181688	 Acc:0.2187500	 lr:0.0001185	 Mean_Total:0.5181688
2021-09-19 23:42:37,880 -  2365 / 11829 (019%):	 Total:0.4691954	 Acc:0.2187500	 lr:0.0001183	 Mean_Total:0.6336930
2021-09-19 23:44:30,395 -  4730 / 11829 (039%):	 Total:0.6644967	 Acc:0.1875000	 lr:0.0001180	 Mean_Total:0.6319271
2021-09-19 23:46:13,139 -  7095 / 11829 (059%):	 Total:0.7137420	 Acc:0.1562500	 lr:0.0001178	 Mean_Total:0.6336775
2021-09-19 23:47:50,935 -  9460 / 11829 (079%):	 Total:0.6398910	 Acc:0.1562500	 lr:0.0001175	 Mean_Total:0.6349049
2021-09-19 23:49:29,915 - 11825 / 11829 (099%):	 Total:0.3583083	 Acc:0.2187500	 lr:0.0001173	 Mean_Total:0.6349466
2021-09-19 23:49:30,083 - ===============================| start validation |===============================
2021-09-19 23:49:44,037 - 	 Total:0.6152691	 Acc:0.2045152
2021-09-19 23:49:44,040 -    ini file updated    
2021-09-19 23:49:44,040 - ===============================|    epoch 48   |===============================
2021-09-19 23:49:44,862 -     0 / 11829 (000%):	 Total:0.4605951	 Acc:0.2500000	 lr:0.0001173	 Mean_Total:0.4605951
2021-09-19 23:51:23,889 -  2365 / 11829 (019%):	 Total:0.8333437	 Acc:0.2500000	 lr:0.0001171	 Mean_Total:0.6363424
2021-09-19 23:53:04,486 -  4730 / 11829 (039%):	 Total:0.4842348	 Acc:0.0937500	 lr:0.0001168	 Mean_Total:0.6344178
2021-09-19 23:54:46,223 -  7095 / 11829 (059%):	 Total:0.8924664	 Acc:0.2187500	 lr:0.0001166	 Mean_Total:0.6341571
2021-09-19 23:56:26,653 -  9460 / 11829 (079%):	 Total:0.3962412	 Acc:0.1562500	 lr:0.0001163	 Mean_Total:0.6347236
2021-09-19 23:58:02,068 - 11825 / 11829 (099%):	 Total:0.5368344	 Acc:0.1250000	 lr:0.0001161	 Mean_Total:0.6336029
2021-09-19 23:58:02,260 - ===============================| start validation |===============================
2021-09-19 23:58:16,001 - 	 Total:0.6146337	 Acc:0.2036359
2021-09-19 23:58:16,006 -    ini file updated    
2021-09-19 23:58:16,006 - ===============================|    epoch 49   |===============================
2021-09-19 23:58:16,942 -     0 / 11829 (000%):	 Total:0.6518350	 Acc:0.1562500	 lr:0.0001161	 Mean_Total:0.6518350
2021-09-19 23:59:55,982 -  2365 / 11829 (019%):	 Total:0.5090172	 Acc:0.1875000	 lr:0.0001159	 Mean_Total:0.6370464
2021-09-20 00:01:35,006 -  4730 / 11829 (039%):	 Total:0.7160196	 Acc:0.1562500	 lr:0.0001156	 Mean_Total:0.6360283
2021-09-20 00:03:15,236 -  7095 / 11829 (059%):	 Total:0.5186737	 Acc:0.2500000	 lr:0.0001154	 Mean_Total:0.6347277
2021-09-20 00:04:52,022 -  9460 / 11829 (079%):	 Total:0.5160795	 Acc:0.1875000	 lr:0.0001152	 Mean_Total:0.6342777
2021-09-20 00:06:30,906 - 11825 / 11829 (099%):	 Total:0.5651207	 Acc:0.2187500	 lr:0.0001149	 Mean_Total:0.6341096
2021-09-20 00:06:31,086 - ===============================| start validation |===============================
2021-09-20 00:06:45,512 - 	 Total:0.6127980	 Acc:0.2025903
2021-09-20 00:06:45,516 -    ini file updated    
2021-09-20 00:06:45,528 - Snapshot saved to /data/users/wergillius/UTR_VAE/pth/RL_gru_MTL/vleng_pretrain/vleng-model_best_cv8.pth

2021-09-20 00:06:45,529 -    ini file updated    
2021-09-20 00:06:45,529 - ===============================|    epoch 50   |===============================
2021-09-20 00:06:46,364 -     0 / 11829 (000%):	 Total:0.6986538	 Acc:0.2187500	 lr:0.0001149	 Mean_Total:0.6986538
2021-09-20 00:08:26,272 -  2365 / 11829 (019%):	 Total:0.6581203	 Acc:0.2812500	 lr:0.0001147	 Mean_Total:0.6373405
2021-09-20 00:10:05,274 -  4730 / 11829 (039%):	 Total:0.5097258	 Acc:0.2187500	 lr:0.0001145	 Mean_Total:0.6348448
2021-09-20 00:11:44,768 -  7095 / 11829 (059%):	 Total:0.4686951	 Acc:0.4375000	 lr:0.0001142	 Mean_Total:0.6357018
2021-09-20 00:13:23,929 -  9460 / 11829 (079%):	 Total:0.5419555	 Acc:0.2812500	 lr:0.0001140	 Mean_Total:0.6365638
2021-09-20 00:15:03,149 - 11825 / 11829 (099%):	 Total:0.6965205	 Acc:0.0937500	 lr:0.0001138	 Mean_Total:0.6354248
2021-09-20 00:15:03,296 - ===============================| start validation |===============================
2021-09-20 00:15:17,125 - 	 Total:0.6135128	 Acc:0.2023764
2021-09-20 00:15:17,129 -    ini file updated    
2021-09-20 00:15:17,129 - ===============================|    epoch 51   |===============================
2021-09-20 00:15:17,984 -     0 / 11829 (000%):	 Total:0.4810014	 Acc:0.0937500	 lr:0.0001138	 Mean_Total:0.4810014
2021-09-20 00:16:57,925 -  2365 / 11829 (019%):	 Total:0.5828876	 Acc:0.1875000	 lr:0.0001136	 Mean_Total:0.6322757
2021-09-20 00:18:39,282 -  4730 / 11829 (039%):	 Total:0.5532015	 Acc:0.2500000	 lr:0.0001134	 Mean_Total:0.6330054
2021-09-20 00:20:19,067 -  7095 / 11829 (059%):	 Total:0.8325529	 Acc:0.0937500	 lr:0.0001131	 Mean_Total:0.6328872
2021-09-20 00:21:59,193 -  9460 / 11829 (079%):	 Total:0.5826876	 Acc:0.1875000	 lr:0.0001129	 Mean_Total:0.6335203
2021-09-20 00:23:37,403 - 11825 / 11829 (099%):	 Total:0.5004013	 Acc:0.1250000	 lr:0.0001127	 Mean_Total:0.6338246
2021-09-20 00:23:37,587 - ===============================| start validation |===============================
2021-09-20 00:23:51,337 - 	 Total:0.6127086	 Acc:0.2021150
2021-09-20 00:23:51,340 -    ini file updated    
2021-09-20 00:23:51,354 - Snapshot saved to /data/users/wergillius/UTR_VAE/pth/RL_gru_MTL/vleng_pretrain/vleng-model_best_cv8.pth

2021-09-20 00:23:51,355 -    ini file updated    
2021-09-20 00:23:51,356 - ===============================|    epoch 52   |===============================
2021-09-20 00:23:52,147 -     0 / 11829 (000%):	 Total:0.7279916	 Acc:0.2187500	 lr:0.0001127	 Mean_Total:0.7279916
2021-09-20 00:25:34,055 -  2365 / 11829 (019%):	 Total:0.4662363	 Acc:0.1562500	 lr:0.0001125	 Mean_Total:0.6354867
2021-09-20 00:27:13,749 -  4730 / 11829 (039%):	 Total:0.8021452	 Acc:0.2187500	 lr:0.0001123	 Mean_Total:0.6349494
2021-09-20 00:28:53,970 -  7095 / 11829 (059%):	 Total:0.6772564	 Acc:0.1875000	 lr:0.0001121	 Mean_Total:0.6358468
2021-09-20 00:30:30,168 -  9460 / 11829 (079%):	 Total:0.7346112	 Acc:0.2187500	 lr:0.0001118	 Mean_Total:0.6350615
2021-09-20 00:32:06,585 - 11825 / 11829 (099%):	 Total:0.8419108	 Acc:0.2812500	 lr:0.0001116	 Mean_Total:0.6346174
2021-09-20 00:32:06,762 - ===============================| start validation |===============================
2021-09-20 00:32:20,681 - 	 Total:0.6148034	 Acc:0.2017348
2021-09-20 00:32:20,683 -    ini file updated    
2021-09-20 00:32:20,684 - ===============================|    epoch 53   |===============================
2021-09-20 00:32:21,585 -     0 / 11829 (000%):	 Total:0.6845947	 Acc:0.1250000	 lr:0.0001116	 Mean_Total:0.6845947
2021-09-20 00:33:59,607 -  2365 / 11829 (019%):	 Total:0.5689393	 Acc:0.3437500	 lr:0.0001114	 Mean_Total:0.6335504
2021-09-20 00:35:37,385 -  4730 / 11829 (039%):	 Total:0.5502423	 Acc:0.1875000	 lr:0.0001112	 Mean_Total:0.6323216
2021-09-20 00:37:17,129 -  7095 / 11829 (059%):	 Total:0.5917549	 Acc:0.2500000	 lr:0.0001110	 Mean_Total:0.6331043
2021-09-20 00:38:59,172 -  9460 / 11829 (079%):	 Total:0.4069457	 Acc:0.1875000	 lr:0.0001108	 Mean_Total:0.6336987
2021-09-20 00:40:37,510 - 11825 / 11829 (099%):	 Total:0.6316263	 Acc:0.0625000	 lr:0.0001106	 Mean_Total:0.6340132
2021-09-20 00:40:37,726 - ===============================| start validation |===============================
2021-09-20 00:40:52,594 - 	 Total:0.6151574	 Acc:0.2032795
2021-09-20 00:40:52,599 -    ini file updated    
2021-09-20 00:40:52,599 - ===============================|    epoch 54   |===============================
2021-09-20 00:40:53,567 -     0 / 11829 (000%):	 Total:0.5192980	 Acc:0.2500000	 lr:0.0001106	 Mean_Total:0.5192980
2021-09-20 00:42:36,965 -  2365 / 11829 (019%):	 Total:0.3577750	 Acc:0.2812500	 lr:0.0001104	 Mean_Total:0.6356926
2021-09-20 00:44:17,746 -  4730 / 11829 (039%):	 Total:0.5038615	 Acc:0.2500000	 lr:0.0001102	 Mean_Total:0.6354602
2021-09-20 00:45:59,770 -  7095 / 11829 (059%):	 Total:0.7254511	 Acc:0.1875000	 lr:0.0001100	 Mean_Total:0.6369695
2021-09-20 00:47:38,988 -  9460 / 11829 (079%):	 Total:0.5295042	 Acc:0.3125000	 lr:0.0001098	 Mean_Total:0.6359692
2021-09-20 00:49:05,555 - 11825 / 11829 (099%):	 Total:0.7234192	 Acc:0.1562500	 lr:0.0001096	 Mean_Total:0.6345133
2021-09-20 00:49:05,706 - ===============================| start validation |===============================
2021-09-20 00:49:18,579 - 	 Total:0.6142932	 Acc:0.2034458
2021-09-20 00:49:18,582 -    ini file updated    
2021-09-20 00:49:18,582 - ===============================|    epoch 55   |===============================
2021-09-20 00:49:19,317 -     0 / 11829 (000%):	 Total:0.5305296	 Acc:0.1562500	 lr:0.0001096	 Mean_Total:0.5305296
2021-09-20 00:50:45,286 -  2365 / 11829 (019%):	 Total:0.6765817	 Acc:0.1562500	 lr:0.0001094	 Mean_Total:0.6355993
2021-09-20 00:52:09,706 -  4730 / 11829 (039%):	 Total:0.5296206	 Acc:0.2812500	 lr:0.0001092	 Mean_Total:0.6360531
2021-09-20 00:53:36,332 -  7095 / 11829 (059%):	 Total:0.6203443	 Acc:0.1250000	 lr:0.0001090	 Mean_Total:0.6331611
2021-09-20 00:55:03,496 -  9460 / 11829 (079%):	 Total:0.6954232	 Acc:0.0937500	 lr:0.0001088	 Mean_Total:0.6334580
2021-09-20 00:56:30,042 - 11825 / 11829 (099%):	 Total:0.6089408	 Acc:0.1250000	 lr:0.0001086	 Mean_Total:0.6334639
2021-09-20 00:56:30,201 - ===============================| start validation |===============================
2021-09-20 00:56:42,534 - 	 Total:0.6239562	 Acc:0.2044202
2021-09-20 00:56:42,537 -    ini file updated    
2021-09-20 00:56:42,538 - ===============================|    epoch 56   |===============================
2021-09-20 00:56:43,252 -     0 / 11829 (000%):	 Total:0.6048511	 Acc:0.2500000	 lr:0.0001086	 Mean_Total:0.6048511
2021-09-20 00:58:07,684 -  2365 / 11829 (019%):	 Total:0.7388309	 Acc:0.2812500	 lr:0.0001084	 Mean_Total:0.6353510
2021-09-20 00:59:34,431 -  4730 / 11829 (039%):	 Total:0.3681444	 Acc:0.3125000	 lr:0.0001082	 Mean_Total:0.6350251
2021-09-20 01:01:03,072 -  7095 / 11829 (059%):	 Total:0.4699995	 Acc:0.1562500	 lr:0.0001080	 Mean_Total:0.6360634
2021-09-20 01:02:31,004 -  9460 / 11829 (079%):	 Total:0.9131845	 Acc:0.0312500	 lr:0.0001078	 Mean_Total:0.6352891
2021-09-20 01:04:00,542 - 11825 / 11829 (099%):	 Total:0.4961714	 Acc:0.1562500	 lr:0.0001076	 Mean_Total:0.6344734
2021-09-20 01:04:00,730 - ===============================| start validation |===============================
2021-09-20 01:04:14,189 - 	 Total:0.6134705	 Acc:0.2028279
2021-09-20 01:04:14,192 -    ini file updated    
2021-09-20 01:04:14,193 - ===============================|    epoch 57   |===============================
2021-09-20 01:04:14,954 -     0 / 11829 (000%):	 Total:0.3538992	 Acc:0.2812500	 lr:0.0001076	 Mean_Total:0.3538992
2021-09-20 01:05:39,381 -  2365 / 11829 (019%):	 Total:0.8730304	 Acc:0.0625000	 lr:0.0001075	 Mean_Total:0.6348007
2021-09-20 01:06:58,844 -  4730 / 11829 (039%):	 Total:0.6602893	 Acc:0.1250000	 lr:0.0001073	 Mean_Total:0.6333708
2021-09-20 01:08:19,165 -  7095 / 11829 (059%):	 Total:0.6482498	 Acc:0.2812500	 lr:0.0001071	 Mean_Total:0.6336460
2021-09-20 01:09:38,264 -  9460 / 11829 (079%):	 Total:0.5464494	 Acc:0.1250000	 lr:0.0001069	 Mean_Total:0.6343937
2021-09-20 01:10:56,625 - 11825 / 11829 (099%):	 Total:0.8668227	 Acc:0.1875000	 lr:0.0001067	 Mean_Total:0.6336183
2021-09-20 01:10:56,772 - ===============================| start validation |===============================
2021-09-20 01:11:08,028 - 	 Total:0.6155580	 Acc:0.2032319
2021-09-20 01:11:08,031 -    ini file updated    
2021-09-20 01:11:08,031 - ===============================|    epoch 58   |===============================
2021-09-20 01:11:08,732 -     0 / 11829 (000%):	 Total:0.7365582	 Acc:0.2187500	 lr:0.0001067	 Mean_Total:0.7365582
2021-09-20 01:12:28,303 -  2365 / 11829 (019%):	 Total:0.6045257	 Acc:0.1562500	 lr:0.0001065	 Mean_Total:0.6317144
2021-09-20 01:13:46,695 -  4730 / 11829 (039%):	 Total:0.6721664	 Acc:0.2500000	 lr:0.0001063	 Mean_Total:0.6349757
2021-09-20 01:15:04,732 -  7095 / 11829 (059%):	 Total:1.0292768	 Acc:0.2187500	 lr:0.0001062	 Mean_Total:0.6334445
2021-09-20 01:16:22,412 -  9460 / 11829 (079%):	 Total:0.7793354	 Acc:0.1250000	 lr:0.0001060	 Mean_Total:0.6331804
2021-09-20 01:17:40,235 - 11825 / 11829 (099%):	 Total:0.5832741	 Acc:0.1875000	 lr:0.0001058	 Mean_Total:0.6340823
2021-09-20 01:17:40,370 - ===============================| start validation |===============================
2021-09-20 01:17:51,777 - 	 Total:0.6143255	 Acc:0.2022338
2021-09-20 01:17:51,780 -    ini file updated    
2021-09-20 01:17:51,780 - ===============================|    epoch 59   |===============================
2021-09-20 01:17:52,519 -     0 / 11829 (000%):	 Total:0.6451316	 Acc:0.1875000	 lr:0.0001058	 Mean_Total:0.6451316
2021-09-20 01:19:11,189 -  2365 / 11829 (019%):	 Total:0.6264066	 Acc:0.2187500	 lr:0.0001056	 Mean_Total:0.6324562
2021-09-20 01:20:30,254 -  4730 / 11829 (039%):	 Total:0.3173740	 Acc:0.2812500	 lr:0.0001054	 Mean_Total:0.6327396
2021-09-20 01:21:48,734 -  7095 / 11829 (059%):	 Total:0.5894514	 Acc:0.0937500	 lr:0.0001053	 Mean_Total:0.6340294
2021-09-20 01:23:07,490 -  9460 / 11829 (079%):	 Total:0.3874409	 Acc:0.1875000	 lr:0.0001051	 Mean_Total:0.6338569
2021-09-20 01:24:24,291 - 11825 / 11829 (099%):	 Total:0.7640976	 Acc:0.1250000	 lr:0.0001049	 Mean_Total:0.6341492
2021-09-20 01:24:24,486 - ===============================| start validation |===============================
2021-09-20 01:24:35,067 - 	 Total:0.6136643	 Acc:0.2026616
2021-09-20 01:24:35,070 -    ini file updated    
2021-09-20 01:24:35,070 - ===============================|    epoch 60   |===============================
2021-09-20 01:24:35,801 -     0 / 11829 (000%):	 Total:0.3707988	 Acc:0.3437500	 lr:0.0001049	 Mean_Total:0.3707988
2021-09-20 01:25:55,559 -  2365 / 11829 (019%):	 Total:0.3875816	 Acc:0.2812500	 lr:0.0001047	 Mean_Total:0.6320119
2021-09-20 01:27:15,799 -  4730 / 11829 (039%):	 Total:0.7078177	 Acc:0.1250000	 lr:0.0001046	 Mean_Total:0.6350082
2021-09-20 01:28:41,472 -  7095 / 11829 (059%):	 Total:0.8634303	 Acc:0.1250000	 lr:0.0001044	 Mean_Total:0.6343441
2021-09-20 01:30:07,579 -  9460 / 11829 (079%):	 Total:0.5110991	 Acc:0.1875000	 lr:0.0001042	 Mean_Total:0.6334453
2021-09-20 01:31:34,859 - 11825 / 11829 (099%):	 Total:0.4497133	 Acc:0.1250000	 lr:0.0001041	 Mean_Total:0.6333660
2021-09-20 01:31:35,010 - ===============================| start validation |===============================
2021-09-20 01:31:46,269 - 	 Total:0.6133666	 Acc:0.2041587
2021-09-20 01:31:46,273 -    ini file updated    
