2020-12-08 00:41:31,682 -  	 	 ==============<<< encoder load from >>>============== 	 	 

2020-12-08 00:41:31,684 -  	/data/users/wergillius/UTR_VAE/pth/Conv_VAE_MTL/setting1/pre_train_venc-model_best.pth

2020-12-08 00:41:42,469 - 
===============================|    epoch 0   |===============================

2020-12-08 00:41:44,483 -     0 /  2245 (0.0%): 	 Avg_ACC: 0.0833333 	 lr: 0.000010000	 Total:1.977190375	 TE:1.746121764	 Loop:1.947756052	 Match:213.538818359
2020-12-08 00:42:20,089 -   449 /  2245 (20.0%): 	 Avg_ACC: 0.2500000 	 lr: 0.000010000	 Total:2.128537655	 TE:1.878611088	 Loop:2.230327129	 Match:229.853744507
2020-12-08 00:42:56,992 -   898 /  2245 (40.0%): 	 Avg_ACC: 0.1666667 	 lr: 0.000010000	 Total:2.155861855	 TE:1.854027390	 Loop:2.521612406	 Match:279.140075684
2020-12-08 00:43:34,562 -  1347 /  2245 (60.0%): 	 Avg_ACC: 0.1666667 	 lr: 0.000010000	 Total:1.946525455	 TE:1.738060951	 Loop:1.447090864	 Match:195.440643311
2020-12-08 00:44:15,725 -  1796 /  2245 (80.0%): 	 Avg_ACC: 0.2500000 	 lr: 0.000010000	 Total:1.964973211	 TE:1.730910301	 Loop:1.698960662	 Match:218.772308350
2020-12-08 00:45:31,273 - 
===============================| start validation |===============================

2020-12-08 00:45:31,275 - 	 chimerla_weight: 100.0 	 Avg_ACC: 0.1926157 	  Total:1053.8698262 	  TE:926.9705352 	  Loop:789.2886595 	  Match:119795.6963272
2020-12-08 00:45:31,278 -    ini file updated    
2020-12-08 00:45:31,435 - Snapshot saved to /data/users/wergillius/UTR_VAE/pth/TWO_TASK_AT_MTL/weight_finder_slr/weigt_1_e-2_a01-model_best.pth

2020-12-08 00:45:31,438 -    ini file updated    
2020-12-08 00:45:31,439 - 
===============================|    epoch 1   |===============================

2020-12-08 00:45:33,007 -     0 /  2245 (0.0%): 	 Avg_ACC: 0.2083333 	 lr: 0.000010000	 Total:2.087080240	 TE:1.846724153	 Loop:2.401007652	 Match:218.746917725
2020-12-08 00:46:17,376 -   449 /  2245 (20.0%): 	 Avg_ACC: 0.2083333 	 lr: 0.000010000	 Total:1.969346285	 TE:1.774219036	 Loop:1.472519875	 Match:181.874557495
2020-12-08 00:47:01,139 -   898 /  2245 (40.0%): 	 Avg_ACC: 0.2500000 	 lr: 0.000010000	 Total:1.817941189	 TE:1.661704183	 Loop:1.327954769	 Match:144.285476685
2020-12-08 00:47:47,938 -  1347 /  2245 (60.0%): 	 Avg_ACC: 0.2083333 	 lr: 0.000010000	 Total:1.974351525	 TE:1.775699496	 Loop:1.616801023	 Match:184.100799561
2020-12-08 00:48:37,084 -  1796 /  2245 (80.0%): 	 Avg_ACC: 0.3333333 	 lr: 0.000010000	 Total:1.720522165	 TE:1.544417381	 Loop:1.357098579	 Match:163.890960693
2020-12-08 00:49:22,708 - 
===============================|    epoch 2   |===============================

2020-12-08 00:49:24,129 -     0 /  2245 (0.0%): 	 Avg_ACC: 0.2500000 	 lr: 0.000010000	 Total:1.985467196	 TE:1.810311317	 Loop:1.484960437	 Match:161.791229248
2020-12-08 00:50:08,988 -   449 /  2245 (20.0%): 	 Avg_ACC: 0.1666667 	 lr: 0.000010000	 Total:1.913839102	 TE:1.713975549	 Loop:1.702136397	 Match:184.544281006
