2021-08-03 11:49:31,150 -  	 	 ==============<<< encoder load from >>>============== 	 	 

2021-08-03 11:49:31,150 -  	/data/users/wergillius/UTR_VAE/pth/RL_gru_MTL/ds4rl_vleng/big_RL_gru-model_best.pth

2021-08-03 11:49:37,794 - 
===============================|    epoch 0   |===============================

2021-08-03 11:49:39,162 -     0 /  2109 (0.0%):	 Total:0.1538365	 Acc:0.2187500	 Mean_Total:0.1538365
2021-08-03 11:49:49,342 -   421 /  2109 (20.0%):	 Total:0.2815452	 Acc:0.4375000	 Mean_Total:0.1810313
2021-08-03 11:49:59,822 -   842 /  2109 (39.9%):	 Total:0.0953539	 Acc:0.5625000	 Mean_Total:0.1883146
2021-08-03 11:50:10,578 -  1263 /  2109 (59.9%):	 Total:0.3180813	 Acc:0.2812500	 Mean_Total:0.1955808
2021-08-03 11:50:21,784 -  1684 /  2109 (79.8%):	 Total:0.3564568	 Acc:0.1562500	 Mean_Total:0.2112999
2021-08-03 11:50:32,817 -  2105 /  2109 (99.8%):	 Total:0.4686093	 Acc:0.2812500	 Mean_Total:0.2409835
2021-08-03 11:50:36,296 - 
===============================| start validation |===============================

2021-08-03 11:50:36,297 - 	 Total:0.2189250	 Acc:0.4289530
2021-08-03 11:50:36,302 -    ini file updated    
2021-08-03 11:50:36,336 - Snapshot saved to /data/users/wergillius/UTR_VAE/pth/RL_gru_MTL/ds4rl_human_reset/vleng_model_h_ds_lr01-model_best.pth

2021-08-03 11:50:36,337 -    ini file updated    
2021-08-03 11:50:36,337 - 
===============================|    epoch 1   |===============================

2021-08-03 11:50:37,194 -     0 /  2109 (0.0%):	 Total:0.2268637	 Acc:0.3437500	 Mean_Total:0.2268637
2021-08-03 11:50:49,255 -   421 /  2109 (20.0%):	 Total:0.1583018	 Acc:0.4375000	 Mean_Total:0.1543344
2021-08-03 11:50:59,711 -   842 /  2109 (39.9%):	 Total:0.1586994	 Acc:0.6250000	 Mean_Total:0.1640790
2021-08-03 11:51:09,474 -  1263 /  2109 (59.9%):	 Total:0.4249342	 Acc:0.5312500	 Mean_Total:0.1734772
2021-08-03 11:51:19,223 -  1684 /  2109 (79.8%):	 Total:0.2455408	 Acc:0.3437500	 Mean_Total:0.1903601
2021-08-03 11:51:29,309 -  2105 /  2109 (99.8%):	 Total:0.5447189	 Acc:0.1250000	 Mean_Total:0.2205186
2021-08-03 11:51:29,535 - 
===============================|    epoch 2   |===============================

2021-08-03 11:51:30,216 -     0 /  2109 (0.0%):	 Total:0.1138995	 Acc:0.5312500	 Mean_Total:0.1138995
2021-08-03 11:51:39,706 -   421 /  2109 (20.0%):	 Total:0.0774361	 Acc:0.6875000	 Mean_Total:0.1423587
2021-08-03 11:51:49,511 -   842 /  2109 (39.9%):	 Total:0.0829063	 Acc:0.4687500	 Mean_Total:0.1527079
2021-08-03 11:51:59,929 -  1263 /  2109 (59.9%):	 Total:0.2379418	 Acc:0.3437500	 Mean_Total:0.1636571
2021-08-03 11:52:10,394 -  1684 /  2109 (79.8%):	 Total:0.3551988	 Acc:0.2187500	 Mean_Total:0.1803270
2021-08-03 11:52:21,003 -  2105 /  2109 (99.8%):	 Total:0.4417643	 Acc:0.3125000	 Mean_Total:0.2098832
2021-08-03 11:52:24,442 - 
===============================| start validation |===============================

2021-08-03 11:52:24,443 - 	 Total:0.2022070	 Acc:0.4380342
2021-08-03 11:52:24,446 -    ini file updated    
2021-08-03 11:52:24,473 - Snapshot saved to /data/users/wergillius/UTR_VAE/pth/RL_gru_MTL/ds4rl_human_reset/vleng_model_h_ds_lr01-model_best.pth

2021-08-03 11:52:24,473 -    ini file updated    
2021-08-03 11:52:24,474 - 
===============================|    epoch 3   |===============================

2021-08-03 11:52:25,096 -     0 /  2109 (0.0%):	 Total:0.1074908	 Acc:0.5625000	 Mean_Total:0.1074908
2021-08-03 11:52:35,214 -   421 /  2109 (20.0%):	 Total:0.2534344	 Acc:0.5625000	 Mean_Total:0.1326860
2021-08-03 11:52:45,255 -   842 /  2109 (39.9%):	 Total:0.1588715	 Acc:0.4687500	 Mean_Total:0.1445156
2021-08-03 11:52:55,163 -  1263 /  2109 (59.9%):	 Total:0.1153701	 Acc:0.5312500	 Mean_Total:0.1559222
2021-08-03 11:53:05,018 -  1684 /  2109 (79.8%):	 Total:0.4454959	 Acc:0.3125000	 Mean_Total:0.1724873
2021-08-03 11:53:14,828 -  2105 /  2109 (99.8%):	 Total:0.3674000	 Acc:0.1875000	 Mean_Total:0.2017001
2021-08-03 11:53:15,050 - 
===============================|    epoch 4   |===============================

2021-08-03 11:53:15,649 -     0 /  2109 (0.0%):	 Total:0.1622717	 Acc:0.5000000	 Mean_Total:0.1622717
2021-08-03 11:53:25,535 -   421 /  2109 (20.0%):	 Total:0.0884044	 Acc:0.5625000	 Mean_Total:0.1295755
2021-08-03 11:53:35,544 -   842 /  2109 (39.9%):	 Total:0.0687384	 Acc:0.5312500	 Mean_Total:0.1411887
2021-08-03 11:53:45,638 -  1263 /  2109 (59.9%):	 Total:0.3439278	 Acc:0.5000000	 Mean_Total:0.1513331
2021-08-03 11:53:55,701 -  1684 /  2109 (79.8%):	 Total:0.1418536	 Acc:0.3437500	 Mean_Total:0.1677131
2021-08-03 11:54:05,739 -  2105 /  2109 (99.8%):	 Total:0.2832218	 Acc:0.2500000	 Mean_Total:0.1961274
2021-08-03 11:54:08,770 - 
===============================| start validation |===============================

2021-08-03 11:54:08,771 - 	 Total:0.1924292	 Acc:0.4451122
2021-08-03 11:54:08,774 -    ini file updated    
2021-08-03 11:54:08,798 - Snapshot saved to /data/users/wergillius/UTR_VAE/pth/RL_gru_MTL/ds4rl_human_reset/vleng_model_h_ds_lr01-model_best.pth

2021-08-03 11:54:08,799 -    ini file updated    
2021-08-03 11:54:08,799 - 
===============================|    epoch 5   |===============================

2021-08-03 11:54:09,411 -     0 /  2109 (0.0%):	 Total:0.1054864	 Acc:0.5937500	 Mean_Total:0.1054864
2021-08-03 11:54:19,538 -   421 /  2109 (20.0%):	 Total:0.1129974	 Acc:0.5625000	 Mean_Total:0.1247629
2021-08-03 11:54:29,571 -   842 /  2109 (39.9%):	 Total:0.1511028	 Acc:0.3437500	 Mean_Total:0.1347833
2021-08-03 11:54:39,679 -  1263 /  2109 (59.9%):	 Total:0.1338428	 Acc:0.3750000	 Mean_Total:0.1462339
2021-08-03 11:54:49,850 -  1684 /  2109 (79.8%):	 Total:0.1429656	 Acc:0.4375000	 Mean_Total:0.1626820
2021-08-03 11:55:00,282 -  2105 /  2109 (99.8%):	 Total:0.3446261	 Acc:0.1875000	 Mean_Total:0.1910775
2021-08-03 11:55:00,484 - 
===============================|    epoch 6   |===============================

2021-08-03 11:55:01,055 -     0 /  2109 (0.0%):	 Total:0.0787743	 Acc:0.5937500	 Mean_Total:0.0787743
2021-08-03 11:55:10,927 -   421 /  2109 (20.0%):	 Total:0.0557213	 Acc:0.6562500	 Mean_Total:0.1202303
2021-08-03 11:55:21,006 -   842 /  2109 (39.9%):	 Total:0.1436794	 Acc:0.4375000	 Mean_Total:0.1326953
2021-08-03 11:55:30,989 -  1263 /  2109 (59.9%):	 Total:0.0978976	 Acc:0.5625000	 Mean_Total:0.1429114
2021-08-03 11:55:40,819 -  1684 /  2109 (79.8%):	 Total:0.3491177	 Acc:0.4062500	 Mean_Total:0.1598632
2021-08-03 11:55:50,503 -  2105 /  2109 (99.8%):	 Total:0.2819904	 Acc:0.2812500	 Mean_Total:0.1870654
2021-08-03 11:55:53,686 - 
===============================| start validation |===============================

2021-08-03 11:55:53,687 - 	 Total:0.1882030	 Acc:0.4439103
2021-08-03 11:55:53,689 -    ini file updated    
2021-08-03 11:55:53,713 - Snapshot saved to /data/users/wergillius/UTR_VAE/pth/RL_gru_MTL/ds4rl_human_reset/vleng_model_h_ds_lr01-model_best.pth

2021-08-03 11:55:53,714 -    ini file updated    
2021-08-03 11:55:53,714 - 
===============================|    epoch 7   |===============================

2021-08-03 11:55:54,270 -     0 /  2109 (0.0%):	 Total:0.0611174	 Acc:0.5937500	 Mean_Total:0.0611174
2021-08-03 11:56:04,381 -   421 /  2109 (20.0%):	 Total:0.0792290	 Acc:0.6562500	 Mean_Total:0.1169232
2021-08-03 11:56:14,457 -   842 /  2109 (39.9%):	 Total:0.0996074	 Acc:0.4687500	 Mean_Total:0.1300201
2021-08-03 11:56:24,243 -  1263 /  2109 (59.9%):	 Total:0.0944403	 Acc:0.5000000	 Mean_Total:0.1403734
2021-08-03 11:56:34,097 -  1684 /  2109 (79.8%):	 Total:0.1004059	 Acc:0.5312500	 Mean_Total:0.1569181
2021-08-03 11:56:44,223 -  2105 /  2109 (99.8%):	 Total:0.2870019	 Acc:0.2812500	 Mean_Total:0.1840897
2021-08-03 11:56:44,461 - 
===============================|    epoch 8   |===============================

2021-08-03 11:56:45,100 -     0 /  2109 (0.0%):	 Total:0.0720228	 Acc:0.7500000	 Mean_Total:0.0720228
2021-08-03 11:56:55,284 -   421 /  2109 (20.0%):	 Total:0.0965583	 Acc:0.3437500	 Mean_Total:0.1141372
2021-08-03 11:57:05,709 -   842 /  2109 (39.9%):	 Total:0.0698847	 Acc:0.4687500	 Mean_Total:0.1253634
2021-08-03 11:57:16,072 -  1263 /  2109 (59.9%):	 Total:0.0869294	 Acc:0.5312500	 Mean_Total:0.1368557
2021-08-03 11:57:26,206 -  1684 /  2109 (79.8%):	 Total:0.1584838	 Acc:0.4375000	 Mean_Total:0.1529287
2021-08-03 11:57:36,256 -  2105 /  2109 (99.8%):	 Total:0.5317438	 Acc:0.2187500	 Mean_Total:0.1800204
2021-08-03 11:57:39,306 - 
===============================| start validation |===============================

2021-08-03 11:57:39,307 - 	 Total:0.1832864	 Acc:0.4501870
2021-08-03 11:57:39,310 -    ini file updated    
2021-08-03 11:57:39,336 - Snapshot saved to /data/users/wergillius/UTR_VAE/pth/RL_gru_MTL/ds4rl_human_reset/vleng_model_h_ds_lr01-model_best.pth

2021-08-03 11:57:39,337 -    ini file updated    
2021-08-03 11:57:39,337 - 
===============================|    epoch 9   |===============================

2021-08-03 11:57:39,936 -     0 /  2109 (0.0%):	 Total:0.1133882	 Acc:0.7187500	 Mean_Total:0.1133882
2021-08-03 11:57:49,928 -   421 /  2109 (20.0%):	 Total:0.1702298	 Acc:0.5312500	 Mean_Total:0.1144475
2021-08-03 11:57:59,998 -   842 /  2109 (39.9%):	 Total:0.1819829	 Acc:0.3437500	 Mean_Total:0.1250459
2021-08-03 11:58:10,011 -  1263 /  2109 (59.9%):	 Total:0.2034559	 Acc:0.3750000	 Mean_Total:0.1355813
2021-08-03 11:58:20,061 -  1684 /  2109 (79.8%):	 Total:0.2140059	 Acc:0.4687500	 Mean_Total:0.1509008
2021-08-03 11:58:29,884 -  2105 /  2109 (99.8%):	 Total:0.2397453	 Acc:0.3437500	 Mean_Total:0.1777794
2021-08-03 11:58:30,150 - 
===============================|    epoch 10   |===============================

2021-08-03 11:58:30,750 -     0 /  2109 (0.0%):	 Total:0.0666257	 Acc:0.5312500	 Mean_Total:0.0666257
2021-08-03 11:58:40,171 -   421 /  2109 (20.0%):	 Total:0.1148037	 Acc:0.5625000	 Mean_Total:0.1104767
2021-08-03 11:58:49,667 -   842 /  2109 (39.9%):	 Total:0.3772247	 Acc:0.4375000	 Mean_Total:0.1212695
2021-08-03 11:58:59,283 -  1263 /  2109 (59.9%):	 Total:0.2501787	 Acc:0.2187500	 Mean_Total:0.1316943
2021-08-03 11:59:08,845 -  1684 /  2109 (79.8%):	 Total:0.6136630	 Acc:0.3750000	 Mean_Total:0.1472176
2021-08-03 11:59:18,401 -  2105 /  2109 (99.8%):	 Total:0.3360323	 Acc:0.3437500	 Mean_Total:0.1738927
2021-08-03 11:59:21,227 - 
===============================| start validation |===============================

2021-08-03 11:59:21,228 - 	 Total:0.1799806	 Acc:0.4529915
2021-08-03 11:59:21,231 -    ini file updated    
2021-08-03 11:59:21,252 - Snapshot saved to /data/users/wergillius/UTR_VAE/pth/RL_gru_MTL/ds4rl_human_reset/vleng_model_h_ds_lr01-model_best.pth

2021-08-03 11:59:21,253 -    ini file updated    
2021-08-03 11:59:21,253 - 
===============================|    epoch 11   |===============================

2021-08-03 11:59:21,853 -     0 /  2109 (0.0%):	 Total:0.1222582	 Acc:0.5625000	 Mean_Total:0.1222582
2021-08-03 11:59:31,331 -   421 /  2109 (20.0%):	 Total:0.1192326	 Acc:0.5937500	 Mean_Total:0.1072490
2021-08-03 11:59:40,826 -   842 /  2109 (39.9%):	 Total:0.0685124	 Acc:0.5625000	 Mean_Total:0.1198003
2021-08-03 11:59:50,424 -  1263 /  2109 (59.9%):	 Total:0.1473239	 Acc:0.3437500	 Mean_Total:0.1299186
2021-08-03 11:59:59,978 -  1684 /  2109 (79.8%):	 Total:0.2728928	 Acc:0.3750000	 Mean_Total:0.1459895
2021-08-03 12:00:09,563 -  2105 /  2109 (99.8%):	 Total:0.3236811	 Acc:0.2187500	 Mean_Total:0.1725759
2021-08-03 12:00:09,761 - 
===============================|    epoch 12   |===============================

2021-08-03 12:00:10,405 -     0 /  2109 (0.0%):	 Total:0.0455635	 Acc:0.7500000	 Mean_Total:0.0455635
2021-08-03 12:00:20,408 -   421 /  2109 (20.0%):	 Total:0.0896177	 Acc:0.4375000	 Mean_Total:0.1052408
2021-08-03 12:00:30,355 -   842 /  2109 (39.9%):	 Total:0.1021953	 Acc:0.4375000	 Mean_Total:0.1176259
2021-08-03 12:00:40,315 -  1263 /  2109 (59.9%):	 Total:0.3088433	 Acc:0.4687500	 Mean_Total:0.1278173
2021-08-03 12:00:49,995 -  1684 /  2109 (79.8%):	 Total:0.4525645	 Acc:0.3750000	 Mean_Total:0.1431839
2021-08-03 12:00:59,881 -  2105 /  2109 (99.8%):	 Total:0.3481328	 Acc:0.1875000	 Mean_Total:0.1701298
2021-08-03 12:01:02,926 - 
===============================| start validation |===============================

2021-08-03 12:01:02,927 - 	 Total:0.1771693	 Acc:0.4568643
2021-08-03 12:01:02,930 -    ini file updated    
2021-08-03 12:01:02,950 - Snapshot saved to /data/users/wergillius/UTR_VAE/pth/RL_gru_MTL/ds4rl_human_reset/vleng_model_h_ds_lr01-model_best.pth

2021-08-03 12:01:02,951 -    ini file updated    
2021-08-03 12:01:02,951 - 
===============================|    epoch 13   |===============================

2021-08-03 12:01:03,634 -     0 /  2109 (0.0%):	 Total:0.1174852	 Acc:0.5625000	 Mean_Total:0.1174852
2021-08-03 12:01:13,310 -   421 /  2109 (20.0%):	 Total:0.1770938	 Acc:0.4375000	 Mean_Total:0.1029831
2021-08-03 12:01:23,084 -   842 /  2109 (39.9%):	 Total:0.4446723	 Acc:0.4375000	 Mean_Total:0.1164291
2021-08-03 12:01:33,146 -  1263 /  2109 (59.9%):	 Total:0.0923989	 Acc:0.5312500	 Mean_Total:0.1271072
2021-08-03 12:01:43,331 -  1684 /  2109 (79.8%):	 Total:0.3786625	 Acc:0.4375000	 Mean_Total:0.1420102
2021-08-03 12:01:53,402 -  2105 /  2109 (99.8%):	 Total:0.1970775	 Acc:0.4687500	 Mean_Total:0.1680613
2021-08-03 12:01:53,610 - 
===============================|    epoch 14   |===============================

2021-08-03 12:01:54,236 -     0 /  2109 (0.0%):	 Total:0.1796651	 Acc:0.6250000	 Mean_Total:0.1796651
2021-08-03 12:02:03,923 -   421 /  2109 (20.0%):	 Total:0.2203605	 Acc:0.4062500	 Mean_Total:0.1040357
2021-08-03 12:02:13,496 -   842 /  2109 (39.9%):	 Total:0.1548705	 Acc:0.3750000	 Mean_Total:0.1152719
2021-08-03 12:02:23,547 -  1263 /  2109 (59.9%):	 Total:0.3446489	 Acc:0.3750000	 Mean_Total:0.1253384
2021-08-03 12:02:33,477 -  1684 /  2109 (79.8%):	 Total:0.1440545	 Acc:0.4687500	 Mean_Total:0.1408365
2021-08-03 12:02:43,368 -  2105 /  2109 (99.8%):	 Total:0.3844650	 Acc:0.0937500	 Mean_Total:0.1665954
2021-08-03 12:02:46,480 - 
===============================| start validation |===============================

2021-08-03 12:02:46,482 - 	 Total:0.1746554	 Acc:0.4586004
2021-08-03 12:02:46,488 -    ini file updated    
2021-08-03 12:02:46,509 - Snapshot saved to /data/users/wergillius/UTR_VAE/pth/RL_gru_MTL/ds4rl_human_reset/vleng_model_h_ds_lr01-model_best.pth

2021-08-03 12:02:46,510 -    ini file updated    
2021-08-03 12:02:46,510 - 
===============================|    epoch 15   |===============================

2021-08-03 12:02:47,182 -     0 /  2109 (0.0%):	 Total:0.0458462	 Acc:0.6562500	 Mean_Total:0.0458462
2021-08-03 12:02:56,547 -   421 /  2109 (20.0%):	 Total:0.0829128	 Acc:0.4062500	 Mean_Total:0.1013225
2021-08-03 12:03:06,263 -   842 /  2109 (39.9%):	 Total:0.1257547	 Acc:0.6250000	 Mean_Total:0.1131459
2021-08-03 12:03:15,830 -  1263 /  2109 (59.9%):	 Total:0.1348400	 Acc:0.5312500	 Mean_Total:0.1235144
2021-08-03 12:03:25,279 -  1684 /  2109 (79.8%):	 Total:0.1827893	 Acc:0.3437500	 Mean_Total:0.1390946
2021-08-03 12:03:34,644 -  2105 /  2109 (99.8%):	 Total:0.3205961	 Acc:0.1875000	 Mean_Total:0.1645795
2021-08-03 12:03:34,847 - 
===============================|    epoch 16   |===============================

2021-08-03 12:03:35,462 -     0 /  2109 (0.0%):	 Total:0.0770702	 Acc:0.5000000	 Mean_Total:0.0770702
2021-08-03 12:03:45,171 -   421 /  2109 (20.0%):	 Total:0.3804980	 Acc:0.5312500	 Mean_Total:0.1011443
2021-08-03 12:03:54,884 -   842 /  2109 (39.9%):	 Total:0.1093048	 Acc:0.4687500	 Mean_Total:0.1128142
2021-08-03 12:04:04,395 -  1263 /  2109 (59.9%):	 Total:0.4751435	 Acc:0.2812500	 Mean_Total:0.1233111
2021-08-03 12:04:14,046 -  1684 /  2109 (79.8%):	 Total:0.4737776	 Acc:0.3437500	 Mean_Total:0.1376659
2021-08-03 12:04:23,607 -  2105 /  2109 (99.8%):	 Total:0.2861590	 Acc:0.3125000	 Mean_Total:0.1631842
2021-08-03 12:04:26,482 - 
===============================| start validation |===============================

2021-08-03 12:04:26,483 - 	 Total:0.1720914	 Acc:0.4600694
2021-08-03 12:04:26,485 -    ini file updated    
2021-08-03 12:04:26,505 - Snapshot saved to /data/users/wergillius/UTR_VAE/pth/RL_gru_MTL/ds4rl_human_reset/vleng_model_h_ds_lr01-model_best.pth

2021-08-03 12:04:26,506 -    ini file updated    
2021-08-03 12:04:26,506 - 
===============================|    epoch 17   |===============================

2021-08-03 12:04:27,123 -     0 /  2109 (0.0%):	 Total:0.0680941	 Acc:0.6875000	 Mean_Total:0.0680941
2021-08-03 12:04:36,932 -   421 /  2109 (20.0%):	 Total:0.0828698	 Acc:0.5937500	 Mean_Total:0.1000108
2021-08-03 12:04:46,591 -   842 /  2109 (39.9%):	 Total:0.3222895	 Acc:0.5625000	 Mean_Total:0.1112226
2021-08-03 12:04:56,305 -  1263 /  2109 (59.9%):	 Total:0.1072535	 Acc:0.4687500	 Mean_Total:0.1203671
2021-08-03 12:05:05,933 -  1684 /  2109 (79.8%):	 Total:0.1085151	 Acc:0.4062500	 Mean_Total:0.1360446
2021-08-03 12:05:15,783 -  2105 /  2109 (99.8%):	 Total:0.2421033	 Acc:0.1875000	 Mean_Total:0.1613235
2021-08-03 12:05:16,000 - 
===============================|    epoch 18   |===============================

2021-08-03 12:05:16,578 -     0 /  2109 (0.0%):	 Total:0.0594947	 Acc:0.6562500	 Mean_Total:0.0594947
2021-08-03 12:05:26,112 -   421 /  2109 (20.0%):	 Total:0.0839508	 Acc:0.6875000	 Mean_Total:0.0972353
2021-08-03 12:05:35,662 -   842 /  2109 (39.9%):	 Total:0.1160083	 Acc:0.4062500	 Mean_Total:0.1093923
2021-08-03 12:05:45,463 -  1263 /  2109 (59.9%):	 Total:0.3095983	 Acc:0.4062500	 Mean_Total:0.1197570
2021-08-03 12:05:55,359 -  1684 /  2109 (79.8%):	 Total:0.1935004	 Acc:0.3750000	 Mean_Total:0.1344599
2021-08-03 12:06:05,511 -  2105 /  2109 (99.8%):	 Total:0.4433173	 Acc:0.2500000	 Mean_Total:0.1589610
2021-08-03 12:06:08,717 - 
===============================| start validation |===============================

2021-08-03 12:06:08,718 - 	 Total:0.1703735	 Acc:0.4639423
2021-08-03 12:06:08,720 -    ini file updated    
2021-08-03 12:06:08,742 - Snapshot saved to /data/users/wergillius/UTR_VAE/pth/RL_gru_MTL/ds4rl_human_reset/vleng_model_h_ds_lr01-model_best.pth

2021-08-03 12:06:08,743 -    ini file updated    
2021-08-03 12:06:08,743 - 
===============================|    epoch 19   |===============================

2021-08-03 12:06:09,361 -     0 /  2109 (0.0%):	 Total:0.0819237	 Acc:0.5937500	 Mean_Total:0.0819237
2021-08-03 12:06:18,977 -   421 /  2109 (20.0%):	 Total:0.0328136	 Acc:0.7812500	 Mean_Total:0.0948732
2021-08-03 12:06:28,607 -   842 /  2109 (39.9%):	 Total:0.1223709	 Acc:0.5312500	 Mean_Total:0.1083727
2021-08-03 12:06:38,482 -  1263 /  2109 (59.9%):	 Total:0.1364834	 Acc:0.4062500	 Mean_Total:0.1186982
2021-08-03 12:06:48,126 -  1684 /  2109 (79.8%):	 Total:0.2174296	 Acc:0.4375000	 Mean_Total:0.1332535
2021-08-03 12:06:57,811 -  2105 /  2109 (99.8%):	 Total:0.3109038	 Acc:0.2500000	 Mean_Total:0.1580156
2021-08-03 12:06:58,030 - 
===============================|    epoch 20   |===============================

2021-08-03 12:06:58,692 -     0 /  2109 (0.0%):	 Total:0.0801174	 Acc:0.5312500	 Mean_Total:0.0801174
2021-08-03 12:07:08,363 -   421 /  2109 (20.0%):	 Total:0.0578823	 Acc:0.5312500	 Mean_Total:0.0932457
2021-08-03 12:07:18,077 -   842 /  2109 (39.9%):	 Total:0.0961516	 Acc:0.5937500	 Mean_Total:0.1070998
2021-08-03 12:07:27,954 -  1263 /  2109 (59.9%):	 Total:0.1191939	 Acc:0.4687500	 Mean_Total:0.1165626
2021-08-03 12:07:37,772 -  1684 /  2109 (79.8%):	 Total:0.2432106	 Acc:0.2500000	 Mean_Total:0.1313041
2021-08-03 12:07:47,470 -  2105 /  2109 (99.8%):	 Total:0.3350825	 Acc:0.2187500	 Mean_Total:0.1565934
2021-08-03 12:07:50,335 - 
===============================| start validation |===============================

2021-08-03 12:07:50,336 - 	 Total:0.1694751	 Acc:0.4628739
2021-08-03 12:07:50,338 -    ini file updated    
2021-08-03 12:07:50,359 - Snapshot saved to /data/users/wergillius/UTR_VAE/pth/RL_gru_MTL/ds4rl_human_reset/vleng_model_h_ds_lr01-model_best.pth

2021-08-03 12:07:50,360 -    ini file updated    
2021-08-03 12:07:50,360 - 
===============================|    epoch 21   |===============================

2021-08-03 12:07:50,930 -     0 /  2109 (0.0%):	 Total:0.0441526	 Acc:0.6875000	 Mean_Total:0.0441526
2021-08-03 12:08:00,234 -   421 /  2109 (20.0%):	 Total:0.0808066	 Acc:0.5625000	 Mean_Total:0.0934945
2021-08-03 12:08:09,886 -   842 /  2109 (39.9%):	 Total:0.0565461	 Acc:0.5312500	 Mean_Total:0.1049475
2021-08-03 12:08:19,450 -  1263 /  2109 (59.9%):	 Total:0.1718149	 Acc:0.3750000	 Mean_Total:0.1153154
2021-08-03 12:08:29,216 -  1684 /  2109 (79.8%):	 Total:0.2338852	 Acc:0.2812500	 Mean_Total:0.1297971
2021-08-03 12:08:39,279 -  2105 /  2109 (99.8%):	 Total:0.3821028	 Acc:0.1875000	 Mean_Total:0.1544683
2021-08-03 12:08:39,498 - 
===============================|    epoch 22   |===============================

2021-08-03 12:08:40,093 -     0 /  2109 (0.0%):	 Total:0.0953226	 Acc:0.5937500	 Mean_Total:0.0953226
2021-08-03 12:08:49,271 -   421 /  2109 (20.0%):	 Total:0.0564013	 Acc:0.5625000	 Mean_Total:0.0921743
2021-08-03 12:08:58,416 -   842 /  2109 (39.9%):	 Total:0.0593208	 Acc:0.6250000	 Mean_Total:0.1048990
2021-08-03 12:09:07,768 -  1263 /  2109 (59.9%):	 Total:0.1543424	 Acc:0.4375000	 Mean_Total:0.1144228
2021-08-03 12:09:16,962 -  1684 /  2109 (79.8%):	 Total:0.1449645	 Acc:0.4687500	 Mean_Total:0.1286984
2021-08-03 12:09:26,358 -  2105 /  2109 (99.8%):	 Total:0.2361808	 Acc:0.2500000	 Mean_Total:0.1529853
2021-08-03 12:09:29,326 - 
===============================| start validation |===============================

2021-08-03 12:09:29,328 - 	 Total:0.1682587	 Acc:0.4659455
2021-08-03 12:09:29,332 -    ini file updated    
2021-08-03 12:09:29,354 - Snapshot saved to /data/users/wergillius/UTR_VAE/pth/RL_gru_MTL/ds4rl_human_reset/vleng_model_h_ds_lr01-model_best.pth

2021-08-03 12:09:29,355 -    ini file updated    
2021-08-03 12:09:29,356 - 
===============================|    epoch 23   |===============================

2021-08-03 12:09:29,969 -     0 /  2109 (0.0%):	 Total:0.1031561	 Acc:0.4687500	 Mean_Total:0.1031561
2021-08-03 12:09:39,557 -   421 /  2109 (20.0%):	 Total:0.0936307	 Acc:0.6250000	 Mean_Total:0.0934284
2021-08-03 12:09:49,019 -   842 /  2109 (39.9%):	 Total:0.3564948	 Acc:0.3750000	 Mean_Total:0.1050020
2021-08-03 12:09:58,332 -  1263 /  2109 (59.9%):	 Total:0.1551029	 Acc:0.5312500	 Mean_Total:0.1148913
2021-08-03 12:10:07,755 -  1684 /  2109 (79.8%):	 Total:0.1122779	 Acc:0.4687500	 Mean_Total:0.1280608
2021-08-03 12:10:17,227 -  2105 /  2109 (99.8%):	 Total:0.2887014	 Acc:0.2500000	 Mean_Total:0.1528094
2021-08-03 12:10:17,421 - 
===============================|    epoch 24   |===============================

2021-08-03 12:10:18,063 -     0 /  2109 (0.0%):	 Total:0.0778633	 Acc:0.5937500	 Mean_Total:0.0778633
2021-08-03 12:10:28,278 -   421 /  2109 (20.0%):	 Total:0.0767127	 Acc:0.5937500	 Mean_Total:0.0905373
2021-08-03 12:10:38,398 -   842 /  2109 (39.9%):	 Total:0.1378402	 Acc:0.4687500	 Mean_Total:0.1025605
2021-08-03 12:10:48,499 -  1263 /  2109 (59.9%):	 Total:0.1079873	 Acc:0.4687500	 Mean_Total:0.1123841
2021-08-03 12:10:58,583 -  1684 /  2109 (79.8%):	 Total:0.1860235	 Acc:0.3750000	 Mean_Total:0.1265794
2021-08-03 12:11:08,911 -  2105 /  2109 (99.8%):	 Total:0.2324907	 Acc:0.1875000	 Mean_Total:0.1505906
2021-08-03 12:11:12,008 - 
===============================| start validation |===============================

2021-08-03 12:11:12,009 - 	 Total:0.1680483	 Acc:0.4642094
2021-08-03 12:11:12,011 -    ini file updated    
2021-08-03 12:11:12,032 - Snapshot saved to /data/users/wergillius/UTR_VAE/pth/RL_gru_MTL/ds4rl_human_reset/vleng_model_h_ds_lr01-model_best.pth

2021-08-03 12:11:12,032 -    ini file updated    
2021-08-03 12:11:12,032 - 
===============================|    epoch 25   |===============================

2021-08-03 12:11:12,624 -     0 /  2109 (0.0%):	 Total:0.0705918	 Acc:0.5312500	 Mean_Total:0.0705918
2021-08-03 12:11:22,653 -   421 /  2109 (20.0%):	 Total:0.0547741	 Acc:0.6250000	 Mean_Total:0.0919259
2021-08-03 12:11:32,626 -   842 /  2109 (39.9%):	 Total:0.1512271	 Acc:0.5000000	 Mean_Total:0.1017432
2021-08-03 12:11:42,778 -  1263 /  2109 (59.9%):	 Total:0.1043433	 Acc:0.4687500	 Mean_Total:0.1114239
2021-08-03 12:11:53,083 -  1684 /  2109 (79.8%):	 Total:0.0970250	 Acc:0.5937500	 Mean_Total:0.1251959
2021-08-03 12:12:03,247 -  2105 /  2109 (99.8%):	 Total:0.4094284	 Acc:0.2812500	 Mean_Total:0.1491284
2021-08-03 12:12:03,455 - 
===============================|    epoch 26   |===============================

2021-08-03 12:12:04,028 -     0 /  2109 (0.0%):	 Total:0.0810202	 Acc:0.6562500	 Mean_Total:0.0810202
2021-08-03 12:12:13,940 -   421 /  2109 (20.0%):	 Total:0.0993067	 Acc:0.6250000	 Mean_Total:0.0899828
2021-08-03 12:12:23,747 -   842 /  2109 (39.9%):	 Total:0.0512027	 Acc:0.6250000	 Mean_Total:0.1009904
2021-08-03 12:12:33,661 -  1263 /  2109 (59.9%):	 Total:0.0751647	 Acc:0.5937500	 Mean_Total:0.1103815
2021-08-03 12:12:43,506 -  1684 /  2109 (79.8%):	 Total:0.1118629	 Acc:0.4687500	 Mean_Total:0.1240955
2021-08-03 12:12:53,105 -  2105 /  2109 (99.8%):	 Total:0.3734895	 Acc:0.2812500	 Mean_Total:0.1475687
2021-08-03 12:12:56,314 - 
===============================| start validation |===============================

2021-08-03 12:12:56,315 - 	 Total:0.1663343	 Acc:0.4660791
2021-08-03 12:12:56,318 -    ini file updated    
2021-08-03 12:12:56,340 - Snapshot saved to /data/users/wergillius/UTR_VAE/pth/RL_gru_MTL/ds4rl_human_reset/vleng_model_h_ds_lr01-model_best.pth

2021-08-03 12:12:56,341 -    ini file updated    
2021-08-03 12:12:56,341 - 
===============================|    epoch 27   |===============================

2021-08-03 12:12:56,919 -     0 /  2109 (0.0%):	 Total:0.1276394	 Acc:0.5625000	 Mean_Total:0.1276394
2021-08-03 12:13:06,547 -   421 /  2109 (20.0%):	 Total:0.0612855	 Acc:0.6250000	 Mean_Total:0.0889107
2021-08-03 12:13:16,609 -   842 /  2109 (39.9%):	 Total:0.1954886	 Acc:0.5625000	 Mean_Total:0.1012594
2021-08-03 12:13:26,313 -  1263 /  2109 (59.9%):	 Total:0.1191402	 Acc:0.3437500	 Mean_Total:0.1105660
2021-08-03 12:13:35,999 -  1684 /  2109 (79.8%):	 Total:0.1425932	 Acc:0.4375000	 Mean_Total:0.1249522
2021-08-03 12:13:45,152 -  2105 /  2109 (99.8%):	 Total:0.2715855	 Acc:0.2187500	 Mean_Total:0.1479188
2021-08-03 12:13:45,345 - 
===============================|    epoch 28   |===============================

2021-08-03 12:13:45,983 -     0 /  2109 (0.0%):	 Total:0.0476349	 Acc:0.6875000	 Mean_Total:0.0476349
2021-08-03 12:13:55,848 -   421 /  2109 (20.0%):	 Total:0.2055452	 Acc:0.5625000	 Mean_Total:0.0876214
2021-08-03 12:14:05,465 -   842 /  2109 (39.9%):	 Total:0.1177631	 Acc:0.4375000	 Mean_Total:0.0998082
2021-08-03 12:14:15,544 -  1263 /  2109 (59.9%):	 Total:0.0862520	 Acc:0.5625000	 Mean_Total:0.1090849
2021-08-03 12:14:25,374 -  1684 /  2109 (79.8%):	 Total:0.1213443	 Acc:0.5937500	 Mean_Total:0.1227321
2021-08-03 12:14:34,932 -  2105 /  2109 (99.8%):	 Total:0.3102556	 Acc:0.2812500	 Mean_Total:0.1467032
2021-08-03 12:14:37,950 - 
===============================| start validation |===============================

2021-08-03 12:14:37,951 - 	 Total:0.1671622	 Acc:0.4659455
2021-08-03 12:14:37,953 -    ini file updated    
2021-08-03 12:14:37,954 - 
===============================|    epoch 29   |===============================

2021-08-03 12:14:38,593 -     0 /  2109 (0.0%):	 Total:0.0620250	 Acc:0.5000000	 Mean_Total:0.0620250
2021-08-03 12:14:48,476 -   421 /  2109 (20.0%):	 Total:0.0842990	 Acc:0.7187500	 Mean_Total:0.0871721
2021-08-03 12:14:58,215 -   842 /  2109 (39.9%):	 Total:0.1418484	 Acc:0.4062500	 Mean_Total:0.0985447
2021-08-03 12:15:07,910 -  1263 /  2109 (59.9%):	 Total:0.1462385	 Acc:0.4687500	 Mean_Total:0.1083635
2021-08-03 12:15:17,784 -  1684 /  2109 (79.8%):	 Total:0.1123125	 Acc:0.5937500	 Mean_Total:0.1213770
2021-08-03 12:15:27,704 -  2105 /  2109 (99.8%):	 Total:0.3372500	 Acc:0.2812500	 Mean_Total:0.1451540
2021-08-03 12:15:27,906 - 
===============================|    epoch 30   |===============================

2021-08-03 12:15:28,547 -     0 /  2109 (0.0%):	 Total:0.1206110	 Acc:0.4687500	 Mean_Total:0.1206110
2021-08-03 12:15:37,948 -   421 /  2109 (20.0%):	 Total:0.1499949	 Acc:0.4062500	 Mean_Total:0.0880379
2021-08-03 12:15:47,534 -   842 /  2109 (39.9%):	 Total:0.0431875	 Acc:0.5937500	 Mean_Total:0.0983214
2021-08-03 12:15:57,017 -  1263 /  2109 (59.9%):	 Total:0.1246102	 Acc:0.5000000	 Mean_Total:0.1077875
2021-08-03 12:16:06,711 -  1684 /  2109 (79.8%):	 Total:0.1455611	 Acc:0.3750000	 Mean_Total:0.1213445
2021-08-03 12:16:16,233 -  2105 /  2109 (99.8%):	 Total:0.2609862	 Acc:0.2187500	 Mean_Total:0.1448001
2021-08-03 12:16:19,159 - 
===============================| start validation |===============================

2021-08-03 12:16:19,160 - 	 Total:0.1659132	 Acc:0.4663462
2021-08-03 12:16:19,163 -    ini file updated    
2021-08-03 12:16:19,188 - Snapshot saved to /data/users/wergillius/UTR_VAE/pth/RL_gru_MTL/ds4rl_human_reset/vleng_model_h_ds_lr01-model_best.pth

2021-08-03 12:16:19,189 -    ini file updated    
2021-08-03 12:16:19,189 - 
===============================|    epoch 31   |===============================

2021-08-03 12:16:19,780 -     0 /  2109 (0.0%):	 Total:0.1026605	 Acc:0.5312500	 Mean_Total:0.1026605
2021-08-03 12:16:29,328 -   421 /  2109 (20.0%):	 Total:0.1517597	 Acc:0.5000000	 Mean_Total:0.0861153
2021-08-03 12:16:38,765 -   842 /  2109 (39.9%):	 Total:0.0629853	 Acc:0.4687500	 Mean_Total:0.0984493
2021-08-03 12:16:48,421 -  1263 /  2109 (59.9%):	 Total:0.1492032	 Acc:0.4062500	 Mean_Total:0.1072177
2021-08-03 12:16:57,978 -  1684 /  2109 (79.8%):	 Total:0.1701513	 Acc:0.2187500	 Mean_Total:0.1199295
2021-08-03 12:17:07,606 -  2105 /  2109 (99.8%):	 Total:0.1976588	 Acc:0.2500000	 Mean_Total:0.1433887
2021-08-03 12:17:07,821 - 
===============================|    epoch 32   |===============================

2021-08-03 12:17:08,420 -     0 /  2109 (0.0%):	 Total:0.0868966	 Acc:0.6562500	 Mean_Total:0.0868966
2021-08-03 12:17:18,269 -   421 /  2109 (20.0%):	 Total:0.0923205	 Acc:0.5625000	 Mean_Total:0.0861140
2021-08-03 12:17:28,362 -   842 /  2109 (39.9%):	 Total:0.2990864	 Acc:0.4687500	 Mean_Total:0.0968919
2021-08-03 12:17:38,276 -  1263 /  2109 (59.9%):	 Total:0.1192159	 Acc:0.4375000	 Mean_Total:0.1055262
2021-08-03 12:17:48,214 -  1684 /  2109 (79.8%):	 Total:0.1485670	 Acc:0.4062500	 Mean_Total:0.1191984
2021-08-03 12:17:58,197 -  2105 /  2109 (99.8%):	 Total:0.2448389	 Acc:0.2500000	 Mean_Total:0.1426598
2021-08-03 12:18:01,179 - 
===============================| start validation |===============================

2021-08-03 12:18:01,180 - 	 Total:0.1646632	 Acc:0.4642094
2021-08-03 12:18:01,183 -    ini file updated    
2021-08-03 12:18:01,207 - Snapshot saved to /data/users/wergillius/UTR_VAE/pth/RL_gru_MTL/ds4rl_human_reset/vleng_model_h_ds_lr01-model_best.pth

2021-08-03 12:18:01,208 -    ini file updated    
2021-08-03 12:18:01,208 - 
===============================|    epoch 33   |===============================

2021-08-03 12:18:01,842 -     0 /  2109 (0.0%):	 Total:0.0475223	 Acc:0.7187500	 Mean_Total:0.0475223
2021-08-03 12:18:11,449 -   421 /  2109 (20.0%):	 Total:0.1385695	 Acc:0.6250000	 Mean_Total:0.0843353
2021-08-03 12:18:21,240 -   842 /  2109 (39.9%):	 Total:0.1427170	 Acc:0.5000000	 Mean_Total:0.0949322
2021-08-03 12:18:31,198 -  1263 /  2109 (59.9%):	 Total:0.0971002	 Acc:0.5312500	 Mean_Total:0.1038537
2021-08-03 12:18:41,222 -  1684 /  2109 (79.8%):	 Total:0.1182960	 Acc:0.5312500	 Mean_Total:0.1178231
2021-08-03 12:18:51,240 -  2105 /  2109 (99.8%):	 Total:0.1408373	 Acc:0.3125000	 Mean_Total:0.1408829
2021-08-03 12:18:51,463 - 
===============================|    epoch 34   |===============================

2021-08-03 12:18:52,135 -     0 /  2109 (0.0%):	 Total:0.0470076	 Acc:0.6875000	 Mean_Total:0.0470076
2021-08-03 12:19:01,894 -   421 /  2109 (20.0%):	 Total:0.0954628	 Acc:0.5937500	 Mean_Total:0.0879533
2021-08-03 12:19:11,618 -   842 /  2109 (39.9%):	 Total:0.3307021	 Acc:0.5000000	 Mean_Total:0.0978950
2021-08-03 12:19:21,286 -  1263 /  2109 (59.9%):	 Total:0.0943629	 Acc:0.5312500	 Mean_Total:0.1060642
2021-08-03 12:19:30,598 -  1684 /  2109 (79.8%):	 Total:0.1477879	 Acc:0.3437500	 Mean_Total:0.1190854
2021-08-03 12:19:39,424 -  2105 /  2109 (99.8%):	 Total:0.2329606	 Acc:0.2500000	 Mean_Total:0.1420449
2021-08-03 12:19:42,346 - 
===============================| start validation |===============================

2021-08-03 12:19:42,347 - 	 Total:0.1627304	 Acc:0.4714209
2021-08-03 12:19:42,351 -    ini file updated    
2021-08-03 12:19:42,379 - Snapshot saved to /data/users/wergillius/UTR_VAE/pth/RL_gru_MTL/ds4rl_human_reset/vleng_model_h_ds_lr01-model_best.pth

2021-08-03 12:19:42,380 -    ini file updated    
2021-08-03 12:19:42,380 - 
===============================|    epoch 35   |===============================

2021-08-03 12:19:43,002 -     0 /  2109 (0.0%):	 Total:0.0740794	 Acc:0.6562500	 Mean_Total:0.0740794
2021-08-03 12:19:52,407 -   421 /  2109 (20.0%):	 Total:0.0914823	 Acc:0.5937500	 Mean_Total:0.0840990
2021-08-03 12:20:01,913 -   842 /  2109 (39.9%):	 Total:0.1194034	 Acc:0.5312500	 Mean_Total:0.0955550
2021-08-03 12:20:11,342 -  1263 /  2109 (59.9%):	 Total:0.2157399	 Acc:0.3437500	 Mean_Total:0.1045776
2021-08-03 12:20:20,612 -  1684 /  2109 (79.8%):	 Total:0.1072507	 Acc:0.5000000	 Mean_Total:0.1175092
2021-08-03 12:20:29,770 -  2105 /  2109 (99.8%):	 Total:0.3911426	 Acc:0.3437500	 Mean_Total:0.1396534
2021-08-03 12:20:29,975 - 
===============================|    epoch 36   |===============================

2021-08-03 12:20:30,521 -     0 /  2109 (0.0%):	 Total:0.0567143	 Acc:0.5625000	 Mean_Total:0.0567143
2021-08-03 12:20:39,831 -   421 /  2109 (20.0%):	 Total:0.0872938	 Acc:0.5312500	 Mean_Total:0.0876810
2021-08-03 12:20:49,120 -   842 /  2109 (39.9%):	 Total:0.0895195	 Acc:0.5000000	 Mean_Total:0.0957830
2021-08-03 12:20:58,361 -  1263 /  2109 (59.9%):	 Total:0.1273785	 Acc:0.4062500	 Mean_Total:0.1038418
2021-08-03 12:21:07,622 -  1684 /  2109 (79.8%):	 Total:0.2055772	 Acc:0.3750000	 Mean_Total:0.1164447
2021-08-03 12:21:16,730 -  2105 /  2109 (99.8%):	 Total:0.1959452	 Acc:0.1875000	 Mean_Total:0.1396968
2021-08-03 12:21:19,772 - 
===============================| start validation |===============================

2021-08-03 12:21:19,773 - 	 Total:0.1627456	 Acc:0.4691506
2021-08-03 12:21:19,775 -    ini file updated    
2021-08-03 12:21:19,775 - 
===============================|    epoch 37   |===============================

2021-08-03 12:21:20,457 -     0 /  2109 (0.0%):	 Total:0.0988382	 Acc:0.4687500	 Mean_Total:0.0988382
2021-08-03 12:21:29,392 -   421 /  2109 (20.0%):	 Total:0.1145343	 Acc:0.6562500	 Mean_Total:0.0847479
2021-08-03 12:21:38,678 -   842 /  2109 (39.9%):	 Total:0.0566752	 Acc:0.5312500	 Mean_Total:0.0949106
2021-08-03 12:21:47,915 -  1263 /  2109 (59.9%):	 Total:0.0993208	 Acc:0.4375000	 Mean_Total:0.1028166
2021-08-03 12:21:57,078 -  1684 /  2109 (79.8%):	 Total:0.1031575	 Acc:0.4687500	 Mean_Total:0.1156572
2021-08-03 12:22:06,547 -  2105 /  2109 (99.8%):	 Total:0.3551887	 Acc:0.2187500	 Mean_Total:0.1386426
2021-08-03 12:22:06,806 - 
===============================|    epoch 38   |===============================

2021-08-03 12:22:07,459 -     0 /  2109 (0.0%):	 Total:0.0532922	 Acc:0.6875000	 Mean_Total:0.0532922
2021-08-03 12:22:16,345 -   421 /  2109 (20.0%):	 Total:0.0574190	 Acc:0.5937500	 Mean_Total:0.0821314
2021-08-03 12:22:25,661 -   842 /  2109 (39.9%):	 Total:0.0554742	 Acc:0.6250000	 Mean_Total:0.0934821
2021-08-03 12:22:34,638 -  1263 /  2109 (59.9%):	 Total:0.0898314	 Acc:0.4062500	 Mean_Total:0.1020196
2021-08-03 12:22:43,434 -  1684 /  2109 (79.8%):	 Total:0.0868670	 Acc:0.4062500	 Mean_Total:0.1143553
2021-08-03 12:22:52,280 -  2105 /  2109 (99.8%):	 Total:0.3870463	 Acc:0.2187500	 Mean_Total:0.1366874
2021-08-03 12:22:55,162 - 
===============================| start validation |===============================

2021-08-03 12:22:55,163 - 	 Total:0.1628391	 Acc:0.4692842
2021-08-03 12:22:55,165 -    ini file updated    
2021-08-03 12:22:55,166 - 
===============================|    epoch 39   |===============================

2021-08-03 12:22:55,799 -     0 /  2109 (0.0%):	 Total:0.0537714	 Acc:0.6250000	 Mean_Total:0.0537714
2021-08-03 12:23:04,942 -   421 /  2109 (20.0%):	 Total:0.0927170	 Acc:0.5312500	 Mean_Total:0.0814520
2021-08-03 12:23:14,372 -   842 /  2109 (39.9%):	 Total:0.1090069	 Acc:0.4375000	 Mean_Total:0.0918560
2021-08-03 12:23:23,690 -  1263 /  2109 (59.9%):	 Total:0.0921988	 Acc:0.5000000	 Mean_Total:0.1014443
2021-08-03 12:23:33,005 -  1684 /  2109 (79.8%):	 Total:0.1304288	 Acc:0.3750000	 Mean_Total:0.1145602
2021-08-03 12:23:42,138 -  2105 /  2109 (99.8%):	 Total:0.3389403	 Acc:0.1562500	 Mean_Total:0.1369521
2021-08-03 12:23:42,348 - 
===============================|    epoch 40   |===============================

2021-08-03 12:23:43,000 -     0 /  2109 (0.0%):	 Total:0.1075557	 Acc:0.5625000	 Mean_Total:0.1075557
2021-08-03 12:23:52,513 -   421 /  2109 (20.0%):	 Total:0.3149876	 Acc:0.4687500	 Mean_Total:0.0814179
2021-08-03 12:24:01,764 -   842 /  2109 (39.9%):	 Total:0.0679621	 Acc:0.5312500	 Mean_Total:0.0925429
2021-08-03 12:24:11,117 -  1263 /  2109 (59.9%):	 Total:0.0847251	 Acc:0.5937500	 Mean_Total:0.1006163
2021-08-03 12:24:20,436 -  1684 /  2109 (79.8%):	 Total:0.1241363	 Acc:0.5000000	 Mean_Total:0.1128562
2021-08-03 12:24:29,763 -  2105 /  2109 (99.8%):	 Total:0.2042055	 Acc:0.3750000	 Mean_Total:0.1356596
2021-08-03 12:24:32,580 - 
===============================| start validation |===============================

2021-08-03 12:24:32,581 - 	 Total:0.1633629	 Acc:0.4676816
2021-08-03 12:24:32,584 -    ini file updated    
2021-08-03 12:24:32,584 - 
===============================|    epoch 41   |===============================

2021-08-03 12:24:33,184 -     0 /  2109 (0.0%):	 Total:0.1040305	 Acc:0.6562500	 Mean_Total:0.1040305
2021-08-03 12:24:42,891 -   421 /  2109 (20.0%):	 Total:0.0661777	 Acc:0.5312500	 Mean_Total:0.0803900
2021-08-03 12:24:52,594 -   842 /  2109 (39.9%):	 Total:0.1017437	 Acc:0.5625000	 Mean_Total:0.0911395
2021-08-03 12:25:02,249 -  1263 /  2109 (59.9%):	 Total:0.1119319	 Acc:0.5937500	 Mean_Total:0.0995428
2021-08-03 12:25:11,646 -  1684 /  2109 (79.8%):	 Total:0.1475886	 Acc:0.5000000	 Mean_Total:0.1124601
2021-08-03 12:25:20,448 -  2105 /  2109 (99.8%):	 Total:0.2137143	 Acc:0.3437500	 Mean_Total:0.1344799
2021-08-03 12:25:20,652 - 
===============================|    epoch 42   |===============================

2021-08-03 12:25:21,292 -     0 /  2109 (0.0%):	 Total:0.1145619	 Acc:0.4687500	 Mean_Total:0.1145619
2021-08-03 12:25:30,709 -   421 /  2109 (20.0%):	 Total:0.0655536	 Acc:0.6250000	 Mean_Total:0.0812536
2021-08-03 12:25:39,640 -   842 /  2109 (39.9%):	 Total:0.1551170	 Acc:0.5312500	 Mean_Total:0.0918614
2021-08-03 12:25:49,177 -  1263 /  2109 (59.9%):	 Total:0.0745658	 Acc:0.5312500	 Mean_Total:0.1004869
2021-08-03 12:25:58,178 -  1684 /  2109 (79.8%):	 Total:0.0970969	 Acc:0.4687500	 Mean_Total:0.1132144
2021-08-03 12:26:07,538 -  2105 /  2109 (99.8%):	 Total:0.1728093	 Acc:0.3750000	 Mean_Total:0.1345290
2021-08-03 12:26:10,578 - 
===============================| start validation |===============================

2021-08-03 12:26:10,579 - 	 Total:0.1640544	 Acc:0.4712874
2021-08-03 12:26:10,581 -    ini file updated    
2021-08-03 12:26:10,581 - 
===============================|    epoch 43   |===============================

2021-08-03 12:26:11,177 -     0 /  2109 (0.0%):	 Total:0.0900343	 Acc:0.4375000	 Mean_Total:0.0900343
2021-08-03 12:26:20,622 -   421 /  2109 (20.0%):	 Total:0.2487331	 Acc:0.5000000	 Mean_Total:0.0807806
2021-08-03 12:26:29,726 -   842 /  2109 (39.9%):	 Total:0.0802375	 Acc:0.5312500	 Mean_Total:0.0897429
2021-08-03 12:26:38,984 -  1263 /  2109 (59.9%):	 Total:0.0874408	 Acc:0.5312500	 Mean_Total:0.0984947
2021-08-03 12:26:48,018 -  1684 /  2109 (79.8%):	 Total:0.1064306	 Acc:0.4062500	 Mean_Total:0.1110065
2021-08-03 12:26:57,086 -  2105 /  2109 (99.8%):	 Total:0.2510743	 Acc:0.2812500	 Mean_Total:0.1331766
2021-08-03 12:26:57,287 - 
===============================|    epoch 44   |===============================

2021-08-03 12:26:57,882 -     0 /  2109 (0.0%):	 Total:0.0785364	 Acc:0.7187500	 Mean_Total:0.0785364
2021-08-03 12:27:07,348 -   421 /  2109 (20.0%):	 Total:0.0567223	 Acc:0.7187500	 Mean_Total:0.0808036
2021-08-03 12:27:16,852 -   842 /  2109 (39.9%):	 Total:0.0668368	 Acc:0.7187500	 Mean_Total:0.0900048
2021-08-03 12:27:26,314 -  1263 /  2109 (59.9%):	 Total:0.0997247	 Acc:0.6250000	 Mean_Total:0.0981150
2021-08-03 12:27:35,329 -  1684 /  2109 (79.8%):	 Total:0.0761877	 Acc:0.6250000	 Mean_Total:0.1107163
2021-08-03 12:27:44,413 -  2105 /  2109 (99.8%):	 Total:0.2808329	 Acc:0.2187500	 Mean_Total:0.1325328
2021-08-03 12:27:47,317 - 
===============================| start validation |===============================

2021-08-03 12:27:47,318 - 	 Total:0.1623777	 Acc:0.4734241
2021-08-03 12:27:47,320 -    ini file updated    
2021-08-03 12:27:47,343 - Snapshot saved to /data/users/wergillius/UTR_VAE/pth/RL_gru_MTL/ds4rl_human_reset/vleng_model_h_ds_lr01-model_best.pth

2021-08-03 12:27:47,344 -    ini file updated    
2021-08-03 12:27:47,344 - 
===============================|    epoch 45   |===============================

2021-08-03 12:27:48,015 -     0 /  2109 (0.0%):	 Total:0.1005080	 Acc:0.4062500	 Mean_Total:0.1005080
2021-08-03 12:27:57,364 -   421 /  2109 (20.0%):	 Total:0.0667836	 Acc:0.5000000	 Mean_Total:0.0796729
2021-08-03 12:28:06,533 -   842 /  2109 (39.9%):	 Total:0.0715794	 Acc:0.4062500	 Mean_Total:0.0891241
2021-08-03 12:28:15,753 -  1263 /  2109 (59.9%):	 Total:0.0963202	 Acc:0.4687500	 Mean_Total:0.0981839
2021-08-03 12:28:24,640 -  1684 /  2109 (79.8%):	 Total:0.5104536	 Acc:0.3437500	 Mean_Total:0.1108129
2021-08-03 12:28:33,958 -  2105 /  2109 (99.8%):	 Total:0.2302828	 Acc:0.3125000	 Mean_Total:0.1323050
2021-08-03 12:28:34,170 - 
===============================|    epoch 46   |===============================

2021-08-03 12:28:34,871 -     0 /  2109 (0.0%):	 Total:0.0892594	 Acc:0.5312500	 Mean_Total:0.0892594
2021-08-03 12:28:43,482 -   421 /  2109 (20.0%):	 Total:0.2831665	 Acc:0.3437500	 Mean_Total:0.0791911
2021-08-03 12:28:51,968 -   842 /  2109 (39.9%):	 Total:0.1118571	 Acc:0.5312500	 Mean_Total:0.0881141
2021-08-03 12:29:00,529 -  1263 /  2109 (59.9%):	 Total:0.3585664	 Acc:0.4687500	 Mean_Total:0.0980880
2021-08-03 12:29:09,005 -  1684 /  2109 (79.8%):	 Total:0.2934165	 Acc:0.5000000	 Mean_Total:0.1099653
2021-08-03 12:29:17,649 -  2105 /  2109 (99.8%):	 Total:0.2187288	 Acc:0.3125000	 Mean_Total:0.1311199
2021-08-03 12:29:20,681 - 
===============================| start validation |===============================

2021-08-03 12:29:20,682 - 	 Total:0.1630683	 Acc:0.4707532
2021-08-03 12:29:20,684 -    ini file updated    
2021-08-03 12:29:20,684 - 
===============================|    epoch 47   |===============================

2021-08-03 12:29:21,467 -     0 /  2109 (0.0%):	 Total:0.0591268	 Acc:0.5937500	 Mean_Total:0.0591268
2021-08-03 12:29:30,431 -   421 /  2109 (20.0%):	 Total:0.1392006	 Acc:0.5625000	 Mean_Total:0.0794608
2021-08-03 12:29:39,501 -   842 /  2109 (39.9%):	 Total:0.1132894	 Acc:0.5937500	 Mean_Total:0.0885980
2021-08-03 12:29:48,178 -  1263 /  2109 (59.9%):	 Total:0.1142672	 Acc:0.4375000	 Mean_Total:0.0968834
2021-08-03 12:29:57,119 -  1684 /  2109 (79.8%):	 Total:0.5958448	 Acc:0.4375000	 Mean_Total:0.1091909
2021-08-03 12:30:05,999 -  2105 /  2109 (99.8%):	 Total:0.3663752	 Acc:0.2812500	 Mean_Total:0.1306505
2021-08-03 12:30:06,189 - 
===============================|    epoch 48   |===============================

2021-08-03 12:30:06,787 -     0 /  2109 (0.0%):	 Total:0.0667045	 Acc:0.6250000	 Mean_Total:0.0667045
2021-08-03 12:30:15,909 -   421 /  2109 (20.0%):	 Total:0.0583292	 Acc:0.6562500	 Mean_Total:0.0787648
2021-08-03 12:30:25,025 -   842 /  2109 (39.9%):	 Total:0.3308090	 Acc:0.5625000	 Mean_Total:0.0889221
2021-08-03 12:30:34,046 -  1263 /  2109 (59.9%):	 Total:0.3650503	 Acc:0.3750000	 Mean_Total:0.0962957
2021-08-03 12:30:43,312 -  1684 /  2109 (79.8%):	 Total:0.0939444	 Acc:0.4687500	 Mean_Total:0.1086917
2021-08-03 12:30:52,357 -  2105 /  2109 (99.8%):	 Total:0.2530966	 Acc:0.2187500	 Mean_Total:0.1298453
2021-08-03 12:30:55,214 - 
===============================| start validation |===============================

2021-08-03 12:30:55,215 - 	 Total:0.1625952	 Acc:0.4686165
2021-08-03 12:30:55,217 -    ini file updated    
2021-08-03 12:30:55,217 - 
===============================|    epoch 49   |===============================

2021-08-03 12:30:55,829 -     0 /  2109 (0.0%):	 Total:0.0857181	 Acc:0.6875000	 Mean_Total:0.0857181
2021-08-03 12:31:05,054 -   421 /  2109 (20.0%):	 Total:0.0401304	 Acc:0.6250000	 Mean_Total:0.0781976
2021-08-03 12:31:14,250 -   842 /  2109 (39.9%):	 Total:0.0972196	 Acc:0.4062500	 Mean_Total:0.0875104
2021-08-03 12:31:23,867 -  1263 /  2109 (59.9%):	 Total:0.0694485	 Acc:0.6562500	 Mean_Total:0.0958158
2021-08-03 12:31:33,177 -  1684 /  2109 (79.8%):	 Total:0.1663110	 Acc:0.4062500	 Mean_Total:0.1077726
2021-08-03 12:31:42,820 -  2105 /  2109 (99.8%):	 Total:0.3768399	 Acc:0.2500000	 Mean_Total:0.1292189
2021-08-03 12:31:43,035 - 
===============================|    epoch 50   |===============================

2021-08-03 12:31:43,596 -     0 /  2109 (0.0%):	 Total:0.0922461	 Acc:0.5625000	 Mean_Total:0.0922461
2021-08-03 12:31:53,119 -   421 /  2109 (20.0%):	 Total:0.0397512	 Acc:0.6562500	 Mean_Total:0.0784580
2021-08-03 12:32:02,497 -   842 /  2109 (39.9%):	 Total:0.1244938	 Acc:0.4375000	 Mean_Total:0.0880788
2021-08-03 12:32:11,998 -  1263 /  2109 (59.9%):	 Total:0.0878045	 Acc:0.5000000	 Mean_Total:0.0957535
2021-08-03 12:32:21,539 -  1684 /  2109 (79.8%):	 Total:0.0919112	 Acc:0.4375000	 Mean_Total:0.1079275
2021-08-03 12:32:31,368 -  2105 /  2109 (99.8%):	 Total:0.2942916	 Acc:0.2500000	 Mean_Total:0.1287968
2021-08-03 12:32:34,439 - 
===============================| start validation |===============================

2021-08-03 12:32:34,440 - 	 Total:0.1603259	 Acc:0.4723558
2021-08-03 12:32:34,443 -    ini file updated    
2021-08-03 12:32:34,465 - Snapshot saved to /data/users/wergillius/UTR_VAE/pth/RL_gru_MTL/ds4rl_human_reset/vleng_model_h_ds_lr01-model_best.pth

2021-08-03 12:32:34,466 -    ini file updated    
2021-08-03 12:32:34,466 - 
===============================|    epoch 51   |===============================

2021-08-03 12:32:35,061 -     0 /  2109 (0.0%):	 Total:0.1296926	 Acc:0.5000000	 Mean_Total:0.1296926
2021-08-03 12:32:44,615 -   421 /  2109 (20.0%):	 Total:0.1163932	 Acc:0.6250000	 Mean_Total:0.0750723
2021-08-03 12:32:54,196 -   842 /  2109 (39.9%):	 Total:0.2838255	 Acc:0.5625000	 Mean_Total:0.0866687
2021-08-03 12:33:03,928 -  1263 /  2109 (59.9%):	 Total:0.0677165	 Acc:0.5000000	 Mean_Total:0.0944756
2021-08-03 12:33:13,177 -  1684 /  2109 (79.8%):	 Total:0.1549947	 Acc:0.2812500	 Mean_Total:0.1068777
2021-08-03 12:33:22,196 -  2105 /  2109 (99.8%):	 Total:0.1944169	 Acc:0.1875000	 Mean_Total:0.1284339
2021-08-03 12:33:22,407 - 
===============================|    epoch 52   |===============================

2021-08-03 12:33:23,157 -     0 /  2109 (0.0%):	 Total:0.0744325	 Acc:0.6875000	 Mean_Total:0.0744325
2021-08-03 12:33:32,671 -   421 /  2109 (20.0%):	 Total:0.1870754	 Acc:0.5937500	 Mean_Total:0.0765212
2021-08-03 12:33:42,391 -   842 /  2109 (39.9%):	 Total:0.0713395	 Acc:0.3750000	 Mean_Total:0.0863923
2021-08-03 12:33:51,586 -  1263 /  2109 (59.9%):	 Total:0.1044349	 Acc:0.5937500	 Mean_Total:0.0938127
2021-08-03 12:34:01,135 -  1684 /  2109 (79.8%):	 Total:0.1935479	 Acc:0.2812500	 Mean_Total:0.1061900
2021-08-03 12:34:10,441 -  2105 /  2109 (99.8%):	 Total:0.2345399	 Acc:0.2812500	 Mean_Total:0.1270226
2021-08-03 12:34:13,448 - 
===============================| start validation |===============================

2021-08-03 12:34:13,449 - 	 Total:0.1616880	 Acc:0.4702190
2021-08-03 12:34:13,452 -    ini file updated    
2021-08-03 12:34:13,452 - 
===============================|    epoch 53   |===============================

2021-08-03 12:34:14,048 -     0 /  2109 (0.0%):	 Total:0.0359006	 Acc:0.6875000	 Mean_Total:0.0359006
2021-08-03 12:34:23,349 -   421 /  2109 (20.0%):	 Total:0.0592691	 Acc:0.5312500	 Mean_Total:0.0759467
2021-08-03 12:34:32,479 -   842 /  2109 (39.9%):	 Total:0.0626171	 Acc:0.5937500	 Mean_Total:0.0860873
2021-08-03 12:34:41,972 -  1263 /  2109 (59.9%):	 Total:0.1277835	 Acc:0.4062500	 Mean_Total:0.0935209
2021-08-03 12:34:51,591 -  1684 /  2109 (79.8%):	 Total:0.1544035	 Acc:0.5312500	 Mean_Total:0.1058335
2021-08-03 12:35:01,070 -  2105 /  2109 (99.8%):	 Total:0.1524286	 Acc:0.3437500	 Mean_Total:0.1270840
2021-08-03 12:35:01,268 - 
===============================|    epoch 54   |===============================

2021-08-03 12:35:01,910 -     0 /  2109 (0.0%):	 Total:0.0459806	 Acc:0.6875000	 Mean_Total:0.0459806
2021-08-03 12:35:10,955 -   421 /  2109 (20.0%):	 Total:0.1385606	 Acc:0.5625000	 Mean_Total:0.0752414
2021-08-03 12:35:20,029 -   842 /  2109 (39.9%):	 Total:0.0659123	 Acc:0.6562500	 Mean_Total:0.0851906
2021-08-03 12:35:28,959 -  1263 /  2109 (59.9%):	 Total:0.1204420	 Acc:0.5000000	 Mean_Total:0.0934609
2021-08-03 12:35:38,124 -  1684 /  2109 (79.8%):	 Total:0.0855613	 Acc:0.5312500	 Mean_Total:0.1058007
2021-08-03 12:35:47,174 -  2105 /  2109 (99.8%):	 Total:0.3310619	 Acc:0.3125000	 Mean_Total:0.1259995
2021-08-03 12:35:50,139 - 
===============================| start validation |===============================

2021-08-03 12:35:50,140 - 	 Total:0.1614757	 Acc:0.4696848
2021-08-03 12:35:50,143 -    ini file updated    
2021-08-03 12:35:50,144 - 
===============================|    epoch 55   |===============================

2021-08-03 12:35:50,676 -     0 /  2109 (0.0%):	 Total:0.0375903	 Acc:0.7500000	 Mean_Total:0.0375903
2021-08-03 12:35:59,879 -   421 /  2109 (20.0%):	 Total:0.0711651	 Acc:0.6562500	 Mean_Total:0.0762288
2021-08-03 12:36:08,979 -   842 /  2109 (39.9%):	 Total:0.0596028	 Acc:0.5312500	 Mean_Total:0.0860015
2021-08-03 12:36:18,008 -  1263 /  2109 (59.9%):	 Total:0.1744701	 Acc:0.4375000	 Mean_Total:0.0934449
2021-08-03 12:36:27,104 -  1684 /  2109 (79.8%):	 Total:0.0743975	 Acc:0.4687500	 Mean_Total:0.1055425
2021-08-03 12:36:36,161 -  2105 /  2109 (99.8%):	 Total:0.2571730	 Acc:0.3437500	 Mean_Total:0.1256355
2021-08-03 12:36:36,397 - 
===============================|    epoch 56   |===============================

2021-08-03 12:36:37,017 -     0 /  2109 (0.0%):	 Total:0.1215770	 Acc:0.5937500	 Mean_Total:0.1215770
2021-08-03 12:36:46,505 -   421 /  2109 (20.0%):	 Total:0.0838877	 Acc:0.4687500	 Mean_Total:0.0762881
2021-08-03 12:36:55,607 -   842 /  2109 (39.9%):	 Total:0.0830456	 Acc:0.5000000	 Mean_Total:0.0847414
2021-08-03 12:37:04,536 -  1263 /  2109 (59.9%):	 Total:0.0908643	 Acc:0.5625000	 Mean_Total:0.0933368
2021-08-03 12:37:13,799 -  1684 /  2109 (79.8%):	 Total:0.1071456	 Acc:0.3750000	 Mean_Total:0.1047021
2021-08-03 12:37:23,141 -  2105 /  2109 (99.8%):	 Total:0.2532611	 Acc:0.0937500	 Mean_Total:0.1251072
2021-08-03 12:37:26,118 - 
===============================| start validation |===============================

2021-08-03 12:37:26,119 - 	 Total:0.1616527	 Acc:0.4696848
2021-08-03 12:37:26,122 -    ini file updated    
2021-08-03 12:37:26,123 - 
===============================|    epoch 57   |===============================

2021-08-03 12:37:26,626 -     0 /  2109 (0.0%):	 Total:0.0868189	 Acc:0.6562500	 Mean_Total:0.0868189
2021-08-03 12:37:35,936 -   421 /  2109 (20.0%):	 Total:0.2768488	 Acc:0.4375000	 Mean_Total:0.0742033
2021-08-03 12:37:45,228 -   842 /  2109 (39.9%):	 Total:0.0990926	 Acc:0.4375000	 Mean_Total:0.0847807
2021-08-03 12:37:54,665 -  1263 /  2109 (59.9%):	 Total:0.2882180	 Acc:0.5312500	 Mean_Total:0.0914908
2021-08-03 12:38:04,056 -  1684 /  2109 (79.8%):	 Total:0.1345361	 Acc:0.4062500	 Mean_Total:0.1034772
2021-08-03 12:38:13,607 -  2105 /  2109 (99.8%):	 Total:0.3020042	 Acc:0.2500000	 Mean_Total:0.1245016
2021-08-03 12:38:13,870 - 
===============================|    epoch 58   |===============================

2021-08-03 12:38:14,483 -     0 /  2109 (0.0%):	 Total:0.0965828	 Acc:0.5000000	 Mean_Total:0.0965828
2021-08-03 12:38:23,767 -   421 /  2109 (20.0%):	 Total:0.0464079	 Acc:0.5625000	 Mean_Total:0.0752445
2021-08-03 12:38:33,169 -   842 /  2109 (39.9%):	 Total:0.0581655	 Acc:0.5625000	 Mean_Total:0.0838255
2021-08-03 12:38:42,224 -  1263 /  2109 (59.9%):	 Total:0.1041300	 Acc:0.5625000	 Mean_Total:0.0912459
2021-08-03 12:38:51,339 -  1684 /  2109 (79.8%):	 Total:0.1272807	 Acc:0.3750000	 Mean_Total:0.1030132
2021-08-03 12:39:00,569 -  2105 /  2109 (99.8%):	 Total:0.2916547	 Acc:0.3125000	 Mean_Total:0.1241834
2021-08-03 12:39:03,693 - 
===============================| start validation |===============================

2021-08-03 12:39:03,694 - 	 Total:0.1598162	 Acc:0.4746261
2021-08-03 12:39:03,697 -    ini file updated    
2021-08-03 12:39:03,717 - Snapshot saved to /data/users/wergillius/UTR_VAE/pth/RL_gru_MTL/ds4rl_human_reset/vleng_model_h_ds_lr01-model_best.pth

2021-08-03 12:39:03,718 -    ini file updated    
2021-08-03 12:39:03,718 - 
===============================|    epoch 59   |===============================

2021-08-03 12:39:04,330 -     0 /  2109 (0.0%):	 Total:0.0597382	 Acc:0.6562500	 Mean_Total:0.0597382
2021-08-03 12:39:13,420 -   421 /  2109 (20.0%):	 Total:0.0922939	 Acc:0.4687500	 Mean_Total:0.0730347
2021-08-03 12:39:22,702 -   842 /  2109 (39.9%):	 Total:0.0655053	 Acc:0.4687500	 Mean_Total:0.0827715
2021-08-03 12:39:32,213 -  1263 /  2109 (59.9%):	 Total:0.2402971	 Acc:0.4687500	 Mean_Total:0.0904227
2021-08-03 12:39:41,083 -  1684 /  2109 (79.8%):	 Total:0.1501267	 Acc:0.5000000	 Mean_Total:0.1026720
2021-08-03 12:39:50,166 -  2105 /  2109 (99.8%):	 Total:0.1949544	 Acc:0.3750000	 Mean_Total:0.1232101
2021-08-03 12:39:50,361 - 
===============================|    epoch 60   |===============================

2021-08-03 12:39:50,942 -     0 /  2109 (0.0%):	 Total:0.0642577	 Acc:0.5625000	 Mean_Total:0.0642577
2021-08-03 12:40:00,153 -   421 /  2109 (20.0%):	 Total:0.0399548	 Acc:0.6562500	 Mean_Total:0.0745141
2021-08-03 12:40:09,305 -   842 /  2109 (39.9%):	 Total:0.0689167	 Acc:0.6250000	 Mean_Total:0.0834882
2021-08-03 12:40:17,659 -  1263 /  2109 (59.9%):	 Total:0.0974908	 Acc:0.5000000	 Mean_Total:0.0912740
2021-08-03 12:40:26,170 -  1684 /  2109 (79.8%):	 Total:0.4581079	 Acc:0.4687500	 Mean_Total:0.1021843
2021-08-03 12:40:34,547 -  2105 /  2109 (99.8%):	 Total:0.1938561	 Acc:0.1875000	 Mean_Total:0.1222783
2021-08-03 12:40:37,391 - 
===============================| start validation |===============================

2021-08-03 12:40:37,393 - 	 Total:0.1620762	 Acc:0.4680823
2021-08-03 12:40:37,398 -    ini file updated    
