2021-03-20 20:47:04,723 - 
===============================|    epoch 0   |===============================

2021-03-20 20:47:05,750 -     0 /   966 (0.0%):	 Total:2.7865012	 Acc:0.0312500	 Mean_Total:2.7865012
2021-03-20 20:47:08,443 -   193 /   966 (20.0%):	 Total:2.0817871	 Acc:0.1875000	 Mean_Total:2.2440205
2021-03-20 20:47:11,116 -   386 /   966 (40.0%):	 Total:1.7386603	 Acc:0.1875000	 Mean_Total:1.9623249
2021-03-20 20:47:13,984 -   579 /   966 (59.9%):	 Total:1.4434099	 Acc:0.1875000	 Mean_Total:1.8520274
2021-03-20 20:47:16,746 -   772 /   966 (79.9%):	 Total:1.5898635	 Acc:0.1562500	 Mean_Total:1.8009421
2021-03-20 20:47:19,594 -   965 /   966 (99.9%):	 Total:0.9111157	 Acc:0.2580645	 Mean_Total:1.7481123
2021-03-20 20:47:20,531 - 
===============================| start validation |===============================

2021-03-20 20:47:20,532 - 	 Total:1.5795706	 Acc:0.2246901
2021-03-20 20:47:20,535 -    ini file updated    
2021-03-20 20:47:20,549 - Snapshot saved to /data/users/wergillius/UTR_VAE/pth/RL_regressor_ribo/CV_for_rl/3en4-model_best_cv2.pth

2021-03-20 20:47:20,550 -    ini file updated    
2021-03-20 20:47:20,550 - 
===============================|    epoch 1   |===============================

2021-03-20 20:47:20,743 -     0 /   966 (0.0%):	 Total:1.2434645	 Acc:0.1875000	 Mean_Total:1.2434645
2021-03-20 20:47:23,391 -   193 /   966 (20.0%):	 Total:1.4007547	 Acc:0.1562500	 Mean_Total:1.5464806
2021-03-20 20:47:26,048 -   386 /   966 (40.0%):	 Total:1.4643613	 Acc:0.2187500	 Mean_Total:1.5469285
2021-03-20 20:47:28,672 -   579 /   966 (59.9%):	 Total:1.6067629	 Acc:0.1875000	 Mean_Total:1.5553053
2021-03-20 20:47:31,442 -   772 /   966 (79.9%):	 Total:3.5760617	 Acc:0.1562500	 Mean_Total:1.5626416
2021-03-20 20:47:34,117 -   965 /   966 (99.9%):	 Total:0.8083148	 Acc:0.2580645	 Mean_Total:1.5688273
2021-03-20 20:47:34,188 - 
===============================|    epoch 2   |===============================

2021-03-20 20:47:34,395 -     0 /   966 (0.0%):	 Total:1.9326131	 Acc:0.1875000	 Mean_Total:1.9326131
2021-03-20 20:47:37,015 -   193 /   966 (20.0%):	 Total:1.9531066	 Acc:0.4062500	 Mean_Total:1.5252511
2021-03-20 20:47:39,559 -   386 /   966 (40.0%):	 Total:1.7612493	 Acc:0.2187500	 Mean_Total:1.5386387
2021-03-20 20:47:42,321 -   579 /   966 (59.9%):	 Total:2.3733482	 Acc:0.1875000	 Mean_Total:1.5486257
2021-03-20 20:47:45,023 -   772 /   966 (79.9%):	 Total:1.2751752	 Acc:0.2187500	 Mean_Total:1.5505848
2021-03-20 20:47:47,617 -   965 /   966 (99.9%):	 Total:1.4194658	 Acc:0.3225806	 Mean_Total:1.5476986
2021-03-20 20:47:47,680 - 
===============================|    epoch 3   |===============================

2021-03-20 20:47:47,870 -     0 /   966 (0.0%):	 Total:1.9556412	 Acc:0.0937500	 Mean_Total:1.9556412
2021-03-20 20:47:50,420 -   193 /   966 (20.0%):	 Total:2.0027528	 Acc:0.2187500	 Mean_Total:1.5021116
2021-03-20 20:47:53,130 -   386 /   966 (40.0%):	 Total:1.1990786	 Acc:0.3125000	 Mean_Total:1.5017852
2021-03-20 20:47:55,792 -   579 /   966 (59.9%):	 Total:2.0059776	 Acc:0.3437500	 Mean_Total:1.5234716
2021-03-20 20:47:58,588 -   772 /   966 (79.9%):	 Total:1.5641667	 Acc:0.1875000	 Mean_Total:1.5333879
2021-03-20 20:48:01,293 -   965 /   966 (99.9%):	 Total:1.6273240	 Acc:0.1612903	 Mean_Total:1.5335588
2021-03-20 20:48:01,359 - 
===============================|    epoch 4   |===============================

2021-03-20 20:48:01,565 -     0 /   966 (0.0%):	 Total:0.7100518	 Acc:0.2500000	 Mean_Total:0.7100518
2021-03-20 20:48:04,361 -   193 /   966 (20.0%):	 Total:2.4938822	 Acc:0.2812500	 Mean_Total:1.4591753
2021-03-20 20:48:07,175 -   386 /   966 (40.0%):	 Total:1.5734601	 Acc:0.1875000	 Mean_Total:1.5069104
2021-03-20 20:48:09,798 -   579 /   966 (59.9%):	 Total:0.6062013	 Acc:0.4375000	 Mean_Total:1.5085537
2021-03-20 20:48:12,618 -   772 /   966 (79.9%):	 Total:1.1261795	 Acc:0.2812500	 Mean_Total:1.5080106
2021-03-20 20:48:15,254 -   965 /   966 (99.9%):	 Total:1.3212988	 Acc:0.1935484	 Mean_Total:1.5174389
2021-03-20 20:48:15,327 - 
===============================|    epoch 5   |===============================

2021-03-20 20:48:15,542 -     0 /   966 (0.0%):	 Total:1.1406038	 Acc:0.3750000	 Mean_Total:1.1406038
2021-03-20 20:48:18,190 -   193 /   966 (20.0%):	 Total:1.8936498	 Acc:0.1875000	 Mean_Total:1.5279053
2021-03-20 20:48:20,812 -   386 /   966 (40.0%):	 Total:1.3464291	 Acc:0.3125000	 Mean_Total:1.5246715
2021-03-20 20:48:23,418 -   579 /   966 (59.9%):	 Total:0.9633905	 Acc:0.2500000	 Mean_Total:1.4864781
2021-03-20 20:48:26,037 -   772 /   966 (79.9%):	 Total:1.2662717	 Acc:0.1562500	 Mean_Total:1.5061913
2021-03-20 20:48:28,704 -   965 /   966 (99.9%):	 Total:0.7341002	 Acc:0.4193548	 Mean_Total:1.5020296
2021-03-20 20:48:28,759 - 
===============================|    epoch 6   |===============================

2021-03-20 20:48:28,953 -     0 /   966 (0.0%):	 Total:1.6073620	 Acc:0.1562500	 Mean_Total:1.6073620
2021-03-20 20:48:31,540 -   193 /   966 (20.0%):	 Total:2.2772093	 Acc:0.2500000	 Mean_Total:1.4428128
2021-03-20 20:48:34,134 -   386 /   966 (40.0%):	 Total:1.5429883	 Acc:0.2812500	 Mean_Total:1.4526811
2021-03-20 20:48:36,948 -   579 /   966 (59.9%):	 Total:0.7413416	 Acc:0.3125000	 Mean_Total:1.4865585
2021-03-20 20:48:39,687 -   772 /   966 (79.9%):	 Total:1.7038784	 Acc:0.2812500	 Mean_Total:1.4874006
2021-03-20 20:48:42,313 -   965 /   966 (99.9%):	 Total:0.7375039	 Acc:0.3870968	 Mean_Total:1.4834396
2021-03-20 20:48:42,379 - 
===============================|    epoch 7   |===============================

2021-03-20 20:48:42,582 -     0 /   966 (0.0%):	 Total:0.8355238	 Acc:0.2500000	 Mean_Total:0.8355238
2021-03-20 20:48:45,235 -   193 /   966 (20.0%):	 Total:1.6145501	 Acc:0.3437500	 Mean_Total:1.4541654
2021-03-20 20:48:47,890 -   386 /   966 (40.0%):	 Total:0.7805431	 Acc:0.1875000	 Mean_Total:1.4694957
2021-03-20 20:48:50,488 -   579 /   966 (59.9%):	 Total:0.6771972	 Acc:0.3750000	 Mean_Total:1.4779868
2021-03-20 20:48:53,012 -   772 /   966 (79.9%):	 Total:1.3900740	 Acc:0.1875000	 Mean_Total:1.4665822
2021-03-20 20:48:55,544 -   965 /   966 (99.9%):	 Total:2.3514469	 Acc:0.1935484	 Mean_Total:1.4775268
2021-03-20 20:48:55,600 - 
===============================|    epoch 8   |===============================

2021-03-20 20:48:55,806 -     0 /   966 (0.0%):	 Total:0.7894038	 Acc:0.3125000	 Mean_Total:0.7894038
2021-03-20 20:48:58,799 -   193 /   966 (20.0%):	 Total:1.0043299	 Acc:0.3125000	 Mean_Total:1.4397627
2021-03-20 20:49:02,022 -   386 /   966 (40.0%):	 Total:1.5312859	 Acc:0.2187500	 Mean_Total:1.4358400
2021-03-20 20:49:04,981 -   579 /   966 (59.9%):	 Total:0.7466228	 Acc:0.3437500	 Mean_Total:1.4293311
2021-03-20 20:49:07,893 -   772 /   966 (79.9%):	 Total:1.7227319	 Acc:0.2500000	 Mean_Total:1.4357249
2021-03-20 20:49:11,056 -   965 /   966 (99.9%):	 Total:1.3315097	 Acc:0.1612903	 Mean_Total:1.4461548
2021-03-20 20:49:11,115 - 
===============================|    epoch 9   |===============================

2021-03-20 20:49:11,332 -     0 /   966 (0.0%):	 Total:1.0255733	 Acc:0.2812500	 Mean_Total:1.0255733
2021-03-20 20:49:14,602 -   193 /   966 (20.0%):	 Total:1.4487504	 Acc:0.2500000	 Mean_Total:1.3321553
2021-03-20 20:49:17,848 -   386 /   966 (40.0%):	 Total:1.4950417	 Acc:0.1875000	 Mean_Total:1.4006731
2021-03-20 20:49:21,102 -   579 /   966 (59.9%):	 Total:1.3842164	 Acc:0.2187500	 Mean_Total:1.3969963
2021-03-20 20:49:24,358 -   772 /   966 (79.9%):	 Total:1.4276615	 Acc:0.1562500	 Mean_Total:1.3976351
2021-03-20 20:49:27,610 -   965 /   966 (99.9%):	 Total:1.7344511	 Acc:0.1290323	 Mean_Total:1.4107755
2021-03-20 20:49:27,672 - 
===============================|    epoch 10   |===============================

2021-03-20 20:49:27,878 -     0 /   966 (0.0%):	 Total:1.3387790	 Acc:0.1875000	 Mean_Total:1.3387790
2021-03-20 20:49:31,224 -   193 /   966 (20.0%):	 Total:1.3125534	 Acc:0.2812500	 Mean_Total:1.3664355
2021-03-20 20:49:34,569 -   386 /   966 (40.0%):	 Total:1.7170130	 Acc:0.2187500	 Mean_Total:1.3801230
2021-03-20 20:49:37,937 -   579 /   966 (59.9%):	 Total:1.6036878	 Acc:0.2187500	 Mean_Total:1.3652709
2021-03-20 20:49:41,492 -   772 /   966 (79.9%):	 Total:0.9432906	 Acc:0.2812500	 Mean_Total:1.3819650
2021-03-20 20:49:45,391 -   965 /   966 (99.9%):	 Total:1.5745630	 Acc:0.1935484	 Mean_Total:1.3864307
2021-03-20 20:49:46,791 - 
===============================| start validation |===============================

2021-03-20 20:49:46,792 - 	 Total:1.5602955	 Acc:0.2180613
2021-03-20 20:49:46,795 -    ini file updated    
2021-03-20 20:49:46,810 - Snapshot saved to /data/users/wergillius/UTR_VAE/pth/RL_regressor_ribo/CV_for_rl/3en4-model_best_cv2.pth

2021-03-20 20:49:46,810 -    ini file updated    
2021-03-20 20:49:46,810 - 
===============================|    epoch 11   |===============================

2021-03-20 20:49:47,045 -     0 /   966 (0.0%):	 Total:1.9639323	 Acc:0.0937500	 Mean_Total:1.9639323
2021-03-20 20:49:50,915 -   193 /   966 (20.0%):	 Total:1.2170345	 Acc:0.1250000	 Mean_Total:1.3361333
2021-03-20 20:49:55,148 -   386 /   966 (40.0%):	 Total:1.3858038	 Acc:0.2500000	 Mean_Total:1.3505173
2021-03-20 20:49:59,416 -   579 /   966 (59.9%):	 Total:0.9063120	 Acc:0.2187500	 Mean_Total:1.3442200
2021-03-20 20:50:03,657 -   772 /   966 (79.9%):	 Total:1.2794425	 Acc:0.3437500	 Mean_Total:1.3500090
2021-03-20 20:50:07,908 -   965 /   966 (99.9%):	 Total:1.2358357	 Acc:0.2580645	 Mean_Total:1.3635841
2021-03-20 20:50:07,978 - 
===============================|    epoch 12   |===============================

2021-03-20 20:50:08,201 -     0 /   966 (0.0%):	 Total:1.1547847	 Acc:0.1562500	 Mean_Total:1.1547847
2021-03-20 20:50:12,471 -   193 /   966 (20.0%):	 Total:1.6190755	 Acc:0.0937500	 Mean_Total:1.2893474
2021-03-20 20:50:16,732 -   386 /   966 (40.0%):	 Total:0.9395921	 Acc:0.2187500	 Mean_Total:1.2980662
2021-03-20 20:50:20,973 -   579 /   966 (59.9%):	 Total:2.5129185	 Acc:0.2187500	 Mean_Total:1.3141025
2021-03-20 20:50:25,216 -   772 /   966 (79.9%):	 Total:1.6076884	 Acc:0.1875000	 Mean_Total:1.3166755
2021-03-20 20:50:29,477 -   965 /   966 (99.9%):	 Total:0.8035728	 Acc:0.2258065	 Mean_Total:1.3359977
2021-03-20 20:50:29,547 - 
===============================|    epoch 13   |===============================

2021-03-20 20:50:29,765 -     0 /   966 (0.0%):	 Total:1.1942356	 Acc:0.2500000	 Mean_Total:1.1942356
2021-03-20 20:50:33,964 -   193 /   966 (20.0%):	 Total:1.1454191	 Acc:0.1562500	 Mean_Total:1.2669155
2021-03-20 20:50:38,195 -   386 /   966 (40.0%):	 Total:0.7311791	 Acc:0.2500000	 Mean_Total:1.2726839
2021-03-20 20:50:42,402 -   579 /   966 (59.9%):	 Total:2.2645373	 Acc:0.1250000	 Mean_Total:1.2882370
2021-03-20 20:50:46,562 -   772 /   966 (79.9%):	 Total:2.2695136	 Acc:0.1875000	 Mean_Total:1.2998539
2021-03-20 20:50:50,711 -   965 /   966 (99.9%):	 Total:2.0224700	 Acc:0.1612903	 Mean_Total:1.3072994
2021-03-20 20:50:50,777 - 
===============================|    epoch 14   |===============================

2021-03-20 20:50:50,996 -     0 /   966 (0.0%):	 Total:1.0880545	 Acc:0.4062500	 Mean_Total:1.0880545
2021-03-20 20:50:55,267 -   193 /   966 (20.0%):	 Total:1.2253373	 Acc:0.1875000	 Mean_Total:1.1799083
2021-03-20 20:50:59,458 -   386 /   966 (40.0%):	 Total:0.9163476	 Acc:0.2187500	 Mean_Total:1.2353286
2021-03-20 20:51:03,724 -   579 /   966 (59.9%):	 Total:0.8322403	 Acc:0.2812500	 Mean_Total:1.2560182
2021-03-20 20:51:08,033 -   772 /   966 (79.9%):	 Total:1.1021730	 Acc:0.2500000	 Mean_Total:1.2680929
2021-03-20 20:51:12,394 -   965 /   966 (99.9%):	 Total:0.7156473	 Acc:0.1290323	 Mean_Total:1.2799280
2021-03-20 20:51:12,462 - 
===============================|    epoch 15   |===============================

2021-03-20 20:51:12,681 -     0 /   966 (0.0%):	 Total:1.1940920	 Acc:0.4062500	 Mean_Total:1.1940920
2021-03-20 20:51:17,054 -   193 /   966 (20.0%):	 Total:0.9402417	 Acc:0.3125000	 Mean_Total:1.1753871
2021-03-20 20:51:21,284 -   386 /   966 (40.0%):	 Total:0.7254488	 Acc:0.2187500	 Mean_Total:1.2121840
2021-03-20 20:51:25,450 -   579 /   966 (59.9%):	 Total:1.4631209	 Acc:0.0937500	 Mean_Total:1.2310704
2021-03-20 20:51:29,665 -   772 /   966 (79.9%):	 Total:1.1327190	 Acc:0.2500000	 Mean_Total:1.2419232
2021-03-20 20:51:33,951 -   965 /   966 (99.9%):	 Total:1.3404945	 Acc:0.3225806	 Mean_Total:1.2508892
2021-03-20 20:51:34,015 - 
===============================|    epoch 16   |===============================

2021-03-20 20:51:34,206 -     0 /   966 (0.0%):	 Total:1.2265296	 Acc:0.2812500	 Mean_Total:1.2265296
2021-03-20 20:51:38,434 -   193 /   966 (20.0%):	 Total:1.2561247	 Acc:0.2187500	 Mean_Total:1.1785632
2021-03-20 20:51:42,605 -   386 /   966 (40.0%):	 Total:0.9826465	 Acc:0.1875000	 Mean_Total:1.1820222
2021-03-20 20:51:46,713 -   579 /   966 (59.9%):	 Total:1.0295681	 Acc:0.2812500	 Mean_Total:1.1871801
2021-03-20 20:51:50,946 -   772 /   966 (79.9%):	 Total:2.2809391	 Acc:0.2187500	 Mean_Total:1.1955859
2021-03-20 20:51:55,220 -   965 /   966 (99.9%):	 Total:1.0289103	 Acc:0.2903226	 Mean_Total:1.2150328
2021-03-20 20:51:55,285 - 
===============================|    epoch 17   |===============================

2021-03-20 20:51:55,499 -     0 /   966 (0.0%):	 Total:1.4248616	 Acc:0.2187500	 Mean_Total:1.4248616
2021-03-20 20:51:59,818 -   193 /   966 (20.0%):	 Total:1.2792851	 Acc:0.3125000	 Mean_Total:1.1389514
2021-03-20 20:52:04,016 -   386 /   966 (40.0%):	 Total:0.9305910	 Acc:0.2187500	 Mean_Total:1.1503937
2021-03-20 20:52:08,191 -   579 /   966 (59.9%):	 Total:1.5618777	 Acc:0.1250000	 Mean_Total:1.1817978
2021-03-20 20:52:12,419 -   772 /   966 (79.9%):	 Total:0.9270319	 Acc:0.1562500	 Mean_Total:1.1846343
2021-03-20 20:52:16,692 -   965 /   966 (99.9%):	 Total:1.3865991	 Acc:0.2258065	 Mean_Total:1.1880797
2021-03-20 20:52:16,760 - 
===============================|    epoch 18   |===============================

2021-03-20 20:52:16,973 -     0 /   966 (0.0%):	 Total:0.8445042	 Acc:0.1562500	 Mean_Total:0.8445042
2021-03-20 20:52:21,169 -   193 /   966 (20.0%):	 Total:1.4367075	 Acc:0.2812500	 Mean_Total:1.0965395
2021-03-20 20:52:25,378 -   386 /   966 (40.0%):	 Total:1.2801129	 Acc:0.3125000	 Mean_Total:1.1159013
2021-03-20 20:52:29,533 -   579 /   966 (59.9%):	 Total:0.9846014	 Acc:0.2812500	 Mean_Total:1.1264882
2021-03-20 20:52:33,826 -   772 /   966 (79.9%):	 Total:1.1900227	 Acc:0.2187500	 Mean_Total:1.1473083
2021-03-20 20:52:38,050 -   965 /   966 (99.9%):	 Total:0.7659258	 Acc:0.1290323	 Mean_Total:1.1568995
2021-03-20 20:52:38,118 - 
===============================|    epoch 19   |===============================

2021-03-20 20:52:38,342 -     0 /   966 (0.0%):	 Total:0.9824390	 Acc:0.1875000	 Mean_Total:0.9824390
2021-03-20 20:52:42,590 -   193 /   966 (20.0%):	 Total:0.7771108	 Acc:0.2187500	 Mean_Total:1.0462798
2021-03-20 20:52:46,787 -   386 /   966 (40.0%):	 Total:0.7244947	 Acc:0.3125000	 Mean_Total:1.0805368
2021-03-20 20:52:50,914 -   579 /   966 (59.9%):	 Total:1.2440014	 Acc:0.3437500	 Mean_Total:1.0961918
2021-03-20 20:52:55,090 -   772 /   966 (79.9%):	 Total:0.8365091	 Acc:0.3125000	 Mean_Total:1.1158030
2021-03-20 20:52:59,330 -   965 /   966 (99.9%):	 Total:1.5711617	 Acc:0.2258065	 Mean_Total:1.1375902
2021-03-20 20:52:59,399 - 
===============================|    epoch 20   |===============================

2021-03-20 20:52:59,601 -     0 /   966 (0.0%):	 Total:0.8478813	 Acc:0.3437500	 Mean_Total:0.8478813
2021-03-20 20:53:03,745 -   193 /   966 (20.0%):	 Total:1.2712511	 Acc:0.2812500	 Mean_Total:1.0342134
2021-03-20 20:53:07,959 -   386 /   966 (40.0%):	 Total:1.1610986	 Acc:0.2500000	 Mean_Total:1.0492559
2021-03-20 20:53:12,223 -   579 /   966 (59.9%):	 Total:0.8254545	 Acc:0.2187500	 Mean_Total:1.0805786
2021-03-20 20:53:16,470 -   772 /   966 (79.9%):	 Total:0.9233368	 Acc:0.3437500	 Mean_Total:1.0942362
2021-03-20 20:53:20,708 -   965 /   966 (99.9%):	 Total:1.5463727	 Acc:0.1935484	 Mean_Total:1.1048613
2021-03-20 20:53:22,272 - 
===============================| start validation |===============================

2021-03-20 20:53:22,274 - 	 Total:1.6574181	 Acc:0.2074725
2021-03-20 20:53:22,277 -    ini file updated    
2021-03-20 20:53:22,277 - 
===============================|    epoch 21   |===============================

2021-03-20 20:53:22,506 -     0 /   966 (0.0%):	 Total:0.6417987	 Acc:0.3125000	 Mean_Total:0.6417987
2021-03-20 20:53:26,756 -   193 /   966 (20.0%):	 Total:0.8777784	 Acc:0.2500000	 Mean_Total:1.0658507
2021-03-20 20:53:30,889 -   386 /   966 (40.0%):	 Total:1.0494015	 Acc:0.2812500	 Mean_Total:1.0642039
2021-03-20 20:53:35,020 -   579 /   966 (59.9%):	 Total:0.4636353	 Acc:0.3125000	 Mean_Total:1.0668823
2021-03-20 20:53:39,132 -   772 /   966 (79.9%):	 Total:1.4530338	 Acc:0.2187500	 Mean_Total:1.0852114
2021-03-20 20:53:43,346 -   965 /   966 (99.9%):	 Total:1.1839542	 Acc:0.2258065	 Mean_Total:1.0885111
2021-03-20 20:53:43,411 - 
===============================|    epoch 22   |===============================

2021-03-20 20:53:43,624 -     0 /   966 (0.0%):	 Total:1.0308902	 Acc:0.3750000	 Mean_Total:1.0308902
2021-03-20 20:53:47,851 -   193 /   966 (20.0%):	 Total:1.2425244	 Acc:0.3125000	 Mean_Total:0.9872083
2021-03-20 20:53:52,132 -   386 /   966 (40.0%):	 Total:0.8160250	 Acc:0.2812500	 Mean_Total:1.0288141
2021-03-20 20:53:56,231 -   579 /   966 (59.9%):	 Total:1.1156144	 Acc:0.1875000	 Mean_Total:1.0539139
2021-03-20 20:54:00,387 -   772 /   966 (79.9%):	 Total:0.7842698	 Acc:0.3437500	 Mean_Total:1.0662890
2021-03-20 20:54:04,615 -   965 /   966 (99.9%):	 Total:1.5513257	 Acc:0.2258065	 Mean_Total:1.0715347
2021-03-20 20:54:04,670 - 
===============================|    epoch 23   |===============================

2021-03-20 20:54:04,885 -     0 /   966 (0.0%):	 Total:0.7635614	 Acc:0.2500000	 Mean_Total:0.7635614
2021-03-20 20:54:09,077 -   193 /   966 (20.0%):	 Total:1.0474710	 Acc:0.1562500	 Mean_Total:1.0079385
2021-03-20 20:54:13,239 -   386 /   966 (40.0%):	 Total:0.8614998	 Acc:0.2812500	 Mean_Total:1.0067107
2021-03-20 20:54:17,488 -   579 /   966 (59.9%):	 Total:0.9423115	 Acc:0.3437500	 Mean_Total:1.0166242
2021-03-20 20:54:21,739 -   772 /   966 (79.9%):	 Total:0.8632736	 Acc:0.3750000	 Mean_Total:1.0335951
2021-03-20 20:54:26,012 -   965 /   966 (99.9%):	 Total:0.8829671	 Acc:0.2903226	 Mean_Total:1.0496381
2021-03-20 20:54:26,075 - 
===============================|    epoch 24   |===============================

2021-03-20 20:54:26,301 -     0 /   966 (0.0%):	 Total:0.6222496	 Acc:0.3437500	 Mean_Total:0.6222496
2021-03-20 20:54:30,602 -   193 /   966 (20.0%):	 Total:1.0688815	 Acc:0.3437500	 Mean_Total:0.9821272
2021-03-20 20:54:34,742 -   386 /   966 (40.0%):	 Total:0.6855401	 Acc:0.3750000	 Mean_Total:0.9854101
2021-03-20 20:54:38,825 -   579 /   966 (59.9%):	 Total:0.7465374	 Acc:0.2812500	 Mean_Total:1.0107832
2021-03-20 20:54:43,010 -   772 /   966 (79.9%):	 Total:1.1384635	 Acc:0.2812500	 Mean_Total:1.0250153
2021-03-20 20:54:47,222 -   965 /   966 (99.9%):	 Total:1.1514024	 Acc:0.4193548	 Mean_Total:1.0401078
2021-03-20 20:54:47,280 - 
===============================|    epoch 25   |===============================

2021-03-20 20:54:47,518 -     0 /   966 (0.0%):	 Total:1.0223484	 Acc:0.2187500	 Mean_Total:1.0223484
2021-03-20 20:54:51,683 -   193 /   966 (20.0%):	 Total:1.0778427	 Acc:0.2812500	 Mean_Total:0.9648158
2021-03-20 20:54:55,907 -   386 /   966 (40.0%):	 Total:1.0403104	 Acc:0.3437500	 Mean_Total:0.9840282
2021-03-20 20:55:00,118 -   579 /   966 (59.9%):	 Total:1.2640826	 Acc:0.3125000	 Mean_Total:0.9968881
2021-03-20 20:55:04,296 -   772 /   966 (79.9%):	 Total:1.0630186	 Acc:0.2500000	 Mean_Total:1.0059732
2021-03-20 20:55:08,481 -   965 /   966 (99.9%):	 Total:0.7720729	 Acc:0.2580645	 Mean_Total:1.0163502
2021-03-20 20:55:08,545 - 
===============================|    epoch 26   |===============================

2021-03-20 20:55:08,764 -     0 /   966 (0.0%):	 Total:1.2411501	 Acc:0.2187500	 Mean_Total:1.2411501
2021-03-20 20:55:12,918 -   193 /   966 (20.0%):	 Total:0.8102813	 Acc:0.2812500	 Mean_Total:0.9561500
2021-03-20 20:55:17,138 -   386 /   966 (40.0%):	 Total:1.4636422	 Acc:0.2187500	 Mean_Total:0.9511251
2021-03-20 20:55:21,379 -   579 /   966 (59.9%):	 Total:0.7020005	 Acc:0.2500000	 Mean_Total:0.9785078
2021-03-20 20:55:25,647 -   772 /   966 (79.9%):	 Total:0.8916309	 Acc:0.4062500	 Mean_Total:1.0015528
2021-03-20 20:55:29,867 -   965 /   966 (99.9%):	 Total:1.0293887	 Acc:0.2580645	 Mean_Total:1.0088503
2021-03-20 20:55:29,937 - 
===============================|    epoch 27   |===============================

2021-03-20 20:55:30,159 -     0 /   966 (0.0%):	 Total:0.5473028	 Acc:0.3125000	 Mean_Total:0.5473028
2021-03-20 20:55:34,268 -   193 /   966 (20.0%):	 Total:0.6360322	 Acc:0.3125000	 Mean_Total:0.9286965
2021-03-20 20:55:38,337 -   386 /   966 (40.0%):	 Total:1.1922227	 Acc:0.2187500	 Mean_Total:0.9347450
2021-03-20 20:55:42,489 -   579 /   966 (59.9%):	 Total:1.3629556	 Acc:0.1875000	 Mean_Total:0.9596924
2021-03-20 20:55:46,762 -   772 /   966 (79.9%):	 Total:1.1371707	 Acc:0.2500000	 Mean_Total:0.9838165
2021-03-20 20:55:51,049 -   965 /   966 (99.9%):	 Total:1.4394568	 Acc:0.3225806	 Mean_Total:0.9949590
2021-03-20 20:55:51,110 - 
===============================|    epoch 28   |===============================

2021-03-20 20:55:51,316 -     0 /   966 (0.0%):	 Total:0.9682742	 Acc:0.3750000	 Mean_Total:0.9682742
2021-03-20 20:55:55,510 -   193 /   966 (20.0%):	 Total:0.8293844	 Acc:0.1250000	 Mean_Total:0.8896207
2021-03-20 20:55:59,565 -   386 /   966 (40.0%):	 Total:0.5670573	 Acc:0.1562500	 Mean_Total:0.9060200
2021-03-20 20:56:03,840 -   579 /   966 (59.9%):	 Total:1.2183676	 Acc:0.2187500	 Mean_Total:0.9362834
2021-03-20 20:56:08,135 -   772 /   966 (79.9%):	 Total:1.0410622	 Acc:0.1875000	 Mean_Total:0.9525886
2021-03-20 20:56:12,278 -   965 /   966 (99.9%):	 Total:1.1778665	 Acc:0.1612903	 Mean_Total:0.9796178
2021-03-20 20:56:12,345 - 
===============================|    epoch 29   |===============================

2021-03-20 20:56:12,555 -     0 /   966 (0.0%):	 Total:1.1191659	 Acc:0.1250000	 Mean_Total:1.1191659
2021-03-20 20:56:16,673 -   193 /   966 (20.0%):	 Total:0.4248351	 Acc:0.3437500	 Mean_Total:0.9156271
2021-03-20 20:56:20,837 -   386 /   966 (40.0%):	 Total:1.5533725	 Acc:0.2500000	 Mean_Total:0.9225971
2021-03-20 20:56:25,043 -   579 /   966 (59.9%):	 Total:1.0901892	 Acc:0.1562500	 Mean_Total:0.9376112
2021-03-20 20:56:29,228 -   772 /   966 (79.9%):	 Total:0.7865720	 Acc:0.1562500	 Mean_Total:0.9604505
2021-03-20 20:56:33,497 -   965 /   966 (99.9%):	 Total:0.8786344	 Acc:0.2258065	 Mean_Total:0.9685758
2021-03-20 20:56:33,561 - 
===============================|    epoch 30   |===============================

2021-03-20 20:56:33,772 -     0 /   966 (0.0%):	 Total:0.6593661	 Acc:0.3125000	 Mean_Total:0.6593661
2021-03-20 20:56:37,936 -   193 /   966 (20.0%):	 Total:0.8494172	 Acc:0.2500000	 Mean_Total:0.8962059
2021-03-20 20:56:42,078 -   386 /   966 (40.0%):	 Total:1.3579037	 Acc:0.2187500	 Mean_Total:0.9415564
2021-03-20 20:56:46,344 -   579 /   966 (59.9%):	 Total:0.8386639	 Acc:0.3437500	 Mean_Total:0.9468259
2021-03-20 20:56:50,564 -   772 /   966 (79.9%):	 Total:1.5039319	 Acc:0.2187500	 Mean_Total:0.9471620
2021-03-20 20:56:54,698 -   965 /   966 (99.9%):	 Total:0.8724403	 Acc:0.1290323	 Mean_Total:0.9557281
2021-03-20 20:56:56,204 - 
===============================| start validation |===============================

2021-03-20 20:56:56,205 - 	 Total:1.7204909	 Acc:0.2127238
2021-03-20 20:56:56,209 -    ini file updated    
2021-03-20 20:56:56,209 - 
===============================|    epoch 31   |===============================

2021-03-20 20:56:56,418 -     0 /   966 (0.0%):	 Total:0.6531272	 Acc:0.2812500	 Mean_Total:0.6531272
2021-03-20 20:57:00,614 -   193 /   966 (20.0%):	 Total:0.7750330	 Acc:0.4375000	 Mean_Total:0.8939399
2021-03-20 20:57:04,735 -   386 /   966 (40.0%):	 Total:0.4790191	 Acc:0.2812500	 Mean_Total:0.9221671
2021-03-20 20:57:08,871 -   579 /   966 (59.9%):	 Total:0.6184492	 Acc:0.3750000	 Mean_Total:0.9301868
2021-03-20 20:57:13,074 -   772 /   966 (79.9%):	 Total:0.9369292	 Acc:0.1562500	 Mean_Total:0.9441579
2021-03-20 20:57:17,345 -   965 /   966 (99.9%):	 Total:0.6516869	 Acc:0.3548387	 Mean_Total:0.9471597
2021-03-20 20:57:17,408 - 
===============================|    epoch 32   |===============================

2021-03-20 20:57:17,645 -     0 /   966 (0.0%):	 Total:0.6933026	 Acc:0.5000000	 Mean_Total:0.6933026
2021-03-20 20:57:21,901 -   193 /   966 (20.0%):	 Total:0.8075401	 Acc:0.1875000	 Mean_Total:0.8633680
2021-03-20 20:57:26,012 -   386 /   966 (40.0%):	 Total:0.7896040	 Acc:0.3125000	 Mean_Total:0.8896334
2021-03-20 20:57:30,156 -   579 /   966 (59.9%):	 Total:1.2935349	 Acc:0.0625000	 Mean_Total:0.9089908
2021-03-20 20:57:34,424 -   772 /   966 (79.9%):	 Total:1.3673307	 Acc:0.1875000	 Mean_Total:0.9223704
2021-03-20 20:57:38,739 -   965 /   966 (99.9%):	 Total:0.8502387	 Acc:0.3548387	 Mean_Total:0.9358858
2021-03-20 20:57:38,808 - 
===============================|    epoch 33   |===============================

2021-03-20 20:57:39,029 -     0 /   966 (0.0%):	 Total:0.4432084	 Acc:0.2812500	 Mean_Total:0.4432084
2021-03-20 20:57:43,351 -   193 /   966 (20.0%):	 Total:1.0926924	 Acc:0.2187500	 Mean_Total:0.8607933
2021-03-20 20:57:47,628 -   386 /   966 (40.0%):	 Total:0.9254401	 Acc:0.1875000	 Mean_Total:0.8867596
2021-03-20 20:57:51,794 -   579 /   966 (59.9%):	 Total:0.7389134	 Acc:0.3125000	 Mean_Total:0.8950093
2021-03-20 20:57:55,924 -   772 /   966 (79.9%):	 Total:1.2857567	 Acc:0.1875000	 Mean_Total:0.9066792
2021-03-20 20:58:00,147 -   965 /   966 (99.9%):	 Total:1.0387812	 Acc:0.2258065	 Mean_Total:0.9237228
2021-03-20 20:58:00,212 - 
===============================|    epoch 34   |===============================

2021-03-20 20:58:00,422 -     0 /   966 (0.0%):	 Total:0.5870370	 Acc:0.2500000	 Mean_Total:0.5870370
2021-03-20 20:58:04,534 -   193 /   966 (20.0%):	 Total:0.7979245	 Acc:0.2187500	 Mean_Total:0.8653404
2021-03-20 20:58:08,727 -   386 /   966 (40.0%):	 Total:0.9096327	 Acc:0.3437500	 Mean_Total:0.8890286
2021-03-20 20:58:12,944 -   579 /   966 (59.9%):	 Total:1.1584194	 Acc:0.1875000	 Mean_Total:0.9106955
2021-03-20 20:58:17,192 -   772 /   966 (79.9%):	 Total:0.8393515	 Acc:0.2500000	 Mean_Total:0.9194296
2021-03-20 20:58:21,356 -   965 /   966 (99.9%):	 Total:0.8675462	 Acc:0.2258065	 Mean_Total:0.9300661
2021-03-20 20:58:21,431 - 
===============================|    epoch 35   |===============================

2021-03-20 20:58:21,652 -     0 /   966 (0.0%):	 Total:0.8253723	 Acc:0.1250000	 Mean_Total:0.8253723
2021-03-20 20:58:25,806 -   193 /   966 (20.0%):	 Total:0.8569002	 Acc:0.4062500	 Mean_Total:0.8446041
2021-03-20 20:58:30,055 -   386 /   966 (40.0%):	 Total:0.8665451	 Acc:0.2187500	 Mean_Total:0.8586499
2021-03-20 20:58:34,333 -   579 /   966 (59.9%):	 Total:0.5370679	 Acc:0.3125000	 Mean_Total:0.8711871
2021-03-20 20:58:38,549 -   772 /   966 (79.9%):	 Total:0.8041891	 Acc:0.4375000	 Mean_Total:0.8862203
2021-03-20 20:58:42,831 -   965 /   966 (99.9%):	 Total:0.7874984	 Acc:0.3548387	 Mean_Total:0.9004119
2021-03-20 20:58:42,896 - 
===============================|    epoch 36   |===============================

2021-03-20 20:58:43,105 -     0 /   966 (0.0%):	 Total:1.4094861	 Acc:0.2500000	 Mean_Total:1.4094861
2021-03-20 20:58:47,284 -   193 /   966 (20.0%):	 Total:0.7927080	 Acc:0.2187500	 Mean_Total:0.8764739
2021-03-20 20:58:51,448 -   386 /   966 (40.0%):	 Total:0.5824641	 Acc:0.3437500	 Mean_Total:0.8906346
2021-03-20 20:58:55,580 -   579 /   966 (59.9%):	 Total:0.9462824	 Acc:0.2500000	 Mean_Total:0.8935091
2021-03-20 20:58:59,756 -   772 /   966 (79.9%):	 Total:0.4335327	 Acc:0.4062500	 Mean_Total:0.8906101
2021-03-20 20:59:03,967 -   965 /   966 (99.9%):	 Total:1.4902802	 Acc:0.2903226	 Mean_Total:0.9015254
2021-03-20 20:59:04,033 - 
===============================|    epoch 37   |===============================

2021-03-20 20:59:04,247 -     0 /   966 (0.0%):	 Total:0.6539777	 Acc:0.4062500	 Mean_Total:0.6539777
2021-03-20 20:59:08,400 -   193 /   966 (20.0%):	 Total:1.3309710	 Acc:0.2812500	 Mean_Total:0.8326947
2021-03-20 20:59:12,510 -   386 /   966 (40.0%):	 Total:1.3733144	 Acc:0.3750000	 Mean_Total:0.8442103
2021-03-20 20:59:16,755 -   579 /   966 (59.9%):	 Total:0.6253181	 Acc:0.2187500	 Mean_Total:0.8622540
2021-03-20 20:59:21,023 -   772 /   966 (79.9%):	 Total:0.6152184	 Acc:0.1875000	 Mean_Total:0.8811518
2021-03-20 20:59:25,183 -   965 /   966 (99.9%):	 Total:0.8055446	 Acc:0.2580645	 Mean_Total:0.8975293
2021-03-20 20:59:25,247 - 
===============================|    epoch 38   |===============================

2021-03-20 20:59:25,459 -     0 /   966 (0.0%):	 Total:0.5062240	 Acc:0.3750000	 Mean_Total:0.5062240
2021-03-20 20:59:29,575 -   193 /   966 (20.0%):	 Total:0.6450642	 Acc:0.3125000	 Mean_Total:0.8539169
2021-03-20 20:59:33,785 -   386 /   966 (40.0%):	 Total:0.6282501	 Acc:0.3125000	 Mean_Total:0.8477155
2021-03-20 20:59:37,956 -   579 /   966 (59.9%):	 Total:0.4481567	 Acc:0.1250000	 Mean_Total:0.8743309
2021-03-20 20:59:42,190 -   772 /   966 (79.9%):	 Total:0.4898146	 Acc:0.2812500	 Mean_Total:0.8898023
2021-03-20 20:59:46,420 -   965 /   966 (99.9%):	 Total:0.7668206	 Acc:0.2903226	 Mean_Total:0.9041343
2021-03-20 20:59:46,481 - 
===============================|    epoch 39   |===============================

2021-03-20 20:59:46,697 -     0 /   966 (0.0%):	 Total:0.8785503	 Acc:0.3125000	 Mean_Total:0.8785503
2021-03-20 20:59:50,825 -   193 /   966 (20.0%):	 Total:1.0399457	 Acc:0.1250000	 Mean_Total:0.8120294
2021-03-20 20:59:54,903 -   386 /   966 (40.0%):	 Total:0.6713967	 Acc:0.2187500	 Mean_Total:0.8266729
2021-03-20 20:59:59,077 -   579 /   966 (59.9%):	 Total:1.1400049	 Acc:0.3437500	 Mean_Total:0.8431559
2021-03-20 21:00:03,225 -   772 /   966 (79.9%):	 Total:1.7693782	 Acc:0.1250000	 Mean_Total:0.8663369
2021-03-20 21:00:07,312 -   965 /   966 (99.9%):	 Total:1.7957757	 Acc:0.1935484	 Mean_Total:0.8903392
2021-03-20 21:00:07,378 - 
===============================|    epoch 40   |===============================

2021-03-20 21:00:07,597 -     0 /   966 (0.0%):	 Total:0.7653189	 Acc:0.3437500	 Mean_Total:0.7653189
2021-03-20 21:00:11,726 -   193 /   966 (20.0%):	 Total:0.7907692	 Acc:0.2812500	 Mean_Total:0.8278529
2021-03-20 21:00:15,928 -   386 /   966 (40.0%):	 Total:1.1355743	 Acc:0.3125000	 Mean_Total:0.8336490
2021-03-20 21:00:20,167 -   579 /   966 (59.9%):	 Total:1.1618366	 Acc:0.1875000	 Mean_Total:0.8571165
2021-03-20 21:00:24,366 -   772 /   966 (79.9%):	 Total:0.5930823	 Acc:0.3125000	 Mean_Total:0.8758901
2021-03-20 21:00:28,653 -   965 /   966 (99.9%):	 Total:0.9656547	 Acc:0.3870968	 Mean_Total:0.8890366
2021-03-20 21:00:30,216 - 
===============================| start validation |===============================

2021-03-20 21:00:30,216 - 	 Total:1.7713612	 Acc:0.2041150
2021-03-20 21:00:30,219 -    ini file updated    
2021-03-20 21:00:30,219 - 
===============================|    epoch 41   |===============================

2021-03-20 21:00:30,436 -     0 /   966 (0.0%):	 Total:0.9706100	 Acc:0.1875000	 Mean_Total:0.9706100
2021-03-20 21:00:34,598 -   193 /   966 (20.0%):	 Total:0.5007006	 Acc:0.2812500	 Mean_Total:0.8123169
2021-03-20 21:00:38,618 -   386 /   966 (40.0%):	 Total:0.5370650	 Acc:0.3750000	 Mean_Total:0.8338881
2021-03-20 21:00:42,907 -   579 /   966 (59.9%):	 Total:0.6771927	 Acc:0.3125000	 Mean_Total:0.8590285
2021-03-20 21:00:47,134 -   772 /   966 (79.9%):	 Total:1.1487756	 Acc:0.1250000	 Mean_Total:0.8704879
2021-03-20 21:00:51,277 -   965 /   966 (99.9%):	 Total:0.6515378	 Acc:0.4838710	 Mean_Total:0.8761319
2021-03-20 21:00:51,341 - 
===============================|    epoch 42   |===============================

2021-03-20 21:00:51,547 -     0 /   966 (0.0%):	 Total:0.8330641	 Acc:0.3125000	 Mean_Total:0.8330641
2021-03-20 21:00:55,739 -   193 /   966 (20.0%):	 Total:0.8195952	 Acc:0.1562500	 Mean_Total:0.8023706
2021-03-20 21:00:59,995 -   386 /   966 (40.0%):	 Total:0.4784608	 Acc:0.4062500	 Mean_Total:0.8276634
2021-03-20 21:01:04,252 -   579 /   966 (59.9%):	 Total:0.6755919	 Acc:0.3125000	 Mean_Total:0.8481550
2021-03-20 21:01:08,519 -   772 /   966 (79.9%):	 Total:0.6351160	 Acc:0.3125000	 Mean_Total:0.8640840
2021-03-20 21:01:12,734 -   965 /   966 (99.9%):	 Total:0.4586782	 Acc:0.2580645	 Mean_Total:0.8756535
2021-03-20 21:01:12,801 - 
===============================|    epoch 43   |===============================

2021-03-20 21:01:13,020 -     0 /   966 (0.0%):	 Total:0.8796161	 Acc:0.2187500	 Mean_Total:0.8796161
2021-03-20 21:01:17,104 -   193 /   966 (20.0%):	 Total:0.5306859	 Acc:0.4375000	 Mean_Total:0.8060906
2021-03-20 21:01:21,288 -   386 /   966 (40.0%):	 Total:1.2728934	 Acc:0.3437500	 Mean_Total:0.8485424
2021-03-20 21:01:25,523 -   579 /   966 (59.9%):	 Total:0.6920424	 Acc:0.2187500	 Mean_Total:0.8699890
2021-03-20 21:01:29,674 -   772 /   966 (79.9%):	 Total:1.1010746	 Acc:0.2500000	 Mean_Total:0.8712183
2021-03-20 21:01:33,854 -   965 /   966 (99.9%):	 Total:0.5033982	 Acc:0.2258065	 Mean_Total:0.8710525
2021-03-20 21:01:33,921 - 
===============================|    epoch 44   |===============================

2021-03-20 21:01:34,111 -     0 /   966 (0.0%):	 Total:1.1292135	 Acc:0.2187500	 Mean_Total:1.1292135
2021-03-20 21:01:38,290 -   193 /   966 (20.0%):	 Total:0.8072222	 Acc:0.3125000	 Mean_Total:0.8159308
2021-03-20 21:01:42,424 -   386 /   966 (40.0%):	 Total:0.6380562	 Acc:0.3750000	 Mean_Total:0.8264810
2021-03-20 21:01:46,646 -   579 /   966 (59.9%):	 Total:0.5465834	 Acc:0.2187500	 Mean_Total:0.8364609
2021-03-20 21:01:50,837 -   772 /   966 (79.9%):	 Total:0.9487802	 Acc:0.2812500	 Mean_Total:0.8548161
2021-03-20 21:01:54,956 -   965 /   966 (99.9%):	 Total:1.3099281	 Acc:0.3225806	 Mean_Total:0.8650665
2021-03-20 21:01:55,024 - 
===============================|    epoch 45   |===============================

2021-03-20 21:01:55,234 -     0 /   966 (0.0%):	 Total:0.5952235	 Acc:0.3125000	 Mean_Total:0.5952235
2021-03-20 21:01:59,322 -   193 /   966 (20.0%):	 Total:0.5510101	 Acc:0.3437500	 Mean_Total:0.7992776
2021-03-20 21:02:03,444 -   386 /   966 (40.0%):	 Total:1.0654925	 Acc:0.1875000	 Mean_Total:0.8126088
2021-03-20 21:02:07,591 -   579 /   966 (59.9%):	 Total:0.6586803	 Acc:0.2500000	 Mean_Total:0.8393855
2021-03-20 21:02:11,777 -   772 /   966 (79.9%):	 Total:0.7077185	 Acc:0.3437500	 Mean_Total:0.8387370
2021-03-20 21:02:16,002 -   965 /   966 (99.9%):	 Total:0.8171955	 Acc:0.3225806	 Mean_Total:0.8561028
2021-03-20 21:02:16,066 - 
===============================|    epoch 46   |===============================

2021-03-20 21:02:16,279 -     0 /   966 (0.0%):	 Total:0.9262581	 Acc:0.2500000	 Mean_Total:0.9262581
2021-03-20 21:02:20,503 -   193 /   966 (20.0%):	 Total:0.7095644	 Acc:0.4687500	 Mean_Total:0.7974853
2021-03-20 21:02:24,635 -   386 /   966 (40.0%):	 Total:0.7318714	 Acc:0.2500000	 Mean_Total:0.8268681
2021-03-20 21:02:28,834 -   579 /   966 (59.9%):	 Total:0.5880911	 Acc:0.1875000	 Mean_Total:0.8396953
2021-03-20 21:02:33,014 -   772 /   966 (79.9%):	 Total:0.6373709	 Acc:0.2500000	 Mean_Total:0.8577040
2021-03-20 21:02:37,298 -   965 /   966 (99.9%):	 Total:1.2167631	 Acc:0.1935484	 Mean_Total:0.8595062
2021-03-20 21:02:37,357 - 
===============================|    epoch 47   |===============================

2021-03-20 21:02:37,588 -     0 /   966 (0.0%):	 Total:0.6550847	 Acc:0.2187500	 Mean_Total:0.6550847
2021-03-20 21:02:41,733 -   193 /   966 (20.0%):	 Total:0.8035026	 Acc:0.3125000	 Mean_Total:0.7796890
2021-03-20 21:02:46,007 -   386 /   966 (40.0%):	 Total:0.5568396	 Acc:0.2812500	 Mean_Total:0.8067167
2021-03-20 21:02:50,303 -   579 /   966 (59.9%):	 Total:1.0388885	 Acc:0.1875000	 Mean_Total:0.8164056
2021-03-20 21:02:54,644 -   772 /   966 (79.9%):	 Total:0.6453547	 Acc:0.3125000	 Mean_Total:0.8402464
2021-03-20 21:02:58,849 -   965 /   966 (99.9%):	 Total:0.7913456	 Acc:0.3548387	 Mean_Total:0.8547017
2021-03-20 21:02:58,919 - 
===============================|    epoch 48   |===============================

2021-03-20 21:02:59,143 -     0 /   966 (0.0%):	 Total:0.8695655	 Acc:0.3125000	 Mean_Total:0.8695655
2021-03-20 21:03:03,322 -   193 /   966 (20.0%):	 Total:0.6882816	 Acc:0.3437500	 Mean_Total:0.7676260
2021-03-20 21:03:07,541 -   386 /   966 (40.0%):	 Total:0.5894539	 Acc:0.2500000	 Mean_Total:0.7967147
2021-03-20 21:03:11,783 -   579 /   966 (59.9%):	 Total:0.6826274	 Acc:0.4375000	 Mean_Total:0.8171699
2021-03-20 21:03:16,011 -   772 /   966 (79.9%):	 Total:0.8337688	 Acc:0.3437500	 Mean_Total:0.8310087
2021-03-20 21:03:20,096 -   965 /   966 (99.9%):	 Total:0.7631750	 Acc:0.1612903	 Mean_Total:0.8484954
2021-03-20 21:03:20,161 - 
===============================|    epoch 49   |===============================

2021-03-20 21:03:20,369 -     0 /   966 (0.0%):	 Total:1.2045918	 Acc:0.2187500	 Mean_Total:1.2045918
2021-03-20 21:03:24,547 -   193 /   966 (20.0%):	 Total:0.5774212	 Acc:0.3437500	 Mean_Total:0.7748479
2021-03-20 21:03:28,843 -   386 /   966 (40.0%):	 Total:0.9231679	 Acc:0.3750000	 Mean_Total:0.8122666
2021-03-20 21:03:32,993 -   579 /   966 (59.9%):	 Total:0.7654283	 Acc:0.3125000	 Mean_Total:0.8232195
2021-03-20 21:03:37,223 -   772 /   966 (79.9%):	 Total:1.4554918	 Acc:0.2500000	 Mean_Total:0.8335390
2021-03-20 21:03:41,392 -   965 /   966 (99.9%):	 Total:1.2481810	 Acc:0.1290323	 Mean_Total:0.8458585
2021-03-20 21:03:41,456 - 
===============================|    epoch 50   |===============================

2021-03-20 21:03:41,670 -     0 /   966 (0.0%):	 Total:1.0183226	 Acc:0.4062500	 Mean_Total:1.0183226
2021-03-20 21:03:45,809 -   193 /   966 (20.0%):	 Total:0.8414429	 Acc:0.3125000	 Mean_Total:0.7883868
2021-03-20 21:03:49,978 -   386 /   966 (40.0%):	 Total:0.4345563	 Acc:0.3437500	 Mean_Total:0.8017414
2021-03-20 21:03:54,211 -   579 /   966 (59.9%):	 Total:1.1278105	 Acc:0.2500000	 Mean_Total:0.8210649
2021-03-20 21:03:58,343 -   772 /   966 (79.9%):	 Total:0.8222412	 Acc:0.3750000	 Mean_Total:0.8376738
2021-03-20 21:04:02,531 -   965 /   966 (99.9%):	 Total:0.7826716	 Acc:0.2580645	 Mean_Total:0.8520526
2021-03-20 21:04:04,055 - 
===============================| start validation |===============================

2021-03-20 21:04:04,056 - 	 Total:1.7130812	 Acc:0.2109160
2021-03-20 21:04:04,059 -    ini file updated    
2021-03-20 21:04:04,059 - 
===============================|    epoch 51   |===============================

2021-03-20 21:04:04,263 -     0 /   966 (0.0%):	 Total:0.8512932	 Acc:0.2500000	 Mean_Total:0.8512932
2021-03-20 21:04:08,358 -   193 /   966 (20.0%):	 Total:0.7040086	 Acc:0.1875000	 Mean_Total:0.7527048
2021-03-20 21:04:12,537 -   386 /   966 (40.0%):	 Total:1.3973951	 Acc:0.2812500	 Mean_Total:0.7952106
2021-03-20 21:04:16,744 -   579 /   966 (59.9%):	 Total:0.9684131	 Acc:0.3750000	 Mean_Total:0.8213509
2021-03-20 21:04:20,919 -   772 /   966 (79.9%):	 Total:1.0436490	 Acc:0.3125000	 Mean_Total:0.8343616
2021-03-20 21:04:25,116 -   965 /   966 (99.9%):	 Total:1.3795973	 Acc:0.2258065	 Mean_Total:0.8479409
2021-03-20 21:04:25,180 - 
===============================|    epoch 52   |===============================

2021-03-20 21:04:25,388 -     0 /   966 (0.0%):	 Total:0.9788540	 Acc:0.2812500	 Mean_Total:0.9788540
2021-03-20 21:04:29,461 -   193 /   966 (20.0%):	 Total:0.8285997	 Acc:0.3437500	 Mean_Total:0.7862273
2021-03-20 21:04:33,692 -   386 /   966 (40.0%):	 Total:0.8960440	 Acc:0.0937500	 Mean_Total:0.8055835
2021-03-20 21:04:37,838 -   579 /   966 (59.9%):	 Total:1.2555778	 Acc:0.2812500	 Mean_Total:0.8171898
2021-03-20 21:04:42,049 -   772 /   966 (79.9%):	 Total:0.7756267	 Acc:0.4062500	 Mean_Total:0.8297426
2021-03-20 21:04:46,154 -   965 /   966 (99.9%):	 Total:0.8041173	 Acc:0.2580645	 Mean_Total:0.8421661
2021-03-20 21:04:46,218 - 
===============================|    epoch 53   |===============================

2021-03-20 21:04:46,438 -     0 /   966 (0.0%):	 Total:1.1221304	 Acc:0.2812500	 Mean_Total:1.1221304
2021-03-20 21:04:50,505 -   193 /   966 (20.0%):	 Total:0.5959735	 Acc:0.5000000	 Mean_Total:0.7611899
2021-03-20 21:04:54,710 -   386 /   966 (40.0%):	 Total:0.7836180	 Acc:0.2187500	 Mean_Total:0.7810272
2021-03-20 21:04:58,883 -   579 /   966 (59.9%):	 Total:0.6682967	 Acc:0.3437500	 Mean_Total:0.7987711
2021-03-20 21:05:03,179 -   772 /   966 (79.9%):	 Total:0.6998211	 Acc:0.2812500	 Mean_Total:0.8214611
2021-03-20 21:05:07,365 -   965 /   966 (99.9%):	 Total:0.6588690	 Acc:0.2258065	 Mean_Total:0.8324954
2021-03-20 21:05:07,436 - 
===============================|    epoch 54   |===============================

2021-03-20 21:05:07,670 -     0 /   966 (0.0%):	 Total:0.7313364	 Acc:0.1875000	 Mean_Total:0.7313364
2021-03-20 21:05:11,821 -   193 /   966 (20.0%):	 Total:0.4146461	 Acc:0.4375000	 Mean_Total:0.7810373
2021-03-20 21:05:16,150 -   386 /   966 (40.0%):	 Total:0.5712224	 Acc:0.2812500	 Mean_Total:0.7926720
2021-03-20 21:05:20,485 -   579 /   966 (59.9%):	 Total:1.0079283	 Acc:0.2187500	 Mean_Total:0.8101199
2021-03-20 21:05:24,699 -   772 /   966 (79.9%):	 Total:0.3942750	 Acc:0.3125000	 Mean_Total:0.8221496
2021-03-20 21:05:28,847 -   965 /   966 (99.9%):	 Total:0.6090258	 Acc:0.2903226	 Mean_Total:0.8429407
2021-03-20 21:05:28,903 - 
===============================|    epoch 55   |===============================

2021-03-20 21:05:29,117 -     0 /   966 (0.0%):	 Total:0.7618157	 Acc:0.1875000	 Mean_Total:0.7618157
2021-03-20 21:05:33,261 -   193 /   966 (20.0%):	 Total:0.6917975	 Acc:0.1562500	 Mean_Total:0.7659256
2021-03-20 21:05:37,507 -   386 /   966 (40.0%):	 Total:0.4928609	 Acc:0.3750000	 Mean_Total:0.7910800
2021-03-20 21:05:41,759 -   579 /   966 (59.9%):	 Total:1.0137279	 Acc:0.2812500	 Mean_Total:0.8002762
2021-03-20 21:05:45,938 -   772 /   966 (79.9%):	 Total:0.9106016	 Acc:0.2187500	 Mean_Total:0.8238117
2021-03-20 21:05:50,168 -   965 /   966 (99.9%):	 Total:0.8582520	 Acc:0.4838710	 Mean_Total:0.8340205
2021-03-20 21:05:50,235 - 
===============================|    epoch 56   |===============================

2021-03-20 21:05:50,454 -     0 /   966 (0.0%):	 Total:0.9069000	 Acc:0.2500000	 Mean_Total:0.9069000
2021-03-20 21:05:54,559 -   193 /   966 (20.0%):	 Total:0.7812675	 Acc:0.3125000	 Mean_Total:0.7673930
2021-03-20 21:05:58,659 -   386 /   966 (40.0%):	 Total:1.6095939	 Acc:0.2187500	 Mean_Total:0.8012666
2021-03-20 21:06:02,768 -   579 /   966 (59.9%):	 Total:0.4693273	 Acc:0.3437500	 Mean_Total:0.8097627
2021-03-20 21:06:06,883 -   772 /   966 (79.9%):	 Total:0.9459534	 Acc:0.3437500	 Mean_Total:0.8212709
2021-03-20 21:06:10,934 -   965 /   966 (99.9%):	 Total:0.9618972	 Acc:0.3225806	 Mean_Total:0.8332733
2021-03-20 21:06:10,995 - 
===============================|    epoch 57   |===============================

2021-03-20 21:06:11,189 -     0 /   966 (0.0%):	 Total:0.9242291	 Acc:0.4062500	 Mean_Total:0.9242291
2021-03-20 21:06:15,414 -   193 /   966 (20.0%):	 Total:0.4159927	 Acc:0.3750000	 Mean_Total:0.7516648
2021-03-20 21:06:19,609 -   386 /   966 (40.0%):	 Total:0.6098318	 Acc:0.2500000	 Mean_Total:0.7690476
2021-03-20 21:06:23,855 -   579 /   966 (59.9%):	 Total:0.7809519	 Acc:0.3125000	 Mean_Total:0.7946555
2021-03-20 21:06:27,993 -   772 /   966 (79.9%):	 Total:0.6522887	 Acc:0.2187500	 Mean_Total:0.8130759
2021-03-20 21:06:32,095 -   965 /   966 (99.9%):	 Total:0.5270314	 Acc:0.1612903	 Mean_Total:0.8272927
2021-03-20 21:06:32,164 - 
===============================|    epoch 58   |===============================

2021-03-20 21:06:32,385 -     0 /   966 (0.0%):	 Total:0.7029878	 Acc:0.2812500	 Mean_Total:0.7029878
2021-03-20 21:06:36,428 -   193 /   966 (20.0%):	 Total:1.0584469	 Acc:0.3437500	 Mean_Total:0.7616772
2021-03-20 21:06:40,584 -   386 /   966 (40.0%):	 Total:1.2699120	 Acc:0.1875000	 Mean_Total:0.7801556
2021-03-20 21:06:44,736 -   579 /   966 (59.9%):	 Total:0.6416290	 Acc:0.2187500	 Mean_Total:0.7924973
2021-03-20 21:06:48,884 -   772 /   966 (79.9%):	 Total:1.2282722	 Acc:0.1875000	 Mean_Total:0.7999345
2021-03-20 21:06:53,000 -   965 /   966 (99.9%):	 Total:1.4426078	 Acc:0.3548387	 Mean_Total:0.8230828
2021-03-20 21:06:53,060 - 
===============================|    epoch 59   |===============================

2021-03-20 21:06:53,268 -     0 /   966 (0.0%):	 Total:0.7008495	 Acc:0.3437500	 Mean_Total:0.7008495
2021-03-20 21:06:57,438 -   193 /   966 (20.0%):	 Total:0.5784587	 Acc:0.2812500	 Mean_Total:0.7735853
2021-03-20 21:07:01,670 -   386 /   966 (40.0%):	 Total:0.9570620	 Acc:0.2187500	 Mean_Total:0.7978253
2021-03-20 21:07:05,947 -   579 /   966 (59.9%):	 Total:0.8502175	 Acc:0.2500000	 Mean_Total:0.8083721
2021-03-20 21:07:10,223 -   772 /   966 (79.9%):	 Total:0.4933785	 Acc:0.3125000	 Mean_Total:0.8179462
2021-03-20 21:07:14,280 -   965 /   966 (99.9%):	 Total:0.6074528	 Acc:0.2903226	 Mean_Total:0.8265278
2021-03-20 21:07:14,340 - 
===============================|    epoch 60   |===============================

2021-03-20 21:07:14,553 -     0 /   966 (0.0%):	 Total:0.5490906	 Acc:0.4062500	 Mean_Total:0.5490906
2021-03-20 21:07:18,664 -   193 /   966 (20.0%):	 Total:0.4962032	 Acc:0.2187500	 Mean_Total:0.7582977
2021-03-20 21:07:22,869 -   386 /   966 (40.0%):	 Total:0.5546669	 Acc:0.2812500	 Mean_Total:0.7943456
2021-03-20 21:07:27,061 -   579 /   966 (59.9%):	 Total:0.6811318	 Acc:0.3125000	 Mean_Total:0.8064571
2021-03-20 21:07:31,229 -   772 /   966 (79.9%):	 Total:0.7677661	 Acc:0.2187500	 Mean_Total:0.8173148
2021-03-20 21:07:35,478 -   965 /   966 (99.9%):	 Total:0.7461067	 Acc:0.3225806	 Mean_Total:0.8332464
2021-03-20 21:07:36,960 - 
===============================| start validation |===============================

2021-03-20 21:07:36,961 - 	 Total:1.7959521	 Acc:0.2017906
2021-03-20 21:07:36,965 -    ini file updated    
2021-03-20 21:07:36,966 - 
===============================|    epoch 61   |===============================

2021-03-20 21:07:37,197 -     0 /   966 (0.0%):	 Total:1.1225815	 Acc:0.2187500	 Mean_Total:1.1225815
2021-03-20 21:07:41,408 -   193 /   966 (20.0%):	 Total:0.8082548	 Acc:0.2187500	 Mean_Total:0.7727364
2021-03-20 21:07:45,647 -   386 /   966 (40.0%):	 Total:0.5143539	 Acc:0.3437500	 Mean_Total:0.8007345
2021-03-20 21:07:49,809 -   579 /   966 (59.9%):	 Total:0.7095286	 Acc:0.3750000	 Mean_Total:0.8055934
2021-03-20 21:07:54,016 -   772 /   966 (79.9%):	 Total:0.7324722	 Acc:0.2187500	 Mean_Total:0.8146657
2021-03-20 21:07:58,238 -   965 /   966 (99.9%):	 Total:0.6536037	 Acc:0.2258065	 Mean_Total:0.8203950
2021-03-20 21:07:58,304 - 
===============================|    epoch 62   |===============================

2021-03-20 21:07:58,531 -     0 /   966 (0.0%):	 Total:0.8374249	 Acc:0.4375000	 Mean_Total:0.8374249
2021-03-20 21:08:02,738 -   193 /   966 (20.0%):	 Total:1.0159452	 Acc:0.2812500	 Mean_Total:0.7587285
2021-03-20 21:08:06,952 -   386 /   966 (40.0%):	 Total:0.7126678	 Acc:0.3437500	 Mean_Total:0.7800261
2021-03-20 21:08:11,135 -   579 /   966 (59.9%):	 Total:0.6745559	 Acc:0.2187500	 Mean_Total:0.7797791
2021-03-20 21:08:15,315 -   772 /   966 (79.9%):	 Total:1.4615724	 Acc:0.1875000	 Mean_Total:0.8053205
2021-03-20 21:08:19,539 -   965 /   966 (99.9%):	 Total:0.8747043	 Acc:0.3548387	 Mean_Total:0.8191281
2021-03-20 21:08:19,604 - 
===============================|    epoch 63   |===============================

2021-03-20 21:08:19,819 -     0 /   966 (0.0%):	 Total:0.7131982	 Acc:0.2500000	 Mean_Total:0.7131982
2021-03-20 21:08:24,032 -   193 /   966 (20.0%):	 Total:0.8063277	 Acc:0.4687500	 Mean_Total:0.7318374
2021-03-20 21:08:28,242 -   386 /   966 (40.0%):	 Total:0.5119939	 Acc:0.2500000	 Mean_Total:0.7683926
2021-03-20 21:08:32,427 -   579 /   966 (59.9%):	 Total:0.9105110	 Acc:0.2187500	 Mean_Total:0.7915138
2021-03-20 21:08:36,674 -   772 /   966 (79.9%):	 Total:1.0471632	 Acc:0.4062500	 Mean_Total:0.8107169
2021-03-20 21:08:40,780 -   965 /   966 (99.9%):	 Total:0.7917299	 Acc:0.1290323	 Mean_Total:0.8198077
2021-03-20 21:08:40,845 - 
===============================|    epoch 64   |===============================

2021-03-20 21:08:41,047 -     0 /   966 (0.0%):	 Total:0.5635152	 Acc:0.2187500	 Mean_Total:0.5635152
2021-03-20 21:08:45,214 -   193 /   966 (20.0%):	 Total:0.6493262	 Acc:0.3437500	 Mean_Total:0.7471110
2021-03-20 21:08:49,290 -   386 /   966 (40.0%):	 Total:0.6954578	 Acc:0.3125000	 Mean_Total:0.7640811
2021-03-20 21:08:53,482 -   579 /   966 (59.9%):	 Total:1.5143055	 Acc:0.1562500	 Mean_Total:0.7877231
2021-03-20 21:08:57,598 -   772 /   966 (79.9%):	 Total:1.3273568	 Acc:0.3750000	 Mean_Total:0.8141251
2021-03-20 21:09:01,808 -   965 /   966 (99.9%):	 Total:1.0261878	 Acc:0.1612903	 Mean_Total:0.8232219
2021-03-20 21:09:01,875 - 
===============================|    epoch 65   |===============================

2021-03-20 21:09:02,086 -     0 /   966 (0.0%):	 Total:0.4168539	 Acc:0.2500000	 Mean_Total:0.4168539
2021-03-20 21:09:05,850 -   193 /   966 (20.0%):	 Total:0.8771697	 Acc:0.3437500	 Mean_Total:0.7348004
2021-03-20 21:09:09,624 -   386 /   966 (40.0%):	 Total:0.5034522	 Acc:0.2500000	 Mean_Total:0.7633069
2021-03-20 21:09:13,303 -   579 /   966 (59.9%):	 Total:0.6662927	 Acc:0.2500000	 Mean_Total:0.7858509
2021-03-20 21:09:17,011 -   772 /   966 (79.9%):	 Total:0.6501917	 Acc:0.3437500	 Mean_Total:0.8010993
2021-03-20 21:09:20,653 -   965 /   966 (99.9%):	 Total:0.7493577	 Acc:0.2580645	 Mean_Total:0.8128365
2021-03-20 21:09:20,720 - 
===============================|    epoch 66   |===============================

2021-03-20 21:09:20,939 -     0 /   966 (0.0%):	 Total:0.5303354	 Acc:0.3437500	 Mean_Total:0.5303354
2021-03-20 21:09:24,646 -   193 /   966 (20.0%):	 Total:0.6180559	 Acc:0.3437500	 Mean_Total:0.7725929
2021-03-20 21:09:28,350 -   386 /   966 (40.0%):	 Total:0.6266551	 Acc:0.2812500	 Mean_Total:0.7778786
2021-03-20 21:09:31,982 -   579 /   966 (59.9%):	 Total:0.4633269	 Acc:0.3437500	 Mean_Total:0.7891797
2021-03-20 21:09:35,616 -   772 /   966 (79.9%):	 Total:1.8777821	 Acc:0.1250000	 Mean_Total:0.7996187
2021-03-20 21:09:39,339 -   965 /   966 (99.9%):	 Total:0.8900619	 Acc:0.1935484	 Mean_Total:0.8142543
2021-03-20 21:09:39,407 - 
===============================|    epoch 67   |===============================

2021-03-20 21:09:39,628 -     0 /   966 (0.0%):	 Total:0.8424372	 Acc:0.2187500	 Mean_Total:0.8424372
2021-03-20 21:09:43,312 -   193 /   966 (20.0%):	 Total:0.9490290	 Acc:0.2187500	 Mean_Total:0.7467725
2021-03-20 21:09:47,074 -   386 /   966 (40.0%):	 Total:0.5801163	 Acc:0.4375000	 Mean_Total:0.7508112
2021-03-20 21:09:50,756 -   579 /   966 (59.9%):	 Total:0.6182556	 Acc:0.2187500	 Mean_Total:0.7783408
2021-03-20 21:09:54,456 -   772 /   966 (79.9%):	 Total:0.5394896	 Acc:0.3750000	 Mean_Total:0.7888900
2021-03-20 21:09:58,199 -   965 /   966 (99.9%):	 Total:0.5016813	 Acc:0.3225806	 Mean_Total:0.8093481
2021-03-20 21:09:58,269 - 
===============================|    epoch 68   |===============================

2021-03-20 21:09:58,480 -     0 /   966 (0.0%):	 Total:0.6852872	 Acc:0.2187500	 Mean_Total:0.6852872
2021-03-20 21:10:02,282 -   193 /   966 (20.0%):	 Total:0.4359162	 Acc:0.3125000	 Mean_Total:0.7669305
2021-03-20 21:10:05,961 -   386 /   966 (40.0%):	 Total:0.7301983	 Acc:0.3437500	 Mean_Total:0.7818077
2021-03-20 21:10:09,769 -   579 /   966 (59.9%):	 Total:0.7819037	 Acc:0.1875000	 Mean_Total:0.7905575
2021-03-20 21:10:13,457 -   772 /   966 (79.9%):	 Total:0.9514719	 Acc:0.2812500	 Mean_Total:0.8077991
2021-03-20 21:10:17,183 -   965 /   966 (99.9%):	 Total:0.5769738	 Acc:0.2903226	 Mean_Total:0.8171823
2021-03-20 21:10:17,244 - 
===============================|    epoch 69   |===============================

2021-03-20 21:10:17,453 -     0 /   966 (0.0%):	 Total:0.8797961	 Acc:0.2500000	 Mean_Total:0.8797961
2021-03-20 21:10:21,245 -   193 /   966 (20.0%):	 Total:0.7651307	 Acc:0.4062500	 Mean_Total:0.7476437
2021-03-20 21:10:24,973 -   386 /   966 (40.0%):	 Total:1.0299051	 Acc:0.3437500	 Mean_Total:0.7782904
2021-03-20 21:10:28,607 -   579 /   966 (59.9%):	 Total:0.8417664	 Acc:0.3750000	 Mean_Total:0.7856227
2021-03-20 21:10:32,284 -   772 /   966 (79.9%):	 Total:0.9925306	 Acc:0.2812500	 Mean_Total:0.8009166
2021-03-20 21:10:35,969 -   965 /   966 (99.9%):	 Total:0.3804992	 Acc:0.3870968	 Mean_Total:0.8117827
2021-03-20 21:10:36,033 - 
===============================|    epoch 70   |===============================

2021-03-20 21:10:36,232 -     0 /   966 (0.0%):	 Total:1.3980165	 Acc:0.2500000	 Mean_Total:1.3980165
2021-03-20 21:10:39,535 -   193 /   966 (20.0%):	 Total:0.5570655	 Acc:0.2812500	 Mean_Total:0.7450522
2021-03-20 21:10:43,006 -   386 /   966 (40.0%):	 Total:0.9957693	 Acc:0.2500000	 Mean_Total:0.7623888
2021-03-20 21:10:46,429 -   579 /   966 (59.9%):	 Total:0.8117126	 Acc:0.2187500	 Mean_Total:0.7763204
2021-03-20 21:10:49,815 -   772 /   966 (79.9%):	 Total:1.2633611	 Acc:0.1562500	 Mean_Total:0.7903558
2021-03-20 21:10:53,286 -   965 /   966 (99.9%):	 Total:1.0532519	 Acc:0.2258065	 Mean_Total:0.8093324
2021-03-20 21:10:54,548 - 
===============================| start validation |===============================

2021-03-20 21:10:54,549 - 	 Total:1.7981495	 Acc:0.2054063
2021-03-20 21:10:54,552 -    ini file updated    
2021-03-20 21:10:54,552 - <<<<<<<<<<< Early Stopping >>>>>>>>>>
