2021-03-20 20:47:04,506 - 
===============================|    epoch 0   |===============================

2021-03-20 20:47:05,378 -     0 /   966 (0.0%):	 Total:2.8612986	 Acc:0.2187500	 Mean_Total:2.8612986
2021-03-20 20:47:08,159 -   193 /   966 (20.0%):	 Total:1.9538865	 Acc:0.2187500	 Mean_Total:2.2283797
2021-03-20 20:47:10,893 -   386 /   966 (40.0%):	 Total:1.4991081	 Acc:0.1250000	 Mean_Total:2.0427079
2021-03-20 20:47:13,592 -   579 /   966 (59.9%):	 Total:1.0275481	 Acc:0.3125000	 Mean_Total:1.9037027
2021-03-20 20:47:16,339 -   772 /   966 (79.9%):	 Total:2.5817049	 Acc:0.2187500	 Mean_Total:1.8221527
2021-03-20 20:47:19,252 -   965 /   966 (99.9%):	 Total:1.9195445	 Acc:0.0625000	 Mean_Total:1.7848773
2021-03-20 20:47:20,211 - 
===============================| start validation |===============================

2021-03-20 20:47:20,212 - 	 Total:1.5896238	 Acc:0.2110358
2021-03-20 20:47:20,215 -    ini file updated    
2021-03-20 20:47:20,227 - Snapshot saved to /data/users/wergillius/UTR_VAE/pth/RL_regressor_ribo/CV_for_rl/3en4-model_best_cv4.pth

2021-03-20 20:47:20,228 -    ini file updated    
2021-03-20 20:47:20,228 - 
===============================|    epoch 1   |===============================

2021-03-20 20:47:20,424 -     0 /   966 (0.0%):	 Total:1.2786503	 Acc:0.2812500	 Mean_Total:1.2786503
2021-03-20 20:47:23,173 -   193 /   966 (20.0%):	 Total:1.1257807	 Acc:0.2500000	 Mean_Total:1.5610950
2021-03-20 20:47:25,736 -   386 /   966 (40.0%):	 Total:3.7720940	 Acc:0.0937500	 Mean_Total:1.5796067
2021-03-20 20:47:28,454 -   579 /   966 (59.9%):	 Total:1.0143384	 Acc:0.3750000	 Mean_Total:1.5737306
2021-03-20 20:47:31,409 -   772 /   966 (79.9%):	 Total:0.7566262	 Acc:0.3125000	 Mean_Total:1.5801556
2021-03-20 20:47:34,167 -   965 /   966 (99.9%):	 Total:1.0427247	 Acc:0.2812500	 Mean_Total:1.5742575
2021-03-20 20:47:34,232 - 
===============================|    epoch 2   |===============================

2021-03-20 20:47:34,434 -     0 /   966 (0.0%):	 Total:2.0728679	 Acc:0.2187500	 Mean_Total:2.0728679
2021-03-20 20:47:37,065 -   193 /   966 (20.0%):	 Total:1.2583653	 Acc:0.2500000	 Mean_Total:1.5381576
2021-03-20 20:47:39,674 -   386 /   966 (40.0%):	 Total:1.4014505	 Acc:0.2812500	 Mean_Total:1.5472301
2021-03-20 20:47:42,553 -   579 /   966 (59.9%):	 Total:2.6942255	 Acc:0.1875000	 Mean_Total:1.5570614
2021-03-20 20:47:45,354 -   772 /   966 (79.9%):	 Total:0.7611775	 Acc:0.3750000	 Mean_Total:1.5435385
2021-03-20 20:47:47,952 -   965 /   966 (99.9%):	 Total:1.2448823	 Acc:0.3437500	 Mean_Total:1.5443397
2021-03-20 20:47:48,018 - 
===============================|    epoch 3   |===============================

2021-03-20 20:47:48,224 -     0 /   966 (0.0%):	 Total:1.5545912	 Acc:0.1250000	 Mean_Total:1.5545912
2021-03-20 20:47:51,101 -   193 /   966 (20.0%):	 Total:2.2183101	 Acc:0.0312500	 Mean_Total:1.5282586
2021-03-20 20:47:53,848 -   386 /   966 (40.0%):	 Total:1.3261958	 Acc:0.2187500	 Mean_Total:1.5516008
2021-03-20 20:47:56,847 -   579 /   966 (59.9%):	 Total:1.7653148	 Acc:0.1875000	 Mean_Total:1.5327357
2021-03-20 20:47:59,657 -   772 /   966 (79.9%):	 Total:1.9297814	 Acc:0.2500000	 Mean_Total:1.5291496
2021-03-20 20:48:02,489 -   965 /   966 (99.9%):	 Total:1.2892002	 Acc:0.1250000	 Mean_Total:1.5293613
2021-03-20 20:48:02,551 - 
===============================|    epoch 4   |===============================

2021-03-20 20:48:02,751 -     0 /   966 (0.0%):	 Total:1.0275774	 Acc:0.2812500	 Mean_Total:1.0275774
2021-03-20 20:48:05,541 -   193 /   966 (20.0%):	 Total:2.9504645	 Acc:0.1562500	 Mean_Total:1.5100104
2021-03-20 20:48:08,352 -   386 /   966 (40.0%):	 Total:0.9272429	 Acc:0.3437500	 Mean_Total:1.5123950
2021-03-20 20:48:11,086 -   579 /   966 (59.9%):	 Total:1.0697691	 Acc:0.2812500	 Mean_Total:1.5093219
2021-03-20 20:48:13,687 -   772 /   966 (79.9%):	 Total:1.3977232	 Acc:0.2812500	 Mean_Total:1.5120621
2021-03-20 20:48:16,288 -   965 /   966 (99.9%):	 Total:1.2620350	 Acc:0.1875000	 Mean_Total:1.5212956
2021-03-20 20:48:16,341 - 
===============================|    epoch 5   |===============================

2021-03-20 20:48:16,544 -     0 /   966 (0.0%):	 Total:1.4619948	 Acc:0.1562500	 Mean_Total:1.4619948
2021-03-20 20:48:19,307 -   193 /   966 (20.0%):	 Total:2.0845766	 Acc:0.0937500	 Mean_Total:1.5258515
2021-03-20 20:48:21,992 -   386 /   966 (40.0%):	 Total:0.9563706	 Acc:0.2500000	 Mean_Total:1.5318222
2021-03-20 20:48:24,688 -   579 /   966 (59.9%):	 Total:1.5131148	 Acc:0.2187500	 Mean_Total:1.5108654
2021-03-20 20:48:27,510 -   772 /   966 (79.9%):	 Total:2.3165486	 Acc:0.2812500	 Mean_Total:1.5102856
2021-03-20 20:48:30,322 -   965 /   966 (99.9%):	 Total:0.8441938	 Acc:0.3750000	 Mean_Total:1.5157223
2021-03-20 20:48:30,387 - 
===============================|    epoch 6   |===============================

2021-03-20 20:48:30,606 -     0 /   966 (0.0%):	 Total:1.8846188	 Acc:0.0937500	 Mean_Total:1.8846188
2021-03-20 20:48:33,458 -   193 /   966 (20.0%):	 Total:1.2954217	 Acc:0.2500000	 Mean_Total:1.5161606
2021-03-20 20:48:36,368 -   386 /   966 (40.0%):	 Total:1.3973913	 Acc:0.2187500	 Mean_Total:1.5027139
2021-03-20 20:48:39,243 -   579 /   966 (59.9%):	 Total:1.1228063	 Acc:0.2812500	 Mean_Total:1.5046397
2021-03-20 20:48:42,045 -   772 /   966 (79.9%):	 Total:1.2874358	 Acc:0.1562500	 Mean_Total:1.4898627
2021-03-20 20:48:44,892 -   965 /   966 (99.9%):	 Total:1.5189292	 Acc:0.2187500	 Mean_Total:1.4950613
2021-03-20 20:48:44,963 - 
===============================|    epoch 7   |===============================

2021-03-20 20:48:45,183 -     0 /   966 (0.0%):	 Total:1.7966020	 Acc:0.2500000	 Mean_Total:1.7966020
2021-03-20 20:48:48,086 -   193 /   966 (20.0%):	 Total:1.5380611	 Acc:0.1875000	 Mean_Total:1.4941508
2021-03-20 20:48:50,888 -   386 /   966 (40.0%):	 Total:1.0584844	 Acc:0.2812500	 Mean_Total:1.4660496
2021-03-20 20:48:53,697 -   579 /   966 (59.9%):	 Total:1.4732995	 Acc:0.3125000	 Mean_Total:1.4797011
2021-03-20 20:48:56,617 -   772 /   966 (79.9%):	 Total:1.5037104	 Acc:0.3437500	 Mean_Total:1.4717446
2021-03-20 20:48:59,705 -   965 /   966 (99.9%):	 Total:1.7939719	 Acc:0.3125000	 Mean_Total:1.4820773
2021-03-20 20:48:59,779 - 
===============================|    epoch 8   |===============================

2021-03-20 20:48:59,998 -     0 /   966 (0.0%):	 Total:1.3567011	 Acc:0.1875000	 Mean_Total:1.3567011
2021-03-20 20:49:03,258 -   193 /   966 (20.0%):	 Total:1.3485703	 Acc:0.3125000	 Mean_Total:1.4439901
2021-03-20 20:49:06,384 -   386 /   966 (40.0%):	 Total:1.3989278	 Acc:0.2812500	 Mean_Total:1.4611416
2021-03-20 20:49:09,416 -   579 /   966 (59.9%):	 Total:2.4454966	 Acc:0.1875000	 Mean_Total:1.4499384
2021-03-20 20:49:12,539 -   772 /   966 (79.9%):	 Total:1.4012799	 Acc:0.3125000	 Mean_Total:1.4598124
2021-03-20 20:49:15,802 -   965 /   966 (99.9%):	 Total:1.2147539	 Acc:0.2187500	 Mean_Total:1.4541274
2021-03-20 20:49:15,874 - 
===============================|    epoch 9   |===============================

2021-03-20 20:49:16,091 -     0 /   966 (0.0%):	 Total:0.9515951	 Acc:0.2812500	 Mean_Total:0.9515951
2021-03-20 20:49:19,336 -   193 /   966 (20.0%):	 Total:1.6659026	 Acc:0.1875000	 Mean_Total:1.4177422
2021-03-20 20:49:22,488 -   386 /   966 (40.0%):	 Total:1.2320837	 Acc:0.1562500	 Mean_Total:1.4049416
2021-03-20 20:49:25,544 -   579 /   966 (59.9%):	 Total:0.7534107	 Acc:0.3125000	 Mean_Total:1.4095674
2021-03-20 20:49:28,806 -   772 /   966 (79.9%):	 Total:0.7330938	 Acc:0.1875000	 Mean_Total:1.4206299
2021-03-20 20:49:32,030 -   965 /   966 (99.9%):	 Total:1.3330154	 Acc:0.2500000	 Mean_Total:1.4345363
2021-03-20 20:49:32,090 - 
===============================|    epoch 10   |===============================

2021-03-20 20:49:32,297 -     0 /   966 (0.0%):	 Total:0.7409170	 Acc:0.3750000	 Mean_Total:0.7409170
2021-03-20 20:49:35,497 -   193 /   966 (20.0%):	 Total:0.9855794	 Acc:0.1250000	 Mean_Total:1.4060860
2021-03-20 20:49:38,806 -   386 /   966 (40.0%):	 Total:1.9993020	 Acc:0.1875000	 Mean_Total:1.4008979
2021-03-20 20:49:42,193 -   579 /   966 (59.9%):	 Total:2.3209505	 Acc:0.2812500	 Mean_Total:1.4173565
2021-03-20 20:49:45,907 -   772 /   966 (79.9%):	 Total:1.2327247	 Acc:0.2187500	 Mean_Total:1.4140942
2021-03-20 20:49:49,355 -   965 /   966 (99.9%):	 Total:1.1586093	 Acc:0.1562500	 Mean_Total:1.4119955
2021-03-20 20:49:50,625 - 
===============================| start validation |===============================

2021-03-20 20:49:50,626 - 	 Total:1.5585475	 Acc:0.2124394
2021-03-20 20:49:50,630 -    ini file updated    
2021-03-20 20:49:50,645 - Snapshot saved to /data/users/wergillius/UTR_VAE/pth/RL_regressor_ribo/CV_for_rl/3en4-model_best_cv4.pth

2021-03-20 20:49:50,645 -    ini file updated    
2021-03-20 20:49:50,646 - 
===============================|    epoch 11   |===============================

2021-03-20 20:49:50,889 -     0 /   966 (0.0%):	 Total:1.4153317	 Acc:0.2187500	 Mean_Total:1.4153317
2021-03-20 20:49:54,750 -   193 /   966 (20.0%):	 Total:1.2158921	 Acc:0.2812500	 Mean_Total:1.3556619
2021-03-20 20:49:58,492 -   386 /   966 (40.0%):	 Total:1.0761687	 Acc:0.2500000	 Mean_Total:1.3454761
2021-03-20 20:50:02,400 -   579 /   966 (59.9%):	 Total:1.6274753	 Acc:0.2187500	 Mean_Total:1.3708237
2021-03-20 20:50:06,166 -   772 /   966 (79.9%):	 Total:2.2270365	 Acc:0.2812500	 Mean_Total:1.3757869
2021-03-20 20:50:09,945 -   965 /   966 (99.9%):	 Total:1.2005419	 Acc:0.2187500	 Mean_Total:1.3828692
2021-03-20 20:50:10,012 - 
===============================|    epoch 12   |===============================

2021-03-20 20:50:10,211 -     0 /   966 (0.0%):	 Total:1.1266813	 Acc:0.2500000	 Mean_Total:1.1266813
2021-03-20 20:50:14,110 -   193 /   966 (20.0%):	 Total:2.0018053	 Acc:0.2187500	 Mean_Total:1.3478745
2021-03-20 20:50:17,772 -   386 /   966 (40.0%):	 Total:1.6611319	 Acc:0.1875000	 Mean_Total:1.3356472
2021-03-20 20:50:21,664 -   579 /   966 (59.9%):	 Total:1.1654527	 Acc:0.3750000	 Mean_Total:1.3238127
2021-03-20 20:50:25,376 -   772 /   966 (79.9%):	 Total:0.9578437	 Acc:0.2187500	 Mean_Total:1.3323039
2021-03-20 20:50:29,168 -   965 /   966 (99.9%):	 Total:1.9028281	 Acc:0.2187500	 Mean_Total:1.3527043
2021-03-20 20:50:29,233 - 
===============================|    epoch 13   |===============================

2021-03-20 20:50:29,477 -     0 /   966 (0.0%):	 Total:1.1042547	 Acc:0.2500000	 Mean_Total:1.1042547
2021-03-20 20:50:33,248 -   193 /   966 (20.0%):	 Total:0.4729774	 Acc:0.3437500	 Mean_Total:1.2941144
2021-03-20 20:50:37,127 -   386 /   966 (40.0%):	 Total:2.1963029	 Acc:0.2187500	 Mean_Total:1.3014664
2021-03-20 20:50:40,945 -   579 /   966 (59.9%):	 Total:1.0180892	 Acc:0.3750000	 Mean_Total:1.3196476
2021-03-20 20:50:44,760 -   772 /   966 (79.9%):	 Total:0.9528620	 Acc:0.2500000	 Mean_Total:1.3249763
2021-03-20 20:50:48,555 -   965 /   966 (99.9%):	 Total:1.1270661	 Acc:0.2500000	 Mean_Total:1.3324255
2021-03-20 20:50:48,616 - 
===============================|    epoch 14   |===============================

2021-03-20 20:50:48,857 -     0 /   966 (0.0%):	 Total:1.5532432	 Acc:0.2187500	 Mean_Total:1.5532432
2021-03-20 20:50:52,600 -   193 /   966 (20.0%):	 Total:0.7173982	 Acc:0.2500000	 Mean_Total:1.1924510
2021-03-20 20:50:56,291 -   386 /   966 (40.0%):	 Total:1.2203429	 Acc:0.2500000	 Mean_Total:1.2320012
2021-03-20 20:51:00,097 -   579 /   966 (59.9%):	 Total:1.3164366	 Acc:0.2500000	 Mean_Total:1.2516718
2021-03-20 20:51:03,776 -   772 /   966 (79.9%):	 Total:1.3334160	 Acc:0.1562500	 Mean_Total:1.2652329
2021-03-20 20:51:07,553 -   965 /   966 (99.9%):	 Total:0.8209816	 Acc:0.4375000	 Mean_Total:1.2858102
2021-03-20 20:51:07,610 - 
===============================|    epoch 15   |===============================

2021-03-20 20:51:07,808 -     0 /   966 (0.0%):	 Total:0.8968626	 Acc:0.4062500	 Mean_Total:0.8968626
2021-03-20 20:51:11,570 -   193 /   966 (20.0%):	 Total:0.9925042	 Acc:0.1875000	 Mean_Total:1.2180171
2021-03-20 20:51:15,463 -   386 /   966 (40.0%):	 Total:0.8776259	 Acc:0.2187500	 Mean_Total:1.2162658
2021-03-20 20:51:19,264 -   579 /   966 (59.9%):	 Total:1.7473330	 Acc:0.1250000	 Mean_Total:1.2164115
2021-03-20 20:51:23,014 -   772 /   966 (79.9%):	 Total:1.1266729	 Acc:0.2500000	 Mean_Total:1.2284156
2021-03-20 20:51:26,707 -   965 /   966 (99.9%):	 Total:1.8917940	 Acc:0.2812500	 Mean_Total:1.2489233
2021-03-20 20:51:26,778 - 
===============================|    epoch 16   |===============================

2021-03-20 20:51:26,990 -     0 /   966 (0.0%):	 Total:0.9304680	 Acc:0.2812500	 Mean_Total:0.9304680
2021-03-20 20:51:30,842 -   193 /   966 (20.0%):	 Total:1.0891031	 Acc:0.0937500	 Mean_Total:1.2047848
2021-03-20 20:51:34,561 -   386 /   966 (40.0%):	 Total:1.0679562	 Acc:0.2187500	 Mean_Total:1.1975636
2021-03-20 20:51:38,261 -   579 /   966 (59.9%):	 Total:1.0076665	 Acc:0.2187500	 Mean_Total:1.1989571
2021-03-20 20:51:42,017 -   772 /   966 (79.9%):	 Total:0.7821274	 Acc:0.2500000	 Mean_Total:1.2164408
2021-03-20 20:51:45,773 -   965 /   966 (99.9%):	 Total:0.6641641	 Acc:0.3437500	 Mean_Total:1.2154242
2021-03-20 20:51:45,830 - 
===============================|    epoch 17   |===============================

2021-03-20 20:51:46,020 -     0 /   966 (0.0%):	 Total:1.6675836	 Acc:0.3125000	 Mean_Total:1.6675836
2021-03-20 20:51:49,964 -   193 /   966 (20.0%):	 Total:0.9569491	 Acc:0.2812500	 Mean_Total:1.1392065
2021-03-20 20:51:53,629 -   386 /   966 (40.0%):	 Total:1.6656100	 Acc:0.2187500	 Mean_Total:1.1538320
2021-03-20 20:51:57,352 -   579 /   966 (59.9%):	 Total:1.1501985	 Acc:0.3125000	 Mean_Total:1.1662900
2021-03-20 20:52:01,128 -   772 /   966 (79.9%):	 Total:1.1068252	 Acc:0.0937500	 Mean_Total:1.1923615
2021-03-20 20:52:04,833 -   965 /   966 (99.9%):	 Total:0.6215059	 Acc:0.2187500	 Mean_Total:1.1888315
2021-03-20 20:52:04,886 - 
===============================|    epoch 18   |===============================

2021-03-20 20:52:05,079 -     0 /   966 (0.0%):	 Total:1.0418081	 Acc:0.2812500	 Mean_Total:1.0418081
2021-03-20 20:52:08,867 -   193 /   966 (20.0%):	 Total:1.0358019	 Acc:0.1875000	 Mean_Total:1.0855332
2021-03-20 20:52:12,612 -   386 /   966 (40.0%):	 Total:0.6423824	 Acc:0.3125000	 Mean_Total:1.1082242
2021-03-20 20:52:16,437 -   579 /   966 (59.9%):	 Total:0.8040125	 Acc:0.1562500	 Mean_Total:1.1232075
2021-03-20 20:52:20,123 -   772 /   966 (79.9%):	 Total:0.8572934	 Acc:0.2187500	 Mean_Total:1.1395879
2021-03-20 20:52:23,665 -   965 /   966 (99.9%):	 Total:1.1750065	 Acc:0.1875000	 Mean_Total:1.1546092
2021-03-20 20:52:23,720 - 
===============================|    epoch 19   |===============================

2021-03-20 20:52:23,913 -     0 /   966 (0.0%):	 Total:0.3984448	 Acc:0.4062500	 Mean_Total:0.3984448
2021-03-20 20:52:27,528 -   193 /   966 (20.0%):	 Total:1.3409970	 Acc:0.2812500	 Mean_Total:1.0697461
2021-03-20 20:52:31,305 -   386 /   966 (40.0%):	 Total:1.1371437	 Acc:0.2187500	 Mean_Total:1.0670428
2021-03-20 20:52:34,999 -   579 /   966 (59.9%):	 Total:1.3458169	 Acc:0.3750000	 Mean_Total:1.0987443
2021-03-20 20:52:38,657 -   772 /   966 (79.9%):	 Total:1.0949007	 Acc:0.2812500	 Mean_Total:1.1145138
2021-03-20 20:52:42,374 -   965 /   966 (99.9%):	 Total:2.2483475	 Acc:0.0937500	 Mean_Total:1.1269002
2021-03-20 20:52:42,426 - 
===============================|    epoch 20   |===============================

2021-03-20 20:52:42,627 -     0 /   966 (0.0%):	 Total:0.7378302	 Acc:0.3750000	 Mean_Total:0.7378302
2021-03-20 20:52:46,373 -   193 /   966 (20.0%):	 Total:0.5069857	 Acc:0.1875000	 Mean_Total:1.0481763
2021-03-20 20:52:50,115 -   386 /   966 (40.0%):	 Total:1.0775962	 Acc:0.1875000	 Mean_Total:1.0726066
2021-03-20 20:52:53,847 -   579 /   966 (59.9%):	 Total:1.1106019	 Acc:0.1250000	 Mean_Total:1.0780227
2021-03-20 20:52:57,664 -   772 /   966 (79.9%):	 Total:0.6901631	 Acc:0.2500000	 Mean_Total:1.0973926
2021-03-20 20:53:01,548 -   965 /   966 (99.9%):	 Total:1.5940695	 Acc:0.2812500	 Mean_Total:1.1001137
2021-03-20 20:53:02,998 - 
===============================| start validation |===============================

2021-03-20 20:53:02,999 - 	 Total:1.6621736	 Acc:0.2074762
2021-03-20 20:53:03,002 -    ini file updated    
2021-03-20 20:53:03,002 - 
===============================|    epoch 21   |===============================

2021-03-20 20:53:03,217 -     0 /   966 (0.0%):	 Total:1.5451899	 Acc:0.2812500	 Mean_Total:1.5451899
2021-03-20 20:53:07,135 -   193 /   966 (20.0%):	 Total:0.8419740	 Acc:0.1875000	 Mean_Total:0.9902015
2021-03-20 20:53:10,908 -   386 /   966 (40.0%):	 Total:1.1401045	 Acc:0.2187500	 Mean_Total:1.0403132
2021-03-20 20:53:14,695 -   579 /   966 (59.9%):	 Total:0.7387987	 Acc:0.1250000	 Mean_Total:1.0735450
2021-03-20 20:53:18,648 -   772 /   966 (79.9%):	 Total:0.8575832	 Acc:0.2812500	 Mean_Total:1.0780569
2021-03-20 20:53:22,403 -   965 /   966 (99.9%):	 Total:0.7020502	 Acc:0.4375000	 Mean_Total:1.0924350
2021-03-20 20:53:22,462 - 
===============================|    epoch 22   |===============================

2021-03-20 20:53:22,679 -     0 /   966 (0.0%):	 Total:0.7044438	 Acc:0.2812500	 Mean_Total:0.7044438
2021-03-20 20:53:26,464 -   193 /   966 (20.0%):	 Total:0.3910142	 Acc:0.3125000	 Mean_Total:0.9946598
2021-03-20 20:53:30,354 -   386 /   966 (40.0%):	 Total:0.7466903	 Acc:0.1250000	 Mean_Total:1.0143429
2021-03-20 20:53:33,992 -   579 /   966 (59.9%):	 Total:1.1648774	 Acc:0.1875000	 Mean_Total:1.0188546
2021-03-20 20:53:37,877 -   772 /   966 (79.9%):	 Total:1.1549014	 Acc:0.3437500	 Mean_Total:1.0435399
2021-03-20 20:53:41,639 -   965 /   966 (99.9%):	 Total:1.1299760	 Acc:0.2187500	 Mean_Total:1.0583378
2021-03-20 20:53:41,693 - 
===============================|    epoch 23   |===============================

2021-03-20 20:53:41,885 -     0 /   966 (0.0%):	 Total:0.9183875	 Acc:0.2812500	 Mean_Total:0.9183875
2021-03-20 20:53:45,731 -   193 /   966 (20.0%):	 Total:0.8194141	 Acc:0.2812500	 Mean_Total:0.9885185
2021-03-20 20:53:49,440 -   386 /   966 (40.0%):	 Total:0.6525674	 Acc:0.4375000	 Mean_Total:1.0191155
2021-03-20 20:53:53,187 -   579 /   966 (59.9%):	 Total:1.2515358	 Acc:0.3437500	 Mean_Total:1.0199618
2021-03-20 20:53:56,914 -   772 /   966 (79.9%):	 Total:1.1864815	 Acc:0.2187500	 Mean_Total:1.0280902
2021-03-20 20:54:00,615 -   965 /   966 (99.9%):	 Total:1.4388545	 Acc:0.1875000	 Mean_Total:1.0415379
2021-03-20 20:54:00,681 - 
===============================|    epoch 24   |===============================

2021-03-20 20:54:00,885 -     0 /   966 (0.0%):	 Total:0.7955498	 Acc:0.2812500	 Mean_Total:0.7955498
2021-03-20 20:54:04,599 -   193 /   966 (20.0%):	 Total:0.6061333	 Acc:0.1875000	 Mean_Total:0.9731511
2021-03-20 20:54:08,184 -   386 /   966 (40.0%):	 Total:1.2948443	 Acc:0.3125000	 Mean_Total:0.9887760
2021-03-20 20:54:11,887 -   579 /   966 (59.9%):	 Total:0.7009329	 Acc:0.4062500	 Mean_Total:1.0105512
2021-03-20 20:54:15,519 -   772 /   966 (79.9%):	 Total:1.7073128	 Acc:0.3750000	 Mean_Total:1.0253351
2021-03-20 20:54:19,207 -   965 /   966 (99.9%):	 Total:1.5232558	 Acc:0.2500000	 Mean_Total:1.0307936
2021-03-20 20:54:19,279 - 
===============================|    epoch 25   |===============================

2021-03-20 20:54:19,505 -     0 /   966 (0.0%):	 Total:0.6162587	 Acc:0.2500000	 Mean_Total:0.6162587
2021-03-20 20:54:23,355 -   193 /   966 (20.0%):	 Total:0.8531342	 Acc:0.2812500	 Mean_Total:0.9293450
2021-03-20 20:54:27,270 -   386 /   966 (40.0%):	 Total:0.8027652	 Acc:0.2812500	 Mean_Total:0.9485480
2021-03-20 20:54:31,004 -   579 /   966 (59.9%):	 Total:1.0149989	 Acc:0.2187500	 Mean_Total:0.9735583
2021-03-20 20:54:34,772 -   772 /   966 (79.9%):	 Total:0.8692493	 Acc:0.3437500	 Mean_Total:0.9920209
2021-03-20 20:54:38,547 -   965 /   966 (99.9%):	 Total:1.2155157	 Acc:0.1875000	 Mean_Total:1.0072474
2021-03-20 20:54:38,604 - 
===============================|    epoch 26   |===============================

2021-03-20 20:54:38,805 -     0 /   966 (0.0%):	 Total:1.6372670	 Acc:0.1562500	 Mean_Total:1.6372670
2021-03-20 20:54:42,575 -   193 /   966 (20.0%):	 Total:0.9790087	 Acc:0.1875000	 Mean_Total:0.9330079
2021-03-20 20:54:46,232 -   386 /   966 (40.0%):	 Total:1.3265479	 Acc:0.3125000	 Mean_Total:0.9466847
2021-03-20 20:54:49,888 -   579 /   966 (59.9%):	 Total:0.6352455	 Acc:0.2812500	 Mean_Total:0.9716022
2021-03-20 20:54:53,738 -   772 /   966 (79.9%):	 Total:1.4760104	 Acc:0.2812500	 Mean_Total:0.9854936
2021-03-20 20:54:57,535 -   965 /   966 (99.9%):	 Total:1.5457549	 Acc:0.2187500	 Mean_Total:0.9899479
2021-03-20 20:54:57,591 - 
===============================|    epoch 27   |===============================

2021-03-20 20:54:57,785 -     0 /   966 (0.0%):	 Total:1.2342336	 Acc:0.1875000	 Mean_Total:1.2342336
2021-03-20 20:55:01,470 -   193 /   966 (20.0%):	 Total:0.9974153	 Acc:0.3125000	 Mean_Total:0.9278817
2021-03-20 20:55:05,188 -   386 /   966 (40.0%):	 Total:0.6273503	 Acc:0.3437500	 Mean_Total:0.9407266
2021-03-20 20:55:08,968 -   579 /   966 (59.9%):	 Total:1.1238084	 Acc:0.2500000	 Mean_Total:0.9579342
2021-03-20 20:55:12,669 -   772 /   966 (79.9%):	 Total:0.5827737	 Acc:0.4062500	 Mean_Total:0.9688348
2021-03-20 20:55:16,364 -   965 /   966 (99.9%):	 Total:1.2037461	 Acc:0.2812500	 Mean_Total:0.9814192
2021-03-20 20:55:16,427 - 
===============================|    epoch 28   |===============================

2021-03-20 20:55:16,645 -     0 /   966 (0.0%):	 Total:0.7241282	 Acc:0.1562500	 Mean_Total:0.7241282
2021-03-20 20:55:20,428 -   193 /   966 (20.0%):	 Total:0.4234230	 Acc:0.3125000	 Mean_Total:0.9008453
2021-03-20 20:55:24,106 -   386 /   966 (40.0%):	 Total:0.4460959	 Acc:0.2187500	 Mean_Total:0.9276930
2021-03-20 20:55:27,818 -   579 /   966 (59.9%):	 Total:1.1040577	 Acc:0.2187500	 Mean_Total:0.9324034
2021-03-20 20:55:31,696 -   772 /   966 (79.9%):	 Total:0.9589305	 Acc:0.2187500	 Mean_Total:0.9485224
2021-03-20 20:55:35,402 -   965 /   966 (99.9%):	 Total:0.8285760	 Acc:0.1250000	 Mean_Total:0.9653644
2021-03-20 20:55:35,458 - 
===============================|    epoch 29   |===============================

2021-03-20 20:55:35,642 -     0 /   966 (0.0%):	 Total:0.7556629	 Acc:0.3750000	 Mean_Total:0.7556629
2021-03-20 20:55:39,270 -   193 /   966 (20.0%):	 Total:0.8307726	 Acc:0.2500000	 Mean_Total:0.8861005
2021-03-20 20:55:43,047 -   386 /   966 (40.0%):	 Total:0.8940058	 Acc:0.3750000	 Mean_Total:0.9172047
2021-03-20 20:55:46,839 -   579 /   966 (59.9%):	 Total:0.7664655	 Acc:0.3750000	 Mean_Total:0.9309843
2021-03-20 20:55:50,482 -   772 /   966 (79.9%):	 Total:1.0737674	 Acc:0.1875000	 Mean_Total:0.9451946
2021-03-20 20:55:54,279 -   965 /   966 (99.9%):	 Total:0.6092313	 Acc:0.2500000	 Mean_Total:0.9529987
2021-03-20 20:55:54,334 - 
===============================|    epoch 30   |===============================

2021-03-20 20:55:54,526 -     0 /   966 (0.0%):	 Total:0.5266198	 Acc:0.3750000	 Mean_Total:0.5266198
2021-03-20 20:55:58,150 -   193 /   966 (20.0%):	 Total:1.3899456	 Acc:0.2500000	 Mean_Total:0.9083615
2021-03-20 20:56:01,908 -   386 /   966 (40.0%):	 Total:0.6395255	 Acc:0.2812500	 Mean_Total:0.9102278
2021-03-20 20:56:05,602 -   579 /   966 (59.9%):	 Total:1.1789985	 Acc:0.1875000	 Mean_Total:0.9156317
2021-03-20 20:56:09,317 -   772 /   966 (79.9%):	 Total:0.7773477	 Acc:0.1562500	 Mean_Total:0.9225169
2021-03-20 20:56:13,050 -   965 /   966 (99.9%):	 Total:0.8533357	 Acc:0.2187500	 Mean_Total:0.9426414
2021-03-20 20:56:14,436 - 
===============================| start validation |===============================

2021-03-20 20:56:14,437 - 	 Total:1.7233473	 Acc:0.2079478
2021-03-20 20:56:14,440 -    ini file updated    
2021-03-20 20:56:14,440 - 
===============================|    epoch 31   |===============================

2021-03-20 20:56:14,630 -     0 /   966 (0.0%):	 Total:1.2738039	 Acc:0.1562500	 Mean_Total:1.2738039
2021-03-20 20:56:18,381 -   193 /   966 (20.0%):	 Total:1.0970981	 Acc:0.1562500	 Mean_Total:0.8378398
2021-03-20 20:56:22,158 -   386 /   966 (40.0%):	 Total:1.0672054	 Acc:0.3750000	 Mean_Total:0.8775478
2021-03-20 20:56:25,838 -   579 /   966 (59.9%):	 Total:0.6167939	 Acc:0.2812500	 Mean_Total:0.8956219
2021-03-20 20:56:29,519 -   772 /   966 (79.9%):	 Total:1.2045619	 Acc:0.3125000	 Mean_Total:0.9174929
2021-03-20 20:56:33,135 -   965 /   966 (99.9%):	 Total:0.9140638	 Acc:0.4062500	 Mean_Total:0.9360809
2021-03-20 20:56:33,188 - 
===============================|    epoch 32   |===============================

2021-03-20 20:56:33,377 -     0 /   966 (0.0%):	 Total:0.7237358	 Acc:0.1875000	 Mean_Total:0.7237358
2021-03-20 20:56:37,106 -   193 /   966 (20.0%):	 Total:0.6729515	 Acc:0.3750000	 Mean_Total:0.8448444
2021-03-20 20:56:40,814 -   386 /   966 (40.0%):	 Total:0.8431492	 Acc:0.4062500	 Mean_Total:0.8969037
2021-03-20 20:56:44,633 -   579 /   966 (59.9%):	 Total:0.7700220	 Acc:0.2187500	 Mean_Total:0.8976905
2021-03-20 20:56:48,384 -   772 /   966 (79.9%):	 Total:0.7745732	 Acc:0.2187500	 Mean_Total:0.9148856
2021-03-20 20:56:52,177 -   965 /   966 (99.9%):	 Total:0.8864053	 Acc:0.2187500	 Mean_Total:0.9349406
2021-03-20 20:56:52,234 - 
===============================|    epoch 33   |===============================

2021-03-20 20:56:52,426 -     0 /   966 (0.0%):	 Total:0.7504095	 Acc:0.3437500	 Mean_Total:0.7504095
2021-03-20 20:56:56,249 -   193 /   966 (20.0%):	 Total:1.4515817	 Acc:0.2812500	 Mean_Total:0.8866748
2021-03-20 20:56:59,975 -   386 /   966 (40.0%):	 Total:0.6023928	 Acc:0.3437500	 Mean_Total:0.8804690
2021-03-20 20:57:03,759 -   579 /   966 (59.9%):	 Total:1.2003645	 Acc:0.3437500	 Mean_Total:0.8997333
2021-03-20 20:57:07,421 -   772 /   966 (79.9%):	 Total:0.5214103	 Acc:0.4062500	 Mean_Total:0.9179750
2021-03-20 20:57:11,133 -   965 /   966 (99.9%):	 Total:0.5511117	 Acc:0.2812500	 Mean_Total:0.9273164
2021-03-20 20:57:11,189 - 
===============================|    epoch 34   |===============================

2021-03-20 20:57:11,383 -     0 /   966 (0.0%):	 Total:1.1920614	 Acc:0.2500000	 Mean_Total:1.1920614
2021-03-20 20:57:15,092 -   193 /   966 (20.0%):	 Total:0.5173522	 Acc:0.2187500	 Mean_Total:0.8633160
2021-03-20 20:57:18,963 -   386 /   966 (40.0%):	 Total:0.7101945	 Acc:0.2187500	 Mean_Total:0.8632086
2021-03-20 20:57:22,788 -   579 /   966 (59.9%):	 Total:1.0649055	 Acc:0.2500000	 Mean_Total:0.8895308
2021-03-20 20:57:26,532 -   772 /   966 (79.9%):	 Total:1.2090821	 Acc:0.2187500	 Mean_Total:0.8947454
2021-03-20 20:57:30,134 -   965 /   966 (99.9%):	 Total:0.9764557	 Acc:0.2500000	 Mean_Total:0.9068293
2021-03-20 20:57:30,186 - 
===============================|    epoch 35   |===============================

2021-03-20 20:57:30,383 -     0 /   966 (0.0%):	 Total:0.7880945	 Acc:0.2500000	 Mean_Total:0.7880945
2021-03-20 20:57:34,122 -   193 /   966 (20.0%):	 Total:0.5997790	 Acc:0.3437500	 Mean_Total:0.8379438
2021-03-20 20:57:37,890 -   386 /   966 (40.0%):	 Total:0.7716147	 Acc:0.3125000	 Mean_Total:0.8675870
2021-03-20 20:57:41,680 -   579 /   966 (59.9%):	 Total:0.7977152	 Acc:0.2812500	 Mean_Total:0.8816456
2021-03-20 20:57:45,409 -   772 /   966 (79.9%):	 Total:1.1929717	 Acc:0.0937500	 Mean_Total:0.9046551
2021-03-20 20:57:49,275 -   965 /   966 (99.9%):	 Total:1.2208105	 Acc:0.2500000	 Mean_Total:0.9082586
2021-03-20 20:57:49,332 - 
===============================|    epoch 36   |===============================

2021-03-20 20:57:49,545 -     0 /   966 (0.0%):	 Total:0.9369367	 Acc:0.3437500	 Mean_Total:0.9369367
2021-03-20 20:57:53,376 -   193 /   966 (20.0%):	 Total:1.0250344	 Acc:0.2500000	 Mean_Total:0.8242452
2021-03-20 20:57:57,257 -   386 /   966 (40.0%):	 Total:1.0785179	 Acc:0.3437500	 Mean_Total:0.8498260
2021-03-20 20:58:01,080 -   579 /   966 (59.9%):	 Total:0.4996191	 Acc:0.3437500	 Mean_Total:0.8646546
2021-03-20 20:58:04,751 -   772 /   966 (79.9%):	 Total:0.9207740	 Acc:0.2500000	 Mean_Total:0.8875279
2021-03-20 20:58:08,510 -   965 /   966 (99.9%):	 Total:1.1744560	 Acc:0.2187500	 Mean_Total:0.9038663
2021-03-20 20:58:08,565 - 
===============================|    epoch 37   |===============================

2021-03-20 20:58:08,757 -     0 /   966 (0.0%):	 Total:0.6657358	 Acc:0.4062500	 Mean_Total:0.6657358
2021-03-20 20:58:12,488 -   193 /   966 (20.0%):	 Total:1.1026511	 Acc:0.2187500	 Mean_Total:0.8355670
2021-03-20 20:58:16,263 -   386 /   966 (40.0%):	 Total:1.5711526	 Acc:0.3125000	 Mean_Total:0.8586609
2021-03-20 20:58:20,112 -   579 /   966 (59.9%):	 Total:0.5611149	 Acc:0.2812500	 Mean_Total:0.8667676
2021-03-20 20:58:23,859 -   772 /   966 (79.9%):	 Total:0.9782789	 Acc:0.2812500	 Mean_Total:0.8750668
2021-03-20 20:58:27,710 -   965 /   966 (99.9%):	 Total:0.8955138	 Acc:0.3125000	 Mean_Total:0.8940057
2021-03-20 20:58:27,766 - 
===============================|    epoch 38   |===============================

2021-03-20 20:58:27,973 -     0 /   966 (0.0%):	 Total:0.6050834	 Acc:0.4062500	 Mean_Total:0.6050834
2021-03-20 20:58:31,863 -   193 /   966 (20.0%):	 Total:0.7806361	 Acc:0.2812500	 Mean_Total:0.8326567
2021-03-20 20:58:35,596 -   386 /   966 (40.0%):	 Total:0.7246765	 Acc:0.3437500	 Mean_Total:0.8386871
2021-03-20 20:58:39,397 -   579 /   966 (59.9%):	 Total:0.9913149	 Acc:0.1875000	 Mean_Total:0.8543257
2021-03-20 20:58:43,074 -   772 /   966 (79.9%):	 Total:0.6356120	 Acc:0.1562500	 Mean_Total:0.8638214
2021-03-20 20:58:46,910 -   965 /   966 (99.9%):	 Total:0.8586855	 Acc:0.2500000	 Mean_Total:0.8790028
2021-03-20 20:58:46,981 - 
===============================|    epoch 39   |===============================

2021-03-20 20:58:47,199 -     0 /   966 (0.0%):	 Total:0.9619496	 Acc:0.4062500	 Mean_Total:0.9619496
2021-03-20 20:58:51,198 -   193 /   966 (20.0%):	 Total:1.6196704	 Acc:0.1562500	 Mean_Total:0.8276819
2021-03-20 20:58:55,056 -   386 /   966 (40.0%):	 Total:1.0338743	 Acc:0.2500000	 Mean_Total:0.8298232
2021-03-20 20:58:58,923 -   579 /   966 (59.9%):	 Total:0.9338768	 Acc:0.2187500	 Mean_Total:0.8448658
2021-03-20 20:59:02,701 -   772 /   966 (79.9%):	 Total:1.2913492	 Acc:0.0937500	 Mean_Total:0.8593528
2021-03-20 20:59:06,484 -   965 /   966 (99.9%):	 Total:0.6259824	 Acc:0.2812500	 Mean_Total:0.8759172
2021-03-20 20:59:06,540 - 
===============================|    epoch 40   |===============================

2021-03-20 20:59:06,730 -     0 /   966 (0.0%):	 Total:0.7380019	 Acc:0.2500000	 Mean_Total:0.7380019
2021-03-20 20:59:10,477 -   193 /   966 (20.0%):	 Total:1.0813954	 Acc:0.3125000	 Mean_Total:0.8073501
2021-03-20 20:59:14,223 -   386 /   966 (40.0%):	 Total:0.6230571	 Acc:0.3125000	 Mean_Total:0.8282472
2021-03-20 20:59:17,980 -   579 /   966 (59.9%):	 Total:0.5851904	 Acc:0.4375000	 Mean_Total:0.8332532
2021-03-20 20:59:21,734 -   772 /   966 (79.9%):	 Total:0.7783700	 Acc:0.4062500	 Mean_Total:0.8467601
2021-03-20 20:59:25,500 -   965 /   966 (99.9%):	 Total:0.9277041	 Acc:0.1250000	 Mean_Total:0.8716003
2021-03-20 20:59:26,900 - 
===============================| start validation |===============================

2021-03-20 20:59:26,901 - 	 Total:1.7293325	 Acc:0.2154375
2021-03-20 20:59:26,903 -    ini file updated    
2021-03-20 20:59:26,918 - Snapshot saved to /data/users/wergillius/UTR_VAE/pth/RL_regressor_ribo/CV_for_rl/3en4-model_best_cv4.pth

2021-03-20 20:59:26,919 -    ini file updated    
2021-03-20 20:59:26,919 - 
===============================|    epoch 41   |===============================

2021-03-20 20:59:27,129 -     0 /   966 (0.0%):	 Total:0.7458255	 Acc:0.3437500	 Mean_Total:0.7458255
2021-03-20 20:59:30,738 -   193 /   966 (20.0%):	 Total:1.3521787	 Acc:0.3125000	 Mean_Total:0.7974475
2021-03-20 20:59:34,415 -   386 /   966 (40.0%):	 Total:0.5259433	 Acc:0.2500000	 Mean_Total:0.8315919
2021-03-20 20:59:38,203 -   579 /   966 (59.9%):	 Total:0.5973300	 Acc:0.2812500	 Mean_Total:0.8473182
2021-03-20 20:59:41,879 -   772 /   966 (79.9%):	 Total:1.2463521	 Acc:0.2187500	 Mean_Total:0.8563902
2021-03-20 20:59:45,693 -   965 /   966 (99.9%):	 Total:1.0486931	 Acc:0.2500000	 Mean_Total:0.8728210
2021-03-20 20:59:45,766 - 
===============================|    epoch 42   |===============================

2021-03-20 20:59:45,967 -     0 /   966 (0.0%):	 Total:0.5457000	 Acc:0.2187500	 Mean_Total:0.5457000
2021-03-20 20:59:49,742 -   193 /   966 (20.0%):	 Total:0.5837928	 Acc:0.2500000	 Mean_Total:0.7846011
2021-03-20 20:59:53,457 -   386 /   966 (40.0%):	 Total:0.4786155	 Acc:0.1875000	 Mean_Total:0.8051847
2021-03-20 20:59:57,281 -   579 /   966 (59.9%):	 Total:0.5175955	 Acc:0.2500000	 Mean_Total:0.8202166
2021-03-20 21:00:01,146 -   772 /   966 (79.9%):	 Total:0.7896322	 Acc:0.3125000	 Mean_Total:0.8387660
2021-03-20 21:00:05,041 -   965 /   966 (99.9%):	 Total:0.7192221	 Acc:0.4062500	 Mean_Total:0.8562152
2021-03-20 21:00:05,094 - 
===============================|    epoch 43   |===============================

2021-03-20 21:00:05,299 -     0 /   966 (0.0%):	 Total:0.7725667	 Acc:0.2812500	 Mean_Total:0.7725667
2021-03-20 21:00:09,122 -   193 /   966 (20.0%):	 Total:0.7542586	 Acc:0.2500000	 Mean_Total:0.7929023
2021-03-20 21:00:13,035 -   386 /   966 (40.0%):	 Total:0.4882609	 Acc:0.1875000	 Mean_Total:0.8200727
2021-03-20 21:00:16,874 -   579 /   966 (59.9%):	 Total:1.2819145	 Acc:0.1875000	 Mean_Total:0.8274855
2021-03-20 21:00:20,914 -   772 /   966 (79.9%):	 Total:1.0498646	 Acc:0.1250000	 Mean_Total:0.8502346
2021-03-20 21:00:24,777 -   965 /   966 (99.9%):	 Total:0.6216131	 Acc:0.4375000	 Mean_Total:0.8685316
2021-03-20 21:00:24,833 - 
===============================|    epoch 44   |===============================

2021-03-20 21:00:25,038 -     0 /   966 (0.0%):	 Total:0.6916251	 Acc:0.4375000	 Mean_Total:0.6916251
2021-03-20 21:00:28,811 -   193 /   966 (20.0%):	 Total:0.7517166	 Acc:0.3437500	 Mean_Total:0.7833475
2021-03-20 21:00:32,726 -   386 /   966 (40.0%):	 Total:1.3247344	 Acc:0.2187500	 Mean_Total:0.8096239
2021-03-20 21:00:36,524 -   579 /   966 (59.9%):	 Total:0.9490308	 Acc:0.2812500	 Mean_Total:0.8301187
2021-03-20 21:00:40,220 -   772 /   966 (79.9%):	 Total:0.9019647	 Acc:0.2812500	 Mean_Total:0.8439691
2021-03-20 21:00:44,019 -   965 /   966 (99.9%):	 Total:1.1307008	 Acc:0.1875000	 Mean_Total:0.8549525
2021-03-20 21:00:44,072 - 
===============================|    epoch 45   |===============================

2021-03-20 21:00:44,295 -     0 /   966 (0.0%):	 Total:0.6940577	 Acc:0.3750000	 Mean_Total:0.6940577
2021-03-20 21:00:48,045 -   193 /   966 (20.0%):	 Total:0.8301885	 Acc:0.2812500	 Mean_Total:0.7750328
2021-03-20 21:00:51,781 -   386 /   966 (40.0%):	 Total:0.8675888	 Acc:0.2812500	 Mean_Total:0.8043441
2021-03-20 21:00:55,502 -   579 /   966 (59.9%):	 Total:0.8203003	 Acc:0.2187500	 Mean_Total:0.8315907
2021-03-20 21:00:59,285 -   772 /   966 (79.9%):	 Total:0.5712732	 Acc:0.2812500	 Mean_Total:0.8432550
2021-03-20 21:01:02,933 -   965 /   966 (99.9%):	 Total:1.3629589	 Acc:0.2812500	 Mean_Total:0.8491378
2021-03-20 21:01:02,985 - 
===============================|    epoch 46   |===============================

2021-03-20 21:01:03,182 -     0 /   966 (0.0%):	 Total:0.4676371	 Acc:0.3125000	 Mean_Total:0.4676371
2021-03-20 21:01:07,035 -   193 /   966 (20.0%):	 Total:0.5944033	 Acc:0.2812500	 Mean_Total:0.7990589
2021-03-20 21:01:10,889 -   386 /   966 (40.0%):	 Total:0.6389856	 Acc:0.3125000	 Mean_Total:0.8183506
2021-03-20 21:01:14,624 -   579 /   966 (59.9%):	 Total:0.7650220	 Acc:0.2187500	 Mean_Total:0.8271781
2021-03-20 21:01:18,314 -   772 /   966 (79.9%):	 Total:0.9719028	 Acc:0.1875000	 Mean_Total:0.8377891
2021-03-20 21:01:22,158 -   965 /   966 (99.9%):	 Total:1.1016376	 Acc:0.1875000	 Mean_Total:0.8460737
2021-03-20 21:01:22,216 - 
===============================|    epoch 47   |===============================

2021-03-20 21:01:22,417 -     0 /   966 (0.0%):	 Total:1.2182603	 Acc:0.3125000	 Mean_Total:1.2182603
2021-03-20 21:01:26,042 -   193 /   966 (20.0%):	 Total:0.6061877	 Acc:0.3750000	 Mean_Total:0.7953299
2021-03-20 21:01:29,970 -   386 /   966 (40.0%):	 Total:1.5811728	 Acc:0.2812500	 Mean_Total:0.8020315
2021-03-20 21:01:33,782 -   579 /   966 (59.9%):	 Total:0.5982381	 Acc:0.3125000	 Mean_Total:0.8319244
2021-03-20 21:01:37,476 -   772 /   966 (79.9%):	 Total:0.6294688	 Acc:0.2187500	 Mean_Total:0.8373196
2021-03-20 21:01:41,217 -   965 /   966 (99.9%):	 Total:0.6184793	 Acc:0.3437500	 Mean_Total:0.8511705
2021-03-20 21:01:41,280 - 
===============================|    epoch 48   |===============================

2021-03-20 21:01:41,501 -     0 /   966 (0.0%):	 Total:0.4611821	 Acc:0.3750000	 Mean_Total:0.4611821
2021-03-20 21:01:45,241 -   193 /   966 (20.0%):	 Total:0.5555298	 Acc:0.2812500	 Mean_Total:0.7778133
2021-03-20 21:01:48,984 -   386 /   966 (40.0%):	 Total:1.2278012	 Acc:0.3437500	 Mean_Total:0.7825100
2021-03-20 21:01:52,711 -   579 /   966 (59.9%):	 Total:0.8564500	 Acc:0.2187500	 Mean_Total:0.8075806
2021-03-20 21:01:56,572 -   772 /   966 (79.9%):	 Total:1.5164740	 Acc:0.2187500	 Mean_Total:0.8269521
2021-03-20 21:02:00,314 -   965 /   966 (99.9%):	 Total:1.2476331	 Acc:0.2187500	 Mean_Total:0.8421010
2021-03-20 21:02:00,369 - 
===============================|    epoch 49   |===============================

2021-03-20 21:02:00,570 -     0 /   966 (0.0%):	 Total:0.4761745	 Acc:0.2812500	 Mean_Total:0.4761745
2021-03-20 21:02:04,274 -   193 /   966 (20.0%):	 Total:0.8712727	 Acc:0.2812500	 Mean_Total:0.7755902
2021-03-20 21:02:07,948 -   386 /   966 (40.0%):	 Total:1.0945799	 Acc:0.2812500	 Mean_Total:0.7960062
2021-03-20 21:02:11,716 -   579 /   966 (59.9%):	 Total:0.7906377	 Acc:0.1875000	 Mean_Total:0.8244914
2021-03-20 21:02:15,527 -   772 /   966 (79.9%):	 Total:1.1377773	 Acc:0.3750000	 Mean_Total:0.8362069
2021-03-20 21:02:19,235 -   965 /   966 (99.9%):	 Total:1.0766826	 Acc:0.2187500	 Mean_Total:0.8397997
2021-03-20 21:02:19,294 - 
===============================|    epoch 50   |===============================

2021-03-20 21:02:19,489 -     0 /   966 (0.0%):	 Total:1.3265027	 Acc:0.2500000	 Mean_Total:1.3265027
2021-03-20 21:02:23,347 -   193 /   966 (20.0%):	 Total:0.5411909	 Acc:0.3750000	 Mean_Total:0.7533988
2021-03-20 21:02:27,078 -   386 /   966 (40.0%):	 Total:0.8255326	 Acc:0.2812500	 Mean_Total:0.7851663
2021-03-20 21:02:30,828 -   579 /   966 (59.9%):	 Total:1.1621127	 Acc:0.2500000	 Mean_Total:0.8019747
2021-03-20 21:02:34,526 -   772 /   966 (79.9%):	 Total:0.5468560	 Acc:0.3437500	 Mean_Total:0.8186676
2021-03-20 21:02:38,268 -   965 /   966 (99.9%):	 Total:1.3065543	 Acc:0.1875000	 Mean_Total:0.8351290
2021-03-20 21:02:39,682 - 
===============================| start validation |===============================

2021-03-20 21:02:39,683 - 	 Total:1.7662213	 Acc:0.2081050
2021-03-20 21:02:39,685 -    ini file updated    
2021-03-20 21:02:39,685 - 
===============================|    epoch 51   |===============================

2021-03-20 21:02:39,881 -     0 /   966 (0.0%):	 Total:0.6124529	 Acc:0.4062500	 Mean_Total:0.6124529
2021-03-20 21:02:43,599 -   193 /   966 (20.0%):	 Total:1.0454569	 Acc:0.2500000	 Mean_Total:0.7527286
2021-03-20 21:02:47,419 -   386 /   966 (40.0%):	 Total:0.6950061	 Acc:0.2812500	 Mean_Total:0.7810586
2021-03-20 21:02:51,277 -   579 /   966 (59.9%):	 Total:0.8092707	 Acc:0.3437500	 Mean_Total:0.8055408
2021-03-20 21:02:55,044 -   772 /   966 (79.9%):	 Total:0.6711699	 Acc:0.2500000	 Mean_Total:0.8195125
2021-03-20 21:02:58,809 -   965 /   966 (99.9%):	 Total:1.0362215	 Acc:0.2187500	 Mean_Total:0.8324947
2021-03-20 21:02:58,869 - 
===============================|    epoch 52   |===============================

2021-03-20 21:02:59,073 -     0 /   966 (0.0%):	 Total:0.6224912	 Acc:0.5000000	 Mean_Total:0.6224912
2021-03-20 21:03:02,964 -   193 /   966 (20.0%):	 Total:0.7873763	 Acc:0.3750000	 Mean_Total:0.7880946
2021-03-20 21:03:06,791 -   386 /   966 (40.0%):	 Total:0.8474874	 Acc:0.2812500	 Mean_Total:0.7883773
2021-03-20 21:03:10,590 -   579 /   966 (59.9%):	 Total:1.1770375	 Acc:0.3125000	 Mean_Total:0.8020613
2021-03-20 21:03:14,416 -   772 /   966 (79.9%):	 Total:1.5387213	 Acc:0.2187500	 Mean_Total:0.8239461
2021-03-20 21:03:18,196 -   965 /   966 (99.9%):	 Total:1.1545970	 Acc:0.2500000	 Mean_Total:0.8372084
2021-03-20 21:03:18,264 - 
===============================|    epoch 53   |===============================

2021-03-20 21:03:18,493 -     0 /   966 (0.0%):	 Total:1.3949605	 Acc:0.2812500	 Mean_Total:1.3949605
2021-03-20 21:03:22,161 -   193 /   966 (20.0%):	 Total:0.5484675	 Acc:0.3125000	 Mean_Total:0.7568100
2021-03-20 21:03:25,888 -   386 /   966 (40.0%):	 Total:0.7661390	 Acc:0.3437500	 Mean_Total:0.7789841
2021-03-20 21:03:29,706 -   579 /   966 (59.9%):	 Total:0.8216256	 Acc:0.2500000	 Mean_Total:0.8029642
2021-03-20 21:03:33,479 -   772 /   966 (79.9%):	 Total:0.8529519	 Acc:0.2187500	 Mean_Total:0.8117177
2021-03-20 21:03:37,326 -   965 /   966 (99.9%):	 Total:0.7396541	 Acc:0.2812500	 Mean_Total:0.8283809
2021-03-20 21:03:37,392 - 
===============================|    epoch 54   |===============================

2021-03-20 21:03:37,615 -     0 /   966 (0.0%):	 Total:0.9272763	 Acc:0.2500000	 Mean_Total:0.9272763
2021-03-20 21:03:41,420 -   193 /   966 (20.0%):	 Total:0.9559389	 Acc:0.3437500	 Mean_Total:0.7442950
2021-03-20 21:03:45,075 -   386 /   966 (40.0%):	 Total:1.6912911	 Acc:0.1562500	 Mean_Total:0.7813115
2021-03-20 21:03:48,706 -   579 /   966 (59.9%):	 Total:0.9297767	 Acc:0.4062500	 Mean_Total:0.7907721
2021-03-20 21:03:52,408 -   772 /   966 (79.9%):	 Total:0.7602798	 Acc:0.3750000	 Mean_Total:0.8069677
2021-03-20 21:03:56,035 -   965 /   966 (99.9%):	 Total:0.6667185	 Acc:0.3750000	 Mean_Total:0.8225461
2021-03-20 21:03:56,094 - 
===============================|    epoch 55   |===============================

2021-03-20 21:03:56,295 -     0 /   966 (0.0%):	 Total:0.6722488	 Acc:0.2500000	 Mean_Total:0.6722488
2021-03-20 21:04:00,433 -   193 /   966 (20.0%):	 Total:0.5763023	 Acc:0.3750000	 Mean_Total:0.7585230
2021-03-20 21:04:04,213 -   386 /   966 (40.0%):	 Total:0.5686311	 Acc:0.2812500	 Mean_Total:0.7808667
2021-03-20 21:04:07,915 -   579 /   966 (59.9%):	 Total:0.5679238	 Acc:0.3750000	 Mean_Total:0.7952067
2021-03-20 21:04:11,897 -   772 /   966 (79.9%):	 Total:1.7747556	 Acc:0.3125000	 Mean_Total:0.8018017
2021-03-20 21:04:15,613 -   965 /   966 (99.9%):	 Total:0.7658049	 Acc:0.4375000	 Mean_Total:0.8177856
2021-03-20 21:04:15,675 - 
===============================|    epoch 56   |===============================

2021-03-20 21:04:15,880 -     0 /   966 (0.0%):	 Total:1.2007890	 Acc:0.2187500	 Mean_Total:1.2007890
2021-03-20 21:04:19,653 -   193 /   966 (20.0%):	 Total:0.5743364	 Acc:0.2500000	 Mean_Total:0.7488136
2021-03-20 21:04:23,579 -   386 /   966 (40.0%):	 Total:0.5474546	 Acc:0.2500000	 Mean_Total:0.7493579
2021-03-20 21:04:27,328 -   579 /   966 (59.9%):	 Total:0.9519024	 Acc:0.2812500	 Mean_Total:0.7820255
2021-03-20 21:04:31,120 -   772 /   966 (79.9%):	 Total:0.6524131	 Acc:0.2187500	 Mean_Total:0.8021066
2021-03-20 21:04:34,871 -   965 /   966 (99.9%):	 Total:1.0060406	 Acc:0.2500000	 Mean_Total:0.8166872
2021-03-20 21:04:34,930 - 
===============================|    epoch 57   |===============================

2021-03-20 21:04:35,159 -     0 /   966 (0.0%):	 Total:0.5253515	 Acc:0.3750000	 Mean_Total:0.5253515
2021-03-20 21:04:39,005 -   193 /   966 (20.0%):	 Total:0.5459080	 Acc:0.2500000	 Mean_Total:0.7494460
2021-03-20 21:04:42,843 -   386 /   966 (40.0%):	 Total:0.5768536	 Acc:0.4062500	 Mean_Total:0.7704707
2021-03-20 21:04:46,484 -   579 /   966 (59.9%):	 Total:0.8751059	 Acc:0.2812500	 Mean_Total:0.7938240
2021-03-20 21:04:50,336 -   772 /   966 (79.9%):	 Total:0.7189344	 Acc:0.3125000	 Mean_Total:0.8036408
2021-03-20 21:04:54,034 -   965 /   966 (99.9%):	 Total:0.7695047	 Acc:0.3125000	 Mean_Total:0.8192434
2021-03-20 21:04:54,089 - 
===============================|    epoch 58   |===============================

2021-03-20 21:04:54,301 -     0 /   966 (0.0%):	 Total:0.5478231	 Acc:0.2812500	 Mean_Total:0.5478231
2021-03-20 21:04:58,110 -   193 /   966 (20.0%):	 Total:0.5040861	 Acc:0.3750000	 Mean_Total:0.7683878
2021-03-20 21:05:02,138 -   386 /   966 (40.0%):	 Total:0.4975473	 Acc:0.3750000	 Mean_Total:0.7930752
2021-03-20 21:05:05,882 -   579 /   966 (59.9%):	 Total:0.9856033	 Acc:0.1562500	 Mean_Total:0.7848086
2021-03-20 21:05:09,620 -   772 /   966 (79.9%):	 Total:1.0867845	 Acc:0.5312500	 Mean_Total:0.8062378
2021-03-20 21:05:13,375 -   965 /   966 (99.9%):	 Total:0.4116560	 Acc:0.4062500	 Mean_Total:0.8143321
2021-03-20 21:05:13,436 - 
===============================|    epoch 59   |===============================

2021-03-20 21:05:13,643 -     0 /   966 (0.0%):	 Total:0.6007564	 Acc:0.4062500	 Mean_Total:0.6007564
2021-03-20 21:05:17,347 -   193 /   966 (20.0%):	 Total:0.3050234	 Acc:0.3125000	 Mean_Total:0.7292267
2021-03-20 21:05:21,049 -   386 /   966 (40.0%):	 Total:0.6831930	 Acc:0.1250000	 Mean_Total:0.7604569
2021-03-20 21:05:24,823 -   579 /   966 (59.9%):	 Total:0.6282462	 Acc:0.2187500	 Mean_Total:0.7733873
2021-03-20 21:05:28,485 -   772 /   966 (79.9%):	 Total:0.6364387	 Acc:0.4062500	 Mean_Total:0.7924814
2021-03-20 21:05:32,203 -   965 /   966 (99.9%):	 Total:0.9533364	 Acc:0.2500000	 Mean_Total:0.8063182
2021-03-20 21:05:32,265 - 
===============================|    epoch 60   |===============================

2021-03-20 21:05:32,491 -     0 /   966 (0.0%):	 Total:0.7488058	 Acc:0.3125000	 Mean_Total:0.7488058
2021-03-20 21:05:36,192 -   193 /   966 (20.0%):	 Total:0.5552194	 Acc:0.3437500	 Mean_Total:0.7224313
2021-03-20 21:05:39,934 -   386 /   966 (40.0%):	 Total:1.2025912	 Acc:0.3125000	 Mean_Total:0.7524099
2021-03-20 21:05:43,627 -   579 /   966 (59.9%):	 Total:0.4783176	 Acc:0.2500000	 Mean_Total:0.7759633
2021-03-20 21:05:47,489 -   772 /   966 (79.9%):	 Total:1.1772585	 Acc:0.1875000	 Mean_Total:0.7948411
2021-03-20 21:05:51,344 -   965 /   966 (99.9%):	 Total:1.0309200	 Acc:0.2187500	 Mean_Total:0.8059261
2021-03-20 21:05:52,688 - 
===============================| start validation |===============================

2021-03-20 21:05:52,689 - 	 Total:1.8350295	 Acc:0.1996833
2021-03-20 21:05:52,691 -    ini file updated    
2021-03-20 21:05:52,691 - 
===============================|    epoch 61   |===============================

2021-03-20 21:05:52,916 -     0 /   966 (0.0%):	 Total:0.3359362	 Acc:0.4375000	 Mean_Total:0.3359362
2021-03-20 21:05:56,593 -   193 /   966 (20.0%):	 Total:0.6419986	 Acc:0.2812500	 Mean_Total:0.7309046
2021-03-20 21:06:00,403 -   386 /   966 (40.0%):	 Total:1.0407493	 Acc:0.2500000	 Mean_Total:0.7802334
2021-03-20 21:06:04,180 -   579 /   966 (59.9%):	 Total:0.5083766	 Acc:0.4062500	 Mean_Total:0.7900404
2021-03-20 21:06:08,029 -   772 /   966 (79.9%):	 Total:0.8749636	 Acc:0.1875000	 Mean_Total:0.8009363
2021-03-20 21:06:11,791 -   965 /   966 (99.9%):	 Total:0.8744159	 Acc:0.3125000	 Mean_Total:0.8143865
2021-03-20 21:06:11,844 - 
===============================|    epoch 62   |===============================

2021-03-20 21:06:12,031 -     0 /   966 (0.0%):	 Total:0.9620147	 Acc:0.3437500	 Mean_Total:0.9620147
2021-03-20 21:06:15,835 -   193 /   966 (20.0%):	 Total:0.6170180	 Acc:0.2500000	 Mean_Total:0.7619375
2021-03-20 21:06:19,699 -   386 /   966 (40.0%):	 Total:0.3311270	 Acc:0.4375000	 Mean_Total:0.7934180
2021-03-20 21:06:23,439 -   579 /   966 (59.9%):	 Total:0.9724309	 Acc:0.3750000	 Mean_Total:0.8042189
2021-03-20 21:06:27,249 -   772 /   966 (79.9%):	 Total:1.9047203	 Acc:0.2812500	 Mean_Total:0.8056600
2021-03-20 21:06:30,987 -   965 /   966 (99.9%):	 Total:0.6149543	 Acc:0.2812500	 Mean_Total:0.8167562
2021-03-20 21:06:31,062 - 
===============================|    epoch 63   |===============================

2021-03-20 21:06:31,287 -     0 /   966 (0.0%):	 Total:0.5935627	 Acc:0.3437500	 Mean_Total:0.5935627
2021-03-20 21:06:35,008 -   193 /   966 (20.0%):	 Total:0.2754228	 Acc:0.4062500	 Mean_Total:0.7455320
2021-03-20 21:06:38,817 -   386 /   966 (40.0%):	 Total:0.7617157	 Acc:0.3437500	 Mean_Total:0.7598629
2021-03-20 21:06:42,570 -   579 /   966 (59.9%):	 Total:0.7269106	 Acc:0.1875000	 Mean_Total:0.7818627
2021-03-20 21:06:46,368 -   772 /   966 (79.9%):	 Total:0.9888602	 Acc:0.2812500	 Mean_Total:0.8033424
2021-03-20 21:06:50,131 -   965 /   966 (99.9%):	 Total:1.5380132	 Acc:0.1562500	 Mean_Total:0.8125201
2021-03-20 21:06:50,189 - 
===============================|    epoch 64   |===============================

2021-03-20 21:06:50,381 -     0 /   966 (0.0%):	 Total:0.9733981	 Acc:0.3125000	 Mean_Total:0.9733981
2021-03-20 21:06:54,095 -   193 /   966 (20.0%):	 Total:0.5662339	 Acc:0.2500000	 Mean_Total:0.7493301
2021-03-20 21:06:57,855 -   386 /   966 (40.0%):	 Total:1.2659798	 Acc:0.3125000	 Mean_Total:0.7706775
2021-03-20 21:07:01,675 -   579 /   966 (59.9%):	 Total:0.5074519	 Acc:0.2812500	 Mean_Total:0.7843769
2021-03-20 21:07:05,472 -   772 /   966 (79.9%):	 Total:0.7674611	 Acc:0.3437500	 Mean_Total:0.7914336
2021-03-20 21:07:09,214 -   965 /   966 (99.9%):	 Total:0.7665007	 Acc:0.2500000	 Mean_Total:0.8048519
2021-03-20 21:07:09,274 - 
===============================|    epoch 65   |===============================

2021-03-20 21:07:09,460 -     0 /   966 (0.0%):	 Total:0.6952171	 Acc:0.2812500	 Mean_Total:0.6952171
2021-03-20 21:07:13,233 -   193 /   966 (20.0%):	 Total:0.7797673	 Acc:0.2187500	 Mean_Total:0.7427074
2021-03-20 21:07:16,961 -   386 /   966 (40.0%):	 Total:0.9614007	 Acc:0.2812500	 Mean_Total:0.7659435
2021-03-20 21:07:20,634 -   579 /   966 (59.9%):	 Total:0.3441537	 Acc:0.3750000	 Mean_Total:0.7835851
2021-03-20 21:07:24,456 -   772 /   966 (79.9%):	 Total:0.6819983	 Acc:0.3437500	 Mean_Total:0.7993453
2021-03-20 21:07:28,459 -   965 /   966 (99.9%):	 Total:0.6090720	 Acc:0.3750000	 Mean_Total:0.7990585
2021-03-20 21:07:28,520 - 
===============================|    epoch 66   |===============================

2021-03-20 21:07:28,716 -     0 /   966 (0.0%):	 Total:0.6223654	 Acc:0.3437500	 Mean_Total:0.6223654
2021-03-20 21:07:32,473 -   193 /   966 (20.0%):	 Total:0.5583607	 Acc:0.4687500	 Mean_Total:0.7058087
2021-03-20 21:07:36,360 -   386 /   966 (40.0%):	 Total:0.8981246	 Acc:0.3125000	 Mean_Total:0.7483506
2021-03-20 21:07:40,069 -   579 /   966 (59.9%):	 Total:0.6317725	 Acc:0.1875000	 Mean_Total:0.7640141
2021-03-20 21:07:43,677 -   772 /   966 (79.9%):	 Total:0.8606059	 Acc:0.3437500	 Mean_Total:0.7881445
2021-03-20 21:07:47,474 -   965 /   966 (99.9%):	 Total:0.8019012	 Acc:0.2812500	 Mean_Total:0.8028290
2021-03-20 21:07:47,530 - 
===============================|    epoch 67   |===============================

2021-03-20 21:07:47,744 -     0 /   966 (0.0%):	 Total:0.4333115	 Acc:0.4375000	 Mean_Total:0.4333115
2021-03-20 21:07:51,449 -   193 /   966 (20.0%):	 Total:0.7673119	 Acc:0.2812500	 Mean_Total:0.7166869
2021-03-20 21:07:55,146 -   386 /   966 (40.0%):	 Total:0.6655794	 Acc:0.3125000	 Mean_Total:0.7390508
2021-03-20 21:07:58,895 -   579 /   966 (59.9%):	 Total:0.5794512	 Acc:0.2812500	 Mean_Total:0.7637884
2021-03-20 21:08:02,596 -   772 /   966 (79.9%):	 Total:1.3730595	 Acc:0.2187500	 Mean_Total:0.7946246
2021-03-20 21:08:06,373 -   965 /   966 (99.9%):	 Total:0.6022308	 Acc:0.3125000	 Mean_Total:0.8084904
2021-03-20 21:08:06,446 - 
===============================|    epoch 68   |===============================

2021-03-20 21:08:06,665 -     0 /   966 (0.0%):	 Total:0.4467764	 Acc:0.3437500	 Mean_Total:0.4467764
2021-03-20 21:08:10,285 -   193 /   966 (20.0%):	 Total:0.5605159	 Acc:0.3750000	 Mean_Total:0.7207311
2021-03-20 21:08:14,135 -   386 /   966 (40.0%):	 Total:0.8198647	 Acc:0.2500000	 Mean_Total:0.7667451
2021-03-20 21:08:17,790 -   579 /   966 (59.9%):	 Total:0.9684468	 Acc:0.2812500	 Mean_Total:0.7735705
2021-03-20 21:08:21,649 -   772 /   966 (79.9%):	 Total:0.8883654	 Acc:0.2812500	 Mean_Total:0.7847585
2021-03-20 21:08:25,521 -   965 /   966 (99.9%):	 Total:1.2927034	 Acc:0.2500000	 Mean_Total:0.8017874
2021-03-20 21:08:25,582 - 
===============================|    epoch 69   |===============================

2021-03-20 21:08:25,809 -     0 /   966 (0.0%):	 Total:0.5479454	 Acc:0.2812500	 Mean_Total:0.5479454
2021-03-20 21:08:29,611 -   193 /   966 (20.0%):	 Total:1.0084757	 Acc:0.1562500	 Mean_Total:0.7105821
2021-03-20 21:08:33,366 -   386 /   966 (40.0%):	 Total:0.7600358	 Acc:0.2500000	 Mean_Total:0.7509803
2021-03-20 21:08:36,970 -   579 /   966 (59.9%):	 Total:0.5039545	 Acc:0.3750000	 Mean_Total:0.7755803
2021-03-20 21:08:40,650 -   772 /   966 (79.9%):	 Total:1.5199903	 Acc:0.3437500	 Mean_Total:0.7852854
2021-03-20 21:08:44,441 -   965 /   966 (99.9%):	 Total:0.6008674	 Acc:0.5000000	 Mean_Total:0.7943313
2021-03-20 21:08:44,510 - 
===============================|    epoch 70   |===============================

2021-03-20 21:08:44,764 -     0 /   966 (0.0%):	 Total:0.5653101	 Acc:0.3750000	 Mean_Total:0.5653101
2021-03-20 21:08:48,576 -   193 /   966 (20.0%):	 Total:0.8021359	 Acc:0.2500000	 Mean_Total:0.7306970
2021-03-20 21:08:52,361 -   386 /   966 (40.0%):	 Total:1.0875540	 Acc:0.2500000	 Mean_Total:0.7630623
2021-03-20 21:08:56,178 -   579 /   966 (59.9%):	 Total:0.9758086	 Acc:0.3437500	 Mean_Total:0.7876519
2021-03-20 21:09:00,094 -   772 /   966 (79.9%):	 Total:1.1834441	 Acc:0.1875000	 Mean_Total:0.7869018
2021-03-20 21:09:03,622 -   965 /   966 (99.9%):	 Total:0.8637437	 Acc:0.2187500	 Mean_Total:0.8055311
2021-03-20 21:09:04,888 - 
===============================| start validation |===============================

2021-03-20 21:09:04,889 - 	 Total:1.7953222	 Acc:0.2028274
2021-03-20 21:09:04,892 -    ini file updated    
2021-03-20 21:09:04,892 - 
===============================|    epoch 71   |===============================

2021-03-20 21:09:05,109 -     0 /   966 (0.0%):	 Total:0.3799197	 Acc:0.4062500	 Mean_Total:0.3799197
2021-03-20 21:09:08,452 -   193 /   966 (20.0%):	 Total:1.3546572	 Acc:0.2500000	 Mean_Total:0.7220096
2021-03-20 21:09:11,713 -   386 /   966 (40.0%):	 Total:0.7436686	 Acc:0.4062500	 Mean_Total:0.7363627
2021-03-20 21:09:15,077 -   579 /   966 (59.9%):	 Total:0.7767050	 Acc:0.4062500	 Mean_Total:0.7576135
2021-03-20 21:09:18,462 -   772 /   966 (79.9%):	 Total:1.1944275	 Acc:0.2187500	 Mean_Total:0.7826027
2021-03-20 21:09:22,148 -   965 /   966 (99.9%):	 Total:0.4809630	 Acc:0.2187500	 Mean_Total:0.7962395
2021-03-20 21:09:22,203 - 
===============================|    epoch 72   |===============================

2021-03-20 21:09:22,419 -     0 /   966 (0.0%):	 Total:0.7712694	 Acc:0.2187500	 Mean_Total:0.7712694
2021-03-20 21:09:25,842 -   193 /   966 (20.0%):	 Total:0.4084889	 Acc:0.3437500	 Mean_Total:0.7383292
2021-03-20 21:09:29,223 -   386 /   966 (40.0%):	 Total:0.6768323	 Acc:0.3125000	 Mean_Total:0.7484395
2021-03-20 21:09:32,642 -   579 /   966 (59.9%):	 Total:0.9308354	 Acc:0.3437500	 Mean_Total:0.7693891
2021-03-20 21:09:35,908 -   772 /   966 (79.9%):	 Total:0.4753917	 Acc:0.2500000	 Mean_Total:0.7796946
2021-03-20 21:09:39,146 -   965 /   966 (99.9%):	 Total:0.7647576	 Acc:0.2500000	 Mean_Total:0.7992753
2021-03-20 21:09:39,209 - 
===============================|    epoch 73   |===============================

2021-03-20 21:09:39,412 -     0 /   966 (0.0%):	 Total:0.7111068	 Acc:0.3437500	 Mean_Total:0.7111068
2021-03-20 21:09:42,763 -   193 /   966 (20.0%):	 Total:0.5807034	 Acc:0.2812500	 Mean_Total:0.7360788
2021-03-20 21:09:46,011 -   386 /   966 (40.0%):	 Total:0.5172532	 Acc:0.3125000	 Mean_Total:0.7591353
2021-03-20 21:09:49,356 -   579 /   966 (59.9%):	 Total:0.5405585	 Acc:0.1875000	 Mean_Total:0.7729122
2021-03-20 21:09:52,614 -   772 /   966 (79.9%):	 Total:1.2660774	 Acc:0.2187500	 Mean_Total:0.7865068
2021-03-20 21:09:55,886 -   965 /   966 (99.9%):	 Total:0.8266255	 Acc:0.3750000	 Mean_Total:0.7998219
2021-03-20 21:09:55,940 - 
===============================|    epoch 74   |===============================

2021-03-20 21:09:56,148 -     0 /   966 (0.0%):	 Total:0.4279302	 Acc:0.3125000	 Mean_Total:0.4279302
2021-03-20 21:09:59,444 -   193 /   966 (20.0%):	 Total:0.4366832	 Acc:0.3125000	 Mean_Total:0.7434534
2021-03-20 21:10:02,843 -   386 /   966 (40.0%):	 Total:0.9079188	 Acc:0.1250000	 Mean_Total:0.7479958
2021-03-20 21:10:06,283 -   579 /   966 (59.9%):	 Total:0.6267133	 Acc:0.2812500	 Mean_Total:0.7616726
2021-03-20 21:10:09,608 -   772 /   966 (79.9%):	 Total:1.1195520	 Acc:0.2812500	 Mean_Total:0.7782261
2021-03-20 21:10:12,974 -   965 /   966 (99.9%):	 Total:0.5132550	 Acc:0.2187500	 Mean_Total:0.7915116
2021-03-20 21:10:13,030 - 
===============================|    epoch 75   |===============================

2021-03-20 21:10:13,245 -     0 /   966 (0.0%):	 Total:0.4897985	 Acc:0.3750000	 Mean_Total:0.4897985
2021-03-20 21:10:16,551 -   193 /   966 (20.0%):	 Total:0.7894984	 Acc:0.2812500	 Mean_Total:0.7273641
2021-03-20 21:10:19,775 -   386 /   966 (40.0%):	 Total:0.4651783	 Acc:0.4062500	 Mean_Total:0.7545705
2021-03-20 21:10:23,105 -   579 /   966 (59.9%):	 Total:0.9204351	 Acc:0.3750000	 Mean_Total:0.7754201
2021-03-20 21:10:26,552 -   772 /   966 (79.9%):	 Total:0.5791745	 Acc:0.3750000	 Mean_Total:0.7864964
2021-03-20 21:10:30,023 -   965 /   966 (99.9%):	 Total:0.5775298	 Acc:0.2812500	 Mean_Total:0.7962444
2021-03-20 21:10:30,092 - 
===============================|    epoch 76   |===============================

2021-03-20 21:10:30,315 -     0 /   966 (0.0%):	 Total:0.9268862	 Acc:0.1875000	 Mean_Total:0.9268862
2021-03-20 21:10:33,755 -   193 /   966 (20.0%):	 Total:0.7658586	 Acc:0.2812500	 Mean_Total:0.6978589
2021-03-20 21:10:37,067 -   386 /   966 (40.0%):	 Total:0.8834347	 Acc:0.2812500	 Mean_Total:0.7327816
2021-03-20 21:10:40,248 -   579 /   966 (59.9%):	 Total:0.8252831	 Acc:0.2500000	 Mean_Total:0.7587142
2021-03-20 21:10:43,453 -   772 /   966 (79.9%):	 Total:1.0247754	 Acc:0.2500000	 Mean_Total:0.7826757
2021-03-20 21:10:46,632 -   965 /   966 (99.9%):	 Total:0.8211094	 Acc:0.2500000	 Mean_Total:0.7891090
2021-03-20 21:10:46,692 - 
===============================|    epoch 77   |===============================

2021-03-20 21:10:46,885 -     0 /   966 (0.0%):	 Total:0.7797797	 Acc:0.3437500	 Mean_Total:0.7797797
2021-03-20 21:10:50,077 -   193 /   966 (20.0%):	 Total:0.5700243	 Acc:0.3125000	 Mean_Total:0.7128857
2021-03-20 21:10:53,278 -   386 /   966 (40.0%):	 Total:0.3952574	 Acc:0.3750000	 Mean_Total:0.7424649
2021-03-20 21:10:56,407 -   579 /   966 (59.9%):	 Total:0.8514723	 Acc:0.3125000	 Mean_Total:0.7553979
2021-03-20 21:10:59,483 -   772 /   966 (79.9%):	 Total:0.6378276	 Acc:0.3750000	 Mean_Total:0.7721451
2021-03-20 21:11:02,380 -   965 /   966 (99.9%):	 Total:0.5931095	 Acc:0.2500000	 Mean_Total:0.7881579
2021-03-20 21:11:02,452 - 
===============================|    epoch 78   |===============================

2021-03-20 21:11:02,651 -     0 /   966 (0.0%):	 Total:0.4150140	 Acc:0.4375000	 Mean_Total:0.4150140
2021-03-20 21:11:05,586 -   193 /   966 (20.0%):	 Total:0.4899643	 Acc:0.3125000	 Mean_Total:0.7398832
2021-03-20 21:11:08,595 -   386 /   966 (40.0%):	 Total:0.7515748	 Acc:0.4062500	 Mean_Total:0.7600584
2021-03-20 21:11:11,537 -   579 /   966 (59.9%):	 Total:0.6712030	 Acc:0.2500000	 Mean_Total:0.7766596
2021-03-20 21:11:14,631 -   772 /   966 (79.9%):	 Total:1.6276535	 Acc:0.1875000	 Mean_Total:0.7914294
2021-03-20 21:11:17,633 -   965 /   966 (99.9%):	 Total:0.8430882	 Acc:0.2812500	 Mean_Total:0.7981173
2021-03-20 21:11:17,687 - 
===============================|    epoch 79   |===============================

2021-03-20 21:11:17,878 -     0 /   966 (0.0%):	 Total:0.5595478	 Acc:0.2187500	 Mean_Total:0.5595478
2021-03-20 21:11:20,872 -   193 /   966 (20.0%):	 Total:1.0944459	 Acc:0.3437500	 Mean_Total:0.7212750
2021-03-20 21:11:23,778 -   386 /   966 (40.0%):	 Total:0.6114084	 Acc:0.3437500	 Mean_Total:0.7574561
2021-03-20 21:11:26,686 -   579 /   966 (59.9%):	 Total:1.2021658	 Acc:0.2812500	 Mean_Total:0.7739857
2021-03-20 21:11:29,734 -   772 /   966 (79.9%):	 Total:0.8405632	 Acc:0.3125000	 Mean_Total:0.7865426
2021-03-20 21:11:32,743 -   965 /   966 (99.9%):	 Total:1.3215830	 Acc:0.3125000	 Mean_Total:0.7958984
2021-03-20 21:11:32,805 - 
===============================|    epoch 80   |===============================

2021-03-20 21:11:33,032 -     0 /   966 (0.0%):	 Total:0.4697054	 Acc:0.3125000	 Mean_Total:0.4697054
2021-03-20 21:11:36,142 -   193 /   966 (20.0%):	 Total:0.6617565	 Acc:0.3437500	 Mean_Total:0.7283569
2021-03-20 21:11:39,081 -   386 /   966 (40.0%):	 Total:1.4199367	 Acc:0.3437500	 Mean_Total:0.7408021
2021-03-20 21:11:42,102 -   579 /   966 (59.9%):	 Total:0.9104539	 Acc:0.2500000	 Mean_Total:0.7613294
2021-03-20 21:11:45,200 -   772 /   966 (79.9%):	 Total:0.7576017	 Acc:0.3125000	 Mean_Total:0.7699689
2021-03-20 21:11:48,149 -   965 /   966 (99.9%):	 Total:0.6534742	 Acc:0.1250000	 Mean_Total:0.7842724
2021-03-20 21:11:49,285 - 
===============================| start validation |===============================

2021-03-20 21:11:49,286 - 	 Total:1.7711311	 Acc:0.2016484
2021-03-20 21:11:49,289 -    ini file updated    
2021-03-20 21:11:49,290 - 
===============================|    epoch 81   |===============================

2021-03-20 21:11:49,503 -     0 /   966 (0.0%):	 Total:0.8837796	 Acc:0.1250000	 Mean_Total:0.8837796
2021-03-20 21:11:52,695 -   193 /   966 (20.0%):	 Total:0.7479440	 Acc:0.4062500	 Mean_Total:0.7081578
2021-03-20 21:11:55,605 -   386 /   966 (40.0%):	 Total:0.5869458	 Acc:0.3750000	 Mean_Total:0.7278102
2021-03-20 21:11:58,584 -   579 /   966 (59.9%):	 Total:0.6899414	 Acc:0.2812500	 Mean_Total:0.7552664
2021-03-20 21:12:01,531 -   772 /   966 (79.9%):	 Total:0.9288619	 Acc:0.1875000	 Mean_Total:0.7672434
2021-03-20 21:12:04,418 -   965 /   966 (99.9%):	 Total:0.7293319	 Acc:0.2500000	 Mean_Total:0.7833435
2021-03-20 21:12:04,481 - 
===============================|    epoch 82   |===============================

2021-03-20 21:12:04,682 -     0 /   966 (0.0%):	 Total:0.8088284	 Acc:0.3437500	 Mean_Total:0.8088284
2021-03-20 21:12:07,657 -   193 /   966 (20.0%):	 Total:0.6338106	 Acc:0.4062500	 Mean_Total:0.7180709
2021-03-20 21:12:10,687 -   386 /   966 (40.0%):	 Total:1.0367690	 Acc:0.3125000	 Mean_Total:0.7289001
2021-03-20 21:12:13,749 -   579 /   966 (59.9%):	 Total:0.9865147	 Acc:0.2500000	 Mean_Total:0.7486431
2021-03-20 21:12:16,752 -   772 /   966 (79.9%):	 Total:0.9937200	 Acc:0.2500000	 Mean_Total:0.7697080
2021-03-20 21:12:19,676 -   965 /   966 (99.9%):	 Total:1.5079501	 Acc:0.2812500	 Mean_Total:0.7833726
2021-03-20 21:12:19,737 - 
===============================|    epoch 83   |===============================

2021-03-20 21:12:19,946 -     0 /   966 (0.0%):	 Total:0.7079433	 Acc:0.3437500	 Mean_Total:0.7079433
2021-03-20 21:12:22,887 -   193 /   966 (20.0%):	 Total:0.9102029	 Acc:0.2812500	 Mean_Total:0.7404370
2021-03-20 21:12:25,898 -   386 /   966 (40.0%):	 Total:0.8826876	 Acc:0.3125000	 Mean_Total:0.7464277
2021-03-20 21:12:28,850 -   579 /   966 (59.9%):	 Total:0.6260496	 Acc:0.2812500	 Mean_Total:0.7644055
2021-03-20 21:12:31,835 -   772 /   966 (79.9%):	 Total:0.7223162	 Acc:0.3750000	 Mean_Total:0.7770348
2021-03-20 21:12:34,655 -   965 /   966 (99.9%):	 Total:0.5745136	 Acc:0.3750000	 Mean_Total:0.7877010
2021-03-20 21:12:34,707 - 
===============================|    epoch 84   |===============================

2021-03-20 21:12:34,931 -     0 /   966 (0.0%):	 Total:0.3694649	 Acc:0.4375000	 Mean_Total:0.3694649
2021-03-20 21:12:37,760 -   193 /   966 (20.0%):	 Total:1.1612566	 Acc:0.1562500	 Mean_Total:0.7063514
2021-03-20 21:12:40,595 -   386 /   966 (40.0%):	 Total:0.8551182	 Acc:0.2187500	 Mean_Total:0.7322890
2021-03-20 21:12:43,448 -   579 /   966 (59.9%):	 Total:0.3693196	 Acc:0.4687500	 Mean_Total:0.7559226
2021-03-20 21:12:46,432 -   772 /   966 (79.9%):	 Total:1.5683844	 Acc:0.2500000	 Mean_Total:0.7689758
2021-03-20 21:12:49,281 -   965 /   966 (99.9%):	 Total:1.2021780	 Acc:0.3125000	 Mean_Total:0.7815132
2021-03-20 21:12:49,343 - 
===============================|    epoch 85   |===============================

2021-03-20 21:12:49,550 -     0 /   966 (0.0%):	 Total:0.6910451	 Acc:0.2187500	 Mean_Total:0.6910451
2021-03-20 21:12:52,442 -   193 /   966 (20.0%):	 Total:0.7995908	 Acc:0.3437500	 Mean_Total:0.7343196
2021-03-20 21:12:55,394 -   386 /   966 (40.0%):	 Total:0.5230215	 Acc:0.3125000	 Mean_Total:0.7457849
2021-03-20 21:12:58,341 -   579 /   966 (59.9%):	 Total:0.3788132	 Acc:0.4375000	 Mean_Total:0.7635948
2021-03-20 21:13:01,327 -   772 /   966 (79.9%):	 Total:0.7434809	 Acc:0.2812500	 Mean_Total:0.7805235
2021-03-20 21:13:04,155 -   965 /   966 (99.9%):	 Total:0.6989851	 Acc:0.3125000	 Mean_Total:0.7844415
2021-03-20 21:13:04,219 - 
===============================|    epoch 86   |===============================

2021-03-20 21:13:04,438 -     0 /   966 (0.0%):	 Total:0.6059489	 Acc:0.3125000	 Mean_Total:0.6059489
2021-03-20 21:13:07,328 -   193 /   966 (20.0%):	 Total:0.6151325	 Acc:0.3750000	 Mean_Total:0.7196791
2021-03-20 21:13:10,287 -   386 /   966 (40.0%):	 Total:0.8025019	 Acc:0.2500000	 Mean_Total:0.7400564
2021-03-20 21:13:13,239 -   579 /   966 (59.9%):	 Total:0.5754650	 Acc:0.3125000	 Mean_Total:0.7523425
2021-03-20 21:13:16,141 -   772 /   966 (79.9%):	 Total:0.9992969	 Acc:0.3125000	 Mean_Total:0.7766807
2021-03-20 21:13:19,008 -   965 /   966 (99.9%):	 Total:1.2341497	 Acc:0.3125000	 Mean_Total:0.7892937
2021-03-20 21:13:19,076 - 
===============================|    epoch 87   |===============================

2021-03-20 21:13:19,287 -     0 /   966 (0.0%):	 Total:0.9991633	 Acc:0.4375000	 Mean_Total:0.9991633
2021-03-20 21:13:22,226 -   193 /   966 (20.0%):	 Total:0.7071834	 Acc:0.3750000	 Mean_Total:0.7228935
2021-03-20 21:13:25,153 -   386 /   966 (40.0%):	 Total:1.0340762	 Acc:0.4062500	 Mean_Total:0.7459487
2021-03-20 21:13:28,064 -   579 /   966 (59.9%):	 Total:1.1364744	 Acc:0.2187500	 Mean_Total:0.7610598
2021-03-20 21:13:30,939 -   772 /   966 (79.9%):	 Total:0.8985314	 Acc:0.1875000	 Mean_Total:0.7699750
2021-03-20 21:13:33,855 -   965 /   966 (99.9%):	 Total:1.1155431	 Acc:0.2812500	 Mean_Total:0.7808269
2021-03-20 21:13:33,908 - 
===============================|    epoch 88   |===============================

2021-03-20 21:13:34,116 -     0 /   966 (0.0%):	 Total:0.8400334	 Acc:0.1250000	 Mean_Total:0.8400334
2021-03-20 21:13:37,065 -   193 /   966 (20.0%):	 Total:0.8881694	 Acc:0.1875000	 Mean_Total:0.7036649
2021-03-20 21:13:40,081 -   386 /   966 (40.0%):	 Total:0.5034705	 Acc:0.2500000	 Mean_Total:0.7378581
2021-03-20 21:13:43,008 -   579 /   966 (59.9%):	 Total:0.7270563	 Acc:0.4062500	 Mean_Total:0.7576140
2021-03-20 21:13:45,929 -   772 /   966 (79.9%):	 Total:0.9760926	 Acc:0.2812500	 Mean_Total:0.7654209
2021-03-20 21:13:48,725 -   965 /   966 (99.9%):	 Total:0.8047484	 Acc:0.3125000	 Mean_Total:0.7679215
2021-03-20 21:13:48,786 - 
===============================|    epoch 89   |===============================

2021-03-20 21:13:49,027 -     0 /   966 (0.0%):	 Total:0.5715444	 Acc:0.2500000	 Mean_Total:0.5715444
2021-03-20 21:13:51,983 -   193 /   966 (20.0%):	 Total:0.3699728	 Acc:0.4375000	 Mean_Total:0.7230147
2021-03-20 21:13:54,936 -   386 /   966 (40.0%):	 Total:0.9628242	 Acc:0.2500000	 Mean_Total:0.7335789
2021-03-20 21:13:57,880 -   579 /   966 (59.9%):	 Total:0.8670182	 Acc:0.4375000	 Mean_Total:0.7518323
2021-03-20 21:14:00,791 -   772 /   966 (79.9%):	 Total:1.2272851	 Acc:0.4062500	 Mean_Total:0.7741904
2021-03-20 21:14:03,723 -   965 /   966 (99.9%):	 Total:1.2343624	 Acc:0.3125000	 Mean_Total:0.7799646
2021-03-20 21:14:03,780 - 
===============================|    epoch 90   |===============================

2021-03-20 21:14:03,972 -     0 /   966 (0.0%):	 Total:0.5449983	 Acc:0.4062500	 Mean_Total:0.5449983
2021-03-20 21:14:06,849 -   193 /   966 (20.0%):	 Total:0.4126396	 Acc:0.3750000	 Mean_Total:0.7077837
2021-03-20 21:14:09,678 -   386 /   966 (40.0%):	 Total:0.4547440	 Acc:0.2812500	 Mean_Total:0.7307834
2021-03-20 21:14:12,636 -   579 /   966 (59.9%):	 Total:0.6784697	 Acc:0.2812500	 Mean_Total:0.7513528
2021-03-20 21:14:15,517 -   772 /   966 (79.9%):	 Total:0.6981498	 Acc:0.2187500	 Mean_Total:0.7656056
2021-03-20 21:14:18,425 -   965 /   966 (99.9%):	 Total:0.4636610	 Acc:0.3125000	 Mean_Total:0.7808607
2021-03-20 21:14:19,483 - 
===============================| start validation |===============================

2021-03-20 21:14:19,484 - 	 Total:1.8178323	 Acc:0.2040177
2021-03-20 21:14:19,486 -    ini file updated    
2021-03-20 21:14:19,487 - 
===============================|    epoch 91   |===============================

2021-03-20 21:14:19,673 -     0 /   966 (0.0%):	 Total:1.0394459	 Acc:0.3125000	 Mean_Total:1.0394459
2021-03-20 21:14:22,546 -   193 /   966 (20.0%):	 Total:0.8160068	 Acc:0.3125000	 Mean_Total:0.7041636
2021-03-20 21:14:25,517 -   386 /   966 (40.0%):	 Total:1.0695262	 Acc:0.2500000	 Mean_Total:0.7208230
2021-03-20 21:14:28,453 -   579 /   966 (59.9%):	 Total:0.7785431	 Acc:0.3437500	 Mean_Total:0.7410032
2021-03-20 21:14:31,256 -   772 /   966 (79.9%):	 Total:0.6927242	 Acc:0.1250000	 Mean_Total:0.7543532
2021-03-20 21:14:34,057 -   965 /   966 (99.9%):	 Total:0.7116045	 Acc:0.3437500	 Mean_Total:0.7704069
2021-03-20 21:14:34,113 - 
===============================|    epoch 92   |===============================

2021-03-20 21:14:34,308 -     0 /   966 (0.0%):	 Total:0.5174298	 Acc:0.3125000	 Mean_Total:0.5174298
2021-03-20 21:14:37,166 -   193 /   966 (20.0%):	 Total:0.6500055	 Acc:0.2812500	 Mean_Total:0.6963669
2021-03-20 21:14:40,112 -   386 /   966 (40.0%):	 Total:0.7900949	 Acc:0.3437500	 Mean_Total:0.7323198
2021-03-20 21:14:43,118 -   579 /   966 (59.9%):	 Total:0.8579949	 Acc:0.3750000	 Mean_Total:0.7496371
2021-03-20 21:14:45,981 -   772 /   966 (79.9%):	 Total:0.6707199	 Acc:0.4062500	 Mean_Total:0.7597384
2021-03-20 21:14:48,966 -   965 /   966 (99.9%):	 Total:0.4192796	 Acc:0.3750000	 Mean_Total:0.7719755
2021-03-20 21:14:49,020 - 
===============================|    epoch 93   |===============================

2021-03-20 21:14:49,225 -     0 /   966 (0.0%):	 Total:0.4747010	 Acc:0.3437500	 Mean_Total:0.4747010
2021-03-20 21:14:52,298 -   193 /   966 (20.0%):	 Total:0.6116536	 Acc:0.3125000	 Mean_Total:0.7344773
2021-03-20 21:14:55,240 -   386 /   966 (40.0%):	 Total:0.2939067	 Acc:0.5000000	 Mean_Total:0.7395814
2021-03-20 21:14:58,221 -   579 /   966 (59.9%):	 Total:0.7081831	 Acc:0.2187500	 Mean_Total:0.7586695
2021-03-20 21:15:01,089 -   772 /   966 (79.9%):	 Total:0.6540773	 Acc:0.4375000	 Mean_Total:0.7676910
2021-03-20 21:15:03,938 -   965 /   966 (99.9%):	 Total:0.9529246	 Acc:0.2500000	 Mean_Total:0.7676680
2021-03-20 21:15:04,004 - 
===============================|    epoch 94   |===============================

2021-03-20 21:15:04,217 -     0 /   966 (0.0%):	 Total:0.5975910	 Acc:0.1875000	 Mean_Total:0.5975910
2021-03-20 21:15:07,083 -   193 /   966 (20.0%):	 Total:0.3989748	 Acc:0.3437500	 Mean_Total:0.7213844
2021-03-20 21:15:10,001 -   386 /   966 (40.0%):	 Total:0.6948783	 Acc:0.2812500	 Mean_Total:0.7497130
2021-03-20 21:15:13,020 -   579 /   966 (59.9%):	 Total:0.5848967	 Acc:0.3750000	 Mean_Total:0.7582001
2021-03-20 21:15:15,872 -   772 /   966 (79.9%):	 Total:0.7186530	 Acc:0.3750000	 Mean_Total:0.7672675
2021-03-20 21:15:18,643 -   965 /   966 (99.9%):	 Total:1.1966751	 Acc:0.2812500	 Mean_Total:0.7766973
2021-03-20 21:15:18,705 - 
===============================|    epoch 95   |===============================

2021-03-20 21:15:18,942 -     0 /   966 (0.0%):	 Total:0.3571786	 Acc:0.5000000	 Mean_Total:0.3571786
2021-03-20 21:15:21,842 -   193 /   966 (20.0%):	 Total:0.8223134	 Acc:0.2812500	 Mean_Total:0.7194970
2021-03-20 21:15:24,734 -   386 /   966 (40.0%):	 Total:0.5287354	 Acc:0.2812500	 Mean_Total:0.7268553
2021-03-20 21:15:27,698 -   579 /   966 (59.9%):	 Total:0.8061310	 Acc:0.3125000	 Mean_Total:0.7444952
2021-03-20 21:15:30,723 -   772 /   966 (79.9%):	 Total:0.9739242	 Acc:0.3125000	 Mean_Total:0.7531311
2021-03-20 21:15:33,617 -   965 /   966 (99.9%):	 Total:0.9413469	 Acc:0.2187500	 Mean_Total:0.7693977
2021-03-20 21:15:33,669 - 
===============================|    epoch 96   |===============================

2021-03-20 21:15:33,855 -     0 /   966 (0.0%):	 Total:1.0234653	 Acc:0.2187500	 Mean_Total:1.0234653
2021-03-20 21:15:36,685 -   193 /   966 (20.0%):	 Total:0.7946736	 Acc:0.2500000	 Mean_Total:0.7058372
2021-03-20 21:15:39,551 -   386 /   966 (40.0%):	 Total:0.6894202	 Acc:0.3125000	 Mean_Total:0.7250758
2021-03-20 21:15:42,705 -   579 /   966 (59.9%):	 Total:0.5015177	 Acc:0.3750000	 Mean_Total:0.7486934
2021-03-20 21:15:45,524 -   772 /   966 (79.9%):	 Total:0.6196249	 Acc:0.3125000	 Mean_Total:0.7584848
2021-03-20 21:15:48,325 -   965 /   966 (99.9%):	 Total:1.3517449	 Acc:0.1875000	 Mean_Total:0.7726467
2021-03-20 21:15:48,382 - 
===============================|    epoch 97   |===============================

2021-03-20 21:15:48,593 -     0 /   966 (0.0%):	 Total:0.9999945	 Acc:0.2187500	 Mean_Total:0.9999945
2021-03-20 21:15:51,469 -   193 /   966 (20.0%):	 Total:0.7506666	 Acc:0.3750000	 Mean_Total:0.6900509
2021-03-20 21:15:54,430 -   386 /   966 (40.0%):	 Total:1.3632859	 Acc:0.3125000	 Mean_Total:0.7395518
2021-03-20 21:15:57,440 -   579 /   966 (59.9%):	 Total:1.0369005	 Acc:0.3437500	 Mean_Total:0.7521402
2021-03-20 21:16:00,255 -   772 /   966 (79.9%):	 Total:0.5555840	 Acc:0.3125000	 Mean_Total:0.7649799
2021-03-20 21:16:03,165 -   965 /   966 (99.9%):	 Total:0.8579661	 Acc:0.2812500	 Mean_Total:0.7731186
2021-03-20 21:16:03,218 - 
===============================|    epoch 98   |===============================

2021-03-20 21:16:03,412 -     0 /   966 (0.0%):	 Total:0.6537616	 Acc:0.5000000	 Mean_Total:0.6537616
2021-03-20 21:16:06,461 -   193 /   966 (20.0%):	 Total:0.4657038	 Acc:0.3125000	 Mean_Total:0.7324522
2021-03-20 21:16:09,335 -   386 /   966 (40.0%):	 Total:0.7926016	 Acc:0.3125000	 Mean_Total:0.7514463
2021-03-20 21:16:12,175 -   579 /   966 (59.9%):	 Total:0.9196632	 Acc:0.3125000	 Mean_Total:0.7646996
2021-03-20 21:16:15,132 -   772 /   966 (79.9%):	 Total:1.0461974	 Acc:0.2500000	 Mean_Total:0.7681178
2021-03-20 21:16:18,166 -   965 /   966 (99.9%):	 Total:0.9132445	 Acc:0.2187500	 Mean_Total:0.7756950
2021-03-20 21:16:18,220 - 
===============================|    epoch 99   |===============================

2021-03-20 21:16:18,424 -     0 /   966 (0.0%):	 Total:0.5402813	 Acc:0.5312500	 Mean_Total:0.5402813
2021-03-20 21:16:21,218 -   193 /   966 (20.0%):	 Total:0.6110626	 Acc:0.3437500	 Mean_Total:0.7148817
2021-03-20 21:16:24,128 -   386 /   966 (40.0%):	 Total:0.7561297	 Acc:0.4062500	 Mean_Total:0.7412698
2021-03-20 21:16:26,993 -   579 /   966 (59.9%):	 Total:0.6945713	 Acc:0.2812500	 Mean_Total:0.7538369
2021-03-20 21:16:29,899 -   772 /   966 (79.9%):	 Total:0.5765287	 Acc:0.2812500	 Mean_Total:0.7618734
2021-03-20 21:16:32,744 -   965 /   966 (99.9%):	 Total:0.9314157	 Acc:0.2187500	 Mean_Total:0.7770273
2021-03-20 21:16:32,796 - 
===============================|    epoch 100   |===============================

2021-03-20 21:16:32,994 -     0 /   966 (0.0%):	 Total:1.3399237	 Acc:0.1562500	 Mean_Total:1.3399237
2021-03-20 21:16:35,755 -   193 /   966 (20.0%):	 Total:0.8509681	 Acc:0.3437500	 Mean_Total:0.7219390
2021-03-20 21:16:38,653 -   386 /   966 (40.0%):	 Total:0.7559283	 Acc:0.2500000	 Mean_Total:0.7237116
2021-03-20 21:16:41,514 -   579 /   966 (59.9%):	 Total:1.6721871	 Acc:0.2187500	 Mean_Total:0.7468764
2021-03-20 21:16:44,534 -   772 /   966 (79.9%):	 Total:0.5592983	 Acc:0.3750000	 Mean_Total:0.7644689
2021-03-20 21:16:47,381 -   965 /   966 (99.9%):	 Total:0.7364524	 Acc:0.3125000	 Mean_Total:0.7724769
2021-03-20 21:16:48,450 - 
===============================| start validation |===============================

2021-03-20 21:16:48,452 - 	 Total:1.8038464	 Acc:0.2004581
2021-03-20 21:16:48,455 -    ini file updated    
2021-03-20 21:16:48,455 - <<<<<<<<<<< Early Stopping >>>>>>>>>>
