2021-03-20 20:49:49,151 - 
===============================|    epoch 0   |===============================

2021-03-20 20:49:50,313 -     0 /   966 (0.0%):	 Total:2.8763525	 Acc:0.1562500	 Mean_Total:2.8763525
2021-03-20 20:49:54,075 -   193 /   966 (20.0%):	 Total:3.2970543	 Acc:0.1875000	 Mean_Total:2.8637311
2021-03-20 20:49:57,732 -   386 /   966 (40.0%):	 Total:4.0849371	 Acc:0.0937500	 Mean_Total:2.8233550
2021-03-20 20:50:01,448 -   579 /   966 (59.9%):	 Total:2.4564335	 Acc:0.1562500	 Mean_Total:2.8210240
2021-03-20 20:50:05,071 -   772 /   966 (79.9%):	 Total:3.1568434	 Acc:0.1562500	 Mean_Total:2.8533287
2021-03-20 20:50:08,689 -   965 /   966 (99.9%):	 Total:2.6653202	 Acc:0.1612903	 Mean_Total:2.8363397
2021-03-20 20:50:10,064 - 
===============================| start validation |===============================

2021-03-20 20:50:10,065 - 	 Total:2.7340793	 Acc:0.1400654
2021-03-20 20:50:10,068 -    ini file updated    
2021-03-20 20:50:10,081 - Snapshot saved to /data/users/wergillius/UTR_VAE/pth/RL_regressor_ribo/CV_for_rl/3en8-model_best_cv3.pth

2021-03-20 20:50:10,082 -    ini file updated    
2021-03-20 20:50:10,082 - 
===============================|    epoch 1   |===============================

2021-03-20 20:50:10,257 -     0 /   966 (0.0%):	 Total:3.4888663	 Acc:0.1562500	 Mean_Total:3.4888663
2021-03-20 20:50:13,986 -   193 /   966 (20.0%):	 Total:4.1676869	 Acc:0.0625000	 Mean_Total:2.8675704
2021-03-20 20:50:17,653 -   386 /   966 (40.0%):	 Total:3.6573749	 Acc:0.1562500	 Mean_Total:2.8472231
2021-03-20 20:50:21,329 -   579 /   966 (59.9%):	 Total:3.4753881	 Acc:0.1875000	 Mean_Total:2.8337076
2021-03-20 20:50:25,011 -   772 /   966 (79.9%):	 Total:2.2547834	 Acc:0.1875000	 Mean_Total:2.8342503
2021-03-20 20:50:28,754 -   965 /   966 (99.9%):	 Total:3.0834203	 Acc:0.1290323	 Mean_Total:2.8265086
2021-03-20 20:50:28,817 - 
===============================|    epoch 2   |===============================

2021-03-20 20:50:29,029 -     0 /   966 (0.0%):	 Total:2.4302073	 Acc:0.1250000	 Mean_Total:2.4302073
2021-03-20 20:50:32,729 -   193 /   966 (20.0%):	 Total:3.5430527	 Acc:0.0625000	 Mean_Total:2.8570005
2021-03-20 20:50:36,310 -   386 /   966 (40.0%):	 Total:1.4122381	 Acc:0.1562500	 Mean_Total:2.8295114
2021-03-20 20:50:39,949 -   579 /   966 (59.9%):	 Total:2.3421514	 Acc:0.2812500	 Mean_Total:2.8311388
2021-03-20 20:50:43,738 -   772 /   966 (79.9%):	 Total:3.3138885	 Acc:0.1875000	 Mean_Total:2.8317836
2021-03-20 20:50:47,523 -   965 /   966 (99.9%):	 Total:2.3610029	 Acc:0.1290323	 Mean_Total:2.8252376
2021-03-20 20:50:47,591 - 
===============================|    epoch 3   |===============================

2021-03-20 20:50:47,796 -     0 /   966 (0.0%):	 Total:5.5685520	 Acc:0.1250000	 Mean_Total:5.5685520
2021-03-20 20:50:51,438 -   193 /   966 (20.0%):	 Total:1.4895957	 Acc:0.1562500	 Mean_Total:2.8025288
2021-03-20 20:50:55,011 -   386 /   966 (40.0%):	 Total:2.0705166	 Acc:0.1250000	 Mean_Total:2.7760202
2021-03-20 20:50:58,577 -   579 /   966 (59.9%):	 Total:2.9513676	 Acc:0.0312500	 Mean_Total:2.8058866
2021-03-20 20:51:02,374 -   772 /   966 (79.9%):	 Total:2.0864148	 Acc:0.2187500	 Mean_Total:2.8093417
2021-03-20 20:51:06,006 -   965 /   966 (99.9%):	 Total:2.9916065	 Acc:0.2258065	 Mean_Total:2.8228695
2021-03-20 20:51:06,060 - 
===============================|    epoch 4   |===============================

2021-03-20 20:51:06,239 -     0 /   966 (0.0%):	 Total:2.5483422	 Acc:0.1875000	 Mean_Total:2.5483422
2021-03-20 20:51:09,829 -   193 /   966 (20.0%):	 Total:1.6712689	 Acc:0.1250000	 Mean_Total:2.7706072
2021-03-20 20:51:13,524 -   386 /   966 (40.0%):	 Total:3.5312107	 Acc:0.2187500	 Mean_Total:2.7587367
2021-03-20 20:51:17,187 -   579 /   966 (59.9%):	 Total:2.5718098	 Acc:0.1250000	 Mean_Total:2.7861347
2021-03-20 20:51:20,846 -   772 /   966 (79.9%):	 Total:3.0679221	 Acc:0.1562500	 Mean_Total:2.7784087
2021-03-20 20:51:24,482 -   965 /   966 (99.9%):	 Total:2.6560123	 Acc:0.0967742	 Mean_Total:2.7966597
2021-03-20 20:51:24,549 - 
===============================|    epoch 5   |===============================

2021-03-20 20:51:24,741 -     0 /   966 (0.0%):	 Total:2.2565355	 Acc:0.1250000	 Mean_Total:2.2565355
2021-03-20 20:51:28,437 -   193 /   966 (20.0%):	 Total:2.3130107	 Acc:0.2187500	 Mean_Total:2.7450097
2021-03-20 20:51:32,115 -   386 /   966 (40.0%):	 Total:3.2552197	 Acc:0.1250000	 Mean_Total:2.7837160
2021-03-20 20:51:35,709 -   579 /   966 (59.9%):	 Total:2.4452353	 Acc:0.1562500	 Mean_Total:2.7927456
2021-03-20 20:51:39,434 -   772 /   966 (79.9%):	 Total:1.8573034	 Acc:0.1562500	 Mean_Total:2.8092549
2021-03-20 20:51:43,032 -   965 /   966 (99.9%):	 Total:1.8284742	 Acc:0.0967742	 Mean_Total:2.8017039
2021-03-20 20:51:43,089 - 
===============================|    epoch 6   |===============================

2021-03-20 20:51:43,290 -     0 /   966 (0.0%):	 Total:3.0553312	 Acc:0.1250000	 Mean_Total:3.0553312
2021-03-20 20:51:47,062 -   193 /   966 (20.0%):	 Total:3.1050978	 Acc:0.1562500	 Mean_Total:2.8247057
2021-03-20 20:51:50,783 -   386 /   966 (40.0%):	 Total:1.8144605	 Acc:0.0937500	 Mean_Total:2.8450596
2021-03-20 20:51:54,472 -   579 /   966 (59.9%):	 Total:2.8756866	 Acc:0.1250000	 Mean_Total:2.7985435
2021-03-20 20:51:58,157 -   772 /   966 (79.9%):	 Total:3.1873820	 Acc:0.0625000	 Mean_Total:2.7889994
2021-03-20 20:52:01,864 -   965 /   966 (99.9%):	 Total:4.6598454	 Acc:0.1935484	 Mean_Total:2.8025045
2021-03-20 20:52:01,913 - 
===============================|    epoch 7   |===============================

2021-03-20 20:52:02,119 -     0 /   966 (0.0%):	 Total:3.0069327	 Acc:0.1875000	 Mean_Total:3.0069327
2021-03-20 20:52:05,822 -   193 /   966 (20.0%):	 Total:2.4197633	 Acc:0.0937500	 Mean_Total:2.8190387
2021-03-20 20:52:09,738 -   386 /   966 (40.0%):	 Total:2.7795920	 Acc:0.0625000	 Mean_Total:2.7895387
2021-03-20 20:52:13,507 -   579 /   966 (59.9%):	 Total:3.3039894	 Acc:0.0625000	 Mean_Total:2.8159099
2021-03-20 20:52:17,210 -   772 /   966 (79.9%):	 Total:2.8315449	 Acc:0.1250000	 Mean_Total:2.8012602
2021-03-20 20:52:20,936 -   965 /   966 (99.9%):	 Total:2.3343630	 Acc:0.1935484	 Mean_Total:2.7988151
2021-03-20 20:52:20,987 - 
===============================|    epoch 8   |===============================

2021-03-20 20:52:21,176 -     0 /   966 (0.0%):	 Total:3.0907457	 Acc:0.1562500	 Mean_Total:3.0907457
2021-03-20 20:52:24,819 -   193 /   966 (20.0%):	 Total:1.9196126	 Acc:0.0625000	 Mean_Total:2.7719041
2021-03-20 20:52:28,432 -   386 /   966 (40.0%):	 Total:4.4154186	 Acc:0.0312500	 Mean_Total:2.8202632
2021-03-20 20:52:32,073 -   579 /   966 (59.9%):	 Total:2.5373957	 Acc:0.1250000	 Mean_Total:2.8105407
2021-03-20 20:52:35,847 -   772 /   966 (79.9%):	 Total:1.8861761	 Acc:0.0937500	 Mean_Total:2.7957921
2021-03-20 20:52:39,642 -   965 /   966 (99.9%):	 Total:2.9609354	 Acc:0.1290323	 Mean_Total:2.8029015
2021-03-20 20:52:39,694 - 
===============================|    epoch 9   |===============================

2021-03-20 20:52:39,889 -     0 /   966 (0.0%):	 Total:2.2456009	 Acc:0.1562500	 Mean_Total:2.2456009
2021-03-20 20:52:43,550 -   193 /   966 (20.0%):	 Total:4.1868844	 Acc:0.1250000	 Mean_Total:2.8012799
2021-03-20 20:52:47,278 -   386 /   966 (40.0%):	 Total:2.3565569	 Acc:0.2187500	 Mean_Total:2.7948082
2021-03-20 20:52:51,061 -   579 /   966 (59.9%):	 Total:2.3888383	 Acc:0.2812500	 Mean_Total:2.8087876
2021-03-20 20:52:54,729 -   772 /   966 (79.9%):	 Total:2.9693842	 Acc:0.2500000	 Mean_Total:2.8148378
2021-03-20 20:52:58,515 -   965 /   966 (99.9%):	 Total:3.6606283	 Acc:0.0967742	 Mean_Total:2.7938148
2021-03-20 20:52:58,577 - 
===============================|    epoch 10   |===============================

2021-03-20 20:52:58,799 -     0 /   966 (0.0%):	 Total:2.1286511	 Acc:0.1250000	 Mean_Total:2.1286511
2021-03-20 20:53:02,533 -   193 /   966 (20.0%):	 Total:4.5106382	 Acc:0.1250000	 Mean_Total:2.7783774
2021-03-20 20:53:06,169 -   386 /   966 (40.0%):	 Total:2.3454533	 Acc:0.3125000	 Mean_Total:2.7660228
2021-03-20 20:53:09,894 -   579 /   966 (59.9%):	 Total:2.2271750	 Acc:0.0937500	 Mean_Total:2.7724531
2021-03-20 20:53:13,605 -   772 /   966 (79.9%):	 Total:2.8768916	 Acc:0.0312500	 Mean_Total:2.7872224
2021-03-20 20:53:17,403 -   965 /   966 (99.9%):	 Total:3.1284268	 Acc:0.1290323	 Mean_Total:2.7833736
2021-03-20 20:53:18,752 - 
===============================| start validation |===============================

2021-03-20 20:53:18,753 - 	 Total:2.7059710	 Acc:0.1413567
2021-03-20 20:53:18,755 -    ini file updated    
2021-03-20 20:53:18,767 - Snapshot saved to /data/users/wergillius/UTR_VAE/pth/RL_regressor_ribo/CV_for_rl/3en8-model_best_cv3.pth

2021-03-20 20:53:18,768 -    ini file updated    
2021-03-20 20:53:18,768 - 
===============================|    epoch 11   |===============================

2021-03-20 20:53:18,972 -     0 /   966 (0.0%):	 Total:2.1766639	 Acc:0.1875000	 Mean_Total:2.1766639
2021-03-20 20:53:22,631 -   193 /   966 (20.0%):	 Total:3.8812275	 Acc:0.1250000	 Mean_Total:2.7905126
2021-03-20 20:53:26,307 -   386 /   966 (40.0%):	 Total:2.7726817	 Acc:0.0625000	 Mean_Total:2.7833168
2021-03-20 20:53:29,974 -   579 /   966 (59.9%):	 Total:2.2110081	 Acc:0.0625000	 Mean_Total:2.7738138
2021-03-20 20:53:33,671 -   772 /   966 (79.9%):	 Total:1.9760770	 Acc:0.1562500	 Mean_Total:2.7791718
2021-03-20 20:53:37,345 -   965 /   966 (99.9%):	 Total:3.3508101	 Acc:0.0967742	 Mean_Total:2.7881207
2021-03-20 20:53:37,397 - 
===============================|    epoch 12   |===============================

2021-03-20 20:53:37,584 -     0 /   966 (0.0%):	 Total:3.1794214	 Acc:0.1875000	 Mean_Total:3.1794214
2021-03-20 20:53:41,322 -   193 /   966 (20.0%):	 Total:2.4452617	 Acc:0.2187500	 Mean_Total:2.7240001
2021-03-20 20:53:45,014 -   386 /   966 (40.0%):	 Total:2.6306973	 Acc:0.1250000	 Mean_Total:2.7448620
2021-03-20 20:53:48,787 -   579 /   966 (59.9%):	 Total:2.1351886	 Acc:0.1250000	 Mean_Total:2.7660695
2021-03-20 20:53:52,560 -   772 /   966 (79.9%):	 Total:2.7295384	 Acc:0.1250000	 Mean_Total:2.7798155
2021-03-20 20:53:56,234 -   965 /   966 (99.9%):	 Total:1.8500693	 Acc:0.0967742	 Mean_Total:2.7786729
2021-03-20 20:53:56,296 - 
===============================|    epoch 13   |===============================

2021-03-20 20:53:56,535 -     0 /   966 (0.0%):	 Total:2.1119754	 Acc:0.1562500	 Mean_Total:2.1119754
2021-03-20 20:54:00,339 -   193 /   966 (20.0%):	 Total:3.0918269	 Acc:0.1562500	 Mean_Total:2.8250787
2021-03-20 20:54:04,015 -   386 /   966 (40.0%):	 Total:2.6809945	 Acc:0.1562500	 Mean_Total:2.8268438
2021-03-20 20:54:07,673 -   579 /   966 (59.9%):	 Total:6.7178411	 Acc:0.0312500	 Mean_Total:2.8050293
2021-03-20 20:54:11,356 -   772 /   966 (79.9%):	 Total:3.8786705	 Acc:0.0312500	 Mean_Total:2.7907561
2021-03-20 20:54:15,160 -   965 /   966 (99.9%):	 Total:3.9054604	 Acc:0.0322581	 Mean_Total:2.7851694
2021-03-20 20:54:15,214 - 
===============================|    epoch 14   |===============================

2021-03-20 20:54:15,428 -     0 /   966 (0.0%):	 Total:2.9237952	 Acc:0.1562500	 Mean_Total:2.9237952
2021-03-20 20:54:19,122 -   193 /   966 (20.0%):	 Total:4.2333908	 Acc:0.1562500	 Mean_Total:2.7806142
2021-03-20 20:54:22,830 -   386 /   966 (40.0%):	 Total:2.8408921	 Acc:0.1562500	 Mean_Total:2.8013752
2021-03-20 20:54:26,603 -   579 /   966 (59.9%):	 Total:1.9460675	 Acc:0.1250000	 Mean_Total:2.8045659
2021-03-20 20:54:30,328 -   772 /   966 (79.9%):	 Total:1.8400280	 Acc:0.0625000	 Mean_Total:2.7842620
2021-03-20 20:54:34,083 -   965 /   966 (99.9%):	 Total:3.6751003	 Acc:0.0322581	 Mean_Total:2.7820714
2021-03-20 20:54:34,150 - 
===============================|    epoch 15   |===============================

2021-03-20 20:54:34,332 -     0 /   966 (0.0%):	 Total:2.5651360	 Acc:0.2187500	 Mean_Total:2.5651360
2021-03-20 20:54:38,035 -   193 /   966 (20.0%):	 Total:2.1683576	 Acc:0.1875000	 Mean_Total:2.7929051
2021-03-20 20:54:41,760 -   386 /   966 (40.0%):	 Total:2.4917467	 Acc:0.0625000	 Mean_Total:2.7628883
2021-03-20 20:54:45,546 -   579 /   966 (59.9%):	 Total:1.5142939	 Acc:0.2187500	 Mean_Total:2.7840643
2021-03-20 20:54:49,338 -   772 /   966 (79.9%):	 Total:4.2412210	 Acc:0.0937500	 Mean_Total:2.7816123
2021-03-20 20:54:52,962 -   965 /   966 (99.9%):	 Total:2.4835682	 Acc:0.0967742	 Mean_Total:2.7766594
2021-03-20 20:54:53,022 - 
===============================|    epoch 16   |===============================

2021-03-20 20:54:53,221 -     0 /   966 (0.0%):	 Total:2.8327322	 Acc:0.1250000	 Mean_Total:2.8327322
2021-03-20 20:54:56,959 -   193 /   966 (20.0%):	 Total:3.9585009	 Acc:0.0625000	 Mean_Total:2.7920639
2021-03-20 20:55:00,540 -   386 /   966 (40.0%):	 Total:3.3081152	 Acc:0.2187500	 Mean_Total:2.8027456
2021-03-20 20:55:04,257 -   579 /   966 (59.9%):	 Total:4.3450575	 Acc:0.0312500	 Mean_Total:2.7883944
2021-03-20 20:55:07,999 -   772 /   966 (79.9%):	 Total:3.3062859	 Acc:0.0937500	 Mean_Total:2.7840260
2021-03-20 20:55:11,585 -   965 /   966 (99.9%):	 Total:3.6423857	 Acc:0.1290323	 Mean_Total:2.7671340
2021-03-20 20:55:11,638 - 
===============================|    epoch 17   |===============================

2021-03-20 20:55:11,814 -     0 /   966 (0.0%):	 Total:2.9438276	 Acc:0.2500000	 Mean_Total:2.9438276
2021-03-20 20:55:15,374 -   193 /   966 (20.0%):	 Total:2.0261247	 Acc:0.0312500	 Mean_Total:2.8446699
2021-03-20 20:55:19,027 -   386 /   966 (40.0%):	 Total:1.4747686	 Acc:0.0625000	 Mean_Total:2.8423770
2021-03-20 20:55:22,692 -   579 /   966 (59.9%):	 Total:2.1237257	 Acc:0.2187500	 Mean_Total:2.8051115
2021-03-20 20:55:26,366 -   772 /   966 (79.9%):	 Total:2.4015143	 Acc:0.0937500	 Mean_Total:2.7927853
2021-03-20 20:55:30,339 -   965 /   966 (99.9%):	 Total:4.0719161	 Acc:0.0967742	 Mean_Total:2.7732224
2021-03-20 20:55:30,400 - 
===============================|    epoch 18   |===============================

2021-03-20 20:55:30,600 -     0 /   966 (0.0%):	 Total:2.3136683	 Acc:0.0937500	 Mean_Total:2.3136683
2021-03-20 20:55:34,225 -   193 /   966 (20.0%):	 Total:2.3377426	 Acc:0.1562500	 Mean_Total:2.7636887
2021-03-20 20:55:37,966 -   386 /   966 (40.0%):	 Total:1.9503974	 Acc:0.1562500	 Mean_Total:2.7258978
2021-03-20 20:55:41,614 -   579 /   966 (59.9%):	 Total:2.4213910	 Acc:0.1875000	 Mean_Total:2.7467183
2021-03-20 20:55:45,207 -   772 /   966 (79.9%):	 Total:2.3257284	 Acc:0.0625000	 Mean_Total:2.7630185
2021-03-20 20:55:49,001 -   965 /   966 (99.9%):	 Total:3.4996145	 Acc:0.1612903	 Mean_Total:2.7626349
2021-03-20 20:55:49,054 - 
===============================|    epoch 19   |===============================

2021-03-20 20:55:49,255 -     0 /   966 (0.0%):	 Total:3.4905243	 Acc:0.1250000	 Mean_Total:3.4905243
2021-03-20 20:55:53,102 -   193 /   966 (20.0%):	 Total:4.0456681	 Acc:0.1875000	 Mean_Total:2.8355295
2021-03-20 20:55:56,843 -   386 /   966 (40.0%):	 Total:2.5954514	 Acc:0.2812500	 Mean_Total:2.8033628
2021-03-20 20:56:00,435 -   579 /   966 (59.9%):	 Total:2.7211208	 Acc:0.1875000	 Mean_Total:2.7879020
2021-03-20 20:56:04,200 -   772 /   966 (79.9%):	 Total:2.6521678	 Acc:0.1562500	 Mean_Total:2.7644588
2021-03-20 20:56:07,863 -   965 /   966 (99.9%):	 Total:1.6203265	 Acc:0.1935484	 Mean_Total:2.7623293
2021-03-20 20:56:07,915 - 
===============================|    epoch 20   |===============================

2021-03-20 20:56:08,118 -     0 /   966 (0.0%):	 Total:1.7538666	 Acc:0.2187500	 Mean_Total:1.7538666
2021-03-20 20:56:11,784 -   193 /   966 (20.0%):	 Total:2.0762072	 Acc:0.2187500	 Mean_Total:2.7283772
2021-03-20 20:56:15,586 -   386 /   966 (40.0%):	 Total:1.5766437	 Acc:0.2187500	 Mean_Total:2.7497649
2021-03-20 20:56:19,342 -   579 /   966 (59.9%):	 Total:2.6321378	 Acc:0.0625000	 Mean_Total:2.7605595
2021-03-20 20:56:22,990 -   772 /   966 (79.9%):	 Total:3.5012372	 Acc:0.1875000	 Mean_Total:2.7468214
2021-03-20 20:56:26,649 -   965 /   966 (99.9%):	 Total:4.7823963	 Acc:0.0322581	 Mean_Total:2.7623983
2021-03-20 20:56:28,054 - 
===============================| start validation |===============================

2021-03-20 20:56:28,055 - 	 Total:2.7061748	 Acc:0.1393767
2021-03-20 20:56:28,057 -    ini file updated    
2021-03-20 20:56:28,058 - 
===============================|    epoch 21   |===============================

2021-03-20 20:56:28,237 -     0 /   966 (0.0%):	 Total:2.1905355	 Acc:0.1250000	 Mean_Total:2.1905355
2021-03-20 20:56:31,915 -   193 /   966 (20.0%):	 Total:2.0713923	 Acc:0.2500000	 Mean_Total:2.7461927
2021-03-20 20:56:35,699 -   386 /   966 (40.0%):	 Total:1.7722787	 Acc:0.1250000	 Mean_Total:2.7254976
2021-03-20 20:56:39,377 -   579 /   966 (59.9%):	 Total:4.0487375	 Acc:0.0000000	 Mean_Total:2.7545529
2021-03-20 20:56:43,103 -   772 /   966 (79.9%):	 Total:2.6524954	 Acc:0.1562500	 Mean_Total:2.7585255
2021-03-20 20:56:46,915 -   965 /   966 (99.9%):	 Total:1.3509452	 Acc:0.2580645	 Mean_Total:2.7673360
2021-03-20 20:56:46,972 - 
===============================|    epoch 22   |===============================

2021-03-20 20:56:47,175 -     0 /   966 (0.0%):	 Total:1.9487283	 Acc:0.1562500	 Mean_Total:1.9487283
2021-03-20 20:56:51,038 -   193 /   966 (20.0%):	 Total:1.6901915	 Acc:0.1250000	 Mean_Total:2.8308178
2021-03-20 20:56:54,828 -   386 /   966 (40.0%):	 Total:3.5034552	 Acc:0.0625000	 Mean_Total:2.7961901
2021-03-20 20:56:58,566 -   579 /   966 (59.9%):	 Total:2.7917490	 Acc:0.1562500	 Mean_Total:2.7776077
2021-03-20 20:57:02,330 -   772 /   966 (79.9%):	 Total:2.0649314	 Acc:0.0937500	 Mean_Total:2.7536115
2021-03-20 20:57:06,096 -   965 /   966 (99.9%):	 Total:2.1153634	 Acc:0.1290323	 Mean_Total:2.7567959
2021-03-20 20:57:06,150 - 
===============================|    epoch 23   |===============================

2021-03-20 20:57:06,333 -     0 /   966 (0.0%):	 Total:2.4867980	 Acc:0.1562500	 Mean_Total:2.4867980
2021-03-20 20:57:09,962 -   193 /   966 (20.0%):	 Total:1.7222409	 Acc:0.2187500	 Mean_Total:2.7898853
2021-03-20 20:57:13,736 -   386 /   966 (40.0%):	 Total:3.3129120	 Acc:0.0625000	 Mean_Total:2.7860708
2021-03-20 20:57:17,421 -   579 /   966 (59.9%):	 Total:2.2331073	 Acc:0.1875000	 Mean_Total:2.7505551
2021-03-20 20:57:21,146 -   772 /   966 (79.9%):	 Total:2.3398945	 Acc:0.0937500	 Mean_Total:2.7413231
2021-03-20 20:57:25,024 -   965 /   966 (99.9%):	 Total:2.0894978	 Acc:0.2580645	 Mean_Total:2.7487875
2021-03-20 20:57:25,079 - 
===============================|    epoch 24   |===============================

2021-03-20 20:57:25,263 -     0 /   966 (0.0%):	 Total:2.9848518	 Acc:0.0937500	 Mean_Total:2.9848518
2021-03-20 20:57:29,003 -   193 /   966 (20.0%):	 Total:2.5155442	 Acc:0.2187500	 Mean_Total:2.7440455
2021-03-20 20:57:32,617 -   386 /   966 (40.0%):	 Total:3.1299074	 Acc:0.1875000	 Mean_Total:2.7611680
2021-03-20 20:57:36,324 -   579 /   966 (59.9%):	 Total:2.8893471	 Acc:0.1250000	 Mean_Total:2.7500536
2021-03-20 20:57:39,965 -   772 /   966 (79.9%):	 Total:3.1268420	 Acc:0.0937500	 Mean_Total:2.7514947
2021-03-20 20:57:43,577 -   965 /   966 (99.9%):	 Total:2.4700625	 Acc:0.2258065	 Mean_Total:2.7516895
2021-03-20 20:57:43,643 - 
===============================|    epoch 25   |===============================

2021-03-20 20:57:43,850 -     0 /   966 (0.0%):	 Total:3.9351130	 Acc:0.0937500	 Mean_Total:3.9351130
2021-03-20 20:57:47,564 -   193 /   966 (20.0%):	 Total:1.8758148	 Acc:0.0625000	 Mean_Total:2.7398709
2021-03-20 20:57:51,263 -   386 /   966 (40.0%):	 Total:3.1711125	 Acc:0.0937500	 Mean_Total:2.7941183
2021-03-20 20:57:54,986 -   579 /   966 (59.9%):	 Total:1.9995599	 Acc:0.1250000	 Mean_Total:2.7665484
2021-03-20 20:57:58,735 -   772 /   966 (79.9%):	 Total:4.7215991	 Acc:0.1562500	 Mean_Total:2.7871167
2021-03-20 20:58:02,448 -   965 /   966 (99.9%):	 Total:2.9886310	 Acc:0.0967742	 Mean_Total:2.7583777
2021-03-20 20:58:02,507 - 
===============================|    epoch 26   |===============================

2021-03-20 20:58:02,724 -     0 /   966 (0.0%):	 Total:2.3250163	 Acc:0.2500000	 Mean_Total:2.3250163
2021-03-20 20:58:06,395 -   193 /   966 (20.0%):	 Total:3.9359965	 Acc:0.1562500	 Mean_Total:2.7254462
2021-03-20 20:58:10,265 -   386 /   966 (40.0%):	 Total:2.9409189	 Acc:0.1250000	 Mean_Total:2.7785950
2021-03-20 20:58:13,998 -   579 /   966 (59.9%):	 Total:1.6418916	 Acc:0.2187500	 Mean_Total:2.7700383
2021-03-20 20:58:17,839 -   772 /   966 (79.9%):	 Total:1.6032364	 Acc:0.1875000	 Mean_Total:2.7436578
2021-03-20 20:58:21,741 -   965 /   966 (99.9%):	 Total:2.4469788	 Acc:0.1612903	 Mean_Total:2.7554745
2021-03-20 20:58:21,803 - 
===============================|    epoch 27   |===============================

2021-03-20 20:58:22,030 -     0 /   966 (0.0%):	 Total:1.6469090	 Acc:0.0625000	 Mean_Total:1.6469090
2021-03-20 20:58:25,755 -   193 /   966 (20.0%):	 Total:1.9660070	 Acc:0.1875000	 Mean_Total:2.7235152
2021-03-20 20:58:29,432 -   386 /   966 (40.0%):	 Total:2.5120406	 Acc:0.1562500	 Mean_Total:2.6967091
2021-03-20 20:58:33,218 -   579 /   966 (59.9%):	 Total:3.6936846	 Acc:0.0937500	 Mean_Total:2.7254499
2021-03-20 20:58:36,977 -   772 /   966 (79.9%):	 Total:2.1343851	 Acc:0.0937500	 Mean_Total:2.7517994
2021-03-20 20:58:40,755 -   965 /   966 (99.9%):	 Total:2.1375654	 Acc:0.0967742	 Mean_Total:2.7529057
2021-03-20 20:58:40,807 - 
===============================|    epoch 28   |===============================

2021-03-20 20:58:41,013 -     0 /   966 (0.0%):	 Total:2.2008638	 Acc:0.3125000	 Mean_Total:2.2008638
2021-03-20 20:58:44,758 -   193 /   966 (20.0%):	 Total:3.1934204	 Acc:0.1562500	 Mean_Total:2.8065991
2021-03-20 20:58:48,425 -   386 /   966 (40.0%):	 Total:2.8844614	 Acc:0.1875000	 Mean_Total:2.7891078
2021-03-20 20:58:52,217 -   579 /   966 (59.9%):	 Total:3.9385099	 Acc:0.1250000	 Mean_Total:2.7462875
2021-03-20 20:58:56,032 -   772 /   966 (79.9%):	 Total:2.6988425	 Acc:0.0625000	 Mean_Total:2.7502218
2021-03-20 20:58:59,926 -   965 /   966 (99.9%):	 Total:2.0372128	 Acc:0.1612903	 Mean_Total:2.7458695
2021-03-20 20:58:59,977 - 
===============================|    epoch 29   |===============================

2021-03-20 20:59:00,170 -     0 /   966 (0.0%):	 Total:2.5318499	 Acc:0.1250000	 Mean_Total:2.5318499
2021-03-20 20:59:03,889 -   193 /   966 (20.0%):	 Total:2.4262347	 Acc:0.1562500	 Mean_Total:2.7944272
2021-03-20 20:59:07,622 -   386 /   966 (40.0%):	 Total:2.4218750	 Acc:0.1250000	 Mean_Total:2.7450171
2021-03-20 20:59:11,308 -   579 /   966 (59.9%):	 Total:2.6003385	 Acc:0.1250000	 Mean_Total:2.7494373
2021-03-20 20:59:15,052 -   772 /   966 (79.9%):	 Total:3.2369764	 Acc:0.1250000	 Mean_Total:2.7361252
2021-03-20 20:59:18,768 -   965 /   966 (99.9%):	 Total:4.7695231	 Acc:0.0645161	 Mean_Total:2.7400290
2021-03-20 20:59:18,834 - 
===============================|    epoch 30   |===============================

2021-03-20 20:59:19,062 -     0 /   966 (0.0%):	 Total:3.0482807	 Acc:0.1250000	 Mean_Total:3.0482807
2021-03-20 20:59:22,856 -   193 /   966 (20.0%):	 Total:2.1781530	 Acc:0.1250000	 Mean_Total:2.7161971
2021-03-20 20:59:26,698 -   386 /   966 (40.0%):	 Total:2.4255495	 Acc:0.1250000	 Mean_Total:2.7224930
2021-03-20 20:59:30,457 -   579 /   966 (59.9%):	 Total:1.7908930	 Acc:0.1562500	 Mean_Total:2.7260107
2021-03-20 20:59:34,113 -   772 /   966 (79.9%):	 Total:2.5325463	 Acc:0.1875000	 Mean_Total:2.7375718
2021-03-20 20:59:37,796 -   965 /   966 (99.9%):	 Total:2.8601170	 Acc:0.0967742	 Mean_Total:2.7386154
2021-03-20 20:59:39,235 - 
===============================| start validation |===============================

2021-03-20 20:59:39,237 - 	 Total:2.5778057	 Acc:0.1480716
2021-03-20 20:59:39,239 -    ini file updated    
2021-03-20 20:59:39,250 - Snapshot saved to /data/users/wergillius/UTR_VAE/pth/RL_regressor_ribo/CV_for_rl/3en8-model_best_cv3.pth

2021-03-20 20:59:39,251 -    ini file updated    
2021-03-20 20:59:39,251 - 
===============================|    epoch 31   |===============================

2021-03-20 20:59:39,430 -     0 /   966 (0.0%):	 Total:3.4855139	 Acc:0.1875000	 Mean_Total:3.4855139
2021-03-20 20:59:43,083 -   193 /   966 (20.0%):	 Total:3.6947565	 Acc:0.1875000	 Mean_Total:2.7915862
2021-03-20 20:59:46,811 -   386 /   966 (40.0%):	 Total:2.2969058	 Acc:0.0937500	 Mean_Total:2.7980880
2021-03-20 20:59:50,611 -   579 /   966 (59.9%):	 Total:2.8492098	 Acc:0.0937500	 Mean_Total:2.7770813
2021-03-20 20:59:54,410 -   772 /   966 (79.9%):	 Total:2.0091000	 Acc:0.1875000	 Mean_Total:2.7717694
2021-03-20 20:59:58,221 -   965 /   966 (99.9%):	 Total:2.2732294	 Acc:0.1612903	 Mean_Total:2.7442796
2021-03-20 20:59:58,277 - 
===============================|    epoch 32   |===============================

2021-03-20 20:59:58,456 -     0 /   966 (0.0%):	 Total:2.3267789	 Acc:0.0937500	 Mean_Total:2.3267789
2021-03-20 21:00:02,197 -   193 /   966 (20.0%):	 Total:2.8781765	 Acc:0.0625000	 Mean_Total:2.7933334
2021-03-20 21:00:05,824 -   386 /   966 (40.0%):	 Total:1.6244938	 Acc:0.2500000	 Mean_Total:2.7933884
2021-03-20 21:00:09,562 -   579 /   966 (59.9%):	 Total:1.9677494	 Acc:0.1562500	 Mean_Total:2.7691064
2021-03-20 21:00:13,268 -   772 /   966 (79.9%):	 Total:2.0511713	 Acc:0.1250000	 Mean_Total:2.7695185
2021-03-20 21:00:17,071 -   965 /   966 (99.9%):	 Total:3.5353401	 Acc:0.2258065	 Mean_Total:2.7492132
2021-03-20 21:00:17,126 - 
===============================|    epoch 33   |===============================

2021-03-20 21:00:17,318 -     0 /   966 (0.0%):	 Total:3.1576753	 Acc:0.0625000	 Mean_Total:3.1576753
2021-03-20 21:00:21,043 -   193 /   966 (20.0%):	 Total:2.3717737	 Acc:0.2812500	 Mean_Total:2.7790839
2021-03-20 21:00:24,729 -   386 /   966 (40.0%):	 Total:2.3674972	 Acc:0.1250000	 Mean_Total:2.7346911
2021-03-20 21:00:28,373 -   579 /   966 (59.9%):	 Total:2.0373416	 Acc:0.0937500	 Mean_Total:2.7693327
2021-03-20 21:00:32,043 -   772 /   966 (79.9%):	 Total:2.4757056	 Acc:0.1250000	 Mean_Total:2.7502458
2021-03-20 21:00:35,712 -   965 /   966 (99.9%):	 Total:2.5726190	 Acc:0.1290323	 Mean_Total:2.7365264
2021-03-20 21:00:35,772 - 
===============================|    epoch 34   |===============================

2021-03-20 21:00:35,970 -     0 /   966 (0.0%):	 Total:2.7464228	 Acc:0.0937500	 Mean_Total:2.7464228
2021-03-20 21:00:39,711 -   193 /   966 (20.0%):	 Total:3.3939304	 Acc:0.1562500	 Mean_Total:2.7232958
2021-03-20 21:00:43,513 -   386 /   966 (40.0%):	 Total:2.1564937	 Acc:0.1250000	 Mean_Total:2.7293519
2021-03-20 21:00:47,279 -   579 /   966 (59.9%):	 Total:2.9624114	 Acc:0.0625000	 Mean_Total:2.7198537
2021-03-20 21:00:51,063 -   772 /   966 (79.9%):	 Total:2.7482824	 Acc:0.0937500	 Mean_Total:2.7194882
2021-03-20 21:00:54,866 -   965 /   966 (99.9%):	 Total:2.9212852	 Acc:0.1612903	 Mean_Total:2.7221370
2021-03-20 21:00:54,923 - 
===============================|    epoch 35   |===============================

2021-03-20 21:00:55,106 -     0 /   966 (0.0%):	 Total:3.4207926	 Acc:0.0625000	 Mean_Total:3.4207926
2021-03-20 21:00:58,715 -   193 /   966 (20.0%):	 Total:3.2099357	 Acc:0.0937500	 Mean_Total:2.7408469
2021-03-20 21:01:02,441 -   386 /   966 (40.0%):	 Total:2.1492515	 Acc:0.0937500	 Mean_Total:2.7403760
2021-03-20 21:01:06,181 -   579 /   966 (59.9%):	 Total:3.0092106	 Acc:0.1250000	 Mean_Total:2.7327816
2021-03-20 21:01:09,948 -   772 /   966 (79.9%):	 Total:2.2659435	 Acc:0.1562500	 Mean_Total:2.7304519
2021-03-20 21:01:13,797 -   965 /   966 (99.9%):	 Total:1.4668345	 Acc:0.1612903	 Mean_Total:2.7351295
2021-03-20 21:01:13,849 - 
===============================|    epoch 36   |===============================

2021-03-20 21:01:14,030 -     0 /   966 (0.0%):	 Total:3.2237818	 Acc:0.1562500	 Mean_Total:3.2237818
2021-03-20 21:01:17,693 -   193 /   966 (20.0%):	 Total:2.3428535	 Acc:0.0937500	 Mean_Total:2.7243729
2021-03-20 21:01:21,417 -   386 /   966 (40.0%):	 Total:2.2270370	 Acc:0.0937500	 Mean_Total:2.7133017
2021-03-20 21:01:25,068 -   579 /   966 (59.9%):	 Total:3.1482458	 Acc:0.0625000	 Mean_Total:2.7501860
2021-03-20 21:01:28,782 -   772 /   966 (79.9%):	 Total:2.4607787	 Acc:0.1875000	 Mean_Total:2.7245703
2021-03-20 21:01:32,496 -   965 /   966 (99.9%):	 Total:2.5630181	 Acc:0.1935484	 Mean_Total:2.7339120
2021-03-20 21:01:32,558 - 
===============================|    epoch 37   |===============================

2021-03-20 21:01:32,749 -     0 /   966 (0.0%):	 Total:3.1705265	 Acc:0.0625000	 Mean_Total:3.1705265
2021-03-20 21:01:36,618 -   193 /   966 (20.0%):	 Total:1.4228524	 Acc:0.2187500	 Mean_Total:2.6595851
2021-03-20 21:01:40,358 -   386 /   966 (40.0%):	 Total:2.1005714	 Acc:0.2812500	 Mean_Total:2.7371826
2021-03-20 21:01:44,012 -   579 /   966 (59.9%):	 Total:3.3115652	 Acc:0.0625000	 Mean_Total:2.7304633
2021-03-20 21:01:47,796 -   772 /   966 (79.9%):	 Total:3.3988435	 Acc:0.1875000	 Mean_Total:2.7123583
2021-03-20 21:01:51,677 -   965 /   966 (99.9%):	 Total:1.8939533	 Acc:0.1612903	 Mean_Total:2.7281164
2021-03-20 21:01:51,733 - 
===============================|    epoch 38   |===============================

2021-03-20 21:01:51,937 -     0 /   966 (0.0%):	 Total:4.2582521	 Acc:0.0937500	 Mean_Total:4.2582521
2021-03-20 21:01:55,761 -   193 /   966 (20.0%):	 Total:3.0573335	 Acc:0.1250000	 Mean_Total:2.6935295
2021-03-20 21:01:59,398 -   386 /   966 (40.0%):	 Total:2.6461031	 Acc:0.1562500	 Mean_Total:2.7166322
2021-03-20 21:02:03,182 -   579 /   966 (59.9%):	 Total:2.7195947	 Acc:0.0937500	 Mean_Total:2.7188917
2021-03-20 21:02:07,005 -   772 /   966 (79.9%):	 Total:2.5634689	 Acc:0.1562500	 Mean_Total:2.7292563
2021-03-20 21:02:10,796 -   965 /   966 (99.9%):	 Total:3.0971332	 Acc:0.0645161	 Mean_Total:2.7242577
2021-03-20 21:02:10,863 - 
===============================|    epoch 39   |===============================

2021-03-20 21:02:11,076 -     0 /   966 (0.0%):	 Total:2.7280736	 Acc:0.1562500	 Mean_Total:2.7280736
2021-03-20 21:02:14,941 -   193 /   966 (20.0%):	 Total:1.9545919	 Acc:0.1250000	 Mean_Total:2.7294841
2021-03-20 21:02:18,662 -   386 /   966 (40.0%):	 Total:2.3576889	 Acc:0.1562500	 Mean_Total:2.7136787
2021-03-20 21:02:22,340 -   579 /   966 (59.9%):	 Total:3.3144422	 Acc:0.0937500	 Mean_Total:2.7288665
2021-03-20 21:02:26,023 -   772 /   966 (79.9%):	 Total:3.2152772	 Acc:0.0625000	 Mean_Total:2.7139573
2021-03-20 21:02:29,666 -   965 /   966 (99.9%):	 Total:2.8993199	 Acc:0.0645161	 Mean_Total:2.7340444
2021-03-20 21:02:29,721 - 
===============================|    epoch 40   |===============================

2021-03-20 21:02:29,920 -     0 /   966 (0.0%):	 Total:3.0977821	 Acc:0.1250000	 Mean_Total:3.0977821
2021-03-20 21:02:33,754 -   193 /   966 (20.0%):	 Total:3.2176447	 Acc:0.1250000	 Mean_Total:2.7705145
2021-03-20 21:02:37,541 -   386 /   966 (40.0%):	 Total:1.7290119	 Acc:0.1875000	 Mean_Total:2.7344419
2021-03-20 21:02:41,211 -   579 /   966 (59.9%):	 Total:2.3613973	 Acc:0.1562500	 Mean_Total:2.7444384
2021-03-20 21:02:45,043 -   772 /   966 (79.9%):	 Total:3.2851615	 Acc:0.0625000	 Mean_Total:2.7296206
2021-03-20 21:02:48,794 -   965 /   966 (99.9%):	 Total:2.8599870	 Acc:0.0000000	 Mean_Total:2.7274102
2021-03-20 21:02:50,188 - 
===============================| start validation |===============================

2021-03-20 21:02:50,189 - 	 Total:2.6418839	 Acc:0.1450585
2021-03-20 21:02:50,192 -    ini file updated    
2021-03-20 21:02:50,192 - 
===============================|    epoch 41   |===============================

2021-03-20 21:02:50,406 -     0 /   966 (0.0%):	 Total:2.5202036	 Acc:0.1562500	 Mean_Total:2.5202036
2021-03-20 21:02:54,263 -   193 /   966 (20.0%):	 Total:3.0484800	 Acc:0.0937500	 Mean_Total:2.7622896
2021-03-20 21:02:57,984 -   386 /   966 (40.0%):	 Total:2.5092983	 Acc:0.1250000	 Mean_Total:2.7284286
2021-03-20 21:03:01,792 -   579 /   966 (59.9%):	 Total:1.9409271	 Acc:0.1875000	 Mean_Total:2.7271349
2021-03-20 21:03:05,581 -   772 /   966 (79.9%):	 Total:2.1382024	 Acc:0.0937500	 Mean_Total:2.7188613
2021-03-20 21:03:09,425 -   965 /   966 (99.9%):	 Total:1.6297165	 Acc:0.1935484	 Mean_Total:2.7256304
2021-03-20 21:03:09,486 - 
===============================|    epoch 42   |===============================

2021-03-20 21:03:09,707 -     0 /   966 (0.0%):	 Total:2.2028210	 Acc:0.1562500	 Mean_Total:2.2028210
2021-03-20 21:03:13,503 -   193 /   966 (20.0%):	 Total:2.4456811	 Acc:0.2187500	 Mean_Total:2.7290919
2021-03-20 21:03:17,205 -   386 /   966 (40.0%):	 Total:2.8518958	 Acc:0.2187500	 Mean_Total:2.7788136
2021-03-20 21:03:20,918 -   579 /   966 (59.9%):	 Total:1.4009765	 Acc:0.0625000	 Mean_Total:2.7432156
2021-03-20 21:03:24,638 -   772 /   966 (79.9%):	 Total:3.2381883	 Acc:0.1875000	 Mean_Total:2.7442219
2021-03-20 21:03:28,387 -   965 /   966 (99.9%):	 Total:2.8917711	 Acc:0.1612903	 Mean_Total:2.7183915
2021-03-20 21:03:28,440 - 
===============================|    epoch 43   |===============================

2021-03-20 21:03:28,622 -     0 /   966 (0.0%):	 Total:3.0870721	 Acc:0.0937500	 Mean_Total:3.0870721
2021-03-20 21:03:32,410 -   193 /   966 (20.0%):	 Total:3.1498771	 Acc:0.2187500	 Mean_Total:2.7585557
2021-03-20 21:03:36,049 -   386 /   966 (40.0%):	 Total:1.6107678	 Acc:0.1875000	 Mean_Total:2.7016271
2021-03-20 21:03:39,772 -   579 /   966 (59.9%):	 Total:3.0961280	 Acc:0.0312500	 Mean_Total:2.6943961
2021-03-20 21:03:43,512 -   772 /   966 (79.9%):	 Total:2.5078924	 Acc:0.0937500	 Mean_Total:2.7072714
2021-03-20 21:03:47,193 -   965 /   966 (99.9%):	 Total:2.0350120	 Acc:0.1290323	 Mean_Total:2.7153569
2021-03-20 21:03:47,250 - 
===============================|    epoch 44   |===============================

2021-03-20 21:03:47,459 -     0 /   966 (0.0%):	 Total:4.6802020	 Acc:0.0937500	 Mean_Total:4.6802020
2021-03-20 21:03:51,220 -   193 /   966 (20.0%):	 Total:2.5193055	 Acc:0.0625000	 Mean_Total:2.7722708
2021-03-20 21:03:54,896 -   386 /   966 (40.0%):	 Total:3.0558176	 Acc:0.0625000	 Mean_Total:2.7225703
2021-03-20 21:03:58,862 -   579 /   966 (59.9%):	 Total:2.9907169	 Acc:0.0937500	 Mean_Total:2.7231385
2021-03-20 21:04:02,514 -   772 /   966 (79.9%):	 Total:1.7990460	 Acc:0.1562500	 Mean_Total:2.7201496
2021-03-20 21:04:06,414 -   965 /   966 (99.9%):	 Total:3.8806314	 Acc:0.1935484	 Mean_Total:2.7165877
2021-03-20 21:04:06,471 - 
===============================|    epoch 45   |===============================

2021-03-20 21:04:06,659 -     0 /   966 (0.0%):	 Total:2.5502968	 Acc:0.0937500	 Mean_Total:2.5502968
2021-03-20 21:04:10,506 -   193 /   966 (20.0%):	 Total:2.1867390	 Acc:0.1562500	 Mean_Total:2.7608796
2021-03-20 21:04:14,233 -   386 /   966 (40.0%):	 Total:2.4891052	 Acc:0.1562500	 Mean_Total:2.7457434
2021-03-20 21:04:17,951 -   579 /   966 (59.9%):	 Total:2.7466841	 Acc:0.1875000	 Mean_Total:2.7261953
2021-03-20 21:04:21,749 -   772 /   966 (79.9%):	 Total:2.0621142	 Acc:0.1250000	 Mean_Total:2.7258464
2021-03-20 21:04:25,532 -   965 /   966 (99.9%):	 Total:3.6798525	 Acc:0.0967742	 Mean_Total:2.7158087
2021-03-20 21:04:25,586 - 
===============================|    epoch 46   |===============================

2021-03-20 21:04:25,774 -     0 /   966 (0.0%):	 Total:2.9374139	 Acc:0.0625000	 Mean_Total:2.9374139
2021-03-20 21:04:29,532 -   193 /   966 (20.0%):	 Total:2.4334912	 Acc:0.1250000	 Mean_Total:2.7152369
2021-03-20 21:04:33,343 -   386 /   966 (40.0%):	 Total:2.6698751	 Acc:0.1250000	 Mean_Total:2.7116820
2021-03-20 21:04:37,245 -   579 /   966 (59.9%):	 Total:3.7587185	 Acc:0.0937500	 Mean_Total:2.7276483
2021-03-20 21:04:41,037 -   772 /   966 (79.9%):	 Total:2.4099970	 Acc:0.0937500	 Mean_Total:2.7293413
2021-03-20 21:04:44,800 -   965 /   966 (99.9%):	 Total:2.9190466	 Acc:0.0322581	 Mean_Total:2.7227811
2021-03-20 21:04:44,862 - 
===============================|    epoch 47   |===============================

2021-03-20 21:04:45,075 -     0 /   966 (0.0%):	 Total:3.0325210	 Acc:0.1875000	 Mean_Total:3.0325210
2021-03-20 21:04:48,826 -   193 /   966 (20.0%):	 Total:3.4435406	 Acc:0.1875000	 Mean_Total:2.7458719
2021-03-20 21:04:52,506 -   386 /   966 (40.0%):	 Total:3.5575194	 Acc:0.2187500	 Mean_Total:2.7328280
2021-03-20 21:04:56,328 -   579 /   966 (59.9%):	 Total:2.3788130	 Acc:0.1875000	 Mean_Total:2.7370960
2021-03-20 21:04:59,974 -   772 /   966 (79.9%):	 Total:2.3243723	 Acc:0.1250000	 Mean_Total:2.7213557
2021-03-20 21:05:03,796 -   965 /   966 (99.9%):	 Total:3.6132760	 Acc:0.0322581	 Mean_Total:2.7152048
2021-03-20 21:05:03,852 - 
===============================|    epoch 48   |===============================

2021-03-20 21:05:04,040 -     0 /   966 (0.0%):	 Total:3.6048703	 Acc:0.2500000	 Mean_Total:3.6048703
2021-03-20 21:05:07,804 -   193 /   966 (20.0%):	 Total:2.8308525	 Acc:0.1250000	 Mean_Total:2.7410996
2021-03-20 21:05:11,565 -   386 /   966 (40.0%):	 Total:2.1751592	 Acc:0.2187500	 Mean_Total:2.6944181
2021-03-20 21:05:15,403 -   579 /   966 (59.9%):	 Total:2.6453986	 Acc:0.2187500	 Mean_Total:2.7152119
2021-03-20 21:05:18,992 -   772 /   966 (79.9%):	 Total:3.4176488	 Acc:0.1250000	 Mean_Total:2.7094995
2021-03-20 21:05:22,735 -   965 /   966 (99.9%):	 Total:1.9710788	 Acc:0.1935484	 Mean_Total:2.7034133
2021-03-20 21:05:22,797 - 
===============================|    epoch 49   |===============================

2021-03-20 21:05:23,043 -     0 /   966 (0.0%):	 Total:3.2264161	 Acc:0.1875000	 Mean_Total:3.2264161
2021-03-20 21:05:26,831 -   193 /   966 (20.0%):	 Total:3.3409107	 Acc:0.1250000	 Mean_Total:2.7694914
2021-03-20 21:05:30,549 -   386 /   966 (40.0%):	 Total:3.6877189	 Acc:0.1562500	 Mean_Total:2.7179830
2021-03-20 21:05:34,261 -   579 /   966 (59.9%):	 Total:2.4959602	 Acc:0.1250000	 Mean_Total:2.7076552
2021-03-20 21:05:37,955 -   772 /   966 (79.9%):	 Total:2.7781072	 Acc:0.2500000	 Mean_Total:2.7042437
2021-03-20 21:05:41,645 -   965 /   966 (99.9%):	 Total:4.5728760	 Acc:0.1935484	 Mean_Total:2.7042504
2021-03-20 21:05:41,709 - 
===============================|    epoch 50   |===============================

2021-03-20 21:05:41,896 -     0 /   966 (0.0%):	 Total:4.0277910	 Acc:0.0625000	 Mean_Total:4.0277910
2021-03-20 21:05:45,633 -   193 /   966 (20.0%):	 Total:4.3505549	 Acc:0.2187500	 Mean_Total:2.6478716
2021-03-20 21:05:49,465 -   386 /   966 (40.0%):	 Total:1.8370895	 Acc:0.1875000	 Mean_Total:2.6634333
2021-03-20 21:05:53,184 -   579 /   966 (59.9%):	 Total:2.5551343	 Acc:0.2187500	 Mean_Total:2.7017593
2021-03-20 21:05:56,899 -   772 /   966 (79.9%):	 Total:1.6635551	 Acc:0.1875000	 Mean_Total:2.7085288
2021-03-20 21:06:00,659 -   965 /   966 (99.9%):	 Total:1.9750471	 Acc:0.0967742	 Mean_Total:2.7189538
2021-03-20 21:06:02,043 - 
===============================| start validation |===============================

2021-03-20 21:06:02,044 - 	 Total:2.5593808	 Acc:0.1457472
2021-03-20 21:06:02,046 -    ini file updated    
2021-03-20 21:06:02,061 - Snapshot saved to /data/users/wergillius/UTR_VAE/pth/RL_regressor_ribo/CV_for_rl/3en8-model_best_cv3.pth

2021-03-20 21:06:02,062 -    ini file updated    
2021-03-20 21:06:02,062 - 
===============================|    epoch 51   |===============================

2021-03-20 21:06:02,260 -     0 /   966 (0.0%):	 Total:2.0228519	 Acc:0.1562500	 Mean_Total:2.0228519
2021-03-20 21:06:05,880 -   193 /   966 (20.0%):	 Total:1.8410823	 Acc:0.1250000	 Mean_Total:2.7004523
2021-03-20 21:06:09,572 -   386 /   966 (40.0%):	 Total:2.8232412	 Acc:0.0937500	 Mean_Total:2.7066958
2021-03-20 21:06:13,303 -   579 /   966 (59.9%):	 Total:2.9412303	 Acc:0.0312500	 Mean_Total:2.7180958
2021-03-20 21:06:16,975 -   772 /   966 (79.9%):	 Total:3.1026945	 Acc:0.0312500	 Mean_Total:2.7190028
2021-03-20 21:06:20,589 -   965 /   966 (99.9%):	 Total:3.6463718	 Acc:0.1290323	 Mean_Total:2.7124589
2021-03-20 21:06:20,640 - 
===============================|    epoch 52   |===============================

2021-03-20 21:06:20,860 -     0 /   966 (0.0%):	 Total:2.0951638	 Acc:0.2187500	 Mean_Total:2.0951638
2021-03-20 21:06:24,777 -   193 /   966 (20.0%):	 Total:2.1565669	 Acc:0.0937500	 Mean_Total:2.7724163
2021-03-20 21:06:28,447 -   386 /   966 (40.0%):	 Total:2.1920562	 Acc:0.2500000	 Mean_Total:2.7524360
2021-03-20 21:06:32,138 -   579 /   966 (59.9%):	 Total:3.7903175	 Acc:0.0312500	 Mean_Total:2.7370600
2021-03-20 21:06:35,858 -   772 /   966 (79.9%):	 Total:2.2475529	 Acc:0.1875000	 Mean_Total:2.7288877
2021-03-20 21:06:39,606 -   965 /   966 (99.9%):	 Total:1.7902396	 Acc:0.1290323	 Mean_Total:2.7127389
2021-03-20 21:06:39,660 - 
===============================|    epoch 53   |===============================

2021-03-20 21:06:39,848 -     0 /   966 (0.0%):	 Total:3.3353415	 Acc:0.0937500	 Mean_Total:3.3353415
2021-03-20 21:06:43,642 -   193 /   966 (20.0%):	 Total:4.5864320	 Acc:0.1562500	 Mean_Total:2.7269722
2021-03-20 21:06:47,369 -   386 /   966 (40.0%):	 Total:3.4808631	 Acc:0.0625000	 Mean_Total:2.6739593
2021-03-20 21:06:50,999 -   579 /   966 (59.9%):	 Total:2.9647355	 Acc:0.0625000	 Mean_Total:2.6921769
2021-03-20 21:06:54,740 -   772 /   966 (79.9%):	 Total:3.9321380	 Acc:0.0625000	 Mean_Total:2.6933768
2021-03-20 21:06:58,504 -   965 /   966 (99.9%):	 Total:2.5316575	 Acc:0.1612903	 Mean_Total:2.6969382
2021-03-20 21:06:58,569 - 
===============================|    epoch 54   |===============================

2021-03-20 21:06:58,760 -     0 /   966 (0.0%):	 Total:1.8863063	 Acc:0.3125000	 Mean_Total:1.8863063
2021-03-20 21:07:02,458 -   193 /   966 (20.0%):	 Total:1.5096021	 Acc:0.0625000	 Mean_Total:2.7111523
2021-03-20 21:07:06,153 -   386 /   966 (40.0%):	 Total:3.1108856	 Acc:0.1250000	 Mean_Total:2.6930120
2021-03-20 21:07:09,851 -   579 /   966 (59.9%):	 Total:2.8317261	 Acc:0.0937500	 Mean_Total:2.7056057
2021-03-20 21:07:13,622 -   772 /   966 (79.9%):	 Total:2.6057255	 Acc:0.1250000	 Mean_Total:2.7018270
2021-03-20 21:07:17,559 -   965 /   966 (99.9%):	 Total:2.5714633	 Acc:0.1612903	 Mean_Total:2.7085026
2021-03-20 21:07:17,612 - 
===============================|    epoch 55   |===============================

2021-03-20 21:07:17,805 -     0 /   966 (0.0%):	 Total:1.9147960	 Acc:0.1250000	 Mean_Total:1.9147960
2021-03-20 21:07:21,477 -   193 /   966 (20.0%):	 Total:2.5170584	 Acc:0.1875000	 Mean_Total:2.6900826
2021-03-20 21:07:25,139 -   386 /   966 (40.0%):	 Total:2.5287113	 Acc:0.0937500	 Mean_Total:2.6931734
2021-03-20 21:07:28,941 -   579 /   966 (59.9%):	 Total:2.1985071	 Acc:0.1250000	 Mean_Total:2.7007248
2021-03-20 21:07:32,700 -   772 /   966 (79.9%):	 Total:2.3498201	 Acc:0.3125000	 Mean_Total:2.6898786
2021-03-20 21:07:36,609 -   965 /   966 (99.9%):	 Total:4.0144091	 Acc:0.0645161	 Mean_Total:2.7031347
2021-03-20 21:07:36,666 - 
===============================|    epoch 56   |===============================

2021-03-20 21:07:36,901 -     0 /   966 (0.0%):	 Total:2.5061908	 Acc:0.1875000	 Mean_Total:2.5061908
2021-03-20 21:07:40,717 -   193 /   966 (20.0%):	 Total:3.0009861	 Acc:0.1875000	 Mean_Total:2.6723884
2021-03-20 21:07:44,476 -   386 /   966 (40.0%):	 Total:2.6582999	 Acc:0.1562500	 Mean_Total:2.7159016
2021-03-20 21:07:48,324 -   579 /   966 (59.9%):	 Total:2.7399616	 Acc:0.0937500	 Mean_Total:2.6984613
2021-03-20 21:07:51,991 -   772 /   966 (79.9%):	 Total:3.0099478	 Acc:0.0312500	 Mean_Total:2.6924957
2021-03-20 21:07:55,778 -   965 /   966 (99.9%):	 Total:3.3108933	 Acc:0.0967742	 Mean_Total:2.7077436
2021-03-20 21:07:55,836 - 
===============================|    epoch 57   |===============================

2021-03-20 21:07:56,028 -     0 /   966 (0.0%):	 Total:1.6380849	 Acc:0.1562500	 Mean_Total:1.6380849
2021-03-20 21:07:59,753 -   193 /   966 (20.0%):	 Total:3.1845102	 Acc:0.1250000	 Mean_Total:2.7726724
2021-03-20 21:08:03,557 -   386 /   966 (40.0%):	 Total:4.2808075	 Acc:0.0312500	 Mean_Total:2.7296828
2021-03-20 21:08:07,351 -   579 /   966 (59.9%):	 Total:2.9026308	 Acc:0.1875000	 Mean_Total:2.7219859
2021-03-20 21:08:11,197 -   772 /   966 (79.9%):	 Total:2.6654778	 Acc:0.1250000	 Mean_Total:2.7027469
2021-03-20 21:08:15,060 -   965 /   966 (99.9%):	 Total:3.6556542	 Acc:0.1612903	 Mean_Total:2.7072736
2021-03-20 21:08:15,116 - 
===============================|    epoch 58   |===============================

2021-03-20 21:08:15,315 -     0 /   966 (0.0%):	 Total:2.0637524	 Acc:0.2500000	 Mean_Total:2.0637524
2021-03-20 21:08:19,145 -   193 /   966 (20.0%):	 Total:2.3021069	 Acc:0.1562500	 Mean_Total:2.6670338
2021-03-20 21:08:22,959 -   386 /   966 (40.0%):	 Total:4.0835309	 Acc:0.1562500	 Mean_Total:2.6450714
2021-03-20 21:08:26,673 -   579 /   966 (59.9%):	 Total:3.2843604	 Acc:0.1250000	 Mean_Total:2.6582413
2021-03-20 21:08:30,444 -   772 /   966 (79.9%):	 Total:2.6405048	 Acc:0.1250000	 Mean_Total:2.6764728
2021-03-20 21:08:34,174 -   965 /   966 (99.9%):	 Total:3.6288493	 Acc:0.0967742	 Mean_Total:2.6897322
2021-03-20 21:08:34,228 - 
===============================|    epoch 59   |===============================

2021-03-20 21:08:34,433 -     0 /   966 (0.0%):	 Total:1.3524430	 Acc:0.1875000	 Mean_Total:1.3524430
2021-03-20 21:08:38,129 -   193 /   966 (20.0%):	 Total:1.8946822	 Acc:0.1250000	 Mean_Total:2.7159009
2021-03-20 21:08:41,844 -   386 /   966 (40.0%):	 Total:2.2260885	 Acc:0.0312500	 Mean_Total:2.6899882
2021-03-20 21:08:45,552 -   579 /   966 (59.9%):	 Total:2.5673413	 Acc:0.2500000	 Mean_Total:2.7105996
2021-03-20 21:08:49,281 -   772 /   966 (79.9%):	 Total:2.0100222	 Acc:0.0625000	 Mean_Total:2.6959620
2021-03-20 21:08:53,038 -   965 /   966 (99.9%):	 Total:2.3529515	 Acc:0.0967742	 Mean_Total:2.7044252
2021-03-20 21:08:53,102 - 
===============================|    epoch 60   |===============================

2021-03-20 21:08:53,316 -     0 /   966 (0.0%):	 Total:1.9683007	 Acc:0.1562500	 Mean_Total:1.9683007
2021-03-20 21:08:57,078 -   193 /   966 (20.0%):	 Total:1.8346571	 Acc:0.1875000	 Mean_Total:2.6690786
2021-03-20 21:09:00,969 -   386 /   966 (40.0%):	 Total:2.1231275	 Acc:0.2187500	 Mean_Total:2.6709692
2021-03-20 21:09:04,552 -   579 /   966 (59.9%):	 Total:2.9715362	 Acc:0.1562500	 Mean_Total:2.6798858
2021-03-20 21:09:07,946 -   772 /   966 (79.9%):	 Total:2.5489528	 Acc:0.1562500	 Mean_Total:2.7003192
2021-03-20 21:09:11,299 -   965 /   966 (99.9%):	 Total:2.6752865	 Acc:0.1290323	 Mean_Total:2.7034140
2021-03-20 21:09:12,571 - 
===============================| start validation |===============================

2021-03-20 21:09:12,572 - 	 Total:2.5437547	 Acc:0.1469525
2021-03-20 21:09:12,575 -    ini file updated    
2021-03-20 21:09:12,588 - Snapshot saved to /data/users/wergillius/UTR_VAE/pth/RL_regressor_ribo/CV_for_rl/3en8-model_best_cv3.pth

2021-03-20 21:09:12,588 -    ini file updated    
2021-03-20 21:09:12,589 - 
===============================|    epoch 61   |===============================

2021-03-20 21:09:12,793 -     0 /   966 (0.0%):	 Total:3.3158529	 Acc:0.0625000	 Mean_Total:3.3158529
2021-03-20 21:09:16,465 -   193 /   966 (20.0%):	 Total:2.2503397	 Acc:0.1875000	 Mean_Total:2.7032541
2021-03-20 21:09:19,878 -   386 /   966 (40.0%):	 Total:1.9544554	 Acc:0.1875000	 Mean_Total:2.6978116
2021-03-20 21:09:23,426 -   579 /   966 (59.9%):	 Total:3.7209787	 Acc:0.2500000	 Mean_Total:2.7342883
2021-03-20 21:09:26,852 -   772 /   966 (79.9%):	 Total:2.9836621	 Acc:0.0937500	 Mean_Total:2.7132722
2021-03-20 21:09:30,243 -   965 /   966 (99.9%):	 Total:3.8220069	 Acc:0.1612903	 Mean_Total:2.6940037
2021-03-20 21:09:30,294 - 
===============================|    epoch 62   |===============================

2021-03-20 21:09:30,491 -     0 /   966 (0.0%):	 Total:2.0479107	 Acc:0.1875000	 Mean_Total:2.0479107
2021-03-20 21:09:33,887 -   193 /   966 (20.0%):	 Total:1.6634822	 Acc:0.2187500	 Mean_Total:2.6564036
2021-03-20 21:09:37,204 -   386 /   966 (40.0%):	 Total:2.7744608	 Acc:0.0312500	 Mean_Total:2.7072188
2021-03-20 21:09:40,652 -   579 /   966 (59.9%):	 Total:2.8791618	 Acc:0.1562500	 Mean_Total:2.7292457
2021-03-20 21:09:44,108 -   772 /   966 (79.9%):	 Total:3.1778054	 Acc:0.0937500	 Mean_Total:2.6938002
2021-03-20 21:09:47,412 -   965 /   966 (99.9%):	 Total:2.9596548	 Acc:0.1290323	 Mean_Total:2.6903642
2021-03-20 21:09:47,465 - 
===============================|    epoch 63   |===============================

2021-03-20 21:09:47,662 -     0 /   966 (0.0%):	 Total:3.8620629	 Acc:0.1250000	 Mean_Total:3.8620629
2021-03-20 21:09:51,017 -   193 /   966 (20.0%):	 Total:3.1502185	 Acc:0.2187500	 Mean_Total:2.6296500
2021-03-20 21:09:54,408 -   386 /   966 (40.0%):	 Total:3.2998059	 Acc:0.1250000	 Mean_Total:2.7110456
2021-03-20 21:09:57,837 -   579 /   966 (59.9%):	 Total:3.6748815	 Acc:0.0937500	 Mean_Total:2.7041013
2021-03-20 21:10:01,327 -   772 /   966 (79.9%):	 Total:2.6695962	 Acc:0.0937500	 Mean_Total:2.7044119
2021-03-20 21:10:04,751 -   965 /   966 (99.9%):	 Total:2.0625346	 Acc:0.0967742	 Mean_Total:2.6947879
2021-03-20 21:10:04,813 - 
===============================|    epoch 64   |===============================

2021-03-20 21:10:05,009 -     0 /   966 (0.0%):	 Total:2.2543805	 Acc:0.0625000	 Mean_Total:2.2543805
2021-03-20 21:10:08,459 -   193 /   966 (20.0%):	 Total:2.2736473	 Acc:0.2187500	 Mean_Total:2.7178696
2021-03-20 21:10:11,828 -   386 /   966 (40.0%):	 Total:2.0178723	 Acc:0.1875000	 Mean_Total:2.6802848
2021-03-20 21:10:15,152 -   579 /   966 (59.9%):	 Total:1.8644768	 Acc:0.1875000	 Mean_Total:2.6747646
2021-03-20 21:10:18,549 -   772 /   966 (79.9%):	 Total:1.6916237	 Acc:0.2187500	 Mean_Total:2.6879252
2021-03-20 21:10:21,901 -   965 /   966 (99.9%):	 Total:1.7244438	 Acc:0.1935484	 Mean_Total:2.6955615
2021-03-20 21:10:21,970 - 
===============================|    epoch 65   |===============================

2021-03-20 21:10:22,157 -     0 /   966 (0.0%):	 Total:3.7142370	 Acc:0.0937500	 Mean_Total:3.7142370
2021-03-20 21:10:25,629 -   193 /   966 (20.0%):	 Total:3.3005314	 Acc:0.2187500	 Mean_Total:2.6414348
2021-03-20 21:10:29,014 -   386 /   966 (40.0%):	 Total:2.7433329	 Acc:0.1250000	 Mean_Total:2.6717081
2021-03-20 21:10:32,472 -   579 /   966 (59.9%):	 Total:1.2804673	 Acc:0.2187500	 Mean_Total:2.6679369
2021-03-20 21:10:36,185 -   772 /   966 (79.9%):	 Total:2.4129446	 Acc:0.1875000	 Mean_Total:2.6775616
2021-03-20 21:10:39,550 -   965 /   966 (99.9%):	 Total:2.6670353	 Acc:0.2258065	 Mean_Total:2.6930082
2021-03-20 21:10:39,603 - 
===============================|    epoch 66   |===============================

2021-03-20 21:10:39,793 -     0 /   966 (0.0%):	 Total:4.0985160	 Acc:0.1250000	 Mean_Total:4.0985160
2021-03-20 21:10:43,126 -   193 /   966 (20.0%):	 Total:2.4919198	 Acc:0.2500000	 Mean_Total:2.7345234
2021-03-20 21:10:46,503 -   386 /   966 (40.0%):	 Total:2.7907104	 Acc:0.0937500	 Mean_Total:2.7070830
2021-03-20 21:10:49,801 -   579 /   966 (59.9%):	 Total:4.5619678	 Acc:0.1250000	 Mean_Total:2.7334443
2021-03-20 21:10:53,076 -   772 /   966 (79.9%):	 Total:3.7458243	 Acc:0.1562500	 Mean_Total:2.7149043
2021-03-20 21:10:56,398 -   965 /   966 (99.9%):	 Total:3.4776542	 Acc:0.1935484	 Mean_Total:2.6985473
2021-03-20 21:10:56,468 - 
===============================|    epoch 67   |===============================

2021-03-20 21:10:56,695 -     0 /   966 (0.0%):	 Total:2.6745586	 Acc:0.0937500	 Mean_Total:2.6745586
2021-03-20 21:10:59,944 -   193 /   966 (20.0%):	 Total:1.6471858	 Acc:0.2187500	 Mean_Total:2.6884644
2021-03-20 21:11:03,080 -   386 /   966 (40.0%):	 Total:1.5503452	 Acc:0.0937500	 Mean_Total:2.6916083
2021-03-20 21:11:06,275 -   579 /   966 (59.9%):	 Total:2.0028243	 Acc:0.1562500	 Mean_Total:2.6864279
2021-03-20 21:11:09,425 -   772 /   966 (79.9%):	 Total:3.3519807	 Acc:0.1875000	 Mean_Total:2.6773755
2021-03-20 21:11:12,556 -   965 /   966 (99.9%):	 Total:4.2397566	 Acc:0.0967742	 Mean_Total:2.6862790
2021-03-20 21:11:12,609 - 
===============================|    epoch 68   |===============================

2021-03-20 21:11:12,809 -     0 /   966 (0.0%):	 Total:3.9416113	 Acc:0.0312500	 Mean_Total:3.9416113
2021-03-20 21:11:16,001 -   193 /   966 (20.0%):	 Total:2.1048994	 Acc:0.2187500	 Mean_Total:2.5860391
2021-03-20 21:11:19,326 -   386 /   966 (40.0%):	 Total:2.2818398	 Acc:0.0937500	 Mean_Total:2.6839146
2021-03-20 21:11:22,478 -   579 /   966 (59.9%):	 Total:2.7964139	 Acc:0.0937500	 Mean_Total:2.6733497
2021-03-20 21:11:25,653 -   772 /   966 (79.9%):	 Total:2.8990016	 Acc:0.1250000	 Mean_Total:2.6816757
2021-03-20 21:11:28,883 -   965 /   966 (99.9%):	 Total:3.2691827	 Acc:0.0967742	 Mean_Total:2.6959629
2021-03-20 21:11:28,932 - 
===============================|    epoch 69   |===============================

2021-03-20 21:11:29,128 -     0 /   966 (0.0%):	 Total:3.6225767	 Acc:0.2187500	 Mean_Total:3.6225767
2021-03-20 21:11:32,237 -   193 /   966 (20.0%):	 Total:2.0288863	 Acc:0.1250000	 Mean_Total:2.6856249
2021-03-20 21:11:35,345 -   386 /   966 (40.0%):	 Total:2.2526305	 Acc:0.1875000	 Mean_Total:2.6810420
2021-03-20 21:11:38,506 -   579 /   966 (59.9%):	 Total:2.8583035	 Acc:0.1250000	 Mean_Total:2.6890256
2021-03-20 21:11:41,665 -   772 /   966 (79.9%):	 Total:2.4650846	 Acc:0.1875000	 Mean_Total:2.6930370
2021-03-20 21:11:44,974 -   965 /   966 (99.9%):	 Total:3.4558833	 Acc:0.1290323	 Mean_Total:2.6896842
2021-03-20 21:11:45,029 - 
===============================|    epoch 70   |===============================

2021-03-20 21:11:45,215 -     0 /   966 (0.0%):	 Total:2.3093266	 Acc:0.1250000	 Mean_Total:2.3093266
2021-03-20 21:11:48,406 -   193 /   966 (20.0%):	 Total:2.8331170	 Acc:0.2187500	 Mean_Total:2.7148030
2021-03-20 21:11:51,664 -   386 /   966 (40.0%):	 Total:1.8823647	 Acc:0.1562500	 Mean_Total:2.6778943
2021-03-20 21:11:54,851 -   579 /   966 (59.9%):	 Total:4.1567421	 Acc:0.0937500	 Mean_Total:2.6895257
2021-03-20 21:11:58,091 -   772 /   966 (79.9%):	 Total:2.3827195	 Acc:0.2500000	 Mean_Total:2.6739365
2021-03-20 21:12:01,209 -   965 /   966 (99.9%):	 Total:3.6070173	 Acc:0.0967742	 Mean_Total:2.6781189
2021-03-20 21:12:02,385 - 
===============================| start validation |===============================

2021-03-20 21:12:02,386 - 	 Total:2.5533539	 Acc:0.1459194
2021-03-20 21:12:02,389 -    ini file updated    
2021-03-20 21:12:02,389 - 
===============================|    epoch 71   |===============================

2021-03-20 21:12:02,610 -     0 /   966 (0.0%):	 Total:2.8849525	 Acc:0.0625000	 Mean_Total:2.8849525
2021-03-20 21:12:05,709 -   193 /   966 (20.0%):	 Total:2.3917942	 Acc:0.0937500	 Mean_Total:2.5591092
2021-03-20 21:12:08,853 -   386 /   966 (40.0%):	 Total:1.6020879	 Acc:0.1875000	 Mean_Total:2.6338938
2021-03-20 21:12:12,193 -   579 /   966 (59.9%):	 Total:2.9021518	 Acc:0.1875000	 Mean_Total:2.6648757
2021-03-20 21:12:15,445 -   772 /   966 (79.9%):	 Total:3.7465122	 Acc:0.0625000	 Mean_Total:2.6854071
2021-03-20 21:12:18,628 -   965 /   966 (99.9%):	 Total:3.0976946	 Acc:0.1612903	 Mean_Total:2.6940996
2021-03-20 21:12:18,694 - 
===============================|    epoch 72   |===============================

2021-03-20 21:12:18,903 -     0 /   966 (0.0%):	 Total:2.3845904	 Acc:0.1250000	 Mean_Total:2.3845904
2021-03-20 21:12:22,029 -   193 /   966 (20.0%):	 Total:2.6331692	 Acc:0.0937500	 Mean_Total:2.7791759
2021-03-20 21:12:25,255 -   386 /   966 (40.0%):	 Total:2.9593189	 Acc:0.1250000	 Mean_Total:2.7672981
2021-03-20 21:12:28,480 -   579 /   966 (59.9%):	 Total:3.4632292	 Acc:0.1875000	 Mean_Total:2.7185215
2021-03-20 21:12:31,643 -   772 /   966 (79.9%):	 Total:2.3654404	 Acc:0.0937500	 Mean_Total:2.7048250
2021-03-20 21:12:34,747 -   965 /   966 (99.9%):	 Total:3.6935036	 Acc:0.0967742	 Mean_Total:2.6852446
2021-03-20 21:12:34,798 - 
===============================|    epoch 73   |===============================

2021-03-20 21:12:34,995 -     0 /   966 (0.0%):	 Total:4.1544609	 Acc:0.0937500	 Mean_Total:4.1544609
2021-03-20 21:12:38,049 -   193 /   966 (20.0%):	 Total:1.3186705	 Acc:0.2187500	 Mean_Total:2.6262605
2021-03-20 21:12:41,236 -   386 /   966 (40.0%):	 Total:2.5940232	 Acc:0.2187500	 Mean_Total:2.6533272
2021-03-20 21:12:44,296 -   579 /   966 (59.9%):	 Total:1.5212789	 Acc:0.2500000	 Mean_Total:2.6874648
2021-03-20 21:12:47,465 -   772 /   966 (79.9%):	 Total:1.5617572	 Acc:0.2812500	 Mean_Total:2.6813535
2021-03-20 21:12:50,572 -   965 /   966 (99.9%):	 Total:3.6929498	 Acc:0.1290323	 Mean_Total:2.6821714
2021-03-20 21:12:50,635 - 
===============================|    epoch 74   |===============================

2021-03-20 21:12:50,828 -     0 /   966 (0.0%):	 Total:2.1006551	 Acc:0.0937500	 Mean_Total:2.1006551
2021-03-20 21:12:54,041 -   193 /   966 (20.0%):	 Total:2.5186791	 Acc:0.2187500	 Mean_Total:2.6955794
2021-03-20 21:12:57,210 -   386 /   966 (40.0%):	 Total:2.4636445	 Acc:0.2500000	 Mean_Total:2.6890231
2021-03-20 21:13:00,335 -   579 /   966 (59.9%):	 Total:1.7425501	 Acc:0.2500000	 Mean_Total:2.6709670
2021-03-20 21:13:03,480 -   772 /   966 (79.9%):	 Total:4.4870262	 Acc:0.1562500	 Mean_Total:2.6767428
2021-03-20 21:13:06,618 -   965 /   966 (99.9%):	 Total:2.5980158	 Acc:0.1290323	 Mean_Total:2.6813793
2021-03-20 21:13:06,675 - 
===============================|    epoch 75   |===============================

2021-03-20 21:13:06,852 -     0 /   966 (0.0%):	 Total:1.8809257	 Acc:0.0937500	 Mean_Total:1.8809257
2021-03-20 21:13:09,972 -   193 /   966 (20.0%):	 Total:1.7266694	 Acc:0.1250000	 Mean_Total:2.5608952
2021-03-20 21:13:13,125 -   386 /   966 (40.0%):	 Total:2.0365944	 Acc:0.0937500	 Mean_Total:2.6555616
2021-03-20 21:13:16,255 -   579 /   966 (59.9%):	 Total:2.0101252	 Acc:0.1250000	 Mean_Total:2.6672291
2021-03-20 21:13:19,447 -   772 /   966 (79.9%):	 Total:3.3764019	 Acc:0.1250000	 Mean_Total:2.6729838
2021-03-20 21:13:22,599 -   965 /   966 (99.9%):	 Total:3.1035657	 Acc:0.0645161	 Mean_Total:2.6839605
2021-03-20 21:13:22,657 - 
===============================|    epoch 76   |===============================

2021-03-20 21:13:22,835 -     0 /   966 (0.0%):	 Total:1.7467375	 Acc:0.2187500	 Mean_Total:1.7467375
2021-03-20 21:13:25,937 -   193 /   966 (20.0%):	 Total:2.5672309	 Acc:0.0937500	 Mean_Total:2.6884568
2021-03-20 21:13:29,137 -   386 /   966 (40.0%):	 Total:3.4684565	 Acc:0.2812500	 Mean_Total:2.6819368
2021-03-20 21:13:32,306 -   579 /   966 (59.9%):	 Total:3.3381996	 Acc:0.1250000	 Mean_Total:2.6712210
2021-03-20 21:13:35,451 -   772 /   966 (79.9%):	 Total:2.6672058	 Acc:0.1562500	 Mean_Total:2.6690755
2021-03-20 21:13:38,589 -   965 /   966 (99.9%):	 Total:2.5656176	 Acc:0.0967742	 Mean_Total:2.6799136
2021-03-20 21:13:38,639 - 
===============================|    epoch 77   |===============================

2021-03-20 21:13:38,849 -     0 /   966 (0.0%):	 Total:1.4013848	 Acc:0.1875000	 Mean_Total:1.4013848
2021-03-20 21:13:41,994 -   193 /   966 (20.0%):	 Total:3.0337749	 Acc:0.0937500	 Mean_Total:2.7482860
2021-03-20 21:13:45,049 -   386 /   966 (40.0%):	 Total:4.3777494	 Acc:0.0625000	 Mean_Total:2.7000824
2021-03-20 21:13:48,171 -   579 /   966 (59.9%):	 Total:2.7506704	 Acc:0.0937500	 Mean_Total:2.7020370
2021-03-20 21:13:51,254 -   772 /   966 (79.9%):	 Total:2.9298179	 Acc:0.1562500	 Mean_Total:2.7012811
2021-03-20 21:13:54,288 -   965 /   966 (99.9%):	 Total:1.4435128	 Acc:0.0967742	 Mean_Total:2.6762888
2021-03-20 21:13:54,346 - 
===============================|    epoch 78   |===============================

2021-03-20 21:13:54,566 -     0 /   966 (0.0%):	 Total:2.3989336	 Acc:0.1562500	 Mean_Total:2.3989336
2021-03-20 21:13:57,677 -   193 /   966 (20.0%):	 Total:3.0919638	 Acc:0.1875000	 Mean_Total:2.6857236
2021-03-20 21:14:00,869 -   386 /   966 (40.0%):	 Total:2.5234716	 Acc:0.0625000	 Mean_Total:2.6410829
2021-03-20 21:14:04,003 -   579 /   966 (59.9%):	 Total:2.0192699	 Acc:0.1562500	 Mean_Total:2.6468457
2021-03-20 21:14:07,242 -   772 /   966 (79.9%):	 Total:2.4516542	 Acc:0.2187500	 Mean_Total:2.6705219
2021-03-20 21:14:10,461 -   965 /   966 (99.9%):	 Total:2.6928790	 Acc:0.1290323	 Mean_Total:2.6750901
2021-03-20 21:14:10,514 - 
===============================|    epoch 79   |===============================

2021-03-20 21:14:10,715 -     0 /   966 (0.0%):	 Total:3.7253044	 Acc:0.1875000	 Mean_Total:3.7253044
2021-03-20 21:14:13,830 -   193 /   966 (20.0%):	 Total:2.0726426	 Acc:0.2500000	 Mean_Total:2.7165895
2021-03-20 21:14:16,919 -   386 /   966 (40.0%):	 Total:2.3673296	 Acc:0.1250000	 Mean_Total:2.6489366
2021-03-20 21:14:20,150 -   579 /   966 (59.9%):	 Total:2.1165216	 Acc:0.1875000	 Mean_Total:2.6648677
2021-03-20 21:14:23,222 -   772 /   966 (79.9%):	 Total:3.3712981	 Acc:0.0625000	 Mean_Total:2.6610722
2021-03-20 21:14:26,350 -   965 /   966 (99.9%):	 Total:2.0150526	 Acc:0.0967742	 Mean_Total:2.6726012
2021-03-20 21:14:26,404 - 
===============================|    epoch 80   |===============================

2021-03-20 21:14:26,615 -     0 /   966 (0.0%):	 Total:1.9486401	 Acc:0.2187500	 Mean_Total:1.9486401
2021-03-20 21:14:29,663 -   193 /   966 (20.0%):	 Total:3.4554830	 Acc:0.1875000	 Mean_Total:2.6654885
2021-03-20 21:14:32,924 -   386 /   966 (40.0%):	 Total:1.6067100	 Acc:0.1875000	 Mean_Total:2.6637880
2021-03-20 21:14:36,092 -   579 /   966 (59.9%):	 Total:2.7020013	 Acc:0.0625000	 Mean_Total:2.6441778
2021-03-20 21:14:39,331 -   772 /   966 (79.9%):	 Total:1.5824594	 Acc:0.1250000	 Mean_Total:2.6672353
2021-03-20 21:14:42,411 -   965 /   966 (99.9%):	 Total:2.8790982	 Acc:0.1290323	 Mean_Total:2.6800659
2021-03-20 21:14:43,528 - 
===============================| start validation |===============================

2021-03-20 21:14:43,529 - 	 Total:2.6574858	 Acc:0.1386880
2021-03-20 21:14:43,532 -    ini file updated    
2021-03-20 21:14:43,532 - 
===============================|    epoch 81   |===============================

2021-03-20 21:14:43,720 -     0 /   966 (0.0%):	 Total:2.9747887	 Acc:0.1250000	 Mean_Total:2.9747887
2021-03-20 21:14:46,850 -   193 /   966 (20.0%):	 Total:2.0179021	 Acc:0.0312500	 Mean_Total:2.6328933
2021-03-20 21:14:49,940 -   386 /   966 (40.0%):	 Total:2.8666310	 Acc:0.2187500	 Mean_Total:2.7206295
2021-03-20 21:14:53,160 -   579 /   966 (59.9%):	 Total:3.4203141	 Acc:0.0625000	 Mean_Total:2.6959290
2021-03-20 21:14:56,384 -   772 /   966 (79.9%):	 Total:2.0703740	 Acc:0.2187500	 Mean_Total:2.6793412
2021-03-20 21:14:59,485 -   965 /   966 (99.9%):	 Total:1.9970589	 Acc:0.0967742	 Mean_Total:2.6699200
2021-03-20 21:14:59,538 - 
===============================|    epoch 82   |===============================

2021-03-20 21:14:59,743 -     0 /   966 (0.0%):	 Total:1.9386871	 Acc:0.0937500	 Mean_Total:1.9386871
2021-03-20 21:15:02,836 -   193 /   966 (20.0%):	 Total:1.4355276	 Acc:0.1562500	 Mean_Total:2.8005970
2021-03-20 21:15:06,194 -   386 /   966 (40.0%):	 Total:2.9301238	 Acc:0.0937500	 Mean_Total:2.7476431
2021-03-20 21:15:09,451 -   579 /   966 (59.9%):	 Total:2.0409315	 Acc:0.0937500	 Mean_Total:2.7008594
2021-03-20 21:15:12,672 -   772 /   966 (79.9%):	 Total:4.1821713	 Acc:0.0937500	 Mean_Total:2.6903671
2021-03-20 21:15:15,778 -   965 /   966 (99.9%):	 Total:1.5703516	 Acc:0.1935484	 Mean_Total:2.6814716
2021-03-20 21:15:15,837 - 
===============================|    epoch 83   |===============================

2021-03-20 21:15:16,080 -     0 /   966 (0.0%):	 Total:3.1205528	 Acc:0.1250000	 Mean_Total:3.1205528
2021-03-20 21:15:19,169 -   193 /   966 (20.0%):	 Total:2.5614674	 Acc:0.1875000	 Mean_Total:2.6808404
2021-03-20 21:15:22,317 -   386 /   966 (40.0%):	 Total:3.5054016	 Acc:0.0312500	 Mean_Total:2.7022156
2021-03-20 21:15:25,541 -   579 /   966 (59.9%):	 Total:2.1125813	 Acc:0.2187500	 Mean_Total:2.6662909
2021-03-20 21:15:28,687 -   772 /   966 (79.9%):	 Total:2.0989416	 Acc:0.1562500	 Mean_Total:2.6876717
2021-03-20 21:15:31,983 -   965 /   966 (99.9%):	 Total:2.4098210	 Acc:0.0322581	 Mean_Total:2.6663027
2021-03-20 21:15:32,042 - 
===============================|    epoch 84   |===============================

2021-03-20 21:15:32,240 -     0 /   966 (0.0%):	 Total:2.3957338	 Acc:0.1562500	 Mean_Total:2.3957338
2021-03-20 21:15:35,431 -   193 /   966 (20.0%):	 Total:1.1216395	 Acc:0.2500000	 Mean_Total:2.7139495
2021-03-20 21:15:38,670 -   386 /   966 (40.0%):	 Total:1.9834876	 Acc:0.0937500	 Mean_Total:2.7191379
2021-03-20 21:15:41,978 -   579 /   966 (59.9%):	 Total:2.2063601	 Acc:0.1250000	 Mean_Total:2.6968010
2021-03-20 21:15:45,096 -   772 /   966 (79.9%):	 Total:2.6913872	 Acc:0.0937500	 Mean_Total:2.6839564
2021-03-20 21:15:48,258 -   965 /   966 (99.9%):	 Total:2.9504349	 Acc:0.2580645	 Mean_Total:2.6751781
2021-03-20 21:15:48,313 - 
===============================|    epoch 85   |===============================

2021-03-20 21:15:48,512 -     0 /   966 (0.0%):	 Total:3.2343900	 Acc:0.1562500	 Mean_Total:3.2343900
2021-03-20 21:15:51,651 -   193 /   966 (20.0%):	 Total:3.0913777	 Acc:0.0937500	 Mean_Total:2.6778769
2021-03-20 21:15:54,868 -   386 /   966 (40.0%):	 Total:2.5368407	 Acc:0.1562500	 Mean_Total:2.6646985
2021-03-20 21:15:57,991 -   579 /   966 (59.9%):	 Total:2.7264321	 Acc:0.1562500	 Mean_Total:2.6485014
2021-03-20 21:16:01,252 -   772 /   966 (79.9%):	 Total:2.7260633	 Acc:0.1250000	 Mean_Total:2.6636439
2021-03-20 21:16:04,347 -   965 /   966 (99.9%):	 Total:2.9626162	 Acc:0.1290323	 Mean_Total:2.6754554
2021-03-20 21:16:04,400 - 
===============================|    epoch 86   |===============================

2021-03-20 21:16:04,589 -     0 /   966 (0.0%):	 Total:3.0719097	 Acc:0.1562500	 Mean_Total:3.0719097
2021-03-20 21:16:07,719 -   193 /   966 (20.0%):	 Total:2.7009397	 Acc:0.2812500	 Mean_Total:2.6842632
2021-03-20 21:16:10,870 -   386 /   966 (40.0%):	 Total:1.8890420	 Acc:0.1875000	 Mean_Total:2.7094142
2021-03-20 21:16:13,992 -   579 /   966 (59.9%):	 Total:1.3953959	 Acc:0.1250000	 Mean_Total:2.6912637
2021-03-20 21:16:17,180 -   772 /   966 (79.9%):	 Total:3.4210520	 Acc:0.0937500	 Mean_Total:2.6833270
2021-03-20 21:16:20,305 -   965 /   966 (99.9%):	 Total:1.8456385	 Acc:0.1612903	 Mean_Total:2.6728682
2021-03-20 21:16:20,356 - 
===============================|    epoch 87   |===============================

2021-03-20 21:16:20,531 -     0 /   966 (0.0%):	 Total:2.0176487	 Acc:0.1875000	 Mean_Total:2.0176487
2021-03-20 21:16:23,631 -   193 /   966 (20.0%):	 Total:2.1253648	 Acc:0.2187500	 Mean_Total:2.6462522
2021-03-20 21:16:26,750 -   386 /   966 (40.0%):	 Total:3.0530877	 Acc:0.1562500	 Mean_Total:2.6760788
2021-03-20 21:16:29,837 -   579 /   966 (59.9%):	 Total:1.9954294	 Acc:0.2500000	 Mean_Total:2.6959119
2021-03-20 21:16:33,091 -   772 /   966 (79.9%):	 Total:4.5008621	 Acc:0.0625000	 Mean_Total:2.6720859
2021-03-20 21:16:36,283 -   965 /   966 (99.9%):	 Total:3.3265011	 Acc:0.1612903	 Mean_Total:2.6686450
2021-03-20 21:16:36,337 - 
===============================|    epoch 88   |===============================

2021-03-20 21:16:36,539 -     0 /   966 (0.0%):	 Total:3.4334211	 Acc:0.2187500	 Mean_Total:3.4334211
2021-03-20 21:16:39,687 -   193 /   966 (20.0%):	 Total:1.8385973	 Acc:0.2187500	 Mean_Total:2.6682786
2021-03-20 21:16:42,912 -   386 /   966 (40.0%):	 Total:3.2602460	 Acc:0.0937500	 Mean_Total:2.6846655
2021-03-20 21:16:46,090 -   579 /   966 (59.9%):	 Total:3.5584583	 Acc:0.0312500	 Mean_Total:2.6456064
2021-03-20 21:16:49,286 -   772 /   966 (79.9%):	 Total:2.4152551	 Acc:0.1250000	 Mean_Total:2.6677948
2021-03-20 21:16:52,526 -   965 /   966 (99.9%):	 Total:2.9357836	 Acc:0.0645161	 Mean_Total:2.6684684
2021-03-20 21:16:52,586 - 
===============================|    epoch 89   |===============================

2021-03-20 21:16:52,781 -     0 /   966 (0.0%):	 Total:2.7944095	 Acc:0.2812500	 Mean_Total:2.7944095
2021-03-20 21:16:55,760 -   193 /   966 (20.0%):	 Total:3.3368616	 Acc:0.1250000	 Mean_Total:2.6849458
2021-03-20 21:16:58,845 -   386 /   966 (40.0%):	 Total:2.4467058	 Acc:0.1250000	 Mean_Total:2.6759977
2021-03-20 21:17:01,855 -   579 /   966 (59.9%):	 Total:2.3193188	 Acc:0.2187500	 Mean_Total:2.6478038
2021-03-20 21:17:05,009 -   772 /   966 (79.9%):	 Total:2.7857947	 Acc:0.0937500	 Mean_Total:2.6677530
2021-03-20 21:17:07,952 -   965 /   966 (99.9%):	 Total:2.8823397	 Acc:0.0645161	 Mean_Total:2.6747863
2021-03-20 21:17:08,010 - 
===============================|    epoch 90   |===============================

2021-03-20 21:17:08,218 -     0 /   966 (0.0%):	 Total:1.9646460	 Acc:0.3125000	 Mean_Total:1.9646460
2021-03-20 21:17:11,376 -   193 /   966 (20.0%):	 Total:2.0257783	 Acc:0.2500000	 Mean_Total:2.7021060
2021-03-20 21:17:14,572 -   386 /   966 (40.0%):	 Total:2.0186200	 Acc:0.1875000	 Mean_Total:2.6240752
2021-03-20 21:17:17,729 -   579 /   966 (59.9%):	 Total:1.8921132	 Acc:0.2187500	 Mean_Total:2.6392715
2021-03-20 21:17:20,858 -   772 /   966 (79.9%):	 Total:2.3721602	 Acc:0.1250000	 Mean_Total:2.6384164
2021-03-20 21:17:23,910 -   965 /   966 (99.9%):	 Total:2.2018402	 Acc:0.0645161	 Mean_Total:2.6597982
2021-03-20 21:17:25,089 - 
===============================| start validation |===============================

2021-03-20 21:17:25,090 - 	 Total:2.6123570	 Acc:0.1386880
2021-03-20 21:17:25,093 -    ini file updated    
2021-03-20 21:17:25,093 - 
===============================|    epoch 91   |===============================

2021-03-20 21:17:25,287 -     0 /   966 (0.0%):	 Total:3.2277565	 Acc:0.2187500	 Mean_Total:3.2277565
2021-03-20 21:17:28,347 -   193 /   966 (20.0%):	 Total:1.7271901	 Acc:0.0937500	 Mean_Total:2.7405298
2021-03-20 21:17:31,513 -   386 /   966 (40.0%):	 Total:2.8924327	 Acc:0.1875000	 Mean_Total:2.7052948
2021-03-20 21:17:34,702 -   579 /   966 (59.9%):	 Total:2.3929462	 Acc:0.0312500	 Mean_Total:2.6956725
2021-03-20 21:17:37,877 -   772 /   966 (79.9%):	 Total:2.4828634	 Acc:0.0937500	 Mean_Total:2.6814830
2021-03-20 21:17:41,140 -   965 /   966 (99.9%):	 Total:3.3717346	 Acc:0.0967742	 Mean_Total:2.6626475
2021-03-20 21:17:41,208 - 
===============================|    epoch 92   |===============================

2021-03-20 21:17:41,404 -     0 /   966 (0.0%):	 Total:1.9230050	 Acc:0.2500000	 Mean_Total:1.9230050
2021-03-20 21:17:44,592 -   193 /   966 (20.0%):	 Total:4.6770225	 Acc:0.0625000	 Mean_Total:2.6530447
2021-03-20 21:17:47,696 -   386 /   966 (40.0%):	 Total:3.2853408	 Acc:0.1875000	 Mean_Total:2.6677835
2021-03-20 21:17:50,799 -   579 /   966 (59.9%):	 Total:2.3258243	 Acc:0.2500000	 Mean_Total:2.6713779
2021-03-20 21:17:54,013 -   772 /   966 (79.9%):	 Total:2.0651593	 Acc:0.0312500	 Mean_Total:2.6657515
2021-03-20 21:17:57,272 -   965 /   966 (99.9%):	 Total:2.6238403	 Acc:0.2258065	 Mean_Total:2.6599952
2021-03-20 21:17:57,339 - 
===============================|    epoch 93   |===============================

2021-03-20 21:17:57,552 -     0 /   966 (0.0%):	 Total:2.8353090	 Acc:0.2500000	 Mean_Total:2.8353090
2021-03-20 21:18:00,939 -   193 /   966 (20.0%):	 Total:3.0020571	 Acc:0.0625000	 Mean_Total:2.6611565
2021-03-20 21:18:03,927 -   386 /   966 (40.0%):	 Total:3.0321512	 Acc:0.1875000	 Mean_Total:2.6400953
2021-03-20 21:18:07,026 -   579 /   966 (59.9%):	 Total:3.0646772	 Acc:0.0625000	 Mean_Total:2.6662548
2021-03-20 21:18:09,938 -   772 /   966 (79.9%):	 Total:3.7251174	 Acc:0.1875000	 Mean_Total:2.6720967
2021-03-20 21:18:12,842 -   965 /   966 (99.9%):	 Total:3.2794938	 Acc:0.1612903	 Mean_Total:2.6735640
2021-03-20 21:18:12,898 - 
===============================|    epoch 94   |===============================

2021-03-20 21:18:13,104 -     0 /   966 (0.0%):	 Total:1.2844461	 Acc:0.2812500	 Mean_Total:1.2844461
2021-03-20 21:18:16,034 -   193 /   966 (20.0%):	 Total:2.7556431	 Acc:0.2500000	 Mean_Total:2.6284058
2021-03-20 21:18:19,036 -   386 /   966 (40.0%):	 Total:2.0200915	 Acc:0.1875000	 Mean_Total:2.6741959
2021-03-20 21:18:22,043 -   579 /   966 (59.9%):	 Total:1.9636521	 Acc:0.1250000	 Mean_Total:2.6771333
2021-03-20 21:18:25,070 -   772 /   966 (79.9%):	 Total:2.0214028	 Acc:0.0937500	 Mean_Total:2.6562785
2021-03-20 21:18:28,192 -   965 /   966 (99.9%):	 Total:1.9168421	 Acc:0.1290323	 Mean_Total:2.6563162
2021-03-20 21:18:28,252 - 
===============================|    epoch 95   |===============================

2021-03-20 21:18:28,437 -     0 /   966 (0.0%):	 Total:2.8380396	 Acc:0.1875000	 Mean_Total:2.8380396
2021-03-20 21:18:31,441 -   193 /   966 (20.0%):	 Total:2.2526827	 Acc:0.1875000	 Mean_Total:2.5651279
2021-03-20 21:18:34,511 -   386 /   966 (40.0%):	 Total:2.8785400	 Acc:0.1562500	 Mean_Total:2.5734602
2021-03-20 21:18:37,609 -   579 /   966 (59.9%):	 Total:2.2434292	 Acc:0.1250000	 Mean_Total:2.6220107
2021-03-20 21:18:40,680 -   772 /   966 (79.9%):	 Total:2.3061590	 Acc:0.2812500	 Mean_Total:2.6436336
2021-03-20 21:18:43,835 -   965 /   966 (99.9%):	 Total:1.6458972	 Acc:0.3225806	 Mean_Total:2.6587580
2021-03-20 21:18:43,888 - 
===============================|    epoch 96   |===============================

2021-03-20 21:18:44,093 -     0 /   966 (0.0%):	 Total:2.3821216	 Acc:0.1250000	 Mean_Total:2.3821216
2021-03-20 21:18:47,138 -   193 /   966 (20.0%):	 Total:1.6857389	 Acc:0.1250000	 Mean_Total:2.7030497
2021-03-20 21:18:50,147 -   386 /   966 (40.0%):	 Total:1.9691538	 Acc:0.1250000	 Mean_Total:2.6526754
2021-03-20 21:18:53,180 -   579 /   966 (59.9%):	 Total:3.3119233	 Acc:0.1562500	 Mean_Total:2.6673374
2021-03-20 21:18:56,239 -   772 /   966 (79.9%):	 Total:2.7327514	 Acc:0.0937500	 Mean_Total:2.6715924
2021-03-20 21:18:59,336 -   965 /   966 (99.9%):	 Total:2.9457464	 Acc:0.0967742	 Mean_Total:2.6550094
2021-03-20 21:18:59,406 - 
===============================|    epoch 97   |===============================

2021-03-20 21:18:59,613 -     0 /   966 (0.0%):	 Total:2.5223870	 Acc:0.1562500	 Mean_Total:2.5223870
2021-03-20 21:19:02,581 -   193 /   966 (20.0%):	 Total:2.3128731	 Acc:0.1562500	 Mean_Total:2.6180361
2021-03-20 21:19:05,466 -   386 /   966 (40.0%):	 Total:3.7396505	 Acc:0.0625000	 Mean_Total:2.6241591
2021-03-20 21:19:08,539 -   579 /   966 (59.9%):	 Total:2.8950238	 Acc:0.1562500	 Mean_Total:2.6091775
2021-03-20 21:19:11,569 -   772 /   966 (79.9%):	 Total:3.7853732	 Acc:0.0625000	 Mean_Total:2.6503477
2021-03-20 21:19:14,545 -   965 /   966 (99.9%):	 Total:2.7470536	 Acc:0.1290323	 Mean_Total:2.6539181
2021-03-20 21:19:14,595 - 
===============================|    epoch 98   |===============================

2021-03-20 21:19:14,783 -     0 /   966 (0.0%):	 Total:2.5390956	 Acc:0.0625000	 Mean_Total:2.5390956
2021-03-20 21:19:17,796 -   193 /   966 (20.0%):	 Total:2.4898052	 Acc:0.1875000	 Mean_Total:2.6065876
2021-03-20 21:19:20,924 -   386 /   966 (40.0%):	 Total:3.4776115	 Acc:0.1562500	 Mean_Total:2.6488272
2021-03-20 21:19:24,043 -   579 /   966 (59.9%):	 Total:2.1171889	 Acc:0.1875000	 Mean_Total:2.6451553
2021-03-20 21:19:27,047 -   772 /   966 (79.9%):	 Total:3.5525916	 Acc:0.1875000	 Mean_Total:2.6596292
2021-03-20 21:19:30,089 -   965 /   966 (99.9%):	 Total:3.2134128	 Acc:0.1935484	 Mean_Total:2.6557868
2021-03-20 21:19:30,144 - 
===============================|    epoch 99   |===============================

2021-03-20 21:19:30,334 -     0 /   966 (0.0%):	 Total:2.4554086	 Acc:0.1562500	 Mean_Total:2.4554086
2021-03-20 21:19:33,259 -   193 /   966 (20.0%):	 Total:2.0194972	 Acc:0.2187500	 Mean_Total:2.6811018
2021-03-20 21:19:36,473 -   386 /   966 (40.0%):	 Total:2.0491509	 Acc:0.0937500	 Mean_Total:2.6277064
2021-03-20 21:19:39,557 -   579 /   966 (59.9%):	 Total:2.2408166	 Acc:0.1250000	 Mean_Total:2.6518367
2021-03-20 21:19:42,505 -   772 /   966 (79.9%):	 Total:3.0477843	 Acc:0.1562500	 Mean_Total:2.6525630
2021-03-20 21:19:45,492 -   965 /   966 (99.9%):	 Total:2.4749243	 Acc:0.2258065	 Mean_Total:2.6599468
2021-03-20 21:19:45,559 - 
===============================|    epoch 100   |===============================

2021-03-20 21:19:45,738 -     0 /   966 (0.0%):	 Total:4.1282806	 Acc:0.1250000	 Mean_Total:4.1282806
2021-03-20 21:19:48,913 -   193 /   966 (20.0%):	 Total:2.0615263	 Acc:0.0625000	 Mean_Total:2.6527939
2021-03-20 21:19:52,039 -   386 /   966 (40.0%):	 Total:1.4133792	 Acc:0.1250000	 Mean_Total:2.6548742
2021-03-20 21:19:54,844 -   579 /   966 (59.9%):	 Total:3.4649744	 Acc:0.1875000	 Mean_Total:2.6646947
2021-03-20 21:19:57,542 -   772 /   966 (79.9%):	 Total:3.1249328	 Acc:0.0937500	 Mean_Total:2.6389703
2021-03-20 21:20:00,106 -   965 /   966 (99.9%):	 Total:3.5534904	 Acc:0.1612903	 Mean_Total:2.6550819
2021-03-20 21:20:01,110 - 
===============================| start validation |===============================

2021-03-20 21:20:01,111 - 	 Total:2.5347025	 Acc:0.1472968
2021-03-20 21:20:01,114 -    ini file updated    
2021-03-20 21:20:01,127 - Snapshot saved to /data/users/wergillius/UTR_VAE/pth/RL_regressor_ribo/CV_for_rl/3en8-model_best_cv3.pth

2021-03-20 21:20:01,128 -    ini file updated    
