2021-08-20 17:13:29,189 - 
===============================|    epoch 0   |===============================

2021-08-20 17:13:34,507 -     0 /   301 (0.0%):	 Total:0.6653516	 m_precision:1.0000000	 m_recall:1.0000000	 m_f1-score:1.0000000	 m_support:12.0000000	 lr:0.0009882	 Mean_Total:0.6653516
2021-08-20 17:13:35,968 -    60 /   301 (19.9%):	 Total:1.1074551	 m_precision:0.3750000	 m_recall:0.5000000	 m_f1-score:0.4285714	 m_support:12.0000000	 lr:0.0113170	 Mean_Total:0.8570522
2021-08-20 17:13:37,282 -   120 /   301 (39.9%):	 Total:1.0612093	 m_precision:0.3750000	 m_recall:0.5000000	 m_f1-score:0.4285714	 m_support:12.0000000	 lr:0.0080353	 Mean_Total:0.8768784
2021-08-20 17:13:38,758 -   180 /   301 (59.8%):	 Total:0.3998514	 m_precision:1.0000000	 m_recall:1.0000000	 m_f1-score:1.0000000	 m_support:12.0000000	 lr:0.0065699	 Mean_Total:0.8841582
2021-08-20 17:13:40,098 -   240 /   301 (79.7%):	 Total:0.6415736	 m_precision:0.4583333	 m_recall:0.5000000	 m_f1-score:0.4782609	 m_support:12.0000000	 lr:0.0056936	 Mean_Total:0.8820509
2021-08-20 17:13:41,369 -   300 /   301 (99.7%):	 Total:1.1105766	 m_precision:0.7142857	 m_recall:0.6000000	 m_f1-score:0.4666667	 m_support:8.0000000	 lr:0.0050946	 Mean_Total:0.8737151
2021-08-20 17:13:42,822 - 
===============================| start validation |===============================

2021-08-20 17:13:42,823 - 	 Total:0.8866272	 m_precision:0.5059801	 m_recall:0.4928324	 m_f1-score:0.3736872	 m_support:11.9767442
2021-08-20 17:13:42,829 -    ini file updated    
2021-08-20 17:13:42,888 - Snapshot saved to /data/users/wergillius/UTR_VAE/pth/Cross_stitch_classifier_MTL/wrapper_clf_Alan/gru_linear_w3-model_best.pth

2021-08-20 17:13:42,888 -    ini file updated    
2021-08-20 17:13:42,889 - 
===============================|    epoch 1   |===============================

2021-08-20 17:13:43,350 -     0 /   301 (0.0%):	 Total:0.8848652	 m_precision:0.6428571	 m_recall:0.7500000	 m_f1-score:0.5555556	 m_support:12.0000000	 lr:0.0050862	 Mean_Total:0.8848652
2021-08-20 17:13:44,822 -    60 /   301 (19.9%):	 Total:0.8389485	 m_precision:0.4166667	 m_recall:0.5000000	 m_f1-score:0.4545455	 m_support:12.0000000	 lr:0.0046456	 Mean_Total:0.8626701
2021-08-20 17:13:46,312 -   120 /   301 (39.9%):	 Total:0.8836960	 m_precision:0.4166667	 m_recall:0.5000000	 m_f1-score:0.4545455	 m_support:12.0000000	 lr:0.0043027	 Mean_Total:0.8998606
2021-08-20 17:13:47,924 -   180 /   301 (59.8%):	 Total:1.1666245	 m_precision:0.3750000	 m_recall:0.5000000	 m_f1-score:0.4285714	 m_support:12.0000000	 lr:0.0040260	 Mean_Total:0.8842657
2021-08-20 17:13:49,550 -   240 /   301 (79.7%):	 Total:0.7780842	 m_precision:0.4166667	 m_recall:0.5000000	 m_f1-score:0.4545455	 m_support:12.0000000	 lr:0.0037966	 Mean_Total:0.8760972
2021-08-20 17:13:50,980 -   300 /   301 (99.7%):	 Total:0.2401140	 m_precision:1.0000000	 m_recall:1.0000000	 m_f1-score:1.0000000	 m_support:8.0000000	 lr:0.0036024	 Mean_Total:0.8484059
2021-08-20 17:13:52,507 - 
===============================| start validation |===============================

2021-08-20 17:13:52,508 - 	 Total:0.8298922	 m_precision:0.5406301	 m_recall:0.5540052	 m_f1-score:0.5373277	 m_support:11.9767442
2021-08-20 17:13:52,512 -    ini file updated    
2021-08-20 17:13:52,562 - Snapshot saved to /data/users/wergillius/UTR_VAE/pth/Cross_stitch_classifier_MTL/wrapper_clf_Alan/gru_linear_w3-model_best.pth

2021-08-20 17:13:52,562 -    ini file updated    
2021-08-20 17:13:52,562 - 
===============================|    epoch 2   |===============================

2021-08-20 17:13:52,999 -     0 /   301 (0.0%):	 Total:0.7697979	 m_precision:0.4090909	 m_recall:0.4500000	 m_f1-score:0.4285714	 m_support:12.0000000	 lr:0.0035995	 Mean_Total:0.7697979
2021-08-20 17:13:54,454 -    60 /   301 (19.9%):	 Total:0.8478333	 m_precision:0.4166667	 m_recall:0.5000000	 m_f1-score:0.4545455	 m_support:12.0000000	 lr:0.0034327	 Mean_Total:0.8324418
2021-08-20 17:13:55,945 -   120 /   301 (39.9%):	 Total:0.8263418	 m_precision:0.4375000	 m_recall:0.3181818	 m_f1-score:0.3684211	 m_support:12.0000000	 lr:0.0032872	 Mean_Total:0.8153925
2021-08-20 17:13:57,282 -   180 /   301 (59.8%):	 Total:0.7451828	 m_precision:0.9545455	 m_recall:0.7500000	 m_f1-score:0.8095238	 m_support:12.0000000	 lr:0.0031587	 Mean_Total:0.8266684
2021-08-20 17:13:58,673 -   240 /   301 (79.7%):	 Total:0.9461645	 m_precision:0.3750000	 m_recall:0.5000000	 m_f1-score:0.4285714	 m_support:12.0000000	 lr:0.0030443	 Mean_Total:0.8223490
2021-08-20 17:13:59,998 -   300 /   301 (99.7%):	 Total:1.3437345	 m_precision:0.8571429	 m_recall:0.6666667	 m_f1-score:0.6666667	 m_support:8.0000000	 lr:0.0029414	 Mean_Total:0.8276937
2021-08-20 17:14:01,488 - 
===============================| start validation |===============================

2021-08-20 17:14:01,489 - 	 Total:0.7784672	 m_precision:0.5423185	 m_recall:0.5554947	 m_f1-score:0.5380612	 m_support:11.9767442
2021-08-20 17:14:01,493 -    ini file updated    
2021-08-20 17:14:01,549 - Snapshot saved to /data/users/wergillius/UTR_VAE/pth/Cross_stitch_classifier_MTL/wrapper_clf_Alan/gru_linear_w3-model_best.pth

2021-08-20 17:14:01,550 -    ini file updated    
2021-08-20 17:14:01,550 - 
===============================|    epoch 3   |===============================

2021-08-20 17:14:02,047 -     0 /   301 (0.0%):	 Total:0.9300188	 m_precision:0.3750000	 m_recall:0.5000000	 m_f1-score:0.4285714	 m_support:12.0000000	 lr:0.0029398	 Mean_Total:0.9300188
2021-08-20 17:14:03,547 -    60 /   301 (19.9%):	 Total:0.9204603	 m_precision:0.7222222	 m_recall:0.6875000	 m_f1-score:0.6974790	 m_support:12.0000000	 lr:0.0028468	 Mean_Total:0.8073139
2021-08-20 17:14:05,029 -   120 /   301 (39.9%):	 Total:1.2091680	 m_precision:0.8636364	 m_recall:0.6250000	 m_f1-score:0.6210526	 m_support:12.0000000	 lr:0.0027621	 Mean_Total:0.7933351
2021-08-20 17:14:06,552 -   180 /   301 (59.8%):	 Total:0.4939142	 m_precision:0.5000000	 m_recall:0.4166667	 m_f1-score:0.4545455	 m_support:12.0000000	 lr:0.0026846	 Mean_Total:0.8149977
2021-08-20 17:14:08,092 -   240 /   301 (79.7%):	 Total:1.0307035	 m_precision:0.3636364	 m_recall:0.4444444	 m_f1-score:0.4000000	 m_support:12.0000000	 lr:0.0026133	 Mean_Total:0.8044488
2021-08-20 17:14:09,549 -   300 /   301 (99.7%):	 Total:0.9221468	 m_precision:0.4285714	 m_recall:0.4285714	 m_f1-score:0.4285714	 m_support:8.0000000	 lr:0.0025473	 Mean_Total:0.8063541
2021-08-20 17:14:11,046 - 
===============================| start validation |===============================

2021-08-20 17:14:11,049 - 	 Total:0.7776608	 m_precision:0.5633406	 m_recall:0.5635835	 m_f1-score:0.5492466	 m_support:11.9767442
2021-08-20 17:14:11,055 -    ini file updated    
2021-08-20 17:14:11,119 - Snapshot saved to /data/users/wergillius/UTR_VAE/pth/Cross_stitch_classifier_MTL/wrapper_clf_Alan/gru_linear_w3-model_best.pth

2021-08-20 17:14:11,120 -    ini file updated    
2021-08-20 17:14:11,120 - 
===============================|    epoch 4   |===============================

2021-08-20 17:14:11,588 -     0 /   301 (0.0%):	 Total:1.0715504	 m_precision:0.6250000	 m_recall:0.6250000	 m_f1-score:0.6250000	 m_support:12.0000000	 lr:0.0025463	 Mean_Total:1.0715504
2021-08-20 17:14:12,967 -    60 /   301 (19.9%):	 Total:0.4921063	 m_precision:0.5000000	 m_recall:0.3750000	 m_f1-score:0.4285714	 m_support:12.0000000	 lr:0.0024851	 Mean_Total:0.7683704
2021-08-20 17:14:14,427 -   120 /   301 (39.9%):	 Total:0.6422012	 m_precision:0.8333333	 m_recall:0.9500000	 m_f1-score:0.8736842	 m_support:12.0000000	 lr:0.0024282	 Mean_Total:0.7869336
2021-08-20 17:14:15,894 -   180 /   301 (59.8%):	 Total:0.5768604	 m_precision:0.6666667	 m_recall:0.9090909	 m_f1-score:0.7000000	 m_support:12.0000000	 lr:0.0023750	 Mean_Total:0.8033761
2021-08-20 17:14:17,366 -   240 /   301 (79.7%):	 Total:0.4499123	 m_precision:0.5000000	 m_recall:0.3750000	 m_f1-score:0.4285714	 m_support:12.0000000	 lr:0.0023252	 Mean_Total:0.7932358
2021-08-20 17:14:18,770 -   300 /   301 (99.7%):	 Total:0.8031887	 m_precision:1.0000000	 m_recall:1.0000000	 m_f1-score:1.0000000	 m_support:8.0000000	 lr:0.0022784	 Mean_Total:0.7943792
2021-08-20 17:14:20,388 - 
===============================| start validation |===============================

2021-08-20 17:14:20,390 - 	 Total:0.7561820	 m_precision:0.5844743	 m_recall:0.5831895	 m_f1-score:0.5721651	 m_support:11.9767442
2021-08-20 17:14:20,396 -    ini file updated    
2021-08-20 17:14:20,463 - Snapshot saved to /data/users/wergillius/UTR_VAE/pth/Cross_stitch_classifier_MTL/wrapper_clf_Alan/gru_linear_w3-model_best.pth

2021-08-20 17:14:20,464 -    ini file updated    
2021-08-20 17:14:20,464 - 
===============================|    epoch 5   |===============================

2021-08-20 17:14:20,897 -     0 /   301 (0.0%):	 Total:0.7466472	 m_precision:0.4500000	 m_recall:0.4090909	 m_f1-score:0.4285714	 m_support:12.0000000	 lr:0.0022776	 Mean_Total:0.7466472
2021-08-20 17:14:22,346 -    60 /   301 (19.9%):	 Total:0.6952535	 m_precision:0.4375000	 m_recall:0.3181818	 m_f1-score:0.3684211	 m_support:12.0000000	 lr:0.0022336	 Mean_Total:0.7855716
2021-08-20 17:14:23,788 -   120 /   301 (39.9%):	 Total:0.5958317	 m_precision:0.4545455	 m_recall:0.4545455	 m_f1-score:0.4545455	 m_support:12.0000000	 lr:0.0021920	 Mean_Total:0.7671722
2021-08-20 17:14:25,202 -   180 /   301 (59.8%):	 Total:0.9036612	 m_precision:0.4090909	 m_recall:0.4500000	 m_f1-score:0.4285714	 m_support:12.0000000	 lr:0.0021526	 Mean_Total:0.7716882
2021-08-20 17:14:26,609 -   240 /   301 (79.7%):	 Total:1.0935402	 m_precision:0.5555556	 m_recall:0.5555556	 m_f1-score:0.5555556	 m_support:12.0000000	 lr:0.0021153	 Mean_Total:0.7811985
2021-08-20 17:14:27,997 -   300 /   301 (99.7%):	 Total:0.6327622	 m_precision:1.0000000	 m_recall:1.0000000	 m_f1-score:1.0000000	 m_support:8.0000000	 lr:0.0020799	 Mean_Total:0.7883475
2021-08-20 17:14:29,434 - 
===============================| start validation |===============================

2021-08-20 17:14:29,435 - 	 Total:0.7580382	 m_precision:0.6038210	 m_recall:0.6118951	 m_f1-score:0.5899440	 m_support:11.9767442
2021-08-20 17:14:29,439 -    ini file updated    
2021-08-20 17:14:29,487 - Snapshot saved to /data/users/wergillius/UTR_VAE/pth/Cross_stitch_classifier_MTL/wrapper_clf_Alan/gru_linear_w3-model_best.pth

2021-08-20 17:14:29,488 -    ini file updated    
2021-08-20 17:14:29,488 - 
===============================|    epoch 6   |===============================

2021-08-20 17:14:29,962 -     0 /   301 (0.0%):	 Total:0.7114491	 m_precision:0.8750000	 m_recall:0.9444444	 m_f1-score:0.8991597	 m_support:12.0000000	 lr:0.0020793	 Mean_Total:0.7114491
2021-08-20 17:14:31,455 -    60 /   301 (19.9%):	 Total:0.5451531	 m_precision:0.6000000	 m_recall:0.8181818	 m_f1-score:0.5555556	 m_support:12.0000000	 lr:0.0020456	 Mean_Total:0.7413438
2021-08-20 17:14:32,866 -   120 /   301 (39.9%):	 Total:0.9551804	 m_precision:0.6111111	 m_recall:0.6500000	 m_f1-score:0.6210526	 m_support:12.0000000	 lr:0.0020135	 Mean_Total:0.7533533
2021-08-20 17:14:34,349 -   180 /   301 (59.8%):	 Total:1.1674513	 m_precision:0.3500000	 m_recall:0.3888889	 m_f1-score:0.3684211	 m_support:12.0000000	 lr:0.0019829	 Mean_Total:0.7649396
2021-08-20 17:14:35,877 -   240 /   301 (79.7%):	 Total:0.7221061	 m_precision:0.9545455	 m_recall:0.7500000	 m_f1-score:0.8095238	 m_support:12.0000000	 lr:0.0019536	 Mean_Total:0.7643316
2021-08-20 17:14:37,406 -   300 /   301 (99.7%):	 Total:0.3878801	 m_precision:1.0000000	 m_recall:1.0000000	 m_f1-score:1.0000000	 m_support:8.0000000	 lr:0.0019256	 Mean_Total:0.7678954
2021-08-20 17:14:39,012 - 
===============================| start validation |===============================

2021-08-20 17:14:39,014 - 	 Total:0.7619477	 m_precision:0.5811193	 m_recall:0.5834831	 m_f1-score:0.5713277	 m_support:11.9767442
2021-08-20 17:14:39,020 -    ini file updated    
2021-08-20 17:14:39,021 - 
===============================|    epoch 7   |===============================

2021-08-20 17:14:39,488 -     0 /   301 (0.0%):	 Total:0.9830801	 m_precision:0.9090909	 m_recall:0.6666667	 m_f1-score:0.7000000	 m_support:12.0000000	 lr:0.0019251	 Mean_Total:0.9830801
2021-08-20 17:14:40,951 -    60 /   301 (19.9%):	 Total:1.0956434	 m_precision:0.3636364	 m_recall:0.4444444	 m_f1-score:0.4000000	 m_support:12.0000000	 lr:0.0018983	 Mean_Total:0.7472922
2021-08-20 17:14:42,549 -   120 /   301 (39.9%):	 Total:1.2563393	 m_precision:0.3181818	 m_recall:0.4375000	 m_f1-score:0.3684211	 m_support:12.0000000	 lr:0.0018726	 Mean_Total:0.7672827
2021-08-20 17:14:44,092 -   180 /   301 (59.8%):	 Total:0.9391745	 m_precision:0.9444444	 m_recall:0.8750000	 m_f1-score:0.8991597	 m_support:12.0000000	 lr:0.0018479	 Mean_Total:0.7494472
2021-08-20 17:14:45,657 -   240 /   301 (79.7%):	 Total:0.6034616	 m_precision:0.5000000	 m_recall:0.3333333	 m_f1-score:0.4000000	 m_support:12.0000000	 lr:0.0018241	 Mean_Total:0.7589292
2021-08-20 17:14:47,012 -   300 /   301 (99.7%):	 Total:0.4339022	 m_precision:0.5000000	 m_recall:0.4375000	 m_f1-score:0.4666667	 m_support:8.0000000	 lr:0.0018012	 Mean_Total:0.7548758
2021-08-20 17:14:48,537 - 
===============================| start validation |===============================

2021-08-20 17:14:48,539 - 	 Total:0.7498066	 m_precision:0.6233879	 m_recall:0.5883163	 m_f1-score:0.5884026	 m_support:11.9767442
2021-08-20 17:14:48,543 -    ini file updated    
2021-08-20 17:14:48,588 - Snapshot saved to /data/users/wergillius/UTR_VAE/pth/Cross_stitch_classifier_MTL/wrapper_clf_Alan/gru_linear_w3-model_best.pth

2021-08-20 17:14:48,588 -    ini file updated    
2021-08-20 17:14:48,589 - 
===============================|    epoch 8   |===============================

2021-08-20 17:14:49,054 -     0 /   301 (0.0%):	 Total:0.3322718	 m_precision:1.0000000	 m_recall:1.0000000	 m_f1-score:1.0000000	 m_support:12.0000000	 lr:0.0018008	 Mean_Total:0.3322718
2021-08-20 17:14:50,369 -    60 /   301 (19.9%):	 Total:0.3396970	 m_precision:1.0000000	 m_recall:1.0000000	 m_f1-score:1.0000000	 m_support:12.0000000	 lr:0.0017788	 Mean_Total:0.7164310
2021-08-20 17:14:51,769 -   120 /   301 (39.9%):	 Total:0.7030355	 m_precision:0.7000000	 m_recall:0.7000000	 m_f1-score:0.7000000	 m_support:12.0000000	 lr:0.0017576	 Mean_Total:0.7225169
2021-08-20 17:14:53,378 -   180 /   301 (59.8%):	 Total:0.6802102	 m_precision:0.7500000	 m_recall:0.8333333	 m_f1-score:0.7333333	 m_support:12.0000000	 lr:0.0017371	 Mean_Total:0.7345560
2021-08-20 17:14:54,914 -   240 /   301 (79.7%):	 Total:0.4744130	 m_precision:0.5000000	 m_recall:0.3333333	 m_f1-score:0.4000000	 m_support:12.0000000	 lr:0.0017173	 Mean_Total:0.7341111
2021-08-20 17:14:56,275 -   300 /   301 (99.7%):	 Total:0.7304137	 m_precision:0.9285714	 m_recall:0.7500000	 m_f1-score:0.7948718	 m_support:8.0000000	 lr:0.0016982	 Mean_Total:0.7377541
2021-08-20 17:14:57,752 - 
===============================| start validation |===============================

2021-08-20 17:14:57,754 - 	 Total:0.7671750	 m_precision:0.5669590	 m_recall:0.5911323	 m_f1-score:0.5495206	 m_support:11.9767442
2021-08-20 17:14:57,759 -    ini file updated    
2021-08-20 17:14:57,760 - 
===============================|    epoch 9   |===============================

2021-08-20 17:14:58,177 -     0 /   301 (0.0%):	 Total:0.5085155	 m_precision:0.8333333	 m_recall:0.9500000	 m_f1-score:0.8736842	 m_support:12.0000000	 lr:0.0016979	 Mean_Total:0.5085155
2021-08-20 17:14:59,703 -    60 /   301 (19.9%):	 Total:0.7234144	 m_precision:0.6111111	 m_recall:0.6500000	 m_f1-score:0.6210526	 m_support:12.0000000	 lr:0.0016794	 Mean_Total:0.7314706
2021-08-20 17:15:01,238 -   120 /   301 (39.9%):	 Total:0.4034271	 m_precision:0.6666667	 m_recall:0.9090909	 m_f1-score:0.7000000	 m_support:12.0000000	 lr:0.0016615	 Mean_Total:0.7315252
2021-08-20 17:15:02,780 -   180 /   301 (59.8%):	 Total:0.5938742	 m_precision:0.6250000	 m_recall:0.8636364	 m_f1-score:0.6210526	 m_support:12.0000000	 lr:0.0016442	 Mean_Total:0.7337442
2021-08-20 17:15:04,273 -   240 /   301 (79.7%):	 Total:0.7994453	 m_precision:0.4444444	 m_recall:0.3636364	 m_f1-score:0.4000000	 m_support:12.0000000	 lr:0.0016274	 Mean_Total:0.7222637
2021-08-20 17:15:05,754 -   300 /   301 (99.7%):	 Total:1.5427943	 m_precision:0.5833333	 m_recall:0.5666667	 m_f1-score:0.5636364	 m_support:8.0000000	 lr:0.0016111	 Mean_Total:0.7213065
2021-08-20 17:15:07,217 - 
===============================| start validation |===============================

2021-08-20 17:15:07,219 - 	 Total:0.7806627	 m_precision:0.5877848	 m_recall:0.5890609	 m_f1-score:0.5749214	 m_support:11.9767442
2021-08-20 17:15:07,223 -    ini file updated    
2021-08-20 17:15:07,223 - 
===============================|    epoch 10   |===============================

2021-08-20 17:15:07,667 -     0 /   301 (0.0%):	 Total:1.5761027	 m_precision:0.3000000	 m_recall:0.3750000	 m_f1-score:0.3333333	 m_support:12.0000000	 lr:0.0016108	 Mean_Total:1.5761027
2021-08-20 17:15:09,044 -    60 /   301 (19.9%):	 Total:0.9254909	 m_precision:0.7777778	 m_recall:0.7777778	 m_f1-score:0.7777778	 m_support:12.0000000	 lr:0.0015950	 Mean_Total:0.7414608
2021-08-20 17:15:10,650 -   120 /   301 (39.9%):	 Total:0.7587249	 m_precision:0.6875000	 m_recall:0.7222222	 m_f1-score:0.6974790	 m_support:12.0000000	 lr:0.0015796	 Mean_Total:0.7350673
2021-08-20 17:15:12,115 -   180 /   301 (59.8%):	 Total:1.0303235	 m_precision:0.6500000	 m_recall:0.6111111	 m_f1-score:0.6210526	 m_support:12.0000000	 lr:0.0015647	 Mean_Total:0.7165248
2021-08-20 17:15:13,532 -   240 /   301 (79.7%):	 Total:0.8163756	 m_precision:0.6285714	 m_recall:0.6666667	 m_f1-score:0.6250000	 m_support:12.0000000	 lr:0.0015502	 Mean_Total:0.6981073
2021-08-20 17:15:14,866 -   300 /   301 (99.7%):	 Total:0.2778217	 m_precision:1.0000000	 m_recall:1.0000000	 m_f1-score:1.0000000	 m_support:8.0000000	 lr:0.0015361	 Mean_Total:0.6809049
2021-08-20 17:15:16,367 - 
===============================| start validation |===============================

2021-08-20 17:15:16,369 - 	 Total:0.7861835	 m_precision:0.5680027	 m_recall:0.5715473	 m_f1-score:0.5574154	 m_support:11.9767442
2021-08-20 17:15:16,372 -    ini file updated    
2021-08-20 17:15:16,372 - 
===============================|    epoch 11   |===============================

2021-08-20 17:15:16,834 -     0 /   301 (0.0%):	 Total:0.9117043	 m_precision:0.9000000	 m_recall:0.7500000	 m_f1-score:0.7777778	 m_support:12.0000000	 lr:0.0015359	 Mean_Total:0.9117043
2021-08-20 17:15:18,331 -    60 /   301 (19.9%):	 Total:0.1822875	 m_precision:1.0000000	 m_recall:1.0000000	 m_f1-score:1.0000000	 m_support:12.0000000	 lr:0.0015221	 Mean_Total:0.6349950
2021-08-20 17:15:19,802 -   120 /   301 (39.9%):	 Total:1.1045254	 m_precision:0.9000000	 m_recall:0.7500000	 m_f1-score:0.7777778	 m_support:12.0000000	 lr:0.0015088	 Mean_Total:0.6744737
2021-08-20 17:15:21,310 -   180 /   301 (59.8%):	 Total:0.6916816	 m_precision:0.4545455	 m_recall:0.4545455	 m_f1-score:0.4545455	 m_support:12.0000000	 lr:0.0014957	 Mean_Total:0.6785240
2021-08-20 17:15:22,606 -   240 /   301 (79.7%):	 Total:0.5417243	 m_precision:0.6666667	 m_recall:0.9090909	 m_f1-score:0.7000000	 m_support:12.0000000	 lr:0.0014831	 Mean_Total:0.6786929
2021-08-20 17:15:24,071 -   300 /   301 (99.7%):	 Total:0.3281996	 m_precision:0.5000000	 m_recall:0.4375000	 m_f1-score:0.4666667	 m_support:8.0000000	 lr:0.0014707	 Mean_Total:0.6750447
2021-08-20 17:15:25,718 - 
===============================| start validation |===============================

2021-08-20 17:15:25,720 - 	 Total:0.8204089	 m_precision:0.5643054	 m_recall:0.5637417	 m_f1-score:0.5550796	 m_support:11.9767442
2021-08-20 17:15:25,723 -    ini file updated    
2021-08-20 17:15:25,724 - 
===============================|    epoch 12   |===============================

2021-08-20 17:15:26,185 -     0 /   301 (0.0%):	 Total:0.2581875	 m_precision:0.5000000	 m_recall:0.4166667	 m_f1-score:0.4545455	 m_support:12.0000000	 lr:0.0014705	 Mean_Total:0.2581875
2021-08-20 17:15:27,765 -    60 /   301 (19.9%):	 Total:1.1355814	 m_precision:0.4090909	 m_recall:0.4500000	 m_f1-score:0.4285714	 m_support:12.0000000	 lr:0.0014584	 Mean_Total:0.6426223
2021-08-20 17:15:29,096 -   120 /   301 (39.9%):	 Total:0.4435145	 m_precision:0.7500000	 m_recall:0.9000000	 m_f1-score:0.7777778	 m_support:12.0000000	 lr:0.0014467	 Mean_Total:0.6369628
2021-08-20 17:15:30,428 -   180 /   301 (59.8%):	 Total:0.6580417	 m_precision:0.4444444	 m_recall:0.3636364	 m_f1-score:0.4000000	 m_support:12.0000000	 lr:0.0014352	 Mean_Total:0.6737832
2021-08-20 17:15:31,725 -   240 /   301 (79.7%):	 Total:0.8578579	 m_precision:0.6111111	 m_recall:0.6500000	 m_f1-score:0.6210526	 m_support:12.0000000	 lr:0.0014240	 Mean_Total:0.6604990
2021-08-20 17:15:33,070 -   300 /   301 (99.7%):	 Total:1.2186739	 m_precision:0.4166667	 m_recall:0.3571429	 m_f1-score:0.3846154	 m_support:8.0000000	 lr:0.0014130	 Mean_Total:0.6564573
2021-08-20 17:15:34,522 - 
===============================| start validation |===============================

2021-08-20 17:15:34,524 - 	 Total:0.8155454	 m_precision:0.5807347	 m_recall:0.6036704	 m_f1-score:0.5627357	 m_support:11.9767442
2021-08-20 17:15:34,528 -    ini file updated    
2021-08-20 17:15:34,528 - 
===============================|    epoch 13   |===============================

2021-08-20 17:15:34,970 -     0 /   301 (0.0%):	 Total:0.9185078	 m_precision:0.6666667	 m_recall:0.6285714	 m_f1-score:0.6250000	 m_support:12.0000000	 lr:0.0014128	 Mean_Total:0.9185078
2021-08-20 17:15:36,511 -    60 /   301 (19.9%):	 Total:0.6529220	 m_precision:0.5833333	 m_recall:0.7727273	 m_f1-score:0.4957983	 m_support:12.0000000	 lr:0.0014021	 Mean_Total:0.6011294
2021-08-20 17:15:38,071 -   120 /   301 (39.9%):	 Total:0.7549088	 m_precision:0.9444444	 m_recall:0.8750000	 m_f1-score:0.8991597	 m_support:12.0000000	 lr:0.0013916	 Mean_Total:0.6177221
2021-08-20 17:15:39,605 -   180 /   301 (59.8%):	 Total:0.4635382	 m_precision:0.7500000	 m_recall:0.9000000	 m_f1-score:0.7777778	 m_support:12.0000000	 lr:0.0013814	 Mean_Total:0.6283882
2021-08-20 17:15:41,034 -   240 /   301 (79.7%):	 Total:1.5703572	 m_precision:0.8500000	 m_recall:0.7000000	 m_f1-score:0.6974790	 m_support:12.0000000	 lr:0.0013714	 Mean_Total:0.6289517
2021-08-20 17:15:42,461 -   300 /   301 (99.7%):	 Total:0.3759755	 m_precision:0.5000000	 m_recall:0.4375000	 m_f1-score:0.4666667	 m_support:8.0000000	 lr:0.0013616	 Mean_Total:0.6398398
2021-08-20 17:15:43,939 - 
===============================| start validation |===============================

2021-08-20 17:15:43,941 - 	 Total:0.8241486	 m_precision:0.5958740	 m_recall:0.5715339	 m_f1-score:0.5620098	 m_support:11.9767442
2021-08-20 17:15:43,946 -    ini file updated    
2021-08-20 17:15:43,946 - 
===============================|    epoch 14   |===============================

2021-08-20 17:15:44,416 -     0 /   301 (0.0%):	 Total:0.6597699	 m_precision:0.8333333	 m_recall:0.8750000	 m_f1-score:0.8285714	 m_support:12.0000000	 lr:0.0013614	 Mean_Total:0.6597699
2021-08-20 17:15:45,864 -    60 /   301 (19.9%):	 Total:0.6443484	 m_precision:0.6875000	 m_recall:0.7222222	 m_f1-score:0.6974790	 m_support:12.0000000	 lr:0.0013518	 Mean_Total:0.5901766
2021-08-20 17:15:47,424 -   120 /   301 (39.9%):	 Total:0.5304812	 m_precision:0.9500000	 m_recall:0.8333333	 m_f1-score:0.8736842	 m_support:12.0000000	 lr:0.0013425	 Mean_Total:0.5920313
2021-08-20 17:15:48,933 -   180 /   301 (59.8%):	 Total:0.2581744	 m_precision:1.0000000	 m_recall:1.0000000	 m_f1-score:1.0000000	 m_support:12.0000000	 lr:0.0013333	 Mean_Total:0.5763205
2021-08-20 17:15:50,446 -   240 /   301 (79.7%):	 Total:0.4442976	 m_precision:0.7777778	 m_recall:0.7777778	 m_f1-score:0.7777778	 m_support:12.0000000	 lr:0.0013243	 Mean_Total:0.5868937
2021-08-20 17:15:51,832 -   300 /   301 (99.7%):	 Total:0.3790755	 m_precision:0.5000000	 m_recall:0.4375000	 m_f1-score:0.4666667	 m_support:8.0000000	 lr:0.0013154	 Mean_Total:0.5960668
2021-08-20 17:15:53,499 - 
===============================| start validation |===============================

2021-08-20 17:15:53,501 - 	 Total:0.8456048	 m_precision:0.5683437	 m_recall:0.5739106	 m_f1-score:0.5564081	 m_support:11.9767442
2021-08-20 17:15:53,507 -    ini file updated    
2021-08-20 17:15:53,507 - 
===============================|    epoch 15   |===============================

2021-08-20 17:15:53,977 -     0 /   301 (0.0%):	 Total:0.4588613	 m_precision:0.9545455	 m_recall:0.7500000	 m_f1-score:0.8095238	 m_support:12.0000000	 lr:0.0013153	 Mean_Total:0.4588613
2021-08-20 17:15:55,520 -    60 /   301 (19.9%):	 Total:0.8745147	 m_precision:0.5555556	 m_recall:0.5555556	 m_f1-score:0.5555556	 m_support:12.0000000	 lr:0.0013066	 Mean_Total:0.5647781
2021-08-20 17:15:56,978 -   120 /   301 (39.9%):	 Total:0.8177675	 m_precision:0.4500000	 m_recall:0.4090909	 m_f1-score:0.4285714	 m_support:12.0000000	 lr:0.0012981	 Mean_Total:0.5732192
2021-08-20 17:15:58,394 -   180 /   301 (59.8%):	 Total:1.1640260	 m_precision:0.6500000	 m_recall:0.6111111	 m_f1-score:0.6210526	 m_support:12.0000000	 lr:0.0012898	 Mean_Total:0.5749043
2021-08-20 17:15:59,837 -   240 /   301 (79.7%):	 Total:0.2642462	 m_precision:0.5000000	 m_recall:0.4583333	 m_f1-score:0.4782609	 m_support:12.0000000	 lr:0.0012817	 Mean_Total:0.5850028
2021-08-20 17:16:01,336 -   300 /   301 (99.7%):	 Total:1.7186757	 m_precision:0.5000000	 m_recall:0.5000000	 m_f1-score:0.5000000	 m_support:8.0000000	 lr:0.0012737	 Mean_Total:0.5957767
2021-08-20 17:16:02,901 - 
===============================| start validation |===============================

2021-08-20 17:16:02,902 - 	 Total:0.8599050	 m_precision:0.5941739	 m_recall:0.6136175	 m_f1-score:0.5666984	 m_support:11.9767442
2021-08-20 17:16:02,905 -    ini file updated    
2021-08-20 17:16:02,906 - 
===============================|    epoch 16   |===============================

2021-08-20 17:16:03,361 -     0 /   301 (0.0%):	 Total:0.3617536	 m_precision:0.7500000	 m_recall:0.9545455	 m_f1-score:0.8095238	 m_support:12.0000000	 lr:0.0012735	 Mean_Total:0.3617536
2021-08-20 17:16:04,987 -    60 /   301 (19.9%):	 Total:0.3585535	 m_precision:1.0000000	 m_recall:1.0000000	 m_f1-score:1.0000000	 m_support:12.0000000	 lr:0.0012657	 Mean_Total:0.5185812
2021-08-20 17:16:06,431 -   120 /   301 (39.9%):	 Total:0.4839325	 m_precision:0.9500000	 m_recall:0.8333333	 m_f1-score:0.8736842	 m_support:12.0000000	 lr:0.0012580	 Mean_Total:0.5419031
2021-08-20 17:16:07,932 -   180 /   301 (59.8%):	 Total:0.6294467	 m_precision:0.6111111	 m_recall:0.6500000	 m_f1-score:0.6210526	 m_support:12.0000000	 lr:0.0012504	 Mean_Total:0.5469085
2021-08-20 17:16:09,509 -   240 /   301 (79.7%):	 Total:0.3695974	 m_precision:0.9545455	 m_recall:0.7500000	 m_f1-score:0.8095238	 m_support:12.0000000	 lr:0.0012429	 Mean_Total:0.5433248
2021-08-20 17:16:10,995 -   300 /   301 (99.7%):	 Total:0.4759743	 m_precision:0.8333333	 m_recall:0.9166667	 m_f1-score:0.8545455	 m_support:8.0000000	 lr:0.0012356	 Mean_Total:0.5539960
2021-08-20 17:16:12,434 - 
===============================| start validation |===============================

2021-08-20 17:16:12,435 - 	 Total:0.9164576	 m_precision:0.5641431	 m_recall:0.5715594	 m_f1-score:0.5544954	 m_support:11.9767442
2021-08-20 17:16:12,438 -    ini file updated    
2021-08-20 17:16:12,439 - 
===============================|    epoch 17   |===============================

2021-08-20 17:16:12,888 -     0 /   301 (0.0%):	 Total:0.3672536	 m_precision:0.5000000	 m_recall:0.3750000	 m_f1-score:0.4285714	 m_support:12.0000000	 lr:0.0012355	 Mean_Total:0.3672536
2021-08-20 17:16:14,360 -    60 /   301 (19.9%):	 Total:0.5099509	 m_precision:0.6666667	 m_recall:0.9090909	 m_f1-score:0.7000000	 m_support:12.0000000	 lr:0.0012283	 Mean_Total:0.5505270
2021-08-20 17:16:15,872 -   120 /   301 (39.9%):	 Total:0.3905246	 m_precision:0.5000000	 m_recall:0.4166667	 m_f1-score:0.4545455	 m_support:12.0000000	 lr:0.0012213	 Mean_Total:0.5417936
2021-08-20 17:16:17,312 -   180 /   301 (59.8%):	 Total:0.3343347	 m_precision:0.5000000	 m_recall:0.4583333	 m_f1-score:0.4782609	 m_support:12.0000000	 lr:0.0012143	 Mean_Total:0.5370068
2021-08-20 17:16:18,745 -   240 /   301 (79.7%):	 Total:0.6193585	 m_precision:0.7000000	 m_recall:0.8500000	 m_f1-score:0.6974790	 m_support:12.0000000	 lr:0.0012075	 Mean_Total:0.5398163
2021-08-20 17:16:20,182 -   300 /   301 (99.7%):	 Total:0.9050001	 m_precision:0.9285714	 m_recall:0.7500000	 m_f1-score:0.7948718	 m_support:8.0000000	 lr:0.0012008	 Mean_Total:0.5460831
2021-08-20 17:16:21,748 - 
===============================| start validation |===============================

2021-08-20 17:16:21,751 - 	 Total:0.9452562	 m_precision:0.5547283	 m_recall:0.5511108	 m_f1-score:0.5333028	 m_support:11.9767442
2021-08-20 17:16:21,758 -    ini file updated    
2021-08-20 17:16:21,758 - 
===============================|    epoch 18   |===============================

2021-08-20 17:16:22,235 -     0 /   301 (0.0%):	 Total:0.4919459	 m_precision:0.6666667	 m_recall:0.9090909	 m_f1-score:0.7000000	 m_support:12.0000000	 lr:0.0012007	 Mean_Total:0.4919459
2021-08-20 17:16:23,812 -    60 /   301 (19.9%):	 Total:0.4027526	 m_precision:0.9500000	 m_recall:0.8333333	 m_f1-score:0.8736842	 m_support:12.0000000	 lr:0.0011941	 Mean_Total:0.4969588
2021-08-20 17:16:25,343 -   120 /   301 (39.9%):	 Total:0.4385899	 m_precision:0.7500000	 m_recall:0.9000000	 m_f1-score:0.7777778	 m_support:12.0000000	 lr:0.0011876	 Mean_Total:0.4954120
2021-08-20 17:16:26,782 -   180 /   301 (59.8%):	 Total:0.4681787	 m_precision:0.7500000	 m_recall:0.9545455	 m_f1-score:0.8095238	 m_support:12.0000000	 lr:0.0011812	 Mean_Total:0.5142587
2021-08-20 17:16:28,160 -   240 /   301 (79.7%):	 Total:0.8142346	 m_precision:0.6111111	 m_recall:0.6500000	 m_f1-score:0.6210526	 m_support:12.0000000	 lr:0.0011750	 Mean_Total:0.5252989
2021-08-20 17:16:29,551 -   300 /   301 (99.7%):	 Total:0.2957758	 m_precision:0.5000000	 m_recall:0.4375000	 m_f1-score:0.4666667	 m_support:8.0000000	 lr:0.0011688	 Mean_Total:0.5350583
2021-08-20 17:16:31,123 - 
===============================| start validation |===============================

2021-08-20 17:16:31,124 - 	 Total:0.9093291	 m_precision:0.5473883	 m_recall:0.5585770	 m_f1-score:0.5370926	 m_support:11.9767442
2021-08-20 17:16:31,127 -    ini file updated    
2021-08-20 17:16:31,128 - 
===============================|    epoch 19   |===============================

2021-08-20 17:16:31,571 -     0 /   301 (0.0%):	 Total:0.7111437	 m_precision:0.8125000	 m_recall:0.8125000	 m_f1-score:0.8125000	 m_support:12.0000000	 lr:0.0011687	 Mean_Total:0.7111437
2021-08-20 17:16:33,094 -    60 /   301 (19.9%):	 Total:0.4595273	 m_precision:0.6666667	 m_recall:0.9090909	 m_f1-score:0.7000000	 m_support:12.0000000	 lr:0.0011626	 Mean_Total:0.4857148
2021-08-20 17:16:34,442 -   120 /   301 (39.9%):	 Total:0.3431048	 m_precision:0.8750000	 m_recall:0.9444444	 m_f1-score:0.8991597	 m_support:12.0000000	 lr:0.0011566	 Mean_Total:0.4790099
2021-08-20 17:16:35,921 -   180 /   301 (59.8%):	 Total:0.2800376	 m_precision:0.6666667	 m_recall:0.9090909	 m_f1-score:0.7000000	 m_support:12.0000000	 lr:0.0011507	 Mean_Total:0.4880488
2021-08-20 17:16:37,363 -   240 /   301 (79.7%):	 Total:0.1901219	 m_precision:1.0000000	 m_recall:1.0000000	 m_f1-score:1.0000000	 m_support:12.0000000	 lr:0.0011449	 Mean_Total:0.4816806
2021-08-20 17:16:38,848 -   300 /   301 (99.7%):	 Total:0.4226916	 m_precision:0.8333333	 m_recall:0.9166667	 m_f1-score:0.8545455	 m_support:8.0000000	 lr:0.0011392	 Mean_Total:0.4820984
2021-08-20 17:16:40,304 - 
===============================| start validation |===============================

2021-08-20 17:16:40,307 - 	 Total:0.9633525	 m_precision:0.5709332	 m_recall:0.5777602	 m_f1-score:0.5587881	 m_support:11.9767442
2021-08-20 17:16:40,313 -    ini file updated    
2021-08-20 17:16:40,313 - 
===============================|    epoch 20   |===============================

2021-08-20 17:16:40,790 -     0 /   301 (0.0%):	 Total:0.6068629	 m_precision:0.4500000	 m_recall:0.4090909	 m_f1-score:0.4285714	 m_support:12.0000000	 lr:0.0011391	 Mean_Total:0.6068629
2021-08-20 17:16:42,327 -    60 /   301 (19.9%):	 Total:0.3620827	 m_precision:0.8750000	 m_recall:0.9444444	 m_f1-score:0.8991597	 m_support:12.0000000	 lr:0.0011335	 Mean_Total:0.4302826
2021-08-20 17:16:43,895 -   120 /   301 (39.9%):	 Total:0.4125297	 m_precision:0.6666667	 m_recall:0.9090909	 m_f1-score:0.7000000	 m_support:12.0000000	 lr:0.0011279	 Mean_Total:0.4637877
2021-08-20 17:16:45,390 -   180 /   301 (59.8%):	 Total:0.5752644	 m_precision:0.7000000	 m_recall:0.7000000	 m_f1-score:0.7000000	 m_support:12.0000000	 lr:0.0011224	 Mean_Total:0.4367528
2021-08-20 17:16:46,894 -   240 /   301 (79.7%):	 Total:0.4091775	 m_precision:0.6250000	 m_recall:0.8636364	 m_f1-score:0.6210526	 m_support:12.0000000	 lr:0.0011171	 Mean_Total:0.4346112
2021-08-20 17:16:48,356 -   300 /   301 (99.7%):	 Total:0.3599192	 m_precision:0.5000000	 m_recall:0.3750000	 m_f1-score:0.4285714	 m_support:8.0000000	 lr:0.0011117	 Mean_Total:0.4565898
2021-08-20 17:16:49,761 - 
===============================| start validation |===============================

2021-08-20 17:16:49,762 - 	 Total:1.0324500	 m_precision:0.5836383	 m_recall:0.5948262	 m_f1-score:0.5633041	 m_support:11.9767442
2021-08-20 17:16:49,765 -    ini file updated    
2021-08-20 17:16:49,765 - 
===============================|    epoch 21   |===============================

2021-08-20 17:16:50,221 -     0 /   301 (0.0%):	 Total:0.2229419	 m_precision:0.6666667	 m_recall:0.9090909	 m_f1-score:0.7000000	 m_support:12.0000000	 lr:0.0011116	 Mean_Total:0.2229419
2021-08-20 17:16:51,769 -    60 /   301 (19.9%):	 Total:0.9851777	 m_precision:0.6285714	 m_recall:0.6666667	 m_f1-score:0.6250000	 m_support:12.0000000	 lr:0.0011064	 Mean_Total:0.4253009
2021-08-20 17:16:53,215 -   120 /   301 (39.9%):	 Total:0.1797627	 m_precision:0.7500000	 m_recall:0.9545455	 m_f1-score:0.8095238	 m_support:12.0000000	 lr:0.0011012	 Mean_Total:0.4398229
2021-08-20 17:16:54,820 -   180 /   301 (59.8%):	 Total:0.4285529	 m_precision:0.7500000	 m_recall:0.9000000	 m_f1-score:0.7777778	 m_support:12.0000000	 lr:0.0010962	 Mean_Total:0.4460297
2021-08-20 17:16:56,289 -   240 /   301 (79.7%):	 Total:0.1347609	 m_precision:1.0000000	 m_recall:1.0000000	 m_f1-score:1.0000000	 m_support:12.0000000	 lr:0.0010911	 Mean_Total:0.4486176
2021-08-20 17:16:57,672 -   300 /   301 (99.7%):	 Total:0.1285065	 m_precision:1.0000000	 m_recall:1.0000000	 m_f1-score:1.0000000	 m_support:8.0000000	 lr:0.0010862	 Mean_Total:0.4475170
2021-08-20 17:16:59,246 - 
===============================| start validation |===============================

2021-08-20 17:16:59,248 - 	 Total:0.9869738	 m_precision:0.5612017	 m_recall:0.5882400	 m_f1-score:0.5569223	 m_support:11.9767442
2021-08-20 17:16:59,254 -    ini file updated    
2021-08-20 17:16:59,254 - 
===============================|    epoch 22   |===============================

2021-08-20 17:16:59,719 -     0 /   301 (0.0%):	 Total:0.3784441	 m_precision:0.8000000	 m_recall:0.8888889	 m_f1-score:0.8125000	 m_support:12.0000000	 lr:0.0010861	 Mean_Total:0.3784441
2021-08-20 17:17:01,104 -    60 /   301 (19.9%):	 Total:0.1783814	 m_precision:0.8750000	 m_recall:0.9444444	 m_f1-score:0.8991597	 m_support:12.0000000	 lr:0.0010812	 Mean_Total:0.4478672
2021-08-20 17:17:02,578 -   120 /   301 (39.9%):	 Total:1.2067636	 m_precision:0.7222222	 m_recall:0.6875000	 m_f1-score:0.6974790	 m_support:12.0000000	 lr:0.0010764	 Mean_Total:0.4417327
2021-08-20 17:17:03,889 -   180 /   301 (59.8%):	 Total:0.4078882	 m_precision:0.6666667	 m_recall:0.9090909	 m_f1-score:0.7000000	 m_support:12.0000000	 lr:0.0010716	 Mean_Total:0.4300866
2021-08-20 17:17:05,292 -   240 /   301 (79.7%):	 Total:0.5923814	 m_precision:0.4166667	 m_recall:0.5000000	 m_f1-score:0.4545455	 m_support:12.0000000	 lr:0.0010669	 Mean_Total:0.4371208
2021-08-20 17:17:06,656 -   300 /   301 (99.7%):	 Total:0.2474179	 m_precision:0.5000000	 m_recall:0.4375000	 m_f1-score:0.4666667	 m_support:8.0000000	 lr:0.0010623	 Mean_Total:0.4346196
2021-08-20 17:17:08,078 - 
===============================| start validation |===============================

2021-08-20 17:17:08,080 - 	 Total:1.0543222	 m_precision:0.5910735	 m_recall:0.5892324	 m_f1-score:0.5643182	 m_support:11.9767442
2021-08-20 17:17:08,083 -    ini file updated    
2021-08-20 17:17:08,083 - 
===============================|    epoch 23   |===============================

2021-08-20 17:17:08,512 -     0 /   301 (0.0%):	 Total:0.4177596	 m_precision:0.7500000	 m_recall:0.9000000	 m_f1-score:0.7777778	 m_support:12.0000000	 lr:0.0010622	 Mean_Total:0.4177596
2021-08-20 17:17:09,888 -    60 /   301 (19.9%):	 Total:0.4183496	 m_precision:0.7000000	 m_recall:0.8500000	 m_f1-score:0.6974790	 m_support:12.0000000	 lr:0.0010577	 Mean_Total:0.3959636
2021-08-20 17:17:11,363 -   120 /   301 (39.9%):	 Total:0.1949172	 m_precision:1.0000000	 m_recall:1.0000000	 m_f1-score:1.0000000	 m_support:12.0000000	 lr:0.0010531	 Mean_Total:0.3965345
2021-08-20 17:17:12,877 -   180 /   301 (59.8%):	 Total:0.7004089	 m_precision:0.5625000	 m_recall:0.6000000	 m_f1-score:0.5555556	 m_support:12.0000000	 lr:0.0010487	 Mean_Total:0.4024966
2021-08-20 17:17:14,343 -   240 /   301 (79.7%):	 Total:0.9141786	 m_precision:0.6875000	 m_recall:0.7222222	 m_f1-score:0.6974790	 m_support:12.0000000	 lr:0.0010443	 Mean_Total:0.4015465
2021-08-20 17:17:15,799 -   300 /   301 (99.7%):	 Total:0.2792670	 m_precision:0.8750000	 m_recall:0.9000000	 m_f1-score:0.8730159	 m_support:8.0000000	 lr:0.0010399	 Mean_Total:0.3958908
2021-08-20 17:17:17,251 - 
===============================| start validation |===============================

2021-08-20 17:17:17,252 - 	 Total:1.1509994	 m_precision:0.5571106	 m_recall:0.5483351	 m_f1-score:0.5400324	 m_support:11.9767442
2021-08-20 17:17:17,256 -    ini file updated    
2021-08-20 17:17:17,256 - 
===============================|    epoch 24   |===============================

2021-08-20 17:17:17,685 -     0 /   301 (0.0%):	 Total:0.5916635	 m_precision:0.8000000	 m_recall:0.8888889	 m_f1-score:0.8125000	 m_support:12.0000000	 lr:0.0010399	 Mean_Total:0.5916635
2021-08-20 17:17:19,106 -    60 /   301 (19.9%):	 Total:0.0581239	 m_precision:1.0000000	 m_recall:1.0000000	 m_f1-score:1.0000000	 m_support:12.0000000	 lr:0.0010356	 Mean_Total:0.3670177
2021-08-20 17:17:20,572 -   120 /   301 (39.9%):	 Total:0.3963309	 m_precision:0.4545455	 m_recall:0.4545455	 m_f1-score:0.4545455	 m_support:12.0000000	 lr:0.0010313	 Mean_Total:0.3827941
2021-08-20 17:17:22,067 -   180 /   301 (59.8%):	 Total:0.3133778	 m_precision:0.7500000	 m_recall:0.9545455	 m_f1-score:0.8095238	 m_support:12.0000000	 lr:0.0010271	 Mean_Total:0.3840383
2021-08-20 17:17:23,580 -   240 /   301 (79.7%):	 Total:0.6120080	 m_precision:0.8125000	 m_recall:0.8125000	 m_f1-score:0.8125000	 m_support:12.0000000	 lr:0.0010230	 Mean_Total:0.3950363
2021-08-20 17:17:25,091 -   300 /   301 (99.7%):	 Total:0.2342356	 m_precision:0.8333333	 m_recall:0.9166667	 m_f1-score:0.8545455	 m_support:8.0000000	 lr:0.0010189	 Mean_Total:0.3899964
2021-08-20 17:17:26,469 - 
===============================| start validation |===============================

2021-08-20 17:17:26,471 - 	 Total:1.1648814	 m_precision:0.5775571	 m_recall:0.5940417	 m_f1-score:0.5665817	 m_support:11.9767442
2021-08-20 17:17:26,478 -    ini file updated    
2021-08-20 17:17:26,478 - 
===============================|    epoch 25   |===============================

2021-08-20 17:17:26,912 -     0 /   301 (0.0%):	 Total:0.0671081	 m_precision:1.0000000	 m_recall:1.0000000	 m_f1-score:1.0000000	 m_support:12.0000000	 lr:0.0010189	 Mean_Total:0.0671081
2021-08-20 17:17:28,350 -    60 /   301 (19.9%):	 Total:0.2963351	 m_precision:0.7000000	 m_recall:0.8500000	 m_f1-score:0.6974790	 m_support:12.0000000	 lr:0.0010148	 Mean_Total:0.3760995
2021-08-20 17:17:29,857 -   120 /   301 (39.9%):	 Total:0.6081238	 m_precision:0.9500000	 m_recall:0.8333333	 m_f1-score:0.8736842	 m_support:12.0000000	 lr:0.0010108	 Mean_Total:0.3509688
2021-08-20 17:17:31,399 -   180 /   301 (59.8%):	 Total:0.1144636	 m_precision:0.7500000	 m_recall:0.9545455	 m_f1-score:0.8095238	 m_support:12.0000000	 lr:0.0010069	 Mean_Total:0.3578959
2021-08-20 17:17:32,929 -   240 /   301 (79.7%):	 Total:0.1252483	 m_precision:0.5000000	 m_recall:0.4583333	 m_f1-score:0.4782609	 m_support:12.0000000	 lr:0.0010030	 Mean_Total:0.3640686
2021-08-20 17:17:34,385 -   300 /   301 (99.7%):	 Total:0.2223532	 m_precision:1.0000000	 m_recall:1.0000000	 m_f1-score:1.0000000	 m_support:8.0000000	 lr:0.0009991	 Mean_Total:0.3767013
2021-08-20 17:17:35,849 - 
===============================| start validation |===============================

2021-08-20 17:17:35,851 - 	 Total:1.1935830	 m_precision:0.5846035	 m_recall:0.5797862	 m_f1-score:0.5720408	 m_support:11.9767442
2021-08-20 17:17:35,854 -    ini file updated    
2021-08-20 17:17:35,854 - 
===============================|    epoch 26   |===============================

2021-08-20 17:17:36,307 -     0 /   301 (0.0%):	 Total:0.6572250	 m_precision:0.4583333	 m_recall:0.5000000	 m_f1-score:0.4782609	 m_support:12.0000000	 lr:0.0009991	 Mean_Total:0.6572250
2021-08-20 17:17:37,710 -    60 /   301 (19.9%):	 Total:0.3580990	 m_precision:0.5000000	 m_recall:0.3750000	 m_f1-score:0.4285714	 m_support:12.0000000	 lr:0.0009953	 Mean_Total:0.3519939
2021-08-20 17:17:39,183 -   120 /   301 (39.9%):	 Total:0.7722039	 m_precision:0.7777778	 m_recall:0.7777778	 m_f1-score:0.7777778	 m_support:12.0000000	 lr:0.0009915	 Mean_Total:0.3720772
2021-08-20 17:17:40,776 -   180 /   301 (59.8%):	 Total:0.1070149	 m_precision:0.7500000	 m_recall:0.9545455	 m_f1-score:0.8095238	 m_support:12.0000000	 lr:0.0009878	 Mean_Total:0.3751883
2021-08-20 17:17:42,318 -   240 /   301 (79.7%):	 Total:0.2677729	 m_precision:0.7500000	 m_recall:0.9545455	 m_f1-score:0.8095238	 m_support:12.0000000	 lr:0.0009841	 Mean_Total:0.3616372
2021-08-20 17:17:43,746 -   300 /   301 (99.7%):	 Total:0.5464460	 m_precision:0.7500000	 m_recall:0.9285714	 m_f1-score:0.7948718	 m_support:8.0000000	 lr:0.0009805	 Mean_Total:0.3685505
2021-08-20 17:17:45,386 - 
===============================| start validation |===============================

2021-08-20 17:17:45,388 - 	 Total:1.2579659	 m_precision:0.5697645	 m_recall:0.6125206	 m_f1-score:0.5603167	 m_support:11.9767442
2021-08-20 17:17:45,392 -    ini file updated    
2021-08-20 17:17:45,393 - 
===============================|    epoch 27   |===============================

2021-08-20 17:17:45,822 -     0 /   301 (0.0%):	 Total:0.2550237	 m_precision:0.6666667	 m_recall:0.9090909	 m_f1-score:0.7000000	 m_support:12.0000000	 lr:0.0009804	 Mean_Total:0.2550237
2021-08-20 17:17:47,372 -    60 /   301 (19.9%):	 Total:0.2769635	 m_precision:0.5000000	 m_recall:0.3333333	 m_f1-score:0.4000000	 m_support:12.0000000	 lr:0.0009768	 Mean_Total:0.2697397
2021-08-20 17:17:48,805 -   120 /   301 (39.9%):	 Total:0.2034911	 m_precision:1.0000000	 m_recall:1.0000000	 m_f1-score:1.0000000	 m_support:12.0000000	 lr:0.0009732	 Mean_Total:0.3154119
2021-08-20 17:17:50,265 -   180 /   301 (59.8%):	 Total:0.0939766	 m_precision:1.0000000	 m_recall:1.0000000	 m_f1-score:1.0000000	 m_support:12.0000000	 lr:0.0009697	 Mean_Total:0.3161158
2021-08-20 17:17:51,804 -   240 /   301 (79.7%):	 Total:0.3336461	 m_precision:0.8750000	 m_recall:0.9444444	 m_f1-score:0.8991597	 m_support:12.0000000	 lr:0.0009662	 Mean_Total:0.3141514
2021-08-20 17:17:53,225 -   300 /   301 (99.7%):	 Total:0.5213326	 m_precision:0.8333333	 m_recall:0.9166667	 m_f1-score:0.8545455	 m_support:8.0000000	 lr:0.0009628	 Mean_Total:0.3250356
2021-08-20 17:17:54,671 - 
===============================| start validation |===============================

2021-08-20 17:17:54,674 - 	 Total:1.3361175	 m_precision:0.5915312	 m_recall:0.6137891	 m_f1-score:0.5874889	 m_support:11.9767442
2021-08-20 17:17:54,679 -    ini file updated    
2021-08-20 17:17:54,679 - 
===============================|    epoch 28   |===============================

2021-08-20 17:17:55,115 -     0 /   301 (0.0%):	 Total:0.1989376	 m_precision:0.8333333	 m_recall:0.9500000	 m_f1-score:0.8736842	 m_support:12.0000000	 lr:0.0009627	 Mean_Total:0.1989376
2021-08-20 17:17:56,559 -    60 /   301 (19.9%):	 Total:0.4003309	 m_precision:0.7500000	 m_recall:0.9545455	 m_f1-score:0.8095238	 m_support:12.0000000	 lr:0.0009593	 Mean_Total:0.2905869
2021-08-20 17:17:58,005 -   120 /   301 (39.9%):	 Total:0.2639510	 m_precision:0.7500000	 m_recall:0.9545455	 m_f1-score:0.8095238	 m_support:12.0000000	 lr:0.0009560	 Mean_Total:0.3242078
2021-08-20 17:17:59,498 -   180 /   301 (59.8%):	 Total:0.4098183	 m_precision:0.9500000	 m_recall:0.8333333	 m_f1-score:0.8736842	 m_support:12.0000000	 lr:0.0009526	 Mean_Total:0.3277379
2021-08-20 17:18:00,917 -   240 /   301 (79.7%):	 Total:0.1283854	 m_precision:0.7500000	 m_recall:0.9545455	 m_f1-score:0.8095238	 m_support:12.0000000	 lr:0.0009493	 Mean_Total:0.3304439
2021-08-20 17:18:02,340 -   300 /   301 (99.7%):	 Total:0.5182063	 m_precision:0.6666667	 m_recall:0.8571429	 m_f1-score:0.6666667	 m_support:8.0000000	 lr:0.0009460	 Mean_Total:0.3238173
2021-08-20 17:18:03,867 - 
===============================| start validation |===============================

2021-08-20 17:18:03,869 - 	 Total:1.4511342	 m_precision:0.5534913	 m_recall:0.5676357	 m_f1-score:0.5395508	 m_support:11.9767442
2021-08-20 17:18:03,874 -    ini file updated    
2021-08-20 17:18:03,874 - 
===============================|    epoch 29   |===============================

2021-08-20 17:18:04,360 -     0 /   301 (0.0%):	 Total:0.1709391	 m_precision:1.0000000	 m_recall:1.0000000	 m_f1-score:1.0000000	 m_support:12.0000000	 lr:0.0009460	 Mean_Total:0.1709391
2021-08-20 17:18:05,769 -    60 /   301 (19.9%):	 Total:0.4422781	 m_precision:0.8750000	 m_recall:0.9444444	 m_f1-score:0.8991597	 m_support:12.0000000	 lr:0.0009428	 Mean_Total:0.3087107
2021-08-20 17:18:07,234 -   120 /   301 (39.9%):	 Total:0.2559913	 m_precision:0.8750000	 m_recall:0.9444444	 m_f1-score:0.8991597	 m_support:12.0000000	 lr:0.0009396	 Mean_Total:0.3370406
2021-08-20 17:18:08,724 -   180 /   301 (59.8%):	 Total:0.1363967	 m_precision:1.0000000	 m_recall:1.0000000	 m_f1-score:1.0000000	 m_support:12.0000000	 lr:0.0009364	 Mean_Total:0.3229208
2021-08-20 17:18:10,182 -   240 /   301 (79.7%):	 Total:0.1554664	 m_precision:0.8333333	 m_recall:0.9500000	 m_f1-score:0.8736842	 m_support:12.0000000	 lr:0.0009333	 Mean_Total:0.3097195
2021-08-20 17:18:11,602 -   300 /   301 (99.7%):	 Total:0.0279710	 m_precision:1.0000000	 m_recall:1.0000000	 m_f1-score:1.0000000	 m_support:8.0000000	 lr:0.0009301	 Mean_Total:0.3046802
2021-08-20 17:18:13,091 - 
===============================| start validation |===============================

2021-08-20 17:18:13,092 - 	 Total:1.4986660	 m_precision:0.5805354	 m_recall:0.5816575	 m_f1-score:0.5575579	 m_support:11.9767442
2021-08-20 17:18:13,096 -    ini file updated    
2021-08-20 17:18:13,096 - 
===============================|    epoch 30   |===============================

2021-08-20 17:18:13,542 -     0 /   301 (0.0%):	 Total:0.3559735	 m_precision:0.6250000	 m_recall:0.8636364	 m_f1-score:0.6210526	 m_support:12.0000000	 lr:0.0009301	 Mean_Total:0.3559735
2021-08-20 17:18:15,013 -    60 /   301 (19.9%):	 Total:0.3595898	 m_precision:1.0000000	 m_recall:1.0000000	 m_f1-score:1.0000000	 m_support:12.0000000	 lr:0.0009270	 Mean_Total:0.3151895
2021-08-20 17:18:16,600 -   120 /   301 (39.9%):	 Total:0.6424915	 m_precision:0.7000000	 m_recall:0.8500000	 m_f1-score:0.6974790	 m_support:12.0000000	 lr:0.0009240	 Mean_Total:0.3047516
2021-08-20 17:18:18,150 -   180 /   301 (59.8%):	 Total:1.1672585	 m_precision:0.9090909	 m_recall:0.6666667	 m_f1-score:0.7000000	 m_support:12.0000000	 lr:0.0009210	 Mean_Total:0.3304978
2021-08-20 17:18:19,583 -   240 /   301 (79.7%):	 Total:0.5136739	 m_precision:0.8000000	 m_recall:0.8888889	 m_f1-score:0.8125000	 m_support:12.0000000	 lr:0.0009180	 Mean_Total:0.3165440
2021-08-20 17:18:21,058 -   300 /   301 (99.7%):	 Total:0.8950833	 m_precision:0.9285714	 m_recall:0.7500000	 m_f1-score:0.7948718	 m_support:8.0000000	 lr:0.0009150	 Mean_Total:0.3237519
2021-08-20 17:18:22,473 - 
===============================| start validation |===============================

2021-08-20 17:18:22,474 - 	 Total:1.5156057	 m_precision:0.5837159	 m_recall:0.5607382	 m_f1-score:0.5612576	 m_support:11.9767442
2021-08-20 17:18:22,477 -    ini file updated    
2021-08-20 17:18:22,477 - 
===============================|    epoch 31   |===============================

2021-08-20 17:18:22,929 -     0 /   301 (0.0%):	 Total:0.2750974	 m_precision:0.8333333	 m_recall:0.9500000	 m_f1-score:0.8736842	 m_support:12.0000000	 lr:0.0009150	 Mean_Total:0.2750974
2021-08-20 17:18:24,405 -    60 /   301 (19.9%):	 Total:0.0777435	 m_precision:1.0000000	 m_recall:1.0000000	 m_f1-score:1.0000000	 m_support:12.0000000	 lr:0.0009120	 Mean_Total:0.2788936
2021-08-20 17:18:25,900 -   120 /   301 (39.9%):	 Total:0.0663750	 m_precision:1.0000000	 m_recall:1.0000000	 m_f1-score:1.0000000	 m_support:12.0000000	 lr:0.0009091	 Mean_Total:0.2579969
2021-08-20 17:18:27,395 -   180 /   301 (59.8%):	 Total:0.2933294	 m_precision:0.5000000	 m_recall:0.4166667	 m_f1-score:0.4545455	 m_support:12.0000000	 lr:0.0009063	 Mean_Total:0.2734683
2021-08-20 17:18:28,747 -   240 /   301 (79.7%):	 Total:0.0549864	 m_precision:1.0000000	 m_recall:1.0000000	 m_f1-score:1.0000000	 m_support:12.0000000	 lr:0.0009034	 Mean_Total:0.2758936
2021-08-20 17:18:30,214 -   300 /   301 (99.7%):	 Total:0.3359696	 m_precision:0.7500000	 m_recall:0.9285714	 m_f1-score:0.7948718	 m_support:8.0000000	 lr:0.0009006	 Mean_Total:0.2778183
2021-08-20 17:18:31,678 - 
===============================| start validation |===============================

2021-08-20 17:18:31,680 - 	 Total:1.3809582	 m_precision:0.5728443	 m_recall:0.5735935	 m_f1-score:0.5479949	 m_support:11.9767442
2021-08-20 17:18:31,684 -    ini file updated    
2021-08-20 17:18:31,684 - 
===============================|    epoch 32   |===============================

2021-08-20 17:18:32,132 -     0 /   301 (0.0%):	 Total:0.3313595	 m_precision:0.8333333	 m_recall:0.9500000	 m_f1-score:0.8736842	 m_support:12.0000000	 lr:0.0009006	 Mean_Total:0.3313595
2021-08-20 17:18:33,686 -    60 /   301 (19.9%):	 Total:0.1056509	 m_precision:1.0000000	 m_recall:1.0000000	 m_f1-score:1.0000000	 m_support:12.0000000	 lr:0.0008978	 Mean_Total:0.2820703
2021-08-20 17:18:35,379 -   120 /   301 (39.9%):	 Total:0.3898787	 m_precision:0.8333333	 m_recall:0.8750000	 m_f1-score:0.8285714	 m_support:12.0000000	 lr:0.0008950	 Mean_Total:0.2935848
2021-08-20 17:18:36,916 -   180 /   301 (59.8%):	 Total:0.0286204	 m_precision:1.0000000	 m_recall:1.0000000	 m_f1-score:1.0000000	 m_support:12.0000000	 lr:0.0008923	 Mean_Total:0.2852031
2021-08-20 17:18:38,517 -   240 /   301 (79.7%):	 Total:0.1233562	 m_precision:0.5000000	 m_recall:0.4583333	 m_f1-score:0.4782609	 m_support:12.0000000	 lr:0.0008896	 Mean_Total:0.2771278
2021-08-20 17:18:39,976 -   300 /   301 (99.7%):	 Total:0.2815658	 m_precision:0.7500000	 m_recall:0.9285714	 m_f1-score:0.7948718	 m_support:8.0000000	 lr:0.0008869	 Mean_Total:0.2774499
2021-08-20 17:18:41,523 - 
===============================| start validation |===============================

2021-08-20 17:18:41,525 - 	 Total:1.4565989	 m_precision:0.5460838	 m_recall:0.5549255	 m_f1-score:0.5274994	 m_support:11.9767442
2021-08-20 17:18:41,531 -    ini file updated    
2021-08-20 17:18:41,531 - 
===============================|    epoch 33   |===============================

2021-08-20 17:18:42,000 -     0 /   301 (0.0%):	 Total:0.0484219	 m_precision:1.0000000	 m_recall:1.0000000	 m_f1-score:1.0000000	 m_support:12.0000000	 lr:0.0008868	 Mean_Total:0.0484219
2021-08-20 17:18:43,453 -    60 /   301 (19.9%):	 Total:0.1511418	 m_precision:0.8333333	 m_recall:0.9500000	 m_f1-score:0.8736842	 m_support:12.0000000	 lr:0.0008841	 Mean_Total:0.2520179
2021-08-20 17:18:44,925 -   120 /   301 (39.9%):	 Total:0.4692292	 m_precision:0.8750000	 m_recall:0.9444444	 m_f1-score:0.8991597	 m_support:12.0000000	 lr:0.0008815	 Mean_Total:0.2356901
2021-08-20 17:18:46,417 -   180 /   301 (59.8%):	 Total:0.1074150	 m_precision:1.0000000	 m_recall:1.0000000	 m_f1-score:1.0000000	 m_support:12.0000000	 lr:0.0008789	 Mean_Total:0.2658910
2021-08-20 17:18:47,933 -   240 /   301 (79.7%):	 Total:0.4296084	 m_precision:0.6666667	 m_recall:0.8000000	 m_f1-score:0.6250000	 m_support:12.0000000	 lr:0.0008763	 Mean_Total:0.2636024
2021-08-20 17:18:49,356 -   300 /   301 (99.7%):	 Total:0.5362691	 m_precision:0.4285714	 m_recall:0.4285714	 m_f1-score:0.4285714	 m_support:8.0000000	 lr:0.0008737	 Mean_Total:0.2635781
2021-08-20 17:18:50,902 - 
===============================| start validation |===============================

2021-08-20 17:18:50,903 - 	 Total:1.4556557	 m_precision:0.5951941	 m_recall:0.6077096	 m_f1-score:0.5816447	 m_support:11.9767442
2021-08-20 17:18:50,907 -    ini file updated    
2021-08-20 17:18:50,908 - 
===============================|    epoch 34   |===============================

2021-08-20 17:18:51,361 -     0 /   301 (0.0%):	 Total:0.0460875	 m_precision:1.0000000	 m_recall:1.0000000	 m_f1-score:1.0000000	 m_support:12.0000000	 lr:0.0008737	 Mean_Total:0.0460875
2021-08-20 17:18:52,743 -    60 /   301 (19.9%):	 Total:0.4979635	 m_precision:0.9500000	 m_recall:0.8333333	 m_f1-score:0.8736842	 m_support:12.0000000	 lr:0.0008711	 Mean_Total:0.2331409
2021-08-20 17:18:54,275 -   120 /   301 (39.9%):	 Total:0.3665900	 m_precision:0.5000000	 m_recall:0.3750000	 m_f1-score:0.4285714	 m_support:12.0000000	 lr:0.0008686	 Mean_Total:0.2541997
2021-08-20 17:18:55,781 -   180 /   301 (59.8%):	 Total:0.3961629	 m_precision:0.9545455	 m_recall:0.7500000	 m_f1-score:0.8095238	 m_support:12.0000000	 lr:0.0008661	 Mean_Total:0.2520319
2021-08-20 17:18:57,314 -   240 /   301 (79.7%):	 Total:0.0541898	 m_precision:1.0000000	 m_recall:1.0000000	 m_f1-score:1.0000000	 m_support:12.0000000	 lr:0.0008636	 Mean_Total:0.2596073
2021-08-20 17:18:58,761 -   300 /   301 (99.7%):	 Total:0.3663354	 m_precision:0.8333333	 m_recall:0.9166667	 m_f1-score:0.8545455	 m_support:8.0000000	 lr:0.0008611	 Mean_Total:0.2704148
2021-08-20 17:19:00,378 - 
===============================| start validation |===============================

2021-08-20 17:19:00,380 - 	 Total:1.3691128	 m_precision:0.5886779	 m_recall:0.6174800	 m_f1-score:0.5863836	 m_support:11.9767442
2021-08-20 17:19:00,386 -    ini file updated    
2021-08-20 17:19:00,386 - 
===============================|    epoch 35   |===============================

2021-08-20 17:19:00,853 -     0 /   301 (0.0%):	 Total:0.0954701	 m_precision:0.7500000	 m_recall:0.9545455	 m_f1-score:0.8095238	 m_support:12.0000000	 lr:0.0008611	 Mean_Total:0.0954701
2021-08-20 17:19:02,429 -    60 /   301 (19.9%):	 Total:0.2684206	 m_precision:0.8750000	 m_recall:0.9444444	 m_f1-score:0.8991597	 m_support:12.0000000	 lr:0.0008587	 Mean_Total:0.2100287
2021-08-20 17:19:03,869 -   120 /   301 (39.9%):	 Total:0.2605245	 m_precision:0.8750000	 m_recall:0.9444444	 m_f1-score:0.8991597	 m_support:12.0000000	 lr:0.0008562	 Mean_Total:0.2303941
2021-08-20 17:19:05,336 -   180 /   301 (59.8%):	 Total:0.2715945	 m_precision:0.8750000	 m_recall:0.9444444	 m_f1-score:0.8991597	 m_support:12.0000000	 lr:0.0008538	 Mean_Total:0.2304561
2021-08-20 17:19:06,953 -   240 /   301 (79.7%):	 Total:0.1693320	 m_precision:1.0000000	 m_recall:1.0000000	 m_f1-score:1.0000000	 m_support:12.0000000	 lr:0.0008515	 Mean_Total:0.2398422
2021-08-20 17:19:08,388 -   300 /   301 (99.7%):	 Total:1.6356978	 m_precision:0.9285714	 m_recall:0.7500000	 m_f1-score:0.7948718	 m_support:8.0000000	 lr:0.0008491	 Mean_Total:0.2475075
2021-08-20 17:19:09,986 - 
===============================| start validation |===============================

2021-08-20 17:19:09,989 - 	 Total:1.4041525	 m_precision:0.5703946	 m_recall:0.6089353	 m_f1-score:0.5633682	 m_support:11.9767442
2021-08-20 17:19:09,995 -    ini file updated    
2021-08-20 17:19:09,995 - 
===============================|    epoch 36   |===============================

2021-08-20 17:19:10,470 -     0 /   301 (0.0%):	 Total:0.0926871	 m_precision:0.5000000	 m_recall:0.4583333	 m_f1-score:0.4782609	 m_support:12.0000000	 lr:0.0008491	 Mean_Total:0.0926871
2021-08-20 17:19:11,965 -    60 /   301 (19.9%):	 Total:0.1350268	 m_precision:1.0000000	 m_recall:1.0000000	 m_f1-score:1.0000000	 m_support:12.0000000	 lr:0.0008467	 Mean_Total:0.2195256
2021-08-20 17:19:13,598 -   120 /   301 (39.9%):	 Total:0.1635327	 m_precision:0.8333333	 m_recall:0.9500000	 m_f1-score:0.8736842	 m_support:12.0000000	 lr:0.0008444	 Mean_Total:0.2229912
2021-08-20 17:19:15,114 -   180 /   301 (59.8%):	 Total:1.5194300	 m_precision:0.5625000	 m_recall:0.5571429	 m_f1-score:0.5555556	 m_support:12.0000000	 lr:0.0008421	 Mean_Total:0.2263414
2021-08-20 17:19:16,631 -   240 /   301 (79.7%):	 Total:0.0982118	 m_precision:1.0000000	 m_recall:1.0000000	 m_f1-score:1.0000000	 m_support:12.0000000	 lr:0.0008398	 Mean_Total:0.2324676
2021-08-20 17:19:18,130 -   300 /   301 (99.7%):	 Total:0.8763488	 m_precision:0.9285714	 m_recall:0.7500000	 m_f1-score:0.7948718	 m_support:8.0000000	 lr:0.0008376	 Mean_Total:0.2392270
2021-08-20 17:19:19,644 - 
===============================| start validation |===============================

2021-08-20 17:19:19,646 - 	 Total:1.5193735	 m_precision:0.5763629	 m_recall:0.5717642	 m_f1-score:0.5542778	 m_support:11.9767442
2021-08-20 17:19:19,652 -    ini file updated    
2021-08-20 17:19:19,652 - 
===============================|    epoch 37   |===============================

2021-08-20 17:19:20,125 -     0 /   301 (0.0%):	 Total:0.2701777	 m_precision:0.8333333	 m_recall:0.9500000	 m_f1-score:0.8736842	 m_support:12.0000000	 lr:0.0008375	 Mean_Total:0.2701777
2021-08-20 17:19:21,569 -    60 /   301 (19.9%):	 Total:0.3221832	 m_precision:0.7500000	 m_recall:0.9000000	 m_f1-score:0.7777778	 m_support:12.0000000	 lr:0.0008353	 Mean_Total:0.2239845
2021-08-20 17:19:22,957 -   120 /   301 (39.9%):	 Total:0.6848678	 m_precision:0.6250000	 m_recall:0.8636364	 m_f1-score:0.6210526	 m_support:12.0000000	 lr:0.0008330	 Mean_Total:0.2272332
2021-08-20 17:19:24,458 -   180 /   301 (59.8%):	 Total:0.2435185	 m_precision:0.8333333	 m_recall:0.9500000	 m_f1-score:0.8736842	 m_support:12.0000000	 lr:0.0008308	 Mean_Total:0.2373545
2021-08-20 17:19:25,908 -   240 /   301 (79.7%):	 Total:0.1490538	 m_precision:0.7500000	 m_recall:0.9545455	 m_f1-score:0.8095238	 m_support:12.0000000	 lr:0.0008286	 Mean_Total:0.2383979
2021-08-20 17:19:27,401 -   300 /   301 (99.7%):	 Total:0.1246191	 m_precision:0.7500000	 m_recall:0.9285714	 m_f1-score:0.7948718	 m_support:8.0000000	 lr:0.0008265	 Mean_Total:0.2352966
2021-08-20 17:19:28,990 - 
===============================| start validation |===============================

2021-08-20 17:19:28,991 - 	 Total:1.5868805	 m_precision:0.5650362	 m_recall:0.5922510	 m_f1-score:0.5546617	 m_support:11.9767442
2021-08-20 17:19:28,994 -    ini file updated    
2021-08-20 17:19:28,994 - 
===============================|    epoch 38   |===============================

2021-08-20 17:19:29,434 -     0 /   301 (0.0%):	 Total:0.4099942	 m_precision:0.5000000	 m_recall:0.4166667	 m_f1-score:0.4545455	 m_support:12.0000000	 lr:0.0008264	 Mean_Total:0.4099942
2021-08-20 17:19:31,018 -    60 /   301 (19.9%):	 Total:0.0631332	 m_precision:1.0000000	 m_recall:1.0000000	 m_f1-score:1.0000000	 m_support:12.0000000	 lr:0.0008221	 Mean_Total:0.2289031
2021-08-20 17:19:32,502 -   120 /   301 (39.9%):	 Total:0.0629218	 m_precision:1.0000000	 m_recall:1.0000000	 m_f1-score:1.0000000	 m_support:12.0000000	 lr:0.0008178	 Mean_Total:0.2326089
2021-08-20 17:19:33,841 -   180 /   301 (59.8%):	 Total:0.1887571	 m_precision:0.7500000	 m_recall:0.9545455	 m_f1-score:0.8095238	 m_support:12.0000000	 lr:0.0008137	 Mean_Total:0.2251433
2021-08-20 17:19:35,337 -   240 /   301 (79.7%):	 Total:0.0835527	 m_precision:1.0000000	 m_recall:1.0000000	 m_f1-score:1.0000000	 m_support:12.0000000	 lr:0.0008096	 Mean_Total:0.2142787
2021-08-20 17:19:36,760 -   300 /   301 (99.7%):	 Total:0.0226011	 m_precision:1.0000000	 m_recall:1.0000000	 m_f1-score:1.0000000	 m_support:8.0000000	 lr:0.0008055	 Mean_Total:0.2176724
2021-08-20 17:19:38,289 - 
===============================| start validation |===============================

2021-08-20 17:19:38,290 - 	 Total:1.6902942	 m_precision:0.5540962	 m_recall:0.5585624	 m_f1-score:0.5417846	 m_support:11.9767442
2021-08-20 17:19:38,293 -    ini file updated    
2021-08-20 17:19:38,293 - 
===============================|    epoch 39   |===============================

2021-08-20 17:19:38,716 -     0 /   301 (0.0%):	 Total:0.0498033	 m_precision:1.0000000	 m_recall:1.0000000	 m_f1-score:1.0000000	 m_support:12.0000000	 lr:0.0008054	 Mean_Total:0.0498033
2021-08-20 17:19:40,223 -    60 /   301 (19.9%):	 Total:0.0427421	 m_precision:1.0000000	 m_recall:1.0000000	 m_f1-score:1.0000000	 m_support:12.0000000	 lr:0.0007975	 Mean_Total:0.1995592
2021-08-20 17:19:41,698 -   120 /   301 (39.9%):	 Total:0.0548008	 m_precision:1.0000000	 m_recall:1.0000000	 m_f1-score:1.0000000	 m_support:12.0000000	 lr:0.0007898	 Mean_Total:0.2012380
2021-08-20 17:19:43,178 -   180 /   301 (59.8%):	 Total:0.1911359	 m_precision:0.8750000	 m_recall:0.9444444	 m_f1-score:0.8991597	 m_support:12.0000000	 lr:0.0007824	 Mean_Total:0.2024289
2021-08-20 17:19:44,591 -   240 /   301 (79.7%):	 Total:0.0530312	 m_precision:1.0000000	 m_recall:1.0000000	 m_f1-score:1.0000000	 m_support:12.0000000	 lr:0.0007751	 Mean_Total:0.2059384
2021-08-20 17:19:46,070 -   300 /   301 (99.7%):	 Total:0.1494274	 m_precision:0.8333333	 m_recall:0.9166667	 m_f1-score:0.8545455	 m_support:8.0000000	 lr:0.0007680	 Mean_Total:0.2115754
2021-08-20 17:19:47,655 - 
===============================| start validation |===============================

2021-08-20 17:19:47,656 - 	 Total:1.5923733	 m_precision:0.5969257	 m_recall:0.5933815	 m_f1-score:0.5755519	 m_support:11.9767442
2021-08-20 17:19:47,659 -    ini file updated    
2021-08-20 17:19:47,659 - 
===============================|    epoch 40   |===============================

2021-08-20 17:19:48,211 -     0 /   301 (0.0%):	 Total:0.1259287	 m_precision:0.8333333	 m_recall:0.9500000	 m_f1-score:0.8736842	 m_support:12.0000000	 lr:0.0007678	 Mean_Total:0.1259287
2021-08-20 17:19:49,723 -    60 /   301 (19.9%):	 Total:0.0341745	 m_precision:1.0000000	 m_recall:1.0000000	 m_f1-score:1.0000000	 m_support:12.0000000	 lr:0.0007543	 Mean_Total:0.2063121
2021-08-20 17:19:51,182 -   120 /   301 (39.9%):	 Total:0.1919250	 m_precision:0.7500000	 m_recall:0.9000000	 m_f1-score:0.7777778	 m_support:12.0000000	 lr:0.0007414	 Mean_Total:0.2097135
2021-08-20 17:19:52,599 -   180 /   301 (59.8%):	 Total:1.1021754	 m_precision:0.7000000	 m_recall:0.7000000	 m_f1-score:0.7000000	 m_support:12.0000000	 lr:0.0007292	 Mean_Total:0.2040303
2021-08-20 17:19:54,075 -   240 /   301 (79.7%):	 Total:0.4341076	 m_precision:0.8000000	 m_recall:0.8888889	 m_f1-score:0.8125000	 m_support:12.0000000	 lr:0.0007176	 Mean_Total:0.1956162
2021-08-20 17:19:55,633 -   300 /   301 (99.7%):	 Total:0.5432554	 m_precision:0.6666667	 m_recall:0.8571429	 m_f1-score:0.6666667	 m_support:8.0000000	 lr:0.0007065	 Mean_Total:0.1980528
2021-08-20 17:19:57,238 - 
===============================| start validation |===============================

2021-08-20 17:19:57,239 - 	 Total:1.8065199	 m_precision:0.5398059	 m_recall:0.5450883	 m_f1-score:0.5281557	 m_support:11.9767442
2021-08-20 17:19:57,243 -    ini file updated    
2021-08-20 17:19:57,243 - 
===============================|    epoch 41   |===============================

2021-08-20 17:19:57,708 -     0 /   301 (0.0%):	 Total:0.0615141	 m_precision:1.0000000	 m_recall:1.0000000	 m_f1-score:1.0000000	 m_support:12.0000000	 lr:0.0007061	 Mean_Total:0.0615141
2021-08-20 17:19:59,199 -    60 /   301 (19.9%):	 Total:0.0056210	 m_precision:1.0000000	 m_recall:1.0000000	 m_f1-score:1.0000000	 m_support:12.0000000	 lr:0.0006854	 Mean_Total:0.1445467
2021-08-20 17:20:00,704 -   120 /   301 (39.9%):	 Total:0.2220449	 m_precision:0.7500000	 m_recall:0.9545455	 m_f1-score:0.8095238	 m_support:12.0000000	 lr:0.0006665	 Mean_Total:0.1826757
2021-08-20 17:20:02,278 -   180 /   301 (59.8%):	 Total:0.0943735	 m_precision:1.0000000	 m_recall:1.0000000	 m_f1-score:1.0000000	 m_support:12.0000000	 lr:0.0006490	 Mean_Total:0.1728324
2021-08-20 17:20:03,910 -   240 /   301 (79.7%):	 Total:0.0141377	 m_precision:1.0000000	 m_recall:1.0000000	 m_f1-score:1.0000000	 m_support:12.0000000	 lr:0.0006328	 Mean_Total:0.1649577
2021-08-20 17:20:05,345 -   300 /   301 (99.7%):	 Total:0.4236001	 m_precision:0.7500000	 m_recall:0.9285714	 m_f1-score:0.7948718	 m_support:8.0000000	 lr:0.0006178	 Mean_Total:0.1685243
2021-08-20 17:20:06,875 - 
===============================| start validation |===============================

2021-08-20 17:20:06,876 - 	 Total:1.8547847	 m_precision:0.5723015	 m_recall:0.5868158	 m_f1-score:0.5585362	 m_support:11.9767442
2021-08-20 17:20:06,881 -    ini file updated    
2021-08-20 17:20:06,881 - 
===============================|    epoch 42   |===============================

2021-08-20 17:20:07,346 -     0 /   301 (0.0%):	 Total:0.1402459	 m_precision:1.0000000	 m_recall:1.0000000	 m_f1-score:1.0000000	 m_support:12.0000000	 lr:0.0006173	 Mean_Total:0.1402459
2021-08-20 17:20:08,865 -    60 /   301 (19.9%):	 Total:0.2199690	 m_precision:0.6666667	 m_recall:0.9090909	 m_f1-score:0.7000000	 m_support:12.0000000	 lr:0.0005903	 Mean_Total:0.2004875
2021-08-20 17:20:10,293 -   120 /   301 (39.9%):	 Total:0.0176263	 m_precision:1.0000000	 m_recall:1.0000000	 m_f1-score:1.0000000	 m_support:12.0000000	 lr:0.0005665	 Mean_Total:0.1849639
2021-08-20 17:20:11,788 -   180 /   301 (59.8%):	 Total:0.2068405	 m_precision:0.8333333	 m_recall:0.9500000	 m_f1-score:0.8736842	 m_support:12.0000000	 lr:0.0005454	 Mean_Total:0.1837409
2021-08-20 17:20:13,177 -   240 /   301 (79.7%):	 Total:0.0189131	 m_precision:1.0000000	 m_recall:1.0000000	 m_f1-score:1.0000000	 m_support:12.0000000	 lr:0.0005265	 Mean_Total:0.1763836
2021-08-20 17:20:14,561 -   300 /   301 (99.7%):	 Total:0.3997064	 m_precision:0.6666667	 m_recall:0.8571429	 m_f1-score:0.6666667	 m_support:8.0000000	 lr:0.0005095	 Mean_Total:0.1772445
2021-08-20 17:20:16,163 - 
===============================| start validation |===============================

2021-08-20 17:20:16,165 - 	 Total:1.8626667	 m_precision:0.5715360	 m_recall:0.5672686	 m_f1-score:0.5551573	 m_support:11.9767442
2021-08-20 17:20:16,170 -    ini file updated    
2021-08-20 17:20:16,171 - 
===============================|    epoch 43   |===============================

2021-08-20 17:20:16,613 -     0 /   301 (0.0%):	 Total:0.0909128	 m_precision:1.0000000	 m_recall:1.0000000	 m_f1-score:1.0000000	 m_support:12.0000000	 lr:0.0005089	 Mean_Total:0.0909128
2021-08-20 17:20:18,071 -    60 /   301 (19.9%):	 Total:0.0524745	 m_precision:1.0000000	 m_recall:1.0000000	 m_f1-score:1.0000000	 m_support:12.0000000	 lr:0.0004793	 Mean_Total:0.2239234
2021-08-20 17:20:19,691 -   120 /   301 (39.9%):	 Total:0.2249270	 m_precision:0.8333333	 m_recall:0.9500000	 m_f1-score:0.8736842	 m_support:12.0000000	 lr:0.0004544	 Mean_Total:0.2114707
2021-08-20 17:20:21,115 -   180 /   301 (59.8%):	 Total:0.1409380	 m_precision:0.7500000	 m_recall:0.9545455	 m_f1-score:0.8095238	 m_support:12.0000000	 lr:0.0004329	 Mean_Total:0.1852954
2021-08-20 17:20:22,616 -   240 /   301 (79.7%):	 Total:0.2596306	 m_precision:0.8333333	 m_recall:0.9500000	 m_f1-score:0.8736842	 m_support:12.0000000	 lr:0.0004143	 Mean_Total:0.1878844
2021-08-20 17:20:24,093 -   300 /   301 (99.7%):	 Total:0.0210958	 m_precision:1.0000000	 m_recall:1.0000000	 m_f1-score:1.0000000	 m_support:8.0000000	 lr:0.0003978	 Mean_Total:0.1863651
2021-08-20 17:20:25,699 - 
===============================| start validation |===============================

2021-08-20 17:20:25,700 - 	 Total:1.9402326	 m_precision:0.5484085	 m_recall:0.5429368	 m_f1-score:0.5367644	 m_support:11.9767442
2021-08-20 17:20:25,704 -    ini file updated    
2021-08-20 17:20:25,704 - 
===============================|    epoch 44   |===============================

2021-08-20 17:20:26,180 -     0 /   301 (0.0%):	 Total:0.0316399	 m_precision:1.0000000	 m_recall:1.0000000	 m_f1-score:1.0000000	 m_support:12.0000000	 lr:0.0003973	 Mean_Total:0.0316399
2021-08-20 17:20:27,692 -    60 /   301 (19.9%):	 Total:0.0211096	 m_precision:1.0000000	 m_recall:1.0000000	 m_f1-score:1.0000000	 m_support:12.0000000	 lr:0.0003697	 Mean_Total:0.1480246
2021-08-20 17:20:29,364 -   120 /   301 (39.9%):	 Total:0.1411877	 m_precision:0.8333333	 m_recall:0.9500000	 m_f1-score:0.8736842	 m_support:12.0000000	 lr:0.0003471	 Mean_Total:0.1557727
2021-08-20 17:20:30,842 -   180 /   301 (59.8%):	 Total:0.1209143	 m_precision:0.7500000	 m_recall:0.9545455	 m_f1-score:0.8095238	 m_support:12.0000000	 lr:0.0003282	 Mean_Total:0.1412216
2021-08-20 17:20:32,250 -   240 /   301 (79.7%):	 Total:0.0285020	 m_precision:1.0000000	 m_recall:1.0000000	 m_f1-score:1.0000000	 m_support:12.0000000	 lr:0.0003121	 Mean_Total:0.1387343
2021-08-20 17:20:33,739 -   300 /   301 (99.7%):	 Total:0.1906991	 m_precision:0.7500000	 m_recall:0.9285714	 m_f1-score:0.7948718	 m_support:8.0000000	 lr:0.0002981	 Mean_Total:0.1484513
2021-08-20 17:20:35,364 - 
===============================| start validation |===============================

2021-08-20 17:20:35,366 - 	 Total:1.8124425	 m_precision:0.5775915	 m_recall:0.5898331	 m_f1-score:0.5642495	 m_support:11.9767442
2021-08-20 17:20:35,371 -    ini file updated    
2021-08-20 17:20:35,371 - 
===============================|    epoch 45   |===============================

2021-08-20 17:20:35,870 -     0 /   301 (0.0%):	 Total:0.0826884	 m_precision:1.0000000	 m_recall:1.0000000	 m_f1-score:1.0000000	 m_support:12.0000000	 lr:0.0002977	 Mean_Total:0.0826884
2021-08-20 17:20:37,247 -    60 /   301 (19.9%):	 Total:0.0106651	 m_precision:1.0000000	 m_recall:1.0000000	 m_f1-score:1.0000000	 m_support:12.0000000	 lr:0.0002747	 Mean_Total:0.1153645
2021-08-20 17:20:38,564 -   120 /   301 (39.9%):	 Total:0.0953728	 m_precision:0.5000000	 m_recall:0.4583333	 m_f1-score:0.4782609	 m_support:12.0000000	 lr:0.0002564	 Mean_Total:0.1363771
2021-08-20 17:20:39,838 -   180 /   301 (59.8%):	 Total:0.3533877	 m_precision:0.8333333	 m_recall:0.9500000	 m_f1-score:0.8736842	 m_support:12.0000000	 lr:0.0002413	 Mean_Total:0.1344667
2021-08-20 17:20:41,389 -   240 /   301 (79.7%):	 Total:0.1677255	 m_precision:0.8333333	 m_recall:0.9500000	 m_f1-score:0.8736842	 m_support:12.0000000	 lr:0.0002285	 Mean_Total:0.1418549
2021-08-20 17:20:42,812 -   300 /   301 (99.7%):	 Total:0.2986094	 m_precision:1.0000000	 m_recall:1.0000000	 m_f1-score:1.0000000	 m_support:8.0000000	 lr:0.0002176	 Mean_Total:0.1484009
2021-08-20 17:20:44,359 - 
===============================| start validation |===============================

2021-08-20 17:20:44,361 - 	 Total:1.8792384	 m_precision:0.5783973	 m_recall:0.5433110	 m_f1-score:0.5450332	 m_support:11.9767442
2021-08-20 17:20:44,365 -    ini file updated    
2021-08-20 17:20:44,366 - 
===============================|    epoch 46   |===============================

2021-08-20 17:20:44,808 -     0 /   301 (0.0%):	 Total:0.0338799	 m_precision:1.0000000	 m_recall:1.0000000	 m_f1-score:1.0000000	 m_support:12.0000000	 lr:0.0002173	 Mean_Total:0.0338799
2021-08-20 17:20:46,185 -    60 /   301 (19.9%):	 Total:0.1124970	 m_precision:1.0000000	 m_recall:1.0000000	 m_f1-score:1.0000000	 m_support:12.0000000	 lr:0.0001996	 Mean_Total:0.1231235
2021-08-20 17:20:47,679 -   120 /   301 (39.9%):	 Total:0.0433021	 m_precision:1.0000000	 m_recall:1.0000000	 m_f1-score:1.0000000	 m_support:12.0000000	 lr:0.0001856	 Mean_Total:0.1424927
2021-08-20 17:20:49,332 -   180 /   301 (59.8%):	 Total:0.2125224	 m_precision:0.7500000	 m_recall:0.9545455	 m_f1-score:0.8095238	 m_support:12.0000000	 lr:0.0001741	 Mean_Total:0.1494939
2021-08-20 17:20:50,713 -   240 /   301 (79.7%):	 Total:0.0938741	 m_precision:1.0000000	 m_recall:1.0000000	 m_f1-score:1.0000000	 m_support:12.0000000	 lr:0.0001646	 Mean_Total:0.1497117
2021-08-20 17:20:52,152 -   300 /   301 (99.7%):	 Total:0.3793043	 m_precision:0.9285714	 m_recall:0.7500000	 m_f1-score:0.7948718	 m_support:8.0000000	 lr:0.0001565	 Mean_Total:0.1471615
2021-08-20 17:20:53,780 - 
===============================| start validation |===============================

2021-08-20 17:20:53,781 - 	 Total:1.9190926	 m_precision:0.5580808	 m_recall:0.5671218	 m_f1-score:0.5526553	 m_support:11.9767442
2021-08-20 17:20:53,784 -    ini file updated    
2021-08-20 17:20:53,784 - 
===============================|    epoch 47   |===============================

2021-08-20 17:20:54,262 -     0 /   301 (0.0%):	 Total:0.0173702	 m_precision:1.0000000	 m_recall:1.0000000	 m_f1-score:1.0000000	 m_support:12.0000000	 lr:0.0001562	 Mean_Total:0.0173702
2021-08-20 17:20:55,652 -    60 /   301 (19.9%):	 Total:0.0358635	 m_precision:1.0000000	 m_recall:1.0000000	 m_f1-score:1.0000000	 m_support:12.0000000	 lr:0.0001431	 Mean_Total:0.1414011
2021-08-20 17:20:57,208 -   120 /   301 (39.9%):	 Total:0.0478675	 m_precision:1.0000000	 m_recall:1.0000000	 m_f1-score:1.0000000	 m_support:12.0000000	 lr:0.0001328	 Mean_Total:0.1255649
2021-08-20 17:20:58,686 -   180 /   301 (59.8%):	 Total:0.3191581	 m_precision:0.8333333	 m_recall:0.9500000	 m_f1-score:0.8736842	 m_support:12.0000000	 lr:0.0001245	 Mean_Total:0.1421568
2021-08-20 17:21:00,250 -   240 /   301 (79.7%):	 Total:0.5022335	 m_precision:0.7000000	 m_recall:0.7000000	 m_f1-score:0.7000000	 m_support:12.0000000	 lr:0.0001175	 Mean_Total:0.1381402
2021-08-20 17:21:01,662 -   300 /   301 (99.7%):	 Total:0.0346541	 m_precision:1.0000000	 m_recall:1.0000000	 m_f1-score:1.0000000	 m_support:8.0000000	 lr:0.0001116	 Mean_Total:0.1440838
2021-08-20 17:21:03,203 - 
===============================| start validation |===============================

2021-08-20 17:21:03,205 - 	 Total:1.7948439	 m_precision:0.5889224	 m_recall:0.5799830	 m_f1-score:0.5631980	 m_support:11.9767442
2021-08-20 17:21:03,209 -    ini file updated    
2021-08-20 17:21:03,209 - 
===============================|    epoch 48   |===============================

2021-08-20 17:21:03,651 -     0 /   301 (0.0%):	 Total:0.2888169	 m_precision:0.7500000	 m_recall:0.9545455	 m_f1-score:0.8095238	 m_support:12.0000000	 lr:0.0001115	 Mean_Total:0.2888169
2021-08-20 17:21:05,092 -    60 /   301 (19.9%):	 Total:0.0411278	 m_precision:1.0000000	 m_recall:1.0000000	 m_f1-score:1.0000000	 m_support:12.0000000	 lr:0.0001064	 Mean_Total:0.0969808
2021-08-20 17:21:06,524 -   120 /   301 (39.9%):	 Total:0.0636713	 m_precision:1.0000000	 m_recall:1.0000000	 m_f1-score:1.0000000	 m_support:12.0000000	 lr:0.0001020	 Mean_Total:0.1184708
2021-08-20 17:21:08,084 -   180 /   301 (59.8%):	 Total:0.1648813	 m_precision:1.0000000	 m_recall:1.0000000	 m_f1-score:1.0000000	 m_support:12.0000000	 lr:0.0000981	 Mean_Total:0.1292576
2021-08-20 17:21:09,628 -   240 /   301 (79.7%):	 Total:0.2896224	 m_precision:0.9000000	 m_recall:0.9375000	 m_f1-score:0.9111111	 m_support:12.0000000	 lr:0.0000945	 Mean_Total:0.1270747
2021-08-20 17:21:10,974 -   300 /   301 (99.7%):	 Total:0.0212522	 m_precision:1.0000000	 m_recall:1.0000000	 m_f1-score:1.0000000	 m_support:8.0000000	 lr:0.0000914	 Mean_Total:0.1262548
2021-08-20 17:21:12,513 - 
===============================| start validation |===============================

2021-08-20 17:21:12,515 - 	 Total:1.8883164	 m_precision:0.5955296	 m_recall:0.5925279	 m_f1-score:0.5757026	 m_support:11.9767442
2021-08-20 17:21:12,518 -    ini file updated    
2021-08-20 17:21:12,518 - 
===============================|    epoch 49   |===============================

2021-08-20 17:21:12,979 -     0 /   301 (0.0%):	 Total:0.1730955	 m_precision:1.0000000	 m_recall:1.0000000	 m_f1-score:1.0000000	 m_support:12.0000000	 lr:0.0000913	 Mean_Total:0.1730955
2021-08-20 17:21:14,521 -    60 /   301 (19.9%):	 Total:0.4156666	 m_precision:0.5000000	 m_recall:0.4166667	 m_f1-score:0.4545455	 m_support:12.0000000	 lr:0.0000885	 Mean_Total:0.1347713
2021-08-20 17:21:16,061 -   120 /   301 (39.9%):	 Total:0.0393177	 m_precision:1.0000000	 m_recall:1.0000000	 m_f1-score:1.0000000	 m_support:12.0000000	 lr:0.0000859	 Mean_Total:0.1345518
2021-08-20 17:21:17,664 -   180 /   301 (59.8%):	 Total:0.0818154	 m_precision:1.0000000	 m_recall:1.0000000	 m_f1-score:1.0000000	 m_support:12.0000000	 lr:0.0000835	 Mean_Total:0.1451375
2021-08-20 17:21:19,171 -   240 /   301 (79.7%):	 Total:0.0827218	 m_precision:0.7500000	 m_recall:0.9545455	 m_f1-score:0.8095238	 m_support:12.0000000	 lr:0.0000813	 Mean_Total:0.1444355
2021-08-20 17:21:20,661 -   300 /   301 (99.7%):	 Total:0.0317295	 m_precision:1.0000000	 m_recall:1.0000000	 m_f1-score:1.0000000	 m_support:8.0000000	 lr:0.0000793	 Mean_Total:0.1469643
2021-08-20 17:21:22,151 - 
===============================| start validation |===============================

2021-08-20 17:21:22,153 - 	 Total:1.9235634	 m_precision:0.5794297	 m_recall:0.5713120	 m_f1-score:0.5591151	 m_support:11.9767442
2021-08-20 17:21:22,158 -    ini file updated    
2021-08-20 17:21:22,158 - 
===============================|    epoch 50   |===============================

2021-08-20 17:21:22,639 -     0 /   301 (0.0%):	 Total:0.1331370	 m_precision:0.5000000	 m_recall:0.4583333	 m_f1-score:0.4782609	 m_support:12.0000000	 lr:0.0000792	 Mean_Total:0.1331370
2021-08-20 17:21:24,001 -    60 /   301 (19.9%):	 Total:0.5695177	 m_precision:0.6000000	 m_recall:0.8181818	 m_f1-score:0.5555556	 m_support:12.0000000	 lr:0.0000773	 Mean_Total:0.1456749
2021-08-20 17:21:25,426 -   120 /   301 (39.9%):	 Total:0.0624329	 m_precision:1.0000000	 m_recall:1.0000000	 m_f1-score:1.0000000	 m_support:12.0000000	 lr:0.0000756	 Mean_Total:0.1482771
2021-08-20 17:21:26,839 -   180 /   301 (59.8%):	 Total:0.0172866	 m_precision:1.0000000	 m_recall:1.0000000	 m_f1-score:1.0000000	 m_support:12.0000000	 lr:0.0000739	 Mean_Total:0.1474059
2021-08-20 17:21:28,363 -   240 /   301 (79.7%):	 Total:0.3037373	 m_precision:0.9285714	 m_recall:0.9166667	 m_f1-score:0.9160839	 m_support:12.0000000	 lr:0.0000724	 Mean_Total:0.1558140
2021-08-20 17:21:29,745 -   300 /   301 (99.7%):	 Total:0.1443234	 m_precision:0.7500000	 m_recall:0.9285714	 m_f1-score:0.7948718	 m_support:8.0000000	 lr:0.0000710	 Mean_Total:0.1506595
2021-08-20 17:21:31,279 - 
===============================| start validation |===============================

2021-08-20 17:21:31,281 - 	 Total:1.9064118	 m_precision:0.5683081	 m_recall:0.5546101	 m_f1-score:0.5494387	 m_support:11.9767442
2021-08-20 17:21:31,284 -    ini file updated    
2021-08-20 17:21:31,285 - 
===============================|    epoch 51   |===============================

2021-08-20 17:21:31,755 -     0 /   301 (0.0%):	 Total:0.0821798	 m_precision:1.0000000	 m_recall:1.0000000	 m_f1-score:1.0000000	 m_support:12.0000000	 lr:0.0000709	 Mean_Total:0.0821798
2021-08-20 17:21:33,185 -    60 /   301 (19.9%):	 Total:0.3240019	 m_precision:0.8333333	 m_recall:0.9500000	 m_f1-score:0.8736842	 m_support:12.0000000	 lr:0.0000696	 Mean_Total:0.1300205
2021-08-20 17:21:34,691 -   120 /   301 (39.9%):	 Total:0.0042086	 m_precision:1.0000000	 m_recall:1.0000000	 m_f1-score:1.0000000	 m_support:12.0000000	 lr:0.0000683	 Mean_Total:0.1440091
2021-08-20 17:21:36,176 -   180 /   301 (59.8%):	 Total:0.0060477	 m_precision:1.0000000	 m_recall:1.0000000	 m_f1-score:1.0000000	 m_support:12.0000000	 lr:0.0000671	 Mean_Total:0.1272015
2021-08-20 17:21:37,598 -   240 /   301 (79.7%):	 Total:0.1172999	 m_precision:0.7500000	 m_recall:0.9545455	 m_f1-score:0.8095238	 m_support:12.0000000	 lr:0.0000659	 Mean_Total:0.1379308
2021-08-20 17:21:39,070 -   300 /   301 (99.7%):	 Total:0.0035536	 m_precision:1.0000000	 m_recall:1.0000000	 m_f1-score:1.0000000	 m_support:8.0000000	 lr:0.0000648	 Mean_Total:0.1428374
2021-08-20 17:21:40,533 - 
===============================| start validation |===============================

2021-08-20 17:21:40,534 - 	 Total:1.8814713	 m_precision:0.5877240	 m_recall:0.5863703	 m_f1-score:0.5727030	 m_support:11.9767442
2021-08-20 17:21:40,538 -    ini file updated    
2021-08-20 17:21:40,538 - 
===============================|    epoch 52   |===============================

2021-08-20 17:21:41,010 -     0 /   301 (0.0%):	 Total:0.1267927	 m_precision:0.7500000	 m_recall:0.9545455	 m_f1-score:0.8095238	 m_support:12.0000000	 lr:0.0000648	 Mean_Total:0.1267927
2021-08-20 17:21:42,519 -    60 /   301 (19.9%):	 Total:0.2115476	 m_precision:1.0000000	 m_recall:1.0000000	 m_f1-score:1.0000000	 m_support:12.0000000	 lr:0.0000637	 Mean_Total:0.1315203
2021-08-20 17:21:43,958 -   120 /   301 (39.9%):	 Total:0.1211114	 m_precision:0.7500000	 m_recall:0.9545455	 m_f1-score:0.8095238	 m_support:12.0000000	 lr:0.0000628	 Mean_Total:0.1309662
2021-08-20 17:21:45,423 -   180 /   301 (59.8%):	 Total:0.0257203	 m_precision:1.0000000	 m_recall:1.0000000	 m_f1-score:1.0000000	 m_support:12.0000000	 lr:0.0000618	 Mean_Total:0.1354632
2021-08-20 17:21:46,921 -   240 /   301 (79.7%):	 Total:0.7134470	 m_precision:0.7777778	 m_recall:0.7777778	 m_f1-score:0.7777778	 m_support:12.0000000	 lr:0.0000609	 Mean_Total:0.1352516
2021-08-20 17:21:48,416 -   300 /   301 (99.7%):	 Total:0.4334528	 m_precision:0.8333333	 m_recall:0.9166667	 m_f1-score:0.8545455	 m_support:8.0000000	 lr:0.0000600	 Mean_Total:0.1349609
2021-08-20 17:21:49,933 - 
===============================| start validation |===============================

2021-08-20 17:21:49,935 - 	 Total:1.9055669	 m_precision:0.5807347	 m_recall:0.5668135	 m_f1-score:0.5556713	 m_support:11.9767442
2021-08-20 17:21:49,941 -    ini file updated    
2021-08-20 17:21:49,941 - 
===============================|    epoch 53   |===============================

2021-08-20 17:21:50,398 -     0 /   301 (0.0%):	 Total:0.0778703	 m_precision:1.0000000	 m_recall:1.0000000	 m_f1-score:1.0000000	 m_support:12.0000000	 lr:0.0000600	 Mean_Total:0.0778703
2021-08-20 17:21:52,023 -    60 /   301 (19.9%):	 Total:0.0719664	 m_precision:1.0000000	 m_recall:1.0000000	 m_f1-score:1.0000000	 m_support:12.0000000	 lr:0.0000592	 Mean_Total:0.1508107
2021-08-20 17:21:53,586 -   120 /   301 (39.9%):	 Total:0.1125071	 m_precision:1.0000000	 m_recall:1.0000000	 m_f1-score:1.0000000	 m_support:12.0000000	 lr:0.0000584	 Mean_Total:0.1463443
2021-08-20 17:21:55,113 -   180 /   301 (59.8%):	 Total:0.0878474	 m_precision:0.5000000	 m_recall:0.4583333	 m_f1-score:0.4782609	 m_support:12.0000000	 lr:0.0000576	 Mean_Total:0.1449987
2021-08-20 17:21:56,743 -   240 /   301 (79.7%):	 Total:0.4307337	 m_precision:0.7000000	 m_recall:0.8500000	 m_f1-score:0.6974790	 m_support:12.0000000	 lr:0.0000569	 Mean_Total:0.1480230
2021-08-20 17:21:58,080 -   300 /   301 (99.7%):	 Total:0.0368046	 m_precision:1.0000000	 m_recall:1.0000000	 m_f1-score:1.0000000	 m_support:8.0000000	 lr:0.0000562	 Mean_Total:0.1402578
2021-08-20 17:21:59,515 - 
===============================| start validation |===============================

2021-08-20 17:21:59,517 - 	 Total:1.9695767	 m_precision:0.5622886	 m_recall:0.5494966	 m_f1-score:0.5364185	 m_support:11.9767442
2021-08-20 17:21:59,520 -    ini file updated    
2021-08-20 17:21:59,520 - 
===============================|    epoch 54   |===============================

2021-08-20 17:21:59,993 -     0 /   301 (0.0%):	 Total:0.0116039	 m_precision:1.0000000	 m_recall:1.0000000	 m_f1-score:1.0000000	 m_support:12.0000000	 lr:0.0000562	 Mean_Total:0.0116039
2021-08-20 17:22:01,408 -    60 /   301 (19.9%):	 Total:0.0243566	 m_precision:1.0000000	 m_recall:1.0000000	 m_f1-score:1.0000000	 m_support:12.0000000	 lr:0.0000555	 Mean_Total:0.1205369
2021-08-20 17:22:02,911 -   120 /   301 (39.9%):	 Total:0.0561432	 m_precision:1.0000000	 m_recall:1.0000000	 m_f1-score:1.0000000	 m_support:12.0000000	 lr:0.0000548	 Mean_Total:0.1234955
2021-08-20 17:22:04,430 -   180 /   301 (59.8%):	 Total:0.0649964	 m_precision:1.0000000	 m_recall:1.0000000	 m_f1-score:1.0000000	 m_support:12.0000000	 lr:0.0000542	 Mean_Total:0.1304949
2021-08-20 17:22:05,852 -   240 /   301 (79.7%):	 Total:0.0160437	 m_precision:1.0000000	 m_recall:1.0000000	 m_f1-score:1.0000000	 m_support:12.0000000	 lr:0.0000536	 Mean_Total:0.1260876
2021-08-20 17:22:07,243 -   300 /   301 (99.7%):	 Total:0.0608821	 m_precision:1.0000000	 m_recall:1.0000000	 m_f1-score:1.0000000	 m_support:8.0000000	 lr:0.0000530	 Mean_Total:0.1258649
2021-08-20 17:22:08,826 - 
===============================| start validation |===============================

2021-08-20 17:22:08,827 - 	 Total:1.9479308	 m_precision:0.5501263	 m_recall:0.5807024	 m_f1-score:0.5503658	 m_support:11.9767442
2021-08-20 17:22:08,831 -    ini file updated    
2021-08-20 17:22:08,831 - 
===============================|    epoch 55   |===============================

2021-08-20 17:22:09,294 -     0 /   301 (0.0%):	 Total:0.1303964	 m_precision:1.0000000	 m_recall:1.0000000	 m_f1-score:1.0000000	 m_support:12.0000000	 lr:0.0000530	 Mean_Total:0.1303964
2021-08-20 17:22:10,789 -    60 /   301 (19.9%):	 Total:0.0765826	 m_precision:1.0000000	 m_recall:1.0000000	 m_f1-score:1.0000000	 m_support:12.0000000	 lr:0.0000524	 Mean_Total:0.1098263
2021-08-20 17:22:12,373 -   120 /   301 (39.9%):	 Total:0.1159802	 m_precision:0.8333333	 m_recall:0.9500000	 m_f1-score:0.8736842	 m_support:12.0000000	 lr:0.0000518	 Mean_Total:0.1272331
2021-08-20 17:22:13,843 -   180 /   301 (59.8%):	 Total:0.0099906	 m_precision:1.0000000	 m_recall:1.0000000	 m_f1-score:1.0000000	 m_support:12.0000000	 lr:0.0000513	 Mean_Total:0.1274649
2021-08-20 17:22:15,264 -   240 /   301 (79.7%):	 Total:0.6411645	 m_precision:0.9375000	 m_recall:0.9000000	 m_f1-score:0.9111111	 m_support:12.0000000	 lr:0.0000508	 Mean_Total:0.1382485
2021-08-20 17:22:16,800 -   300 /   301 (99.7%):	 Total:0.0123367	 m_precision:1.0000000	 m_recall:1.0000000	 m_f1-score:1.0000000	 m_support:8.0000000	 lr:0.0000503	 Mean_Total:0.1306692
2021-08-20 17:22:18,445 - 
===============================| start validation |===============================

2021-08-20 17:22:18,448 - 	 Total:1.8830052	 m_precision:0.5687259	 m_recall:0.5833350	 m_f1-score:0.5611742	 m_support:11.9767442
2021-08-20 17:22:18,454 -    ini file updated    
2021-08-20 17:22:18,454 - 
===============================|    epoch 56   |===============================

2021-08-20 17:22:18,955 -     0 /   301 (0.0%):	 Total:0.0925141	 m_precision:1.0000000	 m_recall:1.0000000	 m_f1-score:1.0000000	 m_support:12.0000000	 lr:0.0000502	 Mean_Total:0.0925141
2021-08-20 17:22:20,361 -    60 /   301 (19.9%):	 Total:0.1437232	 m_precision:0.5000000	 m_recall:0.4583333	 m_f1-score:0.4782609	 m_support:12.0000000	 lr:0.0000498	 Mean_Total:0.1110085
2021-08-20 17:22:21,822 -   120 /   301 (39.9%):	 Total:0.5109839	 m_precision:0.4583333	 m_recall:0.5000000	 m_f1-score:0.4782609	 m_support:12.0000000	 lr:0.0000493	 Mean_Total:0.1337744
2021-08-20 17:22:23,389 -   180 /   301 (59.8%):	 Total:0.0750251	 m_precision:1.0000000	 m_recall:1.0000000	 m_f1-score:1.0000000	 m_support:12.0000000	 lr:0.0000488	 Mean_Total:0.1339059
2021-08-20 17:22:24,953 -   240 /   301 (79.7%):	 Total:0.0943092	 m_precision:1.0000000	 m_recall:1.0000000	 m_f1-score:1.0000000	 m_support:12.0000000	 lr:0.0000484	 Mean_Total:0.1294875
2021-08-20 17:22:26,416 -   300 /   301 (99.7%):	 Total:0.0099960	 m_precision:1.0000000	 m_recall:1.0000000	 m_f1-score:1.0000000	 m_support:8.0000000	 lr:0.0000479	 Mean_Total:0.1293075
2021-08-20 17:22:27,936 - 
===============================| start validation |===============================

2021-08-20 17:22:27,937 - 	 Total:1.9173209	 m_precision:0.5843921	 m_recall:0.5633222	 m_f1-score:0.5599475	 m_support:11.9767442
2021-08-20 17:22:27,940 -    ini file updated    
2021-08-20 17:22:27,940 - 
===============================|    epoch 57   |===============================

2021-08-20 17:22:28,406 -     0 /   301 (0.0%):	 Total:0.1435505	 m_precision:0.5000000	 m_recall:0.4166667	 m_f1-score:0.4545455	 m_support:12.0000000	 lr:0.0000479	 Mean_Total:0.1435505
2021-08-20 17:22:29,852 -    60 /   301 (19.9%):	 Total:0.1495984	 m_precision:0.7500000	 m_recall:0.9545455	 m_f1-score:0.8095238	 m_support:12.0000000	 lr:0.0000475	 Mean_Total:0.1280058
2021-08-20 17:22:31,278 -   120 /   301 (39.9%):	 Total:0.0403200	 m_precision:1.0000000	 m_recall:1.0000000	 m_f1-score:1.0000000	 m_support:12.0000000	 lr:0.0000471	 Mean_Total:0.1344191
2021-08-20 17:22:32,803 -   180 /   301 (59.8%):	 Total:0.4418296	 m_precision:0.8000000	 m_recall:0.8888889	 m_f1-score:0.8125000	 m_support:12.0000000	 lr:0.0000467	 Mean_Total:0.1337071
2021-08-20 17:22:34,311 -   240 /   301 (79.7%):	 Total:0.0142483	 m_precision:1.0000000	 m_recall:1.0000000	 m_f1-score:1.0000000	 m_support:12.0000000	 lr:0.0000463	 Mean_Total:0.1335495
2021-08-20 17:22:35,841 -   300 /   301 (99.7%):	 Total:0.0029453	 m_precision:1.0000000	 m_recall:1.0000000	 m_f1-score:1.0000000	 m_support:8.0000000	 lr:0.0000459	 Mean_Total:0.1387075
2021-08-20 17:22:37,331 - 
===============================| start validation |===============================

2021-08-20 17:22:37,332 - 	 Total:1.9766979	 m_precision:0.5514363	 m_recall:0.5595859	 m_f1-score:0.5400638	 m_support:11.9767442
2021-08-20 17:22:37,335 -    ini file updated    
2021-08-20 17:22:37,335 - 
===============================|    epoch 58   |===============================

2021-08-20 17:22:37,792 -     0 /   301 (0.0%):	 Total:0.1728524	 m_precision:0.8333333	 m_recall:0.9500000	 m_f1-score:0.8736842	 m_support:12.0000000	 lr:0.0000459	 Mean_Total:0.1728524
2021-08-20 17:22:39,333 -    60 /   301 (19.9%):	 Total:0.2983559	 m_precision:0.7000000	 m_recall:0.7000000	 m_f1-score:0.7000000	 m_support:12.0000000	 lr:0.0000455	 Mean_Total:0.1230969
2021-08-20 17:22:40,919 -   120 /   301 (39.9%):	 Total:0.0353602	 m_precision:1.0000000	 m_recall:1.0000000	 m_f1-score:1.0000000	 m_support:12.0000000	 lr:0.0000451	 Mean_Total:0.1311592
2021-08-20 17:22:42,187 -   180 /   301 (59.8%):	 Total:0.0439150	 m_precision:1.0000000	 m_recall:1.0000000	 m_f1-score:1.0000000	 m_support:12.0000000	 lr:0.0000448	 Mean_Total:0.1345328
2021-08-20 17:22:43,634 -   240 /   301 (79.7%):	 Total:0.2266254	 m_precision:0.9500000	 m_recall:0.8333333	 m_f1-score:0.8736842	 m_support:12.0000000	 lr:0.0000444	 Mean_Total:0.1355003
2021-08-20 17:22:45,212 -   300 /   301 (99.7%):	 Total:0.0127127	 m_precision:1.0000000	 m_recall:1.0000000	 m_f1-score:1.0000000	 m_support:8.0000000	 lr:0.0000441	 Mean_Total:0.1335139
2021-08-20 17:22:46,745 - 
===============================| start validation |===============================

2021-08-20 17:22:46,746 - 	 Total:1.9459849	 m_precision:0.5547950	 m_recall:0.5447389	 m_f1-score:0.5413185	 m_support:11.9767442
2021-08-20 17:22:46,749 -    ini file updated    
2021-08-20 17:22:46,749 - 
===============================|    epoch 59   |===============================

2021-08-20 17:22:47,187 -     0 /   301 (0.0%):	 Total:0.0638651	 m_precision:1.0000000	 m_recall:1.0000000	 m_f1-score:1.0000000	 m_support:12.0000000	 lr:0.0000441	 Mean_Total:0.0638651
2021-08-20 17:22:48,681 -    60 /   301 (19.9%):	 Total:0.0145291	 m_precision:1.0000000	 m_recall:1.0000000	 m_f1-score:1.0000000	 m_support:12.0000000	 lr:0.0000438	 Mean_Total:0.1329354
2021-08-20 17:22:50,283 -   120 /   301 (39.9%):	 Total:0.0513384	 m_precision:1.0000000	 m_recall:1.0000000	 m_f1-score:1.0000000	 m_support:12.0000000	 lr:0.0000434	 Mean_Total:0.1212313
2021-08-20 17:22:51,910 -   180 /   301 (59.8%):	 Total:0.0263411	 m_precision:1.0000000	 m_recall:1.0000000	 m_f1-score:1.0000000	 m_support:12.0000000	 lr:0.0000431	 Mean_Total:0.1234859
2021-08-20 17:22:53,383 -   240 /   301 (79.7%):	 Total:0.0139563	 m_precision:1.0000000	 m_recall:1.0000000	 m_f1-score:1.0000000	 m_support:12.0000000	 lr:0.0000428	 Mean_Total:0.1256295
2021-08-20 17:22:54,902 -   300 /   301 (99.7%):	 Total:0.0652603	 m_precision:1.0000000	 m_recall:1.0000000	 m_f1-score:1.0000000	 m_support:8.0000000	 lr:0.0000425	 Mean_Total:0.1257762
2021-08-20 17:22:56,341 - 
===============================| start validation |===============================

2021-08-20 17:22:56,342 - 	 Total:1.9693678	 m_precision:0.5613288	 m_recall:0.5610671	 m_f1-score:0.5468394	 m_support:11.9767442
2021-08-20 17:22:56,345 -    ini file updated    
2021-08-20 17:22:56,345 - 
===============================|    epoch 60   |===============================

2021-08-20 17:22:56,781 -     0 /   301 (0.0%):	 Total:0.1354340	 m_precision:0.8750000	 m_recall:0.9444444	 m_f1-score:0.8991597	 m_support:12.0000000	 lr:0.0000425	 Mean_Total:0.1354340
2021-08-20 17:22:58,298 -    60 /   301 (19.9%):	 Total:0.0879407	 m_precision:0.7500000	 m_recall:0.9545455	 m_f1-score:0.8095238	 m_support:12.0000000	 lr:0.0000422	 Mean_Total:0.1513359
2021-08-20 17:22:59,871 -   120 /   301 (39.9%):	 Total:0.0802558	 m_precision:0.8333333	 m_recall:0.9500000	 m_f1-score:0.8736842	 m_support:12.0000000	 lr:0.0000419	 Mean_Total:0.1302433
2021-08-20 17:23:01,281 -   180 /   301 (59.8%):	 Total:0.0128082	 m_precision:1.0000000	 m_recall:1.0000000	 m_f1-score:1.0000000	 m_support:12.0000000	 lr:0.0000416	 Mean_Total:0.1252695
2021-08-20 17:23:02,652 -   240 /   301 (79.7%):	 Total:0.1546120	 m_precision:0.7500000	 m_recall:0.9545455	 m_f1-score:0.8095238	 m_support:12.0000000	 lr:0.0000413	 Mean_Total:0.1323300
2021-08-20 17:23:04,037 -   300 /   301 (99.7%):	 Total:0.3639617	 m_precision:0.6666667	 m_recall:0.8571429	 m_f1-score:0.6666667	 m_support:8.0000000	 lr:0.0000411	 Mean_Total:0.1383764
2021-08-20 17:23:05,703 - 
===============================| start validation |===============================

2021-08-20 17:23:05,705 - 	 Total:1.9201734	 m_precision:0.5883574	 m_recall:0.6079445	 m_f1-score:0.5727012	 m_support:11.9767442
2021-08-20 17:23:05,710 -    ini file updated    
