2021-03-13 12:51:10,185 -  	 	 ==============<<< encoder load from >>>============== 	 	 

2021-03-13 12:51:10,185 -  	/data/users/wergillius/UTR_VAE/pth/RL_regressor_MTL/vali_by_deepest/loosen_l1_slr_unsplit-model_best.pth

2021-03-13 12:51:10,188 - 
===============================|    epoch 0   |===============================

2021-03-13 12:51:10,767 -     0 /   773 (0.0%):	 Total:53.8091698	 Acc:0.0000000
2021-03-13 12:51:13,005 -   154 /   773 (19.9%):	 Total:37.3911171	 Acc:0.0000000
2021-03-13 12:51:15,537 -   308 /   773 (39.8%):	 Total:24.5083828	 Acc:0.0000000
2021-03-13 12:51:18,176 -   462 /   773 (59.8%):	 Total:16.4033012	 Acc:0.0000000
2021-03-13 12:51:20,390 -   616 /   773 (79.7%):	 Total:12.6113434	 Acc:0.0000000
2021-03-13 12:51:22,711 -   770 /   773 (99.6%):	 Total:5.3053470	 Acc:0.0750000
2021-03-13 12:51:24,079 - 
===============================| start validation |===============================

2021-03-13 12:51:24,080 - 	 Total:6.5027013	 Acc:0.0382732
2021-03-13 12:51:24,082 -    ini file updated    
2021-03-13 12:51:24,096 - Snapshot saved to /data/users/wergillius/UTR_VAE/pth/RL_regressor_ribo/transfer/finetune_last3-model_best.pth

2021-03-13 12:51:24,096 -    ini file updated    
2021-03-13 12:51:24,096 - 
===============================|    epoch 1   |===============================

2021-03-13 12:51:24,120 -     0 /   773 (0.0%):	 Total:6.2813125	 Acc:0.0500000
2021-03-13 12:51:26,366 -   154 /   773 (19.9%):	 Total:4.6548047	 Acc:0.0750000
2021-03-13 12:51:28,818 -   308 /   773 (39.8%):	 Total:1.8912671	 Acc:0.2000000
2021-03-13 12:51:30,668 -   462 /   773 (59.8%):	 Total:1.9834965	 Acc:0.1250000
2021-03-13 12:51:32,841 -   616 /   773 (79.7%):	 Total:1.3986950	 Acc:0.3250000
2021-03-13 12:51:35,056 -   770 /   773 (99.6%):	 Total:1.8639191	 Acc:0.2500000
2021-03-13 12:51:35,082 - 
===============================|    epoch 2   |===============================

2021-03-13 12:51:35,096 -     0 /   773 (0.0%):	 Total:1.0966295	 Acc:0.1500000
2021-03-13 12:51:37,013 -   154 /   773 (19.9%):	 Total:1.6167225	 Acc:0.3000000
2021-03-13 12:51:39,360 -   308 /   773 (39.8%):	 Total:1.3398522	 Acc:0.2750000
2021-03-13 12:51:41,765 -   462 /   773 (59.8%):	 Total:2.6864784	 Acc:0.1250000
2021-03-13 12:51:44,058 -   616 /   773 (79.7%):	 Total:0.5311001	 Acc:0.4750000
2021-03-13 12:51:45,974 -   770 /   773 (99.6%):	 Total:1.7995840	 Acc:0.3000000
2021-03-13 12:51:45,999 - 
===============================|    epoch 3   |===============================

2021-03-13 12:51:46,014 -     0 /   773 (0.0%):	 Total:1.3958085	 Acc:0.1500000
2021-03-13 12:51:47,851 -   154 /   773 (19.9%):	 Total:1.1228815	 Acc:0.3250000
2021-03-13 12:51:49,677 -   308 /   773 (39.8%):	 Total:1.4415131	 Acc:0.2500000
2021-03-13 12:51:51,527 -   462 /   773 (59.8%):	 Total:1.9546868	 Acc:0.2750000
2021-03-13 12:51:53,754 -   616 /   773 (79.7%):	 Total:1.2217039	 Acc:0.1750000
2021-03-13 12:51:55,934 -   770 /   773 (99.6%):	 Total:1.3217849	 Acc:0.3250000
2021-03-13 12:51:55,964 - 
===============================|    epoch 4   |===============================

2021-03-13 12:51:55,981 -     0 /   773 (0.0%):	 Total:1.1054941	 Acc:0.3000000
2021-03-13 12:51:58,155 -   154 /   773 (19.9%):	 Total:1.4102962	 Acc:0.2000000
2021-03-13 12:52:00,306 -   308 /   773 (39.8%):	 Total:1.9839108	 Acc:0.3750000
2021-03-13 12:52:02,472 -   462 /   773 (59.8%):	 Total:1.2202275	 Acc:0.4000000
2021-03-13 12:52:04,622 -   616 /   773 (79.7%):	 Total:1.3478421	 Acc:0.3500000
2021-03-13 12:52:06,786 -   770 /   773 (99.6%):	 Total:1.5690819	 Acc:0.2500000
2021-03-13 12:52:06,816 - 
===============================|    epoch 5   |===============================

2021-03-13 12:52:06,832 -     0 /   773 (0.0%):	 Total:0.9777840	 Acc:0.2750000
2021-03-13 12:52:09,098 -   154 /   773 (19.9%):	 Total:1.3358208	 Acc:0.3750000
2021-03-13 12:52:11,831 -   308 /   773 (39.8%):	 Total:1.8819102	 Acc:0.3250000
2021-03-13 12:52:14,222 -   462 /   773 (59.8%):	 Total:1.3636532	 Acc:0.2000000
2021-03-13 12:52:16,661 -   616 /   773 (79.7%):	 Total:1.1035938	 Acc:0.2500000
2021-03-13 12:52:18,808 -   770 /   773 (99.6%):	 Total:0.8797367	 Acc:0.2000000
2021-03-13 12:52:18,837 - 
===============================|    epoch 6   |===============================

2021-03-13 12:52:18,854 -     0 /   773 (0.0%):	 Total:1.2138386	 Acc:0.2750000
2021-03-13 12:52:21,007 -   154 /   773 (19.9%):	 Total:1.1233532	 Acc:0.2000000
2021-03-13 12:52:23,142 -   308 /   773 (39.8%):	 Total:1.4345449	 Acc:0.3000000
2021-03-13 12:52:25,350 -   462 /   773 (59.8%):	 Total:1.3199809	 Acc:0.3500000
2021-03-13 12:52:27,334 -   616 /   773 (79.7%):	 Total:1.3364848	 Acc:0.2750000
2021-03-13 12:52:29,190 -   770 /   773 (99.6%):	 Total:2.3066556	 Acc:0.4000000
2021-03-13 12:52:29,215 - 
===============================|    epoch 7   |===============================

2021-03-13 12:52:29,229 -     0 /   773 (0.0%):	 Total:1.5101528	 Acc:0.2250000
2021-03-13 12:52:31,072 -   154 /   773 (19.9%):	 Total:0.8616266	 Acc:0.2500000
2021-03-13 12:52:32,988 -   308 /   773 (39.8%):	 Total:1.1577779	 Acc:0.3250000
2021-03-13 12:52:35,302 -   462 /   773 (59.8%):	 Total:1.6561930	 Acc:0.2000000
2021-03-13 12:52:37,221 -   616 /   773 (79.7%):	 Total:1.1270109	 Acc:0.4250000
2021-03-13 12:52:39,131 -   770 /   773 (99.6%):	 Total:0.8637543	 Acc:0.3750000
2021-03-13 12:52:39,157 - 
===============================|    epoch 8   |===============================

2021-03-13 12:52:39,172 -     0 /   773 (0.0%):	 Total:0.9598977	 Acc:0.3000000
2021-03-13 12:52:41,435 -   154 /   773 (19.9%):	 Total:1.0560192	 Acc:0.4000000
2021-03-13 12:52:43,842 -   308 /   773 (39.8%):	 Total:1.4107798	 Acc:0.2000000
2021-03-13 12:52:45,757 -   462 /   773 (59.8%):	 Total:1.2166005	 Acc:0.3750000
2021-03-13 12:52:48,388 -   616 /   773 (79.7%):	 Total:2.4963620	 Acc:0.3000000
2021-03-13 12:52:50,625 -   770 /   773 (99.6%):	 Total:1.3435148	 Acc:0.3250000
2021-03-13 12:52:50,658 - 
===============================|    epoch 9   |===============================

2021-03-13 12:52:50,677 -     0 /   773 (0.0%):	 Total:0.7235751	 Acc:0.3500000
2021-03-13 12:52:52,858 -   154 /   773 (19.9%):	 Total:0.6411263	 Acc:0.3250000
2021-03-13 12:52:55,222 -   308 /   773 (39.8%):	 Total:1.6824799	 Acc:0.2750000
2021-03-13 12:52:57,368 -   462 /   773 (59.8%):	 Total:1.7002115	 Acc:0.4250000
2021-03-13 12:52:59,220 -   616 /   773 (79.7%):	 Total:0.9437010	 Acc:0.3250000
2021-03-13 12:53:01,142 -   770 /   773 (99.6%):	 Total:1.2812665	 Acc:0.3500000
2021-03-13 12:53:01,186 - 
===============================|    epoch 10   |===============================

2021-03-13 12:53:01,209 -     0 /   773 (0.0%):	 Total:0.6273236	 Acc:0.4000000
2021-03-13 12:53:03,601 -   154 /   773 (19.9%):	 Total:1.1495090	 Acc:0.1750000
2021-03-13 12:53:05,687 -   308 /   773 (39.8%):	 Total:0.8300722	 Acc:0.3000000
2021-03-13 12:53:07,902 -   462 /   773 (59.8%):	 Total:0.6431974	 Acc:0.2750000
2021-03-13 12:53:10,171 -   616 /   773 (79.7%):	 Total:1.1521477	 Acc:0.2500000
2021-03-13 12:53:12,215 -   770 /   773 (99.6%):	 Total:1.0034889	 Acc:0.3000000
2021-03-13 12:53:13,639 - 
===============================| start validation |===============================

2021-03-13 12:53:13,640 - 	 Total:1.7044030	 Acc:0.2447165
2021-03-13 12:53:13,641 -    ini file updated    
2021-03-13 12:53:13,650 - Snapshot saved to /data/users/wergillius/UTR_VAE/pth/RL_regressor_ribo/transfer/finetune_last3-model_best.pth

2021-03-13 12:53:13,651 -    ini file updated    
2021-03-13 12:53:13,651 - 
===============================|    epoch 11   |===============================

2021-03-13 12:53:13,667 -     0 /   773 (0.0%):	 Total:0.7704052	 Acc:0.4000000
2021-03-13 12:53:15,963 -   154 /   773 (19.9%):	 Total:0.7135606	 Acc:0.2750000
2021-03-13 12:53:18,105 -   308 /   773 (39.8%):	 Total:1.0861109	 Acc:0.1750000
2021-03-13 12:53:20,080 -   462 /   773 (59.8%):	 Total:0.9747204	 Acc:0.2250000
2021-03-13 12:53:22,173 -   616 /   773 (79.7%):	 Total:1.2287500	 Acc:0.3750000
2021-03-13 12:53:24,326 -   770 /   773 (99.6%):	 Total:0.7831205	 Acc:0.3750000
2021-03-13 12:53:24,352 - 
===============================|    epoch 12   |===============================

2021-03-13 12:53:24,371 -     0 /   773 (0.0%):	 Total:0.6240588	 Acc:0.4250000
2021-03-13 12:53:26,893 -   154 /   773 (19.9%):	 Total:0.9672738	 Acc:0.3250000
2021-03-13 12:53:29,217 -   308 /   773 (39.8%):	 Total:0.7364348	 Acc:0.4500000
2021-03-13 12:53:31,430 -   462 /   773 (59.8%):	 Total:0.7555144	 Acc:0.3250000
2021-03-13 12:53:33,521 -   616 /   773 (79.7%):	 Total:0.6319845	 Acc:0.3000000
2021-03-13 12:53:35,798 -   770 /   773 (99.6%):	 Total:1.0401057	 Acc:0.2500000
2021-03-13 12:53:35,823 - 
===============================|    epoch 13   |===============================

2021-03-13 12:53:35,837 -     0 /   773 (0.0%):	 Total:1.1773871	 Acc:0.2500000
2021-03-13 12:53:38,211 -   154 /   773 (19.9%):	 Total:0.6193147	 Acc:0.3750000
2021-03-13 12:53:40,770 -   308 /   773 (39.8%):	 Total:1.0011092	 Acc:0.3250000
2021-03-13 12:53:42,728 -   462 /   773 (59.8%):	 Total:0.8584771	 Acc:0.4000000
2021-03-13 12:53:44,569 -   616 /   773 (79.7%):	 Total:1.0765370	 Acc:0.3750000
2021-03-13 12:53:46,475 -   770 /   773 (99.6%):	 Total:0.9227818	 Acc:0.2250000
2021-03-13 12:53:46,501 - 
===============================|    epoch 14   |===============================

2021-03-13 12:53:46,516 -     0 /   773 (0.0%):	 Total:0.9273072	 Acc:0.2500000
2021-03-13 12:53:48,398 -   154 /   773 (19.9%):	 Total:0.4846170	 Acc:0.4500000
2021-03-13 12:53:50,252 -   308 /   773 (39.8%):	 Total:1.8722426	 Acc:0.2500000
2021-03-13 12:53:52,650 -   462 /   773 (59.8%):	 Total:1.0418705	 Acc:0.1750000
2021-03-13 12:53:54,493 -   616 /   773 (79.7%):	 Total:1.2223424	 Acc:0.3750000
2021-03-13 12:53:56,869 -   770 /   773 (99.6%):	 Total:0.8847458	 Acc:0.2500000
2021-03-13 12:53:56,897 - 
===============================|    epoch 15   |===============================

2021-03-13 12:53:56,912 -     0 /   773 (0.0%):	 Total:0.9502869	 Acc:0.2750000
2021-03-13 12:53:59,091 -   154 /   773 (19.9%):	 Total:0.6653692	 Acc:0.3500000
2021-03-13 12:54:01,301 -   308 /   773 (39.8%):	 Total:0.6293020	 Acc:0.3500000
2021-03-13 12:54:03,848 -   462 /   773 (59.8%):	 Total:0.6116133	 Acc:0.4250000
2021-03-13 12:54:05,860 -   616 /   773 (79.7%):	 Total:0.8526157	 Acc:0.2750000
2021-03-13 12:54:07,872 -   770 /   773 (99.6%):	 Total:0.7000368	 Acc:0.4250000
2021-03-13 12:54:07,897 - 
===============================|    epoch 16   |===============================

2021-03-13 12:54:07,911 -     0 /   773 (0.0%):	 Total:0.7425036	 Acc:0.3250000
2021-03-13 12:54:09,785 -   154 /   773 (19.9%):	 Total:0.8428051	 Acc:0.3250000
2021-03-13 12:54:11,655 -   308 /   773 (39.8%):	 Total:0.9019028	 Acc:0.3500000
2021-03-13 12:54:13,863 -   462 /   773 (59.8%):	 Total:0.6955962	 Acc:0.2000000
2021-03-13 12:54:15,706 -   616 /   773 (79.7%):	 Total:0.7586967	 Acc:0.3250000
2021-03-13 12:54:17,606 -   770 /   773 (99.6%):	 Total:1.1502844	 Acc:0.3000000
2021-03-13 12:54:17,632 - 
===============================|    epoch 17   |===============================

2021-03-13 12:54:17,647 -     0 /   773 (0.0%):	 Total:0.7475953	 Acc:0.3000000
2021-03-13 12:54:19,793 -   154 /   773 (19.9%):	 Total:0.6604720	 Acc:0.3000000
2021-03-13 12:54:22,272 -   308 /   773 (39.8%):	 Total:0.6390586	 Acc:0.3000000
2021-03-13 12:54:24,202 -   462 /   773 (59.8%):	 Total:0.6575091	 Acc:0.3750000
2021-03-13 12:54:26,432 -   616 /   773 (79.7%):	 Total:0.9155889	 Acc:0.2750000
2021-03-13 12:54:28,591 -   770 /   773 (99.6%):	 Total:0.7365775	 Acc:0.4000000
2021-03-13 12:54:28,618 - 
===============================|    epoch 18   |===============================

2021-03-13 12:54:28,634 -     0 /   773 (0.0%):	 Total:0.4616047	 Acc:0.4750000
2021-03-13 12:54:30,913 -   154 /   773 (19.9%):	 Total:0.6854097	 Acc:0.3000000
2021-03-13 12:54:33,229 -   308 /   773 (39.8%):	 Total:0.5814206	 Acc:0.3500000
2021-03-13 12:54:35,359 -   462 /   773 (59.8%):	 Total:1.2971516	 Acc:0.4250000
2021-03-13 12:54:37,243 -   616 /   773 (79.7%):	 Total:1.0494798	 Acc:0.4000000
2021-03-13 12:54:39,839 -   770 /   773 (99.6%):	 Total:0.8151080	 Acc:0.3000000
2021-03-13 12:54:39,874 - 
===============================|    epoch 19   |===============================

2021-03-13 12:54:39,893 -     0 /   773 (0.0%):	 Total:0.8021595	 Acc:0.3000000
2021-03-13 12:54:42,502 -   154 /   773 (19.9%):	 Total:0.8447499	 Acc:0.2750000
2021-03-13 12:54:44,587 -   308 /   773 (39.8%):	 Total:0.9950924	 Acc:0.3250000
2021-03-13 12:54:47,212 -   462 /   773 (59.8%):	 Total:0.5974410	 Acc:0.4500000
2021-03-13 12:54:49,103 -   616 /   773 (79.7%):	 Total:0.8758079	 Acc:0.3500000
2021-03-13 12:54:50,970 -   770 /   773 (99.6%):	 Total:0.7518666	 Acc:0.3500000
2021-03-13 12:54:50,996 - 
===============================|    epoch 20   |===============================

2021-03-13 12:54:51,011 -     0 /   773 (0.0%):	 Total:0.6632044	 Acc:0.5250000
2021-03-13 12:54:52,899 -   154 /   773 (19.9%):	 Total:0.3508673	 Acc:0.6500000
2021-03-13 12:54:54,763 -   308 /   773 (39.8%):	 Total:0.7810981	 Acc:0.3750000
2021-03-13 12:54:56,653 -   462 /   773 (59.8%):	 Total:0.5318059	 Acc:0.4000000
2021-03-13 12:54:58,673 -   616 /   773 (79.7%):	 Total:0.6482453	 Acc:0.4250000
2021-03-13 12:55:01,194 -   770 /   773 (99.6%):	 Total:1.4293829	 Acc:0.2250000
2021-03-13 12:55:02,304 - 
===============================| start validation |===============================

2021-03-13 12:55:02,305 - 	 Total:1.8033717	 Acc:0.2436856
2021-03-13 12:55:02,307 -    ini file updated    
2021-03-13 12:55:02,307 - 
===============================|    epoch 21   |===============================

2021-03-13 12:55:02,326 -     0 /   773 (0.0%):	 Total:1.3306649	 Acc:0.3500000
2021-03-13 12:55:04,487 -   154 /   773 (19.9%):	 Total:0.4543436	 Acc:0.4750000
2021-03-13 12:55:06,362 -   308 /   773 (39.8%):	 Total:0.7989058	 Acc:0.3250000
2021-03-13 12:55:08,239 -   462 /   773 (59.8%):	 Total:0.4342438	 Acc:0.4250000
2021-03-13 12:55:10,203 -   616 /   773 (79.7%):	 Total:1.1946896	 Acc:0.4000000
2021-03-13 12:55:12,088 -   770 /   773 (99.6%):	 Total:0.8766653	 Acc:0.3500000
2021-03-13 12:55:12,137 - 
===============================|    epoch 22   |===============================

2021-03-13 12:55:12,165 -     0 /   773 (0.0%):	 Total:0.6120467	 Acc:0.3250000
2021-03-13 12:55:14,678 -   154 /   773 (19.9%):	 Total:0.3672881	 Acc:0.3750000
2021-03-13 12:55:16,566 -   308 /   773 (39.8%):	 Total:0.7129721	 Acc:0.5000000
2021-03-13 12:55:18,854 -   462 /   773 (59.8%):	 Total:0.5030007	 Acc:0.3500000
2021-03-13 12:55:20,919 -   616 /   773 (79.7%):	 Total:0.6104754	 Acc:0.4500000
2021-03-13 12:55:23,034 -   770 /   773 (99.6%):	 Total:0.9321153	 Acc:0.3250000
2021-03-13 12:55:23,061 - 
===============================|    epoch 23   |===============================

2021-03-13 12:55:23,076 -     0 /   773 (0.0%):	 Total:0.7874293	 Acc:0.3500000
2021-03-13 12:55:25,464 -   154 /   773 (19.9%):	 Total:0.7575930	 Acc:0.4500000
2021-03-13 12:55:27,590 -   308 /   773 (39.8%):	 Total:0.3455268	 Acc:0.4500000
2021-03-13 12:55:29,490 -   462 /   773 (59.8%):	 Total:0.8231398	 Acc:0.3000000
2021-03-13 12:55:32,248 -   616 /   773 (79.7%):	 Total:0.5957797	 Acc:0.3000000
2021-03-13 12:55:34,824 -   770 /   773 (99.6%):	 Total:0.8732575	 Acc:0.4000000
2021-03-13 12:55:34,859 - 
===============================|    epoch 24   |===============================

2021-03-13 12:55:34,878 -     0 /   773 (0.0%):	 Total:0.5777873	 Acc:0.3750000
2021-03-13 12:55:37,194 -   154 /   773 (19.9%):	 Total:0.6724653	 Acc:0.2750000
2021-03-13 12:55:39,437 -   308 /   773 (39.8%):	 Total:0.7537765	 Acc:0.2750000
2021-03-13 12:55:41,627 -   462 /   773 (59.8%):	 Total:0.7455631	 Acc:0.2250000
2021-03-13 12:55:43,911 -   616 /   773 (79.7%):	 Total:0.5480493	 Acc:0.3000000
2021-03-13 12:55:46,044 -   770 /   773 (99.6%):	 Total:0.8011481	 Acc:0.3750000
2021-03-13 12:55:46,079 - 
===============================|    epoch 25   |===============================

2021-03-13 12:55:46,099 -     0 /   773 (0.0%):	 Total:0.6902089	 Acc:0.3500000
2021-03-13 12:55:48,838 -   154 /   773 (19.9%):	 Total:0.4936601	 Acc:0.4250000
2021-03-13 12:55:51,018 -   308 /   773 (39.8%):	 Total:0.9235207	 Acc:0.3000000
2021-03-13 12:55:53,192 -   462 /   773 (59.8%):	 Total:0.4017896	 Acc:0.3250000
2021-03-13 12:55:55,387 -   616 /   773 (79.7%):	 Total:1.2915485	 Acc:0.4000000
2021-03-13 12:55:57,407 -   770 /   773 (99.6%):	 Total:0.5601617	 Acc:0.4250000
2021-03-13 12:55:57,432 - 
===============================|    epoch 26   |===============================

2021-03-13 12:55:57,446 -     0 /   773 (0.0%):	 Total:0.3374906	 Acc:0.5250000
2021-03-13 12:55:59,713 -   154 /   773 (19.9%):	 Total:0.5677636	 Acc:0.3250000
2021-03-13 12:56:01,649 -   308 /   773 (39.8%):	 Total:0.4030897	 Acc:0.3000000
2021-03-13 12:56:03,511 -   462 /   773 (59.8%):	 Total:1.3413721	 Acc:0.3000000
2021-03-13 12:56:05,392 -   616 /   773 (79.7%):	 Total:0.6362984	 Acc:0.4000000
2021-03-13 12:56:07,489 -   770 /   773 (99.6%):	 Total:0.6878822	 Acc:0.4750000
2021-03-13 12:56:07,517 - 
===============================|    epoch 27   |===============================

2021-03-13 12:56:07,532 -     0 /   773 (0.0%):	 Total:0.8108624	 Acc:0.5000000
2021-03-13 12:56:09,682 -   154 /   773 (19.9%):	 Total:0.9934354	 Acc:0.4000000
2021-03-13 12:56:11,547 -   308 /   773 (39.8%):	 Total:0.6583551	 Acc:0.4000000
2021-03-13 12:56:13,528 -   462 /   773 (59.8%):	 Total:0.7292497	 Acc:0.5000000
2021-03-13 12:56:16,196 -   616 /   773 (79.7%):	 Total:0.4194553	 Acc:0.4500000
2021-03-13 12:56:18,450 -   770 /   773 (99.6%):	 Total:0.6461971	 Acc:0.5250000
2021-03-13 12:56:18,476 - 
===============================|    epoch 28   |===============================

2021-03-13 12:56:18,491 -     0 /   773 (0.0%):	 Total:0.4776510	 Acc:0.4500000
2021-03-13 12:56:20,360 -   154 /   773 (19.9%):	 Total:0.3276506	 Acc:0.4500000
2021-03-13 12:56:22,787 -   308 /   773 (39.8%):	 Total:0.7044765	 Acc:0.3500000
2021-03-13 12:56:25,292 -   462 /   773 (59.8%):	 Total:0.7934718	 Acc:0.3500000
2021-03-13 12:56:27,603 -   616 /   773 (79.7%):	 Total:0.5586349	 Acc:0.4750000
2021-03-13 12:56:29,830 -   770 /   773 (99.6%):	 Total:0.9971815	 Acc:0.3750000
2021-03-13 12:56:29,864 - 
===============================|    epoch 29   |===============================

2021-03-13 12:56:29,885 -     0 /   773 (0.0%):	 Total:0.4907150	 Acc:0.4500000
2021-03-13 12:56:31,898 -   154 /   773 (19.9%):	 Total:0.5991037	 Acc:0.3250000
2021-03-13 12:56:34,310 -   308 /   773 (39.8%):	 Total:0.4321470	 Acc:0.5250000
2021-03-13 12:56:36,751 -   462 /   773 (59.8%):	 Total:0.5637996	 Acc:0.2750000
2021-03-13 12:56:38,939 -   616 /   773 (79.7%):	 Total:0.3623293	 Acc:0.2750000
2021-03-13 12:56:40,823 -   770 /   773 (99.6%):	 Total:0.7413515	 Acc:0.3750000
2021-03-13 12:56:40,849 - 
===============================|    epoch 30   |===============================

2021-03-13 12:56:40,863 -     0 /   773 (0.0%):	 Total:0.3233572	 Acc:0.5000000
2021-03-13 12:56:42,720 -   154 /   773 (19.9%):	 Total:0.5246494	 Acc:0.4250000
2021-03-13 12:56:44,594 -   308 /   773 (39.8%):	 Total:0.4224180	 Acc:0.5000000
2021-03-13 12:56:46,516 -   462 /   773 (59.8%):	 Total:0.4389890	 Acc:0.5750000
2021-03-13 12:56:48,663 -   616 /   773 (79.7%):	 Total:0.4745007	 Acc:0.4000000
2021-03-13 12:56:50,962 -   770 /   773 (99.6%):	 Total:0.5744144	 Acc:0.4500000
2021-03-13 12:56:52,087 - 
===============================| start validation |===============================

2021-03-13 12:56:52,087 - 	 Total:1.8604914	 Acc:0.2360825
2021-03-13 12:56:52,089 -    ini file updated    
2021-03-13 12:56:52,089 - 
===============================|    epoch 31   |===============================

2021-03-13 12:56:52,107 -     0 /   773 (0.0%):	 Total:0.6156617	 Acc:0.4000000
2021-03-13 12:56:54,026 -   154 /   773 (19.9%):	 Total:0.5212047	 Acc:0.5000000
2021-03-13 12:56:56,223 -   308 /   773 (39.8%):	 Total:0.5668100	 Acc:0.4750000
2021-03-13 12:56:58,492 -   462 /   773 (59.8%):	 Total:0.6106613	 Acc:0.4250000
2021-03-13 12:57:00,669 -   616 /   773 (79.7%):	 Total:0.4637378	 Acc:0.5000000
2021-03-13 12:57:02,846 -   770 /   773 (99.6%):	 Total:1.1278056	 Acc:0.4000000
2021-03-13 12:57:02,871 - 
===============================|    epoch 32   |===============================

2021-03-13 12:57:02,885 -     0 /   773 (0.0%):	 Total:0.6191663	 Acc:0.3500000
2021-03-13 12:57:04,981 -   154 /   773 (19.9%):	 Total:0.5111219	 Acc:0.4000000
2021-03-13 12:57:07,579 -   308 /   773 (39.8%):	 Total:0.6139635	 Acc:0.5250000
2021-03-13 12:57:09,613 -   462 /   773 (59.8%):	 Total:0.4373806	 Acc:0.5000000
2021-03-13 12:57:12,008 -   616 /   773 (79.7%):	 Total:0.4110376	 Acc:0.4000000
2021-03-13 12:57:14,206 -   770 /   773 (99.6%):	 Total:0.6174821	 Acc:0.5250000
2021-03-13 12:57:14,243 - 
===============================|    epoch 33   |===============================

2021-03-13 12:57:14,264 -     0 /   773 (0.0%):	 Total:0.6292139	 Acc:0.3000000
2021-03-13 12:57:16,394 -   154 /   773 (19.9%):	 Total:0.5830203	 Acc:0.3000000
2021-03-13 12:57:18,569 -   308 /   773 (39.8%):	 Total:0.5504916	 Acc:0.3750000
2021-03-13 12:57:20,343 -   462 /   773 (59.8%):	 Total:0.4545267	 Acc:0.3500000
2021-03-13 12:57:22,288 -   616 /   773 (79.7%):	 Total:0.7791910	 Acc:0.4000000
2021-03-13 12:57:24,456 -   770 /   773 (99.6%):	 Total:0.8184666	 Acc:0.2500000
2021-03-13 12:57:24,482 - 
===============================|    epoch 34   |===============================

2021-03-13 12:57:24,495 -     0 /   773 (0.0%):	 Total:0.4048161	 Acc:0.5250000
2021-03-13 12:57:26,258 -   154 /   773 (19.9%):	 Total:0.6619856	 Acc:0.3000000
2021-03-13 12:57:28,496 -   308 /   773 (39.8%):	 Total:0.5557274	 Acc:0.4000000
2021-03-13 12:57:30,621 -   462 /   773 (59.8%):	 Total:0.6901314	 Acc:0.4750000
2021-03-13 12:57:32,466 -   616 /   773 (79.7%):	 Total:0.3213369	 Acc:0.5000000
2021-03-13 12:57:34,320 -   770 /   773 (99.6%):	 Total:0.5888264	 Acc:0.3500000
2021-03-13 12:57:34,350 - 
===============================|    epoch 35   |===============================

2021-03-13 12:57:34,365 -     0 /   773 (0.0%):	 Total:0.5374172	 Acc:0.3500000
2021-03-13 12:57:36,200 -   154 /   773 (19.9%):	 Total:0.4358553	 Acc:0.4250000
2021-03-13 12:57:38,058 -   308 /   773 (39.8%):	 Total:0.8460314	 Acc:0.3250000
2021-03-13 12:57:40,094 -   462 /   773 (59.8%):	 Total:1.1153132	 Acc:0.3750000
2021-03-13 12:57:42,388 -   616 /   773 (79.7%):	 Total:0.6854962	 Acc:0.4000000
2021-03-13 12:57:44,223 -   770 /   773 (99.6%):	 Total:0.9597680	 Acc:0.2750000
2021-03-13 12:57:44,248 - 
===============================|    epoch 36   |===============================

2021-03-13 12:57:44,262 -     0 /   773 (0.0%):	 Total:0.6990739	 Acc:0.3750000
2021-03-13 12:57:46,372 -   154 /   773 (19.9%):	 Total:0.4578471	 Acc:0.3750000
2021-03-13 12:57:48,681 -   308 /   773 (39.8%):	 Total:0.6171165	 Acc:0.3500000
2021-03-13 12:57:50,678 -   462 /   773 (59.8%):	 Total:0.7077072	 Acc:0.4000000
2021-03-13 12:57:52,527 -   616 /   773 (79.7%):	 Total:0.3362030	 Acc:0.5250000
2021-03-13 12:57:54,723 -   770 /   773 (99.6%):	 Total:0.6236547	 Acc:0.2750000
2021-03-13 12:57:54,750 - 
===============================|    epoch 37   |===============================

2021-03-13 12:57:54,765 -     0 /   773 (0.0%):	 Total:0.4528804	 Acc:0.5250000
2021-03-13 12:57:56,760 -   154 /   773 (19.9%):	 Total:0.5635840	 Acc:0.2750000
2021-03-13 12:57:58,841 -   308 /   773 (39.8%):	 Total:0.5654258	 Acc:0.3500000
2021-03-13 12:58:00,721 -   462 /   773 (59.8%):	 Total:0.4346963	 Acc:0.4500000
2021-03-13 12:58:02,767 -   616 /   773 (79.7%):	 Total:0.5584700	 Acc:0.3750000
2021-03-13 12:58:04,610 -   770 /   773 (99.6%):	 Total:0.6985113	 Acc:0.3750000
2021-03-13 12:58:04,635 - 
===============================|    epoch 38   |===============================

2021-03-13 12:58:04,649 -     0 /   773 (0.0%):	 Total:0.9316662	 Acc:0.5000000
2021-03-13 12:58:06,488 -   154 /   773 (19.9%):	 Total:0.7955298	 Acc:0.3250000
2021-03-13 12:58:08,342 -   308 /   773 (39.8%):	 Total:0.8089197	 Acc:0.4750000
2021-03-13 12:58:10,252 -   462 /   773 (59.8%):	 Total:0.5073509	 Acc:0.2750000
2021-03-13 12:58:12,350 -   616 /   773 (79.7%):	 Total:0.6163754	 Acc:0.4250000
2021-03-13 12:58:14,225 -   770 /   773 (99.6%):	 Total:0.3913438	 Acc:0.3500000
2021-03-13 12:58:14,251 - 
===============================|    epoch 39   |===============================

2021-03-13 12:58:14,265 -     0 /   773 (0.0%):	 Total:0.9584139	 Acc:0.3750000
2021-03-13 12:58:16,120 -   154 /   773 (19.9%):	 Total:0.5580537	 Acc:0.4000000
2021-03-13 12:58:18,207 -   308 /   773 (39.8%):	 Total:0.5296810	 Acc:0.3500000
2021-03-13 12:58:20,358 -   462 /   773 (59.8%):	 Total:0.4704092	 Acc:0.4250000
2021-03-13 12:58:23,151 -   616 /   773 (79.7%):	 Total:0.3631252	 Acc:0.5000000
2021-03-13 12:58:25,474 -   770 /   773 (99.6%):	 Total:0.6101661	 Acc:0.4000000
2021-03-13 12:58:25,500 - 
===============================|    epoch 40   |===============================

2021-03-13 12:58:25,515 -     0 /   773 (0.0%):	 Total:0.4512606	 Acc:0.4750000
2021-03-13 12:58:27,374 -   154 /   773 (19.9%):	 Total:0.7301905	 Acc:0.4500000
2021-03-13 12:58:30,123 -   308 /   773 (39.8%):	 Total:0.6919165	 Acc:0.4500000
2021-03-13 12:58:32,319 -   462 /   773 (59.8%):	 Total:0.7733052	 Acc:0.5000000
2021-03-13 12:58:34,898 -   616 /   773 (79.7%):	 Total:0.9159616	 Acc:0.3750000
2021-03-13 12:58:37,402 -   770 /   773 (99.6%):	 Total:0.3644627	 Acc:0.4000000
2021-03-13 12:58:38,820 - 
===============================| start validation |===============================

2021-03-13 12:58:38,821 - 	 Total:1.8329100	 Acc:0.2447165
2021-03-13 12:58:38,823 -    ini file updated    
2021-03-13 12:58:38,823 - 
===============================|    epoch 41   |===============================

2021-03-13 12:58:38,839 -     0 /   773 (0.0%):	 Total:0.3536799	 Acc:0.4500000
2021-03-13 12:58:40,748 -   154 /   773 (19.9%):	 Total:0.5019174	 Acc:0.3750000
2021-03-13 12:58:42,607 -   308 /   773 (39.8%):	 Total:0.3409958	 Acc:0.5250000
2021-03-13 12:58:44,463 -   462 /   773 (59.8%):	 Total:0.9828934	 Acc:0.2750000
2021-03-13 12:58:46,632 -   616 /   773 (79.7%):	 Total:0.8153787	 Acc:0.4000000
2021-03-13 12:58:48,785 -   770 /   773 (99.6%):	 Total:0.8111613	 Acc:0.2750000
2021-03-13 12:58:48,809 - 
===============================|    epoch 42   |===============================

2021-03-13 12:58:48,822 -     0 /   773 (0.0%):	 Total:0.3337601	 Acc:0.4500000
2021-03-13 12:58:50,580 -   154 /   773 (19.9%):	 Total:0.3019252	 Acc:0.5000000
2021-03-13 12:58:52,444 -   308 /   773 (39.8%):	 Total:0.8179270	 Acc:0.2500000
2021-03-13 12:58:54,310 -   462 /   773 (59.8%):	 Total:0.4743508	 Acc:0.5250000
2021-03-13 12:58:56,157 -   616 /   773 (79.7%):	 Total:0.6288558	 Acc:0.3750000
2021-03-13 12:58:58,673 -   770 /   773 (99.6%):	 Total:0.5580592	 Acc:0.5750000
2021-03-13 12:58:58,702 - 
===============================|    epoch 43   |===============================

2021-03-13 12:58:58,718 -     0 /   773 (0.0%):	 Total:0.7703886	 Acc:0.2750000
2021-03-13 12:59:01,342 -   154 /   773 (19.9%):	 Total:0.6362132	 Acc:0.5000000
2021-03-13 12:59:03,715 -   308 /   773 (39.8%):	 Total:0.7057567	 Acc:0.4500000
2021-03-13 12:59:05,613 -   462 /   773 (59.8%):	 Total:0.5750570	 Acc:0.5750000
2021-03-13 12:59:07,507 -   616 /   773 (79.7%):	 Total:0.3950093	 Acc:0.4500000
2021-03-13 12:59:09,385 -   770 /   773 (99.6%):	 Total:0.3777067	 Acc:0.3750000
2021-03-13 12:59:09,411 - 
===============================|    epoch 44   |===============================

2021-03-13 12:59:09,426 -     0 /   773 (0.0%):	 Total:0.4649296	 Acc:0.5500000
2021-03-13 12:59:11,282 -   154 /   773 (19.9%):	 Total:0.5468863	 Acc:0.4500000
2021-03-13 12:59:13,170 -   308 /   773 (39.8%):	 Total:0.6099408	 Acc:0.5500000
2021-03-13 12:59:15,165 -   462 /   773 (59.8%):	 Total:0.8644614	 Acc:0.3250000
2021-03-13 12:59:17,310 -   616 /   773 (79.7%):	 Total:0.4977839	 Acc:0.5500000
2021-03-13 12:59:19,280 -   770 /   773 (99.6%):	 Total:0.9610873	 Acc:0.3500000
2021-03-13 12:59:19,305 - 
===============================|    epoch 45   |===============================

2021-03-13 12:59:19,320 -     0 /   773 (0.0%):	 Total:0.4179835	 Acc:0.5750000
2021-03-13 12:59:21,152 -   154 /   773 (19.9%):	 Total:0.1968568	 Acc:0.5750000
2021-03-13 12:59:23,644 -   308 /   773 (39.8%):	 Total:0.9916638	 Acc:0.3750000
2021-03-13 12:59:25,589 -   462 /   773 (59.8%):	 Total:0.5049173	 Acc:0.4000000
2021-03-13 12:59:28,059 -   616 /   773 (79.7%):	 Total:0.7041038	 Acc:0.4500000
2021-03-13 12:59:30,235 -   770 /   773 (99.6%):	 Total:0.1951282	 Acc:0.6000000
2021-03-13 12:59:30,265 - 
===============================|    epoch 46   |===============================

2021-03-13 12:59:30,281 -     0 /   773 (0.0%):	 Total:0.5043774	 Acc:0.5000000
2021-03-13 12:59:32,700 -   154 /   773 (19.9%):	 Total:0.4620465	 Acc:0.4500000
2021-03-13 12:59:34,906 -   308 /   773 (39.8%):	 Total:0.6017167	 Acc:0.5250000
2021-03-13 12:59:37,622 -   462 /   773 (59.8%):	 Total:0.2859562	 Acc:0.5250000
2021-03-13 12:59:39,529 -   616 /   773 (79.7%):	 Total:0.3640753	 Acc:0.2750000
2021-03-13 12:59:41,755 -   770 /   773 (99.6%):	 Total:0.7040765	 Acc:0.4250000
2021-03-13 12:59:41,783 - 
===============================|    epoch 47   |===============================

2021-03-13 12:59:41,799 -     0 /   773 (0.0%):	 Total:0.4632978	 Acc:0.4250000
2021-03-13 12:59:43,858 -   154 /   773 (19.9%):	 Total:0.4199853	 Acc:0.4750000
2021-03-13 12:59:45,925 -   308 /   773 (39.8%):	 Total:0.5471432	 Acc:0.4250000
2021-03-13 12:59:48,340 -   462 /   773 (59.8%):	 Total:0.5260541	 Acc:0.4250000
2021-03-13 12:59:50,756 -   616 /   773 (79.7%):	 Total:0.4163700	 Acc:0.5500000
2021-03-13 12:59:52,937 -   770 /   773 (99.6%):	 Total:1.1756226	 Acc:0.4250000
2021-03-13 12:59:52,963 - 
===============================|    epoch 48   |===============================

2021-03-13 12:59:52,981 -     0 /   773 (0.0%):	 Total:0.7454025	 Acc:0.2000000
2021-03-13 12:59:55,098 -   154 /   773 (19.9%):	 Total:0.7651261	 Acc:0.5250000
2021-03-13 12:59:57,343 -   308 /   773 (39.8%):	 Total:0.4467755	 Acc:0.4750000
2021-03-13 12:59:59,248 -   462 /   773 (59.8%):	 Total:0.4788409	 Acc:0.5000000
2021-03-13 13:00:01,330 -   616 /   773 (79.7%):	 Total:0.5426098	 Acc:0.3750000
2021-03-13 13:00:03,597 -   770 /   773 (99.6%):	 Total:0.5128556	 Acc:0.3500000
2021-03-13 13:00:03,629 - 
===============================|    epoch 49   |===============================

2021-03-13 13:00:03,646 -     0 /   773 (0.0%):	 Total:0.4711499	 Acc:0.3750000
2021-03-13 13:00:05,615 -   154 /   773 (19.9%):	 Total:0.7920923	 Acc:0.3500000
2021-03-13 13:00:07,462 -   308 /   773 (39.8%):	 Total:0.4686505	 Acc:0.3000000
2021-03-13 13:00:09,321 -   462 /   773 (59.8%):	 Total:0.8446056	 Acc:0.4500000
2021-03-13 13:00:11,164 -   616 /   773 (79.7%):	 Total:0.4211120	 Acc:0.4750000
2021-03-13 13:00:13,079 -   770 /   773 (99.6%):	 Total:0.7778752	 Acc:0.3000000
2021-03-13 13:00:13,104 - 
===============================|    epoch 50   |===============================

2021-03-13 13:00:13,118 -     0 /   773 (0.0%):	 Total:0.5902700	 Acc:0.4500000
2021-03-13 13:00:15,649 -   154 /   773 (19.9%):	 Total:0.3074305	 Acc:0.4000000
2021-03-13 13:00:17,986 -   308 /   773 (39.8%):	 Total:0.4979020	 Acc:0.4000000
2021-03-13 13:00:19,851 -   462 /   773 (59.8%):	 Total:0.5462551	 Acc:0.4500000
2021-03-13 13:00:22,263 -   616 /   773 (79.7%):	 Total:0.5072085	 Acc:0.4000000
2021-03-13 13:00:24,601 -   770 /   773 (99.6%):	 Total:1.1198453	 Acc:0.4000000
2021-03-13 13:00:26,007 - 
===============================| start validation |===============================

2021-03-13 13:00:26,008 - 	 Total:1.8046365	 Acc:0.2442010
2021-03-13 13:00:26,010 -    ini file updated    
2021-03-13 13:00:26,010 - 
===============================|    epoch 51   |===============================

2021-03-13 13:00:26,030 -     0 /   773 (0.0%):	 Total:0.6266126	 Acc:0.4000000
2021-03-13 13:00:28,040 -   154 /   773 (19.9%):	 Total:0.4743434	 Acc:0.4750000
2021-03-13 13:00:30,501 -   308 /   773 (39.8%):	 Total:0.6400384	 Acc:0.3250000
2021-03-13 13:00:32,957 -   462 /   773 (59.8%):	 Total:1.2610315	 Acc:0.3750000
2021-03-13 13:00:35,119 -   616 /   773 (79.7%):	 Total:0.4089292	 Acc:0.3250000
2021-03-13 13:00:37,752 -   770 /   773 (99.6%):	 Total:0.7936009	 Acc:0.3000000
2021-03-13 13:00:37,784 - 
===============================|    epoch 52   |===============================

2021-03-13 13:00:37,802 -     0 /   773 (0.0%):	 Total:0.4151914	 Acc:0.4500000
2021-03-13 13:00:40,253 -   154 /   773 (19.9%):	 Total:0.7797908	 Acc:0.3000000
2021-03-13 13:00:42,749 -   308 /   773 (39.8%):	 Total:0.9666851	 Acc:0.3250000
2021-03-13 13:00:44,706 -   462 /   773 (59.8%):	 Total:0.5285479	 Acc:0.4500000
2021-03-13 13:00:46,581 -   616 /   773 (79.7%):	 Total:1.3640389	 Acc:0.4250000
2021-03-13 13:00:48,932 -   770 /   773 (99.6%):	 Total:0.3380672	 Acc:0.5500000
2021-03-13 13:00:48,957 - 
===============================|    epoch 53   |===============================

2021-03-13 13:00:48,971 -     0 /   773 (0.0%):	 Total:0.4443145	 Acc:0.4000000
2021-03-13 13:00:50,873 -   154 /   773 (19.9%):	 Total:0.6266853	 Acc:0.6000000
2021-03-13 13:00:52,731 -   308 /   773 (39.8%):	 Total:0.5415308	 Acc:0.4500000
2021-03-13 13:00:54,609 -   462 /   773 (59.8%):	 Total:0.5635058	 Acc:0.3750000
2021-03-13 13:00:56,630 -   616 /   773 (79.7%):	 Total:0.3826350	 Acc:0.4750000
2021-03-13 13:00:58,873 -   770 /   773 (99.6%):	 Total:0.3820684	 Acc:0.4000000
2021-03-13 13:00:58,906 - 
===============================|    epoch 54   |===============================

2021-03-13 13:00:58,925 -     0 /   773 (0.0%):	 Total:0.7497511	 Acc:0.4250000
2021-03-13 13:01:01,239 -   154 /   773 (19.9%):	 Total:0.3189068	 Acc:0.4500000
2021-03-13 13:01:03,361 -   308 /   773 (39.8%):	 Total:0.3648445	 Acc:0.4500000
2021-03-13 13:01:05,716 -   462 /   773 (59.8%):	 Total:0.5371707	 Acc:0.4000000
2021-03-13 13:01:08,201 -   616 /   773 (79.7%):	 Total:0.9936728	 Acc:0.2750000
2021-03-13 13:01:10,226 -   770 /   773 (99.6%):	 Total:0.5620112	 Acc:0.5750000
2021-03-13 13:01:10,281 - 
===============================|    epoch 55   |===============================

2021-03-13 13:01:10,307 -     0 /   773 (0.0%):	 Total:0.3517019	 Acc:0.5000000
2021-03-13 13:01:12,432 -   154 /   773 (19.9%):	 Total:0.6101823	 Acc:0.5000000
2021-03-13 13:01:14,692 -   308 /   773 (39.8%):	 Total:0.6831706	 Acc:0.4000000
2021-03-13 13:01:16,907 -   462 /   773 (59.8%):	 Total:0.3090368	 Acc:0.5750000
2021-03-13 13:01:18,785 -   616 /   773 (79.7%):	 Total:0.6854748	 Acc:0.4250000
2021-03-13 13:01:21,171 -   770 /   773 (99.6%):	 Total:0.9451181	 Acc:0.3750000
2021-03-13 13:01:21,196 - 
===============================|    epoch 56   |===============================

2021-03-13 13:01:21,214 -     0 /   773 (0.0%):	 Total:0.6255992	 Acc:0.5250000
2021-03-13 13:01:23,081 -   154 /   773 (19.9%):	 Total:0.5508346	 Acc:0.4750000
2021-03-13 13:01:24,966 -   308 /   773 (39.8%):	 Total:0.4180010	 Acc:0.4500000
2021-03-13 13:01:26,836 -   462 /   773 (59.8%):	 Total:0.4953559	 Acc:0.5250000
2021-03-13 13:01:28,843 -   616 /   773 (79.7%):	 Total:1.2373524	 Acc:0.3750000
2021-03-13 13:01:31,078 -   770 /   773 (99.6%):	 Total:0.7438883	 Acc:0.2500000
2021-03-13 13:01:31,103 - 
===============================|    epoch 57   |===============================

2021-03-13 13:01:31,117 -     0 /   773 (0.0%):	 Total:0.4503117	 Acc:0.4750000
2021-03-13 13:01:33,453 -   154 /   773 (19.9%):	 Total:0.6186928	 Acc:0.5250000
2021-03-13 13:01:35,784 -   308 /   773 (39.8%):	 Total:0.6831246	 Acc:0.4500000
2021-03-13 13:01:38,024 -   462 /   773 (59.8%):	 Total:0.3902787	 Acc:0.4500000
2021-03-13 13:01:40,492 -   616 /   773 (79.7%):	 Total:0.5761218	 Acc:0.3750000
2021-03-13 13:01:42,427 -   770 /   773 (99.6%):	 Total:0.6264282	 Acc:0.2750000
2021-03-13 13:01:42,452 - 
===============================|    epoch 58   |===============================

2021-03-13 13:01:42,465 -     0 /   773 (0.0%):	 Total:0.3395644	 Acc:0.3750000
2021-03-13 13:01:44,690 -   154 /   773 (19.9%):	 Total:0.7962220	 Acc:0.3500000
2021-03-13 13:01:47,239 -   308 /   773 (39.8%):	 Total:0.4675697	 Acc:0.5500000
2021-03-13 13:01:49,137 -   462 /   773 (59.8%):	 Total:0.4487663	 Acc:0.5500000
2021-03-13 13:01:51,025 -   616 /   773 (79.7%):	 Total:0.5039871	 Acc:0.4000000
2021-03-13 13:01:52,898 -   770 /   773 (99.6%):	 Total:0.8422379	 Acc:0.3250000
2021-03-13 13:01:52,924 - 
===============================|    epoch 59   |===============================

2021-03-13 13:01:52,938 -     0 /   773 (0.0%):	 Total:0.3783142	 Acc:0.5500000
2021-03-13 13:01:55,252 -   154 /   773 (19.9%):	 Total:0.3591015	 Acc:0.3750000
2021-03-13 13:01:57,676 -   308 /   773 (39.8%):	 Total:0.3437253	 Acc:0.4750000
2021-03-13 13:01:59,871 -   462 /   773 (59.8%):	 Total:0.4946349	 Acc:0.5250000
2021-03-13 13:02:01,763 -   616 /   773 (79.7%):	 Total:0.5459803	 Acc:0.5250000
2021-03-13 13:02:04,259 -   770 /   773 (99.6%):	 Total:0.5292720	 Acc:0.5000000
2021-03-13 13:02:04,290 - 
===============================|    epoch 60   |===============================

2021-03-13 13:02:04,307 -     0 /   773 (0.0%):	 Total:0.6150972	 Acc:0.4750000
2021-03-13 13:02:06,423 -   154 /   773 (19.9%):	 Total:0.3186256	 Acc:0.5000000
2021-03-13 13:02:08,458 -   308 /   773 (39.8%):	 Total:0.6856263	 Acc:0.3250000
2021-03-13 13:02:10,386 -   462 /   773 (59.8%):	 Total:0.3936943	 Acc:0.4250000
2021-03-13 13:02:12,675 -   616 /   773 (79.7%):	 Total:0.6855687	 Acc:0.3250000
2021-03-13 13:02:15,072 -   770 /   773 (99.6%):	 Total:1.0166099	 Acc:0.3500000
2021-03-13 13:02:16,333 - 
===============================| start validation |===============================

2021-03-13 13:02:16,334 - 	 Total:1.8617558	 Acc:0.2381443
2021-03-13 13:02:16,335 -    ini file updated    
